2024-12-01 23:29:03,403 INFO _main.py 39:: ################################################################
2024-12-01 23:29:03,406 INFO _main.py 41:: #                              batch_size: 64                  #
2024-12-01 23:29:03,408 INFO _main.py 41:: #                         test_batch_size: 32                  #
2024-12-01 23:29:03,409 INFO _main.py 41:: #                                  epochs: 15                  #
2024-12-01 23:29:03,410 INFO _main.py 41:: #                               optimizer: SGD                 #
2024-12-01 23:29:03,410 INFO _main.py 41:: #                                      lr: 0.01                #
2024-12-01 23:29:03,410 INFO _main.py 41:: #                                momentum: 0.9                 #
2024-12-01 23:29:03,410 INFO _main.py 41:: #                            weight_decay: 0.0001              #
2024-12-01 23:29:03,411 INFO _main.py 41:: #                                    seed: 1                   #
2024-12-01 23:29:03,411 INFO _main.py 41:: #                            log_interval: 11                  #
2024-12-01 23:29:03,411 INFO _main.py 41:: #                             num_clients: 40                  #
2024-12-01 23:29:03,412 INFO _main.py 41:: #                           output_folder: experiments         #
2024-12-01 23:29:03,412 INFO _main.py 41:: #                                 dataset: rockburst           #
2024-12-01 23:29:03,412 INFO _main.py 41:: #                             loader_type: dirichlet           #
2024-12-01 23:29:03,412 INFO _main.py 41:: #                             loader_path: ./data/loader.pk    #
2024-12-01 23:29:03,413 INFO _main.py 41:: #                                      AR: krum                #
2024-12-01 23:29:03,413 INFO _main.py 41:: #                     n_attacker_backdoor: 0                   #
2024-12-01 23:29:03,413 INFO _main.py 41:: #                        backdoor_trigger: [0, 0, 1, 1]        #
2024-12-01 23:29:03,413 INFO _main.py 41:: #                   n_attacker_omniscient: 0                   #
2024-12-01 23:29:03,413 INFO _main.py 41:: #                        omniscient_scale: 1                   #
2024-12-01 23:29:03,414 INFO _main.py 41:: #                                 attacks: None                #
2024-12-01 23:29:03,414 INFO _main.py 41:: #                      save_model_weights: False               #
2024-12-01 23:29:03,414 INFO _main.py 41:: #                         experiment_name: sExp4Ba_40ep_rockburst_krum_40C_5#
2024-12-01 23:29:03,414 INFO _main.py 41:: #                          path_to_aggNet: None                #
2024-12-01 23:29:03,414 INFO _main.py 41:: #                                  device: cpu                 #
2024-12-01 23:29:03,414 INFO _main.py 41:: #                            inner_epochs: 30                  #
2024-12-01 23:29:03,415 INFO _main.py 41:: #                                 verbose: True                #
2024-12-01 23:29:03,415 INFO _main.py 41:: #                         list_unreliable: [2, 18, 20]         #
2024-12-01 23:29:03,415 INFO _main.py 41:: #                     unreliable_fraction: 0.5                 #
2024-12-01 23:29:03,415 INFO _main.py 41:: #                    unreliable_fracTrain: 0.3                 #
2024-12-01 23:29:03,415 INFO _main.py 41:: #                         mean_unreliable: 0.0                 #
2024-12-01 23:29:03,416 INFO _main.py 41:: #                             blur_method: add_noise           #
2024-12-01 23:29:03,416 INFO _main.py 41:: #                      max_std_unreliable: 30.0                #
2024-12-01 23:29:03,416 INFO _main.py 41:: #                     list_uatk_add_noise: [24, 25, 26]        #
2024-12-01 23:29:03,417 INFO _main.py 41:: #                          mean_add_noise: 0.0                 #
2024-12-01 23:29:03,417 INFO _main.py 41:: #                           std_add_noise: 0.01                #
2024-12-01 23:29:03,417 INFO _main.py 41:: #                     list_uatk_flip_sign: [0, 10, 11]         #
2024-12-01 23:29:03,417 INFO _main.py 42:: ################################################################
2024-12-01 23:29:03,418 INFO _main.py 43:: Namespace(batch_size=64, test_batch_size=32, epochs=15, optimizer='SGD', lr=0.01, momentum=0.9, weight_decay=0.0001, seed=1, log_interval=11, num_clients=40, output_folder='experiments', dataset='rockburst', loader_type='dirichlet', loader_path='./data/loader.pk', AR='krum', n_attacker_backdoor=0, backdoor_trigger=[0, 0, 1, 1], n_attacker_omniscient=0, omniscient_scale=1, attacks=None, save_model_weights=False, experiment_name='sExp4Ba_40ep_rockburst_krum_40C_5', path_to_aggNet=None, device='cpu', inner_epochs=30, verbose=True, list_unreliable=[2, 18, 20], unreliable_fraction=0.5, unreliable_fracTrain=0.3, mean_unreliable=0.0, blur_method='add_noise', max_std_unreliable=30.0, list_uatk_add_noise=[24, 25, 26], mean_add_noise=0.0, std_add_noise=0.01, list_uatk_flip_sign=[0, 10, 11])
2024-12-01 23:29:03,418 INFO _main.py 44:: #####################
2024-12-01 23:29:03,418 INFO _main.py 45:: #####################
2024-12-01 23:29:03,419 INFO _main.py 46:: #####################
2024-12-01 23:29:03,419 INFO _main.py 47:: Aggregation Rule:	krum
2024-12-01 23:29:03,419 INFO _main.py 48:: Data distribution:	dirichlet
2024-12-01 23:29:03,419 INFO _main.py 49:: Attacks:	None 
2024-12-01 23:29:03,419 INFO _main.py 50:: #####################
2024-12-01 23:29:03,420 INFO _main.py 51:: #####################
2024-12-01 23:29:03,420 INFO _main.py 52:: #####################
2024-12-01 23:29:05,006 INFO server.py 366:: SET DBSCAN eps=1.3, min_samples=10
2024-12-01 23:29:05,009 INFO _main.py 135:: [1-normal, 0-malicious] label =tensor([0., 1., 1., 1., 1., 1., 1., 1., 1., 1., 0., 0., 1., 1., 1., 1., 1., 1.,
        1., 1., 1., 1., 1., 1., 0., 0., 0., 1., 1., 1., 1., 1., 1., 1., 1., 1.,
        1., 1., 1., 1.])
2024-12-01 23:29:05,015 INFO malicious_clients.py 123:: init ATTACK OMNISCIENT Client 0
2024-12-01 23:29:05,019 INFO malicious_clients.py 18:: init UNRELIABLE Client 2
2024-12-01 23:29:05,053 INFO malicious_clients.py 123:: init ATTACK OMNISCIENT Client 10
2024-12-01 23:29:05,057 INFO malicious_clients.py 123:: init ATTACK OMNISCIENT Client 11
2024-12-01 23:29:05,081 INFO malicious_clients.py 18:: init UNRELIABLE Client 18
2024-12-01 23:29:05,089 INFO malicious_clients.py 18:: init UNRELIABLE Client 20
2024-12-01 23:29:05,106 INFO malicious_clients.py 73:: init ATTACK ADD NOISE TO GRAD Client 24
2024-12-01 23:29:05,110 INFO malicious_clients.py 73:: init ATTACK ADD NOISE TO GRAD Client 25
2024-12-01 23:29:05,114 INFO malicious_clients.py 73:: init ATTACK ADD NOISE TO GRAD Client 26
2024-12-01 23:29:05,165 INFO server.py 211:: [Server] Start testing
2024-12-01 23:29:05,190 INFO server.py 235:: [Server] Test set: Average loss: 1.3864, Accuracy: 50/200 (25.0%)

2024-12-01 23:29:05,191 INFO server.py 238:: [Sever] Confusion matrix:
 tensor([[50.,  0.,  0.,  0.],
        [50.,  0.,  0.,  0.],
        [50.,  0.,  0.,  0.],
        [50.,  0.,  0.,  0.]])
2024-12-01 23:29:05,200 INFO server.py 254:: [Server] Precision=[0.25  nan  nan  nan],
 Recall=[1. 0. 0. 0.],
 F1-score=[0.4 nan nan nan],
 my_accuracy=25.0[%]
2024-12-01 23:29:05,201 INFO _main.py 209:: ########EPOCH 0 ########
2024-12-01 23:29:05,202 INFO _main.py 210:: ###Model distribution###
2024-12-01 23:29:08,008 INFO server.py 1064:: clients' sizes=[1, 2, 1, 0, 0, 0, 2, 2, 0, 1, 0, 1, 2, 2, 2, 2, 1, 1, 2, 0, 1, 1, 1, 1, 1, 0, 1, 1, 1, 1, 2, 0, 2, 0, 1, 2, 1, 0, 2, 0], total=41
2024-12-01 23:29:08,044 INFO server.py 327:: [Server] The aggregation takes 0.052190 seconds.

2024-12-01 23:29:08,045 INFO server.py 211:: [Server] Start testing
2024-12-01 23:29:08,058 INFO server.py 235:: [Server] Test set: Average loss: 1.3864, Accuracy: 50/200 (25.0%)

2024-12-01 23:29:08,060 INFO server.py 238:: [Sever] Confusion matrix:
 tensor([[50.,  0.,  0.,  0.],
        [50.,  0.,  0.,  0.],
        [50.,  0.,  0.,  0.],
        [50.,  0.,  0.,  0.]])
2024-12-01 23:29:08,061 INFO server.py 254:: [Server] Precision=[0.25  nan  nan  nan],
 Recall=[1. 0. 0. 0.],
 F1-score=[0.4 nan nan nan],
 my_accuracy=25.0[%]
2024-12-01 23:29:08,062 INFO _main.py 209:: ########EPOCH 1 ########
2024-12-01 23:29:08,062 INFO _main.py 210:: ###Model distribution###
2024-12-01 23:29:11,474 INFO server.py 1064:: clients' sizes=[1, 2, 1, 0, 0, 0, 2, 2, 0, 1, 0, 1, 2, 2, 2, 2, 1, 1, 2, 0, 1, 1, 1, 1, 1, 0, 1, 1, 1, 1, 2, 0, 2, 0, 1, 2, 1, 0, 2, 0], total=41
2024-12-01 23:29:11,508 INFO server.py 327:: [Server] The aggregation takes 0.034812 seconds.

2024-12-01 23:29:11,509 INFO server.py 211:: [Server] Start testing
2024-12-01 23:29:11,527 INFO server.py 235:: [Server] Test set: Average loss: 1.3864, Accuracy: 50/200 (25.0%)

2024-12-01 23:29:11,528 INFO server.py 238:: [Sever] Confusion matrix:
 tensor([[50.,  0.,  0.,  0.],
        [50.,  0.,  0.,  0.],
        [50.,  0.,  0.,  0.],
        [50.,  0.,  0.,  0.]])
2024-12-01 23:29:11,530 INFO server.py 254:: [Server] Precision=[0.25  nan  nan  nan],
 Recall=[1. 0. 0. 0.],
 F1-score=[0.4 nan nan nan],
 my_accuracy=25.0[%]
2024-12-01 23:29:11,531 INFO _main.py 209:: ########EPOCH 2 ########
2024-12-01 23:29:11,531 INFO _main.py 210:: ###Model distribution###
2024-12-01 23:29:15,056 INFO server.py 1064:: clients' sizes=[1, 2, 1, 0, 0, 0, 2, 2, 0, 1, 0, 1, 2, 2, 2, 2, 1, 1, 2, 0, 1, 1, 1, 1, 1, 0, 1, 1, 1, 1, 2, 0, 2, 0, 1, 2, 1, 0, 2, 0], total=41
2024-12-01 23:29:15,081 INFO server.py 327:: [Server] The aggregation takes 0.026294 seconds.

2024-12-01 23:29:15,082 INFO server.py 211:: [Server] Start testing
2024-12-01 23:29:15,096 INFO server.py 235:: [Server] Test set: Average loss: 1.3864, Accuracy: 50/200 (25.0%)

2024-12-01 23:29:15,097 INFO server.py 238:: [Sever] Confusion matrix:
 tensor([[50.,  0.,  0.,  0.],
        [50.,  0.,  0.,  0.],
        [50.,  0.,  0.,  0.],
        [50.,  0.,  0.,  0.]])
2024-12-01 23:29:15,099 INFO server.py 254:: [Server] Precision=[0.25  nan  nan  nan],
 Recall=[1. 0. 0. 0.],
 F1-score=[0.4 nan nan nan],
 my_accuracy=25.0[%]
2024-12-01 23:29:15,100 INFO _main.py 209:: ########EPOCH 3 ########
2024-12-01 23:29:15,100 INFO _main.py 210:: ###Model distribution###
2024-12-01 23:29:17,812 INFO server.py 1064:: clients' sizes=[1, 2, 1, 0, 0, 0, 2, 2, 0, 1, 0, 1, 2, 2, 2, 2, 1, 1, 2, 0, 1, 1, 1, 1, 1, 0, 1, 1, 1, 1, 2, 0, 2, 0, 1, 2, 1, 0, 2, 0], total=41
2024-12-01 23:29:17,835 INFO server.py 327:: [Server] The aggregation takes 0.024069 seconds.

2024-12-01 23:29:17,836 INFO server.py 211:: [Server] Start testing
2024-12-01 23:29:17,850 INFO server.py 235:: [Server] Test set: Average loss: 1.3864, Accuracy: 50/200 (25.0%)

2024-12-01 23:29:17,851 INFO server.py 238:: [Sever] Confusion matrix:
 tensor([[50.,  0.,  0.,  0.],
        [50.,  0.,  0.,  0.],
        [50.,  0.,  0.,  0.],
        [50.,  0.,  0.,  0.]])
2024-12-01 23:29:17,853 INFO server.py 254:: [Server] Precision=[0.25  nan  nan  nan],
 Recall=[1. 0. 0. 0.],
 F1-score=[0.4 nan nan nan],
 my_accuracy=25.0[%]
2024-12-01 23:29:17,853 INFO _main.py 209:: ########EPOCH 4 ########
2024-12-01 23:29:17,854 INFO _main.py 210:: ###Model distribution###
2024-12-01 23:29:20,388 INFO server.py 1064:: clients' sizes=[1, 2, 1, 0, 0, 0, 2, 2, 0, 1, 0, 1, 2, 2, 2, 2, 1, 1, 2, 0, 1, 1, 1, 1, 1, 0, 1, 1, 1, 1, 2, 0, 2, 0, 1, 2, 1, 0, 2, 0], total=41
2024-12-01 23:29:20,413 INFO server.py 327:: [Server] The aggregation takes 0.025281 seconds.

2024-12-01 23:29:20,414 INFO server.py 211:: [Server] Start testing
2024-12-01 23:29:20,428 INFO server.py 235:: [Server] Test set: Average loss: 1.3864, Accuracy: 50/200 (25.0%)

2024-12-01 23:29:20,429 INFO server.py 238:: [Sever] Confusion matrix:
 tensor([[50.,  0.,  0.,  0.],
        [50.,  0.,  0.,  0.],
        [50.,  0.,  0.,  0.],
        [50.,  0.,  0.,  0.]])
2024-12-01 23:29:20,431 INFO server.py 254:: [Server] Precision=[0.25  nan  nan  nan],
 Recall=[1. 0. 0. 0.],
 F1-score=[0.4 nan nan nan],
 my_accuracy=25.0[%]
2024-12-01 23:29:20,431 INFO _main.py 209:: ########EPOCH 5 ########
2024-12-01 23:29:20,432 INFO _main.py 210:: ###Model distribution###
2024-12-01 23:29:23,000 INFO server.py 1064:: clients' sizes=[1, 2, 1, 0, 0, 0, 2, 2, 0, 1, 0, 1, 2, 2, 2, 2, 1, 1, 2, 0, 1, 1, 1, 1, 1, 0, 1, 1, 1, 1, 2, 0, 2, 0, 1, 2, 1, 0, 2, 0], total=41
2024-12-01 23:29:23,024 INFO server.py 327:: [Server] The aggregation takes 0.025410 seconds.

2024-12-01 23:29:23,025 INFO server.py 211:: [Server] Start testing
2024-12-01 23:29:23,041 INFO server.py 235:: [Server] Test set: Average loss: 1.3864, Accuracy: 50/200 (25.0%)

2024-12-01 23:29:23,042 INFO server.py 238:: [Sever] Confusion matrix:
 tensor([[50.,  0.,  0.,  0.],
        [50.,  0.,  0.,  0.],
        [50.,  0.,  0.,  0.],
        [50.,  0.,  0.,  0.]])
2024-12-01 23:29:23,044 INFO server.py 254:: [Server] Precision=[0.25  nan  nan  nan],
 Recall=[1. 0. 0. 0.],
 F1-score=[0.4 nan nan nan],
 my_accuracy=25.0[%]
2024-12-01 23:29:23,044 INFO _main.py 209:: ########EPOCH 6 ########
2024-12-01 23:29:23,045 INFO _main.py 210:: ###Model distribution###
2024-12-01 23:29:26,291 INFO server.py 1064:: clients' sizes=[1, 2, 1, 0, 0, 0, 2, 2, 0, 1, 0, 1, 2, 2, 2, 2, 1, 1, 2, 0, 1, 1, 1, 1, 1, 0, 1, 1, 1, 1, 2, 0, 2, 0, 1, 2, 1, 0, 2, 0], total=41
2024-12-01 23:29:26,328 INFO server.py 327:: [Server] The aggregation takes 0.038451 seconds.

2024-12-01 23:29:26,329 INFO server.py 211:: [Server] Start testing
2024-12-01 23:29:26,353 INFO server.py 235:: [Server] Test set: Average loss: 1.3864, Accuracy: 50/200 (25.0%)

2024-12-01 23:29:26,355 INFO server.py 238:: [Sever] Confusion matrix:
 tensor([[50.,  0.,  0.,  0.],
        [50.,  0.,  0.,  0.],
        [50.,  0.,  0.,  0.],
        [50.,  0.,  0.,  0.]])
2024-12-01 23:29:26,356 INFO server.py 254:: [Server] Precision=[0.25  nan  nan  nan],
 Recall=[1. 0. 0. 0.],
 F1-score=[0.4 nan nan nan],
 my_accuracy=25.0[%]
2024-12-01 23:29:26,357 INFO _main.py 209:: ########EPOCH 7 ########
2024-12-01 23:29:26,358 INFO _main.py 210:: ###Model distribution###
2024-12-01 23:29:30,233 INFO server.py 1064:: clients' sizes=[1, 2, 1, 0, 0, 0, 2, 2, 0, 1, 0, 1, 2, 2, 2, 2, 1, 1, 2, 0, 1, 1, 1, 1, 1, 0, 1, 1, 1, 1, 2, 0, 2, 0, 1, 2, 1, 0, 2, 0], total=41
2024-12-01 23:29:30,259 INFO server.py 327:: [Server] The aggregation takes 0.026986 seconds.

2024-12-01 23:29:30,260 INFO server.py 211:: [Server] Start testing
2024-12-01 23:29:30,276 INFO server.py 235:: [Server] Test set: Average loss: 1.3864, Accuracy: 50/200 (25.0%)

2024-12-01 23:29:30,277 INFO server.py 238:: [Sever] Confusion matrix:
 tensor([[50.,  0.,  0.,  0.],
        [50.,  0.,  0.,  0.],
        [50.,  0.,  0.,  0.],
        [50.,  0.,  0.,  0.]])
2024-12-01 23:29:30,279 INFO server.py 254:: [Server] Precision=[0.25  nan  nan  nan],
 Recall=[1. 0. 0. 0.],
 F1-score=[0.4 nan nan nan],
 my_accuracy=25.0[%]
2024-12-01 23:29:30,279 INFO _main.py 209:: ########EPOCH 8 ########
2024-12-01 23:29:30,280 INFO _main.py 210:: ###Model distribution###
2024-12-01 23:29:32,811 INFO server.py 1064:: clients' sizes=[1, 2, 1, 0, 0, 0, 2, 2, 0, 1, 0, 1, 2, 2, 2, 2, 1, 1, 2, 0, 1, 1, 1, 1, 1, 0, 1, 1, 1, 1, 2, 0, 2, 0, 1, 2, 1, 0, 2, 0], total=41
2024-12-01 23:29:32,836 INFO server.py 327:: [Server] The aggregation takes 0.025908 seconds.

2024-12-01 23:29:32,837 INFO server.py 211:: [Server] Start testing
2024-12-01 23:29:32,852 INFO server.py 235:: [Server] Test set: Average loss: 1.3864, Accuracy: 50/200 (25.0%)

2024-12-01 23:29:32,853 INFO server.py 238:: [Sever] Confusion matrix:
 tensor([[50.,  0.,  0.,  0.],
        [50.,  0.,  0.,  0.],
        [50.,  0.,  0.,  0.],
        [50.,  0.,  0.,  0.]])
2024-12-01 23:29:32,854 INFO server.py 254:: [Server] Precision=[0.25  nan  nan  nan],
 Recall=[1. 0. 0. 0.],
 F1-score=[0.4 nan nan nan],
 my_accuracy=25.0[%]
2024-12-01 23:29:32,855 INFO _main.py 209:: ########EPOCH 9 ########
2024-12-01 23:29:32,856 INFO _main.py 210:: ###Model distribution###
2024-12-01 23:29:35,426 INFO server.py 1064:: clients' sizes=[1, 2, 1, 0, 0, 0, 2, 2, 0, 1, 0, 1, 2, 2, 2, 2, 1, 1, 2, 0, 1, 1, 1, 1, 1, 0, 1, 1, 1, 1, 2, 0, 2, 0, 1, 2, 1, 0, 2, 0], total=41
2024-12-01 23:29:35,451 INFO server.py 327:: [Server] The aggregation takes 0.025915 seconds.

2024-12-01 23:29:35,452 INFO server.py 211:: [Server] Start testing
2024-12-01 23:29:35,465 INFO server.py 235:: [Server] Test set: Average loss: 1.3864, Accuracy: 50/200 (25.0%)

2024-12-01 23:29:35,466 INFO server.py 238:: [Sever] Confusion matrix:
 tensor([[50.,  0.,  0.,  0.],
        [50.,  0.,  0.,  0.],
        [50.,  0.,  0.,  0.],
        [50.,  0.,  0.,  0.]])
2024-12-01 23:29:35,468 INFO server.py 254:: [Server] Precision=[0.25  nan  nan  nan],
 Recall=[1. 0. 0. 0.],
 F1-score=[0.4 nan nan nan],
 my_accuracy=25.0[%]
2024-12-01 23:29:35,468 INFO _main.py 209:: ########EPOCH 10 ########
2024-12-01 23:29:35,469 INFO _main.py 210:: ###Model distribution###
2024-12-01 23:29:38,198 INFO server.py 1064:: clients' sizes=[1, 2, 1, 0, 0, 0, 2, 2, 0, 1, 0, 1, 2, 2, 2, 2, 1, 1, 2, 0, 1, 1, 1, 1, 1, 0, 1, 1, 1, 1, 2, 0, 2, 0, 1, 2, 1, 0, 2, 0], total=41
2024-12-01 23:29:38,226 INFO server.py 327:: [Server] The aggregation takes 0.028921 seconds.

2024-12-01 23:29:38,227 INFO server.py 211:: [Server] Start testing
2024-12-01 23:29:38,242 INFO server.py 235:: [Server] Test set: Average loss: 1.3864, Accuracy: 50/200 (25.0%)

2024-12-01 23:29:38,243 INFO server.py 238:: [Sever] Confusion matrix:
 tensor([[50.,  0.,  0.,  0.],
        [50.,  0.,  0.,  0.],
        [50.,  0.,  0.,  0.],
        [50.,  0.,  0.,  0.]])
2024-12-01 23:29:38,245 INFO server.py 254:: [Server] Precision=[0.25  nan  nan  nan],
 Recall=[1. 0. 0. 0.],
 F1-score=[0.4 nan nan nan],
 my_accuracy=25.0[%]
2024-12-01 23:29:38,245 INFO _main.py 209:: ########EPOCH 11 ########
2024-12-01 23:29:38,246 INFO _main.py 210:: ###Model distribution###
2024-12-01 23:29:41,168 INFO server.py 1064:: clients' sizes=[1, 2, 1, 0, 0, 0, 2, 2, 0, 1, 0, 1, 2, 2, 2, 2, 1, 1, 2, 0, 1, 1, 1, 1, 1, 0, 1, 1, 1, 1, 2, 0, 2, 0, 1, 2, 1, 0, 2, 0], total=41
2024-12-01 23:29:41,203 INFO server.py 327:: [Server] The aggregation takes 0.036369 seconds.

2024-12-01 23:29:41,205 INFO server.py 211:: [Server] Start testing
2024-12-01 23:29:41,224 INFO server.py 235:: [Server] Test set: Average loss: 1.3864, Accuracy: 50/200 (25.0%)

2024-12-01 23:29:41,225 INFO server.py 238:: [Sever] Confusion matrix:
 tensor([[50.,  0.,  0.,  0.],
        [50.,  0.,  0.,  0.],
        [50.,  0.,  0.,  0.],
        [50.,  0.,  0.,  0.]])
2024-12-01 23:29:41,226 INFO server.py 254:: [Server] Precision=[0.25  nan  nan  nan],
 Recall=[1. 0. 0. 0.],
 F1-score=[0.4 nan nan nan],
 my_accuracy=25.0[%]
2024-12-01 23:29:41,227 INFO _main.py 209:: ########EPOCH 12 ########
2024-12-01 23:29:41,228 INFO _main.py 210:: ###Model distribution###
2024-12-01 23:29:44,979 INFO server.py 1064:: clients' sizes=[1, 2, 1, 0, 0, 0, 2, 2, 0, 1, 0, 1, 2, 2, 2, 2, 1, 1, 2, 0, 1, 1, 1, 1, 1, 0, 1, 1, 1, 1, 2, 0, 2, 0, 1, 2, 1, 0, 2, 0], total=41
2024-12-01 23:29:45,017 INFO server.py 327:: [Server] The aggregation takes 0.039326 seconds.

2024-12-01 23:29:45,019 INFO server.py 211:: [Server] Start testing
2024-12-01 23:29:45,039 INFO server.py 235:: [Server] Test set: Average loss: 1.3864, Accuracy: 50/200 (25.0%)

2024-12-01 23:29:45,041 INFO server.py 238:: [Sever] Confusion matrix:
 tensor([[50.,  0.,  0.,  0.],
        [50.,  0.,  0.,  0.],
        [50.,  0.,  0.,  0.],
        [50.,  0.,  0.,  0.]])
2024-12-01 23:29:45,043 INFO server.py 254:: [Server] Precision=[0.25  nan  nan  nan],
 Recall=[1. 0. 0. 0.],
 F1-score=[0.4 nan nan nan],
 my_accuracy=25.0[%]
2024-12-01 23:29:45,043 INFO _main.py 209:: ########EPOCH 13 ########
2024-12-01 23:29:45,044 INFO _main.py 210:: ###Model distribution###
2024-12-01 23:29:47,907 INFO server.py 1064:: clients' sizes=[1, 2, 1, 0, 0, 0, 2, 2, 0, 1, 0, 1, 2, 2, 2, 2, 1, 1, 2, 0, 1, 1, 1, 1, 1, 0, 1, 1, 1, 1, 2, 0, 2, 0, 1, 2, 1, 0, 2, 0], total=41
2024-12-01 23:29:47,932 INFO server.py 327:: [Server] The aggregation takes 0.026559 seconds.

2024-12-01 23:29:47,933 INFO server.py 211:: [Server] Start testing
2024-12-01 23:29:47,948 INFO server.py 235:: [Server] Test set: Average loss: 1.3864, Accuracy: 50/200 (25.0%)

2024-12-01 23:29:47,949 INFO server.py 238:: [Sever] Confusion matrix:
 tensor([[50.,  0.,  0.,  0.],
        [50.,  0.,  0.,  0.],
        [50.,  0.,  0.,  0.],
        [50.,  0.,  0.,  0.]])
2024-12-01 23:29:47,950 INFO server.py 254:: [Server] Precision=[0.25  nan  nan  nan],
 Recall=[1. 0. 0. 0.],
 F1-score=[0.4 nan nan nan],
 my_accuracy=25.0[%]
2024-12-01 23:29:47,951 INFO _main.py 209:: ########EPOCH 14 ########
2024-12-01 23:29:47,951 INFO _main.py 210:: ###Model distribution###
2024-12-01 23:29:50,488 INFO server.py 1064:: clients' sizes=[1, 2, 1, 0, 0, 0, 2, 2, 0, 1, 0, 1, 2, 2, 2, 2, 1, 1, 2, 0, 1, 1, 1, 1, 1, 0, 1, 1, 1, 1, 2, 0, 2, 0, 1, 2, 1, 0, 2, 0], total=41
2024-12-01 23:29:50,512 INFO server.py 327:: [Server] The aggregation takes 0.025325 seconds.

2024-12-01 23:29:50,513 INFO server.py 211:: [Server] Start testing
2024-12-01 23:29:50,526 INFO server.py 235:: [Server] Test set: Average loss: 1.3864, Accuracy: 50/200 (25.0%)

2024-12-01 23:29:50,527 INFO server.py 238:: [Sever] Confusion matrix:
 tensor([[50.,  0.,  0.,  0.],
        [50.,  0.,  0.,  0.],
        [50.,  0.,  0.,  0.],
        [50.,  0.,  0.,  0.]])
2024-12-01 23:29:50,529 INFO server.py 254:: [Server] Precision=[0.25  nan  nan  nan],
 Recall=[1. 0. 0. 0.],
 F1-score=[0.4 nan nan nan],
 my_accuracy=25.0[%]
