2024-12-02 00:29:55,413 INFO _main.py 39:: ################################################################
2024-12-02 00:29:55,431 INFO _main.py 41:: #                              batch_size: 64                  #
2024-12-02 00:29:55,432 INFO _main.py 41:: #                         test_batch_size: 32                  #
2024-12-02 00:29:55,432 INFO _main.py 41:: #                                  epochs: 35                  #
2024-12-02 00:29:55,432 INFO _main.py 41:: #                               optimizer: SGD                 #
2024-12-02 00:29:55,432 INFO _main.py 41:: #                                      lr: 0.01                #
2024-12-02 00:29:55,432 INFO _main.py 41:: #                                momentum: 0.9                 #
2024-12-02 00:29:55,432 INFO _main.py 41:: #                            weight_decay: 0.0001              #
2024-12-02 00:29:55,432 INFO _main.py 41:: #                                    seed: 1                   #
2024-12-02 00:29:55,433 INFO _main.py 41:: #                            log_interval: 11                  #
2024-12-02 00:29:55,433 INFO _main.py 41:: #                             num_clients: 40                  #
2024-12-02 00:29:55,433 INFO _main.py 41:: #                           output_folder: experiments         #
2024-12-02 00:29:55,433 INFO _main.py 41:: #                                 dataset: rockburst           #
2024-12-02 00:29:55,433 INFO _main.py 41:: #                             loader_type: dirichlet           #
2024-12-02 00:29:55,433 INFO _main.py 41:: #                             loader_path: ./data/loader.pk    #
2024-12-02 00:29:55,434 INFO _main.py 41:: #                                      AR: krum                #
2024-12-02 00:29:55,434 INFO _main.py 41:: #                     n_attacker_backdoor: 0                   #
2024-12-02 00:29:55,434 INFO _main.py 41:: #                        backdoor_trigger: [0, 0, 1, 1]        #
2024-12-02 00:29:55,434 INFO _main.py 41:: #                   n_attacker_omniscient: 0                   #
2024-12-02 00:29:55,434 INFO _main.py 41:: #                        omniscient_scale: 1                   #
2024-12-02 00:29:55,434 INFO _main.py 41:: #                                 attacks: None                #
2024-12-02 00:29:55,434 INFO _main.py 41:: #                      save_model_weights: False               #
2024-12-02 00:29:55,434 INFO _main.py 41:: #                         experiment_name: sExp4Ba_40ep_rockburst_krum_40C_5#
2024-12-02 00:29:55,435 INFO _main.py 41:: #                          path_to_aggNet: None                #
2024-12-02 00:29:55,435 INFO _main.py 41:: #                                  device: cpu                 #
2024-12-02 00:29:55,435 INFO _main.py 41:: #                            inner_epochs: 30                  #
2024-12-02 00:29:55,435 INFO _main.py 41:: #                                 verbose: True                #
2024-12-02 00:29:55,435 INFO _main.py 41:: #                         list_unreliable: [2, 18, 20]         #
2024-12-02 00:29:55,435 INFO _main.py 41:: #                     unreliable_fraction: 0.5                 #
2024-12-02 00:29:55,435 INFO _main.py 41:: #                    unreliable_fracTrain: 0.3                 #
2024-12-02 00:29:55,435 INFO _main.py 41:: #                         mean_unreliable: 0.0                 #
2024-12-02 00:29:55,436 INFO _main.py 41:: #                             blur_method: add_noise           #
2024-12-02 00:29:55,436 INFO _main.py 41:: #                      max_std_unreliable: 30.0                #
2024-12-02 00:29:55,436 INFO _main.py 41:: #                     list_uatk_add_noise: [24, 25, 26]        #
2024-12-02 00:29:55,436 INFO _main.py 41:: #                          mean_add_noise: 0.0                 #
2024-12-02 00:29:55,436 INFO _main.py 41:: #                           std_add_noise: 0.01                #
2024-12-02 00:29:55,436 INFO _main.py 41:: #                     list_uatk_flip_sign: [0, 10, 11]         #
2024-12-02 00:29:55,436 INFO _main.py 42:: ################################################################
2024-12-02 00:29:55,436 INFO _main.py 43:: Namespace(batch_size=64, test_batch_size=32, epochs=35, optimizer='SGD', lr=0.01, momentum=0.9, weight_decay=0.0001, seed=1, log_interval=11, num_clients=40, output_folder='experiments', dataset='rockburst', loader_type='dirichlet', loader_path='./data/loader.pk', AR='krum', n_attacker_backdoor=0, backdoor_trigger=[0, 0, 1, 1], n_attacker_omniscient=0, omniscient_scale=1, attacks=None, save_model_weights=False, experiment_name='sExp4Ba_40ep_rockburst_krum_40C_5', path_to_aggNet=None, device='cpu', inner_epochs=30, verbose=True, list_unreliable=[2, 18, 20], unreliable_fraction=0.5, unreliable_fracTrain=0.3, mean_unreliable=0.0, blur_method='add_noise', max_std_unreliable=30.0, list_uatk_add_noise=[24, 25, 26], mean_add_noise=0.0, std_add_noise=0.01, list_uatk_flip_sign=[0, 10, 11])
2024-12-02 00:29:55,437 INFO _main.py 44:: #####################
2024-12-02 00:29:55,437 INFO _main.py 45:: #####################
2024-12-02 00:29:55,437 INFO _main.py 46:: #####################
2024-12-02 00:29:55,437 INFO _main.py 47:: Aggregation Rule:	krum
2024-12-02 00:29:55,437 INFO _main.py 48:: Data distribution:	dirichlet
2024-12-02 00:29:55,437 INFO _main.py 49:: Attacks:	None 
2024-12-02 00:29:55,437 INFO _main.py 50:: #####################
2024-12-02 00:29:55,438 INFO _main.py 51:: #####################
2024-12-02 00:29:55,438 INFO _main.py 52:: #####################
2024-12-02 00:29:57,608 INFO server.py 366:: SET DBSCAN eps=1.3, min_samples=10
2024-12-02 00:29:57,612 INFO _main.py 135:: [1-normal, 0-malicious] label =tensor([0., 1., 1., 1., 1., 1., 1., 1., 1., 1., 0., 0., 1., 1., 1., 1., 1., 1.,
        1., 1., 1., 1., 1., 1., 0., 0., 0., 1., 1., 1., 1., 1., 1., 1., 1., 1.,
        1., 1., 1., 1.])
2024-12-02 00:29:57,620 INFO malicious_clients.py 123:: init ATTACK OMNISCIENT Client 0
2024-12-02 00:29:57,628 INFO malicious_clients.py 18:: init UNRELIABLE Client 2
2024-12-02 00:29:57,675 INFO malicious_clients.py 123:: init ATTACK OMNISCIENT Client 10
2024-12-02 00:29:57,681 INFO malicious_clients.py 123:: init ATTACK OMNISCIENT Client 11
2024-12-02 00:29:57,715 INFO malicious_clients.py 18:: init UNRELIABLE Client 18
2024-12-02 00:29:57,726 INFO malicious_clients.py 18:: init UNRELIABLE Client 20
2024-12-02 00:29:57,752 INFO malicious_clients.py 73:: init ATTACK ADD NOISE TO GRAD Client 24
2024-12-02 00:29:57,758 INFO malicious_clients.py 73:: init ATTACK ADD NOISE TO GRAD Client 25
2024-12-02 00:29:57,764 INFO malicious_clients.py 73:: init ATTACK ADD NOISE TO GRAD Client 26
2024-12-02 00:29:57,848 INFO server.py 211:: [Server] Start testing
2024-12-02 00:29:57,878 INFO server.py 235:: [Server] Test set: Average loss: 1.3864, Accuracy: 50/200 (25.0%)

2024-12-02 00:29:57,880 INFO server.py 238:: [Sever] Confusion matrix:
 tensor([[50.,  0.,  0.,  0.],
        [50.,  0.,  0.,  0.],
        [50.,  0.,  0.,  0.],
        [50.,  0.,  0.,  0.]])
2024-12-02 00:29:57,890 INFO server.py 254:: [Server] Precision=[0.25  nan  nan  nan],
 Recall=[1. 0. 0. 0.],
 F1-score=[0.4 nan nan nan],
 my_accuracy=25.0[%]
2024-12-02 00:29:57,893 INFO _main.py 209:: ########EPOCH 0 ########
2024-12-02 00:29:57,894 INFO _main.py 210:: ###Model distribution###
2024-12-02 00:30:00,995 INFO server.py 1064:: clients' sizes=[1, 2, 1, 0, 0, 0, 2, 2, 0, 1, 0, 1, 2, 2, 2, 2, 1, 1, 2, 0, 1, 1, 1, 1, 1, 0, 1, 1, 1, 1, 2, 0, 2, 0, 1, 2, 1, 0, 2, 0], total=41
2024-12-02 00:30:01,022 INFO server.py 327:: [Server] The aggregation takes 0.038491 seconds.

2024-12-02 00:30:01,023 INFO server.py 211:: [Server] Start testing
2024-12-02 00:30:01,038 INFO server.py 235:: [Server] Test set: Average loss: 1.3864, Accuracy: 50/200 (25.0%)

2024-12-02 00:30:01,039 INFO server.py 238:: [Sever] Confusion matrix:
 tensor([[50.,  0.,  0.,  0.],
        [50.,  0.,  0.,  0.],
        [50.,  0.,  0.,  0.],
        [50.,  0.,  0.,  0.]])
2024-12-02 00:30:01,041 INFO server.py 254:: [Server] Precision=[0.25  nan  nan  nan],
 Recall=[1. 0. 0. 0.],
 F1-score=[0.4 nan nan nan],
 my_accuracy=25.0[%]
2024-12-02 00:30:01,041 INFO _main.py 209:: ########EPOCH 1 ########
2024-12-02 00:30:01,042 INFO _main.py 210:: ###Model distribution###
2024-12-02 00:30:03,617 INFO server.py 1064:: clients' sizes=[1, 2, 1, 0, 0, 0, 2, 2, 0, 1, 0, 1, 2, 2, 2, 2, 1, 1, 2, 0, 1, 1, 1, 1, 1, 0, 1, 1, 1, 1, 2, 0, 2, 0, 1, 2, 1, 0, 2, 0], total=41
2024-12-02 00:30:03,638 INFO server.py 327:: [Server] The aggregation takes 0.021748 seconds.

2024-12-02 00:30:03,639 INFO server.py 211:: [Server] Start testing
2024-12-02 00:30:03,656 INFO server.py 235:: [Server] Test set: Average loss: 1.3864, Accuracy: 50/200 (25.0%)

2024-12-02 00:30:03,657 INFO server.py 238:: [Sever] Confusion matrix:
 tensor([[50.,  0.,  0.,  0.],
        [50.,  0.,  0.,  0.],
        [50.,  0.,  0.,  0.],
        [50.,  0.,  0.,  0.]])
2024-12-02 00:30:03,659 INFO server.py 254:: [Server] Precision=[0.25  nan  nan  nan],
 Recall=[1. 0. 0. 0.],
 F1-score=[0.4 nan nan nan],
 my_accuracy=25.0[%]
2024-12-02 00:30:03,659 INFO _main.py 209:: ########EPOCH 2 ########
2024-12-02 00:30:03,660 INFO _main.py 210:: ###Model distribution###
2024-12-02 00:30:06,270 INFO server.py 1064:: clients' sizes=[1, 2, 1, 0, 0, 0, 2, 2, 0, 1, 0, 1, 2, 2, 2, 2, 1, 1, 2, 0, 1, 1, 1, 1, 1, 0, 1, 1, 1, 1, 2, 0, 2, 0, 1, 2, 1, 0, 2, 0], total=41
2024-12-02 00:30:06,295 INFO server.py 327:: [Server] The aggregation takes 0.025546 seconds.

2024-12-02 00:30:06,296 INFO server.py 211:: [Server] Start testing
2024-12-02 00:30:06,310 INFO server.py 235:: [Server] Test set: Average loss: 1.3864, Accuracy: 50/200 (25.0%)

2024-12-02 00:30:06,312 INFO server.py 238:: [Sever] Confusion matrix:
 tensor([[50.,  0.,  0.,  0.],
        [50.,  0.,  0.,  0.],
        [50.,  0.,  0.,  0.],
        [50.,  0.,  0.,  0.]])
2024-12-02 00:30:06,313 INFO server.py 254:: [Server] Precision=[0.25  nan  nan  nan],
 Recall=[1. 0. 0. 0.],
 F1-score=[0.4 nan nan nan],
 my_accuracy=25.0[%]
2024-12-02 00:30:06,314 INFO _main.py 209:: ########EPOCH 3 ########
2024-12-02 00:30:06,314 INFO _main.py 210:: ###Model distribution###
2024-12-02 00:30:09,104 INFO server.py 1064:: clients' sizes=[1, 2, 1, 0, 0, 0, 2, 2, 0, 1, 0, 1, 2, 2, 2, 2, 1, 1, 2, 0, 1, 1, 1, 1, 1, 0, 1, 1, 1, 1, 2, 0, 2, 0, 1, 2, 1, 0, 2, 0], total=41
2024-12-02 00:30:09,145 INFO server.py 327:: [Server] The aggregation takes 0.042334 seconds.

2024-12-02 00:30:09,146 INFO server.py 211:: [Server] Start testing
2024-12-02 00:30:09,169 INFO server.py 235:: [Server] Test set: Average loss: 1.3864, Accuracy: 50/200 (25.0%)

2024-12-02 00:30:09,171 INFO server.py 238:: [Sever] Confusion matrix:
 tensor([[50.,  0.,  0.,  0.],
        [50.,  0.,  0.,  0.],
        [50.,  0.,  0.,  0.],
        [50.,  0.,  0.,  0.]])
2024-12-02 00:30:09,173 INFO server.py 254:: [Server] Precision=[0.25  nan  nan  nan],
 Recall=[1. 0. 0. 0.],
 F1-score=[0.4 nan nan nan],
 my_accuracy=25.0[%]
2024-12-02 00:30:09,173 INFO _main.py 209:: ########EPOCH 4 ########
2024-12-02 00:30:09,174 INFO _main.py 210:: ###Model distribution###
2024-12-02 00:30:13,150 INFO server.py 1064:: clients' sizes=[1, 2, 1, 0, 0, 0, 2, 2, 0, 1, 0, 1, 2, 2, 2, 2, 1, 1, 2, 0, 1, 1, 1, 1, 1, 0, 1, 1, 1, 1, 2, 0, 2, 0, 1, 2, 1, 0, 2, 0], total=41
2024-12-02 00:30:13,183 INFO server.py 327:: [Server] The aggregation takes 0.033822 seconds.

2024-12-02 00:30:13,184 INFO server.py 211:: [Server] Start testing
2024-12-02 00:30:13,212 INFO server.py 235:: [Server] Test set: Average loss: 1.3864, Accuracy: 50/200 (25.0%)

2024-12-02 00:30:13,214 INFO server.py 238:: [Sever] Confusion matrix:
 tensor([[50.,  0.,  0.,  0.],
        [50.,  0.,  0.,  0.],
        [50.,  0.,  0.,  0.],
        [50.,  0.,  0.,  0.]])
2024-12-02 00:30:13,215 INFO server.py 254:: [Server] Precision=[0.25  nan  nan  nan],
 Recall=[1. 0. 0. 0.],
 F1-score=[0.4 nan nan nan],
 my_accuracy=25.0[%]
2024-12-02 00:30:13,216 INFO _main.py 209:: ########EPOCH 5 ########
2024-12-02 00:30:13,220 INFO _main.py 210:: ###Model distribution###
2024-12-02 00:30:16,307 INFO server.py 1064:: clients' sizes=[1, 2, 1, 0, 0, 0, 2, 2, 0, 1, 0, 1, 2, 2, 2, 2, 1, 1, 2, 0, 1, 1, 1, 1, 1, 0, 1, 1, 1, 1, 2, 0, 2, 0, 1, 2, 1, 0, 2, 0], total=41
2024-12-02 00:30:16,328 INFO server.py 327:: [Server] The aggregation takes 0.022341 seconds.

2024-12-02 00:30:16,329 INFO server.py 211:: [Server] Start testing
2024-12-02 00:30:16,343 INFO server.py 235:: [Server] Test set: Average loss: 1.3864, Accuracy: 50/200 (25.0%)

2024-12-02 00:30:16,346 INFO server.py 238:: [Sever] Confusion matrix:
 tensor([[50.,  0.,  0.,  0.],
        [50.,  0.,  0.,  0.],
        [50.,  0.,  0.,  0.],
        [50.,  0.,  0.,  0.]])
2024-12-02 00:30:16,348 INFO server.py 254:: [Server] Precision=[0.25  nan  nan  nan],
 Recall=[1. 0. 0. 0.],
 F1-score=[0.4 nan nan nan],
 my_accuracy=25.0[%]
2024-12-02 00:30:16,349 INFO _main.py 209:: ########EPOCH 6 ########
2024-12-02 00:30:16,349 INFO _main.py 210:: ###Model distribution###
2024-12-02 00:30:18,940 INFO server.py 1064:: clients' sizes=[1, 2, 1, 0, 0, 0, 2, 2, 0, 1, 0, 1, 2, 2, 2, 2, 1, 1, 2, 0, 1, 1, 1, 1, 1, 0, 1, 1, 1, 1, 2, 0, 2, 0, 1, 2, 1, 0, 2, 0], total=41
2024-12-02 00:30:18,973 INFO server.py 327:: [Server] The aggregation takes 0.032975 seconds.

2024-12-02 00:30:18,974 INFO server.py 211:: [Server] Start testing
2024-12-02 00:30:18,993 INFO server.py 235:: [Server] Test set: Average loss: 1.3864, Accuracy: 50/200 (25.0%)

2024-12-02 00:30:18,996 INFO server.py 238:: [Sever] Confusion matrix:
 tensor([[50.,  0.,  0.,  0.],
        [50.,  0.,  0.,  0.],
        [50.,  0.,  0.,  0.],
        [50.,  0.,  0.,  0.]])
2024-12-02 00:30:18,998 INFO server.py 254:: [Server] Precision=[0.25  nan  nan  nan],
 Recall=[1. 0. 0. 0.],
 F1-score=[0.4 nan nan nan],
 my_accuracy=25.0[%]
2024-12-02 00:30:18,998 INFO _main.py 209:: ########EPOCH 7 ########
2024-12-02 00:30:18,999 INFO _main.py 210:: ###Model distribution###
2024-12-02 00:30:21,797 INFO server.py 1064:: clients' sizes=[1, 2, 1, 0, 0, 0, 2, 2, 0, 1, 0, 1, 2, 2, 2, 2, 1, 1, 2, 0, 1, 1, 1, 1, 1, 0, 1, 1, 1, 1, 2, 0, 2, 0, 1, 2, 1, 0, 2, 0], total=41
2024-12-02 00:30:21,819 INFO server.py 327:: [Server] The aggregation takes 0.022923 seconds.

2024-12-02 00:30:21,820 INFO server.py 211:: [Server] Start testing
2024-12-02 00:30:21,835 INFO server.py 235:: [Server] Test set: Average loss: 1.3864, Accuracy: 50/200 (25.0%)

2024-12-02 00:30:21,836 INFO server.py 238:: [Sever] Confusion matrix:
 tensor([[50.,  0.,  0.,  0.],
        [50.,  0.,  0.,  0.],
        [50.,  0.,  0.,  0.],
        [50.,  0.,  0.,  0.]])
2024-12-02 00:30:21,837 INFO server.py 254:: [Server] Precision=[0.25  nan  nan  nan],
 Recall=[1. 0. 0. 0.],
 F1-score=[0.4 nan nan nan],
 my_accuracy=25.0[%]
2024-12-02 00:30:21,838 INFO _main.py 209:: ########EPOCH 8 ########
2024-12-02 00:30:21,838 INFO _main.py 210:: ###Model distribution###
2024-12-02 00:30:24,408 INFO server.py 1064:: clients' sizes=[1, 2, 1, 0, 0, 0, 2, 2, 0, 1, 0, 1, 2, 2, 2, 2, 1, 1, 2, 0, 1, 1, 1, 1, 1, 0, 1, 1, 1, 1, 2, 0, 2, 0, 1, 2, 1, 0, 2, 0], total=41
2024-12-02 00:30:24,430 INFO server.py 327:: [Server] The aggregation takes 0.021838 seconds.

2024-12-02 00:30:24,431 INFO server.py 211:: [Server] Start testing
2024-12-02 00:30:24,444 INFO server.py 235:: [Server] Test set: Average loss: 1.3864, Accuracy: 50/200 (25.0%)

2024-12-02 00:30:24,445 INFO server.py 238:: [Sever] Confusion matrix:
 tensor([[50.,  0.,  0.,  0.],
        [50.,  0.,  0.,  0.],
        [50.,  0.,  0.,  0.],
        [50.,  0.,  0.,  0.]])
2024-12-02 00:30:24,447 INFO server.py 254:: [Server] Precision=[0.25  nan  nan  nan],
 Recall=[1. 0. 0. 0.],
 F1-score=[0.4 nan nan nan],
 my_accuracy=25.0[%]
2024-12-02 00:30:24,448 INFO _main.py 209:: ########EPOCH 9 ########
2024-12-02 00:30:24,448 INFO _main.py 210:: ###Model distribution###
2024-12-02 00:30:28,005 INFO server.py 1064:: clients' sizes=[1, 2, 1, 0, 0, 0, 2, 2, 0, 1, 0, 1, 2, 2, 2, 2, 1, 1, 2, 0, 1, 1, 1, 1, 1, 0, 1, 1, 1, 1, 2, 0, 2, 0, 1, 2, 1, 0, 2, 0], total=41
2024-12-02 00:30:28,037 INFO server.py 327:: [Server] The aggregation takes 0.032508 seconds.

2024-12-02 00:30:28,038 INFO server.py 211:: [Server] Start testing
2024-12-02 00:30:28,059 INFO server.py 235:: [Server] Test set: Average loss: 1.3864, Accuracy: 50/200 (25.0%)

2024-12-02 00:30:28,062 INFO server.py 238:: [Sever] Confusion matrix:
 tensor([[50.,  0.,  0.,  0.],
        [50.,  0.,  0.,  0.],
        [50.,  0.,  0.,  0.],
        [50.,  0.,  0.,  0.]])
2024-12-02 00:30:28,063 INFO server.py 254:: [Server] Precision=[0.25  nan  nan  nan],
 Recall=[1. 0. 0. 0.],
 F1-score=[0.4 nan nan nan],
 my_accuracy=25.0[%]
2024-12-02 00:30:28,064 INFO _main.py 209:: ########EPOCH 10 ########
2024-12-02 00:30:28,064 INFO _main.py 210:: ###Model distribution###
2024-12-02 00:30:31,578 INFO server.py 1064:: clients' sizes=[1, 2, 1, 0, 0, 0, 2, 2, 0, 1, 0, 1, 2, 2, 2, 2, 1, 1, 2, 0, 1, 1, 1, 1, 1, 0, 1, 1, 1, 1, 2, 0, 2, 0, 1, 2, 1, 0, 2, 0], total=41
2024-12-02 00:30:31,610 INFO server.py 327:: [Server] The aggregation takes 0.033175 seconds.

2024-12-02 00:30:31,611 INFO server.py 211:: [Server] Start testing
2024-12-02 00:30:31,624 INFO server.py 235:: [Server] Test set: Average loss: 1.3864, Accuracy: 50/200 (25.0%)

2024-12-02 00:30:31,625 INFO server.py 238:: [Sever] Confusion matrix:
 tensor([[50.,  0.,  0.,  0.],
        [50.,  0.,  0.,  0.],
        [50.,  0.,  0.,  0.],
        [50.,  0.,  0.,  0.]])
2024-12-02 00:30:31,627 INFO server.py 254:: [Server] Precision=[0.25  nan  nan  nan],
 Recall=[1. 0. 0. 0.],
 F1-score=[0.4 nan nan nan],
 my_accuracy=25.0[%]
2024-12-02 00:30:31,627 INFO _main.py 209:: ########EPOCH 11 ########
2024-12-02 00:30:31,628 INFO _main.py 210:: ###Model distribution###
2024-12-02 00:30:34,173 INFO server.py 1064:: clients' sizes=[1, 2, 1, 0, 0, 0, 2, 2, 0, 1, 0, 1, 2, 2, 2, 2, 1, 1, 2, 0, 1, 1, 1, 1, 1, 0, 1, 1, 1, 1, 2, 0, 2, 0, 1, 2, 1, 0, 2, 0], total=41
2024-12-02 00:30:34,197 INFO server.py 327:: [Server] The aggregation takes 0.024269 seconds.

2024-12-02 00:30:34,198 INFO server.py 211:: [Server] Start testing
2024-12-02 00:30:34,211 INFO server.py 235:: [Server] Test set: Average loss: 1.3864, Accuracy: 50/200 (25.0%)

2024-12-02 00:30:34,213 INFO server.py 238:: [Sever] Confusion matrix:
 tensor([[50.,  0.,  0.,  0.],
        [50.,  0.,  0.,  0.],
        [50.,  0.,  0.,  0.],
        [50.,  0.,  0.,  0.]])
2024-12-02 00:30:34,214 INFO server.py 254:: [Server] Precision=[0.25  nan  nan  nan],
 Recall=[1. 0. 0. 0.],
 F1-score=[0.4 nan nan nan],
 my_accuracy=25.0[%]
2024-12-02 00:30:34,214 INFO _main.py 209:: ########EPOCH 12 ########
2024-12-02 00:30:34,215 INFO _main.py 210:: ###Model distribution###
2024-12-02 00:30:36,810 INFO server.py 1064:: clients' sizes=[1, 2, 1, 0, 0, 0, 2, 2, 0, 1, 0, 1, 2, 2, 2, 2, 1, 1, 2, 0, 1, 1, 1, 1, 1, 0, 1, 1, 1, 1, 2, 0, 2, 0, 1, 2, 1, 0, 2, 0], total=41
2024-12-02 00:30:36,831 INFO server.py 327:: [Server] The aggregation takes 0.021961 seconds.

2024-12-02 00:30:36,832 INFO server.py 211:: [Server] Start testing
2024-12-02 00:30:36,846 INFO server.py 235:: [Server] Test set: Average loss: 1.3864, Accuracy: 50/200 (25.0%)

2024-12-02 00:30:36,848 INFO server.py 238:: [Sever] Confusion matrix:
 tensor([[50.,  0.,  0.,  0.],
        [50.,  0.,  0.,  0.],
        [50.,  0.,  0.,  0.],
        [50.,  0.,  0.,  0.]])
2024-12-02 00:30:36,849 INFO server.py 254:: [Server] Precision=[0.25  nan  nan  nan],
 Recall=[1. 0. 0. 0.],
 F1-score=[0.4 nan nan nan],
 my_accuracy=25.0[%]
2024-12-02 00:30:36,850 INFO _main.py 209:: ########EPOCH 13 ########
2024-12-02 00:30:36,851 INFO _main.py 210:: ###Model distribution###
2024-12-02 00:30:39,459 INFO server.py 1064:: clients' sizes=[1, 2, 1, 0, 0, 0, 2, 2, 0, 1, 0, 1, 2, 2, 2, 2, 1, 1, 2, 0, 1, 1, 1, 1, 1, 0, 1, 1, 1, 1, 2, 0, 2, 0, 1, 2, 1, 0, 2, 0], total=41
2024-12-02 00:30:39,486 INFO server.py 327:: [Server] The aggregation takes 0.029041 seconds.

2024-12-02 00:30:39,487 INFO server.py 211:: [Server] Start testing
2024-12-02 00:30:39,501 INFO server.py 235:: [Server] Test set: Average loss: 1.3864, Accuracy: 50/200 (25.0%)

2024-12-02 00:30:39,502 INFO server.py 238:: [Sever] Confusion matrix:
 tensor([[50.,  0.,  0.,  0.],
        [50.,  0.,  0.,  0.],
        [50.,  0.,  0.,  0.],
        [50.,  0.,  0.,  0.]])
2024-12-02 00:30:39,504 INFO server.py 254:: [Server] Precision=[0.25  nan  nan  nan],
 Recall=[1. 0. 0. 0.],
 F1-score=[0.4 nan nan nan],
 my_accuracy=25.0[%]
2024-12-02 00:30:39,504 INFO _main.py 209:: ########EPOCH 14 ########
2024-12-02 00:30:39,504 INFO _main.py 210:: ###Model distribution###
2024-12-02 00:30:42,921 INFO server.py 1064:: clients' sizes=[1, 2, 1, 0, 0, 0, 2, 2, 0, 1, 0, 1, 2, 2, 2, 2, 1, 1, 2, 0, 1, 1, 1, 1, 1, 0, 1, 1, 1, 1, 2, 0, 2, 0, 1, 2, 1, 0, 2, 0], total=41
2024-12-02 00:30:42,954 INFO server.py 327:: [Server] The aggregation takes 0.034287 seconds.

2024-12-02 00:30:42,956 INFO server.py 211:: [Server] Start testing
2024-12-02 00:30:42,975 INFO server.py 235:: [Server] Test set: Average loss: 1.3864, Accuracy: 50/200 (25.0%)

2024-12-02 00:30:42,977 INFO server.py 238:: [Sever] Confusion matrix:
 tensor([[50.,  0.,  0.,  0.],
        [50.,  0.,  0.,  0.],
        [50.,  0.,  0.,  0.],
        [50.,  0.,  0.,  0.]])
2024-12-02 00:30:42,978 INFO server.py 254:: [Server] Precision=[0.25  nan  nan  nan],
 Recall=[1. 0. 0. 0.],
 F1-score=[0.4 nan nan nan],
 my_accuracy=25.0[%]
2024-12-02 00:30:42,979 INFO _main.py 209:: ########EPOCH 15 ########
2024-12-02 00:30:42,980 INFO _main.py 210:: ###Model distribution###
2024-12-02 00:30:46,598 INFO server.py 1064:: clients' sizes=[1, 2, 1, 0, 0, 0, 2, 2, 0, 1, 0, 1, 2, 2, 2, 2, 1, 1, 2, 0, 1, 1, 1, 1, 1, 0, 1, 1, 1, 1, 2, 0, 2, 0, 1, 2, 1, 0, 2, 0], total=41
2024-12-02 00:30:46,620 INFO server.py 327:: [Server] The aggregation takes 0.022610 seconds.

2024-12-02 00:30:46,621 INFO server.py 211:: [Server] Start testing
2024-12-02 00:30:46,634 INFO server.py 235:: [Server] Test set: Average loss: 1.3864, Accuracy: 50/200 (25.0%)

2024-12-02 00:30:46,636 INFO server.py 238:: [Sever] Confusion matrix:
 tensor([[50.,  0.,  0.,  0.],
        [50.,  0.,  0.,  0.],
        [50.,  0.,  0.,  0.],
        [50.,  0.,  0.,  0.]])
2024-12-02 00:30:46,637 INFO server.py 254:: [Server] Precision=[0.25  nan  nan  nan],
 Recall=[1. 0. 0. 0.],
 F1-score=[0.4 nan nan nan],
 my_accuracy=25.0[%]
2024-12-02 00:30:46,638 INFO _main.py 209:: ########EPOCH 16 ########
2024-12-02 00:30:46,638 INFO _main.py 210:: ###Model distribution###
2024-12-02 00:30:49,163 INFO server.py 1064:: clients' sizes=[1, 2, 1, 0, 0, 0, 2, 2, 0, 1, 0, 1, 2, 2, 2, 2, 1, 1, 2, 0, 1, 1, 1, 1, 1, 0, 1, 1, 1, 1, 2, 0, 2, 0, 1, 2, 1, 0, 2, 0], total=41
2024-12-02 00:30:49,185 INFO server.py 327:: [Server] The aggregation takes 0.022261 seconds.

2024-12-02 00:30:49,186 INFO server.py 211:: [Server] Start testing
2024-12-02 00:30:49,200 INFO server.py 235:: [Server] Test set: Average loss: 1.3864, Accuracy: 50/200 (25.0%)

2024-12-02 00:30:49,201 INFO server.py 238:: [Sever] Confusion matrix:
 tensor([[50.,  0.,  0.,  0.],
        [50.,  0.,  0.,  0.],
        [50.,  0.,  0.,  0.],
        [50.,  0.,  0.,  0.]])
2024-12-02 00:30:49,204 INFO server.py 254:: [Server] Precision=[0.25  nan  nan  nan],
 Recall=[1. 0. 0. 0.],
 F1-score=[0.4 nan nan nan],
 my_accuracy=25.0[%]
2024-12-02 00:30:49,204 INFO _main.py 209:: ########EPOCH 17 ########
2024-12-02 00:30:49,205 INFO _main.py 210:: ###Model distribution###
2024-12-02 00:30:52,015 INFO server.py 1064:: clients' sizes=[1, 2, 1, 0, 0, 0, 2, 2, 0, 1, 0, 1, 2, 2, 2, 2, 1, 1, 2, 0, 1, 1, 1, 1, 1, 0, 1, 1, 1, 1, 2, 0, 2, 0, 1, 2, 1, 0, 2, 0], total=41
2024-12-02 00:30:52,038 INFO server.py 327:: [Server] The aggregation takes 0.023340 seconds.

2024-12-02 00:30:52,039 INFO server.py 211:: [Server] Start testing
2024-12-02 00:30:52,054 INFO server.py 235:: [Server] Test set: Average loss: 1.3864, Accuracy: 50/200 (25.0%)

2024-12-02 00:30:52,056 INFO server.py 238:: [Sever] Confusion matrix:
 tensor([[50.,  0.,  0.,  0.],
        [50.,  0.,  0.,  0.],
        [50.,  0.,  0.,  0.],
        [50.,  0.,  0.,  0.]])
2024-12-02 00:30:52,057 INFO server.py 254:: [Server] Precision=[0.25  nan  nan  nan],
 Recall=[1. 0. 0. 0.],
 F1-score=[0.4 nan nan nan],
 my_accuracy=25.0[%]
2024-12-02 00:30:52,058 INFO _main.py 209:: ########EPOCH 18 ########
2024-12-02 00:30:52,059 INFO _main.py 210:: ###Model distribution###
2024-12-02 00:30:54,679 INFO server.py 1064:: clients' sizes=[1, 2, 1, 0, 0, 0, 2, 2, 0, 1, 0, 1, 2, 2, 2, 2, 1, 1, 2, 0, 1, 1, 1, 1, 1, 0, 1, 1, 1, 1, 2, 0, 2, 0, 1, 2, 1, 0, 2, 0], total=41
2024-12-02 00:30:54,702 INFO server.py 327:: [Server] The aggregation takes 0.024185 seconds.

2024-12-02 00:30:54,703 INFO server.py 211:: [Server] Start testing
2024-12-02 00:30:54,719 INFO server.py 235:: [Server] Test set: Average loss: 1.3864, Accuracy: 50/200 (25.0%)

2024-12-02 00:30:54,721 INFO server.py 238:: [Sever] Confusion matrix:
 tensor([[50.,  0.,  0.,  0.],
        [50.,  0.,  0.,  0.],
        [50.,  0.,  0.,  0.],
        [50.,  0.,  0.,  0.]])
2024-12-02 00:30:54,722 INFO server.py 254:: [Server] Precision=[0.25  nan  nan  nan],
 Recall=[1. 0. 0. 0.],
 F1-score=[0.4 nan nan nan],
 my_accuracy=25.0[%]
2024-12-02 00:30:54,723 INFO _main.py 209:: ########EPOCH 19 ########
2024-12-02 00:30:54,723 INFO _main.py 210:: ###Model distribution###
2024-12-02 00:30:57,864 INFO server.py 1064:: clients' sizes=[1, 2, 1, 0, 0, 0, 2, 2, 0, 1, 0, 1, 2, 2, 2, 2, 1, 1, 2, 0, 1, 1, 1, 1, 1, 0, 1, 1, 1, 1, 2, 0, 2, 0, 1, 2, 1, 0, 2, 0], total=41
2024-12-02 00:30:57,898 INFO server.py 327:: [Server] The aggregation takes 0.035209 seconds.

2024-12-02 00:30:57,899 INFO server.py 211:: [Server] Start testing
2024-12-02 00:30:57,919 INFO server.py 235:: [Server] Test set: Average loss: 1.3864, Accuracy: 50/200 (25.0%)

2024-12-02 00:30:57,920 INFO server.py 238:: [Sever] Confusion matrix:
 tensor([[50.,  0.,  0.,  0.],
        [50.,  0.,  0.,  0.],
        [50.,  0.,  0.,  0.],
        [50.,  0.,  0.,  0.]])
2024-12-02 00:30:57,922 INFO server.py 254:: [Server] Precision=[0.25  nan  nan  nan],
 Recall=[1. 0. 0. 0.],
 F1-score=[0.4 nan nan nan],
 my_accuracy=25.0[%]
2024-12-02 00:30:57,922 INFO _main.py 209:: ########EPOCH 20 ########
2024-12-02 00:30:57,923 INFO _main.py 210:: ###Model distribution###
2024-12-02 00:31:01,858 INFO server.py 1064:: clients' sizes=[1, 2, 1, 0, 0, 0, 2, 2, 0, 1, 0, 1, 2, 2, 2, 2, 1, 1, 2, 0, 1, 1, 1, 1, 1, 0, 1, 1, 1, 1, 2, 0, 2, 0, 1, 2, 1, 0, 2, 0], total=41
2024-12-02 00:31:01,892 INFO server.py 327:: [Server] The aggregation takes 0.034495 seconds.

2024-12-02 00:31:01,893 INFO server.py 211:: [Server] Start testing
2024-12-02 00:31:01,915 INFO server.py 235:: [Server] Test set: Average loss: 1.3864, Accuracy: 50/200 (25.0%)

2024-12-02 00:31:01,916 INFO server.py 238:: [Sever] Confusion matrix:
 tensor([[50.,  0.,  0.,  0.],
        [50.,  0.,  0.,  0.],
        [50.,  0.,  0.,  0.],
        [50.,  0.,  0.,  0.]])
2024-12-02 00:31:01,918 INFO server.py 254:: [Server] Precision=[0.25  nan  nan  nan],
 Recall=[1. 0. 0. 0.],
 F1-score=[0.4 nan nan nan],
 my_accuracy=25.0[%]
2024-12-02 00:31:01,919 INFO _main.py 209:: ########EPOCH 21 ########
2024-12-02 00:31:01,919 INFO _main.py 210:: ###Model distribution###
2024-12-02 00:31:04,597 INFO server.py 1064:: clients' sizes=[1, 2, 1, 0, 0, 0, 2, 2, 0, 1, 0, 1, 2, 2, 2, 2, 1, 1, 2, 0, 1, 1, 1, 1, 1, 0, 1, 1, 1, 1, 2, 0, 2, 0, 1, 2, 1, 0, 2, 0], total=41
2024-12-02 00:31:04,619 INFO server.py 327:: [Server] The aggregation takes 0.022814 seconds.

2024-12-02 00:31:04,620 INFO server.py 211:: [Server] Start testing
2024-12-02 00:31:04,635 INFO server.py 235:: [Server] Test set: Average loss: 1.3864, Accuracy: 50/200 (25.0%)

2024-12-02 00:31:04,636 INFO server.py 238:: [Sever] Confusion matrix:
 tensor([[50.,  0.,  0.,  0.],
        [50.,  0.,  0.,  0.],
        [50.,  0.,  0.,  0.],
        [50.,  0.,  0.,  0.]])
2024-12-02 00:31:04,638 INFO server.py 254:: [Server] Precision=[0.25  nan  nan  nan],
 Recall=[1. 0. 0. 0.],
 F1-score=[0.4 nan nan nan],
 my_accuracy=25.0[%]
2024-12-02 00:31:04,639 INFO _main.py 209:: ########EPOCH 22 ########
2024-12-02 00:31:04,639 INFO _main.py 210:: ###Model distribution###
2024-12-02 00:31:07,281 INFO server.py 1064:: clients' sizes=[1, 2, 1, 0, 0, 0, 2, 2, 0, 1, 0, 1, 2, 2, 2, 2, 1, 1, 2, 0, 1, 1, 1, 1, 1, 0, 1, 1, 1, 1, 2, 0, 2, 0, 1, 2, 1, 0, 2, 0], total=41
2024-12-02 00:31:07,302 INFO server.py 327:: [Server] The aggregation takes 0.022379 seconds.

2024-12-02 00:31:07,304 INFO server.py 211:: [Server] Start testing
2024-12-02 00:31:07,317 INFO server.py 235:: [Server] Test set: Average loss: 1.3864, Accuracy: 50/200 (25.0%)

2024-12-02 00:31:07,319 INFO server.py 238:: [Sever] Confusion matrix:
 tensor([[50.,  0.,  0.,  0.],
        [50.,  0.,  0.,  0.],
        [50.,  0.,  0.,  0.],
        [50.,  0.,  0.,  0.]])
2024-12-02 00:31:07,320 INFO server.py 254:: [Server] Precision=[0.25  nan  nan  nan],
 Recall=[1. 0. 0. 0.],
 F1-score=[0.4 nan nan nan],
 my_accuracy=25.0[%]
2024-12-02 00:31:07,321 INFO _main.py 209:: ########EPOCH 23 ########
2024-12-02 00:31:07,321 INFO _main.py 210:: ###Model distribution###
2024-12-02 00:31:09,943 INFO server.py 1064:: clients' sizes=[1, 2, 1, 0, 0, 0, 2, 2, 0, 1, 0, 1, 2, 2, 2, 2, 1, 1, 2, 0, 1, 1, 1, 1, 1, 0, 1, 1, 1, 1, 2, 0, 2, 0, 1, 2, 1, 0, 2, 0], total=41
2024-12-02 00:31:09,966 INFO server.py 327:: [Server] The aggregation takes 0.023776 seconds.

2024-12-02 00:31:09,967 INFO server.py 211:: [Server] Start testing
2024-12-02 00:31:09,982 INFO server.py 235:: [Server] Test set: Average loss: 1.3864, Accuracy: 50/200 (25.0%)

2024-12-02 00:31:09,983 INFO server.py 238:: [Sever] Confusion matrix:
 tensor([[50.,  0.,  0.,  0.],
        [50.,  0.,  0.,  0.],
        [50.,  0.,  0.,  0.],
        [50.,  0.,  0.,  0.]])
2024-12-02 00:31:09,985 INFO server.py 254:: [Server] Precision=[0.25  nan  nan  nan],
 Recall=[1. 0. 0. 0.],
 F1-score=[0.4 nan nan nan],
 my_accuracy=25.0[%]
2024-12-02 00:31:09,986 INFO _main.py 209:: ########EPOCH 24 ########
2024-12-02 00:31:09,986 INFO _main.py 210:: ###Model distribution###
2024-12-02 00:31:13,301 INFO server.py 1064:: clients' sizes=[1, 2, 1, 0, 0, 0, 2, 2, 0, 1, 0, 1, 2, 2, 2, 2, 1, 1, 2, 0, 1, 1, 1, 1, 1, 0, 1, 1, 1, 1, 2, 0, 2, 0, 1, 2, 1, 0, 2, 0], total=41
2024-12-02 00:31:13,332 INFO server.py 327:: [Server] The aggregation takes 0.032256 seconds.

2024-12-02 00:31:13,333 INFO server.py 211:: [Server] Start testing
2024-12-02 00:31:13,355 INFO server.py 235:: [Server] Test set: Average loss: 1.3864, Accuracy: 50/200 (25.0%)

2024-12-02 00:31:13,356 INFO server.py 238:: [Sever] Confusion matrix:
 tensor([[50.,  0.,  0.,  0.],
        [50.,  0.,  0.,  0.],
        [50.,  0.,  0.,  0.],
        [50.,  0.,  0.,  0.]])
2024-12-02 00:31:13,358 INFO server.py 254:: [Server] Precision=[0.25  nan  nan  nan],
 Recall=[1. 0. 0. 0.],
 F1-score=[0.4 nan nan nan],
 my_accuracy=25.0[%]
2024-12-02 00:31:13,359 INFO _main.py 209:: ########EPOCH 25 ########
2024-12-02 00:31:13,360 INFO _main.py 210:: ###Model distribution###
2024-12-02 00:31:17,187 INFO server.py 1064:: clients' sizes=[1, 2, 1, 0, 0, 0, 2, 2, 0, 1, 0, 1, 2, 2, 2, 2, 1, 1, 2, 0, 1, 1, 1, 1, 1, 0, 1, 1, 1, 1, 2, 0, 2, 0, 1, 2, 1, 0, 2, 0], total=41
2024-12-02 00:31:17,222 INFO server.py 327:: [Server] The aggregation takes 0.036335 seconds.

2024-12-02 00:31:17,224 INFO server.py 211:: [Server] Start testing
2024-12-02 00:31:17,246 INFO server.py 235:: [Server] Test set: Average loss: 1.3864, Accuracy: 50/200 (25.0%)

2024-12-02 00:31:17,251 INFO server.py 238:: [Sever] Confusion matrix:
 tensor([[50.,  0.,  0.,  0.],
        [50.,  0.,  0.,  0.],
        [50.,  0.,  0.,  0.],
        [50.,  0.,  0.,  0.]])
2024-12-02 00:31:17,253 INFO server.py 254:: [Server] Precision=[0.25  nan  nan  nan],
 Recall=[1. 0. 0. 0.],
 F1-score=[0.4 nan nan nan],
 my_accuracy=25.0[%]
2024-12-02 00:31:17,253 INFO _main.py 209:: ########EPOCH 26 ########
2024-12-02 00:31:17,254 INFO _main.py 210:: ###Model distribution###
2024-12-02 00:31:19,953 INFO server.py 1064:: clients' sizes=[1, 2, 1, 0, 0, 0, 2, 2, 0, 1, 0, 1, 2, 2, 2, 2, 1, 1, 2, 0, 1, 1, 1, 1, 1, 0, 1, 1, 1, 1, 2, 0, 2, 0, 1, 2, 1, 0, 2, 0], total=41
2024-12-02 00:31:19,976 INFO server.py 327:: [Server] The aggregation takes 0.024356 seconds.

2024-12-02 00:31:19,977 INFO server.py 211:: [Server] Start testing
2024-12-02 00:31:19,992 INFO server.py 235:: [Server] Test set: Average loss: 1.3864, Accuracy: 50/200 (25.0%)

2024-12-02 00:31:19,993 INFO server.py 238:: [Sever] Confusion matrix:
 tensor([[50.,  0.,  0.,  0.],
        [50.,  0.,  0.,  0.],
        [50.,  0.,  0.,  0.],
        [50.,  0.,  0.,  0.]])
2024-12-02 00:31:19,996 INFO server.py 254:: [Server] Precision=[0.25  nan  nan  nan],
 Recall=[1. 0. 0. 0.],
 F1-score=[0.4 nan nan nan],
 my_accuracy=25.0[%]
2024-12-02 00:31:19,996 INFO _main.py 209:: ########EPOCH 27 ########
2024-12-02 00:31:19,997 INFO _main.py 210:: ###Model distribution###
2024-12-02 00:31:22,876 INFO server.py 1064:: clients' sizes=[1, 2, 1, 0, 0, 0, 2, 2, 0, 1, 0, 1, 2, 2, 2, 2, 1, 1, 2, 0, 1, 1, 1, 1, 1, 0, 1, 1, 1, 1, 2, 0, 2, 0, 1, 2, 1, 0, 2, 0], total=41
2024-12-02 00:31:22,909 INFO server.py 327:: [Server] The aggregation takes 0.033948 seconds.

2024-12-02 00:31:22,910 INFO server.py 211:: [Server] Start testing
2024-12-02 00:31:22,924 INFO server.py 235:: [Server] Test set: Average loss: 1.3864, Accuracy: 50/200 (25.0%)

2024-12-02 00:31:22,925 INFO server.py 238:: [Sever] Confusion matrix:
 tensor([[50.,  0.,  0.,  0.],
        [50.,  0.,  0.,  0.],
        [50.,  0.,  0.,  0.],
        [50.,  0.,  0.,  0.]])
2024-12-02 00:31:22,927 INFO server.py 254:: [Server] Precision=[0.25  nan  nan  nan],
 Recall=[1. 0. 0. 0.],
 F1-score=[0.4 nan nan nan],
 my_accuracy=25.0[%]
2024-12-02 00:31:22,928 INFO _main.py 209:: ########EPOCH 28 ########
2024-12-02 00:31:22,929 INFO _main.py 210:: ###Model distribution###
2024-12-02 00:31:25,617 INFO server.py 1064:: clients' sizes=[1, 2, 1, 0, 0, 0, 2, 2, 0, 1, 0, 1, 2, 2, 2, 2, 1, 1, 2, 0, 1, 1, 1, 1, 1, 0, 1, 1, 1, 1, 2, 0, 2, 0, 1, 2, 1, 0, 2, 0], total=41
2024-12-02 00:31:25,638 INFO server.py 327:: [Server] The aggregation takes 0.022277 seconds.

2024-12-02 00:31:25,639 INFO server.py 211:: [Server] Start testing
2024-12-02 00:31:25,654 INFO server.py 235:: [Server] Test set: Average loss: 1.3864, Accuracy: 50/200 (25.0%)

2024-12-02 00:31:25,655 INFO server.py 238:: [Sever] Confusion matrix:
 tensor([[50.,  0.,  0.,  0.],
        [50.,  0.,  0.,  0.],
        [50.,  0.,  0.,  0.],
        [50.,  0.,  0.,  0.]])
2024-12-02 00:31:25,657 INFO server.py 254:: [Server] Precision=[0.25  nan  nan  nan],
 Recall=[1. 0. 0. 0.],
 F1-score=[0.4 nan nan nan],
 my_accuracy=25.0[%]
2024-12-02 00:31:25,657 INFO _main.py 209:: ########EPOCH 29 ########
2024-12-02 00:31:25,658 INFO _main.py 210:: ###Model distribution###
2024-12-02 00:31:28,604 INFO server.py 1064:: clients' sizes=[1, 2, 1, 0, 0, 0, 2, 2, 0, 1, 0, 1, 2, 2, 2, 2, 1, 1, 2, 0, 1, 1, 1, 1, 1, 0, 1, 1, 1, 1, 2, 0, 2, 0, 1, 2, 1, 0, 2, 0], total=41
2024-12-02 00:31:28,636 INFO server.py 327:: [Server] The aggregation takes 0.032587 seconds.

2024-12-02 00:31:28,637 INFO server.py 211:: [Server] Start testing
2024-12-02 00:31:28,656 INFO server.py 235:: [Server] Test set: Average loss: 1.3864, Accuracy: 50/200 (25.0%)

2024-12-02 00:31:28,657 INFO server.py 238:: [Sever] Confusion matrix:
 tensor([[50.,  0.,  0.,  0.],
        [50.,  0.,  0.,  0.],
        [50.,  0.,  0.,  0.],
        [50.,  0.,  0.,  0.]])
2024-12-02 00:31:28,659 INFO server.py 254:: [Server] Precision=[0.25  nan  nan  nan],
 Recall=[1. 0. 0. 0.],
 F1-score=[0.4 nan nan nan],
 my_accuracy=25.0[%]
2024-12-02 00:31:28,660 INFO _main.py 209:: ########EPOCH 30 ########
2024-12-02 00:31:28,660 INFO _main.py 210:: ###Model distribution###
2024-12-02 00:31:32,977 INFO server.py 1064:: clients' sizes=[1, 2, 1, 0, 0, 0, 2, 2, 0, 1, 0, 1, 2, 2, 2, 2, 1, 1, 2, 0, 1, 1, 1, 1, 1, 0, 1, 1, 1, 1, 2, 0, 2, 0, 1, 2, 1, 0, 2, 0], total=41
2024-12-02 00:31:33,014 INFO server.py 327:: [Server] The aggregation takes 0.037761 seconds.

2024-12-02 00:31:33,015 INFO server.py 211:: [Server] Start testing
2024-12-02 00:31:33,038 INFO server.py 235:: [Server] Test set: Average loss: 1.3864, Accuracy: 50/200 (25.0%)

2024-12-02 00:31:33,040 INFO server.py 238:: [Sever] Confusion matrix:
 tensor([[50.,  0.,  0.,  0.],
        [50.,  0.,  0.,  0.],
        [50.,  0.,  0.,  0.],
        [50.,  0.,  0.,  0.]])
2024-12-02 00:31:33,042 INFO server.py 254:: [Server] Precision=[0.25  nan  nan  nan],
 Recall=[1. 0. 0. 0.],
 F1-score=[0.4 nan nan nan],
 my_accuracy=25.0[%]
2024-12-02 00:31:33,042 INFO _main.py 209:: ########EPOCH 31 ########
2024-12-02 00:31:33,043 INFO _main.py 210:: ###Model distribution###
2024-12-02 00:31:36,181 INFO server.py 1064:: clients' sizes=[1, 2, 1, 0, 0, 0, 2, 2, 0, 1, 0, 1, 2, 2, 2, 2, 1, 1, 2, 0, 1, 1, 1, 1, 1, 0, 1, 1, 1, 1, 2, 0, 2, 0, 1, 2, 1, 0, 2, 0], total=41
2024-12-02 00:31:36,207 INFO server.py 327:: [Server] The aggregation takes 0.027281 seconds.

2024-12-02 00:31:36,209 INFO server.py 211:: [Server] Start testing
2024-12-02 00:31:36,225 INFO server.py 235:: [Server] Test set: Average loss: 1.3864, Accuracy: 50/200 (25.0%)

2024-12-02 00:31:36,227 INFO server.py 238:: [Sever] Confusion matrix:
 tensor([[50.,  0.,  0.,  0.],
        [50.,  0.,  0.,  0.],
        [50.,  0.,  0.,  0.],
        [50.,  0.,  0.,  0.]])
2024-12-02 00:31:36,229 INFO server.py 254:: [Server] Precision=[0.25  nan  nan  nan],
 Recall=[1. 0. 0. 0.],
 F1-score=[0.4 nan nan nan],
 my_accuracy=25.0[%]
2024-12-02 00:31:36,229 INFO _main.py 209:: ########EPOCH 32 ########
2024-12-02 00:31:36,230 INFO _main.py 210:: ###Model distribution###
2024-12-02 00:31:39,128 INFO server.py 1064:: clients' sizes=[1, 2, 1, 0, 0, 0, 2, 2, 0, 1, 0, 1, 2, 2, 2, 2, 1, 1, 2, 0, 1, 1, 1, 1, 1, 0, 1, 1, 1, 1, 2, 0, 2, 0, 1, 2, 1, 0, 2, 0], total=41
2024-12-02 00:31:39,149 INFO server.py 327:: [Server] The aggregation takes 0.022525 seconds.

2024-12-02 00:31:39,150 INFO server.py 211:: [Server] Start testing
2024-12-02 00:31:39,165 INFO server.py 235:: [Server] Test set: Average loss: 1.3864, Accuracy: 50/200 (25.0%)

2024-12-02 00:31:39,166 INFO server.py 238:: [Sever] Confusion matrix:
 tensor([[50.,  0.,  0.,  0.],
        [50.,  0.,  0.,  0.],
        [50.,  0.,  0.,  0.],
        [50.,  0.,  0.,  0.]])
2024-12-02 00:31:39,168 INFO server.py 254:: [Server] Precision=[0.25  nan  nan  nan],
 Recall=[1. 0. 0. 0.],
 F1-score=[0.4 nan nan nan],
 my_accuracy=25.0[%]
2024-12-02 00:31:39,168 INFO _main.py 209:: ########EPOCH 33 ########
2024-12-02 00:31:39,168 INFO _main.py 210:: ###Model distribution###
2024-12-02 00:31:42,139 INFO server.py 1064:: clients' sizes=[1, 2, 1, 0, 0, 0, 2, 2, 0, 1, 0, 1, 2, 2, 2, 2, 1, 1, 2, 0, 1, 1, 1, 1, 1, 0, 1, 1, 1, 1, 2, 0, 2, 0, 1, 2, 1, 0, 2, 0], total=41
2024-12-02 00:31:42,162 INFO server.py 327:: [Server] The aggregation takes 0.023709 seconds.

2024-12-02 00:31:42,163 INFO server.py 211:: [Server] Start testing
2024-12-02 00:31:42,179 INFO server.py 235:: [Server] Test set: Average loss: 1.3864, Accuracy: 50/200 (25.0%)

2024-12-02 00:31:42,180 INFO server.py 238:: [Sever] Confusion matrix:
 tensor([[50.,  0.,  0.,  0.],
        [50.,  0.,  0.,  0.],
        [50.,  0.,  0.,  0.],
        [50.,  0.,  0.,  0.]])
2024-12-02 00:31:42,182 INFO server.py 254:: [Server] Precision=[0.25  nan  nan  nan],
 Recall=[1. 0. 0. 0.],
 F1-score=[0.4 nan nan nan],
 my_accuracy=25.0[%]
2024-12-02 00:31:42,183 INFO _main.py 209:: ########EPOCH 34 ########
2024-12-02 00:31:42,184 INFO _main.py 210:: ###Model distribution###
2024-12-02 00:31:45,605 INFO server.py 1064:: clients' sizes=[1, 2, 1, 0, 0, 0, 2, 2, 0, 1, 0, 1, 2, 2, 2, 2, 1, 1, 2, 0, 1, 1, 1, 1, 1, 0, 1, 1, 1, 1, 2, 0, 2, 0, 1, 2, 1, 0, 2, 0], total=41
2024-12-02 00:31:45,639 INFO server.py 327:: [Server] The aggregation takes 0.035994 seconds.

2024-12-02 00:31:45,640 INFO server.py 211:: [Server] Start testing
2024-12-02 00:31:45,666 INFO server.py 235:: [Server] Test set: Average loss: 1.3864, Accuracy: 50/200 (25.0%)

2024-12-02 00:31:45,667 INFO server.py 238:: [Sever] Confusion matrix:
 tensor([[50.,  0.,  0.,  0.],
        [50.,  0.,  0.,  0.],
        [50.,  0.,  0.,  0.],
        [50.,  0.,  0.,  0.]])
2024-12-02 00:31:45,669 INFO server.py 254:: [Server] Precision=[0.25  nan  nan  nan],
 Recall=[1. 0. 0. 0.],
 F1-score=[0.4 nan nan nan],
 my_accuracy=25.0[%]
