2024-12-02 00:15:36,041 INFO _main.py 39:: ################################################################
2024-12-02 00:15:36,045 INFO _main.py 41:: #                              batch_size: 64                  #
2024-12-02 00:15:36,046 INFO _main.py 41:: #                         test_batch_size: 32                  #
2024-12-02 00:15:36,046 INFO _main.py 41:: #                                  epochs: 30                  #
2024-12-02 00:15:36,048 INFO _main.py 41:: #                               optimizer: SGD                 #
2024-12-02 00:15:36,048 INFO _main.py 41:: #                                      lr: 0.01                #
2024-12-02 00:15:36,048 INFO _main.py 41:: #                                momentum: 0.9                 #
2024-12-02 00:15:36,048 INFO _main.py 41:: #                            weight_decay: 0.0001              #
2024-12-02 00:15:36,049 INFO _main.py 41:: #                                    seed: 1                   #
2024-12-02 00:15:36,049 INFO _main.py 41:: #                            log_interval: 11                  #
2024-12-02 00:15:36,049 INFO _main.py 41:: #                             num_clients: 40                  #
2024-12-02 00:15:36,049 INFO _main.py 41:: #                           output_folder: experiments         #
2024-12-02 00:15:36,049 INFO _main.py 41:: #                                 dataset: rockburst           #
2024-12-02 00:15:36,050 INFO _main.py 41:: #                             loader_type: dirichlet           #
2024-12-02 00:15:36,050 INFO _main.py 41:: #                             loader_path: ./data/loader.pk    #
2024-12-02 00:15:36,051 INFO _main.py 41:: #                                      AR: krum                #
2024-12-02 00:15:36,051 INFO _main.py 41:: #                     n_attacker_backdoor: 0                   #
2024-12-02 00:15:36,051 INFO _main.py 41:: #                        backdoor_trigger: [0, 0, 1, 1]        #
2024-12-02 00:15:36,052 INFO _main.py 41:: #                   n_attacker_omniscient: 0                   #
2024-12-02 00:15:36,052 INFO _main.py 41:: #                        omniscient_scale: 1                   #
2024-12-02 00:15:36,052 INFO _main.py 41:: #                                 attacks: None                #
2024-12-02 00:15:36,052 INFO _main.py 41:: #                      save_model_weights: False               #
2024-12-02 00:15:36,052 INFO _main.py 41:: #                         experiment_name: sExp4Ba_40ep_rockburst_krum_40C_5#
2024-12-02 00:15:36,053 INFO _main.py 41:: #                          path_to_aggNet: None                #
2024-12-02 00:15:36,053 INFO _main.py 41:: #                                  device: cpu                 #
2024-12-02 00:15:36,053 INFO _main.py 41:: #                            inner_epochs: 30                  #
2024-12-02 00:15:36,053 INFO _main.py 41:: #                                 verbose: True                #
2024-12-02 00:15:36,054 INFO _main.py 41:: #                         list_unreliable: [2, 18, 20]         #
2024-12-02 00:15:36,054 INFO _main.py 41:: #                     unreliable_fraction: 0.5                 #
2024-12-02 00:15:36,054 INFO _main.py 41:: #                    unreliable_fracTrain: 0.3                 #
2024-12-02 00:15:36,055 INFO _main.py 41:: #                         mean_unreliable: 0.0                 #
2024-12-02 00:15:36,055 INFO _main.py 41:: #                             blur_method: add_noise           #
2024-12-02 00:15:36,056 INFO _main.py 41:: #                      max_std_unreliable: 30.0                #
2024-12-02 00:15:36,056 INFO _main.py 41:: #                     list_uatk_add_noise: [24, 25, 26]        #
2024-12-02 00:15:36,056 INFO _main.py 41:: #                          mean_add_noise: 0.0                 #
2024-12-02 00:15:36,056 INFO _main.py 41:: #                           std_add_noise: 0.01                #
2024-12-02 00:15:36,057 INFO _main.py 41:: #                     list_uatk_flip_sign: [0, 10, 11]         #
2024-12-02 00:15:36,057 INFO _main.py 42:: ################################################################
2024-12-02 00:15:36,058 INFO _main.py 43:: Namespace(batch_size=64, test_batch_size=32, epochs=30, optimizer='SGD', lr=0.01, momentum=0.9, weight_decay=0.0001, seed=1, log_interval=11, num_clients=40, output_folder='experiments', dataset='rockburst', loader_type='dirichlet', loader_path='./data/loader.pk', AR='krum', n_attacker_backdoor=0, backdoor_trigger=[0, 0, 1, 1], n_attacker_omniscient=0, omniscient_scale=1, attacks=None, save_model_weights=False, experiment_name='sExp4Ba_40ep_rockburst_krum_40C_5', path_to_aggNet=None, device='cpu', inner_epochs=30, verbose=True, list_unreliable=[2, 18, 20], unreliable_fraction=0.5, unreliable_fracTrain=0.3, mean_unreliable=0.0, blur_method='add_noise', max_std_unreliable=30.0, list_uatk_add_noise=[24, 25, 26], mean_add_noise=0.0, std_add_noise=0.01, list_uatk_flip_sign=[0, 10, 11])
2024-12-02 00:15:36,058 INFO _main.py 44:: #####################
2024-12-02 00:15:36,059 INFO _main.py 45:: #####################
2024-12-02 00:15:36,059 INFO _main.py 46:: #####################
2024-12-02 00:15:36,059 INFO _main.py 47:: Aggregation Rule:	krum
2024-12-02 00:15:36,059 INFO _main.py 48:: Data distribution:	dirichlet
2024-12-02 00:15:36,060 INFO _main.py 49:: Attacks:	None 
2024-12-02 00:15:36,060 INFO _main.py 50:: #####################
2024-12-02 00:15:36,060 INFO _main.py 51:: #####################
2024-12-02 00:15:36,060 INFO _main.py 52:: #####################
2024-12-02 00:15:37,637 INFO server.py 366:: SET DBSCAN eps=1.3, min_samples=10
2024-12-02 00:15:37,641 INFO _main.py 135:: [1-normal, 0-malicious] label =tensor([0., 1., 1., 1., 1., 1., 1., 1., 1., 1., 0., 0., 1., 1., 1., 1., 1., 1.,
        1., 1., 1., 1., 1., 1., 0., 0., 0., 1., 1., 1., 1., 1., 1., 1., 1., 1.,
        1., 1., 1., 1.])
2024-12-02 00:15:37,648 INFO malicious_clients.py 123:: init ATTACK OMNISCIENT Client 0
2024-12-02 00:15:37,653 INFO malicious_clients.py 18:: init UNRELIABLE Client 2
2024-12-02 00:15:37,684 INFO malicious_clients.py 123:: init ATTACK OMNISCIENT Client 10
2024-12-02 00:15:37,689 INFO malicious_clients.py 123:: init ATTACK OMNISCIENT Client 11
2024-12-02 00:15:37,710 INFO malicious_clients.py 18:: init UNRELIABLE Client 18
2024-12-02 00:15:37,717 INFO malicious_clients.py 18:: init UNRELIABLE Client 20
2024-12-02 00:15:37,735 INFO malicious_clients.py 73:: init ATTACK ADD NOISE TO GRAD Client 24
2024-12-02 00:15:37,739 INFO malicious_clients.py 73:: init ATTACK ADD NOISE TO GRAD Client 25
2024-12-02 00:15:37,743 INFO malicious_clients.py 73:: init ATTACK ADD NOISE TO GRAD Client 26
2024-12-02 00:15:37,794 INFO server.py 211:: [Server] Start testing
2024-12-02 00:15:37,811 INFO server.py 235:: [Server] Test set: Average loss: 1.3864, Accuracy: 50/200 (25.0%)

2024-12-02 00:15:37,812 INFO server.py 238:: [Sever] Confusion matrix:
 tensor([[50.,  0.,  0.,  0.],
        [50.,  0.,  0.,  0.],
        [50.,  0.,  0.,  0.],
        [50.,  0.,  0.,  0.]])
2024-12-02 00:15:37,819 INFO server.py 254:: [Server] Precision=[0.25  nan  nan  nan],
 Recall=[1. 0. 0. 0.],
 F1-score=[0.4 nan nan nan],
 my_accuracy=25.0[%]
2024-12-02 00:15:37,821 INFO _main.py 209:: ########EPOCH 0 ########
2024-12-02 00:15:37,821 INFO _main.py 210:: ###Model distribution###
2024-12-02 00:15:40,448 INFO server.py 1064:: clients' sizes=[1, 2, 1, 0, 0, 0, 2, 2, 0, 1, 0, 1, 2, 2, 2, 2, 1, 1, 2, 0, 1, 1, 1, 1, 1, 0, 1, 1, 1, 1, 2, 0, 2, 0, 1, 2, 1, 0, 2, 0], total=41
2024-12-02 00:15:40,477 INFO server.py 327:: [Server] The aggregation takes 0.037763 seconds.

2024-12-02 00:15:40,478 INFO server.py 211:: [Server] Start testing
2024-12-02 00:15:40,491 INFO server.py 235:: [Server] Test set: Average loss: 1.3864, Accuracy: 50/200 (25.0%)

2024-12-02 00:15:40,493 INFO server.py 238:: [Sever] Confusion matrix:
 tensor([[50.,  0.,  0.,  0.],
        [50.,  0.,  0.,  0.],
        [50.,  0.,  0.,  0.],
        [50.,  0.,  0.,  0.]])
2024-12-02 00:15:40,494 INFO server.py 254:: [Server] Precision=[0.25  nan  nan  nan],
 Recall=[1. 0. 0. 0.],
 F1-score=[0.4 nan nan nan],
 my_accuracy=25.0[%]
2024-12-02 00:15:40,494 INFO _main.py 209:: ########EPOCH 1 ########
2024-12-02 00:15:40,495 INFO _main.py 210:: ###Model distribution###
2024-12-02 00:15:43,043 INFO server.py 1064:: clients' sizes=[1, 2, 1, 0, 0, 0, 2, 2, 0, 1, 0, 1, 2, 2, 2, 2, 1, 1, 2, 0, 1, 1, 1, 1, 1, 0, 1, 1, 1, 1, 2, 0, 2, 0, 1, 2, 1, 0, 2, 0], total=41
2024-12-02 00:15:43,064 INFO server.py 327:: [Server] The aggregation takes 0.021906 seconds.

2024-12-02 00:15:43,065 INFO server.py 211:: [Server] Start testing
2024-12-02 00:15:43,079 INFO server.py 235:: [Server] Test set: Average loss: 1.3864, Accuracy: 50/200 (25.0%)

2024-12-02 00:15:43,080 INFO server.py 238:: [Sever] Confusion matrix:
 tensor([[50.,  0.,  0.,  0.],
        [50.,  0.,  0.,  0.],
        [50.,  0.,  0.,  0.],
        [50.,  0.,  0.,  0.]])
2024-12-02 00:15:43,082 INFO server.py 254:: [Server] Precision=[0.25  nan  nan  nan],
 Recall=[1. 0. 0. 0.],
 F1-score=[0.4 nan nan nan],
 my_accuracy=25.0[%]
2024-12-02 00:15:43,082 INFO _main.py 209:: ########EPOCH 2 ########
2024-12-02 00:15:43,083 INFO _main.py 210:: ###Model distribution###
2024-12-02 00:15:46,761 INFO server.py 1064:: clients' sizes=[1, 2, 1, 0, 0, 0, 2, 2, 0, 1, 0, 1, 2, 2, 2, 2, 1, 1, 2, 0, 1, 1, 1, 1, 1, 0, 1, 1, 1, 1, 2, 0, 2, 0, 1, 2, 1, 0, 2, 0], total=41
2024-12-02 00:15:46,793 INFO server.py 327:: [Server] The aggregation takes 0.033010 seconds.

2024-12-02 00:15:46,794 INFO server.py 211:: [Server] Start testing
2024-12-02 00:15:46,819 INFO server.py 235:: [Server] Test set: Average loss: 1.3864, Accuracy: 50/200 (25.0%)

2024-12-02 00:15:46,823 INFO server.py 238:: [Sever] Confusion matrix:
 tensor([[50.,  0.,  0.,  0.],
        [50.,  0.,  0.,  0.],
        [50.,  0.,  0.,  0.],
        [50.,  0.,  0.,  0.]])
2024-12-02 00:15:46,825 INFO server.py 254:: [Server] Precision=[0.25  nan  nan  nan],
 Recall=[1. 0. 0. 0.],
 F1-score=[0.4 nan nan nan],
 my_accuracy=25.0[%]
2024-12-02 00:15:46,826 INFO _main.py 209:: ########EPOCH 3 ########
2024-12-02 00:15:46,828 INFO _main.py 210:: ###Model distribution###
2024-12-02 00:15:50,364 INFO server.py 1064:: clients' sizes=[1, 2, 1, 0, 0, 0, 2, 2, 0, 1, 0, 1, 2, 2, 2, 2, 1, 1, 2, 0, 1, 1, 1, 1, 1, 0, 1, 1, 1, 1, 2, 0, 2, 0, 1, 2, 1, 0, 2, 0], total=41
2024-12-02 00:15:50,386 INFO server.py 327:: [Server] The aggregation takes 0.022687 seconds.

2024-12-02 00:15:50,387 INFO server.py 211:: [Server] Start testing
2024-12-02 00:15:50,400 INFO server.py 235:: [Server] Test set: Average loss: 1.3864, Accuracy: 50/200 (25.0%)

2024-12-02 00:15:50,402 INFO server.py 238:: [Sever] Confusion matrix:
 tensor([[50.,  0.,  0.,  0.],
        [50.,  0.,  0.,  0.],
        [50.,  0.,  0.,  0.],
        [50.,  0.,  0.,  0.]])
2024-12-02 00:15:50,403 INFO server.py 254:: [Server] Precision=[0.25  nan  nan  nan],
 Recall=[1. 0. 0. 0.],
 F1-score=[0.4 nan nan nan],
 my_accuracy=25.0[%]
2024-12-02 00:15:50,404 INFO _main.py 209:: ########EPOCH 4 ########
2024-12-02 00:15:50,404 INFO _main.py 210:: ###Model distribution###
2024-12-02 00:15:52,941 INFO server.py 1064:: clients' sizes=[1, 2, 1, 0, 0, 0, 2, 2, 0, 1, 0, 1, 2, 2, 2, 2, 1, 1, 2, 0, 1, 1, 1, 1, 1, 0, 1, 1, 1, 1, 2, 0, 2, 0, 1, 2, 1, 0, 2, 0], total=41
2024-12-02 00:15:52,963 INFO server.py 327:: [Server] The aggregation takes 0.022405 seconds.

2024-12-02 00:15:52,964 INFO server.py 211:: [Server] Start testing
2024-12-02 00:15:52,978 INFO server.py 235:: [Server] Test set: Average loss: 1.3864, Accuracy: 50/200 (25.0%)

2024-12-02 00:15:52,979 INFO server.py 238:: [Sever] Confusion matrix:
 tensor([[50.,  0.,  0.,  0.],
        [50.,  0.,  0.,  0.],
        [50.,  0.,  0.,  0.],
        [50.,  0.,  0.,  0.]])
2024-12-02 00:15:52,980 INFO server.py 254:: [Server] Precision=[0.25  nan  nan  nan],
 Recall=[1. 0. 0. 0.],
 F1-score=[0.4 nan nan nan],
 my_accuracy=25.0[%]
2024-12-02 00:15:52,981 INFO _main.py 209:: ########EPOCH 5 ########
2024-12-02 00:15:52,981 INFO _main.py 210:: ###Model distribution###
2024-12-02 00:15:55,798 INFO server.py 1064:: clients' sizes=[1, 2, 1, 0, 0, 0, 2, 2, 0, 1, 0, 1, 2, 2, 2, 2, 1, 1, 2, 0, 1, 1, 1, 1, 1, 0, 1, 1, 1, 1, 2, 0, 2, 0, 1, 2, 1, 0, 2, 0], total=41
2024-12-02 00:15:55,819 INFO server.py 327:: [Server] The aggregation takes 0.021956 seconds.

2024-12-02 00:15:55,820 INFO server.py 211:: [Server] Start testing
2024-12-02 00:15:55,834 INFO server.py 235:: [Server] Test set: Average loss: 1.3864, Accuracy: 50/200 (25.0%)

2024-12-02 00:15:55,835 INFO server.py 238:: [Sever] Confusion matrix:
 tensor([[50.,  0.,  0.,  0.],
        [50.,  0.,  0.,  0.],
        [50.,  0.,  0.,  0.],
        [50.,  0.,  0.,  0.]])
2024-12-02 00:15:55,837 INFO server.py 254:: [Server] Precision=[0.25  nan  nan  nan],
 Recall=[1. 0. 0. 0.],
 F1-score=[0.4 nan nan nan],
 my_accuracy=25.0[%]
2024-12-02 00:15:55,838 INFO _main.py 209:: ########EPOCH 6 ########
2024-12-02 00:15:55,838 INFO _main.py 210:: ###Model distribution###
2024-12-02 00:15:58,445 INFO server.py 1064:: clients' sizes=[1, 2, 1, 0, 0, 0, 2, 2, 0, 1, 0, 1, 2, 2, 2, 2, 1, 1, 2, 0, 1, 1, 1, 1, 1, 0, 1, 1, 1, 1, 2, 0, 2, 0, 1, 2, 1, 0, 2, 0], total=41
2024-12-02 00:15:58,468 INFO server.py 327:: [Server] The aggregation takes 0.023619 seconds.

2024-12-02 00:15:58,469 INFO server.py 211:: [Server] Start testing
2024-12-02 00:15:58,483 INFO server.py 235:: [Server] Test set: Average loss: 1.3864, Accuracy: 50/200 (25.0%)

2024-12-02 00:15:58,484 INFO server.py 238:: [Sever] Confusion matrix:
 tensor([[50.,  0.,  0.,  0.],
        [50.,  0.,  0.,  0.],
        [50.,  0.,  0.,  0.],
        [50.,  0.,  0.,  0.]])
2024-12-02 00:15:58,486 INFO server.py 254:: [Server] Precision=[0.25  nan  nan  nan],
 Recall=[1. 0. 0. 0.],
 F1-score=[0.4 nan nan nan],
 my_accuracy=25.0[%]
2024-12-02 00:15:58,487 INFO _main.py 209:: ########EPOCH 7 ########
2024-12-02 00:15:58,487 INFO _main.py 210:: ###Model distribution###
2024-12-02 00:16:01,704 INFO server.py 1064:: clients' sizes=[1, 2, 1, 0, 0, 0, 2, 2, 0, 1, 0, 1, 2, 2, 2, 2, 1, 1, 2, 0, 1, 1, 1, 1, 1, 0, 1, 1, 1, 1, 2, 0, 2, 0, 1, 2, 1, 0, 2, 0], total=41
2024-12-02 00:16:01,741 INFO server.py 327:: [Server] The aggregation takes 0.038908 seconds.

2024-12-02 00:16:01,743 INFO server.py 211:: [Server] Start testing
2024-12-02 00:16:01,763 INFO server.py 235:: [Server] Test set: Average loss: 1.3864, Accuracy: 50/200 (25.0%)

2024-12-02 00:16:01,764 INFO server.py 238:: [Sever] Confusion matrix:
 tensor([[50.,  0.,  0.,  0.],
        [50.,  0.,  0.,  0.],
        [50.,  0.,  0.,  0.],
        [50.,  0.,  0.,  0.]])
2024-12-02 00:16:01,765 INFO server.py 254:: [Server] Precision=[0.25  nan  nan  nan],
 Recall=[1. 0. 0. 0.],
 F1-score=[0.4 nan nan nan],
 my_accuracy=25.0[%]
2024-12-02 00:16:01,766 INFO _main.py 209:: ########EPOCH 8 ########
2024-12-02 00:16:01,767 INFO _main.py 210:: ###Model distribution###
2024-12-02 00:16:05,591 INFO server.py 1064:: clients' sizes=[1, 2, 1, 0, 0, 0, 2, 2, 0, 1, 0, 1, 2, 2, 2, 2, 1, 1, 2, 0, 1, 1, 1, 1, 1, 0, 1, 1, 1, 1, 2, 0, 2, 0, 1, 2, 1, 0, 2, 0], total=41
2024-12-02 00:16:05,614 INFO server.py 327:: [Server] The aggregation takes 0.024132 seconds.

2024-12-02 00:16:05,615 INFO server.py 211:: [Server] Start testing
2024-12-02 00:16:05,628 INFO server.py 235:: [Server] Test set: Average loss: 1.3864, Accuracy: 50/200 (25.0%)

2024-12-02 00:16:05,629 INFO server.py 238:: [Sever] Confusion matrix:
 tensor([[50.,  0.,  0.,  0.],
        [50.,  0.,  0.,  0.],
        [50.,  0.,  0.,  0.],
        [50.,  0.,  0.,  0.]])
2024-12-02 00:16:05,631 INFO server.py 254:: [Server] Precision=[0.25  nan  nan  nan],
 Recall=[1. 0. 0. 0.],
 F1-score=[0.4 nan nan nan],
 my_accuracy=25.0[%]
2024-12-02 00:16:05,631 INFO _main.py 209:: ########EPOCH 9 ########
2024-12-02 00:16:05,632 INFO _main.py 210:: ###Model distribution###
2024-12-02 00:16:08,284 INFO server.py 1064:: clients' sizes=[1, 2, 1, 0, 0, 0, 2, 2, 0, 1, 0, 1, 2, 2, 2, 2, 1, 1, 2, 0, 1, 1, 1, 1, 1, 0, 1, 1, 1, 1, 2, 0, 2, 0, 1, 2, 1, 0, 2, 0], total=41
2024-12-02 00:16:08,305 INFO server.py 327:: [Server] The aggregation takes 0.021936 seconds.

2024-12-02 00:16:08,306 INFO server.py 211:: [Server] Start testing
2024-12-02 00:16:08,320 INFO server.py 235:: [Server] Test set: Average loss: 1.3864, Accuracy: 50/200 (25.0%)

2024-12-02 00:16:08,321 INFO server.py 238:: [Sever] Confusion matrix:
 tensor([[50.,  0.,  0.,  0.],
        [50.,  0.,  0.,  0.],
        [50.,  0.,  0.,  0.],
        [50.,  0.,  0.,  0.]])
2024-12-02 00:16:08,323 INFO server.py 254:: [Server] Precision=[0.25  nan  nan  nan],
 Recall=[1. 0. 0. 0.],
 F1-score=[0.4 nan nan nan],
 my_accuracy=25.0[%]
2024-12-02 00:16:08,323 INFO _main.py 209:: ########EPOCH 10 ########
2024-12-02 00:16:08,324 INFO _main.py 210:: ###Model distribution###
2024-12-02 00:16:10,867 INFO server.py 1064:: clients' sizes=[1, 2, 1, 0, 0, 0, 2, 2, 0, 1, 0, 1, 2, 2, 2, 2, 1, 1, 2, 0, 1, 1, 1, 1, 1, 0, 1, 1, 1, 1, 2, 0, 2, 0, 1, 2, 1, 0, 2, 0], total=41
2024-12-02 00:16:10,888 INFO server.py 327:: [Server] The aggregation takes 0.021409 seconds.

2024-12-02 00:16:10,889 INFO server.py 211:: [Server] Start testing
2024-12-02 00:16:10,902 INFO server.py 235:: [Server] Test set: Average loss: 1.3864, Accuracy: 50/200 (25.0%)

2024-12-02 00:16:10,903 INFO server.py 238:: [Sever] Confusion matrix:
 tensor([[50.,  0.,  0.,  0.],
        [50.,  0.,  0.,  0.],
        [50.,  0.,  0.,  0.],
        [50.,  0.,  0.,  0.]])
2024-12-02 00:16:10,905 INFO server.py 254:: [Server] Precision=[0.25  nan  nan  nan],
 Recall=[1. 0. 0. 0.],
 F1-score=[0.4 nan nan nan],
 my_accuracy=25.0[%]
2024-12-02 00:16:10,905 INFO _main.py 209:: ########EPOCH 11 ########
2024-12-02 00:16:10,905 INFO _main.py 210:: ###Model distribution###
2024-12-02 00:16:13,458 INFO server.py 1064:: clients' sizes=[1, 2, 1, 0, 0, 0, 2, 2, 0, 1, 0, 1, 2, 2, 2, 2, 1, 1, 2, 0, 1, 1, 1, 1, 1, 0, 1, 1, 1, 1, 2, 0, 2, 0, 1, 2, 1, 0, 2, 0], total=41
2024-12-02 00:16:13,479 INFO server.py 327:: [Server] The aggregation takes 0.021886 seconds.

2024-12-02 00:16:13,480 INFO server.py 211:: [Server] Start testing
2024-12-02 00:16:13,494 INFO server.py 235:: [Server] Test set: Average loss: 1.3864, Accuracy: 50/200 (25.0%)

2024-12-02 00:16:13,496 INFO server.py 238:: [Sever] Confusion matrix:
 tensor([[50.,  0.,  0.,  0.],
        [50.,  0.,  0.,  0.],
        [50.,  0.,  0.,  0.],
        [50.,  0.,  0.,  0.]])
2024-12-02 00:16:13,497 INFO server.py 254:: [Server] Precision=[0.25  nan  nan  nan],
 Recall=[1. 0. 0. 0.],
 F1-score=[0.4 nan nan nan],
 my_accuracy=25.0[%]
2024-12-02 00:16:13,498 INFO _main.py 209:: ########EPOCH 12 ########
2024-12-02 00:16:13,499 INFO _main.py 210:: ###Model distribution###
2024-12-02 00:16:16,642 INFO server.py 1064:: clients' sizes=[1, 2, 1, 0, 0, 0, 2, 2, 0, 1, 0, 1, 2, 2, 2, 2, 1, 1, 2, 0, 1, 1, 1, 1, 1, 0, 1, 1, 1, 1, 2, 0, 2, 0, 1, 2, 1, 0, 2, 0], total=41
2024-12-02 00:16:16,676 INFO server.py 327:: [Server] The aggregation takes 0.035265 seconds.

2024-12-02 00:16:16,677 INFO server.py 211:: [Server] Start testing
2024-12-02 00:16:16,698 INFO server.py 235:: [Server] Test set: Average loss: 1.3864, Accuracy: 50/200 (25.0%)

2024-12-02 00:16:16,699 INFO server.py 238:: [Sever] Confusion matrix:
 tensor([[50.,  0.,  0.,  0.],
        [50.,  0.,  0.,  0.],
        [50.,  0.,  0.,  0.],
        [50.,  0.,  0.,  0.]])
2024-12-02 00:16:16,701 INFO server.py 254:: [Server] Precision=[0.25  nan  nan  nan],
 Recall=[1. 0. 0. 0.],
 F1-score=[0.4 nan nan nan],
 my_accuracy=25.0[%]
2024-12-02 00:16:16,701 INFO _main.py 209:: ########EPOCH 13 ########
2024-12-02 00:16:16,702 INFO _main.py 210:: ###Model distribution###
2024-12-02 00:16:20,476 INFO server.py 1064:: clients' sizes=[1, 2, 1, 0, 0, 0, 2, 2, 0, 1, 0, 1, 2, 2, 2, 2, 1, 1, 2, 0, 1, 1, 1, 1, 1, 0, 1, 1, 1, 1, 2, 0, 2, 0, 1, 2, 1, 0, 2, 0], total=41
2024-12-02 00:16:20,509 INFO server.py 327:: [Server] The aggregation takes 0.033954 seconds.

2024-12-02 00:16:20,510 INFO server.py 211:: [Server] Start testing
2024-12-02 00:16:20,530 INFO server.py 235:: [Server] Test set: Average loss: 1.3864, Accuracy: 50/200 (25.0%)

2024-12-02 00:16:20,532 INFO server.py 238:: [Sever] Confusion matrix:
 tensor([[50.,  0.,  0.,  0.],
        [50.,  0.,  0.,  0.],
        [50.,  0.,  0.,  0.],
        [50.,  0.,  0.,  0.]])
2024-12-02 00:16:20,533 INFO server.py 254:: [Server] Precision=[0.25  nan  nan  nan],
 Recall=[1. 0. 0. 0.],
 F1-score=[0.4 nan nan nan],
 my_accuracy=25.0[%]
2024-12-02 00:16:20,534 INFO _main.py 209:: ########EPOCH 14 ########
2024-12-02 00:16:20,535 INFO _main.py 210:: ###Model distribution###
2024-12-02 00:16:23,252 INFO server.py 1064:: clients' sizes=[1, 2, 1, 0, 0, 0, 2, 2, 0, 1, 0, 1, 2, 2, 2, 2, 1, 1, 2, 0, 1, 1, 1, 1, 1, 0, 1, 1, 1, 1, 2, 0, 2, 0, 1, 2, 1, 0, 2, 0], total=41
2024-12-02 00:16:23,274 INFO server.py 327:: [Server] The aggregation takes 0.022558 seconds.

2024-12-02 00:16:23,275 INFO server.py 211:: [Server] Start testing
2024-12-02 00:16:23,288 INFO server.py 235:: [Server] Test set: Average loss: 1.3864, Accuracy: 50/200 (25.0%)

2024-12-02 00:16:23,290 INFO server.py 238:: [Sever] Confusion matrix:
 tensor([[50.,  0.,  0.,  0.],
        [50.,  0.,  0.,  0.],
        [50.,  0.,  0.,  0.],
        [50.,  0.,  0.,  0.]])
2024-12-02 00:16:23,292 INFO server.py 254:: [Server] Precision=[0.25  nan  nan  nan],
 Recall=[1. 0. 0. 0.],
 F1-score=[0.4 nan nan nan],
 my_accuracy=25.0[%]
2024-12-02 00:16:23,292 INFO _main.py 209:: ########EPOCH 15 ########
2024-12-02 00:16:23,293 INFO _main.py 210:: ###Model distribution###
2024-12-02 00:16:26,059 INFO server.py 1064:: clients' sizes=[1, 2, 1, 0, 0, 0, 2, 2, 0, 1, 0, 1, 2, 2, 2, 2, 1, 1, 2, 0, 1, 1, 1, 1, 1, 0, 1, 1, 1, 1, 2, 0, 2, 0, 1, 2, 1, 0, 2, 0], total=41
2024-12-02 00:16:26,085 INFO server.py 327:: [Server] The aggregation takes 0.027692 seconds.

2024-12-02 00:16:26,087 INFO server.py 211:: [Server] Start testing
2024-12-02 00:16:26,107 INFO server.py 235:: [Server] Test set: Average loss: 1.3864, Accuracy: 50/200 (25.0%)

2024-12-02 00:16:26,108 INFO server.py 238:: [Sever] Confusion matrix:
 tensor([[50.,  0.,  0.,  0.],
        [50.,  0.,  0.,  0.],
        [50.,  0.,  0.,  0.],
        [50.,  0.,  0.,  0.]])
2024-12-02 00:16:26,110 INFO server.py 254:: [Server] Precision=[0.25  nan  nan  nan],
 Recall=[1. 0. 0. 0.],
 F1-score=[0.4 nan nan nan],
 my_accuracy=25.0[%]
2024-12-02 00:16:26,111 INFO _main.py 209:: ########EPOCH 16 ########
2024-12-02 00:16:26,111 INFO _main.py 210:: ###Model distribution###
2024-12-02 00:16:28,632 INFO server.py 1064:: clients' sizes=[1, 2, 1, 0, 0, 0, 2, 2, 0, 1, 0, 1, 2, 2, 2, 2, 1, 1, 2, 0, 1, 1, 1, 1, 1, 0, 1, 1, 1, 1, 2, 0, 2, 0, 1, 2, 1, 0, 2, 0], total=41
2024-12-02 00:16:28,652 INFO server.py 327:: [Server] The aggregation takes 0.021201 seconds.

2024-12-02 00:16:28,653 INFO server.py 211:: [Server] Start testing
2024-12-02 00:16:28,667 INFO server.py 235:: [Server] Test set: Average loss: 1.3864, Accuracy: 50/200 (25.0%)

2024-12-02 00:16:28,668 INFO server.py 238:: [Sever] Confusion matrix:
 tensor([[50.,  0.,  0.,  0.],
        [50.,  0.,  0.,  0.],
        [50.,  0.,  0.,  0.],
        [50.,  0.,  0.,  0.]])
2024-12-02 00:16:28,669 INFO server.py 254:: [Server] Precision=[0.25  nan  nan  nan],
 Recall=[1. 0. 0. 0.],
 F1-score=[0.4 nan nan nan],
 my_accuracy=25.0[%]
2024-12-02 00:16:28,670 INFO _main.py 209:: ########EPOCH 17 ########
2024-12-02 00:16:28,670 INFO _main.py 210:: ###Model distribution###
2024-12-02 00:16:31,309 INFO server.py 1064:: clients' sizes=[1, 2, 1, 0, 0, 0, 2, 2, 0, 1, 0, 1, 2, 2, 2, 2, 1, 1, 2, 0, 1, 1, 1, 1, 1, 0, 1, 1, 1, 1, 2, 0, 2, 0, 1, 2, 1, 0, 2, 0], total=41
2024-12-02 00:16:31,342 INFO server.py 327:: [Server] The aggregation takes 0.034582 seconds.

2024-12-02 00:16:31,343 INFO server.py 211:: [Server] Start testing
2024-12-02 00:16:31,362 INFO server.py 235:: [Server] Test set: Average loss: 1.3864, Accuracy: 50/200 (25.0%)

2024-12-02 00:16:31,363 INFO server.py 238:: [Sever] Confusion matrix:
 tensor([[50.,  0.,  0.,  0.],
        [50.,  0.,  0.,  0.],
        [50.,  0.,  0.,  0.],
        [50.,  0.,  0.,  0.]])
2024-12-02 00:16:31,365 INFO server.py 254:: [Server] Precision=[0.25  nan  nan  nan],
 Recall=[1. 0. 0. 0.],
 F1-score=[0.4 nan nan nan],
 my_accuracy=25.0[%]
2024-12-02 00:16:31,365 INFO _main.py 209:: ########EPOCH 18 ########
2024-12-02 00:16:31,366 INFO _main.py 210:: ###Model distribution###
2024-12-02 00:16:34,938 INFO server.py 1064:: clients' sizes=[1, 2, 1, 0, 0, 0, 2, 2, 0, 1, 0, 1, 2, 2, 2, 2, 1, 1, 2, 0, 1, 1, 1, 1, 1, 0, 1, 1, 1, 1, 2, 0, 2, 0, 1, 2, 1, 0, 2, 0], total=41
2024-12-02 00:16:34,971 INFO server.py 327:: [Server] The aggregation takes 0.033396 seconds.

2024-12-02 00:16:34,972 INFO server.py 211:: [Server] Start testing
2024-12-02 00:16:34,994 INFO server.py 235:: [Server] Test set: Average loss: 1.3864, Accuracy: 50/200 (25.0%)

2024-12-02 00:16:34,995 INFO server.py 238:: [Sever] Confusion matrix:
 tensor([[50.,  0.,  0.,  0.],
        [50.,  0.,  0.,  0.],
        [50.,  0.,  0.,  0.],
        [50.,  0.,  0.,  0.]])
2024-12-02 00:16:34,997 INFO server.py 254:: [Server] Precision=[0.25  nan  nan  nan],
 Recall=[1. 0. 0. 0.],
 F1-score=[0.4 nan nan nan],
 my_accuracy=25.0[%]
2024-12-02 00:16:34,997 INFO _main.py 209:: ########EPOCH 19 ########
2024-12-02 00:16:34,998 INFO _main.py 210:: ###Model distribution###
2024-12-02 00:16:38,404 INFO server.py 1064:: clients' sizes=[1, 2, 1, 0, 0, 0, 2, 2, 0, 1, 0, 1, 2, 2, 2, 2, 1, 1, 2, 0, 1, 1, 1, 1, 1, 0, 1, 1, 1, 1, 2, 0, 2, 0, 1, 2, 1, 0, 2, 0], total=41
2024-12-02 00:16:38,425 INFO server.py 327:: [Server] The aggregation takes 0.021657 seconds.

2024-12-02 00:16:38,426 INFO server.py 211:: [Server] Start testing
2024-12-02 00:16:38,440 INFO server.py 235:: [Server] Test set: Average loss: 1.3864, Accuracy: 50/200 (25.0%)

2024-12-02 00:16:38,442 INFO server.py 238:: [Sever] Confusion matrix:
 tensor([[50.,  0.,  0.,  0.],
        [50.,  0.,  0.,  0.],
        [50.,  0.,  0.,  0.],
        [50.,  0.,  0.,  0.]])
2024-12-02 00:16:38,444 INFO server.py 254:: [Server] Precision=[0.25  nan  nan  nan],
 Recall=[1. 0. 0. 0.],
 F1-score=[0.4 nan nan nan],
 my_accuracy=25.0[%]
2024-12-02 00:16:38,445 INFO _main.py 209:: ########EPOCH 20 ########
2024-12-02 00:16:38,445 INFO _main.py 210:: ###Model distribution###
2024-12-02 00:16:40,969 INFO server.py 1064:: clients' sizes=[1, 2, 1, 0, 0, 0, 2, 2, 0, 1, 0, 1, 2, 2, 2, 2, 1, 1, 2, 0, 1, 1, 1, 1, 1, 0, 1, 1, 1, 1, 2, 0, 2, 0, 1, 2, 1, 0, 2, 0], total=41
2024-12-02 00:16:40,991 INFO server.py 327:: [Server] The aggregation takes 0.022453 seconds.

2024-12-02 00:16:40,992 INFO server.py 211:: [Server] Start testing
2024-12-02 00:16:41,006 INFO server.py 235:: [Server] Test set: Average loss: 1.3864, Accuracy: 50/200 (25.0%)

2024-12-02 00:16:41,008 INFO server.py 238:: [Sever] Confusion matrix:
 tensor([[50.,  0.,  0.,  0.],
        [50.,  0.,  0.,  0.],
        [50.,  0.,  0.,  0.],
        [50.,  0.,  0.,  0.]])
2024-12-02 00:16:41,009 INFO server.py 254:: [Server] Precision=[0.25  nan  nan  nan],
 Recall=[1. 0. 0. 0.],
 F1-score=[0.4 nan nan nan],
 my_accuracy=25.0[%]
2024-12-02 00:16:41,010 INFO _main.py 209:: ########EPOCH 21 ########
2024-12-02 00:16:41,010 INFO _main.py 210:: ###Model distribution###
2024-12-02 00:16:43,556 INFO server.py 1064:: clients' sizes=[1, 2, 1, 0, 0, 0, 2, 2, 0, 1, 0, 1, 2, 2, 2, 2, 1, 1, 2, 0, 1, 1, 1, 1, 1, 0, 1, 1, 1, 1, 2, 0, 2, 0, 1, 2, 1, 0, 2, 0], total=41
2024-12-02 00:16:43,577 INFO server.py 327:: [Server] The aggregation takes 0.021960 seconds.

2024-12-02 00:16:43,578 INFO server.py 211:: [Server] Start testing
2024-12-02 00:16:43,592 INFO server.py 235:: [Server] Test set: Average loss: 1.3864, Accuracy: 50/200 (25.0%)

2024-12-02 00:16:43,593 INFO server.py 238:: [Sever] Confusion matrix:
 tensor([[50.,  0.,  0.,  0.],
        [50.,  0.,  0.,  0.],
        [50.,  0.,  0.,  0.],
        [50.,  0.,  0.,  0.]])
2024-12-02 00:16:43,595 INFO server.py 254:: [Server] Precision=[0.25  nan  nan  nan],
 Recall=[1. 0. 0. 0.],
 F1-score=[0.4 nan nan nan],
 my_accuracy=25.0[%]
2024-12-02 00:16:43,595 INFO _main.py 209:: ########EPOCH 22 ########
2024-12-02 00:16:43,596 INFO _main.py 210:: ###Model distribution###
2024-12-02 00:16:46,357 INFO server.py 1064:: clients' sizes=[1, 2, 1, 0, 0, 0, 2, 2, 0, 1, 0, 1, 2, 2, 2, 2, 1, 1, 2, 0, 1, 1, 1, 1, 1, 0, 1, 1, 1, 1, 2, 0, 2, 0, 1, 2, 1, 0, 2, 0], total=41
2024-12-02 00:16:46,378 INFO server.py 327:: [Server] The aggregation takes 0.021583 seconds.

2024-12-02 00:16:46,379 INFO server.py 211:: [Server] Start testing
2024-12-02 00:16:46,393 INFO server.py 235:: [Server] Test set: Average loss: 1.3864, Accuracy: 50/200 (25.0%)

2024-12-02 00:16:46,394 INFO server.py 238:: [Sever] Confusion matrix:
 tensor([[50.,  0.,  0.,  0.],
        [50.,  0.,  0.,  0.],
        [50.,  0.,  0.,  0.],
        [50.,  0.,  0.,  0.]])
2024-12-02 00:16:46,395 INFO server.py 254:: [Server] Precision=[0.25  nan  nan  nan],
 Recall=[1. 0. 0. 0.],
 F1-score=[0.4 nan nan nan],
 my_accuracy=25.0[%]
2024-12-02 00:16:46,396 INFO _main.py 209:: ########EPOCH 23 ########
2024-12-02 00:16:46,397 INFO _main.py 210:: ###Model distribution###
2024-12-02 00:16:49,797 INFO server.py 1064:: clients' sizes=[1, 2, 1, 0, 0, 0, 2, 2, 0, 1, 0, 1, 2, 2, 2, 2, 1, 1, 2, 0, 1, 1, 1, 1, 1, 0, 1, 1, 1, 1, 2, 0, 2, 0, 1, 2, 1, 0, 2, 0], total=41
2024-12-02 00:16:49,827 INFO server.py 327:: [Server] The aggregation takes 0.031602 seconds.

2024-12-02 00:16:49,828 INFO server.py 211:: [Server] Start testing
2024-12-02 00:16:49,847 INFO server.py 235:: [Server] Test set: Average loss: 1.3864, Accuracy: 50/200 (25.0%)

2024-12-02 00:16:49,848 INFO server.py 238:: [Sever] Confusion matrix:
 tensor([[50.,  0.,  0.,  0.],
        [50.,  0.,  0.,  0.],
        [50.,  0.,  0.,  0.],
        [50.,  0.,  0.,  0.]])
2024-12-02 00:16:49,850 INFO server.py 254:: [Server] Precision=[0.25  nan  nan  nan],
 Recall=[1. 0. 0. 0.],
 F1-score=[0.4 nan nan nan],
 my_accuracy=25.0[%]
2024-12-02 00:16:49,850 INFO _main.py 209:: ########EPOCH 24 ########
2024-12-02 00:16:49,851 INFO _main.py 210:: ###Model distribution###
2024-12-02 00:16:53,401 INFO server.py 1064:: clients' sizes=[1, 2, 1, 0, 0, 0, 2, 2, 0, 1, 0, 1, 2, 2, 2, 2, 1, 1, 2, 0, 1, 1, 1, 1, 1, 0, 1, 1, 1, 1, 2, 0, 2, 0, 1, 2, 1, 0, 2, 0], total=41
2024-12-02 00:16:53,422 INFO server.py 327:: [Server] The aggregation takes 0.022495 seconds.

2024-12-02 00:16:53,423 INFO server.py 211:: [Server] Start testing
2024-12-02 00:16:53,438 INFO server.py 235:: [Server] Test set: Average loss: 1.3864, Accuracy: 50/200 (25.0%)

2024-12-02 00:16:53,439 INFO server.py 238:: [Sever] Confusion matrix:
 tensor([[50.,  0.,  0.,  0.],
        [50.,  0.,  0.,  0.],
        [50.,  0.,  0.,  0.],
        [50.,  0.,  0.,  0.]])
2024-12-02 00:16:53,441 INFO server.py 254:: [Server] Precision=[0.25  nan  nan  nan],
 Recall=[1. 0. 0. 0.],
 F1-score=[0.4 nan nan nan],
 my_accuracy=25.0[%]
2024-12-02 00:16:53,441 INFO _main.py 209:: ########EPOCH 25 ########
2024-12-02 00:16:53,442 INFO _main.py 210:: ###Model distribution###
2024-12-02 00:16:56,099 INFO server.py 1064:: clients' sizes=[1, 2, 1, 0, 0, 0, 2, 2, 0, 1, 0, 1, 2, 2, 2, 2, 1, 1, 2, 0, 1, 1, 1, 1, 1, 0, 1, 1, 1, 1, 2, 0, 2, 0, 1, 2, 1, 0, 2, 0], total=41
2024-12-02 00:16:56,125 INFO server.py 327:: [Server] The aggregation takes 0.027145 seconds.

2024-12-02 00:16:56,126 INFO server.py 211:: [Server] Start testing
2024-12-02 00:16:56,149 INFO server.py 235:: [Server] Test set: Average loss: 1.3864, Accuracy: 50/200 (25.0%)

2024-12-02 00:16:56,151 INFO server.py 238:: [Sever] Confusion matrix:
 tensor([[50.,  0.,  0.,  0.],
        [50.,  0.,  0.,  0.],
        [50.,  0.,  0.,  0.],
        [50.,  0.,  0.,  0.]])
2024-12-02 00:16:56,152 INFO server.py 254:: [Server] Precision=[0.25  nan  nan  nan],
 Recall=[1. 0. 0. 0.],
 F1-score=[0.4 nan nan nan],
 my_accuracy=25.0[%]
2024-12-02 00:16:56,153 INFO _main.py 209:: ########EPOCH 26 ########
2024-12-02 00:16:56,154 INFO _main.py 210:: ###Model distribution###
2024-12-02 00:16:58,731 INFO server.py 1064:: clients' sizes=[1, 2, 1, 0, 0, 0, 2, 2, 0, 1, 0, 1, 2, 2, 2, 2, 1, 1, 2, 0, 1, 1, 1, 1, 1, 0, 1, 1, 1, 1, 2, 0, 2, 0, 1, 2, 1, 0, 2, 0], total=41
2024-12-02 00:16:58,752 INFO server.py 327:: [Server] The aggregation takes 0.022278 seconds.

2024-12-02 00:16:58,753 INFO server.py 211:: [Server] Start testing
2024-12-02 00:16:58,768 INFO server.py 235:: [Server] Test set: Average loss: 1.3864, Accuracy: 50/200 (25.0%)

2024-12-02 00:16:58,769 INFO server.py 238:: [Sever] Confusion matrix:
 tensor([[50.,  0.,  0.,  0.],
        [50.,  0.,  0.,  0.],
        [50.,  0.,  0.,  0.],
        [50.,  0.,  0.,  0.]])
2024-12-02 00:16:58,770 INFO server.py 254:: [Server] Precision=[0.25  nan  nan  nan],
 Recall=[1. 0. 0. 0.],
 F1-score=[0.4 nan nan nan],
 my_accuracy=25.0[%]
2024-12-02 00:16:58,771 INFO _main.py 209:: ########EPOCH 27 ########
2024-12-02 00:16:58,771 INFO _main.py 210:: ###Model distribution###
2024-12-02 00:17:01,282 INFO server.py 1064:: clients' sizes=[1, 2, 1, 0, 0, 0, 2, 2, 0, 1, 0, 1, 2, 2, 2, 2, 1, 1, 2, 0, 1, 1, 1, 1, 1, 0, 1, 1, 1, 1, 2, 0, 2, 0, 1, 2, 1, 0, 2, 0], total=41
2024-12-02 00:17:01,303 INFO server.py 327:: [Server] The aggregation takes 0.021802 seconds.

2024-12-02 00:17:01,304 INFO server.py 211:: [Server] Start testing
2024-12-02 00:17:01,318 INFO server.py 235:: [Server] Test set: Average loss: 1.3864, Accuracy: 50/200 (25.0%)

2024-12-02 00:17:01,319 INFO server.py 238:: [Sever] Confusion matrix:
 tensor([[50.,  0.,  0.,  0.],
        [50.,  0.,  0.,  0.],
        [50.,  0.,  0.,  0.],
        [50.,  0.,  0.,  0.]])
2024-12-02 00:17:01,320 INFO server.py 254:: [Server] Precision=[0.25  nan  nan  nan],
 Recall=[1. 0. 0. 0.],
 F1-score=[0.4 nan nan nan],
 my_accuracy=25.0[%]
2024-12-02 00:17:01,321 INFO _main.py 209:: ########EPOCH 28 ########
2024-12-02 00:17:01,321 INFO _main.py 210:: ###Model distribution###
2024-12-02 00:17:04,382 INFO server.py 1064:: clients' sizes=[1, 2, 1, 0, 0, 0, 2, 2, 0, 1, 0, 1, 2, 2, 2, 2, 1, 1, 2, 0, 1, 1, 1, 1, 1, 0, 1, 1, 1, 1, 2, 0, 2, 0, 1, 2, 1, 0, 2, 0], total=41
2024-12-02 00:17:04,416 INFO server.py 327:: [Server] The aggregation takes 0.035275 seconds.

2024-12-02 00:17:04,417 INFO server.py 211:: [Server] Start testing
2024-12-02 00:17:04,441 INFO server.py 235:: [Server] Test set: Average loss: 1.3864, Accuracy: 50/200 (25.0%)

2024-12-02 00:17:04,442 INFO server.py 238:: [Sever] Confusion matrix:
 tensor([[50.,  0.,  0.,  0.],
        [50.,  0.,  0.,  0.],
        [50.,  0.,  0.,  0.],
        [50.,  0.,  0.,  0.]])
2024-12-02 00:17:04,444 INFO server.py 254:: [Server] Precision=[0.25  nan  nan  nan],
 Recall=[1. 0. 0. 0.],
 F1-score=[0.4 nan nan nan],
 my_accuracy=25.0[%]
2024-12-02 00:17:04,445 INFO _main.py 209:: ########EPOCH 29 ########
2024-12-02 00:17:04,445 INFO _main.py 210:: ###Model distribution###
2024-12-02 00:17:08,500 INFO server.py 1064:: clients' sizes=[1, 2, 1, 0, 0, 0, 2, 2, 0, 1, 0, 1, 2, 2, 2, 2, 1, 1, 2, 0, 1, 1, 1, 1, 1, 0, 1, 1, 1, 1, 2, 0, 2, 0, 1, 2, 1, 0, 2, 0], total=41
2024-12-02 00:17:08,531 INFO server.py 327:: [Server] The aggregation takes 0.032361 seconds.

2024-12-02 00:17:08,532 INFO server.py 211:: [Server] Start testing
2024-12-02 00:17:08,546 INFO server.py 235:: [Server] Test set: Average loss: 1.3864, Accuracy: 50/200 (25.0%)

2024-12-02 00:17:08,547 INFO server.py 238:: [Sever] Confusion matrix:
 tensor([[50.,  0.,  0.,  0.],
        [50.,  0.,  0.,  0.],
        [50.,  0.,  0.,  0.],
        [50.,  0.,  0.,  0.]])
2024-12-02 00:17:08,549 INFO server.py 254:: [Server] Precision=[0.25  nan  nan  nan],
 Recall=[1. 0. 0. 0.],
 F1-score=[0.4 nan nan nan],
 my_accuracy=25.0[%]
