2024-12-01 23:12:34,935 INFO _main.py 39:: ################################################################
2024-12-01 23:12:34,937 INFO _main.py 41:: #                              batch_size: 64                  #
2024-12-01 23:12:34,940 INFO _main.py 41:: #                         test_batch_size: 32                  #
2024-12-01 23:12:34,941 INFO _main.py 41:: #                                  epochs: 5                   #
2024-12-01 23:12:34,941 INFO _main.py 41:: #                               optimizer: SGD                 #
2024-12-01 23:12:34,941 INFO _main.py 41:: #                                      lr: 0.01                #
2024-12-01 23:12:34,942 INFO _main.py 41:: #                                momentum: 0.9                 #
2024-12-01 23:12:34,942 INFO _main.py 41:: #                            weight_decay: 0.0001              #
2024-12-01 23:12:34,942 INFO _main.py 41:: #                                    seed: 1                   #
2024-12-01 23:12:34,943 INFO _main.py 41:: #                            log_interval: 11                  #
2024-12-01 23:12:34,943 INFO _main.py 41:: #                             num_clients: 40                  #
2024-12-01 23:12:34,943 INFO _main.py 41:: #                           output_folder: experiments         #
2024-12-01 23:12:34,943 INFO _main.py 41:: #                                 dataset: rockburst           #
2024-12-01 23:12:34,944 INFO _main.py 41:: #                             loader_type: dirichlet           #
2024-12-01 23:12:34,944 INFO _main.py 41:: #                             loader_path: ./data/loader.pk    #
2024-12-01 23:12:34,944 INFO _main.py 41:: #                                      AR: krum                #
2024-12-01 23:12:34,945 INFO _main.py 41:: #                     n_attacker_backdoor: 0                   #
2024-12-01 23:12:34,945 INFO _main.py 41:: #                        backdoor_trigger: [0, 0, 1, 1]        #
2024-12-01 23:12:34,945 INFO _main.py 41:: #                   n_attacker_omniscient: 0                   #
2024-12-01 23:12:34,945 INFO _main.py 41:: #                        omniscient_scale: 1                   #
2024-12-01 23:12:34,945 INFO _main.py 41:: #                                 attacks: None                #
2024-12-01 23:12:34,945 INFO _main.py 41:: #                      save_model_weights: False               #
2024-12-01 23:12:34,946 INFO _main.py 41:: #                         experiment_name: sExp4Ba_40ep_rockburst_krum_40C_5#
2024-12-01 23:12:34,946 INFO _main.py 41:: #                          path_to_aggNet: None                #
2024-12-01 23:12:34,946 INFO _main.py 41:: #                                  device: cpu                 #
2024-12-01 23:12:34,946 INFO _main.py 41:: #                            inner_epochs: 20                  #
2024-12-01 23:12:34,946 INFO _main.py 41:: #                                 verbose: True                #
2024-12-01 23:12:34,946 INFO _main.py 41:: #                         list_unreliable: [2, 18, 20]         #
2024-12-01 23:12:34,947 INFO _main.py 41:: #                     unreliable_fraction: 0.5                 #
2024-12-01 23:12:34,947 INFO _main.py 41:: #                    unreliable_fracTrain: 0.3                 #
2024-12-01 23:12:34,947 INFO _main.py 41:: #                         mean_unreliable: 0.0                 #
2024-12-01 23:12:34,947 INFO _main.py 41:: #                             blur_method: add_noise           #
2024-12-01 23:12:34,947 INFO _main.py 41:: #                      max_std_unreliable: 30.0                #
2024-12-01 23:12:34,948 INFO _main.py 41:: #                     list_uatk_add_noise: [24, 25, 26]        #
2024-12-01 23:12:34,948 INFO _main.py 41:: #                          mean_add_noise: 0.0                 #
2024-12-01 23:12:34,948 INFO _main.py 41:: #                           std_add_noise: 0.01                #
2024-12-01 23:12:34,948 INFO _main.py 41:: #                     list_uatk_flip_sign: [0, 10, 11]         #
2024-12-01 23:12:34,948 INFO _main.py 42:: ################################################################
2024-12-01 23:12:34,949 INFO _main.py 43:: Namespace(batch_size=64, test_batch_size=32, epochs=5, optimizer='SGD', lr=0.01, momentum=0.9, weight_decay=0.0001, seed=1, log_interval=11, num_clients=40, output_folder='experiments', dataset='rockburst', loader_type='dirichlet', loader_path='./data/loader.pk', AR='krum', n_attacker_backdoor=0, backdoor_trigger=[0, 0, 1, 1], n_attacker_omniscient=0, omniscient_scale=1, attacks=None, save_model_weights=False, experiment_name='sExp4Ba_40ep_rockburst_krum_40C_5', path_to_aggNet=None, device='cpu', inner_epochs=20, verbose=True, list_unreliable=[2, 18, 20], unreliable_fraction=0.5, unreliable_fracTrain=0.3, mean_unreliable=0.0, blur_method='add_noise', max_std_unreliable=30.0, list_uatk_add_noise=[24, 25, 26], mean_add_noise=0.0, std_add_noise=0.01, list_uatk_flip_sign=[0, 10, 11])
2024-12-01 23:12:34,949 INFO _main.py 44:: #####################
2024-12-01 23:12:34,949 INFO _main.py 45:: #####################
2024-12-01 23:12:34,949 INFO _main.py 46:: #####################
2024-12-01 23:12:34,949 INFO _main.py 47:: Aggregation Rule:	krum
2024-12-01 23:12:34,950 INFO _main.py 48:: Data distribution:	dirichlet
2024-12-01 23:12:34,950 INFO _main.py 49:: Attacks:	None 
2024-12-01 23:12:34,950 INFO _main.py 50:: #####################
2024-12-01 23:12:34,950 INFO _main.py 51:: #####################
2024-12-01 23:12:34,951 INFO _main.py 52:: #####################
2024-12-01 23:12:36,890 INFO server.py 366:: SET DBSCAN eps=1.3, min_samples=10
2024-12-01 23:12:36,896 INFO _main.py 135:: [1-normal, 0-malicious] label =tensor([0., 1., 1., 1., 1., 1., 1., 1., 1., 1., 0., 0., 1., 1., 1., 1., 1., 1.,
        1., 1., 1., 1., 1., 1., 0., 0., 0., 1., 1., 1., 1., 1., 1., 1., 1., 1.,
        1., 1., 1., 1.])
2024-12-01 23:12:36,906 INFO malicious_clients.py 123:: init ATTACK OMNISCIENT Client 0
2024-12-01 23:12:36,914 INFO malicious_clients.py 18:: init UNRELIABLE Client 2
2024-12-01 23:12:36,979 INFO malicious_clients.py 123:: init ATTACK OMNISCIENT Client 10
2024-12-01 23:12:36,987 INFO malicious_clients.py 123:: init ATTACK OMNISCIENT Client 11
2024-12-01 23:12:37,030 INFO malicious_clients.py 18:: init UNRELIABLE Client 18
2024-12-01 23:12:37,044 INFO malicious_clients.py 18:: init UNRELIABLE Client 20
2024-12-01 23:12:37,085 INFO malicious_clients.py 73:: init ATTACK ADD NOISE TO GRAD Client 24
2024-12-01 23:12:37,091 INFO malicious_clients.py 73:: init ATTACK ADD NOISE TO GRAD Client 25
2024-12-01 23:12:37,099 INFO malicious_clients.py 73:: init ATTACK ADD NOISE TO GRAD Client 26
2024-12-01 23:12:37,200 INFO server.py 211:: [Server] Start testing
2024-12-01 23:12:37,224 INFO server.py 235:: [Server] Test set: Average loss: 1.3864, Accuracy: 50/200 (25.0%)

2024-12-01 23:12:37,225 INFO server.py 238:: [Sever] Confusion matrix:
 tensor([[50.,  0.,  0.,  0.],
        [50.,  0.,  0.,  0.],
        [50.,  0.,  0.,  0.],
        [50.,  0.,  0.,  0.]])
2024-12-01 23:12:37,233 INFO server.py 254:: [Server] Precision=[0.25  nan  nan  nan],
 Recall=[1. 0. 0. 0.],
 F1-score=[0.4 nan nan nan],
 my_accuracy=25.0[%]
2024-12-01 23:12:37,235 INFO _main.py 209:: ########EPOCH 0 ########
2024-12-01 23:12:37,235 INFO _main.py 210:: ###Model distribution###
2024-12-01 23:12:39,729 INFO server.py 1064:: clients' sizes=[1, 2, 1, 0, 0, 0, 2, 2, 0, 1, 0, 1, 2, 2, 2, 2, 1, 1, 2, 0, 1, 1, 1, 1, 1, 0, 1, 1, 1, 1, 2, 0, 2, 0, 1, 2, 1, 0, 2, 0], total=41
2024-12-01 23:12:39,777 INFO server.py 327:: [Server] The aggregation takes 0.058165 seconds.

2024-12-01 23:12:39,778 INFO server.py 211:: [Server] Start testing
2024-12-01 23:12:39,807 INFO server.py 235:: [Server] Test set: Average loss: 1.3864, Accuracy: 50/200 (25.0%)

2024-12-01 23:12:39,808 INFO server.py 238:: [Sever] Confusion matrix:
 tensor([[50.,  0.,  0.,  0.],
        [50.,  0.,  0.,  0.],
        [50.,  0.,  0.,  0.],
        [50.,  0.,  0.,  0.]])
2024-12-01 23:12:39,810 INFO server.py 254:: [Server] Precision=[0.25  nan  nan  nan],
 Recall=[1. 0. 0. 0.],
 F1-score=[0.4 nan nan nan],
 my_accuracy=25.0[%]
2024-12-01 23:12:39,811 INFO _main.py 209:: ########EPOCH 1 ########
2024-12-01 23:12:39,812 INFO _main.py 210:: ###Model distribution###
2024-12-01 23:12:42,299 INFO server.py 1064:: clients' sizes=[1, 2, 1, 0, 0, 0, 2, 2, 0, 1, 0, 1, 2, 2, 2, 2, 1, 1, 2, 0, 1, 1, 1, 1, 1, 0, 1, 1, 1, 1, 2, 0, 2, 0, 1, 2, 1, 0, 2, 0], total=41
2024-12-01 23:12:42,322 INFO server.py 327:: [Server] The aggregation takes 0.024146 seconds.

2024-12-01 23:12:42,323 INFO server.py 211:: [Server] Start testing
2024-12-01 23:12:42,337 INFO server.py 235:: [Server] Test set: Average loss: 1.3864, Accuracy: 50/200 (25.0%)

2024-12-01 23:12:42,338 INFO server.py 238:: [Sever] Confusion matrix:
 tensor([[50.,  0.,  0.,  0.],
        [50.,  0.,  0.,  0.],
        [50.,  0.,  0.,  0.],
        [50.,  0.,  0.,  0.]])
2024-12-01 23:12:42,340 INFO server.py 254:: [Server] Precision=[0.25  nan  nan  nan],
 Recall=[1. 0. 0. 0.],
 F1-score=[0.4 nan nan nan],
 my_accuracy=25.0[%]
2024-12-01 23:12:42,340 INFO _main.py 209:: ########EPOCH 2 ########
2024-12-01 23:12:42,340 INFO _main.py 210:: ###Model distribution###
2024-12-01 23:12:44,180 INFO server.py 1064:: clients' sizes=[1, 2, 1, 0, 0, 0, 2, 2, 0, 1, 0, 1, 2, 2, 2, 2, 1, 1, 2, 0, 1, 1, 1, 1, 1, 0, 1, 1, 1, 1, 2, 0, 2, 0, 1, 2, 1, 0, 2, 0], total=41
2024-12-01 23:12:44,203 INFO server.py 327:: [Server] The aggregation takes 0.023450 seconds.

2024-12-01 23:12:44,204 INFO server.py 211:: [Server] Start testing
2024-12-01 23:12:44,218 INFO server.py 235:: [Server] Test set: Average loss: 1.3864, Accuracy: 50/200 (25.0%)

2024-12-01 23:12:44,219 INFO server.py 238:: [Sever] Confusion matrix:
 tensor([[50.,  0.,  0.,  0.],
        [50.,  0.,  0.,  0.],
        [50.,  0.,  0.,  0.],
        [50.,  0.,  0.,  0.]])
2024-12-01 23:12:44,221 INFO server.py 254:: [Server] Precision=[0.25  nan  nan  nan],
 Recall=[1. 0. 0. 0.],
 F1-score=[0.4 nan nan nan],
 my_accuracy=25.0[%]
2024-12-01 23:12:44,222 INFO _main.py 209:: ########EPOCH 3 ########
2024-12-01 23:12:44,222 INFO _main.py 210:: ###Model distribution###
2024-12-01 23:12:45,924 INFO server.py 1064:: clients' sizes=[1, 2, 1, 0, 0, 0, 2, 2, 0, 1, 0, 1, 2, 2, 2, 2, 1, 1, 2, 0, 1, 1, 1, 1, 1, 0, 1, 1, 1, 1, 2, 0, 2, 0, 1, 2, 1, 0, 2, 0], total=41
2024-12-01 23:12:45,946 INFO server.py 327:: [Server] The aggregation takes 0.022678 seconds.

2024-12-01 23:12:45,947 INFO server.py 211:: [Server] Start testing
2024-12-01 23:12:45,960 INFO server.py 235:: [Server] Test set: Average loss: 1.3864, Accuracy: 50/200 (25.0%)

2024-12-01 23:12:45,961 INFO server.py 238:: [Sever] Confusion matrix:
 tensor([[50.,  0.,  0.,  0.],
        [50.,  0.,  0.,  0.],
        [50.,  0.,  0.,  0.],
        [50.,  0.,  0.,  0.]])
2024-12-01 23:12:45,963 INFO server.py 254:: [Server] Precision=[0.25  nan  nan  nan],
 Recall=[1. 0. 0. 0.],
 F1-score=[0.4 nan nan nan],
 my_accuracy=25.0[%]
2024-12-01 23:12:45,963 INFO _main.py 209:: ########EPOCH 4 ########
2024-12-01 23:12:45,964 INFO _main.py 210:: ###Model distribution###
2024-12-01 23:12:47,632 INFO server.py 1064:: clients' sizes=[1, 2, 1, 0, 0, 0, 2, 2, 0, 1, 0, 1, 2, 2, 2, 2, 1, 1, 2, 0, 1, 1, 1, 1, 1, 0, 1, 1, 1, 1, 2, 0, 2, 0, 1, 2, 1, 0, 2, 0], total=41
2024-12-01 23:12:47,653 INFO server.py 327:: [Server] The aggregation takes 0.022009 seconds.

2024-12-01 23:12:47,654 INFO server.py 211:: [Server] Start testing
2024-12-01 23:12:47,667 INFO server.py 235:: [Server] Test set: Average loss: 1.3864, Accuracy: 50/200 (25.0%)

2024-12-01 23:12:47,668 INFO server.py 238:: [Sever] Confusion matrix:
 tensor([[50.,  0.,  0.,  0.],
        [50.,  0.,  0.,  0.],
        [50.,  0.,  0.,  0.],
        [50.,  0.,  0.,  0.]])
2024-12-01 23:12:47,670 INFO server.py 254:: [Server] Precision=[0.25  nan  nan  nan],
 Recall=[1. 0. 0. 0.],
 F1-score=[0.4 nan nan nan],
 my_accuracy=25.0[%]
