2024-12-02 02:06:03,587 INFO _main.py 39:: ################################################################
2024-12-02 02:06:03,590 INFO _main.py 41:: #                              batch_size: 64                  #
2024-12-02 02:06:03,590 INFO _main.py 41:: #                         test_batch_size: 32                  #
2024-12-02 02:06:03,590 INFO _main.py 41:: #                                  epochs: 45                  #
2024-12-02 02:06:03,590 INFO _main.py 41:: #                               optimizer: SGD                 #
2024-12-02 02:06:03,591 INFO _main.py 41:: #                                      lr: 0.01                #
2024-12-02 02:06:03,591 INFO _main.py 41:: #                                momentum: 0.9                 #
2024-12-02 02:06:03,591 INFO _main.py 41:: #                            weight_decay: 0.0001              #
2024-12-02 02:06:03,591 INFO _main.py 41:: #                                    seed: 1                   #
2024-12-02 02:06:03,591 INFO _main.py 41:: #                            log_interval: 11                  #
2024-12-02 02:06:03,592 INFO _main.py 41:: #                             num_clients: 40                  #
2024-12-02 02:06:03,592 INFO _main.py 41:: #                           output_folder: experiments         #
2024-12-02 02:06:03,592 INFO _main.py 41:: #                                 dataset: rockburst           #
2024-12-02 02:06:03,592 INFO _main.py 41:: #                             loader_type: dirichlet           #
2024-12-02 02:06:03,593 INFO _main.py 41:: #                             loader_path: ./data/loader.pk    #
2024-12-02 02:06:03,593 INFO _main.py 41:: #                                      AR: krum                #
2024-12-02 02:06:03,593 INFO _main.py 41:: #                     n_attacker_backdoor: 0                   #
2024-12-02 02:06:03,594 INFO _main.py 41:: #                        backdoor_trigger: [0, 0, 1, 1]        #
2024-12-02 02:06:03,594 INFO _main.py 41:: #                   n_attacker_omniscient: 0                   #
2024-12-02 02:06:03,594 INFO _main.py 41:: #                        omniscient_scale: 1                   #
2024-12-02 02:06:03,594 INFO _main.py 41:: #                                 attacks: None                #
2024-12-02 02:06:03,594 INFO _main.py 41:: #                      save_model_weights: False               #
2024-12-02 02:06:03,595 INFO _main.py 41:: #                         experiment_name: sExp4Ba_40ep_rockburst_krum_40C_5#
2024-12-02 02:06:03,595 INFO _main.py 41:: #                          path_to_aggNet: None                #
2024-12-02 02:06:03,595 INFO _main.py 41:: #                                  device: cpu                 #
2024-12-02 02:06:03,595 INFO _main.py 41:: #                            inner_epochs: 30                  #
2024-12-02 02:06:03,596 INFO _main.py 41:: #                                 verbose: True                #
2024-12-02 02:06:03,596 INFO _main.py 41:: #                         list_unreliable: [2, 18, 20]         #
2024-12-02 02:06:03,596 INFO _main.py 41:: #                     unreliable_fraction: 0.5                 #
2024-12-02 02:06:03,596 INFO _main.py 41:: #                    unreliable_fracTrain: 0.3                 #
2024-12-02 02:06:03,597 INFO _main.py 41:: #                         mean_unreliable: 0.0                 #
2024-12-02 02:06:03,597 INFO _main.py 41:: #                             blur_method: add_noise           #
2024-12-02 02:06:03,597 INFO _main.py 41:: #                      max_std_unreliable: 30.0                #
2024-12-02 02:06:03,598 INFO _main.py 41:: #                     list_uatk_add_noise: [24, 25, 26]        #
2024-12-02 02:06:03,598 INFO _main.py 41:: #                          mean_add_noise: 0.0                 #
2024-12-02 02:06:03,598 INFO _main.py 41:: #                           std_add_noise: 0.01                #
2024-12-02 02:06:03,598 INFO _main.py 41:: #                     list_uatk_flip_sign: [0, 10, 11]         #
2024-12-02 02:06:03,599 INFO _main.py 42:: ################################################################
2024-12-02 02:06:03,599 INFO _main.py 43:: Namespace(batch_size=64, test_batch_size=32, epochs=45, optimizer='SGD', lr=0.01, momentum=0.9, weight_decay=0.0001, seed=1, log_interval=11, num_clients=40, output_folder='experiments', dataset='rockburst', loader_type='dirichlet', loader_path='./data/loader.pk', AR='krum', n_attacker_backdoor=0, backdoor_trigger=[0, 0, 1, 1], n_attacker_omniscient=0, omniscient_scale=1, attacks=None, save_model_weights=False, experiment_name='sExp4Ba_40ep_rockburst_krum_40C_5', path_to_aggNet=None, device='cpu', inner_epochs=30, verbose=True, list_unreliable=[2, 18, 20], unreliable_fraction=0.5, unreliable_fracTrain=0.3, mean_unreliable=0.0, blur_method='add_noise', max_std_unreliable=30.0, list_uatk_add_noise=[24, 25, 26], mean_add_noise=0.0, std_add_noise=0.01, list_uatk_flip_sign=[0, 10, 11])
2024-12-02 02:06:03,600 INFO _main.py 44:: #####################
2024-12-02 02:06:03,600 INFO _main.py 45:: #####################
2024-12-02 02:06:03,600 INFO _main.py 46:: #####################
2024-12-02 02:06:03,600 INFO _main.py 47:: Aggregation Rule:	krum
2024-12-02 02:06:03,601 INFO _main.py 48:: Data distribution:	dirichlet
2024-12-02 02:06:03,601 INFO _main.py 49:: Attacks:	None 
2024-12-02 02:06:03,601 INFO _main.py 50:: #####################
2024-12-02 02:06:03,601 INFO _main.py 51:: #####################
2024-12-02 02:06:03,601 INFO _main.py 52:: #####################
2024-12-02 02:06:05,171 INFO server.py 366:: SET DBSCAN eps=1.3, min_samples=10
2024-12-02 02:06:05,174 INFO _main.py 135:: [1-normal, 0-malicious] label =tensor([0., 1., 1., 1., 1., 1., 1., 1., 1., 1., 0., 0., 1., 1., 1., 1., 1., 1.,
        1., 1., 1., 1., 1., 1., 0., 0., 0., 1., 1., 1., 1., 1., 1., 1., 1., 1.,
        1., 1., 1., 1.])
2024-12-02 02:06:05,179 INFO malicious_clients.py 123:: init ATTACK OMNISCIENT Client 0
2024-12-02 02:06:05,184 INFO malicious_clients.py 18:: init UNRELIABLE Client 2
2024-12-02 02:06:05,215 INFO malicious_clients.py 123:: init ATTACK OMNISCIENT Client 10
2024-12-02 02:06:05,218 INFO malicious_clients.py 123:: init ATTACK OMNISCIENT Client 11
2024-12-02 02:06:05,240 INFO malicious_clients.py 18:: init UNRELIABLE Client 18
2024-12-02 02:06:05,247 INFO malicious_clients.py 18:: init UNRELIABLE Client 20
2024-12-02 02:06:05,265 INFO malicious_clients.py 73:: init ATTACK ADD NOISE TO GRAD Client 24
2024-12-02 02:06:05,269 INFO malicious_clients.py 73:: init ATTACK ADD NOISE TO GRAD Client 25
2024-12-02 02:06:05,273 INFO malicious_clients.py 73:: init ATTACK ADD NOISE TO GRAD Client 26
2024-12-02 02:06:05,328 INFO server.py 211:: [Server] Start testing
2024-12-02 02:06:05,344 INFO server.py 235:: [Server] Test set: Average loss: 1.3864, Accuracy: 50/200 (25.0%)

2024-12-02 02:06:05,345 INFO server.py 238:: [Sever] Confusion matrix:
 tensor([[50.,  0.,  0.,  0.],
        [50.,  0.,  0.,  0.],
        [50.,  0.,  0.,  0.],
        [50.,  0.,  0.,  0.]])
2024-12-02 02:06:05,353 INFO server.py 254:: [Server] Precision=[0.25  nan  nan  nan],
 Recall=[1. 0. 0. 0.],
 F1-score=[0.4 nan nan nan],
 my_accuracy=25.0[%]
2024-12-02 02:06:05,355 INFO _main.py 209:: ########EPOCH 0 ########
2024-12-02 02:06:05,356 INFO _main.py 210:: ###Model distribution###
2024-12-02 02:06:08,557 INFO server.py 1080:: clients' sizes=[1, 2, 1, 0, 0, 0, 2, 2, 0, 1, 0, 1, 2, 2, 2, 2, 1, 1, 2, 0, 1, 1, 1, 1, 1, 0, 1, 1, 1, 1, 2, 0, 2, 0, 1, 2, 1, 0, 2, 0], total=41
2024-12-02 02:06:08,603 INFO server.py 327:: [Server] The aggregation takes 0.059113 seconds.

2024-12-02 02:06:08,604 INFO server.py 211:: [Server] Start testing
2024-12-02 02:06:08,629 INFO server.py 235:: [Server] Test set: Average loss: 1.3864, Accuracy: 50/200 (25.0%)

2024-12-02 02:06:08,630 INFO server.py 238:: [Sever] Confusion matrix:
 tensor([[50.,  0.,  0.,  0.],
        [50.,  0.,  0.,  0.],
        [50.,  0.,  0.,  0.],
        [50.,  0.,  0.,  0.]])
2024-12-02 02:06:08,632 INFO server.py 254:: [Server] Precision=[0.25  nan  nan  nan],
 Recall=[1. 0. 0. 0.],
 F1-score=[0.4 nan nan nan],
 my_accuracy=25.0[%]
2024-12-02 02:06:08,633 INFO _main.py 209:: ########EPOCH 1 ########
2024-12-02 02:06:08,634 INFO _main.py 210:: ###Model distribution###
2024-12-02 02:06:11,333 INFO server.py 1080:: clients' sizes=[1, 2, 1, 0, 0, 0, 2, 2, 0, 1, 0, 1, 2, 2, 2, 2, 1, 1, 2, 0, 1, 1, 1, 1, 1, 0, 1, 1, 1, 1, 2, 0, 2, 0, 1, 2, 1, 0, 2, 0], total=41
2024-12-02 02:06:11,371 INFO server.py 327:: [Server] The aggregation takes 0.038539 seconds.

2024-12-02 02:06:11,372 INFO server.py 211:: [Server] Start testing
2024-12-02 02:06:11,394 INFO server.py 235:: [Server] Test set: Average loss: 1.3864, Accuracy: 50/200 (25.0%)

2024-12-02 02:06:11,395 INFO server.py 238:: [Sever] Confusion matrix:
 tensor([[50.,  0.,  0.,  0.],
        [50.,  0.,  0.,  0.],
        [50.,  0.,  0.,  0.],
        [50.,  0.,  0.,  0.]])
2024-12-02 02:06:11,398 INFO server.py 254:: [Server] Precision=[0.25  nan  nan  nan],
 Recall=[1. 0. 0. 0.],
 F1-score=[0.4 nan nan nan],
 my_accuracy=25.0[%]
2024-12-02 02:06:11,398 INFO _main.py 209:: ########EPOCH 2 ########
2024-12-02 02:06:11,400 INFO _main.py 210:: ###Model distribution###
2024-12-02 02:06:15,159 INFO server.py 1080:: clients' sizes=[1, 2, 1, 0, 0, 0, 2, 2, 0, 1, 0, 1, 2, 2, 2, 2, 1, 1, 2, 0, 1, 1, 1, 1, 1, 0, 1, 1, 1, 1, 2, 0, 2, 0, 1, 2, 1, 0, 2, 0], total=41
2024-12-02 02:06:15,198 INFO server.py 327:: [Server] The aggregation takes 0.040274 seconds.

2024-12-02 02:06:15,199 INFO server.py 211:: [Server] Start testing
2024-12-02 02:06:15,220 INFO server.py 235:: [Server] Test set: Average loss: 1.3864, Accuracy: 50/200 (25.0%)

2024-12-02 02:06:15,222 INFO server.py 238:: [Sever] Confusion matrix:
 tensor([[50.,  0.,  0.,  0.],
        [50.,  0.,  0.,  0.],
        [50.,  0.,  0.,  0.],
        [50.,  0.,  0.,  0.]])
2024-12-02 02:06:15,223 INFO server.py 254:: [Server] Precision=[0.25  nan  nan  nan],
 Recall=[1. 0. 0. 0.],
 F1-score=[0.4 nan nan nan],
 my_accuracy=25.0[%]
2024-12-02 02:06:15,224 INFO _main.py 209:: ########EPOCH 3 ########
2024-12-02 02:06:15,225 INFO _main.py 210:: ###Model distribution###
2024-12-02 02:06:19,071 INFO server.py 1080:: clients' sizes=[1, 2, 1, 0, 0, 0, 2, 2, 0, 1, 0, 1, 2, 2, 2, 2, 1, 1, 2, 0, 1, 1, 1, 1, 1, 0, 1, 1, 1, 1, 2, 0, 2, 0, 1, 2, 1, 0, 2, 0], total=41
2024-12-02 02:06:19,096 INFO server.py 327:: [Server] The aggregation takes 0.026118 seconds.

2024-12-02 02:06:19,098 INFO server.py 211:: [Server] Start testing
2024-12-02 02:06:19,112 INFO server.py 235:: [Server] Test set: Average loss: 1.3864, Accuracy: 50/200 (25.0%)

2024-12-02 02:06:19,113 INFO server.py 238:: [Sever] Confusion matrix:
 tensor([[50.,  0.,  0.,  0.],
        [50.,  0.,  0.,  0.],
        [50.,  0.,  0.,  0.],
        [50.,  0.,  0.,  0.]])
2024-12-02 02:06:19,115 INFO server.py 254:: [Server] Precision=[0.25  nan  nan  nan],
 Recall=[1. 0. 0. 0.],
 F1-score=[0.4 nan nan nan],
 my_accuracy=25.0[%]
2024-12-02 02:06:19,116 INFO _main.py 209:: ########EPOCH 4 ########
2024-12-02 02:06:19,117 INFO _main.py 210:: ###Model distribution###
2024-12-02 02:06:21,689 INFO server.py 1080:: clients' sizes=[1, 2, 1, 0, 0, 0, 2, 2, 0, 1, 0, 1, 2, 2, 2, 2, 1, 1, 2, 0, 1, 1, 1, 1, 1, 0, 1, 1, 1, 1, 2, 0, 2, 0, 1, 2, 1, 0, 2, 0], total=41
2024-12-02 02:06:21,713 INFO server.py 327:: [Server] The aggregation takes 0.025526 seconds.

2024-12-02 02:06:21,714 INFO server.py 211:: [Server] Start testing
2024-12-02 02:06:21,730 INFO server.py 235:: [Server] Test set: Average loss: 1.3864, Accuracy: 50/200 (25.0%)

2024-12-02 02:06:21,731 INFO server.py 238:: [Sever] Confusion matrix:
 tensor([[50.,  0.,  0.,  0.],
        [50.,  0.,  0.,  0.],
        [50.,  0.,  0.,  0.],
        [50.,  0.,  0.,  0.]])
2024-12-02 02:06:21,733 INFO server.py 254:: [Server] Precision=[0.25  nan  nan  nan],
 Recall=[1. 0. 0. 0.],
 F1-score=[0.4 nan nan nan],
 my_accuracy=25.0[%]
2024-12-02 02:06:21,733 INFO _main.py 209:: ########EPOCH 5 ########
2024-12-02 02:06:21,734 INFO _main.py 210:: ###Model distribution###
2024-12-02 02:06:24,360 INFO server.py 1080:: clients' sizes=[1, 2, 1, 0, 0, 0, 2, 2, 0, 1, 0, 1, 2, 2, 2, 2, 1, 1, 2, 0, 1, 1, 1, 1, 1, 0, 1, 1, 1, 1, 2, 0, 2, 0, 1, 2, 1, 0, 2, 0], total=41
2024-12-02 02:06:24,385 INFO server.py 327:: [Server] The aggregation takes 0.025757 seconds.

2024-12-02 02:06:24,386 INFO server.py 211:: [Server] Start testing
2024-12-02 02:06:24,400 INFO server.py 235:: [Server] Test set: Average loss: 1.3864, Accuracy: 50/200 (25.0%)

2024-12-02 02:06:24,401 INFO server.py 238:: [Sever] Confusion matrix:
 tensor([[50.,  0.,  0.,  0.],
        [50.,  0.,  0.,  0.],
        [50.,  0.,  0.,  0.],
        [50.,  0.,  0.,  0.]])
2024-12-02 02:06:24,403 INFO server.py 254:: [Server] Precision=[0.25  nan  nan  nan],
 Recall=[1. 0. 0. 0.],
 F1-score=[0.4 nan nan nan],
 my_accuracy=25.0[%]
2024-12-02 02:06:24,403 INFO _main.py 209:: ########EPOCH 6 ########
2024-12-02 02:06:24,404 INFO _main.py 210:: ###Model distribution###
2024-12-02 02:06:26,968 INFO server.py 1080:: clients' sizes=[1, 2, 1, 0, 0, 0, 2, 2, 0, 1, 0, 1, 2, 2, 2, 2, 1, 1, 2, 0, 1, 1, 1, 1, 1, 0, 1, 1, 1, 1, 2, 0, 2, 0, 1, 2, 1, 0, 2, 0], total=41
2024-12-02 02:06:26,993 INFO server.py 327:: [Server] The aggregation takes 0.026231 seconds.

2024-12-02 02:06:26,994 INFO server.py 211:: [Server] Start testing
2024-12-02 02:06:27,009 INFO server.py 235:: [Server] Test set: Average loss: 1.3864, Accuracy: 50/200 (25.0%)

2024-12-02 02:06:27,010 INFO server.py 238:: [Sever] Confusion matrix:
 tensor([[50.,  0.,  0.,  0.],
        [50.,  0.,  0.,  0.],
        [50.,  0.,  0.,  0.],
        [50.,  0.,  0.,  0.]])
2024-12-02 02:06:27,012 INFO server.py 254:: [Server] Precision=[0.25  nan  nan  nan],
 Recall=[1. 0. 0. 0.],
 F1-score=[0.4 nan nan nan],
 my_accuracy=25.0[%]
2024-12-02 02:06:27,012 INFO _main.py 209:: ########EPOCH 7 ########
2024-12-02 02:06:27,013 INFO _main.py 210:: ###Model distribution###
2024-12-02 02:06:31,409 INFO server.py 1080:: clients' sizes=[1, 2, 1, 0, 0, 0, 2, 2, 0, 1, 0, 1, 2, 2, 2, 2, 1, 1, 2, 0, 1, 1, 1, 1, 1, 0, 1, 1, 1, 1, 2, 0, 2, 0, 1, 2, 1, 0, 2, 0], total=41
2024-12-02 02:06:31,450 INFO server.py 327:: [Server] The aggregation takes 0.042927 seconds.

2024-12-02 02:06:31,452 INFO server.py 211:: [Server] Start testing
2024-12-02 02:06:31,473 INFO server.py 235:: [Server] Test set: Average loss: 1.3864, Accuracy: 50/200 (25.0%)

2024-12-02 02:06:31,474 INFO server.py 238:: [Sever] Confusion matrix:
 tensor([[50.,  0.,  0.,  0.],
        [50.,  0.,  0.,  0.],
        [50.,  0.,  0.,  0.],
        [50.,  0.,  0.,  0.]])
2024-12-02 02:06:31,475 INFO server.py 254:: [Server] Precision=[0.25  nan  nan  nan],
 Recall=[1. 0. 0. 0.],
 F1-score=[0.4 nan nan nan],
 my_accuracy=25.0[%]
2024-12-02 02:06:31,476 INFO _main.py 209:: ########EPOCH 8 ########
2024-12-02 02:06:31,477 INFO _main.py 210:: ###Model distribution###
2024-12-02 02:06:34,706 INFO server.py 1080:: clients' sizes=[1, 2, 1, 0, 0, 0, 2, 2, 0, 1, 0, 1, 2, 2, 2, 2, 1, 1, 2, 0, 1, 1, 1, 1, 1, 0, 1, 1, 1, 1, 2, 0, 2, 0, 1, 2, 1, 0, 2, 0], total=41
2024-12-02 02:06:34,730 INFO server.py 327:: [Server] The aggregation takes 0.024992 seconds.

2024-12-02 02:06:34,731 INFO server.py 211:: [Server] Start testing
2024-12-02 02:06:34,746 INFO server.py 235:: [Server] Test set: Average loss: 1.3864, Accuracy: 50/200 (25.0%)

2024-12-02 02:06:34,747 INFO server.py 238:: [Sever] Confusion matrix:
 tensor([[50.,  0.,  0.,  0.],
        [50.,  0.,  0.,  0.],
        [50.,  0.,  0.,  0.],
        [50.,  0.,  0.,  0.]])
2024-12-02 02:06:34,748 INFO server.py 254:: [Server] Precision=[0.25  nan  nan  nan],
 Recall=[1. 0. 0. 0.],
 F1-score=[0.4 nan nan nan],
 my_accuracy=25.0[%]
2024-12-02 02:06:34,749 INFO _main.py 209:: ########EPOCH 9 ########
2024-12-02 02:06:34,750 INFO _main.py 210:: ###Model distribution###
2024-12-02 02:06:37,398 INFO server.py 1080:: clients' sizes=[1, 2, 1, 0, 0, 0, 2, 2, 0, 1, 0, 1, 2, 2, 2, 2, 1, 1, 2, 0, 1, 1, 1, 1, 1, 0, 1, 1, 1, 1, 2, 0, 2, 0, 1, 2, 1, 0, 2, 0], total=41
2024-12-02 02:06:37,425 INFO server.py 327:: [Server] The aggregation takes 0.028470 seconds.

2024-12-02 02:06:37,426 INFO server.py 211:: [Server] Start testing
2024-12-02 02:06:37,441 INFO server.py 235:: [Server] Test set: Average loss: 1.3864, Accuracy: 50/200 (25.0%)

2024-12-02 02:06:37,442 INFO server.py 238:: [Sever] Confusion matrix:
 tensor([[50.,  0.,  0.,  0.],
        [50.,  0.,  0.,  0.],
        [50.,  0.,  0.,  0.],
        [50.,  0.,  0.,  0.]])
2024-12-02 02:06:37,444 INFO server.py 254:: [Server] Precision=[0.25  nan  nan  nan],
 Recall=[1. 0. 0. 0.],
 F1-score=[0.4 nan nan nan],
 my_accuracy=25.0[%]
2024-12-02 02:06:37,445 INFO _main.py 209:: ########EPOCH 10 ########
2024-12-02 02:06:37,446 INFO _main.py 210:: ###Model distribution###
2024-12-02 02:06:40,584 INFO server.py 1080:: clients' sizes=[1, 2, 1, 0, 0, 0, 2, 2, 0, 1, 0, 1, 2, 2, 2, 2, 1, 1, 2, 0, 1, 1, 1, 1, 1, 0, 1, 1, 1, 1, 2, 0, 2, 0, 1, 2, 1, 0, 2, 0], total=41
2024-12-02 02:06:40,609 INFO server.py 327:: [Server] The aggregation takes 0.025972 seconds.

2024-12-02 02:06:40,610 INFO server.py 211:: [Server] Start testing
2024-12-02 02:06:40,624 INFO server.py 235:: [Server] Test set: Average loss: 1.3864, Accuracy: 50/200 (25.0%)

2024-12-02 02:06:40,625 INFO server.py 238:: [Sever] Confusion matrix:
 tensor([[50.,  0.,  0.,  0.],
        [50.,  0.,  0.,  0.],
        [50.,  0.,  0.,  0.],
        [50.,  0.,  0.,  0.]])
2024-12-02 02:06:40,627 INFO server.py 254:: [Server] Precision=[0.25  nan  nan  nan],
 Recall=[1. 0. 0. 0.],
 F1-score=[0.4 nan nan nan],
 my_accuracy=25.0[%]
2024-12-02 02:06:40,627 INFO _main.py 209:: ########EPOCH 11 ########
2024-12-02 02:06:40,628 INFO _main.py 210:: ###Model distribution###
2024-12-02 02:06:43,167 INFO server.py 1080:: clients' sizes=[1, 2, 1, 0, 0, 0, 2, 2, 0, 1, 0, 1, 2, 2, 2, 2, 1, 1, 2, 0, 1, 1, 1, 1, 1, 0, 1, 1, 1, 1, 2, 0, 2, 0, 1, 2, 1, 0, 2, 0], total=41
2024-12-02 02:06:43,192 INFO server.py 327:: [Server] The aggregation takes 0.025795 seconds.

2024-12-02 02:06:43,193 INFO server.py 211:: [Server] Start testing
2024-12-02 02:06:43,207 INFO server.py 235:: [Server] Test set: Average loss: 1.3864, Accuracy: 50/200 (25.0%)

2024-12-02 02:06:43,208 INFO server.py 238:: [Sever] Confusion matrix:
 tensor([[50.,  0.,  0.,  0.],
        [50.,  0.,  0.,  0.],
        [50.,  0.,  0.,  0.],
        [50.,  0.,  0.,  0.]])
2024-12-02 02:06:43,209 INFO server.py 254:: [Server] Precision=[0.25  nan  nan  nan],
 Recall=[1. 0. 0. 0.],
 F1-score=[0.4 nan nan nan],
 my_accuracy=25.0[%]
2024-12-02 02:06:43,210 INFO _main.py 209:: ########EPOCH 12 ########
2024-12-02 02:06:43,210 INFO _main.py 210:: ###Model distribution###
2024-12-02 02:06:46,765 INFO server.py 1080:: clients' sizes=[1, 2, 1, 0, 0, 0, 2, 2, 0, 1, 0, 1, 2, 2, 2, 2, 1, 1, 2, 0, 1, 1, 1, 1, 1, 0, 1, 1, 1, 1, 2, 0, 2, 0, 1, 2, 1, 0, 2, 0], total=41
2024-12-02 02:06:46,802 INFO server.py 327:: [Server] The aggregation takes 0.038658 seconds.

2024-12-02 02:06:46,803 INFO server.py 211:: [Server] Start testing
2024-12-02 02:06:46,825 INFO server.py 235:: [Server] Test set: Average loss: 1.3864, Accuracy: 50/200 (25.0%)

2024-12-02 02:06:46,826 INFO server.py 238:: [Sever] Confusion matrix:
 tensor([[50.,  0.,  0.,  0.],
        [50.,  0.,  0.,  0.],
        [50.,  0.,  0.,  0.],
        [50.,  0.,  0.,  0.]])
2024-12-02 02:06:46,828 INFO server.py 254:: [Server] Precision=[0.25  nan  nan  nan],
 Recall=[1. 0. 0. 0.],
 F1-score=[0.4 nan nan nan],
 my_accuracy=25.0[%]
2024-12-02 02:06:46,829 INFO _main.py 209:: ########EPOCH 13 ########
2024-12-02 02:06:46,830 INFO _main.py 210:: ###Model distribution###
2024-12-02 02:06:50,989 INFO server.py 1080:: clients' sizes=[1, 2, 1, 0, 0, 0, 2, 2, 0, 1, 0, 1, 2, 2, 2, 2, 1, 1, 2, 0, 1, 1, 1, 1, 1, 0, 1, 1, 1, 1, 2, 0, 2, 0, 1, 2, 1, 0, 2, 0], total=41
2024-12-02 02:06:51,014 INFO server.py 327:: [Server] The aggregation takes 0.026691 seconds.

2024-12-02 02:06:51,015 INFO server.py 211:: [Server] Start testing
2024-12-02 02:06:51,029 INFO server.py 235:: [Server] Test set: Average loss: 1.3864, Accuracy: 50/200 (25.0%)

2024-12-02 02:06:51,030 INFO server.py 238:: [Sever] Confusion matrix:
 tensor([[50.,  0.,  0.,  0.],
        [50.,  0.,  0.,  0.],
        [50.,  0.,  0.,  0.],
        [50.,  0.,  0.,  0.]])
2024-12-02 02:06:51,032 INFO server.py 254:: [Server] Precision=[0.25  nan  nan  nan],
 Recall=[1. 0. 0. 0.],
 F1-score=[0.4 nan nan nan],
 my_accuracy=25.0[%]
2024-12-02 02:06:51,033 INFO _main.py 209:: ########EPOCH 14 ########
2024-12-02 02:06:51,034 INFO _main.py 210:: ###Model distribution###
2024-12-02 02:06:53,546 INFO server.py 1080:: clients' sizes=[1, 2, 1, 0, 0, 0, 2, 2, 0, 1, 0, 1, 2, 2, 2, 2, 1, 1, 2, 0, 1, 1, 1, 1, 1, 0, 1, 1, 1, 1, 2, 0, 2, 0, 1, 2, 1, 0, 2, 0], total=41
2024-12-02 02:06:53,571 INFO server.py 327:: [Server] The aggregation takes 0.025119 seconds.

2024-12-02 02:06:53,572 INFO server.py 211:: [Server] Start testing
2024-12-02 02:06:53,585 INFO server.py 235:: [Server] Test set: Average loss: 1.3864, Accuracy: 50/200 (25.0%)

2024-12-02 02:06:53,586 INFO server.py 238:: [Sever] Confusion matrix:
 tensor([[50.,  0.,  0.,  0.],
        [50.,  0.,  0.,  0.],
        [50.,  0.,  0.,  0.],
        [50.,  0.,  0.,  0.]])
2024-12-02 02:06:53,588 INFO server.py 254:: [Server] Precision=[0.25  nan  nan  nan],
 Recall=[1. 0. 0. 0.],
 F1-score=[0.4 nan nan nan],
 my_accuracy=25.0[%]
2024-12-02 02:06:53,588 INFO _main.py 209:: ########EPOCH 15 ########
2024-12-02 02:06:53,589 INFO _main.py 210:: ###Model distribution###
2024-12-02 02:06:56,176 INFO server.py 1080:: clients' sizes=[1, 2, 1, 0, 0, 0, 2, 2, 0, 1, 0, 1, 2, 2, 2, 2, 1, 1, 2, 0, 1, 1, 1, 1, 1, 0, 1, 1, 1, 1, 2, 0, 2, 0, 1, 2, 1, 0, 2, 0], total=41
2024-12-02 02:06:56,201 INFO server.py 327:: [Server] The aggregation takes 0.025316 seconds.

2024-12-02 02:06:56,202 INFO server.py 211:: [Server] Start testing
2024-12-02 02:06:56,216 INFO server.py 235:: [Server] Test set: Average loss: 1.3864, Accuracy: 50/200 (25.0%)

2024-12-02 02:06:56,217 INFO server.py 238:: [Sever] Confusion matrix:
 tensor([[50.,  0.,  0.,  0.],
        [50.,  0.,  0.,  0.],
        [50.,  0.,  0.,  0.],
        [50.,  0.,  0.,  0.]])
2024-12-02 02:06:56,219 INFO server.py 254:: [Server] Precision=[0.25  nan  nan  nan],
 Recall=[1. 0. 0. 0.],
 F1-score=[0.4 nan nan nan],
 my_accuracy=25.0[%]
2024-12-02 02:06:56,219 INFO _main.py 209:: ########EPOCH 16 ########
2024-12-02 02:06:56,220 INFO _main.py 210:: ###Model distribution###
2024-12-02 02:06:59,420 INFO server.py 1080:: clients' sizes=[1, 2, 1, 0, 0, 0, 2, 2, 0, 1, 0, 1, 2, 2, 2, 2, 1, 1, 2, 0, 1, 1, 1, 1, 1, 0, 1, 1, 1, 1, 2, 0, 2, 0, 1, 2, 1, 0, 2, 0], total=41
2024-12-02 02:06:59,445 INFO server.py 327:: [Server] The aggregation takes 0.025347 seconds.

2024-12-02 02:06:59,446 INFO server.py 211:: [Server] Start testing
2024-12-02 02:06:59,460 INFO server.py 235:: [Server] Test set: Average loss: 1.3864, Accuracy: 50/200 (25.0%)

2024-12-02 02:06:59,461 INFO server.py 238:: [Sever] Confusion matrix:
 tensor([[50.,  0.,  0.,  0.],
        [50.,  0.,  0.,  0.],
        [50.,  0.,  0.,  0.],
        [50.,  0.,  0.,  0.]])
2024-12-02 02:06:59,463 INFO server.py 254:: [Server] Precision=[0.25  nan  nan  nan],
 Recall=[1. 0. 0. 0.],
 F1-score=[0.4 nan nan nan],
 my_accuracy=25.0[%]
2024-12-02 02:06:59,463 INFO _main.py 209:: ########EPOCH 17 ########
2024-12-02 02:06:59,464 INFO _main.py 210:: ###Model distribution###
2024-12-02 02:07:03,017 INFO server.py 1080:: clients' sizes=[1, 2, 1, 0, 0, 0, 2, 2, 0, 1, 0, 1, 2, 2, 2, 2, 1, 1, 2, 0, 1, 1, 1, 1, 1, 0, 1, 1, 1, 1, 2, 0, 2, 0, 1, 2, 1, 0, 2, 0], total=41
2024-12-02 02:07:03,056 INFO server.py 327:: [Server] The aggregation takes 0.040567 seconds.

2024-12-02 02:07:03,057 INFO server.py 211:: [Server] Start testing
2024-12-02 02:07:03,079 INFO server.py 235:: [Server] Test set: Average loss: 1.3864, Accuracy: 50/200 (25.0%)

2024-12-02 02:07:03,081 INFO server.py 238:: [Sever] Confusion matrix:
 tensor([[50.,  0.,  0.,  0.],
        [50.,  0.,  0.,  0.],
        [50.,  0.,  0.,  0.],
        [50.,  0.,  0.,  0.]])
2024-12-02 02:07:03,083 INFO server.py 254:: [Server] Precision=[0.25  nan  nan  nan],
 Recall=[1. 0. 0. 0.],
 F1-score=[0.4 nan nan nan],
 my_accuracy=25.0[%]
2024-12-02 02:07:03,084 INFO _main.py 209:: ########EPOCH 18 ########
2024-12-02 02:07:03,085 INFO _main.py 210:: ###Model distribution###
2024-12-02 02:07:06,543 INFO server.py 1080:: clients' sizes=[1, 2, 1, 0, 0, 0, 2, 2, 0, 1, 0, 1, 2, 2, 2, 2, 1, 1, 2, 0, 1, 1, 1, 1, 1, 0, 1, 1, 1, 1, 2, 0, 2, 0, 1, 2, 1, 0, 2, 0], total=41
2024-12-02 02:07:06,568 INFO server.py 327:: [Server] The aggregation takes 0.025984 seconds.

2024-12-02 02:07:06,569 INFO server.py 211:: [Server] Start testing
2024-12-02 02:07:06,584 INFO server.py 235:: [Server] Test set: Average loss: 1.3864, Accuracy: 50/200 (25.0%)

2024-12-02 02:07:06,585 INFO server.py 238:: [Sever] Confusion matrix:
 tensor([[50.,  0.,  0.,  0.],
        [50.,  0.,  0.,  0.],
        [50.,  0.,  0.,  0.],
        [50.,  0.,  0.,  0.]])
2024-12-02 02:07:06,587 INFO server.py 254:: [Server] Precision=[0.25  nan  nan  nan],
 Recall=[1. 0. 0. 0.],
 F1-score=[0.4 nan nan nan],
 my_accuracy=25.0[%]
2024-12-02 02:07:06,587 INFO _main.py 209:: ########EPOCH 19 ########
2024-12-02 02:07:06,588 INFO _main.py 210:: ###Model distribution###
2024-12-02 02:07:09,788 INFO server.py 1080:: clients' sizes=[1, 2, 1, 0, 0, 0, 2, 2, 0, 1, 0, 1, 2, 2, 2, 2, 1, 1, 2, 0, 1, 1, 1, 1, 1, 0, 1, 1, 1, 1, 2, 0, 2, 0, 1, 2, 1, 0, 2, 0], total=41
2024-12-02 02:07:09,814 INFO server.py 327:: [Server] The aggregation takes 0.026559 seconds.

2024-12-02 02:07:09,815 INFO server.py 211:: [Server] Start testing
2024-12-02 02:07:09,828 INFO server.py 235:: [Server] Test set: Average loss: 1.3864, Accuracy: 50/200 (25.0%)

2024-12-02 02:07:09,829 INFO server.py 238:: [Sever] Confusion matrix:
 tensor([[50.,  0.,  0.,  0.],
        [50.,  0.,  0.,  0.],
        [50.,  0.,  0.,  0.],
        [50.,  0.,  0.,  0.]])
2024-12-02 02:07:09,831 INFO server.py 254:: [Server] Precision=[0.25  nan  nan  nan],
 Recall=[1. 0. 0. 0.],
 F1-score=[0.4 nan nan nan],
 my_accuracy=25.0[%]
2024-12-02 02:07:09,831 INFO _main.py 209:: ########EPOCH 20 ########
2024-12-02 02:07:09,832 INFO _main.py 210:: ###Model distribution###
2024-12-02 02:07:12,390 INFO server.py 1080:: clients' sizes=[1, 2, 1, 0, 0, 0, 2, 2, 0, 1, 0, 1, 2, 2, 2, 2, 1, 1, 2, 0, 1, 1, 1, 1, 1, 0, 1, 1, 1, 1, 2, 0, 2, 0, 1, 2, 1, 0, 2, 0], total=41
2024-12-02 02:07:12,415 INFO server.py 327:: [Server] The aggregation takes 0.026241 seconds.

2024-12-02 02:07:12,416 INFO server.py 211:: [Server] Start testing
2024-12-02 02:07:12,432 INFO server.py 235:: [Server] Test set: Average loss: 1.3864, Accuracy: 50/200 (25.0%)

2024-12-02 02:07:12,433 INFO server.py 238:: [Sever] Confusion matrix:
 tensor([[50.,  0.,  0.,  0.],
        [50.,  0.,  0.,  0.],
        [50.,  0.,  0.,  0.],
        [50.,  0.,  0.,  0.]])
2024-12-02 02:07:12,435 INFO server.py 254:: [Server] Precision=[0.25  nan  nan  nan],
 Recall=[1. 0. 0. 0.],
 F1-score=[0.4 nan nan nan],
 my_accuracy=25.0[%]
2024-12-02 02:07:12,435 INFO _main.py 209:: ########EPOCH 21 ########
2024-12-02 02:07:12,436 INFO _main.py 210:: ###Model distribution###
2024-12-02 02:07:15,040 INFO server.py 1080:: clients' sizes=[1, 2, 1, 0, 0, 0, 2, 2, 0, 1, 0, 1, 2, 2, 2, 2, 1, 1, 2, 0, 1, 1, 1, 1, 1, 0, 1, 1, 1, 1, 2, 0, 2, 0, 1, 2, 1, 0, 2, 0], total=41
2024-12-02 02:07:15,065 INFO server.py 327:: [Server] The aggregation takes 0.025880 seconds.

2024-12-02 02:07:15,066 INFO server.py 211:: [Server] Start testing
2024-12-02 02:07:15,080 INFO server.py 235:: [Server] Test set: Average loss: 1.3864, Accuracy: 50/200 (25.0%)

2024-12-02 02:07:15,081 INFO server.py 238:: [Sever] Confusion matrix:
 tensor([[50.,  0.,  0.,  0.],
        [50.,  0.,  0.,  0.],
        [50.,  0.,  0.,  0.],
        [50.,  0.,  0.,  0.]])
2024-12-02 02:07:15,083 INFO server.py 254:: [Server] Precision=[0.25  nan  nan  nan],
 Recall=[1. 0. 0. 0.],
 F1-score=[0.4 nan nan nan],
 my_accuracy=25.0[%]
2024-12-02 02:07:15,083 INFO _main.py 209:: ########EPOCH 22 ########
2024-12-02 02:07:15,084 INFO _main.py 210:: ###Model distribution###
2024-12-02 02:07:18,654 INFO server.py 1080:: clients' sizes=[1, 2, 1, 0, 0, 0, 2, 2, 0, 1, 0, 1, 2, 2, 2, 2, 1, 1, 2, 0, 1, 1, 1, 1, 1, 0, 1, 1, 1, 1, 2, 0, 2, 0, 1, 2, 1, 0, 2, 0], total=41
2024-12-02 02:07:18,696 INFO server.py 327:: [Server] The aggregation takes 0.043307 seconds.

2024-12-02 02:07:18,697 INFO server.py 211:: [Server] Start testing
2024-12-02 02:07:18,715 INFO server.py 235:: [Server] Test set: Average loss: 1.3864, Accuracy: 50/200 (25.0%)

2024-12-02 02:07:18,716 INFO server.py 238:: [Sever] Confusion matrix:
 tensor([[50.,  0.,  0.,  0.],
        [50.,  0.,  0.,  0.],
        [50.,  0.,  0.,  0.],
        [50.,  0.,  0.,  0.]])
2024-12-02 02:07:18,718 INFO server.py 254:: [Server] Precision=[0.25  nan  nan  nan],
 Recall=[1. 0. 0. 0.],
 F1-score=[0.4 nan nan nan],
 my_accuracy=25.0[%]
2024-12-02 02:07:18,718 INFO _main.py 209:: ########EPOCH 23 ########
2024-12-02 02:07:18,719 INFO _main.py 210:: ###Model distribution###
2024-12-02 02:07:22,857 INFO server.py 1080:: clients' sizes=[1, 2, 1, 0, 0, 0, 2, 2, 0, 1, 0, 1, 2, 2, 2, 2, 1, 1, 2, 0, 1, 1, 1, 1, 1, 0, 1, 1, 1, 1, 2, 0, 2, 0, 1, 2, 1, 0, 2, 0], total=41
2024-12-02 02:07:22,884 INFO server.py 327:: [Server] The aggregation takes 0.028182 seconds.

2024-12-02 02:07:22,885 INFO server.py 211:: [Server] Start testing
2024-12-02 02:07:22,900 INFO server.py 235:: [Server] Test set: Average loss: 1.3864, Accuracy: 50/200 (25.0%)

2024-12-02 02:07:22,901 INFO server.py 238:: [Sever] Confusion matrix:
 tensor([[50.,  0.,  0.,  0.],
        [50.,  0.,  0.,  0.],
        [50.,  0.,  0.,  0.],
        [50.,  0.,  0.,  0.]])
2024-12-02 02:07:22,903 INFO server.py 254:: [Server] Precision=[0.25  nan  nan  nan],
 Recall=[1. 0. 0. 0.],
 F1-score=[0.4 nan nan nan],
 my_accuracy=25.0[%]
2024-12-02 02:07:22,903 INFO _main.py 209:: ########EPOCH 24 ########
2024-12-02 02:07:22,904 INFO _main.py 210:: ###Model distribution###
2024-12-02 02:07:25,499 INFO server.py 1080:: clients' sizes=[1, 2, 1, 0, 0, 0, 2, 2, 0, 1, 0, 1, 2, 2, 2, 2, 1, 1, 2, 0, 1, 1, 1, 1, 1, 0, 1, 1, 1, 1, 2, 0, 2, 0, 1, 2, 1, 0, 2, 0], total=41
2024-12-02 02:07:25,523 INFO server.py 327:: [Server] The aggregation takes 0.025339 seconds.

2024-12-02 02:07:25,524 INFO server.py 211:: [Server] Start testing
2024-12-02 02:07:25,538 INFO server.py 235:: [Server] Test set: Average loss: 1.3864, Accuracy: 50/200 (25.0%)

2024-12-02 02:07:25,539 INFO server.py 238:: [Sever] Confusion matrix:
 tensor([[50.,  0.,  0.,  0.],
        [50.,  0.,  0.,  0.],
        [50.,  0.,  0.,  0.],
        [50.,  0.,  0.,  0.]])
2024-12-02 02:07:25,541 INFO server.py 254:: [Server] Precision=[0.25  nan  nan  nan],
 Recall=[1. 0. 0. 0.],
 F1-score=[0.4 nan nan nan],
 my_accuracy=25.0[%]
2024-12-02 02:07:25,541 INFO _main.py 209:: ########EPOCH 25 ########
2024-12-02 02:07:25,542 INFO _main.py 210:: ###Model distribution###
2024-12-02 02:07:28,150 INFO server.py 1080:: clients' sizes=[1, 2, 1, 0, 0, 0, 2, 2, 0, 1, 0, 1, 2, 2, 2, 2, 1, 1, 2, 0, 1, 1, 1, 1, 1, 0, 1, 1, 1, 1, 2, 0, 2, 0, 1, 2, 1, 0, 2, 0], total=41
2024-12-02 02:07:28,176 INFO server.py 327:: [Server] The aggregation takes 0.026557 seconds.

2024-12-02 02:07:28,177 INFO server.py 211:: [Server] Start testing
2024-12-02 02:07:28,193 INFO server.py 235:: [Server] Test set: Average loss: 1.3864, Accuracy: 50/200 (25.0%)

2024-12-02 02:07:28,194 INFO server.py 238:: [Sever] Confusion matrix:
 tensor([[50.,  0.,  0.,  0.],
        [50.,  0.,  0.,  0.],
        [50.,  0.,  0.,  0.],
        [50.,  0.,  0.,  0.]])
2024-12-02 02:07:28,196 INFO server.py 254:: [Server] Precision=[0.25  nan  nan  nan],
 Recall=[1. 0. 0. 0.],
 F1-score=[0.4 nan nan nan],
 my_accuracy=25.0[%]
2024-12-02 02:07:28,197 INFO _main.py 209:: ########EPOCH 26 ########
2024-12-02 02:07:28,197 INFO _main.py 210:: ###Model distribution###
2024-12-02 02:07:31,272 INFO server.py 1080:: clients' sizes=[1, 2, 1, 0, 0, 0, 2, 2, 0, 1, 0, 1, 2, 2, 2, 2, 1, 1, 2, 0, 1, 1, 1, 1, 1, 0, 1, 1, 1, 1, 2, 0, 2, 0, 1, 2, 1, 0, 2, 0], total=41
2024-12-02 02:07:31,297 INFO server.py 327:: [Server] The aggregation takes 0.025538 seconds.

2024-12-02 02:07:31,298 INFO server.py 211:: [Server] Start testing
2024-12-02 02:07:31,311 INFO server.py 235:: [Server] Test set: Average loss: 1.3864, Accuracy: 50/200 (25.0%)

2024-12-02 02:07:31,313 INFO server.py 238:: [Sever] Confusion matrix:
 tensor([[50.,  0.,  0.,  0.],
        [50.,  0.,  0.,  0.],
        [50.,  0.,  0.,  0.],
        [50.,  0.,  0.,  0.]])
2024-12-02 02:07:31,315 INFO server.py 254:: [Server] Precision=[0.25  nan  nan  nan],
 Recall=[1. 0. 0. 0.],
 F1-score=[0.4 nan nan nan],
 my_accuracy=25.0[%]
2024-12-02 02:07:31,315 INFO _main.py 209:: ########EPOCH 27 ########
2024-12-02 02:07:31,315 INFO _main.py 210:: ###Model distribution###
2024-12-02 02:07:34,631 INFO server.py 1080:: clients' sizes=[1, 2, 1, 0, 0, 0, 2, 2, 0, 1, 0, 1, 2, 2, 2, 2, 1, 1, 2, 0, 1, 1, 1, 1, 1, 0, 1, 1, 1, 1, 2, 0, 2, 0, 1, 2, 1, 0, 2, 0], total=41
2024-12-02 02:07:34,666 INFO server.py 327:: [Server] The aggregation takes 0.036856 seconds.

2024-12-02 02:07:34,667 INFO server.py 211:: [Server] Start testing
2024-12-02 02:07:34,686 INFO server.py 235:: [Server] Test set: Average loss: 1.3864, Accuracy: 50/200 (25.0%)

2024-12-02 02:07:34,687 INFO server.py 238:: [Sever] Confusion matrix:
 tensor([[50.,  0.,  0.,  0.],
        [50.,  0.,  0.,  0.],
        [50.,  0.,  0.,  0.],
        [50.,  0.,  0.,  0.]])
2024-12-02 02:07:34,689 INFO server.py 254:: [Server] Precision=[0.25  nan  nan  nan],
 Recall=[1. 0. 0. 0.],
 F1-score=[0.4 nan nan nan],
 my_accuracy=25.0[%]
2024-12-02 02:07:34,689 INFO _main.py 209:: ########EPOCH 28 ########
2024-12-02 02:07:34,690 INFO _main.py 210:: ###Model distribution###
2024-12-02 02:07:38,586 INFO server.py 1080:: clients' sizes=[1, 2, 1, 0, 0, 0, 2, 2, 0, 1, 0, 1, 2, 2, 2, 2, 1, 1, 2, 0, 1, 1, 1, 1, 1, 0, 1, 1, 1, 1, 2, 0, 2, 0, 1, 2, 1, 0, 2, 0], total=41
2024-12-02 02:07:38,614 INFO server.py 327:: [Server] The aggregation takes 0.029674 seconds.

2024-12-02 02:07:38,616 INFO server.py 211:: [Server] Start testing
2024-12-02 02:07:38,640 INFO server.py 235:: [Server] Test set: Average loss: 1.3864, Accuracy: 50/200 (25.0%)

2024-12-02 02:07:38,641 INFO server.py 238:: [Sever] Confusion matrix:
 tensor([[50.,  0.,  0.,  0.],
        [50.,  0.,  0.,  0.],
        [50.,  0.,  0.,  0.],
        [50.,  0.,  0.,  0.]])
2024-12-02 02:07:38,643 INFO server.py 254:: [Server] Precision=[0.25  nan  nan  nan],
 Recall=[1. 0. 0. 0.],
 F1-score=[0.4 nan nan nan],
 my_accuracy=25.0[%]
2024-12-02 02:07:38,645 INFO _main.py 209:: ########EPOCH 29 ########
2024-12-02 02:07:38,645 INFO _main.py 210:: ###Model distribution###
2024-12-02 02:07:41,723 INFO server.py 1080:: clients' sizes=[1, 2, 1, 0, 0, 0, 2, 2, 0, 1, 0, 1, 2, 2, 2, 2, 1, 1, 2, 0, 1, 1, 1, 1, 1, 0, 1, 1, 1, 1, 2, 0, 2, 0, 1, 2, 1, 0, 2, 0], total=41
2024-12-02 02:07:41,748 INFO server.py 327:: [Server] The aggregation takes 0.025620 seconds.

2024-12-02 02:07:41,749 INFO server.py 211:: [Server] Start testing
2024-12-02 02:07:41,763 INFO server.py 235:: [Server] Test set: Average loss: 1.3864, Accuracy: 50/200 (25.0%)

2024-12-02 02:07:41,764 INFO server.py 238:: [Sever] Confusion matrix:
 tensor([[50.,  0.,  0.,  0.],
        [50.,  0.,  0.,  0.],
        [50.,  0.,  0.,  0.],
        [50.,  0.,  0.,  0.]])
2024-12-02 02:07:41,766 INFO server.py 254:: [Server] Precision=[0.25  nan  nan  nan],
 Recall=[1. 0. 0. 0.],
 F1-score=[0.4 nan nan nan],
 my_accuracy=25.0[%]
2024-12-02 02:07:41,766 INFO _main.py 209:: ########EPOCH 30 ########
2024-12-02 02:07:41,767 INFO _main.py 210:: ###Model distribution###
2024-12-02 02:07:44,322 INFO server.py 1080:: clients' sizes=[1, 2, 1, 0, 0, 0, 2, 2, 0, 1, 0, 1, 2, 2, 2, 2, 1, 1, 2, 0, 1, 1, 1, 1, 1, 0, 1, 1, 1, 1, 2, 0, 2, 0, 1, 2, 1, 0, 2, 0], total=41
2024-12-02 02:07:44,347 INFO server.py 327:: [Server] The aggregation takes 0.025672 seconds.

2024-12-02 02:07:44,348 INFO server.py 211:: [Server] Start testing
2024-12-02 02:07:44,361 INFO server.py 235:: [Server] Test set: Average loss: 1.3864, Accuracy: 50/200 (25.0%)

2024-12-02 02:07:44,362 INFO server.py 238:: [Sever] Confusion matrix:
 tensor([[50.,  0.,  0.,  0.],
        [50.,  0.,  0.,  0.],
        [50.,  0.,  0.,  0.],
        [50.,  0.,  0.,  0.]])
2024-12-02 02:07:44,364 INFO server.py 254:: [Server] Precision=[0.25  nan  nan  nan],
 Recall=[1. 0. 0. 0.],
 F1-score=[0.4 nan nan nan],
 my_accuracy=25.0[%]
2024-12-02 02:07:44,365 INFO _main.py 209:: ########EPOCH 31 ########
2024-12-02 02:07:44,365 INFO _main.py 210:: ###Model distribution###
2024-12-02 02:07:47,035 INFO server.py 1080:: clients' sizes=[1, 2, 1, 0, 0, 0, 2, 2, 0, 1, 0, 1, 2, 2, 2, 2, 1, 1, 2, 0, 1, 1, 1, 1, 1, 0, 1, 1, 1, 1, 2, 0, 2, 0, 1, 2, 1, 0, 2, 0], total=41
2024-12-02 02:07:47,062 INFO server.py 327:: [Server] The aggregation takes 0.028595 seconds.

2024-12-02 02:07:47,063 INFO server.py 211:: [Server] Start testing
2024-12-02 02:07:47,078 INFO server.py 235:: [Server] Test set: Average loss: 1.3864, Accuracy: 50/200 (25.0%)

2024-12-02 02:07:47,080 INFO server.py 238:: [Sever] Confusion matrix:
 tensor([[50.,  0.,  0.,  0.],
        [50.,  0.,  0.,  0.],
        [50.,  0.,  0.,  0.],
        [50.,  0.,  0.,  0.]])
2024-12-02 02:07:47,082 INFO server.py 254:: [Server] Precision=[0.25  nan  nan  nan],
 Recall=[1. 0. 0. 0.],
 F1-score=[0.4 nan nan nan],
 my_accuracy=25.0[%]
2024-12-02 02:07:47,082 INFO _main.py 209:: ########EPOCH 32 ########
2024-12-02 02:07:47,083 INFO _main.py 210:: ###Model distribution###
2024-12-02 02:07:51,275 INFO server.py 1080:: clients' sizes=[1, 2, 1, 0, 0, 0, 2, 2, 0, 1, 0, 1, 2, 2, 2, 2, 1, 1, 2, 0, 1, 1, 1, 1, 1, 0, 1, 1, 1, 1, 2, 0, 2, 0, 1, 2, 1, 0, 2, 0], total=41
2024-12-02 02:07:51,313 INFO server.py 327:: [Server] The aggregation takes 0.039450 seconds.

2024-12-02 02:07:51,314 INFO server.py 211:: [Server] Start testing
2024-12-02 02:07:51,335 INFO server.py 235:: [Server] Test set: Average loss: 1.3864, Accuracy: 50/200 (25.0%)

2024-12-02 02:07:51,336 INFO server.py 238:: [Sever] Confusion matrix:
 tensor([[50.,  0.,  0.,  0.],
        [50.,  0.,  0.,  0.],
        [50.,  0.,  0.,  0.],
        [50.,  0.,  0.,  0.]])
2024-12-02 02:07:51,337 INFO server.py 254:: [Server] Precision=[0.25  nan  nan  nan],
 Recall=[1. 0. 0. 0.],
 F1-score=[0.4 nan nan nan],
 my_accuracy=25.0[%]
2024-12-02 02:07:51,338 INFO _main.py 209:: ########EPOCH 33 ########
2024-12-02 02:07:51,339 INFO _main.py 210:: ###Model distribution###
2024-12-02 02:07:54,953 INFO server.py 1080:: clients' sizes=[1, 2, 1, 0, 0, 0, 2, 2, 0, 1, 0, 1, 2, 2, 2, 2, 1, 1, 2, 0, 1, 1, 1, 1, 1, 0, 1, 1, 1, 1, 2, 0, 2, 0, 1, 2, 1, 0, 2, 0], total=41
2024-12-02 02:07:54,978 INFO server.py 327:: [Server] The aggregation takes 0.025859 seconds.

2024-12-02 02:07:54,979 INFO server.py 211:: [Server] Start testing
2024-12-02 02:07:54,993 INFO server.py 235:: [Server] Test set: Average loss: 1.3864, Accuracy: 50/200 (25.0%)

2024-12-02 02:07:54,995 INFO server.py 238:: [Sever] Confusion matrix:
 tensor([[50.,  0.,  0.,  0.],
        [50.,  0.,  0.,  0.],
        [50.,  0.,  0.,  0.],
        [50.,  0.,  0.,  0.]])
2024-12-02 02:07:54,996 INFO server.py 254:: [Server] Precision=[0.25  nan  nan  nan],
 Recall=[1. 0. 0. 0.],
 F1-score=[0.4 nan nan nan],
 my_accuracy=25.0[%]
2024-12-02 02:07:54,997 INFO _main.py 209:: ########EPOCH 34 ########
2024-12-02 02:07:54,997 INFO _main.py 210:: ###Model distribution###
2024-12-02 02:07:57,571 INFO server.py 1080:: clients' sizes=[1, 2, 1, 0, 0, 0, 2, 2, 0, 1, 0, 1, 2, 2, 2, 2, 1, 1, 2, 0, 1, 1, 1, 1, 1, 0, 1, 1, 1, 1, 2, 0, 2, 0, 1, 2, 1, 0, 2, 0], total=41
2024-12-02 02:07:57,597 INFO server.py 327:: [Server] The aggregation takes 0.025910 seconds.

2024-12-02 02:07:57,598 INFO server.py 211:: [Server] Start testing
2024-12-02 02:07:57,618 INFO server.py 235:: [Server] Test set: Average loss: 1.3864, Accuracy: 50/200 (25.0%)

2024-12-02 02:07:57,619 INFO server.py 238:: [Sever] Confusion matrix:
 tensor([[50.,  0.,  0.,  0.],
        [50.,  0.,  0.,  0.],
        [50.,  0.,  0.,  0.],
        [50.,  0.,  0.,  0.]])
2024-12-02 02:07:57,621 INFO server.py 254:: [Server] Precision=[0.25  nan  nan  nan],
 Recall=[1. 0. 0. 0.],
 F1-score=[0.4 nan nan nan],
 my_accuracy=25.0[%]
2024-12-02 02:07:57,621 INFO _main.py 209:: ########EPOCH 35 ########
2024-12-02 02:07:57,622 INFO _main.py 210:: ###Model distribution###
2024-12-02 02:08:00,856 INFO server.py 1080:: clients' sizes=[1, 2, 1, 0, 0, 0, 2, 2, 0, 1, 0, 1, 2, 2, 2, 2, 1, 1, 2, 0, 1, 1, 1, 1, 1, 0, 1, 1, 1, 1, 2, 0, 2, 0, 1, 2, 1, 0, 2, 0], total=41
2024-12-02 02:08:00,885 INFO server.py 327:: [Server] The aggregation takes 0.029775 seconds.

2024-12-02 02:08:00,886 INFO server.py 211:: [Server] Start testing
2024-12-02 02:08:00,901 INFO server.py 235:: [Server] Test set: Average loss: 1.3864, Accuracy: 50/200 (25.0%)

2024-12-02 02:08:00,902 INFO server.py 238:: [Sever] Confusion matrix:
 tensor([[50.,  0.,  0.,  0.],
        [50.,  0.,  0.,  0.],
        [50.,  0.,  0.,  0.],
        [50.,  0.,  0.,  0.]])
2024-12-02 02:08:00,903 INFO server.py 254:: [Server] Precision=[0.25  nan  nan  nan],
 Recall=[1. 0. 0. 0.],
 F1-score=[0.4 nan nan nan],
 my_accuracy=25.0[%]
2024-12-02 02:08:00,904 INFO _main.py 209:: ########EPOCH 36 ########
2024-12-02 02:08:00,904 INFO _main.py 210:: ###Model distribution###
2024-12-02 02:08:03,482 INFO server.py 1080:: clients' sizes=[1, 2, 1, 0, 0, 0, 2, 2, 0, 1, 0, 1, 2, 2, 2, 2, 1, 1, 2, 0, 1, 1, 1, 1, 1, 0, 1, 1, 1, 1, 2, 0, 2, 0, 1, 2, 1, 0, 2, 0], total=41
2024-12-02 02:08:03,507 INFO server.py 327:: [Server] The aggregation takes 0.026538 seconds.

2024-12-02 02:08:03,508 INFO server.py 211:: [Server] Start testing
2024-12-02 02:08:03,522 INFO server.py 235:: [Server] Test set: Average loss: 1.3864, Accuracy: 50/200 (25.0%)

2024-12-02 02:08:03,523 INFO server.py 238:: [Sever] Confusion matrix:
 tensor([[50.,  0.,  0.,  0.],
        [50.,  0.,  0.,  0.],
        [50.,  0.,  0.,  0.],
        [50.,  0.,  0.,  0.]])
2024-12-02 02:08:03,525 INFO server.py 254:: [Server] Precision=[0.25  nan  nan  nan],
 Recall=[1. 0. 0. 0.],
 F1-score=[0.4 nan nan nan],
 my_accuracy=25.0[%]
2024-12-02 02:08:03,525 INFO _main.py 209:: ########EPOCH 37 ########
2024-12-02 02:08:03,526 INFO _main.py 210:: ###Model distribution###
2024-12-02 02:08:06,883 INFO server.py 1080:: clients' sizes=[1, 2, 1, 0, 0, 0, 2, 2, 0, 1, 0, 1, 2, 2, 2, 2, 1, 1, 2, 0, 1, 1, 1, 1, 1, 0, 1, 1, 1, 1, 2, 0, 2, 0, 1, 2, 1, 0, 2, 0], total=41
2024-12-02 02:08:06,923 INFO server.py 327:: [Server] The aggregation takes 0.040842 seconds.

2024-12-02 02:08:06,924 INFO server.py 211:: [Server] Start testing
2024-12-02 02:08:06,943 INFO server.py 235:: [Server] Test set: Average loss: 1.3864, Accuracy: 50/200 (25.0%)

2024-12-02 02:08:06,944 INFO server.py 238:: [Sever] Confusion matrix:
 tensor([[50.,  0.,  0.,  0.],
        [50.,  0.,  0.,  0.],
        [50.,  0.,  0.,  0.],
        [50.,  0.,  0.,  0.]])
2024-12-02 02:08:06,946 INFO server.py 254:: [Server] Precision=[0.25  nan  nan  nan],
 Recall=[1. 0. 0. 0.],
 F1-score=[0.4 nan nan nan],
 my_accuracy=25.0[%]
2024-12-02 02:08:06,946 INFO _main.py 209:: ########EPOCH 38 ########
2024-12-02 02:08:06,947 INFO _main.py 210:: ###Model distribution###
2024-12-02 02:08:11,159 INFO server.py 1080:: clients' sizes=[1, 2, 1, 0, 0, 0, 2, 2, 0, 1, 0, 1, 2, 2, 2, 2, 1, 1, 2, 0, 1, 1, 1, 1, 1, 0, 1, 1, 1, 1, 2, 0, 2, 0, 1, 2, 1, 0, 2, 0], total=41
2024-12-02 02:08:11,184 INFO server.py 327:: [Server] The aggregation takes 0.026082 seconds.

2024-12-02 02:08:11,185 INFO server.py 211:: [Server] Start testing
2024-12-02 02:08:11,199 INFO server.py 235:: [Server] Test set: Average loss: 1.3864, Accuracy: 50/200 (25.0%)

2024-12-02 02:08:11,200 INFO server.py 238:: [Sever] Confusion matrix:
 tensor([[50.,  0.,  0.,  0.],
        [50.,  0.,  0.,  0.],
        [50.,  0.,  0.,  0.],
        [50.,  0.,  0.,  0.]])
2024-12-02 02:08:11,202 INFO server.py 254:: [Server] Precision=[0.25  nan  nan  nan],
 Recall=[1. 0. 0. 0.],
 F1-score=[0.4 nan nan nan],
 my_accuracy=25.0[%]
2024-12-02 02:08:11,202 INFO _main.py 209:: ########EPOCH 39 ########
2024-12-02 02:08:11,203 INFO _main.py 210:: ###Model distribution###
2024-12-02 02:08:13,874 INFO server.py 1080:: clients' sizes=[1, 2, 1, 0, 0, 0, 2, 2, 0, 1, 0, 1, 2, 2, 2, 2, 1, 1, 2, 0, 1, 1, 1, 1, 1, 0, 1, 1, 1, 1, 2, 0, 2, 0, 1, 2, 1, 0, 2, 0], total=41
2024-12-02 02:08:13,899 INFO server.py 327:: [Server] The aggregation takes 0.025691 seconds.

2024-12-02 02:08:13,900 INFO server.py 211:: [Server] Start testing
2024-12-02 02:08:13,914 INFO server.py 235:: [Server] Test set: Average loss: 1.3864, Accuracy: 50/200 (25.0%)

2024-12-02 02:08:13,915 INFO server.py 238:: [Sever] Confusion matrix:
 tensor([[50.,  0.,  0.,  0.],
        [50.,  0.,  0.,  0.],
        [50.,  0.,  0.,  0.],
        [50.,  0.,  0.,  0.]])
2024-12-02 02:08:13,917 INFO server.py 254:: [Server] Precision=[0.25  nan  nan  nan],
 Recall=[1. 0. 0. 0.],
 F1-score=[0.4 nan nan nan],
 my_accuracy=25.0[%]
2024-12-02 02:08:13,917 INFO _main.py 209:: ########EPOCH 40 ########
2024-12-02 02:08:13,918 INFO _main.py 210:: ###Model distribution###
2024-12-02 02:08:16,592 INFO server.py 1080:: clients' sizes=[1, 2, 1, 0, 0, 0, 2, 2, 0, 1, 0, 1, 2, 2, 2, 2, 1, 1, 2, 0, 1, 1, 1, 1, 1, 0, 1, 1, 1, 1, 2, 0, 2, 0, 1, 2, 1, 0, 2, 0], total=41
2024-12-02 02:08:16,617 INFO server.py 327:: [Server] The aggregation takes 0.025537 seconds.

2024-12-02 02:08:16,618 INFO server.py 211:: [Server] Start testing
2024-12-02 02:08:16,631 INFO server.py 235:: [Server] Test set: Average loss: 1.3864, Accuracy: 50/200 (25.0%)

2024-12-02 02:08:16,633 INFO server.py 238:: [Sever] Confusion matrix:
 tensor([[50.,  0.,  0.,  0.],
        [50.,  0.,  0.,  0.],
        [50.,  0.,  0.,  0.],
        [50.,  0.,  0.,  0.]])
2024-12-02 02:08:16,634 INFO server.py 254:: [Server] Precision=[0.25  nan  nan  nan],
 Recall=[1. 0. 0. 0.],
 F1-score=[0.4 nan nan nan],
 my_accuracy=25.0[%]
2024-12-02 02:08:16,635 INFO _main.py 209:: ########EPOCH 41 ########
2024-12-02 02:08:16,635 INFO _main.py 210:: ###Model distribution###
2024-12-02 02:08:19,613 INFO server.py 1080:: clients' sizes=[1, 2, 1, 0, 0, 0, 2, 2, 0, 1, 0, 1, 2, 2, 2, 2, 1, 1, 2, 0, 1, 1, 1, 1, 1, 0, 1, 1, 1, 1, 2, 0, 2, 0, 1, 2, 1, 0, 2, 0], total=41
2024-12-02 02:08:19,652 INFO server.py 327:: [Server] The aggregation takes 0.041186 seconds.

2024-12-02 02:08:19,654 INFO server.py 211:: [Server] Start testing
2024-12-02 02:08:19,681 INFO server.py 235:: [Server] Test set: Average loss: 1.3864, Accuracy: 50/200 (25.0%)

2024-12-02 02:08:19,682 INFO server.py 238:: [Sever] Confusion matrix:
 tensor([[50.,  0.,  0.,  0.],
        [50.,  0.,  0.,  0.],
        [50.,  0.,  0.,  0.],
        [50.,  0.,  0.,  0.]])
2024-12-02 02:08:19,684 INFO server.py 254:: [Server] Precision=[0.25  nan  nan  nan],
 Recall=[1. 0. 0. 0.],
 F1-score=[0.4 nan nan nan],
 my_accuracy=25.0[%]
2024-12-02 02:08:19,685 INFO _main.py 209:: ########EPOCH 42 ########
2024-12-02 02:08:19,686 INFO _main.py 210:: ###Model distribution###
2024-12-02 02:08:23,798 INFO server.py 1080:: clients' sizes=[1, 2, 1, 0, 0, 0, 2, 2, 0, 1, 0, 1, 2, 2, 2, 2, 1, 1, 2, 0, 1, 1, 1, 1, 1, 0, 1, 1, 1, 1, 2, 0, 2, 0, 1, 2, 1, 0, 2, 0], total=41
2024-12-02 02:08:23,836 INFO server.py 327:: [Server] The aggregation takes 0.038389 seconds.

2024-12-02 02:08:23,838 INFO server.py 211:: [Server] Start testing
2024-12-02 02:08:23,861 INFO server.py 235:: [Server] Test set: Average loss: 1.3864, Accuracy: 50/200 (25.0%)

2024-12-02 02:08:23,862 INFO server.py 238:: [Sever] Confusion matrix:
 tensor([[50.,  0.,  0.,  0.],
        [50.,  0.,  0.,  0.],
        [50.,  0.,  0.,  0.],
        [50.,  0.,  0.,  0.]])
2024-12-02 02:08:23,864 INFO server.py 254:: [Server] Precision=[0.25  nan  nan  nan],
 Recall=[1. 0. 0. 0.],
 F1-score=[0.4 nan nan nan],
 my_accuracy=25.0[%]
2024-12-02 02:08:23,864 INFO _main.py 209:: ########EPOCH 43 ########
2024-12-02 02:08:23,865 INFO _main.py 210:: ###Model distribution###
2024-12-02 02:08:27,290 INFO server.py 1080:: clients' sizes=[1, 2, 1, 0, 0, 0, 2, 2, 0, 1, 0, 1, 2, 2, 2, 2, 1, 1, 2, 0, 1, 1, 1, 1, 1, 0, 1, 1, 1, 1, 2, 0, 2, 0, 1, 2, 1, 0, 2, 0], total=41
2024-12-02 02:08:27,315 INFO server.py 327:: [Server] The aggregation takes 0.026152 seconds.

2024-12-02 02:08:27,316 INFO server.py 211:: [Server] Start testing
2024-12-02 02:08:27,330 INFO server.py 235:: [Server] Test set: Average loss: 1.3864, Accuracy: 50/200 (25.0%)

2024-12-02 02:08:27,331 INFO server.py 238:: [Sever] Confusion matrix:
 tensor([[50.,  0.,  0.,  0.],
        [50.,  0.,  0.,  0.],
        [50.,  0.,  0.,  0.],
        [50.,  0.,  0.,  0.]])
2024-12-02 02:08:27,333 INFO server.py 254:: [Server] Precision=[0.25  nan  nan  nan],
 Recall=[1. 0. 0. 0.],
 F1-score=[0.4 nan nan nan],
 my_accuracy=25.0[%]
2024-12-02 02:08:27,334 INFO _main.py 209:: ########EPOCH 44 ########
2024-12-02 02:08:27,334 INFO _main.py 210:: ###Model distribution###
2024-12-02 02:08:30,594 INFO server.py 1080:: clients' sizes=[1, 2, 1, 0, 0, 0, 2, 2, 0, 1, 0, 1, 2, 2, 2, 2, 1, 1, 2, 0, 1, 1, 1, 1, 1, 0, 1, 1, 1, 1, 2, 0, 2, 0, 1, 2, 1, 0, 2, 0], total=41
2024-12-02 02:08:30,622 INFO server.py 327:: [Server] The aggregation takes 0.028789 seconds.

2024-12-02 02:08:30,623 INFO server.py 211:: [Server] Start testing
2024-12-02 02:08:30,637 INFO server.py 235:: [Server] Test set: Average loss: 1.3864, Accuracy: 50/200 (25.0%)

2024-12-02 02:08:30,638 INFO server.py 238:: [Sever] Confusion matrix:
 tensor([[50.,  0.,  0.,  0.],
        [50.,  0.,  0.,  0.],
        [50.,  0.,  0.,  0.],
        [50.,  0.,  0.,  0.]])
2024-12-02 02:08:30,639 INFO server.py 254:: [Server] Precision=[0.25  nan  nan  nan],
 Recall=[1. 0. 0. 0.],
 F1-score=[0.4 nan nan nan],
 my_accuracy=25.0[%]
