2024-11-26 17:51:10,393 INFO _main.py 39:: ################################################################
2024-11-26 17:51:10,395 INFO _main.py 41:: #                              batch_size: 64                  #
2024-11-26 17:51:10,395 INFO _main.py 41:: #                         test_batch_size: 64                  #
2024-11-26 17:51:10,395 INFO _main.py 41:: #                                  epochs: 40                  #
2024-11-26 17:51:10,396 INFO _main.py 41:: #                               optimizer: SGD                 #
2024-11-26 17:51:10,396 INFO _main.py 41:: #                                      lr: 0.01                #
2024-11-26 17:51:10,396 INFO _main.py 41:: #                                momentum: 0.9                 #
2024-11-26 17:51:10,396 INFO _main.py 41:: #                            weight_decay: 0.0001              #
2024-11-26 17:51:10,397 INFO _main.py 41:: #                                    seed: 1                   #
2024-11-26 17:51:10,397 INFO _main.py 41:: #                            log_interval: 11                  #
2024-11-26 17:51:10,397 INFO _main.py 41:: #                             num_clients: 40                  #
2024-11-26 17:51:10,397 INFO _main.py 41:: #                           output_folder: experiments         #
2024-11-26 17:51:10,398 INFO _main.py 41:: #                                 dataset: rockburst           #
2024-11-26 17:51:10,398 INFO _main.py 41:: #                             loader_type: dirichlet           #
2024-11-26 17:51:10,398 INFO _main.py 41:: #                             loader_path: ./data/loader.pk    #
2024-11-26 17:51:10,398 INFO _main.py 41:: #                                      AR: krum                #
2024-11-26 17:51:10,399 INFO _main.py 41:: #                     n_attacker_backdoor: 0                   #
2024-11-26 17:51:10,399 INFO _main.py 41:: #                        backdoor_trigger: [0, 0, 1, 1]        #
2024-11-26 17:51:10,399 INFO _main.py 41:: #                   n_attacker_omniscient: 0                   #
2024-11-26 17:51:10,399 INFO _main.py 41:: #                        omniscient_scale: 1                   #
2024-11-26 17:51:10,399 INFO _main.py 41:: #                                 attacks: None                #
2024-11-26 17:51:10,399 INFO _main.py 41:: #                      save_model_weights: False               #
2024-11-26 17:51:10,400 INFO _main.py 41:: #                         experiment_name: sExp4Ba_40ep_rockburst_krum_40C_5#
2024-11-26 17:51:10,400 INFO _main.py 41:: #                          path_to_aggNet: None                #
2024-11-26 17:51:10,400 INFO _main.py 41:: #                                  device: cpu                 #
2024-11-26 17:51:10,400 INFO _main.py 41:: #                            inner_epochs: 4                   #
2024-11-26 17:51:10,400 INFO _main.py 41:: #                                 verbose: True                #
2024-11-26 17:51:10,401 INFO _main.py 41:: #                         list_unreliable: [2, 18, 20]         #
2024-11-26 17:51:10,401 INFO _main.py 41:: #                     unreliable_fraction: 0.5                 #
2024-11-26 17:51:10,401 INFO _main.py 41:: #                    unreliable_fracTrain: 0.3                 #
2024-11-26 17:51:10,401 INFO _main.py 41:: #                         mean_unreliable: 0.0                 #
2024-11-26 17:51:10,401 INFO _main.py 41:: #                             blur_method: add_noise           #
2024-11-26 17:51:10,401 INFO _main.py 41:: #                      max_std_unreliable: 30.0                #
2024-11-26 17:51:10,402 INFO _main.py 41:: #                     list_uatk_add_noise: [24, 25, 26]        #
2024-11-26 17:51:10,402 INFO _main.py 41:: #                          mean_add_noise: 0.0                 #
2024-11-26 17:51:10,402 INFO _main.py 41:: #                           std_add_noise: 0.01                #
2024-11-26 17:51:10,402 INFO _main.py 41:: #                     list_uatk_flip_sign: [0, 10, 11]         #
2024-11-26 17:51:10,402 INFO _main.py 42:: ################################################################
2024-11-26 17:51:10,402 INFO _main.py 43:: Namespace(batch_size=64, test_batch_size=64, epochs=40, optimizer='SGD', lr=0.01, momentum=0.9, weight_decay=0.0001, seed=1, log_interval=11, num_clients=40, output_folder='experiments', dataset='rockburst', loader_type='dirichlet', loader_path='./data/loader.pk', AR='krum', n_attacker_backdoor=0, backdoor_trigger=[0, 0, 1, 1], n_attacker_omniscient=0, omniscient_scale=1, attacks=None, save_model_weights=False, experiment_name='sExp4Ba_40ep_rockburst_krum_40C_5', path_to_aggNet=None, device='cpu', inner_epochs=4, verbose=True, list_unreliable=[2, 18, 20], unreliable_fraction=0.5, unreliable_fracTrain=0.3, mean_unreliable=0.0, blur_method='add_noise', max_std_unreliable=30.0, list_uatk_add_noise=[24, 25, 26], mean_add_noise=0.0, std_add_noise=0.01, list_uatk_flip_sign=[0, 10, 11])
2024-11-26 17:51:10,403 INFO _main.py 44:: #####################
2024-11-26 17:51:10,403 INFO _main.py 45:: #####################
2024-11-26 17:51:10,403 INFO _main.py 46:: #####################
2024-11-26 17:51:10,403 INFO _main.py 47:: Aggregation Rule:	krum
2024-11-26 17:51:10,403 INFO _main.py 48:: Data distribution:	dirichlet
2024-11-26 17:51:10,404 INFO _main.py 49:: Attacks:	None 
2024-11-26 17:51:10,404 INFO _main.py 50:: #####################
2024-11-26 17:51:10,404 INFO _main.py 51:: #####################
2024-11-26 17:51:10,404 INFO _main.py 52:: #####################
2024-11-26 17:51:11,928 INFO server.py 341:: SET DBSCAN eps=1.3, min_samples=10
2024-11-26 17:51:11,931 INFO _main.py 134:: [1-normal, 0-malicious] label =tensor([0., 1., 1., 1., 1., 1., 1., 1., 1., 1., 0., 0., 1., 1., 1., 1., 1., 1.,
        1., 1., 1., 1., 1., 1., 0., 0., 0., 1., 1., 1., 1., 1., 1., 1., 1., 1.,
        1., 1., 1., 1.])
2024-11-26 17:51:11,938 INFO malicious_clients.py 101:: init ATTACK OMNISCIENT Client 0
2024-11-26 17:51:11,943 INFO malicious_clients.py 18:: init UNRELIABLE Client 2
2024-11-26 17:51:11,969 INFO malicious_clients.py 101:: init ATTACK OMNISCIENT Client 10
2024-11-26 17:51:11,972 INFO malicious_clients.py 101:: init ATTACK OMNISCIENT Client 11
2024-11-26 17:51:11,992 INFO malicious_clients.py 18:: init UNRELIABLE Client 18
2024-11-26 17:51:11,998 INFO malicious_clients.py 18:: init UNRELIABLE Client 20
2024-11-26 17:51:12,013 INFO malicious_clients.py 73:: init ATTACK ADD NOISE TO GRAD Client 24
2024-11-26 17:51:12,016 INFO malicious_clients.py 73:: init ATTACK ADD NOISE TO GRAD Client 25
2024-11-26 17:51:12,020 INFO malicious_clients.py 73:: init ATTACK ADD NOISE TO GRAD Client 26
2024-11-26 17:51:12,069 INFO server.py 186:: [Server] Start testing
2024-11-26 17:51:12,084 INFO server.py 210:: [Server] Test set: Average loss: 1.3864, Accuracy: 50/200 (25.0%)

2024-11-26 17:51:12,085 INFO server.py 213:: [Sever] Confusion matrix:
 tensor([[50.,  0.,  0.,  0.],
        [50.,  0.,  0.,  0.],
        [50.,  0.,  0.,  0.],
        [50.,  0.,  0.,  0.]])
2024-11-26 17:51:12,093 INFO server.py 229:: [Server] Precision=[0.25  nan  nan  nan],
 Recall=[1. 0. 0. 0.],
 F1-score=[0.4 nan nan nan],
 my_accuracy=25.0[%]
2024-11-26 17:51:12,094 INFO _main.py 208:: ########EPOCH 0 ########
2024-11-26 17:51:12,094 INFO _main.py 209:: ###Model distribution###
