2024-12-01 23:57:08,103 INFO _main.py 39:: ################################################################
2024-12-01 23:57:08,105 INFO _main.py 41:: #                              batch_size: 64                  #
2024-12-01 23:57:08,109 INFO _main.py 41:: #                         test_batch_size: 32                  #
2024-12-01 23:57:08,111 INFO _main.py 41:: #                                  epochs: 25                  #
2024-12-01 23:57:08,111 INFO _main.py 41:: #                               optimizer: SGD                 #
2024-12-01 23:57:08,111 INFO _main.py 41:: #                                      lr: 0.01                #
2024-12-01 23:57:08,112 INFO _main.py 41:: #                                momentum: 0.9                 #
2024-12-01 23:57:08,112 INFO _main.py 41:: #                            weight_decay: 0.0001              #
2024-12-01 23:57:08,112 INFO _main.py 41:: #                                    seed: 1                   #
2024-12-01 23:57:08,112 INFO _main.py 41:: #                            log_interval: 11                  #
2024-12-01 23:57:08,112 INFO _main.py 41:: #                             num_clients: 40                  #
2024-12-01 23:57:08,112 INFO _main.py 41:: #                           output_folder: experiments         #
2024-12-01 23:57:08,113 INFO _main.py 41:: #                                 dataset: rockburst           #
2024-12-01 23:57:08,113 INFO _main.py 41:: #                             loader_type: dirichlet           #
2024-12-01 23:57:08,114 INFO _main.py 41:: #                             loader_path: ./data/loader.pk    #
2024-12-01 23:57:08,114 INFO _main.py 41:: #                                      AR: krum                #
2024-12-01 23:57:08,115 INFO _main.py 41:: #                     n_attacker_backdoor: 0                   #
2024-12-01 23:57:08,115 INFO _main.py 41:: #                        backdoor_trigger: [0, 0, 1, 1]        #
2024-12-01 23:57:08,115 INFO _main.py 41:: #                   n_attacker_omniscient: 0                   #
2024-12-01 23:57:08,116 INFO _main.py 41:: #                        omniscient_scale: 1                   #
2024-12-01 23:57:08,116 INFO _main.py 41:: #                                 attacks: None                #
2024-12-01 23:57:08,116 INFO _main.py 41:: #                      save_model_weights: False               #
2024-12-01 23:57:08,116 INFO _main.py 41:: #                         experiment_name: sExp4Ba_40ep_rockburst_krum_40C_5#
2024-12-01 23:57:08,117 INFO _main.py 41:: #                          path_to_aggNet: None                #
2024-12-01 23:57:08,117 INFO _main.py 41:: #                                  device: cpu                 #
2024-12-01 23:57:08,117 INFO _main.py 41:: #                            inner_epochs: 30                  #
2024-12-01 23:57:08,118 INFO _main.py 41:: #                                 verbose: True                #
2024-12-01 23:57:08,118 INFO _main.py 41:: #                         list_unreliable: [2, 18, 20]         #
2024-12-01 23:57:08,118 INFO _main.py 41:: #                     unreliable_fraction: 0.5                 #
2024-12-01 23:57:08,118 INFO _main.py 41:: #                    unreliable_fracTrain: 0.3                 #
2024-12-01 23:57:08,118 INFO _main.py 41:: #                         mean_unreliable: 0.0                 #
2024-12-01 23:57:08,119 INFO _main.py 41:: #                             blur_method: add_noise           #
2024-12-01 23:57:08,119 INFO _main.py 41:: #                      max_std_unreliable: 30.0                #
2024-12-01 23:57:08,119 INFO _main.py 41:: #                     list_uatk_add_noise: [24, 25, 26]        #
2024-12-01 23:57:08,119 INFO _main.py 41:: #                          mean_add_noise: 0.0                 #
2024-12-01 23:57:08,119 INFO _main.py 41:: #                           std_add_noise: 0.01                #
2024-12-01 23:57:08,120 INFO _main.py 41:: #                     list_uatk_flip_sign: [0, 10, 11]         #
2024-12-01 23:57:08,120 INFO _main.py 42:: ################################################################
2024-12-01 23:57:08,120 INFO _main.py 43:: Namespace(batch_size=64, test_batch_size=32, epochs=25, optimizer='SGD', lr=0.01, momentum=0.9, weight_decay=0.0001, seed=1, log_interval=11, num_clients=40, output_folder='experiments', dataset='rockburst', loader_type='dirichlet', loader_path='./data/loader.pk', AR='krum', n_attacker_backdoor=0, backdoor_trigger=[0, 0, 1, 1], n_attacker_omniscient=0, omniscient_scale=1, attacks=None, save_model_weights=False, experiment_name='sExp4Ba_40ep_rockburst_krum_40C_5', path_to_aggNet=None, device='cpu', inner_epochs=30, verbose=True, list_unreliable=[2, 18, 20], unreliable_fraction=0.5, unreliable_fracTrain=0.3, mean_unreliable=0.0, blur_method='add_noise', max_std_unreliable=30.0, list_uatk_add_noise=[24, 25, 26], mean_add_noise=0.0, std_add_noise=0.01, list_uatk_flip_sign=[0, 10, 11])
2024-12-01 23:57:08,120 INFO _main.py 44:: #####################
2024-12-01 23:57:08,121 INFO _main.py 45:: #####################
2024-12-01 23:57:08,121 INFO _main.py 46:: #####################
2024-12-01 23:57:08,121 INFO _main.py 47:: Aggregation Rule:	krum
2024-12-01 23:57:08,121 INFO _main.py 48:: Data distribution:	dirichlet
2024-12-01 23:57:08,122 INFO _main.py 49:: Attacks:	None 
2024-12-01 23:57:08,122 INFO _main.py 50:: #####################
2024-12-01 23:57:08,122 INFO _main.py 51:: #####################
2024-12-01 23:57:08,123 INFO _main.py 52:: #####################
2024-12-01 23:57:09,876 INFO server.py 366:: SET DBSCAN eps=1.3, min_samples=10
2024-12-01 23:57:09,879 INFO _main.py 135:: [1-normal, 0-malicious] label =tensor([0., 1., 1., 1., 1., 1., 1., 1., 1., 1., 0., 0., 1., 1., 1., 1., 1., 1.,
        1., 1., 1., 1., 1., 1., 0., 0., 0., 1., 1., 1., 1., 1., 1., 1., 1., 1.,
        1., 1., 1., 1.])
2024-12-01 23:57:09,886 INFO malicious_clients.py 123:: init ATTACK OMNISCIENT Client 0
2024-12-01 23:57:09,891 INFO malicious_clients.py 18:: init UNRELIABLE Client 2
2024-12-01 23:57:09,925 INFO malicious_clients.py 123:: init ATTACK OMNISCIENT Client 10
2024-12-01 23:57:09,930 INFO malicious_clients.py 123:: init ATTACK OMNISCIENT Client 11
2024-12-01 23:57:09,954 INFO malicious_clients.py 18:: init UNRELIABLE Client 18
2024-12-01 23:57:09,963 INFO malicious_clients.py 18:: init UNRELIABLE Client 20
2024-12-01 23:57:09,983 INFO malicious_clients.py 73:: init ATTACK ADD NOISE TO GRAD Client 24
2024-12-01 23:57:09,987 INFO malicious_clients.py 73:: init ATTACK ADD NOISE TO GRAD Client 25
2024-12-01 23:57:09,991 INFO malicious_clients.py 73:: init ATTACK ADD NOISE TO GRAD Client 26
2024-12-01 23:57:10,045 INFO server.py 211:: [Server] Start testing
2024-12-01 23:57:10,069 INFO server.py 235:: [Server] Test set: Average loss: 1.3864, Accuracy: 50/200 (25.0%)

2024-12-01 23:57:10,070 INFO server.py 238:: [Sever] Confusion matrix:
 tensor([[50.,  0.,  0.,  0.],
        [50.,  0.,  0.,  0.],
        [50.,  0.,  0.,  0.],
        [50.,  0.,  0.,  0.]])
2024-12-01 23:57:10,081 INFO server.py 254:: [Server] Precision=[0.25  nan  nan  nan],
 Recall=[1. 0. 0. 0.],
 F1-score=[0.4 nan nan nan],
 my_accuracy=25.0[%]
2024-12-01 23:57:10,082 INFO _main.py 209:: ########EPOCH 0 ########
2024-12-01 23:57:10,084 INFO _main.py 210:: ###Model distribution###
2024-12-01 23:57:13,812 INFO server.py 1064:: clients' sizes=[1, 2, 1, 0, 0, 0, 2, 2, 0, 1, 0, 1, 2, 2, 2, 2, 1, 1, 2, 0, 1, 1, 1, 1, 1, 0, 1, 1, 1, 1, 2, 0, 2, 0, 1, 2, 1, 0, 2, 0], total=41
2024-12-01 23:57:13,886 INFO server.py 327:: [Server] The aggregation takes 0.084998 seconds.

2024-12-01 23:57:13,887 INFO server.py 211:: [Server] Start testing
2024-12-01 23:57:13,906 INFO server.py 235:: [Server] Test set: Average loss: 1.3864, Accuracy: 50/200 (25.0%)

2024-12-01 23:57:13,907 INFO server.py 238:: [Sever] Confusion matrix:
 tensor([[50.,  0.,  0.,  0.],
        [50.,  0.,  0.,  0.],
        [50.,  0.,  0.,  0.],
        [50.,  0.,  0.,  0.]])
2024-12-01 23:57:13,909 INFO server.py 254:: [Server] Precision=[0.25  nan  nan  nan],
 Recall=[1. 0. 0. 0.],
 F1-score=[0.4 nan nan nan],
 my_accuracy=25.0[%]
2024-12-01 23:57:13,910 INFO _main.py 209:: ########EPOCH 1 ########
2024-12-01 23:57:13,911 INFO _main.py 210:: ###Model distribution###
2024-12-01 23:57:18,129 INFO server.py 1064:: clients' sizes=[1, 2, 1, 0, 0, 0, 2, 2, 0, 1, 0, 1, 2, 2, 2, 2, 1, 1, 2, 0, 1, 1, 1, 1, 1, 0, 1, 1, 1, 1, 2, 0, 2, 0, 1, 2, 1, 0, 2, 0], total=41
2024-12-01 23:57:18,150 INFO server.py 327:: [Server] The aggregation takes 0.021496 seconds.

2024-12-01 23:57:18,151 INFO server.py 211:: [Server] Start testing
2024-12-01 23:57:18,164 INFO server.py 235:: [Server] Test set: Average loss: 1.3864, Accuracy: 50/200 (25.0%)

2024-12-01 23:57:18,165 INFO server.py 238:: [Sever] Confusion matrix:
 tensor([[50.,  0.,  0.,  0.],
        [50.,  0.,  0.,  0.],
        [50.,  0.,  0.,  0.],
        [50.,  0.,  0.,  0.]])
2024-12-01 23:57:18,167 INFO server.py 254:: [Server] Precision=[0.25  nan  nan  nan],
 Recall=[1. 0. 0. 0.],
 F1-score=[0.4 nan nan nan],
 my_accuracy=25.0[%]
2024-12-01 23:57:18,167 INFO _main.py 209:: ########EPOCH 2 ########
2024-12-01 23:57:18,168 INFO _main.py 210:: ###Model distribution###
2024-12-01 23:57:20,915 INFO server.py 1064:: clients' sizes=[1, 2, 1, 0, 0, 0, 2, 2, 0, 1, 0, 1, 2, 2, 2, 2, 1, 1, 2, 0, 1, 1, 1, 1, 1, 0, 1, 1, 1, 1, 2, 0, 2, 0, 1, 2, 1, 0, 2, 0], total=41
2024-12-01 23:57:20,939 INFO server.py 327:: [Server] The aggregation takes 0.024314 seconds.

2024-12-01 23:57:20,940 INFO server.py 211:: [Server] Start testing
2024-12-01 23:57:20,955 INFO server.py 235:: [Server] Test set: Average loss: 1.3864, Accuracy: 50/200 (25.0%)

2024-12-01 23:57:20,957 INFO server.py 238:: [Sever] Confusion matrix:
 tensor([[50.,  0.,  0.,  0.],
        [50.,  0.,  0.,  0.],
        [50.,  0.,  0.,  0.],
        [50.,  0.,  0.,  0.]])
2024-12-01 23:57:20,958 INFO server.py 254:: [Server] Precision=[0.25  nan  nan  nan],
 Recall=[1. 0. 0. 0.],
 F1-score=[0.4 nan nan nan],
 my_accuracy=25.0[%]
2024-12-01 23:57:20,959 INFO _main.py 209:: ########EPOCH 3 ########
2024-12-01 23:57:20,959 INFO _main.py 210:: ###Model distribution###
2024-12-01 23:57:23,624 INFO server.py 1064:: clients' sizes=[1, 2, 1, 0, 0, 0, 2, 2, 0, 1, 0, 1, 2, 2, 2, 2, 1, 1, 2, 0, 1, 1, 1, 1, 1, 0, 1, 1, 1, 1, 2, 0, 2, 0, 1, 2, 1, 0, 2, 0], total=41
2024-12-01 23:57:23,646 INFO server.py 327:: [Server] The aggregation takes 0.022581 seconds.

2024-12-01 23:57:23,647 INFO server.py 211:: [Server] Start testing
2024-12-01 23:57:23,661 INFO server.py 235:: [Server] Test set: Average loss: 1.3864, Accuracy: 50/200 (25.0%)

2024-12-01 23:57:23,662 INFO server.py 238:: [Sever] Confusion matrix:
 tensor([[50.,  0.,  0.,  0.],
        [50.,  0.,  0.,  0.],
        [50.,  0.,  0.,  0.],
        [50.,  0.,  0.,  0.]])
2024-12-01 23:57:23,664 INFO server.py 254:: [Server] Precision=[0.25  nan  nan  nan],
 Recall=[1. 0. 0. 0.],
 F1-score=[0.4 nan nan nan],
 my_accuracy=25.0[%]
2024-12-01 23:57:23,664 INFO _main.py 209:: ########EPOCH 4 ########
2024-12-01 23:57:23,665 INFO _main.py 210:: ###Model distribution###
2024-12-01 23:57:26,500 INFO server.py 1064:: clients' sizes=[1, 2, 1, 0, 0, 0, 2, 2, 0, 1, 0, 1, 2, 2, 2, 2, 1, 1, 2, 0, 1, 1, 1, 1, 1, 0, 1, 1, 1, 1, 2, 0, 2, 0, 1, 2, 1, 0, 2, 0], total=41
2024-12-01 23:57:26,521 INFO server.py 327:: [Server] The aggregation takes 0.022605 seconds.

2024-12-01 23:57:26,522 INFO server.py 211:: [Server] Start testing
2024-12-01 23:57:26,538 INFO server.py 235:: [Server] Test set: Average loss: 1.3864, Accuracy: 50/200 (25.0%)

2024-12-01 23:57:26,539 INFO server.py 238:: [Sever] Confusion matrix:
 tensor([[50.,  0.,  0.,  0.],
        [50.,  0.,  0.,  0.],
        [50.,  0.,  0.,  0.],
        [50.,  0.,  0.,  0.]])
2024-12-01 23:57:26,542 INFO server.py 254:: [Server] Precision=[0.25  nan  nan  nan],
 Recall=[1. 0. 0. 0.],
 F1-score=[0.4 nan nan nan],
 my_accuracy=25.0[%]
2024-12-01 23:57:26,542 INFO _main.py 209:: ########EPOCH 5 ########
2024-12-01 23:57:26,543 INFO _main.py 210:: ###Model distribution###
2024-12-01 23:57:30,131 INFO server.py 1064:: clients' sizes=[1, 2, 1, 0, 0, 0, 2, 2, 0, 1, 0, 1, 2, 2, 2, 2, 1, 1, 2, 0, 1, 1, 1, 1, 1, 0, 1, 1, 1, 1, 2, 0, 2, 0, 1, 2, 1, 0, 2, 0], total=41
2024-12-01 23:57:30,169 INFO server.py 327:: [Server] The aggregation takes 0.040036 seconds.

2024-12-01 23:57:30,171 INFO server.py 211:: [Server] Start testing
2024-12-01 23:57:30,194 INFO server.py 235:: [Server] Test set: Average loss: 1.3864, Accuracy: 50/200 (25.0%)

2024-12-01 23:57:30,195 INFO server.py 238:: [Sever] Confusion matrix:
 tensor([[50.,  0.,  0.,  0.],
        [50.,  0.,  0.,  0.],
        [50.,  0.,  0.,  0.],
        [50.,  0.,  0.,  0.]])
2024-12-01 23:57:30,197 INFO server.py 254:: [Server] Precision=[0.25  nan  nan  nan],
 Recall=[1. 0. 0. 0.],
 F1-score=[0.4 nan nan nan],
 my_accuracy=25.0[%]
2024-12-01 23:57:30,198 INFO _main.py 209:: ########EPOCH 6 ########
2024-12-01 23:57:30,199 INFO _main.py 210:: ###Model distribution###
2024-12-01 23:57:34,615 INFO server.py 1064:: clients' sizes=[1, 2, 1, 0, 0, 0, 2, 2, 0, 1, 0, 1, 2, 2, 2, 2, 1, 1, 2, 0, 1, 1, 1, 1, 1, 0, 1, 1, 1, 1, 2, 0, 2, 0, 1, 2, 1, 0, 2, 0], total=41
2024-12-01 23:57:34,640 INFO server.py 327:: [Server] The aggregation takes 0.026611 seconds.

2024-12-01 23:57:34,641 INFO server.py 211:: [Server] Start testing
2024-12-01 23:57:34,656 INFO server.py 235:: [Server] Test set: Average loss: 1.3864, Accuracy: 50/200 (25.0%)

2024-12-01 23:57:34,657 INFO server.py 238:: [Sever] Confusion matrix:
 tensor([[50.,  0.,  0.,  0.],
        [50.,  0.,  0.,  0.],
        [50.,  0.,  0.,  0.],
        [50.,  0.,  0.,  0.]])
2024-12-01 23:57:34,659 INFO server.py 254:: [Server] Precision=[0.25  nan  nan  nan],
 Recall=[1. 0. 0. 0.],
 F1-score=[0.4 nan nan nan],
 my_accuracy=25.0[%]
2024-12-01 23:57:34,660 INFO _main.py 209:: ########EPOCH 7 ########
2024-12-01 23:57:34,660 INFO _main.py 210:: ###Model distribution###
2024-12-01 23:57:37,683 INFO server.py 1064:: clients' sizes=[1, 2, 1, 0, 0, 0, 2, 2, 0, 1, 0, 1, 2, 2, 2, 2, 1, 1, 2, 0, 1, 1, 1, 1, 1, 0, 1, 1, 1, 1, 2, 0, 2, 0, 1, 2, 1, 0, 2, 0], total=41
2024-12-01 23:57:37,705 INFO server.py 327:: [Server] The aggregation takes 0.023691 seconds.

2024-12-01 23:57:37,706 INFO server.py 211:: [Server] Start testing
2024-12-01 23:57:37,720 INFO server.py 235:: [Server] Test set: Average loss: 1.3864, Accuracy: 50/200 (25.0%)

2024-12-01 23:57:37,722 INFO server.py 238:: [Sever] Confusion matrix:
 tensor([[50.,  0.,  0.,  0.],
        [50.,  0.,  0.,  0.],
        [50.,  0.,  0.,  0.],
        [50.,  0.,  0.,  0.]])
2024-12-01 23:57:37,724 INFO server.py 254:: [Server] Precision=[0.25  nan  nan  nan],
 Recall=[1. 0. 0. 0.],
 F1-score=[0.4 nan nan nan],
 my_accuracy=25.0[%]
2024-12-01 23:57:37,724 INFO _main.py 209:: ########EPOCH 8 ########
2024-12-01 23:57:37,724 INFO _main.py 210:: ###Model distribution###
2024-12-01 23:57:40,705 INFO server.py 1064:: clients' sizes=[1, 2, 1, 0, 0, 0, 2, 2, 0, 1, 0, 1, 2, 2, 2, 2, 1, 1, 2, 0, 1, 1, 1, 1, 1, 0, 1, 1, 1, 1, 2, 0, 2, 0, 1, 2, 1, 0, 2, 0], total=41
2024-12-01 23:57:40,731 INFO server.py 327:: [Server] The aggregation takes 0.027102 seconds.

2024-12-01 23:57:40,733 INFO server.py 211:: [Server] Start testing
2024-12-01 23:57:40,756 INFO server.py 235:: [Server] Test set: Average loss: 1.3864, Accuracy: 50/200 (25.0%)

2024-12-01 23:57:40,759 INFO server.py 238:: [Sever] Confusion matrix:
 tensor([[50.,  0.,  0.,  0.],
        [50.,  0.,  0.,  0.],
        [50.,  0.,  0.,  0.],
        [50.,  0.,  0.,  0.]])
2024-12-01 23:57:40,761 INFO server.py 254:: [Server] Precision=[0.25  nan  nan  nan],
 Recall=[1. 0. 0. 0.],
 F1-score=[0.4 nan nan nan],
 my_accuracy=25.0[%]
2024-12-01 23:57:40,763 INFO _main.py 209:: ########EPOCH 9 ########
2024-12-01 23:57:40,764 INFO _main.py 210:: ###Model distribution###
2024-12-01 23:57:43,845 INFO server.py 1064:: clients' sizes=[1, 2, 1, 0, 0, 0, 2, 2, 0, 1, 0, 1, 2, 2, 2, 2, 1, 1, 2, 0, 1, 1, 1, 1, 1, 0, 1, 1, 1, 1, 2, 0, 2, 0, 1, 2, 1, 0, 2, 0], total=41
2024-12-01 23:57:43,881 INFO server.py 327:: [Server] The aggregation takes 0.036294 seconds.

2024-12-01 23:57:43,882 INFO server.py 211:: [Server] Start testing
2024-12-01 23:57:43,909 INFO server.py 235:: [Server] Test set: Average loss: 1.3864, Accuracy: 50/200 (25.0%)

2024-12-01 23:57:43,911 INFO server.py 238:: [Sever] Confusion matrix:
 tensor([[50.,  0.,  0.,  0.],
        [50.,  0.,  0.,  0.],
        [50.,  0.,  0.,  0.],
        [50.,  0.,  0.,  0.]])
2024-12-01 23:57:43,913 INFO server.py 254:: [Server] Precision=[0.25  nan  nan  nan],
 Recall=[1. 0. 0. 0.],
 F1-score=[0.4 nan nan nan],
 my_accuracy=25.0[%]
2024-12-01 23:57:43,914 INFO _main.py 209:: ########EPOCH 10 ########
2024-12-01 23:57:43,919 INFO _main.py 210:: ###Model distribution###
2024-12-01 23:57:48,015 INFO server.py 1064:: clients' sizes=[1, 2, 1, 0, 0, 0, 2, 2, 0, 1, 0, 1, 2, 2, 2, 2, 1, 1, 2, 0, 1, 1, 1, 1, 1, 0, 1, 1, 1, 1, 2, 0, 2, 0, 1, 2, 1, 0, 2, 0], total=41
2024-12-01 23:57:48,050 INFO server.py 327:: [Server] The aggregation takes 0.036599 seconds.

2024-12-01 23:57:48,051 INFO server.py 211:: [Server] Start testing
2024-12-01 23:57:48,074 INFO server.py 235:: [Server] Test set: Average loss: 1.3864, Accuracy: 50/200 (25.0%)

2024-12-01 23:57:48,075 INFO server.py 238:: [Sever] Confusion matrix:
 tensor([[50.,  0.,  0.,  0.],
        [50.,  0.,  0.,  0.],
        [50.,  0.,  0.,  0.],
        [50.,  0.,  0.,  0.]])
2024-12-01 23:57:48,081 INFO server.py 254:: [Server] Precision=[0.25  nan  nan  nan],
 Recall=[1. 0. 0. 0.],
 F1-score=[0.4 nan nan nan],
 my_accuracy=25.0[%]
2024-12-01 23:57:48,082 INFO _main.py 209:: ########EPOCH 11 ########
2024-12-01 23:57:48,083 INFO _main.py 210:: ###Model distribution###
2024-12-01 23:57:51,179 INFO server.py 1064:: clients' sizes=[1, 2, 1, 0, 0, 0, 2, 2, 0, 1, 0, 1, 2, 2, 2, 2, 1, 1, 2, 0, 1, 1, 1, 1, 1, 0, 1, 1, 1, 1, 2, 0, 2, 0, 1, 2, 1, 0, 2, 0], total=41
2024-12-01 23:57:51,201 INFO server.py 327:: [Server] The aggregation takes 0.023154 seconds.

2024-12-01 23:57:51,202 INFO server.py 211:: [Server] Start testing
2024-12-01 23:57:51,216 INFO server.py 235:: [Server] Test set: Average loss: 1.3864, Accuracy: 50/200 (25.0%)

2024-12-01 23:57:51,217 INFO server.py 238:: [Sever] Confusion matrix:
 tensor([[50.,  0.,  0.,  0.],
        [50.,  0.,  0.,  0.],
        [50.,  0.,  0.,  0.],
        [50.,  0.,  0.,  0.]])
2024-12-01 23:57:51,219 INFO server.py 254:: [Server] Precision=[0.25  nan  nan  nan],
 Recall=[1. 0. 0. 0.],
 F1-score=[0.4 nan nan nan],
 my_accuracy=25.0[%]
2024-12-01 23:57:51,220 INFO _main.py 209:: ########EPOCH 12 ########
2024-12-01 23:57:51,221 INFO _main.py 210:: ###Model distribution###
2024-12-01 23:57:53,815 INFO server.py 1064:: clients' sizes=[1, 2, 1, 0, 0, 0, 2, 2, 0, 1, 0, 1, 2, 2, 2, 2, 1, 1, 2, 0, 1, 1, 1, 1, 1, 0, 1, 1, 1, 1, 2, 0, 2, 0, 1, 2, 1, 0, 2, 0], total=41
2024-12-01 23:57:53,836 INFO server.py 327:: [Server] The aggregation takes 0.021713 seconds.

2024-12-01 23:57:53,837 INFO server.py 211:: [Server] Start testing
2024-12-01 23:57:53,851 INFO server.py 235:: [Server] Test set: Average loss: 1.3864, Accuracy: 50/200 (25.0%)

2024-12-01 23:57:53,852 INFO server.py 238:: [Sever] Confusion matrix:
 tensor([[50.,  0.,  0.,  0.],
        [50.,  0.,  0.,  0.],
        [50.,  0.,  0.,  0.],
        [50.,  0.,  0.,  0.]])
2024-12-01 23:57:53,854 INFO server.py 254:: [Server] Precision=[0.25  nan  nan  nan],
 Recall=[1. 0. 0. 0.],
 F1-score=[0.4 nan nan nan],
 my_accuracy=25.0[%]
2024-12-01 23:57:53,854 INFO _main.py 209:: ########EPOCH 13 ########
2024-12-01 23:57:53,855 INFO _main.py 210:: ###Model distribution###
2024-12-01 23:57:56,612 INFO server.py 1064:: clients' sizes=[1, 2, 1, 0, 0, 0, 2, 2, 0, 1, 0, 1, 2, 2, 2, 2, 1, 1, 2, 0, 1, 1, 1, 1, 1, 0, 1, 1, 1, 1, 2, 0, 2, 0, 1, 2, 1, 0, 2, 0], total=41
2024-12-01 23:57:56,633 INFO server.py 327:: [Server] The aggregation takes 0.022583 seconds.

2024-12-01 23:57:56,634 INFO server.py 211:: [Server] Start testing
2024-12-01 23:57:56,647 INFO server.py 235:: [Server] Test set: Average loss: 1.3864, Accuracy: 50/200 (25.0%)

2024-12-01 23:57:56,648 INFO server.py 238:: [Sever] Confusion matrix:
 tensor([[50.,  0.,  0.,  0.],
        [50.,  0.,  0.,  0.],
        [50.,  0.,  0.,  0.],
        [50.,  0.,  0.,  0.]])
2024-12-01 23:57:56,650 INFO server.py 254:: [Server] Precision=[0.25  nan  nan  nan],
 Recall=[1. 0. 0. 0.],
 F1-score=[0.4 nan nan nan],
 my_accuracy=25.0[%]
2024-12-01 23:57:56,651 INFO _main.py 209:: ########EPOCH 14 ########
2024-12-01 23:57:56,651 INFO _main.py 210:: ###Model distribution###
2024-12-01 23:57:59,130 INFO server.py 1064:: clients' sizes=[1, 2, 1, 0, 0, 0, 2, 2, 0, 1, 0, 1, 2, 2, 2, 2, 1, 1, 2, 0, 1, 1, 1, 1, 1, 0, 1, 1, 1, 1, 2, 0, 2, 0, 1, 2, 1, 0, 2, 0], total=41
2024-12-01 23:57:59,151 INFO server.py 327:: [Server] The aggregation takes 0.022040 seconds.

2024-12-01 23:57:59,152 INFO server.py 211:: [Server] Start testing
2024-12-01 23:57:59,166 INFO server.py 235:: [Server] Test set: Average loss: 1.3864, Accuracy: 50/200 (25.0%)

2024-12-01 23:57:59,168 INFO server.py 238:: [Sever] Confusion matrix:
 tensor([[50.,  0.,  0.,  0.],
        [50.,  0.,  0.,  0.],
        [50.,  0.,  0.,  0.],
        [50.,  0.,  0.,  0.]])
2024-12-01 23:57:59,169 INFO server.py 254:: [Server] Precision=[0.25  nan  nan  nan],
 Recall=[1. 0. 0. 0.],
 F1-score=[0.4 nan nan nan],
 my_accuracy=25.0[%]
2024-12-01 23:57:59,170 INFO _main.py 209:: ########EPOCH 15 ########
2024-12-01 23:57:59,170 INFO _main.py 210:: ###Model distribution###
2024-12-01 23:58:02,502 INFO server.py 1064:: clients' sizes=[1, 2, 1, 0, 0, 0, 2, 2, 0, 1, 0, 1, 2, 2, 2, 2, 1, 1, 2, 0, 1, 1, 1, 1, 1, 0, 1, 1, 1, 1, 2, 0, 2, 0, 1, 2, 1, 0, 2, 0], total=41
2024-12-01 23:58:02,533 INFO server.py 327:: [Server] The aggregation takes 0.031287 seconds.

2024-12-01 23:58:02,534 INFO server.py 211:: [Server] Start testing
2024-12-01 23:58:02,553 INFO server.py 235:: [Server] Test set: Average loss: 1.3864, Accuracy: 50/200 (25.0%)

2024-12-01 23:58:02,554 INFO server.py 238:: [Sever] Confusion matrix:
 tensor([[50.,  0.,  0.,  0.],
        [50.,  0.,  0.,  0.],
        [50.,  0.,  0.,  0.],
        [50.,  0.,  0.,  0.]])
2024-12-01 23:58:02,556 INFO server.py 254:: [Server] Precision=[0.25  nan  nan  nan],
 Recall=[1. 0. 0. 0.],
 F1-score=[0.4 nan nan nan],
 my_accuracy=25.0[%]
2024-12-01 23:58:02,556 INFO _main.py 209:: ########EPOCH 16 ########
2024-12-01 23:58:02,557 INFO _main.py 210:: ###Model distribution###
2024-12-01 23:58:06,331 INFO server.py 1064:: clients' sizes=[1, 2, 1, 0, 0, 0, 2, 2, 0, 1, 0, 1, 2, 2, 2, 2, 1, 1, 2, 0, 1, 1, 1, 1, 1, 0, 1, 1, 1, 1, 2, 0, 2, 0, 1, 2, 1, 0, 2, 0], total=41
2024-12-01 23:58:06,352 INFO server.py 327:: [Server] The aggregation takes 0.022185 seconds.

2024-12-01 23:58:06,353 INFO server.py 211:: [Server] Start testing
2024-12-01 23:58:06,366 INFO server.py 235:: [Server] Test set: Average loss: 1.3864, Accuracy: 50/200 (25.0%)

2024-12-01 23:58:06,367 INFO server.py 238:: [Sever] Confusion matrix:
 tensor([[50.,  0.,  0.,  0.],
        [50.,  0.,  0.,  0.],
        [50.,  0.,  0.,  0.],
        [50.,  0.,  0.,  0.]])
2024-12-01 23:58:06,369 INFO server.py 254:: [Server] Precision=[0.25  nan  nan  nan],
 Recall=[1. 0. 0. 0.],
 F1-score=[0.4 nan nan nan],
 my_accuracy=25.0[%]
2024-12-01 23:58:06,369 INFO _main.py 209:: ########EPOCH 17 ########
2024-12-01 23:58:06,370 INFO _main.py 210:: ###Model distribution###
2024-12-01 23:58:08,930 INFO server.py 1064:: clients' sizes=[1, 2, 1, 0, 0, 0, 2, 2, 0, 1, 0, 1, 2, 2, 2, 2, 1, 1, 2, 0, 1, 1, 1, 1, 1, 0, 1, 1, 1, 1, 2, 0, 2, 0, 1, 2, 1, 0, 2, 0], total=41
2024-12-01 23:58:08,952 INFO server.py 327:: [Server] The aggregation takes 0.022487 seconds.

2024-12-01 23:58:08,953 INFO server.py 211:: [Server] Start testing
2024-12-01 23:58:08,966 INFO server.py 235:: [Server] Test set: Average loss: 1.3864, Accuracy: 50/200 (25.0%)

2024-12-01 23:58:08,967 INFO server.py 238:: [Sever] Confusion matrix:
 tensor([[50.,  0.,  0.,  0.],
        [50.,  0.,  0.,  0.],
        [50.,  0.,  0.,  0.],
        [50.,  0.,  0.,  0.]])
2024-12-01 23:58:08,969 INFO server.py 254:: [Server] Precision=[0.25  nan  nan  nan],
 Recall=[1. 0. 0. 0.],
 F1-score=[0.4 nan nan nan],
 my_accuracy=25.0[%]
2024-12-01 23:58:08,969 INFO _main.py 209:: ########EPOCH 18 ########
2024-12-01 23:58:08,969 INFO _main.py 210:: ###Model distribution###
2024-12-01 23:58:11,542 INFO server.py 1064:: clients' sizes=[1, 2, 1, 0, 0, 0, 2, 2, 0, 1, 0, 1, 2, 2, 2, 2, 1, 1, 2, 0, 1, 1, 1, 1, 1, 0, 1, 1, 1, 1, 2, 0, 2, 0, 1, 2, 1, 0, 2, 0], total=41
2024-12-01 23:58:11,563 INFO server.py 327:: [Server] The aggregation takes 0.022010 seconds.

2024-12-01 23:58:11,564 INFO server.py 211:: [Server] Start testing
2024-12-01 23:58:11,577 INFO server.py 235:: [Server] Test set: Average loss: 1.3864, Accuracy: 50/200 (25.0%)

2024-12-01 23:58:11,579 INFO server.py 238:: [Sever] Confusion matrix:
 tensor([[50.,  0.,  0.,  0.],
        [50.,  0.,  0.,  0.],
        [50.,  0.,  0.,  0.],
        [50.,  0.,  0.,  0.]])
2024-12-01 23:58:11,580 INFO server.py 254:: [Server] Precision=[0.25  nan  nan  nan],
 Recall=[1. 0. 0. 0.],
 F1-score=[0.4 nan nan nan],
 my_accuracy=25.0[%]
2024-12-01 23:58:11,580 INFO _main.py 209:: ########EPOCH 19 ########
2024-12-01 23:58:11,581 INFO _main.py 210:: ###Model distribution###
2024-12-01 23:58:14,175 INFO server.py 1064:: clients' sizes=[1, 2, 1, 0, 0, 0, 2, 2, 0, 1, 0, 1, 2, 2, 2, 2, 1, 1, 2, 0, 1, 1, 1, 1, 1, 0, 1, 1, 1, 1, 2, 0, 2, 0, 1, 2, 1, 0, 2, 0], total=41
2024-12-01 23:58:14,206 INFO server.py 327:: [Server] The aggregation takes 0.032185 seconds.

2024-12-01 23:58:14,208 INFO server.py 211:: [Server] Start testing
2024-12-01 23:58:14,229 INFO server.py 235:: [Server] Test set: Average loss: 1.3864, Accuracy: 50/200 (25.0%)

2024-12-01 23:58:14,230 INFO server.py 238:: [Sever] Confusion matrix:
 tensor([[50.,  0.,  0.,  0.],
        [50.,  0.,  0.,  0.],
        [50.,  0.,  0.,  0.],
        [50.,  0.,  0.,  0.]])
2024-12-01 23:58:14,232 INFO server.py 254:: [Server] Precision=[0.25  nan  nan  nan],
 Recall=[1. 0. 0. 0.],
 F1-score=[0.4 nan nan nan],
 my_accuracy=25.0[%]
2024-12-01 23:58:14,233 INFO _main.py 209:: ########EPOCH 20 ########
2024-12-01 23:58:14,234 INFO _main.py 210:: ###Model distribution###
2024-12-01 23:58:17,520 INFO server.py 1064:: clients' sizes=[1, 2, 1, 0, 0, 0, 2, 2, 0, 1, 0, 1, 2, 2, 2, 2, 1, 1, 2, 0, 1, 1, 1, 1, 1, 0, 1, 1, 1, 1, 2, 0, 2, 0, 1, 2, 1, 0, 2, 0], total=41
2024-12-01 23:58:17,554 INFO server.py 327:: [Server] The aggregation takes 0.034646 seconds.

2024-12-01 23:58:17,555 INFO server.py 211:: [Server] Start testing
2024-12-01 23:58:17,575 INFO server.py 235:: [Server] Test set: Average loss: 1.3864, Accuracy: 50/200 (25.0%)

2024-12-01 23:58:17,576 INFO server.py 238:: [Sever] Confusion matrix:
 tensor([[50.,  0.,  0.,  0.],
        [50.,  0.,  0.,  0.],
        [50.,  0.,  0.,  0.],
        [50.,  0.,  0.,  0.]])
2024-12-01 23:58:17,578 INFO server.py 254:: [Server] Precision=[0.25  nan  nan  nan],
 Recall=[1. 0. 0. 0.],
 F1-score=[0.4 nan nan nan],
 my_accuracy=25.0[%]
2024-12-01 23:58:17,578 INFO _main.py 209:: ########EPOCH 21 ########
2024-12-01 23:58:17,579 INFO _main.py 210:: ###Model distribution###
2024-12-01 23:58:21,274 INFO server.py 1064:: clients' sizes=[1, 2, 1, 0, 0, 0, 2, 2, 0, 1, 0, 1, 2, 2, 2, 2, 1, 1, 2, 0, 1, 1, 1, 1, 1, 0, 1, 1, 1, 1, 2, 0, 2, 0, 1, 2, 1, 0, 2, 0], total=41
2024-12-01 23:58:21,295 INFO server.py 327:: [Server] The aggregation takes 0.021768 seconds.

2024-12-01 23:58:21,296 INFO server.py 211:: [Server] Start testing
2024-12-01 23:58:21,310 INFO server.py 235:: [Server] Test set: Average loss: 1.3864, Accuracy: 50/200 (25.0%)

2024-12-01 23:58:21,311 INFO server.py 238:: [Sever] Confusion matrix:
 tensor([[50.,  0.,  0.,  0.],
        [50.,  0.,  0.,  0.],
        [50.,  0.,  0.,  0.],
        [50.,  0.,  0.,  0.]])
2024-12-01 23:58:21,312 INFO server.py 254:: [Server] Precision=[0.25  nan  nan  nan],
 Recall=[1. 0. 0. 0.],
 F1-score=[0.4 nan nan nan],
 my_accuracy=25.0[%]
2024-12-01 23:58:21,313 INFO _main.py 209:: ########EPOCH 22 ########
2024-12-01 23:58:21,313 INFO _main.py 210:: ###Model distribution###
2024-12-01 23:58:23,858 INFO server.py 1064:: clients' sizes=[1, 2, 1, 0, 0, 0, 2, 2, 0, 1, 0, 1, 2, 2, 2, 2, 1, 1, 2, 0, 1, 1, 1, 1, 1, 0, 1, 1, 1, 1, 2, 0, 2, 0, 1, 2, 1, 0, 2, 0], total=41
2024-12-01 23:58:23,880 INFO server.py 327:: [Server] The aggregation takes 0.022780 seconds.

2024-12-01 23:58:23,881 INFO server.py 211:: [Server] Start testing
2024-12-01 23:58:23,895 INFO server.py 235:: [Server] Test set: Average loss: 1.3864, Accuracy: 50/200 (25.0%)

2024-12-01 23:58:23,896 INFO server.py 238:: [Sever] Confusion matrix:
 tensor([[50.,  0.,  0.,  0.],
        [50.,  0.,  0.,  0.],
        [50.,  0.,  0.,  0.],
        [50.,  0.,  0.,  0.]])
2024-12-01 23:58:23,898 INFO server.py 254:: [Server] Precision=[0.25  nan  nan  nan],
 Recall=[1. 0. 0. 0.],
 F1-score=[0.4 nan nan nan],
 my_accuracy=25.0[%]
2024-12-01 23:58:23,899 INFO _main.py 209:: ########EPOCH 23 ########
2024-12-01 23:58:23,899 INFO _main.py 210:: ###Model distribution###
2024-12-01 23:58:26,620 INFO server.py 1064:: clients' sizes=[1, 2, 1, 0, 0, 0, 2, 2, 0, 1, 0, 1, 2, 2, 2, 2, 1, 1, 2, 0, 1, 1, 1, 1, 1, 0, 1, 1, 1, 1, 2, 0, 2, 0, 1, 2, 1, 0, 2, 0], total=41
2024-12-01 23:58:26,641 INFO server.py 327:: [Server] The aggregation takes 0.022018 seconds.

2024-12-01 23:58:26,643 INFO server.py 211:: [Server] Start testing
2024-12-01 23:58:26,657 INFO server.py 235:: [Server] Test set: Average loss: 1.3864, Accuracy: 50/200 (25.0%)

2024-12-01 23:58:26,658 INFO server.py 238:: [Sever] Confusion matrix:
 tensor([[50.,  0.,  0.,  0.],
        [50.,  0.,  0.,  0.],
        [50.,  0.,  0.,  0.],
        [50.,  0.,  0.,  0.]])
2024-12-01 23:58:26,659 INFO server.py 254:: [Server] Precision=[0.25  nan  nan  nan],
 Recall=[1. 0. 0. 0.],
 F1-score=[0.4 nan nan nan],
 my_accuracy=25.0[%]
2024-12-01 23:58:26,660 INFO _main.py 209:: ########EPOCH 24 ########
2024-12-01 23:58:26,661 INFO _main.py 210:: ###Model distribution###
2024-12-01 23:58:29,203 INFO server.py 1064:: clients' sizes=[1, 2, 1, 0, 0, 0, 2, 2, 0, 1, 0, 1, 2, 2, 2, 2, 1, 1, 2, 0, 1, 1, 1, 1, 1, 0, 1, 1, 1, 1, 2, 0, 2, 0, 1, 2, 1, 0, 2, 0], total=41
2024-12-01 23:58:29,225 INFO server.py 327:: [Server] The aggregation takes 0.023556 seconds.

2024-12-01 23:58:29,226 INFO server.py 211:: [Server] Start testing
2024-12-01 23:58:29,240 INFO server.py 235:: [Server] Test set: Average loss: 1.3864, Accuracy: 50/200 (25.0%)

2024-12-01 23:58:29,242 INFO server.py 238:: [Sever] Confusion matrix:
 tensor([[50.,  0.,  0.,  0.],
        [50.,  0.,  0.,  0.],
        [50.,  0.,  0.,  0.],
        [50.,  0.,  0.,  0.]])
2024-12-01 23:58:29,243 INFO server.py 254:: [Server] Precision=[0.25  nan  nan  nan],
 Recall=[1. 0. 0. 0.],
 F1-score=[0.4 nan nan nan],
 my_accuracy=25.0[%]
