2024-11-26 18:01:19,395 INFO _main.py 39:: ################################################################
2024-11-26 18:01:19,397 INFO _main.py 41:: #                              batch_size: 64                  #
2024-11-26 18:01:19,397 INFO _main.py 41:: #                         test_batch_size: 64                  #
2024-11-26 18:01:19,397 INFO _main.py 41:: #                                  epochs: 40                  #
2024-11-26 18:01:19,397 INFO _main.py 41:: #                               optimizer: SGD                 #
2024-11-26 18:01:19,398 INFO _main.py 41:: #                                      lr: 0.01                #
2024-11-26 18:01:19,398 INFO _main.py 41:: #                                momentum: 0.9                 #
2024-11-26 18:01:19,398 INFO _main.py 41:: #                            weight_decay: 0.0001              #
2024-11-26 18:01:19,398 INFO _main.py 41:: #                                    seed: 1                   #
2024-11-26 18:01:19,398 INFO _main.py 41:: #                            log_interval: 11                  #
2024-11-26 18:01:19,398 INFO _main.py 41:: #                             num_clients: 40                  #
2024-11-26 18:01:19,399 INFO _main.py 41:: #                           output_folder: experiments         #
2024-11-26 18:01:19,399 INFO _main.py 41:: #                                 dataset: rockburst           #
2024-11-26 18:01:19,399 INFO _main.py 41:: #                             loader_type: dirichlet           #
2024-11-26 18:01:19,399 INFO _main.py 41:: #                             loader_path: ./data/loader.pk    #
2024-11-26 18:01:19,399 INFO _main.py 41:: #                                      AR: krum                #
2024-11-26 18:01:19,399 INFO _main.py 41:: #                     n_attacker_backdoor: 0                   #
2024-11-26 18:01:19,400 INFO _main.py 41:: #                        backdoor_trigger: [0, 0, 1, 1]        #
2024-11-26 18:01:19,400 INFO _main.py 41:: #                   n_attacker_omniscient: 0                   #
2024-11-26 18:01:19,400 INFO _main.py 41:: #                        omniscient_scale: 1                   #
2024-11-26 18:01:19,400 INFO _main.py 41:: #                                 attacks: None                #
2024-11-26 18:01:19,400 INFO _main.py 41:: #                      save_model_weights: False               #
2024-11-26 18:01:19,400 INFO _main.py 41:: #                         experiment_name: sExp4Ba_40ep_rockburst_krum_40C_5#
2024-11-26 18:01:19,401 INFO _main.py 41:: #                          path_to_aggNet: None                #
2024-11-26 18:01:19,401 INFO _main.py 41:: #                                  device: cpu                 #
2024-11-26 18:01:19,401 INFO _main.py 41:: #                            inner_epochs: 4                   #
2024-11-26 18:01:19,401 INFO _main.py 41:: #                                 verbose: True                #
2024-11-26 18:01:19,401 INFO _main.py 41:: #                         list_unreliable: [2, 18, 20]         #
2024-11-26 18:01:19,401 INFO _main.py 41:: #                     unreliable_fraction: 0.5                 #
2024-11-26 18:01:19,402 INFO _main.py 41:: #                    unreliable_fracTrain: 0.3                 #
2024-11-26 18:01:19,402 INFO _main.py 41:: #                         mean_unreliable: 0.0                 #
2024-11-26 18:01:19,402 INFO _main.py 41:: #                             blur_method: add_noise           #
2024-11-26 18:01:19,402 INFO _main.py 41:: #                      max_std_unreliable: 30.0                #
2024-11-26 18:01:19,402 INFO _main.py 41:: #                     list_uatk_add_noise: [24, 25, 26]        #
2024-11-26 18:01:19,403 INFO _main.py 41:: #                          mean_add_noise: 0.0                 #
2024-11-26 18:01:19,403 INFO _main.py 41:: #                           std_add_noise: 0.01                #
2024-11-26 18:01:19,403 INFO _main.py 41:: #                     list_uatk_flip_sign: [0, 10, 11]         #
2024-11-26 18:01:19,403 INFO _main.py 42:: ################################################################
2024-11-26 18:01:19,403 INFO _main.py 43:: Namespace(batch_size=64, test_batch_size=64, epochs=40, optimizer='SGD', lr=0.01, momentum=0.9, weight_decay=0.0001, seed=1, log_interval=11, num_clients=40, output_folder='experiments', dataset='rockburst', loader_type='dirichlet', loader_path='./data/loader.pk', AR='krum', n_attacker_backdoor=0, backdoor_trigger=[0, 0, 1, 1], n_attacker_omniscient=0, omniscient_scale=1, attacks=None, save_model_weights=False, experiment_name='sExp4Ba_40ep_rockburst_krum_40C_5', path_to_aggNet=None, device='cpu', inner_epochs=4, verbose=True, list_unreliable=[2, 18, 20], unreliable_fraction=0.5, unreliable_fracTrain=0.3, mean_unreliable=0.0, blur_method='add_noise', max_std_unreliable=30.0, list_uatk_add_noise=[24, 25, 26], mean_add_noise=0.0, std_add_noise=0.01, list_uatk_flip_sign=[0, 10, 11])
2024-11-26 18:01:19,404 INFO _main.py 44:: #####################
2024-11-26 18:01:19,404 INFO _main.py 45:: #####################
2024-11-26 18:01:19,404 INFO _main.py 46:: #####################
2024-11-26 18:01:19,404 INFO _main.py 47:: Aggregation Rule:	krum
2024-11-26 18:01:19,404 INFO _main.py 48:: Data distribution:	dirichlet
2024-11-26 18:01:19,405 INFO _main.py 49:: Attacks:	None 
2024-11-26 18:01:19,405 INFO _main.py 50:: #####################
2024-11-26 18:01:19,405 INFO _main.py 51:: #####################
2024-11-26 18:01:19,405 INFO _main.py 52:: #####################
2024-11-26 18:01:20,906 INFO server.py 341:: SET DBSCAN eps=1.3, min_samples=10
2024-11-26 18:01:20,909 INFO _main.py 134:: [1-normal, 0-malicious] label =tensor([0., 1., 1., 1., 1., 1., 1., 1., 1., 1., 0., 0., 1., 1., 1., 1., 1., 1.,
        1., 1., 1., 1., 1., 1., 0., 0., 0., 1., 1., 1., 1., 1., 1., 1., 1., 1.,
        1., 1., 1., 1.])
2024-11-26 18:01:20,914 INFO malicious_clients.py 101:: init ATTACK OMNISCIENT Client 0
2024-11-26 18:01:20,919 INFO malicious_clients.py 18:: init UNRELIABLE Client 2
2024-11-26 18:01:20,946 INFO malicious_clients.py 101:: init ATTACK OMNISCIENT Client 10
2024-11-26 18:01:20,949 INFO malicious_clients.py 101:: init ATTACK OMNISCIENT Client 11
2024-11-26 18:01:20,969 INFO malicious_clients.py 18:: init UNRELIABLE Client 18
2024-11-26 18:01:20,975 INFO malicious_clients.py 18:: init UNRELIABLE Client 20
2024-11-26 18:01:20,989 INFO malicious_clients.py 73:: init ATTACK ADD NOISE TO GRAD Client 24
2024-11-26 18:01:20,992 INFO malicious_clients.py 73:: init ATTACK ADD NOISE TO GRAD Client 25
2024-11-26 18:01:20,996 INFO malicious_clients.py 73:: init ATTACK ADD NOISE TO GRAD Client 26
2024-11-26 18:01:21,040 INFO server.py 186:: [Server] Start testing
2024-11-26 18:01:21,055 INFO server.py 210:: [Server] Test set: Average loss: 1.3864, Accuracy: 50/200 (25.0%)

2024-11-26 18:01:21,056 INFO server.py 213:: [Sever] Confusion matrix:
 tensor([[50.,  0.,  0.,  0.],
        [50.,  0.,  0.,  0.],
        [50.,  0.,  0.,  0.],
        [50.,  0.,  0.,  0.]])
2024-11-26 18:01:21,063 INFO server.py 229:: [Server] Precision=[0.25  nan  nan  nan],
 Recall=[1. 0. 0. 0.],
 F1-score=[0.4 nan nan nan],
 my_accuracy=25.0[%]
2024-11-26 18:01:21,065 INFO _main.py 208:: ########EPOCH 0 ########
2024-11-26 18:01:21,066 INFO _main.py 209:: ###Model distribution###
2024-11-26 18:01:22,170 INFO server.py 955:: clients' sizes=[1, 2, 1, 0, 0, 0, 2, 2, 0, 1, 0, 1, 2, 2, 2, 2, 1, 1, 2, 0, 1, 1, 1, 1, 1, 0, 1, 1, 1, 1, 2, 0, 2, 0, 1, 2, 1, 0, 2, 0], total=41
2024-11-26 18:01:22,233 INFO server.py 302:: [Server] The aggregation takes 0.738089 seconds.

2024-11-26 18:01:22,234 INFO server.py 186:: [Server] Start testing
2024-11-26 18:01:22,249 INFO server.py 210:: [Server] Test set: Average loss: 1.3864, Accuracy: 50/200 (25.0%)

2024-11-26 18:01:22,251 INFO server.py 213:: [Sever] Confusion matrix:
 tensor([[50.,  0.,  0.,  0.],
        [50.,  0.,  0.,  0.],
        [50.,  0.,  0.,  0.],
        [50.,  0.,  0.,  0.]])
2024-11-26 18:01:22,252 INFO server.py 229:: [Server] Precision=[0.25  nan  nan  nan],
 Recall=[1. 0. 0. 0.],
 F1-score=[0.4 nan nan nan],
 my_accuracy=25.0[%]
2024-11-26 18:01:22,253 INFO _main.py 208:: ########EPOCH 1 ########
2024-11-26 18:01:22,253 INFO _main.py 209:: ###Model distribution###
2024-11-26 18:01:22,962 INFO server.py 955:: clients' sizes=[1, 2, 1, 0, 0, 0, 2, 2, 0, 1, 0, 1, 2, 2, 2, 2, 1, 1, 2, 0, 1, 1, 1, 1, 1, 0, 1, 1, 1, 1, 2, 0, 2, 0, 1, 2, 1, 0, 2, 0], total=41
2024-11-26 18:01:22,986 INFO server.py 302:: [Server] The aggregation takes 0.289621 seconds.

2024-11-26 18:01:22,987 INFO server.py 186:: [Server] Start testing
2024-11-26 18:01:22,999 INFO server.py 210:: [Server] Test set: Average loss: 1.3864, Accuracy: 50/200 (25.0%)

2024-11-26 18:01:23,000 INFO server.py 213:: [Sever] Confusion matrix:
 tensor([[50.,  0.,  0.,  0.],
        [50.,  0.,  0.,  0.],
        [50.,  0.,  0.,  0.],
        [50.,  0.,  0.,  0.]])
2024-11-26 18:01:23,002 INFO server.py 229:: [Server] Precision=[0.25  nan  nan  nan],
 Recall=[1. 0. 0. 0.],
 F1-score=[0.4 nan nan nan],
 my_accuracy=25.0[%]
2024-11-26 18:01:23,002 INFO _main.py 208:: ########EPOCH 2 ########
2024-11-26 18:01:23,003 INFO _main.py 209:: ###Model distribution###
2024-11-26 18:01:23,804 INFO server.py 955:: clients' sizes=[1, 2, 1, 0, 0, 0, 2, 2, 0, 1, 0, 1, 2, 2, 2, 2, 1, 1, 2, 0, 1, 1, 1, 1, 1, 0, 1, 1, 1, 1, 2, 0, 2, 0, 1, 2, 1, 0, 2, 0], total=41
2024-11-26 18:01:23,830 INFO server.py 302:: [Server] The aggregation takes 0.350508 seconds.

2024-11-26 18:01:23,831 INFO server.py 186:: [Server] Start testing
2024-11-26 18:01:23,844 INFO server.py 210:: [Server] Test set: Average loss: 1.3864, Accuracy: 50/200 (25.0%)

2024-11-26 18:01:23,845 INFO server.py 213:: [Sever] Confusion matrix:
 tensor([[50.,  0.,  0.,  0.],
        [50.,  0.,  0.,  0.],
        [50.,  0.,  0.,  0.],
        [50.,  0.,  0.,  0.]])
2024-11-26 18:01:23,846 INFO server.py 229:: [Server] Precision=[0.25  nan  nan  nan],
 Recall=[1. 0. 0. 0.],
 F1-score=[0.4 nan nan nan],
 my_accuracy=25.0[%]
2024-11-26 18:01:23,847 INFO _main.py 208:: ########EPOCH 3 ########
2024-11-26 18:01:23,847 INFO _main.py 209:: ###Model distribution###
2024-11-26 18:01:24,506 INFO server.py 955:: clients' sizes=[1, 2, 1, 0, 0, 0, 2, 2, 0, 1, 0, 1, 2, 2, 2, 2, 1, 1, 2, 0, 1, 1, 1, 1, 1, 0, 1, 1, 1, 1, 2, 0, 2, 0, 1, 2, 1, 0, 2, 0], total=41
2024-11-26 18:01:24,530 INFO server.py 302:: [Server] The aggregation takes 0.269160 seconds.

2024-11-26 18:01:24,531 INFO server.py 186:: [Server] Start testing
2024-11-26 18:01:24,546 INFO server.py 210:: [Server] Test set: Average loss: 1.3864, Accuracy: 50/200 (25.0%)

2024-11-26 18:01:24,547 INFO server.py 213:: [Sever] Confusion matrix:
 tensor([[50.,  0.,  0.,  0.],
        [50.,  0.,  0.,  0.],
        [50.,  0.,  0.,  0.],
        [50.,  0.,  0.,  0.]])
2024-11-26 18:01:24,548 INFO server.py 229:: [Server] Precision=[0.25  nan  nan  nan],
 Recall=[1. 0. 0. 0.],
 F1-score=[0.4 nan nan nan],
 my_accuracy=25.0[%]
2024-11-26 18:01:24,549 INFO _main.py 208:: ########EPOCH 4 ########
2024-11-26 18:01:24,550 INFO _main.py 209:: ###Model distribution###
2024-11-26 18:01:25,315 INFO server.py 955:: clients' sizes=[1, 2, 1, 0, 0, 0, 2, 2, 0, 1, 0, 1, 2, 2, 2, 2, 1, 1, 2, 0, 1, 1, 1, 1, 1, 0, 1, 1, 1, 1, 2, 0, 2, 0, 1, 2, 1, 0, 2, 0], total=41
2024-11-26 18:01:25,358 INFO server.py 302:: [Server] The aggregation takes 0.368624 seconds.

2024-11-26 18:01:25,359 INFO server.py 186:: [Server] Start testing
2024-11-26 18:01:25,379 INFO server.py 210:: [Server] Test set: Average loss: 1.3864, Accuracy: 50/200 (25.0%)

2024-11-26 18:01:25,380 INFO server.py 213:: [Sever] Confusion matrix:
 tensor([[50.,  0.,  0.,  0.],
        [50.,  0.,  0.,  0.],
        [50.,  0.,  0.,  0.],
        [50.,  0.,  0.,  0.]])
2024-11-26 18:01:25,382 INFO server.py 229:: [Server] Precision=[0.25  nan  nan  nan],
 Recall=[1. 0. 0. 0.],
 F1-score=[0.4 nan nan nan],
 my_accuracy=25.0[%]
2024-11-26 18:01:25,382 INFO _main.py 208:: ########EPOCH 5 ########
2024-11-26 18:01:25,387 INFO _main.py 209:: ###Model distribution###
2024-11-26 18:01:26,246 INFO server.py 955:: clients' sizes=[1, 2, 1, 0, 0, 0, 2, 2, 0, 1, 0, 1, 2, 2, 2, 2, 1, 1, 2, 0, 1, 1, 1, 1, 1, 0, 1, 1, 1, 1, 2, 0, 2, 0, 1, 2, 1, 0, 2, 0], total=41
2024-11-26 18:01:26,291 INFO server.py 302:: [Server] The aggregation takes 0.292075 seconds.

2024-11-26 18:01:26,292 INFO server.py 186:: [Server] Start testing
2024-11-26 18:01:26,308 INFO server.py 210:: [Server] Test set: Average loss: 1.3864, Accuracy: 50/200 (25.0%)

2024-11-26 18:01:26,309 INFO server.py 213:: [Sever] Confusion matrix:
 tensor([[50.,  0.,  0.,  0.],
        [50.,  0.,  0.,  0.],
        [50.,  0.,  0.,  0.],
        [50.,  0.,  0.,  0.]])
2024-11-26 18:01:26,311 INFO server.py 229:: [Server] Precision=[0.25  nan  nan  nan],
 Recall=[1. 0. 0. 0.],
 F1-score=[0.4 nan nan nan],
 my_accuracy=25.0[%]
2024-11-26 18:01:26,311 INFO _main.py 208:: ########EPOCH 6 ########
2024-11-26 18:01:26,313 INFO _main.py 209:: ###Model distribution###
2024-11-26 18:01:27,280 INFO server.py 955:: clients' sizes=[1, 2, 1, 0, 0, 0, 2, 2, 0, 1, 0, 1, 2, 2, 2, 2, 1, 1, 2, 0, 1, 1, 1, 1, 1, 0, 1, 1, 1, 1, 2, 0, 2, 0, 1, 2, 1, 0, 2, 0], total=41
2024-11-26 18:01:27,317 INFO server.py 302:: [Server] The aggregation takes 0.319159 seconds.

2024-11-26 18:01:27,319 INFO server.py 186:: [Server] Start testing
2024-11-26 18:01:27,340 INFO server.py 210:: [Server] Test set: Average loss: 1.3864, Accuracy: 50/200 (25.0%)

2024-11-26 18:01:27,341 INFO server.py 213:: [Sever] Confusion matrix:
 tensor([[50.,  0.,  0.,  0.],
        [50.,  0.,  0.,  0.],
        [50.,  0.,  0.,  0.],
        [50.,  0.,  0.,  0.]])
2024-11-26 18:01:27,343 INFO server.py 229:: [Server] Precision=[0.25  nan  nan  nan],
 Recall=[1. 0. 0. 0.],
 F1-score=[0.4 nan nan nan],
 my_accuracy=25.0[%]
2024-11-26 18:01:27,343 INFO _main.py 208:: ########EPOCH 7 ########
2024-11-26 18:01:27,344 INFO _main.py 209:: ###Model distribution###
2024-11-26 18:01:28,279 INFO server.py 955:: clients' sizes=[1, 2, 1, 0, 0, 0, 2, 2, 0, 1, 0, 1, 2, 2, 2, 2, 1, 1, 2, 0, 1, 1, 1, 1, 1, 0, 1, 1, 1, 1, 2, 0, 2, 0, 1, 2, 1, 0, 2, 0], total=41
2024-11-26 18:01:28,315 INFO server.py 302:: [Server] The aggregation takes 0.373035 seconds.

2024-11-26 18:01:28,316 INFO server.py 186:: [Server] Start testing
2024-11-26 18:01:28,333 INFO server.py 210:: [Server] Test set: Average loss: 1.3864, Accuracy: 50/200 (25.0%)

2024-11-26 18:01:28,334 INFO server.py 213:: [Sever] Confusion matrix:
 tensor([[50.,  0.,  0.,  0.],
        [50.,  0.,  0.,  0.],
        [50.,  0.,  0.,  0.],
        [50.,  0.,  0.,  0.]])
2024-11-26 18:01:28,336 INFO server.py 229:: [Server] Precision=[0.25  nan  nan  nan],
 Recall=[1. 0. 0. 0.],
 F1-score=[0.4 nan nan nan],
 my_accuracy=25.0[%]
2024-11-26 18:01:28,336 INFO _main.py 208:: ########EPOCH 8 ########
2024-11-26 18:01:28,337 INFO _main.py 209:: ###Model distribution###
2024-11-26 18:01:29,293 INFO server.py 955:: clients' sizes=[1, 2, 1, 0, 0, 0, 2, 2, 0, 1, 0, 1, 2, 2, 2, 2, 1, 1, 2, 0, 1, 1, 1, 1, 1, 0, 1, 1, 1, 1, 2, 0, 2, 0, 1, 2, 1, 0, 2, 0], total=41
2024-11-26 18:01:29,333 INFO server.py 302:: [Server] The aggregation takes 0.355326 seconds.

2024-11-26 18:01:29,334 INFO server.py 186:: [Server] Start testing
2024-11-26 18:01:29,352 INFO server.py 210:: [Server] Test set: Average loss: 1.3864, Accuracy: 50/200 (25.0%)

2024-11-26 18:01:29,354 INFO server.py 213:: [Sever] Confusion matrix:
 tensor([[50.,  0.,  0.,  0.],
        [50.,  0.,  0.,  0.],
        [50.,  0.,  0.,  0.],
        [50.,  0.,  0.,  0.]])
2024-11-26 18:01:29,357 INFO server.py 229:: [Server] Precision=[0.25  nan  nan  nan],
 Recall=[1. 0. 0. 0.],
 F1-score=[0.4 nan nan nan],
 my_accuracy=25.0[%]
2024-11-26 18:01:29,359 INFO _main.py 208:: ########EPOCH 9 ########
2024-11-26 18:01:29,360 INFO _main.py 209:: ###Model distribution###
2024-11-26 18:01:30,316 INFO server.py 955:: clients' sizes=[1, 2, 1, 0, 0, 0, 2, 2, 0, 1, 0, 1, 2, 2, 2, 2, 1, 1, 2, 0, 1, 1, 1, 1, 1, 0, 1, 1, 1, 1, 2, 0, 2, 0, 1, 2, 1, 0, 2, 0], total=41
2024-11-26 18:01:30,341 INFO server.py 302:: [Server] The aggregation takes 0.311249 seconds.

2024-11-26 18:01:30,342 INFO server.py 186:: [Server] Start testing
2024-11-26 18:01:30,355 INFO server.py 210:: [Server] Test set: Average loss: 1.3864, Accuracy: 50/200 (25.0%)

2024-11-26 18:01:30,356 INFO server.py 213:: [Sever] Confusion matrix:
 tensor([[50.,  0.,  0.,  0.],
        [50.,  0.,  0.,  0.],
        [50.,  0.,  0.,  0.],
        [50.,  0.,  0.,  0.]])
2024-11-26 18:01:30,357 INFO server.py 229:: [Server] Precision=[0.25  nan  nan  nan],
 Recall=[1. 0. 0. 0.],
 F1-score=[0.4 nan nan nan],
 my_accuracy=25.0[%]
2024-11-26 18:01:30,358 INFO _main.py 208:: ########EPOCH 10 ########
2024-11-26 18:01:30,358 INFO _main.py 209:: ###Model distribution###
2024-11-26 18:01:31,050 INFO server.py 955:: clients' sizes=[1, 2, 1, 0, 0, 0, 2, 2, 0, 1, 0, 1, 2, 2, 2, 2, 1, 1, 2, 0, 1, 1, 1, 1, 1, 0, 1, 1, 1, 1, 2, 0, 2, 0, 1, 2, 1, 0, 2, 0], total=41
2024-11-26 18:01:31,077 INFO server.py 302:: [Server] The aggregation takes 0.291762 seconds.

2024-11-26 18:01:31,078 INFO server.py 186:: [Server] Start testing
2024-11-26 18:01:31,096 INFO server.py 210:: [Server] Test set: Average loss: 1.3864, Accuracy: 50/200 (25.0%)

2024-11-26 18:01:31,097 INFO server.py 213:: [Sever] Confusion matrix:
 tensor([[50.,  0.,  0.,  0.],
        [50.,  0.,  0.,  0.],
        [50.,  0.,  0.,  0.],
        [50.,  0.,  0.,  0.]])
2024-11-26 18:01:31,099 INFO server.py 229:: [Server] Precision=[0.25  nan  nan  nan],
 Recall=[1. 0. 0. 0.],
 F1-score=[0.4 nan nan nan],
 my_accuracy=25.0[%]
2024-11-26 18:01:31,111 INFO _main.py 208:: ########EPOCH 11 ########
2024-11-26 18:01:31,112 INFO _main.py 209:: ###Model distribution###
2024-11-26 18:01:31,853 INFO server.py 955:: clients' sizes=[1, 2, 1, 0, 0, 0, 2, 2, 0, 1, 0, 1, 2, 2, 2, 2, 1, 1, 2, 0, 1, 1, 1, 1, 1, 0, 1, 1, 1, 1, 2, 0, 2, 0, 1, 2, 1, 0, 2, 0], total=41
2024-11-26 18:01:31,889 INFO server.py 302:: [Server] The aggregation takes 0.323216 seconds.

2024-11-26 18:01:31,891 INFO server.py 186:: [Server] Start testing
2024-11-26 18:01:31,921 INFO server.py 210:: [Server] Test set: Average loss: 1.3864, Accuracy: 50/200 (25.0%)

2024-11-26 18:01:31,923 INFO server.py 213:: [Sever] Confusion matrix:
 tensor([[50.,  0.,  0.,  0.],
        [50.,  0.,  0.,  0.],
        [50.,  0.,  0.,  0.],
        [50.,  0.,  0.,  0.]])
2024-11-26 18:01:31,925 INFO server.py 229:: [Server] Precision=[0.25  nan  nan  nan],
 Recall=[1. 0. 0. 0.],
 F1-score=[0.4 nan nan nan],
 my_accuracy=25.0[%]
2024-11-26 18:01:31,926 INFO _main.py 208:: ########EPOCH 12 ########
2024-11-26 18:01:31,927 INFO _main.py 209:: ###Model distribution###
2024-11-26 18:01:32,763 INFO server.py 955:: clients' sizes=[1, 2, 1, 0, 0, 0, 2, 2, 0, 1, 0, 1, 2, 2, 2, 2, 1, 1, 2, 0, 1, 1, 1, 1, 1, 0, 1, 1, 1, 1, 2, 0, 2, 0, 1, 2, 1, 0, 2, 0], total=41
2024-11-26 18:01:32,787 INFO server.py 302:: [Server] The aggregation takes 0.345529 seconds.

2024-11-26 18:01:32,788 INFO server.py 186:: [Server] Start testing
2024-11-26 18:01:32,802 INFO server.py 210:: [Server] Test set: Average loss: 1.3864, Accuracy: 50/200 (25.0%)

2024-11-26 18:01:32,803 INFO server.py 213:: [Sever] Confusion matrix:
 tensor([[50.,  0.,  0.,  0.],
        [50.,  0.,  0.,  0.],
        [50.,  0.,  0.,  0.],
        [50.,  0.,  0.,  0.]])
2024-11-26 18:01:32,805 INFO server.py 229:: [Server] Precision=[0.25  nan  nan  nan],
 Recall=[1. 0. 0. 0.],
 F1-score=[0.4 nan nan nan],
 my_accuracy=25.0[%]
2024-11-26 18:01:32,805 INFO _main.py 208:: ########EPOCH 13 ########
2024-11-26 18:01:32,806 INFO _main.py 209:: ###Model distribution###
2024-11-26 18:01:33,566 INFO server.py 955:: clients' sizes=[1, 2, 1, 0, 0, 0, 2, 2, 0, 1, 0, 1, 2, 2, 2, 2, 1, 1, 2, 0, 1, 1, 1, 1, 1, 0, 1, 1, 1, 1, 2, 0, 2, 0, 1, 2, 1, 0, 2, 0], total=41
2024-11-26 18:01:33,599 INFO server.py 302:: [Server] The aggregation takes 0.351678 seconds.

2024-11-26 18:01:33,600 INFO server.py 186:: [Server] Start testing
2024-11-26 18:01:33,613 INFO server.py 210:: [Server] Test set: Average loss: 1.3864, Accuracy: 50/200 (25.0%)

2024-11-26 18:01:33,614 INFO server.py 213:: [Sever] Confusion matrix:
 tensor([[50.,  0.,  0.,  0.],
        [50.,  0.,  0.,  0.],
        [50.,  0.,  0.,  0.],
        [50.,  0.,  0.,  0.]])
2024-11-26 18:01:33,615 INFO server.py 229:: [Server] Precision=[0.25  nan  nan  nan],
 Recall=[1. 0. 0. 0.],
 F1-score=[0.4 nan nan nan],
 my_accuracy=25.0[%]
2024-11-26 18:01:33,616 INFO _main.py 208:: ########EPOCH 14 ########
2024-11-26 18:01:33,617 INFO _main.py 209:: ###Model distribution###
2024-11-26 18:01:34,383 INFO server.py 955:: clients' sizes=[1, 2, 1, 0, 0, 0, 2, 2, 0, 1, 0, 1, 2, 2, 2, 2, 1, 1, 2, 0, 1, 1, 1, 1, 1, 0, 1, 1, 1, 1, 2, 0, 2, 0, 1, 2, 1, 0, 2, 0], total=41
2024-11-26 18:01:34,408 INFO server.py 302:: [Server] The aggregation takes 0.351127 seconds.

2024-11-26 18:01:34,409 INFO server.py 186:: [Server] Start testing
2024-11-26 18:01:34,421 INFO server.py 210:: [Server] Test set: Average loss: 1.3864, Accuracy: 50/200 (25.0%)

2024-11-26 18:01:34,422 INFO server.py 213:: [Sever] Confusion matrix:
 tensor([[50.,  0.,  0.,  0.],
        [50.,  0.,  0.,  0.],
        [50.,  0.,  0.,  0.],
        [50.,  0.,  0.,  0.]])
2024-11-26 18:01:34,423 INFO server.py 229:: [Server] Precision=[0.25  nan  nan  nan],
 Recall=[1. 0. 0. 0.],
 F1-score=[0.4 nan nan nan],
 my_accuracy=25.0[%]
2024-11-26 18:01:34,424 INFO _main.py 208:: ########EPOCH 15 ########
2024-11-26 18:01:34,424 INFO _main.py 209:: ###Model distribution###
2024-11-26 18:01:35,098 INFO server.py 955:: clients' sizes=[1, 2, 1, 0, 0, 0, 2, 2, 0, 1, 0, 1, 2, 2, 2, 2, 1, 1, 2, 0, 1, 1, 1, 1, 1, 0, 1, 1, 1, 1, 2, 0, 2, 0, 1, 2, 1, 0, 2, 0], total=41
2024-11-26 18:01:35,124 INFO server.py 302:: [Server] The aggregation takes 0.286416 seconds.

2024-11-26 18:01:35,125 INFO server.py 186:: [Server] Start testing
2024-11-26 18:01:35,137 INFO server.py 210:: [Server] Test set: Average loss: 1.3864, Accuracy: 50/200 (25.0%)

2024-11-26 18:01:35,138 INFO server.py 213:: [Sever] Confusion matrix:
 tensor([[50.,  0.,  0.,  0.],
        [50.,  0.,  0.,  0.],
        [50.,  0.,  0.,  0.],
        [50.,  0.,  0.,  0.]])
2024-11-26 18:01:35,139 INFO server.py 229:: [Server] Precision=[0.25  nan  nan  nan],
 Recall=[1. 0. 0. 0.],
 F1-score=[0.4 nan nan nan],
 my_accuracy=25.0[%]
2024-11-26 18:01:35,140 INFO _main.py 208:: ########EPOCH 16 ########
2024-11-26 18:01:35,141 INFO _main.py 209:: ###Model distribution###
2024-11-26 18:01:35,808 INFO server.py 955:: clients' sizes=[1, 2, 1, 0, 0, 0, 2, 2, 0, 1, 0, 1, 2, 2, 2, 2, 1, 1, 2, 0, 1, 1, 1, 1, 1, 0, 1, 1, 1, 1, 2, 0, 2, 0, 1, 2, 1, 0, 2, 0], total=41
2024-11-26 18:01:35,834 INFO server.py 302:: [Server] The aggregation takes 0.265499 seconds.

2024-11-26 18:01:35,835 INFO server.py 186:: [Server] Start testing
2024-11-26 18:01:35,847 INFO server.py 210:: [Server] Test set: Average loss: 1.3864, Accuracy: 50/200 (25.0%)

2024-11-26 18:01:35,849 INFO server.py 213:: [Sever] Confusion matrix:
 tensor([[50.,  0.,  0.,  0.],
        [50.,  0.,  0.,  0.],
        [50.,  0.,  0.,  0.],
        [50.,  0.,  0.,  0.]])
2024-11-26 18:01:35,850 INFO server.py 229:: [Server] Precision=[0.25  nan  nan  nan],
 Recall=[1. 0. 0. 0.],
 F1-score=[0.4 nan nan nan],
 my_accuracy=25.0[%]
2024-11-26 18:01:35,851 INFO _main.py 208:: ########EPOCH 17 ########
2024-11-26 18:01:35,851 INFO _main.py 209:: ###Model distribution###
2024-11-26 18:01:36,608 INFO server.py 955:: clients' sizes=[1, 2, 1, 0, 0, 0, 2, 2, 0, 1, 0, 1, 2, 2, 2, 2, 1, 1, 2, 0, 1, 1, 1, 1, 1, 0, 1, 1, 1, 1, 2, 0, 2, 0, 1, 2, 1, 0, 2, 0], total=41
2024-11-26 18:01:36,642 INFO server.py 302:: [Server] The aggregation takes 0.354265 seconds.

2024-11-26 18:01:36,643 INFO server.py 186:: [Server] Start testing
2024-11-26 18:01:36,662 INFO server.py 210:: [Server] Test set: Average loss: 1.3864, Accuracy: 50/200 (25.0%)

2024-11-26 18:01:36,663 INFO server.py 213:: [Sever] Confusion matrix:
 tensor([[50.,  0.,  0.,  0.],
        [50.,  0.,  0.,  0.],
        [50.,  0.,  0.,  0.],
        [50.,  0.,  0.,  0.]])
2024-11-26 18:01:36,665 INFO server.py 229:: [Server] Precision=[0.25  nan  nan  nan],
 Recall=[1. 0. 0. 0.],
 F1-score=[0.4 nan nan nan],
 my_accuracy=25.0[%]
2024-11-26 18:01:36,665 INFO _main.py 208:: ########EPOCH 18 ########
2024-11-26 18:01:36,666 INFO _main.py 209:: ###Model distribution###
2024-11-26 18:01:37,350 INFO server.py 955:: clients' sizes=[1, 2, 1, 0, 0, 0, 2, 2, 0, 1, 0, 1, 2, 2, 2, 2, 1, 1, 2, 0, 1, 1, 1, 1, 1, 0, 1, 1, 1, 1, 2, 0, 2, 0, 1, 2, 1, 0, 2, 0], total=41
2024-11-26 18:01:37,380 INFO server.py 302:: [Server] The aggregation takes 0.270515 seconds.

2024-11-26 18:01:37,381 INFO server.py 186:: [Server] Start testing
2024-11-26 18:01:37,394 INFO server.py 210:: [Server] Test set: Average loss: 1.3864, Accuracy: 50/200 (25.0%)

2024-11-26 18:01:37,395 INFO server.py 213:: [Sever] Confusion matrix:
 tensor([[50.,  0.,  0.,  0.],
        [50.,  0.,  0.,  0.],
        [50.,  0.,  0.,  0.],
        [50.,  0.,  0.,  0.]])
2024-11-26 18:01:37,396 INFO server.py 229:: [Server] Precision=[0.25  nan  nan  nan],
 Recall=[1. 0. 0. 0.],
 F1-score=[0.4 nan nan nan],
 my_accuracy=25.0[%]
2024-11-26 18:01:37,424 INFO _main.py 208:: ########EPOCH 19 ########
2024-11-26 18:01:37,425 INFO _main.py 209:: ###Model distribution###
2024-11-26 18:01:38,140 INFO server.py 955:: clients' sizes=[1, 2, 1, 0, 0, 0, 2, 2, 0, 1, 0, 1, 2, 2, 2, 2, 1, 1, 2, 0, 1, 1, 1, 1, 1, 0, 1, 1, 1, 1, 2, 0, 2, 0, 1, 2, 1, 0, 2, 0], total=41
2024-11-26 18:01:38,165 INFO server.py 302:: [Server] The aggregation takes 0.304044 seconds.

2024-11-26 18:01:38,166 INFO server.py 186:: [Server] Start testing
2024-11-26 18:01:38,179 INFO server.py 210:: [Server] Test set: Average loss: 1.3864, Accuracy: 50/200 (25.0%)

2024-11-26 18:01:38,180 INFO server.py 213:: [Sever] Confusion matrix:
 tensor([[50.,  0.,  0.,  0.],
        [50.,  0.,  0.,  0.],
        [50.,  0.,  0.,  0.],
        [50.,  0.,  0.,  0.]])
2024-11-26 18:01:38,182 INFO server.py 229:: [Server] Precision=[0.25  nan  nan  nan],
 Recall=[1. 0. 0. 0.],
 F1-score=[0.4 nan nan nan],
 my_accuracy=25.0[%]
2024-11-26 18:01:38,182 INFO _main.py 208:: ########EPOCH 20 ########
2024-11-26 18:01:38,182 INFO _main.py 209:: ###Model distribution###
2024-11-26 18:01:38,863 INFO server.py 955:: clients' sizes=[1, 2, 1, 0, 0, 0, 2, 2, 0, 1, 0, 1, 2, 2, 2, 2, 1, 1, 2, 0, 1, 1, 1, 1, 1, 0, 1, 1, 1, 1, 2, 0, 2, 0, 1, 2, 1, 0, 2, 0], total=41
2024-11-26 18:01:38,887 INFO server.py 302:: [Server] The aggregation takes 0.279180 seconds.

2024-11-26 18:01:38,888 INFO server.py 186:: [Server] Start testing
2024-11-26 18:01:38,900 INFO server.py 210:: [Server] Test set: Average loss: 1.3864, Accuracy: 50/200 (25.0%)

2024-11-26 18:01:38,901 INFO server.py 213:: [Sever] Confusion matrix:
 tensor([[50.,  0.,  0.,  0.],
        [50.,  0.,  0.,  0.],
        [50.,  0.,  0.,  0.],
        [50.,  0.,  0.,  0.]])
2024-11-26 18:01:38,902 INFO server.py 229:: [Server] Precision=[0.25  nan  nan  nan],
 Recall=[1. 0. 0. 0.],
 F1-score=[0.4 nan nan nan],
 my_accuracy=25.0[%]
2024-11-26 18:01:38,903 INFO _main.py 208:: ########EPOCH 21 ########
2024-11-26 18:01:38,903 INFO _main.py 209:: ###Model distribution###
2024-11-26 18:01:39,571 INFO server.py 955:: clients' sizes=[1, 2, 1, 0, 0, 0, 2, 2, 0, 1, 0, 1, 2, 2, 2, 2, 1, 1, 2, 0, 1, 1, 1, 1, 1, 0, 1, 1, 1, 1, 2, 0, 2, 0, 1, 2, 1, 0, 2, 0], total=41
2024-11-26 18:01:39,595 INFO server.py 302:: [Server] The aggregation takes 0.260031 seconds.

2024-11-26 18:01:39,596 INFO server.py 186:: [Server] Start testing
2024-11-26 18:01:39,609 INFO server.py 210:: [Server] Test set: Average loss: 1.3864, Accuracy: 50/200 (25.0%)

2024-11-26 18:01:39,610 INFO server.py 213:: [Sever] Confusion matrix:
 tensor([[50.,  0.,  0.,  0.],
        [50.,  0.,  0.,  0.],
        [50.,  0.,  0.,  0.],
        [50.,  0.,  0.,  0.]])
2024-11-26 18:01:39,612 INFO server.py 229:: [Server] Precision=[0.25  nan  nan  nan],
 Recall=[1. 0. 0. 0.],
 F1-score=[0.4 nan nan nan],
 my_accuracy=25.0[%]
2024-11-26 18:01:39,612 INFO _main.py 208:: ########EPOCH 22 ########
2024-11-26 18:01:39,613 INFO _main.py 209:: ###Model distribution###
2024-11-26 18:01:40,393 INFO server.py 955:: clients' sizes=[1, 2, 1, 0, 0, 0, 2, 2, 0, 1, 0, 1, 2, 2, 2, 2, 1, 1, 2, 0, 1, 1, 1, 1, 1, 0, 1, 1, 1, 1, 2, 0, 2, 0, 1, 2, 1, 0, 2, 0], total=41
2024-11-26 18:01:40,435 INFO server.py 302:: [Server] The aggregation takes 0.382249 seconds.

2024-11-26 18:01:40,436 INFO server.py 186:: [Server] Start testing
2024-11-26 18:01:40,467 INFO server.py 210:: [Server] Test set: Average loss: 1.3864, Accuracy: 50/200 (25.0%)

2024-11-26 18:01:40,469 INFO server.py 213:: [Sever] Confusion matrix:
 tensor([[50.,  0.,  0.,  0.],
        [50.,  0.,  0.,  0.],
        [50.,  0.,  0.,  0.],
        [50.,  0.,  0.,  0.]])
2024-11-26 18:01:40,471 INFO server.py 229:: [Server] Precision=[0.25  nan  nan  nan],
 Recall=[1. 0. 0. 0.],
 F1-score=[0.4 nan nan nan],
 my_accuracy=25.0[%]
2024-11-26 18:01:40,471 INFO _main.py 208:: ########EPOCH 23 ########
2024-11-26 18:01:40,474 INFO _main.py 209:: ###Model distribution###
2024-11-26 18:01:41,381 INFO server.py 955:: clients' sizes=[1, 2, 1, 0, 0, 0, 2, 2, 0, 1, 0, 1, 2, 2, 2, 2, 1, 1, 2, 0, 1, 1, 1, 1, 1, 0, 1, 1, 1, 1, 2, 0, 2, 0, 1, 2, 1, 0, 2, 0], total=41
2024-11-26 18:01:41,421 INFO server.py 302:: [Server] The aggregation takes 0.375223 seconds.

2024-11-26 18:01:41,423 INFO server.py 186:: [Server] Start testing
2024-11-26 18:01:41,441 INFO server.py 210:: [Server] Test set: Average loss: 1.3864, Accuracy: 50/200 (25.0%)

2024-11-26 18:01:41,442 INFO server.py 213:: [Sever] Confusion matrix:
 tensor([[50.,  0.,  0.,  0.],
        [50.,  0.,  0.,  0.],
        [50.,  0.,  0.,  0.],
        [50.,  0.,  0.,  0.]])
2024-11-26 18:01:41,444 INFO server.py 229:: [Server] Precision=[0.25  nan  nan  nan],
 Recall=[1. 0. 0. 0.],
 F1-score=[0.4 nan nan nan],
 my_accuracy=25.0[%]
2024-11-26 18:01:41,446 INFO _main.py 208:: ########EPOCH 24 ########
2024-11-26 18:01:41,447 INFO _main.py 209:: ###Model distribution###
2024-11-26 18:01:42,394 INFO server.py 955:: clients' sizes=[1, 2, 1, 0, 0, 0, 2, 2, 0, 1, 0, 1, 2, 2, 2, 2, 1, 1, 2, 0, 1, 1, 1, 1, 1, 0, 1, 1, 1, 1, 2, 0, 2, 0, 1, 2, 1, 0, 2, 0], total=41
2024-11-26 18:01:42,446 INFO server.py 302:: [Server] The aggregation takes 0.385209 seconds.

2024-11-26 18:01:42,447 INFO server.py 186:: [Server] Start testing
2024-11-26 18:01:42,470 INFO server.py 210:: [Server] Test set: Average loss: 1.3864, Accuracy: 50/200 (25.0%)

2024-11-26 18:01:42,471 INFO server.py 213:: [Sever] Confusion matrix:
 tensor([[50.,  0.,  0.,  0.],
        [50.,  0.,  0.,  0.],
        [50.,  0.,  0.,  0.],
        [50.,  0.,  0.,  0.]])
2024-11-26 18:01:42,474 INFO server.py 229:: [Server] Precision=[0.25  nan  nan  nan],
 Recall=[1. 0. 0. 0.],
 F1-score=[0.4 nan nan nan],
 my_accuracy=25.0[%]
2024-11-26 18:01:42,475 INFO _main.py 208:: ########EPOCH 25 ########
2024-11-26 18:01:42,476 INFO _main.py 209:: ###Model distribution###
2024-11-26 18:01:43,408 INFO server.py 955:: clients' sizes=[1, 2, 1, 0, 0, 0, 2, 2, 0, 1, 0, 1, 2, 2, 2, 2, 1, 1, 2, 0, 1, 1, 1, 1, 1, 0, 1, 1, 1, 1, 2, 0, 2, 0, 1, 2, 1, 0, 2, 0], total=41
2024-11-26 18:01:43,447 INFO server.py 302:: [Server] The aggregation takes 0.316138 seconds.

2024-11-26 18:01:43,449 INFO server.py 186:: [Server] Start testing
2024-11-26 18:01:43,471 INFO server.py 210:: [Server] Test set: Average loss: 1.3864, Accuracy: 50/200 (25.0%)

2024-11-26 18:01:43,473 INFO server.py 213:: [Sever] Confusion matrix:
 tensor([[50.,  0.,  0.,  0.],
        [50.,  0.,  0.,  0.],
        [50.,  0.,  0.,  0.],
        [50.,  0.,  0.,  0.]])
2024-11-26 18:01:43,474 INFO server.py 229:: [Server] Precision=[0.25  nan  nan  nan],
 Recall=[1. 0. 0. 0.],
 F1-score=[0.4 nan nan nan],
 my_accuracy=25.0[%]
2024-11-26 18:01:43,475 INFO _main.py 208:: ########EPOCH 26 ########
2024-11-26 18:01:43,476 INFO _main.py 209:: ###Model distribution###
2024-11-26 18:01:44,432 INFO server.py 955:: clients' sizes=[1, 2, 1, 0, 0, 0, 2, 2, 0, 1, 0, 1, 2, 2, 2, 2, 1, 1, 2, 0, 1, 1, 1, 1, 1, 0, 1, 1, 1, 1, 2, 0, 2, 0, 1, 2, 1, 0, 2, 0], total=41
2024-11-26 18:01:44,473 INFO server.py 302:: [Server] The aggregation takes 0.357505 seconds.

2024-11-26 18:01:44,474 INFO server.py 186:: [Server] Start testing
2024-11-26 18:01:44,494 INFO server.py 210:: [Server] Test set: Average loss: 1.3864, Accuracy: 50/200 (25.0%)

2024-11-26 18:01:44,495 INFO server.py 213:: [Sever] Confusion matrix:
 tensor([[50.,  0.,  0.,  0.],
        [50.,  0.,  0.,  0.],
        [50.,  0.,  0.,  0.],
        [50.,  0.,  0.,  0.]])
2024-11-26 18:01:44,497 INFO server.py 229:: [Server] Precision=[0.25  nan  nan  nan],
 Recall=[1. 0. 0. 0.],
 F1-score=[0.4 nan nan nan],
 my_accuracy=25.0[%]
2024-11-26 18:01:44,498 INFO _main.py 208:: ########EPOCH 27 ########
2024-11-26 18:01:44,499 INFO _main.py 209:: ###Model distribution###
2024-11-26 18:01:45,440 INFO server.py 955:: clients' sizes=[1, 2, 1, 0, 0, 0, 2, 2, 0, 1, 0, 1, 2, 2, 2, 2, 1, 1, 2, 0, 1, 1, 1, 1, 1, 0, 1, 1, 1, 1, 2, 0, 2, 0, 1, 2, 1, 0, 2, 0], total=41
2024-11-26 18:01:45,466 INFO server.py 302:: [Server] The aggregation takes 0.307920 seconds.

2024-11-26 18:01:45,467 INFO server.py 186:: [Server] Start testing
2024-11-26 18:01:45,479 INFO server.py 210:: [Server] Test set: Average loss: 1.3864, Accuracy: 50/200 (25.0%)

2024-11-26 18:01:45,480 INFO server.py 213:: [Sever] Confusion matrix:
 tensor([[50.,  0.,  0.,  0.],
        [50.,  0.,  0.,  0.],
        [50.,  0.,  0.,  0.],
        [50.,  0.,  0.,  0.]])
2024-11-26 18:01:45,481 INFO server.py 229:: [Server] Precision=[0.25  nan  nan  nan],
 Recall=[1. 0. 0. 0.],
 F1-score=[0.4 nan nan nan],
 my_accuracy=25.0[%]
2024-11-26 18:01:45,482 INFO _main.py 208:: ########EPOCH 28 ########
2024-11-26 18:01:45,483 INFO _main.py 209:: ###Model distribution###
2024-11-26 18:01:46,170 INFO server.py 955:: clients' sizes=[1, 2, 1, 0, 0, 0, 2, 2, 0, 1, 0, 1, 2, 2, 2, 2, 1, 1, 2, 0, 1, 1, 1, 1, 1, 0, 1, 1, 1, 1, 2, 0, 2, 0, 1, 2, 1, 0, 2, 0], total=41
2024-11-26 18:01:46,195 INFO server.py 302:: [Server] The aggregation takes 0.283128 seconds.

2024-11-26 18:01:46,197 INFO server.py 186:: [Server] Start testing
2024-11-26 18:01:46,210 INFO server.py 210:: [Server] Test set: Average loss: 1.3864, Accuracy: 50/200 (25.0%)

2024-11-26 18:01:46,211 INFO server.py 213:: [Sever] Confusion matrix:
 tensor([[50.,  0.,  0.,  0.],
        [50.,  0.,  0.,  0.],
        [50.,  0.,  0.,  0.],
        [50.,  0.,  0.,  0.]])
2024-11-26 18:01:46,213 INFO server.py 229:: [Server] Precision=[0.25  nan  nan  nan],
 Recall=[1. 0. 0. 0.],
 F1-score=[0.4 nan nan nan],
 my_accuracy=25.0[%]
2024-11-26 18:01:46,213 INFO _main.py 208:: ########EPOCH 29 ########
2024-11-26 18:01:46,214 INFO _main.py 209:: ###Model distribution###
2024-11-26 18:01:46,881 INFO server.py 955:: clients' sizes=[1, 2, 1, 0, 0, 0, 2, 2, 0, 1, 0, 1, 2, 2, 2, 2, 1, 1, 2, 0, 1, 1, 1, 1, 1, 0, 1, 1, 1, 1, 2, 0, 2, 0, 1, 2, 1, 0, 2, 0], total=41
2024-11-26 18:01:46,905 INFO server.py 302:: [Server] The aggregation takes 0.265731 seconds.

2024-11-26 18:01:46,906 INFO server.py 186:: [Server] Start testing
2024-11-26 18:01:46,919 INFO server.py 210:: [Server] Test set: Average loss: 1.3864, Accuracy: 50/200 (25.0%)

2024-11-26 18:01:46,920 INFO server.py 213:: [Sever] Confusion matrix:
 tensor([[50.,  0.,  0.,  0.],
        [50.,  0.,  0.,  0.],
        [50.,  0.,  0.,  0.],
        [50.,  0.,  0.,  0.]])
2024-11-26 18:01:46,921 INFO server.py 229:: [Server] Precision=[0.25  nan  nan  nan],
 Recall=[1. 0. 0. 0.],
 F1-score=[0.4 nan nan nan],
 my_accuracy=25.0[%]
2024-11-26 18:01:46,922 INFO _main.py 208:: ########EPOCH 30 ########
2024-11-26 18:01:46,923 INFO _main.py 209:: ###Model distribution###
2024-11-26 18:01:47,683 INFO server.py 955:: clients' sizes=[1, 2, 1, 0, 0, 0, 2, 2, 0, 1, 0, 1, 2, 2, 2, 2, 1, 1, 2, 0, 1, 1, 1, 1, 1, 0, 1, 1, 1, 1, 2, 0, 2, 0, 1, 2, 1, 0, 2, 0], total=41
2024-11-26 18:01:47,712 INFO server.py 302:: [Server] The aggregation takes 0.355159 seconds.

2024-11-26 18:01:47,713 INFO server.py 186:: [Server] Start testing
2024-11-26 18:01:47,726 INFO server.py 210:: [Server] Test set: Average loss: 1.3864, Accuracy: 50/200 (25.0%)

2024-11-26 18:01:47,727 INFO server.py 213:: [Sever] Confusion matrix:
 tensor([[50.,  0.,  0.,  0.],
        [50.,  0.,  0.,  0.],
        [50.,  0.,  0.,  0.],
        [50.,  0.,  0.,  0.]])
2024-11-26 18:01:47,729 INFO server.py 229:: [Server] Precision=[0.25  nan  nan  nan],
 Recall=[1. 0. 0. 0.],
 F1-score=[0.4 nan nan nan],
 my_accuracy=25.0[%]
2024-11-26 18:01:47,729 INFO _main.py 208:: ########EPOCH 31 ########
2024-11-26 18:01:47,730 INFO _main.py 209:: ###Model distribution###
2024-11-26 18:01:48,407 INFO server.py 955:: clients' sizes=[1, 2, 1, 0, 0, 0, 2, 2, 0, 1, 0, 1, 2, 2, 2, 2, 1, 1, 2, 0, 1, 1, 1, 1, 1, 0, 1, 1, 1, 1, 2, 0, 2, 0, 1, 2, 1, 0, 2, 0], total=41
2024-11-26 18:01:48,433 INFO server.py 302:: [Server] The aggregation takes 0.279009 seconds.

2024-11-26 18:01:48,434 INFO server.py 186:: [Server] Start testing
2024-11-26 18:01:48,446 INFO server.py 210:: [Server] Test set: Average loss: 1.3864, Accuracy: 50/200 (25.0%)

2024-11-26 18:01:48,448 INFO server.py 213:: [Sever] Confusion matrix:
 tensor([[50.,  0.,  0.,  0.],
        [50.,  0.,  0.,  0.],
        [50.,  0.,  0.,  0.],
        [50.,  0.,  0.,  0.]])
2024-11-26 18:01:48,449 INFO server.py 229:: [Server] Precision=[0.25  nan  nan  nan],
 Recall=[1. 0. 0. 0.],
 F1-score=[0.4 nan nan nan],
 my_accuracy=25.0[%]
2024-11-26 18:01:48,449 INFO _main.py 208:: ########EPOCH 32 ########
2024-11-26 18:01:48,450 INFO _main.py 209:: ###Model distribution###
2024-11-26 18:01:49,127 INFO server.py 955:: clients' sizes=[1, 2, 1, 0, 0, 0, 2, 2, 0, 1, 0, 1, 2, 2, 2, 2, 1, 1, 2, 0, 1, 1, 1, 1, 1, 0, 1, 1, 1, 1, 2, 0, 2, 0, 1, 2, 1, 0, 2, 0], total=41
2024-11-26 18:01:49,153 INFO server.py 302:: [Server] The aggregation takes 0.277069 seconds.

2024-11-26 18:01:49,154 INFO server.py 186:: [Server] Start testing
2024-11-26 18:01:49,166 INFO server.py 210:: [Server] Test set: Average loss: 1.3864, Accuracy: 50/200 (25.0%)

2024-11-26 18:01:49,167 INFO server.py 213:: [Sever] Confusion matrix:
 tensor([[50.,  0.,  0.,  0.],
        [50.,  0.,  0.,  0.],
        [50.,  0.,  0.,  0.],
        [50.,  0.,  0.,  0.]])
2024-11-26 18:01:49,169 INFO server.py 229:: [Server] Precision=[0.25  nan  nan  nan],
 Recall=[1. 0. 0. 0.],
 F1-score=[0.4 nan nan nan],
 my_accuracy=25.0[%]
2024-11-26 18:01:49,169 INFO _main.py 208:: ########EPOCH 33 ########
2024-11-26 18:01:49,170 INFO _main.py 209:: ###Model distribution###
2024-11-26 18:01:49,908 INFO server.py 955:: clients' sizes=[1, 2, 1, 0, 0, 0, 2, 2, 0, 1, 0, 1, 2, 2, 2, 2, 1, 1, 2, 0, 1, 1, 1, 1, 1, 0, 1, 1, 1, 1, 2, 0, 2, 0, 1, 2, 1, 0, 2, 0], total=41
2024-11-26 18:01:49,936 INFO server.py 302:: [Server] The aggregation takes 0.342284 seconds.

2024-11-26 18:01:49,939 INFO server.py 186:: [Server] Start testing
2024-11-26 18:01:49,952 INFO server.py 210:: [Server] Test set: Average loss: 1.3864, Accuracy: 50/200 (25.0%)

2024-11-26 18:01:49,954 INFO server.py 213:: [Sever] Confusion matrix:
 tensor([[50.,  0.,  0.,  0.],
        [50.,  0.,  0.,  0.],
        [50.,  0.,  0.,  0.],
        [50.,  0.,  0.,  0.]])
2024-11-26 18:01:49,955 INFO server.py 229:: [Server] Precision=[0.25  nan  nan  nan],
 Recall=[1. 0. 0. 0.],
 F1-score=[0.4 nan nan nan],
 my_accuracy=25.0[%]
2024-11-26 18:01:49,956 INFO _main.py 208:: ########EPOCH 34 ########
2024-11-26 18:01:49,956 INFO _main.py 209:: ###Model distribution###
2024-11-26 18:01:50,651 INFO server.py 955:: clients' sizes=[1, 2, 1, 0, 0, 0, 2, 2, 0, 1, 0, 1, 2, 2, 2, 2, 1, 1, 2, 0, 1, 1, 1, 1, 1, 0, 1, 1, 1, 1, 2, 0, 2, 0, 1, 2, 1, 0, 2, 0], total=41
2024-11-26 18:01:50,674 INFO server.py 302:: [Server] The aggregation takes 0.294483 seconds.

2024-11-26 18:01:50,675 INFO server.py 186:: [Server] Start testing
2024-11-26 18:01:50,693 INFO server.py 210:: [Server] Test set: Average loss: 1.3864, Accuracy: 50/200 (25.0%)

2024-11-26 18:01:50,694 INFO server.py 213:: [Sever] Confusion matrix:
 tensor([[50.,  0.,  0.,  0.],
        [50.,  0.,  0.,  0.],
        [50.,  0.,  0.,  0.],
        [50.,  0.,  0.,  0.]])
2024-11-26 18:01:50,695 INFO server.py 229:: [Server] Precision=[0.25  nan  nan  nan],
 Recall=[1. 0. 0. 0.],
 F1-score=[0.4 nan nan nan],
 my_accuracy=25.0[%]
2024-11-26 18:01:50,696 INFO _main.py 208:: ########EPOCH 35 ########
2024-11-26 18:01:50,696 INFO _main.py 209:: ###Model distribution###
2024-11-26 18:01:51,370 INFO server.py 955:: clients' sizes=[1, 2, 1, 0, 0, 0, 2, 2, 0, 1, 0, 1, 2, 2, 2, 2, 1, 1, 2, 0, 1, 1, 1, 1, 1, 0, 1, 1, 1, 1, 2, 0, 2, 0, 1, 2, 1, 0, 2, 0], total=41
2024-11-26 18:01:51,396 INFO server.py 302:: [Server] The aggregation takes 0.285283 seconds.

2024-11-26 18:01:51,435 INFO server.py 186:: [Server] Start testing
2024-11-26 18:01:51,456 INFO server.py 210:: [Server] Test set: Average loss: 1.3864, Accuracy: 50/200 (25.0%)

2024-11-26 18:01:51,457 INFO server.py 213:: [Sever] Confusion matrix:
 tensor([[50.,  0.,  0.,  0.],
        [50.,  0.,  0.,  0.],
        [50.,  0.,  0.,  0.],
        [50.,  0.,  0.,  0.]])
2024-11-26 18:01:51,459 INFO server.py 229:: [Server] Precision=[0.25  nan  nan  nan],
 Recall=[1. 0. 0. 0.],
 F1-score=[0.4 nan nan nan],
 my_accuracy=25.0[%]
2024-11-26 18:01:51,460 INFO _main.py 208:: ########EPOCH 36 ########
2024-11-26 18:01:51,461 INFO _main.py 209:: ###Model distribution###
2024-11-26 18:01:52,161 INFO server.py 955:: clients' sizes=[1, 2, 1, 0, 0, 0, 2, 2, 0, 1, 0, 1, 2, 2, 2, 2, 1, 1, 2, 0, 1, 1, 1, 1, 1, 0, 1, 1, 1, 1, 2, 0, 2, 0, 1, 2, 1, 0, 2, 0], total=41
2024-11-26 18:01:52,193 INFO server.py 302:: [Server] The aggregation takes 0.297265 seconds.

2024-11-26 18:01:52,194 INFO server.py 186:: [Server] Start testing
2024-11-26 18:01:52,206 INFO server.py 210:: [Server] Test set: Average loss: 1.3864, Accuracy: 50/200 (25.0%)

2024-11-26 18:01:52,207 INFO server.py 213:: [Sever] Confusion matrix:
 tensor([[50.,  0.,  0.,  0.],
        [50.,  0.,  0.,  0.],
        [50.,  0.,  0.,  0.],
        [50.,  0.,  0.,  0.]])
2024-11-26 18:01:52,208 INFO server.py 229:: [Server] Precision=[0.25  nan  nan  nan],
 Recall=[1. 0. 0. 0.],
 F1-score=[0.4 nan nan nan],
 my_accuracy=25.0[%]
2024-11-26 18:01:52,209 INFO _main.py 208:: ########EPOCH 37 ########
2024-11-26 18:01:52,210 INFO _main.py 209:: ###Model distribution###
2024-11-26 18:01:53,071 INFO server.py 955:: clients' sizes=[1, 2, 1, 0, 0, 0, 2, 2, 0, 1, 0, 1, 2, 2, 2, 2, 1, 1, 2, 0, 1, 1, 1, 1, 1, 0, 1, 1, 1, 1, 2, 0, 2, 0, 1, 2, 1, 0, 2, 0], total=41
2024-11-26 18:01:53,095 INFO server.py 302:: [Server] The aggregation takes 0.268859 seconds.

2024-11-26 18:01:53,096 INFO server.py 186:: [Server] Start testing
2024-11-26 18:01:53,108 INFO server.py 210:: [Server] Test set: Average loss: 1.3864, Accuracy: 50/200 (25.0%)

2024-11-26 18:01:53,109 INFO server.py 213:: [Sever] Confusion matrix:
 tensor([[50.,  0.,  0.,  0.],
        [50.,  0.,  0.,  0.],
        [50.,  0.,  0.,  0.],
        [50.,  0.,  0.,  0.]])
2024-11-26 18:01:53,111 INFO server.py 229:: [Server] Precision=[0.25  nan  nan  nan],
 Recall=[1. 0. 0. 0.],
 F1-score=[0.4 nan nan nan],
 my_accuracy=25.0[%]
2024-11-26 18:01:53,111 INFO _main.py 208:: ########EPOCH 38 ########
2024-11-26 18:01:53,112 INFO _main.py 209:: ###Model distribution###
2024-11-26 18:01:53,801 INFO server.py 955:: clients' sizes=[1, 2, 1, 0, 0, 0, 2, 2, 0, 1, 0, 1, 2, 2, 2, 2, 1, 1, 2, 0, 1, 1, 1, 1, 1, 0, 1, 1, 1, 1, 2, 0, 2, 0, 1, 2, 1, 0, 2, 0], total=41
2024-11-26 18:01:53,826 INFO server.py 302:: [Server] The aggregation takes 0.280865 seconds.

2024-11-26 18:01:53,827 INFO server.py 186:: [Server] Start testing
2024-11-26 18:01:53,841 INFO server.py 210:: [Server] Test set: Average loss: 1.3864, Accuracy: 50/200 (25.0%)

2024-11-26 18:01:53,842 INFO server.py 213:: [Sever] Confusion matrix:
 tensor([[50.,  0.,  0.,  0.],
        [50.,  0.,  0.,  0.],
        [50.,  0.,  0.,  0.],
        [50.,  0.,  0.,  0.]])
2024-11-26 18:01:53,844 INFO server.py 229:: [Server] Precision=[0.25  nan  nan  nan],
 Recall=[1. 0. 0. 0.],
 F1-score=[0.4 nan nan nan],
 my_accuracy=25.0[%]
2024-11-26 18:01:53,844 INFO _main.py 208:: ########EPOCH 39 ########
2024-11-26 18:01:53,845 INFO _main.py 209:: ###Model distribution###
2024-11-26 18:01:54,510 INFO server.py 955:: clients' sizes=[1, 2, 1, 0, 0, 0, 2, 2, 0, 1, 0, 1, 2, 2, 2, 2, 1, 1, 2, 0, 1, 1, 1, 1, 1, 0, 1, 1, 1, 1, 2, 0, 2, 0, 1, 2, 1, 0, 2, 0], total=41
2024-11-26 18:01:54,535 INFO server.py 302:: [Server] The aggregation takes 0.283190 seconds.

2024-11-26 18:01:54,537 INFO server.py 186:: [Server] Start testing
2024-11-26 18:01:54,552 INFO server.py 210:: [Server] Test set: Average loss: 1.3864, Accuracy: 50/200 (25.0%)

2024-11-26 18:01:54,554 INFO server.py 213:: [Sever] Confusion matrix:
 tensor([[50.,  0.,  0.,  0.],
        [50.,  0.,  0.,  0.],
        [50.,  0.,  0.,  0.],
        [50.,  0.,  0.,  0.]])
2024-11-26 18:01:54,556 INFO server.py 229:: [Server] Precision=[0.25  nan  nan  nan],
 Recall=[1. 0. 0. 0.],
 F1-score=[0.4 nan nan nan],
 my_accuracy=25.0[%]
