2024-12-01 23:20:32,040 INFO _main.py 39:: ################################################################
2024-12-01 23:20:32,042 INFO _main.py 41:: #                              batch_size: 64                  #
2024-12-01 23:20:32,043 INFO _main.py 41:: #                         test_batch_size: 32                  #
2024-12-01 23:20:32,045 INFO _main.py 41:: #                                  epochs: 10                  #
2024-12-01 23:20:32,046 INFO _main.py 41:: #                               optimizer: SGD                 #
2024-12-01 23:20:32,047 INFO _main.py 41:: #                                      lr: 0.01                #
2024-12-01 23:20:32,047 INFO _main.py 41:: #                                momentum: 0.9                 #
2024-12-01 23:20:32,048 INFO _main.py 41:: #                            weight_decay: 0.0001              #
2024-12-01 23:20:32,048 INFO _main.py 41:: #                                    seed: 1                   #
2024-12-01 23:20:32,048 INFO _main.py 41:: #                            log_interval: 11                  #
2024-12-01 23:20:32,049 INFO _main.py 41:: #                             num_clients: 40                  #
2024-12-01 23:20:32,049 INFO _main.py 41:: #                           output_folder: experiments         #
2024-12-01 23:20:32,049 INFO _main.py 41:: #                                 dataset: rockburst           #
2024-12-01 23:20:32,050 INFO _main.py 41:: #                             loader_type: dirichlet           #
2024-12-01 23:20:32,050 INFO _main.py 41:: #                             loader_path: ./data/loader.pk    #
2024-12-01 23:20:32,050 INFO _main.py 41:: #                                      AR: krum                #
2024-12-01 23:20:32,050 INFO _main.py 41:: #                     n_attacker_backdoor: 0                   #
2024-12-01 23:20:32,050 INFO _main.py 41:: #                        backdoor_trigger: [0, 0, 1, 1]        #
2024-12-01 23:20:32,050 INFO _main.py 41:: #                   n_attacker_omniscient: 0                   #
2024-12-01 23:20:32,051 INFO _main.py 41:: #                        omniscient_scale: 1                   #
2024-12-01 23:20:32,051 INFO _main.py 41:: #                                 attacks: None                #
2024-12-01 23:20:32,051 INFO _main.py 41:: #                      save_model_weights: False               #
2024-12-01 23:20:32,051 INFO _main.py 41:: #                         experiment_name: sExp4Ba_40ep_rockburst_krum_40C_5#
2024-12-01 23:20:32,052 INFO _main.py 41:: #                          path_to_aggNet: None                #
2024-12-01 23:20:32,052 INFO _main.py 41:: #                                  device: cpu                 #
2024-12-01 23:20:32,052 INFO _main.py 41:: #                            inner_epochs: 20                  #
2024-12-01 23:20:32,053 INFO _main.py 41:: #                                 verbose: True                #
2024-12-01 23:20:32,053 INFO _main.py 41:: #                         list_unreliable: [2, 18, 20]         #
2024-12-01 23:20:32,054 INFO _main.py 41:: #                     unreliable_fraction: 0.5                 #
2024-12-01 23:20:32,054 INFO _main.py 41:: #                    unreliable_fracTrain: 0.3                 #
2024-12-01 23:20:32,054 INFO _main.py 41:: #                         mean_unreliable: 0.0                 #
2024-12-01 23:20:32,054 INFO _main.py 41:: #                             blur_method: add_noise           #
2024-12-01 23:20:32,054 INFO _main.py 41:: #                      max_std_unreliable: 30.0                #
2024-12-01 23:20:32,055 INFO _main.py 41:: #                     list_uatk_add_noise: [24, 25, 26]        #
2024-12-01 23:20:32,055 INFO _main.py 41:: #                          mean_add_noise: 0.0                 #
2024-12-01 23:20:32,055 INFO _main.py 41:: #                           std_add_noise: 0.01                #
2024-12-01 23:20:32,055 INFO _main.py 41:: #                     list_uatk_flip_sign: [0, 10, 11]         #
2024-12-01 23:20:32,055 INFO _main.py 42:: ################################################################
2024-12-01 23:20:32,056 INFO _main.py 43:: Namespace(batch_size=64, test_batch_size=32, epochs=10, optimizer='SGD', lr=0.01, momentum=0.9, weight_decay=0.0001, seed=1, log_interval=11, num_clients=40, output_folder='experiments', dataset='rockburst', loader_type='dirichlet', loader_path='./data/loader.pk', AR='krum', n_attacker_backdoor=0, backdoor_trigger=[0, 0, 1, 1], n_attacker_omniscient=0, omniscient_scale=1, attacks=None, save_model_weights=False, experiment_name='sExp4Ba_40ep_rockburst_krum_40C_5', path_to_aggNet=None, device='cpu', inner_epochs=20, verbose=True, list_unreliable=[2, 18, 20], unreliable_fraction=0.5, unreliable_fracTrain=0.3, mean_unreliable=0.0, blur_method='add_noise', max_std_unreliable=30.0, list_uatk_add_noise=[24, 25, 26], mean_add_noise=0.0, std_add_noise=0.01, list_uatk_flip_sign=[0, 10, 11])
2024-12-01 23:20:32,056 INFO _main.py 44:: #####################
2024-12-01 23:20:32,057 INFO _main.py 45:: #####################
2024-12-01 23:20:32,057 INFO _main.py 46:: #####################
2024-12-01 23:20:32,057 INFO _main.py 47:: Aggregation Rule:	krum
2024-12-01 23:20:32,057 INFO _main.py 48:: Data distribution:	dirichlet
2024-12-01 23:20:32,058 INFO _main.py 49:: Attacks:	None 
2024-12-01 23:20:32,058 INFO _main.py 50:: #####################
2024-12-01 23:20:32,058 INFO _main.py 51:: #####################
2024-12-01 23:20:32,059 INFO _main.py 52:: #####################
2024-12-01 23:20:33,765 INFO server.py 366:: SET DBSCAN eps=1.3, min_samples=10
2024-12-01 23:20:33,768 INFO _main.py 135:: [1-normal, 0-malicious] label =tensor([0., 1., 1., 1., 1., 1., 1., 1., 1., 1., 0., 0., 1., 1., 1., 1., 1., 1.,
        1., 1., 1., 1., 1., 1., 0., 0., 0., 1., 1., 1., 1., 1., 1., 1., 1., 1.,
        1., 1., 1., 1.])
2024-12-01 23:20:33,774 INFO malicious_clients.py 123:: init ATTACK OMNISCIENT Client 0
2024-12-01 23:20:33,778 INFO malicious_clients.py 18:: init UNRELIABLE Client 2
2024-12-01 23:20:33,808 INFO malicious_clients.py 123:: init ATTACK OMNISCIENT Client 10
2024-12-01 23:20:33,812 INFO malicious_clients.py 123:: init ATTACK OMNISCIENT Client 11
2024-12-01 23:20:33,833 INFO malicious_clients.py 18:: init UNRELIABLE Client 18
2024-12-01 23:20:33,841 INFO malicious_clients.py 18:: init UNRELIABLE Client 20
2024-12-01 23:20:33,858 INFO malicious_clients.py 73:: init ATTACK ADD NOISE TO GRAD Client 24
2024-12-01 23:20:33,862 INFO malicious_clients.py 73:: init ATTACK ADD NOISE TO GRAD Client 25
2024-12-01 23:20:33,866 INFO malicious_clients.py 73:: init ATTACK ADD NOISE TO GRAD Client 26
2024-12-01 23:20:33,919 INFO server.py 211:: [Server] Start testing
2024-12-01 23:20:33,936 INFO server.py 235:: [Server] Test set: Average loss: 1.3864, Accuracy: 50/200 (25.0%)

2024-12-01 23:20:33,938 INFO server.py 238:: [Sever] Confusion matrix:
 tensor([[50.,  0.,  0.,  0.],
        [50.,  0.,  0.,  0.],
        [50.,  0.,  0.,  0.],
        [50.,  0.,  0.,  0.]])
2024-12-01 23:20:33,946 INFO server.py 254:: [Server] Precision=[0.25  nan  nan  nan],
 Recall=[1. 0. 0. 0.],
 F1-score=[0.4 nan nan nan],
 my_accuracy=25.0[%]
2024-12-01 23:20:33,948 INFO _main.py 209:: ########EPOCH 0 ########
2024-12-01 23:20:33,949 INFO _main.py 210:: ###Model distribution###
2024-12-01 23:20:35,782 INFO server.py 1064:: clients' sizes=[1, 2, 1, 0, 0, 0, 2, 2, 0, 1, 0, 1, 2, 2, 2, 2, 1, 1, 2, 0, 1, 1, 1, 1, 1, 0, 1, 1, 1, 1, 2, 0, 2, 0, 1, 2, 1, 0, 2, 0], total=41
2024-12-01 23:20:35,809 INFO server.py 327:: [Server] The aggregation takes 0.036046 seconds.

2024-12-01 23:20:35,810 INFO server.py 211:: [Server] Start testing
2024-12-01 23:20:35,825 INFO server.py 235:: [Server] Test set: Average loss: 1.3864, Accuracy: 50/200 (25.0%)

2024-12-01 23:20:35,826 INFO server.py 238:: [Sever] Confusion matrix:
 tensor([[50.,  0.,  0.,  0.],
        [50.,  0.,  0.,  0.],
        [50.,  0.,  0.,  0.],
        [50.,  0.,  0.,  0.]])
2024-12-01 23:20:35,827 INFO server.py 254:: [Server] Precision=[0.25  nan  nan  nan],
 Recall=[1. 0. 0. 0.],
 F1-score=[0.4 nan nan nan],
 my_accuracy=25.0[%]
2024-12-01 23:20:35,828 INFO _main.py 209:: ########EPOCH 1 ########
2024-12-01 23:20:35,828 INFO _main.py 210:: ###Model distribution###
2024-12-01 23:20:38,239 INFO server.py 1064:: clients' sizes=[1, 2, 1, 0, 0, 0, 2, 2, 0, 1, 0, 1, 2, 2, 2, 2, 1, 1, 2, 0, 1, 1, 1, 1, 1, 0, 1, 1, 1, 1, 2, 0, 2, 0, 1, 2, 1, 0, 2, 0], total=41
2024-12-01 23:20:38,268 INFO server.py 327:: [Server] The aggregation takes 0.030932 seconds.

2024-12-01 23:20:38,269 INFO server.py 211:: [Server] Start testing
2024-12-01 23:20:38,288 INFO server.py 235:: [Server] Test set: Average loss: 1.3864, Accuracy: 50/200 (25.0%)

2024-12-01 23:20:38,289 INFO server.py 238:: [Sever] Confusion matrix:
 tensor([[50.,  0.,  0.,  0.],
        [50.,  0.,  0.,  0.],
        [50.,  0.,  0.,  0.],
        [50.,  0.,  0.,  0.]])
2024-12-01 23:20:38,291 INFO server.py 254:: [Server] Precision=[0.25  nan  nan  nan],
 Recall=[1. 0. 0. 0.],
 F1-score=[0.4 nan nan nan],
 my_accuracy=25.0[%]
2024-12-01 23:20:38,291 INFO _main.py 209:: ########EPOCH 2 ########
2024-12-01 23:20:38,292 INFO _main.py 210:: ###Model distribution###
2024-12-01 23:20:40,819 INFO server.py 1064:: clients' sizes=[1, 2, 1, 0, 0, 0, 2, 2, 0, 1, 0, 1, 2, 2, 2, 2, 1, 1, 2, 0, 1, 1, 1, 1, 1, 0, 1, 1, 1, 1, 2, 0, 2, 0, 1, 2, 1, 0, 2, 0], total=41
2024-12-01 23:20:40,855 INFO server.py 327:: [Server] The aggregation takes 0.038034 seconds.

2024-12-01 23:20:40,856 INFO server.py 211:: [Server] Start testing
2024-12-01 23:20:40,879 INFO server.py 235:: [Server] Test set: Average loss: 1.3864, Accuracy: 50/200 (25.0%)

2024-12-01 23:20:40,880 INFO server.py 238:: [Sever] Confusion matrix:
 tensor([[50.,  0.,  0.,  0.],
        [50.,  0.,  0.,  0.],
        [50.,  0.,  0.,  0.],
        [50.,  0.,  0.,  0.]])
2024-12-01 23:20:40,882 INFO server.py 254:: [Server] Precision=[0.25  nan  nan  nan],
 Recall=[1. 0. 0. 0.],
 F1-score=[0.4 nan nan nan],
 my_accuracy=25.0[%]
2024-12-01 23:20:40,882 INFO _main.py 209:: ########EPOCH 3 ########
2024-12-01 23:20:40,883 INFO _main.py 210:: ###Model distribution###
2024-12-01 23:20:42,977 INFO server.py 1064:: clients' sizes=[1, 2, 1, 0, 0, 0, 2, 2, 0, 1, 0, 1, 2, 2, 2, 2, 1, 1, 2, 0, 1, 1, 1, 1, 1, 0, 1, 1, 1, 1, 2, 0, 2, 0, 1, 2, 1, 0, 2, 0], total=41
2024-12-01 23:20:42,999 INFO server.py 327:: [Server] The aggregation takes 0.023378 seconds.

2024-12-01 23:20:43,000 INFO server.py 211:: [Server] Start testing
2024-12-01 23:20:43,013 INFO server.py 235:: [Server] Test set: Average loss: 1.3864, Accuracy: 50/200 (25.0%)

2024-12-01 23:20:43,015 INFO server.py 238:: [Sever] Confusion matrix:
 tensor([[50.,  0.,  0.,  0.],
        [50.,  0.,  0.,  0.],
        [50.,  0.,  0.,  0.],
        [50.,  0.,  0.,  0.]])
2024-12-01 23:20:43,016 INFO server.py 254:: [Server] Precision=[0.25  nan  nan  nan],
 Recall=[1. 0. 0. 0.],
 F1-score=[0.4 nan nan nan],
 my_accuracy=25.0[%]
2024-12-01 23:20:43,017 INFO _main.py 209:: ########EPOCH 4 ########
2024-12-01 23:20:43,017 INFO _main.py 210:: ###Model distribution###
2024-12-01 23:20:44,930 INFO server.py 1064:: clients' sizes=[1, 2, 1, 0, 0, 0, 2, 2, 0, 1, 0, 1, 2, 2, 2, 2, 1, 1, 2, 0, 1, 1, 1, 1, 1, 0, 1, 1, 1, 1, 2, 0, 2, 0, 1, 2, 1, 0, 2, 0], total=41
2024-12-01 23:20:44,951 INFO server.py 327:: [Server] The aggregation takes 0.022473 seconds.

2024-12-01 23:20:44,952 INFO server.py 211:: [Server] Start testing
2024-12-01 23:20:44,966 INFO server.py 235:: [Server] Test set: Average loss: 1.3864, Accuracy: 50/200 (25.0%)

2024-12-01 23:20:44,967 INFO server.py 238:: [Sever] Confusion matrix:
 tensor([[50.,  0.,  0.,  0.],
        [50.,  0.,  0.,  0.],
        [50.,  0.,  0.,  0.],
        [50.,  0.,  0.,  0.]])
2024-12-01 23:20:44,969 INFO server.py 254:: [Server] Precision=[0.25  nan  nan  nan],
 Recall=[1. 0. 0. 0.],
 F1-score=[0.4 nan nan nan],
 my_accuracy=25.0[%]
2024-12-01 23:20:44,970 INFO _main.py 209:: ########EPOCH 5 ########
2024-12-01 23:20:44,970 INFO _main.py 210:: ###Model distribution###
2024-12-01 23:20:46,705 INFO server.py 1064:: clients' sizes=[1, 2, 1, 0, 0, 0, 2, 2, 0, 1, 0, 1, 2, 2, 2, 2, 1, 1, 2, 0, 1, 1, 1, 1, 1, 0, 1, 1, 1, 1, 2, 0, 2, 0, 1, 2, 1, 0, 2, 0], total=41
2024-12-01 23:20:46,726 INFO server.py 327:: [Server] The aggregation takes 0.022305 seconds.

2024-12-01 23:20:46,727 INFO server.py 211:: [Server] Start testing
2024-12-01 23:20:46,742 INFO server.py 235:: [Server] Test set: Average loss: 1.3864, Accuracy: 50/200 (25.0%)

2024-12-01 23:20:46,743 INFO server.py 238:: [Sever] Confusion matrix:
 tensor([[50.,  0.,  0.,  0.],
        [50.,  0.,  0.,  0.],
        [50.,  0.,  0.,  0.],
        [50.,  0.,  0.,  0.]])
2024-12-01 23:20:46,745 INFO server.py 254:: [Server] Precision=[0.25  nan  nan  nan],
 Recall=[1. 0. 0. 0.],
 F1-score=[0.4 nan nan nan],
 my_accuracy=25.0[%]
2024-12-01 23:20:46,746 INFO _main.py 209:: ########EPOCH 6 ########
2024-12-01 23:20:46,746 INFO _main.py 210:: ###Model distribution###
2024-12-01 23:20:48,506 INFO server.py 1064:: clients' sizes=[1, 2, 1, 0, 0, 0, 2, 2, 0, 1, 0, 1, 2, 2, 2, 2, 1, 1, 2, 0, 1, 1, 1, 1, 1, 0, 1, 1, 1, 1, 2, 0, 2, 0, 1, 2, 1, 0, 2, 0], total=41
2024-12-01 23:20:48,528 INFO server.py 327:: [Server] The aggregation takes 0.022734 seconds.

2024-12-01 23:20:48,529 INFO server.py 211:: [Server] Start testing
2024-12-01 23:20:48,542 INFO server.py 235:: [Server] Test set: Average loss: 1.3864, Accuracy: 50/200 (25.0%)

2024-12-01 23:20:48,544 INFO server.py 238:: [Sever] Confusion matrix:
 tensor([[50.,  0.,  0.,  0.],
        [50.,  0.,  0.,  0.],
        [50.,  0.,  0.,  0.],
        [50.,  0.,  0.,  0.]])
2024-12-01 23:20:48,545 INFO server.py 254:: [Server] Precision=[0.25  nan  nan  nan],
 Recall=[1. 0. 0. 0.],
 F1-score=[0.4 nan nan nan],
 my_accuracy=25.0[%]
2024-12-01 23:20:48,546 INFO _main.py 209:: ########EPOCH 7 ########
2024-12-01 23:20:48,546 INFO _main.py 210:: ###Model distribution###
2024-12-01 23:20:50,318 INFO server.py 1064:: clients' sizes=[1, 2, 1, 0, 0, 0, 2, 2, 0, 1, 0, 1, 2, 2, 2, 2, 1, 1, 2, 0, 1, 1, 1, 1, 1, 0, 1, 1, 1, 1, 2, 0, 2, 0, 1, 2, 1, 0, 2, 0], total=41
2024-12-01 23:20:50,343 INFO server.py 327:: [Server] The aggregation takes 0.026545 seconds.

2024-12-01 23:20:50,344 INFO server.py 211:: [Server] Start testing
2024-12-01 23:20:50,358 INFO server.py 235:: [Server] Test set: Average loss: 1.3864, Accuracy: 50/200 (25.0%)

2024-12-01 23:20:50,359 INFO server.py 238:: [Sever] Confusion matrix:
 tensor([[50.,  0.,  0.,  0.],
        [50.,  0.,  0.,  0.],
        [50.,  0.,  0.,  0.],
        [50.,  0.,  0.,  0.]])
2024-12-01 23:20:50,360 INFO server.py 254:: [Server] Precision=[0.25  nan  nan  nan],
 Recall=[1. 0. 0. 0.],
 F1-score=[0.4 nan nan nan],
 my_accuracy=25.0[%]
2024-12-01 23:20:50,361 INFO _main.py 209:: ########EPOCH 8 ########
2024-12-01 23:20:50,361 INFO _main.py 210:: ###Model distribution###
2024-12-01 23:20:52,284 INFO server.py 1064:: clients' sizes=[1, 2, 1, 0, 0, 0, 2, 2, 0, 1, 0, 1, 2, 2, 2, 2, 1, 1, 2, 0, 1, 1, 1, 1, 1, 0, 1, 1, 1, 1, 2, 0, 2, 0, 1, 2, 1, 0, 2, 0], total=41
2024-12-01 23:20:52,317 INFO server.py 327:: [Server] The aggregation takes 0.034465 seconds.

2024-12-01 23:20:52,318 INFO server.py 211:: [Server] Start testing
2024-12-01 23:20:52,337 INFO server.py 235:: [Server] Test set: Average loss: 1.3864, Accuracy: 50/200 (25.0%)

2024-12-01 23:20:52,338 INFO server.py 238:: [Sever] Confusion matrix:
 tensor([[50.,  0.,  0.,  0.],
        [50.,  0.,  0.,  0.],
        [50.,  0.,  0.,  0.],
        [50.,  0.,  0.,  0.]])
2024-12-01 23:20:52,340 INFO server.py 254:: [Server] Precision=[0.25  nan  nan  nan],
 Recall=[1. 0. 0. 0.],
 F1-score=[0.4 nan nan nan],
 my_accuracy=25.0[%]
2024-12-01 23:20:52,340 INFO _main.py 209:: ########EPOCH 9 ########
2024-12-01 23:20:52,341 INFO _main.py 210:: ###Model distribution###
2024-12-01 23:20:54,979 INFO server.py 1064:: clients' sizes=[1, 2, 1, 0, 0, 0, 2, 2, 0, 1, 0, 1, 2, 2, 2, 2, 1, 1, 2, 0, 1, 1, 1, 1, 1, 0, 1, 1, 1, 1, 2, 0, 2, 0, 1, 2, 1, 0, 2, 0], total=41
2024-12-01 23:20:55,013 INFO server.py 327:: [Server] The aggregation takes 0.034830 seconds.

2024-12-01 23:20:55,014 INFO server.py 211:: [Server] Start testing
2024-12-01 23:20:55,035 INFO server.py 235:: [Server] Test set: Average loss: 1.3864, Accuracy: 50/200 (25.0%)

2024-12-01 23:20:55,037 INFO server.py 238:: [Sever] Confusion matrix:
 tensor([[50.,  0.,  0.,  0.],
        [50.,  0.,  0.,  0.],
        [50.,  0.,  0.,  0.],
        [50.,  0.,  0.,  0.]])
2024-12-01 23:20:55,039 INFO server.py 254:: [Server] Precision=[0.25  nan  nan  nan],
 Recall=[1. 0. 0. 0.],
 F1-score=[0.4 nan nan nan],
 my_accuracy=25.0[%]
