2024-12-02 02:30:24,758 INFO _main.py 39:: ################################################################
2024-12-02 02:30:24,759 INFO _main.py 41:: #                              batch_size: 64                  #
2024-12-02 02:30:24,759 INFO _main.py 41:: #                         test_batch_size: 32                  #
2024-12-02 02:30:24,759 INFO _main.py 41:: #                                  epochs: 50                  #
2024-12-02 02:30:24,760 INFO _main.py 41:: #                               optimizer: SGD                 #
2024-12-02 02:30:24,760 INFO _main.py 41:: #                                      lr: 0.01                #
2024-12-02 02:30:24,760 INFO _main.py 41:: #                                momentum: 0.9                 #
2024-12-02 02:30:24,760 INFO _main.py 41:: #                            weight_decay: 0.0001              #
2024-12-02 02:30:24,760 INFO _main.py 41:: #                                    seed: 1                   #
2024-12-02 02:30:24,760 INFO _main.py 41:: #                            log_interval: 11                  #
2024-12-02 02:30:24,761 INFO _main.py 41:: #                             num_clients: 40                  #
2024-12-02 02:30:24,761 INFO _main.py 41:: #                           output_folder: experiments         #
2024-12-02 02:30:24,762 INFO _main.py 41:: #                                 dataset: rockburst           #
2024-12-02 02:30:24,762 INFO _main.py 41:: #                             loader_type: dirichlet           #
2024-12-02 02:30:24,762 INFO _main.py 41:: #                             loader_path: ./data/loader.pk    #
2024-12-02 02:30:24,763 INFO _main.py 41:: #                                      AR: krum                #
2024-12-02 02:30:24,763 INFO _main.py 41:: #                     n_attacker_backdoor: 0                   #
2024-12-02 02:30:24,763 INFO _main.py 41:: #                        backdoor_trigger: [0, 0, 1, 1]        #
2024-12-02 02:30:24,764 INFO _main.py 41:: #                   n_attacker_omniscient: 0                   #
2024-12-02 02:30:24,764 INFO _main.py 41:: #                        omniscient_scale: 1                   #
2024-12-02 02:30:24,764 INFO _main.py 41:: #                                 attacks: None                #
2024-12-02 02:30:24,765 INFO _main.py 41:: #                      save_model_weights: False               #
2024-12-02 02:30:24,765 INFO _main.py 41:: #                         experiment_name: sExp4Ba_40ep_rockburst_krum_40C_5#
2024-12-02 02:30:24,765 INFO _main.py 41:: #                          path_to_aggNet: None                #
2024-12-02 02:30:24,765 INFO _main.py 41:: #                                  device: cpu                 #
2024-12-02 02:30:24,766 INFO _main.py 41:: #                            inner_epochs: 30                  #
2024-12-02 02:30:24,766 INFO _main.py 41:: #                                 verbose: True                #
2024-12-02 02:30:24,766 INFO _main.py 41:: #                         list_unreliable: [2, 18, 20]         #
2024-12-02 02:30:24,766 INFO _main.py 41:: #                     unreliable_fraction: 0.5                 #
2024-12-02 02:30:24,767 INFO _main.py 41:: #                    unreliable_fracTrain: 0.3                 #
2024-12-02 02:30:24,767 INFO _main.py 41:: #                         mean_unreliable: 0.0                 #
2024-12-02 02:30:24,767 INFO _main.py 41:: #                             blur_method: add_noise           #
2024-12-02 02:30:24,768 INFO _main.py 41:: #                      max_std_unreliable: 30.0                #
2024-12-02 02:30:24,768 INFO _main.py 41:: #                     list_uatk_add_noise: [24, 25, 26]        #
2024-12-02 02:30:24,768 INFO _main.py 41:: #                          mean_add_noise: 0.0                 #
2024-12-02 02:30:24,768 INFO _main.py 41:: #                           std_add_noise: 0.01                #
2024-12-02 02:30:24,768 INFO _main.py 41:: #                     list_uatk_flip_sign: [0, 10, 11]         #
2024-12-02 02:30:24,769 INFO _main.py 42:: ################################################################
2024-12-02 02:30:24,769 INFO _main.py 43:: Namespace(batch_size=64, test_batch_size=32, epochs=50, optimizer='SGD', lr=0.01, momentum=0.9, weight_decay=0.0001, seed=1, log_interval=11, num_clients=40, output_folder='experiments', dataset='rockburst', loader_type='dirichlet', loader_path='./data/loader.pk', AR='krum', n_attacker_backdoor=0, backdoor_trigger=[0, 0, 1, 1], n_attacker_omniscient=0, omniscient_scale=1, attacks=None, save_model_weights=False, experiment_name='sExp4Ba_40ep_rockburst_krum_40C_5', path_to_aggNet=None, device='cpu', inner_epochs=30, verbose=True, list_unreliable=[2, 18, 20], unreliable_fraction=0.5, unreliable_fracTrain=0.3, mean_unreliable=0.0, blur_method='add_noise', max_std_unreliable=30.0, list_uatk_add_noise=[24, 25, 26], mean_add_noise=0.0, std_add_noise=0.01, list_uatk_flip_sign=[0, 10, 11])
2024-12-02 02:30:24,770 INFO _main.py 44:: #####################
2024-12-02 02:30:24,771 INFO _main.py 45:: #####################
2024-12-02 02:30:24,771 INFO _main.py 46:: #####################
2024-12-02 02:30:24,771 INFO _main.py 47:: Aggregation Rule:	krum
2024-12-02 02:30:24,771 INFO _main.py 48:: Data distribution:	dirichlet
2024-12-02 02:30:24,772 INFO _main.py 49:: Attacks:	None 
2024-12-02 02:30:24,772 INFO _main.py 50:: #####################
2024-12-02 02:30:24,772 INFO _main.py 51:: #####################
2024-12-02 02:30:24,772 INFO _main.py 52:: #####################
2024-12-02 02:30:26,912 INFO server.py 366:: SET DBSCAN eps=1.3, min_samples=10
2024-12-02 02:30:26,916 INFO _main.py 135:: [1-normal, 0-malicious] label =tensor([0., 1., 1., 1., 1., 1., 1., 1., 1., 1., 0., 0., 1., 1., 1., 1., 1., 1.,
        1., 1., 1., 1., 1., 1., 0., 0., 0., 1., 1., 1., 1., 1., 1., 1., 1., 1.,
        1., 1., 1., 1.])
2024-12-02 02:30:26,925 INFO malicious_clients.py 123:: init ATTACK OMNISCIENT Client 0
2024-12-02 02:30:26,932 INFO malicious_clients.py 18:: init UNRELIABLE Client 2
2024-12-02 02:30:26,979 INFO malicious_clients.py 123:: init ATTACK OMNISCIENT Client 10
2024-12-02 02:30:26,985 INFO malicious_clients.py 123:: init ATTACK OMNISCIENT Client 11
2024-12-02 02:30:27,017 INFO malicious_clients.py 18:: init UNRELIABLE Client 18
2024-12-02 02:30:27,028 INFO malicious_clients.py 18:: init UNRELIABLE Client 20
2024-12-02 02:30:27,059 INFO malicious_clients.py 73:: init ATTACK ADD NOISE TO GRAD Client 24
2024-12-02 02:30:27,066 INFO malicious_clients.py 73:: init ATTACK ADD NOISE TO GRAD Client 25
2024-12-02 02:30:27,071 INFO malicious_clients.py 73:: init ATTACK ADD NOISE TO GRAD Client 26
2024-12-02 02:30:27,146 INFO server.py 211:: [Server] Start testing
2024-12-02 02:30:27,168 INFO server.py 235:: [Server] Test set: Average loss: 1.3864, Accuracy: 50/200 (25.0%)

2024-12-02 02:30:27,170 INFO server.py 238:: [Sever] Confusion matrix:
 tensor([[50.,  0.,  0.,  0.],
        [50.,  0.,  0.,  0.],
        [50.,  0.,  0.,  0.],
        [50.,  0.,  0.,  0.]])
2024-12-02 02:30:27,176 INFO server.py 254:: [Server] Precision=[0.25  nan  nan  nan],
 Recall=[1. 0. 0. 0.],
 F1-score=[0.4 nan nan nan],
 my_accuracy=25.0[%]
2024-12-02 02:30:27,178 INFO _main.py 209:: ########EPOCH 0 ########
2024-12-02 02:30:27,178 INFO _main.py 210:: ###Model distribution###
2024-12-02 02:30:30,979 INFO server.py 1080:: clients' sizes=[1, 2, 1, 0, 0, 0, 2, 2, 0, 1, 0, 1, 2, 2, 2, 2, 1, 1, 2, 0, 1, 1, 1, 1, 1, 0, 1, 1, 1, 1, 2, 0, 2, 0, 1, 2, 1, 0, 2, 0], total=41
2024-12-02 02:30:31,008 INFO server.py 327:: [Server] The aggregation takes 0.039875 seconds.

2024-12-02 02:30:31,009 INFO server.py 211:: [Server] Start testing
2024-12-02 02:30:31,023 INFO server.py 235:: [Server] Test set: Average loss: 1.3864, Accuracy: 50/200 (25.0%)

2024-12-02 02:30:31,025 INFO server.py 238:: [Sever] Confusion matrix:
 tensor([[50.,  0.,  0.,  0.],
        [50.,  0.,  0.,  0.],
        [50.,  0.,  0.,  0.],
        [50.,  0.,  0.,  0.]])
2024-12-02 02:30:31,026 INFO server.py 254:: [Server] Precision=[0.25  nan  nan  nan],
 Recall=[1. 0. 0. 0.],
 F1-score=[0.4 nan nan nan],
 my_accuracy=25.0[%]
2024-12-02 02:30:31,027 INFO _main.py 209:: ########EPOCH 1 ########
2024-12-02 02:30:31,027 INFO _main.py 210:: ###Model distribution###
2024-12-02 02:30:34,338 INFO server.py 1080:: clients' sizes=[1, 2, 1, 0, 0, 0, 2, 2, 0, 1, 0, 1, 2, 2, 2, 2, 1, 1, 2, 0, 1, 1, 1, 1, 1, 0, 1, 1, 1, 1, 2, 0, 2, 0, 1, 2, 1, 0, 2, 0], total=41
2024-12-02 02:30:34,362 INFO server.py 327:: [Server] The aggregation takes 0.024473 seconds.

2024-12-02 02:30:34,363 INFO server.py 211:: [Server] Start testing
2024-12-02 02:30:34,376 INFO server.py 235:: [Server] Test set: Average loss: 1.3864, Accuracy: 50/200 (25.0%)

2024-12-02 02:30:34,377 INFO server.py 238:: [Sever] Confusion matrix:
 tensor([[50.,  0.,  0.,  0.],
        [50.,  0.,  0.,  0.],
        [50.,  0.,  0.,  0.],
        [50.,  0.,  0.,  0.]])
2024-12-02 02:30:34,379 INFO server.py 254:: [Server] Precision=[0.25  nan  nan  nan],
 Recall=[1. 0. 0. 0.],
 F1-score=[0.4 nan nan nan],
 my_accuracy=25.0[%]
2024-12-02 02:30:34,379 INFO _main.py 209:: ########EPOCH 2 ########
2024-12-02 02:30:34,379 INFO _main.py 210:: ###Model distribution###
2024-12-02 02:30:37,040 INFO server.py 1080:: clients' sizes=[1, 2, 1, 0, 0, 0, 2, 2, 0, 1, 0, 1, 2, 2, 2, 2, 1, 1, 2, 0, 1, 1, 1, 1, 1, 0, 1, 1, 1, 1, 2, 0, 2, 0, 1, 2, 1, 0, 2, 0], total=41
2024-12-02 02:30:37,066 INFO server.py 327:: [Server] The aggregation takes 0.026776 seconds.

2024-12-02 02:30:37,067 INFO server.py 211:: [Server] Start testing
2024-12-02 02:30:37,081 INFO server.py 235:: [Server] Test set: Average loss: 1.3864, Accuracy: 50/200 (25.0%)

2024-12-02 02:30:37,082 INFO server.py 238:: [Sever] Confusion matrix:
 tensor([[50.,  0.,  0.,  0.],
        [50.,  0.,  0.,  0.],
        [50.,  0.,  0.,  0.],
        [50.,  0.,  0.,  0.]])
2024-12-02 02:30:37,084 INFO server.py 254:: [Server] Precision=[0.25  nan  nan  nan],
 Recall=[1. 0. 0. 0.],
 F1-score=[0.4 nan nan nan],
 my_accuracy=25.0[%]
2024-12-02 02:30:37,085 INFO _main.py 209:: ########EPOCH 3 ########
2024-12-02 02:30:37,085 INFO _main.py 210:: ###Model distribution###
2024-12-02 02:30:39,703 INFO server.py 1080:: clients' sizes=[1, 2, 1, 0, 0, 0, 2, 2, 0, 1, 0, 1, 2, 2, 2, 2, 1, 1, 2, 0, 1, 1, 1, 1, 1, 0, 1, 1, 1, 1, 2, 0, 2, 0, 1, 2, 1, 0, 2, 0], total=41
2024-12-02 02:30:39,729 INFO server.py 327:: [Server] The aggregation takes 0.027288 seconds.

2024-12-02 02:30:39,730 INFO server.py 211:: [Server] Start testing
2024-12-02 02:30:39,745 INFO server.py 235:: [Server] Test set: Average loss: 1.3864, Accuracy: 50/200 (25.0%)

2024-12-02 02:30:39,746 INFO server.py 238:: [Sever] Confusion matrix:
 tensor([[50.,  0.,  0.,  0.],
        [50.,  0.,  0.,  0.],
        [50.,  0.,  0.,  0.],
        [50.,  0.,  0.,  0.]])
2024-12-02 02:30:39,748 INFO server.py 254:: [Server] Precision=[0.25  nan  nan  nan],
 Recall=[1. 0. 0. 0.],
 F1-score=[0.4 nan nan nan],
 my_accuracy=25.0[%]
2024-12-02 02:30:39,748 INFO _main.py 209:: ########EPOCH 4 ########
2024-12-02 02:30:39,749 INFO _main.py 210:: ###Model distribution###
2024-12-02 02:30:43,311 INFO server.py 1080:: clients' sizes=[1, 2, 1, 0, 0, 0, 2, 2, 0, 1, 0, 1, 2, 2, 2, 2, 1, 1, 2, 0, 1, 1, 1, 1, 1, 0, 1, 1, 1, 1, 2, 0, 2, 0, 1, 2, 1, 0, 2, 0], total=41
2024-12-02 02:30:43,360 INFO server.py 327:: [Server] The aggregation takes 0.050333 seconds.

2024-12-02 02:30:43,367 INFO server.py 211:: [Server] Start testing
2024-12-02 02:30:43,408 INFO server.py 235:: [Server] Test set: Average loss: 1.3864, Accuracy: 50/200 (25.0%)

2024-12-02 02:30:43,415 INFO server.py 238:: [Sever] Confusion matrix:
 tensor([[50.,  0.,  0.,  0.],
        [50.,  0.,  0.,  0.],
        [50.,  0.,  0.,  0.],
        [50.,  0.,  0.,  0.]])
2024-12-02 02:30:43,418 INFO server.py 254:: [Server] Precision=[0.25  nan  nan  nan],
 Recall=[1. 0. 0. 0.],
 F1-score=[0.4 nan nan nan],
 my_accuracy=25.0[%]
2024-12-02 02:30:43,420 INFO _main.py 209:: ########EPOCH 5 ########
2024-12-02 02:30:43,427 INFO _main.py 210:: ###Model distribution###
2024-12-02 02:30:47,611 INFO server.py 1080:: clients' sizes=[1, 2, 1, 0, 0, 0, 2, 2, 0, 1, 0, 1, 2, 2, 2, 2, 1, 1, 2, 0, 1, 1, 1, 1, 1, 0, 1, 1, 1, 1, 2, 0, 2, 0, 1, 2, 1, 0, 2, 0], total=41
2024-12-02 02:30:47,636 INFO server.py 327:: [Server] The aggregation takes 0.025675 seconds.

2024-12-02 02:30:47,637 INFO server.py 211:: [Server] Start testing
2024-12-02 02:30:47,651 INFO server.py 235:: [Server] Test set: Average loss: 1.3864, Accuracy: 50/200 (25.0%)

2024-12-02 02:30:47,652 INFO server.py 238:: [Sever] Confusion matrix:
 tensor([[50.,  0.,  0.,  0.],
        [50.,  0.,  0.,  0.],
        [50.,  0.,  0.,  0.],
        [50.,  0.,  0.,  0.]])
2024-12-02 02:30:47,653 INFO server.py 254:: [Server] Precision=[0.25  nan  nan  nan],
 Recall=[1. 0. 0. 0.],
 F1-score=[0.4 nan nan nan],
 my_accuracy=25.0[%]
2024-12-02 02:30:47,654 INFO _main.py 209:: ########EPOCH 6 ########
2024-12-02 02:30:47,654 INFO _main.py 210:: ###Model distribution###
2024-12-02 02:30:50,248 INFO server.py 1080:: clients' sizes=[1, 2, 1, 0, 0, 0, 2, 2, 0, 1, 0, 1, 2, 2, 2, 2, 1, 1, 2, 0, 1, 1, 1, 1, 1, 0, 1, 1, 1, 1, 2, 0, 2, 0, 1, 2, 1, 0, 2, 0], total=41
2024-12-02 02:30:50,274 INFO server.py 327:: [Server] The aggregation takes 0.027437 seconds.

2024-12-02 02:30:50,275 INFO server.py 211:: [Server] Start testing
2024-12-02 02:30:50,291 INFO server.py 235:: [Server] Test set: Average loss: 1.3864, Accuracy: 50/200 (25.0%)

2024-12-02 02:30:50,292 INFO server.py 238:: [Sever] Confusion matrix:
 tensor([[50.,  0.,  0.,  0.],
        [50.,  0.,  0.,  0.],
        [50.,  0.,  0.,  0.],
        [50.,  0.,  0.,  0.]])
2024-12-02 02:30:50,294 INFO server.py 254:: [Server] Precision=[0.25  nan  nan  nan],
 Recall=[1. 0. 0. 0.],
 F1-score=[0.4 nan nan nan],
 my_accuracy=25.0[%]
2024-12-02 02:30:50,294 INFO _main.py 209:: ########EPOCH 7 ########
2024-12-02 02:30:50,295 INFO _main.py 210:: ###Model distribution###
2024-12-02 02:30:52,976 INFO server.py 1080:: clients' sizes=[1, 2, 1, 0, 0, 0, 2, 2, 0, 1, 0, 1, 2, 2, 2, 2, 1, 1, 2, 0, 1, 1, 1, 1, 1, 0, 1, 1, 1, 1, 2, 0, 2, 0, 1, 2, 1, 0, 2, 0], total=41
2024-12-02 02:30:53,010 INFO server.py 327:: [Server] The aggregation takes 0.034692 seconds.

2024-12-02 02:30:53,011 INFO server.py 211:: [Server] Start testing
2024-12-02 02:30:53,026 INFO server.py 235:: [Server] Test set: Average loss: 1.3864, Accuracy: 50/200 (25.0%)

2024-12-02 02:30:53,027 INFO server.py 238:: [Sever] Confusion matrix:
 tensor([[50.,  0.,  0.,  0.],
        [50.,  0.,  0.,  0.],
        [50.,  0.,  0.,  0.],
        [50.,  0.,  0.,  0.]])
2024-12-02 02:30:53,029 INFO server.py 254:: [Server] Precision=[0.25  nan  nan  nan],
 Recall=[1. 0. 0. 0.],
 F1-score=[0.4 nan nan nan],
 my_accuracy=25.0[%]
2024-12-02 02:30:53,030 INFO _main.py 209:: ########EPOCH 8 ########
2024-12-02 02:30:53,030 INFO _main.py 210:: ###Model distribution###
2024-12-02 02:30:56,156 INFO server.py 1080:: clients' sizes=[1, 2, 1, 0, 0, 0, 2, 2, 0, 1, 0, 1, 2, 2, 2, 2, 1, 1, 2, 0, 1, 1, 1, 1, 1, 0, 1, 1, 1, 1, 2, 0, 2, 0, 1, 2, 1, 0, 2, 0], total=41
2024-12-02 02:30:56,182 INFO server.py 327:: [Server] The aggregation takes 0.026418 seconds.

2024-12-02 02:30:56,183 INFO server.py 211:: [Server] Start testing
2024-12-02 02:30:56,197 INFO server.py 235:: [Server] Test set: Average loss: 1.3864, Accuracy: 50/200 (25.0%)

2024-12-02 02:30:56,198 INFO server.py 238:: [Sever] Confusion matrix:
 tensor([[50.,  0.,  0.,  0.],
        [50.,  0.,  0.,  0.],
        [50.,  0.,  0.,  0.],
        [50.,  0.,  0.,  0.]])
2024-12-02 02:30:56,200 INFO server.py 254:: [Server] Precision=[0.25  nan  nan  nan],
 Recall=[1. 0. 0. 0.],
 F1-score=[0.4 nan nan nan],
 my_accuracy=25.0[%]
2024-12-02 02:30:56,200 INFO _main.py 209:: ########EPOCH 9 ########
2024-12-02 02:30:56,201 INFO _main.py 210:: ###Model distribution###
2024-12-02 02:30:59,676 INFO server.py 1080:: clients' sizes=[1, 2, 1, 0, 0, 0, 2, 2, 0, 1, 0, 1, 2, 2, 2, 2, 1, 1, 2, 0, 1, 1, 1, 1, 1, 0, 1, 1, 1, 1, 2, 0, 2, 0, 1, 2, 1, 0, 2, 0], total=41
2024-12-02 02:30:59,712 INFO server.py 327:: [Server] The aggregation takes 0.037242 seconds.

2024-12-02 02:30:59,713 INFO server.py 211:: [Server] Start testing
2024-12-02 02:30:59,733 INFO server.py 235:: [Server] Test set: Average loss: 1.3864, Accuracy: 50/200 (25.0%)

2024-12-02 02:30:59,734 INFO server.py 238:: [Sever] Confusion matrix:
 tensor([[50.,  0.,  0.,  0.],
        [50.,  0.,  0.,  0.],
        [50.,  0.,  0.,  0.],
        [50.,  0.,  0.,  0.]])
2024-12-02 02:30:59,736 INFO server.py 254:: [Server] Precision=[0.25  nan  nan  nan],
 Recall=[1. 0. 0. 0.],
 F1-score=[0.4 nan nan nan],
 my_accuracy=25.0[%]
2024-12-02 02:30:59,736 INFO _main.py 209:: ########EPOCH 10 ########
2024-12-02 02:30:59,737 INFO _main.py 210:: ###Model distribution###
2024-12-02 02:31:03,477 INFO server.py 1080:: clients' sizes=[1, 2, 1, 0, 0, 0, 2, 2, 0, 1, 0, 1, 2, 2, 2, 2, 1, 1, 2, 0, 1, 1, 1, 1, 1, 0, 1, 1, 1, 1, 2, 0, 2, 0, 1, 2, 1, 0, 2, 0], total=41
2024-12-02 02:31:03,502 INFO server.py 327:: [Server] The aggregation takes 0.025412 seconds.

2024-12-02 02:31:03,503 INFO server.py 211:: [Server] Start testing
2024-12-02 02:31:03,516 INFO server.py 235:: [Server] Test set: Average loss: 1.3864, Accuracy: 50/200 (25.0%)

2024-12-02 02:31:03,517 INFO server.py 238:: [Sever] Confusion matrix:
 tensor([[50.,  0.,  0.,  0.],
        [50.,  0.,  0.,  0.],
        [50.,  0.,  0.,  0.],
        [50.,  0.,  0.,  0.]])
2024-12-02 02:31:03,519 INFO server.py 254:: [Server] Precision=[0.25  nan  nan  nan],
 Recall=[1. 0. 0. 0.],
 F1-score=[0.4 nan nan nan],
 my_accuracy=25.0[%]
2024-12-02 02:31:03,519 INFO _main.py 209:: ########EPOCH 11 ########
2024-12-02 02:31:03,520 INFO _main.py 210:: ###Model distribution###
2024-12-02 02:31:06,496 INFO server.py 1080:: clients' sizes=[1, 2, 1, 0, 0, 0, 2, 2, 0, 1, 0, 1, 2, 2, 2, 2, 1, 1, 2, 0, 1, 1, 1, 1, 1, 0, 1, 1, 1, 1, 2, 0, 2, 0, 1, 2, 1, 0, 2, 0], total=41
2024-12-02 02:31:06,520 INFO server.py 327:: [Server] The aggregation takes 0.025506 seconds.

2024-12-02 02:31:06,522 INFO server.py 211:: [Server] Start testing
2024-12-02 02:31:06,536 INFO server.py 235:: [Server] Test set: Average loss: 1.3864, Accuracy: 50/200 (25.0%)

2024-12-02 02:31:06,537 INFO server.py 238:: [Sever] Confusion matrix:
 tensor([[50.,  0.,  0.,  0.],
        [50.,  0.,  0.,  0.],
        [50.,  0.,  0.,  0.],
        [50.,  0.,  0.,  0.]])
2024-12-02 02:31:06,539 INFO server.py 254:: [Server] Precision=[0.25  nan  nan  nan],
 Recall=[1. 0. 0. 0.],
 F1-score=[0.4 nan nan nan],
 my_accuracy=25.0[%]
2024-12-02 02:31:06,539 INFO _main.py 209:: ########EPOCH 12 ########
2024-12-02 02:31:06,540 INFO _main.py 210:: ###Model distribution###
2024-12-02 02:31:09,066 INFO server.py 1080:: clients' sizes=[1, 2, 1, 0, 0, 0, 2, 2, 0, 1, 0, 1, 2, 2, 2, 2, 1, 1, 2, 0, 1, 1, 1, 1, 1, 0, 1, 1, 1, 1, 2, 0, 2, 0, 1, 2, 1, 0, 2, 0], total=41
2024-12-02 02:31:09,091 INFO server.py 327:: [Server] The aggregation takes 0.025882 seconds.

2024-12-02 02:31:09,092 INFO server.py 211:: [Server] Start testing
2024-12-02 02:31:09,107 INFO server.py 235:: [Server] Test set: Average loss: 1.3864, Accuracy: 50/200 (25.0%)

2024-12-02 02:31:09,108 INFO server.py 238:: [Sever] Confusion matrix:
 tensor([[50.,  0.,  0.,  0.],
        [50.,  0.,  0.,  0.],
        [50.,  0.,  0.,  0.],
        [50.,  0.,  0.,  0.]])
2024-12-02 02:31:09,109 INFO server.py 254:: [Server] Precision=[0.25  nan  nan  nan],
 Recall=[1. 0. 0. 0.],
 F1-score=[0.4 nan nan nan],
 my_accuracy=25.0[%]
2024-12-02 02:31:09,110 INFO _main.py 209:: ########EPOCH 13 ########
2024-12-02 02:31:09,111 INFO _main.py 210:: ###Model distribution###
2024-12-02 02:31:11,656 INFO server.py 1080:: clients' sizes=[1, 2, 1, 0, 0, 0, 2, 2, 0, 1, 0, 1, 2, 2, 2, 2, 1, 1, 2, 0, 1, 1, 1, 1, 1, 0, 1, 1, 1, 1, 2, 0, 2, 0, 1, 2, 1, 0, 2, 0], total=41
2024-12-02 02:31:11,681 INFO server.py 327:: [Server] The aggregation takes 0.026510 seconds.

2024-12-02 02:31:11,682 INFO server.py 211:: [Server] Start testing
2024-12-02 02:31:11,697 INFO server.py 235:: [Server] Test set: Average loss: 1.3864, Accuracy: 50/200 (25.0%)

2024-12-02 02:31:11,698 INFO server.py 238:: [Sever] Confusion matrix:
 tensor([[50.,  0.,  0.,  0.],
        [50.,  0.,  0.,  0.],
        [50.,  0.,  0.,  0.],
        [50.,  0.,  0.,  0.]])
2024-12-02 02:31:11,700 INFO server.py 254:: [Server] Precision=[0.25  nan  nan  nan],
 Recall=[1. 0. 0. 0.],
 F1-score=[0.4 nan nan nan],
 my_accuracy=25.0[%]
2024-12-02 02:31:11,700 INFO _main.py 209:: ########EPOCH 14 ########
2024-12-02 02:31:11,701 INFO _main.py 210:: ###Model distribution###
2024-12-02 02:31:15,922 INFO server.py 1080:: clients' sizes=[1, 2, 1, 0, 0, 0, 2, 2, 0, 1, 0, 1, 2, 2, 2, 2, 1, 1, 2, 0, 1, 1, 1, 1, 1, 0, 1, 1, 1, 1, 2, 0, 2, 0, 1, 2, 1, 0, 2, 0], total=41
2024-12-02 02:31:15,961 INFO server.py 327:: [Server] The aggregation takes 0.040216 seconds.

2024-12-02 02:31:15,963 INFO server.py 211:: [Server] Start testing
2024-12-02 02:31:15,984 INFO server.py 235:: [Server] Test set: Average loss: 1.3864, Accuracy: 50/200 (25.0%)

2024-12-02 02:31:15,986 INFO server.py 238:: [Sever] Confusion matrix:
 tensor([[50.,  0.,  0.,  0.],
        [50.,  0.,  0.,  0.],
        [50.,  0.,  0.,  0.],
        [50.,  0.,  0.,  0.]])
2024-12-02 02:31:15,987 INFO server.py 254:: [Server] Precision=[0.25  nan  nan  nan],
 Recall=[1. 0. 0. 0.],
 F1-score=[0.4 nan nan nan],
 my_accuracy=25.0[%]
2024-12-02 02:31:15,988 INFO _main.py 209:: ########EPOCH 15 ########
2024-12-02 02:31:15,989 INFO _main.py 210:: ###Model distribution###
2024-12-02 02:31:19,463 INFO server.py 1080:: clients' sizes=[1, 2, 1, 0, 0, 0, 2, 2, 0, 1, 0, 1, 2, 2, 2, 2, 1, 1, 2, 0, 1, 1, 1, 1, 1, 0, 1, 1, 1, 1, 2, 0, 2, 0, 1, 2, 1, 0, 2, 0], total=41
2024-12-02 02:31:19,488 INFO server.py 327:: [Server] The aggregation takes 0.025785 seconds.

2024-12-02 02:31:19,489 INFO server.py 211:: [Server] Start testing
2024-12-02 02:31:19,512 INFO server.py 235:: [Server] Test set: Average loss: 1.3864, Accuracy: 50/200 (25.0%)

2024-12-02 02:31:19,513 INFO server.py 238:: [Sever] Confusion matrix:
 tensor([[50.,  0.,  0.,  0.],
        [50.,  0.,  0.,  0.],
        [50.,  0.,  0.,  0.],
        [50.,  0.,  0.,  0.]])
2024-12-02 02:31:19,515 INFO server.py 254:: [Server] Precision=[0.25  nan  nan  nan],
 Recall=[1. 0. 0. 0.],
 F1-score=[0.4 nan nan nan],
 my_accuracy=25.0[%]
2024-12-02 02:31:19,516 INFO _main.py 209:: ########EPOCH 16 ########
2024-12-02 02:31:19,517 INFO _main.py 210:: ###Model distribution###
2024-12-02 02:31:22,062 INFO server.py 1080:: clients' sizes=[1, 2, 1, 0, 0, 0, 2, 2, 0, 1, 0, 1, 2, 2, 2, 2, 1, 1, 2, 0, 1, 1, 1, 1, 1, 0, 1, 1, 1, 1, 2, 0, 2, 0, 1, 2, 1, 0, 2, 0], total=41
2024-12-02 02:31:22,087 INFO server.py 327:: [Server] The aggregation takes 0.026018 seconds.

2024-12-02 02:31:22,088 INFO server.py 211:: [Server] Start testing
2024-12-02 02:31:22,102 INFO server.py 235:: [Server] Test set: Average loss: 1.3864, Accuracy: 50/200 (25.0%)

2024-12-02 02:31:22,103 INFO server.py 238:: [Sever] Confusion matrix:
 tensor([[50.,  0.,  0.,  0.],
        [50.,  0.,  0.,  0.],
        [50.,  0.,  0.,  0.],
        [50.,  0.,  0.,  0.]])
2024-12-02 02:31:22,105 INFO server.py 254:: [Server] Precision=[0.25  nan  nan  nan],
 Recall=[1. 0. 0. 0.],
 F1-score=[0.4 nan nan nan],
 my_accuracy=25.0[%]
2024-12-02 02:31:22,105 INFO _main.py 209:: ########EPOCH 17 ########
2024-12-02 02:31:22,106 INFO _main.py 210:: ###Model distribution###
2024-12-02 02:31:24,778 INFO server.py 1080:: clients' sizes=[1, 2, 1, 0, 0, 0, 2, 2, 0, 1, 0, 1, 2, 2, 2, 2, 1, 1, 2, 0, 1, 1, 1, 1, 1, 0, 1, 1, 1, 1, 2, 0, 2, 0, 1, 2, 1, 0, 2, 0], total=41
2024-12-02 02:31:24,803 INFO server.py 327:: [Server] The aggregation takes 0.026581 seconds.

2024-12-02 02:31:24,805 INFO server.py 211:: [Server] Start testing
2024-12-02 02:31:24,819 INFO server.py 235:: [Server] Test set: Average loss: 1.3864, Accuracy: 50/200 (25.0%)

2024-12-02 02:31:24,820 INFO server.py 238:: [Sever] Confusion matrix:
 tensor([[50.,  0.,  0.,  0.],
        [50.,  0.,  0.,  0.],
        [50.,  0.,  0.,  0.],
        [50.,  0.,  0.,  0.]])
2024-12-02 02:31:24,822 INFO server.py 254:: [Server] Precision=[0.25  nan  nan  nan],
 Recall=[1. 0. 0. 0.],
 F1-score=[0.4 nan nan nan],
 my_accuracy=25.0[%]
2024-12-02 02:31:24,823 INFO _main.py 209:: ########EPOCH 18 ########
2024-12-02 02:31:24,823 INFO _main.py 210:: ###Model distribution###
2024-12-02 02:31:27,405 INFO server.py 1080:: clients' sizes=[1, 2, 1, 0, 0, 0, 2, 2, 0, 1, 0, 1, 2, 2, 2, 2, 1, 1, 2, 0, 1, 1, 1, 1, 1, 0, 1, 1, 1, 1, 2, 0, 2, 0, 1, 2, 1, 0, 2, 0], total=41
2024-12-02 02:31:27,430 INFO server.py 327:: [Server] The aggregation takes 0.025427 seconds.

2024-12-02 02:31:27,431 INFO server.py 211:: [Server] Start testing
2024-12-02 02:31:27,444 INFO server.py 235:: [Server] Test set: Average loss: 1.3864, Accuracy: 50/200 (25.0%)

2024-12-02 02:31:27,446 INFO server.py 238:: [Sever] Confusion matrix:
 tensor([[50.,  0.,  0.,  0.],
        [50.,  0.,  0.,  0.],
        [50.,  0.,  0.,  0.],
        [50.,  0.,  0.,  0.]])
2024-12-02 02:31:27,447 INFO server.py 254:: [Server] Precision=[0.25  nan  nan  nan],
 Recall=[1. 0. 0. 0.],
 F1-score=[0.4 nan nan nan],
 my_accuracy=25.0[%]
2024-12-02 02:31:27,448 INFO _main.py 209:: ########EPOCH 19 ########
2024-12-02 02:31:27,448 INFO _main.py 210:: ###Model distribution###
2024-12-02 02:31:30,688 INFO server.py 1080:: clients' sizes=[1, 2, 1, 0, 0, 0, 2, 2, 0, 1, 0, 1, 2, 2, 2, 2, 1, 1, 2, 0, 1, 1, 1, 1, 1, 0, 1, 1, 1, 1, 2, 0, 2, 0, 1, 2, 1, 0, 2, 0], total=41
2024-12-02 02:31:30,726 INFO server.py 327:: [Server] The aggregation takes 0.039017 seconds.

2024-12-02 02:31:30,727 INFO server.py 211:: [Server] Start testing
2024-12-02 02:31:30,758 INFO server.py 235:: [Server] Test set: Average loss: 1.3864, Accuracy: 50/200 (25.0%)

2024-12-02 02:31:30,759 INFO server.py 238:: [Sever] Confusion matrix:
 tensor([[50.,  0.,  0.,  0.],
        [50.,  0.,  0.,  0.],
        [50.,  0.,  0.,  0.],
        [50.,  0.,  0.,  0.]])
2024-12-02 02:31:30,761 INFO server.py 254:: [Server] Precision=[0.25  nan  nan  nan],
 Recall=[1. 0. 0. 0.],
 F1-score=[0.4 nan nan nan],
 my_accuracy=25.0[%]
2024-12-02 02:31:30,761 INFO _main.py 209:: ########EPOCH 20 ########
2024-12-02 02:31:30,762 INFO _main.py 210:: ###Model distribution###
2024-12-02 02:31:35,348 INFO server.py 1080:: clients' sizes=[1, 2, 1, 0, 0, 0, 2, 2, 0, 1, 0, 1, 2, 2, 2, 2, 1, 1, 2, 0, 1, 1, 1, 1, 1, 0, 1, 1, 1, 1, 2, 0, 2, 0, 1, 2, 1, 0, 2, 0], total=41
2024-12-02 02:31:35,374 INFO server.py 327:: [Server] The aggregation takes 0.026304 seconds.

2024-12-02 02:31:35,375 INFO server.py 211:: [Server] Start testing
2024-12-02 02:31:35,391 INFO server.py 235:: [Server] Test set: Average loss: 1.3864, Accuracy: 50/200 (25.0%)

2024-12-02 02:31:35,393 INFO server.py 238:: [Sever] Confusion matrix:
 tensor([[50.,  0.,  0.,  0.],
        [50.,  0.,  0.,  0.],
        [50.,  0.,  0.,  0.],
        [50.,  0.,  0.,  0.]])
2024-12-02 02:31:35,394 INFO server.py 254:: [Server] Precision=[0.25  nan  nan  nan],
 Recall=[1. 0. 0. 0.],
 F1-score=[0.4 nan nan nan],
 my_accuracy=25.0[%]
2024-12-02 02:31:35,395 INFO _main.py 209:: ########EPOCH 21 ########
2024-12-02 02:31:35,395 INFO _main.py 210:: ###Model distribution###
2024-12-02 02:31:38,010 INFO server.py 1080:: clients' sizes=[1, 2, 1, 0, 0, 0, 2, 2, 0, 1, 0, 1, 2, 2, 2, 2, 1, 1, 2, 0, 1, 1, 1, 1, 1, 0, 1, 1, 1, 1, 2, 0, 2, 0, 1, 2, 1, 0, 2, 0], total=41
2024-12-02 02:31:38,035 INFO server.py 327:: [Server] The aggregation takes 0.026216 seconds.

2024-12-02 02:31:38,036 INFO server.py 211:: [Server] Start testing
2024-12-02 02:31:38,050 INFO server.py 235:: [Server] Test set: Average loss: 1.3864, Accuracy: 50/200 (25.0%)

2024-12-02 02:31:38,051 INFO server.py 238:: [Sever] Confusion matrix:
 tensor([[50.,  0.,  0.,  0.],
        [50.,  0.,  0.,  0.],
        [50.,  0.,  0.,  0.],
        [50.,  0.,  0.,  0.]])
2024-12-02 02:31:38,053 INFO server.py 254:: [Server] Precision=[0.25  nan  nan  nan],
 Recall=[1. 0. 0. 0.],
 F1-score=[0.4 nan nan nan],
 my_accuracy=25.0[%]
2024-12-02 02:31:38,053 INFO _main.py 209:: ########EPOCH 22 ########
2024-12-02 02:31:38,054 INFO _main.py 210:: ###Model distribution###
2024-12-02 02:31:40,706 INFO server.py 1080:: clients' sizes=[1, 2, 1, 0, 0, 0, 2, 2, 0, 1, 0, 1, 2, 2, 2, 2, 1, 1, 2, 0, 1, 1, 1, 1, 1, 0, 1, 1, 1, 1, 2, 0, 2, 0, 1, 2, 1, 0, 2, 0], total=41
2024-12-02 02:31:40,739 INFO server.py 327:: [Server] The aggregation takes 0.034178 seconds.

2024-12-02 02:31:40,741 INFO server.py 211:: [Server] Start testing
2024-12-02 02:31:40,756 INFO server.py 235:: [Server] Test set: Average loss: 1.3864, Accuracy: 50/200 (25.0%)

2024-12-02 02:31:40,757 INFO server.py 238:: [Sever] Confusion matrix:
 tensor([[50.,  0.,  0.,  0.],
        [50.,  0.,  0.,  0.],
        [50.,  0.,  0.,  0.],
        [50.,  0.,  0.,  0.]])
2024-12-02 02:31:40,758 INFO server.py 254:: [Server] Precision=[0.25  nan  nan  nan],
 Recall=[1. 0. 0. 0.],
 F1-score=[0.4 nan nan nan],
 my_accuracy=25.0[%]
2024-12-02 02:31:40,759 INFO _main.py 209:: ########EPOCH 23 ########
2024-12-02 02:31:40,759 INFO _main.py 210:: ###Model distribution###
2024-12-02 02:31:43,836 INFO server.py 1080:: clients' sizes=[1, 2, 1, 0, 0, 0, 2, 2, 0, 1, 0, 1, 2, 2, 2, 2, 1, 1, 2, 0, 1, 1, 1, 1, 1, 0, 1, 1, 1, 1, 2, 0, 2, 0, 1, 2, 1, 0, 2, 0], total=41
2024-12-02 02:31:43,861 INFO server.py 327:: [Server] The aggregation takes 0.025957 seconds.

2024-12-02 02:31:43,862 INFO server.py 211:: [Server] Start testing
2024-12-02 02:31:43,875 INFO server.py 235:: [Server] Test set: Average loss: 1.3864, Accuracy: 50/200 (25.0%)

2024-12-02 02:31:43,876 INFO server.py 238:: [Sever] Confusion matrix:
 tensor([[50.,  0.,  0.,  0.],
        [50.,  0.,  0.,  0.],
        [50.,  0.,  0.,  0.],
        [50.,  0.,  0.,  0.]])
2024-12-02 02:31:43,877 INFO server.py 254:: [Server] Precision=[0.25  nan  nan  nan],
 Recall=[1. 0. 0. 0.],
 F1-score=[0.4 nan nan nan],
 my_accuracy=25.0[%]
2024-12-02 02:31:43,878 INFO _main.py 209:: ########EPOCH 24 ########
2024-12-02 02:31:43,878 INFO _main.py 210:: ###Model distribution###
2024-12-02 02:31:47,084 INFO server.py 1080:: clients' sizes=[1, 2, 1, 0, 0, 0, 2, 2, 0, 1, 0, 1, 2, 2, 2, 2, 1, 1, 2, 0, 1, 1, 1, 1, 1, 0, 1, 1, 1, 1, 2, 0, 2, 0, 1, 2, 1, 0, 2, 0], total=41
2024-12-02 02:31:47,122 INFO server.py 327:: [Server] The aggregation takes 0.038930 seconds.

2024-12-02 02:31:47,123 INFO server.py 211:: [Server] Start testing
2024-12-02 02:31:47,143 INFO server.py 235:: [Server] Test set: Average loss: 1.3864, Accuracy: 50/200 (25.0%)

2024-12-02 02:31:47,144 INFO server.py 238:: [Sever] Confusion matrix:
 tensor([[50.,  0.,  0.,  0.],
        [50.,  0.,  0.,  0.],
        [50.,  0.,  0.,  0.],
        [50.,  0.,  0.,  0.]])
2024-12-02 02:31:47,146 INFO server.py 254:: [Server] Precision=[0.25  nan  nan  nan],
 Recall=[1. 0. 0. 0.],
 F1-score=[0.4 nan nan nan],
 my_accuracy=25.0[%]
2024-12-02 02:31:47,147 INFO _main.py 209:: ########EPOCH 25 ########
2024-12-02 02:31:47,147 INFO _main.py 210:: ###Model distribution###
2024-12-02 02:31:50,979 INFO server.py 1080:: clients' sizes=[1, 2, 1, 0, 0, 0, 2, 2, 0, 1, 0, 1, 2, 2, 2, 2, 1, 1, 2, 0, 1, 1, 1, 1, 1, 0, 1, 1, 1, 1, 2, 0, 2, 0, 1, 2, 1, 0, 2, 0], total=41
2024-12-02 02:31:51,013 INFO server.py 327:: [Server] The aggregation takes 0.034623 seconds.

2024-12-02 02:31:51,014 INFO server.py 211:: [Server] Start testing
2024-12-02 02:31:51,028 INFO server.py 235:: [Server] Test set: Average loss: 1.3864, Accuracy: 50/200 (25.0%)

2024-12-02 02:31:51,029 INFO server.py 238:: [Sever] Confusion matrix:
 tensor([[50.,  0.,  0.,  0.],
        [50.,  0.,  0.,  0.],
        [50.,  0.,  0.,  0.],
        [50.,  0.,  0.,  0.]])
2024-12-02 02:31:51,031 INFO server.py 254:: [Server] Precision=[0.25  nan  nan  nan],
 Recall=[1. 0. 0. 0.],
 F1-score=[0.4 nan nan nan],
 my_accuracy=25.0[%]
2024-12-02 02:31:51,031 INFO _main.py 209:: ########EPOCH 26 ########
2024-12-02 02:31:51,032 INFO _main.py 210:: ###Model distribution###
2024-12-02 02:31:54,129 INFO server.py 1080:: clients' sizes=[1, 2, 1, 0, 0, 0, 2, 2, 0, 1, 0, 1, 2, 2, 2, 2, 1, 1, 2, 0, 1, 1, 1, 1, 1, 0, 1, 1, 1, 1, 2, 0, 2, 0, 1, 2, 1, 0, 2, 0], total=41
2024-12-02 02:31:54,153 INFO server.py 327:: [Server] The aggregation takes 0.024526 seconds.

2024-12-02 02:31:54,154 INFO server.py 211:: [Server] Start testing
2024-12-02 02:31:54,167 INFO server.py 235:: [Server] Test set: Average loss: 1.3864, Accuracy: 50/200 (25.0%)

2024-12-02 02:31:54,168 INFO server.py 238:: [Sever] Confusion matrix:
 tensor([[50.,  0.,  0.,  0.],
        [50.,  0.,  0.,  0.],
        [50.,  0.,  0.,  0.],
        [50.,  0.,  0.,  0.]])
2024-12-02 02:31:54,170 INFO server.py 254:: [Server] Precision=[0.25  nan  nan  nan],
 Recall=[1. 0. 0. 0.],
 F1-score=[0.4 nan nan nan],
 my_accuracy=25.0[%]
2024-12-02 02:31:54,171 INFO _main.py 209:: ########EPOCH 27 ########
2024-12-02 02:31:54,171 INFO _main.py 210:: ###Model distribution###
2024-12-02 02:31:56,729 INFO server.py 1080:: clients' sizes=[1, 2, 1, 0, 0, 0, 2, 2, 0, 1, 0, 1, 2, 2, 2, 2, 1, 1, 2, 0, 1, 1, 1, 1, 1, 0, 1, 1, 1, 1, 2, 0, 2, 0, 1, 2, 1, 0, 2, 0], total=41
2024-12-02 02:31:56,754 INFO server.py 327:: [Server] The aggregation takes 0.026216 seconds.

2024-12-02 02:31:56,755 INFO server.py 211:: [Server] Start testing
2024-12-02 02:31:56,769 INFO server.py 235:: [Server] Test set: Average loss: 1.3864, Accuracy: 50/200 (25.0%)

2024-12-02 02:31:56,770 INFO server.py 238:: [Sever] Confusion matrix:
 tensor([[50.,  0.,  0.,  0.],
        [50.,  0.,  0.,  0.],
        [50.,  0.,  0.,  0.],
        [50.,  0.,  0.,  0.]])
2024-12-02 02:31:56,771 INFO server.py 254:: [Server] Precision=[0.25  nan  nan  nan],
 Recall=[1. 0. 0. 0.],
 F1-score=[0.4 nan nan nan],
 my_accuracy=25.0[%]
2024-12-02 02:31:56,772 INFO _main.py 209:: ########EPOCH 28 ########
2024-12-02 02:31:56,772 INFO _main.py 210:: ###Model distribution###
2024-12-02 02:31:59,384 INFO server.py 1080:: clients' sizes=[1, 2, 1, 0, 0, 0, 2, 2, 0, 1, 0, 1, 2, 2, 2, 2, 1, 1, 2, 0, 1, 1, 1, 1, 1, 0, 1, 1, 1, 1, 2, 0, 2, 0, 1, 2, 1, 0, 2, 0], total=41
2024-12-02 02:31:59,409 INFO server.py 327:: [Server] The aggregation takes 0.026167 seconds.

2024-12-02 02:31:59,410 INFO server.py 211:: [Server] Start testing
2024-12-02 02:31:59,424 INFO server.py 235:: [Server] Test set: Average loss: 1.3864, Accuracy: 50/200 (25.0%)

2024-12-02 02:31:59,425 INFO server.py 238:: [Sever] Confusion matrix:
 tensor([[50.,  0.,  0.,  0.],
        [50.,  0.,  0.,  0.],
        [50.,  0.,  0.,  0.],
        [50.,  0.,  0.,  0.]])
2024-12-02 02:31:59,427 INFO server.py 254:: [Server] Precision=[0.25  nan  nan  nan],
 Recall=[1. 0. 0. 0.],
 F1-score=[0.4 nan nan nan],
 my_accuracy=25.0[%]
2024-12-02 02:31:59,427 INFO _main.py 209:: ########EPOCH 29 ########
2024-12-02 02:31:59,428 INFO _main.py 210:: ###Model distribution###
2024-12-02 02:32:03,517 INFO server.py 1080:: clients' sizes=[1, 2, 1, 0, 0, 0, 2, 2, 0, 1, 0, 1, 2, 2, 2, 2, 1, 1, 2, 0, 1, 1, 1, 1, 1, 0, 1, 1, 1, 1, 2, 0, 2, 0, 1, 2, 1, 0, 2, 0], total=41
2024-12-02 02:32:03,554 INFO server.py 327:: [Server] The aggregation takes 0.039026 seconds.

2024-12-02 02:32:03,556 INFO server.py 211:: [Server] Start testing
2024-12-02 02:32:03,576 INFO server.py 235:: [Server] Test set: Average loss: 1.3864, Accuracy: 50/200 (25.0%)

2024-12-02 02:32:03,577 INFO server.py 238:: [Sever] Confusion matrix:
 tensor([[50.,  0.,  0.,  0.],
        [50.,  0.,  0.,  0.],
        [50.,  0.,  0.,  0.],
        [50.,  0.,  0.,  0.]])
2024-12-02 02:32:03,579 INFO server.py 254:: [Server] Precision=[0.25  nan  nan  nan],
 Recall=[1. 0. 0. 0.],
 F1-score=[0.4 nan nan nan],
 my_accuracy=25.0[%]
2024-12-02 02:32:03,580 INFO _main.py 209:: ########EPOCH 30 ########
2024-12-02 02:32:03,580 INFO _main.py 210:: ###Model distribution###
2024-12-02 02:32:07,329 INFO server.py 1080:: clients' sizes=[1, 2, 1, 0, 0, 0, 2, 2, 0, 1, 0, 1, 2, 2, 2, 2, 1, 1, 2, 0, 1, 1, 1, 1, 1, 0, 1, 1, 1, 1, 2, 0, 2, 0, 1, 2, 1, 0, 2, 0], total=41
2024-12-02 02:32:07,355 INFO server.py 327:: [Server] The aggregation takes 0.026445 seconds.

2024-12-02 02:32:07,356 INFO server.py 211:: [Server] Start testing
2024-12-02 02:32:07,370 INFO server.py 235:: [Server] Test set: Average loss: 1.3864, Accuracy: 50/200 (25.0%)

2024-12-02 02:32:07,371 INFO server.py 238:: [Sever] Confusion matrix:
 tensor([[50.,  0.,  0.,  0.],
        [50.,  0.,  0.,  0.],
        [50.,  0.,  0.,  0.],
        [50.,  0.,  0.,  0.]])
2024-12-02 02:32:07,373 INFO server.py 254:: [Server] Precision=[0.25  nan  nan  nan],
 Recall=[1. 0. 0. 0.],
 F1-score=[0.4 nan nan nan],
 my_accuracy=25.0[%]
2024-12-02 02:32:07,374 INFO _main.py 209:: ########EPOCH 31 ########
2024-12-02 02:32:07,375 INFO _main.py 210:: ###Model distribution###
2024-12-02 02:32:10,003 INFO server.py 1080:: clients' sizes=[1, 2, 1, 0, 0, 0, 2, 2, 0, 1, 0, 1, 2, 2, 2, 2, 1, 1, 2, 0, 1, 1, 1, 1, 1, 0, 1, 1, 1, 1, 2, 0, 2, 0, 1, 2, 1, 0, 2, 0], total=41
2024-12-02 02:32:10,028 INFO server.py 327:: [Server] The aggregation takes 0.026197 seconds.

2024-12-02 02:32:10,029 INFO server.py 211:: [Server] Start testing
2024-12-02 02:32:10,043 INFO server.py 235:: [Server] Test set: Average loss: 1.3864, Accuracy: 50/200 (25.0%)

2024-12-02 02:32:10,044 INFO server.py 238:: [Sever] Confusion matrix:
 tensor([[50.,  0.,  0.,  0.],
        [50.,  0.,  0.,  0.],
        [50.,  0.,  0.,  0.],
        [50.,  0.,  0.,  0.]])
2024-12-02 02:32:10,045 INFO server.py 254:: [Server] Precision=[0.25  nan  nan  nan],
 Recall=[1. 0. 0. 0.],
 F1-score=[0.4 nan nan nan],
 my_accuracy=25.0[%]
2024-12-02 02:32:10,046 INFO _main.py 209:: ########EPOCH 32 ########
2024-12-02 02:32:10,047 INFO _main.py 210:: ###Model distribution###
2024-12-02 02:32:13,321 INFO server.py 1080:: clients' sizes=[1, 2, 1, 0, 0, 0, 2, 2, 0, 1, 0, 1, 2, 2, 2, 2, 1, 1, 2, 0, 1, 1, 1, 1, 1, 0, 1, 1, 1, 1, 2, 0, 2, 0, 1, 2, 1, 0, 2, 0], total=41
2024-12-02 02:32:13,345 INFO server.py 327:: [Server] The aggregation takes 0.025661 seconds.

2024-12-02 02:32:13,346 INFO server.py 211:: [Server] Start testing
2024-12-02 02:32:13,361 INFO server.py 235:: [Server] Test set: Average loss: 1.3864, Accuracy: 50/200 (25.0%)

2024-12-02 02:32:13,362 INFO server.py 238:: [Sever] Confusion matrix:
 tensor([[50.,  0.,  0.,  0.],
        [50.,  0.,  0.,  0.],
        [50.,  0.,  0.,  0.],
        [50.,  0.,  0.,  0.]])
2024-12-02 02:32:13,364 INFO server.py 254:: [Server] Precision=[0.25  nan  nan  nan],
 Recall=[1. 0. 0. 0.],
 F1-score=[0.4 nan nan nan],
 my_accuracy=25.0[%]
2024-12-02 02:32:13,364 INFO _main.py 209:: ########EPOCH 33 ########
2024-12-02 02:32:13,365 INFO _main.py 210:: ###Model distribution###
2024-12-02 02:32:15,955 INFO server.py 1080:: clients' sizes=[1, 2, 1, 0, 0, 0, 2, 2, 0, 1, 0, 1, 2, 2, 2, 2, 1, 1, 2, 0, 1, 1, 1, 1, 1, 0, 1, 1, 1, 1, 2, 0, 2, 0, 1, 2, 1, 0, 2, 0], total=41
2024-12-02 02:32:15,981 INFO server.py 327:: [Server] The aggregation takes 0.026716 seconds.

2024-12-02 02:32:15,982 INFO server.py 211:: [Server] Start testing
2024-12-02 02:32:15,996 INFO server.py 235:: [Server] Test set: Average loss: 1.3864, Accuracy: 50/200 (25.0%)

2024-12-02 02:32:15,997 INFO server.py 238:: [Sever] Confusion matrix:
 tensor([[50.,  0.,  0.,  0.],
        [50.,  0.,  0.,  0.],
        [50.,  0.,  0.,  0.],
        [50.,  0.,  0.,  0.]])
2024-12-02 02:32:15,999 INFO server.py 254:: [Server] Precision=[0.25  nan  nan  nan],
 Recall=[1. 0. 0. 0.],
 F1-score=[0.4 nan nan nan],
 my_accuracy=25.0[%]
2024-12-02 02:32:15,999 INFO _main.py 209:: ########EPOCH 34 ########
2024-12-02 02:32:15,999 INFO _main.py 210:: ###Model distribution###
2024-12-02 02:32:19,242 INFO server.py 1080:: clients' sizes=[1, 2, 1, 0, 0, 0, 2, 2, 0, 1, 0, 1, 2, 2, 2, 2, 1, 1, 2, 0, 1, 1, 1, 1, 1, 0, 1, 1, 1, 1, 2, 0, 2, 0, 1, 2, 1, 0, 2, 0], total=41
2024-12-02 02:32:19,284 INFO server.py 327:: [Server] The aggregation takes 0.042913 seconds.

2024-12-02 02:32:19,285 INFO server.py 211:: [Server] Start testing
2024-12-02 02:32:19,306 INFO server.py 235:: [Server] Test set: Average loss: 1.3864, Accuracy: 50/200 (25.0%)

2024-12-02 02:32:19,308 INFO server.py 238:: [Sever] Confusion matrix:
 tensor([[50.,  0.,  0.,  0.],
        [50.,  0.,  0.,  0.],
        [50.,  0.,  0.,  0.],
        [50.,  0.,  0.,  0.]])
2024-12-02 02:32:19,309 INFO server.py 254:: [Server] Precision=[0.25  nan  nan  nan],
 Recall=[1. 0. 0. 0.],
 F1-score=[0.4 nan nan nan],
 my_accuracy=25.0[%]
2024-12-02 02:32:19,310 INFO _main.py 209:: ########EPOCH 35 ########
2024-12-02 02:32:19,311 INFO _main.py 210:: ###Model distribution###
2024-12-02 02:32:23,996 INFO server.py 1080:: clients' sizes=[1, 2, 1, 0, 0, 0, 2, 2, 0, 1, 0, 1, 2, 2, 2, 2, 1, 1, 2, 0, 1, 1, 1, 1, 1, 0, 1, 1, 1, 1, 2, 0, 2, 0, 1, 2, 1, 0, 2, 0], total=41
2024-12-02 02:32:24,022 INFO server.py 327:: [Server] The aggregation takes 0.026605 seconds.

2024-12-02 02:32:24,023 INFO server.py 211:: [Server] Start testing
2024-12-02 02:32:24,038 INFO server.py 235:: [Server] Test set: Average loss: 1.3864, Accuracy: 50/200 (25.0%)

2024-12-02 02:32:24,039 INFO server.py 238:: [Sever] Confusion matrix:
 tensor([[50.,  0.,  0.,  0.],
        [50.,  0.,  0.,  0.],
        [50.,  0.,  0.,  0.],
        [50.,  0.,  0.,  0.]])
2024-12-02 02:32:24,040 INFO server.py 254:: [Server] Precision=[0.25  nan  nan  nan],
 Recall=[1. 0. 0. 0.],
 F1-score=[0.4 nan nan nan],
 my_accuracy=25.0[%]
2024-12-02 02:32:24,041 INFO _main.py 209:: ########EPOCH 36 ########
2024-12-02 02:32:24,042 INFO _main.py 210:: ###Model distribution###
2024-12-02 02:32:26,667 INFO server.py 1080:: clients' sizes=[1, 2, 1, 0, 0, 0, 2, 2, 0, 1, 0, 1, 2, 2, 2, 2, 1, 1, 2, 0, 1, 1, 1, 1, 1, 0, 1, 1, 1, 1, 2, 0, 2, 0, 1, 2, 1, 0, 2, 0], total=41
2024-12-02 02:32:26,693 INFO server.py 327:: [Server] The aggregation takes 0.026986 seconds.

2024-12-02 02:32:26,694 INFO server.py 211:: [Server] Start testing
2024-12-02 02:32:26,708 INFO server.py 235:: [Server] Test set: Average loss: 1.3864, Accuracy: 50/200 (25.0%)

2024-12-02 02:32:26,709 INFO server.py 238:: [Sever] Confusion matrix:
 tensor([[50.,  0.,  0.,  0.],
        [50.,  0.,  0.,  0.],
        [50.,  0.,  0.,  0.],
        [50.,  0.,  0.,  0.]])
2024-12-02 02:32:26,711 INFO server.py 254:: [Server] Precision=[0.25  nan  nan  nan],
 Recall=[1. 0. 0. 0.],
 F1-score=[0.4 nan nan nan],
 my_accuracy=25.0[%]
2024-12-02 02:32:26,711 INFO _main.py 209:: ########EPOCH 37 ########
2024-12-02 02:32:26,712 INFO _main.py 210:: ###Model distribution###
2024-12-02 02:32:29,276 INFO server.py 1080:: clients' sizes=[1, 2, 1, 0, 0, 0, 2, 2, 0, 1, 0, 1, 2, 2, 2, 2, 1, 1, 2, 0, 1, 1, 1, 1, 1, 0, 1, 1, 1, 1, 2, 0, 2, 0, 1, 2, 1, 0, 2, 0], total=41
2024-12-02 02:32:29,302 INFO server.py 327:: [Server] The aggregation takes 0.027300 seconds.

2024-12-02 02:32:29,303 INFO server.py 211:: [Server] Start testing
2024-12-02 02:32:29,318 INFO server.py 235:: [Server] Test set: Average loss: 1.3864, Accuracy: 50/200 (25.0%)

2024-12-02 02:32:29,320 INFO server.py 238:: [Sever] Confusion matrix:
 tensor([[50.,  0.,  0.,  0.],
        [50.,  0.,  0.,  0.],
        [50.,  0.,  0.,  0.],
        [50.,  0.,  0.,  0.]])
2024-12-02 02:32:29,321 INFO server.py 254:: [Server] Precision=[0.25  nan  nan  nan],
 Recall=[1. 0. 0. 0.],
 F1-score=[0.4 nan nan nan],
 my_accuracy=25.0[%]
2024-12-02 02:32:29,322 INFO _main.py 209:: ########EPOCH 38 ########
2024-12-02 02:32:29,323 INFO _main.py 210:: ###Model distribution###
2024-12-02 02:32:32,338 INFO server.py 1080:: clients' sizes=[1, 2, 1, 0, 0, 0, 2, 2, 0, 1, 0, 1, 2, 2, 2, 2, 1, 1, 2, 0, 1, 1, 1, 1, 1, 0, 1, 1, 1, 1, 2, 0, 2, 0, 1, 2, 1, 0, 2, 0], total=41
2024-12-02 02:32:32,380 INFO server.py 327:: [Server] The aggregation takes 0.043237 seconds.

2024-12-02 02:32:32,381 INFO server.py 211:: [Server] Start testing
2024-12-02 02:32:32,405 INFO server.py 235:: [Server] Test set: Average loss: 1.3864, Accuracy: 50/200 (25.0%)

2024-12-02 02:32:32,406 INFO server.py 238:: [Sever] Confusion matrix:
 tensor([[50.,  0.,  0.,  0.],
        [50.,  0.,  0.,  0.],
        [50.,  0.,  0.,  0.],
        [50.,  0.,  0.,  0.]])
2024-12-02 02:32:32,408 INFO server.py 254:: [Server] Precision=[0.25  nan  nan  nan],
 Recall=[1. 0. 0. 0.],
 F1-score=[0.4 nan nan nan],
 my_accuracy=25.0[%]
2024-12-02 02:32:32,409 INFO _main.py 209:: ########EPOCH 39 ########
2024-12-02 02:32:32,410 INFO _main.py 210:: ###Model distribution###
2024-12-02 02:32:35,916 INFO server.py 1080:: clients' sizes=[1, 2, 1, 0, 0, 0, 2, 2, 0, 1, 0, 1, 2, 2, 2, 2, 1, 1, 2, 0, 1, 1, 1, 1, 1, 0, 1, 1, 1, 1, 2, 0, 2, 0, 1, 2, 1, 0, 2, 0], total=41
2024-12-02 02:32:35,957 INFO server.py 327:: [Server] The aggregation takes 0.042595 seconds.

2024-12-02 02:32:35,959 INFO server.py 211:: [Server] Start testing
2024-12-02 02:32:35,979 INFO server.py 235:: [Server] Test set: Average loss: 1.3864, Accuracy: 50/200 (25.0%)

2024-12-02 02:32:35,980 INFO server.py 238:: [Sever] Confusion matrix:
 tensor([[50.,  0.,  0.,  0.],
        [50.,  0.,  0.,  0.],
        [50.,  0.,  0.,  0.],
        [50.,  0.,  0.,  0.]])
2024-12-02 02:32:35,982 INFO server.py 254:: [Server] Precision=[0.25  nan  nan  nan],
 Recall=[1. 0. 0. 0.],
 F1-score=[0.4 nan nan nan],
 my_accuracy=25.0[%]
2024-12-02 02:32:35,983 INFO _main.py 209:: ########EPOCH 40 ########
2024-12-02 02:32:35,983 INFO _main.py 210:: ###Model distribution###
2024-12-02 02:32:39,709 INFO server.py 1080:: clients' sizes=[1, 2, 1, 0, 0, 0, 2, 2, 0, 1, 0, 1, 2, 2, 2, 2, 1, 1, 2, 0, 1, 1, 1, 1, 1, 0, 1, 1, 1, 1, 2, 0, 2, 0, 1, 2, 1, 0, 2, 0], total=41
2024-12-02 02:32:39,733 INFO server.py 327:: [Server] The aggregation takes 0.025149 seconds.

2024-12-02 02:32:39,734 INFO server.py 211:: [Server] Start testing
2024-12-02 02:32:39,748 INFO server.py 235:: [Server] Test set: Average loss: 1.3864, Accuracy: 50/200 (25.0%)

2024-12-02 02:32:39,749 INFO server.py 238:: [Sever] Confusion matrix:
 tensor([[50.,  0.,  0.,  0.],
        [50.,  0.,  0.,  0.],
        [50.,  0.,  0.,  0.],
        [50.,  0.,  0.,  0.]])
2024-12-02 02:32:39,750 INFO server.py 254:: [Server] Precision=[0.25  nan  nan  nan],
 Recall=[1. 0. 0. 0.],
 F1-score=[0.4 nan nan nan],
 my_accuracy=25.0[%]
2024-12-02 02:32:39,751 INFO _main.py 209:: ########EPOCH 41 ########
2024-12-02 02:32:39,751 INFO _main.py 210:: ###Model distribution###
2024-12-02 02:32:42,944 INFO server.py 1080:: clients' sizes=[1, 2, 1, 0, 0, 0, 2, 2, 0, 1, 0, 1, 2, 2, 2, 2, 1, 1, 2, 0, 1, 1, 1, 1, 1, 0, 1, 1, 1, 1, 2, 0, 2, 0, 1, 2, 1, 0, 2, 0], total=41
2024-12-02 02:32:42,970 INFO server.py 327:: [Server] The aggregation takes 0.026856 seconds.

2024-12-02 02:32:42,971 INFO server.py 211:: [Server] Start testing
2024-12-02 02:32:42,985 INFO server.py 235:: [Server] Test set: Average loss: 1.3864, Accuracy: 50/200 (25.0%)

2024-12-02 02:32:42,986 INFO server.py 238:: [Sever] Confusion matrix:
 tensor([[50.,  0.,  0.,  0.],
        [50.,  0.,  0.,  0.],
        [50.,  0.,  0.,  0.],
        [50.,  0.,  0.,  0.]])
2024-12-02 02:32:42,988 INFO server.py 254:: [Server] Precision=[0.25  nan  nan  nan],
 Recall=[1. 0. 0. 0.],
 F1-score=[0.4 nan nan nan],
 my_accuracy=25.0[%]
2024-12-02 02:32:42,988 INFO _main.py 209:: ########EPOCH 42 ########
2024-12-02 02:32:42,989 INFO _main.py 210:: ###Model distribution###
2024-12-02 02:32:45,587 INFO server.py 1080:: clients' sizes=[1, 2, 1, 0, 0, 0, 2, 2, 0, 1, 0, 1, 2, 2, 2, 2, 1, 1, 2, 0, 1, 1, 1, 1, 1, 0, 1, 1, 1, 1, 2, 0, 2, 0, 1, 2, 1, 0, 2, 0], total=41
2024-12-02 02:32:45,613 INFO server.py 327:: [Server] The aggregation takes 0.026490 seconds.

2024-12-02 02:32:45,614 INFO server.py 211:: [Server] Start testing
2024-12-02 02:32:45,628 INFO server.py 235:: [Server] Test set: Average loss: 1.3864, Accuracy: 50/200 (25.0%)

2024-12-02 02:32:45,630 INFO server.py 238:: [Sever] Confusion matrix:
 tensor([[50.,  0.,  0.,  0.],
        [50.,  0.,  0.,  0.],
        [50.,  0.,  0.,  0.],
        [50.,  0.,  0.,  0.]])
2024-12-02 02:32:45,632 INFO server.py 254:: [Server] Precision=[0.25  nan  nan  nan],
 Recall=[1. 0. 0. 0.],
 F1-score=[0.4 nan nan nan],
 my_accuracy=25.0[%]
2024-12-02 02:32:45,632 INFO _main.py 209:: ########EPOCH 43 ########
2024-12-02 02:32:45,632 INFO _main.py 210:: ###Model distribution###
2024-12-02 02:32:48,202 INFO server.py 1080:: clients' sizes=[1, 2, 1, 0, 0, 0, 2, 2, 0, 1, 0, 1, 2, 2, 2, 2, 1, 1, 2, 0, 1, 1, 1, 1, 1, 0, 1, 1, 1, 1, 2, 0, 2, 0, 1, 2, 1, 0, 2, 0], total=41
2024-12-02 02:32:48,228 INFO server.py 327:: [Server] The aggregation takes 0.026085 seconds.

2024-12-02 02:32:48,229 INFO server.py 211:: [Server] Start testing
2024-12-02 02:32:48,243 INFO server.py 235:: [Server] Test set: Average loss: 1.3864, Accuracy: 50/200 (25.0%)

2024-12-02 02:32:48,244 INFO server.py 238:: [Sever] Confusion matrix:
 tensor([[50.,  0.,  0.,  0.],
        [50.,  0.,  0.,  0.],
        [50.,  0.,  0.,  0.],
        [50.,  0.,  0.,  0.]])
2024-12-02 02:32:48,245 INFO server.py 254:: [Server] Precision=[0.25  nan  nan  nan],
 Recall=[1. 0. 0. 0.],
 F1-score=[0.4 nan nan nan],
 my_accuracy=25.0[%]
2024-12-02 02:32:48,246 INFO _main.py 209:: ########EPOCH 44 ########
2024-12-02 02:32:48,246 INFO _main.py 210:: ###Model distribution###
2024-12-02 02:32:51,633 INFO server.py 1080:: clients' sizes=[1, 2, 1, 0, 0, 0, 2, 2, 0, 1, 0, 1, 2, 2, 2, 2, 1, 1, 2, 0, 1, 1, 1, 1, 1, 0, 1, 1, 1, 1, 2, 0, 2, 0, 1, 2, 1, 0, 2, 0], total=41
2024-12-02 02:32:51,675 INFO server.py 327:: [Server] The aggregation takes 0.043736 seconds.

2024-12-02 02:32:51,676 INFO server.py 211:: [Server] Start testing
2024-12-02 02:32:51,699 INFO server.py 235:: [Server] Test set: Average loss: 1.3864, Accuracy: 50/200 (25.0%)

2024-12-02 02:32:51,701 INFO server.py 238:: [Sever] Confusion matrix:
 tensor([[50.,  0.,  0.,  0.],
        [50.,  0.,  0.,  0.],
        [50.,  0.,  0.,  0.],
        [50.,  0.,  0.,  0.]])
2024-12-02 02:32:51,702 INFO server.py 254:: [Server] Precision=[0.25  nan  nan  nan],
 Recall=[1. 0. 0. 0.],
 F1-score=[0.4 nan nan nan],
 my_accuracy=25.0[%]
2024-12-02 02:32:51,703 INFO _main.py 209:: ########EPOCH 45 ########
2024-12-02 02:32:51,709 INFO _main.py 210:: ###Model distribution###
2024-12-02 02:32:56,224 INFO server.py 1080:: clients' sizes=[1, 2, 1, 0, 0, 0, 2, 2, 0, 1, 0, 1, 2, 2, 2, 2, 1, 1, 2, 0, 1, 1, 1, 1, 1, 0, 1, 1, 1, 1, 2, 0, 2, 0, 1, 2, 1, 0, 2, 0], total=41
2024-12-02 02:32:56,250 INFO server.py 327:: [Server] The aggregation takes 0.027308 seconds.

2024-12-02 02:32:56,251 INFO server.py 211:: [Server] Start testing
2024-12-02 02:32:56,265 INFO server.py 235:: [Server] Test set: Average loss: 1.3864, Accuracy: 50/200 (25.0%)

2024-12-02 02:32:56,266 INFO server.py 238:: [Sever] Confusion matrix:
 tensor([[50.,  0.,  0.,  0.],
        [50.,  0.,  0.,  0.],
        [50.,  0.,  0.,  0.],
        [50.,  0.,  0.,  0.]])
2024-12-02 02:32:56,268 INFO server.py 254:: [Server] Precision=[0.25  nan  nan  nan],
 Recall=[1. 0. 0. 0.],
 F1-score=[0.4 nan nan nan],
 my_accuracy=25.0[%]
2024-12-02 02:32:56,268 INFO _main.py 209:: ########EPOCH 46 ########
2024-12-02 02:32:56,268 INFO _main.py 210:: ###Model distribution###
2024-12-02 02:32:58,827 INFO server.py 1080:: clients' sizes=[1, 2, 1, 0, 0, 0, 2, 2, 0, 1, 0, 1, 2, 2, 2, 2, 1, 1, 2, 0, 1, 1, 1, 1, 1, 0, 1, 1, 1, 1, 2, 0, 2, 0, 1, 2, 1, 0, 2, 0], total=41
2024-12-02 02:32:58,852 INFO server.py 327:: [Server] The aggregation takes 0.025275 seconds.

2024-12-02 02:32:58,853 INFO server.py 211:: [Server] Start testing
2024-12-02 02:32:58,867 INFO server.py 235:: [Server] Test set: Average loss: 1.3864, Accuracy: 50/200 (25.0%)

2024-12-02 02:32:58,868 INFO server.py 238:: [Sever] Confusion matrix:
 tensor([[50.,  0.,  0.,  0.],
        [50.,  0.,  0.,  0.],
        [50.,  0.,  0.,  0.],
        [50.,  0.,  0.,  0.]])
2024-12-02 02:32:58,870 INFO server.py 254:: [Server] Precision=[0.25  nan  nan  nan],
 Recall=[1. 0. 0. 0.],
 F1-score=[0.4 nan nan nan],
 my_accuracy=25.0[%]
2024-12-02 02:32:58,870 INFO _main.py 209:: ########EPOCH 47 ########
2024-12-02 02:32:58,871 INFO _main.py 210:: ###Model distribution###
2024-12-02 02:33:01,502 INFO server.py 1080:: clients' sizes=[1, 2, 1, 0, 0, 0, 2, 2, 0, 1, 0, 1, 2, 2, 2, 2, 1, 1, 2, 0, 1, 1, 1, 1, 1, 0, 1, 1, 1, 1, 2, 0, 2, 0, 1, 2, 1, 0, 2, 0], total=41
2024-12-02 02:33:01,527 INFO server.py 327:: [Server] The aggregation takes 0.026438 seconds.

2024-12-02 02:33:01,528 INFO server.py 211:: [Server] Start testing
2024-12-02 02:33:01,542 INFO server.py 235:: [Server] Test set: Average loss: 1.3864, Accuracy: 50/200 (25.0%)

2024-12-02 02:33:01,544 INFO server.py 238:: [Sever] Confusion matrix:
 tensor([[50.,  0.,  0.,  0.],
        [50.,  0.,  0.,  0.],
        [50.,  0.,  0.,  0.],
        [50.,  0.,  0.,  0.]])
2024-12-02 02:33:01,546 INFO server.py 254:: [Server] Precision=[0.25  nan  nan  nan],
 Recall=[1. 0. 0. 0.],
 F1-score=[0.4 nan nan nan],
 my_accuracy=25.0[%]
2024-12-02 02:33:01,546 INFO _main.py 209:: ########EPOCH 48 ########
2024-12-02 02:33:01,547 INFO _main.py 210:: ###Model distribution###
2024-12-02 02:33:04,718 INFO server.py 1080:: clients' sizes=[1, 2, 1, 0, 0, 0, 2, 2, 0, 1, 0, 1, 2, 2, 2, 2, 1, 1, 2, 0, 1, 1, 1, 1, 1, 0, 1, 1, 1, 1, 2, 0, 2, 0, 1, 2, 1, 0, 2, 0], total=41
2024-12-02 02:33:04,745 INFO server.py 327:: [Server] The aggregation takes 0.027913 seconds.

2024-12-02 02:33:04,746 INFO server.py 211:: [Server] Start testing
2024-12-02 02:33:04,761 INFO server.py 235:: [Server] Test set: Average loss: 1.3864, Accuracy: 50/200 (25.0%)

2024-12-02 02:33:04,762 INFO server.py 238:: [Sever] Confusion matrix:
 tensor([[50.,  0.,  0.,  0.],
        [50.,  0.,  0.,  0.],
        [50.,  0.,  0.,  0.],
        [50.,  0.,  0.,  0.]])
2024-12-02 02:33:04,763 INFO server.py 254:: [Server] Precision=[0.25  nan  nan  nan],
 Recall=[1. 0. 0. 0.],
 F1-score=[0.4 nan nan nan],
 my_accuracy=25.0[%]
2024-12-02 02:33:04,764 INFO _main.py 209:: ########EPOCH 49 ########
2024-12-02 02:33:04,764 INFO _main.py 210:: ###Model distribution###
2024-12-02 02:33:08,053 INFO server.py 1080:: clients' sizes=[1, 2, 1, 0, 0, 0, 2, 2, 0, 1, 0, 1, 2, 2, 2, 2, 1, 1, 2, 0, 1, 1, 1, 1, 1, 0, 1, 1, 1, 1, 2, 0, 2, 0, 1, 2, 1, 0, 2, 0], total=41
2024-12-02 02:33:08,092 INFO server.py 327:: [Server] The aggregation takes 0.040413 seconds.

2024-12-02 02:33:08,094 INFO server.py 211:: [Server] Start testing
2024-12-02 02:33:08,115 INFO server.py 235:: [Server] Test set: Average loss: 1.3864, Accuracy: 50/200 (25.0%)

2024-12-02 02:33:08,116 INFO server.py 238:: [Sever] Confusion matrix:
 tensor([[50.,  0.,  0.,  0.],
        [50.,  0.,  0.,  0.],
        [50.,  0.,  0.,  0.],
        [50.,  0.,  0.,  0.]])
2024-12-02 02:33:08,118 INFO server.py 254:: [Server] Precision=[0.25  nan  nan  nan],
 Recall=[1. 0. 0. 0.],
 F1-score=[0.4 nan nan nan],
 my_accuracy=25.0[%]
