2024-11-30 00:12:34,961 INFO _main.py 39:: ################################################################
2024-11-30 00:12:34,964 INFO _main.py 41:: #                              batch_size: 64                  #
2024-11-30 00:12:34,965 INFO _main.py 41:: #                         test_batch_size: 64                  #
2024-11-30 00:12:34,966 INFO _main.py 41:: #                                  epochs: 20                  #
2024-11-30 00:12:34,967 INFO _main.py 41:: #                               optimizer: SGD                 #
2024-11-30 00:12:34,967 INFO _main.py 41:: #                                      lr: 0.01                #
2024-11-30 00:12:34,967 INFO _main.py 41:: #                                momentum: 0.9                 #
2024-11-30 00:12:34,967 INFO _main.py 41:: #                            weight_decay: 0.0001              #
2024-11-30 00:12:34,968 INFO _main.py 41:: #                                    seed: 1                   #
2024-11-30 00:12:34,968 INFO _main.py 41:: #                            log_interval: 11                  #
2024-11-30 00:12:34,968 INFO _main.py 41:: #                             num_clients: 40                  #
2024-11-30 00:12:34,968 INFO _main.py 41:: #                           output_folder: experiments         #
2024-11-30 00:12:34,969 INFO _main.py 41:: #                                 dataset: rockburst           #
2024-11-30 00:12:34,969 INFO _main.py 41:: #                             loader_type: dirichlet           #
2024-11-30 00:12:34,969 INFO _main.py 41:: #                             loader_path: ./data/loader.pk    #
2024-11-30 00:12:34,969 INFO _main.py 41:: #                                      AR: SIMPLE              #
2024-11-30 00:12:34,969 INFO _main.py 41:: #                     n_attacker_backdoor: 0                   #
2024-11-30 00:12:34,969 INFO _main.py 41:: #                        backdoor_trigger: [0, 0, 1, 1]        #
2024-11-30 00:12:34,970 INFO _main.py 41:: #                   n_attacker_omniscient: 0                   #
2024-11-30 00:12:34,970 INFO _main.py 41:: #                        omniscient_scale: 1                   #
2024-11-30 00:12:34,970 INFO _main.py 41:: #                                 attacks: None                #
2024-11-30 00:12:34,971 INFO _main.py 41:: #                      save_model_weights: False               #
2024-11-30 00:12:34,971 INFO _main.py 41:: #                         experiment_name: sExp4Ba_40ep_rockburst_SIMPLE_40C_5#
2024-11-30 00:12:34,971 INFO _main.py 41:: #                          path_to_aggNet: None                #
2024-11-30 00:12:34,971 INFO _main.py 41:: #                                  device: cpu                 #
2024-11-30 00:12:34,971 INFO _main.py 41:: #                            inner_epochs: 10                  #
2024-11-30 00:12:34,972 INFO _main.py 41:: #                                 verbose: True                #
2024-11-30 00:12:34,972 INFO _main.py 41:: #                         list_unreliable: [2, 18, 20]         #
2024-11-30 00:12:34,973 INFO _main.py 41:: #                     unreliable_fraction: 0.5                 #
2024-11-30 00:12:34,973 INFO _main.py 41:: #                    unreliable_fracTrain: 0.3                 #
2024-11-30 00:12:34,973 INFO _main.py 41:: #                         mean_unreliable: 0.0                 #
2024-11-30 00:12:34,973 INFO _main.py 41:: #                             blur_method: add_noise           #
2024-11-30 00:12:34,973 INFO _main.py 41:: #                      max_std_unreliable: 30.0                #
2024-11-30 00:12:34,974 INFO _main.py 41:: #                     list_uatk_add_noise: [24, 25, 26]        #
2024-11-30 00:12:34,974 INFO _main.py 41:: #                          mean_add_noise: 0.0                 #
2024-11-30 00:12:34,974 INFO _main.py 41:: #                           std_add_noise: 0.01                #
2024-11-30 00:12:34,975 INFO _main.py 41:: #                     list_uatk_flip_sign: [0, 10, 11]         #
2024-11-30 00:12:34,975 INFO _main.py 42:: ################################################################
2024-11-30 00:12:34,975 INFO _main.py 43:: Namespace(batch_size=64, test_batch_size=64, epochs=20, optimizer='SGD', lr=0.01, momentum=0.9, weight_decay=0.0001, seed=1, log_interval=11, num_clients=40, output_folder='experiments', dataset='rockburst', loader_type='dirichlet', loader_path='./data/loader.pk', AR='SIMPLE', n_attacker_backdoor=0, backdoor_trigger=[0, 0, 1, 1], n_attacker_omniscient=0, omniscient_scale=1, attacks=None, save_model_weights=False, experiment_name='sExp4Ba_40ep_rockburst_SIMPLE_40C_5', path_to_aggNet=None, device='cpu', inner_epochs=10, verbose=True, list_unreliable=[2, 18, 20], unreliable_fraction=0.5, unreliable_fracTrain=0.3, mean_unreliable=0.0, blur_method='add_noise', max_std_unreliable=30.0, list_uatk_add_noise=[24, 25, 26], mean_add_noise=0.0, std_add_noise=0.01, list_uatk_flip_sign=[0, 10, 11])
2024-11-30 00:12:34,976 INFO _main.py 44:: #####################
2024-11-30 00:12:34,976 INFO _main.py 45:: #####################
2024-11-30 00:12:34,976 INFO _main.py 46:: #####################
2024-11-30 00:12:34,977 INFO _main.py 47:: Aggregation Rule:	SIMPLE
2024-11-30 00:12:34,977 INFO _main.py 48:: Data distribution:	dirichlet
2024-11-30 00:12:34,977 INFO _main.py 49:: Attacks:	None 
2024-11-30 00:12:34,977 INFO _main.py 50:: #####################
2024-11-30 00:12:34,977 INFO _main.py 51:: #####################
2024-11-30 00:12:34,977 INFO _main.py 52:: #####################
2024-11-30 00:12:36,897 INFO server.py 341:: SET DBSCAN eps=1.3, min_samples=10
2024-11-30 00:12:36,901 INFO _main.py 134:: [1-normal, 0-malicious] label =tensor([0., 1., 1., 1., 1., 1., 1., 1., 1., 1., 0., 0., 1., 1., 1., 1., 1., 1.,
        1., 1., 1., 1., 1., 1., 0., 0., 0., 1., 1., 1., 1., 1., 1., 1., 1., 1.,
        1., 1., 1., 1.])
2024-11-30 00:12:36,906 INFO malicious_clients.py 101:: init ATTACK OMNISCIENT Client 0
2024-11-30 00:12:36,911 INFO malicious_clients.py 18:: init UNRELIABLE Client 2
2024-11-30 00:12:36,959 INFO malicious_clients.py 101:: init ATTACK OMNISCIENT Client 10
2024-11-30 00:12:36,963 INFO malicious_clients.py 101:: init ATTACK OMNISCIENT Client 11
2024-11-30 00:12:36,987 INFO malicious_clients.py 18:: init UNRELIABLE Client 18
2024-11-30 00:12:36,995 INFO malicious_clients.py 18:: init UNRELIABLE Client 20
2024-11-30 00:12:37,014 INFO malicious_clients.py 73:: init ATTACK ADD NOISE TO GRAD Client 24
2024-11-30 00:12:37,019 INFO malicious_clients.py 73:: init ATTACK ADD NOISE TO GRAD Client 25
2024-11-30 00:12:37,026 INFO malicious_clients.py 73:: init ATTACK ADD NOISE TO GRAD Client 26
2024-11-30 00:12:37,090 INFO server.py 186:: [Server] Start testing
2024-11-30 00:12:37,109 INFO server.py 210:: [Server] Test set: Average loss: 1.3864, Accuracy: 50/200 (25.0%)

2024-11-30 00:12:37,112 INFO server.py 213:: [Sever] Confusion matrix:
 tensor([[50.,  0.,  0.,  0.],
        [50.,  0.,  0.,  0.],
        [50.,  0.,  0.,  0.],
        [50.,  0.,  0.,  0.]])
2024-11-30 00:12:37,122 INFO server.py 229:: [Server] Precision=[0.25  nan  nan  nan],
 Recall=[1. 0. 0. 0.],
 F1-score=[0.4 nan nan nan],
 my_accuracy=25.0[%]
2024-11-30 00:12:37,124 INFO _main.py 208:: ########EPOCH 0 ########
2024-11-30 00:12:37,125 INFO _main.py 209:: ###Model distribution###
2024-11-30 00:12:38,649 INFO server.py 1192:: clients' sizes=[1, 2, 1, 0, 0, 0, 2, 2, 0, 1, 0, 1, 2, 2, 2, 2, 1, 1, 2, 0, 1, 1, 1, 1, 1, 0, 1, 1, 1, 1, 2, 0, 2, 0, 1, 2, 1, 0, 2, 0], total=41
2024-11-30 00:12:38,670 INFO server.py 302:: [Server] The aggregation takes 0.309446 seconds.

2024-11-30 00:12:38,671 INFO server.py 186:: [Server] Start testing
2024-11-30 00:12:38,684 INFO server.py 210:: [Server] Test set: Average loss: 1.3772, Accuracy: 50/200 (25.0%)

2024-11-30 00:12:38,685 INFO server.py 213:: [Sever] Confusion matrix:
 tensor([[50.,  0.,  0.,  0.],
        [50.,  0.,  0.,  0.],
        [50.,  0.,  0.,  0.],
        [50.,  0.,  0.,  0.]])
2024-11-30 00:12:38,687 INFO server.py 229:: [Server] Precision=[0.25  nan  nan  nan],
 Recall=[1. 0. 0. 0.],
 F1-score=[0.4 nan nan nan],
 my_accuracy=25.0[%]
2024-11-30 00:12:38,687 INFO _main.py 208:: ########EPOCH 1 ########
2024-11-30 00:12:38,688 INFO _main.py 209:: ###Model distribution###
2024-11-30 00:12:39,870 INFO server.py 1192:: clients' sizes=[1, 2, 1, 0, 0, 0, 2, 2, 0, 1, 0, 1, 2, 2, 2, 2, 1, 1, 2, 0, 1, 1, 1, 1, 1, 0, 1, 1, 1, 1, 2, 0, 2, 0, 1, 2, 1, 0, 2, 0], total=41
2024-11-30 00:12:39,885 INFO server.py 302:: [Server] The aggregation takes 0.284280 seconds.

2024-11-30 00:12:39,886 INFO server.py 186:: [Server] Start testing
2024-11-30 00:12:39,898 INFO server.py 210:: [Server] Test set: Average loss: 1.3597, Accuracy: 63/200 (31.5%)

2024-11-30 00:12:39,899 INFO server.py 213:: [Sever] Confusion matrix:
 tensor([[50.,  0.,  0.,  0.],
        [50.,  0.,  0.,  0.],
        [50.,  0.,  0.,  0.],
        [37.,  0.,  0., 13.]])
2024-11-30 00:12:39,901 INFO server.py 229:: [Server] Precision=[0.26737967        nan        nan 1.        ],
 Recall=[1.   0.   0.   0.26],
 F1-score=[0.42194092        nan        nan 0.4126984 ],
 my_accuracy=31.49999976158142[%]
2024-11-30 00:12:39,901 INFO _main.py 208:: ########EPOCH 2 ########
2024-11-30 00:12:39,902 INFO _main.py 209:: ###Model distribution###
2024-11-30 00:12:41,404 INFO server.py 1192:: clients' sizes=[1, 2, 1, 0, 0, 0, 2, 2, 0, 1, 0, 1, 2, 2, 2, 2, 1, 1, 2, 0, 1, 1, 1, 1, 1, 0, 1, 1, 1, 1, 2, 0, 2, 0, 1, 2, 1, 0, 2, 0], total=41
2024-11-30 00:12:41,424 INFO server.py 302:: [Server] The aggregation takes 0.328131 seconds.

2024-11-30 00:12:41,426 INFO server.py 186:: [Server] Start testing
2024-11-30 00:12:41,442 INFO server.py 210:: [Server] Test set: Average loss: 1.3338, Accuracy: 73/200 (36.5%)

2024-11-30 00:12:41,443 INFO server.py 213:: [Sever] Confusion matrix:
 tensor([[50.,  0.,  0.,  0.],
        [50.,  0.,  0.,  0.],
        [49.,  0.,  0.,  1.],
        [27.,  0.,  0., 23.]])
2024-11-30 00:12:41,445 INFO server.py 229:: [Server] Precision=[0.2840909       nan       nan 0.9583333],
 Recall=[1.   0.   0.   0.46],
 F1-score=[0.44247788        nan        nan 0.6216216 ],
 my_accuracy=36.500000953674316[%]
2024-11-30 00:12:41,446 INFO _main.py 208:: ########EPOCH 3 ########
2024-11-30 00:12:41,446 INFO _main.py 209:: ###Model distribution###
2024-11-30 00:12:42,863 INFO server.py 1014:: flip_sign_id=set()
2024-11-30 00:12:42,863 INFO server.py 1029:: ===========using shortHoGs for detecting UNTARGETED ATTACK====
2024-11-30 00:12:43,507 INFO server.py 1055:: labels cluster_sh= [0 0 0 0 0 0 0 0 0 0 0 0 0 0 0 0 0 0 0 0 0 0 0 0 0 0 0 0 0 0 0 0 0 0 0 0 0
 0 0 0]
2024-11-30 00:12:43,536 DEBUG server.py 1060:: offset_normal_ids=[ 0  1  2  3  4  5  6  7  8  9 10 11 12 13 14 15 16 17 18 19 20 21 22 23
 24 25 26 27 28 29 30 31 32 33 34 35 36 37 38 39], normal_ids=[ 0  1  2  3  4  5  6  7  8  9 10 11 12 13 14 15 16 17 18 19 20 21 22 23
 24 25 26 27 28 29 30 31 32 33 34 35 36 37 38 39]
2024-11-30 00:12:43,537 INFO server.py 1065:: SUSPECTED UNTARGETED []
2024-11-30 00:12:43,538 DEBUG server.py 1069:: suspicious_ids=[]
2024-11-30 00:12:43,538 DEBUG server.py 1078:: d_normal_sus={}, d_separate=0
2024-11-30 00:12:43,538 INFO server.py 1085:: This round UNTARGETED=set(), sus_tAtk_uRel_id0=set()
2024-11-30 00:12:43,538 INFO server.py 1103:: =======Using LONG HOGs for detecting TARGETED ATTACK========
2024-11-30 00:12:43,562 INFO server.py 118:: This round TARGETED ATTACK: [26]
2024-11-30 00:12:43,567 DEBUG server.py 477:: mal_ids=set(), pre_mal_id=defaultdict(<class 'int'>, {0: 0, 1: 0, 2: 0, 3: 0, 4: 0, 5: 0, 6: 0, 7: 0, 8: 0, 9: 0, 10: 0, 11: 0, 12: 0, 13: 0, 14: 0, 15: 0, 16: 0, 17: 0, 18: 0, 19: 0, 20: 0, 21: 0, 22: 0, 23: 0, 24: 0, 25: 0, 26: 1, 27: 0, 28: 0, 29: 0, 30: 0, 31: 0, 32: 0, 33: 0, 34: 0, 35: 0, 36: 0, 37: 0, 38: 0, 39: 0})
2024-11-30 00:12:43,568 INFO server.py 479:: FLIP-SIGN ATTACK=set()
2024-11-30 00:12:43,568 INFO server.py 480:: UNTARGETED ATTACK=set()
2024-11-30 00:12:43,569 INFO server.py 481:: TARGETED ATTACK=set()
2024-11-30 00:12:43,569 INFO server.py 1108:: OVERTIME MALICIOUS client ids =set()
2024-11-30 00:12:43,593 INFO server.py 1154:: This round UNRELIABLE={0, 2, 11, 18, 20, 24, 25, 26}, normal_id={1, 3, 4, 5, 6, 7, 8, 9, 10, 12, 13, 14, 15, 16, 17, 19, 21, 22, 23, 27, 28, 29, 30, 31, 32, 33, 34, 35, 36, 37, 38, 39}
2024-11-30 00:12:43,599 DEBUG server.py 1156:: anlge_sHoGs={0: -0.6623739, 1: 0.7212774, 2: -0.13331527, 3: nan, 4: nan, 5: nan, 6: 0.7455843, 7: 0.55409706, 8: nan, 9: 0.6213895, 10: nan, 11: -0.6140071, 12: 0.65041435, 13: 0.6767965, 14: 0.5075688, 15: 0.4854235, 16: 0.5359914, 17: 0.4193674, 18: -0.034568448, 19: nan, 20: -0.019059546, 21: 0.40658525, 22: 0.35915995, 23: 0.46468383, 24: 0.07776239, 25: 0.038965397, 26: 0.14362945, 27: 0.67169476, 28: 0.5412561, 29: 0.43907866, 30: 0.6959294, 31: nan, 32: 0.5617479, 33: nan, 34: 0.49954864, 35: 0.45416927, 36: 0.69147456, 37: nan, 38: 0.58391774, 39: nan}, angle_sep_nsH=0.29398107528686523
2024-11-30 00:12:43,600 INFO server.py 1168:: UNRELIABLE clients =set()
2024-11-30 00:12:43,917 INFO server.py 1192:: clients' sizes=[1, 2, 1, 0, 0, 0, 2, 2, 0, 1, 0, 1, 2, 2, 2, 2, 1, 1, 2, 0, 1, 1, 1, 1, 1, 0, 1, 1, 1, 2, 0, 2, 0, 1, 2, 1, 0, 2, 0], total=40
2024-11-30 00:12:43,931 INFO server.py 302:: [Server] The aggregation takes 1.184051 seconds.

2024-11-30 00:12:43,933 INFO server.py 186:: [Server] Start testing
2024-11-30 00:12:43,950 INFO server.py 210:: [Server] Test set: Average loss: 1.2979, Accuracy: 80/200 (40.0%)

2024-11-30 00:12:43,952 INFO server.py 213:: [Sever] Confusion matrix:
 tensor([[50.,  0.,  0.,  0.],
        [47.,  0.,  0.,  3.],
        [45.,  0.,  0.,  5.],
        [20.,  0.,  0., 30.]])
2024-11-30 00:12:43,953 INFO server.py 229:: [Server] Precision=[0.30864197        nan        nan 0.7894737 ],
 Recall=[1.  0.  0.  0.6],
 F1-score=[0.47169814        nan        nan 0.68181825],
 my_accuracy=40.00000059604645[%]
2024-11-30 00:12:43,954 INFO _main.py 208:: ########EPOCH 4 ########
2024-11-30 00:12:43,954 INFO _main.py 209:: ###Model distribution###
2024-11-30 00:12:45,485 INFO server.py 1014:: flip_sign_id=set()
2024-11-30 00:12:45,485 INFO server.py 1029:: ===========using shortHoGs for detecting UNTARGETED ATTACK====
2024-11-30 00:12:45,526 INFO server.py 1055:: labels cluster_sh= [0 0 0 0 0 0 0 0 0 0 0 0 0 0 0 0 0 0 0 0 0 0 0 0 0 0 0 0 0 0 0 0 0 0 0 0 0
 0 0 0]
2024-11-30 00:12:45,540 DEBUG server.py 1060:: offset_normal_ids=[ 0  1  2  3  4  5  6  7  8  9 10 11 12 13 14 15 16 17 18 19 20 21 22 23
 24 25 26 27 28 29 30 31 32 33 34 35 36 37 38 39], normal_ids=[ 0  1  2  3  4  5  6  7  8  9 10 11 12 13 14 15 16 17 18 19 20 21 22 23
 24 25 26 27 28 29 30 31 32 33 34 35 36 37 38 39]
2024-11-30 00:12:45,541 INFO server.py 1065:: SUSPECTED UNTARGETED []
2024-11-30 00:12:45,541 DEBUG server.py 1069:: suspicious_ids=[]
2024-11-30 00:12:45,542 DEBUG server.py 1078:: d_normal_sus={}, d_separate=0
2024-11-30 00:12:45,542 INFO server.py 1085:: This round UNTARGETED=set(), sus_tAtk_uRel_id0=set()
2024-11-30 00:12:45,542 INFO server.py 1103:: =======Using LONG HOGs for detecting TARGETED ATTACK========
2024-11-30 00:12:45,563 INFO server.py 118:: This round TARGETED ATTACK: [24]
2024-11-30 00:12:45,567 DEBUG server.py 477:: mal_ids=set(), pre_mal_id=defaultdict(<class 'int'>, {0: 0, 1: 0, 2: 0, 3: 0, 4: 0, 5: 0, 6: 0, 7: 0, 8: 0, 9: 0, 10: 0, 11: 0, 12: 0, 13: 0, 14: 0, 15: 0, 16: 0, 17: 0, 18: 0, 19: 0, 20: 0, 21: 0, 22: 0, 23: 0, 24: 1, 25: 0, 26: 0, 27: 0, 28: 0, 29: 0, 30: 0, 31: 0, 32: 0, 33: 0, 34: 0, 35: 0, 36: 0, 37: 0, 38: 0, 39: 0})
2024-11-30 00:12:45,567 INFO server.py 479:: FLIP-SIGN ATTACK=set()
2024-11-30 00:12:45,568 INFO server.py 480:: UNTARGETED ATTACK=set()
2024-11-30 00:12:45,568 INFO server.py 481:: TARGETED ATTACK=set()
2024-11-30 00:12:45,568 INFO server.py 1108:: OVERTIME MALICIOUS client ids =set()
2024-11-30 00:12:45,594 INFO server.py 1154:: This round UNRELIABLE={0, 2, 11, 18, 20, 24, 25, 26}, normal_id={1, 3, 4, 5, 6, 7, 8, 9, 10, 12, 13, 14, 15, 16, 17, 19, 21, 22, 23, 27, 28, 29, 30, 31, 32, 33, 34, 35, 36, 37, 38, 39}
2024-11-30 00:12:45,596 DEBUG server.py 1156:: anlge_sHoGs={0: -0.6623739, 1: 0.7212774, 2: -0.13331527, 3: nan, 4: nan, 5: nan, 6: 0.7455843, 7: 0.55409706, 8: nan, 9: 0.6213895, 10: nan, 11: -0.6140071, 12: 0.65041435, 13: 0.6767965, 14: 0.5075688, 15: 0.4854235, 16: 0.5359914, 17: 0.4193674, 18: -0.034568448, 19: nan, 20: -0.019059546, 21: 0.40658525, 22: 0.35915995, 23: 0.46468383, 24: 0.07776239, 25: 0.038965397, 26: 0.14362945, 27: 0.67169476, 28: 0.5412561, 29: 0.43907866, 30: 0.6959294, 31: nan, 32: 0.5617479, 33: nan, 34: 0.49954864, 35: 0.45416927, 36: 0.69147456, 37: nan, 38: 0.58391774, 39: nan}, angle_sep_nsH=0.29398107528686523
2024-11-30 00:12:45,596 INFO server.py 1168:: UNRELIABLE clients =set()
2024-11-30 00:12:45,924 INFO server.py 1192:: clients' sizes=[1, 2, 1, 0, 0, 0, 2, 2, 0, 1, 0, 1, 2, 2, 2, 2, 1, 1, 2, 0, 1, 1, 1, 1, 0, 1, 1, 1, 1, 2, 0, 2, 0, 1, 2, 1, 0, 2, 0], total=40
2024-11-30 00:12:45,940 INFO server.py 302:: [Server] The aggregation takes 0.524727 seconds.

2024-11-30 00:12:45,941 INFO server.py 186:: [Server] Start testing
2024-11-30 00:12:45,958 INFO server.py 210:: [Server] Test set: Average loss: 1.2503, Accuracy: 84/200 (42.0%)

2024-11-30 00:12:45,959 INFO server.py 213:: [Sever] Confusion matrix:
 tensor([[50.,  0.,  0.,  0.],
        [47.,  0.,  0.,  3.],
        [38.,  0.,  0., 12.],
        [16.,  0.,  0., 34.]])
2024-11-30 00:12:45,960 INFO server.py 229:: [Server] Precision=[0.33112583        nan        nan 0.6938776 ],
 Recall=[1.   0.   0.   0.68],
 F1-score=[0.49751243        nan        nan 0.6868687 ],
 my_accuracy=41.999998688697815[%]
2024-11-30 00:12:45,961 INFO _main.py 208:: ########EPOCH 5 ########
2024-11-30 00:12:45,962 INFO _main.py 209:: ###Model distribution###
2024-11-30 00:12:46,970 INFO server.py 1014:: flip_sign_id=set()
2024-11-30 00:12:46,970 INFO server.py 1029:: ===========using shortHoGs for detecting UNTARGETED ATTACK====
2024-11-30 00:12:47,016 INFO server.py 1055:: labels cluster_sh= [0 0 0 0 0 0 0 0 0 0 0 0 0 0 0 0 0 0 0 0 0 0 0 0 0 0 0 0 0 0 0 0 0 0 0 0 0
 0 0 0]
2024-11-30 00:12:47,031 DEBUG server.py 1060:: offset_normal_ids=[ 0  1  2  3  4  5  6  7  8  9 10 11 12 13 14 15 16 17 18 19 20 21 22 23
 24 25 26 27 28 29 30 31 32 33 34 35 36 37 38 39], normal_ids=[ 0  1  2  3  4  5  6  7  8  9 10 11 12 13 14 15 16 17 18 19 20 21 22 23
 24 25 26 27 28 29 30 31 32 33 34 35 36 37 38 39]
2024-11-30 00:12:47,031 INFO server.py 1065:: SUSPECTED UNTARGETED []
2024-11-30 00:12:47,032 DEBUG server.py 1069:: suspicious_ids=[]
2024-11-30 00:12:47,032 DEBUG server.py 1078:: d_normal_sus={}, d_separate=0
2024-11-30 00:12:47,032 INFO server.py 1085:: This round UNTARGETED=set(), sus_tAtk_uRel_id0=set()
2024-11-30 00:12:47,032 INFO server.py 1103:: =======Using LONG HOGs for detecting TARGETED ATTACK========
2024-11-30 00:12:47,054 INFO server.py 118:: This round TARGETED ATTACK: [24]
2024-11-30 00:12:47,058 DEBUG server.py 477:: mal_ids=set(), pre_mal_id=defaultdict(<class 'int'>, {0: 0, 1: 0, 2: 0, 3: 0, 4: 0, 5: 0, 6: 0, 7: 0, 8: 0, 9: 0, 10: 0, 11: 0, 12: 0, 13: 0, 14: 0, 15: 0, 16: 0, 17: 0, 18: 0, 19: 0, 20: 0, 21: 0, 22: 0, 23: 0, 24: 2, 25: 0, 26: 0, 27: 0, 28: 0, 29: 0, 30: 0, 31: 0, 32: 0, 33: 0, 34: 0, 35: 0, 36: 0, 37: 0, 38: 0, 39: 0})
2024-11-30 00:12:47,058 INFO server.py 479:: FLIP-SIGN ATTACK=set()
2024-11-30 00:12:47,059 INFO server.py 480:: UNTARGETED ATTACK=set()
2024-11-30 00:12:47,059 INFO server.py 481:: TARGETED ATTACK=set()
2024-11-30 00:12:47,059 INFO server.py 1108:: OVERTIME MALICIOUS client ids =set()
2024-11-30 00:12:47,085 INFO server.py 1154:: This round UNRELIABLE={0, 2, 11, 18, 20, 24, 25, 26}, normal_id={1, 3, 4, 5, 6, 7, 8, 9, 10, 12, 13, 14, 15, 16, 17, 19, 21, 22, 23, 27, 28, 29, 30, 31, 32, 33, 34, 35, 36, 37, 38, 39}
2024-11-30 00:12:47,087 DEBUG server.py 1156:: anlge_sHoGs={0: -0.6623739, 1: 0.7212774, 2: -0.13331527, 3: nan, 4: nan, 5: nan, 6: 0.7455843, 7: 0.55409706, 8: nan, 9: 0.6213895, 10: nan, 11: -0.6140071, 12: 0.65041435, 13: 0.6767965, 14: 0.5075688, 15: 0.4854235, 16: 0.5359914, 17: 0.4193674, 18: -0.034568448, 19: nan, 20: -0.019059546, 21: 0.40658525, 22: 0.35915995, 23: 0.46468383, 24: 0.07776239, 25: 0.038965397, 26: 0.14362945, 27: 0.67169476, 28: 0.5412561, 29: 0.43907866, 30: 0.6959294, 31: nan, 32: 0.5617479, 33: nan, 34: 0.49954864, 35: 0.45416927, 36: 0.69147456, 37: nan, 38: 0.58391774, 39: nan}, angle_sep_nsH=0.29398107528686523
2024-11-30 00:12:47,088 INFO server.py 1168:: UNRELIABLE clients ={0, 2, 11, 18, 20, 24, 25, 26}
2024-11-30 00:12:47,360 INFO server.py 1192:: clients' sizes=[1, 2, 1, 0, 0, 0, 2, 2, 0, 1, 0, 1, 2, 2, 2, 2, 1, 1, 2, 0, 1, 1, 1, 1, 0, 1, 1, 1, 1, 2, 0, 2, 0, 1, 2, 1, 0, 2, 0], total=40
2024-11-30 00:12:47,377 INFO server.py 302:: [Server] The aggregation takes 0.476205 seconds.

2024-11-30 00:12:47,379 INFO server.py 186:: [Server] Start testing
2024-11-30 00:12:47,392 INFO server.py 210:: [Server] Test set: Average loss: 1.2003, Accuracy: 87/200 (43.5%)

2024-11-30 00:12:47,393 INFO server.py 213:: [Sever] Confusion matrix:
 tensor([[50.,  0.,  0.,  0.],
        [47.,  0.,  0.,  3.],
        [37.,  0.,  1., 12.],
        [11.,  0.,  3., 36.]])
2024-11-30 00:12:47,394 INFO server.py 229:: [Server] Precision=[0.3448276       nan 0.25      0.7058824],
 Recall=[1.   0.   0.02 0.72],
 F1-score=[0.5128205         nan 0.03703703 0.7128714 ],
 my_accuracy=43.50000023841858[%]
2024-11-30 00:12:47,395 INFO _main.py 208:: ########EPOCH 6 ########
2024-11-30 00:12:47,396 INFO _main.py 209:: ###Model distribution###
2024-11-30 00:12:48,561 INFO server.py 1014:: flip_sign_id=set()
2024-11-30 00:12:48,562 INFO server.py 1029:: ===========using shortHoGs for detecting UNTARGETED ATTACK====
2024-11-30 00:12:48,604 INFO server.py 1055:: labels cluster_sh= [0 0 0 0 0 0 0 0 0 0 0 0 0 0 0 0 0 0 0 0 0 0 0 0 0 0 0 0 0 0 0 0 0 0 0 0 0
 0 0 0]
2024-11-30 00:12:48,619 DEBUG server.py 1060:: offset_normal_ids=[ 0  1  2  3  4  5  6  7  8  9 10 11 12 13 14 15 16 17 18 19 20 21 22 23
 24 25 26 27 28 29 30 31 32 33 34 35 36 37 38 39], normal_ids=[ 0  1  2  3  4  5  6  7  8  9 10 11 12 13 14 15 16 17 18 19 20 21 22 23
 24 25 26 27 28 29 30 31 32 33 34 35 36 37 38 39]
2024-11-30 00:12:48,619 INFO server.py 1065:: SUSPECTED UNTARGETED []
2024-11-30 00:12:48,620 DEBUG server.py 1069:: suspicious_ids=[]
2024-11-30 00:12:48,620 DEBUG server.py 1078:: d_normal_sus={}, d_separate=0
2024-11-30 00:12:48,620 INFO server.py 1085:: This round UNTARGETED=set(), sus_tAtk_uRel_id0=set()
2024-11-30 00:12:48,620 INFO server.py 1103:: =======Using LONG HOGs for detecting TARGETED ATTACK========
2024-11-30 00:12:48,635 INFO server.py 118:: This round TARGETED ATTACK: [24]
2024-11-30 00:12:48,636 DEBUG server.py 477:: mal_ids=set(), pre_mal_id=defaultdict(<class 'int'>, {0: 0, 1: 0, 2: 0, 3: 0, 4: 0, 5: 0, 6: 0, 7: 0, 8: 0, 9: 0, 10: 0, 11: 0, 12: 0, 13: 0, 14: 0, 15: 0, 16: 0, 17: 0, 18: 0, 19: 0, 20: 0, 21: 0, 22: 0, 23: 0, 24: 3, 25: 0, 26: 0, 27: 0, 28: 0, 29: 0, 30: 0, 31: 0, 32: 0, 33: 0, 34: 0, 35: 0, 36: 0, 37: 0, 38: 0, 39: 0})
2024-11-30 00:12:48,636 INFO server.py 479:: FLIP-SIGN ATTACK=set()
2024-11-30 00:12:48,636 INFO server.py 480:: UNTARGETED ATTACK=set()
2024-11-30 00:12:48,636 INFO server.py 481:: TARGETED ATTACK=set()
2024-11-30 00:12:48,637 INFO server.py 1108:: OVERTIME MALICIOUS client ids =set()
2024-11-30 00:12:48,650 INFO server.py 1154:: This round UNRELIABLE={0, 2, 11, 18, 20, 24, 25, 26}, normal_id={1, 3, 4, 5, 6, 7, 8, 9, 10, 12, 13, 14, 15, 16, 17, 19, 21, 22, 23, 27, 28, 29, 30, 31, 32, 33, 34, 35, 36, 37, 38, 39}
2024-11-30 00:12:48,651 DEBUG server.py 1156:: anlge_sHoGs={0: -0.6623739, 1: 0.7212774, 2: -0.13331527, 3: nan, 4: nan, 5: nan, 6: 0.7455843, 7: 0.55409706, 8: nan, 9: 0.6213895, 10: nan, 11: -0.6140071, 12: 0.65041435, 13: 0.6767965, 14: 0.5075688, 15: 0.4854235, 16: 0.5359914, 17: 0.4193674, 18: -0.034568448, 19: nan, 20: -0.019059546, 21: 0.40658525, 22: 0.35915995, 23: 0.46468383, 24: 0.07776239, 25: 0.038965397, 26: 0.14362945, 27: 0.67169476, 28: 0.5412561, 29: 0.43907866, 30: 0.6959294, 31: nan, 32: 0.5617479, 33: nan, 34: 0.49954864, 35: 0.45416927, 36: 0.69147456, 37: nan, 38: 0.58391774, 39: nan}, angle_sep_nsH=0.29398107528686523
2024-11-30 00:12:48,651 INFO server.py 1168:: UNRELIABLE clients ={0, 2, 11, 18, 20, 24, 25, 26}
2024-11-30 00:12:48,968 INFO server.py 1192:: clients' sizes=[1, 2, 1, 0, 0, 0, 2, 2, 0, 1, 0, 1, 2, 2, 2, 2, 1, 1, 2, 0, 1, 1, 1, 1, 0, 1, 1, 1, 1, 2, 0, 2, 0, 1, 2, 1, 0, 2, 0], total=40
2024-11-30 00:12:48,979 INFO server.py 302:: [Server] The aggregation takes 0.497030 seconds.

2024-11-30 00:12:48,980 INFO server.py 186:: [Server] Start testing
2024-11-30 00:12:48,992 INFO server.py 210:: [Server] Test set: Average loss: 1.1563, Accuracy: 89/200 (44.5%)

2024-11-30 00:12:48,993 INFO server.py 213:: [Sever] Confusion matrix:
 tensor([[50.,  0.,  0.,  0.],
        [46.,  0.,  1.,  3.],
        [33.,  2.,  3., 12.],
        [ 9.,  0.,  5., 36.]])
2024-11-30 00:12:48,994 INFO server.py 229:: [Server] Precision=[0.36231884 0.         0.33333334 0.7058824 ],
 Recall=[1.   0.   0.06 0.72],
 F1-score=[0.5319149         nan 0.10169491 0.7128714 ],
 my_accuracy=44.49999928474426[%]
2024-11-30 00:12:48,995 INFO _main.py 208:: ########EPOCH 7 ########
2024-11-30 00:12:48,995 INFO _main.py 209:: ###Model distribution###
2024-11-30 00:12:49,988 INFO server.py 1014:: flip_sign_id=set()
2024-11-30 00:12:49,989 INFO server.py 1029:: ===========using shortHoGs for detecting UNTARGETED ATTACK====
2024-11-30 00:12:50,030 INFO server.py 1055:: labels cluster_sh= [0 0 0 0 0 0 0 0 0 0 0 0 0 0 0 0 0 0 0 0 0 0 0 0 0 0 0 0 0 0 0 0 0 0 0 0 0
 0 0 0]
2024-11-30 00:12:50,045 DEBUG server.py 1060:: offset_normal_ids=[ 0  1  2  3  4  5  6  7  8  9 10 11 12 13 14 15 16 17 18 19 20 21 22 23
 24 25 26 27 28 29 30 31 32 33 34 35 36 37 38 39], normal_ids=[ 0  1  2  3  4  5  6  7  8  9 10 11 12 13 14 15 16 17 18 19 20 21 22 23
 24 25 26 27 28 29 30 31 32 33 34 35 36 37 38 39]
2024-11-30 00:12:50,045 INFO server.py 1065:: SUSPECTED UNTARGETED []
2024-11-30 00:12:50,046 DEBUG server.py 1069:: suspicious_ids=[]
2024-11-30 00:12:50,046 DEBUG server.py 1078:: d_normal_sus={}, d_separate=0
2024-11-30 00:12:50,046 INFO server.py 1085:: This round UNTARGETED=set(), sus_tAtk_uRel_id0=set()
2024-11-30 00:12:50,046 INFO server.py 1103:: =======Using LONG HOGs for detecting TARGETED ATTACK========
2024-11-30 00:12:50,078 INFO server.py 118:: This round TARGETED ATTACK: [ 1  6  7  9 12 13 14 15 16 23 27 28 29 30 32 34 35 36 38]
2024-11-30 00:12:50,081 DEBUG server.py 477:: mal_ids=set(), pre_mal_id=defaultdict(<class 'int'>, {0: 0, 1: 1, 2: 0, 3: 0, 4: 0, 5: 0, 6: 1, 7: 1, 8: 0, 9: 1, 10: 0, 11: 0, 12: 1, 13: 1, 14: 1, 15: 1, 16: 1, 17: 0, 18: 0, 19: 0, 20: 0, 21: 0, 22: 0, 23: 1, 24: 0, 25: 0, 26: 0, 27: 1, 28: 1, 29: 1, 30: 1, 31: 0, 32: 1, 33: 0, 34: 1, 35: 1, 36: 1, 37: 0, 38: 1, 39: 0})
2024-11-30 00:12:50,082 INFO server.py 479:: FLIP-SIGN ATTACK=set()
2024-11-30 00:12:50,082 INFO server.py 480:: UNTARGETED ATTACK=set()
2024-11-30 00:12:50,082 INFO server.py 481:: TARGETED ATTACK=set()
2024-11-30 00:12:50,082 INFO server.py 1108:: OVERTIME MALICIOUS client ids =set()
2024-11-30 00:12:50,109 INFO server.py 1154:: This round UNRELIABLE={0, 2, 11, 18, 20, 24, 25, 26}, normal_id={1, 3, 4, 5, 6, 7, 8, 9, 10, 12, 13, 14, 15, 16, 17, 19, 21, 22, 23, 27, 28, 29, 30, 31, 32, 33, 34, 35, 36, 37, 38, 39}
2024-11-30 00:12:50,111 DEBUG server.py 1156:: anlge_sHoGs={0: -0.6623739, 1: 0.7212774, 2: -0.13331527, 3: nan, 4: nan, 5: nan, 6: 0.7455843, 7: 0.55409706, 8: nan, 9: 0.6213895, 10: nan, 11: -0.6140071, 12: 0.65041435, 13: 0.6767965, 14: 0.5075688, 15: 0.4854235, 16: 0.5359914, 17: 0.4193674, 18: -0.034568448, 19: nan, 20: -0.019059546, 21: 0.40658525, 22: 0.35915995, 23: 0.46468383, 24: 0.07776239, 25: 0.038965397, 26: 0.14362945, 27: 0.67169476, 28: 0.5412561, 29: 0.43907866, 30: 0.6959294, 31: nan, 32: 0.5617479, 33: nan, 34: 0.49954864, 35: 0.45416927, 36: 0.69147456, 37: nan, 38: 0.58391774, 39: nan}, angle_sep_nsH=0.29398107528686523
2024-11-30 00:12:50,111 INFO server.py 1168:: UNRELIABLE clients ={0, 2, 11, 18, 20, 24, 25, 26}
2024-11-30 00:12:50,192 INFO server.py 1192:: clients' sizes=[1, 1, 0, 0, 0, 0, 0, 1, 1, 2, 0, 1, 1, 1, 1, 0, 1, 0, 0, 0, 0], total=11
2024-11-30 00:12:50,200 INFO server.py 302:: [Server] The aggregation takes 0.280848 seconds.

2024-11-30 00:12:50,201 INFO server.py 186:: [Server] Start testing
2024-11-30 00:12:50,214 INFO server.py 210:: [Server] Test set: Average loss: 1.1853, Accuracy: 85/200 (42.5%)

2024-11-30 00:12:50,215 INFO server.py 213:: [Sever] Confusion matrix:
 tensor([[50.,  0.,  0.,  0.],
        [47.,  0.,  0.,  3.],
        [43.,  0.,  3.,  4.],
        [11.,  0.,  7., 32.]])
2024-11-30 00:12:50,217 INFO server.py 229:: [Server] Precision=[0.33112583        nan 0.3        0.82051283],
 Recall=[1.   0.   0.06 0.64],
 F1-score=[0.49751243        nan 0.1        0.7191011 ],
 my_accuracy=42.500001192092896[%]
2024-11-30 00:12:50,217 INFO _main.py 208:: ########EPOCH 8 ########
2024-11-30 00:12:50,218 INFO _main.py 209:: ###Model distribution###
2024-11-30 00:12:51,238 INFO server.py 1014:: flip_sign_id=set()
2024-11-30 00:12:51,238 INFO server.py 1029:: ===========using shortHoGs for detecting UNTARGETED ATTACK====
2024-11-30 00:12:51,280 INFO server.py 1055:: labels cluster_sh= [0 0 0 0 0 0 0 0 0 0 0 0 0 0 0 0 0 0 0 0 0 0 0 0 0 0 0 0 0 0 0 0 0 0 0 0 0
 0 0 0]
2024-11-30 00:12:51,296 DEBUG server.py 1060:: offset_normal_ids=[ 0  1  2  3  4  5  6  7  8  9 10 11 12 13 14 15 16 17 18 19 20 21 22 23
 24 25 26 27 28 29 30 31 32 33 34 35 36 37 38 39], normal_ids=[ 0  1  2  3  4  5  6  7  8  9 10 11 12 13 14 15 16 17 18 19 20 21 22 23
 24 25 26 27 28 29 30 31 32 33 34 35 36 37 38 39]
2024-11-30 00:12:51,297 INFO server.py 1065:: SUSPECTED UNTARGETED []
2024-11-30 00:12:51,297 DEBUG server.py 1069:: suspicious_ids=[]
2024-11-30 00:12:51,297 DEBUG server.py 1078:: d_normal_sus={}, d_separate=0
2024-11-30 00:12:51,298 INFO server.py 1085:: This round UNTARGETED=set(), sus_tAtk_uRel_id0=set()
2024-11-30 00:12:51,298 INFO server.py 1103:: =======Using LONG HOGs for detecting TARGETED ATTACK========
2024-11-30 00:12:51,314 INFO server.py 118:: This round TARGETED ATTACK: [ 0 33  2  3  4  5 37 39  8 10 11 18 19 20 22 24 25 31]
2024-11-30 00:12:51,315 DEBUG server.py 477:: mal_ids=set(), pre_mal_id=defaultdict(<class 'int'>, {0: 1, 1: 0, 2: 1, 3: 1, 4: 1, 5: 1, 6: 0, 7: 0, 8: 1, 9: 0, 10: 1, 11: 1, 12: 0, 13: 0, 14: 0, 15: 0, 16: 0, 17: 0, 18: 1, 19: 1, 20: 1, 21: 0, 22: 1, 23: 0, 24: 1, 25: 1, 26: 0, 27: 0, 28: 0, 29: 0, 30: 0, 31: 1, 32: 0, 33: 1, 34: 0, 35: 0, 36: 0, 37: 1, 38: 0, 39: 1})
2024-11-30 00:12:51,315 INFO server.py 479:: FLIP-SIGN ATTACK=set()
2024-11-30 00:12:51,315 INFO server.py 480:: UNTARGETED ATTACK=set()
2024-11-30 00:12:51,315 INFO server.py 481:: TARGETED ATTACK=set()
2024-11-30 00:12:51,315 INFO server.py 1108:: OVERTIME MALICIOUS client ids =set()
2024-11-30 00:12:51,329 INFO server.py 1154:: This round UNRELIABLE={0, 2, 11, 18, 20, 24, 25, 26}, normal_id={1, 3, 4, 5, 6, 7, 8, 9, 10, 12, 13, 14, 15, 16, 17, 19, 21, 22, 23, 27, 28, 29, 30, 31, 32, 33, 34, 35, 36, 37, 38, 39}
2024-11-30 00:12:51,330 DEBUG server.py 1156:: anlge_sHoGs={0: -0.6623739, 1: 0.7212774, 2: -0.13331527, 3: nan, 4: nan, 5: nan, 6: 0.7455843, 7: 0.55409706, 8: nan, 9: 0.6213895, 10: nan, 11: -0.6140071, 12: 0.65041435, 13: 0.6767965, 14: 0.5075688, 15: 0.4854235, 16: 0.5359914, 17: 0.4193674, 18: -0.034568448, 19: nan, 20: -0.019059546, 21: 0.40658525, 22: 0.35915995, 23: 0.46468383, 24: 0.07776239, 25: 0.038965397, 26: 0.14362945, 27: 0.67169476, 28: 0.5412561, 29: 0.43907866, 30: 0.6959294, 31: nan, 32: 0.5617479, 33: nan, 34: 0.49954864, 35: 0.45416927, 36: 0.69147456, 37: nan, 38: 0.58391774, 39: nan}, angle_sep_nsH=0.29398107528686523
2024-11-30 00:12:51,330 INFO server.py 1168:: UNRELIABLE clients ={0, 2, 11, 18, 20, 24, 25, 26}
2024-11-30 00:12:51,513 INFO server.py 1192:: clients' sizes=[2, 2, 2, 1, 2, 2, 2, 2, 1, 1, 1, 1, 1, 1, 1, 1, 2, 2, 1, 2, 1, 2], total=33
2024-11-30 00:12:51,520 INFO server.py 302:: [Server] The aggregation takes 0.350462 seconds.

2024-11-30 00:12:51,591 INFO server.py 186:: [Server] Start testing
2024-11-30 00:12:51,623 INFO server.py 210:: [Server] Test set: Average loss: 1.0717, Accuracy: 112/200 (56.0%)

2024-11-30 00:12:51,625 INFO server.py 213:: [Sever] Confusion matrix:
 tensor([[47.,  1.,  2.,  0.],
        [29., 15.,  3.,  3.],
        [18.,  8., 11., 13.],
        [ 5.,  3.,  3., 39.]])
2024-11-30 00:12:51,626 INFO server.py 229:: [Server] Precision=[0.47474748 0.5555556  0.57894737 0.7090909 ],
 Recall=[0.94 0.3  0.22 0.78],
 F1-score=[0.6308725 0.3896104 0.3188406 0.7428571],
 my_accuracy=56.00000023841858[%]
2024-11-30 00:12:51,627 INFO _main.py 208:: ########EPOCH 9 ########
2024-11-30 00:12:51,628 INFO _main.py 209:: ###Model distribution###
2024-11-30 00:12:52,611 INFO server.py 1014:: flip_sign_id=set()
2024-11-30 00:12:52,612 INFO server.py 1029:: ===========using shortHoGs for detecting UNTARGETED ATTACK====
2024-11-30 00:12:52,678 INFO server.py 1055:: labels cluster_sh= [0 0 0 0 0 0 0 0 0 0 0 0 0 0 0 0 0 0 0 0 0 0 0 0 0 0 0 0 0 0 0 0 0 0 0 0 0
 0 0 0]
2024-11-30 00:12:52,693 DEBUG server.py 1060:: offset_normal_ids=[ 0  1  2  3  4  5  6  7  8  9 10 11 12 13 14 15 16 17 18 19 20 21 22 23
 24 25 26 27 28 29 30 31 32 33 34 35 36 37 38 39], normal_ids=[ 0  1  2  3  4  5  6  7  8  9 10 11 12 13 14 15 16 17 18 19 20 21 22 23
 24 25 26 27 28 29 30 31 32 33 34 35 36 37 38 39]
2024-11-30 00:12:52,693 INFO server.py 1065:: SUSPECTED UNTARGETED []
2024-11-30 00:12:52,696 DEBUG server.py 1069:: suspicious_ids=[]
2024-11-30 00:12:52,697 DEBUG server.py 1078:: d_normal_sus={}, d_separate=0
2024-11-30 00:12:52,697 INFO server.py 1085:: This round UNTARGETED=set(), sus_tAtk_uRel_id0=set()
2024-11-30 00:12:52,697 INFO server.py 1103:: =======Using LONG HOGs for detecting TARGETED ATTACK========
2024-11-30 00:12:52,713 INFO server.py 118:: This round TARGETED ATTACK: [ 0  2 11 18 20]
2024-11-30 00:12:52,714 DEBUG server.py 477:: mal_ids=set(), pre_mal_id=defaultdict(<class 'int'>, {0: 2, 1: 0, 2: 2, 3: 0, 4: 0, 5: 0, 6: 0, 7: 0, 8: 0, 9: 0, 10: 0, 11: 2, 12: 0, 13: 0, 14: 0, 15: 0, 16: 0, 17: 0, 18: 2, 19: 0, 20: 2, 21: 0, 22: 0, 23: 0, 24: 0, 25: 0, 26: 0, 27: 0, 28: 0, 29: 0, 30: 0, 31: 0, 32: 0, 33: 0, 34: 0, 35: 0, 36: 0, 37: 0, 38: 0, 39: 0})
2024-11-30 00:12:52,714 INFO server.py 479:: FLIP-SIGN ATTACK=set()
2024-11-30 00:12:52,714 INFO server.py 480:: UNTARGETED ATTACK=set()
2024-11-30 00:12:52,714 INFO server.py 481:: TARGETED ATTACK=set()
2024-11-30 00:12:52,714 INFO server.py 1108:: OVERTIME MALICIOUS client ids =set()
2024-11-30 00:12:52,728 INFO server.py 1154:: This round UNRELIABLE={0, 2, 11, 18, 20, 24, 25, 26}, normal_id={1, 3, 4, 5, 6, 7, 8, 9, 10, 12, 13, 14, 15, 16, 17, 19, 21, 22, 23, 27, 28, 29, 30, 31, 32, 33, 34, 35, 36, 37, 38, 39}
2024-11-30 00:12:52,729 DEBUG server.py 1156:: anlge_sHoGs={0: -0.6623739, 1: 0.7212774, 2: -0.13331527, 3: nan, 4: nan, 5: nan, 6: 0.7455843, 7: 0.55409706, 8: nan, 9: 0.6213895, 10: nan, 11: -0.6140071, 12: 0.65041435, 13: 0.6767965, 14: 0.5075688, 15: 0.4854235, 16: 0.5359914, 17: 0.4193674, 18: -0.034568448, 19: nan, 20: -0.019059546, 21: 0.40658525, 22: 0.35915995, 23: 0.46468383, 24: 0.07776239, 25: 0.038965397, 26: 0.14362945, 27: 0.67169476, 28: 0.5412561, 29: 0.43907866, 30: 0.6959294, 31: nan, 32: 0.5617479, 33: nan, 34: 0.49954864, 35: 0.45416927, 36: 0.69147456, 37: nan, 38: 0.58391774, 39: nan}, angle_sep_nsH=0.29398107528686523
2024-11-30 00:12:52,729 INFO server.py 1168:: UNRELIABLE clients ={0, 2, 11, 18, 20, 24, 25, 26}
2024-11-30 00:12:53,013 INFO server.py 1192:: clients' sizes=[2, 0, 0, 0, 2, 2, 0, 1, 0, 2, 2, 2, 2, 1, 1, 0, 1, 1, 1, 1, 0, 1, 1, 1, 1, 2, 0, 2, 0, 1, 2, 1, 0, 2, 0], total=35
2024-11-30 00:12:53,022 INFO server.py 302:: [Server] The aggregation takes 0.480234 seconds.

2024-11-30 00:12:53,023 INFO server.py 186:: [Server] Start testing
2024-11-30 00:12:53,035 INFO server.py 210:: [Server] Test set: Average loss: 1.0222, Accuracy: 115/200 (57.5%)

2024-11-30 00:12:53,037 INFO server.py 213:: [Sever] Confusion matrix:
 tensor([[47.,  1.,  2.,  0.],
        [25., 16.,  6.,  3.],
        [17.,  6., 13., 14.],
        [ 1.,  5.,  5., 39.]])
2024-11-30 00:12:53,038 INFO server.py 229:: [Server] Precision=[0.5222222 0.5714286 0.5       0.6964286],
 Recall=[0.94 0.32 0.26 0.78],
 F1-score=[0.67142856 0.4102564  0.34210527 0.7358491 ],
 my_accuracy=57.499998807907104[%]
2024-11-30 00:12:53,039 INFO _main.py 208:: ########EPOCH 10 ########
2024-11-30 00:12:53,040 INFO _main.py 209:: ###Model distribution###
2024-11-30 00:12:54,056 INFO server.py 1014:: flip_sign_id=set()
2024-11-30 00:12:54,056 INFO server.py 1029:: ===========using shortHoGs for detecting UNTARGETED ATTACK====
2024-11-30 00:12:54,098 INFO server.py 1055:: labels cluster_sh= [0 0 0 0 0 0 0 0 0 0 0 0 0 0 0 0 0 0 0 0 0 0 0 0 0 0 0 0 0 0 0 0 0 0 0 0 0
 0 0 0]
2024-11-30 00:12:54,112 DEBUG server.py 1060:: offset_normal_ids=[ 0  1  2  3  4  5  6  7  8  9 10 11 12 13 14 15 16 17 18 19 20 21 22 23
 24 25 26 27 28 29 30 31 32 33 34 35 36 37 38 39], normal_ids=[ 0  1  2  3  4  5  6  7  8  9 10 11 12 13 14 15 16 17 18 19 20 21 22 23
 24 25 26 27 28 29 30 31 32 33 34 35 36 37 38 39]
2024-11-30 00:12:54,113 INFO server.py 1065:: SUSPECTED UNTARGETED []
2024-11-30 00:12:54,113 DEBUG server.py 1069:: suspicious_ids=[]
2024-11-30 00:12:54,113 DEBUG server.py 1078:: d_normal_sus={}, d_separate=0
2024-11-30 00:12:54,114 INFO server.py 1085:: This round UNTARGETED=set(), sus_tAtk_uRel_id0=set()
2024-11-30 00:12:54,114 INFO server.py 1103:: =======Using LONG HOGs for detecting TARGETED ATTACK========
2024-11-30 00:12:54,135 INFO server.py 118:: This round TARGETED ATTACK: [ 0  2 11 18 20]
2024-11-30 00:12:54,139 DEBUG server.py 477:: mal_ids=set(), pre_mal_id=defaultdict(<class 'int'>, {0: 3, 1: 0, 2: 3, 3: 0, 4: 0, 5: 0, 6: 0, 7: 0, 8: 0, 9: 0, 10: 0, 11: 3, 12: 0, 13: 0, 14: 0, 15: 0, 16: 0, 17: 0, 18: 3, 19: 0, 20: 3, 21: 0, 22: 0, 23: 0, 24: 0, 25: 0, 26: 0, 27: 0, 28: 0, 29: 0, 30: 0, 31: 0, 32: 0, 33: 0, 34: 0, 35: 0, 36: 0, 37: 0, 38: 0, 39: 0})
2024-11-30 00:12:54,139 INFO server.py 479:: FLIP-SIGN ATTACK=set()
2024-11-30 00:12:54,140 INFO server.py 480:: UNTARGETED ATTACK=set()
2024-11-30 00:12:54,140 INFO server.py 481:: TARGETED ATTACK=set()
2024-11-30 00:12:54,140 INFO server.py 1108:: OVERTIME MALICIOUS client ids =set()
2024-11-30 00:12:54,166 INFO server.py 1154:: This round UNRELIABLE={0, 2, 11, 18, 20, 24, 25, 26}, normal_id={1, 3, 4, 5, 6, 7, 8, 9, 10, 12, 13, 14, 15, 16, 17, 19, 21, 22, 23, 27, 28, 29, 30, 31, 32, 33, 34, 35, 36, 37, 38, 39}
2024-11-30 00:12:54,168 DEBUG server.py 1156:: anlge_sHoGs={0: -0.6623739, 1: 0.7212774, 2: -0.13331527, 3: nan, 4: nan, 5: nan, 6: 0.7455843, 7: 0.55409706, 8: nan, 9: 0.6213895, 10: nan, 11: -0.6140071, 12: 0.65041435, 13: 0.6767965, 14: 0.5075688, 15: 0.4854235, 16: 0.5359914, 17: 0.4193674, 18: -0.034568448, 19: nan, 20: -0.019059546, 21: 0.40658525, 22: 0.35915995, 23: 0.46468383, 24: 0.07776239, 25: 0.038965397, 26: 0.14362945, 27: 0.67169476, 28: 0.5412561, 29: 0.43907866, 30: 0.6959294, 31: nan, 32: 0.5617479, 33: nan, 34: 0.49954864, 35: 0.45416927, 36: 0.69147456, 37: nan, 38: 0.58391774, 39: nan}, angle_sep_nsH=0.29398107528686523
2024-11-30 00:12:54,168 INFO server.py 1168:: UNRELIABLE clients ={0, 2, 11, 18, 20, 24, 25, 26}
2024-11-30 00:12:54,438 INFO server.py 1192:: clients' sizes=[2, 0, 0, 0, 2, 2, 0, 1, 0, 2, 2, 2, 2, 1, 1, 0, 1, 1, 1, 1, 0, 1, 1, 1, 1, 2, 0, 2, 0, 1, 2, 1, 0, 2, 0], total=35
2024-11-30 00:12:54,452 INFO server.py 302:: [Server] The aggregation takes 0.464943 seconds.

2024-11-30 00:12:54,453 INFO server.py 186:: [Server] Start testing
2024-11-30 00:12:54,466 INFO server.py 210:: [Server] Test set: Average loss: 0.9823, Accuracy: 121/200 (60.5%)

2024-11-30 00:12:54,467 INFO server.py 213:: [Sever] Confusion matrix:
 tensor([[46.,  2.,  2.,  0.],
        [21., 16., 10.,  3.],
        [14.,  4., 20., 12.],
        [ 0.,  5.,  6., 39.]])
2024-11-30 00:12:54,468 INFO server.py 229:: [Server] Precision=[0.56790125 0.5925926  0.5263158  0.7222222 ],
 Recall=[0.92 0.32 0.4  0.78],
 F1-score=[0.7022901  0.41558442 0.4545455  0.74999994],
 my_accuracy=60.50000190734863[%]
2024-11-30 00:12:54,469 INFO _main.py 208:: ########EPOCH 11 ########
2024-11-30 00:12:54,469 INFO _main.py 209:: ###Model distribution###
2024-11-30 00:12:55,512 INFO server.py 1014:: flip_sign_id=set()
2024-11-30 00:12:55,513 INFO server.py 1029:: ===========using shortHoGs for detecting UNTARGETED ATTACK====
2024-11-30 00:12:55,625 INFO server.py 1055:: labels cluster_sh= [0 0 0 0 0 0 0 0 0 0 0 0 0 0 0 0 0 0 0 0 0 0 0 0 0 0 0 0 0 0 0 0 0 0 0 0 0
 0 0 0]
2024-11-30 00:12:55,656 DEBUG server.py 1060:: offset_normal_ids=[ 0  1  2  3  4  5  6  7  8  9 10 11 12 13 14 15 16 17 18 19 20 21 22 23
 24 25 26 27 28 29 30 31 32 33 34 35 36 37 38 39], normal_ids=[ 0  1  2  3  4  5  6  7  8  9 10 11 12 13 14 15 16 17 18 19 20 21 22 23
 24 25 26 27 28 29 30 31 32 33 34 35 36 37 38 39]
2024-11-30 00:12:55,662 INFO server.py 1065:: SUSPECTED UNTARGETED []
2024-11-30 00:12:55,662 DEBUG server.py 1069:: suspicious_ids=[]
2024-11-30 00:12:55,664 DEBUG server.py 1078:: d_normal_sus={}, d_separate=0
2024-11-30 00:12:55,666 INFO server.py 1085:: This round UNTARGETED=set(), sus_tAtk_uRel_id0=set()
2024-11-30 00:12:55,672 INFO server.py 1103:: =======Using LONG HOGs for detecting TARGETED ATTACK========
2024-11-30 00:12:55,714 INFO server.py 118:: This round TARGETED ATTACK: [ 0 33  2  3  4  5 37 39  8 10 11 18 19 20 25 31]
2024-11-30 00:12:55,723 DEBUG server.py 477:: mal_ids={0, 2, 11, 18, 20}, pre_mal_id=defaultdict(<class 'int'>, {0: 4, 1: 0, 2: 4, 3: 1, 4: 1, 5: 1, 6: 0, 7: 0, 8: 1, 9: 0, 10: 1, 11: 4, 12: 0, 13: 0, 14: 0, 15: 0, 16: 0, 17: 0, 18: 4, 19: 1, 20: 4, 21: 0, 22: 0, 23: 0, 24: 0, 25: 1, 26: 0, 27: 0, 28: 0, 29: 0, 30: 0, 31: 1, 32: 0, 33: 1, 34: 0, 35: 0, 36: 0, 37: 1, 38: 0, 39: 1})
2024-11-30 00:12:55,725 INFO server.py 479:: FLIP-SIGN ATTACK=set()
2024-11-30 00:12:55,726 INFO server.py 480:: UNTARGETED ATTACK=set()
2024-11-30 00:12:55,732 INFO server.py 481:: TARGETED ATTACK={0, 2, 11, 18, 20}
2024-11-30 00:12:55,736 INFO server.py 1108:: OVERTIME MALICIOUS client ids ={0, 2, 11, 18, 20}
2024-11-30 00:12:55,756 INFO server.py 1154:: This round UNRELIABLE={24, 25, 26}, normal_id={1, 3, 4, 5, 6, 7, 8, 9, 10, 12, 13, 14, 15, 16, 17, 19, 21, 22, 23, 27, 28, 29, 30, 31, 32, 33, 34, 35, 36, 37, 38, 39}
2024-11-30 00:12:55,760 DEBUG server.py 1156:: anlge_sHoGs={1: 0.7572615, 3: nan, 4: nan, 5: nan, 6: 0.7697327, 7: 0.57008153, 8: nan, 9: 0.65161926, 10: nan, 12: 0.6718447, 13: 0.7112062, 14: 0.5252376, 15: 0.51912504, 16: 0.57550454, 17: 0.4155605, 19: nan, 21: 0.4191638, 22: 0.34856284, 23: 0.4996062, 24: 0.073038794, 25: 0.03404304, 26: 0.1402332, 27: 0.69490665, 28: 0.5854273, 29: 0.46396393, 30: 0.73353624, 31: nan, 32: 0.59806067, 33: nan, 34: 0.5110003, 35: 0.46217513, 36: 0.7125396, 37: nan, 38: 0.61083657, 39: nan}, angle_sep_nsH=0.24439802020788193
2024-11-30 00:12:55,762 INFO server.py 1168:: UNRELIABLE clients ={0, 2, 11, 18, 20, 24, 25, 26}
2024-11-30 00:12:55,984 INFO server.py 1192:: clients' sizes=[2, 2, 2, 1, 2, 2, 2, 2, 1, 1, 1, 1, 1, 1, 1, 1, 1, 1, 2, 2, 1, 2, 1, 2], total=35
2024-11-30 00:12:55,994 INFO server.py 302:: [Server] The aggregation takes 0.597169 seconds.

2024-11-30 00:12:55,995 INFO server.py 186:: [Server] Start testing
2024-11-30 00:12:56,013 INFO server.py 210:: [Server] Test set: Average loss: 0.9389, Accuracy: 121/200 (60.5%)

2024-11-30 00:12:56,015 INFO server.py 213:: [Sever] Confusion matrix:
 tensor([[41.,  6.,  3.,  0.],
        [18., 17., 12.,  3.],
        [10.,  5., 24., 11.],
        [ 0.,  5.,  6., 39.]])
2024-11-30 00:12:56,017 INFO server.py 229:: [Server] Precision=[0.5942029  0.5151515  0.53333336 0.7358491 ],
 Recall=[0.82 0.34 0.48 0.78],
 F1-score=[0.6890756  0.40963852 0.5052632  0.75728154],
 my_accuracy=60.50000190734863[%]
2024-11-30 00:12:56,017 INFO _main.py 208:: ########EPOCH 12 ########
2024-11-30 00:12:56,018 INFO _main.py 209:: ###Model distribution###
2024-11-30 00:12:57,434 INFO server.py 1014:: flip_sign_id=set()
2024-11-30 00:12:57,434 INFO server.py 1029:: ===========using shortHoGs for detecting UNTARGETED ATTACK====
2024-11-30 00:12:57,891 INFO server.py 1055:: labels cluster_sh= [0 0 0 0 0 0 0 0 0 0 0 0 0 0 0 0 0 0 0 0 0 0 0 0 0 0 0 0 0 0 0 0 0 0 0 0 0
 0 0 0]
2024-11-30 00:12:57,922 DEBUG server.py 1060:: offset_normal_ids=[ 0  1  2  3  4  5  6  7  8  9 10 11 12 13 14 15 16 17 18 19 20 21 22 23
 24 25 26 27 28 29 30 31 32 33 34 35 36 37 38 39], normal_ids=[ 0  1  2  3  4  5  6  7  8  9 10 11 12 13 14 15 16 17 18 19 20 21 22 23
 24 25 26 27 28 29 30 31 32 33 34 35 36 37 38 39]
2024-11-30 00:12:57,926 INFO server.py 1065:: SUSPECTED UNTARGETED []
2024-11-30 00:12:57,927 DEBUG server.py 1069:: suspicious_ids=[]
2024-11-30 00:12:57,928 DEBUG server.py 1078:: d_normal_sus={}, d_separate=0
2024-11-30 00:12:57,931 INFO server.py 1085:: This round UNTARGETED=set(), sus_tAtk_uRel_id0=set()
2024-11-30 00:12:57,931 INFO server.py 1103:: =======Using LONG HOGs for detecting TARGETED ATTACK========
2024-11-30 00:12:57,960 INFO server.py 118:: This round TARGETED ATTACK: [ 2 18 20]
2024-11-30 00:12:57,964 DEBUG server.py 477:: mal_ids={0, 2, 11, 18, 20}, pre_mal_id=defaultdict(<class 'int'>, {0: 0, 1: 0, 2: 5, 3: 0, 4: 0, 5: 0, 6: 0, 7: 0, 8: 0, 9: 0, 10: 0, 11: 0, 12: 0, 13: 0, 14: 0, 15: 0, 16: 0, 17: 0, 18: 5, 19: 0, 20: 5, 21: 0, 22: 0, 23: 0, 24: 0, 25: 0, 26: 0, 27: 0, 28: 0, 29: 0, 30: 0, 31: 0, 32: 0, 33: 0, 34: 0, 35: 0, 36: 0, 37: 0, 38: 0, 39: 0})
2024-11-30 00:12:57,969 INFO server.py 479:: FLIP-SIGN ATTACK=set()
2024-11-30 00:12:57,972 INFO server.py 480:: UNTARGETED ATTACK=set()
2024-11-30 00:12:57,975 INFO server.py 481:: TARGETED ATTACK={0, 2, 11, 18, 20}
2024-11-30 00:12:57,976 INFO server.py 1108:: OVERTIME MALICIOUS client ids ={0, 2, 11, 18, 20}
2024-11-30 00:12:57,989 INFO server.py 1154:: This round UNRELIABLE={24, 25, 26}, normal_id={1, 3, 4, 5, 6, 7, 8, 9, 10, 12, 13, 14, 15, 16, 17, 19, 21, 22, 23, 27, 28, 29, 30, 31, 32, 33, 34, 35, 36, 37, 38, 39}
2024-11-30 00:12:57,996 DEBUG server.py 1156:: anlge_sHoGs={1: 0.7572615, 3: nan, 4: nan, 5: nan, 6: 0.7697327, 7: 0.57008153, 8: nan, 9: 0.65161926, 10: nan, 12: 0.6718447, 13: 0.7112062, 14: 0.5252376, 15: 0.51912504, 16: 0.57550454, 17: 0.4155605, 19: nan, 21: 0.4191638, 22: 0.34856284, 23: 0.4996062, 24: 0.073038794, 25: 0.03404304, 26: 0.1402332, 27: 0.69490665, 28: 0.5854273, 29: 0.46396393, 30: 0.73353624, 31: nan, 32: 0.59806067, 33: nan, 34: 0.5110003, 35: 0.46217513, 36: 0.7125396, 37: nan, 38: 0.61083657, 39: nan}, angle_sep_nsH=0.24439802020788193
2024-11-30 00:12:57,999 INFO server.py 1168:: UNRELIABLE clients ={0, 2, 11, 18, 20, 24, 25, 26}
2024-11-30 00:12:58,280 INFO server.py 1192:: clients' sizes=[2, 0, 0, 0, 2, 2, 0, 1, 0, 2, 2, 2, 2, 1, 1, 0, 1, 1, 1, 1, 0, 1, 1, 1, 1, 2, 0, 2, 0, 1, 2, 1, 0, 2, 0], total=35
2024-11-30 00:12:58,297 INFO server.py 302:: [Server] The aggregation takes 0.978864 seconds.

2024-11-30 00:12:58,298 INFO server.py 186:: [Server] Start testing
2024-11-30 00:12:58,326 INFO server.py 210:: [Server] Test set: Average loss: 0.9187, Accuracy: 121/200 (60.5%)

2024-11-30 00:12:58,333 INFO server.py 213:: [Sever] Confusion matrix:
 tensor([[41.,  7.,  2.,  0.],
        [18., 18., 11.,  3.],
        [ 9.,  7., 23., 11.],
        [ 0.,  5.,  6., 39.]])
2024-11-30 00:12:58,335 INFO server.py 229:: [Server] Precision=[0.60294116 0.4864865  0.54761904 0.7358491 ],
 Recall=[0.82 0.36 0.46 0.78],
 F1-score=[0.6949152  0.41379312 0.5        0.75728154],
 my_accuracy=60.50000190734863[%]
2024-11-30 00:12:58,336 INFO _main.py 208:: ########EPOCH 13 ########
2024-11-30 00:12:58,338 INFO _main.py 209:: ###Model distribution###
2024-11-30 00:12:59,947 INFO server.py 1014:: flip_sign_id=set()
2024-11-30 00:12:59,948 INFO server.py 1029:: ===========using shortHoGs for detecting UNTARGETED ATTACK====
2024-11-30 00:13:00,009 INFO server.py 1055:: labels cluster_sh= [0 0 0 0 0 0 0 0 0 0 0 0 0 0 0 0 0 0 0 0 0 0 0 0 0 0 0 0 0 0 0 0 0 0 0 0 0
 0 0 0]
2024-11-30 00:13:00,038 DEBUG server.py 1060:: offset_normal_ids=[ 0  1  2  3  4  5  6  7  8  9 10 11 12 13 14 15 16 17 18 19 20 21 22 23
 24 25 26 27 28 29 30 31 32 33 34 35 36 37 38 39], normal_ids=[ 0  1  2  3  4  5  6  7  8  9 10 11 12 13 14 15 16 17 18 19 20 21 22 23
 24 25 26 27 28 29 30 31 32 33 34 35 36 37 38 39]
2024-11-30 00:13:00,046 INFO server.py 1065:: SUSPECTED UNTARGETED []
2024-11-30 00:13:00,047 DEBUG server.py 1069:: suspicious_ids=[]
2024-11-30 00:13:00,047 DEBUG server.py 1078:: d_normal_sus={}, d_separate=0
2024-11-30 00:13:00,048 INFO server.py 1085:: This round UNTARGETED=set(), sus_tAtk_uRel_id0=set()
2024-11-30 00:13:00,048 INFO server.py 1103:: =======Using LONG HOGs for detecting TARGETED ATTACK========
2024-11-30 00:13:00,096 INFO server.py 118:: This round TARGETED ATTACK: [ 2 18 20]
2024-11-30 00:13:00,102 DEBUG server.py 477:: mal_ids={2, 18, 20}, pre_mal_id=defaultdict(<class 'int'>, {0: 0, 1: 0, 2: 6, 3: 0, 4: 0, 5: 0, 6: 0, 7: 0, 8: 0, 9: 0, 10: 0, 11: 0, 12: 0, 13: 0, 14: 0, 15: 0, 16: 0, 17: 0, 18: 6, 19: 0, 20: 6, 21: 0, 22: 0, 23: 0, 24: 0, 25: 0, 26: 0, 27: 0, 28: 0, 29: 0, 30: 0, 31: 0, 32: 0, 33: 0, 34: 0, 35: 0, 36: 0, 37: 0, 38: 0, 39: 0})
2024-11-30 00:13:00,102 INFO server.py 479:: FLIP-SIGN ATTACK=set()
2024-11-30 00:13:00,103 INFO server.py 480:: UNTARGETED ATTACK=set()
2024-11-30 00:13:00,103 INFO server.py 481:: TARGETED ATTACK={2, 18, 20}
2024-11-30 00:13:00,103 INFO server.py 1108:: OVERTIME MALICIOUS client ids ={2, 18, 20}
2024-11-30 00:13:00,121 INFO server.py 1154:: This round UNRELIABLE={0, 11}, normal_id={1, 3, 4, 5, 6, 7, 8, 9, 10, 12, 13, 14, 15, 16, 17, 19, 21, 22, 23, 24, 25, 26, 27, 28, 29, 30, 31, 32, 33, 34, 35, 36, 37, 38, 39}
2024-11-30 00:13:00,122 DEBUG server.py 1156:: anlge_sHoGs={0: -0.68989396, 1: 0.7377011, 3: nan, 4: nan, 5: nan, 6: 0.7647693, 7: 0.55919963, 8: nan, 9: 0.63511974, 10: nan, 11: -0.6366025, 12: 0.67369705, 13: 0.6988165, 14: 0.5127955, 15: 0.5053967, 16: 0.567568, 17: 0.41819108, 19: nan, 21: 0.41064715, 22: 0.3451609, 23: 0.48420793, 24: 0.07229268, 25: 0.03503171, 26: 0.13617127, 27: 0.6919277, 28: 0.57142276, 29: 0.44752097, 30: 0.71657103, 31: nan, 32: 0.5783836, 33: nan, 34: 0.50115556, 35: 0.44220537, 36: 0.7072459, 37: nan, 38: 0.6015443, 39: nan}, angle_sep_nsH=0.023903608322143555
2024-11-30 00:13:00,122 INFO server.py 1168:: UNRELIABLE clients ={0, 2, 11, 18, 20, 24, 25, 26}
2024-11-30 00:13:00,399 INFO server.py 1192:: clients' sizes=[1, 2, 0, 0, 0, 2, 2, 0, 1, 0, 1, 2, 2, 2, 2, 1, 1, 0, 1, 1, 1, 1, 0, 1, 1, 1, 1, 2, 0, 2, 0, 1, 2, 1, 0, 2, 0], total=37
2024-11-30 00:13:00,419 INFO server.py 302:: [Server] The aggregation takes 0.591460 seconds.

2024-11-30 00:13:00,420 INFO server.py 186:: [Server] Start testing
2024-11-30 00:13:00,439 INFO server.py 210:: [Server] Test set: Average loss: 0.9042, Accuracy: 117/200 (58.5%)

2024-11-30 00:13:00,441 INFO server.py 213:: [Sever] Confusion matrix:
 tensor([[41.,  7.,  2.,  0.],
        [18., 18., 11.,  3.],
        [ 8., 11., 19., 12.],
        [ 0.,  5.,  6., 39.]])
2024-11-30 00:13:00,442 INFO server.py 229:: [Server] Precision=[0.6119403 0.4390244 0.5       0.7222222],
 Recall=[0.82 0.36 0.38 0.78],
 F1-score=[0.7008547  0.39560443 0.4318182  0.74999994],
 my_accuracy=58.49999785423279[%]
2024-11-30 00:13:00,443 INFO _main.py 208:: ########EPOCH 14 ########
2024-11-30 00:13:00,444 INFO _main.py 209:: ###Model distribution###
2024-11-30 00:13:01,640 INFO server.py 1014:: flip_sign_id=set()
2024-11-30 00:13:01,641 INFO server.py 1029:: ===========using shortHoGs for detecting UNTARGETED ATTACK====
2024-11-30 00:13:01,682 INFO server.py 1055:: labels cluster_sh= [0 0 0 0 0 0 0 0 0 0 0 0 0 0 0 0 0 0 0 0 0 0 0 0 0 0 0 0 0 0 0 0 0 0 0 0 0
 0 0 0]
2024-11-30 00:13:01,698 DEBUG server.py 1060:: offset_normal_ids=[ 0  1  2  3  4  5  6  7  8  9 10 11 12 13 14 15 16 17 18 19 20 21 22 23
 24 25 26 27 28 29 30 31 32 33 34 35 36 37 38 39], normal_ids=[ 0  1  2  3  4  5  6  7  8  9 10 11 12 13 14 15 16 17 18 19 20 21 22 23
 24 25 26 27 28 29 30 31 32 33 34 35 36 37 38 39]
2024-11-30 00:13:01,698 INFO server.py 1065:: SUSPECTED UNTARGETED []
2024-11-30 00:13:01,699 DEBUG server.py 1069:: suspicious_ids=[]
2024-11-30 00:13:01,699 DEBUG server.py 1078:: d_normal_sus={}, d_separate=0
2024-11-30 00:13:01,699 INFO server.py 1085:: This round UNTARGETED=set(), sus_tAtk_uRel_id0=set()
2024-11-30 00:13:01,699 INFO server.py 1103:: =======Using LONG HOGs for detecting TARGETED ATTACK========
2024-11-30 00:13:01,724 INFO server.py 118:: This round TARGETED ATTACK: [ 2 18 20]
2024-11-30 00:13:01,725 DEBUG server.py 477:: mal_ids={2, 18, 20}, pre_mal_id=defaultdict(<class 'int'>, {0: 0, 1: 0, 2: 7, 3: 0, 4: 0, 5: 0, 6: 0, 7: 0, 8: 0, 9: 0, 10: 0, 11: 0, 12: 0, 13: 0, 14: 0, 15: 0, 16: 0, 17: 0, 18: 7, 19: 0, 20: 7, 21: 0, 22: 0, 23: 0, 24: 0, 25: 0, 26: 0, 27: 0, 28: 0, 29: 0, 30: 0, 31: 0, 32: 0, 33: 0, 34: 0, 35: 0, 36: 0, 37: 0, 38: 0, 39: 0})
2024-11-30 00:13:01,726 INFO server.py 479:: FLIP-SIGN ATTACK=set()
2024-11-30 00:13:01,726 INFO server.py 480:: UNTARGETED ATTACK=set()
2024-11-30 00:13:01,726 INFO server.py 481:: TARGETED ATTACK={2, 18, 20}
2024-11-30 00:13:01,727 INFO server.py 1108:: OVERTIME MALICIOUS client ids ={2, 18, 20}
2024-11-30 00:13:01,751 INFO server.py 1154:: This round UNRELIABLE={0, 11}, normal_id={1, 3, 4, 5, 6, 7, 8, 9, 10, 12, 13, 14, 15, 16, 17, 19, 21, 22, 23, 24, 25, 26, 27, 28, 29, 30, 31, 32, 33, 34, 35, 36, 37, 38, 39}
2024-11-30 00:13:01,752 DEBUG server.py 1156:: anlge_sHoGs={0: -0.68989396, 1: 0.7377011, 3: nan, 4: nan, 5: nan, 6: 0.7647693, 7: 0.55919963, 8: nan, 9: 0.63511974, 10: nan, 11: -0.6366025, 12: 0.67369705, 13: 0.6988165, 14: 0.5127955, 15: 0.5053967, 16: 0.567568, 17: 0.41819108, 19: nan, 21: 0.41064715, 22: 0.3451609, 23: 0.48420793, 24: 0.07229268, 25: 0.03503171, 26: 0.13617127, 27: 0.6919277, 28: 0.57142276, 29: 0.44752097, 30: 0.71657103, 31: nan, 32: 0.5783836, 33: nan, 34: 0.50115556, 35: 0.44220537, 36: 0.7072459, 37: nan, 38: 0.6015443, 39: nan}, angle_sep_nsH=0.023903608322143555
2024-11-30 00:13:01,753 INFO server.py 1168:: UNRELIABLE clients ={0, 2, 11, 18, 20, 24, 25, 26}
2024-11-30 00:13:02,028 INFO server.py 1192:: clients' sizes=[1, 2, 0, 0, 0, 2, 2, 0, 1, 0, 1, 2, 2, 2, 2, 1, 1, 0, 1, 1, 1, 1, 0, 1, 1, 1, 1, 2, 0, 2, 0, 1, 2, 1, 0, 2, 0], total=37
2024-11-30 00:13:02,040 INFO server.py 302:: [Server] The aggregation takes 0.467627 seconds.

2024-11-30 00:13:02,041 INFO server.py 186:: [Server] Start testing
2024-11-30 00:13:02,054 INFO server.py 210:: [Server] Test set: Average loss: 0.8918, Accuracy: 119/200 (59.5%)

2024-11-30 00:13:02,055 INFO server.py 213:: [Sever] Confusion matrix:
 tensor([[41.,  7.,  2.,  0.],
        [17., 19., 11.,  3.],
        [ 8., 10., 20., 12.],
        [ 0.,  5.,  6., 39.]])
2024-11-30 00:13:02,056 INFO server.py 229:: [Server] Precision=[0.6212121  0.46341464 0.51282054 0.7222222 ],
 Recall=[0.82 0.38 0.4  0.78],
 F1-score=[0.7068965  0.4175824  0.4494382  0.74999994],
 my_accuracy=59.50000286102295[%]
2024-11-30 00:13:02,057 INFO _main.py 208:: ########EPOCH 15 ########
2024-11-30 00:13:02,057 INFO _main.py 209:: ###Model distribution###
2024-11-30 00:13:03,076 INFO server.py 1014:: flip_sign_id=set()
2024-11-30 00:13:03,077 INFO server.py 1029:: ===========using shortHoGs for detecting UNTARGETED ATTACK====
2024-11-30 00:13:03,119 INFO server.py 1055:: labels cluster_sh= [0 0 0 0 0 0 0 0 0 0 0 0 0 0 0 0 0 0 0 0 0 0 0 0 0 0 0 0 0 0 0 0 0 0 0 0 0
 0 0 0]
2024-11-30 00:13:03,133 DEBUG server.py 1060:: offset_normal_ids=[ 0  1  2  3  4  5  6  7  8  9 10 11 12 13 14 15 16 17 18 19 20 21 22 23
 24 25 26 27 28 29 30 31 32 33 34 35 36 37 38 39], normal_ids=[ 0  1  2  3  4  5  6  7  8  9 10 11 12 13 14 15 16 17 18 19 20 21 22 23
 24 25 26 27 28 29 30 31 32 33 34 35 36 37 38 39]
2024-11-30 00:13:03,133 INFO server.py 1065:: SUSPECTED UNTARGETED []
2024-11-30 00:13:03,134 DEBUG server.py 1069:: suspicious_ids=[]
2024-11-30 00:13:03,134 DEBUG server.py 1078:: d_normal_sus={}, d_separate=0
2024-11-30 00:13:03,134 INFO server.py 1085:: This round UNTARGETED=set(), sus_tAtk_uRel_id0=set()
2024-11-30 00:13:03,134 INFO server.py 1103:: =======Using LONG HOGs for detecting TARGETED ATTACK========
2024-11-30 00:13:03,158 INFO server.py 118:: This round TARGETED ATTACK: [ 2 18 20]
2024-11-30 00:13:03,159 DEBUG server.py 477:: mal_ids={2, 18, 20}, pre_mal_id=defaultdict(<class 'int'>, {0: 0, 1: 0, 2: 8, 3: 0, 4: 0, 5: 0, 6: 0, 7: 0, 8: 0, 9: 0, 10: 0, 11: 0, 12: 0, 13: 0, 14: 0, 15: 0, 16: 0, 17: 0, 18: 8, 19: 0, 20: 8, 21: 0, 22: 0, 23: 0, 24: 0, 25: 0, 26: 0, 27: 0, 28: 0, 29: 0, 30: 0, 31: 0, 32: 0, 33: 0, 34: 0, 35: 0, 36: 0, 37: 0, 38: 0, 39: 0})
2024-11-30 00:13:03,160 INFO server.py 479:: FLIP-SIGN ATTACK=set()
2024-11-30 00:13:03,160 INFO server.py 480:: UNTARGETED ATTACK=set()
2024-11-30 00:13:03,160 INFO server.py 481:: TARGETED ATTACK={2, 18, 20}
2024-11-30 00:13:03,161 INFO server.py 1108:: OVERTIME MALICIOUS client ids ={2, 18, 20}
2024-11-30 00:13:03,185 INFO server.py 1154:: This round UNRELIABLE={0, 11}, normal_id={1, 3, 4, 5, 6, 7, 8, 9, 10, 12, 13, 14, 15, 16, 17, 19, 21, 22, 23, 24, 25, 26, 27, 28, 29, 30, 31, 32, 33, 34, 35, 36, 37, 38, 39}
2024-11-30 00:13:03,187 DEBUG server.py 1156:: anlge_sHoGs={0: -0.68989396, 1: 0.7377011, 3: nan, 4: nan, 5: nan, 6: 0.7647693, 7: 0.55919963, 8: nan, 9: 0.63511974, 10: nan, 11: -0.6366025, 12: 0.67369705, 13: 0.6988165, 14: 0.5127955, 15: 0.5053967, 16: 0.567568, 17: 0.41819108, 19: nan, 21: 0.41064715, 22: 0.3451609, 23: 0.48420793, 24: 0.07229268, 25: 0.03503171, 26: 0.13617127, 27: 0.6919277, 28: 0.57142276, 29: 0.44752097, 30: 0.71657103, 31: nan, 32: 0.5783836, 33: nan, 34: 0.50115556, 35: 0.44220537, 36: 0.7072459, 37: nan, 38: 0.6015443, 39: nan}, angle_sep_nsH=0.023903608322143555
2024-11-30 00:13:03,187 INFO server.py 1168:: UNRELIABLE clients ={0, 2, 11, 18, 20, 24, 25, 26}
2024-11-30 00:13:03,525 INFO server.py 1192:: clients' sizes=[1, 2, 0, 0, 0, 2, 2, 0, 1, 0, 1, 2, 2, 2, 2, 1, 1, 0, 1, 1, 1, 1, 0, 1, 1, 1, 1, 2, 0, 2, 0, 1, 2, 1, 0, 2, 0], total=37
2024-11-30 00:13:03,536 INFO server.py 302:: [Server] The aggregation takes 0.530534 seconds.

2024-11-30 00:13:03,537 INFO server.py 186:: [Server] Start testing
2024-11-30 00:13:03,550 INFO server.py 210:: [Server] Test set: Average loss: 0.8845, Accuracy: 119/200 (59.5%)

2024-11-30 00:13:03,552 INFO server.py 213:: [Sever] Confusion matrix:
 tensor([[41.,  7.,  2.,  0.],
        [17., 19., 11.,  3.],
        [ 8., 10., 20., 12.],
        [ 0.,  5.,  6., 39.]])
2024-11-30 00:13:03,553 INFO server.py 229:: [Server] Precision=[0.6212121  0.46341464 0.51282054 0.7222222 ],
 Recall=[0.82 0.38 0.4  0.78],
 F1-score=[0.7068965  0.4175824  0.4494382  0.74999994],
 my_accuracy=59.50000286102295[%]
2024-11-30 00:13:03,554 INFO _main.py 208:: ########EPOCH 16 ########
2024-11-30 00:13:03,555 INFO _main.py 209:: ###Model distribution###
2024-11-30 00:13:04,615 INFO server.py 1014:: flip_sign_id=set()
2024-11-30 00:13:04,616 INFO server.py 1029:: ===========using shortHoGs for detecting UNTARGETED ATTACK====
2024-11-30 00:13:04,658 INFO server.py 1055:: labels cluster_sh= [0 0 0 0 0 0 0 0 0 0 0 0 0 0 0 0 0 0 0 0 0 0 0 0 0 0 0 0 0 0 0 0 0 0 0 0 0
 0 0 0]
2024-11-30 00:13:04,672 DEBUG server.py 1060:: offset_normal_ids=[ 0  1  2  3  4  5  6  7  8  9 10 11 12 13 14 15 16 17 18 19 20 21 22 23
 24 25 26 27 28 29 30 31 32 33 34 35 36 37 38 39], normal_ids=[ 0  1  2  3  4  5  6  7  8  9 10 11 12 13 14 15 16 17 18 19 20 21 22 23
 24 25 26 27 28 29 30 31 32 33 34 35 36 37 38 39]
2024-11-30 00:13:04,673 INFO server.py 1065:: SUSPECTED UNTARGETED []
2024-11-30 00:13:04,673 DEBUG server.py 1069:: suspicious_ids=[]
2024-11-30 00:13:04,673 DEBUG server.py 1078:: d_normal_sus={}, d_separate=0
2024-11-30 00:13:04,674 INFO server.py 1085:: This round UNTARGETED=set(), sus_tAtk_uRel_id0=set()
2024-11-30 00:13:04,674 INFO server.py 1103:: =======Using LONG HOGs for detecting TARGETED ATTACK========
2024-11-30 00:13:04,696 INFO server.py 118:: This round TARGETED ATTACK: [ 2 18 20]
2024-11-30 00:13:04,702 DEBUG server.py 477:: mal_ids={2, 18, 20}, pre_mal_id=defaultdict(<class 'int'>, {0: 0, 1: 0, 2: 9, 3: 0, 4: 0, 5: 0, 6: 0, 7: 0, 8: 0, 9: 0, 10: 0, 11: 0, 12: 0, 13: 0, 14: 0, 15: 0, 16: 0, 17: 0, 18: 9, 19: 0, 20: 9, 21: 0, 22: 0, 23: 0, 24: 0, 25: 0, 26: 0, 27: 0, 28: 0, 29: 0, 30: 0, 31: 0, 32: 0, 33: 0, 34: 0, 35: 0, 36: 0, 37: 0, 38: 0, 39: 0})
2024-11-30 00:13:04,703 INFO server.py 479:: FLIP-SIGN ATTACK=set()
2024-11-30 00:13:04,703 INFO server.py 480:: UNTARGETED ATTACK=set()
2024-11-30 00:13:04,703 INFO server.py 481:: TARGETED ATTACK={2, 18, 20}
2024-11-30 00:13:04,703 INFO server.py 1108:: OVERTIME MALICIOUS client ids ={2, 18, 20}
2024-11-30 00:13:04,728 INFO server.py 1154:: This round UNRELIABLE={0, 11}, normal_id={1, 3, 4, 5, 6, 7, 8, 9, 10, 12, 13, 14, 15, 16, 17, 19, 21, 22, 23, 24, 25, 26, 27, 28, 29, 30, 31, 32, 33, 34, 35, 36, 37, 38, 39}
2024-11-30 00:13:04,730 DEBUG server.py 1156:: anlge_sHoGs={0: -0.68989396, 1: 0.7377011, 3: nan, 4: nan, 5: nan, 6: 0.7647693, 7: 0.55919963, 8: nan, 9: 0.63511974, 10: nan, 11: -0.6366025, 12: 0.67369705, 13: 0.6988165, 14: 0.5127955, 15: 0.5053967, 16: 0.567568, 17: 0.41819108, 19: nan, 21: 0.41064715, 22: 0.3451609, 23: 0.48420793, 24: 0.07229268, 25: 0.03503171, 26: 0.13617127, 27: 0.6919277, 28: 0.57142276, 29: 0.44752097, 30: 0.71657103, 31: nan, 32: 0.5783836, 33: nan, 34: 0.50115556, 35: 0.44220537, 36: 0.7072459, 37: nan, 38: 0.6015443, 39: nan}, angle_sep_nsH=0.023903608322143555
2024-11-30 00:13:04,730 INFO server.py 1168:: UNRELIABLE clients ={0, 2, 11, 18, 20, 24, 25, 26}
2024-11-30 00:13:04,974 INFO server.py 1192:: clients' sizes=[1, 2, 0, 0, 0, 2, 2, 0, 1, 0, 1, 2, 2, 2, 2, 1, 1, 0, 1, 1, 1, 1, 0, 1, 1, 1, 1, 2, 0, 2, 0, 1, 2, 1, 0, 2, 0], total=37
2024-11-30 00:13:04,983 INFO server.py 302:: [Server] The aggregation takes 0.439032 seconds.

2024-11-30 00:13:04,984 INFO server.py 186:: [Server] Start testing
2024-11-30 00:13:04,996 INFO server.py 210:: [Server] Test set: Average loss: 0.8766, Accuracy: 119/200 (59.5%)

2024-11-30 00:13:04,997 INFO server.py 213:: [Sever] Confusion matrix:
 tensor([[41.,  7.,  2.,  0.],
        [17., 19., 11.,  3.],
        [ 8., 10., 20., 12.],
        [ 0.,  5.,  6., 39.]])
2024-11-30 00:13:04,998 INFO server.py 229:: [Server] Precision=[0.6212121  0.46341464 0.51282054 0.7222222 ],
 Recall=[0.82 0.38 0.4  0.78],
 F1-score=[0.7068965  0.4175824  0.4494382  0.74999994],
 my_accuracy=59.50000286102295[%]
2024-11-30 00:13:04,999 INFO _main.py 208:: ########EPOCH 17 ########
2024-11-30 00:13:04,999 INFO _main.py 209:: ###Model distribution###
2024-11-30 00:13:06,014 INFO server.py 1014:: flip_sign_id=set()
2024-11-30 00:13:06,015 INFO server.py 1029:: ===========using shortHoGs for detecting UNTARGETED ATTACK====
2024-11-30 00:13:06,056 INFO server.py 1055:: labels cluster_sh= [0 0 0 0 0 0 0 0 0 0 0 0 0 0 0 0 0 0 0 0 0 0 0 0 0 0 0 0 0 0 0 0 0 0 0 0 0
 0 0 0]
2024-11-30 00:13:06,070 DEBUG server.py 1060:: offset_normal_ids=[ 0  1  2  3  4  5  6  7  8  9 10 11 12 13 14 15 16 17 18 19 20 21 22 23
 24 25 26 27 28 29 30 31 32 33 34 35 36 37 38 39], normal_ids=[ 0  1  2  3  4  5  6  7  8  9 10 11 12 13 14 15 16 17 18 19 20 21 22 23
 24 25 26 27 28 29 30 31 32 33 34 35 36 37 38 39]
2024-11-30 00:13:06,071 INFO server.py 1065:: SUSPECTED UNTARGETED []
2024-11-30 00:13:06,071 DEBUG server.py 1069:: suspicious_ids=[]
2024-11-30 00:13:06,071 DEBUG server.py 1078:: d_normal_sus={}, d_separate=0
2024-11-30 00:13:06,072 INFO server.py 1085:: This round UNTARGETED=set(), sus_tAtk_uRel_id0=set()
2024-11-30 00:13:06,072 INFO server.py 1103:: =======Using LONG HOGs for detecting TARGETED ATTACK========
2024-11-30 00:13:06,086 INFO server.py 118:: This round TARGETED ATTACK: [ 2 18 20]
2024-11-30 00:13:06,087 DEBUG server.py 477:: mal_ids={2, 18, 20}, pre_mal_id=defaultdict(<class 'int'>, {0: 0, 1: 0, 2: 10, 3: 0, 4: 0, 5: 0, 6: 0, 7: 0, 8: 0, 9: 0, 10: 0, 11: 0, 12: 0, 13: 0, 14: 0, 15: 0, 16: 0, 17: 0, 18: 10, 19: 0, 20: 10, 21: 0, 22: 0, 23: 0, 24: 0, 25: 0, 26: 0, 27: 0, 28: 0, 29: 0, 30: 0, 31: 0, 32: 0, 33: 0, 34: 0, 35: 0, 36: 0, 37: 0, 38: 0, 39: 0})
2024-11-30 00:13:06,087 INFO server.py 479:: FLIP-SIGN ATTACK=set()
2024-11-30 00:13:06,087 INFO server.py 480:: UNTARGETED ATTACK=set()
2024-11-30 00:13:06,087 INFO server.py 481:: TARGETED ATTACK={2, 18, 20}
2024-11-30 00:13:06,087 INFO server.py 1108:: OVERTIME MALICIOUS client ids ={2, 18, 20}
2024-11-30 00:13:06,100 INFO server.py 1154:: This round UNRELIABLE={0, 11}, normal_id={1, 3, 4, 5, 6, 7, 8, 9, 10, 12, 13, 14, 15, 16, 17, 19, 21, 22, 23, 24, 25, 26, 27, 28, 29, 30, 31, 32, 33, 34, 35, 36, 37, 38, 39}
2024-11-30 00:13:06,101 DEBUG server.py 1156:: anlge_sHoGs={0: -0.68989396, 1: 0.7377011, 3: nan, 4: nan, 5: nan, 6: 0.7647693, 7: 0.55919963, 8: nan, 9: 0.63511974, 10: nan, 11: -0.6366025, 12: 0.67369705, 13: 0.6988165, 14: 0.5127955, 15: 0.5053967, 16: 0.567568, 17: 0.41819108, 19: nan, 21: 0.41064715, 22: 0.3451609, 23: 0.48420793, 24: 0.07229268, 25: 0.03503171, 26: 0.13617127, 27: 0.6919277, 28: 0.57142276, 29: 0.44752097, 30: 0.71657103, 31: nan, 32: 0.5783836, 33: nan, 34: 0.50115556, 35: 0.44220537, 36: 0.7072459, 37: nan, 38: 0.6015443, 39: nan}, angle_sep_nsH=0.023903608322143555
2024-11-30 00:13:06,101 INFO server.py 1168:: UNRELIABLE clients ={0, 2, 11, 18, 20, 24, 25, 26}
2024-11-30 00:13:06,372 INFO server.py 1192:: clients' sizes=[1, 2, 0, 0, 0, 2, 2, 0, 1, 0, 1, 2, 2, 2, 2, 1, 1, 0, 1, 1, 1, 1, 0, 1, 1, 1, 1, 2, 0, 2, 0, 1, 2, 1, 0, 2, 0], total=37
2024-11-30 00:13:06,387 INFO server.py 302:: [Server] The aggregation takes 0.443180 seconds.

2024-11-30 00:13:06,388 INFO server.py 186:: [Server] Start testing
2024-11-30 00:13:06,404 INFO server.py 210:: [Server] Test set: Average loss: 0.8676, Accuracy: 121/200 (60.5%)

2024-11-30 00:13:06,405 INFO server.py 213:: [Sever] Confusion matrix:
 tensor([[41.,  7.,  2.,  0.],
        [16., 21., 10.,  3.],
        [ 6., 12., 20., 12.],
        [ 0.,  5.,  6., 39.]])
2024-11-30 00:13:06,407 INFO server.py 229:: [Server] Precision=[0.6507937  0.46666667 0.5263158  0.7222222 ],
 Recall=[0.82 0.42 0.4  0.78],
 F1-score=[0.7256637  0.44210526 0.4545455  0.74999994],
 my_accuracy=60.50000190734863[%]
2024-11-30 00:13:06,407 INFO _main.py 208:: ########EPOCH 18 ########
2024-11-30 00:13:06,408 INFO _main.py 209:: ###Model distribution###
2024-11-30 00:13:07,431 INFO server.py 1014:: flip_sign_id=set()
2024-11-30 00:13:07,432 INFO server.py 1029:: ===========using shortHoGs for detecting UNTARGETED ATTACK====
2024-11-30 00:13:07,473 INFO server.py 1055:: labels cluster_sh= [0 0 0 0 0 0 0 0 0 0 0 0 0 0 0 0 0 0 0 0 0 0 0 0 0 0 0 0 0 0 0 0 0 0 0 0 0
 0 0 0]
2024-11-30 00:13:07,488 DEBUG server.py 1060:: offset_normal_ids=[ 0  1  2  3  4  5  6  7  8  9 10 11 12 13 14 15 16 17 18 19 20 21 22 23
 24 25 26 27 28 29 30 31 32 33 34 35 36 37 38 39], normal_ids=[ 0  1  2  3  4  5  6  7  8  9 10 11 12 13 14 15 16 17 18 19 20 21 22 23
 24 25 26 27 28 29 30 31 32 33 34 35 36 37 38 39]
2024-11-30 00:13:07,488 INFO server.py 1065:: SUSPECTED UNTARGETED []
2024-11-30 00:13:07,489 DEBUG server.py 1069:: suspicious_ids=[]
2024-11-30 00:13:07,489 DEBUG server.py 1078:: d_normal_sus={}, d_separate=0
2024-11-30 00:13:07,489 INFO server.py 1085:: This round UNTARGETED=set(), sus_tAtk_uRel_id0=set()
2024-11-30 00:13:07,489 INFO server.py 1103:: =======Using LONG HOGs for detecting TARGETED ATTACK========
2024-11-30 00:13:07,511 INFO server.py 118:: This round TARGETED ATTACK: [ 2 18 20]
2024-11-30 00:13:07,514 DEBUG server.py 477:: mal_ids={2, 18, 20}, pre_mal_id=defaultdict(<class 'int'>, {0: 0, 1: 0, 2: 11, 3: 0, 4: 0, 5: 0, 6: 0, 7: 0, 8: 0, 9: 0, 10: 0, 11: 0, 12: 0, 13: 0, 14: 0, 15: 0, 16: 0, 17: 0, 18: 11, 19: 0, 20: 11, 21: 0, 22: 0, 23: 0, 24: 0, 25: 0, 26: 0, 27: 0, 28: 0, 29: 0, 30: 0, 31: 0, 32: 0, 33: 0, 34: 0, 35: 0, 36: 0, 37: 0, 38: 0, 39: 0})
2024-11-30 00:13:07,515 INFO server.py 479:: FLIP-SIGN ATTACK=set()
2024-11-30 00:13:07,515 INFO server.py 480:: UNTARGETED ATTACK=set()
2024-11-30 00:13:07,515 INFO server.py 481:: TARGETED ATTACK={2, 18, 20}
2024-11-30 00:13:07,516 INFO server.py 1108:: OVERTIME MALICIOUS client ids ={2, 18, 20}
2024-11-30 00:13:07,540 INFO server.py 1154:: This round UNRELIABLE={0, 11}, normal_id={1, 3, 4, 5, 6, 7, 8, 9, 10, 12, 13, 14, 15, 16, 17, 19, 21, 22, 23, 24, 25, 26, 27, 28, 29, 30, 31, 32, 33, 34, 35, 36, 37, 38, 39}
2024-11-30 00:13:07,541 DEBUG server.py 1156:: anlge_sHoGs={0: -0.68989396, 1: 0.7377011, 3: nan, 4: nan, 5: nan, 6: 0.7647693, 7: 0.55919963, 8: nan, 9: 0.63511974, 10: nan, 11: -0.6366025, 12: 0.67369705, 13: 0.6988165, 14: 0.5127955, 15: 0.5053967, 16: 0.567568, 17: 0.41819108, 19: nan, 21: 0.41064715, 22: 0.3451609, 23: 0.48420793, 24: 0.07229268, 25: 0.03503171, 26: 0.13617127, 27: 0.6919277, 28: 0.57142276, 29: 0.44752097, 30: 0.71657103, 31: nan, 32: 0.5783836, 33: nan, 34: 0.50115556, 35: 0.44220537, 36: 0.7072459, 37: nan, 38: 0.6015443, 39: nan}, angle_sep_nsH=0.023903608322143555
2024-11-30 00:13:07,542 INFO server.py 1168:: UNRELIABLE clients ={0, 2, 11, 18, 20, 24, 25, 26}
2024-11-30 00:13:07,796 INFO server.py 1192:: clients' sizes=[1, 2, 0, 0, 0, 2, 2, 0, 1, 0, 1, 2, 2, 2, 2, 1, 1, 0, 1, 1, 1, 1, 0, 1, 1, 1, 1, 2, 0, 2, 0, 1, 2, 1, 0, 2, 0], total=37
2024-11-30 00:13:07,806 INFO server.py 302:: [Server] The aggregation takes 0.444042 seconds.

2024-11-30 00:13:07,807 INFO server.py 186:: [Server] Start testing
2024-11-30 00:13:07,819 INFO server.py 210:: [Server] Test set: Average loss: 0.8591, Accuracy: 124/200 (62.0%)

2024-11-30 00:13:07,820 INFO server.py 213:: [Sever] Confusion matrix:
 tensor([[44.,  4.,  2.,  0.],
        [16., 21., 10.,  3.],
        [ 6., 12., 20., 12.],
        [ 0.,  5.,  6., 39.]])
2024-11-30 00:13:07,821 INFO server.py 229:: [Server] Precision=[0.6666667 0.5       0.5263158 0.7222222],
 Recall=[0.88 0.42 0.4  0.78],
 F1-score=[0.75862074 0.45652175 0.4545455  0.74999994],
 my_accuracy=62.00000047683716[%]
2024-11-30 00:13:07,822 INFO _main.py 208:: ########EPOCH 19 ########
2024-11-30 00:13:07,823 INFO _main.py 209:: ###Model distribution###
2024-11-30 00:13:09,003 INFO server.py 1014:: flip_sign_id=set()
2024-11-30 00:13:09,003 INFO server.py 1029:: ===========using shortHoGs for detecting UNTARGETED ATTACK====
2024-11-30 00:13:09,045 INFO server.py 1055:: labels cluster_sh= [0 0 0 0 0 0 0 0 0 0 0 0 0 0 0 0 0 0 0 0 0 0 0 0 0 0 0 0 0 0 0 0 0 0 0 0 0
 0 0 0]
2024-11-30 00:13:09,059 DEBUG server.py 1060:: offset_normal_ids=[ 0  1  2  3  4  5  6  7  8  9 10 11 12 13 14 15 16 17 18 19 20 21 22 23
 24 25 26 27 28 29 30 31 32 33 34 35 36 37 38 39], normal_ids=[ 0  1  2  3  4  5  6  7  8  9 10 11 12 13 14 15 16 17 18 19 20 21 22 23
 24 25 26 27 28 29 30 31 32 33 34 35 36 37 38 39]
2024-11-30 00:13:09,060 INFO server.py 1065:: SUSPECTED UNTARGETED []
2024-11-30 00:13:09,060 DEBUG server.py 1069:: suspicious_ids=[]
2024-11-30 00:13:09,060 DEBUG server.py 1078:: d_normal_sus={}, d_separate=0
2024-11-30 00:13:09,060 INFO server.py 1085:: This round UNTARGETED=set(), sus_tAtk_uRel_id0=set()
2024-11-30 00:13:09,061 INFO server.py 1103:: =======Using LONG HOGs for detecting TARGETED ATTACK========
2024-11-30 00:13:09,077 INFO server.py 118:: This round TARGETED ATTACK: [ 2 18 20]
2024-11-30 00:13:09,077 DEBUG server.py 477:: mal_ids={2, 18, 20}, pre_mal_id=defaultdict(<class 'int'>, {0: 0, 1: 0, 2: 12, 3: 0, 4: 0, 5: 0, 6: 0, 7: 0, 8: 0, 9: 0, 10: 0, 11: 0, 12: 0, 13: 0, 14: 0, 15: 0, 16: 0, 17: 0, 18: 12, 19: 0, 20: 12, 21: 0, 22: 0, 23: 0, 24: 0, 25: 0, 26: 0, 27: 0, 28: 0, 29: 0, 30: 0, 31: 0, 32: 0, 33: 0, 34: 0, 35: 0, 36: 0, 37: 0, 38: 0, 39: 0})
2024-11-30 00:13:09,077 INFO server.py 479:: FLIP-SIGN ATTACK=set()
2024-11-30 00:13:09,078 INFO server.py 480:: UNTARGETED ATTACK=set()
2024-11-30 00:13:09,078 INFO server.py 481:: TARGETED ATTACK={2, 18, 20}
2024-11-30 00:13:09,078 INFO server.py 1108:: OVERTIME MALICIOUS client ids ={2, 18, 20}
2024-11-30 00:13:09,090 INFO server.py 1154:: This round UNRELIABLE={0, 11}, normal_id={1, 3, 4, 5, 6, 7, 8, 9, 10, 12, 13, 14, 15, 16, 17, 19, 21, 22, 23, 24, 25, 26, 27, 28, 29, 30, 31, 32, 33, 34, 35, 36, 37, 38, 39}
2024-11-30 00:13:09,091 DEBUG server.py 1156:: anlge_sHoGs={0: -0.68989396, 1: 0.7377011, 3: nan, 4: nan, 5: nan, 6: 0.7647693, 7: 0.55919963, 8: nan, 9: 0.63511974, 10: nan, 11: -0.6366025, 12: 0.67369705, 13: 0.6988165, 14: 0.5127955, 15: 0.5053967, 16: 0.567568, 17: 0.41819108, 19: nan, 21: 0.41064715, 22: 0.3451609, 23: 0.48420793, 24: 0.07229268, 25: 0.03503171, 26: 0.13617127, 27: 0.6919277, 28: 0.57142276, 29: 0.44752097, 30: 0.71657103, 31: nan, 32: 0.5783836, 33: nan, 34: 0.50115556, 35: 0.44220537, 36: 0.7072459, 37: nan, 38: 0.6015443, 39: nan}, angle_sep_nsH=0.023903608322143555
2024-11-30 00:13:09,091 INFO server.py 1168:: UNRELIABLE clients ={0, 11, 24, 25, 26}
2024-11-30 00:13:09,331 INFO server.py 1192:: clients' sizes=[1, 2, 0, 0, 0, 2, 2, 0, 1, 0, 1, 2, 2, 2, 2, 1, 1, 0, 1, 1, 1, 1, 0, 1, 1, 1, 1, 2, 0, 2, 0, 1, 2, 1, 0, 2, 0], total=37
2024-11-30 00:13:09,340 INFO server.py 302:: [Server] The aggregation takes 0.408477 seconds.

2024-11-30 00:13:09,407 INFO server.py 186:: [Server] Start testing
2024-11-30 00:13:09,430 INFO server.py 210:: [Server] Test set: Average loss: 0.8548, Accuracy: 122/200 (61.0%)

2024-11-30 00:13:09,431 INFO server.py 213:: [Sever] Confusion matrix:
 tensor([[44.,  4.,  2.,  0.],
        [17., 20., 10.,  3.],
        [ 7., 12., 19., 12.],
        [ 0.,  5.,  6., 39.]])
2024-11-30 00:13:09,433 INFO server.py 229:: [Server] Precision=[0.64705884 0.4878049  0.5135135  0.7222222 ],
 Recall=[0.88 0.4  0.38 0.78],
 F1-score=[0.7457627  0.43956047 0.43678162 0.74999994],
 my_accuracy=61.000001430511475[%]
