2024-12-01 15:01:09,678 INFO _main.py 39:: ################################################################
2024-12-01 15:01:09,679 INFO _main.py 41:: #                              batch_size: 64                  #
2024-12-01 15:01:09,679 INFO _main.py 41:: #                         test_batch_size: 64                  #
2024-12-01 15:01:09,679 INFO _main.py 41:: #                                  epochs: 10                  #
2024-12-01 15:01:09,679 INFO _main.py 41:: #                               optimizer: SGD                 #
2024-12-01 15:01:09,680 INFO _main.py 41:: #                                      lr: 0.01                #
2024-12-01 15:01:09,680 INFO _main.py 41:: #                                momentum: 0.9                 #
2024-12-01 15:01:09,680 INFO _main.py 41:: #                            weight_decay: 0.0001              #
2024-12-01 15:01:09,680 INFO _main.py 41:: #                                    seed: 1                   #
2024-12-01 15:01:09,680 INFO _main.py 41:: #                            log_interval: 11                  #
2024-12-01 15:01:09,680 INFO _main.py 41:: #                             num_clients: 40                  #
2024-12-01 15:01:09,680 INFO _main.py 41:: #                           output_folder: experiments         #
2024-12-01 15:01:09,681 INFO _main.py 41:: #                                 dataset: rockburst           #
2024-12-01 15:01:09,681 INFO _main.py 41:: #                             loader_type: dirichlet           #
2024-12-01 15:01:09,681 INFO _main.py 41:: #                             loader_path: ./data/loader.pk    #
2024-12-01 15:01:09,681 INFO _main.py 41:: #                                      AR: mudhog              #
2024-12-01 15:01:09,684 INFO _main.py 41:: #                     n_attacker_backdoor: 0                   #
2024-12-01 15:01:09,684 INFO _main.py 41:: #                        backdoor_trigger: [0, 0, 1, 1]        #
2024-12-01 15:01:09,684 INFO _main.py 41:: #                   n_attacker_omniscient: 0                   #
2024-12-01 15:01:09,684 INFO _main.py 41:: #                        omniscient_scale: 1                   #
2024-12-01 15:01:09,684 INFO _main.py 41:: #                                 attacks: None                #
2024-12-01 15:01:09,685 INFO _main.py 41:: #                      save_model_weights: False               #
2024-12-01 15:01:09,685 INFO _main.py 41:: #                         experiment_name: sExp4Ba_40ep_rockburst_mudhog_40C_5#
2024-12-01 15:01:09,685 INFO _main.py 41:: #                          path_to_aggNet: None                #
2024-12-01 15:01:09,685 INFO _main.py 41:: #                                  device: cpu                 #
2024-12-01 15:01:09,685 INFO _main.py 41:: #                            inner_epochs: 4                   #
2024-12-01 15:01:09,685 INFO _main.py 41:: #                                 verbose: True                #
2024-12-01 15:01:09,686 INFO _main.py 41:: #                         list_unreliable: [2, 18, 20]         #
2024-12-01 15:01:09,686 INFO _main.py 41:: #                     unreliable_fraction: 0.5                 #
2024-12-01 15:01:09,686 INFO _main.py 41:: #                    unreliable_fracTrain: 0.3                 #
2024-12-01 15:01:09,686 INFO _main.py 41:: #                         mean_unreliable: 0.0                 #
2024-12-01 15:01:09,686 INFO _main.py 41:: #                             blur_method: add_noise           #
2024-12-01 15:01:09,686 INFO _main.py 41:: #                      max_std_unreliable: 30.0                #
2024-12-01 15:01:09,686 INFO _main.py 41:: #                     list_uatk_add_noise: [24, 25, 26]        #
2024-12-01 15:01:09,687 INFO _main.py 41:: #                          mean_add_noise: 0.0                 #
2024-12-01 15:01:09,687 INFO _main.py 41:: #                           std_add_noise: 0.01                #
2024-12-01 15:01:09,687 INFO _main.py 41:: #                     list_uatk_flip_sign: [0, 10, 11]         #
2024-12-01 15:01:09,687 INFO _main.py 42:: ################################################################
2024-12-01 15:01:09,687 INFO _main.py 43:: Namespace(batch_size=64, test_batch_size=64, epochs=10, optimizer='SGD', lr=0.01, momentum=0.9, weight_decay=0.0001, seed=1, log_interval=11, num_clients=40, output_folder='experiments', dataset='rockburst', loader_type='dirichlet', loader_path='./data/loader.pk', AR='mudhog', n_attacker_backdoor=0, backdoor_trigger=[0, 0, 1, 1], n_attacker_omniscient=0, omniscient_scale=1, attacks=None, save_model_weights=False, experiment_name='sExp4Ba_40ep_rockburst_mudhog_40C_5', path_to_aggNet=None, device='cpu', inner_epochs=4, verbose=True, list_unreliable=[2, 18, 20], unreliable_fraction=0.5, unreliable_fracTrain=0.3, mean_unreliable=0.0, blur_method='add_noise', max_std_unreliable=30.0, list_uatk_add_noise=[24, 25, 26], mean_add_noise=0.0, std_add_noise=0.01, list_uatk_flip_sign=[0, 10, 11])
2024-12-01 15:01:09,690 INFO _main.py 44:: #####################
2024-12-01 15:01:09,690 INFO _main.py 45:: #####################
2024-12-01 15:01:09,690 INFO _main.py 46:: #####################
2024-12-01 15:01:09,690 INFO _main.py 47:: Aggregation Rule:	mudhog
2024-12-01 15:01:09,690 INFO _main.py 48:: Data distribution:	dirichlet
2024-12-01 15:01:09,691 INFO _main.py 49:: Attacks:	None 
2024-12-01 15:01:09,691 INFO _main.py 50:: #####################
2024-12-01 15:01:09,691 INFO _main.py 51:: #####################
2024-12-01 15:01:09,691 INFO _main.py 52:: #####################
2024-12-01 15:01:11,863 INFO server.py 341:: SET DBSCAN eps=1.3, min_samples=10
2024-12-01 15:01:11,868 INFO _main.py 134:: [1-normal, 0-malicious] label =tensor([0., 1., 1., 1., 1., 1., 1., 1., 1., 1., 0., 0., 1., 1., 1., 1., 1., 1.,
        1., 1., 1., 1., 1., 1., 0., 0., 0., 1., 1., 1., 1., 1., 1., 1., 1., 1.,
        1., 1., 1., 1.])
2024-12-01 15:01:11,875 INFO malicious_clients.py 101:: init ATTACK OMNISCIENT Client 0
2024-12-01 15:01:11,882 INFO malicious_clients.py 18:: init UNRELIABLE Client 2
2024-12-01 15:01:11,925 INFO malicious_clients.py 101:: init ATTACK OMNISCIENT Client 10
2024-12-01 15:01:11,930 INFO malicious_clients.py 101:: init ATTACK OMNISCIENT Client 11
2024-12-01 15:01:11,961 INFO malicious_clients.py 18:: init UNRELIABLE Client 18
2024-12-01 15:01:11,972 INFO malicious_clients.py 18:: init UNRELIABLE Client 20
2024-12-01 15:01:11,999 INFO malicious_clients.py 73:: init ATTACK ADD NOISE TO GRAD Client 24
2024-12-01 15:01:12,004 INFO malicious_clients.py 73:: init ATTACK ADD NOISE TO GRAD Client 25
2024-12-01 15:01:12,009 INFO malicious_clients.py 73:: init ATTACK ADD NOISE TO GRAD Client 26
2024-12-01 15:01:12,100 INFO server.py 186:: [Server] Start testing
2024-12-01 15:01:12,126 INFO server.py 210:: [Server] Test set: Average loss: 1.3864, Accuracy: 50/200 (25.0%)

2024-12-01 15:01:12,128 INFO server.py 213:: [Sever] Confusion matrix:
 tensor([[50.,  0.,  0.,  0.],
        [50.,  0.,  0.,  0.],
        [50.,  0.,  0.,  0.],
        [50.,  0.,  0.,  0.]])
2024-12-01 15:01:12,136 INFO server.py 229:: [Server] Precision=[0.25  nan  nan  nan],
 Recall=[1. 0. 0. 0.],
 F1-score=[0.4 nan nan nan],
 my_accuracy=25.0[%]
2024-12-01 15:01:12,140 INFO _main.py 208:: ########EPOCH 0 ########
2024-12-01 15:01:12,141 INFO _main.py 209:: ###Model distribution###
2024-12-01 15:01:13,102 INFO server.py 1193:: clients' sizes=[1, 2, 1, 0, 0, 0, 2, 2, 0, 1, 0, 1, 2, 2, 2, 2, 1, 1, 2, 0, 1, 1, 1, 1, 1, 0, 1, 1, 1, 1, 2, 0, 2, 0, 1, 2, 1, 0, 2, 0], total=41
2024-12-01 15:01:13,138 INFO server.py 302:: [Server] The aggregation takes 0.329192 seconds.

2024-12-01 15:01:13,139 INFO server.py 186:: [Server] Start testing
2024-12-01 15:01:13,157 INFO server.py 210:: [Server] Test set: Average loss: 1.3840, Accuracy: 50/200 (25.0%)

2024-12-01 15:01:13,158 INFO server.py 213:: [Sever] Confusion matrix:
 tensor([[50.,  0.,  0.,  0.],
        [50.,  0.,  0.,  0.],
        [50.,  0.,  0.,  0.],
        [50.,  0.,  0.,  0.]])
2024-12-01 15:01:13,160 INFO server.py 229:: [Server] Precision=[0.25  nan  nan  nan],
 Recall=[1. 0. 0. 0.],
 F1-score=[0.4 nan nan nan],
 my_accuracy=25.0[%]
2024-12-01 15:01:13,161 INFO _main.py 208:: ########EPOCH 1 ########
2024-12-01 15:01:13,162 INFO _main.py 209:: ###Model distribution###
2024-12-01 15:01:14,104 INFO server.py 1193:: clients' sizes=[1, 2, 1, 0, 0, 0, 2, 2, 0, 1, 0, 1, 2, 2, 2, 2, 1, 1, 2, 0, 1, 1, 1, 1, 1, 0, 1, 1, 1, 1, 2, 0, 2, 0, 1, 2, 1, 0, 2, 0], total=41
2024-12-01 15:01:14,158 INFO server.py 302:: [Server] The aggregation takes 0.351876 seconds.

2024-12-01 15:01:14,164 INFO server.py 186:: [Server] Start testing
2024-12-01 15:01:14,224 INFO server.py 210:: [Server] Test set: Average loss: 1.3795, Accuracy: 50/200 (25.0%)

2024-12-01 15:01:14,230 INFO server.py 213:: [Sever] Confusion matrix:
 tensor([[50.,  0.,  0.,  0.],
        [50.,  0.,  0.,  0.],
        [50.,  0.,  0.,  0.],
        [50.,  0.,  0.,  0.]])
2024-12-01 15:01:14,238 INFO server.py 229:: [Server] Precision=[0.25  nan  nan  nan],
 Recall=[1. 0. 0. 0.],
 F1-score=[0.4 nan nan nan],
 my_accuracy=25.0[%]
2024-12-01 15:01:14,246 INFO _main.py 208:: ########EPOCH 2 ########
2024-12-01 15:01:14,250 INFO _main.py 209:: ###Model distribution###
2024-12-01 15:01:15,417 INFO server.py 1193:: clients' sizes=[1, 2, 1, 0, 0, 0, 2, 2, 0, 1, 0, 1, 2, 2, 2, 2, 1, 1, 2, 0, 1, 1, 1, 1, 1, 0, 1, 1, 1, 1, 2, 0, 2, 0, 1, 2, 1, 0, 2, 0], total=41
2024-12-01 15:01:15,428 INFO server.py 302:: [Server] The aggregation takes 0.345127 seconds.

2024-12-01 15:01:15,429 INFO server.py 186:: [Server] Start testing
2024-12-01 15:01:15,445 INFO server.py 210:: [Server] Test set: Average loss: 1.3739, Accuracy: 50/200 (25.0%)

2024-12-01 15:01:15,446 INFO server.py 213:: [Sever] Confusion matrix:
 tensor([[50.,  0.,  0.,  0.],
        [50.,  0.,  0.,  0.],
        [50.,  0.,  0.,  0.],
        [50.,  0.,  0.,  0.]])
2024-12-01 15:01:15,448 INFO server.py 229:: [Server] Precision=[0.25  nan  nan  nan],
 Recall=[1. 0. 0. 0.],
 F1-score=[0.4 nan nan nan],
 my_accuracy=25.0[%]
2024-12-01 15:01:15,449 INFO _main.py 208:: ########EPOCH 3 ########
2024-12-01 15:01:15,449 INFO _main.py 209:: ###Model distribution###
2024-12-01 15:01:15,983 INFO server.py 542:: flip_sign_id={0, 2, 11}
2024-12-01 15:01:15,984 INFO server.py 557:: ===========using shortHoGs for detecting UNTARGETED ATTACK====
2024-12-01 15:01:16,103 INFO server.py 583:: labels cluster_sh= [0 0 0 0 0 0 0 0 0 0 0 0 0 0 0 0 0 0 0 0 0 0 0 0 0 0 0 0 0 0 0 0 0 0 0 0 0]
2024-12-01 15:01:16,117 DEBUG server.py 588:: offset_normal_ids=[ 0  1  2  3  4  5  6  7  8  9 10 11 12 13 14 15 16 17 18 19 20 21 22 23
 24 25 26 27 28 29 30 31 32 33 34 35 36], normal_ids=[ 1  3  4  5  6  7  8  9 10 12 13 14 15 16 17 18 19 20 21 22 23 24 25 26
 27 28 29 30 31 32 33 34 35 36 37 38 39]
2024-12-01 15:01:16,117 INFO server.py 593:: SUSPECTED UNTARGETED []
2024-12-01 15:01:16,118 DEBUG server.py 597:: suspicious_ids=[]
2024-12-01 15:01:16,118 DEBUG server.py 606:: d_normal_sus={}, d_separate=0
2024-12-01 15:01:16,118 INFO server.py 613:: This round UNTARGETED=set(), sus_tAtk_uRel_id0=set()
2024-12-01 15:01:16,118 INFO server.py 631:: =======Using LONG HOGs for detecting TARGETED ATTACK========
2024-12-01 15:01:16,142 INFO server.py 118:: This round TARGETED ATTACK: [26]
2024-12-01 15:01:16,147 DEBUG server.py 477:: mal_ids=set(), pre_mal_id=defaultdict(<class 'int'>, {0: 1, 1: 0, 2: 1, 3: 0, 4: 0, 5: 0, 6: 0, 7: 0, 8: 0, 9: 0, 10: 0, 11: 1, 12: 0, 13: 0, 14: 0, 15: 0, 16: 0, 17: 0, 18: 0, 19: 0, 20: 0, 21: 0, 22: 0, 23: 0, 24: 0, 25: 0, 26: 1, 27: 0, 28: 0, 29: 0, 30: 0, 31: 0, 32: 0, 33: 0, 34: 0, 35: 0, 36: 0, 37: 0, 38: 0, 39: 0})
2024-12-01 15:01:16,148 INFO server.py 479:: FLIP-SIGN ATTACK=set()
2024-12-01 15:01:16,148 INFO server.py 480:: UNTARGETED ATTACK=set()
2024-12-01 15:01:16,148 INFO server.py 481:: TARGETED ATTACK=set()
2024-12-01 15:01:16,148 INFO server.py 636:: OVERTIME MALICIOUS client ids =set()
2024-12-01 15:01:16,172 INFO server.py 682:: This round UNRELIABLE={18, 20, 24, 25, 26}, normal_id={1, 3, 4, 5, 6, 7, 8, 9, 10, 12, 13, 14, 15, 16, 17, 19, 21, 22, 23, 27, 28, 29, 30, 31, 32, 33, 34, 35, 36, 37, 38, 39}
2024-12-01 15:01:16,174 DEBUG server.py 684:: anlge_sHoGs={1: 0.60406667, 3: nan, 4: nan, 5: nan, 6: 0.64550626, 7: 0.32947683, 8: nan, 9: 0.5905068, 10: nan, 12: 0.5716, 13: 0.5939832, 14: 0.36150035, 15: 0.40951976, 16: 0.4889695, 17: 0.23509105, 18: 0.043477967, 19: nan, 20: 0.04968448, 21: 0.21866143, 22: 0.34050894, 23: 0.4815572, 24: 0.061336674, 25: 0.039574403, 26: 0.039560813, 27: 0.5089301, 28: 0.47764727, 29: 0.36586618, 30: 0.5481853, 31: nan, 32: 0.3672059, 33: nan, 34: 0.38641322, 35: 0.3543564, 36: 0.65722764, 37: nan, 38: 0.44118986, 39: nan}, angle_sep_nsH=0.13999905437231064
2024-12-01 15:01:16,175 INFO server.py 696:: UNRELIABLE clients =set()
2024-12-01 15:01:16,458 INFO server.py 1193:: clients' sizes=[1, 2, 1, 0, 0, 0, 2, 2, 0, 1, 0, 1, 2, 2, 2, 2, 1, 1, 2, 0, 1, 1, 1, 1, 1, 0, 1, 1, 1, 2, 0, 2, 0, 1, 2, 1, 0, 2, 0], total=40
2024-12-01 15:01:16,474 INFO server.py 302:: [Server] The aggregation takes 0.556227 seconds.

2024-12-01 15:01:16,475 INFO server.py 186:: [Server] Start testing
2024-12-01 15:01:16,488 INFO server.py 210:: [Server] Test set: Average loss: 1.3673, Accuracy: 53/200 (26.5%)

2024-12-01 15:01:16,489 INFO server.py 213:: [Sever] Confusion matrix:
 tensor([[50.,  0.,  0.,  0.],
        [50.,  0.,  0.,  0.],
        [50.,  0.,  0.,  0.],
        [47.,  0.,  0.,  3.]])
2024-12-01 15:01:16,491 INFO server.py 229:: [Server] Precision=[0.2538071       nan       nan 1.       ],
 Recall=[1.   0.   0.   0.06],
 F1-score=[0.4048583         nan        nan 0.11320755],
 my_accuracy=26.499998569488525[%]
2024-12-01 15:01:16,491 INFO _main.py 208:: ########EPOCH 4 ########
2024-12-01 15:01:16,492 INFO _main.py 209:: ###Model distribution###
2024-12-01 15:01:17,015 INFO server.py 542:: flip_sign_id={0, 2, 11}
2024-12-01 15:01:17,015 INFO server.py 557:: ===========using shortHoGs for detecting UNTARGETED ATTACK====
2024-12-01 15:01:17,099 INFO server.py 583:: labels cluster_sh= [0 0 0 0 0 0 0 0 0 0 0 0 0 0 0 0 0 0 0 0 0 0 0 0 0 0 0 0 0 0 0 0 0 0 0 0 0]
2024-12-01 15:01:17,112 DEBUG server.py 588:: offset_normal_ids=[ 0  1  2  3  4  5  6  7  8  9 10 11 12 13 14 15 16 17 18 19 20 21 22 23
 24 25 26 27 28 29 30 31 32 33 34 35 36], normal_ids=[ 1  3  4  5  6  7  8  9 10 12 13 14 15 16 17 18 19 20 21 22 23 24 25 26
 27 28 29 30 31 32 33 34 35 36 37 38 39]
2024-12-01 15:01:17,113 INFO server.py 593:: SUSPECTED UNTARGETED []
2024-12-01 15:01:17,113 DEBUG server.py 597:: suspicious_ids=[]
2024-12-01 15:01:17,113 DEBUG server.py 606:: d_normal_sus={}, d_separate=0
2024-12-01 15:01:17,114 INFO server.py 613:: This round UNTARGETED=set(), sus_tAtk_uRel_id0=set()
2024-12-01 15:01:17,114 INFO server.py 631:: =======Using LONG HOGs for detecting TARGETED ATTACK========
2024-12-01 15:01:17,134 INFO server.py 118:: This round TARGETED ATTACK: [26]
2024-12-01 15:01:17,138 DEBUG server.py 477:: mal_ids={0, 2, 11}, pre_mal_id=defaultdict(<class 'int'>, {0: 2, 1: 0, 2: 2, 3: 0, 4: 0, 5: 0, 6: 0, 7: 0, 8: 0, 9: 0, 10: 0, 11: 2, 12: 0, 13: 0, 14: 0, 15: 0, 16: 0, 17: 0, 18: 0, 19: 0, 20: 0, 21: 0, 22: 0, 23: 0, 24: 0, 25: 0, 26: 2, 27: 0, 28: 0, 29: 0, 30: 0, 31: 0, 32: 0, 33: 0, 34: 0, 35: 0, 36: 0, 37: 0, 38: 0, 39: 0})
2024-12-01 15:01:17,138 INFO server.py 479:: FLIP-SIGN ATTACK={0, 2, 11}
2024-12-01 15:01:17,138 INFO server.py 480:: UNTARGETED ATTACK=set()
2024-12-01 15:01:17,139 INFO server.py 481:: TARGETED ATTACK=set()
2024-12-01 15:01:17,139 INFO server.py 636:: OVERTIME MALICIOUS client ids ={0, 2, 11}
2024-12-01 15:01:17,161 INFO server.py 682:: This round UNRELIABLE={18, 20, 24, 25, 26}, normal_id={1, 3, 4, 5, 6, 7, 8, 9, 10, 12, 13, 14, 15, 16, 17, 19, 21, 22, 23, 27, 28, 29, 30, 31, 32, 33, 34, 35, 36, 37, 38, 39}
2024-12-01 15:01:17,161 DEBUG server.py 684:: anlge_sHoGs={1: 0.60406667, 3: nan, 4: nan, 5: nan, 6: 0.64550626, 7: 0.32947683, 8: nan, 9: 0.5905068, 10: nan, 12: 0.5716, 13: 0.5939832, 14: 0.36150035, 15: 0.40951976, 16: 0.4889695, 17: 0.23509105, 18: 0.043477967, 19: nan, 20: 0.04968448, 21: 0.21866143, 22: 0.34050894, 23: 0.4815572, 24: 0.061336674, 25: 0.039574403, 26: 0.039560813, 27: 0.5089301, 28: 0.47764727, 29: 0.36586618, 30: 0.5481853, 31: nan, 32: 0.3672059, 33: nan, 34: 0.38641322, 35: 0.3543564, 36: 0.65722764, 37: nan, 38: 0.44118986, 39: nan}, angle_sep_nsH=0.13999905437231064
2024-12-01 15:01:17,161 INFO server.py 696:: UNRELIABLE clients =set()
2024-12-01 15:01:17,387 INFO server.py 1193:: clients' sizes=[2, 0, 0, 0, 2, 2, 0, 1, 0, 2, 2, 2, 2, 1, 1, 2, 0, 1, 1, 1, 1, 1, 0, 1, 1, 1, 2, 0, 2, 0, 1, 2, 1, 0, 2, 0], total=37
2024-12-01 15:01:17,396 INFO server.py 302:: [Server] The aggregation takes 0.447258 seconds.

2024-12-01 15:01:17,467 INFO server.py 186:: [Server] Start testing
2024-12-01 15:01:17,487 INFO server.py 210:: [Server] Test set: Average loss: 1.3584, Accuracy: 64/200 (32.0%)

2024-12-01 15:01:17,488 INFO server.py 213:: [Sever] Confusion matrix:
 tensor([[50.,  0.,  0.,  0.],
        [50.,  0.,  0.,  0.],
        [50.,  0.,  0.,  0.],
        [36.,  0.,  0., 14.]])
2024-12-01 15:01:17,490 INFO server.py 229:: [Server] Precision=[0.26881722        nan        nan 1.        ],
 Recall=[1.   0.   0.   0.28],
 F1-score=[0.42372882        nan        nan 0.4375    ],
 my_accuracy=31.999999284744263[%]
2024-12-01 15:01:17,491 INFO _main.py 208:: ########EPOCH 5 ########
2024-12-01 15:01:17,492 INFO _main.py 209:: ###Model distribution###
2024-12-01 15:01:18,014 INFO server.py 542:: flip_sign_id={0, 2, 11}
2024-12-01 15:01:18,015 INFO server.py 557:: ===========using shortHoGs for detecting UNTARGETED ATTACK====
2024-12-01 15:01:18,078 INFO server.py 583:: labels cluster_sh= [0 0 0 0 0 0 0 0 0 0 0 0 0 0 0 0 0 0 0 0 0 0 0 0 0 0 0 0 0 0 0 0 0 0 0 0 0]
2024-12-01 15:01:18,093 DEBUG server.py 588:: offset_normal_ids=[ 0  1  2  3  4  5  6  7  8  9 10 11 12 13 14 15 16 17 18 19 20 21 22 23
 24 25 26 27 28 29 30 31 32 33 34 35 36], normal_ids=[ 1  3  4  5  6  7  8  9 10 12 13 14 15 16 17 18 19 20 21 22 23 24 25 26
 27 28 29 30 31 32 33 34 35 36 37 38 39]
2024-12-01 15:01:18,093 INFO server.py 593:: SUSPECTED UNTARGETED []
2024-12-01 15:01:18,094 DEBUG server.py 597:: suspicious_ids=[]
2024-12-01 15:01:18,094 DEBUG server.py 606:: d_normal_sus={}, d_separate=0
2024-12-01 15:01:18,094 INFO server.py 613:: This round UNTARGETED=set(), sus_tAtk_uRel_id0=set()
2024-12-01 15:01:18,095 INFO server.py 631:: =======Using LONG HOGs for detecting TARGETED ATTACK========
2024-12-01 15:01:18,120 INFO server.py 118:: This round TARGETED ATTACK: [26]
2024-12-01 15:01:18,121 DEBUG server.py 477:: mal_ids={0, 2, 11}, pre_mal_id=defaultdict(<class 'int'>, {0: 3, 1: 0, 2: 3, 3: 0, 4: 0, 5: 0, 6: 0, 7: 0, 8: 0, 9: 0, 10: 0, 11: 3, 12: 0, 13: 0, 14: 0, 15: 0, 16: 0, 17: 0, 18: 0, 19: 0, 20: 0, 21: 0, 22: 0, 23: 0, 24: 0, 25: 0, 26: 3, 27: 0, 28: 0, 29: 0, 30: 0, 31: 0, 32: 0, 33: 0, 34: 0, 35: 0, 36: 0, 37: 0, 38: 0, 39: 0})
2024-12-01 15:01:18,122 INFO server.py 479:: FLIP-SIGN ATTACK={0, 2, 11}
2024-12-01 15:01:18,122 INFO server.py 480:: UNTARGETED ATTACK=set()
2024-12-01 15:01:18,122 INFO server.py 481:: TARGETED ATTACK=set()
2024-12-01 15:01:18,122 INFO server.py 636:: OVERTIME MALICIOUS client ids ={0, 2, 11}
2024-12-01 15:01:18,147 INFO server.py 682:: This round UNRELIABLE={18, 20, 24, 25, 26}, normal_id={1, 3, 4, 5, 6, 7, 8, 9, 10, 12, 13, 14, 15, 16, 17, 19, 21, 22, 23, 27, 28, 29, 30, 31, 32, 33, 34, 35, 36, 37, 38, 39}
2024-12-01 15:01:18,149 DEBUG server.py 684:: anlge_sHoGs={1: 0.60406667, 3: nan, 4: nan, 5: nan, 6: 0.64550626, 7: 0.32947683, 8: nan, 9: 0.5905068, 10: nan, 12: 0.5716, 13: 0.5939832, 14: 0.36150035, 15: 0.40951976, 16: 0.4889695, 17: 0.23509105, 18: 0.043477967, 19: nan, 20: 0.04968448, 21: 0.21866143, 22: 0.34050894, 23: 0.4815572, 24: 0.061336674, 25: 0.039574403, 26: 0.039560813, 27: 0.5089301, 28: 0.47764727, 29: 0.36586618, 30: 0.5481853, 31: nan, 32: 0.3672059, 33: nan, 34: 0.38641322, 35: 0.3543564, 36: 0.65722764, 37: nan, 38: 0.44118986, 39: nan}, angle_sep_nsH=0.13999905437231064
2024-12-01 15:01:18,149 INFO server.py 696:: UNRELIABLE clients ={18, 20, 24, 25, 26}
2024-12-01 15:01:18,394 INFO server.py 1193:: clients' sizes=[2, 0, 0, 0, 2, 2, 0, 1, 0, 2, 2, 2, 2, 1, 1, 2, 0, 1, 1, 1, 1, 1, 0, 1, 1, 1, 2, 0, 2, 0, 1, 2, 1, 0, 2, 0], total=37
2024-12-01 15:01:18,402 INFO server.py 302:: [Server] The aggregation takes 0.456015 seconds.

2024-12-01 15:01:18,403 INFO server.py 186:: [Server] Start testing
2024-12-01 15:01:18,415 INFO server.py 210:: [Server] Test set: Average loss: 1.3480, Accuracy: 69/200 (34.5%)

2024-12-01 15:01:18,417 INFO server.py 213:: [Sever] Confusion matrix:
 tensor([[50.,  0.,  0.,  0.],
        [50.,  0.,  0.,  0.],
        [50.,  0.,  0.,  0.],
        [31.,  0.,  0., 19.]])
2024-12-01 15:01:18,418 INFO server.py 229:: [Server] Precision=[0.2762431       nan       nan 1.       ],
 Recall=[1.   0.   0.   0.38],
 F1-score=[0.43290043        nan        nan 0.5507246 ],
 my_accuracy=34.49999988079071[%]
2024-12-01 15:01:18,419 INFO _main.py 208:: ########EPOCH 6 ########
2024-12-01 15:01:18,419 INFO _main.py 209:: ###Model distribution###
2024-12-01 15:01:18,938 INFO server.py 542:: flip_sign_id={0, 2, 11}
2024-12-01 15:01:18,939 INFO server.py 557:: ===========using shortHoGs for detecting UNTARGETED ATTACK====
2024-12-01 15:01:18,980 INFO server.py 583:: labels cluster_sh= [0 0 0 0 0 0 0 0 0 0 0 0 0 0 0 0 0 0 0 0 0 0 0 0 0 0 0 0 0 0 0 0 0 0 0 0 0]
2024-12-01 15:01:18,993 DEBUG server.py 588:: offset_normal_ids=[ 0  1  2  3  4  5  6  7  8  9 10 11 12 13 14 15 16 17 18 19 20 21 22 23
 24 25 26 27 28 29 30 31 32 33 34 35 36], normal_ids=[ 1  3  4  5  6  7  8  9 10 12 13 14 15 16 17 18 19 20 21 22 23 24 25 26
 27 28 29 30 31 32 33 34 35 36 37 38 39]
2024-12-01 15:01:18,994 INFO server.py 593:: SUSPECTED UNTARGETED []
2024-12-01 15:01:18,994 DEBUG server.py 597:: suspicious_ids=[]
2024-12-01 15:01:18,994 DEBUG server.py 606:: d_normal_sus={}, d_separate=0
2024-12-01 15:01:18,995 INFO server.py 613:: This round UNTARGETED=set(), sus_tAtk_uRel_id0=set()
2024-12-01 15:01:18,995 INFO server.py 631:: =======Using LONG HOGs for detecting TARGETED ATTACK========
2024-12-01 15:01:19,015 INFO server.py 118:: This round TARGETED ATTACK: [26]
2024-12-01 15:01:19,018 DEBUG server.py 477:: mal_ids={0, 26, 2, 11}, pre_mal_id=defaultdict(<class 'int'>, {0: 4, 1: 0, 2: 4, 3: 0, 4: 0, 5: 0, 6: 0, 7: 0, 8: 0, 9: 0, 10: 0, 11: 4, 12: 0, 13: 0, 14: 0, 15: 0, 16: 0, 17: 0, 18: 0, 19: 0, 20: 0, 21: 0, 22: 0, 23: 0, 24: 0, 25: 0, 26: 4, 27: 0, 28: 0, 29: 0, 30: 0, 31: 0, 32: 0, 33: 0, 34: 0, 35: 0, 36: 0, 37: 0, 38: 0, 39: 0})
2024-12-01 15:01:19,019 INFO server.py 479:: FLIP-SIGN ATTACK={0, 2, 11}
2024-12-01 15:01:19,019 INFO server.py 480:: UNTARGETED ATTACK=set()
2024-12-01 15:01:19,020 INFO server.py 481:: TARGETED ATTACK={26}
2024-12-01 15:01:19,020 INFO server.py 636:: OVERTIME MALICIOUS client ids ={0, 26, 2, 11}
2024-12-01 15:01:19,045 INFO server.py 682:: This round UNRELIABLE={24, 25, 18, 20}, normal_id={1, 3, 4, 5, 6, 7, 8, 9, 10, 12, 13, 14, 15, 16, 17, 19, 21, 22, 23, 27, 28, 29, 30, 31, 32, 33, 34, 35, 36, 37, 38, 39}
2024-12-01 15:01:19,047 DEBUG server.py 684:: anlge_sHoGs={1: 0.6155005, 3: nan, 4: nan, 5: nan, 6: 0.65119934, 7: 0.3286265, 8: nan, 9: 0.5989492, 10: nan, 12: 0.58105224, 13: 0.60041595, 14: 0.36257777, 15: 0.41705796, 16: 0.49759567, 17: 0.23064184, 18: 0.039798547, 19: nan, 20: 0.052536983, 21: 0.2163617, 22: 0.3461839, 23: 0.4941035, 24: 0.06297847, 25: 0.03946073, 27: 0.5187245, 28: 0.49291193, 29: 0.3747176, 30: 0.5606426, 31: nan, 32: 0.37711677, 33: nan, 34: 0.38893136, 35: 0.35528842, 36: 0.66760516, 37: nan, 38: 0.45175245, 39: nan}, angle_sep_nsH=0.13967008143663406
2024-12-01 15:01:19,047 INFO server.py 696:: UNRELIABLE clients ={18, 20, 24, 25, 26}
2024-12-01 15:01:19,314 INFO server.py 1193:: clients' sizes=[2, 0, 0, 0, 2, 2, 0, 1, 0, 2, 2, 2, 2, 1, 1, 2, 0, 1, 1, 1, 1, 1, 0, 1, 1, 1, 2, 0, 2, 0, 1, 2, 1, 0, 2, 0], total=37
2024-12-01 15:01:19,329 INFO server.py 302:: [Server] The aggregation takes 0.458266 seconds.

2024-12-01 15:01:19,330 INFO server.py 186:: [Server] Start testing
2024-12-01 15:01:19,344 INFO server.py 210:: [Server] Test set: Average loss: 1.3367, Accuracy: 77/200 (38.5%)

2024-12-01 15:01:19,345 INFO server.py 213:: [Sever] Confusion matrix:
 tensor([[50.,  0.,  0.,  0.],
        [50.,  0.,  0.,  0.],
        [48.,  0.,  0.,  2.],
        [23.,  0.,  0., 27.]])
2024-12-01 15:01:19,346 INFO server.py 229:: [Server] Precision=[0.29239765        nan        nan 0.9310345 ],
 Recall=[1.   0.   0.   0.54],
 F1-score=[0.4524887         nan        nan 0.68354434],
 my_accuracy=38.499999046325684[%]
2024-12-01 15:01:19,347 INFO _main.py 208:: ########EPOCH 7 ########
2024-12-01 15:01:19,347 INFO _main.py 209:: ###Model distribution###
2024-12-01 15:01:19,853 INFO server.py 542:: flip_sign_id={0, 26, 2, 11}
2024-12-01 15:01:19,853 INFO server.py 557:: ===========using shortHoGs for detecting UNTARGETED ATTACK====
2024-12-01 15:01:19,904 INFO server.py 583:: labels cluster_sh= [0 0 0 0 0 0 0 0 0 0 0 0 0 0 0 0 0 0 0 0 0 0 0 0 0 0 0 0 0 0 0 0 0 0 0 0]
2024-12-01 15:01:19,918 DEBUG server.py 588:: offset_normal_ids=[ 0  1  2  3  4  5  6  7  8  9 10 11 12 13 14 15 16 17 18 19 20 21 22 23
 24 25 26 27 28 29 30 31 32 33 34 35], normal_ids=[ 1  3  4  5  6  7  8  9 10 12 13 14 15 16 17 18 19 20 21 22 23 24 25 27
 28 29 30 31 32 33 34 35 36 37 38 39]
2024-12-01 15:01:19,918 INFO server.py 593:: SUSPECTED UNTARGETED []
2024-12-01 15:01:19,919 DEBUG server.py 597:: suspicious_ids=[]
2024-12-01 15:01:19,919 DEBUG server.py 606:: d_normal_sus={}, d_separate=0
2024-12-01 15:01:19,919 INFO server.py 613:: This round UNTARGETED=set(), sus_tAtk_uRel_id0=set()
2024-12-01 15:01:19,919 INFO server.py 631:: =======Using LONG HOGs for detecting TARGETED ATTACK========
2024-12-01 15:01:19,933 INFO server.py 118:: This round TARGETED ATTACK: [25]
2024-12-01 15:01:19,933 DEBUG server.py 477:: mal_ids={0, 26, 2, 11}, pre_mal_id=defaultdict(<class 'int'>, {0: 5, 1: 0, 2: 5, 3: 0, 4: 0, 5: 0, 6: 0, 7: 0, 8: 0, 9: 0, 10: 0, 11: 5, 12: 0, 13: 0, 14: 0, 15: 0, 16: 0, 17: 0, 18: 0, 19: 0, 20: 0, 21: 0, 22: 0, 23: 0, 24: 0, 25: 1, 26: 5, 27: 0, 28: 0, 29: 0, 30: 0, 31: 0, 32: 0, 33: 0, 34: 0, 35: 0, 36: 0, 37: 0, 38: 0, 39: 0})
2024-12-01 15:01:19,934 INFO server.py 479:: FLIP-SIGN ATTACK={0, 26, 2, 11}
2024-12-01 15:01:19,934 INFO server.py 480:: UNTARGETED ATTACK=set()
2024-12-01 15:01:19,934 INFO server.py 481:: TARGETED ATTACK={26}
2024-12-01 15:01:19,934 INFO server.py 636:: OVERTIME MALICIOUS client ids ={0, 26, 2, 11}
2024-12-01 15:01:19,947 INFO server.py 682:: This round UNRELIABLE={24, 25, 18, 20}, normal_id={1, 3, 4, 5, 6, 7, 8, 9, 10, 12, 13, 14, 15, 16, 17, 19, 21, 22, 23, 27, 28, 29, 30, 31, 32, 33, 34, 35, 36, 37, 38, 39}
2024-12-01 15:01:19,948 DEBUG server.py 684:: anlge_sHoGs={1: 0.6155005, 3: nan, 4: nan, 5: nan, 6: 0.65119934, 7: 0.3286265, 8: nan, 9: 0.5989492, 10: nan, 12: 0.58105224, 13: 0.60041595, 14: 0.36257777, 15: 0.41705796, 16: 0.49759567, 17: 0.23064184, 18: 0.039798547, 19: nan, 20: 0.052536983, 21: 0.2163617, 22: 0.3461839, 23: 0.4941035, 24: 0.06297847, 25: 0.03946073, 27: 0.5187245, 28: 0.49291193, 29: 0.3747176, 30: 0.5606426, 31: nan, 32: 0.37711677, 33: nan, 34: 0.38893136, 35: 0.35528842, 36: 0.66760516, 37: nan, 38: 0.45175245, 39: nan}, angle_sep_nsH=0.13967008143663406
2024-12-01 15:01:19,948 INFO server.py 696:: UNRELIABLE clients ={18, 20, 24, 25, 26}
2024-12-01 15:01:20,226 INFO server.py 1193:: clients' sizes=[2, 0, 0, 0, 2, 2, 0, 1, 0, 2, 2, 2, 2, 1, 1, 2, 0, 1, 1, 1, 1, 1, 1, 1, 1, 2, 0, 2, 0, 1, 2, 1, 0, 2, 0], total=37
2024-12-01 15:01:20,239 INFO server.py 302:: [Server] The aggregation takes 0.453749 seconds.

2024-12-01 15:01:20,241 INFO server.py 186:: [Server] Start testing
2024-12-01 15:01:20,255 INFO server.py 210:: [Server] Test set: Average loss: 1.3235, Accuracy: 80/200 (40.0%)

2024-12-01 15:01:20,256 INFO server.py 213:: [Sever] Confusion matrix:
 tensor([[50.,  0.,  0.,  0.],
        [49.,  0.,  0.,  1.],
        [45.,  0.,  0.,  5.],
        [20.,  0.,  0., 30.]])
2024-12-01 15:01:20,258 INFO server.py 229:: [Server] Precision=[0.30487806        nan        nan 0.8333333 ],
 Recall=[1.  0.  0.  0.6],
 F1-score=[0.46728975        nan        nan 0.6976744 ],
 my_accuracy=40.00000059604645[%]
2024-12-01 15:01:20,258 INFO _main.py 208:: ########EPOCH 8 ########
2024-12-01 15:01:20,259 INFO _main.py 209:: ###Model distribution###
2024-12-01 15:01:20,769 INFO server.py 542:: flip_sign_id={0, 26, 2, 11}
2024-12-01 15:01:20,769 INFO server.py 557:: ===========using shortHoGs for detecting UNTARGETED ATTACK====
2024-12-01 15:01:20,811 INFO server.py 583:: labels cluster_sh= [0 0 0 0 0 0 0 0 0 0 0 0 0 0 0 0 0 0 0 0 0 0 0 0 0 0 0 0 0 0 0 0 0 0 0 0]
2024-12-01 15:01:20,824 DEBUG server.py 588:: offset_normal_ids=[ 0  1  2  3  4  5  6  7  8  9 10 11 12 13 14 15 16 17 18 19 20 21 22 23
 24 25 26 27 28 29 30 31 32 33 34 35], normal_ids=[ 1  3  4  5  6  7  8  9 10 12 13 14 15 16 17 18 19 20 21 22 23 24 25 27
 28 29 30 31 32 33 34 35 36 37 38 39]
2024-12-01 15:01:20,825 INFO server.py 593:: SUSPECTED UNTARGETED []
2024-12-01 15:01:20,825 DEBUG server.py 597:: suspicious_ids=[]
2024-12-01 15:01:20,825 DEBUG server.py 606:: d_normal_sus={}, d_separate=0
2024-12-01 15:01:20,826 INFO server.py 613:: This round UNTARGETED=set(), sus_tAtk_uRel_id0=set()
2024-12-01 15:01:20,826 INFO server.py 631:: =======Using LONG HOGs for detecting TARGETED ATTACK========
2024-12-01 15:01:20,846 INFO server.py 118:: This round TARGETED ATTACK: [24]
2024-12-01 15:01:20,850 DEBUG server.py 477:: mal_ids={0, 26, 2, 11}, pre_mal_id=defaultdict(<class 'int'>, {0: 6, 1: 0, 2: 6, 3: 0, 4: 0, 5: 0, 6: 0, 7: 0, 8: 0, 9: 0, 10: 0, 11: 6, 12: 0, 13: 0, 14: 0, 15: 0, 16: 0, 17: 0, 18: 0, 19: 0, 20: 0, 21: 0, 22: 0, 23: 0, 24: 1, 25: 0, 26: 6, 27: 0, 28: 0, 29: 0, 30: 0, 31: 0, 32: 0, 33: 0, 34: 0, 35: 0, 36: 0, 37: 0, 38: 0, 39: 0})
2024-12-01 15:01:20,850 INFO server.py 479:: FLIP-SIGN ATTACK={0, 26, 2, 11}
2024-12-01 15:01:20,851 INFO server.py 480:: UNTARGETED ATTACK=set()
2024-12-01 15:01:20,851 INFO server.py 481:: TARGETED ATTACK={26}
2024-12-01 15:01:20,851 INFO server.py 636:: OVERTIME MALICIOUS client ids ={0, 26, 2, 11}
2024-12-01 15:01:20,876 INFO server.py 682:: This round UNRELIABLE={24, 25, 18, 20}, normal_id={1, 3, 4, 5, 6, 7, 8, 9, 10, 12, 13, 14, 15, 16, 17, 19, 21, 22, 23, 27, 28, 29, 30, 31, 32, 33, 34, 35, 36, 37, 38, 39}
2024-12-01 15:01:20,878 DEBUG server.py 684:: anlge_sHoGs={1: 0.6155005, 3: nan, 4: nan, 5: nan, 6: 0.65119934, 7: 0.3286265, 8: nan, 9: 0.5989492, 10: nan, 12: 0.58105224, 13: 0.60041595, 14: 0.36257777, 15: 0.41705796, 16: 0.49759567, 17: 0.23064184, 18: 0.039798547, 19: nan, 20: 0.052536983, 21: 0.2163617, 22: 0.3461839, 23: 0.4941035, 24: 0.06297847, 25: 0.03946073, 27: 0.5187245, 28: 0.49291193, 29: 0.3747176, 30: 0.5606426, 31: nan, 32: 0.37711677, 33: nan, 34: 0.38893136, 35: 0.35528842, 36: 0.66760516, 37: nan, 38: 0.45175245, 39: nan}, angle_sep_nsH=0.13967008143663406
2024-12-01 15:01:20,879 INFO server.py 696:: UNRELIABLE clients ={18, 20, 24, 25, 26}
2024-12-01 15:01:21,132 INFO server.py 1193:: clients' sizes=[2, 0, 0, 0, 2, 2, 0, 1, 0, 2, 2, 2, 2, 1, 1, 2, 0, 1, 1, 1, 1, 0, 1, 1, 1, 2, 0, 2, 0, 1, 2, 1, 0, 2, 0], total=36
2024-12-01 15:01:21,140 INFO server.py 302:: [Server] The aggregation takes 0.437289 seconds.

2024-12-01 15:01:21,142 INFO server.py 186:: [Server] Start testing
2024-12-01 15:01:21,154 INFO server.py 210:: [Server] Test set: Average loss: 1.3081, Accuracy: 80/200 (40.0%)

2024-12-01 15:01:21,155 INFO server.py 213:: [Sever] Confusion matrix:
 tensor([[50.,  0.,  0.,  0.],
        [47.,  0.,  0.,  3.],
        [43.,  0.,  0.,  7.],
        [20.,  0.,  0., 30.]])
2024-12-01 15:01:21,156 INFO server.py 229:: [Server] Precision=[0.3125    nan    nan 0.75  ],
 Recall=[1.  0.  0.  0.6],
 F1-score=[0.47619048        nan        nan 0.6666667 ],
 my_accuracy=40.00000059604645[%]
2024-12-01 15:01:21,157 INFO _main.py 208:: ########EPOCH 9 ########
2024-12-01 15:01:21,158 INFO _main.py 209:: ###Model distribution###
2024-12-01 15:01:21,735 INFO server.py 542:: flip_sign_id={0, 26, 2, 11}
2024-12-01 15:01:21,735 INFO server.py 557:: ===========using shortHoGs for detecting UNTARGETED ATTACK====
2024-12-01 15:01:21,778 INFO server.py 583:: labels cluster_sh= [0 0 0 0 0 0 0 0 0 0 0 0 0 0 0 0 0 0 0 0 0 0 0 0 0 0 0 0 0 0 0 0 0 0 0 0]
2024-12-01 15:01:21,792 DEBUG server.py 588:: offset_normal_ids=[ 0  1  2  3  4  5  6  7  8  9 10 11 12 13 14 15 16 17 18 19 20 21 22 23
 24 25 26 27 28 29 30 31 32 33 34 35], normal_ids=[ 1  3  4  5  6  7  8  9 10 12 13 14 15 16 17 18 19 20 21 22 23 24 25 27
 28 29 30 31 32 33 34 35 36 37 38 39]
2024-12-01 15:01:21,793 INFO server.py 593:: SUSPECTED UNTARGETED []
2024-12-01 15:01:21,793 DEBUG server.py 597:: suspicious_ids=[]
2024-12-01 15:01:21,794 DEBUG server.py 606:: d_normal_sus={}, d_separate=0
2024-12-01 15:01:21,794 INFO server.py 613:: This round UNTARGETED=set(), sus_tAtk_uRel_id0=set()
2024-12-01 15:01:21,794 INFO server.py 631:: =======Using LONG HOGs for detecting TARGETED ATTACK========
2024-12-01 15:01:21,807 INFO server.py 118:: This round TARGETED ATTACK: [24]
2024-12-01 15:01:21,814 DEBUG server.py 477:: mal_ids={0, 26, 2, 11}, pre_mal_id=defaultdict(<class 'int'>, {0: 7, 1: 0, 2: 7, 3: 0, 4: 0, 5: 0, 6: 0, 7: 0, 8: 0, 9: 0, 10: 0, 11: 7, 12: 0, 13: 0, 14: 0, 15: 0, 16: 0, 17: 0, 18: 0, 19: 0, 20: 0, 21: 0, 22: 0, 23: 0, 24: 2, 25: 0, 26: 7, 27: 0, 28: 0, 29: 0, 30: 0, 31: 0, 32: 0, 33: 0, 34: 0, 35: 0, 36: 0, 37: 0, 38: 0, 39: 0})
2024-12-01 15:01:21,814 INFO server.py 479:: FLIP-SIGN ATTACK={0, 26, 2, 11}
2024-12-01 15:01:21,814 INFO server.py 480:: UNTARGETED ATTACK=set()
2024-12-01 15:01:21,814 INFO server.py 481:: TARGETED ATTACK={26}
2024-12-01 15:01:21,815 INFO server.py 636:: OVERTIME MALICIOUS client ids ={0, 26, 2, 11}
2024-12-01 15:01:21,835 INFO server.py 682:: This round UNRELIABLE={24, 25, 18, 20}, normal_id={1, 3, 4, 5, 6, 7, 8, 9, 10, 12, 13, 14, 15, 16, 17, 19, 21, 22, 23, 27, 28, 29, 30, 31, 32, 33, 34, 35, 36, 37, 38, 39}
2024-12-01 15:01:21,839 DEBUG server.py 684:: anlge_sHoGs={1: 0.6155005, 3: nan, 4: nan, 5: nan, 6: 0.65119934, 7: 0.3286265, 8: nan, 9: 0.5989492, 10: nan, 12: 0.58105224, 13: 0.60041595, 14: 0.36257777, 15: 0.41705796, 16: 0.49759567, 17: 0.23064184, 18: 0.039798547, 19: nan, 20: 0.052536983, 21: 0.2163617, 22: 0.3461839, 23: 0.4941035, 24: 0.06297847, 25: 0.03946073, 27: 0.5187245, 28: 0.49291193, 29: 0.3747176, 30: 0.5606426, 31: nan, 32: 0.37711677, 33: nan, 34: 0.38893136, 35: 0.35528842, 36: 0.66760516, 37: nan, 38: 0.45175245, 39: nan}, angle_sep_nsH=0.13967008143663406
2024-12-01 15:01:21,840 INFO server.py 696:: UNRELIABLE clients ={18, 20, 24, 25}
2024-12-01 15:01:22,074 INFO server.py 1193:: clients' sizes=[2, 0, 0, 0, 2, 2, 0, 1, 0, 2, 2, 2, 2, 1, 1, 2, 0, 1, 1, 1, 1, 0, 1, 1, 1, 2, 0, 2, 0, 1, 2, 1, 0, 2, 0], total=36
2024-12-01 15:01:22,082 INFO server.py 302:: [Server] The aggregation takes 0.415314 seconds.

2024-12-01 15:01:22,083 INFO server.py 186:: [Server] Start testing
2024-12-01 15:01:22,096 INFO server.py 210:: [Server] Test set: Average loss: 1.2914, Accuracy: 83/200 (41.5%)

2024-12-01 15:01:22,098 INFO server.py 213:: [Sever] Confusion matrix:
 tensor([[50.,  0.,  0.,  0.],
        [47.,  0.,  0.,  3.],
        [39.,  0.,  0., 11.],
        [14.,  0.,  3., 33.]])
2024-12-01 15:01:22,100 INFO server.py 229:: [Server] Precision=[0.33333334        nan 0.         0.70212764],
 Recall=[1.   0.   0.   0.66],
 F1-score=[0.5             nan       nan 0.6804124],
 my_accuracy=41.49999916553497[%]
