2024-11-30 00:15:30,566 INFO _main.py 39:: ################################################################
2024-11-30 00:15:30,568 INFO _main.py 41:: #                              batch_size: 64                  #
2024-11-30 00:15:30,570 INFO _main.py 41:: #                         test_batch_size: 64                  #
2024-11-30 00:15:30,571 INFO _main.py 41:: #                                  epochs: 20                  #
2024-11-30 00:15:30,571 INFO _main.py 41:: #                               optimizer: SGD                 #
2024-11-30 00:15:30,572 INFO _main.py 41:: #                                      lr: 0.01                #
2024-11-30 00:15:30,572 INFO _main.py 41:: #                                momentum: 0.9                 #
2024-11-30 00:15:30,572 INFO _main.py 41:: #                            weight_decay: 0.0001              #
2024-11-30 00:15:30,573 INFO _main.py 41:: #                                    seed: 1                   #
2024-11-30 00:15:30,573 INFO _main.py 41:: #                            log_interval: 11                  #
2024-11-30 00:15:30,573 INFO _main.py 41:: #                             num_clients: 40                  #
2024-11-30 00:15:30,573 INFO _main.py 41:: #                           output_folder: experiments         #
2024-11-30 00:15:30,573 INFO _main.py 41:: #                                 dataset: rockburst           #
2024-11-30 00:15:30,574 INFO _main.py 41:: #                             loader_type: dirichlet           #
2024-11-30 00:15:30,574 INFO _main.py 41:: #                             loader_path: ./data/loader.pk    #
2024-11-30 00:15:30,574 INFO _main.py 41:: #                                      AR: mudhog              #
2024-11-30 00:15:30,574 INFO _main.py 41:: #                     n_attacker_backdoor: 0                   #
2024-11-30 00:15:30,574 INFO _main.py 41:: #                        backdoor_trigger: [0, 0, 1, 1]        #
2024-11-30 00:15:30,575 INFO _main.py 41:: #                   n_attacker_omniscient: 0                   #
2024-11-30 00:15:30,575 INFO _main.py 41:: #                        omniscient_scale: 1                   #
2024-11-30 00:15:30,575 INFO _main.py 41:: #                                 attacks: None                #
2024-11-30 00:15:30,575 INFO _main.py 41:: #                      save_model_weights: False               #
2024-11-30 00:15:30,575 INFO _main.py 41:: #                         experiment_name: sExp4Ba_40ep_rockburst_mudhog_40C_5#
2024-11-30 00:15:30,576 INFO _main.py 41:: #                          path_to_aggNet: None                #
2024-11-30 00:15:30,576 INFO _main.py 41:: #                                  device: cpu                 #
2024-11-30 00:15:30,576 INFO _main.py 41:: #                            inner_epochs: 20                  #
2024-11-30 00:15:30,576 INFO _main.py 41:: #                                 verbose: True                #
2024-11-30 00:15:30,576 INFO _main.py 41:: #                         list_unreliable: [2, 18, 20]         #
2024-11-30 00:15:30,576 INFO _main.py 41:: #                     unreliable_fraction: 0.5                 #
2024-11-30 00:15:30,577 INFO _main.py 41:: #                    unreliable_fracTrain: 0.3                 #
2024-11-30 00:15:30,577 INFO _main.py 41:: #                         mean_unreliable: 0.0                 #
2024-11-30 00:15:30,577 INFO _main.py 41:: #                             blur_method: add_noise           #
2024-11-30 00:15:30,577 INFO _main.py 41:: #                      max_std_unreliable: 30.0                #
2024-11-30 00:15:30,577 INFO _main.py 41:: #                     list_uatk_add_noise: [24, 25, 26]        #
2024-11-30 00:15:30,577 INFO _main.py 41:: #                          mean_add_noise: 0.0                 #
2024-11-30 00:15:30,578 INFO _main.py 41:: #                           std_add_noise: 0.01                #
2024-11-30 00:15:30,578 INFO _main.py 41:: #                     list_uatk_flip_sign: [0, 10, 11]         #
2024-11-30 00:15:30,578 INFO _main.py 42:: ################################################################
2024-11-30 00:15:30,578 INFO _main.py 43:: Namespace(batch_size=64, test_batch_size=64, epochs=20, optimizer='SGD', lr=0.01, momentum=0.9, weight_decay=0.0001, seed=1, log_interval=11, num_clients=40, output_folder='experiments', dataset='rockburst', loader_type='dirichlet', loader_path='./data/loader.pk', AR='mudhog', n_attacker_backdoor=0, backdoor_trigger=[0, 0, 1, 1], n_attacker_omniscient=0, omniscient_scale=1, attacks=None, save_model_weights=False, experiment_name='sExp4Ba_40ep_rockburst_mudhog_40C_5', path_to_aggNet=None, device='cpu', inner_epochs=20, verbose=True, list_unreliable=[2, 18, 20], unreliable_fraction=0.5, unreliable_fracTrain=0.3, mean_unreliable=0.0, blur_method='add_noise', max_std_unreliable=30.0, list_uatk_add_noise=[24, 25, 26], mean_add_noise=0.0, std_add_noise=0.01, list_uatk_flip_sign=[0, 10, 11])
2024-11-30 00:15:30,579 INFO _main.py 44:: #####################
2024-11-30 00:15:30,579 INFO _main.py 45:: #####################
2024-11-30 00:15:30,579 INFO _main.py 46:: #####################
2024-11-30 00:15:30,579 INFO _main.py 47:: Aggregation Rule:	mudhog
2024-11-30 00:15:30,579 INFO _main.py 48:: Data distribution:	dirichlet
2024-11-30 00:15:30,579 INFO _main.py 49:: Attacks:	None 
2024-11-30 00:15:30,580 INFO _main.py 50:: #####################
2024-11-30 00:15:30,580 INFO _main.py 51:: #####################
2024-11-30 00:15:30,580 INFO _main.py 52:: #####################
2024-11-30 00:15:32,281 INFO server.py 341:: SET DBSCAN eps=1.3, min_samples=10
2024-11-30 00:15:32,284 INFO _main.py 134:: [1-normal, 0-malicious] label =tensor([0., 1., 1., 1., 1., 1., 1., 1., 1., 1., 0., 0., 1., 1., 1., 1., 1., 1.,
        1., 1., 1., 1., 1., 1., 0., 0., 0., 1., 1., 1., 1., 1., 1., 1., 1., 1.,
        1., 1., 1., 1.])
2024-11-30 00:15:32,290 INFO malicious_clients.py 101:: init ATTACK OMNISCIENT Client 0
2024-11-30 00:15:32,295 INFO malicious_clients.py 18:: init UNRELIABLE Client 2
2024-11-30 00:15:32,328 INFO malicious_clients.py 101:: init ATTACK OMNISCIENT Client 10
2024-11-30 00:15:32,332 INFO malicious_clients.py 101:: init ATTACK OMNISCIENT Client 11
2024-11-30 00:15:32,355 INFO malicious_clients.py 18:: init UNRELIABLE Client 18
2024-11-30 00:15:32,363 INFO malicious_clients.py 18:: init UNRELIABLE Client 20
2024-11-30 00:15:32,381 INFO malicious_clients.py 73:: init ATTACK ADD NOISE TO GRAD Client 24
2024-11-30 00:15:32,386 INFO malicious_clients.py 73:: init ATTACK ADD NOISE TO GRAD Client 25
2024-11-30 00:15:32,390 INFO malicious_clients.py 73:: init ATTACK ADD NOISE TO GRAD Client 26
2024-11-30 00:15:32,443 INFO server.py 186:: [Server] Start testing
2024-11-30 00:15:32,459 INFO server.py 210:: [Server] Test set: Average loss: 1.3864, Accuracy: 50/200 (25.0%)

2024-11-30 00:15:32,460 INFO server.py 213:: [Sever] Confusion matrix:
 tensor([[50.,  0.,  0.,  0.],
        [50.,  0.,  0.,  0.],
        [50.,  0.,  0.,  0.],
        [50.,  0.,  0.,  0.]])
2024-11-30 00:15:32,467 INFO server.py 229:: [Server] Precision=[0.25  nan  nan  nan],
 Recall=[1. 0. 0. 0.],
 F1-score=[0.4 nan nan nan],
 my_accuracy=25.0[%]
2024-11-30 00:15:32,469 INFO _main.py 208:: ########EPOCH 0 ########
2024-11-30 00:15:32,469 INFO _main.py 209:: ###Model distribution###
2024-11-30 00:15:34,635 INFO server.py 1192:: clients' sizes=[1, 2, 1, 0, 0, 0, 2, 2, 0, 1, 0, 1, 2, 2, 2, 2, 1, 1, 2, 0, 1, 1, 1, 1, 1, 0, 1, 1, 1, 1, 2, 0, 2, 0, 1, 2, 1, 0, 2, 0], total=41
2024-11-30 00:15:34,656 INFO server.py 302:: [Server] The aggregation takes 0.329897 seconds.

2024-11-30 00:15:34,658 INFO server.py 186:: [Server] Start testing
2024-11-30 00:15:34,674 INFO server.py 210:: [Server] Test set: Average loss: 1.3586, Accuracy: 63/200 (31.5%)

2024-11-30 00:15:34,676 INFO server.py 213:: [Sever] Confusion matrix:
 tensor([[50.,  0.,  0.,  0.],
        [50.,  0.,  0.,  0.],
        [50.,  0.,  0.,  0.],
        [37.,  0.,  0., 13.]])
2024-11-30 00:15:34,677 INFO server.py 229:: [Server] Precision=[0.26737967        nan        nan 1.        ],
 Recall=[1.   0.   0.   0.26],
 F1-score=[0.42194092        nan        nan 0.4126984 ],
 my_accuracy=31.49999976158142[%]
2024-11-30 00:15:34,678 INFO _main.py 208:: ########EPOCH 1 ########
2024-11-30 00:15:34,679 INFO _main.py 209:: ###Model distribution###
2024-11-30 00:15:37,424 INFO server.py 1192:: clients' sizes=[1, 2, 1, 0, 0, 0, 2, 2, 0, 1, 0, 1, 2, 2, 2, 2, 1, 1, 2, 0, 1, 1, 1, 1, 1, 0, 1, 1, 1, 1, 2, 0, 2, 0, 1, 2, 1, 0, 2, 0], total=41
2024-11-30 00:15:37,446 INFO server.py 302:: [Server] The aggregation takes 0.332283 seconds.

2024-11-30 00:15:37,448 INFO server.py 186:: [Server] Start testing
2024-11-30 00:15:37,464 INFO server.py 210:: [Server] Test set: Average loss: 1.2946, Accuracy: 80/200 (40.0%)

2024-11-30 00:15:37,466 INFO server.py 213:: [Sever] Confusion matrix:
 tensor([[50.,  0.,  0.,  0.],
        [48.,  0.,  0.,  2.],
        [47.,  0.,  0.,  3.],
        [20.,  0.,  0., 30.]])
2024-11-30 00:15:37,467 INFO server.py 229:: [Server] Precision=[0.3030303         nan        nan 0.85714287],
 Recall=[1.  0.  0.  0.6],
 F1-score=[0.46511632        nan        nan 0.70588243],
 my_accuracy=40.00000059604645[%]
2024-11-30 00:15:37,468 INFO _main.py 208:: ########EPOCH 2 ########
2024-11-30 00:15:37,468 INFO _main.py 209:: ###Model distribution###
2024-11-30 00:15:40,252 INFO server.py 1192:: clients' sizes=[1, 2, 1, 0, 0, 0, 2, 2, 0, 1, 0, 1, 2, 2, 2, 2, 1, 1, 2, 0, 1, 1, 1, 1, 1, 0, 1, 1, 1, 1, 2, 0, 2, 0, 1, 2, 1, 0, 2, 0], total=41
2024-11-30 00:15:40,267 INFO server.py 302:: [Server] The aggregation takes 0.295503 seconds.

2024-11-30 00:15:40,268 INFO server.py 186:: [Server] Start testing
2024-11-30 00:15:40,281 INFO server.py 210:: [Server] Test set: Average loss: 1.1995, Accuracy: 88/200 (44.0%)

2024-11-30 00:15:40,282 INFO server.py 213:: [Sever] Confusion matrix:
 tensor([[50.,  0.,  0.,  0.],
        [46.,  0.,  1.,  3.],
        [35.,  0.,  3., 12.],
        [ 9.,  0.,  6., 35.]])
2024-11-30 00:15:40,284 INFO server.py 229:: [Server] Precision=[0.35714287        nan 0.3        0.7       ],
 Recall=[1.   0.   0.06 0.7 ],
 F1-score=[0.52631575        nan 0.1        0.7       ],
 my_accuracy=43.99999976158142[%]
2024-11-30 00:15:40,284 INFO _main.py 208:: ########EPOCH 3 ########
2024-11-30 00:15:40,284 INFO _main.py 209:: ###Model distribution###
2024-11-30 00:15:42,262 INFO server.py 542:: flip_sign_id={0, 2, 11, 18, 20}
2024-11-30 00:15:42,263 INFO server.py 557:: ===========using shortHoGs for detecting UNTARGETED ATTACK====
2024-11-30 00:15:42,356 INFO server.py 583:: labels cluster_sh= [0 0 0 0 0 0 0 0 0 0 0 0 0 0 0 0 0 0 0 0 0 0 0 0 0 0 0 0 0 0 0 0 0 0 0]
2024-11-30 00:15:42,369 DEBUG server.py 588:: offset_normal_ids=[ 0  1  2  3  4  5  6  7  8  9 10 11 12 13 14 15 16 17 18 19 20 21 22 23
 24 25 26 27 28 29 30 31 32 33 34], normal_ids=[ 1  3  4  5  6  7  8  9 10 12 13 14 15 16 17 19 21 22 23 24 25 26 27 28
 29 30 31 32 33 34 35 36 37 38 39]
2024-11-30 00:15:42,369 INFO server.py 593:: SUSPECTED UNTARGETED []
2024-11-30 00:15:42,370 DEBUG server.py 597:: suspicious_ids=[]
2024-11-30 00:15:42,370 DEBUG server.py 606:: d_normal_sus={}, d_separate=0
2024-11-30 00:15:42,370 INFO server.py 613:: This round UNTARGETED=set(), sus_tAtk_uRel_id0=set()
2024-11-30 00:15:42,370 INFO server.py 631:: =======Using LONG HOGs for detecting TARGETED ATTACK========
2024-11-30 00:15:42,391 INFO server.py 118:: This round TARGETED ATTACK: [24]
2024-11-30 00:15:42,396 DEBUG server.py 477:: mal_ids=set(), pre_mal_id=defaultdict(<class 'int'>, {0: 1, 1: 0, 2: 1, 3: 0, 4: 0, 5: 0, 6: 0, 7: 0, 8: 0, 9: 0, 10: 0, 11: 1, 12: 0, 13: 0, 14: 0, 15: 0, 16: 0, 17: 0, 18: 1, 19: 0, 20: 1, 21: 0, 22: 0, 23: 0, 24: 1, 25: 0, 26: 0, 27: 0, 28: 0, 29: 0, 30: 0, 31: 0, 32: 0, 33: 0, 34: 0, 35: 0, 36: 0, 37: 0, 38: 0, 39: 0})
2024-11-30 00:15:42,396 INFO server.py 479:: FLIP-SIGN ATTACK=set()
2024-11-30 00:15:42,397 INFO server.py 480:: UNTARGETED ATTACK=set()
2024-11-30 00:15:42,397 INFO server.py 481:: TARGETED ATTACK=set()
2024-11-30 00:15:42,397 INFO server.py 636:: OVERTIME MALICIOUS client ids =set()
2024-11-30 00:15:42,409 INFO server.py 682:: This round UNRELIABLE={24, 25, 26}, normal_id={1, 3, 4, 5, 6, 7, 8, 9, 10, 12, 13, 14, 15, 16, 17, 19, 21, 22, 23, 27, 28, 29, 30, 31, 32, 33, 34, 35, 36, 37, 38, 39}
2024-11-30 00:15:42,410 DEBUG server.py 684:: anlge_sHoGs={1: 0.8470447, 3: nan, 4: nan, 5: nan, 6: 0.84247386, 7: 0.74630624, 8: nan, 9: 0.80188924, 10: nan, 12: 0.7946833, 13: 0.82492954, 14: 0.65044445, 15: 0.705818, 16: 0.6945767, 17: 0.60668725, 19: nan, 21: 0.5011425, 22: 0.47739986, 23: 0.66691417, 24: 0.20674635, 25: 0.033555314, 26: 0.29420504, 27: 0.79775965, 28: 0.6547149, 29: 0.5902742, 30: 0.7891971, 31: nan, 32: 0.70274436, 33: nan, 34: 0.6435236, 35: 0.69206035, 36: 0.79754114, 37: nan, 38: 0.7517682, 39: nan}, angle_sep_nsH=0.3858024477958679
2024-11-30 00:15:42,410 INFO server.py 696:: UNRELIABLE clients =set()
2024-11-30 00:15:42,699 INFO server.py 1192:: clients' sizes=[1, 2, 1, 0, 0, 0, 2, 2, 0, 1, 0, 1, 2, 2, 2, 2, 1, 1, 2, 0, 1, 1, 1, 1, 0, 1, 1, 1, 1, 2, 0, 2, 0, 1, 2, 1, 0, 2, 0], total=40
2024-11-30 00:15:42,709 INFO server.py 302:: [Server] The aggregation takes 0.512928 seconds.

2024-11-30 00:15:42,710 INFO server.py 186:: [Server] Start testing
2024-11-30 00:15:42,722 INFO server.py 210:: [Server] Test set: Average loss: 1.1124, Accuracy: 96/200 (48.0%)

2024-11-30 00:15:42,723 INFO server.py 213:: [Sever] Confusion matrix:
 tensor([[47.,  3.,  0.,  0.],
        [38.,  6.,  3.,  3.],
        [27.,  5.,  7., 11.],
        [ 9.,  0.,  5., 36.]])
2024-11-30 00:15:42,725 INFO server.py 229:: [Server] Precision=[0.38842976 0.42857143 0.46666667 0.72      ],
 Recall=[0.94 0.12 0.14 0.72],
 F1-score=[0.54970765 0.1875     0.21538462 0.71999997],
 my_accuracy=47.999998927116394[%]
2024-11-30 00:15:42,725 INFO _main.py 208:: ########EPOCH 4 ########
2024-11-30 00:15:42,726 INFO _main.py 209:: ###Model distribution###
2024-11-30 00:15:44,548 INFO server.py 542:: flip_sign_id={0, 2, 11, 18, 20}
2024-11-30 00:15:44,549 INFO server.py 557:: ===========using shortHoGs for detecting UNTARGETED ATTACK====
2024-11-30 00:15:44,601 INFO server.py 583:: labels cluster_sh= [0 0 0 0 0 0 0 0 0 0 0 0 0 0 0 0 0 0 0 0 0 0 0 0 0 0 0 0 0 0 0 0 0 0 0]
2024-11-30 00:15:44,614 DEBUG server.py 588:: offset_normal_ids=[ 0  1  2  3  4  5  6  7  8  9 10 11 12 13 14 15 16 17 18 19 20 21 22 23
 24 25 26 27 28 29 30 31 32 33 34], normal_ids=[ 1  3  4  5  6  7  8  9 10 12 13 14 15 16 17 19 21 22 23 24 25 26 27 28
 29 30 31 32 33 34 35 36 37 38 39]
2024-11-30 00:15:44,614 INFO server.py 593:: SUSPECTED UNTARGETED []
2024-11-30 00:15:44,615 DEBUG server.py 597:: suspicious_ids=[]
2024-11-30 00:15:44,615 DEBUG server.py 606:: d_normal_sus={}, d_separate=0
2024-11-30 00:15:44,615 INFO server.py 613:: This round UNTARGETED=set(), sus_tAtk_uRel_id0=set()
2024-11-30 00:15:44,615 INFO server.py 631:: =======Using LONG HOGs for detecting TARGETED ATTACK========
2024-11-30 00:15:44,629 INFO server.py 118:: This round TARGETED ATTACK: [24]
2024-11-30 00:15:44,629 DEBUG server.py 477:: mal_ids={0, 2, 11, 18, 20}, pre_mal_id=defaultdict(<class 'int'>, {0: 2, 1: 0, 2: 2, 3: 0, 4: 0, 5: 0, 6: 0, 7: 0, 8: 0, 9: 0, 10: 0, 11: 2, 12: 0, 13: 0, 14: 0, 15: 0, 16: 0, 17: 0, 18: 2, 19: 0, 20: 2, 21: 0, 22: 0, 23: 0, 24: 2, 25: 0, 26: 0, 27: 0, 28: 0, 29: 0, 30: 0, 31: 0, 32: 0, 33: 0, 34: 0, 35: 0, 36: 0, 37: 0, 38: 0, 39: 0})
2024-11-30 00:15:44,629 INFO server.py 479:: FLIP-SIGN ATTACK={0, 2, 11, 18, 20}
2024-11-30 00:15:44,630 INFO server.py 480:: UNTARGETED ATTACK=set()
2024-11-30 00:15:44,630 INFO server.py 481:: TARGETED ATTACK=set()
2024-11-30 00:15:44,630 INFO server.py 636:: OVERTIME MALICIOUS client ids ={0, 2, 11, 18, 20}
2024-11-30 00:15:44,642 INFO server.py 682:: This round UNRELIABLE={24, 25, 26}, normal_id={1, 3, 4, 5, 6, 7, 8, 9, 10, 12, 13, 14, 15, 16, 17, 19, 21, 22, 23, 27, 28, 29, 30, 31, 32, 33, 34, 35, 36, 37, 38, 39}
2024-11-30 00:15:44,642 DEBUG server.py 684:: anlge_sHoGs={1: 0.8470447, 3: nan, 4: nan, 5: nan, 6: 0.84247386, 7: 0.74630624, 8: nan, 9: 0.80188924, 10: nan, 12: 0.7946833, 13: 0.82492954, 14: 0.65044445, 15: 0.705818, 16: 0.6945767, 17: 0.60668725, 19: nan, 21: 0.5011425, 22: 0.47739986, 23: 0.66691417, 24: 0.20674635, 25: 0.033555314, 26: 0.29420504, 27: 0.79775965, 28: 0.6547149, 29: 0.5902742, 30: 0.7891971, 31: nan, 32: 0.70274436, 33: nan, 34: 0.6435236, 35: 0.69206035, 36: 0.79754114, 37: nan, 38: 0.7517682, 39: nan}, angle_sep_nsH=0.3858024477958679
2024-11-30 00:15:44,643 INFO server.py 696:: UNRELIABLE clients =set()
2024-11-30 00:15:44,893 INFO server.py 1192:: clients' sizes=[2, 0, 0, 0, 2, 2, 0, 1, 0, 2, 2, 2, 2, 1, 1, 0, 1, 1, 1, 0, 1, 1, 1, 1, 2, 0, 2, 0, 1, 2, 1, 0, 2, 0], total=34
2024-11-30 00:15:44,903 INFO server.py 302:: [Server] The aggregation takes 0.420688 seconds.

2024-11-30 00:15:44,904 INFO server.py 186:: [Server] Start testing
2024-11-30 00:15:44,918 INFO server.py 210:: [Server] Test set: Average loss: 1.0073, Accuracy: 119/200 (59.5%)

2024-11-30 00:15:44,920 INFO server.py 213:: [Sever] Confusion matrix:
 tensor([[44.,  4.,  2.,  0.],
        [20., 23.,  4.,  3.],
        [15., 12., 13., 10.],
        [ 0.,  6.,  5., 39.]])
2024-11-30 00:15:44,921 INFO server.py 229:: [Server] Precision=[0.556962   0.51111114 0.5416667  0.75      ],
 Recall=[0.88 0.46 0.26 0.78],
 F1-score=[0.68217057 0.48421055 0.35135135 0.7647059 ],
 my_accuracy=59.50000286102295[%]
2024-11-30 00:15:44,921 INFO _main.py 208:: ########EPOCH 5 ########
2024-11-30 00:15:44,922 INFO _main.py 209:: ###Model distribution###
2024-11-30 00:15:46,765 INFO server.py 542:: flip_sign_id={0, 2, 11, 18, 20}
2024-11-30 00:15:46,765 INFO server.py 557:: ===========using shortHoGs for detecting UNTARGETED ATTACK====
2024-11-30 00:15:46,810 INFO server.py 583:: labels cluster_sh= [0 0 0 0 0 0 0 0 0 0 0 0 0 0 0 0 0 0 0 0 0 0 0 0 0 0 0 0 0 0 0 0 0 0 0]
2024-11-30 00:15:46,823 DEBUG server.py 588:: offset_normal_ids=[ 0  1  2  3  4  5  6  7  8  9 10 11 12 13 14 15 16 17 18 19 20 21 22 23
 24 25 26 27 28 29 30 31 32 33 34], normal_ids=[ 1  3  4  5  6  7  8  9 10 12 13 14 15 16 17 19 21 22 23 24 25 26 27 28
 29 30 31 32 33 34 35 36 37 38 39]
2024-11-30 00:15:46,824 INFO server.py 593:: SUSPECTED UNTARGETED []
2024-11-30 00:15:46,824 DEBUG server.py 597:: suspicious_ids=[]
2024-11-30 00:15:46,824 DEBUG server.py 606:: d_normal_sus={}, d_separate=0
2024-11-30 00:15:46,825 INFO server.py 613:: This round UNTARGETED=set(), sus_tAtk_uRel_id0=set()
2024-11-30 00:15:46,825 INFO server.py 631:: =======Using LONG HOGs for detecting TARGETED ATTACK========
2024-11-30 00:15:46,847 INFO server.py 118:: This round TARGETED ATTACK: [24 17]
2024-11-30 00:15:46,851 DEBUG server.py 477:: mal_ids={0, 2, 11, 18, 20}, pre_mal_id=defaultdict(<class 'int'>, {0: 3, 1: 0, 2: 3, 3: 0, 4: 0, 5: 0, 6: 0, 7: 0, 8: 0, 9: 0, 10: 0, 11: 3, 12: 0, 13: 0, 14: 0, 15: 0, 16: 0, 17: 1, 18: 3, 19: 0, 20: 3, 21: 0, 22: 0, 23: 0, 24: 3, 25: 0, 26: 0, 27: 0, 28: 0, 29: 0, 30: 0, 31: 0, 32: 0, 33: 0, 34: 0, 35: 0, 36: 0, 37: 0, 38: 0, 39: 0})
2024-11-30 00:15:46,852 INFO server.py 479:: FLIP-SIGN ATTACK={0, 2, 11, 18, 20}
2024-11-30 00:15:46,852 INFO server.py 480:: UNTARGETED ATTACK=set()
2024-11-30 00:15:46,853 INFO server.py 481:: TARGETED ATTACK=set()
2024-11-30 00:15:46,853 INFO server.py 636:: OVERTIME MALICIOUS client ids ={0, 2, 11, 18, 20}
2024-11-30 00:15:46,877 INFO server.py 682:: This round UNRELIABLE={24, 25, 26}, normal_id={1, 3, 4, 5, 6, 7, 8, 9, 10, 12, 13, 14, 15, 16, 17, 19, 21, 22, 23, 27, 28, 29, 30, 31, 32, 33, 34, 35, 36, 37, 38, 39}
2024-11-30 00:15:46,881 DEBUG server.py 684:: anlge_sHoGs={1: 0.8470447, 3: nan, 4: nan, 5: nan, 6: 0.84247386, 7: 0.74630624, 8: nan, 9: 0.80188924, 10: nan, 12: 0.7946833, 13: 0.82492954, 14: 0.65044445, 15: 0.705818, 16: 0.6945767, 17: 0.60668725, 19: nan, 21: 0.5011425, 22: 0.47739986, 23: 0.66691417, 24: 0.20674635, 25: 0.033555314, 26: 0.29420504, 27: 0.79775965, 28: 0.6547149, 29: 0.5902742, 30: 0.7891971, 31: nan, 32: 0.70274436, 33: nan, 34: 0.6435236, 35: 0.69206035, 36: 0.79754114, 37: nan, 38: 0.7517682, 39: nan}, angle_sep_nsH=0.3858024477958679
2024-11-30 00:15:46,882 INFO server.py 696:: UNRELIABLE clients ={24, 25, 26}
2024-11-30 00:15:47,116 INFO server.py 1192:: clients' sizes=[2, 0, 0, 0, 2, 2, 0, 1, 0, 2, 2, 2, 2, 1, 0, 1, 1, 1, 0, 1, 1, 1, 1, 2, 0, 2, 0, 1, 2, 1, 0, 2, 0], total=33
2024-11-30 00:15:47,125 INFO server.py 302:: [Server] The aggregation takes 0.428782 seconds.

2024-11-30 00:15:47,126 INFO server.py 186:: [Server] Start testing
2024-11-30 00:15:47,138 INFO server.py 210:: [Server] Test set: Average loss: 0.9414, Accuracy: 118/200 (59.0%)

2024-11-30 00:15:47,140 INFO server.py 213:: [Sever] Confusion matrix:
 tensor([[41.,  7.,  2.,  0.],
        [18., 21.,  8.,  3.],
        [ 8., 13., 17., 12.],
        [ 0.,  6.,  5., 39.]])
2024-11-30 00:15:47,141 INFO server.py 229:: [Server] Precision=[0.6119403  0.44680852 0.53125    0.7222222 ],
 Recall=[0.82 0.42 0.34 0.78],
 F1-score=[0.7008547  0.4329897  0.41463414 0.74999994],
 my_accuracy=58.99999737739563[%]
2024-11-30 00:15:47,142 INFO _main.py 208:: ########EPOCH 6 ########
2024-11-30 00:15:47,142 INFO _main.py 209:: ###Model distribution###
2024-11-30 00:15:48,970 INFO server.py 542:: flip_sign_id={0, 2, 11, 18, 20}
2024-11-30 00:15:48,971 INFO server.py 557:: ===========using shortHoGs for detecting UNTARGETED ATTACK====
2024-11-30 00:15:49,010 INFO server.py 583:: labels cluster_sh= [0 0 0 0 0 0 0 0 0 0 0 0 0 0 0 0 0 0 0 0 0 0 0 0 0 0 0 0 0 0 0 0 0 0 0]
2024-11-30 00:15:49,026 DEBUG server.py 588:: offset_normal_ids=[ 0  1  2  3  4  5  6  7  8  9 10 11 12 13 14 15 16 17 18 19 20 21 22 23
 24 25 26 27 28 29 30 31 32 33 34], normal_ids=[ 1  3  4  5  6  7  8  9 10 12 13 14 15 16 17 19 21 22 23 24 25 26 27 28
 29 30 31 32 33 34 35 36 37 38 39]
2024-11-30 00:15:49,027 INFO server.py 593:: SUSPECTED UNTARGETED []
2024-11-30 00:15:49,027 DEBUG server.py 597:: suspicious_ids=[]
2024-11-30 00:15:49,027 DEBUG server.py 606:: d_normal_sus={}, d_separate=0
2024-11-30 00:15:49,027 INFO server.py 613:: This round UNTARGETED=set(), sus_tAtk_uRel_id0=set()
2024-11-30 00:15:49,028 INFO server.py 631:: =======Using LONG HOGs for detecting TARGETED ATTACK========
2024-11-30 00:15:49,057 INFO server.py 118:: This round TARGETED ATTACK: [ 1 38  6  7 12 13 14 15 30 32 35]
2024-11-30 00:15:49,059 DEBUG server.py 477:: mal_ids={0, 2, 11, 18, 20}, pre_mal_id=defaultdict(<class 'int'>, {0: 4, 1: 1, 2: 4, 3: 0, 4: 0, 5: 0, 6: 1, 7: 1, 8: 0, 9: 0, 10: 0, 11: 4, 12: 1, 13: 1, 14: 1, 15: 1, 16: 0, 17: 0, 18: 4, 19: 0, 20: 4, 21: 0, 22: 0, 23: 0, 24: 0, 25: 0, 26: 0, 27: 0, 28: 0, 29: 0, 30: 1, 31: 0, 32: 1, 33: 0, 34: 0, 35: 1, 36: 0, 37: 0, 38: 1, 39: 0})
2024-11-30 00:15:49,060 INFO server.py 479:: FLIP-SIGN ATTACK={0, 2, 11, 18, 20}
2024-11-30 00:15:49,060 INFO server.py 480:: UNTARGETED ATTACK=set()
2024-11-30 00:15:49,060 INFO server.py 481:: TARGETED ATTACK=set()
2024-11-30 00:15:49,060 INFO server.py 636:: OVERTIME MALICIOUS client ids ={0, 2, 11, 18, 20}
2024-11-30 00:15:49,084 INFO server.py 682:: This round UNRELIABLE={24, 25, 26}, normal_id={1, 3, 4, 5, 6, 7, 8, 9, 10, 12, 13, 14, 15, 16, 17, 19, 21, 22, 23, 27, 28, 29, 30, 31, 32, 33, 34, 35, 36, 37, 38, 39}
2024-11-30 00:15:49,086 DEBUG server.py 684:: anlge_sHoGs={1: 0.8470447, 3: nan, 4: nan, 5: nan, 6: 0.84247386, 7: 0.74630624, 8: nan, 9: 0.80188924, 10: nan, 12: 0.7946833, 13: 0.82492954, 14: 0.65044445, 15: 0.705818, 16: 0.6945767, 17: 0.60668725, 19: nan, 21: 0.5011425, 22: 0.47739986, 23: 0.66691417, 24: 0.20674635, 25: 0.033555314, 26: 0.29420504, 27: 0.79775965, 28: 0.6547149, 29: 0.5902742, 30: 0.7891971, 31: nan, 32: 0.70274436, 33: nan, 34: 0.6435236, 35: 0.69206035, 36: 0.79754114, 37: nan, 38: 0.7517682, 39: nan}, angle_sep_nsH=0.3858024477958679
2024-11-30 00:15:49,086 INFO server.py 696:: UNRELIABLE clients ={24, 25, 26}
2024-11-30 00:15:49,151 INFO server.py 1192:: clients' sizes=[0, 0, 0, 0, 1, 0, 1, 1, 0, 1, 1, 1, 1, 0, 1, 1, 1, 1, 0, 0, 1, 1, 0, 0], total=13
2024-11-30 00:15:49,161 INFO server.py 302:: [Server] The aggregation takes 0.256494 seconds.

2024-11-30 00:15:49,162 INFO server.py 186:: [Server] Start testing
2024-11-30 00:15:49,175 INFO server.py 210:: [Server] Test set: Average loss: 0.9220, Accuracy: 119/200 (59.5%)

2024-11-30 00:15:49,176 INFO server.py 213:: [Sever] Confusion matrix:
 tensor([[41.,  7.,  2.,  0.],
        [18., 18., 11.,  3.],
        [ 8.,  8., 21., 13.],
        [ 0.,  5.,  6., 39.]])
2024-11-30 00:15:49,178 INFO server.py 229:: [Server] Precision=[0.6119403  0.47368422 0.525      0.7090909 ],
 Recall=[0.82 0.36 0.42 0.78],
 F1-score=[0.7008547  0.40909094 0.46666664 0.7428571 ],
 my_accuracy=59.50000286102295[%]
2024-11-30 00:15:49,178 INFO _main.py 208:: ########EPOCH 7 ########
2024-11-30 00:15:49,178 INFO _main.py 209:: ###Model distribution###
2024-11-30 00:15:51,770 INFO server.py 542:: flip_sign_id={0, 2, 11, 18, 20}
2024-11-30 00:15:51,770 INFO server.py 557:: ===========using shortHoGs for detecting UNTARGETED ATTACK====
2024-11-30 00:15:51,819 INFO server.py 583:: labels cluster_sh= [0 0 0 0 0 0 0 0 0 0 0 0 0 0 0 0 0 0 0 0 0 0 0 0 0 0 0 0 0 0 0 0 0 0 0]
2024-11-30 00:15:51,832 DEBUG server.py 588:: offset_normal_ids=[ 0  1  2  3  4  5  6  7  8  9 10 11 12 13 14 15 16 17 18 19 20 21 22 23
 24 25 26 27 28 29 30 31 32 33 34], normal_ids=[ 1  3  4  5  6  7  8  9 10 12 13 14 15 16 17 19 21 22 23 24 25 26 27 28
 29 30 31 32 33 34 35 36 37 38 39]
2024-11-30 00:15:51,833 INFO server.py 593:: SUSPECTED UNTARGETED []
2024-11-30 00:15:51,833 DEBUG server.py 597:: suspicious_ids=[]
2024-11-30 00:15:51,833 DEBUG server.py 606:: d_normal_sus={}, d_separate=0
2024-11-30 00:15:51,833 INFO server.py 613:: This round UNTARGETED=set(), sus_tAtk_uRel_id0=set()
2024-11-30 00:15:51,834 INFO server.py 631:: =======Using LONG HOGs for detecting TARGETED ATTACK========
2024-11-30 00:15:51,861 INFO server.py 118:: This round TARGETED ATTACK: [ 1 38  6  7  9 12 13 14 15 16 23 29 30 32 35]
2024-11-30 00:15:51,862 DEBUG server.py 477:: mal_ids={0, 2, 11, 18, 20}, pre_mal_id=defaultdict(<class 'int'>, {0: 5, 1: 2, 2: 5, 3: 0, 4: 0, 5: 0, 6: 2, 7: 2, 8: 0, 9: 1, 10: 0, 11: 5, 12: 2, 13: 2, 14: 2, 15: 2, 16: 1, 17: 0, 18: 5, 19: 0, 20: 5, 21: 0, 22: 0, 23: 1, 24: 0, 25: 0, 26: 0, 27: 0, 28: 0, 29: 1, 30: 2, 31: 0, 32: 2, 33: 0, 34: 0, 35: 2, 36: 0, 37: 0, 38: 2, 39: 0})
2024-11-30 00:15:51,862 INFO server.py 479:: FLIP-SIGN ATTACK={0, 2, 11, 18, 20}
2024-11-30 00:15:51,862 INFO server.py 480:: UNTARGETED ATTACK=set()
2024-11-30 00:15:51,863 INFO server.py 481:: TARGETED ATTACK=set()
2024-11-30 00:15:51,863 INFO server.py 636:: OVERTIME MALICIOUS client ids ={0, 2, 11, 18, 20}
2024-11-30 00:15:51,895 INFO server.py 682:: This round UNRELIABLE={24, 25, 26}, normal_id={1, 3, 4, 5, 6, 7, 8, 9, 10, 12, 13, 14, 15, 16, 17, 19, 21, 22, 23, 27, 28, 29, 30, 31, 32, 33, 34, 35, 36, 37, 38, 39}
2024-11-30 00:15:51,900 DEBUG server.py 684:: anlge_sHoGs={1: 0.8470447, 3: nan, 4: nan, 5: nan, 6: 0.84247386, 7: 0.74630624, 8: nan, 9: 0.80188924, 10: nan, 12: 0.7946833, 13: 0.82492954, 14: 0.65044445, 15: 0.705818, 16: 0.6945767, 17: 0.60668725, 19: nan, 21: 0.5011425, 22: 0.47739986, 23: 0.66691417, 24: 0.20674635, 25: 0.033555314, 26: 0.29420504, 27: 0.79775965, 28: 0.6547149, 29: 0.5902742, 30: 0.7891971, 31: nan, 32: 0.70274436, 33: nan, 34: 0.6435236, 35: 0.69206035, 36: 0.79754114, 37: nan, 38: 0.7517682, 39: nan}, angle_sep_nsH=0.3858024477958679
2024-11-30 00:15:51,900 INFO server.py 696:: UNRELIABLE clients ={24, 25, 26}
2024-11-30 00:15:51,983 INFO server.py 1192:: clients' sizes=[0, 0, 0, 0, 0, 1, 0, 1, 1, 1, 0, 1, 1, 1, 0, 0, 1, 1, 0, 0], total=9
2024-11-30 00:15:51,991 INFO server.py 302:: [Server] The aggregation takes 0.328858 seconds.

2024-11-30 00:15:51,992 INFO server.py 186:: [Server] Start testing
2024-11-30 00:15:52,011 INFO server.py 210:: [Server] Test set: Average loss: 0.9088, Accuracy: 120/200 (60.0%)

2024-11-30 00:15:52,012 INFO server.py 213:: [Sever] Confusion matrix:
 tensor([[41.,  7.,  2.,  0.],
        [18., 18., 11.,  3.],
        [10.,  5., 22., 13.],
        [ 0.,  5.,  6., 39.]])
2024-11-30 00:15:52,014 INFO server.py 229:: [Server] Precision=[0.5942029  0.51428574 0.5365854  0.7090909 ],
 Recall=[0.82 0.36 0.44 0.78],
 F1-score=[0.6890756  0.42352942 0.4835165  0.7428571 ],
 my_accuracy=60.00000238418579[%]
2024-11-30 00:15:52,014 INFO _main.py 208:: ########EPOCH 8 ########
2024-11-30 00:15:52,015 INFO _main.py 209:: ###Model distribution###
2024-11-30 00:15:54,652 INFO server.py 542:: flip_sign_id={0, 2, 11, 18, 20}
2024-11-30 00:15:54,655 INFO server.py 557:: ===========using shortHoGs for detecting UNTARGETED ATTACK====
2024-11-30 00:15:54,705 INFO server.py 583:: labels cluster_sh= [0 0 0 0 0 0 0 0 0 0 0 0 0 0 0 0 0 0 0 0 0 0 0 0 0 0 0 0 0 0 0 0 0 0 0]
2024-11-30 00:15:54,729 DEBUG server.py 588:: offset_normal_ids=[ 0  1  2  3  4  5  6  7  8  9 10 11 12 13 14 15 16 17 18 19 20 21 22 23
 24 25 26 27 28 29 30 31 32 33 34], normal_ids=[ 1  3  4  5  6  7  8  9 10 12 13 14 15 16 17 19 21 22 23 24 25 26 27 28
 29 30 31 32 33 34 35 36 37 38 39]
2024-11-30 00:15:54,735 INFO server.py 593:: SUSPECTED UNTARGETED []
2024-11-30 00:15:54,736 DEBUG server.py 597:: suspicious_ids=[]
2024-11-30 00:15:54,736 DEBUG server.py 606:: d_normal_sus={}, d_separate=0
2024-11-30 00:15:54,736 INFO server.py 613:: This round UNTARGETED=set(), sus_tAtk_uRel_id0=set()
2024-11-30 00:15:54,736 INFO server.py 631:: =======Using LONG HOGs for detecting TARGETED ATTACK========
2024-11-30 00:15:54,778 INFO server.py 118:: This round TARGETED ATTACK: [ 1 38  6  7  9 12 13 14 15 16 23 24 26 29 30 32 35]
2024-11-30 00:15:54,778 DEBUG server.py 477:: mal_ids={0, 2, 11, 18, 20}, pre_mal_id=defaultdict(<class 'int'>, {0: 6, 1: 3, 2: 6, 3: 0, 4: 0, 5: 0, 6: 3, 7: 3, 8: 0, 9: 2, 10: 0, 11: 6, 12: 3, 13: 3, 14: 3, 15: 3, 16: 2, 17: 0, 18: 6, 19: 0, 20: 6, 21: 0, 22: 0, 23: 2, 24: 1, 25: 0, 26: 1, 27: 0, 28: 0, 29: 2, 30: 3, 31: 0, 32: 3, 33: 0, 34: 0, 35: 3, 36: 0, 37: 0, 38: 3, 39: 0})
2024-11-30 00:15:54,779 INFO server.py 479:: FLIP-SIGN ATTACK={0, 2, 11, 18, 20}
2024-11-30 00:15:54,779 INFO server.py 480:: UNTARGETED ATTACK=set()
2024-11-30 00:15:54,779 INFO server.py 481:: TARGETED ATTACK=set()
2024-11-30 00:15:54,779 INFO server.py 636:: OVERTIME MALICIOUS client ids ={0, 2, 11, 18, 20}
2024-11-30 00:15:54,795 INFO server.py 682:: This round UNRELIABLE={24, 25, 26}, normal_id={1, 3, 4, 5, 6, 7, 8, 9, 10, 12, 13, 14, 15, 16, 17, 19, 21, 22, 23, 27, 28, 29, 30, 31, 32, 33, 34, 35, 36, 37, 38, 39}
2024-11-30 00:15:54,803 DEBUG server.py 684:: anlge_sHoGs={1: 0.8470447, 3: nan, 4: nan, 5: nan, 6: 0.84247386, 7: 0.74630624, 8: nan, 9: 0.80188924, 10: nan, 12: 0.7946833, 13: 0.82492954, 14: 0.65044445, 15: 0.705818, 16: 0.6945767, 17: 0.60668725, 19: nan, 21: 0.5011425, 22: 0.47739986, 23: 0.66691417, 24: 0.20674635, 25: 0.033555314, 26: 0.29420504, 27: 0.79775965, 28: 0.6547149, 29: 0.5902742, 30: 0.7891971, 31: nan, 32: 0.70274436, 33: nan, 34: 0.6435236, 35: 0.69206035, 36: 0.79754114, 37: nan, 38: 0.7517682, 39: nan}, angle_sep_nsH=0.3858024477958679
2024-11-30 00:15:54,804 INFO server.py 696:: UNRELIABLE clients ={24, 25, 26}
2024-11-30 00:15:54,834 INFO server.py 1192:: clients' sizes=[0, 0, 0, 0, 0, 1, 0, 1, 1, 0, 1, 1, 0, 0, 1, 1, 0, 0], total=7
2024-11-30 00:15:54,854 INFO server.py 302:: [Server] The aggregation takes 0.327350 seconds.

2024-11-30 00:15:54,860 INFO server.py 186:: [Server] Start testing
2024-11-30 00:15:54,890 INFO server.py 210:: [Server] Test set: Average loss: 0.8957, Accuracy: 117/200 (58.5%)

2024-11-30 00:15:54,892 INFO server.py 213:: [Sever] Confusion matrix:
 tensor([[41.,  7.,  2.,  0.],
        [18., 19., 10.,  3.],
        [ 8., 11., 18., 13.],
        [ 0.,  5.,  6., 39.]])
2024-11-30 00:15:54,894 INFO server.py 229:: [Server] Precision=[0.6119403  0.45238096 0.5        0.7090909 ],
 Recall=[0.82 0.38 0.36 0.78],
 F1-score=[0.7008547  0.41304347 0.41860467 0.7428571 ],
 my_accuracy=58.49999785423279[%]
2024-11-30 00:15:54,894 INFO _main.py 208:: ########EPOCH 9 ########
2024-11-30 00:15:54,895 INFO _main.py 209:: ###Model distribution###
2024-11-30 00:15:57,561 INFO server.py 542:: flip_sign_id={0, 2, 11, 18, 20}
2024-11-30 00:15:57,561 INFO server.py 557:: ===========using shortHoGs for detecting UNTARGETED ATTACK====
2024-11-30 00:15:57,860 INFO server.py 583:: labels cluster_sh= [0 0 0 0 0 0 0 0 0 0 0 0 0 0 0 0 0 0 0 0 0 0 0 0 0 0 0 0 0 0 0 0 0 0 0]
2024-11-30 00:15:57,873 DEBUG server.py 588:: offset_normal_ids=[ 0  1  2  3  4  5  6  7  8  9 10 11 12 13 14 15 16 17 18 19 20 21 22 23
 24 25 26 27 28 29 30 31 32 33 34], normal_ids=[ 1  3  4  5  6  7  8  9 10 12 13 14 15 16 17 19 21 22 23 24 25 26 27 28
 29 30 31 32 33 34 35 36 37 38 39]
2024-11-30 00:15:57,874 INFO server.py 593:: SUSPECTED UNTARGETED []
2024-11-30 00:15:57,874 DEBUG server.py 597:: suspicious_ids=[]
2024-11-30 00:15:57,875 DEBUG server.py 606:: d_normal_sus={}, d_separate=0
2024-11-30 00:15:57,875 INFO server.py 613:: This round UNTARGETED=set(), sus_tAtk_uRel_id0=set()
2024-11-30 00:15:57,875 INFO server.py 631:: =======Using LONG HOGs for detecting TARGETED ATTACK========
2024-11-30 00:15:57,908 INFO server.py 118:: This round TARGETED ATTACK: [ 1 38  6  7  9 12 13 14 15 16 23 24 26 29 30 32 35]
2024-11-30 00:15:57,912 DEBUG server.py 477:: mal_ids={0, 1, 2, 32, 35, 6, 7, 38, 11, 12, 13, 14, 15, 18, 20, 30}, pre_mal_id=defaultdict(<class 'int'>, {0: 7, 1: 4, 2: 7, 3: 0, 4: 0, 5: 0, 6: 4, 7: 4, 8: 0, 9: 3, 10: 0, 11: 7, 12: 4, 13: 4, 14: 4, 15: 4, 16: 3, 17: 0, 18: 7, 19: 0, 20: 7, 21: 0, 22: 0, 23: 3, 24: 2, 25: 0, 26: 2, 27: 0, 28: 0, 29: 3, 30: 4, 31: 0, 32: 4, 33: 0, 34: 0, 35: 4, 36: 0, 37: 0, 38: 4, 39: 0})
2024-11-30 00:15:57,913 INFO server.py 479:: FLIP-SIGN ATTACK={0, 2, 11, 18, 20}
2024-11-30 00:15:57,913 INFO server.py 480:: UNTARGETED ATTACK=set()
2024-11-30 00:15:57,913 INFO server.py 481:: TARGETED ATTACK={32, 1, 35, 6, 7, 38, 12, 13, 14, 15, 30}
2024-11-30 00:15:57,913 INFO server.py 636:: OVERTIME MALICIOUS client ids ={0, 1, 2, 32, 35, 6, 7, 38, 11, 12, 13, 14, 15, 18, 20, 30}
2024-11-30 00:15:57,926 INFO server.py 682:: This round UNRELIABLE={34, 16, 17, 21, 22, 23, 24, 25, 26, 28, 29}, normal_id={33, 3, 4, 5, 36, 37, 8, 9, 10, 39, 19, 27, 31}
2024-11-30 00:15:57,927 DEBUG server.py 684:: anlge_sHoGs={3: nan, 4: nan, 5: nan, 8: nan, 9: 0.646221, 10: nan, 16: 0.5258111, 17: 0.50668436, 19: nan, 21: 0.39756995, 22: 0.42238584, 23: 0.49873728, 24: 0.2176526, 25: 0.07776754, 26: 0.2739996, 27: 0.6497452, 28: 0.505871, 29: 0.4617595, 31: nan, 33: nan, 34: 0.5228922, 36: 0.6220981, 37: nan, 39: nan}, angle_sep_nsH=0.5343034118413925
2024-11-30 00:15:57,927 INFO server.py 696:: UNRELIABLE clients ={24, 25, 26}
2024-11-30 00:15:58,009 INFO server.py 1192:: clients' sizes=[0, 0, 0, 0, 0, 1, 0, 1, 1, 0, 1, 1, 0, 0, 1, 1, 0, 0], total=7
2024-11-30 00:15:58,016 INFO server.py 302:: [Server] The aggregation takes 0.567574 seconds.

2024-11-30 00:15:58,018 INFO server.py 186:: [Server] Start testing
2024-11-30 00:15:58,034 INFO server.py 210:: [Server] Test set: Average loss: 0.8870, Accuracy: 118/200 (59.0%)

2024-11-30 00:15:58,036 INFO server.py 213:: [Sever] Confusion matrix:
 tensor([[41.,  7.,  2.,  0.],
        [18., 20.,  9.,  3.],
        [ 8., 12., 18., 12.],
        [ 0.,  5.,  6., 39.]])
2024-11-30 00:15:58,037 INFO server.py 229:: [Server] Precision=[0.6119403  0.45454547 0.51428574 0.7222222 ],
 Recall=[0.82 0.4  0.36 0.78],
 F1-score=[0.7008547  0.42553192 0.42352942 0.74999994],
 my_accuracy=58.99999737739563[%]
2024-11-30 00:15:58,038 INFO _main.py 208:: ########EPOCH 10 ########
2024-11-30 00:15:58,039 INFO _main.py 209:: ###Model distribution###
2024-11-30 00:16:00,796 INFO server.py 542:: flip_sign_id={0, 2, 11, 18, 20}
2024-11-30 00:16:00,797 INFO server.py 557:: ===========using shortHoGs for detecting UNTARGETED ATTACK====
2024-11-30 00:16:00,972 INFO server.py 583:: labels cluster_sh= [0 0 0 0 0 0 0 0 0 0 0 0 0 0 0 0 0 0 0 0 0 0 0 0 0 0 0 0 0 0 0 0 0 0 0]
2024-11-30 00:16:00,996 DEBUG server.py 588:: offset_normal_ids=[ 0  1  2  3  4  5  6  7  8  9 10 11 12 13 14 15 16 17 18 19 20 21 22 23
 24 25 26 27 28 29 30 31 32 33 34], normal_ids=[ 1  3  4  5  6  7  8  9 10 12 13 14 15 16 17 19 21 22 23 24 25 26 27 28
 29 30 31 32 33 34 35 36 37 38 39]
2024-11-30 00:16:01,003 INFO server.py 593:: SUSPECTED UNTARGETED []
2024-11-30 00:16:01,004 DEBUG server.py 597:: suspicious_ids=[]
2024-11-30 00:16:01,005 DEBUG server.py 606:: d_normal_sus={}, d_separate=0
2024-11-30 00:16:01,006 INFO server.py 613:: This round UNTARGETED=set(), sus_tAtk_uRel_id0=set()
2024-11-30 00:16:01,006 INFO server.py 631:: =======Using LONG HOGs for detecting TARGETED ATTACK========
2024-11-30 00:16:01,082 INFO server.py 118:: This round TARGETED ATTACK: [ 1 38  6  7  9 12 13 14 15 16 23 24 26 29 30 32 35]
2024-11-30 00:16:01,084 DEBUG server.py 477:: mal_ids={0, 1, 2, 6, 7, 9, 11, 12, 13, 14, 15, 16, 18, 20, 23, 29, 30, 32, 35, 38}, pre_mal_id=defaultdict(<class 'int'>, {0: 8, 1: 5, 2: 8, 3: 0, 4: 0, 5: 0, 6: 5, 7: 5, 8: 0, 9: 4, 10: 0, 11: 8, 12: 5, 13: 5, 14: 5, 15: 5, 16: 4, 17: 0, 18: 8, 19: 0, 20: 8, 21: 0, 22: 0, 23: 4, 24: 3, 25: 0, 26: 3, 27: 0, 28: 0, 29: 4, 30: 5, 31: 0, 32: 5, 33: 0, 34: 0, 35: 5, 36: 0, 37: 0, 38: 5, 39: 0})
2024-11-30 00:16:01,085 INFO server.py 479:: FLIP-SIGN ATTACK={0, 2, 11, 18, 20}
2024-11-30 00:16:01,086 INFO server.py 480:: UNTARGETED ATTACK=set()
2024-11-30 00:16:01,086 INFO server.py 481:: TARGETED ATTACK={32, 1, 35, 6, 7, 38, 9, 12, 13, 14, 15, 16, 23, 29, 30}
2024-11-30 00:16:01,086 INFO server.py 636:: OVERTIME MALICIOUS client ids ={0, 1, 2, 6, 7, 9, 11, 12, 13, 14, 15, 16, 18, 20, 23, 29, 30, 32, 35, 38}
2024-11-30 00:16:01,109 INFO server.py 682:: This round UNRELIABLE={24, 25, 26}, normal_id={33, 34, 3, 4, 5, 36, 37, 8, 39, 10, 17, 19, 21, 22, 27, 28, 31}
2024-11-30 00:16:01,110 DEBUG server.py 684:: anlge_sHoGs={3: nan, 4: nan, 5: nan, 8: nan, 10: nan, 17: 0.27672163, 19: nan, 21: 0.19831073, 22: 0.2273168, 24: 0.13233988, 25: 0.11519946, 26: 0.1688116, 27: 0.32060397, 28: 0.22725718, 31: nan, 33: nan, 34: 0.27134228, 36: 0.28748423, 37: nan, 39: nan}, angle_sep_nsH=0.1712283194065094
2024-11-30 00:16:01,111 INFO server.py 696:: UNRELIABLE clients ={24, 25, 26}
2024-11-30 00:16:01,158 INFO server.py 1192:: clients' sizes=[0, 0, 0, 0, 0, 1, 0, 1, 1, 0, 1, 1, 0, 0, 1, 1, 0, 0], total=7
2024-11-30 00:16:01,169 INFO server.py 302:: [Server] The aggregation takes 0.485126 seconds.

2024-11-30 00:16:01,171 INFO server.py 186:: [Server] Start testing
2024-11-30 00:16:01,190 INFO server.py 210:: [Server] Test set: Average loss: 0.8779, Accuracy: 119/200 (59.5%)

2024-11-30 00:16:01,193 INFO server.py 213:: [Sever] Confusion matrix:
 tensor([[41.,  8.,  1.,  0.],
        [18., 21.,  8.,  3.],
        [ 8., 12., 18., 12.],
        [ 0.,  5.,  6., 39.]])
2024-11-30 00:16:01,201 INFO server.py 229:: [Server] Precision=[0.6119403  0.45652175 0.54545456 0.7222222 ],
 Recall=[0.82 0.42 0.36 0.78],
 F1-score=[0.7008547  0.4375     0.43373495 0.74999994],
 my_accuracy=59.50000286102295[%]
2024-11-30 00:16:01,202 INFO _main.py 208:: ########EPOCH 11 ########
2024-11-30 00:16:01,203 INFO _main.py 209:: ###Model distribution###
2024-11-30 00:16:03,212 INFO server.py 542:: flip_sign_id={0, 2, 11, 18, 20}
2024-11-30 00:16:03,213 INFO server.py 557:: ===========using shortHoGs for detecting UNTARGETED ATTACK====
2024-11-30 00:16:03,254 INFO server.py 583:: labels cluster_sh= [0 0 0 0 0 0 0 0 0 0 0 0 0 0 0 0 0 0 0 0 0 0 0 0 0 0 0 0 0 0 0 0 0 0 0]
2024-11-30 00:16:03,267 DEBUG server.py 588:: offset_normal_ids=[ 0  1  2  3  4  5  6  7  8  9 10 11 12 13 14 15 16 17 18 19 20 21 22 23
 24 25 26 27 28 29 30 31 32 33 34], normal_ids=[ 1  3  4  5  6  7  8  9 10 12 13 14 15 16 17 19 21 22 23 24 25 26 27 28
 29 30 31 32 33 34 35 36 37 38 39]
2024-11-30 00:16:03,268 INFO server.py 593:: SUSPECTED UNTARGETED []
2024-11-30 00:16:03,268 DEBUG server.py 597:: suspicious_ids=[]
2024-11-30 00:16:03,268 DEBUG server.py 606:: d_normal_sus={}, d_separate=0
2024-11-30 00:16:03,268 INFO server.py 613:: This round UNTARGETED=set(), sus_tAtk_uRel_id0=set()
2024-11-30 00:16:03,269 INFO server.py 631:: =======Using LONG HOGs for detecting TARGETED ATTACK========
2024-11-30 00:16:03,283 INFO server.py 118:: This round TARGETED ATTACK: [ 1 38  9 12 24]
2024-11-30 00:16:03,283 DEBUG server.py 477:: mal_ids={0, 1, 2, 6, 7, 9, 11, 12, 13, 14, 15, 16, 18, 20, 23, 24, 29, 30, 32, 35, 38}, pre_mal_id=defaultdict(<class 'int'>, {0: 9, 1: 6, 2: 9, 3: 0, 4: 0, 5: 0, 6: 0, 7: 0, 8: 0, 9: 5, 10: 0, 11: 9, 12: 6, 13: 0, 14: 0, 15: 0, 16: 0, 17: 0, 18: 9, 19: 0, 20: 9, 21: 0, 22: 0, 23: 0, 24: 4, 25: 0, 26: 0, 27: 0, 28: 0, 29: 0, 30: 0, 31: 0, 32: 0, 33: 0, 34: 0, 35: 0, 36: 0, 37: 0, 38: 6, 39: 0})
2024-11-30 00:16:03,283 INFO server.py 479:: FLIP-SIGN ATTACK={0, 2, 11, 18, 20}
2024-11-30 00:16:03,284 INFO server.py 480:: UNTARGETED ATTACK=set()
2024-11-30 00:16:03,284 INFO server.py 481:: TARGETED ATTACK={32, 1, 35, 6, 7, 38, 9, 12, 13, 14, 15, 16, 23, 24, 29, 30}
2024-11-30 00:16:03,284 INFO server.py 636:: OVERTIME MALICIOUS client ids ={0, 1, 2, 6, 7, 9, 11, 12, 13, 14, 15, 16, 18, 20, 23, 24, 29, 30, 32, 35, 38}
2024-11-30 00:16:03,290 INFO server.py 682:: This round UNRELIABLE=set(), normal_id={3, 4, 5, 8, 10, 17, 19, 21, 22, 25, 26, 27, 28, 31, 33, 34, 36, 37, 39}
2024-11-30 00:16:03,290 DEBUG server.py 684:: anlge_sHoGs={3: nan, 4: nan, 5: nan, 8: nan, 10: nan, 17: nan, 19: nan, 21: nan, 22: nan, 25: nan, 26: nan, 27: nan, 28: nan, 31: nan, 33: nan, 34: nan, 36: nan, 37: nan, 39: nan}, angle_sep_nsH=0
2024-11-30 00:16:03,291 INFO server.py 696:: UNRELIABLE clients ={24, 25, 26}
2024-11-30 00:16:03,320 INFO server.py 1192:: clients' sizes=[0, 0, 0, 0, 0, 1, 0, 1, 1, 0, 1, 1, 1, 0, 0, 1, 1, 0, 0], total=8
2024-11-30 00:16:03,327 INFO server.py 302:: [Server] The aggregation takes 0.177612 seconds.

2024-11-30 00:16:03,328 INFO server.py 186:: [Server] Start testing
2024-11-30 00:16:03,346 INFO server.py 210:: [Server] Test set: Average loss: 0.8700, Accuracy: 121/200 (60.5%)

2024-11-30 00:16:03,348 INFO server.py 213:: [Sever] Confusion matrix:
 tensor([[41.,  8.,  1.,  0.],
        [16., 23.,  8.,  3.],
        [ 8., 12., 18., 12.],
        [ 0.,  5.,  6., 39.]])
2024-11-30 00:16:03,349 INFO server.py 229:: [Server] Precision=[0.63076925 0.47916666 0.54545456 0.7222222 ],
 Recall=[0.82 0.46 0.36 0.78],
 F1-score=[0.7130436  0.46938774 0.43373495 0.74999994],
 my_accuracy=60.50000190734863[%]
2024-11-30 00:16:03,350 INFO _main.py 208:: ########EPOCH 12 ########
2024-11-30 00:16:03,350 INFO _main.py 209:: ###Model distribution###
2024-11-30 00:16:05,201 INFO server.py 542:: flip_sign_id=set()
2024-11-30 00:16:05,201 INFO server.py 557:: ===========using shortHoGs for detecting UNTARGETED ATTACK====
2024-11-30 00:16:05,242 INFO server.py 583:: labels cluster_sh= [0 0 0 0 0 0 0 0 0 0 0 0 0 0 0 0 0 0 0 0 0 0 0 0 0 0 0 0 0 0 0 0 0 0 0]
2024-11-30 00:16:05,255 DEBUG server.py 588:: offset_normal_ids=[ 0  1  2  3  4  5  6  7  8  9 10 11 12 13 14 15 16 17 18 19 20 21 22 23
 24 25 26 27 28 29 30 31 32 33 34], normal_ids=[ 1  3  4  5  6  7  8  9 10 12 13 14 15 16 17 19 21 22 23 24 25 26 27 28
 29 30 31 32 33 34 35 36 37 38 39]
2024-11-30 00:16:05,255 INFO server.py 593:: SUSPECTED UNTARGETED []
2024-11-30 00:16:05,256 DEBUG server.py 597:: suspicious_ids=[]
2024-11-30 00:16:05,256 DEBUG server.py 606:: d_normal_sus={}, d_separate=0
2024-11-30 00:16:05,256 INFO server.py 613:: This round UNTARGETED=set(), sus_tAtk_uRel_id0=set()
2024-11-30 00:16:05,257 INFO server.py 631:: =======Using LONG HOGs for detecting TARGETED ATTACK========
2024-11-30 00:16:05,276 INFO server.py 118:: This round TARGETED ATTACK: [ 1 38  9 12 24]
2024-11-30 00:16:05,280 DEBUG server.py 477:: mal_ids={0, 1, 2, 9, 11, 12, 18, 20, 24, 38}, pre_mal_id=defaultdict(<class 'int'>, {0: 0, 1: 7, 2: 0, 3: 0, 4: 0, 5: 0, 6: 0, 7: 0, 8: 0, 9: 6, 10: 0, 11: 0, 12: 7, 13: 0, 14: 0, 15: 0, 16: 0, 17: 0, 18: 0, 19: 0, 20: 0, 21: 0, 22: 0, 23: 0, 24: 5, 25: 0, 26: 0, 27: 0, 28: 0, 29: 0, 30: 0, 31: 0, 32: 0, 33: 0, 34: 0, 35: 0, 36: 0, 37: 0, 38: 7, 39: 0})
2024-11-30 00:16:05,281 INFO server.py 479:: FLIP-SIGN ATTACK={0, 2, 11, 18, 20}
2024-11-30 00:16:05,281 INFO server.py 480:: UNTARGETED ATTACK=set()
2024-11-30 00:16:05,281 INFO server.py 481:: TARGETED ATTACK={1, 38, 9, 12, 24}
2024-11-30 00:16:05,281 INFO server.py 636:: OVERTIME MALICIOUS client ids ={0, 1, 2, 9, 11, 12, 18, 20, 24, 38}
2024-11-30 00:16:05,301 INFO server.py 682:: This round UNRELIABLE={25}, normal_id={3, 4, 5, 6, 7, 8, 10, 13, 14, 15, 16, 17, 19, 21, 22, 23, 26, 27, 28, 29, 30, 31, 32, 33, 34, 35, 36, 37, 39}
2024-11-30 00:16:05,303 DEBUG server.py 684:: anlge_sHoGs={3: nan, 4: nan, 5: nan, 6: 0.8149774, 7: 0.7334055, 8: nan, 10: nan, 13: 0.80518985, 14: 0.6350207, 15: 0.71086985, 16: 0.6936238, 17: 0.5908388, 19: nan, 21: 0.5047653, 22: 0.47681987, 23: 0.6654813, 25: 0.04166267, 26: 0.28885508, 27: 0.78439856, 28: 0.65104485, 29: 0.5802638, 30: 0.7774241, 31: nan, 32: 0.68790925, 33: nan, 34: 0.6434709, 35: 0.6649434, 36: 0.76413316, 37: nan, 39: nan}, angle_sep_nsH=0.16525887697935104
2024-11-30 00:16:05,304 INFO server.py 696:: UNRELIABLE clients ={24, 25, 26}
2024-11-30 00:16:05,522 INFO server.py 1192:: clients' sizes=[0, 0, 0, 2, 2, 0, 0, 2, 2, 2, 1, 1, 0, 1, 1, 1, 0, 1, 1, 1, 1, 2, 0, 2, 0, 1, 2, 1, 0, 0], total=27
2024-11-30 00:16:05,529 INFO server.py 302:: [Server] The aggregation takes 0.404605 seconds.

2024-11-30 00:16:05,530 INFO server.py 186:: [Server] Start testing
2024-11-30 00:16:05,543 INFO server.py 210:: [Server] Test set: Average loss: 0.8560, Accuracy: 120/200 (60.0%)

2024-11-30 00:16:05,544 INFO server.py 213:: [Sever] Confusion matrix:
 tensor([[41.,  8.,  1.,  0.],
        [15., 24.,  8.,  3.],
        [ 6., 15., 16., 13.],
        [ 0.,  5.,  6., 39.]])
2024-11-30 00:16:05,546 INFO server.py 229:: [Server] Precision=[0.66129035 0.46153846 0.516129   0.7090909 ],
 Recall=[0.82 0.48 0.32 0.78],
 F1-score=[0.73214287 0.47058824 0.39506173 0.7428571 ],
 my_accuracy=60.00000238418579[%]
2024-11-30 00:16:05,546 INFO _main.py 208:: ########EPOCH 13 ########
2024-11-30 00:16:05,547 INFO _main.py 209:: ###Model distribution###
2024-11-30 00:16:08,131 INFO server.py 542:: flip_sign_id={0, 2, 11, 18, 20}
2024-11-30 00:16:08,131 INFO server.py 557:: ===========using shortHoGs for detecting UNTARGETED ATTACK====
2024-11-30 00:16:08,207 INFO server.py 583:: labels cluster_sh= [0 0 0 0 0 0 0 0 0 0 0 0 0 0 0 0 0 0 0 0 0 0 0 0 0 0 0 0 0 0 0 0 0 0 0]
2024-11-30 00:16:08,244 DEBUG server.py 588:: offset_normal_ids=[ 0  1  2  3  4  5  6  7  8  9 10 11 12 13 14 15 16 17 18 19 20 21 22 23
 24 25 26 27 28 29 30 31 32 33 34], normal_ids=[ 1  3  4  5  6  7  8  9 10 12 13 14 15 16 17 19 21 22 23 24 25 26 27 28
 29 30 31 32 33 34 35 36 37 38 39]
2024-11-30 00:16:08,257 INFO server.py 593:: SUSPECTED UNTARGETED []
2024-11-30 00:16:08,258 DEBUG server.py 597:: suspicious_ids=[]
2024-11-30 00:16:08,258 DEBUG server.py 606:: d_normal_sus={}, d_separate=0
2024-11-30 00:16:08,258 INFO server.py 613:: This round UNTARGETED=set(), sus_tAtk_uRel_id0=set()
2024-11-30 00:16:08,259 INFO server.py 631:: =======Using LONG HOGs for detecting TARGETED ATTACK========
2024-11-30 00:16:08,284 INFO server.py 118:: This round TARGETED ATTACK: [ 1 38  9 12 24]
2024-11-30 00:16:08,285 DEBUG server.py 477:: mal_ids={0, 1, 2, 9, 11, 12, 18, 20, 24, 38}, pre_mal_id=defaultdict(<class 'int'>, {0: 1, 1: 8, 2: 1, 3: 0, 4: 0, 5: 0, 6: 0, 7: 0, 8: 0, 9: 7, 10: 0, 11: 1, 12: 8, 13: 0, 14: 0, 15: 0, 16: 0, 17: 0, 18: 1, 19: 0, 20: 1, 21: 0, 22: 0, 23: 0, 24: 6, 25: 0, 26: 0, 27: 0, 28: 0, 29: 0, 30: 0, 31: 0, 32: 0, 33: 0, 34: 0, 35: 0, 36: 0, 37: 0, 38: 8, 39: 0})
2024-11-30 00:16:08,290 INFO server.py 479:: FLIP-SIGN ATTACK={0, 2, 11, 18, 20}
2024-11-30 00:16:08,290 INFO server.py 480:: UNTARGETED ATTACK=set()
2024-11-30 00:16:08,291 INFO server.py 481:: TARGETED ATTACK={1, 38, 9, 12, 24}
2024-11-30 00:16:08,291 INFO server.py 636:: OVERTIME MALICIOUS client ids ={0, 1, 2, 9, 11, 12, 18, 20, 24, 38}
2024-11-30 00:16:08,318 INFO server.py 682:: This round UNRELIABLE={25}, normal_id={3, 4, 5, 6, 7, 8, 10, 13, 14, 15, 16, 17, 19, 21, 22, 23, 26, 27, 28, 29, 30, 31, 32, 33, 34, 35, 36, 37, 39}
2024-11-30 00:16:08,319 DEBUG server.py 684:: anlge_sHoGs={3: nan, 4: nan, 5: nan, 6: 0.8149774, 7: 0.7334055, 8: nan, 10: nan, 13: 0.80518985, 14: 0.6350207, 15: 0.71086985, 16: 0.6936238, 17: 0.5908388, 19: nan, 21: 0.5047653, 22: 0.47681987, 23: 0.6654813, 25: 0.04166267, 26: 0.28885508, 27: 0.78439856, 28: 0.65104485, 29: 0.5802638, 30: 0.7774241, 31: nan, 32: 0.68790925, 33: nan, 34: 0.6434709, 35: 0.6649434, 36: 0.76413316, 37: nan, 39: nan}, angle_sep_nsH=0.16525887697935104
2024-11-30 00:16:08,319 INFO server.py 696:: UNRELIABLE clients ={24, 25, 26}
2024-11-30 00:16:08,549 INFO server.py 1192:: clients' sizes=[0, 0, 0, 2, 2, 0, 0, 2, 2, 2, 1, 1, 0, 1, 1, 1, 0, 1, 1, 1, 1, 2, 0, 2, 0, 1, 2, 1, 0, 0], total=27
2024-11-30 00:16:08,569 INFO server.py 302:: [Server] The aggregation takes 0.545370 seconds.

2024-11-30 00:16:08,570 INFO server.py 186:: [Server] Start testing
2024-11-30 00:16:08,596 INFO server.py 210:: [Server] Test set: Average loss: 0.8462, Accuracy: 124/200 (62.0%)

2024-11-30 00:16:08,598 INFO server.py 213:: [Sever] Confusion matrix:
 tensor([[41.,  8.,  1.,  0.],
        [14., 25.,  8.,  3.],
        [ 4., 18., 15., 13.],
        [ 0.,  5.,  2., 43.]])
2024-11-30 00:16:08,600 INFO server.py 229:: [Server] Precision=[0.69491524 0.44642857 0.5769231  0.7288136 ],
 Recall=[0.82 0.5  0.3  0.86],
 F1-score=[0.7522935  0.47169814 0.39473686 0.78899086],
 my_accuracy=62.00000047683716[%]
2024-11-30 00:16:08,600 INFO _main.py 208:: ########EPOCH 14 ########
2024-11-30 00:16:08,601 INFO _main.py 209:: ###Model distribution###
2024-11-30 00:16:11,502 INFO server.py 542:: flip_sign_id={0, 2, 11, 18, 20}
2024-11-30 00:16:11,502 INFO server.py 557:: ===========using shortHoGs for detecting UNTARGETED ATTACK====
2024-11-30 00:16:11,547 INFO server.py 583:: labels cluster_sh= [0 0 0 0 0 0 0 0 0 0 0 0 0 0 0 0 0 0 0 0 0 0 0 0 0 0 0 0 0 0 0 0 0 0 0]
2024-11-30 00:16:11,573 DEBUG server.py 588:: offset_normal_ids=[ 0  1  2  3  4  5  6  7  8  9 10 11 12 13 14 15 16 17 18 19 20 21 22 23
 24 25 26 27 28 29 30 31 32 33 34], normal_ids=[ 1  3  4  5  6  7  8  9 10 12 13 14 15 16 17 19 21 22 23 24 25 26 27 28
 29 30 31 32 33 34 35 36 37 38 39]
2024-11-30 00:16:11,573 INFO server.py 593:: SUSPECTED UNTARGETED []
2024-11-30 00:16:11,573 DEBUG server.py 597:: suspicious_ids=[]
2024-11-30 00:16:11,574 DEBUG server.py 606:: d_normal_sus={}, d_separate=0
2024-11-30 00:16:11,574 INFO server.py 613:: This round UNTARGETED=set(), sus_tAtk_uRel_id0=set()
2024-11-30 00:16:11,574 INFO server.py 631:: =======Using LONG HOGs for detecting TARGETED ATTACK========
2024-11-30 00:16:11,594 INFO server.py 118:: This round TARGETED ATTACK: [ 1 12 24 38]
2024-11-30 00:16:11,598 DEBUG server.py 477:: mal_ids={0, 1, 2, 9, 11, 12, 18, 20, 24, 38}, pre_mal_id=defaultdict(<class 'int'>, {0: 2, 1: 9, 2: 2, 3: 0, 4: 0, 5: 0, 6: 0, 7: 0, 8: 0, 9: 0, 10: 0, 11: 2, 12: 9, 13: 0, 14: 0, 15: 0, 16: 0, 17: 0, 18: 2, 19: 0, 20: 2, 21: 0, 22: 0, 23: 0, 24: 7, 25: 0, 26: 0, 27: 0, 28: 0, 29: 0, 30: 0, 31: 0, 32: 0, 33: 0, 34: 0, 35: 0, 36: 0, 37: 0, 38: 9, 39: 0})
2024-11-30 00:16:11,599 INFO server.py 479:: FLIP-SIGN ATTACK={0, 2, 11, 18, 20}
2024-11-30 00:16:11,599 INFO server.py 480:: UNTARGETED ATTACK=set()
2024-11-30 00:16:11,599 INFO server.py 481:: TARGETED ATTACK={1, 38, 9, 12, 24}
2024-11-30 00:16:11,600 INFO server.py 636:: OVERTIME MALICIOUS client ids ={0, 1, 2, 9, 11, 12, 18, 20, 24, 38}
2024-11-30 00:16:11,619 INFO server.py 682:: This round UNRELIABLE={25}, normal_id={3, 4, 5, 6, 7, 8, 10, 13, 14, 15, 16, 17, 19, 21, 22, 23, 26, 27, 28, 29, 30, 31, 32, 33, 34, 35, 36, 37, 39}
2024-11-30 00:16:11,622 DEBUG server.py 684:: anlge_sHoGs={3: nan, 4: nan, 5: nan, 6: 0.8149774, 7: 0.7334055, 8: nan, 10: nan, 13: 0.80518985, 14: 0.6350207, 15: 0.71086985, 16: 0.6936238, 17: 0.5908388, 19: nan, 21: 0.5047653, 22: 0.47681987, 23: 0.6654813, 25: 0.04166267, 26: 0.28885508, 27: 0.78439856, 28: 0.65104485, 29: 0.5802638, 30: 0.7774241, 31: nan, 32: 0.68790925, 33: nan, 34: 0.6434709, 35: 0.6649434, 36: 0.76413316, 37: nan, 39: nan}, angle_sep_nsH=0.16525887697935104
2024-11-30 00:16:11,622 INFO server.py 696:: UNRELIABLE clients ={24, 25, 26}
2024-11-30 00:16:11,855 INFO server.py 1192:: clients' sizes=[0, 0, 0, 2, 2, 0, 0, 2, 2, 2, 1, 1, 0, 1, 1, 1, 0, 1, 1, 1, 1, 2, 0, 2, 0, 1, 2, 1, 0, 0], total=27
2024-11-30 00:16:11,862 INFO server.py 302:: [Server] The aggregation takes 0.454884 seconds.

2024-11-30 00:16:11,863 INFO server.py 186:: [Server] Start testing
2024-11-30 00:16:11,877 INFO server.py 210:: [Server] Test set: Average loss: 0.8421, Accuracy: 123/200 (61.5%)

2024-11-30 00:16:11,878 INFO server.py 213:: [Sever] Confusion matrix:
 tensor([[41.,  8.,  1.,  0.],
        [14., 25.,  8.,  3.],
        [ 4., 19., 13., 14.],
        [ 0.,  5.,  1., 44.]])
2024-11-30 00:16:11,880 INFO server.py 229:: [Server] Precision=[0.69491524 0.4385965  0.5652174  0.72131145],
 Recall=[0.82 0.5  0.26 0.88],
 F1-score=[0.7522935  0.46728972 0.3561644  0.79279274],
 my_accuracy=61.500000953674316[%]
2024-11-30 00:16:11,880 INFO _main.py 208:: ########EPOCH 15 ########
2024-11-30 00:16:11,881 INFO _main.py 209:: ###Model distribution###
2024-11-30 00:16:13,712 INFO server.py 542:: flip_sign_id={0, 2, 11, 18, 20}
2024-11-30 00:16:13,712 INFO server.py 557:: ===========using shortHoGs for detecting UNTARGETED ATTACK====
2024-11-30 00:16:13,753 INFO server.py 583:: labels cluster_sh= [0 0 0 0 0 0 0 0 0 0 0 0 0 0 0 0 0 0 0 0 0 0 0 0 0 0 0 0 0 0 0 0 0 0 0]
2024-11-30 00:16:13,766 DEBUG server.py 588:: offset_normal_ids=[ 0  1  2  3  4  5  6  7  8  9 10 11 12 13 14 15 16 17 18 19 20 21 22 23
 24 25 26 27 28 29 30 31 32 33 34], normal_ids=[ 1  3  4  5  6  7  8  9 10 12 13 14 15 16 17 19 21 22 23 24 25 26 27 28
 29 30 31 32 33 34 35 36 37 38 39]
2024-11-30 00:16:13,767 INFO server.py 593:: SUSPECTED UNTARGETED []
2024-11-30 00:16:13,767 DEBUG server.py 597:: suspicious_ids=[]
2024-11-30 00:16:13,768 DEBUG server.py 606:: d_normal_sus={}, d_separate=0
2024-11-30 00:16:13,768 INFO server.py 613:: This round UNTARGETED=set(), sus_tAtk_uRel_id0=set()
2024-11-30 00:16:13,768 INFO server.py 631:: =======Using LONG HOGs for detecting TARGETED ATTACK========
2024-11-30 00:16:13,781 INFO server.py 118:: This round TARGETED ATTACK: [ 1 12 24 38]
2024-11-30 00:16:13,782 DEBUG server.py 477:: mal_ids={0, 1, 2, 11, 12, 18, 20, 24, 38}, pre_mal_id=defaultdict(<class 'int'>, {0: 3, 1: 10, 2: 3, 3: 0, 4: 0, 5: 0, 6: 0, 7: 0, 8: 0, 9: 0, 10: 0, 11: 3, 12: 10, 13: 0, 14: 0, 15: 0, 16: 0, 17: 0, 18: 3, 19: 0, 20: 3, 21: 0, 22: 0, 23: 0, 24: 8, 25: 0, 26: 0, 27: 0, 28: 0, 29: 0, 30: 0, 31: 0, 32: 0, 33: 0, 34: 0, 35: 0, 36: 0, 37: 0, 38: 10, 39: 0})
2024-11-30 00:16:13,782 INFO server.py 479:: FLIP-SIGN ATTACK={0, 2, 11, 18, 20}
2024-11-30 00:16:13,782 INFO server.py 480:: UNTARGETED ATTACK=set()
2024-11-30 00:16:13,782 INFO server.py 481:: TARGETED ATTACK={1, 38, 12, 24}
2024-11-30 00:16:13,782 INFO server.py 636:: OVERTIME MALICIOUS client ids ={0, 1, 2, 11, 12, 18, 20, 24, 38}
2024-11-30 00:16:13,792 INFO server.py 682:: This round UNRELIABLE={25}, normal_id={3, 4, 5, 6, 7, 8, 9, 10, 13, 14, 15, 16, 17, 19, 21, 22, 23, 26, 27, 28, 29, 30, 31, 32, 33, 34, 35, 36, 37, 39}
2024-11-30 00:16:13,793 DEBUG server.py 684:: anlge_sHoGs={3: nan, 4: nan, 5: nan, 6: 0.8185878, 7: 0.7280964, 8: nan, 9: 0.78625524, 10: nan, 13: 0.806297, 14: 0.63849336, 15: 0.70970666, 16: 0.695243, 17: 0.5855571, 19: nan, 21: 0.5005601, 22: 0.4778299, 23: 0.6632329, 25: 0.03951615, 26: 0.2872426, 27: 0.7865394, 28: 0.64901036, 29: 0.58563703, 30: 0.77576846, 31: nan, 32: 0.6914954, 33: nan, 34: 0.6371296, 35: 0.67452604, 36: 0.77206504, 37: nan, 39: nan}, angle_sep_nsH=0.16337937116622925
2024-11-30 00:16:13,793 INFO server.py 696:: UNRELIABLE clients ={24, 25, 26}
2024-11-30 00:16:13,978 INFO server.py 1192:: clients' sizes=[0, 0, 0, 2, 2, 0, 1, 0, 2, 2, 2, 1, 1, 0, 1, 1, 1, 0, 1, 1, 1, 1, 2, 0, 2, 0, 1, 2, 1, 0, 0], total=28
2024-11-30 00:16:13,986 INFO server.py 302:: [Server] The aggregation takes 0.339763 seconds.

2024-11-30 00:16:13,987 INFO server.py 186:: [Server] Start testing
2024-11-30 00:16:13,999 INFO server.py 210:: [Server] Test set: Average loss: 0.8349, Accuracy: 123/200 (61.5%)

2024-11-30 00:16:14,000 INFO server.py 213:: [Sever] Confusion matrix:
 tensor([[41.,  8.,  1.,  0.],
        [15., 25.,  7.,  3.],
        [ 4., 19., 13., 14.],
        [ 0.,  5.,  1., 44.]])
2024-11-30 00:16:14,003 INFO server.py 229:: [Server] Precision=[0.68333334 0.4385965  0.59090906 0.72131145],
 Recall=[0.82 0.5  0.26 0.88],
 F1-score=[0.7454545  0.46728972 0.3611111  0.79279274],
 my_accuracy=61.500000953674316[%]
2024-11-30 00:16:14,003 INFO _main.py 208:: ########EPOCH 16 ########
2024-11-30 00:16:14,004 INFO _main.py 209:: ###Model distribution###
2024-11-30 00:16:15,860 INFO server.py 542:: flip_sign_id={0, 2, 11, 18, 20}
2024-11-30 00:16:15,860 INFO server.py 557:: ===========using shortHoGs for detecting UNTARGETED ATTACK====
2024-11-30 00:16:15,901 INFO server.py 583:: labels cluster_sh= [0 0 0 0 0 0 0 0 0 0 0 0 0 0 0 0 0 0 0 0 0 0 0 0 0 0 0 0 0 0 0 0 0 0 0]
2024-11-30 00:16:15,914 DEBUG server.py 588:: offset_normal_ids=[ 0  1  2  3  4  5  6  7  8  9 10 11 12 13 14 15 16 17 18 19 20 21 22 23
 24 25 26 27 28 29 30 31 32 33 34], normal_ids=[ 1  3  4  5  6  7  8  9 10 12 13 14 15 16 17 19 21 22 23 24 25 26 27 28
 29 30 31 32 33 34 35 36 37 38 39]
2024-11-30 00:16:15,914 INFO server.py 593:: SUSPECTED UNTARGETED []
2024-11-30 00:16:15,915 DEBUG server.py 597:: suspicious_ids=[]
2024-11-30 00:16:15,915 DEBUG server.py 606:: d_normal_sus={}, d_separate=0
2024-11-30 00:16:15,915 INFO server.py 613:: This round UNTARGETED=set(), sus_tAtk_uRel_id0=set()
2024-11-30 00:16:15,915 INFO server.py 631:: =======Using LONG HOGs for detecting TARGETED ATTACK========
2024-11-30 00:16:15,936 INFO server.py 118:: This round TARGETED ATTACK: [ 1 38  9 12 24]
2024-11-30 00:16:15,940 DEBUG server.py 477:: mal_ids={0, 1, 2, 11, 12, 18, 20, 24, 38}, pre_mal_id=defaultdict(<class 'int'>, {0: 4, 1: 11, 2: 4, 3: 0, 4: 0, 5: 0, 6: 0, 7: 0, 8: 0, 9: 1, 10: 0, 11: 4, 12: 11, 13: 0, 14: 0, 15: 0, 16: 0, 17: 0, 18: 4, 19: 0, 20: 4, 21: 0, 22: 0, 23: 0, 24: 9, 25: 0, 26: 0, 27: 0, 28: 0, 29: 0, 30: 0, 31: 0, 32: 0, 33: 0, 34: 0, 35: 0, 36: 0, 37: 0, 38: 11, 39: 0})
2024-11-30 00:16:15,941 INFO server.py 479:: FLIP-SIGN ATTACK={0, 2, 11, 18, 20}
2024-11-30 00:16:15,941 INFO server.py 480:: UNTARGETED ATTACK=set()
2024-11-30 00:16:15,941 INFO server.py 481:: TARGETED ATTACK={1, 38, 12, 24}
2024-11-30 00:16:15,941 INFO server.py 636:: OVERTIME MALICIOUS client ids ={0, 1, 2, 11, 12, 18, 20, 24, 38}
2024-11-30 00:16:15,962 INFO server.py 682:: This round UNRELIABLE={25}, normal_id={3, 4, 5, 6, 7, 8, 9, 10, 13, 14, 15, 16, 17, 19, 21, 22, 23, 26, 27, 28, 29, 30, 31, 32, 33, 34, 35, 36, 37, 39}
2024-11-30 00:16:15,964 DEBUG server.py 684:: anlge_sHoGs={3: nan, 4: nan, 5: nan, 6: 0.8185878, 7: 0.7280964, 8: nan, 9: 0.78625524, 10: nan, 13: 0.806297, 14: 0.63849336, 15: 0.70970666, 16: 0.695243, 17: 0.5855571, 19: nan, 21: 0.5005601, 22: 0.4778299, 23: 0.6632329, 25: 0.03951615, 26: 0.2872426, 27: 0.7865394, 28: 0.64901036, 29: 0.58563703, 30: 0.77576846, 31: nan, 32: 0.6914954, 33: nan, 34: 0.6371296, 35: 0.67452604, 36: 0.77206504, 37: nan, 39: nan}, angle_sep_nsH=0.16337937116622925
2024-11-30 00:16:15,965 INFO server.py 696:: UNRELIABLE clients ={24, 25, 26}
2024-11-30 00:16:16,125 INFO server.py 1192:: clients' sizes=[0, 0, 0, 2, 2, 0, 0, 2, 2, 2, 1, 1, 0, 1, 1, 1, 0, 1, 1, 1, 1, 2, 0, 2, 0, 1, 2, 1, 0, 0], total=27
2024-11-30 00:16:16,132 INFO server.py 302:: [Server] The aggregation takes 0.335524 seconds.

2024-11-30 00:16:16,133 INFO server.py 186:: [Server] Start testing
2024-11-30 00:16:16,145 INFO server.py 210:: [Server] Test set: Average loss: 0.8299, Accuracy: 121/200 (60.5%)

2024-11-30 00:16:16,146 INFO server.py 213:: [Sever] Confusion matrix:
 tensor([[41.,  8.,  1.,  0.],
        [15., 25.,  8.,  2.],
        [ 4., 19., 13., 14.],
        [ 0.,  5.,  3., 42.]])
2024-11-30 00:16:16,148 INFO server.py 229:: [Server] Precision=[0.68333334 0.4385965  0.52       0.7241379 ],
 Recall=[0.82 0.5  0.26 0.84],
 F1-score=[0.7454545  0.46728972 0.34666666 0.77777773],
 my_accuracy=60.50000190734863[%]
2024-11-30 00:16:16,148 INFO _main.py 208:: ########EPOCH 17 ########
2024-11-30 00:16:16,149 INFO _main.py 209:: ###Model distribution###
2024-11-30 00:16:17,920 INFO server.py 542:: flip_sign_id={0, 2, 11, 18, 20}
2024-11-30 00:16:17,920 INFO server.py 557:: ===========using shortHoGs for detecting UNTARGETED ATTACK====
2024-11-30 00:16:17,961 INFO server.py 583:: labels cluster_sh= [0 0 0 0 0 0 0 0 0 0 0 0 0 0 0 0 0 0 0 0 0 0 0 0 0 0 0 0 0 0 0 0 0 0 0]
2024-11-30 00:16:17,974 DEBUG server.py 588:: offset_normal_ids=[ 0  1  2  3  4  5  6  7  8  9 10 11 12 13 14 15 16 17 18 19 20 21 22 23
 24 25 26 27 28 29 30 31 32 33 34], normal_ids=[ 1  3  4  5  6  7  8  9 10 12 13 14 15 16 17 19 21 22 23 24 25 26 27 28
 29 30 31 32 33 34 35 36 37 38 39]
2024-11-30 00:16:17,974 INFO server.py 593:: SUSPECTED UNTARGETED []
2024-11-30 00:16:17,975 DEBUG server.py 597:: suspicious_ids=[]
2024-11-30 00:16:17,975 DEBUG server.py 606:: d_normal_sus={}, d_separate=0
2024-11-30 00:16:17,975 INFO server.py 613:: This round UNTARGETED=set(), sus_tAtk_uRel_id0=set()
2024-11-30 00:16:17,975 INFO server.py 631:: =======Using LONG HOGs for detecting TARGETED ATTACK========
2024-11-30 00:16:17,989 INFO server.py 118:: This round TARGETED ATTACK: [ 1 38  9 12 24]
2024-11-30 00:16:17,990 DEBUG server.py 477:: mal_ids={0, 1, 2, 11, 12, 18, 20, 24, 38}, pre_mal_id=defaultdict(<class 'int'>, {0: 5, 1: 12, 2: 5, 3: 0, 4: 0, 5: 0, 6: 0, 7: 0, 8: 0, 9: 2, 10: 0, 11: 5, 12: 12, 13: 0, 14: 0, 15: 0, 16: 0, 17: 0, 18: 5, 19: 0, 20: 5, 21: 0, 22: 0, 23: 0, 24: 10, 25: 0, 26: 0, 27: 0, 28: 0, 29: 0, 30: 0, 31: 0, 32: 0, 33: 0, 34: 0, 35: 0, 36: 0, 37: 0, 38: 12, 39: 0})
2024-11-30 00:16:17,990 INFO server.py 479:: FLIP-SIGN ATTACK={0, 2, 11, 18, 20}
2024-11-30 00:16:17,990 INFO server.py 480:: UNTARGETED ATTACK=set()
2024-11-30 00:16:17,990 INFO server.py 481:: TARGETED ATTACK={1, 38, 12, 24}
2024-11-30 00:16:17,990 INFO server.py 636:: OVERTIME MALICIOUS client ids ={0, 1, 2, 11, 12, 18, 20, 24, 38}
2024-11-30 00:16:18,001 INFO server.py 682:: This round UNRELIABLE={25}, normal_id={3, 4, 5, 6, 7, 8, 9, 10, 13, 14, 15, 16, 17, 19, 21, 22, 23, 26, 27, 28, 29, 30, 31, 32, 33, 34, 35, 36, 37, 39}
2024-11-30 00:16:18,001 DEBUG server.py 684:: anlge_sHoGs={3: nan, 4: nan, 5: nan, 6: 0.8185878, 7: 0.7280964, 8: nan, 9: 0.78625524, 10: nan, 13: 0.806297, 14: 0.63849336, 15: 0.70970666, 16: 0.695243, 17: 0.5855571, 19: nan, 21: 0.5005601, 22: 0.4778299, 23: 0.6632329, 25: 0.03951615, 26: 0.2872426, 27: 0.7865394, 28: 0.64901036, 29: 0.58563703, 30: 0.77576846, 31: nan, 32: 0.6914954, 33: nan, 34: 0.6371296, 35: 0.67452604, 36: 0.77206504, 37: nan, 39: nan}, angle_sep_nsH=0.16337937116622925
2024-11-30 00:16:18,001 INFO server.py 696:: UNRELIABLE clients ={24, 25, 26}
2024-11-30 00:16:18,217 INFO server.py 1192:: clients' sizes=[0, 0, 0, 2, 2, 0, 0, 2, 2, 2, 1, 1, 0, 1, 1, 1, 0, 1, 1, 1, 1, 2, 0, 2, 0, 1, 2, 1, 0, 0], total=27
2024-11-30 00:16:18,227 INFO server.py 302:: [Server] The aggregation takes 0.371706 seconds.

2024-11-30 00:16:18,228 INFO server.py 186:: [Server] Start testing
2024-11-30 00:16:18,240 INFO server.py 210:: [Server] Test set: Average loss: 0.8208, Accuracy: 123/200 (61.5%)

2024-11-30 00:16:18,241 INFO server.py 213:: [Sever] Confusion matrix:
 tensor([[40.,  9.,  1.,  0.],
        [15., 26.,  7.,  2.],
        [ 3., 20., 13., 14.],
        [ 0.,  5.,  1., 44.]])
2024-11-30 00:16:18,243 INFO server.py 229:: [Server] Precision=[0.6896552  0.43333334 0.59090906 0.73333335],
 Recall=[0.8  0.52 0.26 0.88],
 F1-score=[0.7407407  0.47272727 0.3611111  0.8       ],
 my_accuracy=61.500000953674316[%]
2024-11-30 00:16:18,244 INFO _main.py 208:: ########EPOCH 18 ########
2024-11-30 00:16:18,244 INFO _main.py 209:: ###Model distribution###
2024-11-30 00:16:20,072 INFO server.py 542:: flip_sign_id={0, 2, 11, 18, 20}
2024-11-30 00:16:20,072 INFO server.py 557:: ===========using shortHoGs for detecting UNTARGETED ATTACK====
2024-11-30 00:16:20,114 INFO server.py 583:: labels cluster_sh= [0 0 0 0 0 0 0 0 0 0 0 0 0 0 0 0 0 0 0 0 0 0 0 0 0 0 0 0 0 0 0 0 0 0 0]
2024-11-30 00:16:20,128 DEBUG server.py 588:: offset_normal_ids=[ 0  1  2  3  4  5  6  7  8  9 10 11 12 13 14 15 16 17 18 19 20 21 22 23
 24 25 26 27 28 29 30 31 32 33 34], normal_ids=[ 1  3  4  5  6  7  8  9 10 12 13 14 15 16 17 19 21 22 23 24 25 26 27 28
 29 30 31 32 33 34 35 36 37 38 39]
2024-11-30 00:16:20,128 INFO server.py 593:: SUSPECTED UNTARGETED []
2024-11-30 00:16:20,129 DEBUG server.py 597:: suspicious_ids=[]
2024-11-30 00:16:20,129 DEBUG server.py 606:: d_normal_sus={}, d_separate=0
2024-11-30 00:16:20,129 INFO server.py 613:: This round UNTARGETED=set(), sus_tAtk_uRel_id0=set()
2024-11-30 00:16:20,129 INFO server.py 631:: =======Using LONG HOGs for detecting TARGETED ATTACK========
2024-11-30 00:16:20,143 INFO server.py 118:: This round TARGETED ATTACK: [ 1 38  9 12 24]
2024-11-30 00:16:20,144 DEBUG server.py 477:: mal_ids={0, 1, 2, 11, 12, 18, 20, 24, 38}, pre_mal_id=defaultdict(<class 'int'>, {0: 6, 1: 13, 2: 6, 3: 0, 4: 0, 5: 0, 6: 0, 7: 0, 8: 0, 9: 3, 10: 0, 11: 6, 12: 13, 13: 0, 14: 0, 15: 0, 16: 0, 17: 0, 18: 6, 19: 0, 20: 6, 21: 0, 22: 0, 23: 0, 24: 11, 25: 0, 26: 0, 27: 0, 28: 0, 29: 0, 30: 0, 31: 0, 32: 0, 33: 0, 34: 0, 35: 0, 36: 0, 37: 0, 38: 13, 39: 0})
2024-11-30 00:16:20,144 INFO server.py 479:: FLIP-SIGN ATTACK={0, 2, 11, 18, 20}
2024-11-30 00:16:20,144 INFO server.py 480:: UNTARGETED ATTACK=set()
2024-11-30 00:16:20,145 INFO server.py 481:: TARGETED ATTACK={1, 38, 12, 24}
2024-11-30 00:16:20,145 INFO server.py 636:: OVERTIME MALICIOUS client ids ={0, 1, 2, 11, 12, 18, 20, 24, 38}
2024-11-30 00:16:20,156 INFO server.py 682:: This round UNRELIABLE={25}, normal_id={3, 4, 5, 6, 7, 8, 9, 10, 13, 14, 15, 16, 17, 19, 21, 22, 23, 26, 27, 28, 29, 30, 31, 32, 33, 34, 35, 36, 37, 39}
2024-11-30 00:16:20,156 DEBUG server.py 684:: anlge_sHoGs={3: nan, 4: nan, 5: nan, 6: 0.8185878, 7: 0.7280964, 8: nan, 9: 0.78625524, 10: nan, 13: 0.806297, 14: 0.63849336, 15: 0.70970666, 16: 0.695243, 17: 0.5855571, 19: nan, 21: 0.5005601, 22: 0.4778299, 23: 0.6632329, 25: 0.03951615, 26: 0.2872426, 27: 0.7865394, 28: 0.64901036, 29: 0.58563703, 30: 0.77576846, 31: nan, 32: 0.6914954, 33: nan, 34: 0.6371296, 35: 0.67452604, 36: 0.77206504, 37: nan, 39: nan}, angle_sep_nsH=0.16337937116622925
2024-11-30 00:16:20,156 INFO server.py 696:: UNRELIABLE clients ={24, 25, 26}
2024-11-30 00:16:20,341 INFO server.py 1192:: clients' sizes=[0, 0, 0, 2, 2, 0, 0, 2, 2, 2, 1, 1, 0, 1, 1, 1, 0, 1, 1, 1, 1, 2, 0, 2, 0, 1, 2, 1, 0, 0], total=27
2024-11-30 00:16:20,350 INFO server.py 302:: [Server] The aggregation takes 0.345720 seconds.

2024-11-30 00:16:20,351 INFO server.py 186:: [Server] Start testing
2024-11-30 00:16:20,365 INFO server.py 210:: [Server] Test set: Average loss: 0.8157, Accuracy: 124/200 (62.0%)

2024-11-30 00:16:20,367 INFO server.py 213:: [Sever] Confusion matrix:
 tensor([[40.,  9.,  1.,  0.],
        [14., 27.,  7.,  2.],
        [ 3., 20., 13., 14.],
        [ 0.,  5.,  1., 44.]])
2024-11-30 00:16:20,368 INFO server.py 229:: [Server] Precision=[0.7017544  0.44262296 0.59090906 0.73333335],
 Recall=[0.8  0.54 0.26 0.88],
 F1-score=[0.74766356 0.48648652 0.3611111  0.8       ],
 my_accuracy=62.00000047683716[%]
2024-11-30 00:16:20,369 INFO _main.py 208:: ########EPOCH 19 ########
2024-11-30 00:16:20,369 INFO _main.py 209:: ###Model distribution###
2024-11-30 00:16:22,856 INFO server.py 542:: flip_sign_id={0, 2, 11, 18, 20}
2024-11-30 00:16:22,856 INFO server.py 557:: ===========using shortHoGs for detecting UNTARGETED ATTACK====
2024-11-30 00:16:22,905 INFO server.py 583:: labels cluster_sh= [0 0 0 0 0 0 0 0 0 0 0 0 0 0 0 0 0 0 0 0 0 0 0 0 0 0 0 0 0 0 0 0 0 0 0]
2024-11-30 00:16:22,919 DEBUG server.py 588:: offset_normal_ids=[ 0  1  2  3  4  5  6  7  8  9 10 11 12 13 14 15 16 17 18 19 20 21 22 23
 24 25 26 27 28 29 30 31 32 33 34], normal_ids=[ 1  3  4  5  6  7  8  9 10 12 13 14 15 16 17 19 21 22 23 24 25 26 27 28
 29 30 31 32 33 34 35 36 37 38 39]
2024-11-30 00:16:22,919 INFO server.py 593:: SUSPECTED UNTARGETED []
2024-11-30 00:16:22,920 DEBUG server.py 597:: suspicious_ids=[]
2024-11-30 00:16:22,920 DEBUG server.py 606:: d_normal_sus={}, d_separate=0
2024-11-30 00:16:22,920 INFO server.py 613:: This round UNTARGETED=set(), sus_tAtk_uRel_id0=set()
2024-11-30 00:16:22,920 INFO server.py 631:: =======Using LONG HOGs for detecting TARGETED ATTACK========
2024-11-30 00:16:22,945 INFO server.py 118:: This round TARGETED ATTACK: [ 1 12 24 38]
2024-11-30 00:16:22,945 DEBUG server.py 477:: mal_ids={0, 1, 2, 11, 12, 18, 20, 24, 38}, pre_mal_id=defaultdict(<class 'int'>, {0: 7, 1: 14, 2: 7, 3: 0, 4: 0, 5: 0, 6: 0, 7: 0, 8: 0, 9: 0, 10: 0, 11: 7, 12: 14, 13: 0, 14: 0, 15: 0, 16: 0, 17: 0, 18: 7, 19: 0, 20: 7, 21: 0, 22: 0, 23: 0, 24: 12, 25: 0, 26: 0, 27: 0, 28: 0, 29: 0, 30: 0, 31: 0, 32: 0, 33: 0, 34: 0, 35: 0, 36: 0, 37: 0, 38: 14, 39: 0})
2024-11-30 00:16:22,959 INFO server.py 479:: FLIP-SIGN ATTACK={0, 2, 11, 18, 20}
2024-11-30 00:16:22,960 INFO server.py 480:: UNTARGETED ATTACK=set()
2024-11-30 00:16:22,960 INFO server.py 481:: TARGETED ATTACK={1, 38, 12, 24}
2024-11-30 00:16:22,961 INFO server.py 636:: OVERTIME MALICIOUS client ids ={0, 1, 2, 11, 12, 18, 20, 24, 38}
2024-11-30 00:16:22,978 INFO server.py 682:: This round UNRELIABLE={25}, normal_id={3, 4, 5, 6, 7, 8, 9, 10, 13, 14, 15, 16, 17, 19, 21, 22, 23, 26, 27, 28, 29, 30, 31, 32, 33, 34, 35, 36, 37, 39}
2024-11-30 00:16:22,985 DEBUG server.py 684:: anlge_sHoGs={3: nan, 4: nan, 5: nan, 6: 0.8185878, 7: 0.7280964, 8: nan, 9: 0.78625524, 10: nan, 13: 0.806297, 14: 0.63849336, 15: 0.70970666, 16: 0.695243, 17: 0.5855571, 19: nan, 21: 0.5005601, 22: 0.4778299, 23: 0.6632329, 25: 0.03951615, 26: 0.2872426, 27: 0.7865394, 28: 0.64901036, 29: 0.58563703, 30: 0.77576846, 31: nan, 32: 0.6914954, 33: nan, 34: 0.6371296, 35: 0.67452604, 36: 0.77206504, 37: nan, 39: nan}, angle_sep_nsH=0.16337937116622925
2024-11-30 00:16:22,988 INFO server.py 696:: UNRELIABLE clients ={25}
2024-11-30 00:16:23,260 INFO server.py 1192:: clients' sizes=[0, 0, 0, 2, 2, 0, 1, 0, 2, 2, 2, 1, 1, 0, 1, 1, 1, 0, 1, 1, 1, 1, 2, 0, 2, 0, 1, 2, 1, 0, 0], total=28
2024-11-30 00:16:23,275 INFO server.py 302:: [Server] The aggregation takes 0.528905 seconds.

2024-11-30 00:16:23,281 INFO server.py 186:: [Server] Start testing
2024-11-30 00:16:23,300 INFO server.py 210:: [Server] Test set: Average loss: 0.8109, Accuracy: 123/200 (61.5%)

2024-11-30 00:16:23,302 INFO server.py 213:: [Sever] Confusion matrix:
 tensor([[40.,  9.,  1.,  0.],
        [14., 27.,  7.,  2.],
        [ 3., 20., 14., 13.],
        [ 0.,  5.,  3., 42.]])
2024-11-30 00:16:23,303 INFO server.py 229:: [Server] Precision=[0.7017544  0.44262296 0.56       0.7368421 ],
 Recall=[0.8  0.54 0.28 0.84],
 F1-score=[0.74766356 0.48648652 0.37333333 0.7850467 ],
 my_accuracy=61.500000953674316[%]
