2024-12-01 20:36:33,113 INFO _main.py 39:: ################################################################
2024-12-01 20:36:33,115 INFO _main.py 41:: #                              batch_size: 64                  #
2024-12-01 20:36:33,116 INFO _main.py 41:: #                         test_batch_size: 32                  #
2024-12-01 20:36:33,117 INFO _main.py 41:: #                                  epochs: 10                  #
2024-12-01 20:36:33,118 INFO _main.py 41:: #                               optimizer: SGD                 #
2024-12-01 20:36:33,118 INFO _main.py 41:: #                                      lr: 0.01                #
2024-12-01 20:36:33,118 INFO _main.py 41:: #                                momentum: 0.9                 #
2024-12-01 20:36:33,118 INFO _main.py 41:: #                            weight_decay: 0.0001              #
2024-12-01 20:36:33,118 INFO _main.py 41:: #                                    seed: 1                   #
2024-12-01 20:36:33,118 INFO _main.py 41:: #                            log_interval: 11                  #
2024-12-01 20:36:33,119 INFO _main.py 41:: #                             num_clients: 40                  #
2024-12-01 20:36:33,119 INFO _main.py 41:: #                           output_folder: experiments         #
2024-12-01 20:36:33,119 INFO _main.py 41:: #                                 dataset: rockburst           #
2024-12-01 20:36:33,119 INFO _main.py 41:: #                             loader_type: dirichlet           #
2024-12-01 20:36:33,119 INFO _main.py 41:: #                             loader_path: ./data/loader.pk    #
2024-12-01 20:36:33,119 INFO _main.py 41:: #                                      AR: mudhog              #
2024-12-01 20:36:33,119 INFO _main.py 41:: #                     n_attacker_backdoor: 0                   #
2024-12-01 20:36:33,119 INFO _main.py 41:: #                        backdoor_trigger: [0, 0, 1, 1]        #
2024-12-01 20:36:33,120 INFO _main.py 41:: #                   n_attacker_omniscient: 0                   #
2024-12-01 20:36:33,120 INFO _main.py 41:: #                        omniscient_scale: 1                   #
2024-12-01 20:36:33,120 INFO _main.py 41:: #                                 attacks: None                #
2024-12-01 20:36:33,120 INFO _main.py 41:: #                      save_model_weights: False               #
2024-12-01 20:36:33,120 INFO _main.py 41:: #                         experiment_name: sExp4Ba_40ep_rockburst_mudhog_40C_5#
2024-12-01 20:36:33,120 INFO _main.py 41:: #                          path_to_aggNet: None                #
2024-12-01 20:36:33,120 INFO _main.py 41:: #                                  device: cpu                 #
2024-12-01 20:36:33,120 INFO _main.py 41:: #                            inner_epochs: 4                   #
2024-12-01 20:36:33,121 INFO _main.py 41:: #                                 verbose: True                #
2024-12-01 20:36:33,121 INFO _main.py 41:: #                         list_unreliable: [2, 18, 20]         #
2024-12-01 20:36:33,121 INFO _main.py 41:: #                     unreliable_fraction: 0.5                 #
2024-12-01 20:36:33,121 INFO _main.py 41:: #                    unreliable_fracTrain: 0.3                 #
2024-12-01 20:36:33,121 INFO _main.py 41:: #                         mean_unreliable: 0.0                 #
2024-12-01 20:36:33,121 INFO _main.py 41:: #                             blur_method: add_noise           #
2024-12-01 20:36:33,121 INFO _main.py 41:: #                      max_std_unreliable: 30.0                #
2024-12-01 20:36:33,122 INFO _main.py 41:: #                     list_uatk_add_noise: [24, 25, 26]        #
2024-12-01 20:36:33,122 INFO _main.py 41:: #                          mean_add_noise: 0.0                 #
2024-12-01 20:36:33,122 INFO _main.py 41:: #                           std_add_noise: 0.01                #
2024-12-01 20:36:33,122 INFO _main.py 41:: #                     list_uatk_flip_sign: [0, 10, 11]         #
2024-12-01 20:36:33,122 INFO _main.py 42:: ################################################################
2024-12-01 20:36:33,122 INFO _main.py 43:: Namespace(batch_size=64, test_batch_size=32, epochs=10, optimizer='SGD', lr=0.01, momentum=0.9, weight_decay=0.0001, seed=1, log_interval=11, num_clients=40, output_folder='experiments', dataset='rockburst', loader_type='dirichlet', loader_path='./data/loader.pk', AR='mudhog', n_attacker_backdoor=0, backdoor_trigger=[0, 0, 1, 1], n_attacker_omniscient=0, omniscient_scale=1, attacks=None, save_model_weights=False, experiment_name='sExp4Ba_40ep_rockburst_mudhog_40C_5', path_to_aggNet=None, device='cpu', inner_epochs=4, verbose=True, list_unreliable=[2, 18, 20], unreliable_fraction=0.5, unreliable_fracTrain=0.3, mean_unreliable=0.0, blur_method='add_noise', max_std_unreliable=30.0, list_uatk_add_noise=[24, 25, 26], mean_add_noise=0.0, std_add_noise=0.01, list_uatk_flip_sign=[0, 10, 11])
2024-12-01 20:36:33,123 INFO _main.py 44:: #####################
2024-12-01 20:36:33,123 INFO _main.py 45:: #####################
2024-12-01 20:36:33,123 INFO _main.py 46:: #####################
2024-12-01 20:36:33,123 INFO _main.py 47:: Aggregation Rule:	mudhog
2024-12-01 20:36:33,123 INFO _main.py 48:: Data distribution:	dirichlet
2024-12-01 20:36:33,123 INFO _main.py 49:: Attacks:	None 
2024-12-01 20:36:33,123 INFO _main.py 50:: #####################
2024-12-01 20:36:33,123 INFO _main.py 51:: #####################
2024-12-01 20:36:33,124 INFO _main.py 52:: #####################
2024-12-01 20:36:35,293 INFO server.py 366:: SET DBSCAN eps=1.3, min_samples=10
2024-12-01 20:36:35,297 INFO _main.py 135:: [1-normal, 0-malicious] label =tensor([0., 1., 1., 1., 1., 1., 1., 1., 1., 1., 0., 0., 1., 1., 1., 1., 1., 1.,
        1., 1., 1., 1., 1., 1., 0., 0., 0., 1., 1., 1., 1., 1., 1., 1., 1., 1.,
        1., 1., 1., 1.])
2024-12-01 20:36:35,304 INFO malicious_clients.py 117:: init ATTACK OMNISCIENT Client 0
2024-12-01 20:36:35,310 INFO malicious_clients.py 18:: init UNRELIABLE Client 2
2024-12-01 20:36:35,362 INFO malicious_clients.py 117:: init ATTACK OMNISCIENT Client 10
2024-12-01 20:36:35,368 INFO malicious_clients.py 117:: init ATTACK OMNISCIENT Client 11
2024-12-01 20:36:35,412 INFO malicious_clients.py 18:: init UNRELIABLE Client 18
2024-12-01 20:36:35,423 INFO malicious_clients.py 18:: init UNRELIABLE Client 20
2024-12-01 20:36:35,456 INFO malicious_clients.py 73:: init ATTACK ADD NOISE TO GRAD Client 24
2024-12-01 20:36:35,467 INFO malicious_clients.py 73:: init ATTACK ADD NOISE TO GRAD Client 25
2024-12-01 20:36:35,474 INFO malicious_clients.py 73:: init ATTACK ADD NOISE TO GRAD Client 26
2024-12-01 20:36:35,562 INFO server.py 211:: [Server] Start testing
2024-12-01 20:36:35,591 INFO server.py 235:: [Server] Test set: Average loss: 1.3864, Accuracy: 50/200 (25.0%)

2024-12-01 20:36:35,592 INFO server.py 238:: [Sever] Confusion matrix:
 tensor([[50.,  0.,  0.,  0.],
        [50.,  0.,  0.,  0.],
        [50.,  0.,  0.,  0.],
        [50.,  0.,  0.,  0.]])
2024-12-01 20:36:35,600 INFO server.py 254:: [Server] Precision=[0.25  nan  nan  nan],
 Recall=[1. 0. 0. 0.],
 F1-score=[0.4 nan nan nan],
 my_accuracy=25.0[%]
2024-12-01 20:36:35,601 INFO _main.py 209:: ########EPOCH 0 ########
2024-12-01 20:36:35,602 INFO _main.py 210:: ###Model distribution###
2024-12-01 20:36:36,392 INFO server.py 1064:: clients' sizes=[1, 2, 1, 0, 0, 0, 2, 2, 0, 1, 0, 1, 2, 2, 2, 2, 1, 1, 2, 0, 1, 1, 1, 1, 1, 0, 1, 1, 1, 1, 2, 0, 2, 0, 1, 2, 1, 0, 2, 0], total=41
2024-12-01 20:36:36,432 INFO server.py 327:: [Server] The aggregation takes 0.068529 seconds.

2024-12-01 20:36:36,434 INFO server.py 211:: [Server] Start testing
2024-12-01 20:36:36,478 INFO server.py 235:: [Server] Test set: Average loss: 1.3840, Accuracy: 50/200 (25.0%)

2024-12-01 20:36:36,483 INFO server.py 238:: [Sever] Confusion matrix:
 tensor([[50.,  0.,  0.,  0.],
        [50.,  0.,  0.,  0.],
        [50.,  0.,  0.,  0.],
        [50.,  0.,  0.,  0.]])
2024-12-01 20:36:36,490 INFO server.py 254:: [Server] Precision=[0.25  nan  nan  nan],
 Recall=[1. 0. 0. 0.],
 F1-score=[0.4 nan nan nan],
 my_accuracy=25.0[%]
2024-12-01 20:36:36,492 INFO _main.py 209:: ########EPOCH 1 ########
2024-12-01 20:36:36,494 INFO _main.py 210:: ###Model distribution###
2024-12-01 20:36:37,234 INFO server.py 1064:: clients' sizes=[1, 2, 1, 0, 0, 0, 2, 2, 0, 1, 0, 1, 2, 2, 2, 2, 1, 1, 2, 0, 1, 1, 1, 1, 1, 0, 1, 1, 1, 1, 2, 0, 2, 0, 1, 2, 1, 0, 2, 0], total=41
2024-12-01 20:36:37,260 INFO server.py 327:: [Server] The aggregation takes 0.037971 seconds.

2024-12-01 20:36:37,261 INFO server.py 211:: [Server] Start testing
2024-12-01 20:36:37,284 INFO server.py 235:: [Server] Test set: Average loss: 1.3793, Accuracy: 50/200 (25.0%)

2024-12-01 20:36:37,286 INFO server.py 238:: [Sever] Confusion matrix:
 tensor([[50.,  0.,  0.,  0.],
        [50.,  0.,  0.,  0.],
        [50.,  0.,  0.,  0.],
        [50.,  0.,  0.,  0.]])
2024-12-01 20:36:37,288 INFO server.py 254:: [Server] Precision=[0.25  nan  nan  nan],
 Recall=[1. 0. 0. 0.],
 F1-score=[0.4 nan nan nan],
 my_accuracy=25.0[%]
2024-12-01 20:36:37,289 INFO _main.py 209:: ########EPOCH 2 ########
2024-12-01 20:36:37,291 INFO _main.py 210:: ###Model distribution###
2024-12-01 20:36:37,961 INFO server.py 1064:: clients' sizes=[1, 2, 1, 0, 0, 0, 2, 2, 0, 1, 0, 1, 2, 2, 2, 2, 1, 1, 2, 0, 1, 1, 1, 1, 1, 0, 1, 1, 1, 1, 2, 0, 2, 0, 1, 2, 1, 0, 2, 0], total=41
2024-12-01 20:36:37,978 INFO server.py 327:: [Server] The aggregation takes 0.026457 seconds.

2024-12-01 20:36:37,979 INFO server.py 211:: [Server] Start testing
2024-12-01 20:36:37,992 INFO server.py 235:: [Server] Test set: Average loss: 1.3737, Accuracy: 50/200 (25.0%)

2024-12-01 20:36:37,994 INFO server.py 238:: [Sever] Confusion matrix:
 tensor([[50.,  0.,  0.,  0.],
        [50.,  0.,  0.,  0.],
        [50.,  0.,  0.,  0.],
        [50.,  0.,  0.,  0.]])
2024-12-01 20:36:37,996 INFO server.py 254:: [Server] Precision=[0.25  nan  nan  nan],
 Recall=[1. 0. 0. 0.],
 F1-score=[0.4 nan nan nan],
 my_accuracy=25.0[%]
2024-12-01 20:36:37,996 INFO _main.py 209:: ########EPOCH 3 ########
2024-12-01 20:36:37,996 INFO _main.py 210:: ###Model distribution###
2024-12-01 20:36:38,510 INFO server.py 568:: flip_sign_id=set()
2024-12-01 20:36:38,510 INFO server.py 583:: ===========using shortHoGs for detecting UNTARGETED ATTACK====
2024-12-01 20:36:38,603 INFO server.py 609:: labels cluster_sh= [0 0 0 0 0 0 0 0 0 0 0 0 0 0 0 0 0 0 0 0 0 0 0 0 0 0 0 0 0 0 0 0 0 0 0 0 0
 0 0 0]
2024-12-01 20:36:38,612 DEBUG server.py 614:: offset_normal_ids=[ 0  1  2  3  4  5  6  7  8  9 10 11 12 13 14 15 16 17 18 19 20 21 22 23
 24 25 26 27 28 29 30 31 32 33 34 35 36 37 38 39], normal_ids=[ 0  1  2  3  4  5  6  7  8  9 10 11 12 13 14 15 16 17 18 19 20 21 22 23
 24 25 26 27 28 29 30 31 32 33 34 35 36 37 38 39]
2024-12-01 20:36:38,613 INFO server.py 619:: SUSPECTED UNTARGETED []
2024-12-01 20:36:38,613 DEBUG server.py 623:: suspicious_ids=[]
2024-12-01 20:36:38,613 DEBUG server.py 632:: d_normal_sus={}, d_separate=0
2024-12-01 20:36:38,614 INFO server.py 639:: This round UNTARGETED=set(), sus_tAtk_uRel_id0=set()
2024-12-01 20:36:38,614 INFO server.py 657:: =======Using LONG HOGs for detecting TARGETED ATTACK========
2024-12-01 20:36:38,629 INFO server.py 143:: This round TARGETED ATTACK: [26]
2024-12-01 20:36:38,630 DEBUG server.py 502:: mal_ids=set(), pre_mal_id=defaultdict(<class 'int'>, {0: 0, 1: 0, 2: 0, 3: 0, 4: 0, 5: 0, 6: 0, 7: 0, 8: 0, 9: 0, 10: 0, 11: 0, 12: 0, 13: 0, 14: 0, 15: 0, 16: 0, 17: 0, 18: 0, 19: 0, 20: 0, 21: 0, 22: 0, 23: 0, 24: 0, 25: 0, 26: 1, 27: 0, 28: 0, 29: 0, 30: 0, 31: 0, 32: 0, 33: 0, 34: 0, 35: 0, 36: 0, 37: 0, 38: 0, 39: 0})
2024-12-01 20:36:38,630 INFO server.py 504:: FLIP-SIGN ATTACK=set()
2024-12-01 20:36:38,630 INFO server.py 505:: UNTARGETED ATTACK=set()
2024-12-01 20:36:38,630 INFO server.py 506:: TARGETED ATTACK=set()
2024-12-01 20:36:38,630 INFO server.py 662:: OVERTIME MALICIOUS client ids =set()
2024-12-01 20:36:38,638 INFO server.py 708:: This round UNRELIABLE=set(), normal_id={0, 1, 2, 3, 4, 5, 6, 7, 8, 9, 10, 11, 12, 13, 14, 15, 16, 17, 18, 19, 20, 21, 22, 23, 24, 25, 26, 27, 28, 29, 30, 31, 32, 33, 34, 35, 36, 37, 38, 39}
2024-12-01 20:36:38,639 DEBUG server.py 710:: anlge_sHoGs={0: nan, 1: nan, 2: nan, 3: nan, 4: nan, 5: nan, 6: nan, 7: nan, 8: nan, 9: nan, 10: nan, 11: nan, 12: nan, 13: nan, 14: nan, 15: nan, 16: nan, 17: nan, 18: nan, 19: nan, 20: nan, 21: nan, 22: nan, 23: nan, 24: nan, 25: nan, 26: nan, 27: nan, 28: nan, 29: nan, 30: nan, 31: nan, 32: nan, 33: nan, 34: nan, 35: nan, 36: nan, 37: nan, 38: nan, 39: nan}, angle_sep_nsH=0
2024-12-01 20:36:38,639 INFO server.py 722:: UNRELIABLE clients =set()
2024-12-01 20:36:38,641 INFO server.py 1064:: clients' sizes=[1, 2, 1, 0, 0, 0, 2, 2, 0, 1, 0, 1, 2, 2, 2, 2, 1, 1, 2, 0, 1, 1, 1, 1, 1, 0, 1, 1, 1, 2, 0, 2, 0, 1, 2, 1, 0, 2, 0], total=40
2024-12-01 20:36:38,656 INFO server.py 327:: [Server] The aggregation takes 0.213146 seconds.

2024-12-01 20:36:38,661 INFO server.py 211:: [Server] Start testing
2024-12-01 20:36:38,710 INFO server.py 235:: [Server] Test set: Average loss: 1.3671, Accuracy: 53/200 (26.5%)

2024-12-01 20:36:38,711 INFO server.py 238:: [Sever] Confusion matrix:
 tensor([[50.,  0.,  0.,  0.],
        [50.,  0.,  0.,  0.],
        [50.,  0.,  0.,  0.],
        [47.,  0.,  0.,  3.]])
2024-12-01 20:36:38,713 INFO server.py 254:: [Server] Precision=[0.2538071       nan       nan 1.       ],
 Recall=[1.   0.   0.   0.06],
 F1-score=[0.4048583         nan        nan 0.11320755],
 my_accuracy=26.499998569488525[%]
2024-12-01 20:36:38,713 INFO _main.py 209:: ########EPOCH 4 ########
2024-12-01 20:36:38,714 INFO _main.py 210:: ###Model distribution###
2024-12-01 20:36:39,202 INFO server.py 568:: flip_sign_id=set()
2024-12-01 20:36:39,202 INFO server.py 583:: ===========using shortHoGs for detecting UNTARGETED ATTACK====
2024-12-01 20:36:39,245 INFO server.py 609:: labels cluster_sh= [0 0 0 0 0 0 0 0 0 0 0 0 0 0 0 0 0 0 0 0 0 0 0 0 0 0 0 0 0 0 0 0 0 0 0 0 0
 0 0 0]
2024-12-01 20:36:39,254 DEBUG server.py 614:: offset_normal_ids=[ 0  1  2  3  4  5  6  7  8  9 10 11 12 13 14 15 16 17 18 19 20 21 22 23
 24 25 26 27 28 29 30 31 32 33 34 35 36 37 38 39], normal_ids=[ 0  1  2  3  4  5  6  7  8  9 10 11 12 13 14 15 16 17 18 19 20 21 22 23
 24 25 26 27 28 29 30 31 32 33 34 35 36 37 38 39]
2024-12-01 20:36:39,254 INFO server.py 619:: SUSPECTED UNTARGETED []
2024-12-01 20:36:39,255 DEBUG server.py 623:: suspicious_ids=[]
2024-12-01 20:36:39,255 DEBUG server.py 632:: d_normal_sus={}, d_separate=0
2024-12-01 20:36:39,255 INFO server.py 639:: This round UNTARGETED=set(), sus_tAtk_uRel_id0=set()
2024-12-01 20:36:39,255 INFO server.py 657:: =======Using LONG HOGs for detecting TARGETED ATTACK========
2024-12-01 20:36:39,281 INFO server.py 143:: This round TARGETED ATTACK: [26]
2024-12-01 20:36:39,285 DEBUG server.py 502:: mal_ids=set(), pre_mal_id=defaultdict(<class 'int'>, {0: 0, 1: 0, 2: 0, 3: 0, 4: 0, 5: 0, 6: 0, 7: 0, 8: 0, 9: 0, 10: 0, 11: 0, 12: 0, 13: 0, 14: 0, 15: 0, 16: 0, 17: 0, 18: 0, 19: 0, 20: 0, 21: 0, 22: 0, 23: 0, 24: 0, 25: 0, 26: 2, 27: 0, 28: 0, 29: 0, 30: 0, 31: 0, 32: 0, 33: 0, 34: 0, 35: 0, 36: 0, 37: 0, 38: 0, 39: 0})
2024-12-01 20:36:39,286 INFO server.py 504:: FLIP-SIGN ATTACK=set()
2024-12-01 20:36:39,286 INFO server.py 505:: UNTARGETED ATTACK=set()
2024-12-01 20:36:39,286 INFO server.py 506:: TARGETED ATTACK=set()
2024-12-01 20:36:39,286 INFO server.py 662:: OVERTIME MALICIOUS client ids =set()
2024-12-01 20:36:39,301 INFO server.py 708:: This round UNRELIABLE=set(), normal_id={0, 1, 2, 3, 4, 5, 6, 7, 8, 9, 10, 11, 12, 13, 14, 15, 16, 17, 18, 19, 20, 21, 22, 23, 24, 25, 26, 27, 28, 29, 30, 31, 32, 33, 34, 35, 36, 37, 38, 39}
2024-12-01 20:36:39,304 DEBUG server.py 710:: anlge_sHoGs={0: nan, 1: nan, 2: nan, 3: nan, 4: nan, 5: nan, 6: nan, 7: nan, 8: nan, 9: nan, 10: nan, 11: nan, 12: nan, 13: nan, 14: nan, 15: nan, 16: nan, 17: nan, 18: nan, 19: nan, 20: nan, 21: nan, 22: nan, 23: nan, 24: nan, 25: nan, 26: nan, 27: nan, 28: nan, 29: nan, 30: nan, 31: nan, 32: nan, 33: nan, 34: nan, 35: nan, 36: nan, 37: nan, 38: nan, 39: nan}, angle_sep_nsH=0
2024-12-01 20:36:39,304 INFO server.py 722:: UNRELIABLE clients =set()
2024-12-01 20:36:39,306 INFO server.py 1064:: clients' sizes=[1, 2, 1, 0, 0, 0, 2, 2, 0, 1, 0, 1, 2, 2, 2, 2, 1, 1, 2, 0, 1, 1, 1, 1, 1, 0, 1, 1, 1, 2, 0, 2, 0, 1, 2, 1, 0, 2, 0], total=40
2024-12-01 20:36:39,340 INFO server.py 327:: [Server] The aggregation takes 0.198615 seconds.

2024-12-01 20:36:39,345 INFO server.py 211:: [Server] Start testing
2024-12-01 20:36:39,367 INFO server.py 235:: [Server] Test set: Average loss: 1.3597, Accuracy: 64/200 (32.0%)

2024-12-01 20:36:39,369 INFO server.py 238:: [Sever] Confusion matrix:
 tensor([[50.,  0.,  0.,  0.],
        [50.,  0.,  0.,  0.],
        [50.,  0.,  0.,  0.],
        [36.,  0.,  0., 14.]])
2024-12-01 20:36:39,371 INFO server.py 254:: [Server] Precision=[0.26881722        nan        nan 1.        ],
 Recall=[1.   0.   0.   0.28],
 F1-score=[0.42372882        nan        nan 0.4375    ],
 my_accuracy=31.999999284744263[%]
2024-12-01 20:36:39,371 INFO _main.py 209:: ########EPOCH 5 ########
2024-12-01 20:36:39,372 INFO _main.py 210:: ###Model distribution###
2024-12-01 20:36:39,883 INFO server.py 568:: flip_sign_id=set()
2024-12-01 20:36:39,884 INFO server.py 583:: ===========using shortHoGs for detecting UNTARGETED ATTACK====
2024-12-01 20:36:39,926 INFO server.py 609:: labels cluster_sh= [0 0 0 0 0 0 0 0 0 0 0 0 0 0 0 0 0 0 0 0 0 0 0 0 0 0 0 0 0 0 0 0 0 0 0 0 0
 0 0 0]
2024-12-01 20:36:39,935 DEBUG server.py 614:: offset_normal_ids=[ 0  1  2  3  4  5  6  7  8  9 10 11 12 13 14 15 16 17 18 19 20 21 22 23
 24 25 26 27 28 29 30 31 32 33 34 35 36 37 38 39], normal_ids=[ 0  1  2  3  4  5  6  7  8  9 10 11 12 13 14 15 16 17 18 19 20 21 22 23
 24 25 26 27 28 29 30 31 32 33 34 35 36 37 38 39]
2024-12-01 20:36:39,936 INFO server.py 619:: SUSPECTED UNTARGETED []
2024-12-01 20:36:39,936 DEBUG server.py 623:: suspicious_ids=[]
2024-12-01 20:36:39,937 DEBUG server.py 632:: d_normal_sus={}, d_separate=0
2024-12-01 20:36:39,937 INFO server.py 639:: This round UNTARGETED=set(), sus_tAtk_uRel_id0=set()
2024-12-01 20:36:39,937 INFO server.py 657:: =======Using LONG HOGs for detecting TARGETED ATTACK========
2024-12-01 20:36:39,959 INFO server.py 143:: This round TARGETED ATTACK: [26]
2024-12-01 20:36:39,963 DEBUG server.py 502:: mal_ids=set(), pre_mal_id=defaultdict(<class 'int'>, {0: 0, 1: 0, 2: 0, 3: 0, 4: 0, 5: 0, 6: 0, 7: 0, 8: 0, 9: 0, 10: 0, 11: 0, 12: 0, 13: 0, 14: 0, 15: 0, 16: 0, 17: 0, 18: 0, 19: 0, 20: 0, 21: 0, 22: 0, 23: 0, 24: 0, 25: 0, 26: 3, 27: 0, 28: 0, 29: 0, 30: 0, 31: 0, 32: 0, 33: 0, 34: 0, 35: 0, 36: 0, 37: 0, 38: 0, 39: 0})
2024-12-01 20:36:39,966 INFO server.py 504:: FLIP-SIGN ATTACK=set()
2024-12-01 20:36:39,967 INFO server.py 505:: UNTARGETED ATTACK=set()
2024-12-01 20:36:39,967 INFO server.py 506:: TARGETED ATTACK=set()
2024-12-01 20:36:39,967 INFO server.py 662:: OVERTIME MALICIOUS client ids =set()
2024-12-01 20:36:39,982 INFO server.py 708:: This round UNRELIABLE=set(), normal_id={0, 1, 2, 3, 4, 5, 6, 7, 8, 9, 10, 11, 12, 13, 14, 15, 16, 17, 18, 19, 20, 21, 22, 23, 24, 25, 26, 27, 28, 29, 30, 31, 32, 33, 34, 35, 36, 37, 38, 39}
2024-12-01 20:36:39,984 DEBUG server.py 710:: anlge_sHoGs={0: nan, 1: nan, 2: nan, 3: nan, 4: nan, 5: nan, 6: nan, 7: nan, 8: nan, 9: nan, 10: nan, 11: nan, 12: nan, 13: nan, 14: nan, 15: nan, 16: nan, 17: nan, 18: nan, 19: nan, 20: nan, 21: nan, 22: nan, 23: nan, 24: nan, 25: nan, 26: nan, 27: nan, 28: nan, 29: nan, 30: nan, 31: nan, 32: nan, 33: nan, 34: nan, 35: nan, 36: nan, 37: nan, 38: nan, 39: nan}, angle_sep_nsH=0
2024-12-01 20:36:39,985 INFO server.py 722:: UNRELIABLE clients =set()
2024-12-01 20:36:39,988 INFO server.py 1064:: clients' sizes=[1, 2, 1, 0, 0, 0, 2, 2, 0, 1, 0, 1, 2, 2, 2, 2, 1, 1, 2, 0, 1, 1, 1, 1, 1, 0, 1, 1, 1, 2, 0, 2, 0, 1, 2, 1, 0, 2, 0], total=40
2024-12-01 20:36:40,019 INFO server.py 327:: [Server] The aggregation takes 0.197306 seconds.

2024-12-01 20:36:40,022 INFO server.py 211:: [Server] Start testing
2024-12-01 20:36:40,051 INFO server.py 235:: [Server] Test set: Average loss: 1.3515, Accuracy: 67/200 (33.5%)

2024-12-01 20:36:40,053 INFO server.py 238:: [Sever] Confusion matrix:
 tensor([[50.,  0.,  0.,  0.],
        [50.,  0.,  0.,  0.],
        [50.,  0.,  0.,  0.],
        [33.,  0.,  0., 17.]])
2024-12-01 20:36:40,054 INFO server.py 254:: [Server] Precision=[0.27322406        nan        nan 1.        ],
 Recall=[1.   0.   0.   0.34],
 F1-score=[0.42918456        nan        nan 0.5074627 ],
 my_accuracy=33.50000083446503[%]
2024-12-01 20:36:40,055 INFO _main.py 209:: ########EPOCH 6 ########
2024-12-01 20:36:40,055 INFO _main.py 210:: ###Model distribution###
2024-12-01 20:36:40,549 INFO server.py 568:: flip_sign_id=set()
2024-12-01 20:36:40,550 INFO server.py 583:: ===========using shortHoGs for detecting UNTARGETED ATTACK====
2024-12-01 20:36:40,596 INFO server.py 609:: labels cluster_sh= [0 0 0 0 0 0 0 0 0 0 0 0 0 0 0 0 0 0 0 0 0 0 0 0 0 0 0 0 0 0 0 0 0 0 0 0 0
 0 0 0]
2024-12-01 20:36:40,605 DEBUG server.py 614:: offset_normal_ids=[ 0  1  2  3  4  5  6  7  8  9 10 11 12 13 14 15 16 17 18 19 20 21 22 23
 24 25 26 27 28 29 30 31 32 33 34 35 36 37 38 39], normal_ids=[ 0  1  2  3  4  5  6  7  8  9 10 11 12 13 14 15 16 17 18 19 20 21 22 23
 24 25 26 27 28 29 30 31 32 33 34 35 36 37 38 39]
2024-12-01 20:36:40,605 INFO server.py 619:: SUSPECTED UNTARGETED []
2024-12-01 20:36:40,606 DEBUG server.py 623:: suspicious_ids=[]
2024-12-01 20:36:40,606 DEBUG server.py 632:: d_normal_sus={}, d_separate=0
2024-12-01 20:36:40,606 INFO server.py 639:: This round UNTARGETED=set(), sus_tAtk_uRel_id0=set()
2024-12-01 20:36:40,606 INFO server.py 657:: =======Using LONG HOGs for detecting TARGETED ATTACK========
2024-12-01 20:36:40,621 INFO server.py 143:: This round TARGETED ATTACK: [26]
2024-12-01 20:36:40,621 DEBUG server.py 502:: mal_ids={26}, pre_mal_id=defaultdict(<class 'int'>, {0: 0, 1: 0, 2: 0, 3: 0, 4: 0, 5: 0, 6: 0, 7: 0, 8: 0, 9: 0, 10: 0, 11: 0, 12: 0, 13: 0, 14: 0, 15: 0, 16: 0, 17: 0, 18: 0, 19: 0, 20: 0, 21: 0, 22: 0, 23: 0, 24: 0, 25: 0, 26: 4, 27: 0, 28: 0, 29: 0, 30: 0, 31: 0, 32: 0, 33: 0, 34: 0, 35: 0, 36: 0, 37: 0, 38: 0, 39: 0})
2024-12-01 20:36:40,622 INFO server.py 504:: FLIP-SIGN ATTACK=set()
2024-12-01 20:36:40,622 INFO server.py 505:: UNTARGETED ATTACK=set()
2024-12-01 20:36:40,622 INFO server.py 506:: TARGETED ATTACK={26}
2024-12-01 20:36:40,622 INFO server.py 662:: OVERTIME MALICIOUS client ids ={26}
2024-12-01 20:36:40,630 INFO server.py 708:: This round UNRELIABLE=set(), normal_id={0, 1, 2, 3, 4, 5, 6, 7, 8, 9, 10, 11, 12, 13, 14, 15, 16, 17, 18, 19, 20, 21, 22, 23, 24, 25, 27, 28, 29, 30, 31, 32, 33, 34, 35, 36, 37, 38, 39}
2024-12-01 20:36:40,630 DEBUG server.py 710:: anlge_sHoGs={0: nan, 1: nan, 2: nan, 3: nan, 4: nan, 5: nan, 6: nan, 7: nan, 8: nan, 9: nan, 10: nan, 11: nan, 12: nan, 13: nan, 14: nan, 15: nan, 16: nan, 17: nan, 18: nan, 19: nan, 20: nan, 21: nan, 22: nan, 23: nan, 24: nan, 25: nan, 27: nan, 28: nan, 29: nan, 30: nan, 31: nan, 32: nan, 33: nan, 34: nan, 35: nan, 36: nan, 37: nan, 38: nan, 39: nan}, angle_sep_nsH=0
2024-12-01 20:36:40,630 INFO server.py 722:: UNRELIABLE clients =set()
2024-12-01 20:36:40,632 INFO server.py 1064:: clients' sizes=[1, 2, 1, 0, 0, 0, 2, 2, 0, 1, 0, 1, 2, 2, 2, 2, 1, 1, 2, 0, 1, 1, 1, 1, 1, 0, 1, 1, 1, 2, 0, 2, 0, 1, 2, 1, 0, 2, 0], total=40
2024-12-01 20:36:40,647 INFO server.py 327:: [Server] The aggregation takes 0.159035 seconds.

2024-12-01 20:36:40,649 INFO server.py 211:: [Server] Start testing
2024-12-01 20:36:40,667 INFO server.py 235:: [Server] Test set: Average loss: 1.3419, Accuracy: 72/200 (36.0%)

2024-12-01 20:36:40,669 INFO server.py 238:: [Sever] Confusion matrix:
 tensor([[50.,  0.,  0.,  0.],
        [50.,  0.,  0.,  0.],
        [50.,  0.,  0.,  0.],
        [28.,  0.,  0., 22.]])
2024-12-01 20:36:40,670 INFO server.py 254:: [Server] Precision=[0.28089887        nan        nan 1.        ],
 Recall=[1.   0.   0.   0.44],
 F1-score=[0.43859652        nan        nan 0.6111111 ],
 my_accuracy=36.000001430511475[%]
2024-12-01 20:36:40,671 INFO _main.py 209:: ########EPOCH 7 ########
2024-12-01 20:36:40,671 INFO _main.py 210:: ###Model distribution###
2024-12-01 20:36:41,212 INFO server.py 568:: flip_sign_id=set()
2024-12-01 20:36:41,212 INFO server.py 583:: ===========using shortHoGs for detecting UNTARGETED ATTACK====
2024-12-01 20:36:41,254 INFO server.py 609:: labels cluster_sh= [0 0 0 0 0 0 0 0 0 0 0 0 0 0 0 0 0 0 0 0 0 0 0 0 0 0 0 0 0 0 0 0 0 0 0 0 0
 0 0 0]
2024-12-01 20:36:41,263 DEBUG server.py 614:: offset_normal_ids=[ 0  1  2  3  4  5  6  7  8  9 10 11 12 13 14 15 16 17 18 19 20 21 22 23
 24 25 26 27 28 29 30 31 32 33 34 35 36 37 38 39], normal_ids=[ 0  1  2  3  4  5  6  7  8  9 10 11 12 13 14 15 16 17 18 19 20 21 22 23
 24 25 26 27 28 29 30 31 32 33 34 35 36 37 38 39]
2024-12-01 20:36:41,263 INFO server.py 619:: SUSPECTED UNTARGETED []
2024-12-01 20:36:41,264 DEBUG server.py 623:: suspicious_ids=[]
2024-12-01 20:36:41,264 DEBUG server.py 632:: d_normal_sus={}, d_separate=0
2024-12-01 20:36:41,264 INFO server.py 639:: This round UNTARGETED=set(), sus_tAtk_uRel_id0=set()
2024-12-01 20:36:41,264 INFO server.py 657:: =======Using LONG HOGs for detecting TARGETED ATTACK========
2024-12-01 20:36:41,279 INFO server.py 143:: This round TARGETED ATTACK: [26]
2024-12-01 20:36:41,280 DEBUG server.py 502:: mal_ids={26}, pre_mal_id=defaultdict(<class 'int'>, {0: 0, 1: 0, 2: 0, 3: 0, 4: 0, 5: 0, 6: 0, 7: 0, 8: 0, 9: 0, 10: 0, 11: 0, 12: 0, 13: 0, 14: 0, 15: 0, 16: 0, 17: 0, 18: 0, 19: 0, 20: 0, 21: 0, 22: 0, 23: 0, 24: 0, 25: 0, 26: 5, 27: 0, 28: 0, 29: 0, 30: 0, 31: 0, 32: 0, 33: 0, 34: 0, 35: 0, 36: 0, 37: 0, 38: 0, 39: 0})
2024-12-01 20:36:41,280 INFO server.py 504:: FLIP-SIGN ATTACK=set()
2024-12-01 20:36:41,280 INFO server.py 505:: UNTARGETED ATTACK=set()
2024-12-01 20:36:41,280 INFO server.py 506:: TARGETED ATTACK={26}
2024-12-01 20:36:41,280 INFO server.py 662:: OVERTIME MALICIOUS client ids ={26}
2024-12-01 20:36:41,288 INFO server.py 708:: This round UNRELIABLE=set(), normal_id={0, 1, 2, 3, 4, 5, 6, 7, 8, 9, 10, 11, 12, 13, 14, 15, 16, 17, 18, 19, 20, 21, 22, 23, 24, 25, 27, 28, 29, 30, 31, 32, 33, 34, 35, 36, 37, 38, 39}
2024-12-01 20:36:41,289 DEBUG server.py 710:: anlge_sHoGs={0: nan, 1: nan, 2: nan, 3: nan, 4: nan, 5: nan, 6: nan, 7: nan, 8: nan, 9: nan, 10: nan, 11: nan, 12: nan, 13: nan, 14: nan, 15: nan, 16: nan, 17: nan, 18: nan, 19: nan, 20: nan, 21: nan, 22: nan, 23: nan, 24: nan, 25: nan, 27: nan, 28: nan, 29: nan, 30: nan, 31: nan, 32: nan, 33: nan, 34: nan, 35: nan, 36: nan, 37: nan, 38: nan, 39: nan}, angle_sep_nsH=0
2024-12-01 20:36:41,289 INFO server.py 722:: UNRELIABLE clients =set()
2024-12-01 20:36:41,291 INFO server.py 1064:: clients' sizes=[1, 2, 1, 0, 0, 0, 2, 2, 0, 1, 0, 1, 2, 2, 2, 2, 1, 1, 2, 0, 1, 1, 1, 1, 1, 0, 1, 1, 1, 2, 0, 2, 0, 1, 2, 1, 0, 2, 0], total=40
2024-12-01 20:36:41,312 INFO server.py 327:: [Server] The aggregation takes 0.160333 seconds.

2024-12-01 20:36:41,313 INFO server.py 211:: [Server] Start testing
2024-12-01 20:36:41,332 INFO server.py 235:: [Server] Test set: Average loss: 1.3312, Accuracy: 77/200 (38.5%)

2024-12-01 20:36:41,333 INFO server.py 238:: [Sever] Confusion matrix:
 tensor([[50.,  0.,  0.,  0.],
        [50.,  0.,  0.,  0.],
        [48.,  0.,  0.,  2.],
        [23.,  0.,  0., 27.]])
2024-12-01 20:36:41,335 INFO server.py 254:: [Server] Precision=[0.29239765        nan        nan 0.9310345 ],
 Recall=[1.   0.   0.   0.54],
 F1-score=[0.4524887         nan        nan 0.68354434],
 my_accuracy=38.499999046325684[%]
2024-12-01 20:36:41,336 INFO _main.py 209:: ########EPOCH 8 ########
2024-12-01 20:36:41,336 INFO _main.py 210:: ###Model distribution###
2024-12-01 20:36:41,863 INFO server.py 568:: flip_sign_id=set()
2024-12-01 20:36:41,863 INFO server.py 583:: ===========using shortHoGs for detecting UNTARGETED ATTACK====
2024-12-01 20:36:41,906 INFO server.py 609:: labels cluster_sh= [0 0 0 0 0 0 0 0 0 0 0 0 0 0 0 0 0 0 0 0 0 0 0 0 0 0 0 0 0 0 0 0 0 0 0 0 0
 0 0 0]
2024-12-01 20:36:41,914 DEBUG server.py 614:: offset_normal_ids=[ 0  1  2  3  4  5  6  7  8  9 10 11 12 13 14 15 16 17 18 19 20 21 22 23
 24 25 26 27 28 29 30 31 32 33 34 35 36 37 38 39], normal_ids=[ 0  1  2  3  4  5  6  7  8  9 10 11 12 13 14 15 16 17 18 19 20 21 22 23
 24 25 26 27 28 29 30 31 32 33 34 35 36 37 38 39]
2024-12-01 20:36:41,915 INFO server.py 619:: SUSPECTED UNTARGETED []
2024-12-01 20:36:41,915 DEBUG server.py 623:: suspicious_ids=[]
2024-12-01 20:36:41,916 DEBUG server.py 632:: d_normal_sus={}, d_separate=0
2024-12-01 20:36:41,916 INFO server.py 639:: This round UNTARGETED=set(), sus_tAtk_uRel_id0=set()
2024-12-01 20:36:41,916 INFO server.py 657:: =======Using LONG HOGs for detecting TARGETED ATTACK========
2024-12-01 20:36:41,936 INFO server.py 143:: This round TARGETED ATTACK: [25]
2024-12-01 20:36:41,940 DEBUG server.py 502:: mal_ids={26}, pre_mal_id=defaultdict(<class 'int'>, {0: 0, 1: 0, 2: 0, 3: 0, 4: 0, 5: 0, 6: 0, 7: 0, 8: 0, 9: 0, 10: 0, 11: 0, 12: 0, 13: 0, 14: 0, 15: 0, 16: 0, 17: 0, 18: 0, 19: 0, 20: 0, 21: 0, 22: 0, 23: 0, 24: 0, 25: 1, 26: 0, 27: 0, 28: 0, 29: 0, 30: 0, 31: 0, 32: 0, 33: 0, 34: 0, 35: 0, 36: 0, 37: 0, 38: 0, 39: 0})
2024-12-01 20:36:41,941 INFO server.py 504:: FLIP-SIGN ATTACK=set()
2024-12-01 20:36:41,941 INFO server.py 505:: UNTARGETED ATTACK=set()
2024-12-01 20:36:41,941 INFO server.py 506:: TARGETED ATTACK={26}
2024-12-01 20:36:41,941 INFO server.py 662:: OVERTIME MALICIOUS client ids ={26}
2024-12-01 20:36:41,955 INFO server.py 708:: This round UNRELIABLE=set(), normal_id={0, 1, 2, 3, 4, 5, 6, 7, 8, 9, 10, 11, 12, 13, 14, 15, 16, 17, 18, 19, 20, 21, 22, 23, 24, 25, 27, 28, 29, 30, 31, 32, 33, 34, 35, 36, 37, 38, 39}
2024-12-01 20:36:41,966 DEBUG server.py 710:: anlge_sHoGs={0: nan, 1: nan, 2: nan, 3: nan, 4: nan, 5: nan, 6: nan, 7: nan, 8: nan, 9: nan, 10: nan, 11: nan, 12: nan, 13: nan, 14: nan, 15: nan, 16: nan, 17: nan, 18: nan, 19: nan, 20: nan, 21: nan, 22: nan, 23: nan, 24: nan, 25: nan, 27: nan, 28: nan, 29: nan, 30: nan, 31: nan, 32: nan, 33: nan, 34: nan, 35: nan, 36: nan, 37: nan, 38: nan, 39: nan}, angle_sep_nsH=0
2024-12-01 20:36:41,966 INFO server.py 722:: UNRELIABLE clients =set()
2024-12-01 20:36:41,968 INFO server.py 1064:: clients' sizes=[1, 2, 1, 0, 0, 0, 2, 2, 0, 1, 0, 1, 2, 2, 2, 2, 1, 1, 2, 0, 1, 1, 1, 1, 1, 1, 1, 1, 2, 0, 2, 0, 1, 2, 1, 0, 2, 0], total=40
2024-12-01 20:36:41,999 INFO server.py 327:: [Server] The aggregation takes 0.198084 seconds.

2024-12-01 20:36:42,000 INFO server.py 211:: [Server] Start testing
2024-12-01 20:36:42,027 INFO server.py 235:: [Server] Test set: Average loss: 1.3192, Accuracy: 80/200 (40.0%)

2024-12-01 20:36:42,028 INFO server.py 238:: [Sever] Confusion matrix:
 tensor([[50.,  0.,  0.,  0.],
        [49.,  0.,  0.,  1.],
        [46.,  0.,  0.,  4.],
        [20.,  0.,  0., 30.]])
2024-12-01 20:36:42,030 INFO server.py 254:: [Server] Precision=[0.3030303         nan        nan 0.85714287],
 Recall=[1.  0.  0.  0.6],
 F1-score=[0.46511632        nan        nan 0.70588243],
 my_accuracy=40.00000059604645[%]
2024-12-01 20:36:42,031 INFO _main.py 209:: ########EPOCH 9 ########
2024-12-01 20:36:42,034 INFO _main.py 210:: ###Model distribution###
2024-12-01 20:36:42,531 INFO server.py 568:: flip_sign_id=set()
2024-12-01 20:36:42,532 INFO server.py 583:: ===========using shortHoGs for detecting UNTARGETED ATTACK====
2024-12-01 20:36:42,572 INFO server.py 609:: labels cluster_sh= [0 0 0 0 0 0 0 0 0 0 0 0 0 0 0 0 0 0 0 0 0 0 0 0 0 0 0 0 0 0 0 0 0 0 0 0 0
 0 0 0]
2024-12-01 20:36:42,581 DEBUG server.py 614:: offset_normal_ids=[ 0  1  2  3  4  5  6  7  8  9 10 11 12 13 14 15 16 17 18 19 20 21 22 23
 24 25 26 27 28 29 30 31 32 33 34 35 36 37 38 39], normal_ids=[ 0  1  2  3  4  5  6  7  8  9 10 11 12 13 14 15 16 17 18 19 20 21 22 23
 24 25 26 27 28 29 30 31 32 33 34 35 36 37 38 39]
2024-12-01 20:36:42,581 INFO server.py 619:: SUSPECTED UNTARGETED []
2024-12-01 20:36:42,582 DEBUG server.py 623:: suspicious_ids=[]
2024-12-01 20:36:42,582 DEBUG server.py 632:: d_normal_sus={}, d_separate=0
2024-12-01 20:36:42,582 INFO server.py 639:: This round UNTARGETED=set(), sus_tAtk_uRel_id0=set()
2024-12-01 20:36:42,582 INFO server.py 657:: =======Using LONG HOGs for detecting TARGETED ATTACK========
2024-12-01 20:36:42,617 INFO server.py 143:: This round TARGETED ATTACK: [26]
2024-12-01 20:36:42,618 DEBUG server.py 502:: mal_ids={26}, pre_mal_id=defaultdict(<class 'int'>, {0: 0, 1: 0, 2: 0, 3: 0, 4: 0, 5: 0, 6: 0, 7: 0, 8: 0, 9: 0, 10: 0, 11: 0, 12: 0, 13: 0, 14: 0, 15: 0, 16: 0, 17: 0, 18: 0, 19: 0, 20: 0, 21: 0, 22: 0, 23: 0, 24: 0, 25: 0, 26: 1, 27: 0, 28: 0, 29: 0, 30: 0, 31: 0, 32: 0, 33: 0, 34: 0, 35: 0, 36: 0, 37: 0, 38: 0, 39: 0})
2024-12-01 20:36:42,619 INFO server.py 504:: FLIP-SIGN ATTACK=set()
2024-12-01 20:36:42,619 INFO server.py 505:: UNTARGETED ATTACK=set()
2024-12-01 20:36:42,619 INFO server.py 506:: TARGETED ATTACK={26}
2024-12-01 20:36:42,619 INFO server.py 662:: OVERTIME MALICIOUS client ids ={26}
2024-12-01 20:36:42,633 INFO server.py 708:: This round UNRELIABLE=set(), normal_id={0, 1, 2, 3, 4, 5, 6, 7, 8, 9, 10, 11, 12, 13, 14, 15, 16, 17, 18, 19, 20, 21, 22, 23, 24, 25, 27, 28, 29, 30, 31, 32, 33, 34, 35, 36, 37, 38, 39}
2024-12-01 20:36:42,636 DEBUG server.py 710:: anlge_sHoGs={0: nan, 1: nan, 2: nan, 3: nan, 4: nan, 5: nan, 6: nan, 7: nan, 8: nan, 9: nan, 10: nan, 11: nan, 12: nan, 13: nan, 14: nan, 15: nan, 16: nan, 17: nan, 18: nan, 19: nan, 20: nan, 21: nan, 22: nan, 23: nan, 24: nan, 25: nan, 27: nan, 28: nan, 29: nan, 30: nan, 31: nan, 32: nan, 33: nan, 34: nan, 35: nan, 36: nan, 37: nan, 38: nan, 39: nan}, angle_sep_nsH=0
2024-12-01 20:36:42,636 INFO server.py 722:: UNRELIABLE clients =set()
2024-12-01 20:36:42,640 INFO server.py 1064:: clients' sizes=[1, 2, 1, 0, 0, 0, 2, 2, 0, 1, 0, 1, 2, 2, 2, 2, 1, 1, 2, 0, 1, 1, 1, 1, 1, 0, 1, 1, 1, 2, 0, 2, 0, 1, 2, 1, 0, 2, 0], total=40
2024-12-01 20:36:42,670 INFO server.py 327:: [Server] The aggregation takes 0.200112 seconds.

2024-12-01 20:36:42,673 INFO server.py 211:: [Server] Start testing
2024-12-01 20:36:42,697 INFO server.py 235:: [Server] Test set: Average loss: 1.3056, Accuracy: 80/200 (40.0%)

2024-12-01 20:36:42,698 INFO server.py 238:: [Sever] Confusion matrix:
 tensor([[50.,  0.,  0.,  0.],
        [47.,  0.,  0.,  3.],
        [44.,  0.,  0.,  6.],
        [20.,  0.,  0., 30.]])
2024-12-01 20:36:42,700 INFO server.py 254:: [Server] Precision=[0.310559        nan       nan 0.7692308],
 Recall=[1.  0.  0.  0.6],
 F1-score=[0.47393364        nan        nan 0.6741574 ],
 my_accuracy=40.00000059604645[%]
