2024-12-01 19:19:59,871 INFO _main.py 39:: ################################################################
2024-12-01 19:19:59,873 INFO _main.py 41:: #                              batch_size: 64                  #
2024-12-01 19:19:59,875 INFO _main.py 41:: #                         test_batch_size: 32                  #
2024-12-01 19:19:59,876 INFO _main.py 41:: #                                  epochs: 10                  #
2024-12-01 19:19:59,877 INFO _main.py 41:: #                               optimizer: SGD                 #
2024-12-01 19:19:59,877 INFO _main.py 41:: #                                      lr: 0.01                #
2024-12-01 19:19:59,878 INFO _main.py 41:: #                                momentum: 0.9                 #
2024-12-01 19:19:59,878 INFO _main.py 41:: #                            weight_decay: 0.0001              #
2024-12-01 19:19:59,878 INFO _main.py 41:: #                                    seed: 1                   #
2024-12-01 19:19:59,879 INFO _main.py 41:: #                            log_interval: 11                  #
2024-12-01 19:19:59,879 INFO _main.py 41:: #                             num_clients: 40                  #
2024-12-01 19:19:59,879 INFO _main.py 41:: #                           output_folder: experiments         #
2024-12-01 19:19:59,879 INFO _main.py 41:: #                                 dataset: rockburst           #
2024-12-01 19:19:59,880 INFO _main.py 41:: #                             loader_type: dirichlet           #
2024-12-01 19:19:59,880 INFO _main.py 41:: #                             loader_path: ./data/loader.pk    #
2024-12-01 19:19:59,880 INFO _main.py 41:: #                                      AR: mudhog              #
2024-12-01 19:19:59,880 INFO _main.py 41:: #                     n_attacker_backdoor: 0                   #
2024-12-01 19:19:59,881 INFO _main.py 41:: #                        backdoor_trigger: [0, 0, 1, 1]        #
2024-12-01 19:19:59,881 INFO _main.py 41:: #                   n_attacker_omniscient: 0                   #
2024-12-01 19:19:59,881 INFO _main.py 41:: #                        omniscient_scale: 1                   #
2024-12-01 19:19:59,882 INFO _main.py 41:: #                                 attacks: None                #
2024-12-01 19:19:59,882 INFO _main.py 41:: #                      save_model_weights: False               #
2024-12-01 19:19:59,882 INFO _main.py 41:: #                         experiment_name: sExp4Ba_40ep_rockburst_mudhog_40C_5#
2024-12-01 19:19:59,883 INFO _main.py 41:: #                          path_to_aggNet: None                #
2024-12-01 19:19:59,883 INFO _main.py 41:: #                                  device: cpu                 #
2024-12-01 19:19:59,883 INFO _main.py 41:: #                            inner_epochs: 4                   #
2024-12-01 19:19:59,883 INFO _main.py 41:: #                                 verbose: True                #
2024-12-01 19:19:59,884 INFO _main.py 41:: #                         list_unreliable: [2, 18, 20]         #
2024-12-01 19:19:59,884 INFO _main.py 41:: #                     unreliable_fraction: 0.5                 #
2024-12-01 19:19:59,884 INFO _main.py 41:: #                    unreliable_fracTrain: 0.3                 #
2024-12-01 19:19:59,885 INFO _main.py 41:: #                         mean_unreliable: 0.0                 #
2024-12-01 19:19:59,885 INFO _main.py 41:: #                             blur_method: add_noise           #
2024-12-01 19:19:59,885 INFO _main.py 41:: #                      max_std_unreliable: 30.0                #
2024-12-01 19:19:59,885 INFO _main.py 41:: #                     list_uatk_add_noise: [24, 25, 26]        #
2024-12-01 19:19:59,886 INFO _main.py 41:: #                          mean_add_noise: 0.0                 #
2024-12-01 19:19:59,886 INFO _main.py 41:: #                           std_add_noise: 0.01                #
2024-12-01 19:19:59,886 INFO _main.py 41:: #                     list_uatk_flip_sign: [0, 10, 11]         #
2024-12-01 19:19:59,886 INFO _main.py 42:: ################################################################
2024-12-01 19:19:59,887 INFO _main.py 43:: Namespace(batch_size=64, test_batch_size=32, epochs=10, optimizer='SGD', lr=0.01, momentum=0.9, weight_decay=0.0001, seed=1, log_interval=11, num_clients=40, output_folder='experiments', dataset='rockburst', loader_type='dirichlet', loader_path='./data/loader.pk', AR='mudhog', n_attacker_backdoor=0, backdoor_trigger=[0, 0, 1, 1], n_attacker_omniscient=0, omniscient_scale=1, attacks=None, save_model_weights=False, experiment_name='sExp4Ba_40ep_rockburst_mudhog_40C_5', path_to_aggNet=None, device='cpu', inner_epochs=4, verbose=True, list_unreliable=[2, 18, 20], unreliable_fraction=0.5, unreliable_fracTrain=0.3, mean_unreliable=0.0, blur_method='add_noise', max_std_unreliable=30.0, list_uatk_add_noise=[24, 25, 26], mean_add_noise=0.0, std_add_noise=0.01, list_uatk_flip_sign=[0, 10, 11])
2024-12-01 19:19:59,887 INFO _main.py 44:: #####################
2024-12-01 19:19:59,888 INFO _main.py 45:: #####################
2024-12-01 19:19:59,888 INFO _main.py 46:: #####################
2024-12-01 19:19:59,888 INFO _main.py 47:: Aggregation Rule:	mudhog
2024-12-01 19:19:59,888 INFO _main.py 48:: Data distribution:	dirichlet
2024-12-01 19:19:59,888 INFO _main.py 49:: Attacks:	None 
2024-12-01 19:19:59,888 INFO _main.py 50:: #####################
2024-12-01 19:19:59,889 INFO _main.py 51:: #####################
2024-12-01 19:19:59,889 INFO _main.py 52:: #####################
2024-12-01 19:20:01,478 INFO server.py 366:: SET DBSCAN eps=1.3, min_samples=10
2024-12-01 19:20:01,482 INFO _main.py 134:: [1-normal, 0-malicious] label =tensor([0., 1., 1., 1., 1., 1., 1., 1., 1., 1., 0., 0., 1., 1., 1., 1., 1., 1.,
        1., 1., 1., 1., 1., 1., 0., 0., 0., 1., 1., 1., 1., 1., 1., 1., 1., 1.,
        1., 1., 1., 1.])
2024-12-01 19:20:01,488 INFO malicious_clients.py 101:: init ATTACK OMNISCIENT Client 0
2024-12-01 19:20:01,494 INFO malicious_clients.py 18:: init UNRELIABLE Client 2
2024-12-01 19:20:01,534 INFO malicious_clients.py 101:: init ATTACK OMNISCIENT Client 10
2024-12-01 19:20:01,539 INFO malicious_clients.py 101:: init ATTACK OMNISCIENT Client 11
2024-12-01 19:20:01,565 INFO malicious_clients.py 18:: init UNRELIABLE Client 18
2024-12-01 19:20:01,575 INFO malicious_clients.py 18:: init UNRELIABLE Client 20
2024-12-01 19:20:01,596 INFO malicious_clients.py 73:: init ATTACK ADD NOISE TO GRAD Client 24
2024-12-01 19:20:01,600 INFO malicious_clients.py 73:: init ATTACK ADD NOISE TO GRAD Client 25
2024-12-01 19:20:01,605 INFO malicious_clients.py 73:: init ATTACK ADD NOISE TO GRAD Client 26
2024-12-01 19:20:01,664 INFO server.py 211:: [Server] Start testing
2024-12-01 19:20:01,688 INFO server.py 235:: [Server] Test set: Average loss: 1.3864, Accuracy: 50/200 (25.0%)

2024-12-01 19:20:01,689 INFO server.py 238:: [Sever] Confusion matrix:
 tensor([[50.,  0.,  0.,  0.],
        [50.,  0.,  0.,  0.],
        [50.,  0.,  0.,  0.],
        [50.,  0.,  0.,  0.]])
2024-12-01 19:20:01,700 INFO server.py 254:: [Server] Precision=[0.25  nan  nan  nan],
 Recall=[1. 0. 0. 0.],
 F1-score=[0.4 nan nan nan],
 my_accuracy=25.0[%]
2024-12-01 19:20:01,701 INFO _main.py 208:: ########EPOCH 0 ########
2024-12-01 19:20:01,702 INFO _main.py 209:: ###Model distribution###
2024-12-01 19:20:02,480 INFO server.py 1060:: clients' sizes=[1, 2, 1, 0, 0, 0, 2, 2, 0, 1, 0, 1, 2, 2, 2, 2, 1, 1, 2, 0, 1, 1, 1, 1, 1, 0, 1, 1, 1, 1, 2, 0, 2, 0, 1, 2, 1, 0, 2, 0], total=41
2024-12-01 19:20:02,496 INFO server.py 327:: [Server] The aggregation takes 0.356136 seconds.

2024-12-01 19:20:02,498 INFO server.py 211:: [Server] Start testing
2024-12-01 19:20:02,515 INFO server.py 235:: [Server] Test set: Average loss: 1.3838, Accuracy: 50/200 (25.0%)

2024-12-01 19:20:02,516 INFO server.py 238:: [Sever] Confusion matrix:
 tensor([[50.,  0.,  0.,  0.],
        [50.,  0.,  0.,  0.],
        [50.,  0.,  0.,  0.],
        [50.,  0.,  0.,  0.]])
2024-12-01 19:20:02,517 INFO server.py 254:: [Server] Precision=[0.25  nan  nan  nan],
 Recall=[1. 0. 0. 0.],
 F1-score=[0.4 nan nan nan],
 my_accuracy=25.0[%]
2024-12-01 19:20:02,518 INFO _main.py 208:: ########EPOCH 1 ########
2024-12-01 19:20:02,518 INFO _main.py 209:: ###Model distribution###
2024-12-01 19:20:03,217 INFO server.py 1060:: clients' sizes=[1, 2, 1, 0, 0, 0, 2, 2, 0, 1, 0, 1, 2, 2, 2, 2, 1, 1, 2, 0, 1, 1, 1, 1, 1, 0, 1, 1, 1, 1, 2, 0, 2, 0, 1, 2, 1, 0, 2, 0], total=41
2024-12-01 19:20:03,231 INFO server.py 327:: [Server] The aggregation takes 0.264945 seconds.

2024-12-01 19:20:03,232 INFO server.py 211:: [Server] Start testing
2024-12-01 19:20:03,246 INFO server.py 235:: [Server] Test set: Average loss: 1.3781, Accuracy: 50/200 (25.0%)

2024-12-01 19:20:03,247 INFO server.py 238:: [Sever] Confusion matrix:
 tensor([[50.,  0.,  0.,  0.],
        [50.,  0.,  0.,  0.],
        [50.,  0.,  0.,  0.],
        [50.,  0.,  0.,  0.]])
2024-12-01 19:20:03,249 INFO server.py 254:: [Server] Precision=[0.25  nan  nan  nan],
 Recall=[1. 0. 0. 0.],
 F1-score=[0.4 nan nan nan],
 my_accuracy=25.0[%]
2024-12-01 19:20:03,250 INFO _main.py 208:: ########EPOCH 2 ########
2024-12-01 19:20:03,250 INFO _main.py 209:: ###Model distribution###
2024-12-01 19:20:04,028 INFO server.py 1060:: clients' sizes=[1, 2, 1, 0, 0, 0, 2, 2, 0, 1, 0, 1, 2, 2, 2, 2, 1, 1, 2, 0, 1, 1, 1, 1, 1, 0, 1, 1, 1, 1, 2, 0, 2, 0, 1, 2, 1, 0, 2, 0], total=41
2024-12-01 19:20:04,044 INFO server.py 327:: [Server] The aggregation takes 0.345376 seconds.

2024-12-01 19:20:04,045 INFO server.py 211:: [Server] Start testing
2024-12-01 19:20:04,081 INFO server.py 235:: [Server] Test set: Average loss: 1.3711, Accuracy: 50/200 (25.0%)

2024-12-01 19:20:04,084 INFO server.py 238:: [Sever] Confusion matrix:
 tensor([[50.,  0.,  0.,  0.],
        [50.,  0.,  0.,  0.],
        [50.,  0.,  0.,  0.],
        [50.,  0.,  0.,  0.]])
2024-12-01 19:20:04,085 INFO server.py 254:: [Server] Precision=[0.25  nan  nan  nan],
 Recall=[1. 0. 0. 0.],
 F1-score=[0.4 nan nan nan],
 my_accuracy=25.0[%]
2024-12-01 19:20:04,086 INFO _main.py 208:: ########EPOCH 3 ########
2024-12-01 19:20:04,086 INFO _main.py 209:: ###Model distribution###
2024-12-01 19:20:04,854 INFO server.py 567:: flip_sign_id=set()
2024-12-01 19:20:04,854 INFO server.py 582:: ===========using shortHoGs for detecting UNTARGETED ATTACK====
2024-12-01 19:20:05,400 INFO server.py 608:: labels cluster_sh= [0 0 0 0 0 0 0 0 0 0 0 0 0 0 0 0 0 0 0 0 0 0 0 0 0 0 0 0 0 0 0 0 0 0 0 0 0
 0 0 0]
2024-12-01 19:20:05,424 DEBUG server.py 613:: offset_normal_ids=[ 0  1  2  3  4  5  6  7  8  9 10 11 12 13 14 15 16 17 18 19 20 21 22 23
 24 25 26 27 28 29 30 31 32 33 34 35 36 37 38 39], normal_ids=[ 0  1  2  3  4  5  6  7  8  9 10 11 12 13 14 15 16 17 18 19 20 21 22 23
 24 25 26 27 28 29 30 31 32 33 34 35 36 37 38 39]
2024-12-01 19:20:05,424 INFO server.py 618:: SUSPECTED UNTARGETED []
2024-12-01 19:20:05,429 DEBUG server.py 622:: suspicious_ids=[]
2024-12-01 19:20:05,429 DEBUG server.py 631:: d_normal_sus={}, d_separate=0
2024-12-01 19:20:05,430 INFO server.py 638:: This round UNTARGETED=set(), sus_tAtk_uRel_id0=set()
2024-12-01 19:20:05,430 INFO server.py 656:: =======Using LONG HOGs for detecting TARGETED ATTACK========
2024-12-01 19:20:05,450 INFO server.py 143:: This round TARGETED ATTACK: [ 0  1 32  6 38  9 11 12 13 15 16 23 28 29 30]
2024-12-01 19:20:05,450 DEBUG server.py 502:: mal_ids=set(), pre_mal_id=defaultdict(<class 'int'>, {0: 1, 1: 1, 2: 0, 3: 0, 4: 0, 5: 0, 6: 1, 7: 0, 8: 0, 9: 1, 10: 0, 11: 1, 12: 1, 13: 1, 14: 0, 15: 1, 16: 1, 17: 0, 18: 0, 19: 0, 20: 0, 21: 0, 22: 0, 23: 1, 24: 0, 25: 0, 26: 0, 27: 0, 28: 1, 29: 1, 30: 1, 31: 0, 32: 1, 33: 0, 34: 0, 35: 0, 36: 0, 37: 0, 38: 1, 39: 0})
2024-12-01 19:20:05,451 INFO server.py 504:: FLIP-SIGN ATTACK=set()
2024-12-01 19:20:05,451 INFO server.py 505:: UNTARGETED ATTACK=set()
2024-12-01 19:20:05,451 INFO server.py 506:: TARGETED ATTACK=set()
2024-12-01 19:20:05,451 INFO server.py 661:: OVERTIME MALICIOUS client ids =set()
2024-12-01 19:20:05,459 INFO server.py 707:: This round UNRELIABLE=set(), normal_id={0, 1, 2, 3, 4, 5, 6, 7, 8, 9, 10, 11, 12, 13, 14, 15, 16, 17, 18, 19, 20, 21, 22, 23, 24, 25, 26, 27, 28, 29, 30, 31, 32, 33, 34, 35, 36, 37, 38, 39}
2024-12-01 19:20:05,461 DEBUG server.py 709:: anlge_sHoGs={0: nan, 1: nan, 2: nan, 3: nan, 4: nan, 5: nan, 6: nan, 7: nan, 8: nan, 9: nan, 10: nan, 11: nan, 12: nan, 13: nan, 14: nan, 15: nan, 16: nan, 17: nan, 18: nan, 19: nan, 20: nan, 21: nan, 22: nan, 23: nan, 24: nan, 25: nan, 26: nan, 27: nan, 28: nan, 29: nan, 30: nan, 31: nan, 32: nan, 33: nan, 34: nan, 35: nan, 36: nan, 37: nan, 38: nan, 39: nan}, angle_sep_nsH=0
2024-12-01 19:20:05,461 INFO server.py 721:: UNRELIABLE clients =set()
2024-12-01 19:20:05,627 INFO server.py 1060:: clients' sizes=[1, 0, 0, 0, 2, 0, 0, 2, 1, 2, 0, 1, 1, 1, 1, 0, 1, 1, 0, 0, 1, 2, 1, 0, 0], total=18
2024-12-01 19:20:05,643 INFO server.py 327:: [Server] The aggregation takes 0.941328 seconds.

2024-12-01 19:20:05,644 INFO server.py 211:: [Server] Start testing
2024-12-01 19:20:05,667 INFO server.py 235:: [Server] Test set: Average loss: 1.3682, Accuracy: 51/200 (25.5%)

2024-12-01 19:20:05,668 INFO server.py 238:: [Sever] Confusion matrix:
 tensor([[50.,  0.,  0.,  0.],
        [50.,  0.,  0.,  0.],
        [50.,  0.,  0.,  0.],
        [49.,  0.,  0.,  1.]])
2024-12-01 19:20:05,670 INFO server.py 254:: [Server] Precision=[0.2512563       nan       nan 1.       ],
 Recall=[1.   0.   0.   0.02],
 F1-score=[0.40160644        nan        nan 0.03921569],
 my_accuracy=25.499999523162842[%]
2024-12-01 19:20:05,671 INFO _main.py 208:: ########EPOCH 4 ########
2024-12-01 19:20:05,671 INFO _main.py 209:: ###Model distribution###
2024-12-01 19:20:06,454 INFO server.py 567:: flip_sign_id=set()
2024-12-01 19:20:06,455 INFO server.py 582:: ===========using shortHoGs for detecting UNTARGETED ATTACK====
2024-12-01 19:20:06,995 INFO server.py 608:: labels cluster_sh= [0 0 0 0 0 0 0 0 0 0 0 0 0 0 0 0 0 0 0 0 0 0 0 0 0 0 0 0 0 0 0 0 0 0 0 0 0
 0 0 0]
2024-12-01 19:20:07,010 DEBUG server.py 613:: offset_normal_ids=[ 0  1  2  3  4  5  6  7  8  9 10 11 12 13 14 15 16 17 18 19 20 21 22 23
 24 25 26 27 28 29 30 31 32 33 34 35 36 37 38 39], normal_ids=[ 0  1  2  3  4  5  6  7  8  9 10 11 12 13 14 15 16 17 18 19 20 21 22 23
 24 25 26 27 28 29 30 31 32 33 34 35 36 37 38 39]
2024-12-01 19:20:07,011 INFO server.py 618:: SUSPECTED UNTARGETED []
2024-12-01 19:20:07,011 DEBUG server.py 622:: suspicious_ids=[]
2024-12-01 19:20:07,012 DEBUG server.py 631:: d_normal_sus={}, d_separate=0
2024-12-01 19:20:07,012 INFO server.py 638:: This round UNTARGETED=set(), sus_tAtk_uRel_id0=set()
2024-12-01 19:20:07,012 INFO server.py 656:: =======Using LONG HOGs for detecting TARGETED ATTACK========
2024-12-01 19:20:07,060 INFO server.py 143:: This round TARGETED ATTACK: [ 0  1 32  6 38  9 11 12 13 15 16 23 28 29 30]
2024-12-01 19:20:07,061 DEBUG server.py 502:: mal_ids=set(), pre_mal_id=defaultdict(<class 'int'>, {0: 2, 1: 2, 2: 0, 3: 0, 4: 0, 5: 0, 6: 2, 7: 0, 8: 0, 9: 2, 10: 0, 11: 2, 12: 2, 13: 2, 14: 0, 15: 2, 16: 2, 17: 0, 18: 0, 19: 0, 20: 0, 21: 0, 22: 0, 23: 2, 24: 0, 25: 0, 26: 0, 27: 0, 28: 2, 29: 2, 30: 2, 31: 0, 32: 2, 33: 0, 34: 0, 35: 0, 36: 0, 37: 0, 38: 2, 39: 0})
2024-12-01 19:20:07,064 INFO server.py 504:: FLIP-SIGN ATTACK=set()
2024-12-01 19:20:07,064 INFO server.py 505:: UNTARGETED ATTACK=set()
2024-12-01 19:20:07,064 INFO server.py 506:: TARGETED ATTACK=set()
2024-12-01 19:20:07,065 INFO server.py 661:: OVERTIME MALICIOUS client ids =set()
2024-12-01 19:20:07,086 INFO server.py 707:: This round UNRELIABLE=set(), normal_id={0, 1, 2, 3, 4, 5, 6, 7, 8, 9, 10, 11, 12, 13, 14, 15, 16, 17, 18, 19, 20, 21, 22, 23, 24, 25, 26, 27, 28, 29, 30, 31, 32, 33, 34, 35, 36, 37, 38, 39}
2024-12-01 19:20:07,088 DEBUG server.py 709:: anlge_sHoGs={0: nan, 1: nan, 2: nan, 3: nan, 4: nan, 5: nan, 6: nan, 7: nan, 8: nan, 9: nan, 10: nan, 11: nan, 12: nan, 13: nan, 14: nan, 15: nan, 16: nan, 17: nan, 18: nan, 19: nan, 20: nan, 21: nan, 22: nan, 23: nan, 24: nan, 25: nan, 26: nan, 27: nan, 28: nan, 29: nan, 30: nan, 31: nan, 32: nan, 33: nan, 34: nan, 35: nan, 36: nan, 37: nan, 38: nan, 39: nan}, angle_sep_nsH=0
2024-12-01 19:20:07,088 INFO server.py 721:: UNRELIABLE clients =set()
2024-12-01 19:20:07,230 INFO server.py 1060:: clients' sizes=[1, 0, 0, 0, 2, 0, 0, 2, 1, 2, 0, 1, 1, 1, 1, 0, 1, 1, 0, 0, 1, 2, 1, 0, 0], total=18
2024-12-01 19:20:07,246 INFO server.py 327:: [Server] The aggregation takes 0.898126 seconds.

2024-12-01 19:20:07,248 INFO server.py 211:: [Server] Start testing
2024-12-01 19:20:07,284 INFO server.py 235:: [Server] Test set: Average loss: 1.3652, Accuracy: 51/200 (25.5%)

2024-12-01 19:20:07,285 INFO server.py 238:: [Sever] Confusion matrix:
 tensor([[50.,  0.,  0.,  0.],
        [50.,  0.,  0.,  0.],
        [50.,  0.,  0.,  0.],
        [49.,  0.,  0.,  1.]])
2024-12-01 19:20:07,287 INFO server.py 254:: [Server] Precision=[0.2512563       nan       nan 1.       ],
 Recall=[1.   0.   0.   0.02],
 F1-score=[0.40160644        nan        nan 0.03921569],
 my_accuracy=25.499999523162842[%]
2024-12-01 19:20:07,288 INFO _main.py 208:: ########EPOCH 5 ########
2024-12-01 19:20:07,289 INFO _main.py 209:: ###Model distribution###
2024-12-01 19:20:08,045 INFO server.py 567:: flip_sign_id=set()
2024-12-01 19:20:08,046 INFO server.py 582:: ===========using shortHoGs for detecting UNTARGETED ATTACK====
2024-12-01 19:20:08,131 INFO server.py 608:: labels cluster_sh= [0 0 0 0 0 0 0 0 0 0 0 0 0 0 0 0 0 0 0 0 0 0 0 0 0 0 0 0 0 0 0 0 0 0 0 0 0
 0 0 0]
2024-12-01 19:20:08,146 DEBUG server.py 613:: offset_normal_ids=[ 0  1  2  3  4  5  6  7  8  9 10 11 12 13 14 15 16 17 18 19 20 21 22 23
 24 25 26 27 28 29 30 31 32 33 34 35 36 37 38 39], normal_ids=[ 0  1  2  3  4  5  6  7  8  9 10 11 12 13 14 15 16 17 18 19 20 21 22 23
 24 25 26 27 28 29 30 31 32 33 34 35 36 37 38 39]
2024-12-01 19:20:08,146 INFO server.py 618:: SUSPECTED UNTARGETED []
2024-12-01 19:20:08,147 DEBUG server.py 622:: suspicious_ids=[]
2024-12-01 19:20:08,147 DEBUG server.py 631:: d_normal_sus={}, d_separate=0
2024-12-01 19:20:08,147 INFO server.py 638:: This round UNTARGETED=set(), sus_tAtk_uRel_id0=set()
2024-12-01 19:20:08,147 INFO server.py 656:: =======Using LONG HOGs for detecting TARGETED ATTACK========
2024-12-01 19:20:08,184 INFO server.py 143:: This round TARGETED ATTACK: [ 0 32 34 35  7 11 13 14 15 16 21 23 30]
2024-12-01 19:20:08,191 DEBUG server.py 502:: mal_ids=set(), pre_mal_id=defaultdict(<class 'int'>, {0: 3, 1: 0, 2: 0, 3: 0, 4: 0, 5: 0, 6: 0, 7: 1, 8: 0, 9: 0, 10: 0, 11: 3, 12: 0, 13: 3, 14: 1, 15: 3, 16: 3, 17: 0, 18: 0, 19: 0, 20: 0, 21: 1, 22: 0, 23: 3, 24: 0, 25: 0, 26: 0, 27: 0, 28: 0, 29: 0, 30: 3, 31: 0, 32: 3, 33: 0, 34: 1, 35: 1, 36: 0, 37: 0, 38: 0, 39: 0})
2024-12-01 19:20:08,192 INFO server.py 504:: FLIP-SIGN ATTACK=set()
2024-12-01 19:20:08,192 INFO server.py 505:: UNTARGETED ATTACK=set()
2024-12-01 19:20:08,192 INFO server.py 506:: TARGETED ATTACK=set()
2024-12-01 19:20:08,192 INFO server.py 661:: OVERTIME MALICIOUS client ids =set()
2024-12-01 19:20:08,205 INFO server.py 707:: This round UNRELIABLE=set(), normal_id={0, 1, 2, 3, 4, 5, 6, 7, 8, 9, 10, 11, 12, 13, 14, 15, 16, 17, 18, 19, 20, 21, 22, 23, 24, 25, 26, 27, 28, 29, 30, 31, 32, 33, 34, 35, 36, 37, 38, 39}
2024-12-01 19:20:08,208 DEBUG server.py 709:: anlge_sHoGs={0: nan, 1: nan, 2: nan, 3: nan, 4: nan, 5: nan, 6: nan, 7: nan, 8: nan, 9: nan, 10: nan, 11: nan, 12: nan, 13: nan, 14: nan, 15: nan, 16: nan, 17: nan, 18: nan, 19: nan, 20: nan, 21: nan, 22: nan, 23: nan, 24: nan, 25: nan, 26: nan, 27: nan, 28: nan, 29: nan, 30: nan, 31: nan, 32: nan, 33: nan, 34: nan, 35: nan, 36: nan, 37: nan, 38: nan, 39: nan}, angle_sep_nsH=0
2024-12-01 19:20:08,215 INFO server.py 721:: UNRELIABLE clients =set()
2024-12-01 19:20:08,359 INFO server.py 1060:: clients' sizes=[2, 1, 0, 0, 0, 2, 0, 1, 0, 2, 1, 2, 0, 1, 1, 1, 0, 1, 1, 1, 1, 0, 0, 1, 0, 2, 0], total=21
2024-12-01 19:20:08,374 INFO server.py 327:: [Server] The aggregation takes 0.436881 seconds.

2024-12-01 19:20:08,376 INFO server.py 211:: [Server] Start testing
2024-12-01 19:20:08,406 INFO server.py 235:: [Server] Test set: Average loss: 1.3595, Accuracy: 57/200 (28.5%)

2024-12-01 19:20:08,409 INFO server.py 238:: [Sever] Confusion matrix:
 tensor([[50.,  0.,  0.,  0.],
        [50.,  0.,  0.,  0.],
        [50.,  0.,  0.,  0.],
        [43.,  0.,  0.,  7.]])
2024-12-01 19:20:08,411 INFO server.py 254:: [Server] Precision=[0.25906736        nan        nan 1.        ],
 Recall=[1.   0.   0.   0.14],
 F1-score=[0.41152266        nan        nan 0.24561404],
 my_accuracy=28.49999964237213[%]
2024-12-01 19:20:08,412 INFO _main.py 208:: ########EPOCH 6 ########
2024-12-01 19:20:08,413 INFO _main.py 209:: ###Model distribution###
2024-12-01 19:20:09,171 INFO server.py 567:: flip_sign_id=set()
2024-12-01 19:20:09,172 INFO server.py 582:: ===========using shortHoGs for detecting UNTARGETED ATTACK====
2024-12-01 19:20:09,229 INFO server.py 608:: labels cluster_sh= [0 0 0 0 0 0 0 0 0 0 0 0 0 0 0 0 0 0 0 0 0 0 0 0 0 0 0 0 0 0 0 0 0 0 0 0 0
 0 0 0]
2024-12-01 19:20:09,244 DEBUG server.py 613:: offset_normal_ids=[ 0  1  2  3  4  5  6  7  8  9 10 11 12 13 14 15 16 17 18 19 20 21 22 23
 24 25 26 27 28 29 30 31 32 33 34 35 36 37 38 39], normal_ids=[ 0  1  2  3  4  5  6  7  8  9 10 11 12 13 14 15 16 17 18 19 20 21 22 23
 24 25 26 27 28 29 30 31 32 33 34 35 36 37 38 39]
2024-12-01 19:20:09,251 INFO server.py 618:: SUSPECTED UNTARGETED []
2024-12-01 19:20:09,252 DEBUG server.py 622:: suspicious_ids=[]
2024-12-01 19:20:09,252 DEBUG server.py 631:: d_normal_sus={}, d_separate=0
2024-12-01 19:20:09,252 INFO server.py 638:: This round UNTARGETED=set(), sus_tAtk_uRel_id0=set()
2024-12-01 19:20:09,253 INFO server.py 656:: =======Using LONG HOGs for detecting TARGETED ATTACK========
2024-12-01 19:20:09,302 INFO server.py 143:: This round TARGETED ATTACK: [ 0  1 32  6 38  9 11 12 13 15 16 23 28 29 30]
2024-12-01 19:20:09,306 DEBUG server.py 502:: mal_ids={0, 32, 11, 13, 15, 16, 23, 30}, pre_mal_id=defaultdict(<class 'int'>, {0: 4, 1: 1, 2: 0, 3: 0, 4: 0, 5: 0, 6: 1, 7: 0, 8: 0, 9: 1, 10: 0, 11: 4, 12: 1, 13: 4, 14: 0, 15: 4, 16: 4, 17: 0, 18: 0, 19: 0, 20: 0, 21: 0, 22: 0, 23: 4, 24: 0, 25: 0, 26: 0, 27: 0, 28: 1, 29: 1, 30: 4, 31: 0, 32: 4, 33: 0, 34: 0, 35: 0, 36: 0, 37: 0, 38: 1, 39: 0})
2024-12-01 19:20:09,307 INFO server.py 504:: FLIP-SIGN ATTACK=set()
2024-12-01 19:20:09,307 INFO server.py 505:: UNTARGETED ATTACK=set()
2024-12-01 19:20:09,308 INFO server.py 506:: TARGETED ATTACK={0, 32, 11, 13, 15, 16, 23, 30}
2024-12-01 19:20:09,308 INFO server.py 661:: OVERTIME MALICIOUS client ids ={0, 32, 11, 13, 15, 16, 23, 30}
2024-12-01 19:20:09,325 INFO server.py 707:: This round UNRELIABLE=set(), normal_id={1, 2, 3, 4, 5, 6, 7, 8, 9, 10, 12, 14, 17, 18, 19, 20, 21, 22, 24, 25, 26, 27, 28, 29, 31, 33, 34, 35, 36, 37, 38, 39}
2024-12-01 19:20:09,326 DEBUG server.py 709:: anlge_sHoGs={1: nan, 2: nan, 3: nan, 4: nan, 5: nan, 6: nan, 7: nan, 8: nan, 9: nan, 10: nan, 12: nan, 14: nan, 17: nan, 18: nan, 19: nan, 20: nan, 21: nan, 22: nan, 24: nan, 25: nan, 26: nan, 27: nan, 28: nan, 29: nan, 31: nan, 33: nan, 34: nan, 35: nan, 36: nan, 37: nan, 38: nan, 39: nan}, angle_sep_nsH=0
2024-12-01 19:20:09,327 INFO server.py 721:: UNRELIABLE clients =set()
2024-12-01 19:20:09,469 INFO server.py 1060:: clients' sizes=[1, 0, 0, 0, 2, 0, 0, 2, 1, 2, 0, 1, 1, 1, 1, 0, 1, 1, 0, 0, 1, 2, 1, 0, 0], total=18
2024-12-01 19:20:09,480 INFO server.py 327:: [Server] The aggregation takes 0.418436 seconds.

2024-12-01 19:20:09,487 INFO server.py 211:: [Server] Start testing
2024-12-01 19:20:09,508 INFO server.py 235:: [Server] Test set: Average loss: 1.3558, Accuracy: 59/200 (29.5%)

2024-12-01 19:20:09,510 INFO server.py 238:: [Sever] Confusion matrix:
 tensor([[50.,  0.,  0.,  0.],
        [50.,  0.,  0.,  0.],
        [50.,  0.,  0.,  0.],
        [41.,  0.,  0.,  9.]])
2024-12-01 19:20:09,512 INFO server.py 254:: [Server] Precision=[0.2617801       nan       nan 1.       ],
 Recall=[1.   0.   0.   0.18],
 F1-score=[0.41493776        nan        nan 0.30508474],
 my_accuracy=29.499998688697815[%]
2024-12-01 19:20:09,512 INFO _main.py 208:: ########EPOCH 7 ########
2024-12-01 19:20:09,513 INFO _main.py 209:: ###Model distribution###
2024-12-01 19:20:10,302 INFO server.py 567:: flip_sign_id=set()
2024-12-01 19:20:10,303 INFO server.py 582:: ===========using shortHoGs for detecting UNTARGETED ATTACK====
2024-12-01 19:20:10,407 INFO server.py 608:: labels cluster_sh= [0 0 0 0 0 0 0 0 0 0 0 0 0 0 0 0 0 0 0 0 0 0 0 0 0 0 0 0 0 0 0 0 0 0 0 0 0
 0 0 0]
2024-12-01 19:20:10,416 DEBUG server.py 613:: offset_normal_ids=[ 0  1  2  3  4  5  6  7  8  9 10 11 12 13 14 15 16 17 18 19 20 21 22 23
 24 25 26 27 28 29 30 31 32 33 34 35 36 37 38 39], normal_ids=[ 0  1  2  3  4  5  6  7  8  9 10 11 12 13 14 15 16 17 18 19 20 21 22 23
 24 25 26 27 28 29 30 31 32 33 34 35 36 37 38 39]
2024-12-01 19:20:10,416 INFO server.py 618:: SUSPECTED UNTARGETED []
2024-12-01 19:20:10,417 DEBUG server.py 622:: suspicious_ids=[]
2024-12-01 19:20:10,417 DEBUG server.py 631:: d_normal_sus={}, d_separate=0
2024-12-01 19:20:10,417 INFO server.py 638:: This round UNTARGETED=set(), sus_tAtk_uRel_id0=set()
2024-12-01 19:20:10,417 INFO server.py 656:: =======Using LONG HOGs for detecting TARGETED ATTACK========
2024-12-01 19:20:10,437 INFO server.py 143:: This round TARGETED ATTACK: [ 0  1 32 34 35  7 11 13 14 15 16 21 23 30]
2024-12-01 19:20:10,438 DEBUG server.py 502:: mal_ids={0, 32, 11, 13, 15, 16, 23, 30}, pre_mal_id=defaultdict(<class 'int'>, {0: 5, 1: 2, 2: 0, 3: 0, 4: 0, 5: 0, 6: 0, 7: 1, 8: 0, 9: 0, 10: 0, 11: 5, 12: 0, 13: 5, 14: 1, 15: 5, 16: 5, 17: 0, 18: 0, 19: 0, 20: 0, 21: 1, 22: 0, 23: 5, 24: 0, 25: 0, 26: 0, 27: 0, 28: 0, 29: 0, 30: 5, 31: 0, 32: 5, 33: 0, 34: 1, 35: 1, 36: 0, 37: 0, 38: 0, 39: 0})
2024-12-01 19:20:10,438 INFO server.py 504:: FLIP-SIGN ATTACK=set()
2024-12-01 19:20:10,438 INFO server.py 505:: UNTARGETED ATTACK=set()
2024-12-01 19:20:10,439 INFO server.py 506:: TARGETED ATTACK={0, 32, 11, 13, 15, 16, 23, 30}
2024-12-01 19:20:10,439 INFO server.py 661:: OVERTIME MALICIOUS client ids ={0, 32, 11, 13, 15, 16, 23, 30}
2024-12-01 19:20:10,446 INFO server.py 707:: This round UNRELIABLE=set(), normal_id={1, 2, 3, 4, 5, 6, 7, 8, 9, 10, 12, 14, 17, 18, 19, 20, 21, 22, 24, 25, 26, 27, 28, 29, 31, 33, 34, 35, 36, 37, 38, 39}
2024-12-01 19:20:10,446 DEBUG server.py 709:: anlge_sHoGs={1: nan, 2: nan, 3: nan, 4: nan, 5: nan, 6: nan, 7: nan, 8: nan, 9: nan, 10: nan, 12: nan, 14: nan, 17: nan, 18: nan, 19: nan, 20: nan, 21: nan, 22: nan, 24: nan, 25: nan, 26: nan, 27: nan, 28: nan, 29: nan, 31: nan, 33: nan, 34: nan, 35: nan, 36: nan, 37: nan, 38: nan, 39: nan}, angle_sep_nsH=0
2024-12-01 19:20:10,446 INFO server.py 721:: UNRELIABLE clients =set()
2024-12-01 19:20:10,568 INFO server.py 1060:: clients' sizes=[1, 0, 0, 0, 2, 0, 1, 0, 2, 1, 2, 0, 1, 1, 1, 0, 1, 1, 1, 1, 0, 0, 1, 0, 2, 0], total=19
2024-12-01 19:20:10,576 INFO server.py 327:: [Server] The aggregation takes 0.379944 seconds.

2024-12-01 19:20:10,577 INFO server.py 211:: [Server] Start testing
2024-12-01 19:20:10,593 INFO server.py 235:: [Server] Test set: Average loss: 1.3497, Accuracy: 64/200 (32.0%)

2024-12-01 19:20:10,594 INFO server.py 238:: [Sever] Confusion matrix:
 tensor([[50.,  0.,  0.,  0.],
        [50.,  0.,  0.,  0.],
        [50.,  0.,  0.,  0.],
        [36.,  0.,  0., 14.]])
2024-12-01 19:20:10,596 INFO server.py 254:: [Server] Precision=[0.26881722        nan        nan 1.        ],
 Recall=[1.   0.   0.   0.28],
 F1-score=[0.42372882        nan        nan 0.4375    ],
 my_accuracy=31.999999284744263[%]
2024-12-01 19:20:10,597 INFO _main.py 208:: ########EPOCH 8 ########
2024-12-01 19:20:10,597 INFO _main.py 209:: ###Model distribution###
2024-12-01 19:20:11,108 INFO server.py 567:: flip_sign_id=set()
2024-12-01 19:20:11,108 INFO server.py 582:: ===========using shortHoGs for detecting UNTARGETED ATTACK====
2024-12-01 19:20:11,150 INFO server.py 608:: labels cluster_sh= [0 0 0 0 0 0 0 0 0 0 0 0 0 0 0 0 0 0 0 0 0 0 0 0 0 0 0 0 0 0 0 0 0 0 0 0 0
 0 0 0]
2024-12-01 19:20:11,159 DEBUG server.py 613:: offset_normal_ids=[ 0  1  2  3  4  5  6  7  8  9 10 11 12 13 14 15 16 17 18 19 20 21 22 23
 24 25 26 27 28 29 30 31 32 33 34 35 36 37 38 39], normal_ids=[ 0  1  2  3  4  5  6  7  8  9 10 11 12 13 14 15 16 17 18 19 20 21 22 23
 24 25 26 27 28 29 30 31 32 33 34 35 36 37 38 39]
2024-12-01 19:20:11,159 INFO server.py 618:: SUSPECTED UNTARGETED []
2024-12-01 19:20:11,160 DEBUG server.py 622:: suspicious_ids=[]
2024-12-01 19:20:11,160 DEBUG server.py 631:: d_normal_sus={}, d_separate=0
2024-12-01 19:20:11,160 INFO server.py 638:: This round UNTARGETED=set(), sus_tAtk_uRel_id0=set()
2024-12-01 19:20:11,160 INFO server.py 656:: =======Using LONG HOGs for detecting TARGETED ATTACK========
2024-12-01 19:20:11,179 INFO server.py 143:: This round TARGETED ATTACK: [ 0  1 32 34 35  7 11 13 14 15 16 21 23 30]
2024-12-01 19:20:11,179 DEBUG server.py 502:: mal_ids={0, 32, 11, 13, 15, 16, 23, 30}, pre_mal_id=defaultdict(<class 'int'>, {0: 6, 1: 3, 2: 0, 3: 0, 4: 0, 5: 0, 6: 0, 7: 2, 8: 0, 9: 0, 10: 0, 11: 6, 12: 0, 13: 6, 14: 2, 15: 6, 16: 6, 17: 0, 18: 0, 19: 0, 20: 0, 21: 2, 22: 0, 23: 6, 24: 0, 25: 0, 26: 0, 27: 0, 28: 0, 29: 0, 30: 6, 31: 0, 32: 6, 33: 0, 34: 2, 35: 2, 36: 0, 37: 0, 38: 0, 39: 0})
2024-12-01 19:20:11,179 INFO server.py 504:: FLIP-SIGN ATTACK=set()
2024-12-01 19:20:11,180 INFO server.py 505:: UNTARGETED ATTACK=set()
2024-12-01 19:20:11,180 INFO server.py 506:: TARGETED ATTACK={0, 32, 11, 13, 15, 16, 23, 30}
2024-12-01 19:20:11,180 INFO server.py 661:: OVERTIME MALICIOUS client ids ={0, 32, 11, 13, 15, 16, 23, 30}
2024-12-01 19:20:11,186 INFO server.py 707:: This round UNRELIABLE=set(), normal_id={1, 2, 3, 4, 5, 6, 7, 8, 9, 10, 12, 14, 17, 18, 19, 20, 21, 22, 24, 25, 26, 27, 28, 29, 31, 33, 34, 35, 36, 37, 38, 39}
2024-12-01 19:20:11,187 DEBUG server.py 709:: anlge_sHoGs={1: nan, 2: nan, 3: nan, 4: nan, 5: nan, 6: nan, 7: nan, 8: nan, 9: nan, 10: nan, 12: nan, 14: nan, 17: nan, 18: nan, 19: nan, 20: nan, 21: nan, 22: nan, 24: nan, 25: nan, 26: nan, 27: nan, 28: nan, 29: nan, 31: nan, 33: nan, 34: nan, 35: nan, 36: nan, 37: nan, 38: nan, 39: nan}, angle_sep_nsH=0
2024-12-01 19:20:11,187 INFO server.py 721:: UNRELIABLE clients =set()
2024-12-01 19:20:11,300 INFO server.py 1060:: clients' sizes=[1, 0, 0, 0, 2, 0, 1, 0, 2, 1, 2, 0, 1, 1, 1, 0, 1, 1, 1, 1, 0, 0, 1, 0, 2, 0], total=19
2024-12-01 19:20:11,308 INFO server.py 327:: [Server] The aggregation takes 0.263839 seconds.

2024-12-01 19:20:11,309 INFO server.py 211:: [Server] Start testing
2024-12-01 19:20:11,324 INFO server.py 235:: [Server] Test set: Average loss: 1.3430, Accuracy: 66/200 (33.0%)

2024-12-01 19:20:11,326 INFO server.py 238:: [Sever] Confusion matrix:
 tensor([[50.,  0.,  0.,  0.],
        [50.,  0.,  0.,  0.],
        [50.,  0.,  0.,  0.],
        [34.,  0.,  0., 16.]])
2024-12-01 19:20:11,327 INFO server.py 254:: [Server] Precision=[0.27173913        nan        nan 1.        ],
 Recall=[1.   0.   0.   0.32],
 F1-score=[0.42735043        nan        nan 0.4848485 ],
 my_accuracy=33.000001311302185[%]
2024-12-01 19:20:11,328 INFO _main.py 208:: ########EPOCH 9 ########
2024-12-01 19:20:11,328 INFO _main.py 209:: ###Model distribution###
2024-12-01 19:20:11,852 INFO server.py 567:: flip_sign_id=set()
2024-12-01 19:20:11,852 INFO server.py 582:: ===========using shortHoGs for detecting UNTARGETED ATTACK====
2024-12-01 19:20:11,894 INFO server.py 608:: labels cluster_sh= [0 0 0 0 0 0 0 0 0 0 0 0 0 0 0 0 0 0 0 0 0 0 0 0 0 0 0 0 0 0 0 0 0 0 0 0 0
 0 0 0]
2024-12-01 19:20:11,902 DEBUG server.py 613:: offset_normal_ids=[ 0  1  2  3  4  5  6  7  8  9 10 11 12 13 14 15 16 17 18 19 20 21 22 23
 24 25 26 27 28 29 30 31 32 33 34 35 36 37 38 39], normal_ids=[ 0  1  2  3  4  5  6  7  8  9 10 11 12 13 14 15 16 17 18 19 20 21 22 23
 24 25 26 27 28 29 30 31 32 33 34 35 36 37 38 39]
2024-12-01 19:20:11,902 INFO server.py 618:: SUSPECTED UNTARGETED []
2024-12-01 19:20:11,903 DEBUG server.py 622:: suspicious_ids=[]
2024-12-01 19:20:11,903 DEBUG server.py 631:: d_normal_sus={}, d_separate=0
2024-12-01 19:20:11,903 INFO server.py 638:: This round UNTARGETED=set(), sus_tAtk_uRel_id0=set()
2024-12-01 19:20:11,903 INFO server.py 656:: =======Using LONG HOGs for detecting TARGETED ATTACK========
2024-12-01 19:20:11,920 INFO server.py 143:: This round TARGETED ATTACK: [ 0 32 34  7 11 13 14 15 16 21 23 30]
2024-12-01 19:20:11,920 DEBUG server.py 502:: mal_ids={0, 32, 11, 13, 15, 16, 23, 30}, pre_mal_id=defaultdict(<class 'int'>, {0: 7, 1: 0, 2: 0, 3: 0, 4: 0, 5: 0, 6: 0, 7: 3, 8: 0, 9: 0, 10: 0, 11: 7, 12: 0, 13: 7, 14: 3, 15: 7, 16: 7, 17: 0, 18: 0, 19: 0, 20: 0, 21: 3, 22: 0, 23: 7, 24: 0, 25: 0, 26: 0, 27: 0, 28: 0, 29: 0, 30: 7, 31: 0, 32: 7, 33: 0, 34: 3, 35: 0, 36: 0, 37: 0, 38: 0, 39: 0})
2024-12-01 19:20:11,921 INFO server.py 504:: FLIP-SIGN ATTACK=set()
2024-12-01 19:20:11,921 INFO server.py 505:: UNTARGETED ATTACK=set()
2024-12-01 19:20:11,921 INFO server.py 506:: TARGETED ATTACK={0, 32, 11, 13, 15, 16, 23, 30}
2024-12-01 19:20:11,921 INFO server.py 661:: OVERTIME MALICIOUS client ids ={0, 32, 11, 13, 15, 16, 23, 30}
2024-12-01 19:20:11,928 INFO server.py 707:: This round UNRELIABLE=set(), normal_id={1, 2, 3, 4, 5, 6, 7, 8, 9, 10, 12, 14, 17, 18, 19, 20, 21, 22, 24, 25, 26, 27, 28, 29, 31, 33, 34, 35, 36, 37, 38, 39}
2024-12-01 19:20:11,928 DEBUG server.py 709:: anlge_sHoGs={1: nan, 2: nan, 3: nan, 4: nan, 5: nan, 6: nan, 7: nan, 8: nan, 9: nan, 10: nan, 12: nan, 14: nan, 17: nan, 18: nan, 19: nan, 20: nan, 21: nan, 22: nan, 24: nan, 25: nan, 26: nan, 27: nan, 28: nan, 29: nan, 31: nan, 33: nan, 34: nan, 35: nan, 36: nan, 37: nan, 38: nan, 39: nan}, angle_sep_nsH=0
2024-12-01 19:20:11,928 INFO server.py 721:: UNRELIABLE clients =set()
2024-12-01 19:20:12,086 INFO server.py 1060:: clients' sizes=[2, 1, 0, 0, 0, 2, 0, 1, 0, 2, 1, 2, 0, 1, 1, 1, 0, 1, 1, 1, 1, 0, 0, 2, 1, 0, 2, 0], total=23
2024-12-01 19:20:12,100 INFO server.py 327:: [Server] The aggregation takes 0.307912 seconds.

2024-12-01 19:20:12,101 INFO server.py 211:: [Server] Start testing
2024-12-01 19:20:12,115 INFO server.py 235:: [Server] Test set: Average loss: 1.3350, Accuracy: 70/200 (35.0%)

2024-12-01 19:20:12,116 INFO server.py 238:: [Sever] Confusion matrix:
 tensor([[50.,  0.,  0.,  0.],
        [50.,  0.,  0.,  0.],
        [50.,  0.,  0.,  0.],
        [30.,  0.,  0., 20.]])
2024-12-01 19:20:12,117 INFO server.py 254:: [Server] Precision=[0.2777778       nan       nan 1.       ],
 Recall=[1.  0.  0.  0.4],
 F1-score=[0.43478262        nan        nan 0.5714286 ],
 my_accuracy=34.99999940395355[%]
