2024-12-01 20:25:17,296 INFO _main.py 39:: ################################################################
2024-12-01 20:25:17,298 INFO _main.py 41:: #                              batch_size: 64                  #
2024-12-01 20:25:17,300 INFO _main.py 41:: #                         test_batch_size: 32                  #
2024-12-01 20:25:17,302 INFO _main.py 41:: #                                  epochs: 10                  #
2024-12-01 20:25:17,302 INFO _main.py 41:: #                               optimizer: SGD                 #
2024-12-01 20:25:17,302 INFO _main.py 41:: #                                      lr: 0.01                #
2024-12-01 20:25:17,303 INFO _main.py 41:: #                                momentum: 0.9                 #
2024-12-01 20:25:17,303 INFO _main.py 41:: #                            weight_decay: 0.0001              #
2024-12-01 20:25:17,303 INFO _main.py 41:: #                                    seed: 1                   #
2024-12-01 20:25:17,303 INFO _main.py 41:: #                            log_interval: 11                  #
2024-12-01 20:25:17,303 INFO _main.py 41:: #                             num_clients: 40                  #
2024-12-01 20:25:17,304 INFO _main.py 41:: #                           output_folder: experiments         #
2024-12-01 20:25:17,304 INFO _main.py 41:: #                                 dataset: rockburst           #
2024-12-01 20:25:17,304 INFO _main.py 41:: #                             loader_type: dirichlet           #
2024-12-01 20:25:17,304 INFO _main.py 41:: #                             loader_path: ./data/loader.pk    #
2024-12-01 20:25:17,304 INFO _main.py 41:: #                                      AR: mudhog              #
2024-12-01 20:25:17,305 INFO _main.py 41:: #                     n_attacker_backdoor: 0                   #
2024-12-01 20:25:17,305 INFO _main.py 41:: #                        backdoor_trigger: [0, 0, 1, 1]        #
2024-12-01 20:25:17,305 INFO _main.py 41:: #                   n_attacker_omniscient: 0                   #
2024-12-01 20:25:17,305 INFO _main.py 41:: #                        omniscient_scale: 1                   #
2024-12-01 20:25:17,305 INFO _main.py 41:: #                                 attacks: None                #
2024-12-01 20:25:17,306 INFO _main.py 41:: #                      save_model_weights: False               #
2024-12-01 20:25:17,306 INFO _main.py 41:: #                         experiment_name: sExp4Ba_40ep_rockburst_mudhog_40C_5#
2024-12-01 20:25:17,306 INFO _main.py 41:: #                          path_to_aggNet: None                #
2024-12-01 20:25:17,306 INFO _main.py 41:: #                                  device: cpu                 #
2024-12-01 20:25:17,306 INFO _main.py 41:: #                            inner_epochs: 4                   #
2024-12-01 20:25:17,306 INFO _main.py 41:: #                                 verbose: True                #
2024-12-01 20:25:17,307 INFO _main.py 41:: #                         list_unreliable: [2, 18, 20]         #
2024-12-01 20:25:17,307 INFO _main.py 41:: #                     unreliable_fraction: 0.5                 #
2024-12-01 20:25:17,307 INFO _main.py 41:: #                    unreliable_fracTrain: 0.3                 #
2024-12-01 20:25:17,308 INFO _main.py 41:: #                         mean_unreliable: 0.0                 #
2024-12-01 20:25:17,308 INFO _main.py 41:: #                             blur_method: add_noise           #
2024-12-01 20:25:17,308 INFO _main.py 41:: #                      max_std_unreliable: 30.0                #
2024-12-01 20:25:17,309 INFO _main.py 41:: #                     list_uatk_add_noise: [24, 25, 26]        #
2024-12-01 20:25:17,309 INFO _main.py 41:: #                          mean_add_noise: 0.0                 #
2024-12-01 20:25:17,309 INFO _main.py 41:: #                           std_add_noise: 0.01                #
2024-12-01 20:25:17,310 INFO _main.py 41:: #                     list_uatk_flip_sign: [0, 10, 11]         #
2024-12-01 20:25:17,310 INFO _main.py 42:: ################################################################
2024-12-01 20:25:17,311 INFO _main.py 43:: Namespace(batch_size=64, test_batch_size=32, epochs=10, optimizer='SGD', lr=0.01, momentum=0.9, weight_decay=0.0001, seed=1, log_interval=11, num_clients=40, output_folder='experiments', dataset='rockburst', loader_type='dirichlet', loader_path='./data/loader.pk', AR='mudhog', n_attacker_backdoor=0, backdoor_trigger=[0, 0, 1, 1], n_attacker_omniscient=0, omniscient_scale=1, attacks=None, save_model_weights=False, experiment_name='sExp4Ba_40ep_rockburst_mudhog_40C_5', path_to_aggNet=None, device='cpu', inner_epochs=4, verbose=True, list_unreliable=[2, 18, 20], unreliable_fraction=0.5, unreliable_fracTrain=0.3, mean_unreliable=0.0, blur_method='add_noise', max_std_unreliable=30.0, list_uatk_add_noise=[24, 25, 26], mean_add_noise=0.0, std_add_noise=0.01, list_uatk_flip_sign=[0, 10, 11])
2024-12-01 20:25:17,311 INFO _main.py 44:: #####################
2024-12-01 20:25:17,311 INFO _main.py 45:: #####################
2024-12-01 20:25:17,312 INFO _main.py 46:: #####################
2024-12-01 20:25:17,312 INFO _main.py 47:: Aggregation Rule:	mudhog
2024-12-01 20:25:17,312 INFO _main.py 48:: Data distribution:	dirichlet
2024-12-01 20:25:17,313 INFO _main.py 49:: Attacks:	None 
2024-12-01 20:25:17,313 INFO _main.py 50:: #####################
2024-12-01 20:25:17,314 INFO _main.py 51:: #####################
2024-12-01 20:25:17,314 INFO _main.py 52:: #####################
2024-12-01 20:25:18,843 INFO server.py 366:: SET DBSCAN eps=1.3, min_samples=10
2024-12-01 20:25:18,846 INFO _main.py 135:: [1-normal, 0-malicious] label =tensor([0., 1., 1., 1., 1., 1., 1., 1., 1., 1., 0., 0., 1., 1., 1., 1., 1., 1.,
        1., 1., 1., 1., 1., 1., 0., 0., 0., 1., 1., 1., 1., 1., 1., 1., 1., 1.,
        1., 1., 1., 1.])
2024-12-01 20:25:18,852 INFO malicious_clients.py 117:: init ATTACK OMNISCIENT Client 0
2024-12-01 20:25:18,856 INFO malicious_clients.py 18:: init UNRELIABLE Client 2
2024-12-01 20:25:18,887 INFO malicious_clients.py 117:: init ATTACK OMNISCIENT Client 10
2024-12-01 20:25:18,892 INFO malicious_clients.py 117:: init ATTACK OMNISCIENT Client 11
2024-12-01 20:25:18,915 INFO malicious_clients.py 18:: init UNRELIABLE Client 18
2024-12-01 20:25:18,922 INFO malicious_clients.py 18:: init UNRELIABLE Client 20
2024-12-01 20:25:18,939 INFO malicious_clients.py 73:: init ATTACK ADD NOISE TO GRAD Client 24
2024-12-01 20:25:18,943 INFO malicious_clients.py 73:: init ATTACK ADD NOISE TO GRAD Client 25
2024-12-01 20:25:18,947 INFO malicious_clients.py 73:: init ATTACK ADD NOISE TO GRAD Client 26
2024-12-01 20:25:19,001 INFO server.py 211:: [Server] Start testing
2024-12-01 20:25:19,025 INFO server.py 235:: [Server] Test set: Average loss: 1.3864, Accuracy: 50/200 (25.0%)

2024-12-01 20:25:19,027 INFO server.py 238:: [Sever] Confusion matrix:
 tensor([[50.,  0.,  0.,  0.],
        [50.,  0.,  0.,  0.],
        [50.,  0.,  0.,  0.],
        [50.,  0.,  0.,  0.]])
2024-12-01 20:25:19,035 INFO server.py 254:: [Server] Precision=[0.25  nan  nan  nan],
 Recall=[1. 0. 0. 0.],
 F1-score=[0.4 nan nan nan],
 my_accuracy=25.0[%]
2024-12-01 20:25:19,037 INFO _main.py 209:: ########EPOCH 0 ########
2024-12-01 20:25:19,037 INFO _main.py 210:: ###Model distribution###
2024-12-01 20:25:19,490 INFO server.py 1064:: clients' sizes=[1, 2, 1, 0, 0, 0, 2, 2, 0, 1, 0, 1, 2, 2, 2, 2, 1, 1, 2, 0, 1, 1, 1, 1, 1, 0, 1, 1, 1, 1, 2, 0, 2, 0, 1, 2, 1, 0, 2, 0], total=41
2024-12-01 20:25:19,505 INFO server.py 327:: [Server] The aggregation takes 0.030758 seconds.

2024-12-01 20:25:19,506 INFO server.py 211:: [Server] Start testing
2024-12-01 20:25:19,521 INFO server.py 235:: [Server] Test set: Average loss: 1.3840, Accuracy: 50/200 (25.0%)

2024-12-01 20:25:19,522 INFO server.py 238:: [Sever] Confusion matrix:
 tensor([[50.,  0.,  0.,  0.],
        [50.,  0.,  0.,  0.],
        [50.,  0.,  0.,  0.],
        [50.,  0.,  0.,  0.]])
2024-12-01 20:25:19,524 INFO server.py 254:: [Server] Precision=[0.25  nan  nan  nan],
 Recall=[1. 0. 0. 0.],
 F1-score=[0.4 nan nan nan],
 my_accuracy=25.0[%]
2024-12-01 20:25:19,525 INFO _main.py 209:: ########EPOCH 1 ########
2024-12-01 20:25:19,526 INFO _main.py 210:: ###Model distribution###
2024-12-01 20:25:19,970 INFO server.py 1064:: clients' sizes=[1, 2, 1, 0, 0, 0, 2, 2, 0, 1, 0, 1, 2, 2, 2, 2, 1, 1, 2, 0, 1, 1, 1, 1, 1, 0, 1, 1, 1, 1, 2, 0, 2, 0, 1, 2, 1, 0, 2, 0], total=41
2024-12-01 20:25:19,983 INFO server.py 327:: [Server] The aggregation takes 0.021037 seconds.

2024-12-01 20:25:19,984 INFO server.py 211:: [Server] Start testing
2024-12-01 20:25:19,997 INFO server.py 235:: [Server] Test set: Average loss: 1.3793, Accuracy: 50/200 (25.0%)

2024-12-01 20:25:19,999 INFO server.py 238:: [Sever] Confusion matrix:
 tensor([[50.,  0.,  0.,  0.],
        [50.,  0.,  0.,  0.],
        [50.,  0.,  0.,  0.],
        [50.,  0.,  0.,  0.]])
2024-12-01 20:25:20,000 INFO server.py 254:: [Server] Precision=[0.25  nan  nan  nan],
 Recall=[1. 0. 0. 0.],
 F1-score=[0.4 nan nan nan],
 my_accuracy=25.0[%]
2024-12-01 20:25:20,001 INFO _main.py 209:: ########EPOCH 2 ########
2024-12-01 20:25:20,002 INFO _main.py 210:: ###Model distribution###
2024-12-01 20:25:20,592 INFO server.py 1064:: clients' sizes=[1, 2, 1, 0, 0, 0, 2, 2, 0, 1, 0, 1, 2, 2, 2, 2, 1, 1, 2, 0, 1, 1, 1, 1, 1, 0, 1, 1, 1, 1, 2, 0, 2, 0, 1, 2, 1, 0, 2, 0], total=41
2024-12-01 20:25:20,615 INFO server.py 327:: [Server] The aggregation takes 0.037185 seconds.

2024-12-01 20:25:20,617 INFO server.py 211:: [Server] Start testing
2024-12-01 20:25:20,640 INFO server.py 235:: [Server] Test set: Average loss: 1.3737, Accuracy: 50/200 (25.0%)

2024-12-01 20:25:20,642 INFO server.py 238:: [Sever] Confusion matrix:
 tensor([[50.,  0.,  0.,  0.],
        [50.,  0.,  0.,  0.],
        [50.,  0.,  0.,  0.],
        [50.,  0.,  0.,  0.]])
2024-12-01 20:25:20,643 INFO server.py 254:: [Server] Precision=[0.25  nan  nan  nan],
 Recall=[1. 0. 0. 0.],
 F1-score=[0.4 nan nan nan],
 my_accuracy=25.0[%]
2024-12-01 20:25:20,644 INFO _main.py 209:: ########EPOCH 3 ########
2024-12-01 20:25:20,645 INFO _main.py 210:: ###Model distribution###
2024-12-01 20:25:21,363 INFO server.py 568:: flip_sign_id={0, 11}
2024-12-01 20:25:21,366 INFO server.py 583:: ===========using shortHoGs for detecting UNTARGETED ATTACK====
2024-12-01 20:25:21,491 INFO server.py 609:: labels cluster_sh= [0 0 0 0 0 0 0 0 0 0 0 0 0 0 0 0 0 0 0 0 0 0 0 0 0 0 0 0 0 0 0 0 0 0 0 0 0
 0]
2024-12-01 20:25:21,515 DEBUG server.py 614:: offset_normal_ids=[ 0  1  2  3  4  5  6  7  8  9 10 11 12 13 14 15 16 17 18 19 20 21 22 23
 24 25 26 27 28 29 30 31 32 33 34 35 36 37], normal_ids=[ 1  2  3  4  5  6  7  8  9 10 12 13 14 15 16 17 18 19 20 21 22 23 24 25
 26 27 28 29 30 31 32 33 34 35 36 37 38 39]
2024-12-01 20:25:21,522 INFO server.py 619:: SUSPECTED UNTARGETED []
2024-12-01 20:25:21,523 DEBUG server.py 623:: suspicious_ids=[]
2024-12-01 20:25:21,523 DEBUG server.py 632:: d_normal_sus={}, d_separate=0
2024-12-01 20:25:21,523 INFO server.py 639:: This round UNTARGETED=set(), sus_tAtk_uRel_id0=set()
2024-12-01 20:25:21,523 INFO server.py 657:: =======Using LONG HOGs for detecting TARGETED ATTACK========
2024-12-01 20:25:21,555 INFO server.py 143:: This round TARGETED ATTACK: [26]
2024-12-01 20:25:21,560 DEBUG server.py 502:: mal_ids=set(), pre_mal_id=defaultdict(<class 'int'>, {0: 1, 1: 0, 2: 0, 3: 0, 4: 0, 5: 0, 6: 0, 7: 0, 8: 0, 9: 0, 10: 0, 11: 1, 12: 0, 13: 0, 14: 0, 15: 0, 16: 0, 17: 0, 18: 0, 19: 0, 20: 0, 21: 0, 22: 0, 23: 0, 24: 0, 25: 0, 26: 1, 27: 0, 28: 0, 29: 0, 30: 0, 31: 0, 32: 0, 33: 0, 34: 0, 35: 0, 36: 0, 37: 0, 38: 0, 39: 0})
2024-12-01 20:25:21,560 INFO server.py 504:: FLIP-SIGN ATTACK=set()
2024-12-01 20:25:21,561 INFO server.py 505:: UNTARGETED ATTACK=set()
2024-12-01 20:25:21,561 INFO server.py 506:: TARGETED ATTACK=set()
2024-12-01 20:25:21,561 INFO server.py 662:: OVERTIME MALICIOUS client ids =set()
2024-12-01 20:25:21,590 INFO server.py 708:: This round UNRELIABLE={2, 17, 18, 20, 21, 24, 25, 26}, normal_id={1, 3, 4, 5, 6, 7, 8, 9, 10, 12, 13, 14, 15, 16, 19, 22, 23, 27, 28, 29, 30, 31, 32, 33, 34, 35, 36, 37, 38, 39}
2024-12-01 20:25:21,591 DEBUG server.py 710:: anlge_sHoGs={1: 0.6139289, 2: 0.039932236, 3: nan, 4: nan, 5: nan, 6: 0.6752066, 7: 0.37819126, 8: nan, 9: 0.63159204, 10: nan, 12: 0.525533, 13: 0.57481, 14: 0.34534514, 15: 0.39755237, 16: 0.4756639, 17: 0.27642736, 18: 0.0032340013, 19: nan, 20: 0.072393075, 21: 0.21907191, 22: 0.33594024, 23: 0.4790488, 24: 0.054986548, 25: 0.04595871, 26: 0.056107003, 27: 0.5399527, 28: 0.45255336, 29: 0.359538, 30: 0.55024755, 31: nan, 32: 0.3616489, 33: nan, 34: 0.33995107, 35: 0.35312995, 36: 0.65417254, 37: nan, 38: 0.45792478, 39: nan}, angle_sep_nsH=0.32693056762218475
2024-12-01 20:25:21,592 INFO server.py 722:: UNRELIABLE clients =set()
2024-12-01 20:25:21,596 INFO server.py 1064:: clients' sizes=[1, 2, 1, 0, 0, 0, 2, 2, 0, 1, 0, 1, 2, 2, 2, 2, 1, 1, 2, 0, 1, 1, 1, 1, 1, 0, 1, 1, 1, 2, 0, 2, 0, 1, 2, 1, 0, 2, 0], total=40
2024-12-01 20:25:21,631 INFO server.py 327:: [Server] The aggregation takes 0.378606 seconds.

2024-12-01 20:25:21,637 INFO server.py 211:: [Server] Start testing
2024-12-01 20:25:21,658 INFO server.py 235:: [Server] Test set: Average loss: 1.3671, Accuracy: 53/200 (26.5%)

2024-12-01 20:25:21,660 INFO server.py 238:: [Sever] Confusion matrix:
 tensor([[50.,  0.,  0.,  0.],
        [50.,  0.,  0.,  0.],
        [50.,  0.,  0.,  0.],
        [47.,  0.,  0.,  3.]])
2024-12-01 20:25:21,661 INFO server.py 254:: [Server] Precision=[0.2538071       nan       nan 1.       ],
 Recall=[1.   0.   0.   0.06],
 F1-score=[0.4048583         nan        nan 0.11320755],
 my_accuracy=26.499998569488525[%]
2024-12-01 20:25:21,662 INFO _main.py 209:: ########EPOCH 4 ########
2024-12-01 20:25:21,669 INFO _main.py 210:: ###Model distribution###
2024-12-01 20:25:22,423 INFO server.py 568:: flip_sign_id={0, 11}
2024-12-01 20:25:22,424 INFO server.py 583:: ===========using shortHoGs for detecting UNTARGETED ATTACK====
2024-12-01 20:25:22,731 INFO server.py 609:: labels cluster_sh= [0 0 0 0 0 0 0 0 0 0 0 0 0 0 0 0 0 0 0 0 0 0 0 0 0 0 0 0 0 0 0 0 0 0 0 0 0
 0]
2024-12-01 20:25:22,759 DEBUG server.py 614:: offset_normal_ids=[ 0  1  2  3  4  5  6  7  8  9 10 11 12 13 14 15 16 17 18 19 20 21 22 23
 24 25 26 27 28 29 30 31 32 33 34 35 36 37], normal_ids=[ 1  2  3  4  5  6  7  8  9 10 12 13 14 15 16 17 18 19 20 21 22 23 24 25
 26 27 28 29 30 31 32 33 34 35 36 37 38 39]
2024-12-01 20:25:22,760 INFO server.py 619:: SUSPECTED UNTARGETED []
2024-12-01 20:25:22,767 DEBUG server.py 623:: suspicious_ids=[]
2024-12-01 20:25:22,767 DEBUG server.py 632:: d_normal_sus={}, d_separate=0
2024-12-01 20:25:22,768 INFO server.py 639:: This round UNTARGETED=set(), sus_tAtk_uRel_id0=set()
2024-12-01 20:25:22,768 INFO server.py 657:: =======Using LONG HOGs for detecting TARGETED ATTACK========
2024-12-01 20:25:22,798 INFO server.py 143:: This round TARGETED ATTACK: [26]
2024-12-01 20:25:22,803 DEBUG server.py 502:: mal_ids={0, 11}, pre_mal_id=defaultdict(<class 'int'>, {0: 2, 1: 0, 2: 0, 3: 0, 4: 0, 5: 0, 6: 0, 7: 0, 8: 0, 9: 0, 10: 0, 11: 2, 12: 0, 13: 0, 14: 0, 15: 0, 16: 0, 17: 0, 18: 0, 19: 0, 20: 0, 21: 0, 22: 0, 23: 0, 24: 0, 25: 0, 26: 2, 27: 0, 28: 0, 29: 0, 30: 0, 31: 0, 32: 0, 33: 0, 34: 0, 35: 0, 36: 0, 37: 0, 38: 0, 39: 0})
2024-12-01 20:25:22,803 INFO server.py 504:: FLIP-SIGN ATTACK={0, 11}
2024-12-01 20:25:22,803 INFO server.py 505:: UNTARGETED ATTACK=set()
2024-12-01 20:25:22,803 INFO server.py 506:: TARGETED ATTACK=set()
2024-12-01 20:25:22,803 INFO server.py 662:: OVERTIME MALICIOUS client ids ={0, 11}
2024-12-01 20:25:22,840 INFO server.py 708:: This round UNRELIABLE={2, 17, 18, 20, 21, 24, 25, 26}, normal_id={1, 3, 4, 5, 6, 7, 8, 9, 10, 12, 13, 14, 15, 16, 19, 22, 23, 27, 28, 29, 30, 31, 32, 33, 34, 35, 36, 37, 38, 39}
2024-12-01 20:25:22,847 DEBUG server.py 710:: anlge_sHoGs={1: 0.6139289, 2: 0.039932236, 3: nan, 4: nan, 5: nan, 6: 0.6752066, 7: 0.37819126, 8: nan, 9: 0.63159204, 10: nan, 12: 0.525533, 13: 0.57481, 14: 0.34534514, 15: 0.39755237, 16: 0.4756639, 17: 0.27642736, 18: 0.0032340013, 19: nan, 20: 0.072393075, 21: 0.21907191, 22: 0.33594024, 23: 0.4790488, 24: 0.054986548, 25: 0.04595871, 26: 0.056107003, 27: 0.5399527, 28: 0.45255336, 29: 0.359538, 30: 0.55024755, 31: nan, 32: 0.3616489, 33: nan, 34: 0.33995107, 35: 0.35312995, 36: 0.65417254, 37: nan, 38: 0.45792478, 39: nan}, angle_sep_nsH=0.32693056762218475
2024-12-01 20:25:22,857 INFO server.py 722:: UNRELIABLE clients =set()
2024-12-01 20:25:22,866 INFO server.py 1064:: clients' sizes=[2, 1, 0, 0, 0, 2, 2, 0, 1, 0, 2, 2, 2, 2, 1, 1, 2, 0, 1, 1, 1, 1, 1, 0, 1, 1, 1, 2, 0, 2, 0, 1, 2, 1, 0, 2, 0], total=38
2024-12-01 20:25:22,889 INFO server.py 327:: [Server] The aggregation takes 0.586030 seconds.

2024-12-01 20:25:22,892 INFO server.py 211:: [Server] Start testing
2024-12-01 20:25:22,925 INFO server.py 235:: [Server] Test set: Average loss: 1.3585, Accuracy: 64/200 (32.0%)

2024-12-01 20:25:22,927 INFO server.py 238:: [Sever] Confusion matrix:
 tensor([[50.,  0.,  0.,  0.],
        [50.,  0.,  0.,  0.],
        [50.,  0.,  0.,  0.],
        [36.,  0.,  0., 14.]])
2024-12-01 20:25:22,928 INFO server.py 254:: [Server] Precision=[0.26881722        nan        nan 1.        ],
 Recall=[1.   0.   0.   0.28],
 F1-score=[0.42372882        nan        nan 0.4375    ],
 my_accuracy=31.999999284744263[%]
2024-12-01 20:25:22,929 INFO _main.py 209:: ########EPOCH 5 ########
2024-12-01 20:25:22,929 INFO _main.py 210:: ###Model distribution###
2024-12-01 20:25:23,696 INFO server.py 568:: flip_sign_id={0, 11}
2024-12-01 20:25:23,696 INFO server.py 583:: ===========using shortHoGs for detecting UNTARGETED ATTACK====
2024-12-01 20:25:23,778 INFO server.py 609:: labels cluster_sh= [0 0 0 0 0 0 0 0 0 0 0 0 0 0 0 0 0 0 0 0 0 0 0 0 0 0 0 0 0 0 0 0 0 0 0 0 0
 0]
2024-12-01 20:25:23,792 DEBUG server.py 614:: offset_normal_ids=[ 0  1  2  3  4  5  6  7  8  9 10 11 12 13 14 15 16 17 18 19 20 21 22 23
 24 25 26 27 28 29 30 31 32 33 34 35 36 37], normal_ids=[ 1  2  3  4  5  6  7  8  9 10 12 13 14 15 16 17 18 19 20 21 22 23 24 25
 26 27 28 29 30 31 32 33 34 35 36 37 38 39]
2024-12-01 20:25:23,793 INFO server.py 619:: SUSPECTED UNTARGETED []
2024-12-01 20:25:23,793 DEBUG server.py 623:: suspicious_ids=[]
2024-12-01 20:25:23,794 DEBUG server.py 632:: d_normal_sus={}, d_separate=0
2024-12-01 20:25:23,794 INFO server.py 639:: This round UNTARGETED=set(), sus_tAtk_uRel_id0=set()
2024-12-01 20:25:23,794 INFO server.py 657:: =======Using LONG HOGs for detecting TARGETED ATTACK========
2024-12-01 20:25:23,814 INFO server.py 143:: This round TARGETED ATTACK: [26]
2024-12-01 20:25:23,820 DEBUG server.py 502:: mal_ids={0, 11}, pre_mal_id=defaultdict(<class 'int'>, {0: 3, 1: 0, 2: 0, 3: 0, 4: 0, 5: 0, 6: 0, 7: 0, 8: 0, 9: 0, 10: 0, 11: 3, 12: 0, 13: 0, 14: 0, 15: 0, 16: 0, 17: 0, 18: 0, 19: 0, 20: 0, 21: 0, 22: 0, 23: 0, 24: 0, 25: 0, 26: 3, 27: 0, 28: 0, 29: 0, 30: 0, 31: 0, 32: 0, 33: 0, 34: 0, 35: 0, 36: 0, 37: 0, 38: 0, 39: 0})
2024-12-01 20:25:23,821 INFO server.py 504:: FLIP-SIGN ATTACK={0, 11}
2024-12-01 20:25:23,821 INFO server.py 505:: UNTARGETED ATTACK=set()
2024-12-01 20:25:23,821 INFO server.py 506:: TARGETED ATTACK=set()
2024-12-01 20:25:23,822 INFO server.py 662:: OVERTIME MALICIOUS client ids ={0, 11}
2024-12-01 20:25:23,865 INFO server.py 708:: This round UNRELIABLE={2, 17, 18, 20, 21, 24, 25, 26}, normal_id={1, 3, 4, 5, 6, 7, 8, 9, 10, 12, 13, 14, 15, 16, 19, 22, 23, 27, 28, 29, 30, 31, 32, 33, 34, 35, 36, 37, 38, 39}
2024-12-01 20:25:23,868 DEBUG server.py 710:: anlge_sHoGs={1: 0.6139289, 2: 0.039932236, 3: nan, 4: nan, 5: nan, 6: 0.6752066, 7: 0.37819126, 8: nan, 9: 0.63159204, 10: nan, 12: 0.525533, 13: 0.57481, 14: 0.34534514, 15: 0.39755237, 16: 0.4756639, 17: 0.27642736, 18: 0.0032340013, 19: nan, 20: 0.072393075, 21: 0.21907191, 22: 0.33594024, 23: 0.4790488, 24: 0.054986548, 25: 0.04595871, 26: 0.056107003, 27: 0.5399527, 28: 0.45255336, 29: 0.359538, 30: 0.55024755, 31: nan, 32: 0.3616489, 33: nan, 34: 0.33995107, 35: 0.35312995, 36: 0.65417254, 37: nan, 38: 0.45792478, 39: nan}, angle_sep_nsH=0.32693056762218475
2024-12-01 20:25:23,871 INFO server.py 722:: UNRELIABLE clients ={2, 17, 18, 20, 21, 24, 25, 26}
2024-12-01 20:25:23,874 INFO server.py 1064:: clients' sizes=[2, 1, 0, 0, 0, 2, 2, 0, 1, 0, 2, 2, 2, 2, 1, 1, 2, 0, 1, 1, 1, 1, 1, 0, 1, 1, 1, 2, 0, 2, 0, 1, 2, 1, 0, 2, 0], total=38
2024-12-01 20:25:23,909 INFO server.py 327:: [Server] The aggregation takes 0.340034 seconds.

2024-12-01 20:25:23,912 INFO server.py 211:: [Server] Start testing
2024-12-01 20:25:23,947 INFO server.py 235:: [Server] Test set: Average loss: 1.3488, Accuracy: 69/200 (34.5%)

2024-12-01 20:25:23,949 INFO server.py 238:: [Sever] Confusion matrix:
 tensor([[50.,  0.,  0.,  0.],
        [50.,  0.,  0.,  0.],
        [50.,  0.,  0.,  0.],
        [31.,  0.,  0., 19.]])
2024-12-01 20:25:23,951 INFO server.py 254:: [Server] Precision=[0.2762431       nan       nan 1.       ],
 Recall=[1.   0.   0.   0.38],
 F1-score=[0.43290043        nan        nan 0.5507246 ],
 my_accuracy=34.49999988079071[%]
2024-12-01 20:25:23,951 INFO _main.py 209:: ########EPOCH 6 ########
2024-12-01 20:25:23,952 INFO _main.py 210:: ###Model distribution###
2024-12-01 20:25:24,809 INFO server.py 568:: flip_sign_id={0, 11}
2024-12-01 20:25:24,810 INFO server.py 583:: ===========using shortHoGs for detecting UNTARGETED ATTACK====
2024-12-01 20:25:24,885 INFO server.py 609:: labels cluster_sh= [0 0 0 0 0 0 0 0 0 0 0 0 0 0 0 0 0 0 0 0 0 0 0 0 0 0 0 0 0 0 0 0 0 0 0 0 0
 0]
2024-12-01 20:25:24,915 DEBUG server.py 614:: offset_normal_ids=[ 0  1  2  3  4  5  6  7  8  9 10 11 12 13 14 15 16 17 18 19 20 21 22 23
 24 25 26 27 28 29 30 31 32 33 34 35 36 37], normal_ids=[ 1  2  3  4  5  6  7  8  9 10 12 13 14 15 16 17 18 19 20 21 22 23 24 25
 26 27 28 29 30 31 32 33 34 35 36 37 38 39]
2024-12-01 20:25:24,921 INFO server.py 619:: SUSPECTED UNTARGETED []
2024-12-01 20:25:24,922 DEBUG server.py 623:: suspicious_ids=[]
2024-12-01 20:25:24,923 DEBUG server.py 632:: d_normal_sus={}, d_separate=0
2024-12-01 20:25:24,923 INFO server.py 639:: This round UNTARGETED=set(), sus_tAtk_uRel_id0=set()
2024-12-01 20:25:24,923 INFO server.py 657:: =======Using LONG HOGs for detecting TARGETED ATTACK========
2024-12-01 20:25:24,975 INFO server.py 143:: This round TARGETED ATTACK: [26]
2024-12-01 20:25:24,976 DEBUG server.py 502:: mal_ids={0, 26, 11}, pre_mal_id=defaultdict(<class 'int'>, {0: 4, 1: 0, 2: 0, 3: 0, 4: 0, 5: 0, 6: 0, 7: 0, 8: 0, 9: 0, 10: 0, 11: 4, 12: 0, 13: 0, 14: 0, 15: 0, 16: 0, 17: 0, 18: 0, 19: 0, 20: 0, 21: 0, 22: 0, 23: 0, 24: 0, 25: 0, 26: 4, 27: 0, 28: 0, 29: 0, 30: 0, 31: 0, 32: 0, 33: 0, 34: 0, 35: 0, 36: 0, 37: 0, 38: 0, 39: 0})
2024-12-01 20:25:24,976 INFO server.py 504:: FLIP-SIGN ATTACK={0, 11}
2024-12-01 20:25:24,977 INFO server.py 505:: UNTARGETED ATTACK=set()
2024-12-01 20:25:24,977 INFO server.py 506:: TARGETED ATTACK={26}
2024-12-01 20:25:24,977 INFO server.py 662:: OVERTIME MALICIOUS client ids ={0, 26, 11}
2024-12-01 20:25:25,003 INFO server.py 708:: This round UNRELIABLE={2, 17, 18, 20, 21, 24, 25}, normal_id={1, 3, 4, 5, 6, 7, 8, 9, 10, 12, 13, 14, 15, 16, 19, 22, 23, 27, 28, 29, 30, 31, 32, 33, 34, 35, 36, 37, 38, 39}
2024-12-01 20:25:25,004 DEBUG server.py 710:: anlge_sHoGs={1: 0.6104084, 2: 0.036319718, 3: nan, 4: nan, 5: nan, 6: 0.6755287, 7: 0.375471, 8: nan, 9: 0.63004285, 10: nan, 12: 0.525733, 13: 0.5736024, 14: 0.341832, 15: 0.3985884, 16: 0.47285825, 17: 0.27390152, 18: -0.0021209056, 19: nan, 20: 0.07232835, 21: 0.21338028, 22: 0.33696696, 23: 0.47968197, 24: 0.055528313, 25: 0.04513591, 27: 0.5396059, 28: 0.45314422, 29: 0.35996184, 30: 0.5491941, 31: nan, 32: 0.36106604, 33: nan, 34: 0.33700907, 35: 0.34896153, 36: 0.6536807, 37: nan, 38: 0.45906878, 39: nan}, angle_sep_nsH=0.3233640640974045
2024-12-01 20:25:25,004 INFO server.py 722:: UNRELIABLE clients ={2, 17, 18, 20, 21, 24, 25, 26}
2024-12-01 20:25:25,006 INFO server.py 1064:: clients' sizes=[2, 1, 0, 0, 0, 2, 2, 0, 1, 0, 2, 2, 2, 2, 1, 1, 2, 0, 1, 1, 1, 1, 1, 0, 1, 1, 1, 2, 0, 2, 0, 1, 2, 1, 0, 2, 0], total=38
2024-12-01 20:25:25,021 INFO server.py 327:: [Server] The aggregation takes 0.326070 seconds.

2024-12-01 20:25:25,023 INFO server.py 211:: [Server] Start testing
2024-12-01 20:25:25,063 INFO server.py 235:: [Server] Test set: Average loss: 1.3373, Accuracy: 77/200 (38.5%)

2024-12-01 20:25:25,071 INFO server.py 238:: [Sever] Confusion matrix:
 tensor([[50.,  0.,  0.,  0.],
        [50.,  0.,  0.,  0.],
        [48.,  0.,  0.,  2.],
        [23.,  0.,  0., 27.]])
2024-12-01 20:25:25,073 INFO server.py 254:: [Server] Precision=[0.29239765        nan        nan 0.9310345 ],
 Recall=[1.   0.   0.   0.54],
 F1-score=[0.4524887         nan        nan 0.68354434],
 my_accuracy=38.499999046325684[%]
2024-12-01 20:25:25,074 INFO _main.py 209:: ########EPOCH 7 ########
2024-12-01 20:25:25,079 INFO _main.py 210:: ###Model distribution###
2024-12-01 20:25:25,937 INFO server.py 568:: flip_sign_id={0, 18, 11}
2024-12-01 20:25:25,937 INFO server.py 583:: ===========using shortHoGs for detecting UNTARGETED ATTACK====
2024-12-01 20:25:26,071 INFO server.py 609:: labels cluster_sh= [0 0 0 0 0 0 0 0 0 0 0 0 0 0 0 0 0 0 0 0 0 0 0 0 0 0 0 0 0 0 0 0 0 0 0 0 0]
2024-12-01 20:25:26,104 DEBUG server.py 614:: offset_normal_ids=[ 0  1  2  3  4  5  6  7  8  9 10 11 12 13 14 15 16 17 18 19 20 21 22 23
 24 25 26 27 28 29 30 31 32 33 34 35 36], normal_ids=[ 1  2  3  4  5  6  7  8  9 10 12 13 14 15 16 17 19 20 21 22 23 24 25 26
 27 28 29 30 31 32 33 34 35 36 37 38 39]
2024-12-01 20:25:26,104 INFO server.py 619:: SUSPECTED UNTARGETED []
2024-12-01 20:25:26,105 DEBUG server.py 623:: suspicious_ids=[]
2024-12-01 20:25:26,105 DEBUG server.py 632:: d_normal_sus={}, d_separate=0
2024-12-01 20:25:26,105 INFO server.py 639:: This round UNTARGETED=set(), sus_tAtk_uRel_id0=set()
2024-12-01 20:25:26,106 INFO server.py 657:: =======Using LONG HOGs for detecting TARGETED ATTACK========
2024-12-01 20:25:26,147 INFO server.py 143:: This round TARGETED ATTACK: [26]
2024-12-01 20:25:26,148 DEBUG server.py 502:: mal_ids={0, 26, 11}, pre_mal_id=defaultdict(<class 'int'>, {0: 5, 1: 0, 2: 0, 3: 0, 4: 0, 5: 0, 6: 0, 7: 0, 8: 0, 9: 0, 10: 0, 11: 5, 12: 0, 13: 0, 14: 0, 15: 0, 16: 0, 17: 0, 18: 1, 19: 0, 20: 0, 21: 0, 22: 0, 23: 0, 24: 0, 25: 0, 26: 5, 27: 0, 28: 0, 29: 0, 30: 0, 31: 0, 32: 0, 33: 0, 34: 0, 35: 0, 36: 0, 37: 0, 38: 0, 39: 0})
2024-12-01 20:25:26,150 INFO server.py 504:: FLIP-SIGN ATTACK={0, 11}
2024-12-01 20:25:26,151 INFO server.py 505:: UNTARGETED ATTACK=set()
2024-12-01 20:25:26,151 INFO server.py 506:: TARGETED ATTACK={26}
2024-12-01 20:25:26,151 INFO server.py 662:: OVERTIME MALICIOUS client ids ={0, 26, 11}
2024-12-01 20:25:26,179 INFO server.py 708:: This round UNRELIABLE={2, 17, 20, 21, 24, 25}, normal_id={1, 3, 4, 5, 6, 7, 8, 9, 10, 12, 13, 14, 15, 16, 19, 22, 23, 27, 28, 29, 30, 31, 32, 33, 34, 35, 36, 37, 38, 39}
2024-12-01 20:25:26,182 DEBUG server.py 710:: anlge_sHoGs={1: 0.61640406, 2: 0.038205862, 3: nan, 4: nan, 5: nan, 6: 0.68057305, 7: 0.3798169, 8: nan, 9: 0.63688886, 10: nan, 12: 0.5285632, 13: 0.58083695, 14: 0.34650275, 15: 0.40739903, 16: 0.48510212, 17: 0.2708203, 19: nan, 20: 0.07333635, 21: 0.21461959, 22: 0.33381334, 23: 0.49182132, 24: 0.056295224, 25: 0.043655757, 27: 0.539837, 28: 0.4683277, 29: 0.363423, 30: 0.5589758, 31: nan, 32: 0.3693495, 33: nan, 34: 0.33579388, 35: 0.34718093, 36: 0.66339904, 37: nan, 38: 0.4676042, 39: nan}, angle_sep_nsH=0.3273049592971802
2024-12-01 20:25:26,183 INFO server.py 722:: UNRELIABLE clients ={2, 17, 18, 20, 21, 24, 25, 26}
2024-12-01 20:25:26,188 INFO server.py 1064:: clients' sizes=[2, 1, 0, 0, 0, 2, 2, 0, 1, 0, 2, 2, 2, 2, 1, 1, 2, 0, 1, 1, 1, 1, 1, 0, 1, 1, 1, 2, 0, 2, 0, 1, 2, 1, 0, 2, 0], total=38
2024-12-01 20:25:26,207 INFO server.py 327:: [Server] The aggregation takes 0.395059 seconds.

2024-12-01 20:25:26,208 INFO server.py 211:: [Server] Start testing
2024-12-01 20:25:26,260 INFO server.py 235:: [Server] Test set: Average loss: 1.3245, Accuracy: 80/200 (40.0%)

2024-12-01 20:25:26,263 INFO server.py 238:: [Sever] Confusion matrix:
 tensor([[50.,  0.,  0.,  0.],
        [47.,  0.,  0.,  3.],
        [45.,  0.,  0.,  5.],
        [20.,  0.,  0., 30.]])
2024-12-01 20:25:26,265 INFO server.py 254:: [Server] Precision=[0.30864197        nan        nan 0.7894737 ],
 Recall=[1.  0.  0.  0.6],
 F1-score=[0.47169814        nan        nan 0.68181825],
 my_accuracy=40.00000059604645[%]
2024-12-01 20:25:26,266 INFO _main.py 209:: ########EPOCH 8 ########
2024-12-01 20:25:26,267 INFO _main.py 210:: ###Model distribution###
2024-12-01 20:25:26,913 INFO server.py 568:: flip_sign_id={0, 18, 11}
2024-12-01 20:25:26,914 INFO server.py 583:: ===========using shortHoGs for detecting UNTARGETED ATTACK====
2024-12-01 20:25:26,954 INFO server.py 609:: labels cluster_sh= [0 0 0 0 0 0 0 0 0 0 0 0 0 0 0 0 0 0 0 0 0 0 0 0 0 0 0 0 0 0 0 0 0 0 0 0 0]
2024-12-01 20:25:26,967 DEBUG server.py 614:: offset_normal_ids=[ 0  1  2  3  4  5  6  7  8  9 10 11 12 13 14 15 16 17 18 19 20 21 22 23
 24 25 26 27 28 29 30 31 32 33 34 35 36], normal_ids=[ 1  2  3  4  5  6  7  8  9 10 12 13 14 15 16 17 19 20 21 22 23 24 25 26
 27 28 29 30 31 32 33 34 35 36 37 38 39]
2024-12-01 20:25:26,968 INFO server.py 619:: SUSPECTED UNTARGETED []
2024-12-01 20:25:26,968 DEBUG server.py 623:: suspicious_ids=[]
2024-12-01 20:25:26,968 DEBUG server.py 632:: d_normal_sus={}, d_separate=0
2024-12-01 20:25:26,969 INFO server.py 639:: This round UNTARGETED=set(), sus_tAtk_uRel_id0=set()
2024-12-01 20:25:26,969 INFO server.py 657:: =======Using LONG HOGs for detecting TARGETED ATTACK========
2024-12-01 20:25:26,983 INFO server.py 143:: This round TARGETED ATTACK: [26]
2024-12-01 20:25:26,984 DEBUG server.py 502:: mal_ids={0, 18, 26, 11}, pre_mal_id=defaultdict(<class 'int'>, {0: 6, 1: 0, 2: 0, 3: 0, 4: 0, 5: 0, 6: 0, 7: 0, 8: 0, 9: 0, 10: 0, 11: 6, 12: 0, 13: 0, 14: 0, 15: 0, 16: 0, 17: 0, 18: 2, 19: 0, 20: 0, 21: 0, 22: 0, 23: 0, 24: 0, 25: 0, 26: 6, 27: 0, 28: 0, 29: 0, 30: 0, 31: 0, 32: 0, 33: 0, 34: 0, 35: 0, 36: 0, 37: 0, 38: 0, 39: 0})
2024-12-01 20:25:26,984 INFO server.py 504:: FLIP-SIGN ATTACK={0, 18, 11}
2024-12-01 20:25:26,984 INFO server.py 505:: UNTARGETED ATTACK=set()
2024-12-01 20:25:26,984 INFO server.py 506:: TARGETED ATTACK={26}
2024-12-01 20:25:26,984 INFO server.py 662:: OVERTIME MALICIOUS client ids ={0, 18, 26, 11}
2024-12-01 20:25:26,997 INFO server.py 708:: This round UNRELIABLE={2, 17, 20, 21, 24, 25}, normal_id={1, 3, 4, 5, 6, 7, 8, 9, 10, 12, 13, 14, 15, 16, 19, 22, 23, 27, 28, 29, 30, 31, 32, 33, 34, 35, 36, 37, 38, 39}
2024-12-01 20:25:26,998 DEBUG server.py 710:: anlge_sHoGs={1: 0.61640406, 2: 0.038205862, 3: nan, 4: nan, 5: nan, 6: 0.68057305, 7: 0.3798169, 8: nan, 9: 0.63688886, 10: nan, 12: 0.5285632, 13: 0.58083695, 14: 0.34650275, 15: 0.40739903, 16: 0.48510212, 17: 0.2708203, 19: nan, 20: 0.07333635, 21: 0.21461959, 22: 0.33381334, 23: 0.49182132, 24: 0.056295224, 25: 0.043655757, 27: 0.539837, 28: 0.4683277, 29: 0.363423, 30: 0.5589758, 31: nan, 32: 0.3693495, 33: nan, 34: 0.33579388, 35: 0.34718093, 36: 0.66339904, 37: nan, 38: 0.4676042, 39: nan}, angle_sep_nsH=0.3273049592971802
2024-12-01 20:25:26,998 INFO server.py 722:: UNRELIABLE clients ={2, 17, 18, 20, 21, 24, 25, 26}
2024-12-01 20:25:27,000 INFO server.py 1064:: clients' sizes=[2, 1, 0, 0, 0, 2, 2, 0, 1, 0, 2, 2, 2, 2, 1, 1, 0, 1, 1, 1, 1, 1, 0, 1, 1, 1, 2, 0, 2, 0, 1, 2, 1, 0, 2, 0], total=36
2024-12-01 20:25:27,014 INFO server.py 327:: [Server] The aggregation takes 0.167677 seconds.

2024-12-01 20:25:27,015 INFO server.py 211:: [Server] Start testing
2024-12-01 20:25:27,033 INFO server.py 235:: [Server] Test set: Average loss: 1.3088, Accuracy: 80/200 (40.0%)

2024-12-01 20:25:27,034 INFO server.py 238:: [Sever] Confusion matrix:
 tensor([[50.,  0.,  0.,  0.],
        [47.,  0.,  0.,  3.],
        [43.,  0.,  0.,  7.],
        [20.,  0.,  0., 30.]])
2024-12-01 20:25:27,036 INFO server.py 254:: [Server] Precision=[0.3125    nan    nan 0.75  ],
 Recall=[1.  0.  0.  0.6],
 F1-score=[0.47619048        nan        nan 0.6666667 ],
 my_accuracy=40.00000059604645[%]
2024-12-01 20:25:27,037 INFO _main.py 209:: ########EPOCH 9 ########
2024-12-01 20:25:27,037 INFO _main.py 210:: ###Model distribution###
2024-12-01 20:25:27,580 INFO server.py 568:: flip_sign_id={0, 18, 11}
2024-12-01 20:25:27,581 INFO server.py 583:: ===========using shortHoGs for detecting UNTARGETED ATTACK====
2024-12-01 20:25:27,621 INFO server.py 609:: labels cluster_sh= [0 0 0 0 0 0 0 0 0 0 0 0 0 0 0 0 0 0 0 0 0 0 0 0 0 0 0 0 0 0 0 0 0 0 0 0 0]
2024-12-01 20:25:27,634 DEBUG server.py 614:: offset_normal_ids=[ 0  1  2  3  4  5  6  7  8  9 10 11 12 13 14 15 16 17 18 19 20 21 22 23
 24 25 26 27 28 29 30 31 32 33 34 35 36], normal_ids=[ 1  2  3  4  5  6  7  8  9 10 12 13 14 15 16 17 19 20 21 22 23 24 25 26
 27 28 29 30 31 32 33 34 35 36 37 38 39]
2024-12-01 20:25:27,635 INFO server.py 619:: SUSPECTED UNTARGETED []
2024-12-01 20:25:27,635 DEBUG server.py 623:: suspicious_ids=[]
2024-12-01 20:25:27,635 DEBUG server.py 632:: d_normal_sus={}, d_separate=0
2024-12-01 20:25:27,635 INFO server.py 639:: This round UNTARGETED=set(), sus_tAtk_uRel_id0=set()
2024-12-01 20:25:27,636 INFO server.py 657:: =======Using LONG HOGs for detecting TARGETED ATTACK========
2024-12-01 20:25:27,649 INFO server.py 143:: This round TARGETED ATTACK: [26]
2024-12-01 20:25:27,650 DEBUG server.py 502:: mal_ids={0, 18, 26, 11}, pre_mal_id=defaultdict(<class 'int'>, {0: 7, 1: 0, 2: 0, 3: 0, 4: 0, 5: 0, 6: 0, 7: 0, 8: 0, 9: 0, 10: 0, 11: 7, 12: 0, 13: 0, 14: 0, 15: 0, 16: 0, 17: 0, 18: 3, 19: 0, 20: 0, 21: 0, 22: 0, 23: 0, 24: 0, 25: 0, 26: 7, 27: 0, 28: 0, 29: 0, 30: 0, 31: 0, 32: 0, 33: 0, 34: 0, 35: 0, 36: 0, 37: 0, 38: 0, 39: 0})
2024-12-01 20:25:27,650 INFO server.py 504:: FLIP-SIGN ATTACK={0, 18, 11}
2024-12-01 20:25:27,650 INFO server.py 505:: UNTARGETED ATTACK=set()
2024-12-01 20:25:27,650 INFO server.py 506:: TARGETED ATTACK={26}
2024-12-01 20:25:27,651 INFO server.py 662:: OVERTIME MALICIOUS client ids ={0, 18, 26, 11}
2024-12-01 20:25:27,666 INFO server.py 708:: This round UNRELIABLE={2, 17, 20, 21, 24, 25}, normal_id={1, 3, 4, 5, 6, 7, 8, 9, 10, 12, 13, 14, 15, 16, 19, 22, 23, 27, 28, 29, 30, 31, 32, 33, 34, 35, 36, 37, 38, 39}
2024-12-01 20:25:27,666 DEBUG server.py 710:: anlge_sHoGs={1: 0.61640406, 2: 0.038205862, 3: nan, 4: nan, 5: nan, 6: 0.68057305, 7: 0.3798169, 8: nan, 9: 0.63688886, 10: nan, 12: 0.5285632, 13: 0.58083695, 14: 0.34650275, 15: 0.40739903, 16: 0.48510212, 17: 0.2708203, 19: nan, 20: 0.07333635, 21: 0.21461959, 22: 0.33381334, 23: 0.49182132, 24: 0.056295224, 25: 0.043655757, 27: 0.539837, 28: 0.4683277, 29: 0.363423, 30: 0.5589758, 31: nan, 32: 0.3693495, 33: nan, 34: 0.33579388, 35: 0.34718093, 36: 0.66339904, 37: nan, 38: 0.4676042, 39: nan}, angle_sep_nsH=0.3273049592971802
2024-12-01 20:25:27,667 INFO server.py 722:: UNRELIABLE clients ={2, 17, 18, 20, 21, 24, 25}
2024-12-01 20:25:27,668 INFO server.py 1064:: clients' sizes=[2, 1, 0, 0, 0, 2, 2, 0, 1, 0, 2, 2, 2, 2, 1, 1, 0, 1, 1, 1, 1, 1, 0, 1, 1, 1, 2, 0, 2, 0, 1, 2, 1, 0, 2, 0], total=36
2024-12-01 20:25:27,683 INFO server.py 327:: [Server] The aggregation takes 0.167429 seconds.

2024-12-01 20:25:27,684 INFO server.py 211:: [Server] Start testing
2024-12-01 20:25:27,703 INFO server.py 235:: [Server] Test set: Average loss: 1.2910, Accuracy: 84/200 (42.0%)

2024-12-01 20:25:27,705 INFO server.py 238:: [Sever] Confusion matrix:
 tensor([[50.,  0.,  0.,  0.],
        [47.,  0.,  0.,  3.],
        [38.,  0.,  0., 12.],
        [16.,  0.,  0., 34.]])
2024-12-01 20:25:27,706 INFO server.py 254:: [Server] Precision=[0.33112583        nan        nan 0.6938776 ],
 Recall=[1.   0.   0.   0.68],
 F1-score=[0.49751243        nan        nan 0.6868687 ],
 my_accuracy=41.999998688697815[%]
