2024-12-01 20:02:25,631 INFO _main.py 39:: ################################################################
2024-12-01 20:02:25,633 INFO _main.py 41:: #                              batch_size: 64                  #
2024-12-01 20:02:25,634 INFO _main.py 41:: #                         test_batch_size: 32                  #
2024-12-01 20:02:25,635 INFO _main.py 41:: #                                  epochs: 10                  #
2024-12-01 20:02:25,635 INFO _main.py 41:: #                               optimizer: SGD                 #
2024-12-01 20:02:25,636 INFO _main.py 41:: #                                      lr: 0.01                #
2024-12-01 20:02:25,636 INFO _main.py 41:: #                                momentum: 0.9                 #
2024-12-01 20:02:25,636 INFO _main.py 41:: #                            weight_decay: 0.0001              #
2024-12-01 20:02:25,636 INFO _main.py 41:: #                                    seed: 1                   #
2024-12-01 20:02:25,637 INFO _main.py 41:: #                            log_interval: 11                  #
2024-12-01 20:02:25,637 INFO _main.py 41:: #                             num_clients: 40                  #
2024-12-01 20:02:25,637 INFO _main.py 41:: #                           output_folder: experiments         #
2024-12-01 20:02:25,638 INFO _main.py 41:: #                                 dataset: rockburst           #
2024-12-01 20:02:25,638 INFO _main.py 41:: #                             loader_type: dirichlet           #
2024-12-01 20:02:25,638 INFO _main.py 41:: #                             loader_path: ./data/loader.pk    #
2024-12-01 20:02:25,638 INFO _main.py 41:: #                                      AR: mudhog              #
2024-12-01 20:02:25,639 INFO _main.py 41:: #                     n_attacker_backdoor: 0                   #
2024-12-01 20:02:25,639 INFO _main.py 41:: #                        backdoor_trigger: [0, 0, 1, 1]        #
2024-12-01 20:02:25,639 INFO _main.py 41:: #                   n_attacker_omniscient: 0                   #
2024-12-01 20:02:25,640 INFO _main.py 41:: #                        omniscient_scale: 1                   #
2024-12-01 20:02:25,640 INFO _main.py 41:: #                                 attacks: None                #
2024-12-01 20:02:25,640 INFO _main.py 41:: #                      save_model_weights: False               #
2024-12-01 20:02:25,640 INFO _main.py 41:: #                         experiment_name: sExp4Ba_40ep_rockburst_mudhog_40C_5#
2024-12-01 20:02:25,641 INFO _main.py 41:: #                          path_to_aggNet: None                #
2024-12-01 20:02:25,641 INFO _main.py 41:: #                                  device: cpu                 #
2024-12-01 20:02:25,641 INFO _main.py 41:: #                            inner_epochs: 4                   #
2024-12-01 20:02:25,641 INFO _main.py 41:: #                                 verbose: True                #
2024-12-01 20:02:25,642 INFO _main.py 41:: #                         list_unreliable: [2, 18, 20]         #
2024-12-01 20:02:25,642 INFO _main.py 41:: #                     unreliable_fraction: 0.5                 #
2024-12-01 20:02:25,642 INFO _main.py 41:: #                    unreliable_fracTrain: 0.3                 #
2024-12-01 20:02:25,643 INFO _main.py 41:: #                         mean_unreliable: 0.0                 #
2024-12-01 20:02:25,643 INFO _main.py 41:: #                             blur_method: add_noise           #
2024-12-01 20:02:25,643 INFO _main.py 41:: #                      max_std_unreliable: 30.0                #
2024-12-01 20:02:25,643 INFO _main.py 41:: #                     list_uatk_add_noise: [24, 25, 26]        #
2024-12-01 20:02:25,644 INFO _main.py 41:: #                          mean_add_noise: 0.0                 #
2024-12-01 20:02:25,644 INFO _main.py 41:: #                           std_add_noise: 0.01                #
2024-12-01 20:02:25,644 INFO _main.py 41:: #                     list_uatk_flip_sign: [0, 10, 11]         #
2024-12-01 20:02:25,644 INFO _main.py 42:: ################################################################
2024-12-01 20:02:25,644 INFO _main.py 43:: Namespace(batch_size=64, test_batch_size=32, epochs=10, optimizer='SGD', lr=0.01, momentum=0.9, weight_decay=0.0001, seed=1, log_interval=11, num_clients=40, output_folder='experiments', dataset='rockburst', loader_type='dirichlet', loader_path='./data/loader.pk', AR='mudhog', n_attacker_backdoor=0, backdoor_trigger=[0, 0, 1, 1], n_attacker_omniscient=0, omniscient_scale=1, attacks=None, save_model_weights=False, experiment_name='sExp4Ba_40ep_rockburst_mudhog_40C_5', path_to_aggNet=None, device='cpu', inner_epochs=4, verbose=True, list_unreliable=[2, 18, 20], unreliable_fraction=0.5, unreliable_fracTrain=0.3, mean_unreliable=0.0, blur_method='add_noise', max_std_unreliable=30.0, list_uatk_add_noise=[24, 25, 26], mean_add_noise=0.0, std_add_noise=0.01, list_uatk_flip_sign=[0, 10, 11])
2024-12-01 20:02:25,645 INFO _main.py 44:: #####################
2024-12-01 20:02:25,645 INFO _main.py 45:: #####################
2024-12-01 20:02:25,645 INFO _main.py 46:: #####################
2024-12-01 20:02:25,645 INFO _main.py 47:: Aggregation Rule:	mudhog
2024-12-01 20:02:25,645 INFO _main.py 48:: Data distribution:	dirichlet
2024-12-01 20:02:25,646 INFO _main.py 49:: Attacks:	None 
2024-12-01 20:02:25,646 INFO _main.py 50:: #####################
2024-12-01 20:02:25,646 INFO _main.py 51:: #####################
2024-12-01 20:02:25,646 INFO _main.py 52:: #####################
2024-12-01 20:02:27,285 INFO server.py 366:: SET DBSCAN eps=1.3, min_samples=10
2024-12-01 20:02:27,288 INFO _main.py 134:: [1-normal, 0-malicious] label =tensor([0., 1., 1., 1., 1., 1., 1., 1., 1., 1., 0., 0., 1., 1., 1., 1., 1., 1.,
        1., 1., 1., 1., 1., 1., 0., 0., 0., 1., 1., 1., 1., 1., 1., 1., 1., 1.,
        1., 1., 1., 1.])
2024-12-01 20:02:27,294 INFO malicious_clients.py 102:: init ATTACK OMNISCIENT Client 0
2024-12-01 20:02:27,299 INFO malicious_clients.py 18:: init UNRELIABLE Client 2
2024-12-01 20:02:27,357 INFO malicious_clients.py 102:: init ATTACK OMNISCIENT Client 10
2024-12-01 20:02:27,363 INFO malicious_clients.py 102:: init ATTACK OMNISCIENT Client 11
2024-12-01 20:02:27,397 INFO malicious_clients.py 18:: init UNRELIABLE Client 18
2024-12-01 20:02:27,409 INFO malicious_clients.py 18:: init UNRELIABLE Client 20
2024-12-01 20:02:27,439 INFO malicious_clients.py 73:: init ATTACK ADD NOISE TO GRAD Client 24
2024-12-01 20:02:27,446 INFO malicious_clients.py 73:: init ATTACK ADD NOISE TO GRAD Client 25
2024-12-01 20:02:27,452 INFO malicious_clients.py 73:: init ATTACK ADD NOISE TO GRAD Client 26
2024-12-01 20:02:27,541 INFO server.py 211:: [Server] Start testing
2024-12-01 20:02:27,564 INFO server.py 235:: [Server] Test set: Average loss: 1.3864, Accuracy: 50/200 (25.0%)

2024-12-01 20:02:27,565 INFO server.py 238:: [Sever] Confusion matrix:
 tensor([[50.,  0.,  0.,  0.],
        [50.,  0.,  0.,  0.],
        [50.,  0.,  0.,  0.],
        [50.,  0.,  0.,  0.]])
2024-12-01 20:02:27,572 INFO server.py 254:: [Server] Precision=[0.25  nan  nan  nan],
 Recall=[1. 0. 0. 0.],
 F1-score=[0.4 nan nan nan],
 my_accuracy=25.0[%]
2024-12-01 20:02:27,573 INFO _main.py 208:: ########EPOCH 0 ########
2024-12-01 20:02:27,574 INFO _main.py 209:: ###Model distribution###
2024-12-01 20:02:28,189 INFO server.py 1063:: clients' sizes=[1, 2, 1, 0, 0, 0, 2, 2, 0, 1, 0, 1, 2, 2, 2, 2, 1, 1, 2, 0, 1, 1, 1, 1, 1, 0, 1, 1, 1, 1, 2, 0, 2, 0, 1, 2, 1, 0, 2, 0], total=41
2024-12-01 20:02:28,211 INFO server.py 327:: [Server] The aggregation takes 0.041945 seconds.

2024-12-01 20:02:28,213 INFO server.py 211:: [Server] Start testing
2024-12-01 20:02:28,232 INFO server.py 235:: [Server] Test set: Average loss: 1.3838, Accuracy: 50/200 (25.0%)

2024-12-01 20:02:28,233 INFO server.py 238:: [Sever] Confusion matrix:
 tensor([[50.,  0.,  0.,  0.],
        [50.,  0.,  0.,  0.],
        [50.,  0.,  0.,  0.],
        [50.,  0.,  0.,  0.]])
2024-12-01 20:02:28,235 INFO server.py 254:: [Server] Precision=[0.25  nan  nan  nan],
 Recall=[1. 0. 0. 0.],
 F1-score=[0.4 nan nan nan],
 my_accuracy=25.0[%]
2024-12-01 20:02:28,235 INFO _main.py 208:: ########EPOCH 1 ########
2024-12-01 20:02:28,236 INFO _main.py 209:: ###Model distribution###
2024-12-01 20:02:28,838 INFO server.py 1063:: clients' sizes=[1, 2, 1, 0, 0, 0, 2, 2, 0, 1, 0, 1, 2, 2, 2, 2, 1, 1, 2, 0, 1, 1, 1, 1, 1, 0, 1, 1, 1, 1, 2, 0, 2, 0, 1, 2, 1, 0, 2, 0], total=41
2024-12-01 20:02:28,859 INFO server.py 327:: [Server] The aggregation takes 0.033568 seconds.

2024-12-01 20:02:28,860 INFO server.py 211:: [Server] Start testing
2024-12-01 20:02:28,882 INFO server.py 235:: [Server] Test set: Average loss: 1.3781, Accuracy: 50/200 (25.0%)

2024-12-01 20:02:28,883 INFO server.py 238:: [Sever] Confusion matrix:
 tensor([[50.,  0.,  0.,  0.],
        [50.,  0.,  0.,  0.],
        [50.,  0.,  0.,  0.],
        [50.,  0.,  0.,  0.]])
2024-12-01 20:02:28,885 INFO server.py 254:: [Server] Precision=[0.25  nan  nan  nan],
 Recall=[1. 0. 0. 0.],
 F1-score=[0.4 nan nan nan],
 my_accuracy=25.0[%]
2024-12-01 20:02:28,885 INFO _main.py 208:: ########EPOCH 2 ########
2024-12-01 20:02:28,886 INFO _main.py 209:: ###Model distribution###
2024-12-01 20:02:29,513 INFO server.py 1063:: clients' sizes=[1, 2, 1, 0, 0, 0, 2, 2, 0, 1, 0, 1, 2, 2, 2, 2, 1, 1, 2, 0, 1, 1, 1, 1, 1, 0, 1, 1, 1, 1, 2, 0, 2, 0, 1, 2, 1, 0, 2, 0], total=41
2024-12-01 20:02:29,535 INFO server.py 327:: [Server] The aggregation takes 0.035008 seconds.

2024-12-01 20:02:29,536 INFO server.py 211:: [Server] Start testing
2024-12-01 20:02:29,556 INFO server.py 235:: [Server] Test set: Average loss: 1.3712, Accuracy: 50/200 (25.0%)

2024-12-01 20:02:29,557 INFO server.py 238:: [Sever] Confusion matrix:
 tensor([[50.,  0.,  0.,  0.],
        [50.,  0.,  0.,  0.],
        [50.,  0.,  0.,  0.],
        [50.,  0.,  0.,  0.]])
2024-12-01 20:02:29,559 INFO server.py 254:: [Server] Precision=[0.25  nan  nan  nan],
 Recall=[1. 0. 0. 0.],
 F1-score=[0.4 nan nan nan],
 my_accuracy=25.0[%]
2024-12-01 20:02:29,559 INFO _main.py 208:: ########EPOCH 3 ########
2024-12-01 20:02:29,560 INFO _main.py 209:: ###Model distribution###
2024-12-01 20:02:30,294 INFO server.py 568:: flip_sign_id=set()
2024-12-01 20:02:30,294 INFO server.py 583:: ===========using shortHoGs for detecting UNTARGETED ATTACK====
2024-12-01 20:02:30,572 INFO server.py 609:: labels cluster_sh= [0 0 0 0 0 0 0 0 0 0 0 0 0 0 0 0 0 0 0 0 0 0 0 0 0 0 0 0 0 0 0 0 0 0 0 0 0
 0 0 0]
2024-12-01 20:02:30,590 DEBUG server.py 614:: offset_normal_ids=[ 0  1  2  3  4  5  6  7  8  9 10 11 12 13 14 15 16 17 18 19 20 21 22 23
 24 25 26 27 28 29 30 31 32 33 34 35 36 37 38 39], normal_ids=[ 0  1  2  3  4  5  6  7  8  9 10 11 12 13 14 15 16 17 18 19 20 21 22 23
 24 25 26 27 28 29 30 31 32 33 34 35 36 37 38 39]
2024-12-01 20:02:30,596 INFO server.py 619:: SUSPECTED UNTARGETED []
2024-12-01 20:02:30,597 DEBUG server.py 623:: suspicious_ids=[]
2024-12-01 20:02:30,597 DEBUG server.py 632:: d_normal_sus={}, d_separate=0
2024-12-01 20:02:30,597 INFO server.py 639:: This round UNTARGETED=set(), sus_tAtk_uRel_id0=set()
2024-12-01 20:02:30,597 INFO server.py 657:: =======Using LONG HOGs for detecting TARGETED ATTACK========
2024-12-01 20:02:30,631 INFO server.py 143:: This round TARGETED ATTACK: [ 0  1 32  6 38 11 12 15 23 28 29 30]
2024-12-01 20:02:30,633 DEBUG server.py 502:: mal_ids=set(), pre_mal_id=defaultdict(<class 'int'>, {0: 1, 1: 1, 2: 0, 3: 0, 4: 0, 5: 0, 6: 1, 7: 0, 8: 0, 9: 0, 10: 0, 11: 1, 12: 1, 13: 0, 14: 0, 15: 1, 16: 0, 17: 0, 18: 0, 19: 0, 20: 0, 21: 0, 22: 0, 23: 1, 24: 0, 25: 0, 26: 0, 27: 0, 28: 1, 29: 1, 30: 1, 31: 0, 32: 1, 33: 0, 34: 0, 35: 0, 36: 0, 37: 0, 38: 1, 39: 0})
2024-12-01 20:02:30,634 INFO server.py 504:: FLIP-SIGN ATTACK=set()
2024-12-01 20:02:30,634 INFO server.py 505:: UNTARGETED ATTACK=set()
2024-12-01 20:02:30,634 INFO server.py 506:: TARGETED ATTACK=set()
2024-12-01 20:02:30,635 INFO server.py 662:: OVERTIME MALICIOUS client ids =set()
2024-12-01 20:02:30,648 INFO server.py 708:: This round UNRELIABLE=set(), normal_id={0, 1, 2, 3, 4, 5, 6, 7, 8, 9, 10, 11, 12, 13, 14, 15, 16, 17, 18, 19, 20, 21, 22, 23, 24, 25, 26, 27, 28, 29, 30, 31, 32, 33, 34, 35, 36, 37, 38, 39}
2024-12-01 20:02:30,651 DEBUG server.py 710:: anlge_sHoGs={0: nan, 1: nan, 2: nan, 3: nan, 4: nan, 5: nan, 6: nan, 7: nan, 8: nan, 9: nan, 10: nan, 11: nan, 12: nan, 13: nan, 14: nan, 15: nan, 16: nan, 17: nan, 18: nan, 19: nan, 20: nan, 21: nan, 22: nan, 23: nan, 24: nan, 25: nan, 26: nan, 27: nan, 28: nan, 29: nan, 30: nan, 31: nan, 32: nan, 33: nan, 34: nan, 35: nan, 36: nan, 37: nan, 38: nan, 39: nan}, angle_sep_nsH=0
2024-12-01 20:02:30,653 INFO server.py 722:: UNRELIABLE clients =set()
2024-12-01 20:02:30,656 INFO server.py 1063:: clients' sizes=[1, 0, 0, 0, 2, 0, 1, 0, 2, 2, 1, 1, 2, 0, 1, 1, 1, 1, 0, 1, 1, 0, 0, 1, 2, 1, 0, 0], total=22
2024-12-01 20:02:30,679 INFO server.py 327:: [Server] The aggregation takes 0.497972 seconds.

2024-12-01 20:02:30,681 INFO server.py 211:: [Server] Start testing
2024-12-01 20:02:30,725 INFO server.py 235:: [Server] Test set: Average loss: 1.3671, Accuracy: 53/200 (26.5%)

2024-12-01 20:02:30,730 INFO server.py 238:: [Sever] Confusion matrix:
 tensor([[50.,  0.,  0.,  0.],
        [50.,  0.,  0.,  0.],
        [50.,  0.,  0.,  0.],
        [47.,  0.,  0.,  3.]])
2024-12-01 20:02:30,734 INFO server.py 254:: [Server] Precision=[0.2538071       nan       nan 1.       ],
 Recall=[1.   0.   0.   0.06],
 F1-score=[0.4048583         nan        nan 0.11320755],
 my_accuracy=26.499998569488525[%]
2024-12-01 20:02:30,735 INFO _main.py 208:: ########EPOCH 4 ########
2024-12-01 20:02:30,736 INFO _main.py 209:: ###Model distribution###
2024-12-01 20:02:31,512 INFO server.py 568:: flip_sign_id=set()
2024-12-01 20:02:31,513 INFO server.py 583:: ===========using shortHoGs for detecting UNTARGETED ATTACK====
2024-12-01 20:02:32,069 INFO server.py 609:: labels cluster_sh= [0 0 0 0 0 0 0 0 0 0 0 0 0 0 0 0 0 0 0 0 0 0 0 0 0 0 0 0 0 0 0 0 0 0 0 0 0
 0 0 0]
2024-12-01 20:02:32,085 DEBUG server.py 614:: offset_normal_ids=[ 0  1  2  3  4  5  6  7  8  9 10 11 12 13 14 15 16 17 18 19 20 21 22 23
 24 25 26 27 28 29 30 31 32 33 34 35 36 37 38 39], normal_ids=[ 0  1  2  3  4  5  6  7  8  9 10 11 12 13 14 15 16 17 18 19 20 21 22 23
 24 25 26 27 28 29 30 31 32 33 34 35 36 37 38 39]
2024-12-01 20:02:32,085 INFO server.py 619:: SUSPECTED UNTARGETED []
2024-12-01 20:02:32,086 DEBUG server.py 623:: suspicious_ids=[]
2024-12-01 20:02:32,086 DEBUG server.py 632:: d_normal_sus={}, d_separate=0
2024-12-01 20:02:32,086 INFO server.py 639:: This round UNTARGETED=set(), sus_tAtk_uRel_id0=set()
2024-12-01 20:02:32,086 INFO server.py 657:: =======Using LONG HOGs for detecting TARGETED ATTACK========
2024-12-01 20:02:32,124 INFO server.py 143:: This round TARGETED ATTACK: [ 0  1 32  6 38 11 12 13 15 16 23 28 29 30]
2024-12-01 20:02:32,127 DEBUG server.py 502:: mal_ids=set(), pre_mal_id=defaultdict(<class 'int'>, {0: 2, 1: 2, 2: 0, 3: 0, 4: 0, 5: 0, 6: 2, 7: 0, 8: 0, 9: 0, 10: 0, 11: 2, 12: 2, 13: 1, 14: 0, 15: 2, 16: 1, 17: 0, 18: 0, 19: 0, 20: 0, 21: 0, 22: 0, 23: 2, 24: 0, 25: 0, 26: 0, 27: 0, 28: 2, 29: 2, 30: 2, 31: 0, 32: 2, 33: 0, 34: 0, 35: 0, 36: 0, 37: 0, 38: 2, 39: 0})
2024-12-01 20:02:32,130 INFO server.py 504:: FLIP-SIGN ATTACK=set()
2024-12-01 20:02:32,130 INFO server.py 505:: UNTARGETED ATTACK=set()
2024-12-01 20:02:32,130 INFO server.py 506:: TARGETED ATTACK=set()
2024-12-01 20:02:32,130 INFO server.py 662:: OVERTIME MALICIOUS client ids =set()
2024-12-01 20:02:32,151 INFO server.py 708:: This round UNRELIABLE=set(), normal_id={0, 1, 2, 3, 4, 5, 6, 7, 8, 9, 10, 11, 12, 13, 14, 15, 16, 17, 18, 19, 20, 21, 22, 23, 24, 25, 26, 27, 28, 29, 30, 31, 32, 33, 34, 35, 36, 37, 38, 39}
2024-12-01 20:02:32,154 DEBUG server.py 710:: anlge_sHoGs={0: nan, 1: nan, 2: nan, 3: nan, 4: nan, 5: nan, 6: nan, 7: nan, 8: nan, 9: nan, 10: nan, 11: nan, 12: nan, 13: nan, 14: nan, 15: nan, 16: nan, 17: nan, 18: nan, 19: nan, 20: nan, 21: nan, 22: nan, 23: nan, 24: nan, 25: nan, 26: nan, 27: nan, 28: nan, 29: nan, 30: nan, 31: nan, 32: nan, 33: nan, 34: nan, 35: nan, 36: nan, 37: nan, 38: nan, 39: nan}, angle_sep_nsH=0
2024-12-01 20:02:32,154 INFO server.py 722:: UNRELIABLE clients =set()
2024-12-01 20:02:32,156 INFO server.py 1063:: clients' sizes=[1, 0, 0, 0, 2, 0, 1, 0, 2, 1, 2, 0, 1, 1, 1, 1, 0, 1, 1, 0, 0, 1, 2, 1, 0, 0], total=19
2024-12-01 20:02:32,170 INFO server.py 327:: [Server] The aggregation takes 0.769195 seconds.

2024-12-01 20:02:32,177 INFO server.py 211:: [Server] Start testing
2024-12-01 20:02:32,208 INFO server.py 235:: [Server] Test set: Average loss: 1.3639, Accuracy: 54/200 (27.0%)

2024-12-01 20:02:32,209 INFO server.py 238:: [Sever] Confusion matrix:
 tensor([[50.,  0.,  0.,  0.],
        [50.,  0.,  0.,  0.],
        [50.,  0.,  0.,  0.],
        [46.,  0.,  0.,  4.]])
2024-12-01 20:02:32,212 INFO server.py 254:: [Server] Precision=[0.25510204        nan        nan 1.        ],
 Recall=[1.   0.   0.   0.08],
 F1-score=[0.40650406        nan        nan 0.14814813],
 my_accuracy=27.000001072883606[%]
2024-12-01 20:02:32,212 INFO _main.py 208:: ########EPOCH 5 ########
2024-12-01 20:02:32,220 INFO _main.py 209:: ###Model distribution###
2024-12-01 20:02:32,953 INFO server.py 568:: flip_sign_id=set()
2024-12-01 20:02:32,953 INFO server.py 583:: ===========using shortHoGs for detecting UNTARGETED ATTACK====
2024-12-01 20:02:32,997 INFO server.py 609:: labels cluster_sh= [0 0 0 0 0 0 0 0 0 0 0 0 0 0 0 0 0 0 0 0 0 0 0 0 0 0 0 0 0 0 0 0 0 0 0 0 0
 0 0 0]
2024-12-01 20:02:33,006 DEBUG server.py 614:: offset_normal_ids=[ 0  1  2  3  4  5  6  7  8  9 10 11 12 13 14 15 16 17 18 19 20 21 22 23
 24 25 26 27 28 29 30 31 32 33 34 35 36 37 38 39], normal_ids=[ 0  1  2  3  4  5  6  7  8  9 10 11 12 13 14 15 16 17 18 19 20 21 22 23
 24 25 26 27 28 29 30 31 32 33 34 35 36 37 38 39]
2024-12-01 20:02:33,006 INFO server.py 619:: SUSPECTED UNTARGETED []
2024-12-01 20:02:33,007 DEBUG server.py 623:: suspicious_ids=[]
2024-12-01 20:02:33,007 DEBUG server.py 632:: d_normal_sus={}, d_separate=0
2024-12-01 20:02:33,007 INFO server.py 639:: This round UNTARGETED=set(), sus_tAtk_uRel_id0=set()
2024-12-01 20:02:33,007 INFO server.py 657:: =======Using LONG HOGs for detecting TARGETED ATTACK========
2024-12-01 20:02:33,024 INFO server.py 143:: This round TARGETED ATTACK: [ 0  1 32  6 38 11 12 13 15 16 23 28 29 30]
2024-12-01 20:02:33,024 DEBUG server.py 502:: mal_ids=set(), pre_mal_id=defaultdict(<class 'int'>, {0: 3, 1: 3, 2: 0, 3: 0, 4: 0, 5: 0, 6: 3, 7: 0, 8: 0, 9: 0, 10: 0, 11: 3, 12: 3, 13: 2, 14: 0, 15: 3, 16: 2, 17: 0, 18: 0, 19: 0, 20: 0, 21: 0, 22: 0, 23: 3, 24: 0, 25: 0, 26: 0, 27: 0, 28: 3, 29: 3, 30: 3, 31: 0, 32: 3, 33: 0, 34: 0, 35: 0, 36: 0, 37: 0, 38: 3, 39: 0})
2024-12-01 20:02:33,025 INFO server.py 504:: FLIP-SIGN ATTACK=set()
2024-12-01 20:02:33,025 INFO server.py 505:: UNTARGETED ATTACK=set()
2024-12-01 20:02:33,025 INFO server.py 506:: TARGETED ATTACK=set()
2024-12-01 20:02:33,025 INFO server.py 662:: OVERTIME MALICIOUS client ids =set()
2024-12-01 20:02:33,033 INFO server.py 708:: This round UNRELIABLE=set(), normal_id={0, 1, 2, 3, 4, 5, 6, 7, 8, 9, 10, 11, 12, 13, 14, 15, 16, 17, 18, 19, 20, 21, 22, 23, 24, 25, 26, 27, 28, 29, 30, 31, 32, 33, 34, 35, 36, 37, 38, 39}
2024-12-01 20:02:33,033 DEBUG server.py 710:: anlge_sHoGs={0: nan, 1: nan, 2: nan, 3: nan, 4: nan, 5: nan, 6: nan, 7: nan, 8: nan, 9: nan, 10: nan, 11: nan, 12: nan, 13: nan, 14: nan, 15: nan, 16: nan, 17: nan, 18: nan, 19: nan, 20: nan, 21: nan, 22: nan, 23: nan, 24: nan, 25: nan, 26: nan, 27: nan, 28: nan, 29: nan, 30: nan, 31: nan, 32: nan, 33: nan, 34: nan, 35: nan, 36: nan, 37: nan, 38: nan, 39: nan}, angle_sep_nsH=0
2024-12-01 20:02:33,033 INFO server.py 722:: UNRELIABLE clients =set()
2024-12-01 20:02:33,036 INFO server.py 1063:: clients' sizes=[1, 0, 0, 0, 2, 0, 1, 0, 2, 1, 2, 0, 1, 1, 1, 1, 0, 1, 1, 0, 0, 1, 2, 1, 0, 0], total=19
2024-12-01 20:02:33,047 INFO server.py 327:: [Server] The aggregation takes 0.174448 seconds.

2024-12-01 20:02:33,048 INFO server.py 211:: [Server] Start testing
2024-12-01 20:02:33,069 INFO server.py 235:: [Server] Test set: Average loss: 1.3605, Accuracy: 54/200 (27.0%)

2024-12-01 20:02:33,070 INFO server.py 238:: [Sever] Confusion matrix:
 tensor([[50.,  0.,  0.,  0.],
        [50.,  0.,  0.,  0.],
        [50.,  0.,  0.,  0.],
        [46.,  0.,  0.,  4.]])
2024-12-01 20:02:33,072 INFO server.py 254:: [Server] Precision=[0.25510204        nan        nan 1.        ],
 Recall=[1.   0.   0.   0.08],
 F1-score=[0.40650406        nan        nan 0.14814813],
 my_accuracy=27.000001072883606[%]
2024-12-01 20:02:33,072 INFO _main.py 208:: ########EPOCH 6 ########
2024-12-01 20:02:33,073 INFO _main.py 209:: ###Model distribution###
2024-12-01 20:02:33,604 INFO server.py 568:: flip_sign_id=set()
2024-12-01 20:02:33,604 INFO server.py 583:: ===========using shortHoGs for detecting UNTARGETED ATTACK====
2024-12-01 20:02:33,646 INFO server.py 609:: labels cluster_sh= [0 0 0 0 0 0 0 0 0 0 0 0 0 0 0 0 0 0 0 0 0 0 0 0 0 0 0 0 0 0 0 0 0 0 0 0 0
 0 0 0]
2024-12-01 20:02:33,654 DEBUG server.py 614:: offset_normal_ids=[ 0  1  2  3  4  5  6  7  8  9 10 11 12 13 14 15 16 17 18 19 20 21 22 23
 24 25 26 27 28 29 30 31 32 33 34 35 36 37 38 39], normal_ids=[ 0  1  2  3  4  5  6  7  8  9 10 11 12 13 14 15 16 17 18 19 20 21 22 23
 24 25 26 27 28 29 30 31 32 33 34 35 36 37 38 39]
2024-12-01 20:02:33,655 INFO server.py 619:: SUSPECTED UNTARGETED []
2024-12-01 20:02:33,655 DEBUG server.py 623:: suspicious_ids=[]
2024-12-01 20:02:33,656 DEBUG server.py 632:: d_normal_sus={}, d_separate=0
2024-12-01 20:02:33,656 INFO server.py 639:: This round UNTARGETED=set(), sus_tAtk_uRel_id0=set()
2024-12-01 20:02:33,656 INFO server.py 657:: =======Using LONG HOGs for detecting TARGETED ATTACK========
2024-12-01 20:02:33,672 INFO server.py 143:: This round TARGETED ATTACK: [ 0  1 32  6 38 11 12 13 15 16 23 28 29 30]
2024-12-01 20:02:33,673 DEBUG server.py 502:: mal_ids={0, 1, 32, 6, 38, 11, 12, 15, 23, 28, 29, 30}, pre_mal_id=defaultdict(<class 'int'>, {0: 4, 1: 4, 2: 0, 3: 0, 4: 0, 5: 0, 6: 4, 7: 0, 8: 0, 9: 0, 10: 0, 11: 4, 12: 4, 13: 3, 14: 0, 15: 4, 16: 3, 17: 0, 18: 0, 19: 0, 20: 0, 21: 0, 22: 0, 23: 4, 24: 0, 25: 0, 26: 0, 27: 0, 28: 4, 29: 4, 30: 4, 31: 0, 32: 4, 33: 0, 34: 0, 35: 0, 36: 0, 37: 0, 38: 4, 39: 0})
2024-12-01 20:02:33,673 INFO server.py 504:: FLIP-SIGN ATTACK=set()
2024-12-01 20:02:33,673 INFO server.py 505:: UNTARGETED ATTACK=set()
2024-12-01 20:02:33,673 INFO server.py 506:: TARGETED ATTACK={0, 1, 32, 6, 38, 11, 12, 15, 23, 28, 29, 30}
2024-12-01 20:02:33,674 INFO server.py 662:: OVERTIME MALICIOUS client ids ={0, 1, 32, 6, 38, 11, 12, 15, 23, 28, 29, 30}
2024-12-01 20:02:33,679 INFO server.py 708:: This round UNRELIABLE=set(), normal_id={2, 3, 4, 5, 7, 8, 9, 10, 13, 14, 16, 17, 18, 19, 20, 21, 22, 24, 25, 26, 27, 31, 33, 34, 35, 36, 37, 39}
2024-12-01 20:02:33,680 DEBUG server.py 710:: anlge_sHoGs={2: nan, 3: nan, 4: nan, 5: nan, 7: nan, 8: nan, 9: nan, 10: nan, 13: nan, 14: nan, 16: nan, 17: nan, 18: nan, 19: nan, 20: nan, 21: nan, 22: nan, 24: nan, 25: nan, 26: nan, 27: nan, 31: nan, 33: nan, 34: nan, 35: nan, 36: nan, 37: nan, 39: nan}, angle_sep_nsH=0
2024-12-01 20:02:33,680 INFO server.py 722:: UNRELIABLE clients =set()
2024-12-01 20:02:33,682 INFO server.py 1063:: clients' sizes=[1, 0, 0, 0, 2, 0, 1, 0, 2, 1, 2, 0, 1, 1, 1, 1, 0, 1, 1, 0, 0, 1, 2, 1, 0, 0], total=19
2024-12-01 20:02:33,693 INFO server.py 327:: [Server] The aggregation takes 0.150742 seconds.

2024-12-01 20:02:33,694 INFO server.py 211:: [Server] Start testing
2024-12-01 20:02:33,714 INFO server.py 235:: [Server] Test set: Average loss: 1.3570, Accuracy: 54/200 (27.0%)

2024-12-01 20:02:33,715 INFO server.py 238:: [Sever] Confusion matrix:
 tensor([[50.,  0.,  0.,  0.],
        [50.,  0.,  0.,  0.],
        [50.,  0.,  0.,  0.],
        [46.,  0.,  0.,  4.]])
2024-12-01 20:02:33,720 INFO server.py 254:: [Server] Precision=[0.25510204        nan        nan 1.        ],
 Recall=[1.   0.   0.   0.08],
 F1-score=[0.40650406        nan        nan 0.14814813],
 my_accuracy=27.000001072883606[%]
2024-12-01 20:02:33,720 INFO _main.py 208:: ########EPOCH 7 ########
2024-12-01 20:02:33,726 INFO _main.py 209:: ###Model distribution###
2024-12-01 20:02:34,251 INFO server.py 568:: flip_sign_id=set()
2024-12-01 20:02:34,252 INFO server.py 583:: ===========using shortHoGs for detecting UNTARGETED ATTACK====
2024-12-01 20:02:34,297 INFO server.py 609:: labels cluster_sh= [0 0 0 0 0 0 0 0 0 0 0 0 0 0 0 0 0 0 0 0 0 0 0 0 0 0 0 0 0 0 0 0 0 0 0 0 0
 0 0 0]
2024-12-01 20:02:34,306 DEBUG server.py 614:: offset_normal_ids=[ 0  1  2  3  4  5  6  7  8  9 10 11 12 13 14 15 16 17 18 19 20 21 22 23
 24 25 26 27 28 29 30 31 32 33 34 35 36 37 38 39], normal_ids=[ 0  1  2  3  4  5  6  7  8  9 10 11 12 13 14 15 16 17 18 19 20 21 22 23
 24 25 26 27 28 29 30 31 32 33 34 35 36 37 38 39]
2024-12-01 20:02:34,306 INFO server.py 619:: SUSPECTED UNTARGETED []
2024-12-01 20:02:34,307 DEBUG server.py 623:: suspicious_ids=[]
2024-12-01 20:02:34,307 DEBUG server.py 632:: d_normal_sus={}, d_separate=0
2024-12-01 20:02:34,307 INFO server.py 639:: This round UNTARGETED=set(), sus_tAtk_uRel_id0=set()
2024-12-01 20:02:34,307 INFO server.py 657:: =======Using LONG HOGs for detecting TARGETED ATTACK========
2024-12-01 20:02:34,335 INFO server.py 143:: This round TARGETED ATTACK: [ 0  1 32  6 38 11 12 13 15 16 23 28 29 30]
2024-12-01 20:02:34,343 DEBUG server.py 502:: mal_ids={0, 1, 32, 6, 38, 11, 12, 13, 15, 16, 23, 28, 29, 30}, pre_mal_id=defaultdict(<class 'int'>, {0: 5, 1: 5, 2: 0, 3: 0, 4: 0, 5: 0, 6: 5, 7: 0, 8: 0, 9: 0, 10: 0, 11: 5, 12: 5, 13: 4, 14: 0, 15: 5, 16: 4, 17: 0, 18: 0, 19: 0, 20: 0, 21: 0, 22: 0, 23: 5, 24: 0, 25: 0, 26: 0, 27: 0, 28: 5, 29: 5, 30: 5, 31: 0, 32: 5, 33: 0, 34: 0, 35: 0, 36: 0, 37: 0, 38: 5, 39: 0})
2024-12-01 20:02:34,343 INFO server.py 504:: FLIP-SIGN ATTACK=set()
2024-12-01 20:02:34,343 INFO server.py 505:: UNTARGETED ATTACK=set()
2024-12-01 20:02:34,349 INFO server.py 506:: TARGETED ATTACK={0, 1, 32, 6, 38, 11, 12, 13, 15, 16, 23, 28, 29, 30}
2024-12-01 20:02:34,349 INFO server.py 662:: OVERTIME MALICIOUS client ids ={0, 1, 32, 6, 38, 11, 12, 13, 15, 16, 23, 28, 29, 30}
2024-12-01 20:02:34,362 INFO server.py 708:: This round UNRELIABLE=set(), normal_id={2, 3, 4, 5, 7, 8, 9, 10, 14, 17, 18, 19, 20, 21, 22, 24, 25, 26, 27, 31, 33, 34, 35, 36, 37, 39}
2024-12-01 20:02:34,362 DEBUG server.py 710:: anlge_sHoGs={2: nan, 3: nan, 4: nan, 5: nan, 7: nan, 8: nan, 9: nan, 10: nan, 14: nan, 17: nan, 18: nan, 19: nan, 20: nan, 21: nan, 22: nan, 24: nan, 25: nan, 26: nan, 27: nan, 31: nan, 33: nan, 34: nan, 35: nan, 36: nan, 37: nan, 39: nan}, angle_sep_nsH=0
2024-12-01 20:02:34,362 INFO server.py 722:: UNRELIABLE clients =set()
2024-12-01 20:02:34,364 INFO server.py 1063:: clients' sizes=[1, 0, 0, 0, 2, 0, 1, 0, 2, 1, 2, 0, 1, 1, 1, 1, 0, 1, 1, 0, 0, 1, 2, 1, 0, 0], total=19
2024-12-01 20:02:34,381 INFO server.py 327:: [Server] The aggregation takes 0.196229 seconds.

2024-12-01 20:02:34,383 INFO server.py 211:: [Server] Start testing
2024-12-01 20:02:34,412 INFO server.py 235:: [Server] Test set: Average loss: 1.3528, Accuracy: 57/200 (28.5%)

2024-12-01 20:02:34,414 INFO server.py 238:: [Sever] Confusion matrix:
 tensor([[50.,  0.,  0.,  0.],
        [50.,  0.,  0.,  0.],
        [50.,  0.,  0.,  0.],
        [43.,  0.,  0.,  7.]])
2024-12-01 20:02:34,416 INFO server.py 254:: [Server] Precision=[0.25906736        nan        nan 1.        ],
 Recall=[1.   0.   0.   0.14],
 F1-score=[0.41152266        nan        nan 0.24561404],
 my_accuracy=28.49999964237213[%]
2024-12-01 20:02:34,416 INFO _main.py 208:: ########EPOCH 8 ########
2024-12-01 20:02:34,417 INFO _main.py 209:: ###Model distribution###
2024-12-01 20:02:34,895 INFO server.py 568:: flip_sign_id=set()
2024-12-01 20:02:34,895 INFO server.py 583:: ===========using shortHoGs for detecting UNTARGETED ATTACK====
2024-12-01 20:02:34,937 INFO server.py 609:: labels cluster_sh= [0 0 0 0 0 0 0 0 0 0 0 0 0 0 0 0 0 0 0 0 0 0 0 0 0 0 0 0 0 0 0 0 0 0 0 0 0
 0 0 0]
2024-12-01 20:02:34,945 DEBUG server.py 614:: offset_normal_ids=[ 0  1  2  3  4  5  6  7  8  9 10 11 12 13 14 15 16 17 18 19 20 21 22 23
 24 25 26 27 28 29 30 31 32 33 34 35 36 37 38 39], normal_ids=[ 0  1  2  3  4  5  6  7  8  9 10 11 12 13 14 15 16 17 18 19 20 21 22 23
 24 25 26 27 28 29 30 31 32 33 34 35 36 37 38 39]
2024-12-01 20:02:34,946 INFO server.py 619:: SUSPECTED UNTARGETED []
2024-12-01 20:02:34,946 DEBUG server.py 623:: suspicious_ids=[]
2024-12-01 20:02:34,947 DEBUG server.py 632:: d_normal_sus={}, d_separate=0
2024-12-01 20:02:34,947 INFO server.py 639:: This round UNTARGETED=set(), sus_tAtk_uRel_id0=set()
2024-12-01 20:02:34,947 INFO server.py 657:: =======Using LONG HOGs for detecting TARGETED ATTACK========
2024-12-01 20:02:34,963 INFO server.py 143:: This round TARGETED ATTACK: [ 0  1 32  6 38 11 12 13 15 16 23 28 29 30]
2024-12-01 20:02:34,963 DEBUG server.py 502:: mal_ids={0, 1, 32, 6, 38, 11, 12, 13, 15, 16, 23, 28, 29, 30}, pre_mal_id=defaultdict(<class 'int'>, {0: 6, 1: 6, 2: 0, 3: 0, 4: 0, 5: 0, 6: 6, 7: 0, 8: 0, 9: 0, 10: 0, 11: 6, 12: 6, 13: 5, 14: 0, 15: 6, 16: 5, 17: 0, 18: 0, 19: 0, 20: 0, 21: 0, 22: 0, 23: 6, 24: 0, 25: 0, 26: 0, 27: 0, 28: 6, 29: 6, 30: 6, 31: 0, 32: 6, 33: 0, 34: 0, 35: 0, 36: 0, 37: 0, 38: 6, 39: 0})
2024-12-01 20:02:34,964 INFO server.py 504:: FLIP-SIGN ATTACK=set()
2024-12-01 20:02:34,964 INFO server.py 505:: UNTARGETED ATTACK=set()
2024-12-01 20:02:34,964 INFO server.py 506:: TARGETED ATTACK={0, 1, 32, 6, 38, 11, 12, 13, 15, 16, 23, 28, 29, 30}
2024-12-01 20:02:34,964 INFO server.py 662:: OVERTIME MALICIOUS client ids ={0, 1, 32, 6, 38, 11, 12, 13, 15, 16, 23, 28, 29, 30}
2024-12-01 20:02:34,970 INFO server.py 708:: This round UNRELIABLE=set(), normal_id={2, 3, 4, 5, 7, 8, 9, 10, 14, 17, 18, 19, 20, 21, 22, 24, 25, 26, 27, 31, 33, 34, 35, 36, 37, 39}
2024-12-01 20:02:34,970 DEBUG server.py 710:: anlge_sHoGs={2: nan, 3: nan, 4: nan, 5: nan, 7: nan, 8: nan, 9: nan, 10: nan, 14: nan, 17: nan, 18: nan, 19: nan, 20: nan, 21: nan, 22: nan, 24: nan, 25: nan, 26: nan, 27: nan, 31: nan, 33: nan, 34: nan, 35: nan, 36: nan, 37: nan, 39: nan}, angle_sep_nsH=0
2024-12-01 20:02:34,970 INFO server.py 722:: UNRELIABLE clients =set()
2024-12-01 20:02:34,972 INFO server.py 1063:: clients' sizes=[1, 0, 0, 0, 2, 0, 1, 0, 2, 1, 2, 0, 1, 1, 1, 1, 0, 1, 1, 0, 0, 1, 2, 1, 0, 0], total=19
2024-12-01 20:02:34,997 INFO server.py 327:: [Server] The aggregation takes 0.162688 seconds.

2024-12-01 20:02:34,998 INFO server.py 211:: [Server] Start testing
2024-12-01 20:02:35,037 INFO server.py 235:: [Server] Test set: Average loss: 1.3484, Accuracy: 60/200 (30.0%)

2024-12-01 20:02:35,038 INFO server.py 238:: [Sever] Confusion matrix:
 tensor([[50.,  0.,  0.,  0.],
        [50.,  0.,  0.,  0.],
        [50.,  0.,  0.,  0.],
        [40.,  0.,  0., 10.]])
2024-12-01 20:02:35,045 INFO server.py 254:: [Server] Precision=[0.2631579       nan       nan 1.       ],
 Recall=[1.  0.  0.  0.2],
 F1-score=[0.4166667       nan       nan 0.3333333],
 my_accuracy=30.000001192092896[%]
2024-12-01 20:02:35,046 INFO _main.py 208:: ########EPOCH 9 ########
2024-12-01 20:02:35,046 INFO _main.py 209:: ###Model distribution###
2024-12-01 20:02:35,610 INFO server.py 568:: flip_sign_id=set()
2024-12-01 20:02:35,611 INFO server.py 583:: ===========using shortHoGs for detecting UNTARGETED ATTACK====
2024-12-01 20:02:35,652 INFO server.py 609:: labels cluster_sh= [0 0 0 0 0 0 0 0 0 0 0 0 0 0 0 0 0 0 0 0 0 0 0 0 0 0 0 0 0 0 0 0 0 0 0 0 0
 0 0 0]
2024-12-01 20:02:35,660 DEBUG server.py 614:: offset_normal_ids=[ 0  1  2  3  4  5  6  7  8  9 10 11 12 13 14 15 16 17 18 19 20 21 22 23
 24 25 26 27 28 29 30 31 32 33 34 35 36 37 38 39], normal_ids=[ 0  1  2  3  4  5  6  7  8  9 10 11 12 13 14 15 16 17 18 19 20 21 22 23
 24 25 26 27 28 29 30 31 32 33 34 35 36 37 38 39]
2024-12-01 20:02:35,660 INFO server.py 619:: SUSPECTED UNTARGETED []
2024-12-01 20:02:35,666 DEBUG server.py 623:: suspicious_ids=[]
2024-12-01 20:02:35,667 DEBUG server.py 632:: d_normal_sus={}, d_separate=0
2024-12-01 20:02:35,668 INFO server.py 639:: This round UNTARGETED=set(), sus_tAtk_uRel_id0=set()
2024-12-01 20:02:35,668 INFO server.py 657:: =======Using LONG HOGs for detecting TARGETED ATTACK========
2024-12-01 20:02:35,689 INFO server.py 143:: This round TARGETED ATTACK: [ 0  1 32  6 38 11 12 13 15 16 23 28 29 30]
2024-12-01 20:02:35,690 DEBUG server.py 502:: mal_ids={0, 1, 32, 6, 38, 11, 12, 13, 15, 16, 23, 28, 29, 30}, pre_mal_id=defaultdict(<class 'int'>, {0: 7, 1: 7, 2: 0, 3: 0, 4: 0, 5: 0, 6: 7, 7: 0, 8: 0, 9: 0, 10: 0, 11: 7, 12: 7, 13: 6, 14: 0, 15: 7, 16: 6, 17: 0, 18: 0, 19: 0, 20: 0, 21: 0, 22: 0, 23: 7, 24: 0, 25: 0, 26: 0, 27: 0, 28: 7, 29: 7, 30: 7, 31: 0, 32: 7, 33: 0, 34: 0, 35: 0, 36: 0, 37: 0, 38: 7, 39: 0})
2024-12-01 20:02:35,691 INFO server.py 504:: FLIP-SIGN ATTACK=set()
2024-12-01 20:02:35,691 INFO server.py 505:: UNTARGETED ATTACK=set()
2024-12-01 20:02:35,691 INFO server.py 506:: TARGETED ATTACK={0, 1, 32, 6, 38, 11, 12, 13, 15, 16, 23, 28, 29, 30}
2024-12-01 20:02:35,692 INFO server.py 662:: OVERTIME MALICIOUS client ids ={0, 1, 32, 6, 38, 11, 12, 13, 15, 16, 23, 28, 29, 30}
2024-12-01 20:02:35,698 INFO server.py 708:: This round UNRELIABLE=set(), normal_id={2, 3, 4, 5, 7, 8, 9, 10, 14, 17, 18, 19, 20, 21, 22, 24, 25, 26, 27, 31, 33, 34, 35, 36, 37, 39}
2024-12-01 20:02:35,698 DEBUG server.py 710:: anlge_sHoGs={2: nan, 3: nan, 4: nan, 5: nan, 7: nan, 8: nan, 9: nan, 10: nan, 14: nan, 17: nan, 18: nan, 19: nan, 20: nan, 21: nan, 22: nan, 24: nan, 25: nan, 26: nan, 27: nan, 31: nan, 33: nan, 34: nan, 35: nan, 36: nan, 37: nan, 39: nan}, angle_sep_nsH=0
2024-12-01 20:02:35,698 INFO server.py 722:: UNRELIABLE clients =set()
2024-12-01 20:02:35,700 INFO server.py 1063:: clients' sizes=[1, 0, 0, 0, 2, 0, 1, 0, 2, 1, 2, 0, 1, 1, 1, 1, 0, 1, 1, 0, 0, 1, 2, 1, 0, 0], total=19
2024-12-01 20:02:35,718 INFO server.py 327:: [Server] The aggregation takes 0.177758 seconds.

2024-12-01 20:02:35,726 INFO server.py 211:: [Server] Start testing
2024-12-01 20:02:35,767 INFO server.py 235:: [Server] Test set: Average loss: 1.3431, Accuracy: 63/200 (31.5%)

2024-12-01 20:02:35,768 INFO server.py 238:: [Sever] Confusion matrix:
 tensor([[50.,  0.,  0.,  0.],
        [50.,  0.,  0.,  0.],
        [50.,  0.,  0.,  0.],
        [37.,  0.,  0., 13.]])
2024-12-01 20:02:35,770 INFO server.py 254:: [Server] Precision=[0.26737967        nan        nan 1.        ],
 Recall=[1.   0.   0.   0.26],
 F1-score=[0.42194092        nan        nan 0.4126984 ],
 my_accuracy=31.49999976158142[%]
