2024-12-02 00:44:53,574 INFO _main.py 39:: ################################################################
2024-12-02 00:44:53,575 INFO _main.py 41:: #                              batch_size: 64                  #
2024-12-02 00:44:53,576 INFO _main.py 41:: #                         test_batch_size: 32                  #
2024-12-02 00:44:53,576 INFO _main.py 41:: #                                  epochs: 35                  #
2024-12-02 00:44:53,576 INFO _main.py 41:: #                               optimizer: SGD                 #
2024-12-02 00:44:53,576 INFO _main.py 41:: #                                      lr: 0.01                #
2024-12-02 00:44:53,576 INFO _main.py 41:: #                                momentum: 0.9                 #
2024-12-02 00:44:53,577 INFO _main.py 41:: #                            weight_decay: 0.0001              #
2024-12-02 00:44:53,577 INFO _main.py 41:: #                                    seed: 1                   #
2024-12-02 00:44:53,577 INFO _main.py 41:: #                            log_interval: 11                  #
2024-12-02 00:44:53,577 INFO _main.py 41:: #                             num_clients: 40                  #
2024-12-02 00:44:53,577 INFO _main.py 41:: #                           output_folder: experiments         #
2024-12-02 00:44:53,579 INFO _main.py 41:: #                                 dataset: rockburst           #
2024-12-02 00:44:53,579 INFO _main.py 41:: #                             loader_type: dirichlet           #
2024-12-02 00:44:53,579 INFO _main.py 41:: #                             loader_path: ./data/loader.pk    #
2024-12-02 00:44:53,579 INFO _main.py 41:: #                                      AR: mudhog              #
2024-12-02 00:44:53,580 INFO _main.py 41:: #                     n_attacker_backdoor: 0                   #
2024-12-02 00:44:53,580 INFO _main.py 41:: #                        backdoor_trigger: [0, 0, 1, 1]        #
2024-12-02 00:44:53,580 INFO _main.py 41:: #                   n_attacker_omniscient: 0                   #
2024-12-02 00:44:53,580 INFO _main.py 41:: #                        omniscient_scale: 1                   #
2024-12-02 00:44:53,580 INFO _main.py 41:: #                                 attacks: None                #
2024-12-02 00:44:53,580 INFO _main.py 41:: #                      save_model_weights: False               #
2024-12-02 00:44:53,581 INFO _main.py 41:: #                         experiment_name: sExp4Ba_40ep_rockburst_mudhog_40C_5#
2024-12-02 00:44:53,581 INFO _main.py 41:: #                          path_to_aggNet: None                #
2024-12-02 00:44:53,581 INFO _main.py 41:: #                                  device: cpu                 #
2024-12-02 00:44:53,581 INFO _main.py 41:: #                            inner_epochs: 30                  #
2024-12-02 00:44:53,581 INFO _main.py 41:: #                                 verbose: True                #
2024-12-02 00:44:53,582 INFO _main.py 41:: #                         list_unreliable: [2, 18, 20]         #
2024-12-02 00:44:53,582 INFO _main.py 41:: #                     unreliable_fraction: 0.5                 #
2024-12-02 00:44:53,582 INFO _main.py 41:: #                    unreliable_fracTrain: 0.3                 #
2024-12-02 00:44:53,582 INFO _main.py 41:: #                         mean_unreliable: 0.0                 #
2024-12-02 00:44:53,582 INFO _main.py 41:: #                             blur_method: add_noise           #
2024-12-02 00:44:53,582 INFO _main.py 41:: #                      max_std_unreliable: 30.0                #
2024-12-02 00:44:53,583 INFO _main.py 41:: #                     list_uatk_add_noise: [24, 25, 26]        #
2024-12-02 00:44:53,583 INFO _main.py 41:: #                          mean_add_noise: 0.0                 #
2024-12-02 00:44:53,583 INFO _main.py 41:: #                           std_add_noise: 0.01                #
2024-12-02 00:44:53,583 INFO _main.py 41:: #                     list_uatk_flip_sign: [0, 10, 11]         #
2024-12-02 00:44:53,583 INFO _main.py 42:: ################################################################
2024-12-02 00:44:53,584 INFO _main.py 43:: Namespace(batch_size=64, test_batch_size=32, epochs=35, optimizer='SGD', lr=0.01, momentum=0.9, weight_decay=0.0001, seed=1, log_interval=11, num_clients=40, output_folder='experiments', dataset='rockburst', loader_type='dirichlet', loader_path='./data/loader.pk', AR='mudhog', n_attacker_backdoor=0, backdoor_trigger=[0, 0, 1, 1], n_attacker_omniscient=0, omniscient_scale=1, attacks=None, save_model_weights=False, experiment_name='sExp4Ba_40ep_rockburst_mudhog_40C_5', path_to_aggNet=None, device='cpu', inner_epochs=30, verbose=True, list_unreliable=[2, 18, 20], unreliable_fraction=0.5, unreliable_fracTrain=0.3, mean_unreliable=0.0, blur_method='add_noise', max_std_unreliable=30.0, list_uatk_add_noise=[24, 25, 26], mean_add_noise=0.0, std_add_noise=0.01, list_uatk_flip_sign=[0, 10, 11])
2024-12-02 00:44:53,584 INFO _main.py 44:: #####################
2024-12-02 00:44:53,584 INFO _main.py 45:: #####################
2024-12-02 00:44:53,584 INFO _main.py 46:: #####################
2024-12-02 00:44:53,584 INFO _main.py 47:: Aggregation Rule:	mudhog
2024-12-02 00:44:53,585 INFO _main.py 48:: Data distribution:	dirichlet
2024-12-02 00:44:53,585 INFO _main.py 49:: Attacks:	None 
2024-12-02 00:44:53,585 INFO _main.py 50:: #####################
2024-12-02 00:44:53,585 INFO _main.py 51:: #####################
2024-12-02 00:44:53,585 INFO _main.py 52:: #####################
2024-12-02 00:44:55,849 INFO server.py 366:: SET DBSCAN eps=1.3, min_samples=10
2024-12-02 00:44:55,854 INFO _main.py 135:: [1-normal, 0-malicious] label =tensor([0., 1., 1., 1., 1., 1., 1., 1., 1., 1., 0., 0., 1., 1., 1., 1., 1., 1.,
        1., 1., 1., 1., 1., 1., 0., 0., 0., 1., 1., 1., 1., 1., 1., 1., 1., 1.,
        1., 1., 1., 1.])
2024-12-02 00:44:55,863 INFO malicious_clients.py 123:: init ATTACK OMNISCIENT Client 0
2024-12-02 00:44:55,872 INFO malicious_clients.py 18:: init UNRELIABLE Client 2
2024-12-02 00:44:55,926 INFO malicious_clients.py 123:: init ATTACK OMNISCIENT Client 10
2024-12-02 00:44:55,932 INFO malicious_clients.py 123:: init ATTACK OMNISCIENT Client 11
2024-12-02 00:44:55,970 INFO malicious_clients.py 18:: init UNRELIABLE Client 18
2024-12-02 00:44:55,982 INFO malicious_clients.py 18:: init UNRELIABLE Client 20
2024-12-02 00:44:56,013 INFO malicious_clients.py 73:: init ATTACK ADD NOISE TO GRAD Client 24
2024-12-02 00:44:56,020 INFO malicious_clients.py 73:: init ATTACK ADD NOISE TO GRAD Client 25
2024-12-02 00:44:56,027 INFO malicious_clients.py 73:: init ATTACK ADD NOISE TO GRAD Client 26
2024-12-02 00:44:56,096 INFO server.py 211:: [Server] Start testing
2024-12-02 00:44:56,114 INFO server.py 235:: [Server] Test set: Average loss: 1.3864, Accuracy: 50/200 (25.0%)

2024-12-02 00:44:56,116 INFO server.py 238:: [Sever] Confusion matrix:
 tensor([[50.,  0.,  0.,  0.],
        [50.,  0.,  0.,  0.],
        [50.,  0.,  0.,  0.],
        [50.,  0.,  0.,  0.]])
2024-12-02 00:44:56,127 INFO server.py 254:: [Server] Precision=[0.25  nan  nan  nan],
 Recall=[1. 0. 0. 0.],
 F1-score=[0.4 nan nan nan],
 my_accuracy=25.0[%]
2024-12-02 00:44:56,130 INFO _main.py 209:: ########EPOCH 0 ########
2024-12-02 00:44:56,130 INFO _main.py 210:: ###Model distribution###
2024-12-02 00:44:58,784 INFO server.py 1064:: clients' sizes=[1, 2, 1, 0, 0, 0, 2, 2, 0, 1, 0, 1, 2, 2, 2, 2, 1, 1, 2, 0, 1, 1, 1, 1, 1, 0, 1, 1, 1, 1, 2, 0, 2, 0, 1, 2, 1, 0, 2, 0], total=41
2024-12-02 00:44:58,797 INFO server.py 327:: [Server] The aggregation takes 0.026596 seconds.

2024-12-02 00:44:58,798 INFO server.py 211:: [Server] Start testing
2024-12-02 00:44:58,812 INFO server.py 235:: [Server] Test set: Average loss: 1.3313, Accuracy: 71/200 (35.5%)

2024-12-02 00:44:58,813 INFO server.py 238:: [Sever] Confusion matrix:
 tensor([[50.,  0.,  0.,  0.],
        [50.,  0.,  0.,  0.],
        [50.,  0.,  0.,  0.],
        [29.,  0.,  0., 21.]])
2024-12-02 00:44:58,814 INFO server.py 254:: [Server] Precision=[0.2793296       nan       nan 1.       ],
 Recall=[1.   0.   0.   0.42],
 F1-score=[0.43668124        nan        nan 0.5915493 ],
 my_accuracy=35.499998927116394[%]
2024-12-02 00:44:58,815 INFO _main.py 209:: ########EPOCH 1 ########
2024-12-02 00:44:58,815 INFO _main.py 210:: ###Model distribution###
2024-12-02 00:45:01,606 INFO server.py 1064:: clients' sizes=[1, 2, 1, 0, 0, 0, 2, 2, 0, 1, 0, 1, 2, 2, 2, 2, 1, 1, 2, 0, 1, 1, 1, 1, 1, 0, 1, 1, 1, 1, 2, 0, 2, 0, 1, 2, 1, 0, 2, 0], total=41
2024-12-02 00:45:01,619 INFO server.py 327:: [Server] The aggregation takes 0.021310 seconds.

2024-12-02 00:45:01,620 INFO server.py 211:: [Server] Start testing
2024-12-02 00:45:01,635 INFO server.py 235:: [Server] Test set: Average loss: 1.1994, Accuracy: 90/200 (45.0%)

2024-12-02 00:45:01,636 INFO server.py 238:: [Sever] Confusion matrix:
 tensor([[50.,  0.,  0.,  0.],
        [46.,  0.,  1.,  3.],
        [34.,  0.,  6., 10.],
        [ 9.,  0.,  7., 34.]])
2024-12-02 00:45:01,638 INFO server.py 254:: [Server] Precision=[0.35971224        nan 0.42857143 0.7234042 ],
 Recall=[1.   0.   0.12 0.68],
 F1-score=[0.52910054        nan 0.1875     0.7010309 ],
 my_accuracy=44.999998807907104[%]
2024-12-02 00:45:01,639 INFO _main.py 209:: ########EPOCH 2 ########
2024-12-02 00:45:01,639 INFO _main.py 210:: ###Model distribution###
2024-12-02 00:45:04,310 INFO server.py 1064:: clients' sizes=[1, 2, 1, 0, 0, 0, 2, 2, 0, 1, 0, 1, 2, 2, 2, 2, 1, 1, 2, 0, 1, 1, 1, 1, 1, 0, 1, 1, 1, 1, 2, 0, 2, 0, 1, 2, 1, 0, 2, 0], total=41
2024-12-02 00:45:04,320 INFO server.py 327:: [Server] The aggregation takes 0.017709 seconds.

2024-12-02 00:45:04,321 INFO server.py 211:: [Server] Start testing
2024-12-02 00:45:04,335 INFO server.py 235:: [Server] Test set: Average loss: 1.0688, Accuracy: 107/200 (53.5%)

2024-12-02 00:45:04,337 INFO server.py 238:: [Sever] Confusion matrix:
 tensor([[47.,  1.,  2.,  0.],
        [33., 11.,  3.,  3.],
        [18., 10., 13.,  9.],
        [ 6.,  1.,  7., 36.]])
2024-12-02 00:45:04,338 INFO server.py 254:: [Server] Precision=[0.45192307 0.47826087 0.52       0.75      ],
 Recall=[0.94 0.22 0.26 0.72],
 F1-score=[0.61038965 0.30136985 0.34666666 0.7346939 ],
 my_accuracy=53.50000262260437[%]
2024-12-02 00:45:04,339 INFO _main.py 209:: ########EPOCH 3 ########
2024-12-02 00:45:04,339 INFO _main.py 210:: ###Model distribution###
2024-12-02 00:45:07,468 INFO server.py 568:: flip_sign_id={0, 2, 11, 18, 20}
2024-12-02 00:45:07,469 INFO server.py 583:: ===========using shortHoGs for detecting UNTARGETED ATTACK====
2024-12-02 00:45:07,603 INFO server.py 609:: labels cluster_sh= [0 0 0 0 0 0 0 0 0 0 0 0 0 0 0 0 0 0 0 0 0 0 0 0 0 0 0 0 0 0 0 0 0 0 0]
2024-12-02 00:45:07,623 DEBUG server.py 614:: offset_normal_ids=[ 0  1  2  3  4  5  6  7  8  9 10 11 12 13 14 15 16 17 18 19 20 21 22 23
 24 25 26 27 28 29 30 31 32 33 34], normal_ids=[ 1  3  4  5  6  7  8  9 10 12 13 14 15 16 17 19 21 22 23 24 25 26 27 28
 29 30 31 32 33 34 35 36 37 38 39]
2024-12-02 00:45:07,624 INFO server.py 619:: SUSPECTED UNTARGETED []
2024-12-02 00:45:07,630 DEBUG server.py 623:: suspicious_ids=[]
2024-12-02 00:45:07,630 DEBUG server.py 632:: d_normal_sus={}, d_separate=0
2024-12-02 00:45:07,631 INFO server.py 639:: This round UNTARGETED=set(), sus_tAtk_uRel_id0=set()
2024-12-02 00:45:07,651 INFO server.py 708:: This round UNRELIABLE={25}, normal_id={1, 3, 4, 5, 6, 7, 8, 9, 10, 12, 13, 14, 15, 16, 17, 19, 21, 22, 23, 24, 26, 27, 28, 29, 30, 31, 32, 33, 34, 35, 36, 37, 38, 39}
2024-12-02 00:45:07,652 DEBUG server.py 710:: anlge_sHoGs={1: 0.8620224, 3: nan, 4: nan, 5: nan, 6: 0.8404756, 7: 0.7859229, 8: nan, 9: 0.7838789, 10: nan, 12: 0.813588, 13: 0.8190329, 14: 0.7148876, 15: 0.74734074, 16: 0.7534118, 17: 0.73766494, 19: nan, 21: 0.6527752, 22: 0.558391, 23: 0.6896413, 24: 0.3943908, 25: 0.016307022, 26: 0.480467, 27: 0.7752053, 28: 0.69440734, 29: 0.654264, 30: 0.79502267, 31: nan, 32: 0.75960076, 33: nan, 34: 0.7357117, 35: 0.7462613, 36: 0.77407163, 37: nan, 38: 0.7744154, 39: nan}, angle_sep_nsH=0.2053489051759243
2024-12-02 00:45:07,652 INFO server.py 722:: UNRELIABLE clients =set()
2024-12-02 00:45:07,653 INFO server.py 1064:: clients' sizes=[1, 2, 1, 0, 0, 0, 2, 2, 0, 1, 0, 1, 2, 2, 2, 2, 1, 1, 2, 0, 1, 1, 1, 1, 1, 0, 1, 1, 1, 1, 2, 0, 2, 0, 1, 2, 1, 0, 2, 0], total=41
2024-12-02 00:45:07,671 INFO server.py 327:: [Server] The aggregation takes 0.308122 seconds.

2024-12-02 00:45:07,672 INFO server.py 211:: [Server] Start testing
2024-12-02 00:45:07,700 INFO server.py 235:: [Server] Test set: Average loss: 0.9836, Accuracy: 121/200 (60.5%)

2024-12-02 00:45:07,701 INFO server.py 238:: [Sever] Confusion matrix:
 tensor([[46.,  2.,  2.,  0.],
        [20., 21.,  6.,  3.],
        [13., 14., 15.,  8.],
        [ 0.,  6.,  5., 39.]])
2024-12-02 00:45:07,704 INFO server.py 254:: [Server] Precision=[0.5822785  0.4883721  0.53571427 0.78      ],
 Recall=[0.92 0.42 0.3  0.78],
 F1-score=[0.7131783  0.45161292 0.3846154  0.7799999 ],
 my_accuracy=60.50000190734863[%]
2024-12-02 00:45:07,706 INFO _main.py 209:: ########EPOCH 4 ########
2024-12-02 00:45:07,707 INFO _main.py 210:: ###Model distribution###
2024-12-02 00:45:11,861 INFO server.py 568:: flip_sign_id={0, 2, 11, 18, 20}
2024-12-02 00:45:11,861 INFO server.py 583:: ===========using shortHoGs for detecting UNTARGETED ATTACK====
2024-12-02 00:45:11,951 INFO server.py 609:: labels cluster_sh= [0 0 0 0 0 0 0 0 0 0 0 0 0 0 0 0 0 0 0 0 0 0 0 0 0 0 0 0 0 0 0 0 0 0 0]
2024-12-02 00:45:11,969 DEBUG server.py 614:: offset_normal_ids=[ 0  1  2  3  4  5  6  7  8  9 10 11 12 13 14 15 16 17 18 19 20 21 22 23
 24 25 26 27 28 29 30 31 32 33 34], normal_ids=[ 1  3  4  5  6  7  8  9 10 12 13 14 15 16 17 19 21 22 23 24 25 26 27 28
 29 30 31 32 33 34 35 36 37 38 39]
2024-12-02 00:45:11,969 INFO server.py 619:: SUSPECTED UNTARGETED []
2024-12-02 00:45:11,970 DEBUG server.py 623:: suspicious_ids=[]
2024-12-02 00:45:11,970 DEBUG server.py 632:: d_normal_sus={}, d_separate=0
2024-12-02 00:45:11,970 INFO server.py 639:: This round UNTARGETED=set(), sus_tAtk_uRel_id0=set()
2024-12-02 00:45:11,987 INFO server.py 708:: This round UNRELIABLE={25}, normal_id={1, 3, 4, 5, 6, 7, 8, 9, 10, 12, 13, 14, 15, 16, 17, 19, 21, 22, 23, 24, 26, 27, 28, 29, 30, 31, 32, 33, 34, 35, 36, 37, 38, 39}
2024-12-02 00:45:11,987 DEBUG server.py 710:: anlge_sHoGs={1: 0.8620224, 3: nan, 4: nan, 5: nan, 6: 0.8404756, 7: 0.7859229, 8: nan, 9: 0.7838789, 10: nan, 12: 0.813588, 13: 0.8190329, 14: 0.7148876, 15: 0.74734074, 16: 0.7534118, 17: 0.73766494, 19: nan, 21: 0.6527752, 22: 0.558391, 23: 0.6896413, 24: 0.3943908, 25: 0.016307022, 26: 0.480467, 27: 0.7752053, 28: 0.69440734, 29: 0.654264, 30: 0.79502267, 31: nan, 32: 0.75960076, 33: nan, 34: 0.7357117, 35: 0.7462613, 36: 0.77407163, 37: nan, 38: 0.7744154, 39: nan}, angle_sep_nsH=0.2053489051759243
2024-12-02 00:45:11,988 INFO server.py 722:: UNRELIABLE clients =set()
2024-12-02 00:45:11,989 INFO server.py 1064:: clients' sizes=[1, 2, 1, 0, 0, 0, 2, 2, 0, 1, 0, 1, 2, 2, 2, 2, 1, 1, 2, 0, 1, 1, 1, 1, 1, 0, 1, 1, 1, 1, 2, 0, 2, 0, 1, 2, 1, 0, 2, 0], total=41
2024-12-02 00:45:12,013 INFO server.py 327:: [Server] The aggregation takes 0.258870 seconds.

2024-12-02 00:45:12,014 INFO server.py 211:: [Server] Start testing
2024-12-02 00:45:12,048 INFO server.py 235:: [Server] Test set: Average loss: 0.9405, Accuracy: 121/200 (60.5%)

2024-12-02 00:45:12,050 INFO server.py 238:: [Sever] Confusion matrix:
 tensor([[41.,  7.,  2.,  0.],
        [18., 23.,  7.,  2.],
        [10., 14., 18.,  8.],
        [ 0.,  6.,  5., 39.]])
2024-12-02 00:45:12,052 INFO server.py 254:: [Server] Precision=[0.5942029  0.46       0.5625     0.79591835],
 Recall=[0.82 0.46 0.36 0.78],
 F1-score=[0.6890756  0.46       0.43902442 0.78787875],
 my_accuracy=60.50000190734863[%]
2024-12-02 00:45:12,053 INFO _main.py 209:: ########EPOCH 5 ########
2024-12-02 00:45:12,054 INFO _main.py 210:: ###Model distribution###
2024-12-02 00:45:14,865 INFO server.py 568:: flip_sign_id={0, 2, 11, 18, 20}
2024-12-02 00:45:14,865 INFO server.py 583:: ===========using shortHoGs for detecting UNTARGETED ATTACK====
2024-12-02 00:45:14,907 INFO server.py 609:: labels cluster_sh= [0 0 0 0 0 0 0 0 0 0 0 0 0 0 0 0 0 0 0 0 0 0 0 0 0 0 0 0 0 0 0 0 0 0 0]
2024-12-02 00:45:14,920 DEBUG server.py 614:: offset_normal_ids=[ 0  1  2  3  4  5  6  7  8  9 10 11 12 13 14 15 16 17 18 19 20 21 22 23
 24 25 26 27 28 29 30 31 32 33 34], normal_ids=[ 1  3  4  5  6  7  8  9 10 12 13 14 15 16 17 19 21 22 23 24 25 26 27 28
 29 30 31 32 33 34 35 36 37 38 39]
2024-12-02 00:45:14,921 INFO server.py 619:: SUSPECTED UNTARGETED []
2024-12-02 00:45:14,922 DEBUG server.py 623:: suspicious_ids=[]
2024-12-02 00:45:14,922 DEBUG server.py 632:: d_normal_sus={}, d_separate=0
2024-12-02 00:45:14,922 INFO server.py 639:: This round UNTARGETED=set(), sus_tAtk_uRel_id0=set()
2024-12-02 00:45:14,936 INFO server.py 708:: This round UNRELIABLE={25}, normal_id={1, 3, 4, 5, 6, 7, 8, 9, 10, 12, 13, 14, 15, 16, 17, 19, 21, 22, 23, 24, 26, 27, 28, 29, 30, 31, 32, 33, 34, 35, 36, 37, 38, 39}
2024-12-02 00:45:14,937 DEBUG server.py 710:: anlge_sHoGs={1: 0.8620224, 3: nan, 4: nan, 5: nan, 6: 0.8404756, 7: 0.7859229, 8: nan, 9: 0.7838789, 10: nan, 12: 0.813588, 13: 0.8190329, 14: 0.7148876, 15: 0.74734074, 16: 0.7534118, 17: 0.73766494, 19: nan, 21: 0.6527752, 22: 0.558391, 23: 0.6896413, 24: 0.3943908, 25: 0.016307022, 26: 0.480467, 27: 0.7752053, 28: 0.69440734, 29: 0.654264, 30: 0.79502267, 31: nan, 32: 0.75960076, 33: nan, 34: 0.7357117, 35: 0.7462613, 36: 0.77407163, 37: nan, 38: 0.7744154, 39: nan}, angle_sep_nsH=0.2053489051759243
2024-12-02 00:45:14,937 INFO server.py 722:: UNRELIABLE clients ={25}
2024-12-02 00:45:14,939 INFO server.py 1064:: clients' sizes=[1, 2, 1, 0, 0, 0, 2, 2, 0, 1, 0, 1, 2, 2, 2, 2, 1, 1, 2, 0, 1, 1, 1, 1, 1, 0, 1, 1, 1, 1, 2, 0, 2, 0, 1, 2, 1, 0, 2, 0], total=41
2024-12-02 00:45:14,957 INFO server.py 327:: [Server] The aggregation takes 0.159247 seconds.

2024-12-02 00:45:14,958 INFO server.py 211:: [Server] Start testing
2024-12-02 00:45:14,979 INFO server.py 235:: [Server] Test set: Average loss: 0.9115, Accuracy: 123/200 (61.5%)

2024-12-02 00:45:14,980 INFO server.py 238:: [Sever] Confusion matrix:
 tensor([[41.,  7.,  2.,  0.],
        [17., 22.,  9.,  2.],
        [ 8., 14., 21.,  7.],
        [ 0.,  6.,  5., 39.]])
2024-12-02 00:45:14,982 INFO server.py 254:: [Server] Precision=[0.6212121 0.4489796 0.5675676 0.8125   ],
 Recall=[0.82 0.44 0.42 0.78],
 F1-score=[0.7068965  0.44444445 0.48275864 0.79591835],
 my_accuracy=61.500000953674316[%]
2024-12-02 00:45:14,982 INFO _main.py 209:: ########EPOCH 6 ########
2024-12-02 00:45:14,983 INFO _main.py 210:: ###Model distribution###
2024-12-02 00:45:17,668 INFO server.py 568:: flip_sign_id={0, 2, 11, 18, 20}
2024-12-02 00:45:17,669 INFO server.py 583:: ===========using shortHoGs for detecting UNTARGETED ATTACK====
2024-12-02 00:45:17,735 INFO server.py 609:: labels cluster_sh= [0 0 0 0 0 0 0 0 0 0 0 0 0 0 0 0 0 0 0 0 0 0 0 0 0 0 0 0 0 0 0 0 0 0 0]
2024-12-02 00:45:17,761 DEBUG server.py 614:: offset_normal_ids=[ 0  1  2  3  4  5  6  7  8  9 10 11 12 13 14 15 16 17 18 19 20 21 22 23
 24 25 26 27 28 29 30 31 32 33 34], normal_ids=[ 1  3  4  5  6  7  8  9 10 12 13 14 15 16 17 19 21 22 23 24 25 26 27 28
 29 30 31 32 33 34 35 36 37 38 39]
2024-12-02 00:45:17,761 INFO server.py 619:: SUSPECTED UNTARGETED []
2024-12-02 00:45:17,762 DEBUG server.py 623:: suspicious_ids=[]
2024-12-02 00:45:17,762 DEBUG server.py 632:: d_normal_sus={}, d_separate=0
2024-12-02 00:45:17,762 INFO server.py 639:: This round UNTARGETED=set(), sus_tAtk_uRel_id0=set()
2024-12-02 00:45:17,776 INFO server.py 708:: This round UNRELIABLE={25}, normal_id={1, 3, 4, 5, 6, 7, 8, 9, 10, 12, 13, 14, 15, 16, 17, 19, 21, 22, 23, 24, 26, 27, 28, 29, 30, 31, 32, 33, 34, 35, 36, 37, 38, 39}
2024-12-02 00:45:17,776 DEBUG server.py 710:: anlge_sHoGs={1: 0.8620224, 3: nan, 4: nan, 5: nan, 6: 0.8404756, 7: 0.7859229, 8: nan, 9: 0.7838789, 10: nan, 12: 0.813588, 13: 0.8190329, 14: 0.7148876, 15: 0.74734074, 16: 0.7534118, 17: 0.73766494, 19: nan, 21: 0.6527752, 22: 0.558391, 23: 0.6896413, 24: 0.3943908, 25: 0.016307022, 26: 0.480467, 27: 0.7752053, 28: 0.69440734, 29: 0.654264, 30: 0.79502267, 31: nan, 32: 0.75960076, 33: nan, 34: 0.7357117, 35: 0.7462613, 36: 0.77407163, 37: nan, 38: 0.7744154, 39: nan}, angle_sep_nsH=0.2053489051759243
2024-12-02 00:45:17,776 INFO server.py 722:: UNRELIABLE clients ={25}
2024-12-02 00:45:17,778 INFO server.py 1064:: clients' sizes=[1, 2, 1, 0, 0, 0, 2, 2, 0, 1, 0, 1, 2, 2, 2, 2, 1, 1, 2, 0, 1, 1, 1, 1, 1, 0, 1, 1, 1, 1, 2, 0, 2, 0, 1, 2, 1, 0, 2, 0], total=41
2024-12-02 00:45:17,794 INFO server.py 327:: [Server] The aggregation takes 0.191949 seconds.

2024-12-02 00:45:17,795 INFO server.py 211:: [Server] Start testing
2024-12-02 00:45:17,814 INFO server.py 235:: [Server] Test set: Average loss: 0.8978, Accuracy: 122/200 (61.0%)

2024-12-02 00:45:17,815 INFO server.py 238:: [Sever] Confusion matrix:
 tensor([[41.,  7.,  2.,  0.],
        [17., 22., 10.,  1.],
        [ 8., 13., 24.,  5.],
        [ 0.,  6.,  9., 35.]])
2024-12-02 00:45:17,817 INFO server.py 254:: [Server] Precision=[0.6212121  0.45833334 0.53333336 0.85365856],
 Recall=[0.82 0.44 0.48 0.7 ],
 F1-score=[0.7068965  0.44897962 0.5052632  0.76923084],
 my_accuracy=61.000001430511475[%]
2024-12-02 00:45:17,817 INFO _main.py 209:: ########EPOCH 7 ########
2024-12-02 00:45:17,818 INFO _main.py 210:: ###Model distribution###
2024-12-02 00:45:20,536 INFO server.py 568:: flip_sign_id={0, 2, 11, 18, 20}
2024-12-02 00:45:20,536 INFO server.py 583:: ===========using shortHoGs for detecting UNTARGETED ATTACK====
2024-12-02 00:45:20,585 INFO server.py 609:: labels cluster_sh= [0 0 0 0 0 0 0 0 0 0 0 0 0 0 0 0 0 0 0 0 0 0 0 0 0 0 0 0 0 0 0 0 0 0 0]
2024-12-02 00:45:20,598 DEBUG server.py 614:: offset_normal_ids=[ 0  1  2  3  4  5  6  7  8  9 10 11 12 13 14 15 16 17 18 19 20 21 22 23
 24 25 26 27 28 29 30 31 32 33 34], normal_ids=[ 1  3  4  5  6  7  8  9 10 12 13 14 15 16 17 19 21 22 23 24 25 26 27 28
 29 30 31 32 33 34 35 36 37 38 39]
2024-12-02 00:45:20,599 INFO server.py 619:: SUSPECTED UNTARGETED []
2024-12-02 00:45:20,599 DEBUG server.py 623:: suspicious_ids=[]
2024-12-02 00:45:20,599 DEBUG server.py 632:: d_normal_sus={}, d_separate=0
2024-12-02 00:45:20,599 INFO server.py 639:: This round UNTARGETED=set(), sus_tAtk_uRel_id0=set()
2024-12-02 00:45:20,613 INFO server.py 708:: This round UNRELIABLE={25}, normal_id={1, 3, 4, 5, 6, 7, 8, 9, 10, 12, 13, 14, 15, 16, 17, 19, 21, 22, 23, 24, 26, 27, 28, 29, 30, 31, 32, 33, 34, 35, 36, 37, 38, 39}
2024-12-02 00:45:20,613 DEBUG server.py 710:: anlge_sHoGs={1: 0.8620224, 3: nan, 4: nan, 5: nan, 6: 0.8404756, 7: 0.7859229, 8: nan, 9: 0.7838789, 10: nan, 12: 0.813588, 13: 0.8190329, 14: 0.7148876, 15: 0.74734074, 16: 0.7534118, 17: 0.73766494, 19: nan, 21: 0.6527752, 22: 0.558391, 23: 0.6896413, 24: 0.3943908, 25: 0.016307022, 26: 0.480467, 27: 0.7752053, 28: 0.69440734, 29: 0.654264, 30: 0.79502267, 31: nan, 32: 0.75960076, 33: nan, 34: 0.7357117, 35: 0.7462613, 36: 0.77407163, 37: nan, 38: 0.7744154, 39: nan}, angle_sep_nsH=0.2053489051759243
2024-12-02 00:45:20,614 INFO server.py 722:: UNRELIABLE clients ={25}
2024-12-02 00:45:20,615 INFO server.py 1064:: clients' sizes=[1, 2, 1, 0, 0, 0, 2, 2, 0, 1, 0, 1, 2, 2, 2, 2, 1, 1, 2, 0, 1, 1, 1, 1, 1, 0, 1, 1, 1, 1, 2, 0, 2, 0, 1, 2, 1, 0, 2, 0], total=41
2024-12-02 00:45:20,632 INFO server.py 327:: [Server] The aggregation takes 0.163591 seconds.

2024-12-02 00:45:20,633 INFO server.py 211:: [Server] Start testing
2024-12-02 00:45:20,664 INFO server.py 235:: [Server] Test set: Average loss: 0.8730, Accuracy: 122/200 (61.0%)

2024-12-02 00:45:20,665 INFO server.py 238:: [Sever] Confusion matrix:
 tensor([[41.,  7.,  2.,  0.],
        [15., 23., 11.,  1.],
        [ 6., 15., 22.,  7.],
        [ 0.,  5.,  9., 36.]])
2024-12-02 00:45:20,668 INFO server.py 254:: [Server] Precision=[0.66129035 0.46       0.5        0.8181818 ],
 Recall=[0.82 0.46 0.44 0.72],
 F1-score=[0.73214287 0.46       0.4680851  0.76595753],
 my_accuracy=61.000001430511475[%]
2024-12-02 00:45:20,668 INFO _main.py 209:: ########EPOCH 8 ########
2024-12-02 00:45:20,669 INFO _main.py 210:: ###Model distribution###
2024-12-02 00:45:24,091 INFO server.py 568:: flip_sign_id={0, 2, 11, 18, 20}
2024-12-02 00:45:24,092 INFO server.py 583:: ===========using shortHoGs for detecting UNTARGETED ATTACK====
2024-12-02 00:45:24,631 INFO server.py 609:: labels cluster_sh= [0 0 0 0 0 0 0 0 0 0 0 0 0 0 0 0 0 0 0 0 0 0 0 0 0 0 0 0 0 0 0 0 0 0 0]
2024-12-02 00:45:24,653 DEBUG server.py 614:: offset_normal_ids=[ 0  1  2  3  4  5  6  7  8  9 10 11 12 13 14 15 16 17 18 19 20 21 22 23
 24 25 26 27 28 29 30 31 32 33 34], normal_ids=[ 1  3  4  5  6  7  8  9 10 12 13 14 15 16 17 19 21 22 23 24 25 26 27 28
 29 30 31 32 33 34 35 36 37 38 39]
2024-12-02 00:45:24,654 INFO server.py 619:: SUSPECTED UNTARGETED []
2024-12-02 00:45:24,654 DEBUG server.py 623:: suspicious_ids=[]
2024-12-02 00:45:24,654 DEBUG server.py 632:: d_normal_sus={}, d_separate=0
2024-12-02 00:45:24,654 INFO server.py 639:: This round UNTARGETED=set(), sus_tAtk_uRel_id0=set()
2024-12-02 00:45:24,687 INFO server.py 708:: This round UNRELIABLE={25}, normal_id={1, 3, 4, 5, 6, 7, 8, 9, 10, 12, 13, 14, 15, 16, 17, 19, 21, 22, 23, 24, 26, 27, 28, 29, 30, 31, 32, 33, 34, 35, 36, 37, 38, 39}
2024-12-02 00:45:24,687 DEBUG server.py 710:: anlge_sHoGs={1: 0.8620224, 3: nan, 4: nan, 5: nan, 6: 0.8404756, 7: 0.7859229, 8: nan, 9: 0.7838789, 10: nan, 12: 0.813588, 13: 0.8190329, 14: 0.7148876, 15: 0.74734074, 16: 0.7534118, 17: 0.73766494, 19: nan, 21: 0.6527752, 22: 0.558391, 23: 0.6896413, 24: 0.3943908, 25: 0.016307022, 26: 0.480467, 27: 0.7752053, 28: 0.69440734, 29: 0.654264, 30: 0.79502267, 31: nan, 32: 0.75960076, 33: nan, 34: 0.7357117, 35: 0.7462613, 36: 0.77407163, 37: nan, 38: 0.7744154, 39: nan}, angle_sep_nsH=0.2053489051759243
2024-12-02 00:45:24,697 INFO server.py 722:: UNRELIABLE clients ={25}
2024-12-02 00:45:24,698 INFO server.py 1064:: clients' sizes=[1, 2, 1, 0, 0, 0, 2, 2, 0, 1, 0, 1, 2, 2, 2, 2, 1, 1, 2, 0, 1, 1, 1, 1, 1, 0, 1, 1, 1, 1, 2, 0, 2, 0, 1, 2, 1, 0, 2, 0], total=41
2024-12-02 00:45:24,716 INFO server.py 327:: [Server] The aggregation takes 0.747506 seconds.

2024-12-02 00:45:24,717 INFO server.py 211:: [Server] Start testing
2024-12-02 00:45:24,736 INFO server.py 235:: [Server] Test set: Average loss: 0.8575, Accuracy: 124/200 (62.0%)

2024-12-02 00:45:24,738 INFO server.py 238:: [Sever] Confusion matrix:
 tensor([[41.,  8.,  1.,  0.],
        [15., 24., 10.,  1.],
        [ 7., 16., 20.,  7.],
        [ 0.,  5.,  6., 39.]])
2024-12-02 00:45:24,739 INFO server.py 254:: [Server] Precision=[0.6507937  0.4528302  0.5405405  0.82978725],
 Recall=[0.82 0.48 0.4  0.78],
 F1-score=[0.7256637  0.4660194  0.45977008 0.8041237 ],
 my_accuracy=62.00000047683716[%]
2024-12-02 00:45:24,740 INFO _main.py 209:: ########EPOCH 9 ########
2024-12-02 00:45:24,741 INFO _main.py 210:: ###Model distribution###
2024-12-02 00:45:28,508 INFO server.py 568:: flip_sign_id={0, 2, 11, 18, 20}
2024-12-02 00:45:28,508 INFO server.py 583:: ===========using shortHoGs for detecting UNTARGETED ATTACK====
2024-12-02 00:45:28,550 INFO server.py 609:: labels cluster_sh= [0 0 0 0 0 0 0 0 0 0 0 0 0 0 0 0 0 0 0 0 0 0 0 0 0 0 0 0 0 0 0 0 0 0 0]
2024-12-02 00:45:28,563 DEBUG server.py 614:: offset_normal_ids=[ 0  1  2  3  4  5  6  7  8  9 10 11 12 13 14 15 16 17 18 19 20 21 22 23
 24 25 26 27 28 29 30 31 32 33 34], normal_ids=[ 1  3  4  5  6  7  8  9 10 12 13 14 15 16 17 19 21 22 23 24 25 26 27 28
 29 30 31 32 33 34 35 36 37 38 39]
2024-12-02 00:45:28,564 INFO server.py 619:: SUSPECTED UNTARGETED []
2024-12-02 00:45:28,564 DEBUG server.py 623:: suspicious_ids=[]
2024-12-02 00:45:28,565 DEBUG server.py 632:: d_normal_sus={}, d_separate=0
2024-12-02 00:45:28,565 INFO server.py 639:: This round UNTARGETED=set(), sus_tAtk_uRel_id0=set()
2024-12-02 00:45:28,579 INFO server.py 708:: This round UNRELIABLE={25}, normal_id={1, 3, 4, 5, 6, 7, 8, 9, 10, 12, 13, 14, 15, 16, 17, 19, 21, 22, 23, 24, 26, 27, 28, 29, 30, 31, 32, 33, 34, 35, 36, 37, 38, 39}
2024-12-02 00:45:28,579 DEBUG server.py 710:: anlge_sHoGs={1: 0.8620224, 3: nan, 4: nan, 5: nan, 6: 0.8404756, 7: 0.7859229, 8: nan, 9: 0.7838789, 10: nan, 12: 0.813588, 13: 0.8190329, 14: 0.7148876, 15: 0.74734074, 16: 0.7534118, 17: 0.73766494, 19: nan, 21: 0.6527752, 22: 0.558391, 23: 0.6896413, 24: 0.3943908, 25: 0.016307022, 26: 0.480467, 27: 0.7752053, 28: 0.69440734, 29: 0.654264, 30: 0.79502267, 31: nan, 32: 0.75960076, 33: nan, 34: 0.7357117, 35: 0.7462613, 36: 0.77407163, 37: nan, 38: 0.7744154, 39: nan}, angle_sep_nsH=0.2053489051759243
2024-12-02 00:45:28,579 INFO server.py 722:: UNRELIABLE clients ={25}
2024-12-02 00:45:28,581 INFO server.py 1064:: clients' sizes=[1, 2, 1, 0, 0, 0, 2, 2, 0, 1, 0, 1, 2, 2, 2, 2, 1, 1, 2, 0, 1, 1, 1, 1, 1, 0, 1, 1, 1, 1, 2, 0, 2, 0, 1, 2, 1, 0, 2, 0], total=41
2024-12-02 00:45:28,597 INFO server.py 327:: [Server] The aggregation takes 0.156295 seconds.

2024-12-02 00:45:28,599 INFO server.py 211:: [Server] Start testing
2024-12-02 00:45:28,617 INFO server.py 235:: [Server] Test set: Average loss: 0.8534, Accuracy: 122/200 (61.0%)

2024-12-02 00:45:28,619 INFO server.py 238:: [Sever] Confusion matrix:
 tensor([[41.,  8.,  1.,  0.],
        [15., 23., 11.,  1.],
        [ 6., 17., 21.,  6.],
        [ 0.,  5.,  8., 37.]])
2024-12-02 00:45:28,620 INFO server.py 254:: [Server] Precision=[0.66129035 0.43396226 0.5121951  0.84090906],
 Recall=[0.82 0.46 0.42 0.74],
 F1-score=[0.73214287 0.44660196 0.46153846 0.78723407],
 my_accuracy=61.000001430511475[%]
2024-12-02 00:45:28,621 INFO _main.py 209:: ########EPOCH 10 ########
2024-12-02 00:45:28,622 INFO _main.py 210:: ###Model distribution###
2024-12-02 00:45:31,505 INFO server.py 568:: flip_sign_id={0, 2, 11, 18, 20}
2024-12-02 00:45:31,506 INFO server.py 583:: ===========using shortHoGs for detecting UNTARGETED ATTACK====
2024-12-02 00:45:31,549 INFO server.py 609:: labels cluster_sh= [0 0 0 0 0 0 0 0 0 0 0 0 0 0 0 0 0 0 0 0 0 0 0 0 0 0 0 0 0 0 0 0 0 0 0]
2024-12-02 00:45:31,562 DEBUG server.py 614:: offset_normal_ids=[ 0  1  2  3  4  5  6  7  8  9 10 11 12 13 14 15 16 17 18 19 20 21 22 23
 24 25 26 27 28 29 30 31 32 33 34], normal_ids=[ 1  3  4  5  6  7  8  9 10 12 13 14 15 16 17 19 21 22 23 24 25 26 27 28
 29 30 31 32 33 34 35 36 37 38 39]
2024-12-02 00:45:31,563 INFO server.py 619:: SUSPECTED UNTARGETED []
2024-12-02 00:45:31,563 DEBUG server.py 623:: suspicious_ids=[]
2024-12-02 00:45:31,563 DEBUG server.py 632:: d_normal_sus={}, d_separate=0
2024-12-02 00:45:31,563 INFO server.py 639:: This round UNTARGETED=set(), sus_tAtk_uRel_id0=set()
2024-12-02 00:45:31,578 INFO server.py 708:: This round UNRELIABLE={25}, normal_id={1, 3, 4, 5, 6, 7, 8, 9, 10, 12, 13, 14, 15, 16, 17, 19, 21, 22, 23, 24, 26, 27, 28, 29, 30, 31, 32, 33, 34, 35, 36, 37, 38, 39}
2024-12-02 00:45:31,578 DEBUG server.py 710:: anlge_sHoGs={1: 0.8620224, 3: nan, 4: nan, 5: nan, 6: 0.8404756, 7: 0.7859229, 8: nan, 9: 0.7838789, 10: nan, 12: 0.813588, 13: 0.8190329, 14: 0.7148876, 15: 0.74734074, 16: 0.7534118, 17: 0.73766494, 19: nan, 21: 0.6527752, 22: 0.558391, 23: 0.6896413, 24: 0.3943908, 25: 0.016307022, 26: 0.480467, 27: 0.7752053, 28: 0.69440734, 29: 0.654264, 30: 0.79502267, 31: nan, 32: 0.75960076, 33: nan, 34: 0.7357117, 35: 0.7462613, 36: 0.77407163, 37: nan, 38: 0.7744154, 39: nan}, angle_sep_nsH=0.2053489051759243
2024-12-02 00:45:31,578 INFO server.py 722:: UNRELIABLE clients ={25}
2024-12-02 00:45:31,580 INFO server.py 1064:: clients' sizes=[1, 2, 1, 0, 0, 0, 2, 2, 0, 1, 0, 1, 2, 2, 2, 2, 1, 1, 2, 0, 1, 1, 1, 1, 1, 0, 1, 1, 1, 1, 2, 0, 2, 0, 1, 2, 1, 0, 2, 0], total=41
2024-12-02 00:45:31,597 INFO server.py 327:: [Server] The aggregation takes 0.159357 seconds.

2024-12-02 00:45:31,598 INFO server.py 211:: [Server] Start testing
2024-12-02 00:45:31,620 INFO server.py 235:: [Server] Test set: Average loss: 0.8386, Accuracy: 122/200 (61.0%)

2024-12-02 00:45:31,621 INFO server.py 238:: [Sever] Confusion matrix:
 tensor([[41.,  7.,  2.,  0.],
        [15., 22., 11.,  2.],
        [ 4., 17., 22.,  7.],
        [ 0.,  5.,  8., 37.]])
2024-12-02 00:45:31,622 INFO server.py 254:: [Server] Precision=[0.68333334 0.43137255 0.5116279  0.8043478 ],
 Recall=[0.82 0.44 0.44 0.74],
 F1-score=[0.7454545  0.43564355 0.47311828 0.7708334 ],
 my_accuracy=61.000001430511475[%]
2024-12-02 00:45:31,623 INFO _main.py 209:: ########EPOCH 11 ########
2024-12-02 00:45:31,624 INFO _main.py 210:: ###Model distribution###
2024-12-02 00:45:34,301 INFO server.py 568:: flip_sign_id={0, 2, 11, 18, 20}
2024-12-02 00:45:34,302 INFO server.py 583:: ===========using shortHoGs for detecting UNTARGETED ATTACK====
2024-12-02 00:45:34,344 INFO server.py 609:: labels cluster_sh= [0 0 0 0 0 0 0 0 0 0 0 0 0 0 0 0 0 0 0 0 0 0 0 0 0 0 0 0 0 0 0 0 0 0 0]
2024-12-02 00:45:34,357 DEBUG server.py 614:: offset_normal_ids=[ 0  1  2  3  4  5  6  7  8  9 10 11 12 13 14 15 16 17 18 19 20 21 22 23
 24 25 26 27 28 29 30 31 32 33 34], normal_ids=[ 1  3  4  5  6  7  8  9 10 12 13 14 15 16 17 19 21 22 23 24 25 26 27 28
 29 30 31 32 33 34 35 36 37 38 39]
2024-12-02 00:45:34,358 INFO server.py 619:: SUSPECTED UNTARGETED []
2024-12-02 00:45:34,358 DEBUG server.py 623:: suspicious_ids=[]
2024-12-02 00:45:34,358 DEBUG server.py 632:: d_normal_sus={}, d_separate=0
2024-12-02 00:45:34,359 INFO server.py 639:: This round UNTARGETED=set(), sus_tAtk_uRel_id0=set()
2024-12-02 00:45:34,372 INFO server.py 708:: This round UNRELIABLE={25}, normal_id={1, 3, 4, 5, 6, 7, 8, 9, 10, 12, 13, 14, 15, 16, 17, 19, 21, 22, 23, 24, 26, 27, 28, 29, 30, 31, 32, 33, 34, 35, 36, 37, 38, 39}
2024-12-02 00:45:34,373 DEBUG server.py 710:: anlge_sHoGs={1: 0.8620224, 3: nan, 4: nan, 5: nan, 6: 0.8404756, 7: 0.7859229, 8: nan, 9: 0.7838789, 10: nan, 12: 0.813588, 13: 0.8190329, 14: 0.7148876, 15: 0.74734074, 16: 0.7534118, 17: 0.73766494, 19: nan, 21: 0.6527752, 22: 0.558391, 23: 0.6896413, 24: 0.3943908, 25: 0.016307022, 26: 0.480467, 27: 0.7752053, 28: 0.69440734, 29: 0.654264, 30: 0.79502267, 31: nan, 32: 0.75960076, 33: nan, 34: 0.7357117, 35: 0.7462613, 36: 0.77407163, 37: nan, 38: 0.7744154, 39: nan}, angle_sep_nsH=0.2053489051759243
2024-12-02 00:45:34,373 INFO server.py 722:: UNRELIABLE clients ={25}
2024-12-02 00:45:34,374 INFO server.py 1064:: clients' sizes=[1, 2, 1, 0, 0, 0, 2, 2, 0, 1, 0, 1, 2, 2, 2, 2, 1, 1, 2, 0, 1, 1, 1, 1, 1, 0, 1, 1, 1, 1, 2, 0, 2, 0, 1, 2, 1, 0, 2, 0], total=41
2024-12-02 00:45:34,391 INFO server.py 327:: [Server] The aggregation takes 0.157635 seconds.

2024-12-02 00:45:34,392 INFO server.py 211:: [Server] Start testing
2024-12-02 00:45:34,411 INFO server.py 235:: [Server] Test set: Average loss: 0.8220, Accuracy: 122/200 (61.0%)

2024-12-02 00:45:34,412 INFO server.py 238:: [Sever] Confusion matrix:
 tensor([[41.,  8.,  1.,  0.],
        [15., 23., 11.,  1.],
        [ 4., 18., 21.,  7.],
        [ 0.,  5.,  8., 37.]])
2024-12-02 00:45:34,414 INFO server.py 254:: [Server] Precision=[0.68333334 0.42592594 0.5121951  0.82222223],
 Recall=[0.82 0.46 0.42 0.74],
 F1-score=[0.7454545  0.4423077  0.46153846 0.77894735],
 my_accuracy=61.000001430511475[%]
2024-12-02 00:45:34,414 INFO _main.py 209:: ########EPOCH 12 ########
2024-12-02 00:45:34,415 INFO _main.py 210:: ###Model distribution###
2024-12-02 00:45:37,101 INFO server.py 568:: flip_sign_id={0, 2, 11, 18, 20}
2024-12-02 00:45:37,102 INFO server.py 583:: ===========using shortHoGs for detecting UNTARGETED ATTACK====
2024-12-02 00:45:37,147 INFO server.py 609:: labels cluster_sh= [0 0 0 0 0 0 0 0 0 0 0 0 0 0 0 0 0 0 0 0 0 0 0 0 0 0 0 0 0 0 0 0 0 0 0]
2024-12-02 00:45:37,160 DEBUG server.py 614:: offset_normal_ids=[ 0  1  2  3  4  5  6  7  8  9 10 11 12 13 14 15 16 17 18 19 20 21 22 23
 24 25 26 27 28 29 30 31 32 33 34], normal_ids=[ 1  3  4  5  6  7  8  9 10 12 13 14 15 16 17 19 21 22 23 24 25 26 27 28
 29 30 31 32 33 34 35 36 37 38 39]
2024-12-02 00:45:37,161 INFO server.py 619:: SUSPECTED UNTARGETED []
2024-12-02 00:45:37,161 DEBUG server.py 623:: suspicious_ids=[]
2024-12-02 00:45:37,162 DEBUG server.py 632:: d_normal_sus={}, d_separate=0
2024-12-02 00:45:37,162 INFO server.py 639:: This round UNTARGETED=set(), sus_tAtk_uRel_id0=set()
2024-12-02 00:45:37,177 INFO server.py 708:: This round UNRELIABLE={25}, normal_id={1, 3, 4, 5, 6, 7, 8, 9, 10, 12, 13, 14, 15, 16, 17, 19, 21, 22, 23, 24, 26, 27, 28, 29, 30, 31, 32, 33, 34, 35, 36, 37, 38, 39}
2024-12-02 00:45:37,177 DEBUG server.py 710:: anlge_sHoGs={1: 0.8620224, 3: nan, 4: nan, 5: nan, 6: 0.8404756, 7: 0.7859229, 8: nan, 9: 0.7838789, 10: nan, 12: 0.813588, 13: 0.8190329, 14: 0.7148876, 15: 0.74734074, 16: 0.7534118, 17: 0.73766494, 19: nan, 21: 0.6527752, 22: 0.558391, 23: 0.6896413, 24: 0.3943908, 25: 0.016307022, 26: 0.480467, 27: 0.7752053, 28: 0.69440734, 29: 0.654264, 30: 0.79502267, 31: nan, 32: 0.75960076, 33: nan, 34: 0.7357117, 35: 0.7462613, 36: 0.77407163, 37: nan, 38: 0.7744154, 39: nan}, angle_sep_nsH=0.2053489051759243
2024-12-02 00:45:37,177 INFO server.py 722:: UNRELIABLE clients ={25}
2024-12-02 00:45:37,179 INFO server.py 1064:: clients' sizes=[1, 2, 1, 0, 0, 0, 2, 2, 0, 1, 0, 1, 2, 2, 2, 2, 1, 1, 2, 0, 1, 1, 1, 1, 1, 0, 1, 1, 1, 1, 2, 0, 2, 0, 1, 2, 1, 0, 2, 0], total=41
2024-12-02 00:45:37,197 INFO server.py 327:: [Server] The aggregation takes 0.162294 seconds.

2024-12-02 00:45:37,198 INFO server.py 211:: [Server] Start testing
2024-12-02 00:45:37,217 INFO server.py 235:: [Server] Test set: Average loss: 0.8109, Accuracy: 124/200 (62.0%)

2024-12-02 00:45:37,219 INFO server.py 238:: [Sever] Confusion matrix:
 tensor([[41.,  7.,  2.,  0.],
        [13., 22., 14.,  1.],
        [ 4., 16., 23.,  7.],
        [ 0.,  5.,  7., 38.]])
2024-12-02 00:45:37,220 INFO server.py 254:: [Server] Precision=[0.70689654 0.44       0.5        0.82608694],
 Recall=[0.82 0.44 0.46 0.76],
 F1-score=[0.7592593  0.44       0.47916666 0.7916667 ],
 my_accuracy=62.00000047683716[%]
2024-12-02 00:45:37,221 INFO _main.py 209:: ########EPOCH 13 ########
2024-12-02 00:45:37,221 INFO _main.py 210:: ###Model distribution###
2024-12-02 00:45:40,711 INFO server.py 568:: flip_sign_id={0, 2, 11, 18, 20}
2024-12-02 00:45:40,712 INFO server.py 583:: ===========using shortHoGs for detecting UNTARGETED ATTACK====
2024-12-02 00:45:40,763 INFO server.py 609:: labels cluster_sh= [0 0 0 0 0 0 0 0 0 0 0 0 0 0 0 0 0 0 0 0 0 0 0 0 0 0 0 0 0 0 0 0 0 0 0]
2024-12-02 00:45:40,777 DEBUG server.py 614:: offset_normal_ids=[ 0  1  2  3  4  5  6  7  8  9 10 11 12 13 14 15 16 17 18 19 20 21 22 23
 24 25 26 27 28 29 30 31 32 33 34], normal_ids=[ 1  3  4  5  6  7  8  9 10 12 13 14 15 16 17 19 21 22 23 24 25 26 27 28
 29 30 31 32 33 34 35 36 37 38 39]
2024-12-02 00:45:40,777 INFO server.py 619:: SUSPECTED UNTARGETED []
2024-12-02 00:45:40,778 DEBUG server.py 623:: suspicious_ids=[]
2024-12-02 00:45:40,778 DEBUG server.py 632:: d_normal_sus={}, d_separate=0
2024-12-02 00:45:40,778 INFO server.py 639:: This round UNTARGETED=set(), sus_tAtk_uRel_id0=set()
2024-12-02 00:45:40,795 INFO server.py 708:: This round UNRELIABLE={25}, normal_id={1, 3, 4, 5, 6, 7, 8, 9, 10, 12, 13, 14, 15, 16, 17, 19, 21, 22, 23, 24, 26, 27, 28, 29, 30, 31, 32, 33, 34, 35, 36, 37, 38, 39}
2024-12-02 00:45:40,796 DEBUG server.py 710:: anlge_sHoGs={1: 0.8620224, 3: nan, 4: nan, 5: nan, 6: 0.8404756, 7: 0.7859229, 8: nan, 9: 0.7838789, 10: nan, 12: 0.813588, 13: 0.8190329, 14: 0.7148876, 15: 0.74734074, 16: 0.7534118, 17: 0.73766494, 19: nan, 21: 0.6527752, 22: 0.558391, 23: 0.6896413, 24: 0.3943908, 25: 0.016307022, 26: 0.480467, 27: 0.7752053, 28: 0.69440734, 29: 0.654264, 30: 0.79502267, 31: nan, 32: 0.75960076, 33: nan, 34: 0.7357117, 35: 0.7462613, 36: 0.77407163, 37: nan, 38: 0.7744154, 39: nan}, angle_sep_nsH=0.2053489051759243
2024-12-02 00:45:40,796 INFO server.py 722:: UNRELIABLE clients ={25}
2024-12-02 00:45:40,798 INFO server.py 1064:: clients' sizes=[1, 2, 1, 0, 0, 0, 2, 2, 0, 1, 0, 1, 2, 2, 2, 2, 1, 1, 2, 0, 1, 1, 1, 1, 1, 0, 1, 1, 1, 1, 2, 0, 2, 0, 1, 2, 1, 0, 2, 0], total=41
2024-12-02 00:45:40,830 INFO server.py 327:: [Server] The aggregation takes 0.251943 seconds.

2024-12-02 00:45:40,835 INFO server.py 211:: [Server] Start testing
2024-12-02 00:45:40,878 INFO server.py 235:: [Server] Test set: Average loss: 0.7985, Accuracy: 124/200 (62.0%)

2024-12-02 00:45:40,880 INFO server.py 238:: [Sever] Confusion matrix:
 tensor([[40.,  8.,  2.,  0.],
        [14., 23., 12.,  1.],
        [ 4., 16., 22.,  8.],
        [ 0.,  4.,  7., 39.]])
2024-12-02 00:45:40,882 INFO server.py 254:: [Server] Precision=[0.6896552 0.4509804 0.5116279 0.8125   ],
 Recall=[0.8  0.46 0.44 0.78],
 F1-score=[0.7407407  0.45544556 0.47311828 0.79591835],
 my_accuracy=62.00000047683716[%]
2024-12-02 00:45:40,882 INFO _main.py 209:: ########EPOCH 14 ########
2024-12-02 00:45:40,883 INFO _main.py 210:: ###Model distribution###
2024-12-02 00:45:44,721 INFO server.py 568:: flip_sign_id={0, 2, 11, 18, 20}
2024-12-02 00:45:44,722 INFO server.py 583:: ===========using shortHoGs for detecting UNTARGETED ATTACK====
2024-12-02 00:45:44,764 INFO server.py 609:: labels cluster_sh= [0 0 0 0 0 0 0 0 0 0 0 0 0 0 0 0 0 0 0 0 0 0 0 0 0 0 0 0 0 0 0 0 0 0 0]
2024-12-02 00:45:44,777 DEBUG server.py 614:: offset_normal_ids=[ 0  1  2  3  4  5  6  7  8  9 10 11 12 13 14 15 16 17 18 19 20 21 22 23
 24 25 26 27 28 29 30 31 32 33 34], normal_ids=[ 1  3  4  5  6  7  8  9 10 12 13 14 15 16 17 19 21 22 23 24 25 26 27 28
 29 30 31 32 33 34 35 36 37 38 39]
2024-12-02 00:45:44,778 INFO server.py 619:: SUSPECTED UNTARGETED []
2024-12-02 00:45:44,778 DEBUG server.py 623:: suspicious_ids=[]
2024-12-02 00:45:44,779 DEBUG server.py 632:: d_normal_sus={}, d_separate=0
2024-12-02 00:45:44,779 INFO server.py 639:: This round UNTARGETED=set(), sus_tAtk_uRel_id0=set()
2024-12-02 00:45:44,794 INFO server.py 708:: This round UNRELIABLE={25}, normal_id={1, 3, 4, 5, 6, 7, 8, 9, 10, 12, 13, 14, 15, 16, 17, 19, 21, 22, 23, 24, 26, 27, 28, 29, 30, 31, 32, 33, 34, 35, 36, 37, 38, 39}
2024-12-02 00:45:44,795 DEBUG server.py 710:: anlge_sHoGs={1: 0.8620224, 3: nan, 4: nan, 5: nan, 6: 0.8404756, 7: 0.7859229, 8: nan, 9: 0.7838789, 10: nan, 12: 0.813588, 13: 0.8190329, 14: 0.7148876, 15: 0.74734074, 16: 0.7534118, 17: 0.73766494, 19: nan, 21: 0.6527752, 22: 0.558391, 23: 0.6896413, 24: 0.3943908, 25: 0.016307022, 26: 0.480467, 27: 0.7752053, 28: 0.69440734, 29: 0.654264, 30: 0.79502267, 31: nan, 32: 0.75960076, 33: nan, 34: 0.7357117, 35: 0.7462613, 36: 0.77407163, 37: nan, 38: 0.7744154, 39: nan}, angle_sep_nsH=0.2053489051759243
2024-12-02 00:45:44,795 INFO server.py 722:: UNRELIABLE clients ={25}
2024-12-02 00:45:44,796 INFO server.py 1064:: clients' sizes=[1, 2, 1, 0, 0, 0, 2, 2, 0, 1, 0, 1, 2, 2, 2, 2, 1, 1, 2, 0, 1, 1, 1, 1, 1, 0, 1, 1, 1, 1, 2, 0, 2, 0, 1, 2, 1, 0, 2, 0], total=41
2024-12-02 00:45:44,812 INFO server.py 327:: [Server] The aggregation takes 0.158779 seconds.

2024-12-02 00:45:44,813 INFO server.py 211:: [Server] Start testing
2024-12-02 00:45:44,833 INFO server.py 235:: [Server] Test set: Average loss: 0.7858, Accuracy: 127/200 (63.5%)

2024-12-02 00:45:44,834 INFO server.py 238:: [Sever] Confusion matrix:
 tensor([[41.,  7.,  2.,  0.],
        [14., 24., 11.,  1.],
        [ 4., 15., 23.,  8.],
        [ 0.,  4.,  7., 39.]])
2024-12-02 00:45:44,836 INFO server.py 254:: [Server] Precision=[0.69491524 0.48       0.53488374 0.8125    ],
 Recall=[0.82 0.48 0.46 0.78],
 F1-score=[0.7522935  0.48       0.49462366 0.79591835],
 my_accuracy=63.499999046325684[%]
2024-12-02 00:45:44,836 INFO _main.py 209:: ########EPOCH 15 ########
2024-12-02 00:45:44,837 INFO _main.py 210:: ###Model distribution###
2024-12-02 00:45:47,599 INFO server.py 568:: flip_sign_id={0, 2, 11, 18, 20}
2024-12-02 00:45:47,599 INFO server.py 583:: ===========using shortHoGs for detecting UNTARGETED ATTACK====
2024-12-02 00:45:47,648 INFO server.py 609:: labels cluster_sh= [0 0 0 0 0 0 0 0 0 0 0 0 0 0 0 0 0 0 0 0 0 0 0 0 0 0 0 0 0 0 0 0 0 0 0]
2024-12-02 00:45:47,661 DEBUG server.py 614:: offset_normal_ids=[ 0  1  2  3  4  5  6  7  8  9 10 11 12 13 14 15 16 17 18 19 20 21 22 23
 24 25 26 27 28 29 30 31 32 33 34], normal_ids=[ 1  3  4  5  6  7  8  9 10 12 13 14 15 16 17 19 21 22 23 24 25 26 27 28
 29 30 31 32 33 34 35 36 37 38 39]
2024-12-02 00:45:47,662 INFO server.py 619:: SUSPECTED UNTARGETED []
2024-12-02 00:45:47,662 DEBUG server.py 623:: suspicious_ids=[]
2024-12-02 00:45:47,663 DEBUG server.py 632:: d_normal_sus={}, d_separate=0
2024-12-02 00:45:47,663 INFO server.py 639:: This round UNTARGETED=set(), sus_tAtk_uRel_id0=set()
2024-12-02 00:45:47,677 INFO server.py 708:: This round UNRELIABLE={25}, normal_id={1, 3, 4, 5, 6, 7, 8, 9, 10, 12, 13, 14, 15, 16, 17, 19, 21, 22, 23, 24, 26, 27, 28, 29, 30, 31, 32, 33, 34, 35, 36, 37, 38, 39}
2024-12-02 00:45:47,677 DEBUG server.py 710:: anlge_sHoGs={1: 0.8620224, 3: nan, 4: nan, 5: nan, 6: 0.8404756, 7: 0.7859229, 8: nan, 9: 0.7838789, 10: nan, 12: 0.813588, 13: 0.8190329, 14: 0.7148876, 15: 0.74734074, 16: 0.7534118, 17: 0.73766494, 19: nan, 21: 0.6527752, 22: 0.558391, 23: 0.6896413, 24: 0.3943908, 25: 0.016307022, 26: 0.480467, 27: 0.7752053, 28: 0.69440734, 29: 0.654264, 30: 0.79502267, 31: nan, 32: 0.75960076, 33: nan, 34: 0.7357117, 35: 0.7462613, 36: 0.77407163, 37: nan, 38: 0.7744154, 39: nan}, angle_sep_nsH=0.2053489051759243
2024-12-02 00:45:47,677 INFO server.py 722:: UNRELIABLE clients ={25}
2024-12-02 00:45:47,679 INFO server.py 1064:: clients' sizes=[1, 2, 1, 0, 0, 0, 2, 2, 0, 1, 0, 1, 2, 2, 2, 2, 1, 1, 2, 0, 1, 1, 1, 1, 1, 0, 1, 1, 1, 1, 2, 0, 2, 0, 1, 2, 1, 0, 2, 0], total=41
2024-12-02 00:45:47,696 INFO server.py 327:: [Server] The aggregation takes 0.163791 seconds.

2024-12-02 00:45:47,697 INFO server.py 211:: [Server] Start testing
2024-12-02 00:45:47,716 INFO server.py 235:: [Server] Test set: Average loss: 0.7791, Accuracy: 128/200 (64.0%)

2024-12-02 00:45:47,718 INFO server.py 238:: [Sever] Confusion matrix:
 tensor([[41.,  7.,  2.,  0.],
        [14., 24., 11.,  1.],
        [ 4., 15., 25.,  6.],
        [ 0.,  4.,  8., 38.]])
2024-12-02 00:45:47,719 INFO server.py 254:: [Server] Precision=[0.69491524 0.48       0.54347825 0.84444445],
 Recall=[0.82 0.48 0.5  0.76],
 F1-score=[0.7522935  0.48       0.5208333  0.79999995],
 my_accuracy=63.999998569488525[%]
2024-12-02 00:45:47,720 INFO _main.py 209:: ########EPOCH 16 ########
2024-12-02 00:45:47,721 INFO _main.py 210:: ###Model distribution###
2024-12-02 00:45:50,511 INFO server.py 568:: flip_sign_id={0, 2, 11, 18, 20}
2024-12-02 00:45:50,512 INFO server.py 583:: ===========using shortHoGs for detecting UNTARGETED ATTACK====
2024-12-02 00:45:50,561 INFO server.py 609:: labels cluster_sh= [0 0 0 0 0 0 0 0 0 0 0 0 0 0 0 0 0 0 0 0 0 0 0 0 0 0 0 0 0 0 0 0 0 0 0]
2024-12-02 00:45:50,574 DEBUG server.py 614:: offset_normal_ids=[ 0  1  2  3  4  5  6  7  8  9 10 11 12 13 14 15 16 17 18 19 20 21 22 23
 24 25 26 27 28 29 30 31 32 33 34], normal_ids=[ 1  3  4  5  6  7  8  9 10 12 13 14 15 16 17 19 21 22 23 24 25 26 27 28
 29 30 31 32 33 34 35 36 37 38 39]
2024-12-02 00:45:50,574 INFO server.py 619:: SUSPECTED UNTARGETED []
2024-12-02 00:45:50,575 DEBUG server.py 623:: suspicious_ids=[]
2024-12-02 00:45:50,575 DEBUG server.py 632:: d_normal_sus={}, d_separate=0
2024-12-02 00:45:50,575 INFO server.py 639:: This round UNTARGETED=set(), sus_tAtk_uRel_id0=set()
2024-12-02 00:45:50,589 INFO server.py 708:: This round UNRELIABLE={25}, normal_id={1, 3, 4, 5, 6, 7, 8, 9, 10, 12, 13, 14, 15, 16, 17, 19, 21, 22, 23, 24, 26, 27, 28, 29, 30, 31, 32, 33, 34, 35, 36, 37, 38, 39}
2024-12-02 00:45:50,590 DEBUG server.py 710:: anlge_sHoGs={1: 0.8620224, 3: nan, 4: nan, 5: nan, 6: 0.8404756, 7: 0.7859229, 8: nan, 9: 0.7838789, 10: nan, 12: 0.813588, 13: 0.8190329, 14: 0.7148876, 15: 0.74734074, 16: 0.7534118, 17: 0.73766494, 19: nan, 21: 0.6527752, 22: 0.558391, 23: 0.6896413, 24: 0.3943908, 25: 0.016307022, 26: 0.480467, 27: 0.7752053, 28: 0.69440734, 29: 0.654264, 30: 0.79502267, 31: nan, 32: 0.75960076, 33: nan, 34: 0.7357117, 35: 0.7462613, 36: 0.77407163, 37: nan, 38: 0.7744154, 39: nan}, angle_sep_nsH=0.2053489051759243
2024-12-02 00:45:50,590 INFO server.py 722:: UNRELIABLE clients ={25}
2024-12-02 00:45:50,592 INFO server.py 1064:: clients' sizes=[1, 2, 1, 0, 0, 0, 2, 2, 0, 1, 0, 1, 2, 2, 2, 2, 1, 1, 2, 0, 1, 1, 1, 1, 1, 0, 1, 1, 1, 1, 2, 0, 2, 0, 1, 2, 1, 0, 2, 0], total=41
2024-12-02 00:45:50,617 INFO server.py 327:: [Server] The aggregation takes 0.174759 seconds.

2024-12-02 00:45:50,618 INFO server.py 211:: [Server] Start testing
2024-12-02 00:45:50,636 INFO server.py 235:: [Server] Test set: Average loss: 0.7695, Accuracy: 126/200 (63.0%)

2024-12-02 00:45:50,638 INFO server.py 238:: [Sever] Confusion matrix:
 tensor([[39.,  9.,  2.,  0.],
        [13., 25., 11.,  1.],
        [ 5., 14., 24.,  7.],
        [ 0.,  4.,  8., 38.]])
2024-12-02 00:45:50,639 INFO server.py 254:: [Server] Precision=[0.68421054 0.48076922 0.53333336 0.82608694],
 Recall=[0.78 0.5  0.48 0.76],
 F1-score=[0.72897196 0.49019608 0.5052632  0.7916667 ],
 my_accuracy=62.99999952316284[%]
2024-12-02 00:45:50,640 INFO _main.py 209:: ########EPOCH 17 ########
2024-12-02 00:45:50,640 INFO _main.py 210:: ###Model distribution###
2024-12-02 00:45:53,527 INFO server.py 568:: flip_sign_id={0, 2, 11, 18, 20}
2024-12-02 00:45:53,528 INFO server.py 583:: ===========using shortHoGs for detecting UNTARGETED ATTACK====
2024-12-02 00:45:53,575 INFO server.py 609:: labels cluster_sh= [0 0 0 0 0 0 0 0 0 0 0 0 0 0 0 0 0 0 0 0 0 0 0 0 0 0 0 0 0 0 0 0 0 0 0]
2024-12-02 00:45:53,588 DEBUG server.py 614:: offset_normal_ids=[ 0  1  2  3  4  5  6  7  8  9 10 11 12 13 14 15 16 17 18 19 20 21 22 23
 24 25 26 27 28 29 30 31 32 33 34], normal_ids=[ 1  3  4  5  6  7  8  9 10 12 13 14 15 16 17 19 21 22 23 24 25 26 27 28
 29 30 31 32 33 34 35 36 37 38 39]
2024-12-02 00:45:53,589 INFO server.py 619:: SUSPECTED UNTARGETED []
2024-12-02 00:45:53,589 DEBUG server.py 623:: suspicious_ids=[]
2024-12-02 00:45:53,590 DEBUG server.py 632:: d_normal_sus={}, d_separate=0
2024-12-02 00:45:53,590 INFO server.py 639:: This round UNTARGETED=set(), sus_tAtk_uRel_id0=set()
2024-12-02 00:45:53,603 INFO server.py 708:: This round UNRELIABLE={25}, normal_id={1, 3, 4, 5, 6, 7, 8, 9, 10, 12, 13, 14, 15, 16, 17, 19, 21, 22, 23, 24, 26, 27, 28, 29, 30, 31, 32, 33, 34, 35, 36, 37, 38, 39}
2024-12-02 00:45:53,604 DEBUG server.py 710:: anlge_sHoGs={1: 0.8620224, 3: nan, 4: nan, 5: nan, 6: 0.8404756, 7: 0.7859229, 8: nan, 9: 0.7838789, 10: nan, 12: 0.813588, 13: 0.8190329, 14: 0.7148876, 15: 0.74734074, 16: 0.7534118, 17: 0.73766494, 19: nan, 21: 0.6527752, 22: 0.558391, 23: 0.6896413, 24: 0.3943908, 25: 0.016307022, 26: 0.480467, 27: 0.7752053, 28: 0.69440734, 29: 0.654264, 30: 0.79502267, 31: nan, 32: 0.75960076, 33: nan, 34: 0.7357117, 35: 0.7462613, 36: 0.77407163, 37: nan, 38: 0.7744154, 39: nan}, angle_sep_nsH=0.2053489051759243
2024-12-02 00:45:53,604 INFO server.py 722:: UNRELIABLE clients ={25}
2024-12-02 00:45:53,605 INFO server.py 1064:: clients' sizes=[1, 2, 1, 0, 0, 0, 2, 2, 0, 1, 0, 1, 2, 2, 2, 2, 1, 1, 2, 0, 1, 1, 1, 1, 1, 0, 1, 1, 1, 1, 2, 0, 2, 0, 1, 2, 1, 0, 2, 0], total=41
2024-12-02 00:45:53,622 INFO server.py 327:: [Server] The aggregation takes 0.163524 seconds.

2024-12-02 00:45:53,623 INFO server.py 211:: [Server] Start testing
2024-12-02 00:45:53,641 INFO server.py 235:: [Server] Test set: Average loss: 0.7517, Accuracy: 127/200 (63.5%)

2024-12-02 00:45:53,643 INFO server.py 238:: [Sever] Confusion matrix:
 tensor([[39.,  9.,  2.,  0.],
        [12., 25., 12.,  1.],
        [ 5., 13., 24.,  8.],
        [ 0.,  3.,  8., 39.]])
2024-12-02 00:45:53,644 INFO server.py 254:: [Server] Precision=[0.6964286 0.5       0.5217391 0.8125   ],
 Recall=[0.78 0.5  0.48 0.78],
 F1-score=[0.7358491  0.5        0.5        0.79591835],
 my_accuracy=63.499999046325684[%]
2024-12-02 00:45:53,645 INFO _main.py 209:: ########EPOCH 18 ########
2024-12-02 00:45:53,646 INFO _main.py 210:: ###Model distribution###
2024-12-02 00:45:58,526 INFO server.py 568:: flip_sign_id={0, 2, 11, 18, 20}
2024-12-02 00:45:58,527 INFO server.py 583:: ===========using shortHoGs for detecting UNTARGETED ATTACK====
2024-12-02 00:45:58,580 INFO server.py 609:: labels cluster_sh= [0 0 0 0 0 0 0 0 0 0 0 0 0 0 0 0 0 0 0 0 0 0 0 0 0 0 0 0 0 0 0 0 0 0 0]
2024-12-02 00:45:58,593 DEBUG server.py 614:: offset_normal_ids=[ 0  1  2  3  4  5  6  7  8  9 10 11 12 13 14 15 16 17 18 19 20 21 22 23
 24 25 26 27 28 29 30 31 32 33 34], normal_ids=[ 1  3  4  5  6  7  8  9 10 12 13 14 15 16 17 19 21 22 23 24 25 26 27 28
 29 30 31 32 33 34 35 36 37 38 39]
2024-12-02 00:45:58,594 INFO server.py 619:: SUSPECTED UNTARGETED []
2024-12-02 00:45:58,594 DEBUG server.py 623:: suspicious_ids=[]
2024-12-02 00:45:58,595 DEBUG server.py 632:: d_normal_sus={}, d_separate=0
2024-12-02 00:45:58,595 INFO server.py 639:: This round UNTARGETED=set(), sus_tAtk_uRel_id0=set()
2024-12-02 00:45:58,621 INFO server.py 708:: This round UNRELIABLE={25}, normal_id={1, 3, 4, 5, 6, 7, 8, 9, 10, 12, 13, 14, 15, 16, 17, 19, 21, 22, 23, 24, 26, 27, 28, 29, 30, 31, 32, 33, 34, 35, 36, 37, 38, 39}
2024-12-02 00:45:58,621 DEBUG server.py 710:: anlge_sHoGs={1: 0.8620224, 3: nan, 4: nan, 5: nan, 6: 0.8404756, 7: 0.7859229, 8: nan, 9: 0.7838789, 10: nan, 12: 0.813588, 13: 0.8190329, 14: 0.7148876, 15: 0.74734074, 16: 0.7534118, 17: 0.73766494, 19: nan, 21: 0.6527752, 22: 0.558391, 23: 0.6896413, 24: 0.3943908, 25: 0.016307022, 26: 0.480467, 27: 0.7752053, 28: 0.69440734, 29: 0.654264, 30: 0.79502267, 31: nan, 32: 0.75960076, 33: nan, 34: 0.7357117, 35: 0.7462613, 36: 0.77407163, 37: nan, 38: 0.7744154, 39: nan}, angle_sep_nsH=0.2053489051759243
2024-12-02 00:45:58,622 INFO server.py 722:: UNRELIABLE clients ={25}
2024-12-02 00:45:58,627 INFO server.py 1064:: clients' sizes=[1, 2, 1, 0, 0, 0, 2, 2, 0, 1, 0, 1, 2, 2, 2, 2, 1, 1, 2, 0, 1, 1, 1, 1, 1, 0, 1, 1, 1, 1, 2, 0, 2, 0, 1, 2, 1, 0, 2, 0], total=41
2024-12-02 00:45:58,670 INFO server.py 327:: [Server] The aggregation takes 0.256902 seconds.

2024-12-02 00:45:58,675 INFO server.py 211:: [Server] Start testing
2024-12-02 00:45:58,704 INFO server.py 235:: [Server] Test set: Average loss: 0.7422, Accuracy: 128/200 (64.0%)

2024-12-02 00:45:58,712 INFO server.py 238:: [Sever] Confusion matrix:
 tensor([[39.,  9.,  2.,  0.],
        [12., 24., 13.,  1.],
        [ 3., 13., 26.,  8.],
        [ 0.,  2.,  9., 39.]])
2024-12-02 00:45:58,714 INFO server.py 254:: [Server] Precision=[0.7222222 0.5       0.52      0.8125   ],
 Recall=[0.78 0.48 0.52 0.78],
 F1-score=[0.74999994 0.4897959  0.52       0.79591835],
 my_accuracy=63.999998569488525[%]
2024-12-02 00:45:58,715 INFO _main.py 209:: ########EPOCH 19 ########
2024-12-02 00:45:58,717 INFO _main.py 210:: ###Model distribution###
2024-12-02 00:46:02,033 INFO server.py 568:: flip_sign_id={0, 2, 11, 18, 20}
2024-12-02 00:46:02,034 INFO server.py 583:: ===========using shortHoGs for detecting UNTARGETED ATTACK====
2024-12-02 00:46:02,081 INFO server.py 609:: labels cluster_sh= [0 0 0 0 0 0 0 0 0 0 0 0 0 0 0 0 0 0 0 0 0 0 0 0 0 0 0 0 0 0 0 0 0 0 0]
2024-12-02 00:46:02,094 DEBUG server.py 614:: offset_normal_ids=[ 0  1  2  3  4  5  6  7  8  9 10 11 12 13 14 15 16 17 18 19 20 21 22 23
 24 25 26 27 28 29 30 31 32 33 34], normal_ids=[ 1  3  4  5  6  7  8  9 10 12 13 14 15 16 17 19 21 22 23 24 25 26 27 28
 29 30 31 32 33 34 35 36 37 38 39]
2024-12-02 00:46:02,095 INFO server.py 619:: SUSPECTED UNTARGETED []
2024-12-02 00:46:02,095 DEBUG server.py 623:: suspicious_ids=[]
2024-12-02 00:46:02,095 DEBUG server.py 632:: d_normal_sus={}, d_separate=0
2024-12-02 00:46:02,095 INFO server.py 639:: This round UNTARGETED=set(), sus_tAtk_uRel_id0=set()
2024-12-02 00:46:02,109 INFO server.py 708:: This round UNRELIABLE={25}, normal_id={1, 3, 4, 5, 6, 7, 8, 9, 10, 12, 13, 14, 15, 16, 17, 19, 21, 22, 23, 24, 26, 27, 28, 29, 30, 31, 32, 33, 34, 35, 36, 37, 38, 39}
2024-12-02 00:46:02,109 DEBUG server.py 710:: anlge_sHoGs={1: 0.8620224, 3: nan, 4: nan, 5: nan, 6: 0.8404756, 7: 0.7859229, 8: nan, 9: 0.7838789, 10: nan, 12: 0.813588, 13: 0.8190329, 14: 0.7148876, 15: 0.74734074, 16: 0.7534118, 17: 0.73766494, 19: nan, 21: 0.6527752, 22: 0.558391, 23: 0.6896413, 24: 0.3943908, 25: 0.016307022, 26: 0.480467, 27: 0.7752053, 28: 0.69440734, 29: 0.654264, 30: 0.79502267, 31: nan, 32: 0.75960076, 33: nan, 34: 0.7357117, 35: 0.7462613, 36: 0.77407163, 37: nan, 38: 0.7744154, 39: nan}, angle_sep_nsH=0.2053489051759243
2024-12-02 00:46:02,109 INFO server.py 722:: UNRELIABLE clients ={25}
2024-12-02 00:46:02,111 INFO server.py 1064:: clients' sizes=[1, 2, 1, 0, 0, 0, 2, 2, 0, 1, 0, 1, 2, 2, 2, 2, 1, 1, 2, 0, 1, 1, 1, 1, 1, 0, 1, 1, 1, 1, 2, 0, 2, 0, 1, 2, 1, 0, 2, 0], total=41
2024-12-02 00:46:02,127 INFO server.py 327:: [Server] The aggregation takes 0.160881 seconds.

2024-12-02 00:46:02,128 INFO server.py 211:: [Server] Start testing
2024-12-02 00:46:02,147 INFO server.py 235:: [Server] Test set: Average loss: 0.7371, Accuracy: 127/200 (63.5%)

2024-12-02 00:46:02,148 INFO server.py 238:: [Sever] Confusion matrix:
 tensor([[39.,  9.,  2.,  0.],
        [12., 24., 13.,  1.],
        [ 6.,  9., 27.,  8.],
        [ 0.,  2., 11., 37.]])
2024-12-02 00:46:02,150 INFO server.py 254:: [Server] Precision=[0.68421054 0.54545456 0.509434   0.8043478 ],
 Recall=[0.78 0.48 0.54 0.74],
 F1-score=[0.72897196 0.5106383  0.5242719  0.7708334 ],
 my_accuracy=63.499999046325684[%]
2024-12-02 00:46:02,150 INFO _main.py 209:: ########EPOCH 20 ########
2024-12-02 00:46:02,151 INFO _main.py 210:: ###Model distribution###
2024-12-02 00:46:04,910 INFO server.py 568:: flip_sign_id={0, 2, 11, 18, 20}
2024-12-02 00:46:04,910 INFO server.py 583:: ===========using shortHoGs for detecting UNTARGETED ATTACK====
2024-12-02 00:46:04,953 INFO server.py 609:: labels cluster_sh= [0 0 0 0 0 0 0 0 0 0 0 0 0 0 0 0 0 0 0 0 0 0 0 0 0 0 0 0 0 0 0 0 0 0 0]
2024-12-02 00:46:04,973 DEBUG server.py 614:: offset_normal_ids=[ 0  1  2  3  4  5  6  7  8  9 10 11 12 13 14 15 16 17 18 19 20 21 22 23
 24 25 26 27 28 29 30 31 32 33 34], normal_ids=[ 1  3  4  5  6  7  8  9 10 12 13 14 15 16 17 19 21 22 23 24 25 26 27 28
 29 30 31 32 33 34 35 36 37 38 39]
2024-12-02 00:46:04,975 INFO server.py 619:: SUSPECTED UNTARGETED []
2024-12-02 00:46:04,976 DEBUG server.py 623:: suspicious_ids=[]
2024-12-02 00:46:04,976 DEBUG server.py 632:: d_normal_sus={}, d_separate=0
2024-12-02 00:46:04,979 INFO server.py 639:: This round UNTARGETED=set(), sus_tAtk_uRel_id0=set()
2024-12-02 00:46:04,998 INFO server.py 708:: This round UNRELIABLE={25}, normal_id={1, 3, 4, 5, 6, 7, 8, 9, 10, 12, 13, 14, 15, 16, 17, 19, 21, 22, 23, 24, 26, 27, 28, 29, 30, 31, 32, 33, 34, 35, 36, 37, 38, 39}
2024-12-02 00:46:04,998 DEBUG server.py 710:: anlge_sHoGs={1: 0.8620224, 3: nan, 4: nan, 5: nan, 6: 0.8404756, 7: 0.7859229, 8: nan, 9: 0.7838789, 10: nan, 12: 0.813588, 13: 0.8190329, 14: 0.7148876, 15: 0.74734074, 16: 0.7534118, 17: 0.73766494, 19: nan, 21: 0.6527752, 22: 0.558391, 23: 0.6896413, 24: 0.3943908, 25: 0.016307022, 26: 0.480467, 27: 0.7752053, 28: 0.69440734, 29: 0.654264, 30: 0.79502267, 31: nan, 32: 0.75960076, 33: nan, 34: 0.7357117, 35: 0.7462613, 36: 0.77407163, 37: nan, 38: 0.7744154, 39: nan}, angle_sep_nsH=0.2053489051759243
2024-12-02 00:46:04,999 INFO server.py 722:: UNRELIABLE clients ={25}
2024-12-02 00:46:05,000 INFO server.py 1064:: clients' sizes=[1, 2, 1, 0, 0, 0, 2, 2, 0, 1, 0, 1, 2, 2, 2, 2, 1, 1, 2, 0, 1, 1, 1, 1, 1, 0, 1, 1, 1, 1, 2, 0, 2, 0, 1, 2, 1, 0, 2, 0], total=41
2024-12-02 00:46:05,018 INFO server.py 327:: [Server] The aggregation takes 0.175297 seconds.

2024-12-02 00:46:05,019 INFO server.py 211:: [Server] Start testing
2024-12-02 00:46:05,038 INFO server.py 235:: [Server] Test set: Average loss: 0.7321, Accuracy: 134/200 (67.0%)

2024-12-02 00:46:05,040 INFO server.py 238:: [Sever] Confusion matrix:
 tensor([[41.,  7.,  2.,  0.],
        [12., 24., 13.,  1.],
        [ 6.,  6., 30.,  8.],
        [ 0.,  2.,  9., 39.]])
2024-12-02 00:46:05,041 INFO server.py 254:: [Server] Precision=[0.69491524 0.61538464 0.5555556  0.8125    ],
 Recall=[0.82 0.48 0.6  0.78],
 F1-score=[0.7522935  0.53932583 0.57692313 0.79591835],
 my_accuracy=67.00000166893005[%]
2024-12-02 00:46:05,042 INFO _main.py 209:: ########EPOCH 21 ########
2024-12-02 00:46:05,042 INFO _main.py 210:: ###Model distribution###
2024-12-02 00:46:07,767 INFO server.py 568:: flip_sign_id={0, 2, 11, 18, 20}
2024-12-02 00:46:07,767 INFO server.py 583:: ===========using shortHoGs for detecting UNTARGETED ATTACK====
2024-12-02 00:46:07,810 INFO server.py 609:: labels cluster_sh= [0 0 0 0 0 0 0 0 0 0 0 0 0 0 0 0 0 0 0 0 0 0 0 0 0 0 0 0 0 0 0 0 0 0 0]
2024-12-02 00:46:07,822 DEBUG server.py 614:: offset_normal_ids=[ 0  1  2  3  4  5  6  7  8  9 10 11 12 13 14 15 16 17 18 19 20 21 22 23
 24 25 26 27 28 29 30 31 32 33 34], normal_ids=[ 1  3  4  5  6  7  8  9 10 12 13 14 15 16 17 19 21 22 23 24 25 26 27 28
 29 30 31 32 33 34 35 36 37 38 39]
2024-12-02 00:46:07,823 INFO server.py 619:: SUSPECTED UNTARGETED []
2024-12-02 00:46:07,823 DEBUG server.py 623:: suspicious_ids=[]
2024-12-02 00:46:07,824 DEBUG server.py 632:: d_normal_sus={}, d_separate=0
2024-12-02 00:46:07,824 INFO server.py 639:: This round UNTARGETED=set(), sus_tAtk_uRel_id0=set()
2024-12-02 00:46:07,837 INFO server.py 708:: This round UNRELIABLE={25}, normal_id={1, 3, 4, 5, 6, 7, 8, 9, 10, 12, 13, 14, 15, 16, 17, 19, 21, 22, 23, 24, 26, 27, 28, 29, 30, 31, 32, 33, 34, 35, 36, 37, 38, 39}
2024-12-02 00:46:07,838 DEBUG server.py 710:: anlge_sHoGs={1: 0.8620224, 3: nan, 4: nan, 5: nan, 6: 0.8404756, 7: 0.7859229, 8: nan, 9: 0.7838789, 10: nan, 12: 0.813588, 13: 0.8190329, 14: 0.7148876, 15: 0.74734074, 16: 0.7534118, 17: 0.73766494, 19: nan, 21: 0.6527752, 22: 0.558391, 23: 0.6896413, 24: 0.3943908, 25: 0.016307022, 26: 0.480467, 27: 0.7752053, 28: 0.69440734, 29: 0.654264, 30: 0.79502267, 31: nan, 32: 0.75960076, 33: nan, 34: 0.7357117, 35: 0.7462613, 36: 0.77407163, 37: nan, 38: 0.7744154, 39: nan}, angle_sep_nsH=0.2053489051759243
2024-12-02 00:46:07,838 INFO server.py 722:: UNRELIABLE clients ={25}
2024-12-02 00:46:07,840 INFO server.py 1064:: clients' sizes=[1, 2, 1, 0, 0, 0, 2, 2, 0, 1, 0, 1, 2, 2, 2, 2, 1, 1, 2, 0, 1, 1, 1, 1, 1, 0, 1, 1, 1, 1, 2, 0, 2, 0, 1, 2, 1, 0, 2, 0], total=41
2024-12-02 00:46:07,858 INFO server.py 327:: [Server] The aggregation takes 0.157983 seconds.

2024-12-02 00:46:07,859 INFO server.py 211:: [Server] Start testing
2024-12-02 00:46:07,878 INFO server.py 235:: [Server] Test set: Average loss: 0.7285, Accuracy: 129/200 (64.5%)

2024-12-02 00:46:07,879 INFO server.py 238:: [Sever] Confusion matrix:
 tensor([[40.,  8.,  2.,  0.],
        [12., 24., 13.,  1.],
        [ 7.,  9., 24., 10.],
        [ 0.,  2.,  7., 41.]])
2024-12-02 00:46:07,881 INFO server.py 254:: [Server] Precision=[0.6779661  0.55813956 0.5217391  0.78846157],
 Recall=[0.8  0.48 0.48 0.82],
 F1-score=[0.73394495 0.516129   0.5        0.8039216 ],
 my_accuracy=64.49999809265137[%]
2024-12-02 00:46:07,881 INFO _main.py 209:: ########EPOCH 22 ########
2024-12-02 00:46:07,882 INFO _main.py 210:: ###Model distribution###
2024-12-02 00:46:11,109 INFO server.py 568:: flip_sign_id={0, 2, 11, 18, 20}
2024-12-02 00:46:11,109 INFO server.py 583:: ===========using shortHoGs for detecting UNTARGETED ATTACK====
2024-12-02 00:46:11,301 INFO server.py 609:: labels cluster_sh= [0 0 0 0 0 0 0 0 0 0 0 0 0 0 0 0 0 0 0 0 0 0 0 0 0 0 0 0 0 0 0 0 0 0 0]
2024-12-02 00:46:11,332 DEBUG server.py 614:: offset_normal_ids=[ 0  1  2  3  4  5  6  7  8  9 10 11 12 13 14 15 16 17 18 19 20 21 22 23
 24 25 26 27 28 29 30 31 32 33 34], normal_ids=[ 1  3  4  5  6  7  8  9 10 12 13 14 15 16 17 19 21 22 23 24 25 26 27 28
 29 30 31 32 33 34 35 36 37 38 39]
2024-12-02 00:46:11,335 INFO server.py 619:: SUSPECTED UNTARGETED []
2024-12-02 00:46:11,336 DEBUG server.py 623:: suspicious_ids=[]
2024-12-02 00:46:11,338 DEBUG server.py 632:: d_normal_sus={}, d_separate=0
2024-12-02 00:46:11,338 INFO server.py 639:: This round UNTARGETED=set(), sus_tAtk_uRel_id0=set()
2024-12-02 00:46:11,364 INFO server.py 708:: This round UNRELIABLE={25}, normal_id={1, 3, 4, 5, 6, 7, 8, 9, 10, 12, 13, 14, 15, 16, 17, 19, 21, 22, 23, 24, 26, 27, 28, 29, 30, 31, 32, 33, 34, 35, 36, 37, 38, 39}
2024-12-02 00:46:11,372 DEBUG server.py 710:: anlge_sHoGs={1: 0.8620224, 3: nan, 4: nan, 5: nan, 6: 0.8404756, 7: 0.7859229, 8: nan, 9: 0.7838789, 10: nan, 12: 0.813588, 13: 0.8190329, 14: 0.7148876, 15: 0.74734074, 16: 0.7534118, 17: 0.73766494, 19: nan, 21: 0.6527752, 22: 0.558391, 23: 0.6896413, 24: 0.3943908, 25: 0.016307022, 26: 0.480467, 27: 0.7752053, 28: 0.69440734, 29: 0.654264, 30: 0.79502267, 31: nan, 32: 0.75960076, 33: nan, 34: 0.7357117, 35: 0.7462613, 36: 0.77407163, 37: nan, 38: 0.7744154, 39: nan}, angle_sep_nsH=0.2053489051759243
2024-12-02 00:46:11,372 INFO server.py 722:: UNRELIABLE clients ={25}
2024-12-02 00:46:11,374 INFO server.py 1064:: clients' sizes=[1, 2, 1, 0, 0, 0, 2, 2, 0, 1, 0, 1, 2, 2, 2, 2, 1, 1, 2, 0, 1, 1, 1, 1, 1, 0, 1, 1, 1, 1, 2, 0, 2, 0, 1, 2, 1, 0, 2, 0], total=41
2024-12-02 00:46:11,398 INFO server.py 327:: [Server] The aggregation takes 0.450697 seconds.

2024-12-02 00:46:11,400 INFO server.py 211:: [Server] Start testing
2024-12-02 00:46:11,434 INFO server.py 235:: [Server] Test set: Average loss: 0.7238, Accuracy: 128/200 (64.0%)

2024-12-02 00:46:11,436 INFO server.py 238:: [Sever] Confusion matrix:
 tensor([[39.,  9.,  2.,  0.],
        [12., 24., 13.,  1.],
        [ 7.,  9., 24., 10.],
        [ 0.,  2.,  7., 41.]])
2024-12-02 00:46:11,437 INFO server.py 254:: [Server] Precision=[0.67241377 0.54545456 0.5217391  0.78846157],
 Recall=[0.78 0.48 0.48 0.82],
 F1-score=[0.72222215 0.5106383  0.5        0.8039216 ],
 my_accuracy=63.999998569488525[%]
2024-12-02 00:46:11,438 INFO _main.py 209:: ########EPOCH 23 ########
2024-12-02 00:46:11,438 INFO _main.py 210:: ###Model distribution###
2024-12-02 00:46:15,658 INFO server.py 568:: flip_sign_id={0, 2, 11, 18, 20}
2024-12-02 00:46:15,659 INFO server.py 583:: ===========using shortHoGs for detecting UNTARGETED ATTACK====
2024-12-02 00:46:15,702 INFO server.py 609:: labels cluster_sh= [0 0 0 0 0 0 0 0 0 0 0 0 0 0 0 0 0 0 0 0 0 0 0 0 0 0 0 0 0 0 0 0 0 0 0]
2024-12-02 00:46:15,715 DEBUG server.py 614:: offset_normal_ids=[ 0  1  2  3  4  5  6  7  8  9 10 11 12 13 14 15 16 17 18 19 20 21 22 23
 24 25 26 27 28 29 30 31 32 33 34], normal_ids=[ 1  3  4  5  6  7  8  9 10 12 13 14 15 16 17 19 21 22 23 24 25 26 27 28
 29 30 31 32 33 34 35 36 37 38 39]
2024-12-02 00:46:15,716 INFO server.py 619:: SUSPECTED UNTARGETED []
2024-12-02 00:46:15,717 DEBUG server.py 623:: suspicious_ids=[]
2024-12-02 00:46:15,717 DEBUG server.py 632:: d_normal_sus={}, d_separate=0
2024-12-02 00:46:15,717 INFO server.py 639:: This round UNTARGETED=set(), sus_tAtk_uRel_id0=set()
2024-12-02 00:46:15,731 INFO server.py 708:: This round UNRELIABLE={25}, normal_id={1, 3, 4, 5, 6, 7, 8, 9, 10, 12, 13, 14, 15, 16, 17, 19, 21, 22, 23, 24, 26, 27, 28, 29, 30, 31, 32, 33, 34, 35, 36, 37, 38, 39}
2024-12-02 00:46:15,732 DEBUG server.py 710:: anlge_sHoGs={1: 0.8620224, 3: nan, 4: nan, 5: nan, 6: 0.8404756, 7: 0.7859229, 8: nan, 9: 0.7838789, 10: nan, 12: 0.813588, 13: 0.8190329, 14: 0.7148876, 15: 0.74734074, 16: 0.7534118, 17: 0.73766494, 19: nan, 21: 0.6527752, 22: 0.558391, 23: 0.6896413, 24: 0.3943908, 25: 0.016307022, 26: 0.480467, 27: 0.7752053, 28: 0.69440734, 29: 0.654264, 30: 0.79502267, 31: nan, 32: 0.75960076, 33: nan, 34: 0.7357117, 35: 0.7462613, 36: 0.77407163, 37: nan, 38: 0.7744154, 39: nan}, angle_sep_nsH=0.2053489051759243
2024-12-02 00:46:15,732 INFO server.py 722:: UNRELIABLE clients ={25}
2024-12-02 00:46:15,733 INFO server.py 1064:: clients' sizes=[1, 2, 1, 0, 0, 0, 2, 2, 0, 1, 0, 1, 2, 2, 2, 2, 1, 1, 2, 0, 1, 1, 1, 1, 1, 0, 1, 1, 1, 1, 2, 0, 2, 0, 1, 2, 1, 0, 2, 0], total=41
2024-12-02 00:46:15,749 INFO server.py 327:: [Server] The aggregation takes 0.198371 seconds.

2024-12-02 00:46:15,750 INFO server.py 211:: [Server] Start testing
2024-12-02 00:46:15,769 INFO server.py 235:: [Server] Test set: Average loss: 0.7240, Accuracy: 131/200 (65.5%)

2024-12-02 00:46:15,770 INFO server.py 238:: [Sever] Confusion matrix:
 tensor([[40.,  8.,  2.,  0.],
        [12., 26., 11.,  1.],
        [ 7., 11., 24.,  8.],
        [ 0.,  2.,  7., 41.]])
2024-12-02 00:46:15,772 INFO server.py 254:: [Server] Precision=[0.6779661  0.5531915  0.54545456 0.82      ],
 Recall=[0.8  0.52 0.48 0.82],
 F1-score=[0.73394495 0.5360825  0.5106383  0.82      ],
 my_accuracy=65.49999713897705[%]
2024-12-02 00:46:15,772 INFO _main.py 209:: ########EPOCH 24 ########
2024-12-02 00:46:15,773 INFO _main.py 210:: ###Model distribution###
2024-12-02 00:46:18,592 INFO server.py 568:: flip_sign_id={0, 2, 11, 18, 20}
2024-12-02 00:46:18,593 INFO server.py 583:: ===========using shortHoGs for detecting UNTARGETED ATTACK====
2024-12-02 00:46:18,637 INFO server.py 609:: labels cluster_sh= [0 0 0 0 0 0 0 0 0 0 0 0 0 0 0 0 0 0 0 0 0 0 0 0 0 0 0 0 0 0 0 0 0 0 0]
2024-12-02 00:46:18,663 DEBUG server.py 614:: offset_normal_ids=[ 0  1  2  3  4  5  6  7  8  9 10 11 12 13 14 15 16 17 18 19 20 21 22 23
 24 25 26 27 28 29 30 31 32 33 34], normal_ids=[ 1  3  4  5  6  7  8  9 10 12 13 14 15 16 17 19 21 22 23 24 25 26 27 28
 29 30 31 32 33 34 35 36 37 38 39]
2024-12-02 00:46:18,663 INFO server.py 619:: SUSPECTED UNTARGETED []
2024-12-02 00:46:18,664 DEBUG server.py 623:: suspicious_ids=[]
2024-12-02 00:46:18,664 DEBUG server.py 632:: d_normal_sus={}, d_separate=0
2024-12-02 00:46:18,664 INFO server.py 639:: This round UNTARGETED=set(), sus_tAtk_uRel_id0=set()
2024-12-02 00:46:18,678 INFO server.py 708:: This round UNRELIABLE={25}, normal_id={1, 3, 4, 5, 6, 7, 8, 9, 10, 12, 13, 14, 15, 16, 17, 19, 21, 22, 23, 24, 26, 27, 28, 29, 30, 31, 32, 33, 34, 35, 36, 37, 38, 39}
2024-12-02 00:46:18,678 DEBUG server.py 710:: anlge_sHoGs={1: 0.8620224, 3: nan, 4: nan, 5: nan, 6: 0.8404756, 7: 0.7859229, 8: nan, 9: 0.7838789, 10: nan, 12: 0.813588, 13: 0.8190329, 14: 0.7148876, 15: 0.74734074, 16: 0.7534118, 17: 0.73766494, 19: nan, 21: 0.6527752, 22: 0.558391, 23: 0.6896413, 24: 0.3943908, 25: 0.016307022, 26: 0.480467, 27: 0.7752053, 28: 0.69440734, 29: 0.654264, 30: 0.79502267, 31: nan, 32: 0.75960076, 33: nan, 34: 0.7357117, 35: 0.7462613, 36: 0.77407163, 37: nan, 38: 0.7744154, 39: nan}, angle_sep_nsH=0.2053489051759243
2024-12-02 00:46:18,679 INFO server.py 722:: UNRELIABLE clients ={25}
2024-12-02 00:46:18,680 INFO server.py 1064:: clients' sizes=[1, 2, 1, 0, 0, 0, 2, 2, 0, 1, 0, 1, 2, 2, 2, 2, 1, 1, 2, 0, 1, 1, 1, 1, 1, 0, 1, 1, 1, 1, 2, 0, 2, 0, 1, 2, 1, 0, 2, 0], total=41
2024-12-02 00:46:18,698 INFO server.py 327:: [Server] The aggregation takes 0.175458 seconds.

2024-12-02 00:46:18,699 INFO server.py 211:: [Server] Start testing
2024-12-02 00:46:18,718 INFO server.py 235:: [Server] Test set: Average loss: 0.7183, Accuracy: 133/200 (66.5%)

2024-12-02 00:46:18,719 INFO server.py 238:: [Sever] Confusion matrix:
 tensor([[39.,  9.,  2.,  0.],
        [12., 26., 11.,  1.],
        [ 7.,  8., 28.,  7.],
        [ 0.,  2.,  8., 40.]])
2024-12-02 00:46:18,721 INFO server.py 254:: [Server] Precision=[0.67241377 0.5777778  0.5714286  0.8333333 ],
 Recall=[0.78 0.52 0.56 0.8 ],
 F1-score=[0.72222215 0.5473684  0.5656566  0.81632656],
 my_accuracy=66.50000214576721[%]
2024-12-02 00:46:18,721 INFO _main.py 209:: ########EPOCH 25 ########
2024-12-02 00:46:18,722 INFO _main.py 210:: ###Model distribution###
2024-12-02 00:46:21,675 INFO server.py 568:: flip_sign_id={0, 2, 11, 18, 20}
2024-12-02 00:46:21,676 INFO server.py 583:: ===========using shortHoGs for detecting UNTARGETED ATTACK====
2024-12-02 00:46:21,728 INFO server.py 609:: labels cluster_sh= [0 0 0 0 0 0 0 0 0 0 0 0 0 0 0 0 0 0 0 0 0 0 0 0 0 0 0 0 0 0 0 0 0 0 0]
2024-12-02 00:46:21,744 DEBUG server.py 614:: offset_normal_ids=[ 0  1  2  3  4  5  6  7  8  9 10 11 12 13 14 15 16 17 18 19 20 21 22 23
 24 25 26 27 28 29 30 31 32 33 34], normal_ids=[ 1  3  4  5  6  7  8  9 10 12 13 14 15 16 17 19 21 22 23 24 25 26 27 28
 29 30 31 32 33 34 35 36 37 38 39]
2024-12-02 00:46:21,745 INFO server.py 619:: SUSPECTED UNTARGETED []
2024-12-02 00:46:21,745 DEBUG server.py 623:: suspicious_ids=[]
2024-12-02 00:46:21,745 DEBUG server.py 632:: d_normal_sus={}, d_separate=0
2024-12-02 00:46:21,746 INFO server.py 639:: This round UNTARGETED=set(), sus_tAtk_uRel_id0=set()
2024-12-02 00:46:21,760 INFO server.py 708:: This round UNRELIABLE={25}, normal_id={1, 3, 4, 5, 6, 7, 8, 9, 10, 12, 13, 14, 15, 16, 17, 19, 21, 22, 23, 24, 26, 27, 28, 29, 30, 31, 32, 33, 34, 35, 36, 37, 38, 39}
2024-12-02 00:46:21,760 DEBUG server.py 710:: anlge_sHoGs={1: 0.8620224, 3: nan, 4: nan, 5: nan, 6: 0.8404756, 7: 0.7859229, 8: nan, 9: 0.7838789, 10: nan, 12: 0.813588, 13: 0.8190329, 14: 0.7148876, 15: 0.74734074, 16: 0.7534118, 17: 0.73766494, 19: nan, 21: 0.6527752, 22: 0.558391, 23: 0.6896413, 24: 0.3943908, 25: 0.016307022, 26: 0.480467, 27: 0.7752053, 28: 0.69440734, 29: 0.654264, 30: 0.79502267, 31: nan, 32: 0.75960076, 33: nan, 34: 0.7357117, 35: 0.7462613, 36: 0.77407163, 37: nan, 38: 0.7744154, 39: nan}, angle_sep_nsH=0.2053489051759243
2024-12-02 00:46:21,761 INFO server.py 722:: UNRELIABLE clients ={25}
2024-12-02 00:46:21,762 INFO server.py 1064:: clients' sizes=[1, 2, 1, 0, 0, 0, 2, 2, 0, 1, 0, 1, 2, 2, 2, 2, 1, 1, 2, 0, 1, 1, 1, 1, 1, 0, 1, 1, 1, 1, 2, 0, 2, 0, 1, 2, 1, 0, 2, 0], total=41
2024-12-02 00:46:21,781 INFO server.py 327:: [Server] The aggregation takes 0.184935 seconds.

2024-12-02 00:46:21,782 INFO server.py 211:: [Server] Start testing
2024-12-02 00:46:21,801 INFO server.py 235:: [Server] Test set: Average loss: 0.7219, Accuracy: 136/200 (68.0%)

2024-12-02 00:46:21,803 INFO server.py 238:: [Sever] Confusion matrix:
 tensor([[43.,  6.,  1.,  0.],
        [12., 26., 11.,  1.],
        [ 7.,  9., 24., 10.],
        [ 0.,  2.,  5., 43.]])
2024-12-02 00:46:21,804 INFO server.py 254:: [Server] Precision=[0.6935484  0.60465115 0.58536583 0.7962963 ],
 Recall=[0.86 0.52 0.48 0.86],
 F1-score=[0.7678572 0.5591397 0.5274725 0.8269231],
 my_accuracy=68.00000071525574[%]
2024-12-02 00:46:21,805 INFO _main.py 209:: ########EPOCH 26 ########
2024-12-02 00:46:21,806 INFO _main.py 210:: ###Model distribution###
2024-12-02 00:46:24,710 INFO server.py 568:: flip_sign_id={0, 2, 11, 18, 20}
2024-12-02 00:46:24,711 INFO server.py 583:: ===========using shortHoGs for detecting UNTARGETED ATTACK====
2024-12-02 00:46:24,756 INFO server.py 609:: labels cluster_sh= [0 0 0 0 0 0 0 0 0 0 0 0 0 0 0 0 0 0 0 0 0 0 0 0 0 0 0 0 0 0 0 0 0 0 0]
2024-12-02 00:46:24,771 DEBUG server.py 614:: offset_normal_ids=[ 0  1  2  3  4  5  6  7  8  9 10 11 12 13 14 15 16 17 18 19 20 21 22 23
 24 25 26 27 28 29 30 31 32 33 34], normal_ids=[ 1  3  4  5  6  7  8  9 10 12 13 14 15 16 17 19 21 22 23 24 25 26 27 28
 29 30 31 32 33 34 35 36 37 38 39]
2024-12-02 00:46:24,771 INFO server.py 619:: SUSPECTED UNTARGETED []
2024-12-02 00:46:24,772 DEBUG server.py 623:: suspicious_ids=[]
2024-12-02 00:46:24,772 DEBUG server.py 632:: d_normal_sus={}, d_separate=0
2024-12-02 00:46:24,772 INFO server.py 639:: This round UNTARGETED=set(), sus_tAtk_uRel_id0=set()
2024-12-02 00:46:24,786 INFO server.py 708:: This round UNRELIABLE={25}, normal_id={1, 3, 4, 5, 6, 7, 8, 9, 10, 12, 13, 14, 15, 16, 17, 19, 21, 22, 23, 24, 26, 27, 28, 29, 30, 31, 32, 33, 34, 35, 36, 37, 38, 39}
2024-12-02 00:46:24,787 DEBUG server.py 710:: anlge_sHoGs={1: 0.8620224, 3: nan, 4: nan, 5: nan, 6: 0.8404756, 7: 0.7859229, 8: nan, 9: 0.7838789, 10: nan, 12: 0.813588, 13: 0.8190329, 14: 0.7148876, 15: 0.74734074, 16: 0.7534118, 17: 0.73766494, 19: nan, 21: 0.6527752, 22: 0.558391, 23: 0.6896413, 24: 0.3943908, 25: 0.016307022, 26: 0.480467, 27: 0.7752053, 28: 0.69440734, 29: 0.654264, 30: 0.79502267, 31: nan, 32: 0.75960076, 33: nan, 34: 0.7357117, 35: 0.7462613, 36: 0.77407163, 37: nan, 38: 0.7744154, 39: nan}, angle_sep_nsH=0.2053489051759243
2024-12-02 00:46:24,787 INFO server.py 722:: UNRELIABLE clients ={25}
2024-12-02 00:46:24,788 INFO server.py 1064:: clients' sizes=[1, 2, 1, 0, 0, 0, 2, 2, 0, 1, 0, 1, 2, 2, 2, 2, 1, 1, 2, 0, 1, 1, 1, 1, 1, 0, 1, 1, 1, 1, 2, 0, 2, 0, 1, 2, 1, 0, 2, 0], total=41
2024-12-02 00:46:24,805 INFO server.py 327:: [Server] The aggregation takes 0.167921 seconds.

2024-12-02 00:46:24,806 INFO server.py 211:: [Server] Start testing
2024-12-02 00:46:24,826 INFO server.py 235:: [Server] Test set: Average loss: 0.7051, Accuracy: 136/200 (68.0%)

2024-12-02 00:46:24,828 INFO server.py 238:: [Sever] Confusion matrix:
 tensor([[44.,  6.,  0.,  0.],
        [12., 25., 12.,  1.],
        [ 7., 10., 24.,  9.],
        [ 0.,  2.,  5., 43.]])
2024-12-02 00:46:24,832 INFO server.py 254:: [Server] Precision=[0.6984127  0.5813953  0.58536583 0.8113208 ],
 Recall=[0.88 0.5  0.48 0.86],
 F1-score=[0.778761  0.5376344 0.5274725 0.8349515],
 my_accuracy=68.00000071525574[%]
2024-12-02 00:46:24,832 INFO _main.py 209:: ########EPOCH 27 ########
2024-12-02 00:46:24,833 INFO _main.py 210:: ###Model distribution###
2024-12-02 00:46:28,601 INFO server.py 568:: flip_sign_id={0, 2, 11, 18, 20}
2024-12-02 00:46:28,603 INFO server.py 583:: ===========using shortHoGs for detecting UNTARGETED ATTACK====
2024-12-02 00:46:28,837 INFO server.py 609:: labels cluster_sh= [0 0 0 0 0 0 0 0 0 0 0 0 0 0 0 0 0 0 0 0 0 0 0 0 0 0 0 0 0 0 0 0 0 0 0]
2024-12-02 00:46:28,862 DEBUG server.py 614:: offset_normal_ids=[ 0  1  2  3  4  5  6  7  8  9 10 11 12 13 14 15 16 17 18 19 20 21 22 23
 24 25 26 27 28 29 30 31 32 33 34], normal_ids=[ 1  3  4  5  6  7  8  9 10 12 13 14 15 16 17 19 21 22 23 24 25 26 27 28
 29 30 31 32 33 34 35 36 37 38 39]
2024-12-02 00:46:28,869 INFO server.py 619:: SUSPECTED UNTARGETED []
2024-12-02 00:46:28,870 DEBUG server.py 623:: suspicious_ids=[]
2024-12-02 00:46:28,870 DEBUG server.py 632:: d_normal_sus={}, d_separate=0
2024-12-02 00:46:28,870 INFO server.py 639:: This round UNTARGETED=set(), sus_tAtk_uRel_id0=set()
2024-12-02 00:46:28,898 INFO server.py 708:: This round UNRELIABLE={25}, normal_id={1, 3, 4, 5, 6, 7, 8, 9, 10, 12, 13, 14, 15, 16, 17, 19, 21, 22, 23, 24, 26, 27, 28, 29, 30, 31, 32, 33, 34, 35, 36, 37, 38, 39}
2024-12-02 00:46:28,898 DEBUG server.py 710:: anlge_sHoGs={1: 0.8620224, 3: nan, 4: nan, 5: nan, 6: 0.8404756, 7: 0.7859229, 8: nan, 9: 0.7838789, 10: nan, 12: 0.813588, 13: 0.8190329, 14: 0.7148876, 15: 0.74734074, 16: 0.7534118, 17: 0.73766494, 19: nan, 21: 0.6527752, 22: 0.558391, 23: 0.6896413, 24: 0.3943908, 25: 0.016307022, 26: 0.480467, 27: 0.7752053, 28: 0.69440734, 29: 0.654264, 30: 0.79502267, 31: nan, 32: 0.75960076, 33: nan, 34: 0.7357117, 35: 0.7462613, 36: 0.77407163, 37: nan, 38: 0.7744154, 39: nan}, angle_sep_nsH=0.2053489051759243
2024-12-02 00:46:28,899 INFO server.py 722:: UNRELIABLE clients ={25}
2024-12-02 00:46:28,900 INFO server.py 1064:: clients' sizes=[1, 2, 1, 0, 0, 0, 2, 2, 0, 1, 0, 1, 2, 2, 2, 2, 1, 1, 2, 0, 1, 1, 1, 1, 1, 0, 1, 1, 1, 1, 2, 0, 2, 0, 1, 2, 1, 0, 2, 0], total=41
2024-12-02 00:46:28,932 INFO server.py 327:: [Server] The aggregation takes 0.441207 seconds.

2024-12-02 00:46:28,934 INFO server.py 211:: [Server] Start testing
2024-12-02 00:46:28,955 INFO server.py 235:: [Server] Test set: Average loss: 0.6954, Accuracy: 137/200 (68.5%)

2024-12-02 00:46:28,957 INFO server.py 238:: [Sever] Confusion matrix:
 tensor([[44.,  6.,  0.,  0.],
        [12., 26., 11.,  1.],
        [ 6., 10., 25.,  9.],
        [ 0.,  2.,  6., 42.]])
2024-12-02 00:46:28,959 INFO server.py 254:: [Server] Precision=[0.7096774  0.59090906 0.5952381  0.8076923 ],
 Recall=[0.88 0.52 0.5  0.84],
 F1-score=[0.7857143  0.5531915  0.54347825 0.8235294 ],
 my_accuracy=68.50000023841858[%]
2024-12-02 00:46:28,959 INFO _main.py 209:: ########EPOCH 28 ########
2024-12-02 00:46:28,959 INFO _main.py 210:: ###Model distribution###
2024-12-02 00:46:33,140 INFO server.py 568:: flip_sign_id={0, 2, 11, 18, 20}
2024-12-02 00:46:33,140 INFO server.py 583:: ===========using shortHoGs for detecting UNTARGETED ATTACK====
2024-12-02 00:46:33,185 INFO server.py 609:: labels cluster_sh= [0 0 0 0 0 0 0 0 0 0 0 0 0 0 0 0 0 0 0 0 0 0 0 0 0 0 0 0 0 0 0 0 0 0 0]
2024-12-02 00:46:33,198 DEBUG server.py 614:: offset_normal_ids=[ 0  1  2  3  4  5  6  7  8  9 10 11 12 13 14 15 16 17 18 19 20 21 22 23
 24 25 26 27 28 29 30 31 32 33 34], normal_ids=[ 1  3  4  5  6  7  8  9 10 12 13 14 15 16 17 19 21 22 23 24 25 26 27 28
 29 30 31 32 33 34 35 36 37 38 39]
2024-12-02 00:46:33,199 INFO server.py 619:: SUSPECTED UNTARGETED []
2024-12-02 00:46:33,199 DEBUG server.py 623:: suspicious_ids=[]
2024-12-02 00:46:33,199 DEBUG server.py 632:: d_normal_sus={}, d_separate=0
2024-12-02 00:46:33,199 INFO server.py 639:: This round UNTARGETED=set(), sus_tAtk_uRel_id0=set()
2024-12-02 00:46:33,214 INFO server.py 708:: This round UNRELIABLE={25}, normal_id={1, 3, 4, 5, 6, 7, 8, 9, 10, 12, 13, 14, 15, 16, 17, 19, 21, 22, 23, 24, 26, 27, 28, 29, 30, 31, 32, 33, 34, 35, 36, 37, 38, 39}
2024-12-02 00:46:33,214 DEBUG server.py 710:: anlge_sHoGs={1: 0.8620224, 3: nan, 4: nan, 5: nan, 6: 0.8404756, 7: 0.7859229, 8: nan, 9: 0.7838789, 10: nan, 12: 0.813588, 13: 0.8190329, 14: 0.7148876, 15: 0.74734074, 16: 0.7534118, 17: 0.73766494, 19: nan, 21: 0.6527752, 22: 0.558391, 23: 0.6896413, 24: 0.3943908, 25: 0.016307022, 26: 0.480467, 27: 0.7752053, 28: 0.69440734, 29: 0.654264, 30: 0.79502267, 31: nan, 32: 0.75960076, 33: nan, 34: 0.7357117, 35: 0.7462613, 36: 0.77407163, 37: nan, 38: 0.7744154, 39: nan}, angle_sep_nsH=0.2053489051759243
2024-12-02 00:46:33,215 INFO server.py 722:: UNRELIABLE clients ={25}
2024-12-02 00:46:33,217 INFO server.py 1064:: clients' sizes=[1, 2, 1, 0, 0, 0, 2, 2, 0, 1, 0, 1, 2, 2, 2, 2, 1, 1, 2, 0, 1, 1, 1, 1, 1, 0, 1, 1, 1, 1, 2, 0, 2, 0, 1, 2, 1, 0, 2, 0], total=41
2024-12-02 00:46:33,234 INFO server.py 327:: [Server] The aggregation takes 0.161796 seconds.

2024-12-02 00:46:33,236 INFO server.py 211:: [Server] Start testing
2024-12-02 00:46:33,259 INFO server.py 235:: [Server] Test set: Average loss: 0.6902, Accuracy: 137/200 (68.5%)

2024-12-02 00:46:33,261 INFO server.py 238:: [Sever] Confusion matrix:
 tensor([[44.,  6.,  0.,  0.],
        [12., 25., 12.,  1.],
        [ 6., 10., 25.,  9.],
        [ 0.,  2.,  5., 43.]])
2024-12-02 00:46:33,262 INFO server.py 254:: [Server] Precision=[0.7096774 0.5813953 0.5952381 0.8113208],
 Recall=[0.88 0.5  0.5  0.86],
 F1-score=[0.7857143  0.5376344  0.54347825 0.8349515 ],
 my_accuracy=68.50000023841858[%]
2024-12-02 00:46:33,263 INFO _main.py 209:: ########EPOCH 29 ########
2024-12-02 00:46:33,263 INFO _main.py 210:: ###Model distribution###
2024-12-02 00:46:36,259 INFO server.py 568:: flip_sign_id={0, 2, 11, 18, 20}
2024-12-02 00:46:36,259 INFO server.py 583:: ===========using shortHoGs for detecting UNTARGETED ATTACK====
2024-12-02 00:46:36,304 INFO server.py 609:: labels cluster_sh= [0 0 0 0 0 0 0 0 0 0 0 0 0 0 0 0 0 0 0 0 0 0 0 0 0 0 0 0 0 0 0 0 0 0 0]
2024-12-02 00:46:36,318 DEBUG server.py 614:: offset_normal_ids=[ 0  1  2  3  4  5  6  7  8  9 10 11 12 13 14 15 16 17 18 19 20 21 22 23
 24 25 26 27 28 29 30 31 32 33 34], normal_ids=[ 1  3  4  5  6  7  8  9 10 12 13 14 15 16 17 19 21 22 23 24 25 26 27 28
 29 30 31 32 33 34 35 36 37 38 39]
2024-12-02 00:46:36,318 INFO server.py 619:: SUSPECTED UNTARGETED []
2024-12-02 00:46:36,319 DEBUG server.py 623:: suspicious_ids=[]
2024-12-02 00:46:36,319 DEBUG server.py 632:: d_normal_sus={}, d_separate=0
2024-12-02 00:46:36,320 INFO server.py 639:: This round UNTARGETED=set(), sus_tAtk_uRel_id0=set()
2024-12-02 00:46:36,335 INFO server.py 708:: This round UNRELIABLE={25}, normal_id={1, 3, 4, 5, 6, 7, 8, 9, 10, 12, 13, 14, 15, 16, 17, 19, 21, 22, 23, 24, 26, 27, 28, 29, 30, 31, 32, 33, 34, 35, 36, 37, 38, 39}
2024-12-02 00:46:36,336 DEBUG server.py 710:: anlge_sHoGs={1: 0.8620224, 3: nan, 4: nan, 5: nan, 6: 0.8404756, 7: 0.7859229, 8: nan, 9: 0.7838789, 10: nan, 12: 0.813588, 13: 0.8190329, 14: 0.7148876, 15: 0.74734074, 16: 0.7534118, 17: 0.73766494, 19: nan, 21: 0.6527752, 22: 0.558391, 23: 0.6896413, 24: 0.3943908, 25: 0.016307022, 26: 0.480467, 27: 0.7752053, 28: 0.69440734, 29: 0.654264, 30: 0.79502267, 31: nan, 32: 0.75960076, 33: nan, 34: 0.7357117, 35: 0.7462613, 36: 0.77407163, 37: nan, 38: 0.7744154, 39: nan}, angle_sep_nsH=0.2053489051759243
2024-12-02 00:46:36,336 INFO server.py 722:: UNRELIABLE clients ={25}
2024-12-02 00:46:36,338 INFO server.py 1064:: clients' sizes=[1, 2, 1, 0, 0, 0, 2, 2, 0, 1, 0, 1, 2, 2, 2, 2, 1, 1, 2, 0, 1, 1, 1, 1, 1, 0, 1, 1, 1, 1, 2, 0, 2, 0, 1, 2, 1, 0, 2, 0], total=41
2024-12-02 00:46:36,355 INFO server.py 327:: [Server] The aggregation takes 0.168394 seconds.

2024-12-02 00:46:36,356 INFO server.py 211:: [Server] Start testing
2024-12-02 00:46:36,378 INFO server.py 235:: [Server] Test set: Average loss: 0.6978, Accuracy: 138/200 (69.0%)

2024-12-02 00:46:36,380 INFO server.py 238:: [Sever] Confusion matrix:
 tensor([[46.,  4.,  0.,  0.],
        [13., 24., 12.,  1.],
        [ 7.,  9., 25.,  9.],
        [ 0.,  2.,  5., 43.]])
2024-12-02 00:46:36,382 INFO server.py 254:: [Server] Precision=[0.6969697  0.61538464 0.5952381  0.8113208 ],
 Recall=[0.92 0.48 0.5  0.86],
 F1-score=[0.7931034  0.53932583 0.54347825 0.8349515 ],
 my_accuracy=68.99999976158142[%]
2024-12-02 00:46:36,383 INFO _main.py 209:: ########EPOCH 30 ########
2024-12-02 00:46:36,384 INFO _main.py 210:: ###Model distribution###
2024-12-02 00:46:39,166 INFO server.py 568:: flip_sign_id={0, 2, 11, 18, 20}
2024-12-02 00:46:39,166 INFO server.py 583:: ===========using shortHoGs for detecting UNTARGETED ATTACK====
2024-12-02 00:46:39,210 INFO server.py 609:: labels cluster_sh= [0 0 0 0 0 0 0 0 0 0 0 0 0 0 0 0 0 0 0 0 0 0 0 0 0 0 0 0 0 0 0 0 0 0 0]
2024-12-02 00:46:39,224 DEBUG server.py 614:: offset_normal_ids=[ 0  1  2  3  4  5  6  7  8  9 10 11 12 13 14 15 16 17 18 19 20 21 22 23
 24 25 26 27 28 29 30 31 32 33 34], normal_ids=[ 1  3  4  5  6  7  8  9 10 12 13 14 15 16 17 19 21 22 23 24 25 26 27 28
 29 30 31 32 33 34 35 36 37 38 39]
2024-12-02 00:46:39,224 INFO server.py 619:: SUSPECTED UNTARGETED []
2024-12-02 00:46:39,225 DEBUG server.py 623:: suspicious_ids=[]
2024-12-02 00:46:39,225 DEBUG server.py 632:: d_normal_sus={}, d_separate=0
2024-12-02 00:46:39,225 INFO server.py 639:: This round UNTARGETED=set(), sus_tAtk_uRel_id0=set()
2024-12-02 00:46:39,239 INFO server.py 708:: This round UNRELIABLE={25}, normal_id={1, 3, 4, 5, 6, 7, 8, 9, 10, 12, 13, 14, 15, 16, 17, 19, 21, 22, 23, 24, 26, 27, 28, 29, 30, 31, 32, 33, 34, 35, 36, 37, 38, 39}
2024-12-02 00:46:39,240 DEBUG server.py 710:: anlge_sHoGs={1: 0.8620224, 3: nan, 4: nan, 5: nan, 6: 0.8404756, 7: 0.7859229, 8: nan, 9: 0.7838789, 10: nan, 12: 0.813588, 13: 0.8190329, 14: 0.7148876, 15: 0.74734074, 16: 0.7534118, 17: 0.73766494, 19: nan, 21: 0.6527752, 22: 0.558391, 23: 0.6896413, 24: 0.3943908, 25: 0.016307022, 26: 0.480467, 27: 0.7752053, 28: 0.69440734, 29: 0.654264, 30: 0.79502267, 31: nan, 32: 0.75960076, 33: nan, 34: 0.7357117, 35: 0.7462613, 36: 0.77407163, 37: nan, 38: 0.7744154, 39: nan}, angle_sep_nsH=0.2053489051759243
2024-12-02 00:46:39,240 INFO server.py 722:: UNRELIABLE clients ={25}
2024-12-02 00:46:39,241 INFO server.py 1064:: clients' sizes=[1, 2, 1, 0, 0, 0, 2, 2, 0, 1, 0, 1, 2, 2, 2, 2, 1, 1, 2, 0, 1, 1, 1, 1, 1, 0, 1, 1, 1, 1, 2, 0, 2, 0, 1, 2, 1, 0, 2, 0], total=41
2024-12-02 00:46:39,259 INFO server.py 327:: [Server] The aggregation takes 0.161688 seconds.

2024-12-02 00:46:39,260 INFO server.py 211:: [Server] Start testing
2024-12-02 00:46:39,280 INFO server.py 235:: [Server] Test set: Average loss: 0.6781, Accuracy: 140/200 (70.0%)

2024-12-02 00:46:39,281 INFO server.py 238:: [Sever] Confusion matrix:
 tensor([[44.,  6.,  0.,  0.],
        [12., 25., 12.,  1.],
        [ 6.,  7., 28.,  9.],
        [ 0.,  2.,  5., 43.]])
2024-12-02 00:46:39,283 INFO server.py 254:: [Server] Precision=[0.7096774  0.625      0.62222224 0.8113208 ],
 Recall=[0.88 0.5  0.56 0.86],
 F1-score=[0.7857143 0.5555556 0.5894737 0.8349515],
 my_accuracy=69.9999988079071[%]
2024-12-02 00:46:39,283 INFO _main.py 209:: ########EPOCH 31 ########
2024-12-02 00:46:39,284 INFO _main.py 210:: ###Model distribution###
2024-12-02 00:46:42,419 INFO server.py 568:: flip_sign_id={0, 2, 11, 18, 20}
2024-12-02 00:46:42,420 INFO server.py 583:: ===========using shortHoGs for detecting UNTARGETED ATTACK====
2024-12-02 00:46:42,654 INFO server.py 609:: labels cluster_sh= [0 0 0 0 0 0 0 0 0 0 0 0 0 0 0 0 0 0 0 0 0 0 0 0 0 0 0 0 0 0 0 0 0 0 0]
2024-12-02 00:46:42,685 DEBUG server.py 614:: offset_normal_ids=[ 0  1  2  3  4  5  6  7  8  9 10 11 12 13 14 15 16 17 18 19 20 21 22 23
 24 25 26 27 28 29 30 31 32 33 34], normal_ids=[ 1  3  4  5  6  7  8  9 10 12 13 14 15 16 17 19 21 22 23 24 25 26 27 28
 29 30 31 32 33 34 35 36 37 38 39]
2024-12-02 00:46:42,688 INFO server.py 619:: SUSPECTED UNTARGETED []
2024-12-02 00:46:42,688 DEBUG server.py 623:: suspicious_ids=[]
2024-12-02 00:46:42,689 DEBUG server.py 632:: d_normal_sus={}, d_separate=0
2024-12-02 00:46:42,691 INFO server.py 639:: This round UNTARGETED=set(), sus_tAtk_uRel_id0=set()
2024-12-02 00:46:42,714 INFO server.py 708:: This round UNRELIABLE={25}, normal_id={1, 3, 4, 5, 6, 7, 8, 9, 10, 12, 13, 14, 15, 16, 17, 19, 21, 22, 23, 24, 26, 27, 28, 29, 30, 31, 32, 33, 34, 35, 36, 37, 38, 39}
2024-12-02 00:46:42,720 DEBUG server.py 710:: anlge_sHoGs={1: 0.8620224, 3: nan, 4: nan, 5: nan, 6: 0.8404756, 7: 0.7859229, 8: nan, 9: 0.7838789, 10: nan, 12: 0.813588, 13: 0.8190329, 14: 0.7148876, 15: 0.74734074, 16: 0.7534118, 17: 0.73766494, 19: nan, 21: 0.6527752, 22: 0.558391, 23: 0.6896413, 24: 0.3943908, 25: 0.016307022, 26: 0.480467, 27: 0.7752053, 28: 0.69440734, 29: 0.654264, 30: 0.79502267, 31: nan, 32: 0.75960076, 33: nan, 34: 0.7357117, 35: 0.7462613, 36: 0.77407163, 37: nan, 38: 0.7744154, 39: nan}, angle_sep_nsH=0.2053489051759243
2024-12-02 00:46:42,721 INFO server.py 722:: UNRELIABLE clients ={25}
2024-12-02 00:46:42,728 INFO server.py 1064:: clients' sizes=[1, 2, 1, 0, 0, 0, 2, 2, 0, 1, 0, 1, 2, 2, 2, 2, 1, 1, 2, 0, 1, 1, 1, 1, 1, 0, 1, 1, 1, 1, 2, 0, 2, 0, 1, 2, 1, 0, 2, 0], total=41
2024-12-02 00:46:42,754 INFO server.py 327:: [Server] The aggregation takes 0.448705 seconds.

2024-12-02 00:46:42,755 INFO server.py 211:: [Server] Start testing
2024-12-02 00:46:42,776 INFO server.py 235:: [Server] Test set: Average loss: 0.6688, Accuracy: 142/200 (71.0%)

2024-12-02 00:46:42,778 INFO server.py 238:: [Sever] Confusion matrix:
 tensor([[46.,  4.,  0.,  0.],
        [13., 22., 13.,  2.],
        [ 6.,  4., 31.,  9.],
        [ 0.,  1.,  6., 43.]])
2024-12-02 00:46:42,779 INFO server.py 254:: [Server] Precision=[0.7076923 0.7096774 0.62      0.7962963],
 Recall=[0.92 0.44 0.62 0.86],
 F1-score=[0.8000001 0.5432099 0.62      0.8269231],
 my_accuracy=70.99999785423279[%]
2024-12-02 00:46:42,780 INFO _main.py 209:: ########EPOCH 32 ########
2024-12-02 00:46:42,781 INFO _main.py 210:: ###Model distribution###
2024-12-02 00:46:46,983 INFO server.py 568:: flip_sign_id={0, 2, 11, 18, 20}
2024-12-02 00:46:46,983 INFO server.py 583:: ===========using shortHoGs for detecting UNTARGETED ATTACK====
2024-12-02 00:46:47,471 INFO server.py 609:: labels cluster_sh= [0 0 0 0 0 0 0 0 0 0 0 0 0 0 0 0 0 0 0 0 0 0 0 0 0 0 0 0 0 0 0 0 0 0 0]
2024-12-02 00:46:47,500 DEBUG server.py 614:: offset_normal_ids=[ 0  1  2  3  4  5  6  7  8  9 10 11 12 13 14 15 16 17 18 19 20 21 22 23
 24 25 26 27 28 29 30 31 32 33 34], normal_ids=[ 1  3  4  5  6  7  8  9 10 12 13 14 15 16 17 19 21 22 23 24 25 26 27 28
 29 30 31 32 33 34 35 36 37 38 39]
2024-12-02 00:46:47,502 INFO server.py 619:: SUSPECTED UNTARGETED []
2024-12-02 00:46:47,503 DEBUG server.py 623:: suspicious_ids=[]
2024-12-02 00:46:47,503 DEBUG server.py 632:: d_normal_sus={}, d_separate=0
2024-12-02 00:46:47,503 INFO server.py 639:: This round UNTARGETED=set(), sus_tAtk_uRel_id0=set()
2024-12-02 00:46:47,529 INFO server.py 708:: This round UNRELIABLE={25}, normal_id={1, 3, 4, 5, 6, 7, 8, 9, 10, 12, 13, 14, 15, 16, 17, 19, 21, 22, 23, 24, 26, 27, 28, 29, 30, 31, 32, 33, 34, 35, 36, 37, 38, 39}
2024-12-02 00:46:47,532 DEBUG server.py 710:: anlge_sHoGs={1: 0.8620224, 3: nan, 4: nan, 5: nan, 6: 0.8404756, 7: 0.7859229, 8: nan, 9: 0.7838789, 10: nan, 12: 0.813588, 13: 0.8190329, 14: 0.7148876, 15: 0.74734074, 16: 0.7534118, 17: 0.73766494, 19: nan, 21: 0.6527752, 22: 0.558391, 23: 0.6896413, 24: 0.3943908, 25: 0.016307022, 26: 0.480467, 27: 0.7752053, 28: 0.69440734, 29: 0.654264, 30: 0.79502267, 31: nan, 32: 0.75960076, 33: nan, 34: 0.7357117, 35: 0.7462613, 36: 0.77407163, 37: nan, 38: 0.7744154, 39: nan}, angle_sep_nsH=0.2053489051759243
2024-12-02 00:46:47,534 INFO server.py 722:: UNRELIABLE clients ={25}
2024-12-02 00:46:47,536 INFO server.py 1064:: clients' sizes=[1, 2, 1, 0, 0, 0, 2, 2, 0, 1, 0, 1, 2, 2, 2, 2, 1, 1, 2, 0, 1, 1, 1, 1, 1, 0, 1, 1, 1, 1, 2, 0, 2, 0, 1, 2, 1, 0, 2, 0], total=41
2024-12-02 00:46:47,568 INFO server.py 327:: [Server] The aggregation takes 0.699210 seconds.

2024-12-02 00:46:47,569 INFO server.py 211:: [Server] Start testing
2024-12-02 00:46:47,591 INFO server.py 235:: [Server] Test set: Average loss: 0.6608, Accuracy: 141/200 (70.5%)

2024-12-02 00:46:47,593 INFO server.py 238:: [Sever] Confusion matrix:
 tensor([[46.,  4.,  0.,  0.],
        [13., 22., 14.,  1.],
        [ 6.,  5., 30.,  9.],
        [ 0.,  1.,  6., 43.]])
2024-12-02 00:46:47,595 INFO server.py 254:: [Server] Precision=[0.7076923 0.6875    0.6       0.8113208],
 Recall=[0.92 0.44 0.6  0.86],
 F1-score=[0.8000001  0.53658533 0.6        0.8349515 ],
 my_accuracy=70.49999833106995[%]
2024-12-02 00:46:47,596 INFO _main.py 209:: ########EPOCH 33 ########
2024-12-02 00:46:47,597 INFO _main.py 210:: ###Model distribution###
2024-12-02 00:46:50,370 INFO server.py 568:: flip_sign_id={0, 2, 11, 18, 20}
2024-12-02 00:46:50,370 INFO server.py 583:: ===========using shortHoGs for detecting UNTARGETED ATTACK====
2024-12-02 00:46:50,415 INFO server.py 609:: labels cluster_sh= [0 0 0 0 0 0 0 0 0 0 0 0 0 0 0 0 0 0 0 0 0 0 0 0 0 0 0 0 0 0 0 0 0 0 0]
2024-12-02 00:46:50,429 DEBUG server.py 614:: offset_normal_ids=[ 0  1  2  3  4  5  6  7  8  9 10 11 12 13 14 15 16 17 18 19 20 21 22 23
 24 25 26 27 28 29 30 31 32 33 34], normal_ids=[ 1  3  4  5  6  7  8  9 10 12 13 14 15 16 17 19 21 22 23 24 25 26 27 28
 29 30 31 32 33 34 35 36 37 38 39]
2024-12-02 00:46:50,429 INFO server.py 619:: SUSPECTED UNTARGETED []
2024-12-02 00:46:50,430 DEBUG server.py 623:: suspicious_ids=[]
2024-12-02 00:46:50,430 DEBUG server.py 632:: d_normal_sus={}, d_separate=0
2024-12-02 00:46:50,430 INFO server.py 639:: This round UNTARGETED=set(), sus_tAtk_uRel_id0=set()
2024-12-02 00:46:50,443 INFO server.py 708:: This round UNRELIABLE={25}, normal_id={1, 3, 4, 5, 6, 7, 8, 9, 10, 12, 13, 14, 15, 16, 17, 19, 21, 22, 23, 24, 26, 27, 28, 29, 30, 31, 32, 33, 34, 35, 36, 37, 38, 39}
2024-12-02 00:46:50,444 DEBUG server.py 710:: anlge_sHoGs={1: 0.8620224, 3: nan, 4: nan, 5: nan, 6: 0.8404756, 7: 0.7859229, 8: nan, 9: 0.7838789, 10: nan, 12: 0.813588, 13: 0.8190329, 14: 0.7148876, 15: 0.74734074, 16: 0.7534118, 17: 0.73766494, 19: nan, 21: 0.6527752, 22: 0.558391, 23: 0.6896413, 24: 0.3943908, 25: 0.016307022, 26: 0.480467, 27: 0.7752053, 28: 0.69440734, 29: 0.654264, 30: 0.79502267, 31: nan, 32: 0.75960076, 33: nan, 34: 0.7357117, 35: 0.7462613, 36: 0.77407163, 37: nan, 38: 0.7744154, 39: nan}, angle_sep_nsH=0.2053489051759243
2024-12-02 00:46:50,444 INFO server.py 722:: UNRELIABLE clients ={25}
2024-12-02 00:46:50,446 INFO server.py 1064:: clients' sizes=[1, 2, 1, 0, 0, 0, 2, 2, 0, 1, 0, 1, 2, 2, 2, 2, 1, 1, 2, 0, 1, 1, 1, 1, 1, 0, 1, 1, 1, 1, 2, 0, 2, 0, 1, 2, 1, 0, 2, 0], total=41
2024-12-02 00:46:50,462 INFO server.py 327:: [Server] The aggregation takes 0.158222 seconds.

2024-12-02 00:46:50,463 INFO server.py 211:: [Server] Start testing
2024-12-02 00:46:50,482 INFO server.py 235:: [Server] Test set: Average loss: 0.6715, Accuracy: 142/200 (71.0%)

2024-12-02 00:46:50,483 INFO server.py 238:: [Sever] Confusion matrix:
 tensor([[46.,  4.,  0.,  0.],
        [13., 24., 12.,  1.],
        [ 6.,  7., 29.,  8.],
        [ 0.,  1.,  6., 43.]])
2024-12-02 00:46:50,484 INFO server.py 254:: [Server] Precision=[0.7076923  0.6666667  0.61702126 0.8269231 ],
 Recall=[0.92 0.48 0.58 0.86],
 F1-score=[0.8000001 0.5581395 0.5979381 0.8431373],
 my_accuracy=70.99999785423279[%]
2024-12-02 00:46:50,485 INFO _main.py 209:: ########EPOCH 34 ########
2024-12-02 00:46:50,486 INFO _main.py 210:: ###Model distribution###
2024-12-02 00:46:53,357 INFO server.py 568:: flip_sign_id={0, 2, 11, 18, 20}
2024-12-02 00:46:53,357 INFO server.py 583:: ===========using shortHoGs for detecting UNTARGETED ATTACK====
2024-12-02 00:46:53,400 INFO server.py 609:: labels cluster_sh= [0 0 0 0 0 0 0 0 0 0 0 0 0 0 0 0 0 0 0 0 0 0 0 0 0 0 0 0 0 0 0 0 0 0 0]
2024-12-02 00:46:53,414 DEBUG server.py 614:: offset_normal_ids=[ 0  1  2  3  4  5  6  7  8  9 10 11 12 13 14 15 16 17 18 19 20 21 22 23
 24 25 26 27 28 29 30 31 32 33 34], normal_ids=[ 1  3  4  5  6  7  8  9 10 12 13 14 15 16 17 19 21 22 23 24 25 26 27 28
 29 30 31 32 33 34 35 36 37 38 39]
2024-12-02 00:46:53,414 INFO server.py 619:: SUSPECTED UNTARGETED []
2024-12-02 00:46:53,415 DEBUG server.py 623:: suspicious_ids=[]
2024-12-02 00:46:53,415 DEBUG server.py 632:: d_normal_sus={}, d_separate=0
2024-12-02 00:46:53,415 INFO server.py 639:: This round UNTARGETED=set(), sus_tAtk_uRel_id0=set()
2024-12-02 00:46:53,432 INFO server.py 708:: This round UNRELIABLE={25}, normal_id={1, 3, 4, 5, 6, 7, 8, 9, 10, 12, 13, 14, 15, 16, 17, 19, 21, 22, 23, 24, 26, 27, 28, 29, 30, 31, 32, 33, 34, 35, 36, 37, 38, 39}
2024-12-02 00:46:53,432 DEBUG server.py 710:: anlge_sHoGs={1: 0.8620224, 3: nan, 4: nan, 5: nan, 6: 0.8404756, 7: 0.7859229, 8: nan, 9: 0.7838789, 10: nan, 12: 0.813588, 13: 0.8190329, 14: 0.7148876, 15: 0.74734074, 16: 0.7534118, 17: 0.73766494, 19: nan, 21: 0.6527752, 22: 0.558391, 23: 0.6896413, 24: 0.3943908, 25: 0.016307022, 26: 0.480467, 27: 0.7752053, 28: 0.69440734, 29: 0.654264, 30: 0.79502267, 31: nan, 32: 0.75960076, 33: nan, 34: 0.7357117, 35: 0.7462613, 36: 0.77407163, 37: nan, 38: 0.7744154, 39: nan}, angle_sep_nsH=0.2053489051759243
2024-12-02 00:46:53,433 INFO server.py 722:: UNRELIABLE clients ={25}
2024-12-02 00:46:53,434 INFO server.py 1064:: clients' sizes=[1, 2, 1, 0, 0, 0, 2, 2, 0, 1, 0, 1, 2, 2, 2, 2, 1, 1, 2, 0, 1, 1, 1, 1, 1, 0, 1, 1, 1, 1, 2, 0, 2, 0, 1, 2, 1, 0, 2, 0], total=41
2024-12-02 00:46:53,450 INFO server.py 327:: [Server] The aggregation takes 0.159868 seconds.

2024-12-02 00:46:53,451 INFO server.py 211:: [Server] Start testing
2024-12-02 00:46:53,469 INFO server.py 235:: [Server] Test set: Average loss: 0.6779, Accuracy: 143/200 (71.5%)

2024-12-02 00:46:53,471 INFO server.py 238:: [Sever] Confusion matrix:
 tensor([[47.,  3.,  0.,  0.],
        [13., 25., 11.,  1.],
        [ 7.,  7., 28.,  8.],
        [ 0.,  1.,  6., 43.]])
2024-12-02 00:46:53,472 INFO server.py 254:: [Server] Precision=[0.70149255 0.6944444  0.62222224 0.8269231 ],
 Recall=[0.94 0.5  0.56 0.86],
 F1-score=[0.80341876 0.5813953  0.5894737  0.8431373 ],
 my_accuracy=71.49999737739563[%]
