2024-12-01 20:48:19,489 INFO _main.py 39:: ################################################################
2024-12-01 20:48:19,491 INFO _main.py 41:: #                              batch_size: 64                  #
2024-12-01 20:48:19,493 INFO _main.py 41:: #                         test_batch_size: 32                  #
2024-12-01 20:48:19,493 INFO _main.py 41:: #                                  epochs: 10                  #
2024-12-01 20:48:19,495 INFO _main.py 41:: #                               optimizer: SGD                 #
2024-12-01 20:48:19,496 INFO _main.py 41:: #                                      lr: 0.01                #
2024-12-01 20:48:19,497 INFO _main.py 41:: #                                momentum: 0.9                 #
2024-12-01 20:48:19,497 INFO _main.py 41:: #                            weight_decay: 0.0001              #
2024-12-01 20:48:19,497 INFO _main.py 41:: #                                    seed: 1                   #
2024-12-01 20:48:19,497 INFO _main.py 41:: #                            log_interval: 11                  #
2024-12-01 20:48:19,498 INFO _main.py 41:: #                             num_clients: 40                  #
2024-12-01 20:48:19,498 INFO _main.py 41:: #                           output_folder: experiments         #
2024-12-01 20:48:19,499 INFO _main.py 41:: #                                 dataset: rockburst           #
2024-12-01 20:48:19,499 INFO _main.py 41:: #                             loader_type: dirichlet           #
2024-12-01 20:48:19,499 INFO _main.py 41:: #                             loader_path: ./data/loader.pk    #
2024-12-01 20:48:19,499 INFO _main.py 41:: #                                      AR: mudhog              #
2024-12-01 20:48:19,499 INFO _main.py 41:: #                     n_attacker_backdoor: 0                   #
2024-12-01 20:48:19,500 INFO _main.py 41:: #                        backdoor_trigger: [0, 0, 1, 1]        #
2024-12-01 20:48:19,500 INFO _main.py 41:: #                   n_attacker_omniscient: 0                   #
2024-12-01 20:48:19,501 INFO _main.py 41:: #                        omniscient_scale: 1                   #
2024-12-01 20:48:19,501 INFO _main.py 41:: #                                 attacks: None                #
2024-12-01 20:48:19,501 INFO _main.py 41:: #                      save_model_weights: False               #
2024-12-01 20:48:19,501 INFO _main.py 41:: #                         experiment_name: sExp4Ba_40ep_rockburst_mudhog_40C_5#
2024-12-01 20:48:19,502 INFO _main.py 41:: #                          path_to_aggNet: None                #
2024-12-01 20:48:19,502 INFO _main.py 41:: #                                  device: cpu                 #
2024-12-01 20:48:19,502 INFO _main.py 41:: #                            inner_epochs: 4                   #
2024-12-01 20:48:19,503 INFO _main.py 41:: #                                 verbose: True                #
2024-12-01 20:48:19,503 INFO _main.py 41:: #                         list_unreliable: [2, 18, 20]         #
2024-12-01 20:48:19,503 INFO _main.py 41:: #                     unreliable_fraction: 0.5                 #
2024-12-01 20:48:19,503 INFO _main.py 41:: #                    unreliable_fracTrain: 0.3                 #
2024-12-01 20:48:19,504 INFO _main.py 41:: #                         mean_unreliable: 0.0                 #
2024-12-01 20:48:19,504 INFO _main.py 41:: #                             blur_method: add_noise           #
2024-12-01 20:48:19,504 INFO _main.py 41:: #                      max_std_unreliable: 30.0                #
2024-12-01 20:48:19,505 INFO _main.py 41:: #                     list_uatk_add_noise: [24, 25, 26]        #
2024-12-01 20:48:19,505 INFO _main.py 41:: #                          mean_add_noise: 0.0                 #
2024-12-01 20:48:19,505 INFO _main.py 41:: #                           std_add_noise: 0.01                #
2024-12-01 20:48:19,506 INFO _main.py 41:: #                     list_uatk_flip_sign: [0, 10, 11]         #
2024-12-01 20:48:19,506 INFO _main.py 42:: ################################################################
2024-12-01 20:48:19,506 INFO _main.py 43:: Namespace(batch_size=64, test_batch_size=32, epochs=10, optimizer='SGD', lr=0.01, momentum=0.9, weight_decay=0.0001, seed=1, log_interval=11, num_clients=40, output_folder='experiments', dataset='rockburst', loader_type='dirichlet', loader_path='./data/loader.pk', AR='mudhog', n_attacker_backdoor=0, backdoor_trigger=[0, 0, 1, 1], n_attacker_omniscient=0, omniscient_scale=1, attacks=None, save_model_weights=False, experiment_name='sExp4Ba_40ep_rockburst_mudhog_40C_5', path_to_aggNet=None, device='cpu', inner_epochs=4, verbose=True, list_unreliable=[2, 18, 20], unreliable_fraction=0.5, unreliable_fracTrain=0.3, mean_unreliable=0.0, blur_method='add_noise', max_std_unreliable=30.0, list_uatk_add_noise=[24, 25, 26], mean_add_noise=0.0, std_add_noise=0.01, list_uatk_flip_sign=[0, 10, 11])
2024-12-01 20:48:19,506 INFO _main.py 44:: #####################
2024-12-01 20:48:19,507 INFO _main.py 45:: #####################
2024-12-01 20:48:19,507 INFO _main.py 46:: #####################
2024-12-01 20:48:19,507 INFO _main.py 47:: Aggregation Rule:	mudhog
2024-12-01 20:48:19,507 INFO _main.py 48:: Data distribution:	dirichlet
2024-12-01 20:48:19,507 INFO _main.py 49:: Attacks:	None 
2024-12-01 20:48:19,507 INFO _main.py 50:: #####################
2024-12-01 20:48:19,508 INFO _main.py 51:: #####################
2024-12-01 20:48:19,508 INFO _main.py 52:: #####################
2024-12-01 20:48:21,078 INFO server.py 366:: SET DBSCAN eps=1.3, min_samples=10
2024-12-01 20:48:21,081 INFO _main.py 135:: [1-normal, 0-malicious] label =tensor([0., 1., 1., 1., 1., 1., 1., 1., 1., 1., 0., 0., 1., 1., 1., 1., 1., 1.,
        1., 1., 1., 1., 1., 1., 0., 0., 0., 1., 1., 1., 1., 1., 1., 1., 1., 1.,
        1., 1., 1., 1.])
2024-12-01 20:48:21,086 INFO malicious_clients.py 117:: init ATTACK OMNISCIENT Client 0
2024-12-01 20:48:21,091 INFO malicious_clients.py 18:: init UNRELIABLE Client 2
2024-12-01 20:48:21,122 INFO malicious_clients.py 117:: init ATTACK OMNISCIENT Client 10
2024-12-01 20:48:21,126 INFO malicious_clients.py 117:: init ATTACK OMNISCIENT Client 11
2024-12-01 20:48:21,147 INFO malicious_clients.py 18:: init UNRELIABLE Client 18
2024-12-01 20:48:21,154 INFO malicious_clients.py 18:: init UNRELIABLE Client 20
2024-12-01 20:48:21,171 INFO malicious_clients.py 73:: init ATTACK ADD NOISE TO GRAD Client 24
2024-12-01 20:48:21,175 INFO malicious_clients.py 73:: init ATTACK ADD NOISE TO GRAD Client 25
2024-12-01 20:48:21,179 INFO malicious_clients.py 73:: init ATTACK ADD NOISE TO GRAD Client 26
2024-12-01 20:48:21,233 INFO server.py 211:: [Server] Start testing
2024-12-01 20:48:21,252 INFO server.py 235:: [Server] Test set: Average loss: 1.3864, Accuracy: 50/200 (25.0%)

2024-12-01 20:48:21,253 INFO server.py 238:: [Sever] Confusion matrix:
 tensor([[50.,  0.,  0.,  0.],
        [50.,  0.,  0.,  0.],
        [50.,  0.,  0.,  0.],
        [50.,  0.,  0.,  0.]])
2024-12-01 20:48:21,260 INFO server.py 254:: [Server] Precision=[0.25  nan  nan  nan],
 Recall=[1. 0. 0. 0.],
 F1-score=[0.4 nan nan nan],
 my_accuracy=25.0[%]
2024-12-01 20:48:21,262 INFO _main.py 209:: ########EPOCH 0 ########
2024-12-01 20:48:21,262 INFO _main.py 210:: ###Model distribution###
2024-12-01 20:48:24,021 INFO server.py 1064:: clients' sizes=[1, 2, 1, 0, 0, 0, 2, 2, 0, 1, 0, 1, 2, 2, 2, 2, 1, 1, 2, 0, 1, 1, 1, 1, 1, 0, 1, 1, 1, 1, 2, 0, 2, 0, 1, 2, 1, 0, 2, 0], total=41
2024-12-01 20:48:24,036 INFO server.py 327:: [Server] The aggregation takes 2.334529 seconds.

2024-12-01 20:48:24,038 INFO server.py 211:: [Server] Start testing
2024-12-01 20:48:24,061 INFO server.py 235:: [Server] Test set: Average loss: 1.3840, Accuracy: 50/200 (25.0%)

2024-12-01 20:48:24,062 INFO server.py 238:: [Sever] Confusion matrix:
 tensor([[50.,  0.,  0.,  0.],
        [50.,  0.,  0.,  0.],
        [50.,  0.,  0.,  0.],
        [50.,  0.,  0.,  0.]])
2024-12-01 20:48:24,064 INFO server.py 254:: [Server] Precision=[0.25  nan  nan  nan],
 Recall=[1. 0. 0. 0.],
 F1-score=[0.4 nan nan nan],
 my_accuracy=25.0[%]
2024-12-01 20:48:24,064 INFO _main.py 209:: ########EPOCH 1 ########
2024-12-01 20:48:24,064 INFO _main.py 210:: ###Model distribution###
2024-12-01 20:48:26,799 INFO server.py 1064:: clients' sizes=[1, 2, 1, 0, 0, 0, 2, 2, 0, 1, 0, 1, 2, 2, 2, 2, 1, 1, 2, 0, 1, 1, 1, 1, 1, 0, 1, 1, 1, 1, 2, 0, 2, 0, 1, 2, 1, 0, 2, 0], total=41
2024-12-01 20:48:26,819 INFO server.py 327:: [Server] The aggregation takes 2.272301 seconds.

2024-12-01 20:48:26,820 INFO server.py 211:: [Server] Start testing
2024-12-01 20:48:26,839 INFO server.py 235:: [Server] Test set: Average loss: 1.3793, Accuracy: 50/200 (25.0%)

2024-12-01 20:48:26,840 INFO server.py 238:: [Sever] Confusion matrix:
 tensor([[50.,  0.,  0.,  0.],
        [50.,  0.,  0.,  0.],
        [50.,  0.,  0.,  0.],
        [50.,  0.,  0.,  0.]])
2024-12-01 20:48:26,841 INFO server.py 254:: [Server] Precision=[0.25  nan  nan  nan],
 Recall=[1. 0. 0. 0.],
 F1-score=[0.4 nan nan nan],
 my_accuracy=25.0[%]
2024-12-01 20:48:26,842 INFO _main.py 209:: ########EPOCH 2 ########
2024-12-01 20:48:26,843 INFO _main.py 210:: ###Model distribution###
2024-12-01 20:48:29,870 INFO server.py 1064:: clients' sizes=[1, 2, 1, 0, 0, 0, 2, 2, 0, 1, 0, 1, 2, 2, 2, 2, 1, 1, 2, 0, 1, 1, 1, 1, 1, 0, 1, 1, 1, 1, 2, 0, 2, 0, 1, 2, 1, 0, 2, 0], total=41
2024-12-01 20:48:29,881 INFO server.py 327:: [Server] The aggregation takes 2.240656 seconds.

2024-12-01 20:48:29,883 INFO server.py 211:: [Server] Start testing
2024-12-01 20:48:29,898 INFO server.py 235:: [Server] Test set: Average loss: 1.3737, Accuracy: 50/200 (25.0%)

2024-12-01 20:48:29,900 INFO server.py 238:: [Sever] Confusion matrix:
 tensor([[50.,  0.,  0.,  0.],
        [50.,  0.,  0.,  0.],
        [50.,  0.,  0.,  0.],
        [50.,  0.,  0.,  0.]])
2024-12-01 20:48:29,901 INFO server.py 254:: [Server] Precision=[0.25  nan  nan  nan],
 Recall=[1. 0. 0. 0.],
 F1-score=[0.4 nan nan nan],
 my_accuracy=25.0[%]
2024-12-01 20:48:29,902 INFO _main.py 209:: ########EPOCH 3 ########
2024-12-01 20:48:29,902 INFO _main.py 210:: ###Model distribution###
2024-12-01 20:48:32,699 INFO server.py 568:: flip_sign_id=set()
2024-12-01 20:48:32,699 INFO server.py 583:: ===========using shortHoGs for detecting UNTARGETED ATTACK====
2024-12-01 20:48:32,811 INFO server.py 609:: labels cluster_sh= [0 0 0 0 0 0 0 0 0 0 0 0 0 0 0 0 0 0 0 0 0 0 0 0 0 0 0 0 0 0 0 0 0 0 0 0 0
 0 0 0]
2024-12-01 20:48:32,820 DEBUG server.py 614:: offset_normal_ids=[ 0  1  2  3  4  5  6  7  8  9 10 11 12 13 14 15 16 17 18 19 20 21 22 23
 24 25 26 27 28 29 30 31 32 33 34 35 36 37 38 39], normal_ids=[ 0  1  2  3  4  5  6  7  8  9 10 11 12 13 14 15 16 17 18 19 20 21 22 23
 24 25 26 27 28 29 30 31 32 33 34 35 36 37 38 39]
2024-12-01 20:48:32,821 INFO server.py 619:: SUSPECTED UNTARGETED []
2024-12-01 20:48:32,821 DEBUG server.py 623:: suspicious_ids=[]
2024-12-01 20:48:32,821 DEBUG server.py 632:: d_normal_sus={}, d_separate=0
2024-12-01 20:48:32,821 INFO server.py 639:: This round UNTARGETED=set(), sus_tAtk_uRel_id0=set()
2024-12-01 20:48:32,822 INFO server.py 657:: =======Using LONG HOGs for detecting TARGETED ATTACK========
2024-12-01 20:48:32,839 INFO server.py 143:: This round TARGETED ATTACK: [26]
2024-12-01 20:48:32,839 DEBUG server.py 502:: mal_ids=set(), pre_mal_id=defaultdict(<class 'int'>, {0: 0, 1: 0, 2: 0, 3: 0, 4: 0, 5: 0, 6: 0, 7: 0, 8: 0, 9: 0, 10: 0, 11: 0, 12: 0, 13: 0, 14: 0, 15: 0, 16: 0, 17: 0, 18: 0, 19: 0, 20: 0, 21: 0, 22: 0, 23: 0, 24: 0, 25: 0, 26: 1, 27: 0, 28: 0, 29: 0, 30: 0, 31: 0, 32: 0, 33: 0, 34: 0, 35: 0, 36: 0, 37: 0, 38: 0, 39: 0})
2024-12-01 20:48:32,840 INFO server.py 504:: FLIP-SIGN ATTACK=set()
2024-12-01 20:48:32,840 INFO server.py 505:: UNTARGETED ATTACK=set()
2024-12-01 20:48:32,840 INFO server.py 506:: TARGETED ATTACK=set()
2024-12-01 20:48:32,840 INFO server.py 662:: OVERTIME MALICIOUS client ids =set()
2024-12-01 20:48:32,848 INFO server.py 708:: This round UNRELIABLE=set(), normal_id={0, 1, 2, 3, 4, 5, 6, 7, 8, 9, 10, 11, 12, 13, 14, 15, 16, 17, 18, 19, 20, 21, 22, 23, 24, 25, 26, 27, 28, 29, 30, 31, 32, 33, 34, 35, 36, 37, 38, 39}
2024-12-01 20:48:32,849 DEBUG server.py 710:: anlge_sHoGs={0: nan, 1: nan, 2: nan, 3: nan, 4: nan, 5: nan, 6: nan, 7: nan, 8: nan, 9: nan, 10: nan, 11: nan, 12: nan, 13: nan, 14: nan, 15: nan, 16: nan, 17: nan, 18: nan, 19: nan, 20: nan, 21: nan, 22: nan, 23: nan, 24: nan, 25: nan, 26: nan, 27: nan, 28: nan, 29: nan, 30: nan, 31: nan, 32: nan, 33: nan, 34: nan, 35: nan, 36: nan, 37: nan, 38: nan, 39: nan}, angle_sep_nsH=0
2024-12-01 20:48:32,849 INFO server.py 722:: UNRELIABLE clients =set()
2024-12-01 20:48:32,851 INFO server.py 1064:: clients' sizes=[1, 2, 1, 0, 0, 0, 2, 2, 0, 1, 0, 1, 2, 2, 2, 2, 1, 1, 2, 0, 1, 1, 1, 1, 1, 0, 1, 1, 1, 2, 0, 2, 0, 1, 2, 1, 0, 2, 0], total=40
2024-12-01 20:48:32,866 INFO server.py 327:: [Server] The aggregation takes 2.499138 seconds.

2024-12-01 20:48:32,867 INFO server.py 211:: [Server] Start testing
2024-12-01 20:48:32,897 INFO server.py 235:: [Server] Test set: Average loss: 1.3671, Accuracy: 53/200 (26.5%)

2024-12-01 20:48:32,898 INFO server.py 238:: [Sever] Confusion matrix:
 tensor([[50.,  0.,  0.,  0.],
        [50.,  0.,  0.,  0.],
        [50.,  0.,  0.,  0.],
        [47.,  0.,  0.,  3.]])
2024-12-01 20:48:32,900 INFO server.py 254:: [Server] Precision=[0.2538071       nan       nan 1.       ],
 Recall=[1.   0.   0.   0.06],
 F1-score=[0.4048583         nan        nan 0.11320755],
 my_accuracy=26.499998569488525[%]
2024-12-01 20:48:32,901 INFO _main.py 209:: ########EPOCH 4 ########
2024-12-01 20:48:32,901 INFO _main.py 210:: ###Model distribution###
2024-12-01 20:48:35,654 INFO server.py 568:: flip_sign_id=set()
2024-12-01 20:48:35,655 INFO server.py 583:: ===========using shortHoGs for detecting UNTARGETED ATTACK====
2024-12-01 20:48:35,705 INFO server.py 609:: labels cluster_sh= [0 0 0 0 0 0 0 0 0 0 0 0 0 0 0 0 0 0 0 0 0 0 0 0 0 0 0 0 0 0 0 0 0 0 0 0 0
 0 0 0]
2024-12-01 20:48:35,715 DEBUG server.py 614:: offset_normal_ids=[ 0  1  2  3  4  5  6  7  8  9 10 11 12 13 14 15 16 17 18 19 20 21 22 23
 24 25 26 27 28 29 30 31 32 33 34 35 36 37 38 39], normal_ids=[ 0  1  2  3  4  5  6  7  8  9 10 11 12 13 14 15 16 17 18 19 20 21 22 23
 24 25 26 27 28 29 30 31 32 33 34 35 36 37 38 39]
2024-12-01 20:48:35,716 INFO server.py 619:: SUSPECTED UNTARGETED []
2024-12-01 20:48:35,716 DEBUG server.py 623:: suspicious_ids=[]
2024-12-01 20:48:35,716 DEBUG server.py 632:: d_normal_sus={}, d_separate=0
2024-12-01 20:48:35,717 INFO server.py 639:: This round UNTARGETED=set(), sus_tAtk_uRel_id0=set()
2024-12-01 20:48:35,717 INFO server.py 657:: =======Using LONG HOGs for detecting TARGETED ATTACK========
2024-12-01 20:48:35,735 INFO server.py 143:: This round TARGETED ATTACK: [26]
2024-12-01 20:48:35,736 DEBUG server.py 502:: mal_ids=set(), pre_mal_id=defaultdict(<class 'int'>, {0: 0, 1: 0, 2: 0, 3: 0, 4: 0, 5: 0, 6: 0, 7: 0, 8: 0, 9: 0, 10: 0, 11: 0, 12: 0, 13: 0, 14: 0, 15: 0, 16: 0, 17: 0, 18: 0, 19: 0, 20: 0, 21: 0, 22: 0, 23: 0, 24: 0, 25: 0, 26: 2, 27: 0, 28: 0, 29: 0, 30: 0, 31: 0, 32: 0, 33: 0, 34: 0, 35: 0, 36: 0, 37: 0, 38: 0, 39: 0})
2024-12-01 20:48:35,736 INFO server.py 504:: FLIP-SIGN ATTACK=set()
2024-12-01 20:48:35,736 INFO server.py 505:: UNTARGETED ATTACK=set()
2024-12-01 20:48:35,736 INFO server.py 506:: TARGETED ATTACK=set()
2024-12-01 20:48:35,736 INFO server.py 662:: OVERTIME MALICIOUS client ids =set()
2024-12-01 20:48:35,745 INFO server.py 708:: This round UNRELIABLE=set(), normal_id={0, 1, 2, 3, 4, 5, 6, 7, 8, 9, 10, 11, 12, 13, 14, 15, 16, 17, 18, 19, 20, 21, 22, 23, 24, 25, 26, 27, 28, 29, 30, 31, 32, 33, 34, 35, 36, 37, 38, 39}
2024-12-01 20:48:35,745 DEBUG server.py 710:: anlge_sHoGs={0: nan, 1: nan, 2: nan, 3: nan, 4: nan, 5: nan, 6: nan, 7: nan, 8: nan, 9: nan, 10: nan, 11: nan, 12: nan, 13: nan, 14: nan, 15: nan, 16: nan, 17: nan, 18: nan, 19: nan, 20: nan, 21: nan, 22: nan, 23: nan, 24: nan, 25: nan, 26: nan, 27: nan, 28: nan, 29: nan, 30: nan, 31: nan, 32: nan, 33: nan, 34: nan, 35: nan, 36: nan, 37: nan, 38: nan, 39: nan}, angle_sep_nsH=0
2024-12-01 20:48:35,745 INFO server.py 722:: UNRELIABLE clients =set()
2024-12-01 20:48:35,748 INFO server.py 1064:: clients' sizes=[1, 2, 1, 0, 0, 0, 2, 2, 0, 1, 0, 1, 2, 2, 2, 2, 1, 1, 2, 0, 1, 1, 1, 1, 1, 0, 1, 1, 1, 2, 0, 2, 0, 1, 2, 1, 0, 2, 0], total=40
2024-12-01 20:48:35,763 INFO server.py 327:: [Server] The aggregation takes 2.402544 seconds.

2024-12-01 20:48:35,764 INFO server.py 211:: [Server] Start testing
2024-12-01 20:48:35,813 INFO server.py 235:: [Server] Test set: Average loss: 1.3597, Accuracy: 64/200 (32.0%)

2024-12-01 20:48:35,815 INFO server.py 238:: [Sever] Confusion matrix:
 tensor([[50.,  0.,  0.,  0.],
        [50.,  0.,  0.,  0.],
        [50.,  0.,  0.,  0.],
        [36.,  0.,  0., 14.]])
2024-12-01 20:48:35,817 INFO server.py 254:: [Server] Precision=[0.26881722        nan        nan 1.        ],
 Recall=[1.   0.   0.   0.28],
 F1-score=[0.42372882        nan        nan 0.4375    ],
 my_accuracy=31.999999284744263[%]
2024-12-01 20:48:35,817 INFO _main.py 209:: ########EPOCH 5 ########
2024-12-01 20:48:35,818 INFO _main.py 210:: ###Model distribution###
2024-12-01 20:48:38,620 INFO server.py 568:: flip_sign_id=set()
2024-12-01 20:48:38,620 INFO server.py 583:: ===========using shortHoGs for detecting UNTARGETED ATTACK====
2024-12-01 20:48:38,670 INFO server.py 609:: labels cluster_sh= [0 0 0 0 0 0 0 0 0 0 0 0 0 0 0 0 0 0 0 0 0 0 0 0 0 0 0 0 0 0 0 0 0 0 0 0 0
 0 0 0]
2024-12-01 20:48:38,692 DEBUG server.py 614:: offset_normal_ids=[ 0  1  2  3  4  5  6  7  8  9 10 11 12 13 14 15 16 17 18 19 20 21 22 23
 24 25 26 27 28 29 30 31 32 33 34 35 36 37 38 39], normal_ids=[ 0  1  2  3  4  5  6  7  8  9 10 11 12 13 14 15 16 17 18 19 20 21 22 23
 24 25 26 27 28 29 30 31 32 33 34 35 36 37 38 39]
2024-12-01 20:48:38,692 INFO server.py 619:: SUSPECTED UNTARGETED []
2024-12-01 20:48:38,693 DEBUG server.py 623:: suspicious_ids=[]
2024-12-01 20:48:38,693 DEBUG server.py 632:: d_normal_sus={}, d_separate=0
2024-12-01 20:48:38,693 INFO server.py 639:: This round UNTARGETED=set(), sus_tAtk_uRel_id0=set()
2024-12-01 20:48:38,693 INFO server.py 657:: =======Using LONG HOGs for detecting TARGETED ATTACK========
2024-12-01 20:48:38,708 INFO server.py 143:: This round TARGETED ATTACK: [26]
2024-12-01 20:48:38,708 DEBUG server.py 502:: mal_ids=set(), pre_mal_id=defaultdict(<class 'int'>, {0: 0, 1: 0, 2: 0, 3: 0, 4: 0, 5: 0, 6: 0, 7: 0, 8: 0, 9: 0, 10: 0, 11: 0, 12: 0, 13: 0, 14: 0, 15: 0, 16: 0, 17: 0, 18: 0, 19: 0, 20: 0, 21: 0, 22: 0, 23: 0, 24: 0, 25: 0, 26: 3, 27: 0, 28: 0, 29: 0, 30: 0, 31: 0, 32: 0, 33: 0, 34: 0, 35: 0, 36: 0, 37: 0, 38: 0, 39: 0})
2024-12-01 20:48:38,709 INFO server.py 504:: FLIP-SIGN ATTACK=set()
2024-12-01 20:48:38,709 INFO server.py 505:: UNTARGETED ATTACK=set()
2024-12-01 20:48:38,709 INFO server.py 506:: TARGETED ATTACK=set()
2024-12-01 20:48:38,709 INFO server.py 662:: OVERTIME MALICIOUS client ids =set()
2024-12-01 20:48:38,717 INFO server.py 708:: This round UNRELIABLE=set(), normal_id={0, 1, 2, 3, 4, 5, 6, 7, 8, 9, 10, 11, 12, 13, 14, 15, 16, 17, 18, 19, 20, 21, 22, 23, 24, 25, 26, 27, 28, 29, 30, 31, 32, 33, 34, 35, 36, 37, 38, 39}
2024-12-01 20:48:38,718 DEBUG server.py 710:: anlge_sHoGs={0: nan, 1: nan, 2: nan, 3: nan, 4: nan, 5: nan, 6: nan, 7: nan, 8: nan, 9: nan, 10: nan, 11: nan, 12: nan, 13: nan, 14: nan, 15: nan, 16: nan, 17: nan, 18: nan, 19: nan, 20: nan, 21: nan, 22: nan, 23: nan, 24: nan, 25: nan, 26: nan, 27: nan, 28: nan, 29: nan, 30: nan, 31: nan, 32: nan, 33: nan, 34: nan, 35: nan, 36: nan, 37: nan, 38: nan, 39: nan}, angle_sep_nsH=0
2024-12-01 20:48:38,718 INFO server.py 722:: UNRELIABLE clients =set()
2024-12-01 20:48:38,720 INFO server.py 1064:: clients' sizes=[1, 2, 1, 0, 0, 0, 2, 2, 0, 1, 0, 1, 2, 2, 2, 2, 1, 1, 2, 0, 1, 1, 1, 1, 1, 0, 1, 1, 1, 2, 0, 2, 0, 1, 2, 1, 0, 2, 0], total=40
2024-12-01 20:48:38,735 INFO server.py 327:: [Server] The aggregation takes 2.426093 seconds.

2024-12-01 20:48:38,737 INFO server.py 211:: [Server] Start testing
2024-12-01 20:48:38,756 INFO server.py 235:: [Server] Test set: Average loss: 1.3515, Accuracy: 67/200 (33.5%)

2024-12-01 20:48:38,758 INFO server.py 238:: [Sever] Confusion matrix:
 tensor([[50.,  0.,  0.,  0.],
        [50.,  0.,  0.,  0.],
        [50.,  0.,  0.,  0.],
        [33.,  0.,  0., 17.]])
2024-12-01 20:48:38,759 INFO server.py 254:: [Server] Precision=[0.27322406        nan        nan 1.        ],
 Recall=[1.   0.   0.   0.34],
 F1-score=[0.42918456        nan        nan 0.5074627 ],
 my_accuracy=33.50000083446503[%]
2024-12-01 20:48:38,760 INFO _main.py 209:: ########EPOCH 6 ########
2024-12-01 20:48:38,760 INFO _main.py 210:: ###Model distribution###
2024-12-01 20:48:41,751 INFO server.py 568:: flip_sign_id=set()
2024-12-01 20:48:41,752 INFO server.py 583:: ===========using shortHoGs for detecting UNTARGETED ATTACK====
2024-12-01 20:48:41,866 INFO server.py 609:: labels cluster_sh= [0 0 0 0 0 0 0 0 0 0 0 0 0 0 0 0 0 0 0 0 0 0 0 0 0 0 0 0 0 0 0 0 0 0 0 0 0
 0 0 0]
2024-12-01 20:48:41,875 DEBUG server.py 614:: offset_normal_ids=[ 0  1  2  3  4  5  6  7  8  9 10 11 12 13 14 15 16 17 18 19 20 21 22 23
 24 25 26 27 28 29 30 31 32 33 34 35 36 37 38 39], normal_ids=[ 0  1  2  3  4  5  6  7  8  9 10 11 12 13 14 15 16 17 18 19 20 21 22 23
 24 25 26 27 28 29 30 31 32 33 34 35 36 37 38 39]
2024-12-01 20:48:41,875 INFO server.py 619:: SUSPECTED UNTARGETED []
2024-12-01 20:48:41,876 DEBUG server.py 623:: suspicious_ids=[]
2024-12-01 20:48:41,876 DEBUG server.py 632:: d_normal_sus={}, d_separate=0
2024-12-01 20:48:41,876 INFO server.py 639:: This round UNTARGETED=set(), sus_tAtk_uRel_id0=set()
2024-12-01 20:48:41,877 INFO server.py 657:: =======Using LONG HOGs for detecting TARGETED ATTACK========
2024-12-01 20:48:41,909 INFO server.py 143:: This round TARGETED ATTACK: [26]
2024-12-01 20:48:41,910 DEBUG server.py 502:: mal_ids={26}, pre_mal_id=defaultdict(<class 'int'>, {0: 0, 1: 0, 2: 0, 3: 0, 4: 0, 5: 0, 6: 0, 7: 0, 8: 0, 9: 0, 10: 0, 11: 0, 12: 0, 13: 0, 14: 0, 15: 0, 16: 0, 17: 0, 18: 0, 19: 0, 20: 0, 21: 0, 22: 0, 23: 0, 24: 0, 25: 0, 26: 4, 27: 0, 28: 0, 29: 0, 30: 0, 31: 0, 32: 0, 33: 0, 34: 0, 35: 0, 36: 0, 37: 0, 38: 0, 39: 0})
2024-12-01 20:48:41,910 INFO server.py 504:: FLIP-SIGN ATTACK=set()
2024-12-01 20:48:41,910 INFO server.py 505:: UNTARGETED ATTACK=set()
2024-12-01 20:48:41,910 INFO server.py 506:: TARGETED ATTACK={26}
2024-12-01 20:48:41,910 INFO server.py 662:: OVERTIME MALICIOUS client ids ={26}
2024-12-01 20:48:41,924 INFO server.py 708:: This round UNRELIABLE=set(), normal_id={0, 1, 2, 3, 4, 5, 6, 7, 8, 9, 10, 11, 12, 13, 14, 15, 16, 17, 18, 19, 20, 21, 22, 23, 24, 25, 27, 28, 29, 30, 31, 32, 33, 34, 35, 36, 37, 38, 39}
2024-12-01 20:48:41,927 DEBUG server.py 710:: anlge_sHoGs={0: nan, 1: nan, 2: nan, 3: nan, 4: nan, 5: nan, 6: nan, 7: nan, 8: nan, 9: nan, 10: nan, 11: nan, 12: nan, 13: nan, 14: nan, 15: nan, 16: nan, 17: nan, 18: nan, 19: nan, 20: nan, 21: nan, 22: nan, 23: nan, 24: nan, 25: nan, 27: nan, 28: nan, 29: nan, 30: nan, 31: nan, 32: nan, 33: nan, 34: nan, 35: nan, 36: nan, 37: nan, 38: nan, 39: nan}, angle_sep_nsH=0
2024-12-01 20:48:41,929 INFO server.py 722:: UNRELIABLE clients =set()
2024-12-01 20:48:41,931 INFO server.py 1064:: clients' sizes=[1, 2, 1, 0, 0, 0, 2, 2, 0, 1, 0, 1, 2, 2, 2, 2, 1, 1, 2, 0, 1, 1, 1, 1, 1, 0, 1, 1, 1, 2, 0, 2, 0, 1, 2, 1, 0, 2, 0], total=40
2024-12-01 20:48:41,979 INFO server.py 327:: [Server] The aggregation takes 2.589617 seconds.

2024-12-01 20:48:41,982 INFO server.py 211:: [Server] Start testing
2024-12-01 20:48:42,027 INFO server.py 235:: [Server] Test set: Average loss: 1.3419, Accuracy: 72/200 (36.0%)

2024-12-01 20:48:42,028 INFO server.py 238:: [Sever] Confusion matrix:
 tensor([[50.,  0.,  0.,  0.],
        [50.,  0.,  0.,  0.],
        [50.,  0.,  0.,  0.],
        [28.,  0.,  0., 22.]])
2024-12-01 20:48:42,030 INFO server.py 254:: [Server] Precision=[0.28089887        nan        nan 1.        ],
 Recall=[1.   0.   0.   0.44],
 F1-score=[0.43859652        nan        nan 0.6111111 ],
 my_accuracy=36.000001430511475[%]
2024-12-01 20:48:42,031 INFO _main.py 209:: ########EPOCH 7 ########
2024-12-01 20:48:42,035 INFO _main.py 210:: ###Model distribution###
2024-12-01 20:48:45,070 INFO server.py 568:: flip_sign_id=set()
2024-12-01 20:48:45,070 INFO server.py 583:: ===========using shortHoGs for detecting UNTARGETED ATTACK====
2024-12-01 20:48:45,117 INFO server.py 609:: labels cluster_sh= [0 0 0 0 0 0 0 0 0 0 0 0 0 0 0 0 0 0 0 0 0 0 0 0 0 0 0 0 0 0 0 0 0 0 0 0 0
 0 0 0]
2024-12-01 20:48:45,132 DEBUG server.py 614:: offset_normal_ids=[ 0  1  2  3  4  5  6  7  8  9 10 11 12 13 14 15 16 17 18 19 20 21 22 23
 24 25 26 27 28 29 30 31 32 33 34 35 36 37 38 39], normal_ids=[ 0  1  2  3  4  5  6  7  8  9 10 11 12 13 14 15 16 17 18 19 20 21 22 23
 24 25 26 27 28 29 30 31 32 33 34 35 36 37 38 39]
2024-12-01 20:48:45,139 INFO server.py 619:: SUSPECTED UNTARGETED []
2024-12-01 20:48:45,147 DEBUG server.py 623:: suspicious_ids=[]
2024-12-01 20:48:45,150 DEBUG server.py 632:: d_normal_sus={}, d_separate=0
2024-12-01 20:48:45,150 INFO server.py 639:: This round UNTARGETED=set(), sus_tAtk_uRel_id0=set()
2024-12-01 20:48:45,151 INFO server.py 657:: =======Using LONG HOGs for detecting TARGETED ATTACK========
2024-12-01 20:48:45,188 INFO server.py 143:: This round TARGETED ATTACK: [26]
2024-12-01 20:48:45,189 DEBUG server.py 502:: mal_ids={26}, pre_mal_id=defaultdict(<class 'int'>, {0: 0, 1: 0, 2: 0, 3: 0, 4: 0, 5: 0, 6: 0, 7: 0, 8: 0, 9: 0, 10: 0, 11: 0, 12: 0, 13: 0, 14: 0, 15: 0, 16: 0, 17: 0, 18: 0, 19: 0, 20: 0, 21: 0, 22: 0, 23: 0, 24: 0, 25: 0, 26: 5, 27: 0, 28: 0, 29: 0, 30: 0, 31: 0, 32: 0, 33: 0, 34: 0, 35: 0, 36: 0, 37: 0, 38: 0, 39: 0})
2024-12-01 20:48:45,190 INFO server.py 504:: FLIP-SIGN ATTACK=set()
2024-12-01 20:48:45,190 INFO server.py 505:: UNTARGETED ATTACK=set()
2024-12-01 20:48:45,190 INFO server.py 506:: TARGETED ATTACK={26}
2024-12-01 20:48:45,190 INFO server.py 662:: OVERTIME MALICIOUS client ids ={26}
2024-12-01 20:48:45,205 INFO server.py 708:: This round UNRELIABLE=set(), normal_id={0, 1, 2, 3, 4, 5, 6, 7, 8, 9, 10, 11, 12, 13, 14, 15, 16, 17, 18, 19, 20, 21, 22, 23, 24, 25, 27, 28, 29, 30, 31, 32, 33, 34, 35, 36, 37, 38, 39}
2024-12-01 20:48:45,207 DEBUG server.py 710:: anlge_sHoGs={0: nan, 1: nan, 2: nan, 3: nan, 4: nan, 5: nan, 6: nan, 7: nan, 8: nan, 9: nan, 10: nan, 11: nan, 12: nan, 13: nan, 14: nan, 15: nan, 16: nan, 17: nan, 18: nan, 19: nan, 20: nan, 21: nan, 22: nan, 23: nan, 24: nan, 25: nan, 27: nan, 28: nan, 29: nan, 30: nan, 31: nan, 32: nan, 33: nan, 34: nan, 35: nan, 36: nan, 37: nan, 38: nan, 39: nan}, angle_sep_nsH=0
2024-12-01 20:48:45,207 INFO server.py 722:: UNRELIABLE clients =set()
2024-12-01 20:48:45,212 INFO server.py 1064:: clients' sizes=[1, 2, 1, 0, 0, 0, 2, 2, 0, 1, 0, 1, 2, 2, 2, 2, 1, 1, 2, 0, 1, 1, 1, 1, 1, 0, 1, 1, 1, 2, 0, 2, 0, 1, 2, 1, 0, 2, 0], total=40
2024-12-01 20:48:45,231 INFO server.py 327:: [Server] The aggregation takes 2.522706 seconds.

2024-12-01 20:48:45,232 INFO server.py 211:: [Server] Start testing
2024-12-01 20:48:45,255 INFO server.py 235:: [Server] Test set: Average loss: 1.3312, Accuracy: 77/200 (38.5%)

2024-12-01 20:48:45,256 INFO server.py 238:: [Sever] Confusion matrix:
 tensor([[50.,  0.,  0.,  0.],
        [50.,  0.,  0.,  0.],
        [48.,  0.,  0.,  2.],
        [23.,  0.,  0., 27.]])
2024-12-01 20:48:45,258 INFO server.py 254:: [Server] Precision=[0.29239765        nan        nan 0.9310345 ],
 Recall=[1.   0.   0.   0.54],
 F1-score=[0.4524887         nan        nan 0.68354434],
 my_accuracy=38.499999046325684[%]
2024-12-01 20:48:45,258 INFO _main.py 209:: ########EPOCH 8 ########
2024-12-01 20:48:45,259 INFO _main.py 210:: ###Model distribution###
2024-12-01 20:48:48,052 INFO server.py 568:: flip_sign_id=set()
2024-12-01 20:48:48,053 INFO server.py 583:: ===========using shortHoGs for detecting UNTARGETED ATTACK====
2024-12-01 20:48:48,139 INFO server.py 609:: labels cluster_sh= [0 0 0 0 0 0 0 0 0 0 0 0 0 0 0 0 0 0 0 0 0 0 0 0 0 0 0 0 0 0 0 0 0 0 0 0 0
 0 0 0]
2024-12-01 20:48:48,149 DEBUG server.py 614:: offset_normal_ids=[ 0  1  2  3  4  5  6  7  8  9 10 11 12 13 14 15 16 17 18 19 20 21 22 23
 24 25 26 27 28 29 30 31 32 33 34 35 36 37 38 39], normal_ids=[ 0  1  2  3  4  5  6  7  8  9 10 11 12 13 14 15 16 17 18 19 20 21 22 23
 24 25 26 27 28 29 30 31 32 33 34 35 36 37 38 39]
2024-12-01 20:48:48,149 INFO server.py 619:: SUSPECTED UNTARGETED []
2024-12-01 20:48:48,150 DEBUG server.py 623:: suspicious_ids=[]
2024-12-01 20:48:48,150 DEBUG server.py 632:: d_normal_sus={}, d_separate=0
2024-12-01 20:48:48,151 INFO server.py 639:: This round UNTARGETED=set(), sus_tAtk_uRel_id0=set()
2024-12-01 20:48:48,151 INFO server.py 657:: =======Using LONG HOGs for detecting TARGETED ATTACK========
2024-12-01 20:48:48,167 INFO server.py 143:: This round TARGETED ATTACK: [25]
2024-12-01 20:48:48,167 DEBUG server.py 502:: mal_ids={26}, pre_mal_id=defaultdict(<class 'int'>, {0: 0, 1: 0, 2: 0, 3: 0, 4: 0, 5: 0, 6: 0, 7: 0, 8: 0, 9: 0, 10: 0, 11: 0, 12: 0, 13: 0, 14: 0, 15: 0, 16: 0, 17: 0, 18: 0, 19: 0, 20: 0, 21: 0, 22: 0, 23: 0, 24: 0, 25: 1, 26: 0, 27: 0, 28: 0, 29: 0, 30: 0, 31: 0, 32: 0, 33: 0, 34: 0, 35: 0, 36: 0, 37: 0, 38: 0, 39: 0})
2024-12-01 20:48:48,168 INFO server.py 504:: FLIP-SIGN ATTACK=set()
2024-12-01 20:48:48,168 INFO server.py 505:: UNTARGETED ATTACK=set()
2024-12-01 20:48:48,168 INFO server.py 506:: TARGETED ATTACK={26}
2024-12-01 20:48:48,168 INFO server.py 662:: OVERTIME MALICIOUS client ids ={26}
2024-12-01 20:48:48,176 INFO server.py 708:: This round UNRELIABLE=set(), normal_id={0, 1, 2, 3, 4, 5, 6, 7, 8, 9, 10, 11, 12, 13, 14, 15, 16, 17, 18, 19, 20, 21, 22, 23, 24, 25, 27, 28, 29, 30, 31, 32, 33, 34, 35, 36, 37, 38, 39}
2024-12-01 20:48:48,176 DEBUG server.py 710:: anlge_sHoGs={0: nan, 1: nan, 2: nan, 3: nan, 4: nan, 5: nan, 6: nan, 7: nan, 8: nan, 9: nan, 10: nan, 11: nan, 12: nan, 13: nan, 14: nan, 15: nan, 16: nan, 17: nan, 18: nan, 19: nan, 20: nan, 21: nan, 22: nan, 23: nan, 24: nan, 25: nan, 27: nan, 28: nan, 29: nan, 30: nan, 31: nan, 32: nan, 33: nan, 34: nan, 35: nan, 36: nan, 37: nan, 38: nan, 39: nan}, angle_sep_nsH=0
2024-12-01 20:48:48,177 INFO server.py 722:: UNRELIABLE clients =set()
2024-12-01 20:48:48,179 INFO server.py 1064:: clients' sizes=[1, 2, 1, 0, 0, 0, 2, 2, 0, 1, 0, 1, 2, 2, 2, 2, 1, 1, 2, 0, 1, 1, 1, 1, 1, 1, 1, 1, 2, 0, 2, 0, 1, 2, 1, 0, 2, 0], total=40
2024-12-01 20:48:48,194 INFO server.py 327:: [Server] The aggregation takes 2.474525 seconds.

2024-12-01 20:48:48,195 INFO server.py 211:: [Server] Start testing
2024-12-01 20:48:48,215 INFO server.py 235:: [Server] Test set: Average loss: 1.3192, Accuracy: 80/200 (40.0%)

2024-12-01 20:48:48,217 INFO server.py 238:: [Sever] Confusion matrix:
 tensor([[50.,  0.,  0.,  0.],
        [49.,  0.,  0.,  1.],
        [46.,  0.,  0.,  4.],
        [20.,  0.,  0., 30.]])
2024-12-01 20:48:48,221 INFO server.py 254:: [Server] Precision=[0.3030303         nan        nan 0.85714287],
 Recall=[1.  0.  0.  0.6],
 F1-score=[0.46511632        nan        nan 0.70588243],
 my_accuracy=40.00000059604645[%]
2024-12-01 20:48:48,222 INFO _main.py 209:: ########EPOCH 9 ########
2024-12-01 20:48:48,225 INFO _main.py 210:: ###Model distribution###
2024-12-01 20:48:50,985 INFO server.py 568:: flip_sign_id=set()
2024-12-01 20:48:50,986 INFO server.py 583:: ===========using shortHoGs for detecting UNTARGETED ATTACK====
2024-12-01 20:48:51,030 INFO server.py 609:: labels cluster_sh= [0 0 0 0 0 0 0 0 0 0 0 0 0 0 0 0 0 0 0 0 0 0 0 0 0 0 0 0 0 0 0 0 0 0 0 0 0
 0 0 0]
2024-12-01 20:48:51,048 DEBUG server.py 614:: offset_normal_ids=[ 0  1  2  3  4  5  6  7  8  9 10 11 12 13 14 15 16 17 18 19 20 21 22 23
 24 25 26 27 28 29 30 31 32 33 34 35 36 37 38 39], normal_ids=[ 0  1  2  3  4  5  6  7  8  9 10 11 12 13 14 15 16 17 18 19 20 21 22 23
 24 25 26 27 28 29 30 31 32 33 34 35 36 37 38 39]
2024-12-01 20:48:51,051 INFO server.py 619:: SUSPECTED UNTARGETED []
2024-12-01 20:48:51,055 DEBUG server.py 623:: suspicious_ids=[]
2024-12-01 20:48:51,057 DEBUG server.py 632:: d_normal_sus={}, d_separate=0
2024-12-01 20:48:51,061 INFO server.py 639:: This round UNTARGETED=set(), sus_tAtk_uRel_id0=set()
2024-12-01 20:48:51,063 INFO server.py 657:: =======Using LONG HOGs for detecting TARGETED ATTACK========
2024-12-01 20:48:51,093 INFO server.py 143:: This round TARGETED ATTACK: [26]
2024-12-01 20:48:51,094 DEBUG server.py 502:: mal_ids={26}, pre_mal_id=defaultdict(<class 'int'>, {0: 0, 1: 0, 2: 0, 3: 0, 4: 0, 5: 0, 6: 0, 7: 0, 8: 0, 9: 0, 10: 0, 11: 0, 12: 0, 13: 0, 14: 0, 15: 0, 16: 0, 17: 0, 18: 0, 19: 0, 20: 0, 21: 0, 22: 0, 23: 0, 24: 0, 25: 0, 26: 1, 27: 0, 28: 0, 29: 0, 30: 0, 31: 0, 32: 0, 33: 0, 34: 0, 35: 0, 36: 0, 37: 0, 38: 0, 39: 0})
2024-12-01 20:48:51,094 INFO server.py 504:: FLIP-SIGN ATTACK=set()
2024-12-01 20:48:51,094 INFO server.py 505:: UNTARGETED ATTACK=set()
2024-12-01 20:48:51,094 INFO server.py 506:: TARGETED ATTACK={26}
2024-12-01 20:48:51,094 INFO server.py 662:: OVERTIME MALICIOUS client ids ={26}
2024-12-01 20:48:51,106 INFO server.py 708:: This round UNRELIABLE=set(), normal_id={0, 1, 2, 3, 4, 5, 6, 7, 8, 9, 10, 11, 12, 13, 14, 15, 16, 17, 18, 19, 20, 21, 22, 23, 24, 25, 27, 28, 29, 30, 31, 32, 33, 34, 35, 36, 37, 38, 39}
2024-12-01 20:48:51,113 DEBUG server.py 710:: anlge_sHoGs={0: nan, 1: nan, 2: nan, 3: nan, 4: nan, 5: nan, 6: nan, 7: nan, 8: nan, 9: nan, 10: nan, 11: nan, 12: nan, 13: nan, 14: nan, 15: nan, 16: nan, 17: nan, 18: nan, 19: nan, 20: nan, 21: nan, 22: nan, 23: nan, 24: nan, 25: nan, 27: nan, 28: nan, 29: nan, 30: nan, 31: nan, 32: nan, 33: nan, 34: nan, 35: nan, 36: nan, 37: nan, 38: nan, 39: nan}, angle_sep_nsH=0
2024-12-01 20:48:51,113 INFO server.py 722:: UNRELIABLE clients =set()
2024-12-01 20:48:51,116 INFO server.py 1064:: clients' sizes=[1, 2, 1, 0, 0, 0, 2, 2, 0, 1, 0, 1, 2, 2, 2, 2, 1, 1, 2, 0, 1, 1, 1, 1, 1, 0, 1, 1, 1, 2, 0, 2, 0, 1, 2, 1, 0, 2, 0], total=40
2024-12-01 20:48:51,141 INFO server.py 327:: [Server] The aggregation takes 2.446436 seconds.

2024-12-01 20:48:51,142 INFO server.py 211:: [Server] Start testing
2024-12-01 20:48:51,161 INFO server.py 235:: [Server] Test set: Average loss: 1.3056, Accuracy: 80/200 (40.0%)

2024-12-01 20:48:51,162 INFO server.py 238:: [Sever] Confusion matrix:
 tensor([[50.,  0.,  0.,  0.],
        [47.,  0.,  0.,  3.],
        [44.,  0.,  0.,  6.],
        [20.,  0.,  0., 30.]])
2024-12-01 20:48:51,167 INFO server.py 254:: [Server] Precision=[0.310559        nan       nan 0.7692308],
 Recall=[1.  0.  0.  0.6],
 F1-score=[0.47393364        nan        nan 0.6741574 ],
 my_accuracy=40.00000059604645[%]
