2024-12-02 01:33:41,305 INFO _main.py 39:: ################################################################
2024-12-02 01:33:41,306 INFO _main.py 41:: #                              batch_size: 64                  #
2024-12-02 01:33:41,306 INFO _main.py 41:: #                         test_batch_size: 32                  #
2024-12-02 01:33:41,307 INFO _main.py 41:: #                                  epochs: 5                   #
2024-12-02 01:33:41,307 INFO _main.py 41:: #                               optimizer: SGD                 #
2024-12-02 01:33:41,307 INFO _main.py 41:: #                                      lr: 0.01                #
2024-12-02 01:33:41,307 INFO _main.py 41:: #                                momentum: 0.9                 #
2024-12-02 01:33:41,307 INFO _main.py 41:: #                            weight_decay: 0.0001              #
2024-12-02 01:33:41,307 INFO _main.py 41:: #                                    seed: 1                   #
2024-12-02 01:33:41,308 INFO _main.py 41:: #                            log_interval: 11                  #
2024-12-02 01:33:41,308 INFO _main.py 41:: #                             num_clients: 40                  #
2024-12-02 01:33:41,308 INFO _main.py 41:: #                           output_folder: experiments         #
2024-12-02 01:33:41,308 INFO _main.py 41:: #                                 dataset: rockburst           #
2024-12-02 01:33:41,308 INFO _main.py 41:: #                             loader_type: dirichlet           #
2024-12-02 01:33:41,308 INFO _main.py 41:: #                             loader_path: ./data/loader.pk    #
2024-12-02 01:33:41,309 INFO _main.py 41:: #                                      AR: mudhog              #
2024-12-02 01:33:41,309 INFO _main.py 41:: #                     n_attacker_backdoor: 0                   #
2024-12-02 01:33:41,309 INFO _main.py 41:: #                        backdoor_trigger: [0, 0, 1, 1]        #
2024-12-02 01:33:41,309 INFO _main.py 41:: #                   n_attacker_omniscient: 0                   #
2024-12-02 01:33:41,310 INFO _main.py 41:: #                        omniscient_scale: 1                   #
2024-12-02 01:33:41,310 INFO _main.py 41:: #                                 attacks: None                #
2024-12-02 01:33:41,310 INFO _main.py 41:: #                      save_model_weights: False               #
2024-12-02 01:33:41,311 INFO _main.py 41:: #                         experiment_name: sExp4Ba_40ep_rockburst_mudhog_40C_5#
2024-12-02 01:33:41,311 INFO _main.py 41:: #                          path_to_aggNet: None                #
2024-12-02 01:33:41,311 INFO _main.py 41:: #                                  device: cpu                 #
2024-12-02 01:33:41,311 INFO _main.py 41:: #                            inner_epochs: 30                  #
2024-12-02 01:33:41,311 INFO _main.py 41:: #                                 verbose: True                #
2024-12-02 01:33:41,312 INFO _main.py 41:: #                         list_unreliable: [2, 18, 20]         #
2024-12-02 01:33:41,312 INFO _main.py 41:: #                     unreliable_fraction: 0.5                 #
2024-12-02 01:33:41,312 INFO _main.py 41:: #                    unreliable_fracTrain: 0.3                 #
2024-12-02 01:33:41,312 INFO _main.py 41:: #                         mean_unreliable: 0.0                 #
2024-12-02 01:33:41,312 INFO _main.py 41:: #                             blur_method: add_noise           #
2024-12-02 01:33:41,313 INFO _main.py 41:: #                      max_std_unreliable: 30.0                #
2024-12-02 01:33:41,313 INFO _main.py 41:: #                     list_uatk_add_noise: [24, 25, 26]        #
2024-12-02 01:33:41,313 INFO _main.py 41:: #                          mean_add_noise: 0.0                 #
2024-12-02 01:33:41,313 INFO _main.py 41:: #                           std_add_noise: 0.01                #
2024-12-02 01:33:41,313 INFO _main.py 41:: #                     list_uatk_flip_sign: [0, 10, 11]         #
2024-12-02 01:33:41,314 INFO _main.py 42:: ################################################################
2024-12-02 01:33:41,314 INFO _main.py 43:: Namespace(batch_size=64, test_batch_size=32, epochs=5, optimizer='SGD', lr=0.01, momentum=0.9, weight_decay=0.0001, seed=1, log_interval=11, num_clients=40, output_folder='experiments', dataset='rockburst', loader_type='dirichlet', loader_path='./data/loader.pk', AR='mudhog', n_attacker_backdoor=0, backdoor_trigger=[0, 0, 1, 1], n_attacker_omniscient=0, omniscient_scale=1, attacks=None, save_model_weights=False, experiment_name='sExp4Ba_40ep_rockburst_mudhog_40C_5', path_to_aggNet=None, device='cpu', inner_epochs=30, verbose=True, list_unreliable=[2, 18, 20], unreliable_fraction=0.5, unreliable_fracTrain=0.3, mean_unreliable=0.0, blur_method='add_noise', max_std_unreliable=30.0, list_uatk_add_noise=[24, 25, 26], mean_add_noise=0.0, std_add_noise=0.01, list_uatk_flip_sign=[0, 10, 11])
2024-12-02 01:33:41,314 INFO _main.py 44:: #####################
2024-12-02 01:33:41,314 INFO _main.py 45:: #####################
2024-12-02 01:33:41,314 INFO _main.py 46:: #####################
2024-12-02 01:33:41,315 INFO _main.py 47:: Aggregation Rule:	mudhog
2024-12-02 01:33:41,315 INFO _main.py 48:: Data distribution:	dirichlet
2024-12-02 01:33:41,315 INFO _main.py 49:: Attacks:	None 
2024-12-02 01:33:41,315 INFO _main.py 50:: #####################
2024-12-02 01:33:41,315 INFO _main.py 51:: #####################
2024-12-02 01:33:41,315 INFO _main.py 52:: #####################
2024-12-02 01:33:42,908 INFO server.py 366:: SET DBSCAN eps=1.3, min_samples=10
2024-12-02 01:33:42,912 INFO _main.py 135:: [1-normal, 0-malicious] label =tensor([0., 1., 1., 1., 1., 1., 1., 1., 1., 1., 0., 0., 1., 1., 1., 1., 1., 1.,
        1., 1., 1., 1., 1., 1., 0., 0., 0., 1., 1., 1., 1., 1., 1., 1., 1., 1.,
        1., 1., 1., 1.])
2024-12-02 01:33:42,923 INFO malicious_clients.py 123:: init ATTACK OMNISCIENT Client 0
2024-12-02 01:33:42,931 INFO malicious_clients.py 18:: init UNRELIABLE Client 2
2024-12-02 01:33:42,979 INFO malicious_clients.py 123:: init ATTACK OMNISCIENT Client 10
2024-12-02 01:33:42,986 INFO malicious_clients.py 123:: init ATTACK OMNISCIENT Client 11
2024-12-02 01:33:43,021 INFO malicious_clients.py 18:: init UNRELIABLE Client 18
2024-12-02 01:33:43,034 INFO malicious_clients.py 18:: init UNRELIABLE Client 20
2024-12-02 01:33:43,061 INFO malicious_clients.py 73:: init ATTACK ADD NOISE TO GRAD Client 24
2024-12-02 01:33:43,066 INFO malicious_clients.py 73:: init ATTACK ADD NOISE TO GRAD Client 25
2024-12-02 01:33:43,072 INFO malicious_clients.py 73:: init ATTACK ADD NOISE TO GRAD Client 26
2024-12-02 01:33:43,153 INFO server.py 211:: [Server] Start testing
2024-12-02 01:33:43,178 INFO server.py 235:: [Server] Test set: Average loss: 1.3864, Accuracy: 50/200 (25.0%)

2024-12-02 01:33:43,179 INFO server.py 238:: [Sever] Confusion matrix:
 tensor([[50.,  0.,  0.,  0.],
        [50.,  0.,  0.,  0.],
        [50.,  0.,  0.,  0.],
        [50.,  0.,  0.,  0.]])
2024-12-02 01:33:43,187 INFO server.py 254:: [Server] Precision=[0.25  nan  nan  nan],
 Recall=[1. 0. 0. 0.],
 F1-score=[0.4 nan nan nan],
 my_accuracy=25.0[%]
2024-12-02 01:33:43,188 INFO _main.py 209:: ########EPOCH 0 ########
2024-12-02 01:33:43,188 INFO _main.py 210:: ###Model distribution###
2024-12-02 01:33:47,858 INFO server.py 1078:: clients' sizes=[1, 2, 1, 0, 0, 0, 2, 2, 0, 1, 0, 1, 2, 2, 2, 2, 1, 1, 2, 0, 1, 1, 1, 1, 1, 0, 1, 1, 1, 1, 2, 0, 2, 0, 1, 2, 1, 0, 2, 0], total=41
2024-12-02 01:33:47,884 INFO server.py 327:: [Server] The aggregation takes 0.050848 seconds.

2024-12-02 01:33:47,888 INFO server.py 211:: [Server] Start testing
2024-12-02 01:33:47,913 INFO server.py 235:: [Server] Test set: Average loss: 1.3313, Accuracy: 71/200 (35.5%)

2024-12-02 01:33:47,920 INFO server.py 238:: [Sever] Confusion matrix:
 tensor([[50.,  0.,  0.,  0.],
        [50.,  0.,  0.,  0.],
        [50.,  0.,  0.,  0.],
        [29.,  0.,  0., 21.]])
2024-12-02 01:33:47,922 INFO server.py 254:: [Server] Precision=[0.2793296       nan       nan 1.       ],
 Recall=[1.   0.   0.   0.42],
 F1-score=[0.43668124        nan        nan 0.5915493 ],
 my_accuracy=35.499998927116394[%]
2024-12-02 01:33:47,922 INFO _main.py 209:: ########EPOCH 1 ########
2024-12-02 01:33:47,925 INFO _main.py 210:: ###Model distribution###
2024-12-02 01:33:50,924 INFO server.py 1078:: clients' sizes=[1, 2, 1, 0, 0, 0, 2, 2, 0, 1, 0, 1, 2, 2, 2, 2, 1, 1, 2, 0, 1, 1, 1, 1, 1, 0, 1, 1, 1, 1, 2, 0, 2, 0, 1, 2, 1, 0, 2, 0], total=41
2024-12-02 01:33:50,937 INFO server.py 327:: [Server] The aggregation takes 0.021498 seconds.

2024-12-02 01:33:50,938 INFO server.py 211:: [Server] Start testing
2024-12-02 01:33:50,952 INFO server.py 235:: [Server] Test set: Average loss: 1.1994, Accuracy: 90/200 (45.0%)

2024-12-02 01:33:50,954 INFO server.py 238:: [Sever] Confusion matrix:
 tensor([[50.,  0.,  0.,  0.],
        [46.,  0.,  1.,  3.],
        [34.,  0.,  6., 10.],
        [ 9.,  0.,  7., 34.]])
2024-12-02 01:33:50,956 INFO server.py 254:: [Server] Precision=[0.35971224        nan 0.42857143 0.7234042 ],
 Recall=[1.   0.   0.12 0.68],
 F1-score=[0.52910054        nan 0.1875     0.7010309 ],
 my_accuracy=44.999998807907104[%]
2024-12-02 01:33:50,957 INFO _main.py 209:: ########EPOCH 2 ########
2024-12-02 01:33:50,958 INFO _main.py 210:: ###Model distribution###
2024-12-02 01:33:53,677 INFO server.py 1078:: clients' sizes=[1, 2, 1, 0, 0, 0, 2, 2, 0, 1, 0, 1, 2, 2, 2, 2, 1, 1, 2, 0, 1, 1, 1, 1, 1, 0, 1, 1, 1, 1, 2, 0, 2, 0, 1, 2, 1, 0, 2, 0], total=41
2024-12-02 01:33:53,691 INFO server.py 327:: [Server] The aggregation takes 0.021232 seconds.

2024-12-02 01:33:53,692 INFO server.py 211:: [Server] Start testing
2024-12-02 01:33:53,706 INFO server.py 235:: [Server] Test set: Average loss: 1.0688, Accuracy: 107/200 (53.5%)

2024-12-02 01:33:53,708 INFO server.py 238:: [Sever] Confusion matrix:
 tensor([[47.,  1.,  2.,  0.],
        [33., 11.,  3.,  3.],
        [18., 10., 13.,  9.],
        [ 6.,  1.,  7., 36.]])
2024-12-02 01:33:53,709 INFO server.py 254:: [Server] Precision=[0.45192307 0.47826087 0.52       0.75      ],
 Recall=[0.94 0.22 0.26 0.72],
 F1-score=[0.61038965 0.30136985 0.34666666 0.7346939 ],
 my_accuracy=53.50000262260437[%]
2024-12-02 01:33:53,709 INFO _main.py 209:: ########EPOCH 3 ########
2024-12-02 01:33:53,710 INFO _main.py 210:: ###Model distribution###
2024-12-02 01:33:57,020 INFO server.py 570:: flip_sign_id={0, 2, 11, 18, 20}
2024-12-02 01:33:57,020 INFO server.py 585:: ===========using shortHoGs for detecting UNTARGETED ATTACK====
2024-12-02 01:33:57,108 INFO server.py 611:: labels cluster_sh= [0 0 0 0 0 0 0 0 0 0 0 0 0 0 0 0 0 0 0 0 0 0 0 0 0 0 0 0 0 0 0 0 0 0 0]
2024-12-02 01:33:57,122 DEBUG server.py 616:: offset_normal_ids=[ 0  1  2  3  4  5  6  7  8  9 10 11 12 13 14 15 16 17 18 19 20 21 22 23
 24 25 26 27 28 29 30 31 32 33 34], normal_ids=[ 1  3  4  5  6  7  8  9 10 12 13 14 15 16 17 19 21 22 23 24 25 26 27 28
 29 30 31 32 33 34 35 36 37 38 39]
2024-12-02 01:33:57,122 INFO server.py 621:: SUSPECTED UNTARGETED []
2024-12-02 01:33:57,123 DEBUG server.py 625:: suspicious_ids=[]
2024-12-02 01:33:57,123 DEBUG server.py 634:: d_normal_sus={}, d_separate=0
2024-12-02 01:33:57,123 INFO server.py 642:: This round UNTARGETED=set(), sus_tAtk_uRel_id0=set()
2024-12-02 01:33:57,137 INFO server.py 712:: This round UNRELIABLE={25}, normal_id={1, 3, 4, 5, 6, 7, 8, 9, 10, 12, 13, 14, 15, 16, 17, 19, 21, 22, 23, 24, 26, 27, 28, 29, 30, 31, 32, 33, 34, 35, 36, 37, 38, 39}
2024-12-02 01:33:57,138 DEBUG server.py 714:: anlge_sHoGs={1: 0.8620224, 3: nan, 4: nan, 5: nan, 6: 0.8404756, 7: 0.7859229, 8: nan, 9: 0.7838789, 10: nan, 12: 0.813588, 13: 0.8190329, 14: 0.7148876, 15: 0.74734074, 16: 0.7534118, 17: 0.73766494, 19: nan, 21: 0.6527752, 22: 0.558391, 23: 0.6896413, 24: 0.3943908, 25: 0.016307022, 26: 0.480467, 27: 0.7752053, 28: 0.69440734, 29: 0.654264, 30: 0.79502267, 31: nan, 32: 0.75960076, 33: nan, 34: 0.7357117, 35: 0.7462613, 36: 0.77407163, 37: nan, 38: 0.7744154, 39: nan}, angle_sep_nsH=0.2053489051759243
2024-12-02 01:33:57,138 INFO server.py 727:: UNRELIABLE clients =set()
2024-12-02 01:33:57,140 INFO server.py 1078:: clients' sizes=[1, 2, 1, 0, 0, 0, 2, 2, 0, 1, 0, 1, 2, 2, 2, 2, 1, 1, 2, 0, 1, 1, 1, 1, 1, 0, 1, 1, 1, 1, 2, 0, 2, 0, 1, 2, 1, 0, 2, 0], total=41
2024-12-02 01:33:57,157 INFO server.py 327:: [Server] The aggregation takes 0.205091 seconds.

2024-12-02 01:33:57,158 INFO server.py 211:: [Server] Start testing
2024-12-02 01:33:57,177 INFO server.py 235:: [Server] Test set: Average loss: 0.9836, Accuracy: 121/200 (60.5%)

2024-12-02 01:33:57,178 INFO server.py 238:: [Sever] Confusion matrix:
 tensor([[46.,  2.,  2.,  0.],
        [20., 21.,  6.,  3.],
        [13., 14., 15.,  8.],
        [ 0.,  6.,  5., 39.]])
2024-12-02 01:33:57,180 INFO server.py 254:: [Server] Precision=[0.5822785  0.4883721  0.53571427 0.78      ],
 Recall=[0.92 0.42 0.3  0.78],
 F1-score=[0.7131783  0.45161292 0.3846154  0.7799999 ],
 my_accuracy=60.50000190734863[%]
2024-12-02 01:33:57,180 INFO _main.py 209:: ########EPOCH 4 ########
2024-12-02 01:33:57,181 INFO _main.py 210:: ###Model distribution###
2024-12-02 01:34:00,249 INFO server.py 570:: flip_sign_id={0, 2, 11, 18, 20}
2024-12-02 01:34:00,251 INFO server.py 585:: ===========using shortHoGs for detecting UNTARGETED ATTACK====
2024-12-02 01:34:00,480 INFO server.py 611:: labels cluster_sh= [0 0 0 0 0 0 0 0 0 0 0 0 0 0 0 0 0 0 0 0 0 0 0 0 0 0 0 0 0 0 0 0 0 0 0]
2024-12-02 01:34:00,504 DEBUG server.py 616:: offset_normal_ids=[ 0  1  2  3  4  5  6  7  8  9 10 11 12 13 14 15 16 17 18 19 20 21 22 23
 24 25 26 27 28 29 30 31 32 33 34], normal_ids=[ 1  3  4  5  6  7  8  9 10 12 13 14 15 16 17 19 21 22 23 24 25 26 27 28
 29 30 31 32 33 34 35 36 37 38 39]
2024-12-02 01:34:00,504 INFO server.py 621:: SUSPECTED UNTARGETED []
2024-12-02 01:34:00,505 DEBUG server.py 625:: suspicious_ids=[]
2024-12-02 01:34:00,505 DEBUG server.py 634:: d_normal_sus={}, d_separate=0
2024-12-02 01:34:00,505 INFO server.py 642:: This round UNTARGETED=set(), sus_tAtk_uRel_id0=set()
2024-12-02 01:34:00,531 INFO server.py 712:: This round UNRELIABLE={25}, normal_id={1, 3, 4, 5, 6, 7, 8, 9, 10, 12, 13, 14, 15, 16, 17, 19, 21, 22, 23, 24, 26, 27, 28, 29, 30, 31, 32, 33, 34, 35, 36, 37, 38, 39}
2024-12-02 01:34:00,532 DEBUG server.py 714:: anlge_sHoGs={1: 0.8620224, 3: nan, 4: nan, 5: nan, 6: 0.8404756, 7: 0.7859229, 8: nan, 9: 0.7838789, 10: nan, 12: 0.813588, 13: 0.8190329, 14: 0.7148876, 15: 0.74734074, 16: 0.7534118, 17: 0.73766494, 19: nan, 21: 0.6527752, 22: 0.558391, 23: 0.6896413, 24: 0.3943908, 25: 0.016307022, 26: 0.480467, 27: 0.7752053, 28: 0.69440734, 29: 0.654264, 30: 0.79502267, 31: nan, 32: 0.75960076, 33: nan, 34: 0.7357117, 35: 0.7462613, 36: 0.77407163, 37: nan, 38: 0.7744154, 39: nan}, angle_sep_nsH=0.2053489051759243
2024-12-02 01:34:00,532 INFO server.py 727:: UNRELIABLE clients =set()
2024-12-02 01:34:00,533 INFO server.py 1078:: clients' sizes=[1, 2, 1, 0, 0, 0, 2, 2, 0, 1, 0, 1, 2, 2, 2, 2, 1, 1, 2, 0, 1, 1, 1, 1, 1, 0, 1, 1, 1, 1, 2, 0, 2, 0, 1, 2, 1, 0, 2, 0], total=41
2024-12-02 01:34:00,551 INFO server.py 327:: [Server] The aggregation takes 0.411747 seconds.

2024-12-02 01:34:00,553 INFO server.py 211:: [Server] Start testing
2024-12-02 01:34:00,582 INFO server.py 235:: [Server] Test set: Average loss: 0.9405, Accuracy: 121/200 (60.5%)

2024-12-02 01:34:00,584 INFO server.py 238:: [Sever] Confusion matrix:
 tensor([[41.,  7.,  2.,  0.],
        [18., 23.,  7.,  2.],
        [10., 14., 18.,  8.],
        [ 0.,  6.,  5., 39.]])
2024-12-02 01:34:00,586 INFO server.py 254:: [Server] Precision=[0.5942029  0.46       0.5625     0.79591835],
 Recall=[0.82 0.46 0.36 0.78],
 F1-score=[0.6890756  0.46       0.43902442 0.78787875],
 my_accuracy=60.50000190734863[%]
