2024-12-03 23:35:06,012 INFO _main.py 39:: ################################################################
2024-12-03 23:35:06,014 INFO _main.py 41:: #                              batch_size: 8                   #
2024-12-03 23:35:06,014 INFO _main.py 41:: #                         test_batch_size: 8                   #
2024-12-03 23:35:06,015 INFO _main.py 41:: #                                  epochs: 10                  #
2024-12-03 23:35:06,015 INFO _main.py 41:: #                               optimizer: SGD                 #
2024-12-03 23:35:06,015 INFO _main.py 41:: #                                      lr: 0.01                #
2024-12-03 23:35:06,015 INFO _main.py 41:: #                                momentum: 0.9                 #
2024-12-03 23:35:06,015 INFO _main.py 41:: #                            weight_decay: 0.0001              #
2024-12-03 23:35:06,015 INFO _main.py 41:: #                                    seed: 1                   #
2024-12-03 23:35:06,015 INFO _main.py 41:: #                            log_interval: 11                  #
2024-12-03 23:35:06,015 INFO _main.py 41:: #                             num_clients: 40                  #
2024-12-03 23:35:06,016 INFO _main.py 41:: #                           output_folder: experiments         #
2024-12-03 23:35:06,016 INFO _main.py 41:: #                                 dataset: rockburst           #
2024-12-03 23:35:06,016 INFO _main.py 41:: #                             loader_type: dirichlet           #
2024-12-03 23:35:06,016 INFO _main.py 41:: #                             loader_path: ./data/loader.pk    #
2024-12-03 23:35:06,016 INFO _main.py 41:: #                                      AR: mudhog              #
2024-12-03 23:35:06,016 INFO _main.py 41:: #                     n_attacker_backdoor: 0                   #
2024-12-03 23:35:06,016 INFO _main.py 41:: #                        backdoor_trigger: [0, 0, 1, 1]        #
2024-12-03 23:35:06,016 INFO _main.py 41:: #                   n_attacker_omniscient: 0                   #
2024-12-03 23:35:06,016 INFO _main.py 41:: #                        omniscient_scale: 1                   #
2024-12-03 23:35:06,016 INFO _main.py 41:: #                                 attacks: None                #
2024-12-03 23:35:06,016 INFO _main.py 41:: #                      save_model_weights: False               #
2024-12-03 23:35:06,016 INFO _main.py 41:: #                         experiment_name: sExp4Ba_40ep_rockburst_mudhog_40C_5#
2024-12-03 23:35:06,017 INFO _main.py 41:: #                          path_to_aggNet: None                #
2024-12-03 23:35:06,017 INFO _main.py 41:: #                                  device: cuda                #
2024-12-03 23:35:06,017 INFO _main.py 41:: #                            inner_epochs: 4                   #
2024-12-03 23:35:06,017 INFO _main.py 41:: #                                 verbose: True                #
2024-12-03 23:35:06,017 INFO _main.py 41:: #                         list_unreliable: [2, 18, 20]         #
2024-12-03 23:35:06,017 INFO _main.py 41:: #                     unreliable_fraction: 0.5                 #
2024-12-03 23:35:06,017 INFO _main.py 41:: #                    unreliable_fracTrain: 0.3                 #
2024-12-03 23:35:06,017 INFO _main.py 41:: #                         mean_unreliable: 0.0                 #
2024-12-03 23:35:06,017 INFO _main.py 41:: #                             blur_method: add_noise           #
2024-12-03 23:35:06,017 INFO _main.py 41:: #                      max_std_unreliable: 30.0                #
2024-12-03 23:35:06,017 INFO _main.py 41:: #                     list_uatk_add_noise: [24, 25, 26]        #
2024-12-03 23:35:06,017 INFO _main.py 41:: #                          mean_add_noise: 0.0                 #
2024-12-03 23:35:06,018 INFO _main.py 41:: #                           std_add_noise: 0.01                #
2024-12-03 23:35:06,018 INFO _main.py 41:: #                     list_uatk_flip_sign: [0, 10, 11]         #
2024-12-03 23:35:06,018 INFO _main.py 42:: ################################################################
2024-12-03 23:35:06,018 INFO _main.py 43:: Namespace(batch_size=8, test_batch_size=8, epochs=10, optimizer='SGD', lr=0.01, momentum=0.9, weight_decay=0.0001, seed=1, log_interval=11, num_clients=40, output_folder='experiments', dataset='rockburst', loader_type='dirichlet', loader_path='./data/loader.pk', AR='mudhog', n_attacker_backdoor=0, backdoor_trigger=[0, 0, 1, 1], n_attacker_omniscient=0, omniscient_scale=1, attacks=None, save_model_weights=False, experiment_name='sExp4Ba_40ep_rockburst_mudhog_40C_5', path_to_aggNet=None, device='cuda', inner_epochs=4, verbose=True, list_unreliable=[2, 18, 20], unreliable_fraction=0.5, unreliable_fracTrain=0.3, mean_unreliable=0.0, blur_method='add_noise', max_std_unreliable=30.0, list_uatk_add_noise=[24, 25, 26], mean_add_noise=0.0, std_add_noise=0.01, list_uatk_flip_sign=[0, 10, 11])
2024-12-03 23:35:06,018 INFO _main.py 44:: #####################
2024-12-03 23:35:06,018 INFO _main.py 45:: #####################
2024-12-03 23:35:06,018 INFO _main.py 46:: #####################
2024-12-03 23:35:06,018 INFO _main.py 47:: Aggregation Rule:	mudhog
2024-12-03 23:35:06,018 INFO _main.py 48:: Data distribution:	dirichlet
2024-12-03 23:35:06,018 INFO _main.py 49:: Attacks:	None 
2024-12-03 23:35:06,019 INFO _main.py 50:: #####################
2024-12-03 23:35:06,019 INFO _main.py 51:: #####################
2024-12-03 23:35:06,019 INFO _main.py 52:: #####################
2024-12-03 23:35:07,260 INFO server.py 366:: SET DBSCAN eps=1.3, min_samples=10
2024-12-03 23:35:07,264 INFO _main.py 135:: [1-normal, 0-malicious] label =tensor([0., 1., 1., 1., 1., 1., 1., 1., 1., 1., 0., 0., 1., 1., 1., 1., 1., 1.,
        1., 1., 1., 1., 1., 1., 0., 0., 0., 1., 1., 1., 1., 1., 1., 1., 1., 1.,
        1., 1., 1., 1.])
2024-12-03 23:35:07,267 INFO malicious_clients.py 123:: init ATTACK OMNISCIENT Client 0
2024-12-03 23:35:07,271 INFO malicious_clients.py 18:: init UNRELIABLE Client 2
2024-12-03 23:35:07,299 INFO malicious_clients.py 123:: init ATTACK OMNISCIENT Client 10
2024-12-03 23:35:07,302 INFO malicious_clients.py 123:: init ATTACK OMNISCIENT Client 11
2024-12-03 23:35:07,322 INFO malicious_clients.py 18:: init UNRELIABLE Client 18
2024-12-03 23:35:07,328 INFO malicious_clients.py 18:: init UNRELIABLE Client 20
2024-12-03 23:35:07,343 INFO malicious_clients.py 73:: init ATTACK ADD NOISE TO GRAD Client 24
2024-12-03 23:35:07,346 INFO malicious_clients.py 73:: init ATTACK ADD NOISE TO GRAD Client 25
2024-12-03 23:35:07,350 INFO malicious_clients.py 73:: init ATTACK ADD NOISE TO GRAD Client 26
2024-12-03 23:35:07,393 INFO server.py 211:: [Server] Start testing
2024-12-03 23:35:07,700 INFO server.py 235:: [Server] Test set: Average loss: 1.3864, Accuracy: 50/200 (25.0%)

2024-12-03 23:35:07,701 INFO server.py 238:: [Sever] Confusion matrix:
 tensor([[50.,  0.,  0.,  0.],
        [50.,  0.,  0.,  0.],
        [50.,  0.,  0.,  0.],
        [50.,  0.,  0.,  0.]])
2024-12-03 23:35:07,705 INFO server.py 254:: [Server] Precision=[0.25  nan  nan  nan],
 Recall=[1. 0. 0. 0.],
 F1-score=[0.4 nan nan nan],
 my_accuracy=25.0[%]
2024-12-03 23:35:07,706 INFO _main.py 209:: ########EPOCH 0 ########
2024-12-03 23:35:07,706 INFO _main.py 210:: ###Model distribution###
2024-12-03 23:35:08,301 INFO server.py 1080:: clients' sizes=[1, 2, 1, 0, 0, 0, 2, 2, 0, 1, 0, 1, 2, 2, 2, 2, 1, 1, 2, 0, 1, 1, 1, 1, 1, 0, 1, 1, 1, 1, 2, 0, 2, 0, 1, 2, 1, 0, 2, 0], total=41
2024-12-03 23:35:08,311 INFO server.py 327:: [Server] The aggregation takes 0.022310 seconds.

2024-12-03 23:35:08,312 INFO server.py 211:: [Server] Start testing
2024-12-03 23:35:08,350 INFO server.py 235:: [Server] Test set: Average loss: 1.3845, Accuracy: 50/200 (25.0%)

2024-12-03 23:35:08,351 INFO server.py 238:: [Sever] Confusion matrix:
 tensor([[50.,  0.,  0.,  0.],
        [50.,  0.,  0.,  0.],
        [50.,  0.,  0.,  0.],
        [50.,  0.,  0.,  0.]])
2024-12-03 23:35:08,352 INFO server.py 254:: [Server] Precision=[0.25  nan  nan  nan],
 Recall=[1. 0. 0. 0.],
 F1-score=[0.4 nan nan nan],
 my_accuracy=25.0[%]
2024-12-03 23:35:08,353 INFO _main.py 209:: ########EPOCH 1 ########
2024-12-03 23:35:08,353 INFO _main.py 210:: ###Model distribution###
2024-12-03 23:35:08,782 INFO server.py 1080:: clients' sizes=[1, 2, 1, 0, 0, 0, 2, 2, 0, 1, 0, 1, 2, 2, 2, 2, 1, 1, 2, 0, 1, 1, 1, 1, 1, 0, 1, 1, 1, 1, 2, 0, 2, 0, 1, 2, 1, 0, 2, 0], total=41
2024-12-03 23:35:08,792 INFO server.py 327:: [Server] The aggregation takes 0.016686 seconds.

2024-12-03 23:35:08,793 INFO server.py 211:: [Server] Start testing
2024-12-03 23:35:08,829 INFO server.py 235:: [Server] Test set: Average loss: 1.3799, Accuracy: 50/200 (25.0%)

2024-12-03 23:35:08,830 INFO server.py 238:: [Sever] Confusion matrix:
 tensor([[50.,  0.,  0.,  0.],
        [50.,  0.,  0.,  0.],
        [50.,  0.,  0.,  0.],
        [50.,  0.,  0.,  0.]])
2024-12-03 23:35:08,831 INFO server.py 254:: [Server] Precision=[0.25  nan  nan  nan],
 Recall=[1. 0. 0. 0.],
 F1-score=[0.4 nan nan nan],
 my_accuracy=25.0[%]
2024-12-03 23:35:08,832 INFO _main.py 209:: ########EPOCH 2 ########
2024-12-03 23:35:08,832 INFO _main.py 210:: ###Model distribution###
2024-12-03 23:35:09,262 INFO server.py 1080:: clients' sizes=[1, 2, 1, 0, 0, 0, 2, 2, 0, 1, 0, 1, 2, 2, 2, 2, 1, 1, 2, 0, 1, 1, 1, 1, 1, 0, 1, 1, 1, 1, 2, 0, 2, 0, 1, 2, 1, 0, 2, 0], total=41
2024-12-03 23:35:09,271 INFO server.py 327:: [Server] The aggregation takes 0.018581 seconds.

2024-12-03 23:35:09,272 INFO server.py 211:: [Server] Start testing
2024-12-03 23:35:09,309 INFO server.py 235:: [Server] Test set: Average loss: 1.3741, Accuracy: 50/200 (25.0%)

2024-12-03 23:35:09,310 INFO server.py 238:: [Sever] Confusion matrix:
 tensor([[50.,  0.,  0.,  0.],
        [50.,  0.,  0.,  0.],
        [50.,  0.,  0.,  0.],
        [50.,  0.,  0.,  0.]])
2024-12-03 23:35:09,311 INFO server.py 254:: [Server] Precision=[0.25  nan  nan  nan],
 Recall=[1. 0. 0. 0.],
 F1-score=[0.4 nan nan nan],
 my_accuracy=25.0[%]
2024-12-03 23:35:09,311 INFO _main.py 209:: ########EPOCH 3 ########
2024-12-03 23:35:09,311 INFO _main.py 210:: ###Model distribution###
2024-12-03 23:35:09,798 INFO server.py 570:: flip_sign_id={0, 18, 11}
2024-12-03 23:35:09,798 INFO server.py 585:: ===========using shortHoGs for detecting UNTARGETED ATTACK====
2024-12-03 23:35:10,125 INFO server.py 611:: labels cluster_sh= [0 0 0 0 0 0 0 0 0 0 0 0 0 0 0 0 0 0 0 0 0 0 0 0 0 0 0 0 0 0 0 0 0 0 0 0 0]
2024-12-03 23:35:10,137 DEBUG server.py 616:: offset_normal_ids=[ 0  1  2  3  4  5  6  7  8  9 10 11 12 13 14 15 16 17 18 19 20 21 22 23
 24 25 26 27 28 29 30 31 32 33 34 35 36], normal_ids=[ 1  2  3  4  5  6  7  8  9 10 12 13 14 15 16 17 19 20 21 22 23 24 25 26
 27 28 29 30 31 32 33 34 35 36 37 38 39]
2024-12-03 23:35:10,138 INFO server.py 621:: SUSPECTED UNTARGETED []
2024-12-03 23:35:10,138 DEBUG server.py 625:: suspicious_ids=[]
2024-12-03 23:35:10,139 DEBUG server.py 634:: d_normal_sus={}, d_separate=0
2024-12-03 23:35:10,139 INFO server.py 642:: This round UNTARGETED=set(), sus_tAtk_uRel_id0=set()
2024-12-03 23:35:10,150 INFO server.py 712:: This round UNRELIABLE={2, 21, 22, 24, 25, 26}, normal_id={1, 3, 4, 5, 6, 7, 8, 9, 10, 12, 13, 14, 15, 16, 17, 19, 20, 23, 27, 28, 29, 30, 31, 32, 33, 34, 35, 36, 37, 38, 39}
2024-12-03 23:35:10,150 DEBUG server.py 714:: anlge_sHoGs={1: 0.5694618, 2: 0.113973945, 3: nan, 4: nan, 5: nan, 6: 0.65571564, 7: 0.41887257, 8: nan, 9: 0.58719695, 10: nan, 12: 0.5256697, 13: 0.56653416, 14: 0.3904234, 15: 0.37894413, 16: 0.47902173, 17: 0.35504255, 19: nan, 20: 0.39705017, 21: 0.28745532, 22: 0.26610458, 23: 0.42737612, 24: 0.060265798, 25: 0.033684403, 26: 0.04140818, 27: 0.6217083, 28: 0.41634607, 29: 0.41081274, 30: 0.5855273, 31: nan, 32: 0.384265, 33: nan, 34: 0.4472079, 35: 0.41789377, 36: 0.6124916, 37: nan, 38: 0.38906932, 39: nan}, angle_sep_nsH=0.3417178839445114
2024-12-03 23:35:10,150 INFO server.py 727:: UNRELIABLE clients =set()
2024-12-03 23:35:10,151 INFO server.py 1080:: clients' sizes=[1, 2, 1, 0, 0, 0, 2, 2, 0, 1, 0, 1, 2, 2, 2, 2, 1, 1, 2, 0, 1, 1, 1, 1, 1, 0, 1, 1, 1, 1, 2, 0, 2, 0, 1, 2, 1, 0, 2, 0], total=41
2024-12-03 23:35:10,159 INFO server.py 327:: [Server] The aggregation takes 0.422208 seconds.

2024-12-03 23:35:10,160 INFO server.py 211:: [Server] Start testing
2024-12-03 23:35:10,196 INFO server.py 235:: [Server] Test set: Average loss: 1.3678, Accuracy: 52/200 (26.0%)

2024-12-03 23:35:10,197 INFO server.py 238:: [Sever] Confusion matrix:
 tensor([[50.,  0.,  0.,  0.],
        [50.,  0.,  0.,  0.],
        [50.,  0.,  0.,  0.],
        [48.,  0.,  0.,  2.]])
2024-12-03 23:35:10,199 INFO server.py 254:: [Server] Precision=[0.25252524        nan        nan 1.        ],
 Recall=[1.   0.   0.   0.04],
 F1-score=[0.4032258         nan        nan 0.07692308],
 my_accuracy=25.999999046325684[%]
2024-12-03 23:35:10,199 INFO _main.py 209:: ########EPOCH 4 ########
2024-12-03 23:35:10,199 INFO _main.py 210:: ###Model distribution###
2024-12-03 23:35:10,674 INFO server.py 570:: flip_sign_id={0, 18, 11}
2024-12-03 23:35:10,674 INFO server.py 585:: ===========using shortHoGs for detecting UNTARGETED ATTACK====
2024-12-03 23:35:10,920 INFO server.py 611:: labels cluster_sh= [0 0 0 0 0 0 0 0 0 0 0 0 0 0 0 0 0 0 0 0 0 0 0 0 0 0 0 0 0 0 0 0 0 0 0 0 0]
2024-12-03 23:35:10,932 DEBUG server.py 616:: offset_normal_ids=[ 0  1  2  3  4  5  6  7  8  9 10 11 12 13 14 15 16 17 18 19 20 21 22 23
 24 25 26 27 28 29 30 31 32 33 34 35 36], normal_ids=[ 1  2  3  4  5  6  7  8  9 10 12 13 14 15 16 17 19 20 21 22 23 24 25 26
 27 28 29 30 31 32 33 34 35 36 37 38 39]
2024-12-03 23:35:10,933 INFO server.py 621:: SUSPECTED UNTARGETED []
2024-12-03 23:35:10,933 DEBUG server.py 625:: suspicious_ids=[]
2024-12-03 23:35:10,933 DEBUG server.py 634:: d_normal_sus={}, d_separate=0
2024-12-03 23:35:10,933 INFO server.py 642:: This round UNTARGETED=set(), sus_tAtk_uRel_id0=set()
2024-12-03 23:35:10,946 INFO server.py 712:: This round UNRELIABLE={2, 21, 22, 24, 25, 26}, normal_id={1, 3, 4, 5, 6, 7, 8, 9, 10, 12, 13, 14, 15, 16, 17, 19, 20, 23, 27, 28, 29, 30, 31, 32, 33, 34, 35, 36, 37, 38, 39}
2024-12-03 23:35:10,946 DEBUG server.py 714:: anlge_sHoGs={1: 0.5694618, 2: 0.113973945, 3: nan, 4: nan, 5: nan, 6: 0.65571564, 7: 0.41887257, 8: nan, 9: 0.58719695, 10: nan, 12: 0.5256697, 13: 0.56653416, 14: 0.3904234, 15: 0.37894413, 16: 0.47902173, 17: 0.35504255, 19: nan, 20: 0.39705017, 21: 0.28745532, 22: 0.26610458, 23: 0.42737612, 24: 0.060265798, 25: 0.033684403, 26: 0.04140818, 27: 0.6217083, 28: 0.41634607, 29: 0.41081274, 30: 0.5855273, 31: nan, 32: 0.384265, 33: nan, 34: 0.4472079, 35: 0.41789377, 36: 0.6124916, 37: nan, 38: 0.38906932, 39: nan}, angle_sep_nsH=0.3417178839445114
2024-12-03 23:35:10,946 INFO server.py 727:: UNRELIABLE clients =set()
2024-12-03 23:35:10,947 INFO server.py 1080:: clients' sizes=[1, 2, 1, 0, 0, 0, 2, 2, 0, 1, 0, 1, 2, 2, 2, 2, 1, 1, 2, 0, 1, 1, 1, 1, 1, 0, 1, 1, 1, 1, 2, 0, 2, 0, 1, 2, 1, 0, 2, 0], total=41
2024-12-03 23:35:10,959 INFO server.py 327:: [Server] The aggregation takes 0.343291 seconds.

2024-12-03 23:35:10,960 INFO server.py 211:: [Server] Start testing
2024-12-03 23:35:10,998 INFO server.py 235:: [Server] Test set: Average loss: 1.3607, Accuracy: 63/200 (31.5%)

2024-12-03 23:35:10,998 INFO server.py 238:: [Sever] Confusion matrix:
 tensor([[50.,  0.,  0.,  0.],
        [50.,  0.,  0.,  0.],
        [50.,  0.,  0.,  0.],
        [37.,  0.,  0., 13.]])
2024-12-03 23:35:11,000 INFO server.py 254:: [Server] Precision=[0.26737967        nan        nan 1.        ],
 Recall=[1.   0.   0.   0.26],
 F1-score=[0.42194092        nan        nan 0.4126984 ],
 my_accuracy=31.49999976158142[%]
2024-12-03 23:35:11,000 INFO _main.py 209:: ########EPOCH 5 ########
2024-12-03 23:35:11,000 INFO _main.py 210:: ###Model distribution###
2024-12-03 23:35:11,486 INFO server.py 570:: flip_sign_id={0, 18, 11}
2024-12-03 23:35:11,486 INFO server.py 585:: ===========using shortHoGs for detecting UNTARGETED ATTACK====
2024-12-03 23:35:11,736 INFO server.py 611:: labels cluster_sh= [0 0 0 0 0 0 0 0 0 0 0 0 0 0 0 0 0 0 0 0 0 0 0 0 0 0 0 0 0 0 0 0 0 0 0 0 0]
2024-12-03 23:35:11,748 DEBUG server.py 616:: offset_normal_ids=[ 0  1  2  3  4  5  6  7  8  9 10 11 12 13 14 15 16 17 18 19 20 21 22 23
 24 25 26 27 28 29 30 31 32 33 34 35 36], normal_ids=[ 1  2  3  4  5  6  7  8  9 10 12 13 14 15 16 17 19 20 21 22 23 24 25 26
 27 28 29 30 31 32 33 34 35 36 37 38 39]
2024-12-03 23:35:11,748 INFO server.py 621:: SUSPECTED UNTARGETED []
2024-12-03 23:35:11,749 DEBUG server.py 625:: suspicious_ids=[]
2024-12-03 23:35:11,749 DEBUG server.py 634:: d_normal_sus={}, d_separate=0
2024-12-03 23:35:11,749 INFO server.py 642:: This round UNTARGETED=set(), sus_tAtk_uRel_id0=set()
2024-12-03 23:35:11,761 INFO server.py 712:: This round UNRELIABLE={2, 21, 22, 24, 25, 26}, normal_id={1, 3, 4, 5, 6, 7, 8, 9, 10, 12, 13, 14, 15, 16, 17, 19, 20, 23, 27, 28, 29, 30, 31, 32, 33, 34, 35, 36, 37, 38, 39}
2024-12-03 23:35:11,762 DEBUG server.py 714:: anlge_sHoGs={1: 0.5694618, 2: 0.113973945, 3: nan, 4: nan, 5: nan, 6: 0.65571564, 7: 0.41887257, 8: nan, 9: 0.58719695, 10: nan, 12: 0.5256697, 13: 0.56653416, 14: 0.3904234, 15: 0.37894413, 16: 0.47902173, 17: 0.35504255, 19: nan, 20: 0.39705017, 21: 0.28745532, 22: 0.26610458, 23: 0.42737612, 24: 0.060265798, 25: 0.033684403, 26: 0.04140818, 27: 0.6217083, 28: 0.41634607, 29: 0.41081274, 30: 0.5855273, 31: nan, 32: 0.384265, 33: nan, 34: 0.4472079, 35: 0.41789377, 36: 0.6124916, 37: nan, 38: 0.38906932, 39: nan}, angle_sep_nsH=0.3417178839445114
2024-12-03 23:35:11,762 INFO server.py 727:: UNRELIABLE clients ={2, 21, 22, 24, 25, 26}
2024-12-03 23:35:11,763 INFO server.py 1080:: clients' sizes=[1, 2, 1, 0, 0, 0, 2, 2, 0, 1, 0, 1, 2, 2, 2, 2, 1, 1, 2, 0, 1, 1, 1, 1, 1, 0, 1, 1, 1, 1, 2, 0, 2, 0, 1, 2, 1, 0, 2, 0], total=41
2024-12-03 23:35:11,773 INFO server.py 327:: [Server] The aggregation takes 0.344605 seconds.

2024-12-03 23:35:11,773 INFO server.py 211:: [Server] Start testing
2024-12-03 23:35:11,811 INFO server.py 235:: [Server] Test set: Average loss: 1.3530, Accuracy: 64/200 (32.0%)

2024-12-03 23:35:11,812 INFO server.py 238:: [Sever] Confusion matrix:
 tensor([[50.,  0.,  0.,  0.],
        [50.,  0.,  0.,  0.],
        [50.,  0.,  0.,  0.],
        [36.,  0.,  0., 14.]])
2024-12-03 23:35:11,813 INFO server.py 254:: [Server] Precision=[0.26881722        nan        nan 1.        ],
 Recall=[1.   0.   0.   0.28],
 F1-score=[0.42372882        nan        nan 0.4375    ],
 my_accuracy=31.999999284744263[%]
2024-12-03 23:35:11,813 INFO _main.py 209:: ########EPOCH 6 ########
2024-12-03 23:35:11,814 INFO _main.py 210:: ###Model distribution###
2024-12-03 23:35:12,286 INFO server.py 570:: flip_sign_id={0, 18, 11}
2024-12-03 23:35:12,286 INFO server.py 585:: ===========using shortHoGs for detecting UNTARGETED ATTACK====
2024-12-03 23:35:12,531 INFO server.py 611:: labels cluster_sh= [0 0 0 0 0 0 0 0 0 0 0 0 0 0 0 0 0 0 0 0 0 0 0 0 0 0 0 0 0 0 0 0 0 0 0 0 0]
2024-12-03 23:35:12,543 DEBUG server.py 616:: offset_normal_ids=[ 0  1  2  3  4  5  6  7  8  9 10 11 12 13 14 15 16 17 18 19 20 21 22 23
 24 25 26 27 28 29 30 31 32 33 34 35 36], normal_ids=[ 1  2  3  4  5  6  7  8  9 10 12 13 14 15 16 17 19 20 21 22 23 24 25 26
 27 28 29 30 31 32 33 34 35 36 37 38 39]
2024-12-03 23:35:12,543 INFO server.py 621:: SUSPECTED UNTARGETED []
2024-12-03 23:35:12,544 DEBUG server.py 625:: suspicious_ids=[]
2024-12-03 23:35:12,544 DEBUG server.py 634:: d_normal_sus={}, d_separate=0
2024-12-03 23:35:12,544 INFO server.py 642:: This round UNTARGETED=set(), sus_tAtk_uRel_id0=set()
2024-12-03 23:35:12,556 INFO server.py 712:: This round UNRELIABLE={2, 21, 22, 24, 25, 26}, normal_id={1, 3, 4, 5, 6, 7, 8, 9, 10, 12, 13, 14, 15, 16, 17, 19, 20, 23, 27, 28, 29, 30, 31, 32, 33, 34, 35, 36, 37, 38, 39}
2024-12-03 23:35:12,556 DEBUG server.py 714:: anlge_sHoGs={1: 0.5694618, 2: 0.113973945, 3: nan, 4: nan, 5: nan, 6: 0.65571564, 7: 0.41887257, 8: nan, 9: 0.58719695, 10: nan, 12: 0.5256697, 13: 0.56653416, 14: 0.3904234, 15: 0.37894413, 16: 0.47902173, 17: 0.35504255, 19: nan, 20: 0.39705017, 21: 0.28745532, 22: 0.26610458, 23: 0.42737612, 24: 0.060265798, 25: 0.033684403, 26: 0.04140818, 27: 0.6217083, 28: 0.41634607, 29: 0.41081274, 30: 0.5855273, 31: nan, 32: 0.384265, 33: nan, 34: 0.4472079, 35: 0.41789377, 36: 0.6124916, 37: nan, 38: 0.38906932, 39: nan}, angle_sep_nsH=0.3417178839445114
2024-12-03 23:35:12,556 INFO server.py 727:: UNRELIABLE clients ={2, 21, 22, 24, 25, 26}
2024-12-03 23:35:12,558 INFO server.py 1080:: clients' sizes=[1, 2, 1, 0, 0, 0, 2, 2, 0, 1, 0, 1, 2, 2, 2, 2, 1, 1, 2, 0, 1, 1, 1, 1, 1, 0, 1, 1, 1, 1, 2, 0, 2, 0, 1, 2, 1, 0, 2, 0], total=41
2024-12-03 23:35:12,571 INFO server.py 327:: [Server] The aggregation takes 0.342307 seconds.

2024-12-03 23:35:12,572 INFO server.py 211:: [Server] Start testing
2024-12-03 23:35:12,609 INFO server.py 235:: [Server] Test set: Average loss: 1.3445, Accuracy: 69/200 (34.5%)

2024-12-03 23:35:12,610 INFO server.py 238:: [Sever] Confusion matrix:
 tensor([[50.,  0.,  0.,  0.],
        [50.,  0.,  0.,  0.],
        [50.,  0.,  0.,  0.],
        [31.,  0.,  0., 19.]])
2024-12-03 23:35:12,611 INFO server.py 254:: [Server] Precision=[0.2762431       nan       nan 1.       ],
 Recall=[1.   0.   0.   0.38],
 F1-score=[0.43290043        nan        nan 0.5507246 ],
 my_accuracy=34.49999988079071[%]
2024-12-03 23:35:12,612 INFO _main.py 209:: ########EPOCH 7 ########
2024-12-03 23:35:12,612 INFO _main.py 210:: ###Model distribution###
2024-12-03 23:35:13,108 INFO server.py 570:: flip_sign_id={0, 18, 11}
2024-12-03 23:35:13,108 INFO server.py 585:: ===========using shortHoGs for detecting UNTARGETED ATTACK====
2024-12-03 23:35:13,434 INFO server.py 611:: labels cluster_sh= [0 0 0 0 0 0 0 0 0 0 0 0 0 0 0 0 0 0 0 0 0 0 0 0 0 0 0 0 0 0 0 0 0 0 0 0 0]
2024-12-03 23:35:13,462 DEBUG server.py 616:: offset_normal_ids=[ 0  1  2  3  4  5  6  7  8  9 10 11 12 13 14 15 16 17 18 19 20 21 22 23
 24 25 26 27 28 29 30 31 32 33 34 35 36], normal_ids=[ 1  2  3  4  5  6  7  8  9 10 12 13 14 15 16 17 19 20 21 22 23 24 25 26
 27 28 29 30 31 32 33 34 35 36 37 38 39]
2024-12-03 23:35:13,463 INFO server.py 621:: SUSPECTED UNTARGETED []
2024-12-03 23:35:13,463 DEBUG server.py 625:: suspicious_ids=[]
2024-12-03 23:35:13,464 DEBUG server.py 634:: d_normal_sus={}, d_separate=0
2024-12-03 23:35:13,464 INFO server.py 642:: This round UNTARGETED=set(), sus_tAtk_uRel_id0=set()
2024-12-03 23:35:13,474 INFO server.py 712:: This round UNRELIABLE={2, 21, 22, 24, 25, 26}, normal_id={1, 3, 4, 5, 6, 7, 8, 9, 10, 12, 13, 14, 15, 16, 17, 19, 20, 23, 27, 28, 29, 30, 31, 32, 33, 34, 35, 36, 37, 38, 39}
2024-12-03 23:35:13,474 DEBUG server.py 714:: anlge_sHoGs={1: 0.5694618, 2: 0.113973945, 3: nan, 4: nan, 5: nan, 6: 0.65571564, 7: 0.41887257, 8: nan, 9: 0.58719695, 10: nan, 12: 0.5256697, 13: 0.56653416, 14: 0.3904234, 15: 0.37894413, 16: 0.47902173, 17: 0.35504255, 19: nan, 20: 0.39705017, 21: 0.28745532, 22: 0.26610458, 23: 0.42737612, 24: 0.060265798, 25: 0.033684403, 26: 0.04140818, 27: 0.6217083, 28: 0.41634607, 29: 0.41081274, 30: 0.5855273, 31: nan, 32: 0.384265, 33: nan, 34: 0.4472079, 35: 0.41789377, 36: 0.6124916, 37: nan, 38: 0.38906932, 39: nan}, angle_sep_nsH=0.3417178839445114
2024-12-03 23:35:13,474 INFO server.py 727:: UNRELIABLE clients ={2, 21, 22, 24, 25, 26}
2024-12-03 23:35:13,475 INFO server.py 1080:: clients' sizes=[1, 2, 1, 0, 0, 0, 2, 2, 0, 1, 0, 1, 2, 2, 2, 2, 1, 1, 2, 0, 1, 1, 1, 1, 1, 0, 1, 1, 1, 1, 2, 0, 2, 0, 1, 2, 1, 0, 2, 0], total=41
2024-12-03 23:35:13,483 INFO server.py 327:: [Server] The aggregation takes 0.432838 seconds.

2024-12-03 23:35:13,483 INFO server.py 211:: [Server] Start testing
2024-12-03 23:35:13,521 INFO server.py 235:: [Server] Test set: Average loss: 1.3350, Accuracy: 73/200 (36.5%)

2024-12-03 23:35:13,522 INFO server.py 238:: [Sever] Confusion matrix:
 tensor([[50.,  0.,  0.,  0.],
        [50.,  0.,  0.,  0.],
        [50.,  0.,  0.,  0.],
        [27.,  0.,  0., 23.]])
2024-12-03 23:35:13,523 INFO server.py 254:: [Server] Precision=[0.28248587        nan        nan 1.        ],
 Recall=[1.   0.   0.   0.46],
 F1-score=[0.44052863        nan        nan 0.63013697],
 my_accuracy=36.500000953674316[%]
2024-12-03 23:35:13,524 INFO _main.py 209:: ########EPOCH 8 ########
2024-12-03 23:35:13,525 INFO _main.py 210:: ###Model distribution###
2024-12-03 23:35:14,000 INFO server.py 570:: flip_sign_id={0, 18, 11}
2024-12-03 23:35:14,001 INFO server.py 585:: ===========using shortHoGs for detecting UNTARGETED ATTACK====
2024-12-03 23:35:14,297 INFO server.py 611:: labels cluster_sh= [0 0 0 0 0 0 0 0 0 0 0 0 0 0 0 0 0 0 0 0 0 0 0 0 0 0 0 0 0 0 0 0 0 0 0 0 0]
2024-12-03 23:35:14,309 DEBUG server.py 616:: offset_normal_ids=[ 0  1  2  3  4  5  6  7  8  9 10 11 12 13 14 15 16 17 18 19 20 21 22 23
 24 25 26 27 28 29 30 31 32 33 34 35 36], normal_ids=[ 1  2  3  4  5  6  7  8  9 10 12 13 14 15 16 17 19 20 21 22 23 24 25 26
 27 28 29 30 31 32 33 34 35 36 37 38 39]
2024-12-03 23:35:14,328 INFO server.py 621:: SUSPECTED UNTARGETED []
2024-12-03 23:35:14,329 DEBUG server.py 625:: suspicious_ids=[]
2024-12-03 23:35:14,329 DEBUG server.py 634:: d_normal_sus={}, d_separate=0
2024-12-03 23:35:14,329 INFO server.py 642:: This round UNTARGETED=set(), sus_tAtk_uRel_id0=set()
2024-12-03 23:35:14,341 INFO server.py 712:: This round UNRELIABLE={2, 21, 22, 24, 25, 26}, normal_id={1, 3, 4, 5, 6, 7, 8, 9, 10, 12, 13, 14, 15, 16, 17, 19, 20, 23, 27, 28, 29, 30, 31, 32, 33, 34, 35, 36, 37, 38, 39}
2024-12-03 23:35:14,345 DEBUG server.py 714:: anlge_sHoGs={1: 0.5694618, 2: 0.113973945, 3: nan, 4: nan, 5: nan, 6: 0.65571564, 7: 0.41887257, 8: nan, 9: 0.58719695, 10: nan, 12: 0.5256697, 13: 0.56653416, 14: 0.3904234, 15: 0.37894413, 16: 0.47902173, 17: 0.35504255, 19: nan, 20: 0.39705017, 21: 0.28745532, 22: 0.26610458, 23: 0.42737612, 24: 0.060265798, 25: 0.033684403, 26: 0.04140818, 27: 0.6217083, 28: 0.41634607, 29: 0.41081274, 30: 0.5855273, 31: nan, 32: 0.384265, 33: nan, 34: 0.4472079, 35: 0.41789377, 36: 0.6124916, 37: nan, 38: 0.38906932, 39: nan}, angle_sep_nsH=0.3417178839445114
2024-12-03 23:35:14,345 INFO server.py 727:: UNRELIABLE clients ={2, 21, 22, 24, 25, 26}
2024-12-03 23:35:14,346 INFO server.py 1080:: clients' sizes=[1, 2, 1, 0, 0, 0, 2, 2, 0, 1, 0, 1, 2, 2, 2, 2, 1, 1, 2, 0, 1, 1, 1, 1, 1, 0, 1, 1, 1, 1, 2, 0, 2, 0, 1, 2, 1, 0, 2, 0], total=41
2024-12-03 23:35:14,355 INFO server.py 327:: [Server] The aggregation takes 0.411971 seconds.

2024-12-03 23:35:14,355 INFO server.py 211:: [Server] Start testing
2024-12-03 23:35:14,393 INFO server.py 235:: [Server] Test set: Average loss: 1.3233, Accuracy: 77/200 (38.5%)

2024-12-03 23:35:14,394 INFO server.py 238:: [Sever] Confusion matrix:
 tensor([[50.,  0.,  0.,  0.],
        [50.,  0.,  0.,  0.],
        [48.,  0.,  0.,  2.],
        [23.,  0.,  0., 27.]])
2024-12-03 23:35:14,395 INFO server.py 254:: [Server] Precision=[0.29239765        nan        nan 0.9310345 ],
 Recall=[1.   0.   0.   0.54],
 F1-score=[0.4524887         nan        nan 0.68354434],
 my_accuracy=38.499999046325684[%]
2024-12-03 23:35:14,395 INFO _main.py 209:: ########EPOCH 9 ########
2024-12-03 23:35:14,396 INFO _main.py 210:: ###Model distribution###
2024-12-03 23:35:14,912 INFO server.py 570:: flip_sign_id={0, 18, 11}
2024-12-03 23:35:14,912 INFO server.py 585:: ===========using shortHoGs for detecting UNTARGETED ATTACK====
2024-12-03 23:35:15,162 INFO server.py 611:: labels cluster_sh= [0 0 0 0 0 0 0 0 0 0 0 0 0 0 0 0 0 0 0 0 0 0 0 0 0 0 0 0 0 0 0 0 0 0 0 0 0]
2024-12-03 23:35:15,175 DEBUG server.py 616:: offset_normal_ids=[ 0  1  2  3  4  5  6  7  8  9 10 11 12 13 14 15 16 17 18 19 20 21 22 23
 24 25 26 27 28 29 30 31 32 33 34 35 36], normal_ids=[ 1  2  3  4  5  6  7  8  9 10 12 13 14 15 16 17 19 20 21 22 23 24 25 26
 27 28 29 30 31 32 33 34 35 36 37 38 39]
2024-12-03 23:35:15,175 INFO server.py 621:: SUSPECTED UNTARGETED []
2024-12-03 23:35:15,176 DEBUG server.py 625:: suspicious_ids=[]
2024-12-03 23:35:15,176 DEBUG server.py 634:: d_normal_sus={}, d_separate=0
2024-12-03 23:35:15,176 INFO server.py 642:: This round UNTARGETED=set(), sus_tAtk_uRel_id0=set()
2024-12-03 23:35:15,189 INFO server.py 712:: This round UNRELIABLE={2, 21, 22, 24, 25, 26}, normal_id={1, 3, 4, 5, 6, 7, 8, 9, 10, 12, 13, 14, 15, 16, 17, 19, 20, 23, 27, 28, 29, 30, 31, 32, 33, 34, 35, 36, 37, 38, 39}
2024-12-03 23:35:15,189 DEBUG server.py 714:: anlge_sHoGs={1: 0.5694618, 2: 0.113973945, 3: nan, 4: nan, 5: nan, 6: 0.65571564, 7: 0.41887257, 8: nan, 9: 0.58719695, 10: nan, 12: 0.5256697, 13: 0.56653416, 14: 0.3904234, 15: 0.37894413, 16: 0.47902173, 17: 0.35504255, 19: nan, 20: 0.39705017, 21: 0.28745532, 22: 0.26610458, 23: 0.42737612, 24: 0.060265798, 25: 0.033684403, 26: 0.04140818, 27: 0.6217083, 28: 0.41634607, 29: 0.41081274, 30: 0.5855273, 31: nan, 32: 0.384265, 33: nan, 34: 0.4472079, 35: 0.41789377, 36: 0.6124916, 37: nan, 38: 0.38906932, 39: nan}, angle_sep_nsH=0.3417178839445114
2024-12-03 23:35:15,190 INFO server.py 727:: UNRELIABLE clients ={2, 21, 22, 24, 25, 26}
2024-12-03 23:35:15,191 INFO server.py 1080:: clients' sizes=[1, 2, 1, 0, 0, 0, 2, 2, 0, 1, 0, 1, 2, 2, 2, 2, 1, 1, 2, 0, 1, 1, 1, 1, 1, 0, 1, 1, 1, 1, 2, 0, 2, 0, 1, 2, 1, 0, 2, 0], total=41
2024-12-03 23:35:15,205 INFO server.py 327:: [Server] The aggregation takes 0.360389 seconds.

2024-12-03 23:35:15,206 INFO server.py 211:: [Server] Start testing
2024-12-03 23:35:15,244 INFO server.py 235:: [Server] Test set: Average loss: 1.3104, Accuracy: 80/200 (40.0%)

2024-12-03 23:35:15,245 INFO server.py 238:: [Sever] Confusion matrix:
 tensor([[50.,  0.,  0.,  0.],
        [48.,  0.,  0.,  2.],
        [47.,  0.,  0.,  3.],
        [20.,  0.,  0., 30.]])
2024-12-03 23:35:15,246 INFO server.py 254:: [Server] Precision=[0.3030303         nan        nan 0.85714287],
 Recall=[1.  0.  0.  0.6],
 F1-score=[0.46511632        nan        nan 0.70588243],
 my_accuracy=40.00000059604645[%]
