2024-11-26 17:41:16,380 INFO _main.py 39:: ################################################################
2024-11-26 17:41:16,382 INFO _main.py 41:: #                              batch_size: 64                  #
2024-11-26 17:41:16,382 INFO _main.py 41:: #                         test_batch_size: 64                  #
2024-11-26 17:41:16,383 INFO _main.py 41:: #                                  epochs: 10                  #
2024-11-26 17:41:16,383 INFO _main.py 41:: #                               optimizer: SGD                 #
2024-11-26 17:41:16,383 INFO _main.py 41:: #                                      lr: 0.01                #
2024-11-26 17:41:16,383 INFO _main.py 41:: #                                momentum: 0.9                 #
2024-11-26 17:41:16,384 INFO _main.py 41:: #                            weight_decay: 0.0001              #
2024-11-26 17:41:16,384 INFO _main.py 41:: #                                    seed: 1                   #
2024-11-26 17:41:16,384 INFO _main.py 41:: #                            log_interval: 11                  #
2024-11-26 17:41:16,384 INFO _main.py 41:: #                             num_clients: 40                  #
2024-11-26 17:41:16,384 INFO _main.py 41:: #                           output_folder: experiments         #
2024-11-26 17:41:16,385 INFO _main.py 41:: #                                 dataset: rockburst           #
2024-11-26 17:41:16,385 INFO _main.py 41:: #                             loader_type: dirichlet           #
2024-11-26 17:41:16,385 INFO _main.py 41:: #                             loader_path: ./data/loader.pk    #
2024-11-26 17:41:16,385 INFO _main.py 41:: #                                      AR: mudhog              #
2024-11-26 17:41:16,385 INFO _main.py 41:: #                     n_attacker_backdoor: 0                   #
2024-11-26 17:41:16,385 INFO _main.py 41:: #                        backdoor_trigger: [0, 0, 1, 1]        #
2024-11-26 17:41:16,386 INFO _main.py 41:: #                   n_attacker_omniscient: 0                   #
2024-11-26 17:41:16,386 INFO _main.py 41:: #                        omniscient_scale: 1                   #
2024-11-26 17:41:16,386 INFO _main.py 41:: #                                 attacks: None                #
2024-11-26 17:41:16,386 INFO _main.py 41:: #                      save_model_weights: False               #
2024-11-26 17:41:16,386 INFO _main.py 41:: #                         experiment_name: sExp4Ba_40ep_rockburst_mudhog_40C_5#
2024-11-26 17:41:16,387 INFO _main.py 41:: #                          path_to_aggNet: None                #
2024-11-26 17:41:16,387 INFO _main.py 41:: #                                  device: cpu                 #
2024-11-26 17:41:16,387 INFO _main.py 41:: #                            inner_epochs: 4                   #
2024-11-26 17:41:16,387 INFO _main.py 41:: #                                 verbose: True                #
2024-11-26 17:41:16,387 INFO _main.py 41:: #                         list_unreliable: [2, 18, 20]         #
2024-11-26 17:41:16,387 INFO _main.py 41:: #                     unreliable_fraction: 0.5                 #
2024-11-26 17:41:16,387 INFO _main.py 41:: #                    unreliable_fracTrain: 0.3                 #
2024-11-26 17:41:16,388 INFO _main.py 41:: #                         mean_unreliable: 0.0                 #
2024-11-26 17:41:16,388 INFO _main.py 41:: #                             blur_method: add_noise           #
2024-11-26 17:41:16,388 INFO _main.py 41:: #                      max_std_unreliable: 30.0                #
2024-11-26 17:41:16,388 INFO _main.py 41:: #                     list_uatk_add_noise: [24, 25, 26]        #
2024-11-26 17:41:16,388 INFO _main.py 41:: #                          mean_add_noise: 0.0                 #
2024-11-26 17:41:16,389 INFO _main.py 41:: #                           std_add_noise: 0.01                #
2024-11-26 17:41:16,389 INFO _main.py 41:: #                     list_uatk_flip_sign: [0, 10, 11]         #
2024-11-26 17:41:16,389 INFO _main.py 42:: ################################################################
2024-11-26 17:41:16,389 INFO _main.py 43:: Namespace(batch_size=64, test_batch_size=64, epochs=10, optimizer='SGD', lr=0.01, momentum=0.9, weight_decay=0.0001, seed=1, log_interval=11, num_clients=40, output_folder='experiments', dataset='rockburst', loader_type='dirichlet', loader_path='./data/loader.pk', AR='mudhog', n_attacker_backdoor=0, backdoor_trigger=[0, 0, 1, 1], n_attacker_omniscient=0, omniscient_scale=1, attacks=None, save_model_weights=False, experiment_name='sExp4Ba_40ep_rockburst_mudhog_40C_5', path_to_aggNet=None, device='cpu', inner_epochs=4, verbose=True, list_unreliable=[2, 18, 20], unreliable_fraction=0.5, unreliable_fracTrain=0.3, mean_unreliable=0.0, blur_method='add_noise', max_std_unreliable=30.0, list_uatk_add_noise=[24, 25, 26], mean_add_noise=0.0, std_add_noise=0.01, list_uatk_flip_sign=[0, 10, 11])
2024-11-26 17:41:16,389 INFO _main.py 44:: #####################
2024-11-26 17:41:16,390 INFO _main.py 45:: #####################
2024-11-26 17:41:16,390 INFO _main.py 46:: #####################
2024-11-26 17:41:16,390 INFO _main.py 47:: Aggregation Rule:	mudhog
2024-11-26 17:41:16,390 INFO _main.py 48:: Data distribution:	dirichlet
2024-11-26 17:41:16,390 INFO _main.py 49:: Attacks:	None 
2024-11-26 17:41:16,390 INFO _main.py 50:: #####################
2024-11-26 17:41:16,391 INFO _main.py 51:: #####################
2024-11-26 17:41:16,391 INFO _main.py 52:: #####################
2024-11-26 17:41:18,950 INFO server.py 341:: SET DBSCAN eps=1.3, min_samples=10
2024-11-26 17:41:18,954 INFO _main.py 134:: [1-normal, 0-malicious] label =tensor([0., 1., 1., 1., 1., 1., 1., 1., 1., 1., 0., 0., 1., 1., 1., 1., 1., 1.,
        1., 1., 1., 1., 1., 1., 0., 0., 0., 1., 1., 1., 1., 1., 1., 1., 1., 1.,
        1., 1., 1., 1.])
2024-11-26 17:41:18,961 INFO malicious_clients.py 101:: init ATTACK OMNISCIENT Client 0
2024-11-26 17:41:18,967 INFO malicious_clients.py 18:: init UNRELIABLE Client 2
2024-11-26 17:41:19,003 INFO malicious_clients.py 101:: init ATTACK OMNISCIENT Client 10
2024-11-26 17:41:19,007 INFO malicious_clients.py 101:: init ATTACK OMNISCIENT Client 11
2024-11-26 17:41:19,037 INFO malicious_clients.py 18:: init UNRELIABLE Client 18
2024-11-26 17:41:19,046 INFO malicious_clients.py 18:: init UNRELIABLE Client 20
2024-11-26 17:41:19,066 INFO malicious_clients.py 73:: init ATTACK ADD NOISE TO GRAD Client 24
2024-11-26 17:41:19,071 INFO malicious_clients.py 73:: init ATTACK ADD NOISE TO GRAD Client 25
2024-11-26 17:41:19,078 INFO malicious_clients.py 73:: init ATTACK ADD NOISE TO GRAD Client 26
2024-11-26 17:41:19,144 INFO server.py 186:: [Server] Start testing
2024-11-26 17:41:19,163 INFO server.py 210:: [Server] Test set: Average loss: 1.3864, Accuracy: 50/200 (25.0%)

2024-11-26 17:41:19,164 INFO server.py 213:: [Sever] Confusion matrix:
 tensor([[50.,  0.,  0.,  0.],
        [50.,  0.,  0.,  0.],
        [50.,  0.,  0.,  0.],
        [50.,  0.,  0.,  0.]])
2024-11-26 17:41:19,171 INFO server.py 229:: [Server] Precision=[0.25  nan  nan  nan],
 Recall=[1. 0. 0. 0.],
 F1-score=[0.4 nan nan nan],
 my_accuracy=25.0[%]
2024-11-26 17:41:19,172 INFO _main.py 208:: ########EPOCH 0 ########
2024-11-26 17:41:19,172 INFO _main.py 209:: ###Model distribution###
2024-11-26 17:41:20,070 INFO server.py 955:: clients' sizes=[1, 2, 1, 0, 0, 0, 2, 2, 0, 1, 0, 1, 2, 2, 2, 2, 1, 1, 2, 0, 1, 1, 1, 1, 1, 0, 1, 1, 1, 1, 2, 0, 2, 0, 1, 2, 1, 0, 2, 0], total=41
2024-11-26 17:41:20,093 INFO server.py 302:: [Server] The aggregation takes 0.315481 seconds.

2024-11-26 17:41:20,095 INFO server.py 186:: [Server] Start testing
2024-11-26 17:41:20,115 INFO server.py 210:: [Server] Test set: Average loss: 1.3840, Accuracy: 50/200 (25.0%)

2024-11-26 17:41:20,117 INFO server.py 213:: [Sever] Confusion matrix:
 tensor([[50.,  0.,  0.,  0.],
        [50.,  0.,  0.,  0.],
        [50.,  0.,  0.,  0.],
        [50.,  0.,  0.,  0.]])
2024-11-26 17:41:20,118 INFO server.py 229:: [Server] Precision=[0.25  nan  nan  nan],
 Recall=[1. 0. 0. 0.],
 F1-score=[0.4 nan nan nan],
 my_accuracy=25.0[%]
2024-11-26 17:41:20,119 INFO _main.py 208:: ########EPOCH 1 ########
2024-11-26 17:41:20,119 INFO _main.py 209:: ###Model distribution###
2024-11-26 17:41:21,052 INFO server.py 955:: clients' sizes=[1, 2, 1, 0, 0, 0, 2, 2, 0, 1, 0, 1, 2, 2, 2, 2, 1, 1, 2, 0, 1, 1, 1, 1, 1, 0, 1, 1, 1, 1, 2, 0, 2, 0, 1, 2, 1, 0, 2, 0], total=41
2024-11-26 17:41:21,071 INFO server.py 302:: [Server] The aggregation takes 0.336540 seconds.

2024-11-26 17:41:21,073 INFO server.py 186:: [Server] Start testing
2024-11-26 17:41:21,092 INFO server.py 210:: [Server] Test set: Average loss: 1.3795, Accuracy: 50/200 (25.0%)

2024-11-26 17:41:21,093 INFO server.py 213:: [Sever] Confusion matrix:
 tensor([[50.,  0.,  0.,  0.],
        [50.,  0.,  0.,  0.],
        [50.,  0.,  0.,  0.],
        [50.,  0.,  0.,  0.]])
2024-11-26 17:41:21,095 INFO server.py 229:: [Server] Precision=[0.25  nan  nan  nan],
 Recall=[1. 0. 0. 0.],
 F1-score=[0.4 nan nan nan],
 my_accuracy=25.0[%]
2024-11-26 17:41:21,096 INFO _main.py 208:: ########EPOCH 2 ########
2024-11-26 17:41:21,097 INFO _main.py 209:: ###Model distribution###
2024-11-26 17:41:22,074 INFO server.py 955:: clients' sizes=[1, 2, 1, 0, 0, 0, 2, 2, 0, 1, 0, 1, 2, 2, 2, 2, 1, 1, 2, 0, 1, 1, 1, 1, 1, 0, 1, 1, 1, 1, 2, 0, 2, 0, 1, 2, 1, 0, 2, 0], total=41
2024-11-26 17:41:22,091 INFO server.py 302:: [Server] The aggregation takes 0.334051 seconds.

2024-11-26 17:41:22,092 INFO server.py 186:: [Server] Start testing
2024-11-26 17:41:22,104 INFO server.py 210:: [Server] Test set: Average loss: 1.3739, Accuracy: 50/200 (25.0%)

2024-11-26 17:41:22,105 INFO server.py 213:: [Sever] Confusion matrix:
 tensor([[50.,  0.,  0.,  0.],
        [50.,  0.,  0.,  0.],
        [50.,  0.,  0.,  0.],
        [50.,  0.,  0.,  0.]])
2024-11-26 17:41:22,107 INFO server.py 229:: [Server] Precision=[0.25  nan  nan  nan],
 Recall=[1. 0. 0. 0.],
 F1-score=[0.4 nan nan nan],
 my_accuracy=25.0[%]
2024-11-26 17:41:22,107 INFO _main.py 208:: ########EPOCH 3 ########
2024-11-26 17:41:22,107 INFO _main.py 209:: ###Model distribution###
2024-11-26 17:41:22,601 INFO server.py 540:: flip_sign_id={0, 2, 11}
2024-11-26 17:41:22,601 INFO server.py 555:: ===========using shortHoGs for detecting UNTARGETED ATTACK====
2024-11-26 17:41:22,702 INFO server.py 581:: labels cluster_sh= [0 0 0 0 0 0 0 0 0 0 0 0 0 0 0 0 0 0 0 0 0 0 0 0 0 0 0 0 0 0 0 0 0 0 0 0 0]
2024-11-26 17:41:22,715 DEBUG server.py 586:: offset_normal_ids=[ 0  1  2  3  4  5  6  7  8  9 10 11 12 13 14 15 16 17 18 19 20 21 22 23
 24 25 26 27 28 29 30 31 32 33 34 35 36], normal_ids=[ 1  3  4  5  6  7  8  9 10 12 13 14 15 16 17 18 19 20 21 22 23 24 25 26
 27 28 29 30 31 32 33 34 35 36 37 38 39]
2024-11-26 17:41:22,716 INFO server.py 591:: SUSPECTED UNTARGETED []
2024-11-26 17:41:22,716 DEBUG server.py 595:: suspicious_ids=[]
2024-11-26 17:41:22,717 DEBUG server.py 604:: d_normal_sus={}, d_separate=0
2024-11-26 17:41:22,717 INFO server.py 611:: This round UNTARGETED=set(), sus_tAtk_uRel_id0=set()
2024-11-26 17:41:22,717 INFO server.py 629:: =======Using LONG HOGs for detecting TARGETED ATTACK========
2024-11-26 17:41:22,742 INFO server.py 118:: This round TARGETED ATTACK: [26]
2024-11-26 17:41:22,743 DEBUG server.py 475:: mal_ids=set(), pre_mal_id=defaultdict(<class 'int'>, {0: 1, 1: 0, 2: 1, 3: 0, 4: 0, 5: 0, 6: 0, 7: 0, 8: 0, 9: 0, 10: 0, 11: 1, 12: 0, 13: 0, 14: 0, 15: 0, 16: 0, 17: 0, 18: 0, 19: 0, 20: 0, 21: 0, 22: 0, 23: 0, 24: 0, 25: 0, 26: 1, 27: 0, 28: 0, 29: 0, 30: 0, 31: 0, 32: 0, 33: 0, 34: 0, 35: 0, 36: 0, 37: 0, 38: 0, 39: 0})
2024-11-26 17:41:22,744 INFO server.py 477:: FLIP-SIGN ATTACK=set()
2024-11-26 17:41:22,744 INFO server.py 478:: UNTARGETED ATTACK=set()
2024-11-26 17:41:22,744 INFO server.py 479:: TARGETED ATTACK=set()
2024-11-26 17:41:22,745 INFO server.py 634:: OVERTIME MALICIOUS client ids =set()
2024-11-26 17:41:22,769 INFO server.py 680:: This round UNRELIABLE={18, 20, 24, 25, 26}, normal_id={1, 3, 4, 5, 6, 7, 8, 9, 10, 12, 13, 14, 15, 16, 17, 19, 21, 22, 23, 27, 28, 29, 30, 31, 32, 33, 34, 35, 36, 37, 38, 39}
2024-11-26 17:41:22,771 DEBUG server.py 682:: anlge_sHoGs={1: 0.60406667, 3: nan, 4: nan, 5: nan, 6: 0.64550626, 7: 0.32947683, 8: nan, 9: 0.5905068, 10: nan, 12: 0.5716, 13: 0.5939832, 14: 0.36150035, 15: 0.40951976, 16: 0.4889695, 17: 0.23509105, 18: 0.043477967, 19: nan, 20: 0.04968448, 21: 0.21866143, 22: 0.34050894, 23: 0.4815572, 24: 0.061336674, 25: 0.039574403, 26: 0.039560813, 27: 0.5089301, 28: 0.47764727, 29: 0.36586618, 30: 0.5481853, 31: nan, 32: 0.3672059, 33: nan, 34: 0.38641322, 35: 0.3543564, 36: 0.65722764, 37: nan, 38: 0.44118986, 39: nan}, angle_sep_nsH=0.13999905437231064
2024-11-26 17:41:22,772 INFO server.py 694:: UNRELIABLE clients =set()
2024-11-26 17:41:23,081 INFO server.py 955:: clients' sizes=[1, 2, 1, 0, 0, 0, 2, 2, 0, 1, 0, 1, 2, 2, 2, 2, 1, 1, 2, 0, 1, 1, 1, 1, 1, 0, 1, 1, 1, 2, 0, 2, 0, 1, 2, 1, 0, 2, 0], total=40
2024-11-26 17:41:23,090 INFO server.py 302:: [Server] The aggregation takes 0.555546 seconds.

2024-11-26 17:41:23,091 INFO server.py 186:: [Server] Start testing
2024-11-26 17:41:23,104 INFO server.py 210:: [Server] Test set: Average loss: 1.3673, Accuracy: 53/200 (26.5%)

2024-11-26 17:41:23,105 INFO server.py 213:: [Sever] Confusion matrix:
 tensor([[50.,  0.,  0.,  0.],
        [50.,  0.,  0.,  0.],
        [50.,  0.,  0.,  0.],
        [47.,  0.,  0.,  3.]])
2024-11-26 17:41:23,107 INFO server.py 229:: [Server] Precision=[0.2538071       nan       nan 1.       ],
 Recall=[1.   0.   0.   0.06],
 F1-score=[0.4048583         nan        nan 0.11320755],
 my_accuracy=26.499998569488525[%]
2024-11-26 17:41:23,108 INFO _main.py 208:: ########EPOCH 4 ########
2024-11-26 17:41:23,108 INFO _main.py 209:: ###Model distribution###
2024-11-26 17:41:23,594 INFO server.py 540:: flip_sign_id={0, 2, 11}
2024-11-26 17:41:23,594 INFO server.py 555:: ===========using shortHoGs for detecting UNTARGETED ATTACK====
2024-11-26 17:41:23,638 INFO server.py 581:: labels cluster_sh= [0 0 0 0 0 0 0 0 0 0 0 0 0 0 0 0 0 0 0 0 0 0 0 0 0 0 0 0 0 0 0 0 0 0 0 0 0]
2024-11-26 17:41:23,651 DEBUG server.py 586:: offset_normal_ids=[ 0  1  2  3  4  5  6  7  8  9 10 11 12 13 14 15 16 17 18 19 20 21 22 23
 24 25 26 27 28 29 30 31 32 33 34 35 36], normal_ids=[ 1  3  4  5  6  7  8  9 10 12 13 14 15 16 17 18 19 20 21 22 23 24 25 26
 27 28 29 30 31 32 33 34 35 36 37 38 39]
2024-11-26 17:41:23,651 INFO server.py 591:: SUSPECTED UNTARGETED []
2024-11-26 17:41:23,651 DEBUG server.py 595:: suspicious_ids=[]
2024-11-26 17:41:23,652 DEBUG server.py 604:: d_normal_sus={}, d_separate=0
2024-11-26 17:41:23,652 INFO server.py 611:: This round UNTARGETED=set(), sus_tAtk_uRel_id0=set()
2024-11-26 17:41:23,652 INFO server.py 629:: =======Using LONG HOGs for detecting TARGETED ATTACK========
2024-11-26 17:41:23,671 INFO server.py 118:: This round TARGETED ATTACK: [26]
2024-11-26 17:41:23,674 DEBUG server.py 475:: mal_ids={0, 2, 11}, pre_mal_id=defaultdict(<class 'int'>, {0: 2, 1: 0, 2: 2, 3: 0, 4: 0, 5: 0, 6: 0, 7: 0, 8: 0, 9: 0, 10: 0, 11: 2, 12: 0, 13: 0, 14: 0, 15: 0, 16: 0, 17: 0, 18: 0, 19: 0, 20: 0, 21: 0, 22: 0, 23: 0, 24: 0, 25: 0, 26: 2, 27: 0, 28: 0, 29: 0, 30: 0, 31: 0, 32: 0, 33: 0, 34: 0, 35: 0, 36: 0, 37: 0, 38: 0, 39: 0})
2024-11-26 17:41:23,675 INFO server.py 477:: FLIP-SIGN ATTACK={0, 2, 11}
2024-11-26 17:41:23,675 INFO server.py 478:: UNTARGETED ATTACK=set()
2024-11-26 17:41:23,675 INFO server.py 479:: TARGETED ATTACK=set()
2024-11-26 17:41:23,675 INFO server.py 634:: OVERTIME MALICIOUS client ids ={0, 2, 11}
2024-11-26 17:41:23,707 INFO server.py 680:: This round UNRELIABLE={18, 20, 24, 25, 26}, normal_id={1, 3, 4, 5, 6, 7, 8, 9, 10, 12, 13, 14, 15, 16, 17, 19, 21, 22, 23, 27, 28, 29, 30, 31, 32, 33, 34, 35, 36, 37, 38, 39}
2024-11-26 17:41:23,708 DEBUG server.py 682:: anlge_sHoGs={1: 0.60406667, 3: nan, 4: nan, 5: nan, 6: 0.64550626, 7: 0.32947683, 8: nan, 9: 0.5905068, 10: nan, 12: 0.5716, 13: 0.5939832, 14: 0.36150035, 15: 0.40951976, 16: 0.4889695, 17: 0.23509105, 18: 0.043477967, 19: nan, 20: 0.04968448, 21: 0.21866143, 22: 0.34050894, 23: 0.4815572, 24: 0.061336674, 25: 0.039574403, 26: 0.039560813, 27: 0.5089301, 28: 0.47764727, 29: 0.36586618, 30: 0.5481853, 31: nan, 32: 0.3672059, 33: nan, 34: 0.38641322, 35: 0.3543564, 36: 0.65722764, 37: nan, 38: 0.44118986, 39: nan}, angle_sep_nsH=0.13999905437231064
2024-11-26 17:41:23,709 INFO server.py 694:: UNRELIABLE clients =set()
2024-11-26 17:41:23,940 INFO server.py 955:: clients' sizes=[2, 0, 0, 0, 2, 2, 0, 1, 0, 2, 2, 2, 2, 1, 1, 2, 0, 1, 1, 1, 1, 1, 0, 1, 1, 1, 2, 0, 2, 0, 1, 2, 1, 0, 2, 0], total=37
2024-11-26 17:41:23,953 INFO server.py 302:: [Server] The aggregation takes 0.421752 seconds.

2024-11-26 17:41:23,996 INFO server.py 186:: [Server] Start testing
2024-11-26 17:41:24,008 INFO server.py 210:: [Server] Test set: Average loss: 1.3584, Accuracy: 64/200 (32.0%)

2024-11-26 17:41:24,010 INFO server.py 213:: [Sever] Confusion matrix:
 tensor([[50.,  0.,  0.,  0.],
        [50.,  0.,  0.,  0.],
        [50.,  0.,  0.,  0.],
        [36.,  0.,  0., 14.]])
2024-11-26 17:41:24,011 INFO server.py 229:: [Server] Precision=[0.26881722        nan        nan 1.        ],
 Recall=[1.   0.   0.   0.28],
 F1-score=[0.42372882        nan        nan 0.4375    ],
 my_accuracy=31.999999284744263[%]
2024-11-26 17:41:24,012 INFO _main.py 208:: ########EPOCH 5 ########
2024-11-26 17:41:24,012 INFO _main.py 209:: ###Model distribution###
2024-11-26 17:41:24,634 INFO server.py 540:: flip_sign_id={0, 2, 11}
2024-11-26 17:41:24,634 INFO server.py 555:: ===========using shortHoGs for detecting UNTARGETED ATTACK====
2024-11-26 17:41:24,677 INFO server.py 581:: labels cluster_sh= [0 0 0 0 0 0 0 0 0 0 0 0 0 0 0 0 0 0 0 0 0 0 0 0 0 0 0 0 0 0 0 0 0 0 0 0 0]
2024-11-26 17:41:24,691 DEBUG server.py 586:: offset_normal_ids=[ 0  1  2  3  4  5  6  7  8  9 10 11 12 13 14 15 16 17 18 19 20 21 22 23
 24 25 26 27 28 29 30 31 32 33 34 35 36], normal_ids=[ 1  3  4  5  6  7  8  9 10 12 13 14 15 16 17 18 19 20 21 22 23 24 25 26
 27 28 29 30 31 32 33 34 35 36 37 38 39]
2024-11-26 17:41:24,691 INFO server.py 591:: SUSPECTED UNTARGETED []
2024-11-26 17:41:24,692 DEBUG server.py 595:: suspicious_ids=[]
2024-11-26 17:41:24,692 DEBUG server.py 604:: d_normal_sus={}, d_separate=0
2024-11-26 17:41:24,692 INFO server.py 611:: This round UNTARGETED=set(), sus_tAtk_uRel_id0=set()
2024-11-26 17:41:24,692 INFO server.py 629:: =======Using LONG HOGs for detecting TARGETED ATTACK========
2024-11-26 17:41:24,713 INFO server.py 118:: This round TARGETED ATTACK: [26]
2024-11-26 17:41:24,716 DEBUG server.py 475:: mal_ids={0, 2, 11}, pre_mal_id=defaultdict(<class 'int'>, {0: 3, 1: 0, 2: 3, 3: 0, 4: 0, 5: 0, 6: 0, 7: 0, 8: 0, 9: 0, 10: 0, 11: 3, 12: 0, 13: 0, 14: 0, 15: 0, 16: 0, 17: 0, 18: 0, 19: 0, 20: 0, 21: 0, 22: 0, 23: 0, 24: 0, 25: 0, 26: 3, 27: 0, 28: 0, 29: 0, 30: 0, 31: 0, 32: 0, 33: 0, 34: 0, 35: 0, 36: 0, 37: 0, 38: 0, 39: 0})
2024-11-26 17:41:24,716 INFO server.py 477:: FLIP-SIGN ATTACK={0, 2, 11}
2024-11-26 17:41:24,717 INFO server.py 478:: UNTARGETED ATTACK=set()
2024-11-26 17:41:24,717 INFO server.py 479:: TARGETED ATTACK=set()
2024-11-26 17:41:24,717 INFO server.py 634:: OVERTIME MALICIOUS client ids ={0, 2, 11}
2024-11-26 17:41:24,741 INFO server.py 680:: This round UNRELIABLE={18, 20, 24, 25, 26}, normal_id={1, 3, 4, 5, 6, 7, 8, 9, 10, 12, 13, 14, 15, 16, 17, 19, 21, 22, 23, 27, 28, 29, 30, 31, 32, 33, 34, 35, 36, 37, 38, 39}
2024-11-26 17:41:24,743 DEBUG server.py 682:: anlge_sHoGs={1: 0.60406667, 3: nan, 4: nan, 5: nan, 6: 0.64550626, 7: 0.32947683, 8: nan, 9: 0.5905068, 10: nan, 12: 0.5716, 13: 0.5939832, 14: 0.36150035, 15: 0.40951976, 16: 0.4889695, 17: 0.23509105, 18: 0.043477967, 19: nan, 20: 0.04968448, 21: 0.21866143, 22: 0.34050894, 23: 0.4815572, 24: 0.061336674, 25: 0.039574403, 26: 0.039560813, 27: 0.5089301, 28: 0.47764727, 29: 0.36586618, 30: 0.5481853, 31: nan, 32: 0.3672059, 33: nan, 34: 0.38641322, 35: 0.3543564, 36: 0.65722764, 37: nan, 38: 0.44118986, 39: nan}, angle_sep_nsH=0.13999905437231064
2024-11-26 17:41:24,743 INFO server.py 694:: UNRELIABLE clients ={18, 20, 24, 25, 26}
2024-11-26 17:41:25,024 INFO server.py 955:: clients' sizes=[2, 0, 0, 0, 2, 2, 0, 1, 0, 2, 2, 2, 2, 1, 1, 2, 0, 1, 1, 1, 1, 1, 0, 1, 1, 1, 2, 0, 2, 0, 1, 2, 1, 0, 2, 0], total=37
2024-11-26 17:41:25,040 INFO server.py 302:: [Server] The aggregation takes 0.470381 seconds.

2024-11-26 17:41:25,042 INFO server.py 186:: [Server] Start testing
2024-11-26 17:41:25,056 INFO server.py 210:: [Server] Test set: Average loss: 1.3480, Accuracy: 69/200 (34.5%)

2024-11-26 17:41:25,057 INFO server.py 213:: [Sever] Confusion matrix:
 tensor([[50.,  0.,  0.,  0.],
        [50.,  0.,  0.,  0.],
        [50.,  0.,  0.,  0.],
        [31.,  0.,  0., 19.]])
2024-11-26 17:41:25,059 INFO server.py 229:: [Server] Precision=[0.2762431       nan       nan 1.       ],
 Recall=[1.   0.   0.   0.38],
 F1-score=[0.43290043        nan        nan 0.5507246 ],
 my_accuracy=34.49999988079071[%]
2024-11-26 17:41:25,060 INFO _main.py 208:: ########EPOCH 6 ########
2024-11-26 17:41:25,060 INFO _main.py 209:: ###Model distribution###
2024-11-26 17:41:25,550 INFO server.py 540:: flip_sign_id={0, 2, 11}
2024-11-26 17:41:25,551 INFO server.py 555:: ===========using shortHoGs for detecting UNTARGETED ATTACK====
2024-11-26 17:41:25,591 INFO server.py 581:: labels cluster_sh= [0 0 0 0 0 0 0 0 0 0 0 0 0 0 0 0 0 0 0 0 0 0 0 0 0 0 0 0 0 0 0 0 0 0 0 0 0]
2024-11-26 17:41:25,604 DEBUG server.py 586:: offset_normal_ids=[ 0  1  2  3  4  5  6  7  8  9 10 11 12 13 14 15 16 17 18 19 20 21 22 23
 24 25 26 27 28 29 30 31 32 33 34 35 36], normal_ids=[ 1  3  4  5  6  7  8  9 10 12 13 14 15 16 17 18 19 20 21 22 23 24 25 26
 27 28 29 30 31 32 33 34 35 36 37 38 39]
2024-11-26 17:41:25,605 INFO server.py 591:: SUSPECTED UNTARGETED []
2024-11-26 17:41:25,605 DEBUG server.py 595:: suspicious_ids=[]
2024-11-26 17:41:25,606 DEBUG server.py 604:: d_normal_sus={}, d_separate=0
2024-11-26 17:41:25,606 INFO server.py 611:: This round UNTARGETED=set(), sus_tAtk_uRel_id0=set()
2024-11-26 17:41:25,606 INFO server.py 629:: =======Using LONG HOGs for detecting TARGETED ATTACK========
2024-11-26 17:41:25,619 INFO server.py 118:: This round TARGETED ATTACK: [26]
2024-11-26 17:41:25,620 DEBUG server.py 475:: mal_ids={0, 26, 2, 11}, pre_mal_id=defaultdict(<class 'int'>, {0: 4, 1: 0, 2: 4, 3: 0, 4: 0, 5: 0, 6: 0, 7: 0, 8: 0, 9: 0, 10: 0, 11: 4, 12: 0, 13: 0, 14: 0, 15: 0, 16: 0, 17: 0, 18: 0, 19: 0, 20: 0, 21: 0, 22: 0, 23: 0, 24: 0, 25: 0, 26: 4, 27: 0, 28: 0, 29: 0, 30: 0, 31: 0, 32: 0, 33: 0, 34: 0, 35: 0, 36: 0, 37: 0, 38: 0, 39: 0})
2024-11-26 17:41:25,620 INFO server.py 477:: FLIP-SIGN ATTACK={0, 2, 11}
2024-11-26 17:41:25,620 INFO server.py 478:: UNTARGETED ATTACK=set()
2024-11-26 17:41:25,620 INFO server.py 479:: TARGETED ATTACK={26}
2024-11-26 17:41:25,620 INFO server.py 634:: OVERTIME MALICIOUS client ids ={0, 26, 2, 11}
2024-11-26 17:41:25,634 INFO server.py 680:: This round UNRELIABLE={24, 25, 18, 20}, normal_id={1, 3, 4, 5, 6, 7, 8, 9, 10, 12, 13, 14, 15, 16, 17, 19, 21, 22, 23, 27, 28, 29, 30, 31, 32, 33, 34, 35, 36, 37, 38, 39}
2024-11-26 17:41:25,634 DEBUG server.py 682:: anlge_sHoGs={1: 0.6155005, 3: nan, 4: nan, 5: nan, 6: 0.65119934, 7: 0.3286265, 8: nan, 9: 0.5989492, 10: nan, 12: 0.58105224, 13: 0.60041595, 14: 0.36257777, 15: 0.41705796, 16: 0.49759567, 17: 0.23064184, 18: 0.039798547, 19: nan, 20: 0.052536983, 21: 0.2163617, 22: 0.3461839, 23: 0.4941035, 24: 0.06297847, 25: 0.03946073, 27: 0.5187245, 28: 0.49291193, 29: 0.3747176, 30: 0.5606426, 31: nan, 32: 0.37711677, 33: nan, 34: 0.38893136, 35: 0.35528842, 36: 0.66760516, 37: nan, 38: 0.45175245, 39: nan}, angle_sep_nsH=0.13967008143663406
2024-11-26 17:41:25,635 INFO server.py 694:: UNRELIABLE clients ={18, 20, 24, 25, 26}
2024-11-26 17:41:25,931 INFO server.py 955:: clients' sizes=[2, 0, 0, 0, 2, 2, 0, 1, 0, 2, 2, 2, 2, 1, 1, 2, 0, 1, 1, 1, 1, 1, 0, 1, 1, 1, 2, 0, 2, 0, 1, 2, 1, 0, 2, 0], total=37
2024-11-26 17:41:25,940 INFO server.py 302:: [Server] The aggregation takes 0.455418 seconds.

2024-11-26 17:41:25,941 INFO server.py 186:: [Server] Start testing
2024-11-26 17:41:25,952 INFO server.py 210:: [Server] Test set: Average loss: 1.3367, Accuracy: 77/200 (38.5%)

2024-11-26 17:41:25,954 INFO server.py 213:: [Sever] Confusion matrix:
 tensor([[50.,  0.,  0.,  0.],
        [50.,  0.,  0.,  0.],
        [48.,  0.,  0.,  2.],
        [23.,  0.,  0., 27.]])
2024-11-26 17:41:25,955 INFO server.py 229:: [Server] Precision=[0.29239765        nan        nan 0.9310345 ],
 Recall=[1.   0.   0.   0.54],
 F1-score=[0.4524887         nan        nan 0.68354434],
 my_accuracy=38.499999046325684[%]
2024-11-26 17:41:25,956 INFO _main.py 208:: ########EPOCH 7 ########
2024-11-26 17:41:25,956 INFO _main.py 209:: ###Model distribution###
2024-11-26 17:41:26,439 INFO server.py 540:: flip_sign_id={0, 26, 2, 11}
2024-11-26 17:41:26,439 INFO server.py 555:: ===========using shortHoGs for detecting UNTARGETED ATTACK====
2024-11-26 17:41:26,480 INFO server.py 581:: labels cluster_sh= [0 0 0 0 0 0 0 0 0 0 0 0 0 0 0 0 0 0 0 0 0 0 0 0 0 0 0 0 0 0 0 0 0 0 0 0]
2024-11-26 17:41:26,494 DEBUG server.py 586:: offset_normal_ids=[ 0  1  2  3  4  5  6  7  8  9 10 11 12 13 14 15 16 17 18 19 20 21 22 23
 24 25 26 27 28 29 30 31 32 33 34 35], normal_ids=[ 1  3  4  5  6  7  8  9 10 12 13 14 15 16 17 18 19 20 21 22 23 24 25 27
 28 29 30 31 32 33 34 35 36 37 38 39]
2024-11-26 17:41:26,495 INFO server.py 591:: SUSPECTED UNTARGETED []
2024-11-26 17:41:26,495 DEBUG server.py 595:: suspicious_ids=[]
2024-11-26 17:41:26,495 DEBUG server.py 604:: d_normal_sus={}, d_separate=0
2024-11-26 17:41:26,495 INFO server.py 611:: This round UNTARGETED=set(), sus_tAtk_uRel_id0=set()
2024-11-26 17:41:26,496 INFO server.py 629:: =======Using LONG HOGs for detecting TARGETED ATTACK========
2024-11-26 17:41:26,508 INFO server.py 118:: This round TARGETED ATTACK: [25]
2024-11-26 17:41:26,509 DEBUG server.py 475:: mal_ids={0, 26, 2, 11}, pre_mal_id=defaultdict(<class 'int'>, {0: 5, 1: 0, 2: 5, 3: 0, 4: 0, 5: 0, 6: 0, 7: 0, 8: 0, 9: 0, 10: 0, 11: 5, 12: 0, 13: 0, 14: 0, 15: 0, 16: 0, 17: 0, 18: 0, 19: 0, 20: 0, 21: 0, 22: 0, 23: 0, 24: 0, 25: 1, 26: 5, 27: 0, 28: 0, 29: 0, 30: 0, 31: 0, 32: 0, 33: 0, 34: 0, 35: 0, 36: 0, 37: 0, 38: 0, 39: 0})
2024-11-26 17:41:26,509 INFO server.py 477:: FLIP-SIGN ATTACK={0, 26, 2, 11}
2024-11-26 17:41:26,509 INFO server.py 478:: UNTARGETED ATTACK=set()
2024-11-26 17:41:26,509 INFO server.py 479:: TARGETED ATTACK={26}
2024-11-26 17:41:26,510 INFO server.py 634:: OVERTIME MALICIOUS client ids ={0, 26, 2, 11}
2024-11-26 17:41:26,522 INFO server.py 680:: This round UNRELIABLE={24, 25, 18, 20}, normal_id={1, 3, 4, 5, 6, 7, 8, 9, 10, 12, 13, 14, 15, 16, 17, 19, 21, 22, 23, 27, 28, 29, 30, 31, 32, 33, 34, 35, 36, 37, 38, 39}
2024-11-26 17:41:26,523 DEBUG server.py 682:: anlge_sHoGs={1: 0.6155005, 3: nan, 4: nan, 5: nan, 6: 0.65119934, 7: 0.3286265, 8: nan, 9: 0.5989492, 10: nan, 12: 0.58105224, 13: 0.60041595, 14: 0.36257777, 15: 0.41705796, 16: 0.49759567, 17: 0.23064184, 18: 0.039798547, 19: nan, 20: 0.052536983, 21: 0.2163617, 22: 0.3461839, 23: 0.4941035, 24: 0.06297847, 25: 0.03946073, 27: 0.5187245, 28: 0.49291193, 29: 0.3747176, 30: 0.5606426, 31: nan, 32: 0.37711677, 33: nan, 34: 0.38893136, 35: 0.35528842, 36: 0.66760516, 37: nan, 38: 0.45175245, 39: nan}, angle_sep_nsH=0.13967008143663406
2024-11-26 17:41:26,523 INFO server.py 694:: UNRELIABLE clients ={18, 20, 24, 25, 26}
2024-11-26 17:41:26,763 INFO server.py 955:: clients' sizes=[2, 0, 0, 0, 2, 2, 0, 1, 0, 2, 2, 2, 2, 1, 1, 2, 0, 1, 1, 1, 1, 1, 1, 1, 1, 2, 0, 2, 0, 1, 2, 1, 0, 2, 0], total=37
2024-11-26 17:41:26,771 INFO server.py 302:: [Server] The aggregation takes 0.393652 seconds.

2024-11-26 17:41:26,841 INFO server.py 186:: [Server] Start testing
2024-11-26 17:41:26,864 INFO server.py 210:: [Server] Test set: Average loss: 1.3235, Accuracy: 80/200 (40.0%)

2024-11-26 17:41:26,865 INFO server.py 213:: [Sever] Confusion matrix:
 tensor([[50.,  0.,  0.,  0.],
        [49.,  0.,  0.,  1.],
        [45.,  0.,  0.,  5.],
        [20.,  0.,  0., 30.]])
2024-11-26 17:41:26,867 INFO server.py 229:: [Server] Precision=[0.30487806        nan        nan 0.8333333 ],
 Recall=[1.  0.  0.  0.6],
 F1-score=[0.46728975        nan        nan 0.6976744 ],
 my_accuracy=40.00000059604645[%]
2024-11-26 17:41:26,867 INFO _main.py 208:: ########EPOCH 8 ########
2024-11-26 17:41:26,868 INFO _main.py 209:: ###Model distribution###
2024-11-26 17:41:27,333 INFO server.py 540:: flip_sign_id={0, 26, 2, 11}
2024-11-26 17:41:27,333 INFO server.py 555:: ===========using shortHoGs for detecting UNTARGETED ATTACK====
2024-11-26 17:41:27,379 INFO server.py 581:: labels cluster_sh= [0 0 0 0 0 0 0 0 0 0 0 0 0 0 0 0 0 0 0 0 0 0 0 0 0 0 0 0 0 0 0 0 0 0 0 0]
2024-11-26 17:41:27,393 DEBUG server.py 586:: offset_normal_ids=[ 0  1  2  3  4  5  6  7  8  9 10 11 12 13 14 15 16 17 18 19 20 21 22 23
 24 25 26 27 28 29 30 31 32 33 34 35], normal_ids=[ 1  3  4  5  6  7  8  9 10 12 13 14 15 16 17 18 19 20 21 22 23 24 25 27
 28 29 30 31 32 33 34 35 36 37 38 39]
2024-11-26 17:41:27,393 INFO server.py 591:: SUSPECTED UNTARGETED []
2024-11-26 17:41:27,394 DEBUG server.py 595:: suspicious_ids=[]
2024-11-26 17:41:27,394 DEBUG server.py 604:: d_normal_sus={}, d_separate=0
2024-11-26 17:41:27,394 INFO server.py 611:: This round UNTARGETED=set(), sus_tAtk_uRel_id0=set()
2024-11-26 17:41:27,394 INFO server.py 629:: =======Using LONG HOGs for detecting TARGETED ATTACK========
2024-11-26 17:41:27,414 INFO server.py 118:: This round TARGETED ATTACK: [24]
2024-11-26 17:41:27,417 DEBUG server.py 475:: mal_ids={0, 26, 2, 11}, pre_mal_id=defaultdict(<class 'int'>, {0: 6, 1: 0, 2: 6, 3: 0, 4: 0, 5: 0, 6: 0, 7: 0, 8: 0, 9: 0, 10: 0, 11: 6, 12: 0, 13: 0, 14: 0, 15: 0, 16: 0, 17: 0, 18: 0, 19: 0, 20: 0, 21: 0, 22: 0, 23: 0, 24: 1, 25: 0, 26: 6, 27: 0, 28: 0, 29: 0, 30: 0, 31: 0, 32: 0, 33: 0, 34: 0, 35: 0, 36: 0, 37: 0, 38: 0, 39: 0})
2024-11-26 17:41:27,418 INFO server.py 477:: FLIP-SIGN ATTACK={0, 26, 2, 11}
2024-11-26 17:41:27,418 INFO server.py 478:: UNTARGETED ATTACK=set()
2024-11-26 17:41:27,418 INFO server.py 479:: TARGETED ATTACK={26}
2024-11-26 17:41:27,419 INFO server.py 634:: OVERTIME MALICIOUS client ids ={0, 26, 2, 11}
2024-11-26 17:41:27,444 INFO server.py 680:: This round UNRELIABLE={24, 25, 18, 20}, normal_id={1, 3, 4, 5, 6, 7, 8, 9, 10, 12, 13, 14, 15, 16, 17, 19, 21, 22, 23, 27, 28, 29, 30, 31, 32, 33, 34, 35, 36, 37, 38, 39}
2024-11-26 17:41:27,446 DEBUG server.py 682:: anlge_sHoGs={1: 0.6155005, 3: nan, 4: nan, 5: nan, 6: 0.65119934, 7: 0.3286265, 8: nan, 9: 0.5989492, 10: nan, 12: 0.58105224, 13: 0.60041595, 14: 0.36257777, 15: 0.41705796, 16: 0.49759567, 17: 0.23064184, 18: 0.039798547, 19: nan, 20: 0.052536983, 21: 0.2163617, 22: 0.3461839, 23: 0.4941035, 24: 0.06297847, 25: 0.03946073, 27: 0.5187245, 28: 0.49291193, 29: 0.3747176, 30: 0.5606426, 31: nan, 32: 0.37711677, 33: nan, 34: 0.38893136, 35: 0.35528842, 36: 0.66760516, 37: nan, 38: 0.45175245, 39: nan}, angle_sep_nsH=0.13967008143663406
2024-11-26 17:41:27,446 INFO server.py 694:: UNRELIABLE clients ={18, 20, 24, 25, 26}
2024-11-26 17:41:27,747 INFO server.py 955:: clients' sizes=[2, 0, 0, 0, 2, 2, 0, 1, 0, 2, 2, 2, 2, 1, 1, 2, 0, 1, 1, 1, 1, 0, 1, 1, 1, 2, 0, 2, 0, 1, 2, 1, 0, 2, 0], total=36
2024-11-26 17:41:27,757 INFO server.py 302:: [Server] The aggregation takes 0.484728 seconds.

2024-11-26 17:41:27,758 INFO server.py 186:: [Server] Start testing
2024-11-26 17:41:27,770 INFO server.py 210:: [Server] Test set: Average loss: 1.3081, Accuracy: 80/200 (40.0%)

2024-11-26 17:41:27,771 INFO server.py 213:: [Sever] Confusion matrix:
 tensor([[50.,  0.,  0.,  0.],
        [47.,  0.,  0.,  3.],
        [43.,  0.,  0.,  7.],
        [20.,  0.,  0., 30.]])
2024-11-26 17:41:27,773 INFO server.py 229:: [Server] Precision=[0.3125    nan    nan 0.75  ],
 Recall=[1.  0.  0.  0.6],
 F1-score=[0.47619048        nan        nan 0.6666667 ],
 my_accuracy=40.00000059604645[%]
2024-11-26 17:41:27,773 INFO _main.py 208:: ########EPOCH 9 ########
2024-11-26 17:41:27,774 INFO _main.py 209:: ###Model distribution###
2024-11-26 17:41:28,261 INFO server.py 540:: flip_sign_id={0, 26, 2, 11}
2024-11-26 17:41:28,262 INFO server.py 555:: ===========using shortHoGs for detecting UNTARGETED ATTACK====
2024-11-26 17:41:28,303 INFO server.py 581:: labels cluster_sh= [0 0 0 0 0 0 0 0 0 0 0 0 0 0 0 0 0 0 0 0 0 0 0 0 0 0 0 0 0 0 0 0 0 0 0 0]
2024-11-26 17:41:28,316 DEBUG server.py 586:: offset_normal_ids=[ 0  1  2  3  4  5  6  7  8  9 10 11 12 13 14 15 16 17 18 19 20 21 22 23
 24 25 26 27 28 29 30 31 32 33 34 35], normal_ids=[ 1  3  4  5  6  7  8  9 10 12 13 14 15 16 17 18 19 20 21 22 23 24 25 27
 28 29 30 31 32 33 34 35 36 37 38 39]
2024-11-26 17:41:28,317 INFO server.py 591:: SUSPECTED UNTARGETED []
2024-11-26 17:41:28,317 DEBUG server.py 595:: suspicious_ids=[]
2024-11-26 17:41:28,318 DEBUG server.py 604:: d_normal_sus={}, d_separate=0
2024-11-26 17:41:28,318 INFO server.py 611:: This round UNTARGETED=set(), sus_tAtk_uRel_id0=set()
2024-11-26 17:41:28,318 INFO server.py 629:: =======Using LONG HOGs for detecting TARGETED ATTACK========
2024-11-26 17:41:28,331 INFO server.py 118:: This round TARGETED ATTACK: [24]
2024-11-26 17:41:28,331 DEBUG server.py 475:: mal_ids={0, 26, 2, 11}, pre_mal_id=defaultdict(<class 'int'>, {0: 7, 1: 0, 2: 7, 3: 0, 4: 0, 5: 0, 6: 0, 7: 0, 8: 0, 9: 0, 10: 0, 11: 7, 12: 0, 13: 0, 14: 0, 15: 0, 16: 0, 17: 0, 18: 0, 19: 0, 20: 0, 21: 0, 22: 0, 23: 0, 24: 2, 25: 0, 26: 7, 27: 0, 28: 0, 29: 0, 30: 0, 31: 0, 32: 0, 33: 0, 34: 0, 35: 0, 36: 0, 37: 0, 38: 0, 39: 0})
2024-11-26 17:41:28,332 INFO server.py 477:: FLIP-SIGN ATTACK={0, 26, 2, 11}
2024-11-26 17:41:28,332 INFO server.py 478:: UNTARGETED ATTACK=set()
2024-11-26 17:41:28,332 INFO server.py 479:: TARGETED ATTACK={26}
2024-11-26 17:41:28,332 INFO server.py 634:: OVERTIME MALICIOUS client ids ={0, 26, 2, 11}
2024-11-26 17:41:28,345 INFO server.py 680:: This round UNRELIABLE={24, 25, 18, 20}, normal_id={1, 3, 4, 5, 6, 7, 8, 9, 10, 12, 13, 14, 15, 16, 17, 19, 21, 22, 23, 27, 28, 29, 30, 31, 32, 33, 34, 35, 36, 37, 38, 39}
2024-11-26 17:41:28,345 DEBUG server.py 682:: anlge_sHoGs={1: 0.6155005, 3: nan, 4: nan, 5: nan, 6: 0.65119934, 7: 0.3286265, 8: nan, 9: 0.5989492, 10: nan, 12: 0.58105224, 13: 0.60041595, 14: 0.36257777, 15: 0.41705796, 16: 0.49759567, 17: 0.23064184, 18: 0.039798547, 19: nan, 20: 0.052536983, 21: 0.2163617, 22: 0.3461839, 23: 0.4941035, 24: 0.06297847, 25: 0.03946073, 27: 0.5187245, 28: 0.49291193, 29: 0.3747176, 30: 0.5606426, 31: nan, 32: 0.37711677, 33: nan, 34: 0.38893136, 35: 0.35528842, 36: 0.66760516, 37: nan, 38: 0.45175245, 39: nan}, angle_sep_nsH=0.13967008143663406
2024-11-26 17:41:28,346 INFO server.py 694:: UNRELIABLE clients ={18, 20, 24, 25}
2024-11-26 17:41:28,584 INFO server.py 955:: clients' sizes=[2, 0, 0, 0, 2, 2, 0, 1, 0, 2, 2, 2, 2, 1, 1, 2, 0, 1, 1, 1, 1, 0, 1, 1, 1, 2, 0, 2, 0, 1, 2, 1, 0, 2, 0], total=36
2024-11-26 17:41:28,593 INFO server.py 302:: [Server] The aggregation takes 0.395516 seconds.

2024-11-26 17:41:28,594 INFO server.py 186:: [Server] Start testing
2024-11-26 17:41:28,608 INFO server.py 210:: [Server] Test set: Average loss: 1.2914, Accuracy: 83/200 (41.5%)

2024-11-26 17:41:28,609 INFO server.py 213:: [Sever] Confusion matrix:
 tensor([[50.,  0.,  0.,  0.],
        [47.,  0.,  0.,  3.],
        [39.,  0.,  0., 11.],
        [14.,  0.,  3., 33.]])
2024-11-26 17:41:28,611 INFO server.py 229:: [Server] Precision=[0.33333334        nan 0.         0.70212764],
 Recall=[1.   0.   0.   0.66],
 F1-score=[0.5             nan       nan 0.6804124],
 my_accuracy=41.49999916553497[%]
