2024-11-26 17:43:11,889 INFO _main.py 39:: ################################################################
2024-11-26 17:43:11,891 INFO _main.py 41:: #                              batch_size: 64                  #
2024-11-26 17:43:11,892 INFO _main.py 41:: #                         test_batch_size: 64                  #
2024-11-26 17:43:11,893 INFO _main.py 41:: #                                  epochs: 20                  #
2024-11-26 17:43:11,893 INFO _main.py 41:: #                               optimizer: SGD                 #
2024-11-26 17:43:11,894 INFO _main.py 41:: #                                      lr: 0.01                #
2024-11-26 17:43:11,894 INFO _main.py 41:: #                                momentum: 0.9                 #
2024-11-26 17:43:11,894 INFO _main.py 41:: #                            weight_decay: 0.0001              #
2024-11-26 17:43:11,894 INFO _main.py 41:: #                                    seed: 1                   #
2024-11-26 17:43:11,894 INFO _main.py 41:: #                            log_interval: 11                  #
2024-11-26 17:43:11,895 INFO _main.py 41:: #                             num_clients: 40                  #
2024-11-26 17:43:11,895 INFO _main.py 41:: #                           output_folder: experiments         #
2024-11-26 17:43:11,895 INFO _main.py 41:: #                                 dataset: rockburst           #
2024-11-26 17:43:11,895 INFO _main.py 41:: #                             loader_type: dirichlet           #
2024-11-26 17:43:11,895 INFO _main.py 41:: #                             loader_path: ./data/loader.pk    #
2024-11-26 17:43:11,895 INFO _main.py 41:: #                                      AR: mudhog              #
2024-11-26 17:43:11,896 INFO _main.py 41:: #                     n_attacker_backdoor: 0                   #
2024-11-26 17:43:11,896 INFO _main.py 41:: #                        backdoor_trigger: [0, 0, 1, 1]        #
2024-11-26 17:43:11,896 INFO _main.py 41:: #                   n_attacker_omniscient: 0                   #
2024-11-26 17:43:11,896 INFO _main.py 41:: #                        omniscient_scale: 1                   #
2024-11-26 17:43:11,896 INFO _main.py 41:: #                                 attacks: None                #
2024-11-26 17:43:11,896 INFO _main.py 41:: #                      save_model_weights: False               #
2024-11-26 17:43:11,896 INFO _main.py 41:: #                         experiment_name: sExp4Ba_40ep_rockburst_mudhog_40C_5#
2024-11-26 17:43:11,897 INFO _main.py 41:: #                          path_to_aggNet: None                #
2024-11-26 17:43:11,897 INFO _main.py 41:: #                                  device: cpu                 #
2024-11-26 17:43:11,897 INFO _main.py 41:: #                            inner_epochs: 4                   #
2024-11-26 17:43:11,897 INFO _main.py 41:: #                                 verbose: True                #
2024-11-26 17:43:11,897 INFO _main.py 41:: #                         list_unreliable: [2, 18, 20]         #
2024-11-26 17:43:11,898 INFO _main.py 41:: #                     unreliable_fraction: 0.5                 #
2024-11-26 17:43:11,898 INFO _main.py 41:: #                    unreliable_fracTrain: 0.3                 #
2024-11-26 17:43:11,898 INFO _main.py 41:: #                         mean_unreliable: 0.0                 #
2024-11-26 17:43:11,898 INFO _main.py 41:: #                             blur_method: add_noise           #
2024-11-26 17:43:11,898 INFO _main.py 41:: #                      max_std_unreliable: 30.0                #
2024-11-26 17:43:11,898 INFO _main.py 41:: #                     list_uatk_add_noise: [24, 25, 26]        #
2024-11-26 17:43:11,899 INFO _main.py 41:: #                          mean_add_noise: 0.0                 #
2024-11-26 17:43:11,899 INFO _main.py 41:: #                           std_add_noise: 0.01                #
2024-11-26 17:43:11,899 INFO _main.py 41:: #                     list_uatk_flip_sign: [0, 10, 11]         #
2024-11-26 17:43:11,899 INFO _main.py 42:: ################################################################
2024-11-26 17:43:11,899 INFO _main.py 43:: Namespace(batch_size=64, test_batch_size=64, epochs=20, optimizer='SGD', lr=0.01, momentum=0.9, weight_decay=0.0001, seed=1, log_interval=11, num_clients=40, output_folder='experiments', dataset='rockburst', loader_type='dirichlet', loader_path='./data/loader.pk', AR='mudhog', n_attacker_backdoor=0, backdoor_trigger=[0, 0, 1, 1], n_attacker_omniscient=0, omniscient_scale=1, attacks=None, save_model_weights=False, experiment_name='sExp4Ba_40ep_rockburst_mudhog_40C_5', path_to_aggNet=None, device='cpu', inner_epochs=4, verbose=True, list_unreliable=[2, 18, 20], unreliable_fraction=0.5, unreliable_fracTrain=0.3, mean_unreliable=0.0, blur_method='add_noise', max_std_unreliable=30.0, list_uatk_add_noise=[24, 25, 26], mean_add_noise=0.0, std_add_noise=0.01, list_uatk_flip_sign=[0, 10, 11])
2024-11-26 17:43:11,900 INFO _main.py 44:: #####################
2024-11-26 17:43:11,900 INFO _main.py 45:: #####################
2024-11-26 17:43:11,900 INFO _main.py 46:: #####################
2024-11-26 17:43:11,900 INFO _main.py 47:: Aggregation Rule:	mudhog
2024-11-26 17:43:11,900 INFO _main.py 48:: Data distribution:	dirichlet
2024-11-26 17:43:11,900 INFO _main.py 49:: Attacks:	None 
2024-11-26 17:43:11,901 INFO _main.py 50:: #####################
2024-11-26 17:43:11,901 INFO _main.py 51:: #####################
2024-11-26 17:43:11,901 INFO _main.py 52:: #####################
2024-11-26 17:43:13,795 INFO server.py 341:: SET DBSCAN eps=1.3, min_samples=10
2024-11-26 17:43:13,798 INFO _main.py 134:: [1-normal, 0-malicious] label =tensor([0., 1., 1., 1., 1., 1., 1., 1., 1., 1., 0., 0., 1., 1., 1., 1., 1., 1.,
        1., 1., 1., 1., 1., 1., 0., 0., 0., 1., 1., 1., 1., 1., 1., 1., 1., 1.,
        1., 1., 1., 1.])
2024-11-26 17:43:13,805 INFO malicious_clients.py 101:: init ATTACK OMNISCIENT Client 0
2024-11-26 17:43:13,811 INFO malicious_clients.py 18:: init UNRELIABLE Client 2
2024-11-26 17:43:13,846 INFO malicious_clients.py 101:: init ATTACK OMNISCIENT Client 10
2024-11-26 17:43:13,851 INFO malicious_clients.py 101:: init ATTACK OMNISCIENT Client 11
2024-11-26 17:43:13,877 INFO malicious_clients.py 18:: init UNRELIABLE Client 18
2024-11-26 17:43:13,885 INFO malicious_clients.py 18:: init UNRELIABLE Client 20
2024-11-26 17:43:13,904 INFO malicious_clients.py 73:: init ATTACK ADD NOISE TO GRAD Client 24
2024-11-26 17:43:13,908 INFO malicious_clients.py 73:: init ATTACK ADD NOISE TO GRAD Client 25
2024-11-26 17:43:13,913 INFO malicious_clients.py 73:: init ATTACK ADD NOISE TO GRAD Client 26
2024-11-26 17:43:13,978 INFO server.py 186:: [Server] Start testing
2024-11-26 17:43:13,999 INFO server.py 210:: [Server] Test set: Average loss: 1.3864, Accuracy: 50/200 (25.0%)

2024-11-26 17:43:14,000 INFO server.py 213:: [Sever] Confusion matrix:
 tensor([[50.,  0.,  0.,  0.],
        [50.,  0.,  0.,  0.],
        [50.,  0.,  0.,  0.],
        [50.,  0.,  0.,  0.]])
2024-11-26 17:43:14,009 INFO server.py 229:: [Server] Precision=[0.25  nan  nan  nan],
 Recall=[1. 0. 0. 0.],
 F1-score=[0.4 nan nan nan],
 my_accuracy=25.0[%]
2024-11-26 17:43:14,011 INFO _main.py 208:: ########EPOCH 0 ########
2024-11-26 17:43:14,011 INFO _main.py 209:: ###Model distribution###
2024-11-26 17:43:14,895 INFO server.py 955:: clients' sizes=[1, 2, 1, 0, 0, 0, 2, 2, 0, 1, 0, 1, 2, 2, 2, 2, 1, 1, 2, 0, 1, 1, 1, 1, 1, 0, 1, 1, 1, 1, 2, 0, 2, 0, 1, 2, 1, 0, 2, 0], total=41
2024-11-26 17:43:14,921 INFO server.py 302:: [Server] The aggregation takes 0.320707 seconds.

2024-11-26 17:43:14,923 INFO server.py 186:: [Server] Start testing
2024-11-26 17:43:14,941 INFO server.py 210:: [Server] Test set: Average loss: 1.3840, Accuracy: 50/200 (25.0%)

2024-11-26 17:43:14,943 INFO server.py 213:: [Sever] Confusion matrix:
 tensor([[50.,  0.,  0.,  0.],
        [50.,  0.,  0.,  0.],
        [50.,  0.,  0.,  0.],
        [50.,  0.,  0.,  0.]])
2024-11-26 17:43:14,945 INFO server.py 229:: [Server] Precision=[0.25  nan  nan  nan],
 Recall=[1. 0. 0. 0.],
 F1-score=[0.4 nan nan nan],
 my_accuracy=25.0[%]
2024-11-26 17:43:14,945 INFO _main.py 208:: ########EPOCH 1 ########
2024-11-26 17:43:14,946 INFO _main.py 209:: ###Model distribution###
2024-11-26 17:43:15,994 INFO server.py 955:: clients' sizes=[1, 2, 1, 0, 0, 0, 2, 2, 0, 1, 0, 1, 2, 2, 2, 2, 1, 1, 2, 0, 1, 1, 1, 1, 1, 0, 1, 1, 1, 1, 2, 0, 2, 0, 1, 2, 1, 0, 2, 0], total=41
2024-11-26 17:43:16,023 INFO server.py 302:: [Server] The aggregation takes 0.376198 seconds.

2024-11-26 17:43:16,025 INFO server.py 186:: [Server] Start testing
2024-11-26 17:43:16,045 INFO server.py 210:: [Server] Test set: Average loss: 1.3795, Accuracy: 50/200 (25.0%)

2024-11-26 17:43:16,046 INFO server.py 213:: [Sever] Confusion matrix:
 tensor([[50.,  0.,  0.,  0.],
        [50.,  0.,  0.,  0.],
        [50.,  0.,  0.,  0.],
        [50.,  0.,  0.,  0.]])
2024-11-26 17:43:16,050 INFO server.py 229:: [Server] Precision=[0.25  nan  nan  nan],
 Recall=[1. 0. 0. 0.],
 F1-score=[0.4 nan nan nan],
 my_accuracy=25.0[%]
2024-11-26 17:43:16,051 INFO _main.py 208:: ########EPOCH 2 ########
2024-11-26 17:43:16,053 INFO _main.py 209:: ###Model distribution###
2024-11-26 17:43:17,028 INFO server.py 955:: clients' sizes=[1, 2, 1, 0, 0, 0, 2, 2, 0, 1, 0, 1, 2, 2, 2, 2, 1, 1, 2, 0, 1, 1, 1, 1, 1, 0, 1, 1, 1, 1, 2, 0, 2, 0, 1, 2, 1, 0, 2, 0], total=41
2024-11-26 17:43:17,046 INFO server.py 302:: [Server] The aggregation takes 0.316929 seconds.

2024-11-26 17:43:17,047 INFO server.py 186:: [Server] Start testing
2024-11-26 17:43:17,068 INFO server.py 210:: [Server] Test set: Average loss: 1.3739, Accuracy: 50/200 (25.0%)

2024-11-26 17:43:17,069 INFO server.py 213:: [Sever] Confusion matrix:
 tensor([[50.,  0.,  0.,  0.],
        [50.,  0.,  0.,  0.],
        [50.,  0.,  0.,  0.],
        [50.,  0.,  0.,  0.]])
2024-11-26 17:43:17,071 INFO server.py 229:: [Server] Precision=[0.25  nan  nan  nan],
 Recall=[1. 0. 0. 0.],
 F1-score=[0.4 nan nan nan],
 my_accuracy=25.0[%]
2024-11-26 17:43:17,072 INFO _main.py 208:: ########EPOCH 3 ########
2024-11-26 17:43:17,073 INFO _main.py 209:: ###Model distribution###
2024-11-26 17:43:17,726 INFO server.py 540:: flip_sign_id={0, 2, 11}
2024-11-26 17:43:17,726 INFO server.py 555:: ===========using shortHoGs for detecting UNTARGETED ATTACK====
2024-11-26 17:43:17,812 INFO server.py 581:: labels cluster_sh= [0 0 0 0 0 0 0 0 0 0 0 0 0 0 0 0 0 0 0 0 0 0 0 0 0 0 0 0 0 0 0 0 0 0 0 0 0]
2024-11-26 17:43:17,828 DEBUG server.py 586:: offset_normal_ids=[ 0  1  2  3  4  5  6  7  8  9 10 11 12 13 14 15 16 17 18 19 20 21 22 23
 24 25 26 27 28 29 30 31 32 33 34 35 36], normal_ids=[ 1  3  4  5  6  7  8  9 10 12 13 14 15 16 17 18 19 20 21 22 23 24 25 26
 27 28 29 30 31 32 33 34 35 36 37 38 39]
2024-11-26 17:43:17,829 INFO server.py 591:: SUSPECTED UNTARGETED []
2024-11-26 17:43:17,829 DEBUG server.py 595:: suspicious_ids=[]
2024-11-26 17:43:17,830 DEBUG server.py 604:: d_normal_sus={}, d_separate=0
2024-11-26 17:43:17,830 INFO server.py 611:: This round UNTARGETED=set(), sus_tAtk_uRel_id0=set()
2024-11-26 17:43:17,830 INFO server.py 629:: =======Using LONG HOGs for detecting TARGETED ATTACK========
2024-11-26 17:43:17,844 INFO server.py 118:: This round TARGETED ATTACK: [26]
2024-11-26 17:43:17,845 DEBUG server.py 475:: mal_ids=set(), pre_mal_id=defaultdict(<class 'int'>, {0: 1, 1: 0, 2: 1, 3: 0, 4: 0, 5: 0, 6: 0, 7: 0, 8: 0, 9: 0, 10: 0, 11: 1, 12: 0, 13: 0, 14: 0, 15: 0, 16: 0, 17: 0, 18: 0, 19: 0, 20: 0, 21: 0, 22: 0, 23: 0, 24: 0, 25: 0, 26: 1, 27: 0, 28: 0, 29: 0, 30: 0, 31: 0, 32: 0, 33: 0, 34: 0, 35: 0, 36: 0, 37: 0, 38: 0, 39: 0})
2024-11-26 17:43:17,845 INFO server.py 477:: FLIP-SIGN ATTACK=set()
2024-11-26 17:43:17,845 INFO server.py 478:: UNTARGETED ATTACK=set()
2024-11-26 17:43:17,845 INFO server.py 479:: TARGETED ATTACK=set()
2024-11-26 17:43:17,845 INFO server.py 634:: OVERTIME MALICIOUS client ids =set()
2024-11-26 17:43:17,858 INFO server.py 680:: This round UNRELIABLE={18, 20, 24, 25, 26}, normal_id={1, 3, 4, 5, 6, 7, 8, 9, 10, 12, 13, 14, 15, 16, 17, 19, 21, 22, 23, 27, 28, 29, 30, 31, 32, 33, 34, 35, 36, 37, 38, 39}
2024-11-26 17:43:17,858 DEBUG server.py 682:: anlge_sHoGs={1: 0.60406667, 3: nan, 4: nan, 5: nan, 6: 0.64550626, 7: 0.32947683, 8: nan, 9: 0.5905068, 10: nan, 12: 0.5716, 13: 0.5939832, 14: 0.36150035, 15: 0.40951976, 16: 0.4889695, 17: 0.23509105, 18: 0.043477967, 19: nan, 20: 0.04968448, 21: 0.21866143, 22: 0.34050894, 23: 0.4815572, 24: 0.061336674, 25: 0.039574403, 26: 0.039560813, 27: 0.5089301, 28: 0.47764727, 29: 0.36586618, 30: 0.5481853, 31: nan, 32: 0.3672059, 33: nan, 34: 0.38641322, 35: 0.3543564, 36: 0.65722764, 37: nan, 38: 0.44118986, 39: nan}, angle_sep_nsH=0.13999905437231064
2024-11-26 17:43:17,858 INFO server.py 694:: UNRELIABLE clients =set()
2024-11-26 17:43:18,139 INFO server.py 955:: clients' sizes=[1, 2, 1, 0, 0, 0, 2, 2, 0, 1, 0, 1, 2, 2, 2, 2, 1, 1, 2, 0, 1, 1, 1, 1, 1, 0, 1, 1, 1, 2, 0, 2, 0, 1, 2, 1, 0, 2, 0], total=40
2024-11-26 17:43:18,151 INFO server.py 302:: [Server] The aggregation takes 0.488841 seconds.

2024-11-26 17:43:18,152 INFO server.py 186:: [Server] Start testing
2024-11-26 17:43:18,164 INFO server.py 210:: [Server] Test set: Average loss: 1.3673, Accuracy: 53/200 (26.5%)

2024-11-26 17:43:18,165 INFO server.py 213:: [Sever] Confusion matrix:
 tensor([[50.,  0.,  0.,  0.],
        [50.,  0.,  0.,  0.],
        [50.,  0.,  0.,  0.],
        [47.,  0.,  0.,  3.]])
2024-11-26 17:43:18,167 INFO server.py 229:: [Server] Precision=[0.2538071       nan       nan 1.       ],
 Recall=[1.   0.   0.   0.06],
 F1-score=[0.4048583         nan        nan 0.11320755],
 my_accuracy=26.499998569488525[%]
2024-11-26 17:43:18,167 INFO _main.py 208:: ########EPOCH 4 ########
2024-11-26 17:43:18,168 INFO _main.py 209:: ###Model distribution###
2024-11-26 17:43:18,642 INFO server.py 540:: flip_sign_id={0, 2, 11}
2024-11-26 17:43:18,643 INFO server.py 555:: ===========using shortHoGs for detecting UNTARGETED ATTACK====
2024-11-26 17:43:18,692 INFO server.py 581:: labels cluster_sh= [0 0 0 0 0 0 0 0 0 0 0 0 0 0 0 0 0 0 0 0 0 0 0 0 0 0 0 0 0 0 0 0 0 0 0 0 0]
2024-11-26 17:43:18,705 DEBUG server.py 586:: offset_normal_ids=[ 0  1  2  3  4  5  6  7  8  9 10 11 12 13 14 15 16 17 18 19 20 21 22 23
 24 25 26 27 28 29 30 31 32 33 34 35 36], normal_ids=[ 1  3  4  5  6  7  8  9 10 12 13 14 15 16 17 18 19 20 21 22 23 24 25 26
 27 28 29 30 31 32 33 34 35 36 37 38 39]
2024-11-26 17:43:18,705 INFO server.py 591:: SUSPECTED UNTARGETED []
2024-11-26 17:43:18,706 DEBUG server.py 595:: suspicious_ids=[]
2024-11-26 17:43:18,706 DEBUG server.py 604:: d_normal_sus={}, d_separate=0
2024-11-26 17:43:18,706 INFO server.py 611:: This round UNTARGETED=set(), sus_tAtk_uRel_id0=set()
2024-11-26 17:43:18,706 INFO server.py 629:: =======Using LONG HOGs for detecting TARGETED ATTACK========
2024-11-26 17:43:18,720 INFO server.py 118:: This round TARGETED ATTACK: [26]
2024-11-26 17:43:18,720 DEBUG server.py 475:: mal_ids={0, 2, 11}, pre_mal_id=defaultdict(<class 'int'>, {0: 2, 1: 0, 2: 2, 3: 0, 4: 0, 5: 0, 6: 0, 7: 0, 8: 0, 9: 0, 10: 0, 11: 2, 12: 0, 13: 0, 14: 0, 15: 0, 16: 0, 17: 0, 18: 0, 19: 0, 20: 0, 21: 0, 22: 0, 23: 0, 24: 0, 25: 0, 26: 2, 27: 0, 28: 0, 29: 0, 30: 0, 31: 0, 32: 0, 33: 0, 34: 0, 35: 0, 36: 0, 37: 0, 38: 0, 39: 0})
2024-11-26 17:43:18,720 INFO server.py 477:: FLIP-SIGN ATTACK={0, 2, 11}
2024-11-26 17:43:18,721 INFO server.py 478:: UNTARGETED ATTACK=set()
2024-11-26 17:43:18,721 INFO server.py 479:: TARGETED ATTACK=set()
2024-11-26 17:43:18,721 INFO server.py 634:: OVERTIME MALICIOUS client ids ={0, 2, 11}
2024-11-26 17:43:18,734 INFO server.py 680:: This round UNRELIABLE={18, 20, 24, 25, 26}, normal_id={1, 3, 4, 5, 6, 7, 8, 9, 10, 12, 13, 14, 15, 16, 17, 19, 21, 22, 23, 27, 28, 29, 30, 31, 32, 33, 34, 35, 36, 37, 38, 39}
2024-11-26 17:43:18,734 DEBUG server.py 682:: anlge_sHoGs={1: 0.60406667, 3: nan, 4: nan, 5: nan, 6: 0.64550626, 7: 0.32947683, 8: nan, 9: 0.5905068, 10: nan, 12: 0.5716, 13: 0.5939832, 14: 0.36150035, 15: 0.40951976, 16: 0.4889695, 17: 0.23509105, 18: 0.043477967, 19: nan, 20: 0.04968448, 21: 0.21866143, 22: 0.34050894, 23: 0.4815572, 24: 0.061336674, 25: 0.039574403, 26: 0.039560813, 27: 0.5089301, 28: 0.47764727, 29: 0.36586618, 30: 0.5481853, 31: nan, 32: 0.3672059, 33: nan, 34: 0.38641322, 35: 0.3543564, 36: 0.65722764, 37: nan, 38: 0.44118986, 39: nan}, angle_sep_nsH=0.13999905437231064
2024-11-26 17:43:18,735 INFO server.py 694:: UNRELIABLE clients =set()
2024-11-26 17:43:18,953 INFO server.py 955:: clients' sizes=[2, 0, 0, 0, 2, 2, 0, 1, 0, 2, 2, 2, 2, 1, 1, 2, 0, 1, 1, 1, 1, 1, 0, 1, 1, 1, 2, 0, 2, 0, 1, 2, 1, 0, 2, 0], total=37
2024-11-26 17:43:18,962 INFO server.py 302:: [Server] The aggregation takes 0.384361 seconds.

2024-11-26 17:43:19,028 INFO server.py 186:: [Server] Start testing
2024-11-26 17:43:19,043 INFO server.py 210:: [Server] Test set: Average loss: 1.3584, Accuracy: 64/200 (32.0%)

2024-11-26 17:43:19,044 INFO server.py 213:: [Sever] Confusion matrix:
 tensor([[50.,  0.,  0.,  0.],
        [50.,  0.,  0.,  0.],
        [50.,  0.,  0.,  0.],
        [36.,  0.,  0., 14.]])
2024-11-26 17:43:19,046 INFO server.py 229:: [Server] Precision=[0.26881722        nan        nan 1.        ],
 Recall=[1.   0.   0.   0.28],
 F1-score=[0.42372882        nan        nan 0.4375    ],
 my_accuracy=31.999999284744263[%]
2024-11-26 17:43:19,046 INFO _main.py 208:: ########EPOCH 5 ########
2024-11-26 17:43:19,046 INFO _main.py 209:: ###Model distribution###
2024-11-26 17:43:19,522 INFO server.py 540:: flip_sign_id={0, 2, 11}
2024-11-26 17:43:19,523 INFO server.py 555:: ===========using shortHoGs for detecting UNTARGETED ATTACK====
2024-11-26 17:43:19,564 INFO server.py 581:: labels cluster_sh= [0 0 0 0 0 0 0 0 0 0 0 0 0 0 0 0 0 0 0 0 0 0 0 0 0 0 0 0 0 0 0 0 0 0 0 0 0]
2024-11-26 17:43:19,577 DEBUG server.py 586:: offset_normal_ids=[ 0  1  2  3  4  5  6  7  8  9 10 11 12 13 14 15 16 17 18 19 20 21 22 23
 24 25 26 27 28 29 30 31 32 33 34 35 36], normal_ids=[ 1  3  4  5  6  7  8  9 10 12 13 14 15 16 17 18 19 20 21 22 23 24 25 26
 27 28 29 30 31 32 33 34 35 36 37 38 39]
2024-11-26 17:43:19,577 INFO server.py 591:: SUSPECTED UNTARGETED []
2024-11-26 17:43:19,578 DEBUG server.py 595:: suspicious_ids=[]
2024-11-26 17:43:19,578 DEBUG server.py 604:: d_normal_sus={}, d_separate=0
2024-11-26 17:43:19,578 INFO server.py 611:: This round UNTARGETED=set(), sus_tAtk_uRel_id0=set()
2024-11-26 17:43:19,578 INFO server.py 629:: =======Using LONG HOGs for detecting TARGETED ATTACK========
2024-11-26 17:43:19,598 INFO server.py 118:: This round TARGETED ATTACK: [26]
2024-11-26 17:43:19,601 DEBUG server.py 475:: mal_ids={0, 2, 11}, pre_mal_id=defaultdict(<class 'int'>, {0: 3, 1: 0, 2: 3, 3: 0, 4: 0, 5: 0, 6: 0, 7: 0, 8: 0, 9: 0, 10: 0, 11: 3, 12: 0, 13: 0, 14: 0, 15: 0, 16: 0, 17: 0, 18: 0, 19: 0, 20: 0, 21: 0, 22: 0, 23: 0, 24: 0, 25: 0, 26: 3, 27: 0, 28: 0, 29: 0, 30: 0, 31: 0, 32: 0, 33: 0, 34: 0, 35: 0, 36: 0, 37: 0, 38: 0, 39: 0})
2024-11-26 17:43:19,602 INFO server.py 477:: FLIP-SIGN ATTACK={0, 2, 11}
2024-11-26 17:43:19,602 INFO server.py 478:: UNTARGETED ATTACK=set()
2024-11-26 17:43:19,602 INFO server.py 479:: TARGETED ATTACK=set()
2024-11-26 17:43:19,602 INFO server.py 634:: OVERTIME MALICIOUS client ids ={0, 2, 11}
2024-11-26 17:43:19,626 INFO server.py 680:: This round UNRELIABLE={18, 20, 24, 25, 26}, normal_id={1, 3, 4, 5, 6, 7, 8, 9, 10, 12, 13, 14, 15, 16, 17, 19, 21, 22, 23, 27, 28, 29, 30, 31, 32, 33, 34, 35, 36, 37, 38, 39}
2024-11-26 17:43:19,628 DEBUG server.py 682:: anlge_sHoGs={1: 0.60406667, 3: nan, 4: nan, 5: nan, 6: 0.64550626, 7: 0.32947683, 8: nan, 9: 0.5905068, 10: nan, 12: 0.5716, 13: 0.5939832, 14: 0.36150035, 15: 0.40951976, 16: 0.4889695, 17: 0.23509105, 18: 0.043477967, 19: nan, 20: 0.04968448, 21: 0.21866143, 22: 0.34050894, 23: 0.4815572, 24: 0.061336674, 25: 0.039574403, 26: 0.039560813, 27: 0.5089301, 28: 0.47764727, 29: 0.36586618, 30: 0.5481853, 31: nan, 32: 0.3672059, 33: nan, 34: 0.38641322, 35: 0.3543564, 36: 0.65722764, 37: nan, 38: 0.44118986, 39: nan}, angle_sep_nsH=0.13999905437231064
2024-11-26 17:43:19,628 INFO server.py 694:: UNRELIABLE clients ={18, 20, 24, 25, 26}
2024-11-26 17:43:19,943 INFO server.py 955:: clients' sizes=[2, 0, 0, 0, 2, 2, 0, 1, 0, 2, 2, 2, 2, 1, 1, 2, 0, 1, 1, 1, 1, 1, 0, 1, 1, 1, 2, 0, 2, 0, 1, 2, 1, 0, 2, 0], total=37
2024-11-26 17:43:19,952 INFO server.py 302:: [Server] The aggregation takes 0.491789 seconds.

2024-11-26 17:43:19,954 INFO server.py 186:: [Server] Start testing
2024-11-26 17:43:19,966 INFO server.py 210:: [Server] Test set: Average loss: 1.3480, Accuracy: 69/200 (34.5%)

2024-11-26 17:43:19,967 INFO server.py 213:: [Sever] Confusion matrix:
 tensor([[50.,  0.,  0.,  0.],
        [50.,  0.,  0.,  0.],
        [50.,  0.,  0.,  0.],
        [31.,  0.,  0., 19.]])
2024-11-26 17:43:19,969 INFO server.py 229:: [Server] Precision=[0.2762431       nan       nan 1.       ],
 Recall=[1.   0.   0.   0.38],
 F1-score=[0.43290043        nan        nan 0.5507246 ],
 my_accuracy=34.49999988079071[%]
2024-11-26 17:43:19,969 INFO _main.py 208:: ########EPOCH 6 ########
2024-11-26 17:43:19,970 INFO _main.py 209:: ###Model distribution###
2024-11-26 17:43:20,446 INFO server.py 540:: flip_sign_id={0, 2, 11}
2024-11-26 17:43:20,446 INFO server.py 555:: ===========using shortHoGs for detecting UNTARGETED ATTACK====
2024-11-26 17:43:20,487 INFO server.py 581:: labels cluster_sh= [0 0 0 0 0 0 0 0 0 0 0 0 0 0 0 0 0 0 0 0 0 0 0 0 0 0 0 0 0 0 0 0 0 0 0 0 0]
2024-11-26 17:43:20,500 DEBUG server.py 586:: offset_normal_ids=[ 0  1  2  3  4  5  6  7  8  9 10 11 12 13 14 15 16 17 18 19 20 21 22 23
 24 25 26 27 28 29 30 31 32 33 34 35 36], normal_ids=[ 1  3  4  5  6  7  8  9 10 12 13 14 15 16 17 18 19 20 21 22 23 24 25 26
 27 28 29 30 31 32 33 34 35 36 37 38 39]
2024-11-26 17:43:20,501 INFO server.py 591:: SUSPECTED UNTARGETED []
2024-11-26 17:43:20,501 DEBUG server.py 595:: suspicious_ids=[]
2024-11-26 17:43:20,502 DEBUG server.py 604:: d_normal_sus={}, d_separate=0
2024-11-26 17:43:20,502 INFO server.py 611:: This round UNTARGETED=set(), sus_tAtk_uRel_id0=set()
2024-11-26 17:43:20,502 INFO server.py 629:: =======Using LONG HOGs for detecting TARGETED ATTACK========
2024-11-26 17:43:20,515 INFO server.py 118:: This round TARGETED ATTACK: [26]
2024-11-26 17:43:20,516 DEBUG server.py 475:: mal_ids={0, 26, 2, 11}, pre_mal_id=defaultdict(<class 'int'>, {0: 4, 1: 0, 2: 4, 3: 0, 4: 0, 5: 0, 6: 0, 7: 0, 8: 0, 9: 0, 10: 0, 11: 4, 12: 0, 13: 0, 14: 0, 15: 0, 16: 0, 17: 0, 18: 0, 19: 0, 20: 0, 21: 0, 22: 0, 23: 0, 24: 0, 25: 0, 26: 4, 27: 0, 28: 0, 29: 0, 30: 0, 31: 0, 32: 0, 33: 0, 34: 0, 35: 0, 36: 0, 37: 0, 38: 0, 39: 0})
2024-11-26 17:43:20,516 INFO server.py 477:: FLIP-SIGN ATTACK={0, 2, 11}
2024-11-26 17:43:20,516 INFO server.py 478:: UNTARGETED ATTACK=set()
2024-11-26 17:43:20,516 INFO server.py 479:: TARGETED ATTACK={26}
2024-11-26 17:43:20,516 INFO server.py 634:: OVERTIME MALICIOUS client ids ={0, 26, 2, 11}
2024-11-26 17:43:20,529 INFO server.py 680:: This round UNRELIABLE={24, 25, 18, 20}, normal_id={1, 3, 4, 5, 6, 7, 8, 9, 10, 12, 13, 14, 15, 16, 17, 19, 21, 22, 23, 27, 28, 29, 30, 31, 32, 33, 34, 35, 36, 37, 38, 39}
2024-11-26 17:43:20,530 DEBUG server.py 682:: anlge_sHoGs={1: 0.6155005, 3: nan, 4: nan, 5: nan, 6: 0.65119934, 7: 0.3286265, 8: nan, 9: 0.5989492, 10: nan, 12: 0.58105224, 13: 0.60041595, 14: 0.36257777, 15: 0.41705796, 16: 0.49759567, 17: 0.23064184, 18: 0.039798547, 19: nan, 20: 0.052536983, 21: 0.2163617, 22: 0.3461839, 23: 0.4941035, 24: 0.06297847, 25: 0.03946073, 27: 0.5187245, 28: 0.49291193, 29: 0.3747176, 30: 0.5606426, 31: nan, 32: 0.37711677, 33: nan, 34: 0.38893136, 35: 0.35528842, 36: 0.66760516, 37: nan, 38: 0.45175245, 39: nan}, angle_sep_nsH=0.13967008143663406
2024-11-26 17:43:20,530 INFO server.py 694:: UNRELIABLE clients ={18, 20, 24, 25, 26}
2024-11-26 17:43:20,784 INFO server.py 955:: clients' sizes=[2, 0, 0, 0, 2, 2, 0, 1, 0, 2, 2, 2, 2, 1, 1, 2, 0, 1, 1, 1, 1, 1, 0, 1, 1, 1, 2, 0, 2, 0, 1, 2, 1, 0, 2, 0], total=37
2024-11-26 17:43:20,793 INFO server.py 302:: [Server] The aggregation takes 0.408198 seconds.

2024-11-26 17:43:20,794 INFO server.py 186:: [Server] Start testing
2024-11-26 17:43:20,806 INFO server.py 210:: [Server] Test set: Average loss: 1.3367, Accuracy: 77/200 (38.5%)

2024-11-26 17:43:20,807 INFO server.py 213:: [Sever] Confusion matrix:
 tensor([[50.,  0.,  0.,  0.],
        [50.,  0.,  0.,  0.],
        [48.,  0.,  0.,  2.],
        [23.,  0.,  0., 27.]])
2024-11-26 17:43:20,809 INFO server.py 229:: [Server] Precision=[0.29239765        nan        nan 0.9310345 ],
 Recall=[1.   0.   0.   0.54],
 F1-score=[0.4524887         nan        nan 0.68354434],
 my_accuracy=38.499999046325684[%]
2024-11-26 17:43:20,810 INFO _main.py 208:: ########EPOCH 7 ########
2024-11-26 17:43:20,810 INFO _main.py 209:: ###Model distribution###
2024-11-26 17:43:21,284 INFO server.py 540:: flip_sign_id={0, 26, 2, 11}
2024-11-26 17:43:21,284 INFO server.py 555:: ===========using shortHoGs for detecting UNTARGETED ATTACK====
2024-11-26 17:43:21,324 INFO server.py 581:: labels cluster_sh= [0 0 0 0 0 0 0 0 0 0 0 0 0 0 0 0 0 0 0 0 0 0 0 0 0 0 0 0 0 0 0 0 0 0 0 0]
2024-11-26 17:43:21,337 DEBUG server.py 586:: offset_normal_ids=[ 0  1  2  3  4  5  6  7  8  9 10 11 12 13 14 15 16 17 18 19 20 21 22 23
 24 25 26 27 28 29 30 31 32 33 34 35], normal_ids=[ 1  3  4  5  6  7  8  9 10 12 13 14 15 16 17 18 19 20 21 22 23 24 25 27
 28 29 30 31 32 33 34 35 36 37 38 39]
2024-11-26 17:43:21,338 INFO server.py 591:: SUSPECTED UNTARGETED []
2024-11-26 17:43:21,338 DEBUG server.py 595:: suspicious_ids=[]
2024-11-26 17:43:21,338 DEBUG server.py 604:: d_normal_sus={}, d_separate=0
2024-11-26 17:43:21,338 INFO server.py 611:: This round UNTARGETED=set(), sus_tAtk_uRel_id0=set()
2024-11-26 17:43:21,339 INFO server.py 629:: =======Using LONG HOGs for detecting TARGETED ATTACK========
2024-11-26 17:43:21,351 INFO server.py 118:: This round TARGETED ATTACK: [25]
2024-11-26 17:43:21,352 DEBUG server.py 475:: mal_ids={0, 26, 2, 11}, pre_mal_id=defaultdict(<class 'int'>, {0: 5, 1: 0, 2: 5, 3: 0, 4: 0, 5: 0, 6: 0, 7: 0, 8: 0, 9: 0, 10: 0, 11: 5, 12: 0, 13: 0, 14: 0, 15: 0, 16: 0, 17: 0, 18: 0, 19: 0, 20: 0, 21: 0, 22: 0, 23: 0, 24: 0, 25: 1, 26: 5, 27: 0, 28: 0, 29: 0, 30: 0, 31: 0, 32: 0, 33: 0, 34: 0, 35: 0, 36: 0, 37: 0, 38: 0, 39: 0})
2024-11-26 17:43:21,352 INFO server.py 477:: FLIP-SIGN ATTACK={0, 26, 2, 11}
2024-11-26 17:43:21,352 INFO server.py 478:: UNTARGETED ATTACK=set()
2024-11-26 17:43:21,352 INFO server.py 479:: TARGETED ATTACK={26}
2024-11-26 17:43:21,352 INFO server.py 634:: OVERTIME MALICIOUS client ids ={0, 26, 2, 11}
2024-11-26 17:43:21,367 INFO server.py 680:: This round UNRELIABLE={24, 25, 18, 20}, normal_id={1, 3, 4, 5, 6, 7, 8, 9, 10, 12, 13, 14, 15, 16, 17, 19, 21, 22, 23, 27, 28, 29, 30, 31, 32, 33, 34, 35, 36, 37, 38, 39}
2024-11-26 17:43:21,367 DEBUG server.py 682:: anlge_sHoGs={1: 0.6155005, 3: nan, 4: nan, 5: nan, 6: 0.65119934, 7: 0.3286265, 8: nan, 9: 0.5989492, 10: nan, 12: 0.58105224, 13: 0.60041595, 14: 0.36257777, 15: 0.41705796, 16: 0.49759567, 17: 0.23064184, 18: 0.039798547, 19: nan, 20: 0.052536983, 21: 0.2163617, 22: 0.3461839, 23: 0.4941035, 24: 0.06297847, 25: 0.03946073, 27: 0.5187245, 28: 0.49291193, 29: 0.3747176, 30: 0.5606426, 31: nan, 32: 0.37711677, 33: nan, 34: 0.38893136, 35: 0.35528842, 36: 0.66760516, 37: nan, 38: 0.45175245, 39: nan}, angle_sep_nsH=0.13967008143663406
2024-11-26 17:43:21,367 INFO server.py 694:: UNRELIABLE clients ={18, 20, 24, 25, 26}
2024-11-26 17:43:21,676 INFO server.py 955:: clients' sizes=[2, 0, 0, 0, 2, 2, 0, 1, 0, 2, 2, 2, 2, 1, 1, 2, 0, 1, 1, 1, 1, 1, 1, 1, 1, 2, 0, 2, 0, 1, 2, 1, 0, 2, 0], total=37
2024-11-26 17:43:21,684 INFO server.py 302:: [Server] The aggregation takes 0.465206 seconds.

2024-11-26 17:43:21,685 INFO server.py 186:: [Server] Start testing
2024-11-26 17:43:21,697 INFO server.py 210:: [Server] Test set: Average loss: 1.3235, Accuracy: 80/200 (40.0%)

2024-11-26 17:43:21,698 INFO server.py 213:: [Sever] Confusion matrix:
 tensor([[50.,  0.,  0.,  0.],
        [49.,  0.,  0.,  1.],
        [45.,  0.,  0.,  5.],
        [20.,  0.,  0., 30.]])
2024-11-26 17:43:21,699 INFO server.py 229:: [Server] Precision=[0.30487806        nan        nan 0.8333333 ],
 Recall=[1.  0.  0.  0.6],
 F1-score=[0.46728975        nan        nan 0.6976744 ],
 my_accuracy=40.00000059604645[%]
2024-11-26 17:43:21,700 INFO _main.py 208:: ########EPOCH 8 ########
2024-11-26 17:43:21,700 INFO _main.py 209:: ###Model distribution###
2024-11-26 17:43:22,184 INFO server.py 540:: flip_sign_id={0, 26, 2, 11}
2024-11-26 17:43:22,185 INFO server.py 555:: ===========using shortHoGs for detecting UNTARGETED ATTACK====
2024-11-26 17:43:22,227 INFO server.py 581:: labels cluster_sh= [0 0 0 0 0 0 0 0 0 0 0 0 0 0 0 0 0 0 0 0 0 0 0 0 0 0 0 0 0 0 0 0 0 0 0 0]
2024-11-26 17:43:22,240 DEBUG server.py 586:: offset_normal_ids=[ 0  1  2  3  4  5  6  7  8  9 10 11 12 13 14 15 16 17 18 19 20 21 22 23
 24 25 26 27 28 29 30 31 32 33 34 35], normal_ids=[ 1  3  4  5  6  7  8  9 10 12 13 14 15 16 17 18 19 20 21 22 23 24 25 27
 28 29 30 31 32 33 34 35 36 37 38 39]
2024-11-26 17:43:22,241 INFO server.py 591:: SUSPECTED UNTARGETED []
2024-11-26 17:43:22,241 DEBUG server.py 595:: suspicious_ids=[]
2024-11-26 17:43:22,241 DEBUG server.py 604:: d_normal_sus={}, d_separate=0
2024-11-26 17:43:22,242 INFO server.py 611:: This round UNTARGETED=set(), sus_tAtk_uRel_id0=set()
2024-11-26 17:43:22,242 INFO server.py 629:: =======Using LONG HOGs for detecting TARGETED ATTACK========
2024-11-26 17:43:22,260 INFO server.py 118:: This round TARGETED ATTACK: [24]
2024-11-26 17:43:22,264 DEBUG server.py 475:: mal_ids={0, 26, 2, 11}, pre_mal_id=defaultdict(<class 'int'>, {0: 6, 1: 0, 2: 6, 3: 0, 4: 0, 5: 0, 6: 0, 7: 0, 8: 0, 9: 0, 10: 0, 11: 6, 12: 0, 13: 0, 14: 0, 15: 0, 16: 0, 17: 0, 18: 0, 19: 0, 20: 0, 21: 0, 22: 0, 23: 0, 24: 1, 25: 0, 26: 6, 27: 0, 28: 0, 29: 0, 30: 0, 31: 0, 32: 0, 33: 0, 34: 0, 35: 0, 36: 0, 37: 0, 38: 0, 39: 0})
2024-11-26 17:43:22,264 INFO server.py 477:: FLIP-SIGN ATTACK={0, 26, 2, 11}
2024-11-26 17:43:22,265 INFO server.py 478:: UNTARGETED ATTACK=set()
2024-11-26 17:43:22,265 INFO server.py 479:: TARGETED ATTACK={26}
2024-11-26 17:43:22,265 INFO server.py 634:: OVERTIME MALICIOUS client ids ={0, 26, 2, 11}
2024-11-26 17:43:22,287 INFO server.py 680:: This round UNRELIABLE={24, 25, 18, 20}, normal_id={1, 3, 4, 5, 6, 7, 8, 9, 10, 12, 13, 14, 15, 16, 17, 19, 21, 22, 23, 27, 28, 29, 30, 31, 32, 33, 34, 35, 36, 37, 38, 39}
2024-11-26 17:43:22,291 DEBUG server.py 682:: anlge_sHoGs={1: 0.6155005, 3: nan, 4: nan, 5: nan, 6: 0.65119934, 7: 0.3286265, 8: nan, 9: 0.5989492, 10: nan, 12: 0.58105224, 13: 0.60041595, 14: 0.36257777, 15: 0.41705796, 16: 0.49759567, 17: 0.23064184, 18: 0.039798547, 19: nan, 20: 0.052536983, 21: 0.2163617, 22: 0.3461839, 23: 0.4941035, 24: 0.06297847, 25: 0.03946073, 27: 0.5187245, 28: 0.49291193, 29: 0.3747176, 30: 0.5606426, 31: nan, 32: 0.37711677, 33: nan, 34: 0.38893136, 35: 0.35528842, 36: 0.66760516, 37: nan, 38: 0.45175245, 39: nan}, angle_sep_nsH=0.13967008143663406
2024-11-26 17:43:22,292 INFO server.py 694:: UNRELIABLE clients ={18, 20, 24, 25, 26}
2024-11-26 17:43:22,585 INFO server.py 955:: clients' sizes=[2, 0, 0, 0, 2, 2, 0, 1, 0, 2, 2, 2, 2, 1, 1, 2, 0, 1, 1, 1, 1, 0, 1, 1, 1, 2, 0, 2, 0, 1, 2, 1, 0, 2, 0], total=36
2024-11-26 17:43:22,595 INFO server.py 302:: [Server] The aggregation takes 0.475681 seconds.

2024-11-26 17:43:22,596 INFO server.py 186:: [Server] Start testing
2024-11-26 17:43:22,611 INFO server.py 210:: [Server] Test set: Average loss: 1.3081, Accuracy: 80/200 (40.0%)

2024-11-26 17:43:22,612 INFO server.py 213:: [Sever] Confusion matrix:
 tensor([[50.,  0.,  0.,  0.],
        [47.,  0.,  0.,  3.],
        [43.,  0.,  0.,  7.],
        [20.,  0.,  0., 30.]])
2024-11-26 17:43:22,613 INFO server.py 229:: [Server] Precision=[0.3125    nan    nan 0.75  ],
 Recall=[1.  0.  0.  0.6],
 F1-score=[0.47619048        nan        nan 0.6666667 ],
 my_accuracy=40.00000059604645[%]
2024-11-26 17:43:22,614 INFO _main.py 208:: ########EPOCH 9 ########
2024-11-26 17:43:22,614 INFO _main.py 209:: ###Model distribution###
2024-11-26 17:43:23,106 INFO server.py 540:: flip_sign_id={0, 26, 2, 11}
2024-11-26 17:43:23,106 INFO server.py 555:: ===========using shortHoGs for detecting UNTARGETED ATTACK====
2024-11-26 17:43:23,147 INFO server.py 581:: labels cluster_sh= [0 0 0 0 0 0 0 0 0 0 0 0 0 0 0 0 0 0 0 0 0 0 0 0 0 0 0 0 0 0 0 0 0 0 0 0]
2024-11-26 17:43:23,160 DEBUG server.py 586:: offset_normal_ids=[ 0  1  2  3  4  5  6  7  8  9 10 11 12 13 14 15 16 17 18 19 20 21 22 23
 24 25 26 27 28 29 30 31 32 33 34 35], normal_ids=[ 1  3  4  5  6  7  8  9 10 12 13 14 15 16 17 18 19 20 21 22 23 24 25 27
 28 29 30 31 32 33 34 35 36 37 38 39]
2024-11-26 17:43:23,161 INFO server.py 591:: SUSPECTED UNTARGETED []
2024-11-26 17:43:23,161 DEBUG server.py 595:: suspicious_ids=[]
2024-11-26 17:43:23,161 DEBUG server.py 604:: d_normal_sus={}, d_separate=0
2024-11-26 17:43:23,161 INFO server.py 611:: This round UNTARGETED=set(), sus_tAtk_uRel_id0=set()
2024-11-26 17:43:23,162 INFO server.py 629:: =======Using LONG HOGs for detecting TARGETED ATTACK========
2024-11-26 17:43:23,181 INFO server.py 118:: This round TARGETED ATTACK: [24]
2024-11-26 17:43:23,184 DEBUG server.py 475:: mal_ids={0, 26, 2, 11}, pre_mal_id=defaultdict(<class 'int'>, {0: 7, 1: 0, 2: 7, 3: 0, 4: 0, 5: 0, 6: 0, 7: 0, 8: 0, 9: 0, 10: 0, 11: 7, 12: 0, 13: 0, 14: 0, 15: 0, 16: 0, 17: 0, 18: 0, 19: 0, 20: 0, 21: 0, 22: 0, 23: 0, 24: 2, 25: 0, 26: 7, 27: 0, 28: 0, 29: 0, 30: 0, 31: 0, 32: 0, 33: 0, 34: 0, 35: 0, 36: 0, 37: 0, 38: 0, 39: 0})
2024-11-26 17:43:23,185 INFO server.py 477:: FLIP-SIGN ATTACK={0, 26, 2, 11}
2024-11-26 17:43:23,185 INFO server.py 478:: UNTARGETED ATTACK=set()
2024-11-26 17:43:23,185 INFO server.py 479:: TARGETED ATTACK={26}
2024-11-26 17:43:23,186 INFO server.py 634:: OVERTIME MALICIOUS client ids ={0, 26, 2, 11}
2024-11-26 17:43:23,221 INFO server.py 680:: This round UNRELIABLE={24, 25, 18, 20}, normal_id={1, 3, 4, 5, 6, 7, 8, 9, 10, 12, 13, 14, 15, 16, 17, 19, 21, 22, 23, 27, 28, 29, 30, 31, 32, 33, 34, 35, 36, 37, 38, 39}
2024-11-26 17:43:23,223 DEBUG server.py 682:: anlge_sHoGs={1: 0.6155005, 3: nan, 4: nan, 5: nan, 6: 0.65119934, 7: 0.3286265, 8: nan, 9: 0.5989492, 10: nan, 12: 0.58105224, 13: 0.60041595, 14: 0.36257777, 15: 0.41705796, 16: 0.49759567, 17: 0.23064184, 18: 0.039798547, 19: nan, 20: 0.052536983, 21: 0.2163617, 22: 0.3461839, 23: 0.4941035, 24: 0.06297847, 25: 0.03946073, 27: 0.5187245, 28: 0.49291193, 29: 0.3747176, 30: 0.5606426, 31: nan, 32: 0.37711677, 33: nan, 34: 0.38893136, 35: 0.35528842, 36: 0.66760516, 37: nan, 38: 0.45175245, 39: nan}, angle_sep_nsH=0.13967008143663406
2024-11-26 17:43:23,223 INFO server.py 694:: UNRELIABLE clients ={18, 20, 24, 25}
2024-11-26 17:43:23,504 INFO server.py 955:: clients' sizes=[2, 0, 0, 0, 2, 2, 0, 1, 0, 2, 2, 2, 2, 1, 1, 2, 0, 1, 1, 1, 1, 0, 1, 1, 1, 2, 0, 2, 0, 1, 2, 1, 0, 2, 0], total=36
2024-11-26 17:43:23,513 INFO server.py 302:: [Server] The aggregation takes 0.470839 seconds.

2024-11-26 17:43:23,515 INFO server.py 186:: [Server] Start testing
2024-11-26 17:43:23,527 INFO server.py 210:: [Server] Test set: Average loss: 1.2914, Accuracy: 83/200 (41.5%)

2024-11-26 17:43:23,529 INFO server.py 213:: [Sever] Confusion matrix:
 tensor([[50.,  0.,  0.,  0.],
        [47.,  0.,  0.,  3.],
        [39.,  0.,  0., 11.],
        [14.,  0.,  3., 33.]])
2024-11-26 17:43:23,530 INFO server.py 229:: [Server] Precision=[0.33333334        nan 0.         0.70212764],
 Recall=[1.   0.   0.   0.66],
 F1-score=[0.5             nan       nan 0.6804124],
 my_accuracy=41.49999916553497[%]
2024-11-26 17:43:23,531 INFO _main.py 208:: ########EPOCH 10 ########
2024-11-26 17:43:23,532 INFO _main.py 209:: ###Model distribution###
2024-11-26 17:43:24,023 INFO server.py 540:: flip_sign_id={0, 26, 2, 11}
2024-11-26 17:43:24,023 INFO server.py 555:: ===========using shortHoGs for detecting UNTARGETED ATTACK====
2024-11-26 17:43:24,065 INFO server.py 581:: labels cluster_sh= [0 0 0 0 0 0 0 0 0 0 0 0 0 0 0 0 0 0 0 0 0 0 0 0 0 0 0 0 0 0 0 0 0 0 0 0]
2024-11-26 17:43:24,078 DEBUG server.py 586:: offset_normal_ids=[ 0  1  2  3  4  5  6  7  8  9 10 11 12 13 14 15 16 17 18 19 20 21 22 23
 24 25 26 27 28 29 30 31 32 33 34 35], normal_ids=[ 1  3  4  5  6  7  8  9 10 12 13 14 15 16 17 18 19 20 21 22 23 24 25 27
 28 29 30 31 32 33 34 35 36 37 38 39]
2024-11-26 17:43:24,079 INFO server.py 591:: SUSPECTED UNTARGETED []
2024-11-26 17:43:24,079 DEBUG server.py 595:: suspicious_ids=[]
2024-11-26 17:43:24,080 DEBUG server.py 604:: d_normal_sus={}, d_separate=0
2024-11-26 17:43:24,080 INFO server.py 611:: This round UNTARGETED=set(), sus_tAtk_uRel_id0=set()
2024-11-26 17:43:24,080 INFO server.py 629:: =======Using LONG HOGs for detecting TARGETED ATTACK========
2024-11-26 17:43:24,096 INFO server.py 118:: This round TARGETED ATTACK: [24]
2024-11-26 17:43:24,097 DEBUG server.py 475:: mal_ids={0, 26, 2, 11}, pre_mal_id=defaultdict(<class 'int'>, {0: 8, 1: 0, 2: 8, 3: 0, 4: 0, 5: 0, 6: 0, 7: 0, 8: 0, 9: 0, 10: 0, 11: 8, 12: 0, 13: 0, 14: 0, 15: 0, 16: 0, 17: 0, 18: 0, 19: 0, 20: 0, 21: 0, 22: 0, 23: 0, 24: 3, 25: 0, 26: 8, 27: 0, 28: 0, 29: 0, 30: 0, 31: 0, 32: 0, 33: 0, 34: 0, 35: 0, 36: 0, 37: 0, 38: 0, 39: 0})
2024-11-26 17:43:24,097 INFO server.py 477:: FLIP-SIGN ATTACK={0, 26, 2, 11}
2024-11-26 17:43:24,097 INFO server.py 478:: UNTARGETED ATTACK=set()
2024-11-26 17:43:24,097 INFO server.py 479:: TARGETED ATTACK={26}
2024-11-26 17:43:24,097 INFO server.py 634:: OVERTIME MALICIOUS client ids ={0, 26, 2, 11}
2024-11-26 17:43:24,114 INFO server.py 680:: This round UNRELIABLE={24, 25, 18, 20}, normal_id={1, 3, 4, 5, 6, 7, 8, 9, 10, 12, 13, 14, 15, 16, 17, 19, 21, 22, 23, 27, 28, 29, 30, 31, 32, 33, 34, 35, 36, 37, 38, 39}
2024-11-26 17:43:24,115 DEBUG server.py 682:: anlge_sHoGs={1: 0.6155005, 3: nan, 4: nan, 5: nan, 6: 0.65119934, 7: 0.3286265, 8: nan, 9: 0.5989492, 10: nan, 12: 0.58105224, 13: 0.60041595, 14: 0.36257777, 15: 0.41705796, 16: 0.49759567, 17: 0.23064184, 18: 0.039798547, 19: nan, 20: 0.052536983, 21: 0.2163617, 22: 0.3461839, 23: 0.4941035, 24: 0.06297847, 25: 0.03946073, 27: 0.5187245, 28: 0.49291193, 29: 0.3747176, 30: 0.5606426, 31: nan, 32: 0.37711677, 33: nan, 34: 0.38893136, 35: 0.35528842, 36: 0.66760516, 37: nan, 38: 0.45175245, 39: nan}, angle_sep_nsH=0.13967008143663406
2024-11-26 17:43:24,115 INFO server.py 694:: UNRELIABLE clients ={18, 20, 24, 25}
2024-11-26 17:43:24,419 INFO server.py 955:: clients' sizes=[2, 0, 0, 0, 2, 2, 0, 1, 0, 2, 2, 2, 2, 1, 1, 2, 0, 1, 1, 1, 1, 0, 1, 1, 1, 2, 0, 2, 0, 1, 2, 1, 0, 2, 0], total=36
2024-11-26 17:43:24,433 INFO server.py 302:: [Server] The aggregation takes 0.473022 seconds.

2024-11-26 17:43:24,434 INFO server.py 186:: [Server] Start testing
2024-11-26 17:43:24,446 INFO server.py 210:: [Server] Test set: Average loss: 1.2733, Accuracy: 91/200 (45.5%)

2024-11-26 17:43:24,447 INFO server.py 213:: [Sever] Confusion matrix:
 tensor([[50.,  0.,  0.,  0.],
        [46.,  0.,  1.,  3.],
        [33.,  0.,  5., 12.],
        [ 9.,  0.,  5., 36.]])
2024-11-26 17:43:24,449 INFO server.py 229:: [Server] Precision=[0.36231884        nan 0.45454547 0.7058824 ],
 Recall=[1.   0.   0.1  0.72],
 F1-score=[0.5319149         nan 0.16393442 0.7128714 ],
 my_accuracy=45.500001311302185[%]
2024-11-26 17:43:24,449 INFO _main.py 208:: ########EPOCH 11 ########
2024-11-26 17:43:24,450 INFO _main.py 209:: ###Model distribution###
2024-11-26 17:43:24,932 INFO server.py 540:: flip_sign_id={0, 26, 2, 11}
2024-11-26 17:43:24,932 INFO server.py 555:: ===========using shortHoGs for detecting UNTARGETED ATTACK====
2024-11-26 17:43:24,973 INFO server.py 581:: labels cluster_sh= [0 0 0 0 0 0 0 0 0 0 0 0 0 0 0 0 0 0 0 0 0 0 0 0 0 0 0 0 0 0 0 0 0 0 0 0]
2024-11-26 17:43:24,992 DEBUG server.py 586:: offset_normal_ids=[ 0  1  2  3  4  5  6  7  8  9 10 11 12 13 14 15 16 17 18 19 20 21 22 23
 24 25 26 27 28 29 30 31 32 33 34 35], normal_ids=[ 1  3  4  5  6  7  8  9 10 12 13 14 15 16 17 18 19 20 21 22 23 24 25 27
 28 29 30 31 32 33 34 35 36 37 38 39]
2024-11-26 17:43:24,996 INFO server.py 591:: SUSPECTED UNTARGETED []
2024-11-26 17:43:24,996 DEBUG server.py 595:: suspicious_ids=[]
2024-11-26 17:43:24,997 DEBUG server.py 604:: d_normal_sus={}, d_separate=0
2024-11-26 17:43:24,997 INFO server.py 611:: This round UNTARGETED=set(), sus_tAtk_uRel_id0=set()
2024-11-26 17:43:24,997 INFO server.py 629:: =======Using LONG HOGs for detecting TARGETED ATTACK========
2024-11-26 17:43:25,011 INFO server.py 118:: This round TARGETED ATTACK: [24]
2024-11-26 17:43:25,011 DEBUG server.py 475:: mal_ids={0, 2, 11, 24, 26}, pre_mal_id=defaultdict(<class 'int'>, {0: 9, 1: 0, 2: 9, 3: 0, 4: 0, 5: 0, 6: 0, 7: 0, 8: 0, 9: 0, 10: 0, 11: 9, 12: 0, 13: 0, 14: 0, 15: 0, 16: 0, 17: 0, 18: 0, 19: 0, 20: 0, 21: 0, 22: 0, 23: 0, 24: 4, 25: 0, 26: 9, 27: 0, 28: 0, 29: 0, 30: 0, 31: 0, 32: 0, 33: 0, 34: 0, 35: 0, 36: 0, 37: 0, 38: 0, 39: 0})
2024-11-26 17:43:25,011 INFO server.py 477:: FLIP-SIGN ATTACK={0, 26, 2, 11}
2024-11-26 17:43:25,012 INFO server.py 478:: UNTARGETED ATTACK=set()
2024-11-26 17:43:25,012 INFO server.py 479:: TARGETED ATTACK={24, 26}
2024-11-26 17:43:25,012 INFO server.py 634:: OVERTIME MALICIOUS client ids ={0, 2, 11, 24, 26}
2024-11-26 17:43:25,025 INFO server.py 680:: This round UNRELIABLE={32, 34, 35, 38, 7, 14, 15, 16, 17, 18, 20, 21, 22, 23, 25, 28, 29}, normal_id={1, 33, 3, 4, 5, 6, 36, 8, 9, 10, 37, 12, 13, 39, 19, 27, 30, 31}
2024-11-26 17:43:25,025 DEBUG server.py 682:: anlge_sHoGs={1: 0.6128887, 3: nan, 4: nan, 5: nan, 6: 0.6497841, 7: 0.32537356, 8: nan, 9: 0.6004863, 10: nan, 12: 0.5785311, 13: 0.59594256, 14: 0.35868514, 15: 0.41538218, 16: 0.49431193, 17: 0.22781141, 18: 0.036756255, 19: nan, 20: 0.04962629, 21: 0.2139491, 22: 0.348524, 23: 0.49177042, 25: 0.03910706, 27: 0.51511705, 28: 0.4929423, 29: 0.37331152, 30: 0.5581737, 31: nan, 32: 0.37623686, 33: nan, 34: 0.38851154, 35: 0.35299718, 36: 0.6620431, 37: nan, 38: 0.45005766, 39: nan}, angle_sep_nsH=0.5056623667478561
2024-11-26 17:43:25,025 INFO server.py 694:: UNRELIABLE clients ={18, 20, 24, 25}
2024-11-26 17:43:25,337 INFO server.py 955:: clients' sizes=[2, 0, 0, 0, 2, 2, 0, 1, 0, 2, 2, 2, 2, 1, 1, 2, 0, 1, 1, 1, 1, 0, 1, 1, 1, 2, 0, 2, 0, 1, 2, 1, 0, 2, 0], total=36
2024-11-26 17:43:25,357 INFO server.py 302:: [Server] The aggregation takes 0.494903 seconds.

2024-11-26 17:43:25,360 INFO server.py 186:: [Server] Start testing
2024-11-26 17:43:25,382 INFO server.py 210:: [Server] Test set: Average loss: 1.2537, Accuracy: 96/200 (48.0%)

2024-11-26 17:43:25,384 INFO server.py 213:: [Sever] Confusion matrix:
 tensor([[50.,  0.,  0.,  0.],
        [43.,  3.,  1.,  3.],
        [30.,  0.,  7., 13.],
        [ 9.,  0.,  5., 36.]])
2024-11-26 17:43:25,385 INFO server.py 229:: [Server] Precision=[0.37878788 1.         0.53846157 0.6923077 ],
 Recall=[1.   0.06 0.14 0.72],
 F1-score=[0.5494505  0.11320755 0.22222222 0.7058824 ],
 my_accuracy=47.999998927116394[%]
2024-11-26 17:43:25,386 INFO _main.py 208:: ########EPOCH 12 ########
2024-11-26 17:43:25,386 INFO _main.py 209:: ###Model distribution###
2024-11-26 17:43:25,985 INFO server.py 540:: flip_sign_id={0, 2, 11}
2024-11-26 17:43:25,985 INFO server.py 555:: ===========using shortHoGs for detecting UNTARGETED ATTACK====
2024-11-26 17:43:26,027 INFO server.py 581:: labels cluster_sh= [0 0 0 0 0 0 0 0 0 0 0 0 0 0 0 0 0 0 0 0 0 0 0 0 0 0 0 0 0 0 0 0 0 0 0 0]
2024-11-26 17:43:26,045 DEBUG server.py 586:: offset_normal_ids=[ 0  1  2  3  4  5  6  7  8  9 10 11 12 13 14 15 16 17 18 19 20 21 22 23
 24 25 26 27 28 29 30 31 32 33 34 35], normal_ids=[ 1  3  4  5  6  7  8  9 10 12 13 14 15 16 17 18 19 20 21 22 23 24 25 27
 28 29 30 31 32 33 34 35 36 37 38 39]
2024-11-26 17:43:26,046 INFO server.py 591:: SUSPECTED UNTARGETED []
2024-11-26 17:43:26,046 DEBUG server.py 595:: suspicious_ids=[]
2024-11-26 17:43:26,047 DEBUG server.py 604:: d_normal_sus={}, d_separate=0
2024-11-26 17:43:26,047 INFO server.py 611:: This round UNTARGETED=set(), sus_tAtk_uRel_id0=set()
2024-11-26 17:43:26,047 INFO server.py 629:: =======Using LONG HOGs for detecting TARGETED ATTACK========
2024-11-26 17:43:26,062 INFO server.py 118:: This round TARGETED ATTACK: [24]
2024-11-26 17:43:26,063 DEBUG server.py 475:: mal_ids={0, 2, 11, 24, 26}, pre_mal_id=defaultdict(<class 'int'>, {0: 10, 1: 0, 2: 10, 3: 0, 4: 0, 5: 0, 6: 0, 7: 0, 8: 0, 9: 0, 10: 0, 11: 10, 12: 0, 13: 0, 14: 0, 15: 0, 16: 0, 17: 0, 18: 0, 19: 0, 20: 0, 21: 0, 22: 0, 23: 0, 24: 5, 25: 0, 26: 0, 27: 0, 28: 0, 29: 0, 30: 0, 31: 0, 32: 0, 33: 0, 34: 0, 35: 0, 36: 0, 37: 0, 38: 0, 39: 0})
2024-11-26 17:43:26,063 INFO server.py 477:: FLIP-SIGN ATTACK={0, 26, 2, 11}
2024-11-26 17:43:26,063 INFO server.py 478:: UNTARGETED ATTACK=set()
2024-11-26 17:43:26,063 INFO server.py 479:: TARGETED ATTACK={24, 26}
2024-11-26 17:43:26,064 INFO server.py 634:: OVERTIME MALICIOUS client ids ={0, 2, 11, 24, 26}
2024-11-26 17:43:26,076 INFO server.py 680:: This round UNRELIABLE={32, 34, 35, 38, 7, 14, 15, 16, 17, 18, 20, 21, 22, 23, 25, 28, 29}, normal_id={1, 33, 3, 4, 5, 6, 36, 8, 9, 10, 37, 12, 13, 39, 19, 27, 30, 31}
2024-11-26 17:43:26,076 DEBUG server.py 682:: anlge_sHoGs={1: 0.6128887, 3: nan, 4: nan, 5: nan, 6: 0.6497841, 7: 0.32537356, 8: nan, 9: 0.6004863, 10: nan, 12: 0.5785311, 13: 0.59594256, 14: 0.35868514, 15: 0.41538218, 16: 0.49431193, 17: 0.22781141, 18: 0.036756255, 19: nan, 20: 0.04962629, 21: 0.2139491, 22: 0.348524, 23: 0.49177042, 25: 0.03910706, 27: 0.51511705, 28: 0.4929423, 29: 0.37331152, 30: 0.5581737, 31: nan, 32: 0.37623686, 33: nan, 34: 0.38851154, 35: 0.35299718, 36: 0.6620431, 37: nan, 38: 0.45005766, 39: nan}, angle_sep_nsH=0.5056623667478561
2024-11-26 17:43:26,077 INFO server.py 694:: UNRELIABLE clients ={18, 20, 24, 25}
2024-11-26 17:43:26,281 INFO server.py 955:: clients' sizes=[2, 0, 0, 0, 2, 2, 0, 1, 0, 2, 2, 2, 2, 1, 1, 2, 0, 1, 1, 1, 1, 0, 1, 1, 1, 2, 0, 2, 0, 1, 2, 1, 0, 2, 0], total=36
2024-11-26 17:43:26,290 INFO server.py 302:: [Server] The aggregation takes 0.410591 seconds.

2024-11-26 17:43:26,291 INFO server.py 186:: [Server] Start testing
2024-11-26 17:43:26,304 INFO server.py 210:: [Server] Test set: Average loss: 1.2292, Accuracy: 104/200 (52.0%)

2024-11-26 17:43:26,305 INFO server.py 213:: [Sever] Confusion matrix:
 tensor([[48.,  2.,  0.,  0.],
        [32., 13.,  2.,  3.],
        [25.,  5.,  7., 13.],
        [ 7.,  2.,  5., 36.]])
2024-11-26 17:43:26,306 INFO server.py 229:: [Server] Precision=[0.42857143 0.59090906 0.5        0.6923077 ],
 Recall=[0.96 0.26 0.14 0.72],
 F1-score=[0.5925926 0.3611111 0.21875   0.7058824],
 my_accuracy=51.99999809265137[%]
2024-11-26 17:43:26,307 INFO _main.py 208:: ########EPOCH 13 ########
2024-11-26 17:43:26,307 INFO _main.py 209:: ###Model distribution###
2024-11-26 17:43:26,812 INFO server.py 540:: flip_sign_id={0, 2, 11}
2024-11-26 17:43:26,813 INFO server.py 555:: ===========using shortHoGs for detecting UNTARGETED ATTACK====
2024-11-26 17:43:26,853 INFO server.py 581:: labels cluster_sh= [0 0 0 0 0 0 0 0 0 0 0 0 0 0 0 0 0 0 0 0 0 0 0 0 0 0 0 0 0 0 0 0 0 0 0 0]
2024-11-26 17:43:26,870 DEBUG server.py 586:: offset_normal_ids=[ 0  1  2  3  4  5  6  7  8  9 10 11 12 13 14 15 16 17 18 19 20 21 22 23
 24 25 26 27 28 29 30 31 32 33 34 35], normal_ids=[ 1  3  4  5  6  7  8  9 10 12 13 14 15 16 17 18 19 20 21 22 23 24 25 27
 28 29 30 31 32 33 34 35 36 37 38 39]
2024-11-26 17:43:26,871 INFO server.py 591:: SUSPECTED UNTARGETED []
2024-11-26 17:43:26,871 DEBUG server.py 595:: suspicious_ids=[]
2024-11-26 17:43:26,872 DEBUG server.py 604:: d_normal_sus={}, d_separate=0
2024-11-26 17:43:26,872 INFO server.py 611:: This round UNTARGETED=set(), sus_tAtk_uRel_id0=set()
2024-11-26 17:43:26,872 INFO server.py 629:: =======Using LONG HOGs for detecting TARGETED ATTACK========
2024-11-26 17:43:26,888 INFO server.py 118:: This round TARGETED ATTACK: [24]
2024-11-26 17:43:26,889 DEBUG server.py 475:: mal_ids={0, 2, 11, 24}, pre_mal_id=defaultdict(<class 'int'>, {0: 11, 1: 0, 2: 11, 3: 0, 4: 0, 5: 0, 6: 0, 7: 0, 8: 0, 9: 0, 10: 0, 11: 11, 12: 0, 13: 0, 14: 0, 15: 0, 16: 0, 17: 0, 18: 0, 19: 0, 20: 0, 21: 0, 22: 0, 23: 0, 24: 6, 25: 0, 26: 0, 27: 0, 28: 0, 29: 0, 30: 0, 31: 0, 32: 0, 33: 0, 34: 0, 35: 0, 36: 0, 37: 0, 38: 0, 39: 0})
2024-11-26 17:43:26,889 INFO server.py 477:: FLIP-SIGN ATTACK={0, 2, 11}
2024-11-26 17:43:26,889 INFO server.py 478:: UNTARGETED ATTACK=set()
2024-11-26 17:43:26,889 INFO server.py 479:: TARGETED ATTACK={24}
2024-11-26 17:43:26,889 INFO server.py 634:: OVERTIME MALICIOUS client ids ={0, 2, 11, 24}
2024-11-26 17:43:26,902 INFO server.py 680:: This round UNRELIABLE={32, 34, 35, 38, 7, 14, 15, 16, 17, 18, 20, 21, 22, 23, 25, 28, 29}, normal_id={1, 33, 3, 4, 5, 6, 36, 8, 9, 10, 37, 12, 13, 39, 19, 27, 30, 31}
2024-11-26 17:43:26,902 DEBUG server.py 682:: anlge_sHoGs={1: 0.6128887, 3: nan, 4: nan, 5: nan, 6: 0.6497841, 7: 0.32537356, 8: nan, 9: 0.6004863, 10: nan, 12: 0.5785311, 13: 0.59594256, 14: 0.35868514, 15: 0.41538218, 16: 0.49431193, 17: 0.22781141, 18: 0.036756255, 19: nan, 20: 0.04962629, 21: 0.2139491, 22: 0.348524, 23: 0.49177042, 25: 0.03910706, 27: 0.51511705, 28: 0.4929423, 29: 0.37331152, 30: 0.5581737, 31: nan, 32: 0.37623686, 33: nan, 34: 0.38851154, 35: 0.35299718, 36: 0.6620431, 37: nan, 38: 0.45005766, 39: nan}, angle_sep_nsH=0.5056623667478561
2024-11-26 17:43:26,902 INFO server.py 694:: UNRELIABLE clients ={7, 14, 15, 16, 17, 18, 20, 21, 22, 23, 24, 25, 28, 29, 32, 34, 35, 38}
2024-11-26 17:43:27,173 INFO server.py 955:: clients' sizes=[2, 0, 0, 0, 2, 2, 0, 1, 0, 2, 2, 2, 2, 1, 1, 2, 0, 1, 1, 1, 1, 0, 1, 1, 1, 1, 2, 0, 2, 0, 1, 2, 1, 0, 2, 0], total=37
2024-11-26 17:43:27,184 INFO server.py 302:: [Server] The aggregation takes 0.435717 seconds.

2024-11-26 17:43:27,185 INFO server.py 186:: [Server] Start testing
2024-11-26 17:43:27,197 INFO server.py 210:: [Server] Test set: Average loss: 1.2092, Accuracy: 102/200 (51.0%)

2024-11-26 17:43:27,199 INFO server.py 213:: [Sever] Confusion matrix:
 tensor([[46.,  4.,  0.,  0.],
        [32., 13.,  2.,  3.],
        [25.,  6.,  7., 12.],
        [ 7.,  2.,  5., 36.]])
2024-11-26 17:43:27,200 INFO server.py 229:: [Server] Precision=[0.4181818 0.52      0.5       0.7058824],
 Recall=[0.92 0.26 0.14 0.72],
 F1-score=[0.575      0.34666666 0.21875    0.7128714 ],
 my_accuracy=50.999999046325684[%]
2024-11-26 17:43:27,201 INFO _main.py 208:: ########EPOCH 14 ########
2024-11-26 17:43:27,201 INFO _main.py 209:: ###Model distribution###
2024-11-26 17:43:27,764 INFO server.py 540:: flip_sign_id={0, 2, 11}
2024-11-26 17:43:27,764 INFO server.py 555:: ===========using shortHoGs for detecting UNTARGETED ATTACK====
2024-11-26 17:43:27,814 INFO server.py 581:: labels cluster_sh= [0 0 0 0 0 0 0 0 0 0 0 0 0 0 0 0 0 0 0 0 0 0 0 0 0 0 0 0 0 0 0 0 0 0 0 0 0]
2024-11-26 17:43:27,827 DEBUG server.py 586:: offset_normal_ids=[ 0  1  2  3  4  5  6  7  8  9 10 11 12 13 14 15 16 17 18 19 20 21 22 23
 24 25 26 27 28 29 30 31 32 33 34 35 36], normal_ids=[ 1  3  4  5  6  7  8  9 10 12 13 14 15 16 17 18 19 20 21 22 23 24 25 26
 27 28 29 30 31 32 33 34 35 36 37 38 39]
2024-11-26 17:43:27,827 INFO server.py 591:: SUSPECTED UNTARGETED []
2024-11-26 17:43:27,828 DEBUG server.py 595:: suspicious_ids=[]
2024-11-26 17:43:27,828 DEBUG server.py 604:: d_normal_sus={}, d_separate=0
2024-11-26 17:43:27,828 INFO server.py 611:: This round UNTARGETED=set(), sus_tAtk_uRel_id0=set()
2024-11-26 17:43:27,828 INFO server.py 629:: =======Using LONG HOGs for detecting TARGETED ATTACK========
2024-11-26 17:43:27,844 INFO server.py 118:: This round TARGETED ATTACK: [26]
2024-11-26 17:43:27,844 DEBUG server.py 475:: mal_ids={0, 2, 11, 24}, pre_mal_id=defaultdict(<class 'int'>, {0: 12, 1: 0, 2: 12, 3: 0, 4: 0, 5: 0, 6: 0, 7: 0, 8: 0, 9: 0, 10: 0, 11: 12, 12: 0, 13: 0, 14: 0, 15: 0, 16: 0, 17: 0, 18: 0, 19: 0, 20: 0, 21: 0, 22: 0, 23: 0, 24: 0, 25: 0, 26: 1, 27: 0, 28: 0, 29: 0, 30: 0, 31: 0, 32: 0, 33: 0, 34: 0, 35: 0, 36: 0, 37: 0, 38: 0, 39: 0})
2024-11-26 17:43:27,844 INFO server.py 477:: FLIP-SIGN ATTACK={0, 2, 11}
2024-11-26 17:43:27,844 INFO server.py 478:: UNTARGETED ATTACK=set()
2024-11-26 17:43:27,845 INFO server.py 479:: TARGETED ATTACK={24}
2024-11-26 17:43:27,845 INFO server.py 634:: OVERTIME MALICIOUS client ids ={0, 2, 11, 24}
2024-11-26 17:43:27,860 INFO server.py 680:: This round UNRELIABLE={25, 18, 26, 20}, normal_id={1, 3, 4, 5, 6, 7, 8, 9, 10, 12, 13, 14, 15, 16, 17, 19, 21, 22, 23, 27, 28, 29, 30, 31, 32, 33, 34, 35, 36, 37, 38, 39}
2024-11-26 17:43:27,862 DEBUG server.py 682:: anlge_sHoGs={1: 0.61193305, 3: nan, 4: nan, 5: nan, 6: 0.6490957, 7: 0.33655122, 8: nan, 9: 0.59751, 10: nan, 12: 0.5731622, 13: 0.60209924, 14: 0.36623093, 15: 0.41697866, 16: 0.49653938, 17: 0.23575112, 18: 0.04182351, 19: nan, 20: 0.047885474, 21: 0.22434981, 22: 0.34543756, 23: 0.4904245, 25: 0.03892777, 26: 0.039809003, 27: 0.5131677, 28: 0.48774162, 29: 0.371254, 30: 0.55542815, 31: nan, 32: 0.37669283, 33: nan, 34: 0.3936416, 35: 0.35996696, 36: 0.6615852, 37: nan, 38: 0.44378233, 39: nan}, angle_sep_nsH=0.13611764088273048
2024-11-26 17:43:27,862 INFO server.py 694:: UNRELIABLE clients ={7, 14, 15, 16, 17, 18, 20, 21, 22, 23, 24, 25, 28, 29, 32, 34, 35, 38}
2024-11-26 17:43:28,131 INFO server.py 955:: clients' sizes=[2, 0, 0, 0, 2, 2, 0, 1, 0, 2, 2, 2, 2, 1, 1, 2, 0, 1, 1, 1, 1, 0, 1, 1, 1, 2, 0, 2, 0, 1, 2, 1, 0, 2, 0], total=36
2024-11-26 17:43:28,151 INFO server.py 302:: [Server] The aggregation takes 0.496502 seconds.

2024-11-26 17:43:28,156 INFO server.py 186:: [Server] Start testing
2024-11-26 17:43:28,175 INFO server.py 210:: [Server] Test set: Average loss: 1.1888, Accuracy: 102/200 (51.0%)

2024-11-26 17:43:28,176 INFO server.py 213:: [Sever] Confusion matrix:
 tensor([[46.,  4.,  0.,  0.],
        [32., 13.,  2.,  3.],
        [25.,  6.,  7., 12.],
        [ 7.,  2.,  5., 36.]])
2024-11-26 17:43:28,178 INFO server.py 229:: [Server] Precision=[0.4181818 0.52      0.5       0.7058824],
 Recall=[0.92 0.26 0.14 0.72],
 F1-score=[0.575      0.34666666 0.21875    0.7128714 ],
 my_accuracy=50.999999046325684[%]
2024-11-26 17:43:28,178 INFO _main.py 208:: ########EPOCH 15 ########
2024-11-26 17:43:28,179 INFO _main.py 209:: ###Model distribution###
2024-11-26 17:43:28,851 INFO server.py 540:: flip_sign_id={0, 2, 11}
2024-11-26 17:43:28,852 INFO server.py 555:: ===========using shortHoGs for detecting UNTARGETED ATTACK====
2024-11-26 17:43:28,900 INFO server.py 581:: labels cluster_sh= [0 0 0 0 0 0 0 0 0 0 0 0 0 0 0 0 0 0 0 0 0 0 0 0 0 0 0 0 0 0 0 0 0 0 0 0 0]
2024-11-26 17:43:28,913 DEBUG server.py 586:: offset_normal_ids=[ 0  1  2  3  4  5  6  7  8  9 10 11 12 13 14 15 16 17 18 19 20 21 22 23
 24 25 26 27 28 29 30 31 32 33 34 35 36], normal_ids=[ 1  3  4  5  6  7  8  9 10 12 13 14 15 16 17 18 19 20 21 22 23 24 25 26
 27 28 29 30 31 32 33 34 35 36 37 38 39]
2024-11-26 17:43:28,914 INFO server.py 591:: SUSPECTED UNTARGETED []
2024-11-26 17:43:28,914 DEBUG server.py 595:: suspicious_ids=[]
2024-11-26 17:43:28,915 DEBUG server.py 604:: d_normal_sus={}, d_separate=0
2024-11-26 17:43:28,915 INFO server.py 611:: This round UNTARGETED=set(), sus_tAtk_uRel_id0=set()
2024-11-26 17:43:28,915 INFO server.py 629:: =======Using LONG HOGs for detecting TARGETED ATTACK========
2024-11-26 17:43:28,940 INFO server.py 118:: This round TARGETED ATTACK: [24]
2024-11-26 17:43:28,941 DEBUG server.py 475:: mal_ids={0, 2, 11, 24}, pre_mal_id=defaultdict(<class 'int'>, {0: 13, 1: 0, 2: 13, 3: 0, 4: 0, 5: 0, 6: 0, 7: 0, 8: 0, 9: 0, 10: 0, 11: 13, 12: 0, 13: 0, 14: 0, 15: 0, 16: 0, 17: 0, 18: 0, 19: 0, 20: 0, 21: 0, 22: 0, 23: 0, 24: 1, 25: 0, 26: 0, 27: 0, 28: 0, 29: 0, 30: 0, 31: 0, 32: 0, 33: 0, 34: 0, 35: 0, 36: 0, 37: 0, 38: 0, 39: 0})
2024-11-26 17:43:28,941 INFO server.py 477:: FLIP-SIGN ATTACK={0, 2, 11}
2024-11-26 17:43:28,941 INFO server.py 478:: UNTARGETED ATTACK=set()
2024-11-26 17:43:28,942 INFO server.py 479:: TARGETED ATTACK={24}
2024-11-26 17:43:28,942 INFO server.py 634:: OVERTIME MALICIOUS client ids ={0, 2, 11, 24}
2024-11-26 17:43:28,972 INFO server.py 680:: This round UNRELIABLE={25, 18, 26, 20}, normal_id={1, 3, 4, 5, 6, 7, 8, 9, 10, 12, 13, 14, 15, 16, 17, 19, 21, 22, 23, 27, 28, 29, 30, 31, 32, 33, 34, 35, 36, 37, 38, 39}
2024-11-26 17:43:28,974 DEBUG server.py 682:: anlge_sHoGs={1: 0.61193305, 3: nan, 4: nan, 5: nan, 6: 0.6490957, 7: 0.33655122, 8: nan, 9: 0.59751, 10: nan, 12: 0.5731622, 13: 0.60209924, 14: 0.36623093, 15: 0.41697866, 16: 0.49653938, 17: 0.23575112, 18: 0.04182351, 19: nan, 20: 0.047885474, 21: 0.22434981, 22: 0.34543756, 23: 0.4904245, 25: 0.03892777, 26: 0.039809003, 27: 0.5131677, 28: 0.48774162, 29: 0.371254, 30: 0.55542815, 31: nan, 32: 0.37669283, 33: nan, 34: 0.3936416, 35: 0.35996696, 36: 0.6615852, 37: nan, 38: 0.44378233, 39: nan}, angle_sep_nsH=0.13611764088273048
2024-11-26 17:43:28,975 INFO server.py 694:: UNRELIABLE clients ={7, 14, 15, 16, 17, 18, 20, 21, 22, 23, 24, 25, 28, 29, 32, 34, 35, 38}
2024-11-26 17:43:29,260 INFO server.py 955:: clients' sizes=[2, 0, 0, 0, 2, 2, 0, 1, 0, 2, 2, 2, 2, 1, 1, 2, 0, 1, 1, 1, 1, 0, 1, 1, 1, 1, 2, 0, 2, 0, 1, 2, 1, 0, 2, 0], total=37
2024-11-26 17:43:29,274 INFO server.py 302:: [Server] The aggregation takes 0.531227 seconds.

2024-11-26 17:43:29,276 INFO server.py 186:: [Server] Start testing
2024-11-26 17:43:29,293 INFO server.py 210:: [Server] Test set: Average loss: 1.1725, Accuracy: 103/200 (51.5%)

2024-11-26 17:43:29,295 INFO server.py 213:: [Sever] Confusion matrix:
 tensor([[46.,  4.,  0.,  0.],
        [31., 14.,  2.,  3.],
        [25.,  6.,  7., 12.],
        [ 8.,  1.,  5., 36.]])
2024-11-26 17:43:29,296 INFO server.py 229:: [Server] Precision=[0.4181818 0.56      0.5       0.7058824],
 Recall=[0.92 0.28 0.14 0.72],
 F1-score=[0.575      0.37333333 0.21875    0.7128714 ],
 my_accuracy=51.499998569488525[%]
2024-11-26 17:43:29,297 INFO _main.py 208:: ########EPOCH 16 ########
2024-11-26 17:43:29,298 INFO _main.py 209:: ###Model distribution###
2024-11-26 17:43:29,961 INFO server.py 540:: flip_sign_id={0, 2, 11}
2024-11-26 17:43:29,964 INFO server.py 555:: ===========using shortHoGs for detecting UNTARGETED ATTACK====
2024-11-26 17:43:30,012 INFO server.py 581:: labels cluster_sh= [0 0 0 0 0 0 0 0 0 0 0 0 0 0 0 0 0 0 0 0 0 0 0 0 0 0 0 0 0 0 0 0 0 0 0 0 0]
2024-11-26 17:43:30,026 DEBUG server.py 586:: offset_normal_ids=[ 0  1  2  3  4  5  6  7  8  9 10 11 12 13 14 15 16 17 18 19 20 21 22 23
 24 25 26 27 28 29 30 31 32 33 34 35 36], normal_ids=[ 1  3  4  5  6  7  8  9 10 12 13 14 15 16 17 18 19 20 21 22 23 24 25 26
 27 28 29 30 31 32 33 34 35 36 37 38 39]
2024-11-26 17:43:30,026 INFO server.py 591:: SUSPECTED UNTARGETED []
2024-11-26 17:43:30,027 DEBUG server.py 595:: suspicious_ids=[]
2024-11-26 17:43:30,027 DEBUG server.py 604:: d_normal_sus={}, d_separate=0
2024-11-26 17:43:30,027 INFO server.py 611:: This round UNTARGETED=set(), sus_tAtk_uRel_id0=set()
2024-11-26 17:43:30,027 INFO server.py 629:: =======Using LONG HOGs for detecting TARGETED ATTACK========
2024-11-26 17:43:30,048 INFO server.py 118:: This round TARGETED ATTACK: [24]
2024-11-26 17:43:30,049 DEBUG server.py 475:: mal_ids={0, 2, 11, 24}, pre_mal_id=defaultdict(<class 'int'>, {0: 14, 1: 0, 2: 14, 3: 0, 4: 0, 5: 0, 6: 0, 7: 0, 8: 0, 9: 0, 10: 0, 11: 14, 12: 0, 13: 0, 14: 0, 15: 0, 16: 0, 17: 0, 18: 0, 19: 0, 20: 0, 21: 0, 22: 0, 23: 0, 24: 2, 25: 0, 26: 0, 27: 0, 28: 0, 29: 0, 30: 0, 31: 0, 32: 0, 33: 0, 34: 0, 35: 0, 36: 0, 37: 0, 38: 0, 39: 0})
2024-11-26 17:43:30,049 INFO server.py 477:: FLIP-SIGN ATTACK={0, 2, 11}
2024-11-26 17:43:30,049 INFO server.py 478:: UNTARGETED ATTACK=set()
2024-11-26 17:43:30,049 INFO server.py 479:: TARGETED ATTACK={24}
2024-11-26 17:43:30,049 INFO server.py 634:: OVERTIME MALICIOUS client ids ={0, 2, 11, 24}
2024-11-26 17:43:30,063 INFO server.py 680:: This round UNRELIABLE={25, 18, 26, 20}, normal_id={1, 3, 4, 5, 6, 7, 8, 9, 10, 12, 13, 14, 15, 16, 17, 19, 21, 22, 23, 27, 28, 29, 30, 31, 32, 33, 34, 35, 36, 37, 38, 39}
2024-11-26 17:43:30,063 DEBUG server.py 682:: anlge_sHoGs={1: 0.61193305, 3: nan, 4: nan, 5: nan, 6: 0.6490957, 7: 0.33655122, 8: nan, 9: 0.59751, 10: nan, 12: 0.5731622, 13: 0.60209924, 14: 0.36623093, 15: 0.41697866, 16: 0.49653938, 17: 0.23575112, 18: 0.04182351, 19: nan, 20: 0.047885474, 21: 0.22434981, 22: 0.34543756, 23: 0.4904245, 25: 0.03892777, 26: 0.039809003, 27: 0.5131677, 28: 0.48774162, 29: 0.371254, 30: 0.55542815, 31: nan, 32: 0.37669283, 33: nan, 34: 0.3936416, 35: 0.35996696, 36: 0.6615852, 37: nan, 38: 0.44378233, 39: nan}, angle_sep_nsH=0.13611764088273048
2024-11-26 17:43:30,063 INFO server.py 694:: UNRELIABLE clients ={7, 14, 15, 16, 17, 18, 20, 21, 22, 23, 24, 25, 26, 28, 29, 32, 34, 35, 38}
2024-11-26 17:43:30,353 INFO server.py 955:: clients' sizes=[2, 0, 0, 0, 2, 2, 0, 1, 0, 2, 2, 2, 2, 1, 1, 2, 0, 1, 1, 1, 1, 0, 1, 1, 1, 1, 2, 0, 2, 0, 1, 2, 1, 0, 2, 0], total=37
2024-11-26 17:43:30,377 INFO server.py 302:: [Server] The aggregation takes 0.527735 seconds.

2024-11-26 17:43:30,379 INFO server.py 186:: [Server] Start testing
2024-11-26 17:43:30,397 INFO server.py 210:: [Server] Test set: Average loss: 1.1527, Accuracy: 104/200 (52.0%)

2024-11-26 17:43:30,398 INFO server.py 213:: [Sever] Confusion matrix:
 tensor([[46.,  4.,  0.,  0.],
        [30., 15.,  2.,  3.],
        [24.,  7.,  7., 12.],
        [ 7.,  2.,  5., 36.]])
2024-11-26 17:43:30,400 INFO server.py 229:: [Server] Precision=[0.42990655 0.53571427 0.5        0.7058824 ],
 Recall=[0.92 0.3  0.14 0.72],
 F1-score=[0.58598727 0.3846154  0.21875    0.7128714 ],
 my_accuracy=51.99999809265137[%]
2024-11-26 17:43:30,400 INFO _main.py 208:: ########EPOCH 17 ########
2024-11-26 17:43:30,401 INFO _main.py 209:: ###Model distribution###
2024-11-26 17:43:31,097 INFO server.py 540:: flip_sign_id={0, 2, 11}
2024-11-26 17:43:31,097 INFO server.py 555:: ===========using shortHoGs for detecting UNTARGETED ATTACK====
2024-11-26 17:43:31,262 INFO server.py 581:: labels cluster_sh= [0 0 0 0 0 0 0 0 0 0 0 0 0 0 0 0 0 0 0 0 0 0 0 0 0 0 0 0 0 0 0 0 0 0 0 0 0]
2024-11-26 17:43:31,291 DEBUG server.py 586:: offset_normal_ids=[ 0  1  2  3  4  5  6  7  8  9 10 11 12 13 14 15 16 17 18 19 20 21 22 23
 24 25 26 27 28 29 30 31 32 33 34 35 36], normal_ids=[ 1  3  4  5  6  7  8  9 10 12 13 14 15 16 17 18 19 20 21 22 23 24 25 26
 27 28 29 30 31 32 33 34 35 36 37 38 39]
2024-11-26 17:43:31,298 INFO server.py 591:: SUSPECTED UNTARGETED []
2024-11-26 17:43:31,299 DEBUG server.py 595:: suspicious_ids=[]
2024-11-26 17:43:31,299 DEBUG server.py 604:: d_normal_sus={}, d_separate=0
2024-11-26 17:43:31,300 INFO server.py 611:: This round UNTARGETED=set(), sus_tAtk_uRel_id0=set()
2024-11-26 17:43:31,300 INFO server.py 629:: =======Using LONG HOGs for detecting TARGETED ATTACK========
2024-11-26 17:43:31,328 INFO server.py 118:: This round TARGETED ATTACK: [24]
2024-11-26 17:43:31,328 DEBUG server.py 475:: mal_ids={0, 2, 11, 24}, pre_mal_id=defaultdict(<class 'int'>, {0: 15, 1: 0, 2: 15, 3: 0, 4: 0, 5: 0, 6: 0, 7: 0, 8: 0, 9: 0, 10: 0, 11: 15, 12: 0, 13: 0, 14: 0, 15: 0, 16: 0, 17: 0, 18: 0, 19: 0, 20: 0, 21: 0, 22: 0, 23: 0, 24: 3, 25: 0, 26: 0, 27: 0, 28: 0, 29: 0, 30: 0, 31: 0, 32: 0, 33: 0, 34: 0, 35: 0, 36: 0, 37: 0, 38: 0, 39: 0})
2024-11-26 17:43:31,329 INFO server.py 477:: FLIP-SIGN ATTACK={0, 2, 11}
2024-11-26 17:43:31,329 INFO server.py 478:: UNTARGETED ATTACK=set()
2024-11-26 17:43:31,329 INFO server.py 479:: TARGETED ATTACK={24}
2024-11-26 17:43:31,334 INFO server.py 634:: OVERTIME MALICIOUS client ids ={0, 2, 11, 24}
2024-11-26 17:43:31,370 INFO server.py 680:: This round UNRELIABLE={25, 18, 26, 20}, normal_id={1, 3, 4, 5, 6, 7, 8, 9, 10, 12, 13, 14, 15, 16, 17, 19, 21, 22, 23, 27, 28, 29, 30, 31, 32, 33, 34, 35, 36, 37, 38, 39}
2024-11-26 17:43:31,377 DEBUG server.py 682:: anlge_sHoGs={1: 0.61193305, 3: nan, 4: nan, 5: nan, 6: 0.6490957, 7: 0.33655122, 8: nan, 9: 0.59751, 10: nan, 12: 0.5731622, 13: 0.60209924, 14: 0.36623093, 15: 0.41697866, 16: 0.49653938, 17: 0.23575112, 18: 0.04182351, 19: nan, 20: 0.047885474, 21: 0.22434981, 22: 0.34543756, 23: 0.4904245, 25: 0.03892777, 26: 0.039809003, 27: 0.5131677, 28: 0.48774162, 29: 0.371254, 30: 0.55542815, 31: nan, 32: 0.37669283, 33: nan, 34: 0.3936416, 35: 0.35996696, 36: 0.6615852, 37: nan, 38: 0.44378233, 39: nan}, angle_sep_nsH=0.13611764088273048
2024-11-26 17:43:31,378 INFO server.py 694:: UNRELIABLE clients ={18, 20, 24, 25, 26}
2024-11-26 17:43:31,688 INFO server.py 955:: clients' sizes=[2, 0, 0, 0, 2, 2, 0, 1, 0, 2, 2, 2, 2, 1, 1, 2, 0, 1, 1, 1, 1, 0, 1, 1, 1, 1, 2, 0, 2, 0, 1, 2, 1, 0, 2, 0], total=37
2024-11-26 17:43:31,710 INFO server.py 302:: [Server] The aggregation takes 0.732163 seconds.

2024-11-26 17:43:31,711 INFO server.py 186:: [Server] Start testing
2024-11-26 17:43:31,731 INFO server.py 210:: [Server] Test set: Average loss: 1.1300, Accuracy: 105/200 (52.5%)

2024-11-26 17:43:31,733 INFO server.py 213:: [Sever] Confusion matrix:
 tensor([[46.,  4.,  0.,  0.],
        [30., 15.,  2.,  3.],
        [21.,  9.,  8., 12.],
        [ 7.,  2.,  5., 36.]])
2024-11-26 17:43:31,735 INFO server.py 229:: [Server] Precision=[0.44230768 0.5        0.53333336 0.7058824 ],
 Recall=[0.92 0.3  0.16 0.72],
 F1-score=[0.59740263 0.375      0.24615383 0.7128714 ],
 my_accuracy=52.49999761581421[%]
2024-11-26 17:43:31,735 INFO _main.py 208:: ########EPOCH 18 ########
2024-11-26 17:43:31,736 INFO _main.py 209:: ###Model distribution###
2024-11-26 17:43:32,486 INFO server.py 540:: flip_sign_id={0, 2, 11}
2024-11-26 17:43:32,486 INFO server.py 555:: ===========using shortHoGs for detecting UNTARGETED ATTACK====
2024-11-26 17:43:32,534 INFO server.py 581:: labels cluster_sh= [0 0 0 0 0 0 0 0 0 0 0 0 0 0 0 0 0 0 0 0 0 0 0 0 0 0 0 0 0 0 0 0 0 0 0 0 0]
2024-11-26 17:43:32,547 DEBUG server.py 586:: offset_normal_ids=[ 0  1  2  3  4  5  6  7  8  9 10 11 12 13 14 15 16 17 18 19 20 21 22 23
 24 25 26 27 28 29 30 31 32 33 34 35 36], normal_ids=[ 1  3  4  5  6  7  8  9 10 12 13 14 15 16 17 18 19 20 21 22 23 24 25 26
 27 28 29 30 31 32 33 34 35 36 37 38 39]
2024-11-26 17:43:32,548 INFO server.py 591:: SUSPECTED UNTARGETED []
2024-11-26 17:43:32,548 DEBUG server.py 595:: suspicious_ids=[]
2024-11-26 17:43:32,548 DEBUG server.py 604:: d_normal_sus={}, d_separate=0
2024-11-26 17:43:32,548 INFO server.py 611:: This round UNTARGETED=set(), sus_tAtk_uRel_id0=set()
2024-11-26 17:43:32,549 INFO server.py 629:: =======Using LONG HOGs for detecting TARGETED ATTACK========
2024-11-26 17:43:32,562 INFO server.py 118:: This round TARGETED ATTACK: [24]
2024-11-26 17:43:32,563 DEBUG server.py 475:: mal_ids={0, 2, 11, 24}, pre_mal_id=defaultdict(<class 'int'>, {0: 16, 1: 0, 2: 16, 3: 0, 4: 0, 5: 0, 6: 0, 7: 0, 8: 0, 9: 0, 10: 0, 11: 16, 12: 0, 13: 0, 14: 0, 15: 0, 16: 0, 17: 0, 18: 0, 19: 0, 20: 0, 21: 0, 22: 0, 23: 0, 24: 4, 25: 0, 26: 0, 27: 0, 28: 0, 29: 0, 30: 0, 31: 0, 32: 0, 33: 0, 34: 0, 35: 0, 36: 0, 37: 0, 38: 0, 39: 0})
2024-11-26 17:43:32,563 INFO server.py 477:: FLIP-SIGN ATTACK={0, 2, 11}
2024-11-26 17:43:32,563 INFO server.py 478:: UNTARGETED ATTACK=set()
2024-11-26 17:43:32,563 INFO server.py 479:: TARGETED ATTACK={24}
2024-11-26 17:43:32,563 INFO server.py 634:: OVERTIME MALICIOUS client ids ={0, 2, 11, 24}
2024-11-26 17:43:32,576 INFO server.py 680:: This round UNRELIABLE={25, 18, 26, 20}, normal_id={1, 3, 4, 5, 6, 7, 8, 9, 10, 12, 13, 14, 15, 16, 17, 19, 21, 22, 23, 27, 28, 29, 30, 31, 32, 33, 34, 35, 36, 37, 38, 39}
2024-11-26 17:43:32,577 DEBUG server.py 682:: anlge_sHoGs={1: 0.61193305, 3: nan, 4: nan, 5: nan, 6: 0.6490957, 7: 0.33655122, 8: nan, 9: 0.59751, 10: nan, 12: 0.5731622, 13: 0.60209924, 14: 0.36623093, 15: 0.41697866, 16: 0.49653938, 17: 0.23575112, 18: 0.04182351, 19: nan, 20: 0.047885474, 21: 0.22434981, 22: 0.34543756, 23: 0.4904245, 25: 0.03892777, 26: 0.039809003, 27: 0.5131677, 28: 0.48774162, 29: 0.371254, 30: 0.55542815, 31: nan, 32: 0.37669283, 33: nan, 34: 0.3936416, 35: 0.35996696, 36: 0.6615852, 37: nan, 38: 0.44378233, 39: nan}, angle_sep_nsH=0.13611764088273048
2024-11-26 17:43:32,577 INFO server.py 694:: UNRELIABLE clients ={18, 20, 24, 25, 26}
2024-11-26 17:43:32,866 INFO server.py 955:: clients' sizes=[2, 0, 0, 0, 2, 2, 0, 1, 0, 2, 2, 2, 2, 1, 1, 2, 0, 1, 1, 1, 1, 0, 1, 1, 1, 1, 2, 0, 2, 0, 1, 2, 1, 0, 2, 0], total=37
2024-11-26 17:43:32,881 INFO server.py 302:: [Server] The aggregation takes 0.499252 seconds.

2024-11-26 17:43:32,882 INFO server.py 186:: [Server] Start testing
2024-11-26 17:43:32,900 INFO server.py 210:: [Server] Test set: Average loss: 1.1160, Accuracy: 106/200 (53.0%)

2024-11-26 17:43:32,902 INFO server.py 213:: [Sever] Confusion matrix:
 tensor([[47.,  2.,  1.,  0.],
        [30., 14.,  3.,  3.],
        [21.,  8.,  9., 12.],
        [ 7.,  2.,  5., 36.]])
2024-11-26 17:43:32,904 INFO server.py 229:: [Server] Precision=[0.44761905 0.53846157 0.5        0.7058824 ],
 Recall=[0.94 0.28 0.18 0.72],
 F1-score=[0.60645163 0.36842105 0.2647059  0.7128714 ],
 my_accuracy=52.99999713897705[%]
2024-11-26 17:43:32,904 INFO _main.py 208:: ########EPOCH 19 ########
2024-11-26 17:43:32,904 INFO _main.py 209:: ###Model distribution###
2024-11-26 17:43:33,390 INFO server.py 540:: flip_sign_id={0, 2, 11}
2024-11-26 17:43:33,391 INFO server.py 555:: ===========using shortHoGs for detecting UNTARGETED ATTACK====
2024-11-26 17:43:33,431 INFO server.py 581:: labels cluster_sh= [0 0 0 0 0 0 0 0 0 0 0 0 0 0 0 0 0 0 0 0 0 0 0 0 0 0 0 0 0 0 0 0 0 0 0 0 0]
2024-11-26 17:43:33,444 DEBUG server.py 586:: offset_normal_ids=[ 0  1  2  3  4  5  6  7  8  9 10 11 12 13 14 15 16 17 18 19 20 21 22 23
 24 25 26 27 28 29 30 31 32 33 34 35 36], normal_ids=[ 1  3  4  5  6  7  8  9 10 12 13 14 15 16 17 18 19 20 21 22 23 24 25 26
 27 28 29 30 31 32 33 34 35 36 37 38 39]
2024-11-26 17:43:33,445 INFO server.py 591:: SUSPECTED UNTARGETED []
2024-11-26 17:43:33,445 DEBUG server.py 595:: suspicious_ids=[]
2024-11-26 17:43:33,445 DEBUG server.py 604:: d_normal_sus={}, d_separate=0
2024-11-26 17:43:33,445 INFO server.py 611:: This round UNTARGETED=set(), sus_tAtk_uRel_id0=set()
2024-11-26 17:43:33,446 INFO server.py 629:: =======Using LONG HOGs for detecting TARGETED ATTACK========
2024-11-26 17:43:33,466 INFO server.py 118:: This round TARGETED ATTACK: [24]
2024-11-26 17:43:33,469 DEBUG server.py 475:: mal_ids={0, 2, 11, 24}, pre_mal_id=defaultdict(<class 'int'>, {0: 17, 1: 0, 2: 17, 3: 0, 4: 0, 5: 0, 6: 0, 7: 0, 8: 0, 9: 0, 10: 0, 11: 17, 12: 0, 13: 0, 14: 0, 15: 0, 16: 0, 17: 0, 18: 0, 19: 0, 20: 0, 21: 0, 22: 0, 23: 0, 24: 5, 25: 0, 26: 0, 27: 0, 28: 0, 29: 0, 30: 0, 31: 0, 32: 0, 33: 0, 34: 0, 35: 0, 36: 0, 37: 0, 38: 0, 39: 0})
2024-11-26 17:43:33,470 INFO server.py 477:: FLIP-SIGN ATTACK={0, 2, 11}
2024-11-26 17:43:33,470 INFO server.py 478:: UNTARGETED ATTACK=set()
2024-11-26 17:43:33,470 INFO server.py 479:: TARGETED ATTACK={24}
2024-11-26 17:43:33,471 INFO server.py 634:: OVERTIME MALICIOUS client ids ={0, 2, 11, 24}
2024-11-26 17:43:33,499 INFO server.py 680:: This round UNRELIABLE={25, 18, 26, 20}, normal_id={1, 3, 4, 5, 6, 7, 8, 9, 10, 12, 13, 14, 15, 16, 17, 19, 21, 22, 23, 27, 28, 29, 30, 31, 32, 33, 34, 35, 36, 37, 38, 39}
2024-11-26 17:43:33,501 DEBUG server.py 682:: anlge_sHoGs={1: 0.61193305, 3: nan, 4: nan, 5: nan, 6: 0.6490957, 7: 0.33655122, 8: nan, 9: 0.59751, 10: nan, 12: 0.5731622, 13: 0.60209924, 14: 0.36623093, 15: 0.41697866, 16: 0.49653938, 17: 0.23575112, 18: 0.04182351, 19: nan, 20: 0.047885474, 21: 0.22434981, 22: 0.34543756, 23: 0.4904245, 25: 0.03892777, 26: 0.039809003, 27: 0.5131677, 28: 0.48774162, 29: 0.371254, 30: 0.55542815, 31: nan, 32: 0.37669283, 33: nan, 34: 0.3936416, 35: 0.35996696, 36: 0.6615852, 37: nan, 38: 0.44378233, 39: nan}, angle_sep_nsH=0.13611764088273048
2024-11-26 17:43:33,501 INFO server.py 694:: UNRELIABLE clients ={18, 20, 25, 26}
2024-11-26 17:43:33,803 INFO server.py 955:: clients' sizes=[2, 0, 0, 0, 2, 2, 0, 1, 0, 2, 2, 2, 2, 1, 1, 2, 0, 1, 1, 1, 1, 0, 1, 1, 1, 1, 2, 0, 2, 0, 1, 2, 1, 0, 2, 0], total=37
2024-11-26 17:43:33,812 INFO server.py 302:: [Server] The aggregation takes 0.495462 seconds.

2024-11-26 17:43:33,812 INFO server.py 186:: [Server] Start testing
2024-11-26 17:43:33,825 INFO server.py 210:: [Server] Test set: Average loss: 1.0988, Accuracy: 107/200 (53.5%)

2024-11-26 17:43:33,826 INFO server.py 213:: [Sever] Confusion matrix:
 tensor([[47.,  1.,  2.,  0.],
        [31., 13.,  3.,  3.],
        [19.,  8., 11., 12.],
        [ 5.,  3.,  6., 36.]])
2024-11-26 17:43:33,827 INFO server.py 229:: [Server] Precision=[0.46078432 0.52       0.5        0.7058824 ],
 Recall=[0.94 0.26 0.22 0.72],
 F1-score=[0.6184211  0.34666666 0.30555555 0.7128714 ],
 my_accuracy=53.50000262260437[%]
