2024-12-01 21:20:12,283 INFO _main.py 39:: ################################################################
2024-12-01 21:20:12,285 INFO _main.py 41:: #                              batch_size: 64                  #
2024-12-01 21:20:12,287 INFO _main.py 41:: #                         test_batch_size: 32                  #
2024-12-01 21:20:12,289 INFO _main.py 41:: #                                  epochs: 10                  #
2024-12-01 21:20:12,289 INFO _main.py 41:: #                               optimizer: SGD                 #
2024-12-01 21:20:12,289 INFO _main.py 41:: #                                      lr: 0.01                #
2024-12-01 21:20:12,289 INFO _main.py 41:: #                                momentum: 0.9                 #
2024-12-01 21:20:12,290 INFO _main.py 41:: #                            weight_decay: 0.0001              #
2024-12-01 21:20:12,291 INFO _main.py 41:: #                                    seed: 1                   #
2024-12-01 21:20:12,291 INFO _main.py 41:: #                            log_interval: 11                  #
2024-12-01 21:20:12,292 INFO _main.py 41:: #                             num_clients: 40                  #
2024-12-01 21:20:12,292 INFO _main.py 41:: #                           output_folder: experiments         #
2024-12-01 21:20:12,293 INFO _main.py 41:: #                                 dataset: rockburst           #
2024-12-01 21:20:12,293 INFO _main.py 41:: #                             loader_type: dirichlet           #
2024-12-01 21:20:12,294 INFO _main.py 41:: #                             loader_path: ./data/loader.pk    #
2024-12-01 21:20:12,294 INFO _main.py 41:: #                                      AR: mudhog              #
2024-12-01 21:20:12,295 INFO _main.py 41:: #                     n_attacker_backdoor: 0                   #
2024-12-01 21:20:12,295 INFO _main.py 41:: #                        backdoor_trigger: [0, 0, 1, 1]        #
2024-12-01 21:20:12,295 INFO _main.py 41:: #                   n_attacker_omniscient: 0                   #
2024-12-01 21:20:12,295 INFO _main.py 41:: #                        omniscient_scale: 1                   #
2024-12-01 21:20:12,295 INFO _main.py 41:: #                                 attacks: None                #
2024-12-01 21:20:12,296 INFO _main.py 41:: #                      save_model_weights: False               #
2024-12-01 21:20:12,296 INFO _main.py 41:: #                         experiment_name: sExp4Ba_40ep_rockburst_mudhog_40C_5#
2024-12-01 21:20:12,296 INFO _main.py 41:: #                          path_to_aggNet: None                #
2024-12-01 21:20:12,296 INFO _main.py 41:: #                                  device: cpu                 #
2024-12-01 21:20:12,297 INFO _main.py 41:: #                            inner_epochs: 4                   #
2024-12-01 21:20:12,297 INFO _main.py 41:: #                                 verbose: True                #
2024-12-01 21:20:12,297 INFO _main.py 41:: #                         list_unreliable: [2, 18, 20]         #
2024-12-01 21:20:12,297 INFO _main.py 41:: #                     unreliable_fraction: 0.5                 #
2024-12-01 21:20:12,297 INFO _main.py 41:: #                    unreliable_fracTrain: 0.3                 #
2024-12-01 21:20:12,297 INFO _main.py 41:: #                         mean_unreliable: 0.0                 #
2024-12-01 21:20:12,298 INFO _main.py 41:: #                             blur_method: add_noise           #
2024-12-01 21:20:12,298 INFO _main.py 41:: #                      max_std_unreliable: 30.0                #
2024-12-01 21:20:12,298 INFO _main.py 41:: #                     list_uatk_add_noise: [24, 25, 26]        #
2024-12-01 21:20:12,298 INFO _main.py 41:: #                          mean_add_noise: 0.0                 #
2024-12-01 21:20:12,298 INFO _main.py 41:: #                           std_add_noise: 0.01                #
2024-12-01 21:20:12,299 INFO _main.py 41:: #                     list_uatk_flip_sign: [0, 10, 11]         #
2024-12-01 21:20:12,299 INFO _main.py 42:: ################################################################
2024-12-01 21:20:12,299 INFO _main.py 43:: Namespace(batch_size=64, test_batch_size=32, epochs=10, optimizer='SGD', lr=0.01, momentum=0.9, weight_decay=0.0001, seed=1, log_interval=11, num_clients=40, output_folder='experiments', dataset='rockburst', loader_type='dirichlet', loader_path='./data/loader.pk', AR='mudhog', n_attacker_backdoor=0, backdoor_trigger=[0, 0, 1, 1], n_attacker_omniscient=0, omniscient_scale=1, attacks=None, save_model_weights=False, experiment_name='sExp4Ba_40ep_rockburst_mudhog_40C_5', path_to_aggNet=None, device='cpu', inner_epochs=4, verbose=True, list_unreliable=[2, 18, 20], unreliable_fraction=0.5, unreliable_fracTrain=0.3, mean_unreliable=0.0, blur_method='add_noise', max_std_unreliable=30.0, list_uatk_add_noise=[24, 25, 26], mean_add_noise=0.0, std_add_noise=0.01, list_uatk_flip_sign=[0, 10, 11])
2024-12-01 21:20:12,299 INFO _main.py 44:: #####################
2024-12-01 21:20:12,299 INFO _main.py 45:: #####################
2024-12-01 21:20:12,300 INFO _main.py 46:: #####################
2024-12-01 21:20:12,300 INFO _main.py 47:: Aggregation Rule:	mudhog
2024-12-01 21:20:12,300 INFO _main.py 48:: Data distribution:	dirichlet
2024-12-01 21:20:12,300 INFO _main.py 49:: Attacks:	None 
2024-12-01 21:20:12,300 INFO _main.py 50:: #####################
2024-12-01 21:20:12,301 INFO _main.py 51:: #####################
2024-12-01 21:20:12,301 INFO _main.py 52:: #####################
2024-12-01 21:20:13,839 INFO server.py 366:: SET DBSCAN eps=1.3, min_samples=10
2024-12-01 21:20:13,842 INFO _main.py 135:: [1-normal, 0-malicious] label =tensor([0., 1., 1., 1., 1., 1., 1., 1., 1., 1., 0., 0., 1., 1., 1., 1., 1., 1.,
        1., 1., 1., 1., 1., 1., 0., 0., 0., 1., 1., 1., 1., 1., 1., 1., 1., 1.,
        1., 1., 1., 1.])
2024-12-01 21:20:13,848 INFO malicious_clients.py 123:: init ATTACK OMNISCIENT Client 0
2024-12-01 21:20:13,853 INFO malicious_clients.py 18:: init UNRELIABLE Client 2
2024-12-01 21:20:13,884 INFO malicious_clients.py 123:: init ATTACK OMNISCIENT Client 10
2024-12-01 21:20:13,888 INFO malicious_clients.py 123:: init ATTACK OMNISCIENT Client 11
2024-12-01 21:20:13,910 INFO malicious_clients.py 18:: init UNRELIABLE Client 18
2024-12-01 21:20:13,917 INFO malicious_clients.py 18:: init UNRELIABLE Client 20
2024-12-01 21:20:13,934 INFO malicious_clients.py 73:: init ATTACK ADD NOISE TO GRAD Client 24
2024-12-01 21:20:13,938 INFO malicious_clients.py 73:: init ATTACK ADD NOISE TO GRAD Client 25
2024-12-01 21:20:13,942 INFO malicious_clients.py 73:: init ATTACK ADD NOISE TO GRAD Client 26
2024-12-01 21:20:13,995 INFO server.py 211:: [Server] Start testing
2024-12-01 21:20:14,019 INFO server.py 235:: [Server] Test set: Average loss: 1.3864, Accuracy: 50/200 (25.0%)

2024-12-01 21:20:14,020 INFO server.py 238:: [Sever] Confusion matrix:
 tensor([[50.,  0.,  0.,  0.],
        [50.,  0.,  0.,  0.],
        [50.,  0.,  0.,  0.],
        [50.,  0.,  0.,  0.]])
2024-12-01 21:20:14,028 INFO server.py 254:: [Server] Precision=[0.25  nan  nan  nan],
 Recall=[1. 0. 0. 0.],
 F1-score=[0.4 nan nan nan],
 my_accuracy=25.0[%]
2024-12-01 21:20:14,029 INFO _main.py 209:: ########EPOCH 0 ########
2024-12-01 21:20:14,031 INFO _main.py 210:: ###Model distribution###
2024-12-01 21:20:18,019 INFO server.py 1064:: clients' sizes=[1, 2, 1, 0, 0, 0, 2, 2, 0, 1, 0, 1, 2, 2, 2, 2, 1, 1, 2, 0, 1, 1, 1, 1, 1, 0, 1, 1, 1, 1, 2, 0, 2, 0, 1, 2, 1, 0, 2, 0], total=41
2024-12-01 21:20:18,036 INFO server.py 327:: [Server] The aggregation takes 3.582661 seconds.

2024-12-01 21:20:18,038 INFO server.py 211:: [Server] Start testing
2024-12-01 21:20:18,057 INFO server.py 235:: [Server] Test set: Average loss: 1.3840, Accuracy: 50/200 (25.0%)

2024-12-01 21:20:18,059 INFO server.py 238:: [Sever] Confusion matrix:
 tensor([[50.,  0.,  0.,  0.],
        [50.,  0.,  0.,  0.],
        [50.,  0.,  0.,  0.],
        [50.,  0.,  0.,  0.]])
2024-12-01 21:20:18,061 INFO server.py 254:: [Server] Precision=[0.25  nan  nan  nan],
 Recall=[1. 0. 0. 0.],
 F1-score=[0.4 nan nan nan],
 my_accuracy=25.0[%]
2024-12-01 21:20:18,062 INFO _main.py 209:: ########EPOCH 1 ########
2024-12-01 21:20:18,062 INFO _main.py 210:: ###Model distribution###
2024-12-01 21:20:22,417 INFO server.py 1064:: clients' sizes=[1, 2, 1, 0, 0, 0, 2, 2, 0, 1, 0, 1, 2, 2, 2, 2, 1, 1, 2, 0, 1, 1, 1, 1, 1, 0, 1, 1, 1, 1, 2, 0, 2, 0, 1, 2, 1, 0, 2, 0], total=41
2024-12-01 21:20:22,434 INFO server.py 327:: [Server] The aggregation takes 3.912617 seconds.

2024-12-01 21:20:22,435 INFO server.py 211:: [Server] Start testing
2024-12-01 21:20:22,457 INFO server.py 235:: [Server] Test set: Average loss: 1.3793, Accuracy: 50/200 (25.0%)

2024-12-01 21:20:22,460 INFO server.py 238:: [Sever] Confusion matrix:
 tensor([[50.,  0.,  0.,  0.],
        [50.,  0.,  0.,  0.],
        [50.,  0.,  0.,  0.],
        [50.,  0.,  0.,  0.]])
2024-12-01 21:20:22,462 INFO server.py 254:: [Server] Precision=[0.25  nan  nan  nan],
 Recall=[1. 0. 0. 0.],
 F1-score=[0.4 nan nan nan],
 my_accuracy=25.0[%]
2024-12-01 21:20:22,462 INFO _main.py 209:: ########EPOCH 2 ########
2024-12-01 21:20:22,463 INFO _main.py 210:: ###Model distribution###
2024-12-01 21:20:26,738 INFO server.py 1064:: clients' sizes=[1, 2, 1, 0, 0, 0, 2, 2, 0, 1, 0, 1, 2, 2, 2, 2, 1, 1, 2, 0, 1, 1, 1, 1, 1, 0, 1, 1, 1, 1, 2, 0, 2, 0, 1, 2, 1, 0, 2, 0], total=41
2024-12-01 21:20:26,749 INFO server.py 327:: [Server] The aggregation takes 3.617421 seconds.

2024-12-01 21:20:26,750 INFO server.py 211:: [Server] Start testing
2024-12-01 21:20:26,767 INFO server.py 235:: [Server] Test set: Average loss: 1.3737, Accuracy: 50/200 (25.0%)

2024-12-01 21:20:26,768 INFO server.py 238:: [Sever] Confusion matrix:
 tensor([[50.,  0.,  0.,  0.],
        [50.,  0.,  0.,  0.],
        [50.,  0.,  0.,  0.],
        [50.,  0.,  0.,  0.]])
2024-12-01 21:20:26,769 INFO server.py 254:: [Server] Precision=[0.25  nan  nan  nan],
 Recall=[1. 0. 0. 0.],
 F1-score=[0.4 nan nan nan],
 my_accuracy=25.0[%]
2024-12-01 21:20:26,770 INFO _main.py 209:: ########EPOCH 3 ########
2024-12-01 21:20:26,770 INFO _main.py 210:: ###Model distribution###
2024-12-01 21:20:31,387 INFO server.py 568:: flip_sign_id={0, 11}
2024-12-01 21:20:31,387 INFO server.py 583:: ===========using shortHoGs for detecting UNTARGETED ATTACK====
2024-12-01 21:20:31,496 INFO server.py 609:: labels cluster_sh= [0 0 0 0 0 0 0 0 0 0 0 0 0 0 0 0 0 0 0 0 0 0 0 0 0 0 0 0 0 0 0 0 0 0 0 0 0
 0]
2024-12-01 21:20:31,511 DEBUG server.py 614:: offset_normal_ids=[ 0  1  2  3  4  5  6  7  8  9 10 11 12 13 14 15 16 17 18 19 20 21 22 23
 24 25 26 27 28 29 30 31 32 33 34 35 36 37], normal_ids=[ 1  2  3  4  5  6  7  8  9 10 12 13 14 15 16 17 18 19 20 21 22 23 24 25
 26 27 28 29 30 31 32 33 34 35 36 37 38 39]
2024-12-01 21:20:31,512 INFO server.py 619:: SUSPECTED UNTARGETED []
2024-12-01 21:20:31,512 DEBUG server.py 623:: suspicious_ids=[]
2024-12-01 21:20:31,512 DEBUG server.py 632:: d_normal_sus={}, d_separate=0
2024-12-01 21:20:31,513 INFO server.py 639:: This round UNTARGETED=set(), sus_tAtk_uRel_id0=set()
2024-12-01 21:20:31,513 INFO server.py 657:: =======Using LONG HOGs for detecting TARGETED ATTACK========
2024-12-01 21:20:31,535 INFO server.py 143:: This round TARGETED ATTACK: [26]
2024-12-01 21:20:31,539 DEBUG server.py 502:: mal_ids=set(), pre_mal_id=defaultdict(<class 'int'>, {0: 1, 1: 0, 2: 0, 3: 0, 4: 0, 5: 0, 6: 0, 7: 0, 8: 0, 9: 0, 10: 0, 11: 1, 12: 0, 13: 0, 14: 0, 15: 0, 16: 0, 17: 0, 18: 0, 19: 0, 20: 0, 21: 0, 22: 0, 23: 0, 24: 0, 25: 0, 26: 1, 27: 0, 28: 0, 29: 0, 30: 0, 31: 0, 32: 0, 33: 0, 34: 0, 35: 0, 36: 0, 37: 0, 38: 0, 39: 0})
2024-12-01 21:20:31,540 INFO server.py 504:: FLIP-SIGN ATTACK=set()
2024-12-01 21:20:31,540 INFO server.py 505:: UNTARGETED ATTACK=set()
2024-12-01 21:20:31,540 INFO server.py 506:: TARGETED ATTACK=set()
2024-12-01 21:20:31,540 INFO server.py 662:: OVERTIME MALICIOUS client ids =set()
2024-12-01 21:20:31,568 INFO server.py 708:: This round UNRELIABLE={2, 17, 18, 20, 21, 24, 25, 26}, normal_id={1, 3, 4, 5, 6, 7, 8, 9, 10, 12, 13, 14, 15, 16, 19, 22, 23, 27, 28, 29, 30, 31, 32, 33, 34, 35, 36, 37, 38, 39}
2024-12-01 21:20:31,570 DEBUG server.py 710:: anlge_sHoGs={1: 0.6139289, 2: 0.039932236, 3: nan, 4: nan, 5: nan, 6: 0.6752066, 7: 0.37819126, 8: nan, 9: 0.63159204, 10: nan, 12: 0.525533, 13: 0.57481, 14: 0.34534514, 15: 0.39755237, 16: 0.4756639, 17: 0.27642736, 18: 0.0032340013, 19: nan, 20: 0.072393075, 21: 0.21907191, 22: 0.33594024, 23: 0.4790488, 24: 0.054986548, 25: 0.04595871, 26: 0.056107003, 27: 0.5399527, 28: 0.45255336, 29: 0.359538, 30: 0.55024755, 31: nan, 32: 0.3616489, 33: nan, 34: 0.33995107, 35: 0.35312995, 36: 0.65417254, 37: nan, 38: 0.45792478, 39: nan}, angle_sep_nsH=0.32693056762218475
2024-12-01 21:20:31,570 INFO server.py 722:: UNRELIABLE clients =set()
2024-12-01 21:20:31,574 INFO server.py 1064:: clients' sizes=[1, 2, 1, 0, 0, 0, 2, 2, 0, 1, 0, 1, 2, 2, 2, 2, 1, 1, 2, 0, 1, 1, 1, 1, 1, 0, 1, 1, 1, 2, 0, 2, 0, 1, 2, 1, 0, 2, 0], total=40
2024-12-01 21:20:31,590 INFO server.py 327:: [Server] The aggregation takes 4.372655 seconds.

2024-12-01 21:20:31,591 INFO server.py 211:: [Server] Start testing
2024-12-01 21:20:31,611 INFO server.py 235:: [Server] Test set: Average loss: 1.3671, Accuracy: 53/200 (26.5%)

2024-12-01 21:20:31,612 INFO server.py 238:: [Sever] Confusion matrix:
 tensor([[50.,  0.,  0.,  0.],
        [50.,  0.,  0.,  0.],
        [50.,  0.,  0.,  0.],
        [47.,  0.,  0.,  3.]])
2024-12-01 21:20:31,614 INFO server.py 254:: [Server] Precision=[0.2538071       nan       nan 1.       ],
 Recall=[1.   0.   0.   0.06],
 F1-score=[0.4048583         nan        nan 0.11320755],
 my_accuracy=26.499998569488525[%]
2024-12-01 21:20:31,614 INFO _main.py 209:: ########EPOCH 4 ########
2024-12-01 21:20:31,614 INFO _main.py 210:: ###Model distribution###
2024-12-01 21:20:35,842 INFO server.py 568:: flip_sign_id={0, 11}
2024-12-01 21:20:35,842 INFO server.py 583:: ===========using shortHoGs for detecting UNTARGETED ATTACK====
2024-12-01 21:20:35,935 INFO server.py 609:: labels cluster_sh= [0 0 0 0 0 0 0 0 0 0 0 0 0 0 0 0 0 0 0 0 0 0 0 0 0 0 0 0 0 0 0 0 0 0 0 0 0
 0]
2024-12-01 21:20:35,958 DEBUG server.py 614:: offset_normal_ids=[ 0  1  2  3  4  5  6  7  8  9 10 11 12 13 14 15 16 17 18 19 20 21 22 23
 24 25 26 27 28 29 30 31 32 33 34 35 36 37], normal_ids=[ 1  2  3  4  5  6  7  8  9 10 12 13 14 15 16 17 18 19 20 21 22 23 24 25
 26 27 28 29 30 31 32 33 34 35 36 37 38 39]
2024-12-01 21:20:35,962 INFO server.py 619:: SUSPECTED UNTARGETED []
2024-12-01 21:20:35,963 DEBUG server.py 623:: suspicious_ids=[]
2024-12-01 21:20:35,963 DEBUG server.py 632:: d_normal_sus={}, d_separate=0
2024-12-01 21:20:35,963 INFO server.py 639:: This round UNTARGETED=set(), sus_tAtk_uRel_id0=set()
2024-12-01 21:20:35,963 INFO server.py 657:: =======Using LONG HOGs for detecting TARGETED ATTACK========
2024-12-01 21:20:35,992 INFO server.py 143:: This round TARGETED ATTACK: [26]
2024-12-01 21:20:35,993 DEBUG server.py 502:: mal_ids={0, 11}, pre_mal_id=defaultdict(<class 'int'>, {0: 2, 1: 0, 2: 0, 3: 0, 4: 0, 5: 0, 6: 0, 7: 0, 8: 0, 9: 0, 10: 0, 11: 2, 12: 0, 13: 0, 14: 0, 15: 0, 16: 0, 17: 0, 18: 0, 19: 0, 20: 0, 21: 0, 22: 0, 23: 0, 24: 0, 25: 0, 26: 2, 27: 0, 28: 0, 29: 0, 30: 0, 31: 0, 32: 0, 33: 0, 34: 0, 35: 0, 36: 0, 37: 0, 38: 0, 39: 0})
2024-12-01 21:20:35,993 INFO server.py 504:: FLIP-SIGN ATTACK={0, 11}
2024-12-01 21:20:35,993 INFO server.py 505:: UNTARGETED ATTACK=set()
2024-12-01 21:20:35,993 INFO server.py 506:: TARGETED ATTACK=set()
2024-12-01 21:20:35,993 INFO server.py 662:: OVERTIME MALICIOUS client ids ={0, 11}
2024-12-01 21:20:36,010 INFO server.py 708:: This round UNRELIABLE={2, 17, 18, 20, 21, 24, 25, 26}, normal_id={1, 3, 4, 5, 6, 7, 8, 9, 10, 12, 13, 14, 15, 16, 19, 22, 23, 27, 28, 29, 30, 31, 32, 33, 34, 35, 36, 37, 38, 39}
2024-12-01 21:20:36,011 DEBUG server.py 710:: anlge_sHoGs={1: 0.6139289, 2: 0.039932236, 3: nan, 4: nan, 5: nan, 6: 0.6752066, 7: 0.37819126, 8: nan, 9: 0.63159204, 10: nan, 12: 0.525533, 13: 0.57481, 14: 0.34534514, 15: 0.39755237, 16: 0.4756639, 17: 0.27642736, 18: 0.0032340013, 19: nan, 20: 0.072393075, 21: 0.21907191, 22: 0.33594024, 23: 0.4790488, 24: 0.054986548, 25: 0.04595871, 26: 0.056107003, 27: 0.5399527, 28: 0.45255336, 29: 0.359538, 30: 0.55024755, 31: nan, 32: 0.3616489, 33: nan, 34: 0.33995107, 35: 0.35312995, 36: 0.65417254, 37: nan, 38: 0.45792478, 39: nan}, angle_sep_nsH=0.32693056762218475
2024-12-01 21:20:36,018 INFO server.py 722:: UNRELIABLE clients =set()
2024-12-01 21:20:36,025 INFO server.py 1064:: clients' sizes=[2, 1, 0, 0, 0, 2, 2, 0, 1, 0, 2, 2, 2, 2, 1, 1, 2, 0, 1, 1, 1, 1, 1, 0, 1, 1, 1, 2, 0, 2, 0, 1, 2, 1, 0, 2, 0], total=38
2024-12-01 21:20:36,090 INFO server.py 327:: [Server] The aggregation takes 4.026362 seconds.

2024-12-01 21:20:36,093 INFO server.py 211:: [Server] Start testing
2024-12-01 21:20:36,124 INFO server.py 235:: [Server] Test set: Average loss: 1.3585, Accuracy: 64/200 (32.0%)

2024-12-01 21:20:36,125 INFO server.py 238:: [Sever] Confusion matrix:
 tensor([[50.,  0.,  0.,  0.],
        [50.,  0.,  0.,  0.],
        [50.,  0.,  0.,  0.],
        [36.,  0.,  0., 14.]])
2024-12-01 21:20:36,128 INFO server.py 254:: [Server] Precision=[0.26881722        nan        nan 1.        ],
 Recall=[1.   0.   0.   0.28],
 F1-score=[0.42372882        nan        nan 0.4375    ],
 my_accuracy=31.999999284744263[%]
2024-12-01 21:20:36,128 INFO _main.py 209:: ########EPOCH 5 ########
2024-12-01 21:20:36,129 INFO _main.py 210:: ###Model distribution###
2024-12-01 21:20:40,419 INFO server.py 568:: flip_sign_id={0, 11}
2024-12-01 21:20:40,419 INFO server.py 583:: ===========using shortHoGs for detecting UNTARGETED ATTACK====
2024-12-01 21:20:40,464 INFO server.py 609:: labels cluster_sh= [0 0 0 0 0 0 0 0 0 0 0 0 0 0 0 0 0 0 0 0 0 0 0 0 0 0 0 0 0 0 0 0 0 0 0 0 0
 0]
2024-12-01 21:20:40,479 DEBUG server.py 614:: offset_normal_ids=[ 0  1  2  3  4  5  6  7  8  9 10 11 12 13 14 15 16 17 18 19 20 21 22 23
 24 25 26 27 28 29 30 31 32 33 34 35 36 37], normal_ids=[ 1  2  3  4  5  6  7  8  9 10 12 13 14 15 16 17 18 19 20 21 22 23 24 25
 26 27 28 29 30 31 32 33 34 35 36 37 38 39]
2024-12-01 21:20:40,480 INFO server.py 619:: SUSPECTED UNTARGETED []
2024-12-01 21:20:40,480 DEBUG server.py 623:: suspicious_ids=[]
2024-12-01 21:20:40,481 DEBUG server.py 632:: d_normal_sus={}, d_separate=0
2024-12-01 21:20:40,481 INFO server.py 639:: This round UNTARGETED=set(), sus_tAtk_uRel_id0=set()
2024-12-01 21:20:40,481 INFO server.py 657:: =======Using LONG HOGs for detecting TARGETED ATTACK========
2024-12-01 21:20:40,503 INFO server.py 143:: This round TARGETED ATTACK: [26]
2024-12-01 21:20:40,508 DEBUG server.py 502:: mal_ids={0, 11}, pre_mal_id=defaultdict(<class 'int'>, {0: 3, 1: 0, 2: 0, 3: 0, 4: 0, 5: 0, 6: 0, 7: 0, 8: 0, 9: 0, 10: 0, 11: 3, 12: 0, 13: 0, 14: 0, 15: 0, 16: 0, 17: 0, 18: 0, 19: 0, 20: 0, 21: 0, 22: 0, 23: 0, 24: 0, 25: 0, 26: 3, 27: 0, 28: 0, 29: 0, 30: 0, 31: 0, 32: 0, 33: 0, 34: 0, 35: 0, 36: 0, 37: 0, 38: 0, 39: 0})
2024-12-01 21:20:40,508 INFO server.py 504:: FLIP-SIGN ATTACK={0, 11}
2024-12-01 21:20:40,508 INFO server.py 505:: UNTARGETED ATTACK=set()
2024-12-01 21:20:40,509 INFO server.py 506:: TARGETED ATTACK=set()
2024-12-01 21:20:40,509 INFO server.py 662:: OVERTIME MALICIOUS client ids ={0, 11}
2024-12-01 21:20:40,540 INFO server.py 708:: This round UNRELIABLE={2, 17, 18, 20, 21, 24, 25, 26}, normal_id={1, 3, 4, 5, 6, 7, 8, 9, 10, 12, 13, 14, 15, 16, 19, 22, 23, 27, 28, 29, 30, 31, 32, 33, 34, 35, 36, 37, 38, 39}
2024-12-01 21:20:40,544 DEBUG server.py 710:: anlge_sHoGs={1: 0.6139289, 2: 0.039932236, 3: nan, 4: nan, 5: nan, 6: 0.6752066, 7: 0.37819126, 8: nan, 9: 0.63159204, 10: nan, 12: 0.525533, 13: 0.57481, 14: 0.34534514, 15: 0.39755237, 16: 0.4756639, 17: 0.27642736, 18: 0.0032340013, 19: nan, 20: 0.072393075, 21: 0.21907191, 22: 0.33594024, 23: 0.4790488, 24: 0.054986548, 25: 0.04595871, 26: 0.056107003, 27: 0.5399527, 28: 0.45255336, 29: 0.359538, 30: 0.55024755, 31: nan, 32: 0.3616489, 33: nan, 34: 0.33995107, 35: 0.35312995, 36: 0.65417254, 37: nan, 38: 0.45792478, 39: nan}, angle_sep_nsH=0.32693056762218475
2024-12-01 21:20:40,544 INFO server.py 722:: UNRELIABLE clients ={2, 17, 18, 20, 21, 24, 25, 26}
2024-12-01 21:20:40,551 INFO server.py 1064:: clients' sizes=[2, 1, 0, 0, 0, 2, 2, 0, 1, 0, 2, 2, 2, 2, 1, 1, 2, 0, 1, 1, 1, 1, 1, 0, 1, 1, 1, 2, 0, 2, 0, 1, 2, 1, 0, 2, 0], total=38
2024-12-01 21:20:40,575 INFO server.py 327:: [Server] The aggregation takes 3.671625 seconds.

2024-12-01 21:20:40,576 INFO server.py 211:: [Server] Start testing
2024-12-01 21:20:40,596 INFO server.py 235:: [Server] Test set: Average loss: 1.3488, Accuracy: 69/200 (34.5%)

2024-12-01 21:20:40,597 INFO server.py 238:: [Sever] Confusion matrix:
 tensor([[50.,  0.,  0.,  0.],
        [50.,  0.,  0.,  0.],
        [50.,  0.,  0.,  0.],
        [31.,  0.,  0., 19.]])
2024-12-01 21:20:40,599 INFO server.py 254:: [Server] Precision=[0.2762431       nan       nan 1.       ],
 Recall=[1.   0.   0.   0.38],
 F1-score=[0.43290043        nan        nan 0.5507246 ],
 my_accuracy=34.49999988079071[%]
2024-12-01 21:20:40,600 INFO _main.py 209:: ########EPOCH 6 ########
2024-12-01 21:20:40,600 INFO _main.py 210:: ###Model distribution###
2024-12-01 21:20:44,930 INFO server.py 568:: flip_sign_id={0, 11}
2024-12-01 21:20:44,931 INFO server.py 583:: ===========using shortHoGs for detecting UNTARGETED ATTACK====
2024-12-01 21:20:44,977 INFO server.py 609:: labels cluster_sh= [0 0 0 0 0 0 0 0 0 0 0 0 0 0 0 0 0 0 0 0 0 0 0 0 0 0 0 0 0 0 0 0 0 0 0 0 0
 0]
2024-12-01 21:20:45,001 DEBUG server.py 614:: offset_normal_ids=[ 0  1  2  3  4  5  6  7  8  9 10 11 12 13 14 15 16 17 18 19 20 21 22 23
 24 25 26 27 28 29 30 31 32 33 34 35 36 37], normal_ids=[ 1  2  3  4  5  6  7  8  9 10 12 13 14 15 16 17 18 19 20 21 22 23 24 25
 26 27 28 29 30 31 32 33 34 35 36 37 38 39]
2024-12-01 21:20:45,002 INFO server.py 619:: SUSPECTED UNTARGETED []
2024-12-01 21:20:45,003 DEBUG server.py 623:: suspicious_ids=[]
2024-12-01 21:20:45,003 DEBUG server.py 632:: d_normal_sus={}, d_separate=0
2024-12-01 21:20:45,003 INFO server.py 639:: This round UNTARGETED=set(), sus_tAtk_uRel_id0=set()
2024-12-01 21:20:45,003 INFO server.py 657:: =======Using LONG HOGs for detecting TARGETED ATTACK========
2024-12-01 21:20:45,028 INFO server.py 143:: This round TARGETED ATTACK: [26]
2024-12-01 21:20:45,030 DEBUG server.py 502:: mal_ids={0, 26, 11}, pre_mal_id=defaultdict(<class 'int'>, {0: 4, 1: 0, 2: 0, 3: 0, 4: 0, 5: 0, 6: 0, 7: 0, 8: 0, 9: 0, 10: 0, 11: 4, 12: 0, 13: 0, 14: 0, 15: 0, 16: 0, 17: 0, 18: 0, 19: 0, 20: 0, 21: 0, 22: 0, 23: 0, 24: 0, 25: 0, 26: 4, 27: 0, 28: 0, 29: 0, 30: 0, 31: 0, 32: 0, 33: 0, 34: 0, 35: 0, 36: 0, 37: 0, 38: 0, 39: 0})
2024-12-01 21:20:45,030 INFO server.py 504:: FLIP-SIGN ATTACK={0, 11}
2024-12-01 21:20:45,030 INFO server.py 505:: UNTARGETED ATTACK=set()
2024-12-01 21:20:45,031 INFO server.py 506:: TARGETED ATTACK={26}
2024-12-01 21:20:45,031 INFO server.py 662:: OVERTIME MALICIOUS client ids ={0, 26, 11}
2024-12-01 21:20:45,057 INFO server.py 708:: This round UNRELIABLE={2, 17, 18, 20, 21, 24, 25}, normal_id={1, 3, 4, 5, 6, 7, 8, 9, 10, 12, 13, 14, 15, 16, 19, 22, 23, 27, 28, 29, 30, 31, 32, 33, 34, 35, 36, 37, 38, 39}
2024-12-01 21:20:45,059 DEBUG server.py 710:: anlge_sHoGs={1: 0.6104084, 2: 0.036319718, 3: nan, 4: nan, 5: nan, 6: 0.6755287, 7: 0.375471, 8: nan, 9: 0.63004285, 10: nan, 12: 0.525733, 13: 0.5736024, 14: 0.341832, 15: 0.3985884, 16: 0.47285825, 17: 0.27390152, 18: -0.0021209056, 19: nan, 20: 0.07232835, 21: 0.21338028, 22: 0.33696696, 23: 0.47968197, 24: 0.055528313, 25: 0.04513591, 27: 0.5396059, 28: 0.45314422, 29: 0.35996184, 30: 0.5491941, 31: nan, 32: 0.36106604, 33: nan, 34: 0.33700907, 35: 0.34896153, 36: 0.6536807, 37: nan, 38: 0.45906878, 39: nan}, angle_sep_nsH=0.3233640640974045
2024-12-01 21:20:45,060 INFO server.py 722:: UNRELIABLE clients ={2, 17, 18, 20, 21, 24, 25, 26}
2024-12-01 21:20:45,064 INFO server.py 1064:: clients' sizes=[2, 1, 0, 0, 0, 2, 2, 0, 1, 0, 2, 2, 2, 2, 1, 1, 2, 0, 1, 1, 1, 1, 1, 0, 1, 1, 1, 2, 0, 2, 0, 1, 2, 1, 0, 2, 0], total=38
2024-12-01 21:20:45,089 INFO server.py 327:: [Server] The aggregation takes 4.048269 seconds.

2024-12-01 21:20:45,090 INFO server.py 211:: [Server] Start testing
2024-12-01 21:20:45,117 INFO server.py 235:: [Server] Test set: Average loss: 1.3373, Accuracy: 77/200 (38.5%)

2024-12-01 21:20:45,118 INFO server.py 238:: [Sever] Confusion matrix:
 tensor([[50.,  0.,  0.,  0.],
        [50.,  0.,  0.,  0.],
        [48.,  0.,  0.,  2.],
        [23.,  0.,  0., 27.]])
2024-12-01 21:20:45,120 INFO server.py 254:: [Server] Precision=[0.29239765        nan        nan 0.9310345 ],
 Recall=[1.   0.   0.   0.54],
 F1-score=[0.4524887         nan        nan 0.68354434],
 my_accuracy=38.499999046325684[%]
2024-12-01 21:20:45,120 INFO _main.py 209:: ########EPOCH 7 ########
2024-12-01 21:20:45,121 INFO _main.py 210:: ###Model distribution###
2024-12-01 21:20:49,949 INFO server.py 568:: flip_sign_id={0, 18, 11}
2024-12-01 21:20:49,949 INFO server.py 583:: ===========using shortHoGs for detecting UNTARGETED ATTACK====
2024-12-01 21:20:49,995 INFO server.py 609:: labels cluster_sh= [0 0 0 0 0 0 0 0 0 0 0 0 0 0 0 0 0 0 0 0 0 0 0 0 0 0 0 0 0 0 0 0 0 0 0 0 0]
2024-12-01 21:20:50,008 DEBUG server.py 614:: offset_normal_ids=[ 0  1  2  3  4  5  6  7  8  9 10 11 12 13 14 15 16 17 18 19 20 21 22 23
 24 25 26 27 28 29 30 31 32 33 34 35 36], normal_ids=[ 1  2  3  4  5  6  7  8  9 10 12 13 14 15 16 17 19 20 21 22 23 24 25 26
 27 28 29 30 31 32 33 34 35 36 37 38 39]
2024-12-01 21:20:50,009 INFO server.py 619:: SUSPECTED UNTARGETED []
2024-12-01 21:20:50,009 DEBUG server.py 623:: suspicious_ids=[]
2024-12-01 21:20:50,010 DEBUG server.py 632:: d_normal_sus={}, d_separate=0
2024-12-01 21:20:50,010 INFO server.py 639:: This round UNTARGETED=set(), sus_tAtk_uRel_id0=set()
2024-12-01 21:20:50,010 INFO server.py 657:: =======Using LONG HOGs for detecting TARGETED ATTACK========
2024-12-01 21:20:50,038 INFO server.py 143:: This round TARGETED ATTACK: [26]
2024-12-01 21:20:50,040 DEBUG server.py 502:: mal_ids={0, 26, 11}, pre_mal_id=defaultdict(<class 'int'>, {0: 5, 1: 0, 2: 0, 3: 0, 4: 0, 5: 0, 6: 0, 7: 0, 8: 0, 9: 0, 10: 0, 11: 5, 12: 0, 13: 0, 14: 0, 15: 0, 16: 0, 17: 0, 18: 1, 19: 0, 20: 0, 21: 0, 22: 0, 23: 0, 24: 0, 25: 0, 26: 5, 27: 0, 28: 0, 29: 0, 30: 0, 31: 0, 32: 0, 33: 0, 34: 0, 35: 0, 36: 0, 37: 0, 38: 0, 39: 0})
2024-12-01 21:20:50,041 INFO server.py 504:: FLIP-SIGN ATTACK={0, 11}
2024-12-01 21:20:50,041 INFO server.py 505:: UNTARGETED ATTACK=set()
2024-12-01 21:20:50,043 INFO server.py 506:: TARGETED ATTACK={26}
2024-12-01 21:20:50,043 INFO server.py 662:: OVERTIME MALICIOUS client ids ={0, 26, 11}
2024-12-01 21:20:50,102 INFO server.py 708:: This round UNRELIABLE={2, 17, 20, 21, 24, 25}, normal_id={1, 3, 4, 5, 6, 7, 8, 9, 10, 12, 13, 14, 15, 16, 19, 22, 23, 27, 28, 29, 30, 31, 32, 33, 34, 35, 36, 37, 38, 39}
2024-12-01 21:20:50,103 DEBUG server.py 710:: anlge_sHoGs={1: 0.61640406, 2: 0.038205862, 3: nan, 4: nan, 5: nan, 6: 0.68057305, 7: 0.3798169, 8: nan, 9: 0.63688886, 10: nan, 12: 0.5285632, 13: 0.58083695, 14: 0.34650275, 15: 0.40739903, 16: 0.48510212, 17: 0.2708203, 19: nan, 20: 0.07333635, 21: 0.21461959, 22: 0.33381334, 23: 0.49182132, 24: 0.056295224, 25: 0.043655757, 27: 0.539837, 28: 0.4683277, 29: 0.363423, 30: 0.5589758, 31: nan, 32: 0.3693495, 33: nan, 34: 0.33579388, 35: 0.34718093, 36: 0.66339904, 37: nan, 38: 0.4676042, 39: nan}, angle_sep_nsH=0.3273049592971802
2024-12-01 21:20:50,104 INFO server.py 722:: UNRELIABLE clients ={2, 17, 18, 20, 21, 24, 25, 26}
2024-12-01 21:20:50,115 INFO server.py 1064:: clients' sizes=[2, 1, 0, 0, 0, 2, 2, 0, 1, 0, 2, 2, 2, 2, 1, 1, 2, 0, 1, 1, 1, 1, 1, 0, 1, 1, 1, 2, 0, 2, 0, 1, 2, 1, 0, 2, 0], total=38
2024-12-01 21:20:50,156 INFO server.py 327:: [Server] The aggregation takes 4.572777 seconds.

2024-12-01 21:20:50,158 INFO server.py 211:: [Server] Start testing
2024-12-01 21:20:50,182 INFO server.py 235:: [Server] Test set: Average loss: 1.3245, Accuracy: 80/200 (40.0%)

2024-12-01 21:20:50,183 INFO server.py 238:: [Sever] Confusion matrix:
 tensor([[50.,  0.,  0.,  0.],
        [47.,  0.,  0.,  3.],
        [45.,  0.,  0.,  5.],
        [20.,  0.,  0., 30.]])
2024-12-01 21:20:50,185 INFO server.py 254:: [Server] Precision=[0.30864197        nan        nan 0.7894737 ],
 Recall=[1.  0.  0.  0.6],
 F1-score=[0.47169814        nan        nan 0.68181825],
 my_accuracy=40.00000059604645[%]
2024-12-01 21:20:50,186 INFO _main.py 209:: ########EPOCH 8 ########
2024-12-01 21:20:50,186 INFO _main.py 210:: ###Model distribution###
2024-12-01 21:20:54,391 INFO server.py 568:: flip_sign_id={0, 18, 11}
2024-12-01 21:20:54,391 INFO server.py 583:: ===========using shortHoGs for detecting UNTARGETED ATTACK====
2024-12-01 21:20:54,442 INFO server.py 609:: labels cluster_sh= [0 0 0 0 0 0 0 0 0 0 0 0 0 0 0 0 0 0 0 0 0 0 0 0 0 0 0 0 0 0 0 0 0 0 0 0 0]
2024-12-01 21:20:54,455 DEBUG server.py 614:: offset_normal_ids=[ 0  1  2  3  4  5  6  7  8  9 10 11 12 13 14 15 16 17 18 19 20 21 22 23
 24 25 26 27 28 29 30 31 32 33 34 35 36], normal_ids=[ 1  2  3  4  5  6  7  8  9 10 12 13 14 15 16 17 19 20 21 22 23 24 25 26
 27 28 29 30 31 32 33 34 35 36 37 38 39]
2024-12-01 21:20:54,456 INFO server.py 619:: SUSPECTED UNTARGETED []
2024-12-01 21:20:54,456 DEBUG server.py 623:: suspicious_ids=[]
2024-12-01 21:20:54,456 DEBUG server.py 632:: d_normal_sus={}, d_separate=0
2024-12-01 21:20:54,456 INFO server.py 639:: This round UNTARGETED=set(), sus_tAtk_uRel_id0=set()
2024-12-01 21:20:54,457 INFO server.py 657:: =======Using LONG HOGs for detecting TARGETED ATTACK========
2024-12-01 21:20:54,470 INFO server.py 143:: This round TARGETED ATTACK: [26]
2024-12-01 21:20:54,471 DEBUG server.py 502:: mal_ids={0, 18, 26, 11}, pre_mal_id=defaultdict(<class 'int'>, {0: 6, 1: 0, 2: 0, 3: 0, 4: 0, 5: 0, 6: 0, 7: 0, 8: 0, 9: 0, 10: 0, 11: 6, 12: 0, 13: 0, 14: 0, 15: 0, 16: 0, 17: 0, 18: 2, 19: 0, 20: 0, 21: 0, 22: 0, 23: 0, 24: 0, 25: 0, 26: 6, 27: 0, 28: 0, 29: 0, 30: 0, 31: 0, 32: 0, 33: 0, 34: 0, 35: 0, 36: 0, 37: 0, 38: 0, 39: 0})
2024-12-01 21:20:54,471 INFO server.py 504:: FLIP-SIGN ATTACK={0, 18, 11}
2024-12-01 21:20:54,471 INFO server.py 505:: UNTARGETED ATTACK=set()
2024-12-01 21:20:54,472 INFO server.py 506:: TARGETED ATTACK={26}
2024-12-01 21:20:54,472 INFO server.py 662:: OVERTIME MALICIOUS client ids ={0, 18, 26, 11}
2024-12-01 21:20:54,485 INFO server.py 708:: This round UNRELIABLE={2, 17, 20, 21, 24, 25}, normal_id={1, 3, 4, 5, 6, 7, 8, 9, 10, 12, 13, 14, 15, 16, 19, 22, 23, 27, 28, 29, 30, 31, 32, 33, 34, 35, 36, 37, 38, 39}
2024-12-01 21:20:54,485 DEBUG server.py 710:: anlge_sHoGs={1: 0.61640406, 2: 0.038205862, 3: nan, 4: nan, 5: nan, 6: 0.68057305, 7: 0.3798169, 8: nan, 9: 0.63688886, 10: nan, 12: 0.5285632, 13: 0.58083695, 14: 0.34650275, 15: 0.40739903, 16: 0.48510212, 17: 0.2708203, 19: nan, 20: 0.07333635, 21: 0.21461959, 22: 0.33381334, 23: 0.49182132, 24: 0.056295224, 25: 0.043655757, 27: 0.539837, 28: 0.4683277, 29: 0.363423, 30: 0.5589758, 31: nan, 32: 0.3693495, 33: nan, 34: 0.33579388, 35: 0.34718093, 36: 0.66339904, 37: nan, 38: 0.4676042, 39: nan}, angle_sep_nsH=0.3273049592971802
2024-12-01 21:20:54,486 INFO server.py 722:: UNRELIABLE clients ={2, 17, 18, 20, 21, 24, 25, 26}
2024-12-01 21:20:54,487 INFO server.py 1064:: clients' sizes=[2, 1, 0, 0, 0, 2, 2, 0, 1, 0, 2, 2, 2, 2, 1, 1, 0, 1, 1, 1, 1, 1, 0, 1, 1, 1, 2, 0, 2, 0, 1, 2, 1, 0, 2, 0], total=36
2024-12-01 21:20:54,501 INFO server.py 327:: [Server] The aggregation takes 3.584213 seconds.

2024-12-01 21:20:54,502 INFO server.py 211:: [Server] Start testing
2024-12-01 21:20:54,525 INFO server.py 235:: [Server] Test set: Average loss: 1.3088, Accuracy: 80/200 (40.0%)

2024-12-01 21:20:54,526 INFO server.py 238:: [Sever] Confusion matrix:
 tensor([[50.,  0.,  0.,  0.],
        [47.,  0.,  0.,  3.],
        [43.,  0.,  0.,  7.],
        [20.,  0.,  0., 30.]])
2024-12-01 21:20:54,528 INFO server.py 254:: [Server] Precision=[0.3125    nan    nan 0.75  ],
 Recall=[1.  0.  0.  0.6],
 F1-score=[0.47619048        nan        nan 0.6666667 ],
 my_accuracy=40.00000059604645[%]
2024-12-01 21:20:54,529 INFO _main.py 209:: ########EPOCH 9 ########
2024-12-01 21:20:54,529 INFO _main.py 210:: ###Model distribution###
2024-12-01 21:20:58,779 INFO server.py 568:: flip_sign_id={0, 18, 11}
2024-12-01 21:20:58,780 INFO server.py 583:: ===========using shortHoGs for detecting UNTARGETED ATTACK====
2024-12-01 21:20:58,832 INFO server.py 609:: labels cluster_sh= [0 0 0 0 0 0 0 0 0 0 0 0 0 0 0 0 0 0 0 0 0 0 0 0 0 0 0 0 0 0 0 0 0 0 0 0 0]
2024-12-01 21:20:58,853 DEBUG server.py 614:: offset_normal_ids=[ 0  1  2  3  4  5  6  7  8  9 10 11 12 13 14 15 16 17 18 19 20 21 22 23
 24 25 26 27 28 29 30 31 32 33 34 35 36], normal_ids=[ 1  2  3  4  5  6  7  8  9 10 12 13 14 15 16 17 19 20 21 22 23 24 25 26
 27 28 29 30 31 32 33 34 35 36 37 38 39]
2024-12-01 21:20:58,854 INFO server.py 619:: SUSPECTED UNTARGETED []
2024-12-01 21:20:58,854 DEBUG server.py 623:: suspicious_ids=[]
2024-12-01 21:20:58,855 DEBUG server.py 632:: d_normal_sus={}, d_separate=0
2024-12-01 21:20:58,855 INFO server.py 639:: This round UNTARGETED=set(), sus_tAtk_uRel_id0=set()
2024-12-01 21:20:58,855 INFO server.py 657:: =======Using LONG HOGs for detecting TARGETED ATTACK========
2024-12-01 21:20:58,876 INFO server.py 143:: This round TARGETED ATTACK: [26]
2024-12-01 21:20:58,880 DEBUG server.py 502:: mal_ids={0, 18, 26, 11}, pre_mal_id=defaultdict(<class 'int'>, {0: 7, 1: 0, 2: 0, 3: 0, 4: 0, 5: 0, 6: 0, 7: 0, 8: 0, 9: 0, 10: 0, 11: 7, 12: 0, 13: 0, 14: 0, 15: 0, 16: 0, 17: 0, 18: 3, 19: 0, 20: 0, 21: 0, 22: 0, 23: 0, 24: 0, 25: 0, 26: 7, 27: 0, 28: 0, 29: 0, 30: 0, 31: 0, 32: 0, 33: 0, 34: 0, 35: 0, 36: 0, 37: 0, 38: 0, 39: 0})
2024-12-01 21:20:58,880 INFO server.py 504:: FLIP-SIGN ATTACK={0, 18, 11}
2024-12-01 21:20:58,881 INFO server.py 505:: UNTARGETED ATTACK=set()
2024-12-01 21:20:58,881 INFO server.py 506:: TARGETED ATTACK={26}
2024-12-01 21:20:58,881 INFO server.py 662:: OVERTIME MALICIOUS client ids ={0, 18, 26, 11}
2024-12-01 21:20:58,907 INFO server.py 708:: This round UNRELIABLE={2, 17, 20, 21, 24, 25}, normal_id={1, 3, 4, 5, 6, 7, 8, 9, 10, 12, 13, 14, 15, 16, 19, 22, 23, 27, 28, 29, 30, 31, 32, 33, 34, 35, 36, 37, 38, 39}
2024-12-01 21:20:58,909 DEBUG server.py 710:: anlge_sHoGs={1: 0.61640406, 2: 0.038205862, 3: nan, 4: nan, 5: nan, 6: 0.68057305, 7: 0.3798169, 8: nan, 9: 0.63688886, 10: nan, 12: 0.5285632, 13: 0.58083695, 14: 0.34650275, 15: 0.40739903, 16: 0.48510212, 17: 0.2708203, 19: nan, 20: 0.07333635, 21: 0.21461959, 22: 0.33381334, 23: 0.49182132, 24: 0.056295224, 25: 0.043655757, 27: 0.539837, 28: 0.4683277, 29: 0.363423, 30: 0.5589758, 31: nan, 32: 0.3693495, 33: nan, 34: 0.33579388, 35: 0.34718093, 36: 0.66339904, 37: nan, 38: 0.4676042, 39: nan}, angle_sep_nsH=0.3273049592971802
2024-12-01 21:20:58,909 INFO server.py 722:: UNRELIABLE clients ={2, 17, 18, 20, 21, 24, 25}
2024-12-01 21:20:58,913 INFO server.py 1064:: clients' sizes=[2, 1, 0, 0, 0, 2, 2, 0, 1, 0, 2, 2, 2, 2, 1, 1, 0, 1, 1, 1, 1, 1, 0, 1, 1, 1, 2, 0, 2, 0, 1, 2, 1, 0, 2, 0], total=36
2024-12-01 21:20:58,938 INFO server.py 327:: [Server] The aggregation takes 3.924443 seconds.

2024-12-01 21:20:58,939 INFO server.py 211:: [Server] Start testing
2024-12-01 21:20:58,960 INFO server.py 235:: [Server] Test set: Average loss: 1.2910, Accuracy: 84/200 (42.0%)

2024-12-01 21:20:58,961 INFO server.py 238:: [Sever] Confusion matrix:
 tensor([[50.,  0.,  0.,  0.],
        [47.,  0.,  0.,  3.],
        [38.,  0.,  0., 12.],
        [16.,  0.,  0., 34.]])
2024-12-01 21:20:58,963 INFO server.py 254:: [Server] Precision=[0.33112583        nan        nan 0.6938776 ],
 Recall=[1.   0.   0.   0.68],
 F1-score=[0.49751243        nan        nan 0.6868687 ],
 my_accuracy=41.999998688697815[%]
