2024-12-01 19:17:26,463 INFO _main.py 39:: ################################################################
2024-12-01 19:17:26,465 INFO _main.py 41:: #                              batch_size: 64                  #
2024-12-01 19:17:26,466 INFO _main.py 41:: #                         test_batch_size: 32                  #
2024-12-01 19:17:26,467 INFO _main.py 41:: #                                  epochs: 10                  #
2024-12-01 19:17:26,468 INFO _main.py 41:: #                               optimizer: SGD                 #
2024-12-01 19:17:26,468 INFO _main.py 41:: #                                      lr: 0.01                #
2024-12-01 19:17:26,468 INFO _main.py 41:: #                                momentum: 0.9                 #
2024-12-01 19:17:26,468 INFO _main.py 41:: #                            weight_decay: 0.0001              #
2024-12-01 19:17:26,469 INFO _main.py 41:: #                                    seed: 1                   #
2024-12-01 19:17:26,469 INFO _main.py 41:: #                            log_interval: 11                  #
2024-12-01 19:17:26,469 INFO _main.py 41:: #                             num_clients: 40                  #
2024-12-01 19:17:26,469 INFO _main.py 41:: #                           output_folder: experiments         #
2024-12-01 19:17:26,469 INFO _main.py 41:: #                                 dataset: rockburst           #
2024-12-01 19:17:26,469 INFO _main.py 41:: #                             loader_type: dirichlet           #
2024-12-01 19:17:26,469 INFO _main.py 41:: #                             loader_path: ./data/loader.pk    #
2024-12-01 19:17:26,469 INFO _main.py 41:: #                                      AR: mudhog              #
2024-12-01 19:17:26,470 INFO _main.py 41:: #                     n_attacker_backdoor: 0                   #
2024-12-01 19:17:26,470 INFO _main.py 41:: #                        backdoor_trigger: [0, 0, 1, 1]        #
2024-12-01 19:17:26,470 INFO _main.py 41:: #                   n_attacker_omniscient: 0                   #
2024-12-01 19:17:26,470 INFO _main.py 41:: #                        omniscient_scale: 1                   #
2024-12-01 19:17:26,470 INFO _main.py 41:: #                                 attacks: None                #
2024-12-01 19:17:26,470 INFO _main.py 41:: #                      save_model_weights: False               #
2024-12-01 19:17:26,470 INFO _main.py 41:: #                         experiment_name: sExp4Ba_40ep_rockburst_mudhog_40C_5#
2024-12-01 19:17:26,470 INFO _main.py 41:: #                          path_to_aggNet: None                #
2024-12-01 19:17:26,471 INFO _main.py 41:: #                                  device: cpu                 #
2024-12-01 19:17:26,471 INFO _main.py 41:: #                            inner_epochs: 4                   #
2024-12-01 19:17:26,471 INFO _main.py 41:: #                                 verbose: True                #
2024-12-01 19:17:26,471 INFO _main.py 41:: #                         list_unreliable: [2, 18, 20]         #
2024-12-01 19:17:26,471 INFO _main.py 41:: #                     unreliable_fraction: 0.5                 #
2024-12-01 19:17:26,471 INFO _main.py 41:: #                    unreliable_fracTrain: 0.3                 #
2024-12-01 19:17:26,471 INFO _main.py 41:: #                         mean_unreliable: 0.0                 #
2024-12-01 19:17:26,471 INFO _main.py 41:: #                             blur_method: add_noise           #
2024-12-01 19:17:26,471 INFO _main.py 41:: #                      max_std_unreliable: 30.0                #
2024-12-01 19:17:26,472 INFO _main.py 41:: #                     list_uatk_add_noise: [24, 25, 26]        #
2024-12-01 19:17:26,472 INFO _main.py 41:: #                          mean_add_noise: 0.0                 #
2024-12-01 19:17:26,472 INFO _main.py 41:: #                           std_add_noise: 0.01                #
2024-12-01 19:17:26,472 INFO _main.py 41:: #                     list_uatk_flip_sign: [0, 10, 11]         #
2024-12-01 19:17:26,472 INFO _main.py 42:: ################################################################
2024-12-01 19:17:26,472 INFO _main.py 43:: Namespace(batch_size=64, test_batch_size=32, epochs=10, optimizer='SGD', lr=0.01, momentum=0.9, weight_decay=0.0001, seed=1, log_interval=11, num_clients=40, output_folder='experiments', dataset='rockburst', loader_type='dirichlet', loader_path='./data/loader.pk', AR='mudhog', n_attacker_backdoor=0, backdoor_trigger=[0, 0, 1, 1], n_attacker_omniscient=0, omniscient_scale=1, attacks=None, save_model_weights=False, experiment_name='sExp4Ba_40ep_rockburst_mudhog_40C_5', path_to_aggNet=None, device='cpu', inner_epochs=4, verbose=True, list_unreliable=[2, 18, 20], unreliable_fraction=0.5, unreliable_fracTrain=0.3, mean_unreliable=0.0, blur_method='add_noise', max_std_unreliable=30.0, list_uatk_add_noise=[24, 25, 26], mean_add_noise=0.0, std_add_noise=0.01, list_uatk_flip_sign=[0, 10, 11])
2024-12-01 19:17:26,473 INFO _main.py 44:: #####################
2024-12-01 19:17:26,473 INFO _main.py 45:: #####################
2024-12-01 19:17:26,473 INFO _main.py 46:: #####################
2024-12-01 19:17:26,473 INFO _main.py 47:: Aggregation Rule:	mudhog
2024-12-01 19:17:26,473 INFO _main.py 48:: Data distribution:	dirichlet
2024-12-01 19:17:26,474 INFO _main.py 49:: Attacks:	None 
2024-12-01 19:17:26,474 INFO _main.py 50:: #####################
2024-12-01 19:17:26,474 INFO _main.py 51:: #####################
2024-12-01 19:17:26,474 INFO _main.py 52:: #####################
2024-12-01 19:17:28,751 INFO server.py 366:: SET DBSCAN eps=1.3, min_samples=10
2024-12-01 19:17:28,755 INFO _main.py 134:: [1-normal, 0-malicious] label =tensor([0., 1., 1., 1., 1., 1., 1., 1., 1., 1., 0., 0., 1., 1., 1., 1., 1., 1.,
        1., 1., 1., 1., 1., 1., 0., 0., 0., 1., 1., 1., 1., 1., 1., 1., 1., 1.,
        1., 1., 1., 1.])
2024-12-01 19:17:28,765 INFO malicious_clients.py 101:: init ATTACK OMNISCIENT Client 0
2024-12-01 19:17:28,772 INFO malicious_clients.py 18:: init UNRELIABLE Client 2
2024-12-01 19:17:28,814 INFO malicious_clients.py 101:: init ATTACK OMNISCIENT Client 10
2024-12-01 19:17:28,819 INFO malicious_clients.py 101:: init ATTACK OMNISCIENT Client 11
2024-12-01 19:17:28,850 INFO malicious_clients.py 18:: init UNRELIABLE Client 18
2024-12-01 19:17:28,859 INFO malicious_clients.py 18:: init UNRELIABLE Client 20
2024-12-01 19:17:28,882 INFO malicious_clients.py 73:: init ATTACK ADD NOISE TO GRAD Client 24
2024-12-01 19:17:28,891 INFO malicious_clients.py 73:: init ATTACK ADD NOISE TO GRAD Client 25
2024-12-01 19:17:28,898 INFO malicious_clients.py 73:: init ATTACK ADD NOISE TO GRAD Client 26
2024-12-01 19:17:28,990 INFO server.py 211:: [Server] Start testing
2024-12-01 19:17:29,014 INFO server.py 235:: [Server] Test set: Average loss: 1.3864, Accuracy: 50/200 (25.0%)

2024-12-01 19:17:29,015 INFO server.py 238:: [Sever] Confusion matrix:
 tensor([[50.,  0.,  0.,  0.],
        [50.,  0.,  0.,  0.],
        [50.,  0.,  0.,  0.],
        [50.,  0.,  0.,  0.]])
2024-12-01 19:17:29,021 INFO server.py 254:: [Server] Precision=[0.25  nan  nan  nan],
 Recall=[1. 0. 0. 0.],
 F1-score=[0.4 nan nan nan],
 my_accuracy=25.0[%]
2024-12-01 19:17:29,022 INFO _main.py 208:: ########EPOCH 0 ########
2024-12-01 19:17:29,023 INFO _main.py 209:: ###Model distribution###
2024-12-01 19:17:29,973 INFO server.py 1059:: clients' sizes=[1, 2, 1, 0, 0, 0, 2, 2, 0, 1, 0, 1, 2, 2, 2, 2, 1, 1, 2, 0, 1, 1, 1, 1, 1, 0, 1, 1, 1, 1, 2, 0, 2, 0, 1, 2, 1, 0, 2, 0], total=41
2024-12-01 19:17:30,003 INFO server.py 327:: [Server] The aggregation takes 0.372328 seconds.

2024-12-01 19:17:30,004 INFO server.py 211:: [Server] Start testing
2024-12-01 19:17:30,029 INFO server.py 235:: [Server] Test set: Average loss: 1.3838, Accuracy: 50/200 (25.0%)

2024-12-01 19:17:30,030 INFO server.py 238:: [Sever] Confusion matrix:
 tensor([[50.,  0.,  0.,  0.],
        [50.,  0.,  0.,  0.],
        [50.,  0.,  0.,  0.],
        [50.,  0.,  0.,  0.]])
2024-12-01 19:17:30,032 INFO server.py 254:: [Server] Precision=[0.25  nan  nan  nan],
 Recall=[1. 0. 0. 0.],
 F1-score=[0.4 nan nan nan],
 my_accuracy=25.0[%]
2024-12-01 19:17:30,034 INFO _main.py 208:: ########EPOCH 1 ########
2024-12-01 19:17:30,035 INFO _main.py 209:: ###Model distribution###
2024-12-01 19:17:30,992 INFO server.py 1059:: clients' sizes=[1, 2, 1, 0, 0, 0, 2, 2, 0, 1, 0, 1, 2, 2, 2, 2, 1, 1, 2, 0, 1, 1, 1, 1, 1, 0, 1, 1, 1, 1, 2, 0, 2, 0, 1, 2, 1, 0, 2, 0], total=41
2024-12-01 19:17:31,013 INFO server.py 327:: [Server] The aggregation takes 0.356019 seconds.

2024-12-01 19:17:31,014 INFO server.py 211:: [Server] Start testing
2024-12-01 19:17:31,039 INFO server.py 235:: [Server] Test set: Average loss: 1.3781, Accuracy: 50/200 (25.0%)

2024-12-01 19:17:31,042 INFO server.py 238:: [Sever] Confusion matrix:
 tensor([[50.,  0.,  0.,  0.],
        [50.,  0.,  0.,  0.],
        [50.,  0.,  0.,  0.],
        [50.,  0.,  0.,  0.]])
2024-12-01 19:17:31,050 INFO server.py 254:: [Server] Precision=[0.25  nan  nan  nan],
 Recall=[1. 0. 0. 0.],
 F1-score=[0.4 nan nan nan],
 my_accuracy=25.0[%]
2024-12-01 19:17:31,051 INFO _main.py 208:: ########EPOCH 2 ########
2024-12-01 19:17:31,053 INFO _main.py 209:: ###Model distribution###
2024-12-01 19:17:31,897 INFO server.py 1059:: clients' sizes=[1, 2, 1, 0, 0, 0, 2, 2, 0, 1, 0, 1, 2, 2, 2, 2, 1, 1, 2, 0, 1, 1, 1, 1, 1, 0, 1, 1, 1, 1, 2, 0, 2, 0, 1, 2, 1, 0, 2, 0], total=41
2024-12-01 19:17:31,915 INFO server.py 327:: [Server] The aggregation takes 0.309147 seconds.

2024-12-01 19:17:31,916 INFO server.py 211:: [Server] Start testing
2024-12-01 19:17:31,929 INFO server.py 235:: [Server] Test set: Average loss: 1.3711, Accuracy: 50/200 (25.0%)

2024-12-01 19:17:31,930 INFO server.py 238:: [Sever] Confusion matrix:
 tensor([[50.,  0.,  0.,  0.],
        [50.,  0.,  0.,  0.],
        [50.,  0.,  0.,  0.],
        [50.,  0.,  0.,  0.]])
2024-12-01 19:17:31,932 INFO server.py 254:: [Server] Precision=[0.25  nan  nan  nan],
 Recall=[1. 0. 0. 0.],
 F1-score=[0.4 nan nan nan],
 my_accuracy=25.0[%]
2024-12-01 19:17:31,933 INFO _main.py 208:: ########EPOCH 3 ########
2024-12-01 19:17:31,933 INFO _main.py 209:: ###Model distribution###
2024-12-01 19:17:32,445 INFO server.py 567:: flip_sign_id=set()
2024-12-01 19:17:32,446 INFO server.py 582:: ===========using shortHoGs for detecting UNTARGETED ATTACK====
2024-12-01 19:17:32,544 INFO server.py 608:: labels cluster_sh= [0 0 0 0 0 0 0 0 0 0 0 0 0 0 0 0 0 0 0 0 0 0 0 0 0 0 0 0 0 0 0 0 0 0 0 0 0
 0 0 0]
2024-12-01 19:17:32,552 DEBUG server.py 613:: offset_normal_ids=[ 0  1  2  3  4  5  6  7  8  9 10 11 12 13 14 15 16 17 18 19 20 21 22 23
 24 25 26 27 28 29 30 31 32 33 34 35 36 37 38 39], normal_ids=[ 0  1  2  3  4  5  6  7  8  9 10 11 12 13 14 15 16 17 18 19 20 21 22 23
 24 25 26 27 28 29 30 31 32 33 34 35 36 37 38 39]
2024-12-01 19:17:32,553 INFO server.py 618:: SUSPECTED UNTARGETED []
2024-12-01 19:17:32,553 DEBUG server.py 622:: suspicious_ids=[]
2024-12-01 19:17:32,554 DEBUG server.py 631:: d_normal_sus={}, d_separate=0
2024-12-01 19:17:32,554 INFO server.py 638:: This round UNTARGETED=set(), sus_tAtk_uRel_id0=set()
2024-12-01 19:17:32,554 INFO server.py 656:: =======Using LONG HOGs for detecting TARGETED ATTACK========
2024-12-01 19:17:32,580 INFO server.py 143:: This round TARGETED ATTACK: [ 0  1 32  6 38  9 11 12 13 15 16 23 28 29 30]
2024-12-01 19:17:32,580 DEBUG server.py 502:: mal_ids=set(), pre_mal_id=defaultdict(<class 'int'>, {0: 1, 1: 1, 2: 0, 3: 0, 4: 0, 5: 0, 6: 1, 7: 0, 8: 0, 9: 1, 10: 0, 11: 1, 12: 1, 13: 1, 14: 0, 15: 1, 16: 1, 17: 0, 18: 0, 19: 0, 20: 0, 21: 0, 22: 0, 23: 1, 24: 0, 25: 0, 26: 0, 27: 0, 28: 1, 29: 1, 30: 1, 31: 0, 32: 1, 33: 0, 34: 0, 35: 0, 36: 0, 37: 0, 38: 1, 39: 0})
2024-12-01 19:17:32,580 INFO server.py 504:: FLIP-SIGN ATTACK=set()
2024-12-01 19:17:32,581 INFO server.py 505:: UNTARGETED ATTACK=set()
2024-12-01 19:17:32,581 INFO server.py 506:: TARGETED ATTACK=set()
2024-12-01 19:17:32,581 INFO server.py 661:: OVERTIME MALICIOUS client ids =set()
2024-12-01 19:17:32,589 INFO server.py 707:: This round UNRELIABLE=set(), normal_id={0, 1, 2, 3, 4, 5, 6, 7, 8, 9, 10, 11, 12, 13, 14, 15, 16, 17, 18, 19, 20, 21, 22, 23, 24, 25, 26, 27, 28, 29, 30, 31, 32, 33, 34, 35, 36, 37, 38, 39}
2024-12-01 19:17:32,589 DEBUG server.py 709:: anlge_sHoGs={0: nan, 1: nan, 2: nan, 3: nan, 4: nan, 5: nan, 6: nan, 7: nan, 8: nan, 9: nan, 10: nan, 11: nan, 12: nan, 13: nan, 14: nan, 15: nan, 16: nan, 17: nan, 18: nan, 19: nan, 20: nan, 21: nan, 22: nan, 23: nan, 24: nan, 25: nan, 26: nan, 27: nan, 28: nan, 29: nan, 30: nan, 31: nan, 32: nan, 33: nan, 34: nan, 35: nan, 36: nan, 37: nan, 38: nan, 39: nan}, angle_sep_nsH=0
2024-12-01 19:17:32,589 INFO server.py 721:: UNRELIABLE clients =set()
2024-12-01 19:17:32,719 INFO server.py 1059:: clients' sizes=[1, 0, 0, 0, 2, 0, 0, 2, 1, 2, 0, 1, 1, 1, 1, 0, 1, 1, 0, 0, 1, 2, 1, 0, 0], total=18
2024-12-01 19:17:32,726 INFO server.py 327:: [Server] The aggregation takes 0.344826 seconds.

2024-12-01 19:17:32,727 INFO server.py 211:: [Server] Start testing
2024-12-01 19:17:32,742 INFO server.py 235:: [Server] Test set: Average loss: 1.3682, Accuracy: 51/200 (25.5%)

2024-12-01 19:17:32,743 INFO server.py 238:: [Sever] Confusion matrix:
 tensor([[50.,  0.,  0.,  0.],
        [50.,  0.,  0.,  0.],
        [50.,  0.,  0.,  0.],
        [49.,  0.,  0.,  1.]])
2024-12-01 19:17:32,745 INFO server.py 254:: [Server] Precision=[0.2512563       nan       nan 1.       ],
 Recall=[1.   0.   0.   0.02],
 F1-score=[0.40160644        nan        nan 0.03921569],
 my_accuracy=25.499999523162842[%]
2024-12-01 19:17:32,745 INFO _main.py 208:: ########EPOCH 4 ########
2024-12-01 19:17:32,746 INFO _main.py 209:: ###Model distribution###
2024-12-01 19:17:33,266 INFO server.py 567:: flip_sign_id=set()
2024-12-01 19:17:33,266 INFO server.py 582:: ===========using shortHoGs for detecting UNTARGETED ATTACK====
2024-12-01 19:17:33,309 INFO server.py 608:: labels cluster_sh= [0 0 0 0 0 0 0 0 0 0 0 0 0 0 0 0 0 0 0 0 0 0 0 0 0 0 0 0 0 0 0 0 0 0 0 0 0
 0 0 0]
2024-12-01 19:17:33,317 DEBUG server.py 613:: offset_normal_ids=[ 0  1  2  3  4  5  6  7  8  9 10 11 12 13 14 15 16 17 18 19 20 21 22 23
 24 25 26 27 28 29 30 31 32 33 34 35 36 37 38 39], normal_ids=[ 0  1  2  3  4  5  6  7  8  9 10 11 12 13 14 15 16 17 18 19 20 21 22 23
 24 25 26 27 28 29 30 31 32 33 34 35 36 37 38 39]
2024-12-01 19:17:33,318 INFO server.py 618:: SUSPECTED UNTARGETED []
2024-12-01 19:17:33,318 DEBUG server.py 622:: suspicious_ids=[]
2024-12-01 19:17:33,318 DEBUG server.py 631:: d_normal_sus={}, d_separate=0
2024-12-01 19:17:33,319 INFO server.py 638:: This round UNTARGETED=set(), sus_tAtk_uRel_id0=set()
2024-12-01 19:17:33,319 INFO server.py 656:: =======Using LONG HOGs for detecting TARGETED ATTACK========
2024-12-01 19:17:33,344 INFO server.py 143:: This round TARGETED ATTACK: [ 0  1 32  6 38  9 11 12 13 15 16 23 28 29 30]
2024-12-01 19:17:33,347 DEBUG server.py 502:: mal_ids=set(), pre_mal_id=defaultdict(<class 'int'>, {0: 2, 1: 2, 2: 0, 3: 0, 4: 0, 5: 0, 6: 2, 7: 0, 8: 0, 9: 2, 10: 0, 11: 2, 12: 2, 13: 2, 14: 0, 15: 2, 16: 2, 17: 0, 18: 0, 19: 0, 20: 0, 21: 0, 22: 0, 23: 2, 24: 0, 25: 0, 26: 0, 27: 0, 28: 2, 29: 2, 30: 2, 31: 0, 32: 2, 33: 0, 34: 0, 35: 0, 36: 0, 37: 0, 38: 2, 39: 0})
2024-12-01 19:17:33,348 INFO server.py 504:: FLIP-SIGN ATTACK=set()
2024-12-01 19:17:33,348 INFO server.py 505:: UNTARGETED ATTACK=set()
2024-12-01 19:17:33,349 INFO server.py 506:: TARGETED ATTACK=set()
2024-12-01 19:17:33,349 INFO server.py 661:: OVERTIME MALICIOUS client ids =set()
2024-12-01 19:17:33,363 INFO server.py 707:: This round UNRELIABLE=set(), normal_id={0, 1, 2, 3, 4, 5, 6, 7, 8, 9, 10, 11, 12, 13, 14, 15, 16, 17, 18, 19, 20, 21, 22, 23, 24, 25, 26, 27, 28, 29, 30, 31, 32, 33, 34, 35, 36, 37, 38, 39}
2024-12-01 19:17:33,366 DEBUG server.py 709:: anlge_sHoGs={0: nan, 1: nan, 2: nan, 3: nan, 4: nan, 5: nan, 6: nan, 7: nan, 8: nan, 9: nan, 10: nan, 11: nan, 12: nan, 13: nan, 14: nan, 15: nan, 16: nan, 17: nan, 18: nan, 19: nan, 20: nan, 21: nan, 22: nan, 23: nan, 24: nan, 25: nan, 26: nan, 27: nan, 28: nan, 29: nan, 30: nan, 31: nan, 32: nan, 33: nan, 34: nan, 35: nan, 36: nan, 37: nan, 38: nan, 39: nan}, angle_sep_nsH=0
2024-12-01 19:17:33,366 INFO server.py 721:: UNRELIABLE clients =set()
2024-12-01 19:17:33,509 INFO server.py 1059:: clients' sizes=[1, 0, 0, 0, 2, 0, 0, 2, 1, 2, 0, 1, 1, 1, 1, 0, 1, 1, 0, 0, 1, 2, 1, 0, 0], total=18
2024-12-01 19:17:33,521 INFO server.py 327:: [Server] The aggregation takes 0.317353 seconds.

2024-12-01 19:17:33,522 INFO server.py 211:: [Server] Start testing
2024-12-01 19:17:33,536 INFO server.py 235:: [Server] Test set: Average loss: 1.3652, Accuracy: 51/200 (25.5%)

2024-12-01 19:17:33,538 INFO server.py 238:: [Sever] Confusion matrix:
 tensor([[50.,  0.,  0.,  0.],
        [50.,  0.,  0.,  0.],
        [50.,  0.,  0.,  0.],
        [49.,  0.,  0.,  1.]])
2024-12-01 19:17:33,539 INFO server.py 254:: [Server] Precision=[0.2512563       nan       nan 1.       ],
 Recall=[1.   0.   0.   0.02],
 F1-score=[0.40160644        nan        nan 0.03921569],
 my_accuracy=25.499999523162842[%]
2024-12-01 19:17:33,540 INFO _main.py 208:: ########EPOCH 5 ########
2024-12-01 19:17:33,540 INFO _main.py 209:: ###Model distribution###
2024-12-01 19:17:34,040 INFO server.py 567:: flip_sign_id=set()
2024-12-01 19:17:34,041 INFO server.py 582:: ===========using shortHoGs for detecting UNTARGETED ATTACK====
2024-12-01 19:17:34,084 INFO server.py 608:: labels cluster_sh= [0 0 0 0 0 0 0 0 0 0 0 0 0 0 0 0 0 0 0 0 0 0 0 0 0 0 0 0 0 0 0 0 0 0 0 0 0
 0 0 0]
2024-12-01 19:17:34,092 DEBUG server.py 613:: offset_normal_ids=[ 0  1  2  3  4  5  6  7  8  9 10 11 12 13 14 15 16 17 18 19 20 21 22 23
 24 25 26 27 28 29 30 31 32 33 34 35 36 37 38 39], normal_ids=[ 0  1  2  3  4  5  6  7  8  9 10 11 12 13 14 15 16 17 18 19 20 21 22 23
 24 25 26 27 28 29 30 31 32 33 34 35 36 37 38 39]
2024-12-01 19:17:34,092 INFO server.py 618:: SUSPECTED UNTARGETED []
2024-12-01 19:17:34,093 DEBUG server.py 622:: suspicious_ids=[]
2024-12-01 19:17:34,093 DEBUG server.py 631:: d_normal_sus={}, d_separate=0
2024-12-01 19:17:34,093 INFO server.py 638:: This round UNTARGETED=set(), sus_tAtk_uRel_id0=set()
2024-12-01 19:17:34,093 INFO server.py 656:: =======Using LONG HOGs for detecting TARGETED ATTACK========
2024-12-01 19:17:34,110 INFO server.py 143:: This round TARGETED ATTACK: [ 0 32 34 35  7 11 13 14 15 16 21 23 30]
2024-12-01 19:17:34,111 DEBUG server.py 502:: mal_ids=set(), pre_mal_id=defaultdict(<class 'int'>, {0: 3, 1: 0, 2: 0, 3: 0, 4: 0, 5: 0, 6: 0, 7: 1, 8: 0, 9: 0, 10: 0, 11: 3, 12: 0, 13: 3, 14: 1, 15: 3, 16: 3, 17: 0, 18: 0, 19: 0, 20: 0, 21: 1, 22: 0, 23: 3, 24: 0, 25: 0, 26: 0, 27: 0, 28: 0, 29: 0, 30: 3, 31: 0, 32: 3, 33: 0, 34: 1, 35: 1, 36: 0, 37: 0, 38: 0, 39: 0})
2024-12-01 19:17:34,111 INFO server.py 504:: FLIP-SIGN ATTACK=set()
2024-12-01 19:17:34,111 INFO server.py 505:: UNTARGETED ATTACK=set()
2024-12-01 19:17:34,111 INFO server.py 506:: TARGETED ATTACK=set()
2024-12-01 19:17:34,112 INFO server.py 661:: OVERTIME MALICIOUS client ids =set()
2024-12-01 19:17:34,120 INFO server.py 707:: This round UNRELIABLE=set(), normal_id={0, 1, 2, 3, 4, 5, 6, 7, 8, 9, 10, 11, 12, 13, 14, 15, 16, 17, 18, 19, 20, 21, 22, 23, 24, 25, 26, 27, 28, 29, 30, 31, 32, 33, 34, 35, 36, 37, 38, 39}
2024-12-01 19:17:34,120 DEBUG server.py 709:: anlge_sHoGs={0: nan, 1: nan, 2: nan, 3: nan, 4: nan, 5: nan, 6: nan, 7: nan, 8: nan, 9: nan, 10: nan, 11: nan, 12: nan, 13: nan, 14: nan, 15: nan, 16: nan, 17: nan, 18: nan, 19: nan, 20: nan, 21: nan, 22: nan, 23: nan, 24: nan, 25: nan, 26: nan, 27: nan, 28: nan, 29: nan, 30: nan, 31: nan, 32: nan, 33: nan, 34: nan, 35: nan, 36: nan, 37: nan, 38: nan, 39: nan}, angle_sep_nsH=0
2024-12-01 19:17:34,121 INFO server.py 721:: UNRELIABLE clients =set()
2024-12-01 19:17:34,253 INFO server.py 1059:: clients' sizes=[2, 1, 0, 0, 0, 2, 0, 1, 0, 2, 1, 2, 0, 1, 1, 1, 0, 1, 1, 1, 1, 0, 0, 1, 0, 2, 0], total=21
2024-12-01 19:17:34,260 INFO server.py 327:: [Server] The aggregation takes 0.282171 seconds.

2024-12-01 19:17:34,261 INFO server.py 211:: [Server] Start testing
2024-12-01 19:17:34,275 INFO server.py 235:: [Server] Test set: Average loss: 1.3595, Accuracy: 57/200 (28.5%)

2024-12-01 19:17:34,276 INFO server.py 238:: [Sever] Confusion matrix:
 tensor([[50.,  0.,  0.,  0.],
        [50.,  0.,  0.,  0.],
        [50.,  0.,  0.,  0.],
        [43.,  0.,  0.,  7.]])
2024-12-01 19:17:34,278 INFO server.py 254:: [Server] Precision=[0.25906736        nan        nan 1.        ],
 Recall=[1.   0.   0.   0.14],
 F1-score=[0.41152266        nan        nan 0.24561404],
 my_accuracy=28.49999964237213[%]
2024-12-01 19:17:34,279 INFO _main.py 208:: ########EPOCH 6 ########
2024-12-01 19:17:34,280 INFO _main.py 209:: ###Model distribution###
2024-12-01 19:17:34,773 INFO server.py 567:: flip_sign_id=set()
2024-12-01 19:17:34,773 INFO server.py 582:: ===========using shortHoGs for detecting UNTARGETED ATTACK====
2024-12-01 19:17:34,817 INFO server.py 608:: labels cluster_sh= [0 0 0 0 0 0 0 0 0 0 0 0 0 0 0 0 0 0 0 0 0 0 0 0 0 0 0 0 0 0 0 0 0 0 0 0 0
 0 0 0]
2024-12-01 19:17:34,825 DEBUG server.py 613:: offset_normal_ids=[ 0  1  2  3  4  5  6  7  8  9 10 11 12 13 14 15 16 17 18 19 20 21 22 23
 24 25 26 27 28 29 30 31 32 33 34 35 36 37 38 39], normal_ids=[ 0  1  2  3  4  5  6  7  8  9 10 11 12 13 14 15 16 17 18 19 20 21 22 23
 24 25 26 27 28 29 30 31 32 33 34 35 36 37 38 39]
2024-12-01 19:17:34,825 INFO server.py 618:: SUSPECTED UNTARGETED []
2024-12-01 19:17:34,826 DEBUG server.py 622:: suspicious_ids=[]
2024-12-01 19:17:34,826 DEBUG server.py 631:: d_normal_sus={}, d_separate=0
2024-12-01 19:17:34,826 INFO server.py 638:: This round UNTARGETED=set(), sus_tAtk_uRel_id0=set()
2024-12-01 19:17:34,826 INFO server.py 656:: =======Using LONG HOGs for detecting TARGETED ATTACK========
2024-12-01 19:17:34,841 INFO server.py 143:: This round TARGETED ATTACK: [ 0  1 32  6 38  9 11 12 13 15 16 23 28 29 30]
2024-12-01 19:17:34,841 DEBUG server.py 502:: mal_ids={0, 32, 11, 13, 15, 16, 23, 30}, pre_mal_id=defaultdict(<class 'int'>, {0: 4, 1: 1, 2: 0, 3: 0, 4: 0, 5: 0, 6: 1, 7: 0, 8: 0, 9: 1, 10: 0, 11: 4, 12: 1, 13: 4, 14: 0, 15: 4, 16: 4, 17: 0, 18: 0, 19: 0, 20: 0, 21: 0, 22: 0, 23: 4, 24: 0, 25: 0, 26: 0, 27: 0, 28: 1, 29: 1, 30: 4, 31: 0, 32: 4, 33: 0, 34: 0, 35: 0, 36: 0, 37: 0, 38: 1, 39: 0})
2024-12-01 19:17:34,842 INFO server.py 504:: FLIP-SIGN ATTACK=set()
2024-12-01 19:17:34,842 INFO server.py 505:: UNTARGETED ATTACK=set()
2024-12-01 19:17:34,842 INFO server.py 506:: TARGETED ATTACK={0, 32, 11, 13, 15, 16, 23, 30}
2024-12-01 19:17:34,842 INFO server.py 661:: OVERTIME MALICIOUS client ids ={0, 32, 11, 13, 15, 16, 23, 30}
2024-12-01 19:17:34,848 INFO server.py 707:: This round UNRELIABLE=set(), normal_id={1, 2, 3, 4, 5, 6, 7, 8, 9, 10, 12, 14, 17, 18, 19, 20, 21, 22, 24, 25, 26, 27, 28, 29, 31, 33, 34, 35, 36, 37, 38, 39}
2024-12-01 19:17:34,849 DEBUG server.py 709:: anlge_sHoGs={1: nan, 2: nan, 3: nan, 4: nan, 5: nan, 6: nan, 7: nan, 8: nan, 9: nan, 10: nan, 12: nan, 14: nan, 17: nan, 18: nan, 19: nan, 20: nan, 21: nan, 22: nan, 24: nan, 25: nan, 26: nan, 27: nan, 28: nan, 29: nan, 31: nan, 33: nan, 34: nan, 35: nan, 36: nan, 37: nan, 38: nan, 39: nan}, angle_sep_nsH=0
2024-12-01 19:17:34,849 INFO server.py 721:: UNRELIABLE clients =set()
2024-12-01 19:17:34,961 INFO server.py 1059:: clients' sizes=[1, 0, 0, 0, 2, 0, 0, 2, 1, 2, 0, 1, 1, 1, 1, 0, 1, 1, 0, 0, 1, 2, 1, 0, 0], total=18
2024-12-01 19:17:34,968 INFO server.py 327:: [Server] The aggregation takes 0.256673 seconds.

2024-12-01 19:17:34,969 INFO server.py 211:: [Server] Start testing
2024-12-01 19:17:34,984 INFO server.py 235:: [Server] Test set: Average loss: 1.3558, Accuracy: 59/200 (29.5%)

2024-12-01 19:17:34,985 INFO server.py 238:: [Sever] Confusion matrix:
 tensor([[50.,  0.,  0.,  0.],
        [50.,  0.,  0.,  0.],
        [50.,  0.,  0.,  0.],
        [41.,  0.,  0.,  9.]])
2024-12-01 19:17:34,986 INFO server.py 254:: [Server] Precision=[0.2617801       nan       nan 1.       ],
 Recall=[1.   0.   0.   0.18],
 F1-score=[0.41493776        nan        nan 0.30508474],
 my_accuracy=29.499998688697815[%]
2024-12-01 19:17:34,987 INFO _main.py 208:: ########EPOCH 7 ########
2024-12-01 19:17:34,987 INFO _main.py 209:: ###Model distribution###
2024-12-01 19:17:35,490 INFO server.py 567:: flip_sign_id=set()
2024-12-01 19:17:35,490 INFO server.py 582:: ===========using shortHoGs for detecting UNTARGETED ATTACK====
2024-12-01 19:17:35,532 INFO server.py 608:: labels cluster_sh= [0 0 0 0 0 0 0 0 0 0 0 0 0 0 0 0 0 0 0 0 0 0 0 0 0 0 0 0 0 0 0 0 0 0 0 0 0
 0 0 0]
2024-12-01 19:17:35,540 DEBUG server.py 613:: offset_normal_ids=[ 0  1  2  3  4  5  6  7  8  9 10 11 12 13 14 15 16 17 18 19 20 21 22 23
 24 25 26 27 28 29 30 31 32 33 34 35 36 37 38 39], normal_ids=[ 0  1  2  3  4  5  6  7  8  9 10 11 12 13 14 15 16 17 18 19 20 21 22 23
 24 25 26 27 28 29 30 31 32 33 34 35 36 37 38 39]
2024-12-01 19:17:35,541 INFO server.py 618:: SUSPECTED UNTARGETED []
2024-12-01 19:17:35,541 DEBUG server.py 622:: suspicious_ids=[]
2024-12-01 19:17:35,542 DEBUG server.py 631:: d_normal_sus={}, d_separate=0
2024-12-01 19:17:35,542 INFO server.py 638:: This round UNTARGETED=set(), sus_tAtk_uRel_id0=set()
2024-12-01 19:17:35,542 INFO server.py 656:: =======Using LONG HOGs for detecting TARGETED ATTACK========
2024-12-01 19:17:35,571 INFO server.py 143:: This round TARGETED ATTACK: [ 0  1 32 34 35  7 11 13 14 15 16 21 23 30]
2024-12-01 19:17:35,574 DEBUG server.py 502:: mal_ids={0, 32, 11, 13, 15, 16, 23, 30}, pre_mal_id=defaultdict(<class 'int'>, {0: 5, 1: 2, 2: 0, 3: 0, 4: 0, 5: 0, 6: 0, 7: 1, 8: 0, 9: 0, 10: 0, 11: 5, 12: 0, 13: 5, 14: 1, 15: 5, 16: 5, 17: 0, 18: 0, 19: 0, 20: 0, 21: 1, 22: 0, 23: 5, 24: 0, 25: 0, 26: 0, 27: 0, 28: 0, 29: 0, 30: 5, 31: 0, 32: 5, 33: 0, 34: 1, 35: 1, 36: 0, 37: 0, 38: 0, 39: 0})
2024-12-01 19:17:35,575 INFO server.py 504:: FLIP-SIGN ATTACK=set()
2024-12-01 19:17:35,575 INFO server.py 505:: UNTARGETED ATTACK=set()
2024-12-01 19:17:35,575 INFO server.py 506:: TARGETED ATTACK={0, 32, 11, 13, 15, 16, 23, 30}
2024-12-01 19:17:35,575 INFO server.py 661:: OVERTIME MALICIOUS client ids ={0, 32, 11, 13, 15, 16, 23, 30}
2024-12-01 19:17:35,588 INFO server.py 707:: This round UNRELIABLE=set(), normal_id={1, 2, 3, 4, 5, 6, 7, 8, 9, 10, 12, 14, 17, 18, 19, 20, 21, 22, 24, 25, 26, 27, 28, 29, 31, 33, 34, 35, 36, 37, 38, 39}
2024-12-01 19:17:35,590 DEBUG server.py 709:: anlge_sHoGs={1: nan, 2: nan, 3: nan, 4: nan, 5: nan, 6: nan, 7: nan, 8: nan, 9: nan, 10: nan, 12: nan, 14: nan, 17: nan, 18: nan, 19: nan, 20: nan, 21: nan, 22: nan, 24: nan, 25: nan, 26: nan, 27: nan, 28: nan, 29: nan, 31: nan, 33: nan, 34: nan, 35: nan, 36: nan, 37: nan, 38: nan, 39: nan}, angle_sep_nsH=0
2024-12-01 19:17:35,591 INFO server.py 721:: UNRELIABLE clients =set()
2024-12-01 19:17:35,689 INFO server.py 1059:: clients' sizes=[1, 0, 0, 0, 2, 0, 1, 0, 2, 1, 2, 0, 1, 1, 1, 0, 1, 1, 1, 1, 0, 0, 1, 0, 2, 0], total=19
2024-12-01 19:17:35,696 INFO server.py 327:: [Server] The aggregation takes 0.266769 seconds.

2024-12-01 19:17:35,697 INFO server.py 211:: [Server] Start testing
2024-12-01 19:17:35,713 INFO server.py 235:: [Server] Test set: Average loss: 1.3497, Accuracy: 64/200 (32.0%)

2024-12-01 19:17:35,715 INFO server.py 238:: [Sever] Confusion matrix:
 tensor([[50.,  0.,  0.,  0.],
        [50.,  0.,  0.,  0.],
        [50.,  0.,  0.,  0.],
        [36.,  0.,  0., 14.]])
2024-12-01 19:17:35,717 INFO server.py 254:: [Server] Precision=[0.26881722        nan        nan 1.        ],
 Recall=[1.   0.   0.   0.28],
 F1-score=[0.42372882        nan        nan 0.4375    ],
 my_accuracy=31.999999284744263[%]
2024-12-01 19:17:35,717 INFO _main.py 208:: ########EPOCH 8 ########
2024-12-01 19:17:35,718 INFO _main.py 209:: ###Model distribution###
2024-12-01 19:17:36,297 INFO server.py 567:: flip_sign_id=set()
2024-12-01 19:17:36,297 INFO server.py 582:: ===========using shortHoGs for detecting UNTARGETED ATTACK====
2024-12-01 19:17:36,344 INFO server.py 608:: labels cluster_sh= [0 0 0 0 0 0 0 0 0 0 0 0 0 0 0 0 0 0 0 0 0 0 0 0 0 0 0 0 0 0 0 0 0 0 0 0 0
 0 0 0]
2024-12-01 19:17:36,353 DEBUG server.py 613:: offset_normal_ids=[ 0  1  2  3  4  5  6  7  8  9 10 11 12 13 14 15 16 17 18 19 20 21 22 23
 24 25 26 27 28 29 30 31 32 33 34 35 36 37 38 39], normal_ids=[ 0  1  2  3  4  5  6  7  8  9 10 11 12 13 14 15 16 17 18 19 20 21 22 23
 24 25 26 27 28 29 30 31 32 33 34 35 36 37 38 39]
2024-12-01 19:17:36,353 INFO server.py 618:: SUSPECTED UNTARGETED []
2024-12-01 19:17:36,354 DEBUG server.py 622:: suspicious_ids=[]
2024-12-01 19:17:36,354 DEBUG server.py 631:: d_normal_sus={}, d_separate=0
2024-12-01 19:17:36,354 INFO server.py 638:: This round UNTARGETED=set(), sus_tAtk_uRel_id0=set()
2024-12-01 19:17:36,355 INFO server.py 656:: =======Using LONG HOGs for detecting TARGETED ATTACK========
2024-12-01 19:17:36,384 INFO server.py 143:: This round TARGETED ATTACK: [ 0  1 32 34 35  7 11 13 14 15 16 21 23 30]
2024-12-01 19:17:36,387 DEBUG server.py 502:: mal_ids={0, 32, 11, 13, 15, 16, 23, 30}, pre_mal_id=defaultdict(<class 'int'>, {0: 6, 1: 3, 2: 0, 3: 0, 4: 0, 5: 0, 6: 0, 7: 2, 8: 0, 9: 0, 10: 0, 11: 6, 12: 0, 13: 6, 14: 2, 15: 6, 16: 6, 17: 0, 18: 0, 19: 0, 20: 0, 21: 2, 22: 0, 23: 6, 24: 0, 25: 0, 26: 0, 27: 0, 28: 0, 29: 0, 30: 6, 31: 0, 32: 6, 33: 0, 34: 2, 35: 2, 36: 0, 37: 0, 38: 0, 39: 0})
2024-12-01 19:17:36,392 INFO server.py 504:: FLIP-SIGN ATTACK=set()
2024-12-01 19:17:36,392 INFO server.py 505:: UNTARGETED ATTACK=set()
2024-12-01 19:17:36,392 INFO server.py 506:: TARGETED ATTACK={0, 32, 11, 13, 15, 16, 23, 30}
2024-12-01 19:17:36,393 INFO server.py 661:: OVERTIME MALICIOUS client ids ={0, 32, 11, 13, 15, 16, 23, 30}
2024-12-01 19:17:36,407 INFO server.py 707:: This round UNRELIABLE=set(), normal_id={1, 2, 3, 4, 5, 6, 7, 8, 9, 10, 12, 14, 17, 18, 19, 20, 21, 22, 24, 25, 26, 27, 28, 29, 31, 33, 34, 35, 36, 37, 38, 39}
2024-12-01 19:17:36,411 DEBUG server.py 709:: anlge_sHoGs={1: nan, 2: nan, 3: nan, 4: nan, 5: nan, 6: nan, 7: nan, 8: nan, 9: nan, 10: nan, 12: nan, 14: nan, 17: nan, 18: nan, 19: nan, 20: nan, 21: nan, 22: nan, 24: nan, 25: nan, 26: nan, 27: nan, 28: nan, 29: nan, 31: nan, 33: nan, 34: nan, 35: nan, 36: nan, 37: nan, 38: nan, 39: nan}, angle_sep_nsH=0
2024-12-01 19:17:36,412 INFO server.py 721:: UNRELIABLE clients =set()
2024-12-01 19:17:36,559 INFO server.py 1059:: clients' sizes=[1, 0, 0, 0, 2, 0, 1, 0, 2, 1, 2, 0, 1, 1, 1, 0, 1, 1, 1, 1, 0, 0, 1, 0, 2, 0], total=19
2024-12-01 19:17:36,566 INFO server.py 327:: [Server] The aggregation takes 0.346511 seconds.

2024-12-01 19:17:36,567 INFO server.py 211:: [Server] Start testing
2024-12-01 19:17:36,581 INFO server.py 235:: [Server] Test set: Average loss: 1.3430, Accuracy: 66/200 (33.0%)

2024-12-01 19:17:36,582 INFO server.py 238:: [Sever] Confusion matrix:
 tensor([[50.,  0.,  0.,  0.],
        [50.,  0.,  0.,  0.],
        [50.,  0.,  0.,  0.],
        [34.,  0.,  0., 16.]])
2024-12-01 19:17:36,583 INFO server.py 254:: [Server] Precision=[0.27173913        nan        nan 1.        ],
 Recall=[1.   0.   0.   0.32],
 F1-score=[0.42735043        nan        nan 0.4848485 ],
 my_accuracy=33.000001311302185[%]
2024-12-01 19:17:36,584 INFO _main.py 208:: ########EPOCH 9 ########
2024-12-01 19:17:36,584 INFO _main.py 209:: ###Model distribution###
2024-12-01 19:17:37,176 INFO server.py 567:: flip_sign_id=set()
2024-12-01 19:17:37,177 INFO server.py 582:: ===========using shortHoGs for detecting UNTARGETED ATTACK====
2024-12-01 19:17:37,218 INFO server.py 608:: labels cluster_sh= [0 0 0 0 0 0 0 0 0 0 0 0 0 0 0 0 0 0 0 0 0 0 0 0 0 0 0 0 0 0 0 0 0 0 0 0 0
 0 0 0]
2024-12-01 19:17:37,226 DEBUG server.py 613:: offset_normal_ids=[ 0  1  2  3  4  5  6  7  8  9 10 11 12 13 14 15 16 17 18 19 20 21 22 23
 24 25 26 27 28 29 30 31 32 33 34 35 36 37 38 39], normal_ids=[ 0  1  2  3  4  5  6  7  8  9 10 11 12 13 14 15 16 17 18 19 20 21 22 23
 24 25 26 27 28 29 30 31 32 33 34 35 36 37 38 39]
2024-12-01 19:17:37,227 INFO server.py 618:: SUSPECTED UNTARGETED []
2024-12-01 19:17:37,227 DEBUG server.py 622:: suspicious_ids=[]
2024-12-01 19:17:37,227 DEBUG server.py 631:: d_normal_sus={}, d_separate=0
2024-12-01 19:17:37,228 INFO server.py 638:: This round UNTARGETED=set(), sus_tAtk_uRel_id0=set()
2024-12-01 19:17:37,228 INFO server.py 656:: =======Using LONG HOGs for detecting TARGETED ATTACK========
2024-12-01 19:17:37,244 INFO server.py 143:: This round TARGETED ATTACK: [ 0 32 34  7 11 13 14 15 16 21 23 30]
2024-12-01 19:17:37,245 DEBUG server.py 502:: mal_ids={0, 32, 11, 13, 15, 16, 23, 30}, pre_mal_id=defaultdict(<class 'int'>, {0: 7, 1: 0, 2: 0, 3: 0, 4: 0, 5: 0, 6: 0, 7: 3, 8: 0, 9: 0, 10: 0, 11: 7, 12: 0, 13: 7, 14: 3, 15: 7, 16: 7, 17: 0, 18: 0, 19: 0, 20: 0, 21: 3, 22: 0, 23: 7, 24: 0, 25: 0, 26: 0, 27: 0, 28: 0, 29: 0, 30: 7, 31: 0, 32: 7, 33: 0, 34: 3, 35: 0, 36: 0, 37: 0, 38: 0, 39: 0})
2024-12-01 19:17:37,245 INFO server.py 504:: FLIP-SIGN ATTACK=set()
2024-12-01 19:17:37,245 INFO server.py 505:: UNTARGETED ATTACK=set()
2024-12-01 19:17:37,246 INFO server.py 506:: TARGETED ATTACK={0, 32, 11, 13, 15, 16, 23, 30}
2024-12-01 19:17:37,246 INFO server.py 661:: OVERTIME MALICIOUS client ids ={0, 32, 11, 13, 15, 16, 23, 30}
2024-12-01 19:17:37,254 INFO server.py 707:: This round UNRELIABLE=set(), normal_id={1, 2, 3, 4, 5, 6, 7, 8, 9, 10, 12, 14, 17, 18, 19, 20, 21, 22, 24, 25, 26, 27, 28, 29, 31, 33, 34, 35, 36, 37, 38, 39}
2024-12-01 19:17:37,254 DEBUG server.py 709:: anlge_sHoGs={1: nan, 2: nan, 3: nan, 4: nan, 5: nan, 6: nan, 7: nan, 8: nan, 9: nan, 10: nan, 12: nan, 14: nan, 17: nan, 18: nan, 19: nan, 20: nan, 21: nan, 22: nan, 24: nan, 25: nan, 26: nan, 27: nan, 28: nan, 29: nan, 31: nan, 33: nan, 34: nan, 35: nan, 36: nan, 37: nan, 38: nan, 39: nan}, angle_sep_nsH=0
2024-12-01 19:17:37,254 INFO server.py 721:: UNRELIABLE clients =set()
2024-12-01 19:17:37,391 INFO server.py 1059:: clients' sizes=[2, 1, 0, 0, 0, 2, 0, 1, 0, 2, 1, 2, 0, 1, 1, 1, 0, 1, 1, 1, 1, 0, 0, 2, 1, 0, 2, 0], total=23
2024-12-01 19:17:37,399 INFO server.py 327:: [Server] The aggregation takes 0.284442 seconds.

2024-12-01 19:17:37,400 INFO server.py 211:: [Server] Start testing
2024-12-01 19:17:37,414 INFO server.py 235:: [Server] Test set: Average loss: 1.3350, Accuracy: 70/200 (35.0%)

2024-12-01 19:17:37,416 INFO server.py 238:: [Sever] Confusion matrix:
 tensor([[50.,  0.,  0.,  0.],
        [50.,  0.,  0.,  0.],
        [50.,  0.,  0.,  0.],
        [30.,  0.,  0., 20.]])
2024-12-01 19:17:37,418 INFO server.py 254:: [Server] Precision=[0.2777778       nan       nan 1.       ],
 Recall=[1.  0.  0.  0.4],
 F1-score=[0.43478262        nan        nan 0.5714286 ],
 my_accuracy=34.99999940395355[%]
