2024-12-02 01:28:26,540 INFO _main.py 39:: ################################################################
2024-12-02 01:28:26,543 INFO _main.py 41:: #                              batch_size: 64                  #
2024-12-02 01:28:26,544 INFO _main.py 41:: #                         test_batch_size: 32                  #
2024-12-02 01:28:26,545 INFO _main.py 41:: #                                  epochs: 5                   #
2024-12-02 01:28:26,545 INFO _main.py 41:: #                               optimizer: SGD                 #
2024-12-02 01:28:26,545 INFO _main.py 41:: #                                      lr: 0.01                #
2024-12-02 01:28:26,548 INFO _main.py 41:: #                                momentum: 0.9                 #
2024-12-02 01:28:26,549 INFO _main.py 41:: #                            weight_decay: 0.0001              #
2024-12-02 01:28:26,549 INFO _main.py 41:: #                                    seed: 1                   #
2024-12-02 01:28:26,549 INFO _main.py 41:: #                            log_interval: 11                  #
2024-12-02 01:28:26,549 INFO _main.py 41:: #                             num_clients: 40                  #
2024-12-02 01:28:26,550 INFO _main.py 41:: #                           output_folder: experiments         #
2024-12-02 01:28:26,550 INFO _main.py 41:: #                                 dataset: rockburst           #
2024-12-02 01:28:26,551 INFO _main.py 41:: #                             loader_type: dirichlet           #
2024-12-02 01:28:26,551 INFO _main.py 41:: #                             loader_path: ./data/loader.pk    #
2024-12-02 01:28:26,551 INFO _main.py 41:: #                                      AR: mudhog              #
2024-12-02 01:28:26,552 INFO _main.py 41:: #                     n_attacker_backdoor: 0                   #
2024-12-02 01:28:26,552 INFO _main.py 41:: #                        backdoor_trigger: [0, 0, 1, 1]        #
2024-12-02 01:28:26,555 INFO _main.py 41:: #                   n_attacker_omniscient: 0                   #
2024-12-02 01:28:26,555 INFO _main.py 41:: #                        omniscient_scale: 1                   #
2024-12-02 01:28:26,555 INFO _main.py 41:: #                                 attacks: None                #
2024-12-02 01:28:26,555 INFO _main.py 41:: #                      save_model_weights: False               #
2024-12-02 01:28:26,556 INFO _main.py 41:: #                         experiment_name: sExp4Ba_40ep_rockburst_mudhog_40C_5#
2024-12-02 01:28:26,556 INFO _main.py 41:: #                          path_to_aggNet: None                #
2024-12-02 01:28:26,556 INFO _main.py 41:: #                                  device: cpu                 #
2024-12-02 01:28:26,557 INFO _main.py 41:: #                            inner_epochs: 30                  #
2024-12-02 01:28:26,557 INFO _main.py 41:: #                                 verbose: True                #
2024-12-02 01:28:26,557 INFO _main.py 41:: #                         list_unreliable: [2, 18, 20]         #
2024-12-02 01:28:26,557 INFO _main.py 41:: #                     unreliable_fraction: 0.5                 #
2024-12-02 01:28:26,558 INFO _main.py 41:: #                    unreliable_fracTrain: 0.3                 #
2024-12-02 01:28:26,559 INFO _main.py 41:: #                         mean_unreliable: 0.0                 #
2024-12-02 01:28:26,559 INFO _main.py 41:: #                             blur_method: add_noise           #
2024-12-02 01:28:26,559 INFO _main.py 41:: #                      max_std_unreliable: 30.0                #
2024-12-02 01:28:26,559 INFO _main.py 41:: #                     list_uatk_add_noise: [24, 25, 26]        #
2024-12-02 01:28:26,562 INFO _main.py 41:: #                          mean_add_noise: 0.0                 #
2024-12-02 01:28:26,562 INFO _main.py 41:: #                           std_add_noise: 0.01                #
2024-12-02 01:28:26,562 INFO _main.py 41:: #                     list_uatk_flip_sign: [0, 10, 11]         #
2024-12-02 01:28:26,563 INFO _main.py 42:: ################################################################
2024-12-02 01:28:26,564 INFO _main.py 43:: Namespace(batch_size=64, test_batch_size=32, epochs=5, optimizer='SGD', lr=0.01, momentum=0.9, weight_decay=0.0001, seed=1, log_interval=11, num_clients=40, output_folder='experiments', dataset='rockburst', loader_type='dirichlet', loader_path='./data/loader.pk', AR='mudhog', n_attacker_backdoor=0, backdoor_trigger=[0, 0, 1, 1], n_attacker_omniscient=0, omniscient_scale=1, attacks=None, save_model_weights=False, experiment_name='sExp4Ba_40ep_rockburst_mudhog_40C_5', path_to_aggNet=None, device='cpu', inner_epochs=30, verbose=True, list_unreliable=[2, 18, 20], unreliable_fraction=0.5, unreliable_fracTrain=0.3, mean_unreliable=0.0, blur_method='add_noise', max_std_unreliable=30.0, list_uatk_add_noise=[24, 25, 26], mean_add_noise=0.0, std_add_noise=0.01, list_uatk_flip_sign=[0, 10, 11])
2024-12-02 01:28:26,564 INFO _main.py 44:: #####################
2024-12-02 01:28:26,564 INFO _main.py 45:: #####################
2024-12-02 01:28:26,565 INFO _main.py 46:: #####################
2024-12-02 01:28:26,566 INFO _main.py 47:: Aggregation Rule:	mudhog
2024-12-02 01:28:26,566 INFO _main.py 48:: Data distribution:	dirichlet
2024-12-02 01:28:26,566 INFO _main.py 49:: Attacks:	None 
2024-12-02 01:28:26,566 INFO _main.py 50:: #####################
2024-12-02 01:28:26,566 INFO _main.py 51:: #####################
2024-12-02 01:28:26,569 INFO _main.py 52:: #####################
2024-12-02 01:28:28,300 INFO server.py 366:: SET DBSCAN eps=1.3, min_samples=10
2024-12-02 01:28:28,303 INFO _main.py 135:: [1-normal, 0-malicious] label =tensor([0., 1., 1., 1., 1., 1., 1., 1., 1., 1., 0., 0., 1., 1., 1., 1., 1., 1.,
        1., 1., 1., 1., 1., 1., 0., 0., 0., 1., 1., 1., 1., 1., 1., 1., 1., 1.,
        1., 1., 1., 1.])
2024-12-02 01:28:28,309 INFO malicious_clients.py 123:: init ATTACK OMNISCIENT Client 0
2024-12-02 01:28:28,314 INFO malicious_clients.py 18:: init UNRELIABLE Client 2
2024-12-02 01:28:28,345 INFO malicious_clients.py 123:: init ATTACK OMNISCIENT Client 10
2024-12-02 01:28:28,350 INFO malicious_clients.py 123:: init ATTACK OMNISCIENT Client 11
2024-12-02 01:28:28,371 INFO malicious_clients.py 18:: init UNRELIABLE Client 18
2024-12-02 01:28:28,379 INFO malicious_clients.py 18:: init UNRELIABLE Client 20
2024-12-02 01:28:28,397 INFO malicious_clients.py 73:: init ATTACK ADD NOISE TO GRAD Client 24
2024-12-02 01:28:28,401 INFO malicious_clients.py 73:: init ATTACK ADD NOISE TO GRAD Client 25
2024-12-02 01:28:28,405 INFO malicious_clients.py 73:: init ATTACK ADD NOISE TO GRAD Client 26
2024-12-02 01:28:28,455 INFO server.py 211:: [Server] Start testing
2024-12-02 01:28:28,472 INFO server.py 235:: [Server] Test set: Average loss: 1.3864, Accuracy: 50/200 (25.0%)

2024-12-02 01:28:28,473 INFO server.py 238:: [Sever] Confusion matrix:
 tensor([[50.,  0.,  0.,  0.],
        [50.,  0.,  0.,  0.],
        [50.,  0.,  0.,  0.],
        [50.,  0.,  0.,  0.]])
2024-12-02 01:28:28,480 INFO server.py 254:: [Server] Precision=[0.25  nan  nan  nan],
 Recall=[1. 0. 0. 0.],
 F1-score=[0.4 nan nan nan],
 my_accuracy=25.0[%]
2024-12-02 01:28:28,482 INFO _main.py 209:: ########EPOCH 0 ########
2024-12-02 01:28:28,486 INFO _main.py 210:: ###Model distribution###
2024-12-02 01:28:31,338 INFO server.py 1078:: clients' sizes=[1, 2, 1, 0, 0, 0, 2, 2, 0, 1, 0, 1, 2, 2, 2, 2, 1, 1, 2, 0, 1, 1, 1, 1, 1, 0, 1, 1, 1, 1, 2, 0, 2, 0, 1, 2, 1, 0, 2, 0], total=41
2024-12-02 01:28:31,352 INFO server.py 327:: [Server] The aggregation takes 0.028163 seconds.

2024-12-02 01:28:31,353 INFO server.py 211:: [Server] Start testing
2024-12-02 01:28:31,367 INFO server.py 235:: [Server] Test set: Average loss: 1.3313, Accuracy: 71/200 (35.5%)

2024-12-02 01:28:31,368 INFO server.py 238:: [Sever] Confusion matrix:
 tensor([[50.,  0.,  0.,  0.],
        [50.,  0.,  0.,  0.],
        [50.,  0.,  0.,  0.],
        [29.,  0.,  0., 21.]])
2024-12-02 01:28:31,369 INFO server.py 254:: [Server] Precision=[0.2793296       nan       nan 1.       ],
 Recall=[1.   0.   0.   0.42],
 F1-score=[0.43668124        nan        nan 0.5915493 ],
 my_accuracy=35.499998927116394[%]
2024-12-02 01:28:31,370 INFO _main.py 209:: ########EPOCH 1 ########
2024-12-02 01:28:31,370 INFO _main.py 210:: ###Model distribution###
2024-12-02 01:28:34,099 INFO server.py 1078:: clients' sizes=[1, 2, 1, 0, 0, 0, 2, 2, 0, 1, 0, 1, 2, 2, 2, 2, 1, 1, 2, 0, 1, 1, 1, 1, 1, 0, 1, 1, 1, 1, 2, 0, 2, 0, 1, 2, 1, 0, 2, 0], total=41
2024-12-02 01:28:34,112 INFO server.py 327:: [Server] The aggregation takes 0.021564 seconds.

2024-12-02 01:28:34,113 INFO server.py 211:: [Server] Start testing
2024-12-02 01:28:34,127 INFO server.py 235:: [Server] Test set: Average loss: 1.1994, Accuracy: 90/200 (45.0%)

2024-12-02 01:28:34,128 INFO server.py 238:: [Sever] Confusion matrix:
 tensor([[50.,  0.,  0.,  0.],
        [46.,  0.,  1.,  3.],
        [34.,  0.,  6., 10.],
        [ 9.,  0.,  7., 34.]])
2024-12-02 01:28:34,130 INFO server.py 254:: [Server] Precision=[0.35971224        nan 0.42857143 0.7234042 ],
 Recall=[1.   0.   0.12 0.68],
 F1-score=[0.52910054        nan 0.1875     0.7010309 ],
 my_accuracy=44.999998807907104[%]
2024-12-02 01:28:34,131 INFO _main.py 209:: ########EPOCH 2 ########
2024-12-02 01:28:34,132 INFO _main.py 210:: ###Model distribution###
2024-12-02 01:28:37,614 INFO server.py 1078:: clients' sizes=[1, 2, 1, 0, 0, 0, 2, 2, 0, 1, 0, 1, 2, 2, 2, 2, 1, 1, 2, 0, 1, 1, 1, 1, 1, 0, 1, 1, 1, 1, 2, 0, 2, 0, 1, 2, 1, 0, 2, 0], total=41
2024-12-02 01:28:37,630 INFO server.py 327:: [Server] The aggregation takes 0.026884 seconds.

2024-12-02 01:28:37,631 INFO server.py 211:: [Server] Start testing
2024-12-02 01:28:37,653 INFO server.py 235:: [Server] Test set: Average loss: 1.0688, Accuracy: 107/200 (53.5%)

2024-12-02 01:28:37,655 INFO server.py 238:: [Sever] Confusion matrix:
 tensor([[47.,  1.,  2.,  0.],
        [33., 11.,  3.,  3.],
        [18., 10., 13.,  9.],
        [ 6.,  1.,  7., 36.]])
2024-12-02 01:28:37,656 INFO server.py 254:: [Server] Precision=[0.45192307 0.47826087 0.52       0.75      ],
 Recall=[0.94 0.22 0.26 0.72],
 F1-score=[0.61038965 0.30136985 0.34666666 0.7346939 ],
 my_accuracy=53.50000262260437[%]
2024-12-02 01:28:37,657 INFO _main.py 209:: ########EPOCH 3 ########
2024-12-02 01:28:37,657 INFO _main.py 210:: ###Model distribution###
2024-12-02 01:28:41,871 INFO server.py 570:: flip_sign_id=set()
2024-12-02 01:28:41,872 INFO server.py 585:: ===========using shortHoGs for detecting UNTARGETED ATTACK====
2024-12-02 01:28:42,445 INFO server.py 611:: labels cluster_sh= [0 0 0 0 0 0 0 0 0 0 0 0 0 0 0 0 0 0 0 0 0 0 0 0 0 0 0 0 0 0 0 0 0 0 0 0 0
 0 0 0]
2024-12-02 01:28:42,463 DEBUG server.py 616:: offset_normal_ids=[ 0  1  2  3  4  5  6  7  8  9 10 11 12 13 14 15 16 17 18 19 20 21 22 23
 24 25 26 27 28 29 30 31 32 33 34 35 36 37 38 39], normal_ids=[ 0  1  2  3  4  5  6  7  8  9 10 11 12 13 14 15 16 17 18 19 20 21 22 23
 24 25 26 27 28 29 30 31 32 33 34 35 36 37 38 39]
2024-12-02 01:28:42,464 INFO server.py 621:: SUSPECTED UNTARGETED []
2024-12-02 01:28:42,466 DEBUG server.py 625:: suspicious_ids=[]
2024-12-02 01:28:42,467 DEBUG server.py 634:: d_normal_sus={}, d_separate=0
2024-12-02 01:28:42,469 INFO server.py 642:: This round UNTARGETED=set(), sus_tAtk_uRel_id0=set()
2024-12-02 01:28:42,480 INFO server.py 712:: This round UNRELIABLE=set(), normal_id={0, 1, 2, 3, 4, 5, 6, 7, 8, 9, 10, 11, 12, 13, 14, 15, 16, 17, 18, 19, 20, 21, 22, 23, 24, 25, 26, 27, 28, 29, 30, 31, 32, 33, 34, 35, 36, 37, 38, 39}
2024-12-02 01:28:42,480 DEBUG server.py 714:: anlge_sHoGs={0: nan, 1: nan, 2: nan, 3: nan, 4: nan, 5: nan, 6: nan, 7: nan, 8: nan, 9: nan, 10: nan, 11: nan, 12: nan, 13: nan, 14: nan, 15: nan, 16: nan, 17: nan, 18: nan, 19: nan, 20: nan, 21: nan, 22: nan, 23: nan, 24: nan, 25: nan, 26: nan, 27: nan, 28: nan, 29: nan, 30: nan, 31: nan, 32: nan, 33: nan, 34: nan, 35: nan, 36: nan, 37: nan, 38: nan, 39: nan}, angle_sep_nsH=0
2024-12-02 01:28:42,481 INFO server.py 727:: UNRELIABLE clients =set()
2024-12-02 01:28:42,482 INFO server.py 1078:: clients' sizes=[1, 2, 1, 0, 0, 0, 2, 2, 0, 1, 0, 1, 2, 2, 2, 2, 1, 1, 2, 0, 1, 1, 1, 1, 1, 0, 1, 1, 1, 1, 2, 0, 2, 0, 1, 2, 1, 0, 2, 0], total=41
2024-12-02 01:28:42,500 INFO server.py 327:: [Server] The aggregation takes 0.738670 seconds.

2024-12-02 01:28:42,501 INFO server.py 211:: [Server] Start testing
2024-12-02 01:28:42,523 INFO server.py 235:: [Server] Test set: Average loss: 0.9836, Accuracy: 121/200 (60.5%)

2024-12-02 01:28:42,526 INFO server.py 238:: [Sever] Confusion matrix:
 tensor([[46.,  2.,  2.,  0.],
        [20., 21.,  6.,  3.],
        [13., 14., 15.,  8.],
        [ 0.,  6.,  5., 39.]])
2024-12-02 01:28:42,528 INFO server.py 254:: [Server] Precision=[0.5822785  0.4883721  0.53571427 0.78      ],
 Recall=[0.92 0.42 0.3  0.78],
 F1-score=[0.7131783  0.45161292 0.3846154  0.7799999 ],
 my_accuracy=60.50000190734863[%]
2024-12-02 01:28:42,529 INFO _main.py 209:: ########EPOCH 4 ########
2024-12-02 01:28:42,529 INFO _main.py 210:: ###Model distribution###
2024-12-02 01:28:45,535 INFO server.py 570:: flip_sign_id=set()
2024-12-02 01:28:45,535 INFO server.py 585:: ===========using shortHoGs for detecting UNTARGETED ATTACK====
2024-12-02 01:28:45,578 INFO server.py 611:: labels cluster_sh= [0 0 0 0 0 0 0 0 0 0 0 0 0 0 0 0 0 0 0 0 0 0 0 0 0 0 0 0 0 0 0 0 0 0 0 0 0
 0 0 0]
2024-12-02 01:28:45,586 DEBUG server.py 616:: offset_normal_ids=[ 0  1  2  3  4  5  6  7  8  9 10 11 12 13 14 15 16 17 18 19 20 21 22 23
 24 25 26 27 28 29 30 31 32 33 34 35 36 37 38 39], normal_ids=[ 0  1  2  3  4  5  6  7  8  9 10 11 12 13 14 15 16 17 18 19 20 21 22 23
 24 25 26 27 28 29 30 31 32 33 34 35 36 37 38 39]
2024-12-02 01:28:45,587 INFO server.py 621:: SUSPECTED UNTARGETED []
2024-12-02 01:28:45,588 DEBUG server.py 625:: suspicious_ids=[]
2024-12-02 01:28:45,588 DEBUG server.py 634:: d_normal_sus={}, d_separate=0
2024-12-02 01:28:45,588 INFO server.py 642:: This round UNTARGETED=set(), sus_tAtk_uRel_id0=set()
2024-12-02 01:28:45,598 INFO server.py 712:: This round UNRELIABLE=set(), normal_id={0, 1, 2, 3, 4, 5, 6, 7, 8, 9, 10, 11, 12, 13, 14, 15, 16, 17, 18, 19, 20, 21, 22, 23, 24, 25, 26, 27, 28, 29, 30, 31, 32, 33, 34, 35, 36, 37, 38, 39}
2024-12-02 01:28:45,598 DEBUG server.py 714:: anlge_sHoGs={0: nan, 1: nan, 2: nan, 3: nan, 4: nan, 5: nan, 6: nan, 7: nan, 8: nan, 9: nan, 10: nan, 11: nan, 12: nan, 13: nan, 14: nan, 15: nan, 16: nan, 17: nan, 18: nan, 19: nan, 20: nan, 21: nan, 22: nan, 23: nan, 24: nan, 25: nan, 26: nan, 27: nan, 28: nan, 29: nan, 30: nan, 31: nan, 32: nan, 33: nan, 34: nan, 35: nan, 36: nan, 37: nan, 38: nan, 39: nan}, angle_sep_nsH=0
2024-12-02 01:28:45,598 INFO server.py 727:: UNRELIABLE clients =set()
2024-12-02 01:28:45,600 INFO server.py 1078:: clients' sizes=[1, 2, 1, 0, 0, 0, 2, 2, 0, 1, 0, 1, 2, 2, 2, 2, 1, 1, 2, 0, 1, 1, 1, 1, 1, 0, 1, 1, 1, 1, 2, 0, 2, 0, 1, 2, 1, 0, 2, 0], total=41
2024-12-02 01:28:45,653 INFO server.py 327:: [Server] The aggregation takes 0.191187 seconds.

2024-12-02 01:28:45,656 INFO server.py 211:: [Server] Start testing
2024-12-02 01:28:45,698 INFO server.py 235:: [Server] Test set: Average loss: 0.9405, Accuracy: 121/200 (60.5%)

2024-12-02 01:28:45,700 INFO server.py 238:: [Sever] Confusion matrix:
 tensor([[41.,  7.,  2.,  0.],
        [18., 23.,  7.,  2.],
        [10., 14., 18.,  8.],
        [ 0.,  6.,  5., 39.]])
2024-12-02 01:28:45,702 INFO server.py 254:: [Server] Precision=[0.5942029  0.46       0.5625     0.79591835],
 Recall=[0.82 0.46 0.36 0.78],
 F1-score=[0.6890756  0.46       0.43902442 0.78787875],
 my_accuracy=60.50000190734863[%]
