2024-12-01 20:16:22,166 INFO _main.py 39:: ################################################################
2024-12-01 20:16:22,169 INFO _main.py 41:: #                              batch_size: 64                  #
2024-12-01 20:16:22,172 INFO _main.py 41:: #                         test_batch_size: 32                  #
2024-12-01 20:16:22,173 INFO _main.py 41:: #                                  epochs: 10                  #
2024-12-01 20:16:22,173 INFO _main.py 41:: #                               optimizer: SGD                 #
2024-12-01 20:16:22,173 INFO _main.py 41:: #                                      lr: 0.01                #
2024-12-01 20:16:22,174 INFO _main.py 41:: #                                momentum: 0.9                 #
2024-12-01 20:16:22,175 INFO _main.py 41:: #                            weight_decay: 0.0001              #
2024-12-01 20:16:22,175 INFO _main.py 41:: #                                    seed: 1                   #
2024-12-01 20:16:22,176 INFO _main.py 41:: #                            log_interval: 11                  #
2024-12-01 20:16:22,176 INFO _main.py 41:: #                             num_clients: 40                  #
2024-12-01 20:16:22,176 INFO _main.py 41:: #                           output_folder: experiments         #
2024-12-01 20:16:22,177 INFO _main.py 41:: #                                 dataset: rockburst           #
2024-12-01 20:16:22,177 INFO _main.py 41:: #                             loader_type: dirichlet           #
2024-12-01 20:16:22,177 INFO _main.py 41:: #                             loader_path: ./data/loader.pk    #
2024-12-01 20:16:22,177 INFO _main.py 41:: #                                      AR: mudhog              #
2024-12-01 20:16:22,177 INFO _main.py 41:: #                     n_attacker_backdoor: 0                   #
2024-12-01 20:16:22,177 INFO _main.py 41:: #                        backdoor_trigger: [0, 0, 1, 1]        #
2024-12-01 20:16:22,178 INFO _main.py 41:: #                   n_attacker_omniscient: 0                   #
2024-12-01 20:16:22,178 INFO _main.py 41:: #                        omniscient_scale: 1                   #
2024-12-01 20:16:22,178 INFO _main.py 41:: #                                 attacks: None                #
2024-12-01 20:16:22,178 INFO _main.py 41:: #                      save_model_weights: False               #
2024-12-01 20:16:22,178 INFO _main.py 41:: #                         experiment_name: sExp4Ba_40ep_rockburst_mudhog_40C_5#
2024-12-01 20:16:22,178 INFO _main.py 41:: #                          path_to_aggNet: None                #
2024-12-01 20:16:22,179 INFO _main.py 41:: #                                  device: cpu                 #
2024-12-01 20:16:22,179 INFO _main.py 41:: #                            inner_epochs: 4                   #
2024-12-01 20:16:22,179 INFO _main.py 41:: #                                 verbose: True                #
2024-12-01 20:16:22,179 INFO _main.py 41:: #                         list_unreliable: [2, 18, 20]         #
2024-12-01 20:16:22,180 INFO _main.py 41:: #                     unreliable_fraction: 0.5                 #
2024-12-01 20:16:22,180 INFO _main.py 41:: #                    unreliable_fracTrain: 0.3                 #
2024-12-01 20:16:22,180 INFO _main.py 41:: #                         mean_unreliable: 0.0                 #
2024-12-01 20:16:22,180 INFO _main.py 41:: #                             blur_method: add_noise           #
2024-12-01 20:16:22,180 INFO _main.py 41:: #                      max_std_unreliable: 30.0                #
2024-12-01 20:16:22,181 INFO _main.py 41:: #                     list_uatk_add_noise: [24, 25, 26]        #
2024-12-01 20:16:22,181 INFO _main.py 41:: #                          mean_add_noise: 0.0                 #
2024-12-01 20:16:22,181 INFO _main.py 41:: #                           std_add_noise: 0.01                #
2024-12-01 20:16:22,182 INFO _main.py 41:: #                     list_uatk_flip_sign: [0, 10, 11]         #
2024-12-01 20:16:22,182 INFO _main.py 42:: ################################################################
2024-12-01 20:16:22,182 INFO _main.py 43:: Namespace(batch_size=64, test_batch_size=32, epochs=10, optimizer='SGD', lr=0.01, momentum=0.9, weight_decay=0.0001, seed=1, log_interval=11, num_clients=40, output_folder='experiments', dataset='rockburst', loader_type='dirichlet', loader_path='./data/loader.pk', AR='mudhog', n_attacker_backdoor=0, backdoor_trigger=[0, 0, 1, 1], n_attacker_omniscient=0, omniscient_scale=1, attacks=None, save_model_weights=False, experiment_name='sExp4Ba_40ep_rockburst_mudhog_40C_5', path_to_aggNet=None, device='cpu', inner_epochs=4, verbose=True, list_unreliable=[2, 18, 20], unreliable_fraction=0.5, unreliable_fracTrain=0.3, mean_unreliable=0.0, blur_method='add_noise', max_std_unreliable=30.0, list_uatk_add_noise=[24, 25, 26], mean_add_noise=0.0, std_add_noise=0.01, list_uatk_flip_sign=[0, 10, 11])
2024-12-01 20:16:22,183 INFO _main.py 44:: #####################
2024-12-01 20:16:22,183 INFO _main.py 45:: #####################
2024-12-01 20:16:22,183 INFO _main.py 46:: #####################
2024-12-01 20:16:22,183 INFO _main.py 47:: Aggregation Rule:	mudhog
2024-12-01 20:16:22,183 INFO _main.py 48:: Data distribution:	dirichlet
2024-12-01 20:16:22,183 INFO _main.py 49:: Attacks:	None 
2024-12-01 20:16:22,184 INFO _main.py 50:: #####################
2024-12-01 20:16:22,184 INFO _main.py 51:: #####################
2024-12-01 20:16:22,184 INFO _main.py 52:: #####################
2024-12-01 20:16:23,802 INFO server.py 366:: SET DBSCAN eps=1.3, min_samples=10
2024-12-01 20:16:23,805 INFO _main.py 135:: [1-normal, 0-malicious] label =tensor([0., 1., 1., 1., 1., 1., 1., 1., 1., 1., 0., 0., 1., 1., 1., 1., 1., 1.,
        1., 1., 1., 1., 1., 1., 0., 0., 0., 1., 1., 1., 1., 1., 1., 1., 1., 1.,
        1., 1., 1., 1.])
2024-12-01 20:16:23,811 INFO malicious_clients.py 102:: init ATTACK OMNISCIENT Client 0
2024-12-01 20:16:23,816 INFO malicious_clients.py 18:: init UNRELIABLE Client 2
2024-12-01 20:16:23,848 INFO malicious_clients.py 102:: init ATTACK OMNISCIENT Client 10
2024-12-01 20:16:23,853 INFO malicious_clients.py 102:: init ATTACK OMNISCIENT Client 11
2024-12-01 20:16:23,877 INFO malicious_clients.py 18:: init UNRELIABLE Client 18
2024-12-01 20:16:23,885 INFO malicious_clients.py 18:: init UNRELIABLE Client 20
2024-12-01 20:16:23,902 INFO malicious_clients.py 73:: init ATTACK ADD NOISE TO GRAD Client 24
2024-12-01 20:16:23,906 INFO malicious_clients.py 73:: init ATTACK ADD NOISE TO GRAD Client 25
2024-12-01 20:16:23,910 INFO malicious_clients.py 73:: init ATTACK ADD NOISE TO GRAD Client 26
2024-12-01 20:16:23,965 INFO server.py 211:: [Server] Start testing
2024-12-01 20:16:23,983 INFO server.py 235:: [Server] Test set: Average loss: 1.3864, Accuracy: 50/200 (25.0%)

2024-12-01 20:16:23,984 INFO server.py 238:: [Sever] Confusion matrix:
 tensor([[50.,  0.,  0.,  0.],
        [50.,  0.,  0.,  0.],
        [50.,  0.,  0.,  0.],
        [50.,  0.,  0.,  0.]])
2024-12-01 20:16:23,993 INFO server.py 254:: [Server] Precision=[0.25  nan  nan  nan],
 Recall=[1. 0. 0. 0.],
 F1-score=[0.4 nan nan nan],
 my_accuracy=25.0[%]
2024-12-01 20:16:23,995 INFO _main.py 209:: ########EPOCH 0 ########
2024-12-01 20:16:23,996 INFO _main.py 210:: ###Model distribution###
2024-12-01 20:16:24,455 INFO server.py 1064:: clients' sizes=[1, 2, 1, 0, 0, 0, 2, 2, 0, 1, 0, 1, 2, 2, 2, 2, 1, 1, 2, 0, 1, 1, 1, 1, 1, 0, 1, 1, 1, 1, 2, 0, 2, 0, 1, 2, 1, 0, 2, 0], total=41
2024-12-01 20:16:24,475 INFO server.py 327:: [Server] The aggregation takes 0.039087 seconds.

2024-12-01 20:16:24,476 INFO server.py 211:: [Server] Start testing
2024-12-01 20:16:24,492 INFO server.py 235:: [Server] Test set: Average loss: 1.3838, Accuracy: 50/200 (25.0%)

2024-12-01 20:16:24,494 INFO server.py 238:: [Sever] Confusion matrix:
 tensor([[50.,  0.,  0.,  0.],
        [50.,  0.,  0.,  0.],
        [50.,  0.,  0.,  0.],
        [50.,  0.,  0.,  0.]])
2024-12-01 20:16:24,495 INFO server.py 254:: [Server] Precision=[0.25  nan  nan  nan],
 Recall=[1. 0. 0. 0.],
 F1-score=[0.4 nan nan nan],
 my_accuracy=25.0[%]
2024-12-01 20:16:24,496 INFO _main.py 209:: ########EPOCH 1 ########
2024-12-01 20:16:24,496 INFO _main.py 210:: ###Model distribution###
2024-12-01 20:16:24,937 INFO server.py 1064:: clients' sizes=[1, 2, 1, 0, 0, 0, 2, 2, 0, 1, 0, 1, 2, 2, 2, 2, 1, 1, 2, 0, 1, 1, 1, 1, 1, 0, 1, 1, 1, 1, 2, 0, 2, 0, 1, 2, 1, 0, 2, 0], total=41
2024-12-01 20:16:24,953 INFO server.py 327:: [Server] The aggregation takes 0.024388 seconds.

2024-12-01 20:16:24,954 INFO server.py 211:: [Server] Start testing
2024-12-01 20:16:24,969 INFO server.py 235:: [Server] Test set: Average loss: 1.3781, Accuracy: 50/200 (25.0%)

2024-12-01 20:16:24,970 INFO server.py 238:: [Sever] Confusion matrix:
 tensor([[50.,  0.,  0.,  0.],
        [50.,  0.,  0.,  0.],
        [50.,  0.,  0.,  0.],
        [50.,  0.,  0.,  0.]])
2024-12-01 20:16:24,971 INFO server.py 254:: [Server] Precision=[0.25  nan  nan  nan],
 Recall=[1. 0. 0. 0.],
 F1-score=[0.4 nan nan nan],
 my_accuracy=25.0[%]
2024-12-01 20:16:24,972 INFO _main.py 209:: ########EPOCH 2 ########
2024-12-01 20:16:24,972 INFO _main.py 210:: ###Model distribution###
2024-12-01 20:16:25,413 INFO server.py 1064:: clients' sizes=[1, 2, 1, 0, 0, 0, 2, 2, 0, 1, 0, 1, 2, 2, 2, 2, 1, 1, 2, 0, 1, 1, 1, 1, 1, 0, 1, 1, 1, 1, 2, 0, 2, 0, 1, 2, 1, 0, 2, 0], total=41
2024-12-01 20:16:25,424 INFO server.py 327:: [Server] The aggregation takes 0.019316 seconds.

2024-12-01 20:16:25,425 INFO server.py 211:: [Server] Start testing
2024-12-01 20:16:25,439 INFO server.py 235:: [Server] Test set: Average loss: 1.3712, Accuracy: 50/200 (25.0%)

2024-12-01 20:16:25,440 INFO server.py 238:: [Sever] Confusion matrix:
 tensor([[50.,  0.,  0.,  0.],
        [50.,  0.,  0.,  0.],
        [50.,  0.,  0.,  0.],
        [50.,  0.,  0.,  0.]])
2024-12-01 20:16:25,441 INFO server.py 254:: [Server] Precision=[0.25  nan  nan  nan],
 Recall=[1. 0. 0. 0.],
 F1-score=[0.4 nan nan nan],
 my_accuracy=25.0[%]
2024-12-01 20:16:25,442 INFO _main.py 209:: ########EPOCH 3 ########
2024-12-01 20:16:25,442 INFO _main.py 210:: ###Model distribution###
2024-12-01 20:16:25,978 INFO server.py 568:: flip_sign_id=set()
2024-12-01 20:16:25,978 INFO server.py 583:: ===========using shortHoGs for detecting UNTARGETED ATTACK====
2024-12-01 20:16:26,192 INFO server.py 609:: labels cluster_sh= [0 0 0 0 0 0 0 0 0 0 0 0 0 0 0 0 0 0 0 0 0 0 0 0 0 0 0 0 0 0 0 0 0 0 0 0 0
 0 0 0]
2024-12-01 20:16:26,200 DEBUG server.py 614:: offset_normal_ids=[ 0  1  2  3  4  5  6  7  8  9 10 11 12 13 14 15 16 17 18 19 20 21 22 23
 24 25 26 27 28 29 30 31 32 33 34 35 36 37 38 39], normal_ids=[ 0  1  2  3  4  5  6  7  8  9 10 11 12 13 14 15 16 17 18 19 20 21 22 23
 24 25 26 27 28 29 30 31 32 33 34 35 36 37 38 39]
2024-12-01 20:16:26,201 INFO server.py 619:: SUSPECTED UNTARGETED []
2024-12-01 20:16:26,201 DEBUG server.py 623:: suspicious_ids=[]
2024-12-01 20:16:26,202 DEBUG server.py 632:: d_normal_sus={}, d_separate=0
2024-12-01 20:16:26,202 INFO server.py 639:: This round UNTARGETED=set(), sus_tAtk_uRel_id0=set()
2024-12-01 20:16:26,202 INFO server.py 657:: =======Using LONG HOGs for detecting TARGETED ATTACK========
2024-12-01 20:16:26,225 INFO server.py 143:: This round TARGETED ATTACK: [ 0  1 32  6 38 11 12 15 23 28 29 30]
2024-12-01 20:16:26,225 DEBUG server.py 502:: mal_ids=set(), pre_mal_id=defaultdict(<class 'int'>, {0: 1, 1: 1, 2: 0, 3: 0, 4: 0, 5: 0, 6: 1, 7: 0, 8: 0, 9: 0, 10: 0, 11: 1, 12: 1, 13: 0, 14: 0, 15: 1, 16: 0, 17: 0, 18: 0, 19: 0, 20: 0, 21: 0, 22: 0, 23: 1, 24: 0, 25: 0, 26: 0, 27: 0, 28: 1, 29: 1, 30: 1, 31: 0, 32: 1, 33: 0, 34: 0, 35: 0, 36: 0, 37: 0, 38: 1, 39: 0})
2024-12-01 20:16:26,225 INFO server.py 504:: FLIP-SIGN ATTACK=set()
2024-12-01 20:16:26,225 INFO server.py 505:: UNTARGETED ATTACK=set()
2024-12-01 20:16:26,226 INFO server.py 506:: TARGETED ATTACK=set()
2024-12-01 20:16:26,226 INFO server.py 662:: OVERTIME MALICIOUS client ids =set()
2024-12-01 20:16:26,234 INFO server.py 708:: This round UNRELIABLE=set(), normal_id={0, 1, 2, 3, 4, 5, 6, 7, 8, 9, 10, 11, 12, 13, 14, 15, 16, 17, 18, 19, 20, 21, 22, 23, 24, 25, 26, 27, 28, 29, 30, 31, 32, 33, 34, 35, 36, 37, 38, 39}
2024-12-01 20:16:26,234 DEBUG server.py 710:: anlge_sHoGs={0: nan, 1: nan, 2: nan, 3: nan, 4: nan, 5: nan, 6: nan, 7: nan, 8: nan, 9: nan, 10: nan, 11: nan, 12: nan, 13: nan, 14: nan, 15: nan, 16: nan, 17: nan, 18: nan, 19: nan, 20: nan, 21: nan, 22: nan, 23: nan, 24: nan, 25: nan, 26: nan, 27: nan, 28: nan, 29: nan, 30: nan, 31: nan, 32: nan, 33: nan, 34: nan, 35: nan, 36: nan, 37: nan, 38: nan, 39: nan}, angle_sep_nsH=0
2024-12-01 20:16:26,235 INFO server.py 722:: UNRELIABLE clients =set()
2024-12-01 20:16:26,237 INFO server.py 1064:: clients' sizes=[1, 0, 0, 0, 2, 0, 1, 0, 2, 2, 1, 1, 2, 0, 1, 1, 1, 1, 0, 1, 1, 0, 0, 1, 2, 1, 0, 0], total=22
2024-12-01 20:16:26,249 INFO server.py 327:: [Server] The aggregation takes 0.374043 seconds.

2024-12-01 20:16:26,250 INFO server.py 211:: [Server] Start testing
2024-12-01 20:16:26,295 INFO server.py 235:: [Server] Test set: Average loss: 1.3671, Accuracy: 53/200 (26.5%)

2024-12-01 20:16:26,298 INFO server.py 238:: [Sever] Confusion matrix:
 tensor([[50.,  0.,  0.,  0.],
        [50.,  0.,  0.,  0.],
        [50.,  0.,  0.,  0.],
        [47.,  0.,  0.,  3.]])
2024-12-01 20:16:26,300 INFO server.py 254:: [Server] Precision=[0.2538071       nan       nan 1.       ],
 Recall=[1.   0.   0.   0.06],
 F1-score=[0.4048583         nan        nan 0.11320755],
 my_accuracy=26.499998569488525[%]
2024-12-01 20:16:26,301 INFO _main.py 209:: ########EPOCH 4 ########
2024-12-01 20:16:26,302 INFO _main.py 210:: ###Model distribution###
2024-12-01 20:16:27,048 INFO server.py 568:: flip_sign_id=set()
2024-12-01 20:16:27,049 INFO server.py 583:: ===========using shortHoGs for detecting UNTARGETED ATTACK====
2024-12-01 20:16:27,096 INFO server.py 609:: labels cluster_sh= [0 0 0 0 0 0 0 0 0 0 0 0 0 0 0 0 0 0 0 0 0 0 0 0 0 0 0 0 0 0 0 0 0 0 0 0 0
 0 0 0]
2024-12-01 20:16:27,104 DEBUG server.py 614:: offset_normal_ids=[ 0  1  2  3  4  5  6  7  8  9 10 11 12 13 14 15 16 17 18 19 20 21 22 23
 24 25 26 27 28 29 30 31 32 33 34 35 36 37 38 39], normal_ids=[ 0  1  2  3  4  5  6  7  8  9 10 11 12 13 14 15 16 17 18 19 20 21 22 23
 24 25 26 27 28 29 30 31 32 33 34 35 36 37 38 39]
2024-12-01 20:16:27,105 INFO server.py 619:: SUSPECTED UNTARGETED []
2024-12-01 20:16:27,105 DEBUG server.py 623:: suspicious_ids=[]
2024-12-01 20:16:27,106 DEBUG server.py 632:: d_normal_sus={}, d_separate=0
2024-12-01 20:16:27,106 INFO server.py 639:: This round UNTARGETED=set(), sus_tAtk_uRel_id0=set()
2024-12-01 20:16:27,106 INFO server.py 657:: =======Using LONG HOGs for detecting TARGETED ATTACK========
2024-12-01 20:16:27,132 INFO server.py 143:: This round TARGETED ATTACK: [ 0  1 32  6 38 11 12 13 15 16 23 28 29 30]
2024-12-01 20:16:27,136 DEBUG server.py 502:: mal_ids=set(), pre_mal_id=defaultdict(<class 'int'>, {0: 2, 1: 2, 2: 0, 3: 0, 4: 0, 5: 0, 6: 2, 7: 0, 8: 0, 9: 0, 10: 0, 11: 2, 12: 2, 13: 1, 14: 0, 15: 2, 16: 1, 17: 0, 18: 0, 19: 0, 20: 0, 21: 0, 22: 0, 23: 2, 24: 0, 25: 0, 26: 0, 27: 0, 28: 2, 29: 2, 30: 2, 31: 0, 32: 2, 33: 0, 34: 0, 35: 0, 36: 0, 37: 0, 38: 2, 39: 0})
2024-12-01 20:16:27,137 INFO server.py 504:: FLIP-SIGN ATTACK=set()
2024-12-01 20:16:27,137 INFO server.py 505:: UNTARGETED ATTACK=set()
2024-12-01 20:16:27,138 INFO server.py 506:: TARGETED ATTACK=set()
2024-12-01 20:16:27,138 INFO server.py 662:: OVERTIME MALICIOUS client ids =set()
2024-12-01 20:16:27,152 INFO server.py 708:: This round UNRELIABLE=set(), normal_id={0, 1, 2, 3, 4, 5, 6, 7, 8, 9, 10, 11, 12, 13, 14, 15, 16, 17, 18, 19, 20, 21, 22, 23, 24, 25, 26, 27, 28, 29, 30, 31, 32, 33, 34, 35, 36, 37, 38, 39}
2024-12-01 20:16:27,154 DEBUG server.py 710:: anlge_sHoGs={0: nan, 1: nan, 2: nan, 3: nan, 4: nan, 5: nan, 6: nan, 7: nan, 8: nan, 9: nan, 10: nan, 11: nan, 12: nan, 13: nan, 14: nan, 15: nan, 16: nan, 17: nan, 18: nan, 19: nan, 20: nan, 21: nan, 22: nan, 23: nan, 24: nan, 25: nan, 26: nan, 27: nan, 28: nan, 29: nan, 30: nan, 31: nan, 32: nan, 33: nan, 34: nan, 35: nan, 36: nan, 37: nan, 38: nan, 39: nan}, angle_sep_nsH=0
2024-12-01 20:16:27,155 INFO server.py 722:: UNRELIABLE clients =set()
2024-12-01 20:16:27,157 INFO server.py 1064:: clients' sizes=[1, 0, 0, 0, 2, 0, 1, 0, 2, 1, 2, 0, 1, 1, 1, 1, 0, 1, 1, 0, 0, 1, 2, 1, 0, 0], total=19
2024-12-01 20:16:27,198 INFO server.py 327:: [Server] The aggregation takes 0.261611 seconds.

2024-12-01 20:16:27,200 INFO server.py 211:: [Server] Start testing
2024-12-01 20:16:27,258 INFO server.py 235:: [Server] Test set: Average loss: 1.3639, Accuracy: 54/200 (27.0%)

2024-12-01 20:16:27,260 INFO server.py 238:: [Sever] Confusion matrix:
 tensor([[50.,  0.,  0.,  0.],
        [50.,  0.,  0.,  0.],
        [50.,  0.,  0.,  0.],
        [46.,  0.,  0.,  4.]])
2024-12-01 20:16:27,261 INFO server.py 254:: [Server] Precision=[0.25510204        nan        nan 1.        ],
 Recall=[1.   0.   0.   0.08],
 F1-score=[0.40650406        nan        nan 0.14814813],
 my_accuracy=27.000001072883606[%]
2024-12-01 20:16:27,262 INFO _main.py 209:: ########EPOCH 5 ########
2024-12-01 20:16:27,263 INFO _main.py 210:: ###Model distribution###
2024-12-01 20:16:27,992 INFO server.py 568:: flip_sign_id=set()
2024-12-01 20:16:27,993 INFO server.py 583:: ===========using shortHoGs for detecting UNTARGETED ATTACK====
2024-12-01 20:16:28,484 INFO server.py 609:: labels cluster_sh= [0 0 0 0 0 0 0 0 0 0 0 0 0 0 0 0 0 0 0 0 0 0 0 0 0 0 0 0 0 0 0 0 0 0 0 0 0
 0 0 0]
2024-12-01 20:16:28,513 DEBUG server.py 614:: offset_normal_ids=[ 0  1  2  3  4  5  6  7  8  9 10 11 12 13 14 15 16 17 18 19 20 21 22 23
 24 25 26 27 28 29 30 31 32 33 34 35 36 37 38 39], normal_ids=[ 0  1  2  3  4  5  6  7  8  9 10 11 12 13 14 15 16 17 18 19 20 21 22 23
 24 25 26 27 28 29 30 31 32 33 34 35 36 37 38 39]
2024-12-01 20:16:28,513 INFO server.py 619:: SUSPECTED UNTARGETED []
2024-12-01 20:16:28,515 DEBUG server.py 623:: suspicious_ids=[]
2024-12-01 20:16:28,515 DEBUG server.py 632:: d_normal_sus={}, d_separate=0
2024-12-01 20:16:28,515 INFO server.py 639:: This round UNTARGETED=set(), sus_tAtk_uRel_id0=set()
2024-12-01 20:16:28,516 INFO server.py 657:: =======Using LONG HOGs for detecting TARGETED ATTACK========
2024-12-01 20:16:28,553 INFO server.py 143:: This round TARGETED ATTACK: [ 0  1 32  6 38 11 12 13 15 16 23 28 29 30]
2024-12-01 20:16:28,554 DEBUG server.py 502:: mal_ids=set(), pre_mal_id=defaultdict(<class 'int'>, {0: 3, 1: 3, 2: 0, 3: 0, 4: 0, 5: 0, 6: 3, 7: 0, 8: 0, 9: 0, 10: 0, 11: 3, 12: 3, 13: 2, 14: 0, 15: 3, 16: 2, 17: 0, 18: 0, 19: 0, 20: 0, 21: 0, 22: 0, 23: 3, 24: 0, 25: 0, 26: 0, 27: 0, 28: 3, 29: 3, 30: 3, 31: 0, 32: 3, 33: 0, 34: 0, 35: 0, 36: 0, 37: 0, 38: 3, 39: 0})
2024-12-01 20:16:28,554 INFO server.py 504:: FLIP-SIGN ATTACK=set()
2024-12-01 20:16:28,554 INFO server.py 505:: UNTARGETED ATTACK=set()
2024-12-01 20:16:28,554 INFO server.py 506:: TARGETED ATTACK=set()
2024-12-01 20:16:28,555 INFO server.py 662:: OVERTIME MALICIOUS client ids =set()
2024-12-01 20:16:28,568 INFO server.py 708:: This round UNRELIABLE=set(), normal_id={0, 1, 2, 3, 4, 5, 6, 7, 8, 9, 10, 11, 12, 13, 14, 15, 16, 17, 18, 19, 20, 21, 22, 23, 24, 25, 26, 27, 28, 29, 30, 31, 32, 33, 34, 35, 36, 37, 38, 39}
2024-12-01 20:16:28,569 DEBUG server.py 710:: anlge_sHoGs={0: nan, 1: nan, 2: nan, 3: nan, 4: nan, 5: nan, 6: nan, 7: nan, 8: nan, 9: nan, 10: nan, 11: nan, 12: nan, 13: nan, 14: nan, 15: nan, 16: nan, 17: nan, 18: nan, 19: nan, 20: nan, 21: nan, 22: nan, 23: nan, 24: nan, 25: nan, 26: nan, 27: nan, 28: nan, 29: nan, 30: nan, 31: nan, 32: nan, 33: nan, 34: nan, 35: nan, 36: nan, 37: nan, 38: nan, 39: nan}, angle_sep_nsH=0
2024-12-01 20:16:28,569 INFO server.py 722:: UNRELIABLE clients =set()
2024-12-01 20:16:28,576 INFO server.py 1064:: clients' sizes=[1, 0, 0, 0, 2, 0, 1, 0, 2, 1, 2, 0, 1, 1, 1, 1, 0, 1, 1, 0, 0, 1, 2, 1, 0, 0], total=19
2024-12-01 20:16:28,598 INFO server.py 327:: [Server] The aggregation takes 0.713720 seconds.

2024-12-01 20:16:28,605 INFO server.py 211:: [Server] Start testing
2024-12-01 20:16:28,648 INFO server.py 235:: [Server] Test set: Average loss: 1.3605, Accuracy: 54/200 (27.0%)

2024-12-01 20:16:28,658 INFO server.py 238:: [Sever] Confusion matrix:
 tensor([[50.,  0.,  0.,  0.],
        [50.,  0.,  0.,  0.],
        [50.,  0.,  0.,  0.],
        [46.,  0.,  0.,  4.]])
2024-12-01 20:16:28,660 INFO server.py 254:: [Server] Precision=[0.25510204        nan        nan 1.        ],
 Recall=[1.   0.   0.   0.08],
 F1-score=[0.40650406        nan        nan 0.14814813],
 my_accuracy=27.000001072883606[%]
2024-12-01 20:16:28,660 INFO _main.py 209:: ########EPOCH 6 ########
2024-12-01 20:16:28,664 INFO _main.py 210:: ###Model distribution###
2024-12-01 20:16:29,381 INFO server.py 568:: flip_sign_id=set()
2024-12-01 20:16:29,382 INFO server.py 583:: ===========using shortHoGs for detecting UNTARGETED ATTACK====
2024-12-01 20:16:29,434 INFO server.py 609:: labels cluster_sh= [0 0 0 0 0 0 0 0 0 0 0 0 0 0 0 0 0 0 0 0 0 0 0 0 0 0 0 0 0 0 0 0 0 0 0 0 0
 0 0 0]
2024-12-01 20:16:29,450 DEBUG server.py 614:: offset_normal_ids=[ 0  1  2  3  4  5  6  7  8  9 10 11 12 13 14 15 16 17 18 19 20 21 22 23
 24 25 26 27 28 29 30 31 32 33 34 35 36 37 38 39], normal_ids=[ 0  1  2  3  4  5  6  7  8  9 10 11 12 13 14 15 16 17 18 19 20 21 22 23
 24 25 26 27 28 29 30 31 32 33 34 35 36 37 38 39]
2024-12-01 20:16:29,457 INFO server.py 619:: SUSPECTED UNTARGETED []
2024-12-01 20:16:29,458 DEBUG server.py 623:: suspicious_ids=[]
2024-12-01 20:16:29,458 DEBUG server.py 632:: d_normal_sus={}, d_separate=0
2024-12-01 20:16:29,458 INFO server.py 639:: This round UNTARGETED=set(), sus_tAtk_uRel_id0=set()
2024-12-01 20:16:29,458 INFO server.py 657:: =======Using LONG HOGs for detecting TARGETED ATTACK========
2024-12-01 20:16:29,499 INFO server.py 143:: This round TARGETED ATTACK: [ 0  1 32  6 38 11 12 13 15 16 23 28 29 30]
2024-12-01 20:16:29,500 DEBUG server.py 502:: mal_ids={0, 1, 32, 6, 38, 11, 12, 15, 23, 28, 29, 30}, pre_mal_id=defaultdict(<class 'int'>, {0: 4, 1: 4, 2: 0, 3: 0, 4: 0, 5: 0, 6: 4, 7: 0, 8: 0, 9: 0, 10: 0, 11: 4, 12: 4, 13: 3, 14: 0, 15: 4, 16: 3, 17: 0, 18: 0, 19: 0, 20: 0, 21: 0, 22: 0, 23: 4, 24: 0, 25: 0, 26: 0, 27: 0, 28: 4, 29: 4, 30: 4, 31: 0, 32: 4, 33: 0, 34: 0, 35: 0, 36: 0, 37: 0, 38: 4, 39: 0})
2024-12-01 20:16:29,500 INFO server.py 504:: FLIP-SIGN ATTACK=set()
2024-12-01 20:16:29,500 INFO server.py 505:: UNTARGETED ATTACK=set()
2024-12-01 20:16:29,500 INFO server.py 506:: TARGETED ATTACK={0, 1, 32, 6, 38, 11, 12, 15, 23, 28, 29, 30}
2024-12-01 20:16:29,501 INFO server.py 662:: OVERTIME MALICIOUS client ids ={0, 1, 32, 6, 38, 11, 12, 15, 23, 28, 29, 30}
2024-12-01 20:16:29,513 INFO server.py 708:: This round UNRELIABLE=set(), normal_id={2, 3, 4, 5, 7, 8, 9, 10, 13, 14, 16, 17, 18, 19, 20, 21, 22, 24, 25, 26, 27, 31, 33, 34, 35, 36, 37, 39}
2024-12-01 20:16:29,513 DEBUG server.py 710:: anlge_sHoGs={2: nan, 3: nan, 4: nan, 5: nan, 7: nan, 8: nan, 9: nan, 10: nan, 13: nan, 14: nan, 16: nan, 17: nan, 18: nan, 19: nan, 20: nan, 21: nan, 22: nan, 24: nan, 25: nan, 26: nan, 27: nan, 31: nan, 33: nan, 34: nan, 35: nan, 36: nan, 37: nan, 39: nan}, angle_sep_nsH=0
2024-12-01 20:16:29,513 INFO server.py 722:: UNRELIABLE clients =set()
2024-12-01 20:16:29,515 INFO server.py 1064:: clients' sizes=[1, 0, 0, 0, 2, 0, 1, 0, 2, 1, 2, 0, 1, 1, 1, 1, 0, 1, 1, 0, 0, 1, 2, 1, 0, 0], total=19
2024-12-01 20:16:29,540 INFO server.py 327:: [Server] The aggregation takes 0.266163 seconds.

2024-12-01 20:16:29,546 INFO server.py 211:: [Server] Start testing
2024-12-01 20:16:29,574 INFO server.py 235:: [Server] Test set: Average loss: 1.3570, Accuracy: 54/200 (27.0%)

2024-12-01 20:16:29,576 INFO server.py 238:: [Sever] Confusion matrix:
 tensor([[50.,  0.,  0.,  0.],
        [50.,  0.,  0.,  0.],
        [50.,  0.,  0.,  0.],
        [46.,  0.,  0.,  4.]])
2024-12-01 20:16:29,584 INFO server.py 254:: [Server] Precision=[0.25510204        nan        nan 1.        ],
 Recall=[1.   0.   0.   0.08],
 F1-score=[0.40650406        nan        nan 0.14814813],
 my_accuracy=27.000001072883606[%]
2024-12-01 20:16:29,586 INFO _main.py 209:: ########EPOCH 7 ########
2024-12-01 20:16:29,589 INFO _main.py 210:: ###Model distribution###
2024-12-01 20:16:30,424 INFO server.py 568:: flip_sign_id=set()
2024-12-01 20:16:30,428 INFO server.py 583:: ===========using shortHoGs for detecting UNTARGETED ATTACK====
2024-12-01 20:16:30,695 INFO server.py 609:: labels cluster_sh= [0 0 0 0 0 0 0 0 0 0 0 0 0 0 0 0 0 0 0 0 0 0 0 0 0 0 0 0 0 0 0 0 0 0 0 0 0
 0 0 0]
2024-12-01 20:16:30,704 DEBUG server.py 614:: offset_normal_ids=[ 0  1  2  3  4  5  6  7  8  9 10 11 12 13 14 15 16 17 18 19 20 21 22 23
 24 25 26 27 28 29 30 31 32 33 34 35 36 37 38 39], normal_ids=[ 0  1  2  3  4  5  6  7  8  9 10 11 12 13 14 15 16 17 18 19 20 21 22 23
 24 25 26 27 28 29 30 31 32 33 34 35 36 37 38 39]
2024-12-01 20:16:30,705 INFO server.py 619:: SUSPECTED UNTARGETED []
2024-12-01 20:16:30,706 DEBUG server.py 623:: suspicious_ids=[]
2024-12-01 20:16:30,706 DEBUG server.py 632:: d_normal_sus={}, d_separate=0
2024-12-01 20:16:30,706 INFO server.py 639:: This round UNTARGETED=set(), sus_tAtk_uRel_id0=set()
2024-12-01 20:16:30,706 INFO server.py 657:: =======Using LONG HOGs for detecting TARGETED ATTACK========
2024-12-01 20:16:30,736 INFO server.py 143:: This round TARGETED ATTACK: [ 0  1 32  6 38 11 12 13 15 16 23 28 29 30]
2024-12-01 20:16:30,743 DEBUG server.py 502:: mal_ids={0, 1, 32, 6, 38, 11, 12, 13, 15, 16, 23, 28, 29, 30}, pre_mal_id=defaultdict(<class 'int'>, {0: 5, 1: 5, 2: 0, 3: 0, 4: 0, 5: 0, 6: 5, 7: 0, 8: 0, 9: 0, 10: 0, 11: 5, 12: 5, 13: 4, 14: 0, 15: 5, 16: 4, 17: 0, 18: 0, 19: 0, 20: 0, 21: 0, 22: 0, 23: 5, 24: 0, 25: 0, 26: 0, 27: 0, 28: 5, 29: 5, 30: 5, 31: 0, 32: 5, 33: 0, 34: 0, 35: 0, 36: 0, 37: 0, 38: 5, 39: 0})
2024-12-01 20:16:30,744 INFO server.py 504:: FLIP-SIGN ATTACK=set()
2024-12-01 20:16:30,744 INFO server.py 505:: UNTARGETED ATTACK=set()
2024-12-01 20:16:30,745 INFO server.py 506:: TARGETED ATTACK={0, 1, 32, 6, 38, 11, 12, 13, 15, 16, 23, 28, 29, 30}
2024-12-01 20:16:30,745 INFO server.py 662:: OVERTIME MALICIOUS client ids ={0, 1, 32, 6, 38, 11, 12, 13, 15, 16, 23, 28, 29, 30}
2024-12-01 20:16:30,770 INFO server.py 708:: This round UNRELIABLE=set(), normal_id={2, 3, 4, 5, 7, 8, 9, 10, 14, 17, 18, 19, 20, 21, 22, 24, 25, 26, 27, 31, 33, 34, 35, 36, 37, 39}
2024-12-01 20:16:30,772 DEBUG server.py 710:: anlge_sHoGs={2: nan, 3: nan, 4: nan, 5: nan, 7: nan, 8: nan, 9: nan, 10: nan, 14: nan, 17: nan, 18: nan, 19: nan, 20: nan, 21: nan, 22: nan, 24: nan, 25: nan, 26: nan, 27: nan, 31: nan, 33: nan, 34: nan, 35: nan, 36: nan, 37: nan, 39: nan}, angle_sep_nsH=0
2024-12-01 20:16:30,772 INFO server.py 722:: UNRELIABLE clients =set()
2024-12-01 20:16:30,776 INFO server.py 1064:: clients' sizes=[1, 0, 0, 0, 2, 0, 1, 0, 2, 1, 2, 0, 1, 1, 1, 1, 0, 1, 1, 0, 0, 1, 2, 1, 0, 0], total=19
2024-12-01 20:16:30,804 INFO server.py 327:: [Server] The aggregation takes 0.536021 seconds.

2024-12-01 20:16:30,805 INFO server.py 211:: [Server] Start testing
2024-12-01 20:16:30,872 INFO server.py 235:: [Server] Test set: Average loss: 1.3528, Accuracy: 57/200 (28.5%)

2024-12-01 20:16:30,880 INFO server.py 238:: [Sever] Confusion matrix:
 tensor([[50.,  0.,  0.,  0.],
        [50.,  0.,  0.,  0.],
        [50.,  0.,  0.,  0.],
        [43.,  0.,  0.,  7.]])
2024-12-01 20:16:30,885 INFO server.py 254:: [Server] Precision=[0.25906736        nan        nan 1.        ],
 Recall=[1.   0.   0.   0.14],
 F1-score=[0.41152266        nan        nan 0.24561404],
 my_accuracy=28.49999964237213[%]
2024-12-01 20:16:30,888 INFO _main.py 209:: ########EPOCH 8 ########
2024-12-01 20:16:30,889 INFO _main.py 210:: ###Model distribution###
2024-12-01 20:16:31,772 INFO server.py 568:: flip_sign_id=set()
2024-12-01 20:16:31,773 INFO server.py 583:: ===========using shortHoGs for detecting UNTARGETED ATTACK====
2024-12-01 20:16:31,980 INFO server.py 609:: labels cluster_sh= [0 0 0 0 0 0 0 0 0 0 0 0 0 0 0 0 0 0 0 0 0 0 0 0 0 0 0 0 0 0 0 0 0 0 0 0 0
 0 0 0]
2024-12-01 20:16:31,988 DEBUG server.py 614:: offset_normal_ids=[ 0  1  2  3  4  5  6  7  8  9 10 11 12 13 14 15 16 17 18 19 20 21 22 23
 24 25 26 27 28 29 30 31 32 33 34 35 36 37 38 39], normal_ids=[ 0  1  2  3  4  5  6  7  8  9 10 11 12 13 14 15 16 17 18 19 20 21 22 23
 24 25 26 27 28 29 30 31 32 33 34 35 36 37 38 39]
2024-12-01 20:16:31,988 INFO server.py 619:: SUSPECTED UNTARGETED []
2024-12-01 20:16:31,989 DEBUG server.py 623:: suspicious_ids=[]
2024-12-01 20:16:31,989 DEBUG server.py 632:: d_normal_sus={}, d_separate=0
2024-12-01 20:16:31,989 INFO server.py 639:: This round UNTARGETED=set(), sus_tAtk_uRel_id0=set()
2024-12-01 20:16:31,989 INFO server.py 657:: =======Using LONG HOGs for detecting TARGETED ATTACK========
2024-12-01 20:16:32,015 INFO server.py 143:: This round TARGETED ATTACK: [ 0  1 32  6 38 11 12 13 15 16 23 28 29 30]
2024-12-01 20:16:32,020 DEBUG server.py 502:: mal_ids={0, 1, 32, 6, 38, 11, 12, 13, 15, 16, 23, 28, 29, 30}, pre_mal_id=defaultdict(<class 'int'>, {0: 6, 1: 6, 2: 0, 3: 0, 4: 0, 5: 0, 6: 6, 7: 0, 8: 0, 9: 0, 10: 0, 11: 6, 12: 6, 13: 5, 14: 0, 15: 6, 16: 5, 17: 0, 18: 0, 19: 0, 20: 0, 21: 0, 22: 0, 23: 6, 24: 0, 25: 0, 26: 0, 27: 0, 28: 6, 29: 6, 30: 6, 31: 0, 32: 6, 33: 0, 34: 0, 35: 0, 36: 0, 37: 0, 38: 6, 39: 0})
2024-12-01 20:16:32,020 INFO server.py 504:: FLIP-SIGN ATTACK=set()
2024-12-01 20:16:32,021 INFO server.py 505:: UNTARGETED ATTACK=set()
2024-12-01 20:16:32,021 INFO server.py 506:: TARGETED ATTACK={0, 1, 32, 6, 38, 11, 12, 13, 15, 16, 23, 28, 29, 30}
2024-12-01 20:16:32,021 INFO server.py 662:: OVERTIME MALICIOUS client ids ={0, 1, 32, 6, 38, 11, 12, 13, 15, 16, 23, 28, 29, 30}
2024-12-01 20:16:32,033 INFO server.py 708:: This round UNRELIABLE=set(), normal_id={2, 3, 4, 5, 7, 8, 9, 10, 14, 17, 18, 19, 20, 21, 22, 24, 25, 26, 27, 31, 33, 34, 35, 36, 37, 39}
2024-12-01 20:16:32,034 DEBUG server.py 710:: anlge_sHoGs={2: nan, 3: nan, 4: nan, 5: nan, 7: nan, 8: nan, 9: nan, 10: nan, 14: nan, 17: nan, 18: nan, 19: nan, 20: nan, 21: nan, 22: nan, 24: nan, 25: nan, 26: nan, 27: nan, 31: nan, 33: nan, 34: nan, 35: nan, 36: nan, 37: nan, 39: nan}, angle_sep_nsH=0
2024-12-01 20:16:32,035 INFO server.py 722:: UNRELIABLE clients =set()
2024-12-01 20:16:32,040 INFO server.py 1064:: clients' sizes=[1, 0, 0, 0, 2, 0, 1, 0, 2, 1, 2, 0, 1, 1, 1, 1, 0, 1, 1, 0, 0, 1, 2, 1, 0, 0], total=19
2024-12-01 20:16:32,063 INFO server.py 327:: [Server] The aggregation takes 0.396400 seconds.

2024-12-01 20:16:32,065 INFO server.py 211:: [Server] Start testing
2024-12-01 20:16:32,093 INFO server.py 235:: [Server] Test set: Average loss: 1.3484, Accuracy: 60/200 (30.0%)

2024-12-01 20:16:32,095 INFO server.py 238:: [Sever] Confusion matrix:
 tensor([[50.,  0.,  0.,  0.],
        [50.,  0.,  0.,  0.],
        [50.,  0.,  0.,  0.],
        [40.,  0.,  0., 10.]])
2024-12-01 20:16:32,096 INFO server.py 254:: [Server] Precision=[0.2631579       nan       nan 1.       ],
 Recall=[1.  0.  0.  0.2],
 F1-score=[0.4166667       nan       nan 0.3333333],
 my_accuracy=30.000001192092896[%]
2024-12-01 20:16:32,097 INFO _main.py 209:: ########EPOCH 9 ########
2024-12-01 20:16:32,098 INFO _main.py 210:: ###Model distribution###
2024-12-01 20:16:32,592 INFO server.py 568:: flip_sign_id=set()
2024-12-01 20:16:32,593 INFO server.py 583:: ===========using shortHoGs for detecting UNTARGETED ATTACK====
2024-12-01 20:16:32,632 INFO server.py 609:: labels cluster_sh= [0 0 0 0 0 0 0 0 0 0 0 0 0 0 0 0 0 0 0 0 0 0 0 0 0 0 0 0 0 0 0 0 0 0 0 0 0
 0 0 0]
2024-12-01 20:16:32,640 DEBUG server.py 614:: offset_normal_ids=[ 0  1  2  3  4  5  6  7  8  9 10 11 12 13 14 15 16 17 18 19 20 21 22 23
 24 25 26 27 28 29 30 31 32 33 34 35 36 37 38 39], normal_ids=[ 0  1  2  3  4  5  6  7  8  9 10 11 12 13 14 15 16 17 18 19 20 21 22 23
 24 25 26 27 28 29 30 31 32 33 34 35 36 37 38 39]
2024-12-01 20:16:32,641 INFO server.py 619:: SUSPECTED UNTARGETED []
2024-12-01 20:16:32,641 DEBUG server.py 623:: suspicious_ids=[]
2024-12-01 20:16:32,641 DEBUG server.py 632:: d_normal_sus={}, d_separate=0
2024-12-01 20:16:32,641 INFO server.py 639:: This round UNTARGETED=set(), sus_tAtk_uRel_id0=set()
2024-12-01 20:16:32,642 INFO server.py 657:: =======Using LONG HOGs for detecting TARGETED ATTACK========
2024-12-01 20:16:32,666 INFO server.py 143:: This round TARGETED ATTACK: [ 0  1 32  6 38 11 12 13 15 16 23 28 29 30]
2024-12-01 20:16:32,670 DEBUG server.py 502:: mal_ids={0, 1, 32, 6, 38, 11, 12, 13, 15, 16, 23, 28, 29, 30}, pre_mal_id=defaultdict(<class 'int'>, {0: 7, 1: 7, 2: 0, 3: 0, 4: 0, 5: 0, 6: 7, 7: 0, 8: 0, 9: 0, 10: 0, 11: 7, 12: 7, 13: 6, 14: 0, 15: 7, 16: 6, 17: 0, 18: 0, 19: 0, 20: 0, 21: 0, 22: 0, 23: 7, 24: 0, 25: 0, 26: 0, 27: 0, 28: 7, 29: 7, 30: 7, 31: 0, 32: 7, 33: 0, 34: 0, 35: 0, 36: 0, 37: 0, 38: 7, 39: 0})
2024-12-01 20:16:32,671 INFO server.py 504:: FLIP-SIGN ATTACK=set()
2024-12-01 20:16:32,671 INFO server.py 505:: UNTARGETED ATTACK=set()
2024-12-01 20:16:32,671 INFO server.py 506:: TARGETED ATTACK={0, 1, 32, 6, 38, 11, 12, 13, 15, 16, 23, 28, 29, 30}
2024-12-01 20:16:32,672 INFO server.py 662:: OVERTIME MALICIOUS client ids ={0, 1, 32, 6, 38, 11, 12, 13, 15, 16, 23, 28, 29, 30}
2024-12-01 20:16:32,682 INFO server.py 708:: This round UNRELIABLE=set(), normal_id={2, 3, 4, 5, 7, 8, 9, 10, 14, 17, 18, 19, 20, 21, 22, 24, 25, 26, 27, 31, 33, 34, 35, 36, 37, 39}
2024-12-01 20:16:32,683 DEBUG server.py 710:: anlge_sHoGs={2: nan, 3: nan, 4: nan, 5: nan, 7: nan, 8: nan, 9: nan, 10: nan, 14: nan, 17: nan, 18: nan, 19: nan, 20: nan, 21: nan, 22: nan, 24: nan, 25: nan, 26: nan, 27: nan, 31: nan, 33: nan, 34: nan, 35: nan, 36: nan, 37: nan, 39: nan}, angle_sep_nsH=0
2024-12-01 20:16:32,684 INFO server.py 722:: UNRELIABLE clients =set()
2024-12-01 20:16:32,687 INFO server.py 1064:: clients' sizes=[1, 0, 0, 0, 2, 0, 1, 0, 2, 1, 2, 0, 1, 1, 1, 1, 0, 1, 1, 0, 0, 1, 2, 1, 0, 0], total=19
2024-12-01 20:16:32,707 INFO server.py 327:: [Server] The aggregation takes 0.182187 seconds.

2024-12-01 20:16:32,709 INFO server.py 211:: [Server] Start testing
2024-12-01 20:16:32,743 INFO server.py 235:: [Server] Test set: Average loss: 1.3431, Accuracy: 63/200 (31.5%)

2024-12-01 20:16:32,745 INFO server.py 238:: [Sever] Confusion matrix:
 tensor([[50.,  0.,  0.,  0.],
        [50.,  0.,  0.,  0.],
        [50.,  0.,  0.,  0.],
        [37.,  0.,  0., 13.]])
2024-12-01 20:16:32,747 INFO server.py 254:: [Server] Precision=[0.26737967        nan        nan 1.        ],
 Recall=[1.   0.   0.   0.26],
 F1-score=[0.42194092        nan        nan 0.4126984 ],
 my_accuracy=31.49999976158142[%]
