2024-12-02 01:32:41,646 INFO _main.py 39:: ################################################################
2024-12-02 01:32:41,648 INFO _main.py 41:: #                              batch_size: 64                  #
2024-12-02 01:32:41,649 INFO _main.py 41:: #                         test_batch_size: 32                  #
2024-12-02 01:32:41,651 INFO _main.py 41:: #                                  epochs: 10                  #
2024-12-02 01:32:41,652 INFO _main.py 41:: #                               optimizer: SGD                 #
2024-12-02 01:32:41,652 INFO _main.py 41:: #                                      lr: 0.01                #
2024-12-02 01:32:41,653 INFO _main.py 41:: #                                momentum: 0.9                 #
2024-12-02 01:32:41,653 INFO _main.py 41:: #                            weight_decay: 0.0001              #
2024-12-02 01:32:41,653 INFO _main.py 41:: #                                    seed: 1                   #
2024-12-02 01:32:41,653 INFO _main.py 41:: #                            log_interval: 11                  #
2024-12-02 01:32:41,653 INFO _main.py 41:: #                             num_clients: 40                  #
2024-12-02 01:32:41,653 INFO _main.py 41:: #                           output_folder: experiments         #
2024-12-02 01:32:41,654 INFO _main.py 41:: #                                 dataset: rockburst           #
2024-12-02 01:32:41,654 INFO _main.py 41:: #                             loader_type: dirichlet           #
2024-12-02 01:32:41,654 INFO _main.py 41:: #                             loader_path: ./data/loader.pk    #
2024-12-02 01:32:41,654 INFO _main.py 41:: #                                      AR: mudhog              #
2024-12-02 01:32:41,654 INFO _main.py 41:: #                     n_attacker_backdoor: 0                   #
2024-12-02 01:32:41,654 INFO _main.py 41:: #                        backdoor_trigger: [0, 0, 1, 1]        #
2024-12-02 01:32:41,655 INFO _main.py 41:: #                   n_attacker_omniscient: 0                   #
2024-12-02 01:32:41,655 INFO _main.py 41:: #                        omniscient_scale: 1                   #
2024-12-02 01:32:41,655 INFO _main.py 41:: #                                 attacks: None                #
2024-12-02 01:32:41,655 INFO _main.py 41:: #                      save_model_weights: False               #
2024-12-02 01:32:41,655 INFO _main.py 41:: #                         experiment_name: sExp4Ba_40ep_rockburst_mudhog_40C_5#
2024-12-02 01:32:41,656 INFO _main.py 41:: #                          path_to_aggNet: None                #
2024-12-02 01:32:41,656 INFO _main.py 41:: #                                  device: cpu                 #
2024-12-02 01:32:41,656 INFO _main.py 41:: #                            inner_epochs: 30                  #
2024-12-02 01:32:41,656 INFO _main.py 41:: #                                 verbose: True                #
2024-12-02 01:32:41,656 INFO _main.py 41:: #                         list_unreliable: [2, 18, 20]         #
2024-12-02 01:32:41,656 INFO _main.py 41:: #                     unreliable_fraction: 0.5                 #
2024-12-02 01:32:41,657 INFO _main.py 41:: #                    unreliable_fracTrain: 0.3                 #
2024-12-02 01:32:41,657 INFO _main.py 41:: #                         mean_unreliable: 0.0                 #
2024-12-02 01:32:41,657 INFO _main.py 41:: #                             blur_method: add_noise           #
2024-12-02 01:32:41,657 INFO _main.py 41:: #                      max_std_unreliable: 30.0                #
2024-12-02 01:32:41,657 INFO _main.py 41:: #                     list_uatk_add_noise: [24, 25, 26]        #
2024-12-02 01:32:41,657 INFO _main.py 41:: #                          mean_add_noise: 0.0                 #
2024-12-02 01:32:41,658 INFO _main.py 41:: #                           std_add_noise: 0.01                #
2024-12-02 01:32:41,658 INFO _main.py 41:: #                     list_uatk_flip_sign: [0, 10, 11]         #
2024-12-02 01:32:41,658 INFO _main.py 42:: ################################################################
2024-12-02 01:32:41,658 INFO _main.py 43:: Namespace(batch_size=64, test_batch_size=32, epochs=10, optimizer='SGD', lr=0.01, momentum=0.9, weight_decay=0.0001, seed=1, log_interval=11, num_clients=40, output_folder='experiments', dataset='rockburst', loader_type='dirichlet', loader_path='./data/loader.pk', AR='mudhog', n_attacker_backdoor=0, backdoor_trigger=[0, 0, 1, 1], n_attacker_omniscient=0, omniscient_scale=1, attacks=None, save_model_weights=False, experiment_name='sExp4Ba_40ep_rockburst_mudhog_40C_5', path_to_aggNet=None, device='cpu', inner_epochs=30, verbose=True, list_unreliable=[2, 18, 20], unreliable_fraction=0.5, unreliable_fracTrain=0.3, mean_unreliable=0.0, blur_method='add_noise', max_std_unreliable=30.0, list_uatk_add_noise=[24, 25, 26], mean_add_noise=0.0, std_add_noise=0.01, list_uatk_flip_sign=[0, 10, 11])
2024-12-02 01:32:41,659 INFO _main.py 44:: #####################
2024-12-02 01:32:41,659 INFO _main.py 45:: #####################
2024-12-02 01:32:41,659 INFO _main.py 46:: #####################
2024-12-02 01:32:41,659 INFO _main.py 47:: Aggregation Rule:	mudhog
2024-12-02 01:32:41,659 INFO _main.py 48:: Data distribution:	dirichlet
2024-12-02 01:32:41,659 INFO _main.py 49:: Attacks:	None 
2024-12-02 01:32:41,660 INFO _main.py 50:: #####################
2024-12-02 01:32:41,660 INFO _main.py 51:: #####################
2024-12-02 01:32:41,660 INFO _main.py 52:: #####################
2024-12-02 01:32:44,117 INFO server.py 366:: SET DBSCAN eps=1.3, min_samples=10
2024-12-02 01:32:44,121 INFO _main.py 135:: [1-normal, 0-malicious] label =tensor([0., 1., 1., 1., 1., 1., 1., 1., 1., 1., 0., 0., 1., 1., 1., 1., 1., 1.,
        1., 1., 1., 1., 1., 1., 0., 0., 0., 1., 1., 1., 1., 1., 1., 1., 1., 1.,
        1., 1., 1., 1.])
2024-12-02 01:32:44,132 INFO malicious_clients.py 123:: init ATTACK OMNISCIENT Client 0
2024-12-02 01:32:44,141 INFO malicious_clients.py 18:: init UNRELIABLE Client 2
2024-12-02 01:32:44,190 INFO malicious_clients.py 123:: init ATTACK OMNISCIENT Client 10
2024-12-02 01:32:44,206 INFO malicious_clients.py 123:: init ATTACK OMNISCIENT Client 11
2024-12-02 01:32:44,244 INFO malicious_clients.py 18:: init UNRELIABLE Client 18
2024-12-02 01:32:44,255 INFO malicious_clients.py 18:: init UNRELIABLE Client 20
2024-12-02 01:32:44,280 INFO malicious_clients.py 73:: init ATTACK ADD NOISE TO GRAD Client 24
2024-12-02 01:32:44,285 INFO malicious_clients.py 73:: init ATTACK ADD NOISE TO GRAD Client 25
2024-12-02 01:32:44,290 INFO malicious_clients.py 73:: init ATTACK ADD NOISE TO GRAD Client 26
2024-12-02 01:32:44,472 INFO server.py 211:: [Server] Start testing
2024-12-02 01:32:44,522 INFO server.py 235:: [Server] Test set: Average loss: 1.3864, Accuracy: 50/200 (25.0%)

2024-12-02 01:32:44,523 INFO server.py 238:: [Sever] Confusion matrix:
 tensor([[50.,  0.,  0.,  0.],
        [50.,  0.,  0.,  0.],
        [50.,  0.,  0.,  0.],
        [50.,  0.,  0.,  0.]])
2024-12-02 01:32:44,533 INFO server.py 254:: [Server] Precision=[0.25  nan  nan  nan],
 Recall=[1. 0. 0. 0.],
 F1-score=[0.4 nan nan nan],
 my_accuracy=25.0[%]
2024-12-02 01:32:44,534 INFO _main.py 209:: ########EPOCH 0 ########
2024-12-02 01:32:44,536 INFO _main.py 210:: ###Model distribution###
2024-12-02 01:32:48,640 INFO server.py 1078:: clients' sizes=[1, 2, 1, 0, 0, 0, 2, 2, 0, 1, 0, 1, 2, 2, 2, 2, 1, 1, 2, 0, 1, 1, 1, 1, 1, 0, 1, 1, 1, 1, 2, 0, 2, 0, 1, 2, 1, 0, 2, 0], total=41
2024-12-02 01:32:48,654 INFO server.py 327:: [Server] The aggregation takes 0.027601 seconds.

2024-12-02 01:32:48,655 INFO server.py 211:: [Server] Start testing
2024-12-02 01:32:48,670 INFO server.py 235:: [Server] Test set: Average loss: 1.3313, Accuracy: 71/200 (35.5%)

2024-12-02 01:32:48,672 INFO server.py 238:: [Sever] Confusion matrix:
 tensor([[50.,  0.,  0.,  0.],
        [50.,  0.,  0.,  0.],
        [50.,  0.,  0.,  0.],
        [29.,  0.,  0., 21.]])
2024-12-02 01:32:48,673 INFO server.py 254:: [Server] Precision=[0.2793296       nan       nan 1.       ],
 Recall=[1.   0.   0.   0.42],
 F1-score=[0.43668124        nan        nan 0.5915493 ],
 my_accuracy=35.499998927116394[%]
2024-12-02 01:32:48,674 INFO _main.py 209:: ########EPOCH 1 ########
2024-12-02 01:32:48,674 INFO _main.py 210:: ###Model distribution###
2024-12-02 01:32:51,358 INFO server.py 1078:: clients' sizes=[1, 2, 1, 0, 0, 0, 2, 2, 0, 1, 0, 1, 2, 2, 2, 2, 1, 1, 2, 0, 1, 1, 1, 1, 1, 0, 1, 1, 1, 1, 2, 0, 2, 0, 1, 2, 1, 0, 2, 0], total=41
2024-12-02 01:32:51,371 INFO server.py 327:: [Server] The aggregation takes 0.021831 seconds.

2024-12-02 01:32:51,372 INFO server.py 211:: [Server] Start testing
2024-12-02 01:32:51,387 INFO server.py 235:: [Server] Test set: Average loss: 1.1994, Accuracy: 90/200 (45.0%)

2024-12-02 01:32:51,388 INFO server.py 238:: [Sever] Confusion matrix:
 tensor([[50.,  0.,  0.,  0.],
        [46.,  0.,  1.,  3.],
        [34.,  0.,  6., 10.],
        [ 9.,  0.,  7., 34.]])
2024-12-02 01:32:51,389 INFO server.py 254:: [Server] Precision=[0.35971224        nan 0.42857143 0.7234042 ],
 Recall=[1.   0.   0.12 0.68],
 F1-score=[0.52910054        nan 0.1875     0.7010309 ],
 my_accuracy=44.999998807907104[%]
2024-12-02 01:32:51,390 INFO _main.py 209:: ########EPOCH 2 ########
2024-12-02 01:32:51,391 INFO _main.py 210:: ###Model distribution###
2024-12-02 01:32:54,406 INFO server.py 1078:: clients' sizes=[1, 2, 1, 0, 0, 0, 2, 2, 0, 1, 0, 1, 2, 2, 2, 2, 1, 1, 2, 0, 1, 1, 1, 1, 1, 0, 1, 1, 1, 1, 2, 0, 2, 0, 1, 2, 1, 0, 2, 0], total=41
2024-12-02 01:32:54,424 INFO server.py 327:: [Server] The aggregation takes 0.032753 seconds.

2024-12-02 01:32:54,426 INFO server.py 211:: [Server] Start testing
2024-12-02 01:32:54,453 INFO server.py 235:: [Server] Test set: Average loss: 1.0688, Accuracy: 107/200 (53.5%)

2024-12-02 01:32:54,455 INFO server.py 238:: [Sever] Confusion matrix:
 tensor([[47.,  1.,  2.,  0.],
        [33., 11.,  3.,  3.],
        [18., 10., 13.,  9.],
        [ 6.,  1.,  7., 36.]])
2024-12-02 01:32:54,457 INFO server.py 254:: [Server] Precision=[0.45192307 0.47826087 0.52       0.75      ],
 Recall=[0.94 0.22 0.26 0.72],
 F1-score=[0.61038965 0.30136985 0.34666666 0.7346939 ],
 my_accuracy=53.50000262260437[%]
2024-12-02 01:32:54,457 INFO _main.py 209:: ########EPOCH 3 ########
2024-12-02 01:32:54,458 INFO _main.py 210:: ###Model distribution###
2024-12-02 01:32:57,379 INFO server.py 570:: flip_sign_id={0, 2, 11, 18, 20}
2024-12-02 01:32:57,379 INFO server.py 585:: ===========using shortHoGs for detecting UNTARGETED ATTACK====
2024-12-02 01:32:57,468 INFO server.py 611:: labels cluster_sh= [0 0 0 0 0 0 0 0 0 0 0 0 0 0 0 0 0 0 0 0 0 0 0 0 0 0 0 0 0 0 0 0 0 0 0]
2024-12-02 01:32:57,482 DEBUG server.py 616:: offset_normal_ids=[ 0  1  2  3  4  5  6  7  8  9 10 11 12 13 14 15 16 17 18 19 20 21 22 23
 24 25 26 27 28 29 30 31 32 33 34], normal_ids=[ 1  3  4  5  6  7  8  9 10 12 13 14 15 16 17 19 21 22 23 24 25 26 27 28
 29 30 31 32 33 34 35 36 37 38 39]
2024-12-02 01:32:57,482 INFO server.py 621:: SUSPECTED UNTARGETED []
2024-12-02 01:32:57,483 DEBUG server.py 625:: suspicious_ids=[]
2024-12-02 01:32:57,483 DEBUG server.py 634:: d_normal_sus={}, d_separate=0
2024-12-02 01:32:57,483 INFO server.py 642:: This round UNTARGETED=set(), sus_tAtk_uRel_id0=set()
2024-12-02 01:32:57,496 INFO server.py 712:: This round UNRELIABLE={25}, normal_id={1, 3, 4, 5, 6, 7, 8, 9, 10, 12, 13, 14, 15, 16, 17, 19, 21, 22, 23, 24, 26, 27, 28, 29, 30, 31, 32, 33, 34, 35, 36, 37, 38, 39}
2024-12-02 01:32:57,497 DEBUG server.py 714:: anlge_sHoGs={1: 0.8620224, 3: nan, 4: nan, 5: nan, 6: 0.8404756, 7: 0.7859229, 8: nan, 9: 0.7838789, 10: nan, 12: 0.813588, 13: 0.8190329, 14: 0.7148876, 15: 0.74734074, 16: 0.7534118, 17: 0.73766494, 19: nan, 21: 0.6527752, 22: 0.558391, 23: 0.6896413, 24: 0.3943908, 25: 0.016307022, 26: 0.480467, 27: 0.7752053, 28: 0.69440734, 29: 0.654264, 30: 0.79502267, 31: nan, 32: 0.75960076, 33: nan, 34: 0.7357117, 35: 0.7462613, 36: 0.77407163, 37: nan, 38: 0.7744154, 39: nan}, angle_sep_nsH=0.2053489051759243
2024-12-02 01:32:57,497 INFO server.py 727:: UNRELIABLE clients =set()
2024-12-02 01:32:57,499 INFO server.py 1078:: clients' sizes=[1, 2, 1, 0, 0, 0, 2, 2, 0, 1, 0, 1, 2, 2, 2, 2, 1, 1, 2, 0, 1, 1, 1, 1, 1, 0, 1, 1, 1, 1, 2, 0, 2, 0, 1, 2, 1, 0, 2, 0], total=41
2024-12-02 01:32:57,516 INFO server.py 327:: [Server] The aggregation takes 0.206046 seconds.

2024-12-02 01:32:57,517 INFO server.py 211:: [Server] Start testing
2024-12-02 01:32:57,535 INFO server.py 235:: [Server] Test set: Average loss: 0.9836, Accuracy: 121/200 (60.5%)

2024-12-02 01:32:57,537 INFO server.py 238:: [Sever] Confusion matrix:
 tensor([[46.,  2.,  2.,  0.],
        [20., 21.,  6.,  3.],
        [13., 14., 15.,  8.],
        [ 0.,  6.,  5., 39.]])
2024-12-02 01:32:57,538 INFO server.py 254:: [Server] Precision=[0.5822785  0.4883721  0.53571427 0.78      ],
 Recall=[0.92 0.42 0.3  0.78],
 F1-score=[0.7131783  0.45161292 0.3846154  0.7799999 ],
 my_accuracy=60.50000190734863[%]
2024-12-02 01:32:57,539 INFO _main.py 209:: ########EPOCH 4 ########
2024-12-02 01:32:57,540 INFO _main.py 210:: ###Model distribution###
2024-12-02 01:33:01,307 INFO server.py 570:: flip_sign_id={0, 2, 11, 18, 20}
2024-12-02 01:33:01,307 INFO server.py 585:: ===========using shortHoGs for detecting UNTARGETED ATTACK====
2024-12-02 01:33:01,541 INFO server.py 611:: labels cluster_sh= [0 0 0 0 0 0 0 0 0 0 0 0 0 0 0 0 0 0 0 0 0 0 0 0 0 0 0 0 0 0 0 0 0 0 0]
2024-12-02 01:33:01,563 DEBUG server.py 616:: offset_normal_ids=[ 0  1  2  3  4  5  6  7  8  9 10 11 12 13 14 15 16 17 18 19 20 21 22 23
 24 25 26 27 28 29 30 31 32 33 34], normal_ids=[ 1  3  4  5  6  7  8  9 10 12 13 14 15 16 17 19 21 22 23 24 25 26 27 28
 29 30 31 32 33 34 35 36 37 38 39]
2024-12-02 01:33:01,570 INFO server.py 621:: SUSPECTED UNTARGETED []
2024-12-02 01:33:01,571 DEBUG server.py 625:: suspicious_ids=[]
2024-12-02 01:33:01,572 DEBUG server.py 634:: d_normal_sus={}, d_separate=0
2024-12-02 01:33:01,573 INFO server.py 642:: This round UNTARGETED=set(), sus_tAtk_uRel_id0=set()
2024-12-02 01:33:01,595 INFO server.py 712:: This round UNRELIABLE={25}, normal_id={1, 3, 4, 5, 6, 7, 8, 9, 10, 12, 13, 14, 15, 16, 17, 19, 21, 22, 23, 24, 26, 27, 28, 29, 30, 31, 32, 33, 34, 35, 36, 37, 38, 39}
2024-12-02 01:33:01,601 DEBUG server.py 714:: anlge_sHoGs={1: 0.8620224, 3: nan, 4: nan, 5: nan, 6: 0.8404756, 7: 0.7859229, 8: nan, 9: 0.7838789, 10: nan, 12: 0.813588, 13: 0.8190329, 14: 0.7148876, 15: 0.74734074, 16: 0.7534118, 17: 0.73766494, 19: nan, 21: 0.6527752, 22: 0.558391, 23: 0.6896413, 24: 0.3943908, 25: 0.016307022, 26: 0.480467, 27: 0.7752053, 28: 0.69440734, 29: 0.654264, 30: 0.79502267, 31: nan, 32: 0.75960076, 33: nan, 34: 0.7357117, 35: 0.7462613, 36: 0.77407163, 37: nan, 38: 0.7744154, 39: nan}, angle_sep_nsH=0.2053489051759243
2024-12-02 01:33:01,605 INFO server.py 727:: UNRELIABLE clients =set()
2024-12-02 01:33:01,607 INFO server.py 1078:: clients' sizes=[1, 2, 1, 0, 0, 0, 2, 2, 0, 1, 0, 1, 2, 2, 2, 2, 1, 1, 2, 0, 1, 1, 1, 1, 1, 0, 1, 1, 1, 1, 2, 0, 2, 0, 1, 2, 1, 0, 2, 0], total=41
2024-12-02 01:33:01,632 INFO server.py 327:: [Server] The aggregation takes 0.438104 seconds.

2024-12-02 01:33:01,633 INFO server.py 211:: [Server] Start testing
2024-12-02 01:33:01,654 INFO server.py 235:: [Server] Test set: Average loss: 0.9405, Accuracy: 121/200 (60.5%)

2024-12-02 01:33:01,658 INFO server.py 238:: [Sever] Confusion matrix:
 tensor([[41.,  7.,  2.,  0.],
        [18., 23.,  7.,  2.],
        [10., 14., 18.,  8.],
        [ 0.,  6.,  5., 39.]])
2024-12-02 01:33:01,660 INFO server.py 254:: [Server] Precision=[0.5942029  0.46       0.5625     0.79591835],
 Recall=[0.82 0.46 0.36 0.78],
 F1-score=[0.6890756  0.46       0.43902442 0.78787875],
 my_accuracy=60.50000190734863[%]
2024-12-02 01:33:01,661 INFO _main.py 209:: ########EPOCH 5 ########
2024-12-02 01:33:01,662 INFO _main.py 210:: ###Model distribution###
2024-12-02 01:33:05,752 INFO server.py 570:: flip_sign_id={0, 2, 11, 18, 20}
2024-12-02 01:33:05,753 INFO server.py 585:: ===========using shortHoGs for detecting UNTARGETED ATTACK====
2024-12-02 01:33:05,795 INFO server.py 611:: labels cluster_sh= [0 0 0 0 0 0 0 0 0 0 0 0 0 0 0 0 0 0 0 0 0 0 0 0 0 0 0 0 0 0 0 0 0 0 0]
2024-12-02 01:33:05,807 DEBUG server.py 616:: offset_normal_ids=[ 0  1  2  3  4  5  6  7  8  9 10 11 12 13 14 15 16 17 18 19 20 21 22 23
 24 25 26 27 28 29 30 31 32 33 34], normal_ids=[ 1  3  4  5  6  7  8  9 10 12 13 14 15 16 17 19 21 22 23 24 25 26 27 28
 29 30 31 32 33 34 35 36 37 38 39]
2024-12-02 01:33:05,808 INFO server.py 621:: SUSPECTED UNTARGETED []
2024-12-02 01:33:05,808 DEBUG server.py 625:: suspicious_ids=[]
2024-12-02 01:33:05,809 DEBUG server.py 634:: d_normal_sus={}, d_separate=0
2024-12-02 01:33:05,809 INFO server.py 642:: This round UNTARGETED=set(), sus_tAtk_uRel_id0=set()
2024-12-02 01:33:05,823 INFO server.py 712:: This round UNRELIABLE={25}, normal_id={1, 3, 4, 5, 6, 7, 8, 9, 10, 12, 13, 14, 15, 16, 17, 19, 21, 22, 23, 24, 26, 27, 28, 29, 30, 31, 32, 33, 34, 35, 36, 37, 38, 39}
2024-12-02 01:33:05,823 DEBUG server.py 714:: anlge_sHoGs={1: 0.8620224, 3: nan, 4: nan, 5: nan, 6: 0.8404756, 7: 0.7859229, 8: nan, 9: 0.7838789, 10: nan, 12: 0.813588, 13: 0.8190329, 14: 0.7148876, 15: 0.74734074, 16: 0.7534118, 17: 0.73766494, 19: nan, 21: 0.6527752, 22: 0.558391, 23: 0.6896413, 24: 0.3943908, 25: 0.016307022, 26: 0.480467, 27: 0.7752053, 28: 0.69440734, 29: 0.654264, 30: 0.79502267, 31: nan, 32: 0.75960076, 33: nan, 34: 0.7357117, 35: 0.7462613, 36: 0.77407163, 37: nan, 38: 0.7744154, 39: nan}, angle_sep_nsH=0.2053489051759243
2024-12-02 01:33:05,823 INFO server.py 727:: UNRELIABLE clients ={25}
2024-12-02 01:33:05,825 INFO server.py 1078:: clients' sizes=[1, 2, 1, 0, 0, 0, 2, 2, 0, 1, 0, 1, 2, 2, 2, 2, 1, 1, 2, 0, 1, 1, 1, 1, 1, 0, 1, 1, 1, 1, 2, 0, 2, 0, 1, 2, 1, 0, 2, 0], total=41
2024-12-02 01:33:05,841 INFO server.py 327:: [Server] The aggregation takes 0.155818 seconds.

2024-12-02 01:33:05,842 INFO server.py 211:: [Server] Start testing
2024-12-02 01:33:05,864 INFO server.py 235:: [Server] Test set: Average loss: 0.9115, Accuracy: 123/200 (61.5%)

2024-12-02 01:33:05,866 INFO server.py 238:: [Sever] Confusion matrix:
 tensor([[41.,  7.,  2.,  0.],
        [17., 22.,  9.,  2.],
        [ 8., 14., 21.,  7.],
        [ 0.,  6.,  5., 39.]])
2024-12-02 01:33:05,867 INFO server.py 254:: [Server] Precision=[0.6212121 0.4489796 0.5675676 0.8125   ],
 Recall=[0.82 0.44 0.42 0.78],
 F1-score=[0.7068965  0.44444445 0.48275864 0.79591835],
 my_accuracy=61.500000953674316[%]
2024-12-02 01:33:05,868 INFO _main.py 209:: ########EPOCH 6 ########
2024-12-02 01:33:05,869 INFO _main.py 210:: ###Model distribution###
2024-12-02 01:33:08,585 INFO server.py 570:: flip_sign_id={0, 2, 11, 18, 20}
2024-12-02 01:33:08,586 INFO server.py 585:: ===========using shortHoGs for detecting UNTARGETED ATTACK====
2024-12-02 01:33:08,628 INFO server.py 611:: labels cluster_sh= [0 0 0 0 0 0 0 0 0 0 0 0 0 0 0 0 0 0 0 0 0 0 0 0 0 0 0 0 0 0 0 0 0 0 0]
2024-12-02 01:33:08,642 DEBUG server.py 616:: offset_normal_ids=[ 0  1  2  3  4  5  6  7  8  9 10 11 12 13 14 15 16 17 18 19 20 21 22 23
 24 25 26 27 28 29 30 31 32 33 34], normal_ids=[ 1  3  4  5  6  7  8  9 10 12 13 14 15 16 17 19 21 22 23 24 25 26 27 28
 29 30 31 32 33 34 35 36 37 38 39]
2024-12-02 01:33:08,642 INFO server.py 621:: SUSPECTED UNTARGETED []
2024-12-02 01:33:08,643 DEBUG server.py 625:: suspicious_ids=[]
2024-12-02 01:33:08,643 DEBUG server.py 634:: d_normal_sus={}, d_separate=0
2024-12-02 01:33:08,643 INFO server.py 642:: This round UNTARGETED=set(), sus_tAtk_uRel_id0=set()
2024-12-02 01:33:08,656 INFO server.py 712:: This round UNRELIABLE={25}, normal_id={1, 3, 4, 5, 6, 7, 8, 9, 10, 12, 13, 14, 15, 16, 17, 19, 21, 22, 23, 24, 26, 27, 28, 29, 30, 31, 32, 33, 34, 35, 36, 37, 38, 39}
2024-12-02 01:33:08,657 DEBUG server.py 714:: anlge_sHoGs={1: 0.8620224, 3: nan, 4: nan, 5: nan, 6: 0.8404756, 7: 0.7859229, 8: nan, 9: 0.7838789, 10: nan, 12: 0.813588, 13: 0.8190329, 14: 0.7148876, 15: 0.74734074, 16: 0.7534118, 17: 0.73766494, 19: nan, 21: 0.6527752, 22: 0.558391, 23: 0.6896413, 24: 0.3943908, 25: 0.016307022, 26: 0.480467, 27: 0.7752053, 28: 0.69440734, 29: 0.654264, 30: 0.79502267, 31: nan, 32: 0.75960076, 33: nan, 34: 0.7357117, 35: 0.7462613, 36: 0.77407163, 37: nan, 38: 0.7744154, 39: nan}, angle_sep_nsH=0.2053489051759243
2024-12-02 01:33:08,657 INFO server.py 727:: UNRELIABLE clients ={25}
2024-12-02 01:33:08,658 INFO server.py 1078:: clients' sizes=[1, 2, 1, 0, 0, 0, 2, 2, 0, 1, 0, 1, 2, 2, 2, 2, 1, 1, 2, 0, 1, 1, 1, 1, 1, 0, 1, 1, 1, 1, 2, 0, 2, 0, 1, 2, 1, 0, 2, 0], total=41
2024-12-02 01:33:08,675 INFO server.py 327:: [Server] The aggregation takes 0.162515 seconds.

2024-12-02 01:33:08,676 INFO server.py 211:: [Server] Start testing
2024-12-02 01:33:08,696 INFO server.py 235:: [Server] Test set: Average loss: 0.8978, Accuracy: 122/200 (61.0%)

2024-12-02 01:33:08,697 INFO server.py 238:: [Sever] Confusion matrix:
 tensor([[41.,  7.,  2.,  0.],
        [17., 22., 10.,  1.],
        [ 8., 13., 24.,  5.],
        [ 0.,  6.,  9., 35.]])
2024-12-02 01:33:08,699 INFO server.py 254:: [Server] Precision=[0.6212121  0.45833334 0.53333336 0.85365856],
 Recall=[0.82 0.44 0.48 0.7 ],
 F1-score=[0.7068965  0.44897962 0.5052632  0.76923084],
 my_accuracy=61.000001430511475[%]
2024-12-02 01:33:08,699 INFO _main.py 209:: ########EPOCH 7 ########
2024-12-02 01:33:08,700 INFO _main.py 210:: ###Model distribution###
2024-12-02 01:33:11,420 INFO server.py 570:: flip_sign_id={0, 2, 11, 18, 20}
2024-12-02 01:33:11,420 INFO server.py 585:: ===========using shortHoGs for detecting UNTARGETED ATTACK====
2024-12-02 01:33:11,464 INFO server.py 611:: labels cluster_sh= [0 0 0 0 0 0 0 0 0 0 0 0 0 0 0 0 0 0 0 0 0 0 0 0 0 0 0 0 0 0 0 0 0 0 0]
2024-12-02 01:33:11,477 DEBUG server.py 616:: offset_normal_ids=[ 0  1  2  3  4  5  6  7  8  9 10 11 12 13 14 15 16 17 18 19 20 21 22 23
 24 25 26 27 28 29 30 31 32 33 34], normal_ids=[ 1  3  4  5  6  7  8  9 10 12 13 14 15 16 17 19 21 22 23 24 25 26 27 28
 29 30 31 32 33 34 35 36 37 38 39]
2024-12-02 01:33:11,477 INFO server.py 621:: SUSPECTED UNTARGETED []
2024-12-02 01:33:11,478 DEBUG server.py 625:: suspicious_ids=[]
2024-12-02 01:33:11,478 DEBUG server.py 634:: d_normal_sus={}, d_separate=0
2024-12-02 01:33:11,478 INFO server.py 642:: This round UNTARGETED=set(), sus_tAtk_uRel_id0=set()
2024-12-02 01:33:11,492 INFO server.py 712:: This round UNRELIABLE={25}, normal_id={1, 3, 4, 5, 6, 7, 8, 9, 10, 12, 13, 14, 15, 16, 17, 19, 21, 22, 23, 24, 26, 27, 28, 29, 30, 31, 32, 33, 34, 35, 36, 37, 38, 39}
2024-12-02 01:33:11,492 DEBUG server.py 714:: anlge_sHoGs={1: 0.8620224, 3: nan, 4: nan, 5: nan, 6: 0.8404756, 7: 0.7859229, 8: nan, 9: 0.7838789, 10: nan, 12: 0.813588, 13: 0.8190329, 14: 0.7148876, 15: 0.74734074, 16: 0.7534118, 17: 0.73766494, 19: nan, 21: 0.6527752, 22: 0.558391, 23: 0.6896413, 24: 0.3943908, 25: 0.016307022, 26: 0.480467, 27: 0.7752053, 28: 0.69440734, 29: 0.654264, 30: 0.79502267, 31: nan, 32: 0.75960076, 33: nan, 34: 0.7357117, 35: 0.7462613, 36: 0.77407163, 37: nan, 38: 0.7744154, 39: nan}, angle_sep_nsH=0.2053489051759243
2024-12-02 01:33:11,493 INFO server.py 727:: UNRELIABLE clients ={25}
2024-12-02 01:33:11,494 INFO server.py 1078:: clients' sizes=[1, 2, 1, 0, 0, 0, 2, 2, 0, 1, 0, 1, 2, 2, 2, 2, 1, 1, 2, 0, 1, 1, 1, 1, 1, 0, 1, 1, 1, 1, 2, 0, 2, 0, 1, 2, 1, 0, 2, 0], total=41
2024-12-02 01:33:11,511 INFO server.py 327:: [Server] The aggregation takes 0.169536 seconds.

2024-12-02 01:33:11,512 INFO server.py 211:: [Server] Start testing
2024-12-02 01:33:11,531 INFO server.py 235:: [Server] Test set: Average loss: 0.8730, Accuracy: 122/200 (61.0%)

2024-12-02 01:33:11,532 INFO server.py 238:: [Sever] Confusion matrix:
 tensor([[41.,  7.,  2.,  0.],
        [15., 23., 11.,  1.],
        [ 6., 15., 22.,  7.],
        [ 0.,  5.,  9., 36.]])
2024-12-02 01:33:11,534 INFO server.py 254:: [Server] Precision=[0.66129035 0.46       0.5        0.8181818 ],
 Recall=[0.82 0.46 0.44 0.72],
 F1-score=[0.73214287 0.46       0.4680851  0.76595753],
 my_accuracy=61.000001430511475[%]
2024-12-02 01:33:11,534 INFO _main.py 209:: ########EPOCH 8 ########
2024-12-02 01:33:11,536 INFO _main.py 210:: ###Model distribution###
2024-12-02 01:33:15,039 INFO server.py 570:: flip_sign_id={0, 2, 11, 18, 20}
2024-12-02 01:33:15,039 INFO server.py 585:: ===========using shortHoGs for detecting UNTARGETED ATTACK====
2024-12-02 01:33:15,139 INFO server.py 611:: labels cluster_sh= [0 0 0 0 0 0 0 0 0 0 0 0 0 0 0 0 0 0 0 0 0 0 0 0 0 0 0 0 0 0 0 0 0 0 0]
2024-12-02 01:33:15,166 DEBUG server.py 616:: offset_normal_ids=[ 0  1  2  3  4  5  6  7  8  9 10 11 12 13 14 15 16 17 18 19 20 21 22 23
 24 25 26 27 28 29 30 31 32 33 34], normal_ids=[ 1  3  4  5  6  7  8  9 10 12 13 14 15 16 17 19 21 22 23 24 25 26 27 28
 29 30 31 32 33 34 35 36 37 38 39]
2024-12-02 01:33:15,168 INFO server.py 621:: SUSPECTED UNTARGETED []
2024-12-02 01:33:15,169 DEBUG server.py 625:: suspicious_ids=[]
2024-12-02 01:33:15,170 DEBUG server.py 634:: d_normal_sus={}, d_separate=0
2024-12-02 01:33:15,171 INFO server.py 642:: This round UNTARGETED=set(), sus_tAtk_uRel_id0=set()
2024-12-02 01:33:15,195 INFO server.py 712:: This round UNRELIABLE={25}, normal_id={1, 3, 4, 5, 6, 7, 8, 9, 10, 12, 13, 14, 15, 16, 17, 19, 21, 22, 23, 24, 26, 27, 28, 29, 30, 31, 32, 33, 34, 35, 36, 37, 38, 39}
2024-12-02 01:33:15,202 DEBUG server.py 714:: anlge_sHoGs={1: 0.8620224, 3: nan, 4: nan, 5: nan, 6: 0.8404756, 7: 0.7859229, 8: nan, 9: 0.7838789, 10: nan, 12: 0.813588, 13: 0.8190329, 14: 0.7148876, 15: 0.74734074, 16: 0.7534118, 17: 0.73766494, 19: nan, 21: 0.6527752, 22: 0.558391, 23: 0.6896413, 24: 0.3943908, 25: 0.016307022, 26: 0.480467, 27: 0.7752053, 28: 0.69440734, 29: 0.654264, 30: 0.79502267, 31: nan, 32: 0.75960076, 33: nan, 34: 0.7357117, 35: 0.7462613, 36: 0.77407163, 37: nan, 38: 0.7744154, 39: nan}, angle_sep_nsH=0.2053489051759243
2024-12-02 01:33:15,203 INFO server.py 727:: UNRELIABLE clients ={25}
2024-12-02 01:33:15,205 INFO server.py 1078:: clients' sizes=[1, 2, 1, 0, 0, 0, 2, 2, 0, 1, 0, 1, 2, 2, 2, 2, 1, 1, 2, 0, 1, 1, 1, 1, 1, 0, 1, 1, 1, 1, 2, 0, 2, 0, 1, 2, 1, 0, 2, 0], total=41
2024-12-02 01:33:15,243 INFO server.py 327:: [Server] The aggregation takes 0.375232 seconds.

2024-12-02 01:33:15,251 INFO server.py 211:: [Server] Start testing
2024-12-02 01:33:15,305 INFO server.py 235:: [Server] Test set: Average loss: 0.8575, Accuracy: 124/200 (62.0%)

2024-12-02 01:33:15,311 INFO server.py 238:: [Sever] Confusion matrix:
 tensor([[41.,  8.,  1.,  0.],
        [15., 24., 10.,  1.],
        [ 7., 16., 20.,  7.],
        [ 0.,  5.,  6., 39.]])
2024-12-02 01:33:15,316 INFO server.py 254:: [Server] Precision=[0.6507937  0.4528302  0.5405405  0.82978725],
 Recall=[0.82 0.48 0.4  0.78],
 F1-score=[0.7256637  0.4660194  0.45977008 0.8041237 ],
 my_accuracy=62.00000047683716[%]
2024-12-02 01:33:15,318 INFO _main.py 209:: ########EPOCH 9 ########
2024-12-02 01:33:15,320 INFO _main.py 210:: ###Model distribution###
2024-12-02 01:33:19,423 INFO server.py 570:: flip_sign_id={0, 2, 11, 18, 20}
2024-12-02 01:33:19,424 INFO server.py 585:: ===========using shortHoGs for detecting UNTARGETED ATTACK====
2024-12-02 01:33:19,479 INFO server.py 611:: labels cluster_sh= [0 0 0 0 0 0 0 0 0 0 0 0 0 0 0 0 0 0 0 0 0 0 0 0 0 0 0 0 0 0 0 0 0 0 0]
2024-12-02 01:33:19,494 DEBUG server.py 616:: offset_normal_ids=[ 0  1  2  3  4  5  6  7  8  9 10 11 12 13 14 15 16 17 18 19 20 21 22 23
 24 25 26 27 28 29 30 31 32 33 34], normal_ids=[ 1  3  4  5  6  7  8  9 10 12 13 14 15 16 17 19 21 22 23 24 25 26 27 28
 29 30 31 32 33 34 35 36 37 38 39]
2024-12-02 01:33:19,495 INFO server.py 621:: SUSPECTED UNTARGETED []
2024-12-02 01:33:19,496 DEBUG server.py 625:: suspicious_ids=[]
2024-12-02 01:33:19,496 DEBUG server.py 634:: d_normal_sus={}, d_separate=0
2024-12-02 01:33:19,496 INFO server.py 642:: This round UNTARGETED=set(), sus_tAtk_uRel_id0=set()
2024-12-02 01:33:19,511 INFO server.py 712:: This round UNRELIABLE={25}, normal_id={1, 3, 4, 5, 6, 7, 8, 9, 10, 12, 13, 14, 15, 16, 17, 19, 21, 22, 23, 24, 26, 27, 28, 29, 30, 31, 32, 33, 34, 35, 36, 37, 38, 39}
2024-12-02 01:33:19,511 DEBUG server.py 714:: anlge_sHoGs={1: 0.8620224, 3: nan, 4: nan, 5: nan, 6: 0.8404756, 7: 0.7859229, 8: nan, 9: 0.7838789, 10: nan, 12: 0.813588, 13: 0.8190329, 14: 0.7148876, 15: 0.74734074, 16: 0.7534118, 17: 0.73766494, 19: nan, 21: 0.6527752, 22: 0.558391, 23: 0.6896413, 24: 0.3943908, 25: 0.016307022, 26: 0.480467, 27: 0.7752053, 28: 0.69440734, 29: 0.654264, 30: 0.79502267, 31: nan, 32: 0.75960076, 33: nan, 34: 0.7357117, 35: 0.7462613, 36: 0.77407163, 37: nan, 38: 0.7744154, 39: nan}, angle_sep_nsH=0.2053489051759243
2024-12-02 01:33:19,512 INFO server.py 727:: UNRELIABLE clients ={25}
2024-12-02 01:33:19,515 INFO server.py 1078:: clients' sizes=[1, 2, 1, 0, 0, 0, 2, 2, 0, 1, 0, 1, 2, 2, 2, 2, 1, 1, 2, 0, 1, 1, 1, 1, 1, 0, 1, 1, 1, 1, 2, 0, 2, 0, 1, 2, 1, 0, 2, 0], total=41
2024-12-02 01:33:19,540 INFO server.py 327:: [Server] The aggregation takes 0.232672 seconds.

2024-12-02 01:33:19,541 INFO server.py 211:: [Server] Start testing
2024-12-02 01:33:19,571 INFO server.py 235:: [Server] Test set: Average loss: 0.8534, Accuracy: 122/200 (61.0%)

2024-12-02 01:33:19,577 INFO server.py 238:: [Sever] Confusion matrix:
 tensor([[41.,  8.,  1.,  0.],
        [15., 23., 11.,  1.],
        [ 6., 17., 21.,  6.],
        [ 0.,  5.,  8., 37.]])
2024-12-02 01:33:19,578 INFO server.py 254:: [Server] Precision=[0.66129035 0.43396226 0.5121951  0.84090906],
 Recall=[0.82 0.46 0.42 0.74],
 F1-score=[0.73214287 0.44660196 0.46153846 0.78723407],
 my_accuracy=61.000001430511475[%]
