2024-12-01 23:18:47,696 INFO _main.py 39:: ################################################################
2024-12-01 23:18:47,698 INFO _main.py 41:: #                              batch_size: 64                  #
2024-12-01 23:18:47,700 INFO _main.py 41:: #                         test_batch_size: 32                  #
2024-12-01 23:18:47,702 INFO _main.py 41:: #                                  epochs: 5                   #
2024-12-01 23:18:47,702 INFO _main.py 41:: #                               optimizer: SGD                 #
2024-12-01 23:18:47,703 INFO _main.py 41:: #                                      lr: 0.01                #
2024-12-01 23:18:47,703 INFO _main.py 41:: #                                momentum: 0.9                 #
2024-12-01 23:18:47,703 INFO _main.py 41:: #                            weight_decay: 0.0001              #
2024-12-01 23:18:47,704 INFO _main.py 41:: #                                    seed: 1                   #
2024-12-01 23:18:47,704 INFO _main.py 41:: #                            log_interval: 11                  #
2024-12-01 23:18:47,704 INFO _main.py 41:: #                             num_clients: 40                  #
2024-12-01 23:18:47,705 INFO _main.py 41:: #                           output_folder: experiments         #
2024-12-01 23:18:47,705 INFO _main.py 41:: #                                 dataset: rockburst           #
2024-12-01 23:18:47,705 INFO _main.py 41:: #                             loader_type: dirichlet           #
2024-12-01 23:18:47,705 INFO _main.py 41:: #                             loader_path: ./data/loader.pk    #
2024-12-01 23:18:47,706 INFO _main.py 41:: #                                      AR: mudhog              #
2024-12-01 23:18:47,706 INFO _main.py 41:: #                     n_attacker_backdoor: 0                   #
2024-12-01 23:18:47,706 INFO _main.py 41:: #                        backdoor_trigger: [0, 0, 1, 1]        #
2024-12-01 23:18:47,706 INFO _main.py 41:: #                   n_attacker_omniscient: 0                   #
2024-12-01 23:18:47,706 INFO _main.py 41:: #                        omniscient_scale: 1                   #
2024-12-01 23:18:47,706 INFO _main.py 41:: #                                 attacks: None                #
2024-12-01 23:18:47,707 INFO _main.py 41:: #                      save_model_weights: False               #
2024-12-01 23:18:47,707 INFO _main.py 41:: #                         experiment_name: sExp4Ba_40ep_rockburst_mudhog_40C_5#
2024-12-01 23:18:47,707 INFO _main.py 41:: #                          path_to_aggNet: None                #
2024-12-01 23:18:47,707 INFO _main.py 41:: #                                  device: cpu                 #
2024-12-01 23:18:47,708 INFO _main.py 41:: #                            inner_epochs: 20                  #
2024-12-01 23:18:47,708 INFO _main.py 41:: #                                 verbose: True                #
2024-12-01 23:18:47,708 INFO _main.py 41:: #                         list_unreliable: [2, 18, 20]         #
2024-12-01 23:18:47,709 INFO _main.py 41:: #                     unreliable_fraction: 0.5                 #
2024-12-01 23:18:47,709 INFO _main.py 41:: #                    unreliable_fracTrain: 0.3                 #
2024-12-01 23:18:47,709 INFO _main.py 41:: #                         mean_unreliable: 0.0                 #
2024-12-01 23:18:47,709 INFO _main.py 41:: #                             blur_method: add_noise           #
2024-12-01 23:18:47,709 INFO _main.py 41:: #                      max_std_unreliable: 30.0                #
2024-12-01 23:18:47,709 INFO _main.py 41:: #                     list_uatk_add_noise: [24, 25, 26]        #
2024-12-01 23:18:47,710 INFO _main.py 41:: #                          mean_add_noise: 0.0                 #
2024-12-01 23:18:47,710 INFO _main.py 41:: #                           std_add_noise: 0.01                #
2024-12-01 23:18:47,710 INFO _main.py 41:: #                     list_uatk_flip_sign: [0, 10, 11]         #
2024-12-01 23:18:47,710 INFO _main.py 42:: ################################################################
2024-12-01 23:18:47,710 INFO _main.py 43:: Namespace(batch_size=64, test_batch_size=32, epochs=5, optimizer='SGD', lr=0.01, momentum=0.9, weight_decay=0.0001, seed=1, log_interval=11, num_clients=40, output_folder='experiments', dataset='rockburst', loader_type='dirichlet', loader_path='./data/loader.pk', AR='mudhog', n_attacker_backdoor=0, backdoor_trigger=[0, 0, 1, 1], n_attacker_omniscient=0, omniscient_scale=1, attacks=None, save_model_weights=False, experiment_name='sExp4Ba_40ep_rockburst_mudhog_40C_5', path_to_aggNet=None, device='cpu', inner_epochs=20, verbose=True, list_unreliable=[2, 18, 20], unreliable_fraction=0.5, unreliable_fracTrain=0.3, mean_unreliable=0.0, blur_method='add_noise', max_std_unreliable=30.0, list_uatk_add_noise=[24, 25, 26], mean_add_noise=0.0, std_add_noise=0.01, list_uatk_flip_sign=[0, 10, 11])
2024-12-01 23:18:47,711 INFO _main.py 44:: #####################
2024-12-01 23:18:47,711 INFO _main.py 45:: #####################
2024-12-01 23:18:47,711 INFO _main.py 46:: #####################
2024-12-01 23:18:47,711 INFO _main.py 47:: Aggregation Rule:	mudhog
2024-12-01 23:18:47,711 INFO _main.py 48:: Data distribution:	dirichlet
2024-12-01 23:18:47,712 INFO _main.py 49:: Attacks:	None 
2024-12-01 23:18:47,712 INFO _main.py 50:: #####################
2024-12-01 23:18:47,712 INFO _main.py 51:: #####################
2024-12-01 23:18:47,712 INFO _main.py 52:: #####################
2024-12-01 23:18:49,250 INFO server.py 366:: SET DBSCAN eps=1.3, min_samples=10
2024-12-01 23:18:49,254 INFO _main.py 135:: [1-normal, 0-malicious] label =tensor([0., 1., 1., 1., 1., 1., 1., 1., 1., 1., 0., 0., 1., 1., 1., 1., 1., 1.,
        1., 1., 1., 1., 1., 1., 0., 0., 0., 1., 1., 1., 1., 1., 1., 1., 1., 1.,
        1., 1., 1., 1.])
2024-12-01 23:18:49,260 INFO malicious_clients.py 123:: init ATTACK OMNISCIENT Client 0
2024-12-01 23:18:49,264 INFO malicious_clients.py 18:: init UNRELIABLE Client 2
2024-12-01 23:18:49,295 INFO malicious_clients.py 123:: init ATTACK OMNISCIENT Client 10
2024-12-01 23:18:49,298 INFO malicious_clients.py 123:: init ATTACK OMNISCIENT Client 11
2024-12-01 23:18:49,320 INFO malicious_clients.py 18:: init UNRELIABLE Client 18
2024-12-01 23:18:49,327 INFO malicious_clients.py 18:: init UNRELIABLE Client 20
2024-12-01 23:18:49,344 INFO malicious_clients.py 73:: init ATTACK ADD NOISE TO GRAD Client 24
2024-12-01 23:18:49,348 INFO malicious_clients.py 73:: init ATTACK ADD NOISE TO GRAD Client 25
2024-12-01 23:18:49,352 INFO malicious_clients.py 73:: init ATTACK ADD NOISE TO GRAD Client 26
2024-12-01 23:18:49,403 INFO server.py 211:: [Server] Start testing
2024-12-01 23:18:49,422 INFO server.py 235:: [Server] Test set: Average loss: 1.3864, Accuracy: 50/200 (25.0%)

2024-12-01 23:18:49,424 INFO server.py 238:: [Sever] Confusion matrix:
 tensor([[50.,  0.,  0.,  0.],
        [50.,  0.,  0.,  0.],
        [50.,  0.,  0.,  0.],
        [50.,  0.,  0.,  0.]])
2024-12-01 23:18:49,432 INFO server.py 254:: [Server] Precision=[0.25  nan  nan  nan],
 Recall=[1. 0. 0. 0.],
 F1-score=[0.4 nan nan nan],
 my_accuracy=25.0[%]
2024-12-01 23:18:49,433 INFO _main.py 209:: ########EPOCH 0 ########
2024-12-01 23:18:49,434 INFO _main.py 210:: ###Model distribution###
2024-12-01 23:18:54,794 INFO server.py 1064:: clients' sizes=[1, 2, 1, 0, 0, 0, 2, 2, 0, 1, 0, 1, 2, 2, 2, 2, 1, 1, 2, 0, 1, 1, 1, 1, 1, 0, 1, 1, 1, 1, 2, 0, 2, 0, 1, 2, 1, 0, 2, 0], total=41
2024-12-01 23:18:54,817 INFO server.py 327:: [Server] The aggregation takes 3.499804 seconds.

2024-12-01 23:18:54,818 INFO server.py 211:: [Server] Start testing
2024-12-01 23:18:54,842 INFO server.py 235:: [Server] Test set: Average loss: 1.3586, Accuracy: 63/200 (31.5%)

2024-12-01 23:18:54,845 INFO server.py 238:: [Sever] Confusion matrix:
 tensor([[50.,  0.,  0.,  0.],
        [50.,  0.,  0.,  0.],
        [50.,  0.,  0.,  0.],
        [37.,  0.,  0., 13.]])
2024-12-01 23:18:54,846 INFO server.py 254:: [Server] Precision=[0.26737967        nan        nan 1.        ],
 Recall=[1.   0.   0.   0.26],
 F1-score=[0.42194092        nan        nan 0.4126984 ],
 my_accuracy=31.49999976158142[%]
2024-12-01 23:18:54,847 INFO _main.py 209:: ########EPOCH 1 ########
2024-12-01 23:18:54,848 INFO _main.py 210:: ###Model distribution###
2024-12-01 23:19:00,587 INFO server.py 1064:: clients' sizes=[1, 2, 1, 0, 0, 0, 2, 2, 0, 1, 0, 1, 2, 2, 2, 2, 1, 1, 2, 0, 1, 1, 1, 1, 1, 0, 1, 1, 1, 1, 2, 0, 2, 0, 1, 2, 1, 0, 2, 0], total=41
2024-12-01 23:19:00,602 INFO server.py 327:: [Server] The aggregation takes 3.935953 seconds.

2024-12-01 23:19:00,603 INFO server.py 211:: [Server] Start testing
2024-12-01 23:19:00,617 INFO server.py 235:: [Server] Test set: Average loss: 1.2927, Accuracy: 80/200 (40.0%)

2024-12-01 23:19:00,619 INFO server.py 238:: [Sever] Confusion matrix:
 tensor([[50.,  0.,  0.,  0.],
        [48.,  0.,  0.,  2.],
        [47.,  0.,  0.,  3.],
        [20.,  0.,  0., 30.]])
2024-12-01 23:19:00,621 INFO server.py 254:: [Server] Precision=[0.3030303         nan        nan 0.85714287],
 Recall=[1.  0.  0.  0.6],
 F1-score=[0.46511632        nan        nan 0.70588243],
 my_accuracy=40.00000059604645[%]
2024-12-01 23:19:00,621 INFO _main.py 209:: ########EPOCH 2 ########
2024-12-01 23:19:00,622 INFO _main.py 210:: ###Model distribution###
2024-12-01 23:19:06,119 INFO server.py 1064:: clients' sizes=[1, 2, 1, 0, 0, 0, 2, 2, 0, 1, 0, 1, 2, 2, 2, 2, 1, 1, 2, 0, 1, 1, 1, 1, 1, 0, 1, 1, 1, 1, 2, 0, 2, 0, 1, 2, 1, 0, 2, 0], total=41
2024-12-01 23:19:06,146 INFO server.py 327:: [Server] The aggregation takes 3.639553 seconds.

2024-12-01 23:19:06,149 INFO server.py 211:: [Server] Start testing
2024-12-01 23:19:06,179 INFO server.py 235:: [Server] Test set: Average loss: 1.1963, Accuracy: 89/200 (44.5%)

2024-12-01 23:19:06,182 INFO server.py 238:: [Sever] Confusion matrix:
 tensor([[50.,  0.,  0.,  0.],
        [46.,  0.,  1.,  3.],
        [34.,  0.,  4., 12.],
        [ 9.,  0.,  6., 35.]])
2024-12-01 23:19:06,188 INFO server.py 254:: [Server] Precision=[0.35971224        nan 0.36363637 0.7       ],
 Recall=[1.   0.   0.08 0.7 ],
 F1-score=[0.52910054        nan 0.13114755 0.7       ],
 my_accuracy=44.49999928474426[%]
2024-12-01 23:19:06,190 INFO _main.py 209:: ########EPOCH 3 ########
2024-12-01 23:19:06,190 INFO _main.py 210:: ###Model distribution###
2024-12-01 23:19:12,694 INFO server.py 568:: flip_sign_id={0, 2, 11, 18, 20}
2024-12-01 23:19:12,694 INFO server.py 583:: ===========using shortHoGs for detecting UNTARGETED ATTACK====
2024-12-01 23:19:12,787 INFO server.py 609:: labels cluster_sh= [0 0 0 0 0 0 0 0 0 0 0 0 0 0 0 0 0 0 0 0 0 0 0 0 0 0 0 0 0 0 0 0 0 0 0]
2024-12-01 23:19:12,801 DEBUG server.py 614:: offset_normal_ids=[ 0  1  2  3  4  5  6  7  8  9 10 11 12 13 14 15 16 17 18 19 20 21 22 23
 24 25 26 27 28 29 30 31 32 33 34], normal_ids=[ 1  3  4  5  6  7  8  9 10 12 13 14 15 16 17 19 21 22 23 24 25 26 27 28
 29 30 31 32 33 34 35 36 37 38 39]
2024-12-01 23:19:12,801 INFO server.py 619:: SUSPECTED UNTARGETED []
2024-12-01 23:19:12,802 DEBUG server.py 623:: suspicious_ids=[]
2024-12-01 23:19:12,802 DEBUG server.py 632:: d_normal_sus={}, d_separate=0
2024-12-01 23:19:12,802 INFO server.py 639:: This round UNTARGETED=set(), sus_tAtk_uRel_id0=set()
2024-12-01 23:19:12,802 INFO server.py 657:: =======Using LONG HOGs for detecting TARGETED ATTACK========
2024-12-01 23:19:12,847 INFO server.py 143:: This round TARGETED ATTACK: [24]
2024-12-01 23:19:12,853 DEBUG server.py 502:: mal_ids=set(), pre_mal_id=defaultdict(<class 'int'>, {0: 1, 1: 0, 2: 1, 3: 0, 4: 0, 5: 0, 6: 0, 7: 0, 8: 0, 9: 0, 10: 0, 11: 1, 12: 0, 13: 0, 14: 0, 15: 0, 16: 0, 17: 0, 18: 1, 19: 0, 20: 1, 21: 0, 22: 0, 23: 0, 24: 1, 25: 0, 26: 0, 27: 0, 28: 0, 29: 0, 30: 0, 31: 0, 32: 0, 33: 0, 34: 0, 35: 0, 36: 0, 37: 0, 38: 0, 39: 0})
2024-12-01 23:19:12,853 INFO server.py 504:: FLIP-SIGN ATTACK=set()
2024-12-01 23:19:12,853 INFO server.py 505:: UNTARGETED ATTACK=set()
2024-12-01 23:19:12,853 INFO server.py 506:: TARGETED ATTACK=set()
2024-12-01 23:19:12,853 INFO server.py 662:: OVERTIME MALICIOUS client ids =set()
2024-12-01 23:19:12,879 INFO server.py 708:: This round UNRELIABLE={25}, normal_id={1, 3, 4, 5, 6, 7, 8, 9, 10, 12, 13, 14, 15, 16, 17, 19, 21, 22, 23, 24, 26, 27, 28, 29, 30, 31, 32, 33, 34, 35, 36, 37, 38, 39}
2024-12-01 23:19:12,880 DEBUG server.py 710:: anlge_sHoGs={1: 0.85329235, 3: nan, 4: nan, 5: nan, 6: 0.8341008, 7: 0.7551277, 8: nan, 9: 0.78285575, 10: nan, 12: 0.8004376, 13: 0.8357341, 14: 0.66651815, 15: 0.68803555, 16: 0.6974525, 17: 0.5946602, 19: nan, 21: 0.55208486, 22: 0.44558766, 23: 0.6428322, 24: 0.22644943, 25: 0.039928775, 26: 0.2918942, 27: 0.81533283, 28: 0.66255414, 29: 0.5863256, 30: 0.79937875, 31: nan, 32: 0.73336667, 33: nan, 34: 0.68691224, 35: 0.6877944, 36: 0.8082824, 37: nan, 38: 0.74367446, 39: nan}, angle_sep_nsH=0.1331891007721424
2024-12-01 23:19:12,880 INFO server.py 722:: UNRELIABLE clients =set()
2024-12-01 23:19:12,882 INFO server.py 1064:: clients' sizes=[1, 2, 1, 0, 0, 0, 2, 2, 0, 1, 0, 1, 2, 2, 2, 2, 1, 1, 2, 0, 1, 1, 1, 1, 0, 1, 1, 1, 1, 2, 0, 2, 0, 1, 2, 1, 0, 2, 0], total=40
2024-12-01 23:19:12,898 INFO server.py 327:: [Server] The aggregation takes 4.206397 seconds.

2024-12-01 23:19:12,899 INFO server.py 211:: [Server] Start testing
2024-12-01 23:19:12,920 INFO server.py 235:: [Server] Test set: Average loss: 1.1068, Accuracy: 101/200 (50.5%)

2024-12-01 23:19:12,922 INFO server.py 238:: [Sever] Confusion matrix:
 tensor([[47.,  2.,  1.,  0.],
        [34., 10.,  3.,  3.],
        [24.,  7.,  8., 11.],
        [ 7.,  1.,  6., 36.]])
2024-12-01 23:19:12,923 INFO server.py 254:: [Server] Precision=[0.41964287 0.5        0.44444445 0.72      ],
 Recall=[0.94 0.2  0.16 0.72],
 F1-score=[0.5802469  0.2857143  0.23529412 0.71999997],
 my_accuracy=50.49999952316284[%]
2024-12-01 23:19:12,924 INFO _main.py 209:: ########EPOCH 4 ########
2024-12-01 23:19:12,924 INFO _main.py 210:: ###Model distribution###
2024-12-01 23:19:18,486 INFO server.py 568:: flip_sign_id={0, 2, 11, 18, 20}
2024-12-01 23:19:18,486 INFO server.py 583:: ===========using shortHoGs for detecting UNTARGETED ATTACK====
2024-12-01 23:19:18,529 INFO server.py 609:: labels cluster_sh= [0 0 0 0 0 0 0 0 0 0 0 0 0 0 0 0 0 0 0 0 0 0 0 0 0 0 0 0 0 0 0 0 0 0 0]
2024-12-01 23:19:18,541 DEBUG server.py 614:: offset_normal_ids=[ 0  1  2  3  4  5  6  7  8  9 10 11 12 13 14 15 16 17 18 19 20 21 22 23
 24 25 26 27 28 29 30 31 32 33 34], normal_ids=[ 1  3  4  5  6  7  8  9 10 12 13 14 15 16 17 19 21 22 23 24 25 26 27 28
 29 30 31 32 33 34 35 36 37 38 39]
2024-12-01 23:19:18,542 INFO server.py 619:: SUSPECTED UNTARGETED []
2024-12-01 23:19:18,542 DEBUG server.py 623:: suspicious_ids=[]
2024-12-01 23:19:18,543 DEBUG server.py 632:: d_normal_sus={}, d_separate=0
2024-12-01 23:19:18,543 INFO server.py 639:: This round UNTARGETED=set(), sus_tAtk_uRel_id0=set()
2024-12-01 23:19:18,543 INFO server.py 657:: =======Using LONG HOGs for detecting TARGETED ATTACK========
2024-12-01 23:19:18,566 INFO server.py 143:: This round TARGETED ATTACK: [24 17]
2024-12-01 23:19:18,570 DEBUG server.py 502:: mal_ids={0, 2, 11, 18, 20}, pre_mal_id=defaultdict(<class 'int'>, {0: 2, 1: 0, 2: 2, 3: 0, 4: 0, 5: 0, 6: 0, 7: 0, 8: 0, 9: 0, 10: 0, 11: 2, 12: 0, 13: 0, 14: 0, 15: 0, 16: 0, 17: 1, 18: 2, 19: 0, 20: 2, 21: 0, 22: 0, 23: 0, 24: 2, 25: 0, 26: 0, 27: 0, 28: 0, 29: 0, 30: 0, 31: 0, 32: 0, 33: 0, 34: 0, 35: 0, 36: 0, 37: 0, 38: 0, 39: 0})
2024-12-01 23:19:18,570 INFO server.py 504:: FLIP-SIGN ATTACK={0, 2, 11, 18, 20}
2024-12-01 23:19:18,571 INFO server.py 505:: UNTARGETED ATTACK=set()
2024-12-01 23:19:18,571 INFO server.py 506:: TARGETED ATTACK=set()
2024-12-01 23:19:18,571 INFO server.py 662:: OVERTIME MALICIOUS client ids ={0, 2, 11, 18, 20}
2024-12-01 23:19:18,597 INFO server.py 708:: This round UNRELIABLE={25}, normal_id={1, 3, 4, 5, 6, 7, 8, 9, 10, 12, 13, 14, 15, 16, 17, 19, 21, 22, 23, 24, 26, 27, 28, 29, 30, 31, 32, 33, 34, 35, 36, 37, 38, 39}
2024-12-01 23:19:18,599 DEBUG server.py 710:: anlge_sHoGs={1: 0.85329235, 3: nan, 4: nan, 5: nan, 6: 0.8341008, 7: 0.7551277, 8: nan, 9: 0.78285575, 10: nan, 12: 0.8004376, 13: 0.8357341, 14: 0.66651815, 15: 0.68803555, 16: 0.6974525, 17: 0.5946602, 19: nan, 21: 0.55208486, 22: 0.44558766, 23: 0.6428322, 24: 0.22644943, 25: 0.039928775, 26: 0.2918942, 27: 0.81533283, 28: 0.66255414, 29: 0.5863256, 30: 0.79937875, 31: nan, 32: 0.73336667, 33: nan, 34: 0.68691224, 35: 0.6877944, 36: 0.8082824, 37: nan, 38: 0.74367446, 39: nan}, angle_sep_nsH=0.1331891007721424
2024-12-01 23:19:18,599 INFO server.py 722:: UNRELIABLE clients =set()
2024-12-01 23:19:18,604 INFO server.py 1064:: clients' sizes=[2, 0, 0, 0, 2, 2, 0, 1, 0, 2, 2, 2, 2, 1, 0, 1, 1, 1, 0, 1, 1, 1, 1, 2, 0, 2, 0, 1, 2, 1, 0, 2, 0], total=33
2024-12-01 23:19:18,641 INFO server.py 327:: [Server] The aggregation takes 3.916401 seconds.

2024-12-01 23:19:18,649 INFO server.py 211:: [Server] Start testing
2024-12-01 23:19:18,668 INFO server.py 235:: [Server] Test set: Average loss: 1.0008, Accuracy: 116/200 (58.0%)

2024-12-01 23:19:18,669 INFO server.py 238:: [Sever] Confusion matrix:
 tensor([[41.,  7.,  2.,  0.],
        [20., 22.,  5.,  3.],
        [12., 14., 14., 10.],
        [ 0.,  6.,  5., 39.]])
2024-12-01 23:19:18,671 INFO server.py 254:: [Server] Precision=[0.56164384 0.4489796  0.53846157 0.75      ],
 Recall=[0.82 0.44 0.28 0.78],
 F1-score=[0.6666667  0.44444445 0.36842105 0.7647059 ],
 my_accuracy=57.999998331069946[%]
