2024-12-01 20:50:44,525 INFO _main.py 39:: ################################################################
2024-12-01 20:50:44,527 INFO _main.py 41:: #                              batch_size: 64                  #
2024-12-01 20:50:44,529 INFO _main.py 41:: #                         test_batch_size: 32                  #
2024-12-01 20:50:44,531 INFO _main.py 41:: #                                  epochs: 10                  #
2024-12-01 20:50:44,531 INFO _main.py 41:: #                               optimizer: SGD                 #
2024-12-01 20:50:44,531 INFO _main.py 41:: #                                      lr: 0.01                #
2024-12-01 20:50:44,532 INFO _main.py 41:: #                                momentum: 0.9                 #
2024-12-01 20:50:44,532 INFO _main.py 41:: #                            weight_decay: 0.0001              #
2024-12-01 20:50:44,532 INFO _main.py 41:: #                                    seed: 1                   #
2024-12-01 20:50:44,533 INFO _main.py 41:: #                            log_interval: 11                  #
2024-12-01 20:50:44,533 INFO _main.py 41:: #                             num_clients: 40                  #
2024-12-01 20:50:44,534 INFO _main.py 41:: #                           output_folder: experiments         #
2024-12-01 20:50:44,534 INFO _main.py 41:: #                                 dataset: rockburst           #
2024-12-01 20:50:44,534 INFO _main.py 41:: #                             loader_type: dirichlet           #
2024-12-01 20:50:44,534 INFO _main.py 41:: #                             loader_path: ./data/loader.pk    #
2024-12-01 20:50:44,535 INFO _main.py 41:: #                                      AR: mudhog              #
2024-12-01 20:50:44,535 INFO _main.py 41:: #                     n_attacker_backdoor: 0                   #
2024-12-01 20:50:44,535 INFO _main.py 41:: #                        backdoor_trigger: [0, 0, 1, 1]        #
2024-12-01 20:50:44,536 INFO _main.py 41:: #                   n_attacker_omniscient: 0                   #
2024-12-01 20:50:44,536 INFO _main.py 41:: #                        omniscient_scale: 1                   #
2024-12-01 20:50:44,536 INFO _main.py 41:: #                                 attacks: None                #
2024-12-01 20:50:44,536 INFO _main.py 41:: #                      save_model_weights: False               #
2024-12-01 20:50:44,536 INFO _main.py 41:: #                         experiment_name: sExp4Ba_40ep_rockburst_mudhog_40C_5#
2024-12-01 20:50:44,537 INFO _main.py 41:: #                          path_to_aggNet: None                #
2024-12-01 20:50:44,537 INFO _main.py 41:: #                                  device: cpu                 #
2024-12-01 20:50:44,537 INFO _main.py 41:: #                            inner_epochs: 4                   #
2024-12-01 20:50:44,538 INFO _main.py 41:: #                                 verbose: True                #
2024-12-01 20:50:44,538 INFO _main.py 41:: #                         list_unreliable: [2, 18, 20]         #
2024-12-01 20:50:44,538 INFO _main.py 41:: #                     unreliable_fraction: 0.5                 #
2024-12-01 20:50:44,539 INFO _main.py 41:: #                    unreliable_fracTrain: 0.3                 #
2024-12-01 20:50:44,539 INFO _main.py 41:: #                         mean_unreliable: 0.0                 #
2024-12-01 20:50:44,539 INFO _main.py 41:: #                             blur_method: add_noise           #
2024-12-01 20:50:44,539 INFO _main.py 41:: #                      max_std_unreliable: 30.0                #
2024-12-01 20:50:44,540 INFO _main.py 41:: #                     list_uatk_add_noise: [24, 25, 26]        #
2024-12-01 20:50:44,540 INFO _main.py 41:: #                          mean_add_noise: 0.0                 #
2024-12-01 20:50:44,540 INFO _main.py 41:: #                           std_add_noise: 0.01                #
2024-12-01 20:50:44,540 INFO _main.py 41:: #                     list_uatk_flip_sign: [0, 10, 11]         #
2024-12-01 20:50:44,541 INFO _main.py 42:: ################################################################
2024-12-01 20:50:44,541 INFO _main.py 43:: Namespace(batch_size=64, test_batch_size=32, epochs=10, optimizer='SGD', lr=0.01, momentum=0.9, weight_decay=0.0001, seed=1, log_interval=11, num_clients=40, output_folder='experiments', dataset='rockburst', loader_type='dirichlet', loader_path='./data/loader.pk', AR='mudhog', n_attacker_backdoor=0, backdoor_trigger=[0, 0, 1, 1], n_attacker_omniscient=0, omniscient_scale=1, attacks=None, save_model_weights=False, experiment_name='sExp4Ba_40ep_rockburst_mudhog_40C_5', path_to_aggNet=None, device='cpu', inner_epochs=4, verbose=True, list_unreliable=[2, 18, 20], unreliable_fraction=0.5, unreliable_fracTrain=0.3, mean_unreliable=0.0, blur_method='add_noise', max_std_unreliable=30.0, list_uatk_add_noise=[24, 25, 26], mean_add_noise=0.0, std_add_noise=0.01, list_uatk_flip_sign=[0, 10, 11])
2024-12-01 20:50:44,542 INFO _main.py 44:: #####################
2024-12-01 20:50:44,542 INFO _main.py 45:: #####################
2024-12-01 20:50:44,542 INFO _main.py 46:: #####################
2024-12-01 20:50:44,542 INFO _main.py 47:: Aggregation Rule:	mudhog
2024-12-01 20:50:44,543 INFO _main.py 48:: Data distribution:	dirichlet
2024-12-01 20:50:44,543 INFO _main.py 49:: Attacks:	None 
2024-12-01 20:50:44,543 INFO _main.py 50:: #####################
2024-12-01 20:50:44,544 INFO _main.py 51:: #####################
2024-12-01 20:50:44,544 INFO _main.py 52:: #####################
2024-12-01 20:50:46,100 INFO server.py 366:: SET DBSCAN eps=1.3, min_samples=10
2024-12-01 20:50:46,103 INFO _main.py 135:: [1-normal, 0-malicious] label =tensor([0., 1., 1., 1., 1., 1., 1., 1., 1., 1., 0., 0., 1., 1., 1., 1., 1., 1.,
        1., 1., 1., 1., 1., 1., 0., 0., 0., 1., 1., 1., 1., 1., 1., 1., 1., 1.,
        1., 1., 1., 1.])
2024-12-01 20:50:46,108 INFO malicious_clients.py 117:: init ATTACK OMNISCIENT Client 0
2024-12-01 20:50:46,113 INFO malicious_clients.py 18:: init UNRELIABLE Client 2
2024-12-01 20:50:46,144 INFO malicious_clients.py 117:: init ATTACK OMNISCIENT Client 10
2024-12-01 20:50:46,147 INFO malicious_clients.py 117:: init ATTACK OMNISCIENT Client 11
2024-12-01 20:50:46,169 INFO malicious_clients.py 18:: init UNRELIABLE Client 18
2024-12-01 20:50:46,176 INFO malicious_clients.py 18:: init UNRELIABLE Client 20
2024-12-01 20:50:46,193 INFO malicious_clients.py 73:: init ATTACK ADD NOISE TO GRAD Client 24
2024-12-01 20:50:46,196 INFO malicious_clients.py 73:: init ATTACK ADD NOISE TO GRAD Client 25
2024-12-01 20:50:46,200 INFO malicious_clients.py 73:: init ATTACK ADD NOISE TO GRAD Client 26
2024-12-01 20:50:46,257 INFO server.py 211:: [Server] Start testing
2024-12-01 20:50:46,278 INFO server.py 235:: [Server] Test set: Average loss: 1.3864, Accuracy: 50/200 (25.0%)

2024-12-01 20:50:46,279 INFO server.py 238:: [Sever] Confusion matrix:
 tensor([[50.,  0.,  0.,  0.],
        [50.,  0.,  0.,  0.],
        [50.,  0.,  0.,  0.],
        [50.,  0.,  0.,  0.]])
2024-12-01 20:50:46,289 INFO server.py 254:: [Server] Precision=[0.25  nan  nan  nan],
 Recall=[1. 0. 0. 0.],
 F1-score=[0.4 nan nan nan],
 my_accuracy=25.0[%]
2024-12-01 20:50:46,291 INFO _main.py 209:: ########EPOCH 0 ########
2024-12-01 20:50:46,291 INFO _main.py 210:: ###Model distribution###
2024-12-01 20:50:50,509 INFO server.py 1064:: clients' sizes=[1, 2, 1, 0, 0, 0, 2, 2, 0, 1, 0, 1, 2, 2, 2, 2, 1, 1, 2, 0, 1, 1, 1, 1, 1, 0, 1, 1, 1, 1, 2, 0, 2, 0, 1, 2, 1, 0, 2, 0], total=41
2024-12-01 20:50:50,529 INFO server.py 327:: [Server] The aggregation takes 3.822536 seconds.

2024-12-01 20:50:50,530 INFO server.py 211:: [Server] Start testing
2024-12-01 20:50:50,550 INFO server.py 235:: [Server] Test set: Average loss: 1.3840, Accuracy: 50/200 (25.0%)

2024-12-01 20:50:50,554 INFO server.py 238:: [Sever] Confusion matrix:
 tensor([[50.,  0.,  0.,  0.],
        [50.,  0.,  0.,  0.],
        [50.,  0.,  0.,  0.],
        [50.,  0.,  0.,  0.]])
2024-12-01 20:50:50,556 INFO server.py 254:: [Server] Precision=[0.25  nan  nan  nan],
 Recall=[1. 0. 0. 0.],
 F1-score=[0.4 nan nan nan],
 my_accuracy=25.0[%]
2024-12-01 20:50:50,556 INFO _main.py 209:: ########EPOCH 1 ########
2024-12-01 20:50:50,557 INFO _main.py 210:: ###Model distribution###
2024-12-01 20:50:54,636 INFO server.py 1064:: clients' sizes=[1, 2, 1, 0, 0, 0, 2, 2, 0, 1, 0, 1, 2, 2, 2, 2, 1, 1, 2, 0, 1, 1, 1, 1, 1, 0, 1, 1, 1, 1, 2, 0, 2, 0, 1, 2, 1, 0, 2, 0], total=41
2024-12-01 20:50:54,651 INFO server.py 327:: [Server] The aggregation takes 3.500168 seconds.

2024-12-01 20:50:54,652 INFO server.py 211:: [Server] Start testing
2024-12-01 20:50:54,668 INFO server.py 235:: [Server] Test set: Average loss: 1.3793, Accuracy: 50/200 (25.0%)

2024-12-01 20:50:54,669 INFO server.py 238:: [Sever] Confusion matrix:
 tensor([[50.,  0.,  0.,  0.],
        [50.,  0.,  0.,  0.],
        [50.,  0.,  0.,  0.],
        [50.,  0.,  0.,  0.]])
2024-12-01 20:50:54,671 INFO server.py 254:: [Server] Precision=[0.25  nan  nan  nan],
 Recall=[1. 0. 0. 0.],
 F1-score=[0.4 nan nan nan],
 my_accuracy=25.0[%]
2024-12-01 20:50:54,672 INFO _main.py 209:: ########EPOCH 2 ########
2024-12-01 20:50:54,672 INFO _main.py 210:: ###Model distribution###
2024-12-01 20:50:59,227 INFO server.py 1064:: clients' sizes=[1, 2, 1, 0, 0, 0, 2, 2, 0, 1, 0, 1, 2, 2, 2, 2, 1, 1, 2, 0, 1, 1, 1, 1, 1, 0, 1, 1, 1, 1, 2, 0, 2, 0, 1, 2, 1, 0, 2, 0], total=41
2024-12-01 20:50:59,243 INFO server.py 327:: [Server] The aggregation takes 4.086323 seconds.

2024-12-01 20:50:59,244 INFO server.py 211:: [Server] Start testing
2024-12-01 20:50:59,260 INFO server.py 235:: [Server] Test set: Average loss: 1.3737, Accuracy: 50/200 (25.0%)

2024-12-01 20:50:59,262 INFO server.py 238:: [Sever] Confusion matrix:
 tensor([[50.,  0.,  0.,  0.],
        [50.,  0.,  0.,  0.],
        [50.,  0.,  0.,  0.],
        [50.,  0.,  0.,  0.]])
2024-12-01 20:50:59,263 INFO server.py 254:: [Server] Precision=[0.25  nan  nan  nan],
 Recall=[1. 0. 0. 0.],
 F1-score=[0.4 nan nan nan],
 my_accuracy=25.0[%]
2024-12-01 20:50:59,264 INFO _main.py 209:: ########EPOCH 3 ########
2024-12-01 20:50:59,265 INFO _main.py 210:: ###Model distribution###
2024-12-01 20:51:03,559 INFO server.py 568:: flip_sign_id={0, 11}
2024-12-01 20:51:03,560 INFO server.py 583:: ===========using shortHoGs for detecting UNTARGETED ATTACK====
2024-12-01 20:51:03,676 INFO server.py 609:: labels cluster_sh= [0 0 0 0 0 0 0 0 0 0 0 0 0 0 0 0 0 0 0 0 0 0 0 0 0 0 0 0 0 0 0 0 0 0 0 0 0
 0]
2024-12-01 20:51:03,706 DEBUG server.py 614:: offset_normal_ids=[ 0  1  2  3  4  5  6  7  8  9 10 11 12 13 14 15 16 17 18 19 20 21 22 23
 24 25 26 27 28 29 30 31 32 33 34 35 36 37], normal_ids=[ 1  2  3  4  5  6  7  8  9 10 12 13 14 15 16 17 18 19 20 21 22 23 24 25
 26 27 28 29 30 31 32 33 34 35 36 37 38 39]
2024-12-01 20:51:03,706 INFO server.py 619:: SUSPECTED UNTARGETED []
2024-12-01 20:51:03,707 DEBUG server.py 623:: suspicious_ids=[]
2024-12-01 20:51:03,707 DEBUG server.py 632:: d_normal_sus={}, d_separate=0
2024-12-01 20:51:03,707 INFO server.py 639:: This round UNTARGETED=set(), sus_tAtk_uRel_id0=set()
2024-12-01 20:51:03,708 INFO server.py 657:: =======Using LONG HOGs for detecting TARGETED ATTACK========
2024-12-01 20:51:03,737 INFO server.py 143:: This round TARGETED ATTACK: [26]
2024-12-01 20:51:03,741 DEBUG server.py 502:: mal_ids=set(), pre_mal_id=defaultdict(<class 'int'>, {0: 1, 1: 0, 2: 0, 3: 0, 4: 0, 5: 0, 6: 0, 7: 0, 8: 0, 9: 0, 10: 0, 11: 1, 12: 0, 13: 0, 14: 0, 15: 0, 16: 0, 17: 0, 18: 0, 19: 0, 20: 0, 21: 0, 22: 0, 23: 0, 24: 0, 25: 0, 26: 1, 27: 0, 28: 0, 29: 0, 30: 0, 31: 0, 32: 0, 33: 0, 34: 0, 35: 0, 36: 0, 37: 0, 38: 0, 39: 0})
2024-12-01 20:51:03,742 INFO server.py 504:: FLIP-SIGN ATTACK=set()
2024-12-01 20:51:03,742 INFO server.py 505:: UNTARGETED ATTACK=set()
2024-12-01 20:51:03,743 INFO server.py 506:: TARGETED ATTACK=set()
2024-12-01 20:51:03,743 INFO server.py 662:: OVERTIME MALICIOUS client ids =set()
2024-12-01 20:51:03,774 INFO server.py 708:: This round UNRELIABLE={2, 17, 18, 20, 21, 24, 25, 26}, normal_id={1, 3, 4, 5, 6, 7, 8, 9, 10, 12, 13, 14, 15, 16, 19, 22, 23, 27, 28, 29, 30, 31, 32, 33, 34, 35, 36, 37, 38, 39}
2024-12-01 20:51:03,776 DEBUG server.py 710:: anlge_sHoGs={1: 0.6139289, 2: 0.039932236, 3: nan, 4: nan, 5: nan, 6: 0.6752066, 7: 0.37819126, 8: nan, 9: 0.63159204, 10: nan, 12: 0.525533, 13: 0.57481, 14: 0.34534514, 15: 0.39755237, 16: 0.4756639, 17: 0.27642736, 18: 0.0032340013, 19: nan, 20: 0.072393075, 21: 0.21907191, 22: 0.33594024, 23: 0.4790488, 24: 0.054986548, 25: 0.04595871, 26: 0.056107003, 27: 0.5399527, 28: 0.45255336, 29: 0.359538, 30: 0.55024755, 31: nan, 32: 0.3616489, 33: nan, 34: 0.33995107, 35: 0.35312995, 36: 0.65417254, 37: nan, 38: 0.45792478, 39: nan}, angle_sep_nsH=0.32693056762218475
2024-12-01 20:51:03,777 INFO server.py 722:: UNRELIABLE clients =set()
2024-12-01 20:51:03,779 INFO server.py 1064:: clients' sizes=[1, 2, 1, 0, 0, 0, 2, 2, 0, 1, 0, 1, 2, 2, 2, 2, 1, 1, 2, 0, 1, 1, 1, 1, 1, 0, 1, 1, 1, 2, 0, 2, 0, 1, 2, 1, 0, 2, 0], total=40
2024-12-01 20:51:03,813 INFO server.py 327:: [Server] The aggregation takes 4.089518 seconds.

2024-12-01 20:51:03,816 INFO server.py 211:: [Server] Start testing
2024-12-01 20:51:03,859 INFO server.py 235:: [Server] Test set: Average loss: 1.3671, Accuracy: 53/200 (26.5%)

2024-12-01 20:51:03,861 INFO server.py 238:: [Sever] Confusion matrix:
 tensor([[50.,  0.,  0.,  0.],
        [50.,  0.,  0.,  0.],
        [50.,  0.,  0.,  0.],
        [47.,  0.,  0.,  3.]])
2024-12-01 20:51:03,862 INFO server.py 254:: [Server] Precision=[0.2538071       nan       nan 1.       ],
 Recall=[1.   0.   0.   0.06],
 F1-score=[0.4048583         nan        nan 0.11320755],
 my_accuracy=26.499998569488525[%]
2024-12-01 20:51:03,863 INFO _main.py 209:: ########EPOCH 4 ########
2024-12-01 20:51:03,863 INFO _main.py 210:: ###Model distribution###
2024-12-01 20:51:08,248 INFO server.py 568:: flip_sign_id={0, 11}
2024-12-01 20:51:08,248 INFO server.py 583:: ===========using shortHoGs for detecting UNTARGETED ATTACK====
2024-12-01 20:51:08,307 INFO server.py 609:: labels cluster_sh= [0 0 0 0 0 0 0 0 0 0 0 0 0 0 0 0 0 0 0 0 0 0 0 0 0 0 0 0 0 0 0 0 0 0 0 0 0
 0]
2024-12-01 20:51:08,327 DEBUG server.py 614:: offset_normal_ids=[ 0  1  2  3  4  5  6  7  8  9 10 11 12 13 14 15 16 17 18 19 20 21 22 23
 24 25 26 27 28 29 30 31 32 33 34 35 36 37], normal_ids=[ 1  2  3  4  5  6  7  8  9 10 12 13 14 15 16 17 18 19 20 21 22 23 24 25
 26 27 28 29 30 31 32 33 34 35 36 37 38 39]
2024-12-01 20:51:08,327 INFO server.py 619:: SUSPECTED UNTARGETED []
2024-12-01 20:51:08,328 DEBUG server.py 623:: suspicious_ids=[]
2024-12-01 20:51:08,328 DEBUG server.py 632:: d_normal_sus={}, d_separate=0
2024-12-01 20:51:08,328 INFO server.py 639:: This round UNTARGETED=set(), sus_tAtk_uRel_id0=set()
2024-12-01 20:51:08,328 INFO server.py 657:: =======Using LONG HOGs for detecting TARGETED ATTACK========
2024-12-01 20:51:08,343 INFO server.py 143:: This round TARGETED ATTACK: [26]
2024-12-01 20:51:08,343 DEBUG server.py 502:: mal_ids={0, 11}, pre_mal_id=defaultdict(<class 'int'>, {0: 2, 1: 0, 2: 0, 3: 0, 4: 0, 5: 0, 6: 0, 7: 0, 8: 0, 9: 0, 10: 0, 11: 2, 12: 0, 13: 0, 14: 0, 15: 0, 16: 0, 17: 0, 18: 0, 19: 0, 20: 0, 21: 0, 22: 0, 23: 0, 24: 0, 25: 0, 26: 2, 27: 0, 28: 0, 29: 0, 30: 0, 31: 0, 32: 0, 33: 0, 34: 0, 35: 0, 36: 0, 37: 0, 38: 0, 39: 0})
2024-12-01 20:51:08,343 INFO server.py 504:: FLIP-SIGN ATTACK={0, 11}
2024-12-01 20:51:08,344 INFO server.py 505:: UNTARGETED ATTACK=set()
2024-12-01 20:51:08,344 INFO server.py 506:: TARGETED ATTACK=set()
2024-12-01 20:51:08,344 INFO server.py 662:: OVERTIME MALICIOUS client ids ={0, 11}
2024-12-01 20:51:08,357 INFO server.py 708:: This round UNRELIABLE={2, 17, 18, 20, 21, 24, 25, 26}, normal_id={1, 3, 4, 5, 6, 7, 8, 9, 10, 12, 13, 14, 15, 16, 19, 22, 23, 27, 28, 29, 30, 31, 32, 33, 34, 35, 36, 37, 38, 39}
2024-12-01 20:51:08,358 DEBUG server.py 710:: anlge_sHoGs={1: 0.6139289, 2: 0.039932236, 3: nan, 4: nan, 5: nan, 6: 0.6752066, 7: 0.37819126, 8: nan, 9: 0.63159204, 10: nan, 12: 0.525533, 13: 0.57481, 14: 0.34534514, 15: 0.39755237, 16: 0.4756639, 17: 0.27642736, 18: 0.0032340013, 19: nan, 20: 0.072393075, 21: 0.21907191, 22: 0.33594024, 23: 0.4790488, 24: 0.054986548, 25: 0.04595871, 26: 0.056107003, 27: 0.5399527, 28: 0.45255336, 29: 0.359538, 30: 0.55024755, 31: nan, 32: 0.3616489, 33: nan, 34: 0.33995107, 35: 0.35312995, 36: 0.65417254, 37: nan, 38: 0.45792478, 39: nan}, angle_sep_nsH=0.32693056762218475
2024-12-01 20:51:08,358 INFO server.py 722:: UNRELIABLE clients =set()
2024-12-01 20:51:08,360 INFO server.py 1064:: clients' sizes=[2, 1, 0, 0, 0, 2, 2, 0, 1, 0, 2, 2, 2, 2, 1, 1, 2, 0, 1, 1, 1, 1, 1, 0, 1, 1, 1, 2, 0, 2, 0, 1, 2, 1, 0, 2, 0], total=38
2024-12-01 20:51:08,374 INFO server.py 327:: [Server] The aggregation takes 3.875075 seconds.

2024-12-01 20:51:08,375 INFO server.py 211:: [Server] Start testing
2024-12-01 20:51:08,395 INFO server.py 235:: [Server] Test set: Average loss: 1.3585, Accuracy: 64/200 (32.0%)

2024-12-01 20:51:08,396 INFO server.py 238:: [Sever] Confusion matrix:
 tensor([[50.,  0.,  0.,  0.],
        [50.,  0.,  0.,  0.],
        [50.,  0.,  0.,  0.],
        [36.,  0.,  0., 14.]])
2024-12-01 20:51:08,398 INFO server.py 254:: [Server] Precision=[0.26881722        nan        nan 1.        ],
 Recall=[1.   0.   0.   0.28],
 F1-score=[0.42372882        nan        nan 0.4375    ],
 my_accuracy=31.999999284744263[%]
2024-12-01 20:51:08,399 INFO _main.py 209:: ########EPOCH 5 ########
2024-12-01 20:51:08,399 INFO _main.py 210:: ###Model distribution###
2024-12-01 20:51:12,466 INFO server.py 568:: flip_sign_id={0, 11}
2024-12-01 20:51:12,467 INFO server.py 583:: ===========using shortHoGs for detecting UNTARGETED ATTACK====
2024-12-01 20:51:12,524 INFO server.py 609:: labels cluster_sh= [0 0 0 0 0 0 0 0 0 0 0 0 0 0 0 0 0 0 0 0 0 0 0 0 0 0 0 0 0 0 0 0 0 0 0 0 0
 0]
2024-12-01 20:51:12,544 DEBUG server.py 614:: offset_normal_ids=[ 0  1  2  3  4  5  6  7  8  9 10 11 12 13 14 15 16 17 18 19 20 21 22 23
 24 25 26 27 28 29 30 31 32 33 34 35 36 37], normal_ids=[ 1  2  3  4  5  6  7  8  9 10 12 13 14 15 16 17 18 19 20 21 22 23 24 25
 26 27 28 29 30 31 32 33 34 35 36 37 38 39]
2024-12-01 20:51:12,550 INFO server.py 619:: SUSPECTED UNTARGETED []
2024-12-01 20:51:12,550 DEBUG server.py 623:: suspicious_ids=[]
2024-12-01 20:51:12,551 DEBUG server.py 632:: d_normal_sus={}, d_separate=0
2024-12-01 20:51:12,551 INFO server.py 639:: This round UNTARGETED=set(), sus_tAtk_uRel_id0=set()
2024-12-01 20:51:12,551 INFO server.py 657:: =======Using LONG HOGs for detecting TARGETED ATTACK========
2024-12-01 20:51:12,589 INFO server.py 143:: This round TARGETED ATTACK: [26]
2024-12-01 20:51:12,596 DEBUG server.py 502:: mal_ids={0, 11}, pre_mal_id=defaultdict(<class 'int'>, {0: 3, 1: 0, 2: 0, 3: 0, 4: 0, 5: 0, 6: 0, 7: 0, 8: 0, 9: 0, 10: 0, 11: 3, 12: 0, 13: 0, 14: 0, 15: 0, 16: 0, 17: 0, 18: 0, 19: 0, 20: 0, 21: 0, 22: 0, 23: 0, 24: 0, 25: 0, 26: 3, 27: 0, 28: 0, 29: 0, 30: 0, 31: 0, 32: 0, 33: 0, 34: 0, 35: 0, 36: 0, 37: 0, 38: 0, 39: 0})
2024-12-01 20:51:12,596 INFO server.py 504:: FLIP-SIGN ATTACK={0, 11}
2024-12-01 20:51:12,597 INFO server.py 505:: UNTARGETED ATTACK=set()
2024-12-01 20:51:12,597 INFO server.py 506:: TARGETED ATTACK=set()
2024-12-01 20:51:12,597 INFO server.py 662:: OVERTIME MALICIOUS client ids ={0, 11}
2024-12-01 20:51:12,620 INFO server.py 708:: This round UNRELIABLE={2, 17, 18, 20, 21, 24, 25, 26}, normal_id={1, 3, 4, 5, 6, 7, 8, 9, 10, 12, 13, 14, 15, 16, 19, 22, 23, 27, 28, 29, 30, 31, 32, 33, 34, 35, 36, 37, 38, 39}
2024-12-01 20:51:12,622 DEBUG server.py 710:: anlge_sHoGs={1: 0.6139289, 2: 0.039932236, 3: nan, 4: nan, 5: nan, 6: 0.6752066, 7: 0.37819126, 8: nan, 9: 0.63159204, 10: nan, 12: 0.525533, 13: 0.57481, 14: 0.34534514, 15: 0.39755237, 16: 0.4756639, 17: 0.27642736, 18: 0.0032340013, 19: nan, 20: 0.072393075, 21: 0.21907191, 22: 0.33594024, 23: 0.4790488, 24: 0.054986548, 25: 0.04595871, 26: 0.056107003, 27: 0.5399527, 28: 0.45255336, 29: 0.359538, 30: 0.55024755, 31: nan, 32: 0.3616489, 33: nan, 34: 0.33995107, 35: 0.35312995, 36: 0.65417254, 37: nan, 38: 0.45792478, 39: nan}, angle_sep_nsH=0.32693056762218475
2024-12-01 20:51:12,622 INFO server.py 722:: UNRELIABLE clients ={2, 17, 18, 20, 21, 24, 25, 26}
2024-12-01 20:51:12,624 INFO server.py 1064:: clients' sizes=[2, 1, 0, 0, 0, 2, 2, 0, 1, 0, 2, 2, 2, 2, 1, 1, 2, 0, 1, 1, 1, 1, 1, 0, 1, 1, 1, 2, 0, 2, 0, 1, 2, 1, 0, 2, 0], total=38
2024-12-01 20:51:12,643 INFO server.py 327:: [Server] The aggregation takes 3.776165 seconds.

2024-12-01 20:51:12,644 INFO server.py 211:: [Server] Start testing
2024-12-01 20:51:12,665 INFO server.py 235:: [Server] Test set: Average loss: 1.3488, Accuracy: 69/200 (34.5%)

2024-12-01 20:51:12,666 INFO server.py 238:: [Sever] Confusion matrix:
 tensor([[50.,  0.,  0.,  0.],
        [50.,  0.,  0.,  0.],
        [50.,  0.,  0.,  0.],
        [31.,  0.,  0., 19.]])
2024-12-01 20:51:12,667 INFO server.py 254:: [Server] Precision=[0.2762431       nan       nan 1.       ],
 Recall=[1.   0.   0.   0.38],
 F1-score=[0.43290043        nan        nan 0.5507246 ],
 my_accuracy=34.49999988079071[%]
2024-12-01 20:51:12,668 INFO _main.py 209:: ########EPOCH 6 ########
2024-12-01 20:51:12,669 INFO _main.py 210:: ###Model distribution###
2024-12-01 20:51:17,132 INFO server.py 568:: flip_sign_id={0, 11}
2024-12-01 20:51:17,133 INFO server.py 583:: ===========using shortHoGs for detecting UNTARGETED ATTACK====
2024-12-01 20:51:17,197 INFO server.py 609:: labels cluster_sh= [0 0 0 0 0 0 0 0 0 0 0 0 0 0 0 0 0 0 0 0 0 0 0 0 0 0 0 0 0 0 0 0 0 0 0 0 0
 0]
2024-12-01 20:51:17,212 DEBUG server.py 614:: offset_normal_ids=[ 0  1  2  3  4  5  6  7  8  9 10 11 12 13 14 15 16 17 18 19 20 21 22 23
 24 25 26 27 28 29 30 31 32 33 34 35 36 37], normal_ids=[ 1  2  3  4  5  6  7  8  9 10 12 13 14 15 16 17 18 19 20 21 22 23 24 25
 26 27 28 29 30 31 32 33 34 35 36 37 38 39]
2024-12-01 20:51:17,213 INFO server.py 619:: SUSPECTED UNTARGETED []
2024-12-01 20:51:17,214 DEBUG server.py 623:: suspicious_ids=[]
2024-12-01 20:51:17,214 DEBUG server.py 632:: d_normal_sus={}, d_separate=0
2024-12-01 20:51:17,214 INFO server.py 639:: This round UNTARGETED=set(), sus_tAtk_uRel_id0=set()
2024-12-01 20:51:17,214 INFO server.py 657:: =======Using LONG HOGs for detecting TARGETED ATTACK========
2024-12-01 20:51:17,238 INFO server.py 143:: This round TARGETED ATTACK: [26]
2024-12-01 20:51:17,244 DEBUG server.py 502:: mal_ids={0, 26, 11}, pre_mal_id=defaultdict(<class 'int'>, {0: 4, 1: 0, 2: 0, 3: 0, 4: 0, 5: 0, 6: 0, 7: 0, 8: 0, 9: 0, 10: 0, 11: 4, 12: 0, 13: 0, 14: 0, 15: 0, 16: 0, 17: 0, 18: 0, 19: 0, 20: 0, 21: 0, 22: 0, 23: 0, 24: 0, 25: 0, 26: 4, 27: 0, 28: 0, 29: 0, 30: 0, 31: 0, 32: 0, 33: 0, 34: 0, 35: 0, 36: 0, 37: 0, 38: 0, 39: 0})
2024-12-01 20:51:17,245 INFO server.py 504:: FLIP-SIGN ATTACK={0, 11}
2024-12-01 20:51:17,245 INFO server.py 505:: UNTARGETED ATTACK=set()
2024-12-01 20:51:17,246 INFO server.py 506:: TARGETED ATTACK={26}
2024-12-01 20:51:17,246 INFO server.py 662:: OVERTIME MALICIOUS client ids ={0, 26, 11}
2024-12-01 20:51:17,275 INFO server.py 708:: This round UNRELIABLE={2, 17, 18, 20, 21, 24, 25}, normal_id={1, 3, 4, 5, 6, 7, 8, 9, 10, 12, 13, 14, 15, 16, 19, 22, 23, 27, 28, 29, 30, 31, 32, 33, 34, 35, 36, 37, 38, 39}
2024-12-01 20:51:17,277 DEBUG server.py 710:: anlge_sHoGs={1: 0.6104084, 2: 0.036319718, 3: nan, 4: nan, 5: nan, 6: 0.6755287, 7: 0.375471, 8: nan, 9: 0.63004285, 10: nan, 12: 0.525733, 13: 0.5736024, 14: 0.341832, 15: 0.3985884, 16: 0.47285825, 17: 0.27390152, 18: -0.0021209056, 19: nan, 20: 0.07232835, 21: 0.21338028, 22: 0.33696696, 23: 0.47968197, 24: 0.055528313, 25: 0.04513591, 27: 0.5396059, 28: 0.45314422, 29: 0.35996184, 30: 0.5491941, 31: nan, 32: 0.36106604, 33: nan, 34: 0.33700907, 35: 0.34896153, 36: 0.6536807, 37: nan, 38: 0.45906878, 39: nan}, angle_sep_nsH=0.3233640640974045
2024-12-01 20:51:17,278 INFO server.py 722:: UNRELIABLE clients ={2, 17, 18, 20, 21, 24, 25, 26}
2024-12-01 20:51:17,283 INFO server.py 1064:: clients' sizes=[2, 1, 0, 0, 0, 2, 2, 0, 1, 0, 2, 2, 2, 2, 1, 1, 2, 0, 1, 1, 1, 1, 1, 0, 1, 1, 1, 2, 0, 2, 0, 1, 2, 1, 0, 2, 0], total=38
2024-12-01 20:51:17,318 INFO server.py 327:: [Server] The aggregation takes 4.142232 seconds.

2024-12-01 20:51:17,328 INFO server.py 211:: [Server] Start testing
2024-12-01 20:51:17,362 INFO server.py 235:: [Server] Test set: Average loss: 1.3373, Accuracy: 77/200 (38.5%)

2024-12-01 20:51:17,364 INFO server.py 238:: [Sever] Confusion matrix:
 tensor([[50.,  0.,  0.,  0.],
        [50.,  0.,  0.,  0.],
        [48.,  0.,  0.,  2.],
        [23.,  0.,  0., 27.]])
2024-12-01 20:51:17,366 INFO server.py 254:: [Server] Precision=[0.29239765        nan        nan 0.9310345 ],
 Recall=[1.   0.   0.   0.54],
 F1-score=[0.4524887         nan        nan 0.68354434],
 my_accuracy=38.499999046325684[%]
2024-12-01 20:51:17,367 INFO _main.py 209:: ########EPOCH 7 ########
2024-12-01 20:51:17,367 INFO _main.py 210:: ###Model distribution###
2024-12-01 20:51:21,630 INFO server.py 568:: flip_sign_id={0, 18, 11}
2024-12-01 20:51:21,630 INFO server.py 583:: ===========using shortHoGs for detecting UNTARGETED ATTACK====
2024-12-01 20:51:21,674 INFO server.py 609:: labels cluster_sh= [0 0 0 0 0 0 0 0 0 0 0 0 0 0 0 0 0 0 0 0 0 0 0 0 0 0 0 0 0 0 0 0 0 0 0 0 0]
2024-12-01 20:51:21,688 DEBUG server.py 614:: offset_normal_ids=[ 0  1  2  3  4  5  6  7  8  9 10 11 12 13 14 15 16 17 18 19 20 21 22 23
 24 25 26 27 28 29 30 31 32 33 34 35 36], normal_ids=[ 1  2  3  4  5  6  7  8  9 10 12 13 14 15 16 17 19 20 21 22 23 24 25 26
 27 28 29 30 31 32 33 34 35 36 37 38 39]
2024-12-01 20:51:21,689 INFO server.py 619:: SUSPECTED UNTARGETED []
2024-12-01 20:51:21,689 DEBUG server.py 623:: suspicious_ids=[]
2024-12-01 20:51:21,690 DEBUG server.py 632:: d_normal_sus={}, d_separate=0
2024-12-01 20:51:21,690 INFO server.py 639:: This round UNTARGETED=set(), sus_tAtk_uRel_id0=set()
2024-12-01 20:51:21,690 INFO server.py 657:: =======Using LONG HOGs for detecting TARGETED ATTACK========
2024-12-01 20:51:21,704 INFO server.py 143:: This round TARGETED ATTACK: [26]
2024-12-01 20:51:21,705 DEBUG server.py 502:: mal_ids={0, 26, 11}, pre_mal_id=defaultdict(<class 'int'>, {0: 5, 1: 0, 2: 0, 3: 0, 4: 0, 5: 0, 6: 0, 7: 0, 8: 0, 9: 0, 10: 0, 11: 5, 12: 0, 13: 0, 14: 0, 15: 0, 16: 0, 17: 0, 18: 1, 19: 0, 20: 0, 21: 0, 22: 0, 23: 0, 24: 0, 25: 0, 26: 5, 27: 0, 28: 0, 29: 0, 30: 0, 31: 0, 32: 0, 33: 0, 34: 0, 35: 0, 36: 0, 37: 0, 38: 0, 39: 0})
2024-12-01 20:51:21,705 INFO server.py 504:: FLIP-SIGN ATTACK={0, 11}
2024-12-01 20:51:21,705 INFO server.py 505:: UNTARGETED ATTACK=set()
2024-12-01 20:51:21,705 INFO server.py 506:: TARGETED ATTACK={26}
2024-12-01 20:51:21,705 INFO server.py 662:: OVERTIME MALICIOUS client ids ={0, 26, 11}
2024-12-01 20:51:21,719 INFO server.py 708:: This round UNRELIABLE={2, 17, 20, 21, 24, 25}, normal_id={1, 3, 4, 5, 6, 7, 8, 9, 10, 12, 13, 14, 15, 16, 19, 22, 23, 27, 28, 29, 30, 31, 32, 33, 34, 35, 36, 37, 38, 39}
2024-12-01 20:51:21,719 DEBUG server.py 710:: anlge_sHoGs={1: 0.61640406, 2: 0.038205862, 3: nan, 4: nan, 5: nan, 6: 0.68057305, 7: 0.3798169, 8: nan, 9: 0.63688886, 10: nan, 12: 0.5285632, 13: 0.58083695, 14: 0.34650275, 15: 0.40739903, 16: 0.48510212, 17: 0.2708203, 19: nan, 20: 0.07333635, 21: 0.21461959, 22: 0.33381334, 23: 0.49182132, 24: 0.056295224, 25: 0.043655757, 27: 0.539837, 28: 0.4683277, 29: 0.363423, 30: 0.5589758, 31: nan, 32: 0.3693495, 33: nan, 34: 0.33579388, 35: 0.34718093, 36: 0.66339904, 37: nan, 38: 0.4676042, 39: nan}, angle_sep_nsH=0.3273049592971802
2024-12-01 20:51:21,719 INFO server.py 722:: UNRELIABLE clients ={2, 17, 18, 20, 21, 24, 25, 26}
2024-12-01 20:51:21,721 INFO server.py 1064:: clients' sizes=[2, 1, 0, 0, 0, 2, 2, 0, 1, 0, 2, 2, 2, 2, 1, 1, 2, 0, 1, 1, 1, 1, 1, 0, 1, 1, 1, 2, 0, 2, 0, 1, 2, 1, 0, 2, 0], total=38
2024-12-01 20:51:21,735 INFO server.py 327:: [Server] The aggregation takes 3.756520 seconds.

2024-12-01 20:51:21,736 INFO server.py 211:: [Server] Start testing
2024-12-01 20:51:21,756 INFO server.py 235:: [Server] Test set: Average loss: 1.3245, Accuracy: 80/200 (40.0%)

2024-12-01 20:51:21,757 INFO server.py 238:: [Sever] Confusion matrix:
 tensor([[50.,  0.,  0.,  0.],
        [47.,  0.,  0.,  3.],
        [45.,  0.,  0.,  5.],
        [20.,  0.,  0., 30.]])
2024-12-01 20:51:21,758 INFO server.py 254:: [Server] Precision=[0.30864197        nan        nan 0.7894737 ],
 Recall=[1.  0.  0.  0.6],
 F1-score=[0.47169814        nan        nan 0.68181825],
 my_accuracy=40.00000059604645[%]
2024-12-01 20:51:21,759 INFO _main.py 209:: ########EPOCH 8 ########
2024-12-01 20:51:21,760 INFO _main.py 210:: ###Model distribution###
2024-12-01 20:51:25,724 INFO server.py 568:: flip_sign_id={0, 18, 11}
2024-12-01 20:51:25,724 INFO server.py 583:: ===========using shortHoGs for detecting UNTARGETED ATTACK====
2024-12-01 20:51:25,769 INFO server.py 609:: labels cluster_sh= [0 0 0 0 0 0 0 0 0 0 0 0 0 0 0 0 0 0 0 0 0 0 0 0 0 0 0 0 0 0 0 0 0 0 0 0 0]
2024-12-01 20:51:25,800 DEBUG server.py 614:: offset_normal_ids=[ 0  1  2  3  4  5  6  7  8  9 10 11 12 13 14 15 16 17 18 19 20 21 22 23
 24 25 26 27 28 29 30 31 32 33 34 35 36], normal_ids=[ 1  2  3  4  5  6  7  8  9 10 12 13 14 15 16 17 19 20 21 22 23 24 25 26
 27 28 29 30 31 32 33 34 35 36 37 38 39]
2024-12-01 20:51:25,801 INFO server.py 619:: SUSPECTED UNTARGETED []
2024-12-01 20:51:25,801 DEBUG server.py 623:: suspicious_ids=[]
2024-12-01 20:51:25,801 DEBUG server.py 632:: d_normal_sus={}, d_separate=0
2024-12-01 20:51:25,801 INFO server.py 639:: This round UNTARGETED=set(), sus_tAtk_uRel_id0=set()
2024-12-01 20:51:25,802 INFO server.py 657:: =======Using LONG HOGs for detecting TARGETED ATTACK========
2024-12-01 20:51:25,816 INFO server.py 143:: This round TARGETED ATTACK: [26]
2024-12-01 20:51:25,816 DEBUG server.py 502:: mal_ids={0, 18, 26, 11}, pre_mal_id=defaultdict(<class 'int'>, {0: 6, 1: 0, 2: 0, 3: 0, 4: 0, 5: 0, 6: 0, 7: 0, 8: 0, 9: 0, 10: 0, 11: 6, 12: 0, 13: 0, 14: 0, 15: 0, 16: 0, 17: 0, 18: 2, 19: 0, 20: 0, 21: 0, 22: 0, 23: 0, 24: 0, 25: 0, 26: 6, 27: 0, 28: 0, 29: 0, 30: 0, 31: 0, 32: 0, 33: 0, 34: 0, 35: 0, 36: 0, 37: 0, 38: 0, 39: 0})
2024-12-01 20:51:25,816 INFO server.py 504:: FLIP-SIGN ATTACK={0, 18, 11}
2024-12-01 20:51:25,817 INFO server.py 505:: UNTARGETED ATTACK=set()
2024-12-01 20:51:25,817 INFO server.py 506:: TARGETED ATTACK={26}
2024-12-01 20:51:25,817 INFO server.py 662:: OVERTIME MALICIOUS client ids ={0, 18, 26, 11}
2024-12-01 20:51:25,830 INFO server.py 708:: This round UNRELIABLE={2, 17, 20, 21, 24, 25}, normal_id={1, 3, 4, 5, 6, 7, 8, 9, 10, 12, 13, 14, 15, 16, 19, 22, 23, 27, 28, 29, 30, 31, 32, 33, 34, 35, 36, 37, 38, 39}
2024-12-01 20:51:25,830 DEBUG server.py 710:: anlge_sHoGs={1: 0.61640406, 2: 0.038205862, 3: nan, 4: nan, 5: nan, 6: 0.68057305, 7: 0.3798169, 8: nan, 9: 0.63688886, 10: nan, 12: 0.5285632, 13: 0.58083695, 14: 0.34650275, 15: 0.40739903, 16: 0.48510212, 17: 0.2708203, 19: nan, 20: 0.07333635, 21: 0.21461959, 22: 0.33381334, 23: 0.49182132, 24: 0.056295224, 25: 0.043655757, 27: 0.539837, 28: 0.4683277, 29: 0.363423, 30: 0.5589758, 31: nan, 32: 0.3693495, 33: nan, 34: 0.33579388, 35: 0.34718093, 36: 0.66339904, 37: nan, 38: 0.4676042, 39: nan}, angle_sep_nsH=0.3273049592971802
2024-12-01 20:51:25,831 INFO server.py 722:: UNRELIABLE clients ={2, 17, 18, 20, 21, 24, 25, 26}
2024-12-01 20:51:25,833 INFO server.py 1064:: clients' sizes=[2, 1, 0, 0, 0, 2, 2, 0, 1, 0, 2, 2, 2, 2, 1, 1, 0, 1, 1, 1, 1, 1, 0, 1, 1, 1, 2, 0, 2, 0, 1, 2, 1, 0, 2, 0], total=36
2024-12-01 20:51:25,847 INFO server.py 327:: [Server] The aggregation takes 3.521961 seconds.

2024-12-01 20:51:25,848 INFO server.py 211:: [Server] Start testing
2024-12-01 20:51:25,868 INFO server.py 235:: [Server] Test set: Average loss: 1.3088, Accuracy: 80/200 (40.0%)

2024-12-01 20:51:25,869 INFO server.py 238:: [Sever] Confusion matrix:
 tensor([[50.,  0.,  0.,  0.],
        [47.,  0.,  0.,  3.],
        [43.,  0.,  0.,  7.],
        [20.,  0.,  0., 30.]])
2024-12-01 20:51:25,871 INFO server.py 254:: [Server] Precision=[0.3125    nan    nan 0.75  ],
 Recall=[1.  0.  0.  0.6],
 F1-score=[0.47619048        nan        nan 0.6666667 ],
 my_accuracy=40.00000059604645[%]
2024-12-01 20:51:25,872 INFO _main.py 209:: ########EPOCH 9 ########
2024-12-01 20:51:25,872 INFO _main.py 210:: ###Model distribution###
2024-12-01 20:51:30,433 INFO server.py 568:: flip_sign_id={0, 18, 11}
2024-12-01 20:51:30,434 INFO server.py 583:: ===========using shortHoGs for detecting UNTARGETED ATTACK====
2024-12-01 20:51:30,480 INFO server.py 609:: labels cluster_sh= [0 0 0 0 0 0 0 0 0 0 0 0 0 0 0 0 0 0 0 0 0 0 0 0 0 0 0 0 0 0 0 0 0 0 0 0 0]
2024-12-01 20:51:30,498 DEBUG server.py 614:: offset_normal_ids=[ 0  1  2  3  4  5  6  7  8  9 10 11 12 13 14 15 16 17 18 19 20 21 22 23
 24 25 26 27 28 29 30 31 32 33 34 35 36], normal_ids=[ 1  2  3  4  5  6  7  8  9 10 12 13 14 15 16 17 19 20 21 22 23 24 25 26
 27 28 29 30 31 32 33 34 35 36 37 38 39]
2024-12-01 20:51:30,499 INFO server.py 619:: SUSPECTED UNTARGETED []
2024-12-01 20:51:30,499 DEBUG server.py 623:: suspicious_ids=[]
2024-12-01 20:51:30,499 DEBUG server.py 632:: d_normal_sus={}, d_separate=0
2024-12-01 20:51:30,499 INFO server.py 639:: This round UNTARGETED=set(), sus_tAtk_uRel_id0=set()
2024-12-01 20:51:30,500 INFO server.py 657:: =======Using LONG HOGs for detecting TARGETED ATTACK========
2024-12-01 20:51:30,514 INFO server.py 143:: This round TARGETED ATTACK: [26]
2024-12-01 20:51:30,515 DEBUG server.py 502:: mal_ids={0, 18, 26, 11}, pre_mal_id=defaultdict(<class 'int'>, {0: 7, 1: 0, 2: 0, 3: 0, 4: 0, 5: 0, 6: 0, 7: 0, 8: 0, 9: 0, 10: 0, 11: 7, 12: 0, 13: 0, 14: 0, 15: 0, 16: 0, 17: 0, 18: 3, 19: 0, 20: 0, 21: 0, 22: 0, 23: 0, 24: 0, 25: 0, 26: 7, 27: 0, 28: 0, 29: 0, 30: 0, 31: 0, 32: 0, 33: 0, 34: 0, 35: 0, 36: 0, 37: 0, 38: 0, 39: 0})
2024-12-01 20:51:30,515 INFO server.py 504:: FLIP-SIGN ATTACK={0, 18, 11}
2024-12-01 20:51:30,515 INFO server.py 505:: UNTARGETED ATTACK=set()
2024-12-01 20:51:30,515 INFO server.py 506:: TARGETED ATTACK={26}
2024-12-01 20:51:30,515 INFO server.py 662:: OVERTIME MALICIOUS client ids ={0, 18, 26, 11}
2024-12-01 20:51:30,528 INFO server.py 708:: This round UNRELIABLE={2, 17, 20, 21, 24, 25}, normal_id={1, 3, 4, 5, 6, 7, 8, 9, 10, 12, 13, 14, 15, 16, 19, 22, 23, 27, 28, 29, 30, 31, 32, 33, 34, 35, 36, 37, 38, 39}
2024-12-01 20:51:30,529 DEBUG server.py 710:: anlge_sHoGs={1: 0.61640406, 2: 0.038205862, 3: nan, 4: nan, 5: nan, 6: 0.68057305, 7: 0.3798169, 8: nan, 9: 0.63688886, 10: nan, 12: 0.5285632, 13: 0.58083695, 14: 0.34650275, 15: 0.40739903, 16: 0.48510212, 17: 0.2708203, 19: nan, 20: 0.07333635, 21: 0.21461959, 22: 0.33381334, 23: 0.49182132, 24: 0.056295224, 25: 0.043655757, 27: 0.539837, 28: 0.4683277, 29: 0.363423, 30: 0.5589758, 31: nan, 32: 0.3693495, 33: nan, 34: 0.33579388, 35: 0.34718093, 36: 0.66339904, 37: nan, 38: 0.4676042, 39: nan}, angle_sep_nsH=0.3273049592971802
2024-12-01 20:51:30,529 INFO server.py 722:: UNRELIABLE clients ={2, 17, 18, 20, 21, 24, 25}
2024-12-01 20:51:30,531 INFO server.py 1064:: clients' sizes=[2, 1, 0, 0, 0, 2, 2, 0, 1, 0, 2, 2, 2, 2, 1, 1, 0, 1, 1, 1, 1, 1, 0, 1, 1, 1, 2, 0, 2, 0, 1, 2, 1, 0, 2, 0], total=36
2024-12-01 20:51:30,545 INFO server.py 327:: [Server] The aggregation takes 4.181602 seconds.

2024-12-01 20:51:30,546 INFO server.py 211:: [Server] Start testing
2024-12-01 20:51:30,565 INFO server.py 235:: [Server] Test set: Average loss: 1.2910, Accuracy: 84/200 (42.0%)

2024-12-01 20:51:30,567 INFO server.py 238:: [Sever] Confusion matrix:
 tensor([[50.,  0.,  0.,  0.],
        [47.,  0.,  0.,  3.],
        [38.,  0.,  0., 12.],
        [16.,  0.,  0., 34.]])
2024-12-01 20:51:30,568 INFO server.py 254:: [Server] Precision=[0.33112583        nan        nan 0.6938776 ],
 Recall=[1.   0.   0.   0.68],
 F1-score=[0.49751243        nan        nan 0.6868687 ],
 my_accuracy=41.999998688697815[%]
