2024-12-01 19:33:19,764 INFO _main.py 39:: ################################################################
2024-12-01 19:33:19,765 INFO _main.py 41:: #                              batch_size: 64                  #
2024-12-01 19:33:19,766 INFO _main.py 41:: #                         test_batch_size: 32                  #
2024-12-01 19:33:19,766 INFO _main.py 41:: #                                  epochs: 10                  #
2024-12-01 19:33:19,766 INFO _main.py 41:: #                               optimizer: SGD                 #
2024-12-01 19:33:19,766 INFO _main.py 41:: #                                      lr: 0.01                #
2024-12-01 19:33:19,766 INFO _main.py 41:: #                                momentum: 0.9                 #
2024-12-01 19:33:19,766 INFO _main.py 41:: #                            weight_decay: 0.0001              #
2024-12-01 19:33:19,766 INFO _main.py 41:: #                                    seed: 1                   #
2024-12-01 19:33:19,767 INFO _main.py 41:: #                            log_interval: 11                  #
2024-12-01 19:33:19,767 INFO _main.py 41:: #                             num_clients: 40                  #
2024-12-01 19:33:19,767 INFO _main.py 41:: #                           output_folder: experiments         #
2024-12-01 19:33:19,767 INFO _main.py 41:: #                                 dataset: rockburst           #
2024-12-01 19:33:19,767 INFO _main.py 41:: #                             loader_type: dirichlet           #
2024-12-01 19:33:19,767 INFO _main.py 41:: #                             loader_path: ./data/loader.pk    #
2024-12-01 19:33:19,767 INFO _main.py 41:: #                                      AR: mudhog              #
2024-12-01 19:33:19,768 INFO _main.py 41:: #                     n_attacker_backdoor: 0                   #
2024-12-01 19:33:19,768 INFO _main.py 41:: #                        backdoor_trigger: [0, 0, 1, 1]        #
2024-12-01 19:33:19,768 INFO _main.py 41:: #                   n_attacker_omniscient: 0                   #
2024-12-01 19:33:19,768 INFO _main.py 41:: #                        omniscient_scale: 1                   #
2024-12-01 19:33:19,768 INFO _main.py 41:: #                                 attacks: None                #
2024-12-01 19:33:19,768 INFO _main.py 41:: #                      save_model_weights: False               #
2024-12-01 19:33:19,768 INFO _main.py 41:: #                         experiment_name: sExp4Ba_40ep_rockburst_mudhog_40C_5#
2024-12-01 19:33:19,768 INFO _main.py 41:: #                          path_to_aggNet: None                #
2024-12-01 19:33:19,769 INFO _main.py 41:: #                                  device: cpu                 #
2024-12-01 19:33:19,769 INFO _main.py 41:: #                            inner_epochs: 4                   #
2024-12-01 19:33:19,769 INFO _main.py 41:: #                                 verbose: True                #
2024-12-01 19:33:19,769 INFO _main.py 41:: #                         list_unreliable: [2, 18, 20]         #
2024-12-01 19:33:19,769 INFO _main.py 41:: #                     unreliable_fraction: 0.5                 #
2024-12-01 19:33:19,769 INFO _main.py 41:: #                    unreliable_fracTrain: 0.3                 #
2024-12-01 19:33:19,769 INFO _main.py 41:: #                         mean_unreliable: 0.0                 #
2024-12-01 19:33:19,770 INFO _main.py 41:: #                             blur_method: add_noise           #
2024-12-01 19:33:19,770 INFO _main.py 41:: #                      max_std_unreliable: 30.0                #
2024-12-01 19:33:19,770 INFO _main.py 41:: #                     list_uatk_add_noise: [24, 25, 26]        #
2024-12-01 19:33:19,770 INFO _main.py 41:: #                          mean_add_noise: 0.0                 #
2024-12-01 19:33:19,770 INFO _main.py 41:: #                           std_add_noise: 0.01                #
2024-12-01 19:33:19,770 INFO _main.py 41:: #                     list_uatk_flip_sign: [0, 10, 11]         #
2024-12-01 19:33:19,770 INFO _main.py 42:: ################################################################
2024-12-01 19:33:19,771 INFO _main.py 43:: Namespace(batch_size=64, test_batch_size=32, epochs=10, optimizer='SGD', lr=0.01, momentum=0.9, weight_decay=0.0001, seed=1, log_interval=11, num_clients=40, output_folder='experiments', dataset='rockburst', loader_type='dirichlet', loader_path='./data/loader.pk', AR='mudhog', n_attacker_backdoor=0, backdoor_trigger=[0, 0, 1, 1], n_attacker_omniscient=0, omniscient_scale=1, attacks=None, save_model_weights=False, experiment_name='sExp4Ba_40ep_rockburst_mudhog_40C_5', path_to_aggNet=None, device='cpu', inner_epochs=4, verbose=True, list_unreliable=[2, 18, 20], unreliable_fraction=0.5, unreliable_fracTrain=0.3, mean_unreliable=0.0, blur_method='add_noise', max_std_unreliable=30.0, list_uatk_add_noise=[24, 25, 26], mean_add_noise=0.0, std_add_noise=0.01, list_uatk_flip_sign=[0, 10, 11])
2024-12-01 19:33:19,771 INFO _main.py 44:: #####################
2024-12-01 19:33:19,771 INFO _main.py 45:: #####################
2024-12-01 19:33:19,771 INFO _main.py 46:: #####################
2024-12-01 19:33:19,771 INFO _main.py 47:: Aggregation Rule:	mudhog
2024-12-01 19:33:19,771 INFO _main.py 48:: Data distribution:	dirichlet
2024-12-01 19:33:19,772 INFO _main.py 49:: Attacks:	None 
2024-12-01 19:33:19,772 INFO _main.py 50:: #####################
2024-12-01 19:33:19,772 INFO _main.py 51:: #####################
2024-12-01 19:33:19,772 INFO _main.py 52:: #####################
2024-12-01 19:33:21,916 INFO server.py 366:: SET DBSCAN eps=1.3, min_samples=10
2024-12-01 19:33:21,920 INFO _main.py 134:: [1-normal, 0-malicious] label =tensor([0., 1., 1., 1., 1., 1., 1., 1., 1., 1., 0., 0., 1., 1., 1., 1., 1., 1.,
        1., 1., 1., 1., 1., 1., 0., 0., 0., 1., 1., 1., 1., 1., 1., 1., 1., 1.,
        1., 1., 1., 1.])
2024-12-01 19:33:21,928 INFO malicious_clients.py 101:: init ATTACK OMNISCIENT Client 0
2024-12-01 19:33:21,934 INFO malicious_clients.py 18:: init UNRELIABLE Client 2
2024-12-01 19:33:21,982 INFO malicious_clients.py 101:: init ATTACK OMNISCIENT Client 10
2024-12-01 19:33:21,987 INFO malicious_clients.py 101:: init ATTACK OMNISCIENT Client 11
2024-12-01 19:33:22,034 INFO malicious_clients.py 18:: init UNRELIABLE Client 18
2024-12-01 19:33:22,046 INFO malicious_clients.py 18:: init UNRELIABLE Client 20
2024-12-01 19:33:22,076 INFO malicious_clients.py 73:: init ATTACK ADD NOISE TO GRAD Client 24
2024-12-01 19:33:22,082 INFO malicious_clients.py 73:: init ATTACK ADD NOISE TO GRAD Client 25
2024-12-01 19:33:22,091 INFO malicious_clients.py 73:: init ATTACK ADD NOISE TO GRAD Client 26
2024-12-01 19:33:22,185 INFO server.py 211:: [Server] Start testing
2024-12-01 19:33:22,208 INFO server.py 235:: [Server] Test set: Average loss: 1.3864, Accuracy: 50/200 (25.0%)

2024-12-01 19:33:22,210 INFO server.py 238:: [Sever] Confusion matrix:
 tensor([[50.,  0.,  0.,  0.],
        [50.,  0.,  0.,  0.],
        [50.,  0.,  0.,  0.],
        [50.,  0.,  0.,  0.]])
2024-12-01 19:33:22,218 INFO server.py 254:: [Server] Precision=[0.25  nan  nan  nan],
 Recall=[1. 0. 0. 0.],
 F1-score=[0.4 nan nan nan],
 my_accuracy=25.0[%]
2024-12-01 19:33:22,219 INFO _main.py 208:: ########EPOCH 0 ########
2024-12-01 19:33:22,219 INFO _main.py 209:: ###Model distribution###
2024-12-01 19:33:23,180 INFO server.py 1062:: clients' sizes=[1, 2, 1, 0, 0, 0, 2, 2, 0, 1, 0, 1, 2, 2, 2, 2, 1, 1, 2, 0, 1, 1, 1, 1, 1, 0, 1, 1, 1, 1, 2, 0, 2, 0, 1, 2, 1, 0, 2, 0], total=41
2024-12-01 19:33:23,206 INFO server.py 327:: [Server] The aggregation takes 0.339661 seconds.

2024-12-01 19:33:23,211 INFO server.py 211:: [Server] Start testing
2024-12-01 19:33:23,232 INFO server.py 235:: [Server] Test set: Average loss: 1.3838, Accuracy: 50/200 (25.0%)

2024-12-01 19:33:23,233 INFO server.py 238:: [Sever] Confusion matrix:
 tensor([[50.,  0.,  0.,  0.],
        [50.,  0.,  0.,  0.],
        [50.,  0.,  0.,  0.],
        [50.,  0.,  0.,  0.]])
2024-12-01 19:33:23,235 INFO server.py 254:: [Server] Precision=[0.25  nan  nan  nan],
 Recall=[1. 0. 0. 0.],
 F1-score=[0.4 nan nan nan],
 my_accuracy=25.0[%]
2024-12-01 19:33:23,236 INFO _main.py 208:: ########EPOCH 1 ########
2024-12-01 19:33:23,237 INFO _main.py 209:: ###Model distribution###
2024-12-01 19:33:24,175 INFO server.py 1062:: clients' sizes=[1, 2, 1, 0, 0, 0, 2, 2, 0, 1, 0, 1, 2, 2, 2, 2, 1, 1, 2, 0, 1, 1, 1, 1, 1, 0, 1, 1, 1, 1, 2, 0, 2, 0, 1, 2, 1, 0, 2, 0], total=41
2024-12-01 19:33:24,187 INFO server.py 327:: [Server] The aggregation takes 0.326326 seconds.

2024-12-01 19:33:24,188 INFO server.py 211:: [Server] Start testing
2024-12-01 19:33:24,202 INFO server.py 235:: [Server] Test set: Average loss: 1.3781, Accuracy: 50/200 (25.0%)

2024-12-01 19:33:24,203 INFO server.py 238:: [Sever] Confusion matrix:
 tensor([[50.,  0.,  0.,  0.],
        [50.,  0.,  0.,  0.],
        [50.,  0.,  0.,  0.],
        [50.,  0.,  0.,  0.]])
2024-12-01 19:33:24,205 INFO server.py 254:: [Server] Precision=[0.25  nan  nan  nan],
 Recall=[1. 0. 0. 0.],
 F1-score=[0.4 nan nan nan],
 my_accuracy=25.0[%]
2024-12-01 19:33:24,206 INFO _main.py 208:: ########EPOCH 2 ########
2024-12-01 19:33:24,206 INFO _main.py 209:: ###Model distribution###
2024-12-01 19:33:24,991 INFO server.py 1062:: clients' sizes=[1, 2, 1, 0, 0, 0, 2, 2, 0, 1, 0, 1, 2, 2, 2, 2, 1, 1, 2, 0, 1, 1, 1, 1, 1, 0, 1, 1, 1, 1, 2, 0, 2, 0, 1, 2, 1, 0, 2, 0], total=41
2024-12-01 19:33:25,007 INFO server.py 327:: [Server] The aggregation takes 0.353669 seconds.

2024-12-01 19:33:25,008 INFO server.py 211:: [Server] Start testing
2024-12-01 19:33:25,022 INFO server.py 235:: [Server] Test set: Average loss: 1.3711, Accuracy: 50/200 (25.0%)

2024-12-01 19:33:25,024 INFO server.py 238:: [Sever] Confusion matrix:
 tensor([[50.,  0.,  0.,  0.],
        [50.,  0.,  0.,  0.],
        [50.,  0.,  0.,  0.],
        [50.,  0.,  0.,  0.]])
2024-12-01 19:33:25,025 INFO server.py 254:: [Server] Precision=[0.25  nan  nan  nan],
 Recall=[1. 0. 0. 0.],
 F1-score=[0.4 nan nan nan],
 my_accuracy=25.0[%]
2024-12-01 19:33:25,026 INFO _main.py 208:: ########EPOCH 3 ########
2024-12-01 19:33:25,026 INFO _main.py 209:: ###Model distribution###
2024-12-01 19:33:25,552 INFO server.py 568:: flip_sign_id=set()
2024-12-01 19:33:25,553 INFO server.py 583:: ===========using shortHoGs for detecting UNTARGETED ATTACK====
2024-12-01 19:33:25,641 INFO server.py 609:: labels cluster_sh= [0 0 0 0 0 0 0 0 0 0 0 0 0 0 0 0 0 0 0 0 0 0 0 0 0 0 0 0 0 0 0 0 0 0 0 0 0
 0 0 0]
2024-12-01 19:33:25,651 DEBUG server.py 614:: offset_normal_ids=[ 0  1  2  3  4  5  6  7  8  9 10 11 12 13 14 15 16 17 18 19 20 21 22 23
 24 25 26 27 28 29 30 31 32 33 34 35 36 37 38 39], normal_ids=[ 0  1  2  3  4  5  6  7  8  9 10 11 12 13 14 15 16 17 18 19 20 21 22 23
 24 25 26 27 28 29 30 31 32 33 34 35 36 37 38 39]
2024-12-01 19:33:25,652 INFO server.py 619:: SUSPECTED UNTARGETED []
2024-12-01 19:33:25,652 DEBUG server.py 623:: suspicious_ids=[]
2024-12-01 19:33:25,652 DEBUG server.py 632:: d_normal_sus={}, d_separate=0
2024-12-01 19:33:25,652 INFO server.py 639:: This round UNTARGETED=set(), sus_tAtk_uRel_id0=set()
2024-12-01 19:33:25,652 INFO server.py 657:: =======Using LONG HOGs for detecting TARGETED ATTACK========
2024-12-01 19:33:25,667 INFO server.py 143:: This round TARGETED ATTACK: [ 0  1 32  6 38  9 11 12 13 15 16 23 28 29 30]
2024-12-01 19:33:25,667 DEBUG server.py 502:: mal_ids=set(), pre_mal_id=defaultdict(<class 'int'>, {0: 1, 1: 1, 2: 0, 3: 0, 4: 0, 5: 0, 6: 1, 7: 0, 8: 0, 9: 1, 10: 0, 11: 1, 12: 1, 13: 1, 14: 0, 15: 1, 16: 1, 17: 0, 18: 0, 19: 0, 20: 0, 21: 0, 22: 0, 23: 1, 24: 0, 25: 0, 26: 0, 27: 0, 28: 1, 29: 1, 30: 1, 31: 0, 32: 1, 33: 0, 34: 0, 35: 0, 36: 0, 37: 0, 38: 1, 39: 0})
2024-12-01 19:33:25,667 INFO server.py 504:: FLIP-SIGN ATTACK=set()
2024-12-01 19:33:25,668 INFO server.py 505:: UNTARGETED ATTACK=set()
2024-12-01 19:33:25,668 INFO server.py 506:: TARGETED ATTACK=set()
2024-12-01 19:33:25,668 INFO server.py 662:: OVERTIME MALICIOUS client ids =set()
2024-12-01 19:33:25,675 INFO server.py 708:: This round UNRELIABLE=set(), normal_id={0, 1, 2, 3, 4, 5, 6, 7, 8, 9, 10, 11, 12, 13, 14, 15, 16, 17, 18, 19, 20, 21, 22, 23, 24, 25, 26, 27, 28, 29, 30, 31, 32, 33, 34, 35, 36, 37, 38, 39}
2024-12-01 19:33:25,676 DEBUG server.py 710:: anlge_sHoGs={0: nan, 1: nan, 2: nan, 3: nan, 4: nan, 5: nan, 6: nan, 7: nan, 8: nan, 9: nan, 10: nan, 11: nan, 12: nan, 13: nan, 14: nan, 15: nan, 16: nan, 17: nan, 18: nan, 19: nan, 20: nan, 21: nan, 22: nan, 23: nan, 24: nan, 25: nan, 26: nan, 27: nan, 28: nan, 29: nan, 30: nan, 31: nan, 32: nan, 33: nan, 34: nan, 35: nan, 36: nan, 37: nan, 38: nan, 39: nan}, angle_sep_nsH=0
2024-12-01 19:33:25,676 INFO server.py 722:: UNRELIABLE clients =set()
2024-12-01 19:33:25,801 INFO server.py 1062:: clients' sizes=[1, 0, 0, 0, 2, 0, 0, 2, 1, 2, 0, 1, 1, 1, 1, 0, 1, 1, 0, 0, 1, 2, 1, 0, 0], total=18
2024-12-01 19:33:25,807 INFO server.py 327:: [Server] The aggregation takes 0.328805 seconds.

2024-12-01 19:33:25,808 INFO server.py 211:: [Server] Start testing
2024-12-01 19:33:25,824 INFO server.py 235:: [Server] Test set: Average loss: 1.3682, Accuracy: 51/200 (25.5%)

2024-12-01 19:33:25,825 INFO server.py 238:: [Sever] Confusion matrix:
 tensor([[50.,  0.,  0.,  0.],
        [50.,  0.,  0.,  0.],
        [50.,  0.,  0.,  0.],
        [49.,  0.,  0.,  1.]])
2024-12-01 19:33:25,827 INFO server.py 254:: [Server] Precision=[0.2512563       nan       nan 1.       ],
 Recall=[1.   0.   0.   0.02],
 F1-score=[0.40160644        nan        nan 0.03921569],
 my_accuracy=25.499999523162842[%]
2024-12-01 19:33:25,827 INFO _main.py 208:: ########EPOCH 4 ########
2024-12-01 19:33:25,828 INFO _main.py 209:: ###Model distribution###
2024-12-01 19:33:26,348 INFO server.py 568:: flip_sign_id=set()
2024-12-01 19:33:26,349 INFO server.py 583:: ===========using shortHoGs for detecting UNTARGETED ATTACK====
2024-12-01 19:33:26,389 INFO server.py 609:: labels cluster_sh= [0 0 0 0 0 0 0 0 0 0 0 0 0 0 0 0 0 0 0 0 0 0 0 0 0 0 0 0 0 0 0 0 0 0 0 0 0
 0 0 0]
2024-12-01 19:33:26,398 DEBUG server.py 614:: offset_normal_ids=[ 0  1  2  3  4  5  6  7  8  9 10 11 12 13 14 15 16 17 18 19 20 21 22 23
 24 25 26 27 28 29 30 31 32 33 34 35 36 37 38 39], normal_ids=[ 0  1  2  3  4  5  6  7  8  9 10 11 12 13 14 15 16 17 18 19 20 21 22 23
 24 25 26 27 28 29 30 31 32 33 34 35 36 37 38 39]
2024-12-01 19:33:26,398 INFO server.py 619:: SUSPECTED UNTARGETED []
2024-12-01 19:33:26,399 DEBUG server.py 623:: suspicious_ids=[]
2024-12-01 19:33:26,399 DEBUG server.py 632:: d_normal_sus={}, d_separate=0
2024-12-01 19:33:26,399 INFO server.py 639:: This round UNTARGETED=set(), sus_tAtk_uRel_id0=set()
2024-12-01 19:33:26,399 INFO server.py 657:: =======Using LONG HOGs for detecting TARGETED ATTACK========
2024-12-01 19:33:26,415 INFO server.py 143:: This round TARGETED ATTACK: [ 0  1 32  6 38  9 11 12 13 15 16 23 28 29 30]
2024-12-01 19:33:26,416 DEBUG server.py 502:: mal_ids=set(), pre_mal_id=defaultdict(<class 'int'>, {0: 2, 1: 2, 2: 0, 3: 0, 4: 0, 5: 0, 6: 2, 7: 0, 8: 0, 9: 2, 10: 0, 11: 2, 12: 2, 13: 2, 14: 0, 15: 2, 16: 2, 17: 0, 18: 0, 19: 0, 20: 0, 21: 0, 22: 0, 23: 2, 24: 0, 25: 0, 26: 0, 27: 0, 28: 2, 29: 2, 30: 2, 31: 0, 32: 2, 33: 0, 34: 0, 35: 0, 36: 0, 37: 0, 38: 2, 39: 0})
2024-12-01 19:33:26,416 INFO server.py 504:: FLIP-SIGN ATTACK=set()
2024-12-01 19:33:26,416 INFO server.py 505:: UNTARGETED ATTACK=set()
2024-12-01 19:33:26,416 INFO server.py 506:: TARGETED ATTACK=set()
2024-12-01 19:33:26,416 INFO server.py 662:: OVERTIME MALICIOUS client ids =set()
2024-12-01 19:33:26,431 INFO server.py 708:: This round UNRELIABLE=set(), normal_id={0, 1, 2, 3, 4, 5, 6, 7, 8, 9, 10, 11, 12, 13, 14, 15, 16, 17, 18, 19, 20, 21, 22, 23, 24, 25, 26, 27, 28, 29, 30, 31, 32, 33, 34, 35, 36, 37, 38, 39}
2024-12-01 19:33:26,436 DEBUG server.py 710:: anlge_sHoGs={0: nan, 1: nan, 2: nan, 3: nan, 4: nan, 5: nan, 6: nan, 7: nan, 8: nan, 9: nan, 10: nan, 11: nan, 12: nan, 13: nan, 14: nan, 15: nan, 16: nan, 17: nan, 18: nan, 19: nan, 20: nan, 21: nan, 22: nan, 23: nan, 24: nan, 25: nan, 26: nan, 27: nan, 28: nan, 29: nan, 30: nan, 31: nan, 32: nan, 33: nan, 34: nan, 35: nan, 36: nan, 37: nan, 38: nan, 39: nan}, angle_sep_nsH=0
2024-12-01 19:33:26,436 INFO server.py 722:: UNRELIABLE clients =set()
2024-12-01 19:33:26,525 INFO server.py 1062:: clients' sizes=[1, 0, 0, 0, 2, 0, 0, 2, 1, 2, 0, 1, 1, 1, 1, 0, 1, 1, 0, 0, 1, 2, 1, 0, 0], total=18
2024-12-01 19:33:26,534 INFO server.py 327:: [Server] The aggregation takes 0.257150 seconds.

2024-12-01 19:33:26,535 INFO server.py 211:: [Server] Start testing
2024-12-01 19:33:26,549 INFO server.py 235:: [Server] Test set: Average loss: 1.3652, Accuracy: 51/200 (25.5%)

2024-12-01 19:33:26,551 INFO server.py 238:: [Sever] Confusion matrix:
 tensor([[50.,  0.,  0.,  0.],
        [50.,  0.,  0.,  0.],
        [50.,  0.,  0.,  0.],
        [49.,  0.,  0.,  1.]])
2024-12-01 19:33:26,553 INFO server.py 254:: [Server] Precision=[0.2512563       nan       nan 1.       ],
 Recall=[1.   0.   0.   0.02],
 F1-score=[0.40160644        nan        nan 0.03921569],
 my_accuracy=25.499999523162842[%]
2024-12-01 19:33:26,553 INFO _main.py 208:: ########EPOCH 5 ########
2024-12-01 19:33:26,554 INFO _main.py 209:: ###Model distribution###
2024-12-01 19:33:27,057 INFO server.py 568:: flip_sign_id=set()
2024-12-01 19:33:27,058 INFO server.py 583:: ===========using shortHoGs for detecting UNTARGETED ATTACK====
2024-12-01 19:33:27,099 INFO server.py 609:: labels cluster_sh= [0 0 0 0 0 0 0 0 0 0 0 0 0 0 0 0 0 0 0 0 0 0 0 0 0 0 0 0 0 0 0 0 0 0 0 0 0
 0 0 0]
2024-12-01 19:33:27,107 DEBUG server.py 614:: offset_normal_ids=[ 0  1  2  3  4  5  6  7  8  9 10 11 12 13 14 15 16 17 18 19 20 21 22 23
 24 25 26 27 28 29 30 31 32 33 34 35 36 37 38 39], normal_ids=[ 0  1  2  3  4  5  6  7  8  9 10 11 12 13 14 15 16 17 18 19 20 21 22 23
 24 25 26 27 28 29 30 31 32 33 34 35 36 37 38 39]
2024-12-01 19:33:27,107 INFO server.py 619:: SUSPECTED UNTARGETED []
2024-12-01 19:33:27,108 DEBUG server.py 623:: suspicious_ids=[]
2024-12-01 19:33:27,108 DEBUG server.py 632:: d_normal_sus={}, d_separate=0
2024-12-01 19:33:27,108 INFO server.py 639:: This round UNTARGETED=set(), sus_tAtk_uRel_id0=set()
2024-12-01 19:33:27,108 INFO server.py 657:: =======Using LONG HOGs for detecting TARGETED ATTACK========
2024-12-01 19:33:27,126 INFO server.py 143:: This round TARGETED ATTACK: [ 0 32 34 35  7 11 13 14 15 16 21 23 30]
2024-12-01 19:33:27,126 DEBUG server.py 502:: mal_ids=set(), pre_mal_id=defaultdict(<class 'int'>, {0: 3, 1: 0, 2: 0, 3: 0, 4: 0, 5: 0, 6: 0, 7: 1, 8: 0, 9: 0, 10: 0, 11: 3, 12: 0, 13: 3, 14: 1, 15: 3, 16: 3, 17: 0, 18: 0, 19: 0, 20: 0, 21: 1, 22: 0, 23: 3, 24: 0, 25: 0, 26: 0, 27: 0, 28: 0, 29: 0, 30: 3, 31: 0, 32: 3, 33: 0, 34: 1, 35: 1, 36: 0, 37: 0, 38: 0, 39: 0})
2024-12-01 19:33:27,127 INFO server.py 504:: FLIP-SIGN ATTACK=set()
2024-12-01 19:33:27,127 INFO server.py 505:: UNTARGETED ATTACK=set()
2024-12-01 19:33:27,127 INFO server.py 506:: TARGETED ATTACK=set()
2024-12-01 19:33:27,127 INFO server.py 662:: OVERTIME MALICIOUS client ids =set()
2024-12-01 19:33:27,135 INFO server.py 708:: This round UNRELIABLE=set(), normal_id={0, 1, 2, 3, 4, 5, 6, 7, 8, 9, 10, 11, 12, 13, 14, 15, 16, 17, 18, 19, 20, 21, 22, 23, 24, 25, 26, 27, 28, 29, 30, 31, 32, 33, 34, 35, 36, 37, 38, 39}
2024-12-01 19:33:27,135 DEBUG server.py 710:: anlge_sHoGs={0: nan, 1: nan, 2: nan, 3: nan, 4: nan, 5: nan, 6: nan, 7: nan, 8: nan, 9: nan, 10: nan, 11: nan, 12: nan, 13: nan, 14: nan, 15: nan, 16: nan, 17: nan, 18: nan, 19: nan, 20: nan, 21: nan, 22: nan, 23: nan, 24: nan, 25: nan, 26: nan, 27: nan, 28: nan, 29: nan, 30: nan, 31: nan, 32: nan, 33: nan, 34: nan, 35: nan, 36: nan, 37: nan, 38: nan, 39: nan}, angle_sep_nsH=0
2024-12-01 19:33:27,136 INFO server.py 722:: UNRELIABLE clients =set()
2024-12-01 19:33:27,258 INFO server.py 1062:: clients' sizes=[2, 1, 0, 0, 0, 2, 0, 1, 0, 2, 1, 2, 0, 1, 1, 1, 0, 1, 1, 1, 1, 0, 0, 1, 0, 2, 0], total=21
2024-12-01 19:33:27,264 INFO server.py 327:: [Server] The aggregation takes 0.278579 seconds.

2024-12-01 19:33:27,265 INFO server.py 211:: [Server] Start testing
2024-12-01 19:33:27,279 INFO server.py 235:: [Server] Test set: Average loss: 1.3595, Accuracy: 57/200 (28.5%)

2024-12-01 19:33:27,280 INFO server.py 238:: [Sever] Confusion matrix:
 tensor([[50.,  0.,  0.,  0.],
        [50.,  0.,  0.,  0.],
        [50.,  0.,  0.,  0.],
        [43.,  0.,  0.,  7.]])
2024-12-01 19:33:27,282 INFO server.py 254:: [Server] Precision=[0.25906736        nan        nan 1.        ],
 Recall=[1.   0.   0.   0.14],
 F1-score=[0.41152266        nan        nan 0.24561404],
 my_accuracy=28.49999964237213[%]
2024-12-01 19:33:27,283 INFO _main.py 208:: ########EPOCH 6 ########
2024-12-01 19:33:27,283 INFO _main.py 209:: ###Model distribution###
2024-12-01 19:33:27,790 INFO server.py 568:: flip_sign_id=set()
2024-12-01 19:33:27,791 INFO server.py 583:: ===========using shortHoGs for detecting UNTARGETED ATTACK====
2024-12-01 19:33:27,832 INFO server.py 609:: labels cluster_sh= [0 0 0 0 0 0 0 0 0 0 0 0 0 0 0 0 0 0 0 0 0 0 0 0 0 0 0 0 0 0 0 0 0 0 0 0 0
 0 0 0]
2024-12-01 19:33:27,840 DEBUG server.py 614:: offset_normal_ids=[ 0  1  2  3  4  5  6  7  8  9 10 11 12 13 14 15 16 17 18 19 20 21 22 23
 24 25 26 27 28 29 30 31 32 33 34 35 36 37 38 39], normal_ids=[ 0  1  2  3  4  5  6  7  8  9 10 11 12 13 14 15 16 17 18 19 20 21 22 23
 24 25 26 27 28 29 30 31 32 33 34 35 36 37 38 39]
2024-12-01 19:33:27,840 INFO server.py 619:: SUSPECTED UNTARGETED []
2024-12-01 19:33:27,841 DEBUG server.py 623:: suspicious_ids=[]
2024-12-01 19:33:27,841 DEBUG server.py 632:: d_normal_sus={}, d_separate=0
2024-12-01 19:33:27,841 INFO server.py 639:: This round UNTARGETED=set(), sus_tAtk_uRel_id0=set()
2024-12-01 19:33:27,841 INFO server.py 657:: =======Using LONG HOGs for detecting TARGETED ATTACK========
2024-12-01 19:33:27,867 INFO server.py 143:: This round TARGETED ATTACK: [ 0  1 32  6 38  9 11 12 13 15 16 23 28 29 30]
2024-12-01 19:33:27,868 DEBUG server.py 502:: mal_ids={0, 32, 11, 13, 15, 16, 23, 30}, pre_mal_id=defaultdict(<class 'int'>, {0: 4, 1: 1, 2: 0, 3: 0, 4: 0, 5: 0, 6: 1, 7: 0, 8: 0, 9: 1, 10: 0, 11: 4, 12: 1, 13: 4, 14: 0, 15: 4, 16: 4, 17: 0, 18: 0, 19: 0, 20: 0, 21: 0, 22: 0, 23: 4, 24: 0, 25: 0, 26: 0, 27: 0, 28: 1, 29: 1, 30: 4, 31: 0, 32: 4, 33: 0, 34: 0, 35: 0, 36: 0, 37: 0, 38: 1, 39: 0})
2024-12-01 19:33:27,869 INFO server.py 504:: FLIP-SIGN ATTACK=set()
2024-12-01 19:33:27,869 INFO server.py 505:: UNTARGETED ATTACK=set()
2024-12-01 19:33:27,870 INFO server.py 506:: TARGETED ATTACK={0, 32, 11, 13, 15, 16, 23, 30}
2024-12-01 19:33:27,870 INFO server.py 662:: OVERTIME MALICIOUS client ids ={0, 32, 11, 13, 15, 16, 23, 30}
2024-12-01 19:33:27,882 INFO server.py 708:: This round UNRELIABLE=set(), normal_id={1, 2, 3, 4, 5, 6, 7, 8, 9, 10, 12, 14, 17, 18, 19, 20, 21, 22, 24, 25, 26, 27, 28, 29, 31, 33, 34, 35, 36, 37, 38, 39}
2024-12-01 19:33:27,884 DEBUG server.py 710:: anlge_sHoGs={1: nan, 2: nan, 3: nan, 4: nan, 5: nan, 6: nan, 7: nan, 8: nan, 9: nan, 10: nan, 12: nan, 14: nan, 17: nan, 18: nan, 19: nan, 20: nan, 21: nan, 22: nan, 24: nan, 25: nan, 26: nan, 27: nan, 28: nan, 29: nan, 31: nan, 33: nan, 34: nan, 35: nan, 36: nan, 37: nan, 38: nan, 39: nan}, angle_sep_nsH=0
2024-12-01 19:33:27,884 INFO server.py 722:: UNRELIABLE clients =set()
2024-12-01 19:33:28,035 INFO server.py 1062:: clients' sizes=[1, 0, 0, 0, 2, 0, 0, 2, 1, 2, 0, 1, 1, 1, 1, 0, 1, 1, 0, 0, 1, 2, 1, 0, 0], total=18
2024-12-01 19:33:28,044 INFO server.py 327:: [Server] The aggregation takes 0.334691 seconds.

2024-12-01 19:33:28,045 INFO server.py 211:: [Server] Start testing
2024-12-01 19:33:28,064 INFO server.py 235:: [Server] Test set: Average loss: 1.3558, Accuracy: 59/200 (29.5%)

2024-12-01 19:33:28,066 INFO server.py 238:: [Sever] Confusion matrix:
 tensor([[50.,  0.,  0.,  0.],
        [50.,  0.,  0.,  0.],
        [50.,  0.,  0.,  0.],
        [41.,  0.,  0.,  9.]])
2024-12-01 19:33:28,071 INFO server.py 254:: [Server] Precision=[0.2617801       nan       nan 1.       ],
 Recall=[1.   0.   0.   0.18],
 F1-score=[0.41493776        nan        nan 0.30508474],
 my_accuracy=29.499998688697815[%]
2024-12-01 19:33:28,072 INFO _main.py 208:: ########EPOCH 7 ########
2024-12-01 19:33:28,073 INFO _main.py 209:: ###Model distribution###
2024-12-01 19:33:28,677 INFO server.py 568:: flip_sign_id=set()
2024-12-01 19:33:28,678 INFO server.py 583:: ===========using shortHoGs for detecting UNTARGETED ATTACK====
2024-12-01 19:33:28,720 INFO server.py 609:: labels cluster_sh= [0 0 0 0 0 0 0 0 0 0 0 0 0 0 0 0 0 0 0 0 0 0 0 0 0 0 0 0 0 0 0 0 0 0 0 0 0
 0 0 0]
2024-12-01 19:33:28,729 DEBUG server.py 614:: offset_normal_ids=[ 0  1  2  3  4  5  6  7  8  9 10 11 12 13 14 15 16 17 18 19 20 21 22 23
 24 25 26 27 28 29 30 31 32 33 34 35 36 37 38 39], normal_ids=[ 0  1  2  3  4  5  6  7  8  9 10 11 12 13 14 15 16 17 18 19 20 21 22 23
 24 25 26 27 28 29 30 31 32 33 34 35 36 37 38 39]
2024-12-01 19:33:28,729 INFO server.py 619:: SUSPECTED UNTARGETED []
2024-12-01 19:33:28,730 DEBUG server.py 623:: suspicious_ids=[]
2024-12-01 19:33:28,730 DEBUG server.py 632:: d_normal_sus={}, d_separate=0
2024-12-01 19:33:28,730 INFO server.py 639:: This round UNTARGETED=set(), sus_tAtk_uRel_id0=set()
2024-12-01 19:33:28,730 INFO server.py 657:: =======Using LONG HOGs for detecting TARGETED ATTACK========
2024-12-01 19:33:28,761 INFO server.py 143:: This round TARGETED ATTACK: [ 0  1 32 34 35  7 11 13 14 15 16 21 23 30]
2024-12-01 19:33:28,765 DEBUG server.py 502:: mal_ids={0, 32, 11, 13, 15, 16, 23, 30}, pre_mal_id=defaultdict(<class 'int'>, {0: 5, 1: 2, 2: 0, 3: 0, 4: 0, 5: 0, 6: 0, 7: 1, 8: 0, 9: 0, 10: 0, 11: 5, 12: 0, 13: 5, 14: 1, 15: 5, 16: 5, 17: 0, 18: 0, 19: 0, 20: 0, 21: 1, 22: 0, 23: 5, 24: 0, 25: 0, 26: 0, 27: 0, 28: 0, 29: 0, 30: 5, 31: 0, 32: 5, 33: 0, 34: 1, 35: 1, 36: 0, 37: 0, 38: 0, 39: 0})
2024-12-01 19:33:28,766 INFO server.py 504:: FLIP-SIGN ATTACK=set()
2024-12-01 19:33:28,766 INFO server.py 505:: UNTARGETED ATTACK=set()
2024-12-01 19:33:28,766 INFO server.py 506:: TARGETED ATTACK={0, 32, 11, 13, 15, 16, 23, 30}
2024-12-01 19:33:28,767 INFO server.py 662:: OVERTIME MALICIOUS client ids ={0, 32, 11, 13, 15, 16, 23, 30}
2024-12-01 19:33:28,779 INFO server.py 708:: This round UNRELIABLE=set(), normal_id={1, 2, 3, 4, 5, 6, 7, 8, 9, 10, 12, 14, 17, 18, 19, 20, 21, 22, 24, 25, 26, 27, 28, 29, 31, 33, 34, 35, 36, 37, 38, 39}
2024-12-01 19:33:28,780 DEBUG server.py 710:: anlge_sHoGs={1: nan, 2: nan, 3: nan, 4: nan, 5: nan, 6: nan, 7: nan, 8: nan, 9: nan, 10: nan, 12: nan, 14: nan, 17: nan, 18: nan, 19: nan, 20: nan, 21: nan, 22: nan, 24: nan, 25: nan, 26: nan, 27: nan, 28: nan, 29: nan, 31: nan, 33: nan, 34: nan, 35: nan, 36: nan, 37: nan, 38: nan, 39: nan}, angle_sep_nsH=0
2024-12-01 19:33:28,781 INFO server.py 722:: UNRELIABLE clients =set()
2024-12-01 19:33:28,938 INFO server.py 1062:: clients' sizes=[1, 0, 0, 0, 2, 0, 1, 0, 2, 1, 2, 0, 1, 1, 1, 0, 1, 1, 1, 1, 0, 0, 1, 0, 2, 0], total=19
2024-12-01 19:33:28,948 INFO server.py 327:: [Server] The aggregation takes 0.341144 seconds.

2024-12-01 19:33:28,949 INFO server.py 211:: [Server] Start testing
2024-12-01 19:33:28,965 INFO server.py 235:: [Server] Test set: Average loss: 1.3497, Accuracy: 64/200 (32.0%)

2024-12-01 19:33:28,966 INFO server.py 238:: [Sever] Confusion matrix:
 tensor([[50.,  0.,  0.,  0.],
        [50.,  0.,  0.,  0.],
        [50.,  0.,  0.,  0.],
        [36.,  0.,  0., 14.]])
2024-12-01 19:33:28,968 INFO server.py 254:: [Server] Precision=[0.26881722        nan        nan 1.        ],
 Recall=[1.   0.   0.   0.28],
 F1-score=[0.42372882        nan        nan 0.4375    ],
 my_accuracy=31.999999284744263[%]
2024-12-01 19:33:28,968 INFO _main.py 208:: ########EPOCH 8 ########
2024-12-01 19:33:28,968 INFO _main.py 209:: ###Model distribution###
2024-12-01 19:33:29,512 INFO server.py 568:: flip_sign_id=set()
2024-12-01 19:33:29,512 INFO server.py 583:: ===========using shortHoGs for detecting UNTARGETED ATTACK====
2024-12-01 19:33:29,555 INFO server.py 609:: labels cluster_sh= [0 0 0 0 0 0 0 0 0 0 0 0 0 0 0 0 0 0 0 0 0 0 0 0 0 0 0 0 0 0 0 0 0 0 0 0 0
 0 0 0]
2024-12-01 19:33:29,563 DEBUG server.py 614:: offset_normal_ids=[ 0  1  2  3  4  5  6  7  8  9 10 11 12 13 14 15 16 17 18 19 20 21 22 23
 24 25 26 27 28 29 30 31 32 33 34 35 36 37 38 39], normal_ids=[ 0  1  2  3  4  5  6  7  8  9 10 11 12 13 14 15 16 17 18 19 20 21 22 23
 24 25 26 27 28 29 30 31 32 33 34 35 36 37 38 39]
2024-12-01 19:33:29,564 INFO server.py 619:: SUSPECTED UNTARGETED []
2024-12-01 19:33:29,564 DEBUG server.py 623:: suspicious_ids=[]
2024-12-01 19:33:29,564 DEBUG server.py 632:: d_normal_sus={}, d_separate=0
2024-12-01 19:33:29,565 INFO server.py 639:: This round UNTARGETED=set(), sus_tAtk_uRel_id0=set()
2024-12-01 19:33:29,565 INFO server.py 657:: =======Using LONG HOGs for detecting TARGETED ATTACK========
2024-12-01 19:33:29,584 INFO server.py 143:: This round TARGETED ATTACK: [ 0  1 32 34 35  7 11 13 14 15 16 21 23 30]
2024-12-01 19:33:29,584 DEBUG server.py 502:: mal_ids={0, 32, 11, 13, 15, 16, 23, 30}, pre_mal_id=defaultdict(<class 'int'>, {0: 6, 1: 3, 2: 0, 3: 0, 4: 0, 5: 0, 6: 0, 7: 2, 8: 0, 9: 0, 10: 0, 11: 6, 12: 0, 13: 6, 14: 2, 15: 6, 16: 6, 17: 0, 18: 0, 19: 0, 20: 0, 21: 2, 22: 0, 23: 6, 24: 0, 25: 0, 26: 0, 27: 0, 28: 0, 29: 0, 30: 6, 31: 0, 32: 6, 33: 0, 34: 2, 35: 2, 36: 0, 37: 0, 38: 0, 39: 0})
2024-12-01 19:33:29,584 INFO server.py 504:: FLIP-SIGN ATTACK=set()
2024-12-01 19:33:29,585 INFO server.py 505:: UNTARGETED ATTACK=set()
2024-12-01 19:33:29,585 INFO server.py 506:: TARGETED ATTACK={0, 32, 11, 13, 15, 16, 23, 30}
2024-12-01 19:33:29,585 INFO server.py 662:: OVERTIME MALICIOUS client ids ={0, 32, 11, 13, 15, 16, 23, 30}
2024-12-01 19:33:29,592 INFO server.py 708:: This round UNRELIABLE=set(), normal_id={1, 2, 3, 4, 5, 6, 7, 8, 9, 10, 12, 14, 17, 18, 19, 20, 21, 22, 24, 25, 26, 27, 28, 29, 31, 33, 34, 35, 36, 37, 38, 39}
2024-12-01 19:33:29,592 DEBUG server.py 710:: anlge_sHoGs={1: nan, 2: nan, 3: nan, 4: nan, 5: nan, 6: nan, 7: nan, 8: nan, 9: nan, 10: nan, 12: nan, 14: nan, 17: nan, 18: nan, 19: nan, 20: nan, 21: nan, 22: nan, 24: nan, 25: nan, 26: nan, 27: nan, 28: nan, 29: nan, 31: nan, 33: nan, 34: nan, 35: nan, 36: nan, 37: nan, 38: nan, 39: nan}, angle_sep_nsH=0
2024-12-01 19:33:29,593 INFO server.py 722:: UNRELIABLE clients =set()
2024-12-01 19:33:29,702 INFO server.py 1062:: clients' sizes=[1, 0, 0, 0, 2, 0, 1, 0, 2, 1, 2, 0, 1, 1, 1, 0, 1, 1, 1, 1, 0, 0, 1, 0, 2, 0], total=19
2024-12-01 19:33:29,708 INFO server.py 327:: [Server] The aggregation takes 0.266278 seconds.

2024-12-01 19:33:29,709 INFO server.py 211:: [Server] Start testing
2024-12-01 19:33:29,723 INFO server.py 235:: [Server] Test set: Average loss: 1.3430, Accuracy: 66/200 (33.0%)

2024-12-01 19:33:29,725 INFO server.py 238:: [Sever] Confusion matrix:
 tensor([[50.,  0.,  0.,  0.],
        [50.,  0.,  0.,  0.],
        [50.,  0.,  0.,  0.],
        [34.,  0.,  0., 16.]])
2024-12-01 19:33:29,727 INFO server.py 254:: [Server] Precision=[0.27173913        nan        nan 1.        ],
 Recall=[1.   0.   0.   0.32],
 F1-score=[0.42735043        nan        nan 0.4848485 ],
 my_accuracy=33.000001311302185[%]
2024-12-01 19:33:29,728 INFO _main.py 208:: ########EPOCH 9 ########
2024-12-01 19:33:29,728 INFO _main.py 209:: ###Model distribution###
2024-12-01 19:33:30,264 INFO server.py 568:: flip_sign_id=set()
2024-12-01 19:33:30,265 INFO server.py 583:: ===========using shortHoGs for detecting UNTARGETED ATTACK====
2024-12-01 19:33:30,305 INFO server.py 609:: labels cluster_sh= [0 0 0 0 0 0 0 0 0 0 0 0 0 0 0 0 0 0 0 0 0 0 0 0 0 0 0 0 0 0 0 0 0 0 0 0 0
 0 0 0]
2024-12-01 19:33:30,314 DEBUG server.py 614:: offset_normal_ids=[ 0  1  2  3  4  5  6  7  8  9 10 11 12 13 14 15 16 17 18 19 20 21 22 23
 24 25 26 27 28 29 30 31 32 33 34 35 36 37 38 39], normal_ids=[ 0  1  2  3  4  5  6  7  8  9 10 11 12 13 14 15 16 17 18 19 20 21 22 23
 24 25 26 27 28 29 30 31 32 33 34 35 36 37 38 39]
2024-12-01 19:33:30,314 INFO server.py 619:: SUSPECTED UNTARGETED []
2024-12-01 19:33:30,315 DEBUG server.py 623:: suspicious_ids=[]
2024-12-01 19:33:30,315 DEBUG server.py 632:: d_normal_sus={}, d_separate=0
2024-12-01 19:33:30,315 INFO server.py 639:: This round UNTARGETED=set(), sus_tAtk_uRel_id0=set()
2024-12-01 19:33:30,315 INFO server.py 657:: =======Using LONG HOGs for detecting TARGETED ATTACK========
2024-12-01 19:33:30,335 INFO server.py 143:: This round TARGETED ATTACK: [ 0 32 34  7 11 13 14 15 16 21 23 30]
2024-12-01 19:33:30,336 DEBUG server.py 502:: mal_ids={0, 32, 11, 13, 15, 16, 23, 30}, pre_mal_id=defaultdict(<class 'int'>, {0: 7, 1: 0, 2: 0, 3: 0, 4: 0, 5: 0, 6: 0, 7: 3, 8: 0, 9: 0, 10: 0, 11: 7, 12: 0, 13: 7, 14: 3, 15: 7, 16: 7, 17: 0, 18: 0, 19: 0, 20: 0, 21: 3, 22: 0, 23: 7, 24: 0, 25: 0, 26: 0, 27: 0, 28: 0, 29: 0, 30: 7, 31: 0, 32: 7, 33: 0, 34: 3, 35: 0, 36: 0, 37: 0, 38: 0, 39: 0})
2024-12-01 19:33:30,336 INFO server.py 504:: FLIP-SIGN ATTACK=set()
2024-12-01 19:33:30,336 INFO server.py 505:: UNTARGETED ATTACK=set()
2024-12-01 19:33:30,337 INFO server.py 506:: TARGETED ATTACK={0, 32, 11, 13, 15, 16, 23, 30}
2024-12-01 19:33:30,337 INFO server.py 662:: OVERTIME MALICIOUS client ids ={0, 32, 11, 13, 15, 16, 23, 30}
2024-12-01 19:33:30,350 INFO server.py 708:: This round UNRELIABLE=set(), normal_id={1, 2, 3, 4, 5, 6, 7, 8, 9, 10, 12, 14, 17, 18, 19, 20, 21, 22, 24, 25, 26, 27, 28, 29, 31, 33, 34, 35, 36, 37, 38, 39}
2024-12-01 19:33:30,352 DEBUG server.py 710:: anlge_sHoGs={1: nan, 2: nan, 3: nan, 4: nan, 5: nan, 6: nan, 7: nan, 8: nan, 9: nan, 10: nan, 12: nan, 14: nan, 17: nan, 18: nan, 19: nan, 20: nan, 21: nan, 22: nan, 24: nan, 25: nan, 26: nan, 27: nan, 28: nan, 29: nan, 31: nan, 33: nan, 34: nan, 35: nan, 36: nan, 37: nan, 38: nan, 39: nan}, angle_sep_nsH=0
2024-12-01 19:33:30,353 INFO server.py 722:: UNRELIABLE clients =set()
2024-12-01 19:33:30,495 INFO server.py 1062:: clients' sizes=[2, 1, 0, 0, 0, 2, 0, 1, 0, 2, 1, 2, 0, 1, 1, 1, 0, 1, 1, 1, 1, 0, 0, 2, 1, 0, 2, 0], total=23
2024-12-01 19:33:30,503 INFO server.py 327:: [Server] The aggregation takes 0.308514 seconds.

2024-12-01 19:33:30,504 INFO server.py 211:: [Server] Start testing
2024-12-01 19:33:30,518 INFO server.py 235:: [Server] Test set: Average loss: 1.3350, Accuracy: 70/200 (35.0%)

2024-12-01 19:33:30,519 INFO server.py 238:: [Sever] Confusion matrix:
 tensor([[50.,  0.,  0.,  0.],
        [50.,  0.,  0.,  0.],
        [50.,  0.,  0.,  0.],
        [30.,  0.,  0., 20.]])
2024-12-01 19:33:30,520 INFO server.py 254:: [Server] Precision=[0.2777778       nan       nan 1.       ],
 Recall=[1.  0.  0.  0.4],
 F1-score=[0.43478262        nan        nan 0.5714286 ],
 my_accuracy=34.99999940395355[%]
