2024-12-02 01:30:55,191 INFO _main.py 39:: ################################################################
2024-12-02 01:30:55,193 INFO _main.py 41:: #                              batch_size: 64                  #
2024-12-02 01:30:55,194 INFO _main.py 41:: #                         test_batch_size: 32                  #
2024-12-02 01:30:55,195 INFO _main.py 41:: #                                  epochs: 10                  #
2024-12-02 01:30:55,196 INFO _main.py 41:: #                               optimizer: SGD                 #
2024-12-02 01:30:55,196 INFO _main.py 41:: #                                      lr: 0.01                #
2024-12-02 01:30:55,197 INFO _main.py 41:: #                                momentum: 0.9                 #
2024-12-02 01:30:55,197 INFO _main.py 41:: #                            weight_decay: 0.0001              #
2024-12-02 01:30:55,197 INFO _main.py 41:: #                                    seed: 1                   #
2024-12-02 01:30:55,198 INFO _main.py 41:: #                            log_interval: 11                  #
2024-12-02 01:30:55,198 INFO _main.py 41:: #                             num_clients: 40                  #
2024-12-02 01:30:55,198 INFO _main.py 41:: #                           output_folder: experiments         #
2024-12-02 01:30:55,199 INFO _main.py 41:: #                                 dataset: rockburst           #
2024-12-02 01:30:55,199 INFO _main.py 41:: #                             loader_type: dirichlet           #
2024-12-02 01:30:55,199 INFO _main.py 41:: #                             loader_path: ./data/loader.pk    #
2024-12-02 01:30:55,199 INFO _main.py 41:: #                                      AR: mudhog              #
2024-12-02 01:30:55,199 INFO _main.py 41:: #                     n_attacker_backdoor: 0                   #
2024-12-02 01:30:55,200 INFO _main.py 41:: #                        backdoor_trigger: [0, 0, 1, 1]        #
2024-12-02 01:30:55,200 INFO _main.py 41:: #                   n_attacker_omniscient: 0                   #
2024-12-02 01:30:55,200 INFO _main.py 41:: #                        omniscient_scale: 1                   #
2024-12-02 01:30:55,200 INFO _main.py 41:: #                                 attacks: None                #
2024-12-02 01:30:55,201 INFO _main.py 41:: #                      save_model_weights: False               #
2024-12-02 01:30:55,201 INFO _main.py 41:: #                         experiment_name: sExp4Ba_40ep_rockburst_mudhog_40C_5#
2024-12-02 01:30:55,202 INFO _main.py 41:: #                          path_to_aggNet: None                #
2024-12-02 01:30:55,202 INFO _main.py 41:: #                                  device: cpu                 #
2024-12-02 01:30:55,202 INFO _main.py 41:: #                            inner_epochs: 30                  #
2024-12-02 01:30:55,203 INFO _main.py 41:: #                                 verbose: True                #
2024-12-02 01:30:55,203 INFO _main.py 41:: #                         list_unreliable: [2, 18, 20]         #
2024-12-02 01:30:55,203 INFO _main.py 41:: #                     unreliable_fraction: 0.5                 #
2024-12-02 01:30:55,203 INFO _main.py 41:: #                    unreliable_fracTrain: 0.3                 #
2024-12-02 01:30:55,204 INFO _main.py 41:: #                         mean_unreliable: 0.0                 #
2024-12-02 01:30:55,204 INFO _main.py 41:: #                             blur_method: add_noise           #
2024-12-02 01:30:55,205 INFO _main.py 41:: #                      max_std_unreliable: 30.0                #
2024-12-02 01:30:55,205 INFO _main.py 41:: #                     list_uatk_add_noise: [24, 25, 26]        #
2024-12-02 01:30:55,205 INFO _main.py 41:: #                          mean_add_noise: 0.0                 #
2024-12-02 01:30:55,205 INFO _main.py 41:: #                           std_add_noise: 0.01                #
2024-12-02 01:30:55,206 INFO _main.py 41:: #                     list_uatk_flip_sign: [0, 10, 11]         #
2024-12-02 01:30:55,206 INFO _main.py 42:: ################################################################
2024-12-02 01:30:55,206 INFO _main.py 43:: Namespace(batch_size=64, test_batch_size=32, epochs=10, optimizer='SGD', lr=0.01, momentum=0.9, weight_decay=0.0001, seed=1, log_interval=11, num_clients=40, output_folder='experiments', dataset='rockburst', loader_type='dirichlet', loader_path='./data/loader.pk', AR='mudhog', n_attacker_backdoor=0, backdoor_trigger=[0, 0, 1, 1], n_attacker_omniscient=0, omniscient_scale=1, attacks=None, save_model_weights=False, experiment_name='sExp4Ba_40ep_rockburst_mudhog_40C_5', path_to_aggNet=None, device='cpu', inner_epochs=30, verbose=True, list_unreliable=[2, 18, 20], unreliable_fraction=0.5, unreliable_fracTrain=0.3, mean_unreliable=0.0, blur_method='add_noise', max_std_unreliable=30.0, list_uatk_add_noise=[24, 25, 26], mean_add_noise=0.0, std_add_noise=0.01, list_uatk_flip_sign=[0, 10, 11])
2024-12-02 01:30:55,206 INFO _main.py 44:: #####################
2024-12-02 01:30:55,206 INFO _main.py 45:: #####################
2024-12-02 01:30:55,207 INFO _main.py 46:: #####################
2024-12-02 01:30:55,207 INFO _main.py 47:: Aggregation Rule:	mudhog
2024-12-02 01:30:55,207 INFO _main.py 48:: Data distribution:	dirichlet
2024-12-02 01:30:55,207 INFO _main.py 49:: Attacks:	None 
2024-12-02 01:30:55,208 INFO _main.py 50:: #####################
2024-12-02 01:30:55,208 INFO _main.py 51:: #####################
2024-12-02 01:30:55,208 INFO _main.py 52:: #####################
2024-12-02 01:30:56,894 INFO server.py 366:: SET DBSCAN eps=1.3, min_samples=10
2024-12-02 01:30:56,897 INFO _main.py 135:: [1-normal, 0-malicious] label =tensor([0., 1., 1., 1., 1., 1., 1., 1., 1., 1., 0., 0., 1., 1., 1., 1., 1., 1.,
        1., 1., 1., 1., 1., 1., 0., 0., 0., 1., 1., 1., 1., 1., 1., 1., 1., 1.,
        1., 1., 1., 1.])
2024-12-02 01:30:56,903 INFO malicious_clients.py 123:: init ATTACK OMNISCIENT Client 0
2024-12-02 01:30:56,907 INFO malicious_clients.py 18:: init UNRELIABLE Client 2
2024-12-02 01:30:56,937 INFO malicious_clients.py 123:: init ATTACK OMNISCIENT Client 10
2024-12-02 01:30:56,941 INFO malicious_clients.py 123:: init ATTACK OMNISCIENT Client 11
2024-12-02 01:30:56,972 INFO malicious_clients.py 18:: init UNRELIABLE Client 18
2024-12-02 01:30:56,986 INFO malicious_clients.py 18:: init UNRELIABLE Client 20
2024-12-02 01:30:57,019 INFO malicious_clients.py 73:: init ATTACK ADD NOISE TO GRAD Client 24
2024-12-02 01:30:57,026 INFO malicious_clients.py 73:: init ATTACK ADD NOISE TO GRAD Client 25
2024-12-02 01:30:57,033 INFO malicious_clients.py 73:: init ATTACK ADD NOISE TO GRAD Client 26
2024-12-02 01:30:57,176 INFO server.py 211:: [Server] Start testing
2024-12-02 01:30:57,208 INFO server.py 235:: [Server] Test set: Average loss: 1.3864, Accuracy: 50/200 (25.0%)

2024-12-02 01:30:57,209 INFO server.py 238:: [Sever] Confusion matrix:
 tensor([[50.,  0.,  0.,  0.],
        [50.,  0.,  0.,  0.],
        [50.,  0.,  0.,  0.],
        [50.,  0.,  0.,  0.]])
2024-12-02 01:30:57,221 INFO server.py 254:: [Server] Precision=[0.25  nan  nan  nan],
 Recall=[1. 0. 0. 0.],
 F1-score=[0.4 nan nan nan],
 my_accuracy=25.0[%]
2024-12-02 01:30:57,224 INFO _main.py 209:: ########EPOCH 0 ########
2024-12-02 01:30:57,225 INFO _main.py 210:: ###Model distribution###
2024-12-02 01:31:00,015 INFO server.py 1078:: clients' sizes=[1, 2, 1, 0, 0, 0, 2, 2, 0, 1, 0, 1, 2, 2, 2, 2, 1, 1, 2, 0, 1, 1, 1, 1, 1, 0, 1, 1, 1, 1, 2, 0, 2, 0, 1, 2, 1, 0, 2, 0], total=41
2024-12-02 01:31:00,028 INFO server.py 327:: [Server] The aggregation takes 0.027337 seconds.

2024-12-02 01:31:00,029 INFO server.py 211:: [Server] Start testing
2024-12-02 01:31:00,042 INFO server.py 235:: [Server] Test set: Average loss: 1.3313, Accuracy: 71/200 (35.5%)

2024-12-02 01:31:00,044 INFO server.py 238:: [Sever] Confusion matrix:
 tensor([[50.,  0.,  0.,  0.],
        [50.,  0.,  0.,  0.],
        [50.,  0.,  0.,  0.],
        [29.,  0.,  0., 21.]])
2024-12-02 01:31:00,045 INFO server.py 254:: [Server] Precision=[0.2793296       nan       nan 1.       ],
 Recall=[1.   0.   0.   0.42],
 F1-score=[0.43668124        nan        nan 0.5915493 ],
 my_accuracy=35.499998927116394[%]
2024-12-02 01:31:00,046 INFO _main.py 209:: ########EPOCH 1 ########
2024-12-02 01:31:00,046 INFO _main.py 210:: ###Model distribution###
2024-12-02 01:31:02,581 INFO server.py 1078:: clients' sizes=[1, 2, 1, 0, 0, 0, 2, 2, 0, 1, 0, 1, 2, 2, 2, 2, 1, 1, 2, 0, 1, 1, 1, 1, 1, 0, 1, 1, 1, 1, 2, 0, 2, 0, 1, 2, 1, 0, 2, 0], total=41
2024-12-02 01:31:02,594 INFO server.py 327:: [Server] The aggregation takes 0.020753 seconds.

2024-12-02 01:31:02,595 INFO server.py 211:: [Server] Start testing
2024-12-02 01:31:02,608 INFO server.py 235:: [Server] Test set: Average loss: 1.1994, Accuracy: 90/200 (45.0%)

2024-12-02 01:31:02,609 INFO server.py 238:: [Sever] Confusion matrix:
 tensor([[50.,  0.,  0.,  0.],
        [46.,  0.,  1.,  3.],
        [34.,  0.,  6., 10.],
        [ 9.,  0.,  7., 34.]])
2024-12-02 01:31:02,611 INFO server.py 254:: [Server] Precision=[0.35971224        nan 0.42857143 0.7234042 ],
 Recall=[1.   0.   0.12 0.68],
 F1-score=[0.52910054        nan 0.1875     0.7010309 ],
 my_accuracy=44.999998807907104[%]
2024-12-02 01:31:02,611 INFO _main.py 209:: ########EPOCH 2 ########
2024-12-02 01:31:02,612 INFO _main.py 210:: ###Model distribution###
2024-12-02 01:31:05,305 INFO server.py 1078:: clients' sizes=[1, 2, 1, 0, 0, 0, 2, 2, 0, 1, 0, 1, 2, 2, 2, 2, 1, 1, 2, 0, 1, 1, 1, 1, 1, 0, 1, 1, 1, 1, 2, 0, 2, 0, 1, 2, 1, 0, 2, 0], total=41
2024-12-02 01:31:05,324 INFO server.py 327:: [Server] The aggregation takes 0.030411 seconds.

2024-12-02 01:31:05,325 INFO server.py 211:: [Server] Start testing
2024-12-02 01:31:05,345 INFO server.py 235:: [Server] Test set: Average loss: 1.0688, Accuracy: 107/200 (53.5%)

2024-12-02 01:31:05,346 INFO server.py 238:: [Sever] Confusion matrix:
 tensor([[47.,  1.,  2.,  0.],
        [33., 11.,  3.,  3.],
        [18., 10., 13.,  9.],
        [ 6.,  1.,  7., 36.]])
2024-12-02 01:31:05,348 INFO server.py 254:: [Server] Precision=[0.45192307 0.47826087 0.52       0.75      ],
 Recall=[0.94 0.22 0.26 0.72],
 F1-score=[0.61038965 0.30136985 0.34666666 0.7346939 ],
 my_accuracy=53.50000262260437[%]
2024-12-02 01:31:05,349 INFO _main.py 209:: ########EPOCH 3 ########
2024-12-02 01:31:05,349 INFO _main.py 210:: ###Model distribution###
2024-12-02 01:31:09,241 INFO server.py 570:: flip_sign_id=set()
2024-12-02 01:31:09,242 INFO server.py 585:: ===========using shortHoGs for detecting UNTARGETED ATTACK====
2024-12-02 01:31:09,870 INFO server.py 611:: labels cluster_sh= [0 0 0 0 0 0 0 0 0 0 0 0 0 0 0 0 0 0 0 0 0 0 0 0 0 0 0 0 0 0 0 0 0 0 0 0 0
 0 0 0]
2024-12-02 01:31:09,889 DEBUG server.py 616:: offset_normal_ids=[ 0  1  2  3  4  5  6  7  8  9 10 11 12 13 14 15 16 17 18 19 20 21 22 23
 24 25 26 27 28 29 30 31 32 33 34 35 36 37 38 39], normal_ids=[ 0  1  2  3  4  5  6  7  8  9 10 11 12 13 14 15 16 17 18 19 20 21 22 23
 24 25 26 27 28 29 30 31 32 33 34 35 36 37 38 39]
2024-12-02 01:31:09,897 INFO server.py 621:: SUSPECTED UNTARGETED []
2024-12-02 01:31:09,898 DEBUG server.py 625:: suspicious_ids=[]
2024-12-02 01:31:09,898 DEBUG server.py 634:: d_normal_sus={}, d_separate=0
2024-12-02 01:31:09,899 INFO server.py 642:: This round UNTARGETED=set(), sus_tAtk_uRel_id0=set()
2024-12-02 01:31:09,908 INFO server.py 712:: This round UNRELIABLE=set(), normal_id={0, 1, 2, 3, 4, 5, 6, 7, 8, 9, 10, 11, 12, 13, 14, 15, 16, 17, 18, 19, 20, 21, 22, 23, 24, 25, 26, 27, 28, 29, 30, 31, 32, 33, 34, 35, 36, 37, 38, 39}
2024-12-02 01:31:09,909 DEBUG server.py 714:: anlge_sHoGs={0: nan, 1: nan, 2: nan, 3: nan, 4: nan, 5: nan, 6: nan, 7: nan, 8: nan, 9: nan, 10: nan, 11: nan, 12: nan, 13: nan, 14: nan, 15: nan, 16: nan, 17: nan, 18: nan, 19: nan, 20: nan, 21: nan, 22: nan, 23: nan, 24: nan, 25: nan, 26: nan, 27: nan, 28: nan, 29: nan, 30: nan, 31: nan, 32: nan, 33: nan, 34: nan, 35: nan, 36: nan, 37: nan, 38: nan, 39: nan}, angle_sep_nsH=0
2024-12-02 01:31:09,909 INFO server.py 727:: UNRELIABLE clients =set()
2024-12-02 01:31:09,910 INFO server.py 1078:: clients' sizes=[1, 2, 1, 0, 0, 0, 2, 2, 0, 1, 0, 1, 2, 2, 2, 2, 1, 1, 2, 0, 1, 1, 1, 1, 1, 0, 1, 1, 1, 1, 2, 0, 2, 0, 1, 2, 1, 0, 2, 0], total=41
2024-12-02 01:31:09,927 INFO server.py 327:: [Server] The aggregation takes 0.792704 seconds.

2024-12-02 01:31:09,928 INFO server.py 211:: [Server] Start testing
2024-12-02 01:31:09,950 INFO server.py 235:: [Server] Test set: Average loss: 0.9836, Accuracy: 121/200 (60.5%)

2024-12-02 01:31:09,952 INFO server.py 238:: [Sever] Confusion matrix:
 tensor([[46.,  2.,  2.,  0.],
        [20., 21.,  6.,  3.],
        [13., 14., 15.,  8.],
        [ 0.,  6.,  5., 39.]])
2024-12-02 01:31:09,953 INFO server.py 254:: [Server] Precision=[0.5822785  0.4883721  0.53571427 0.78      ],
 Recall=[0.92 0.42 0.3  0.78],
 F1-score=[0.7131783  0.45161292 0.3846154  0.7799999 ],
 my_accuracy=60.50000190734863[%]
2024-12-02 01:31:09,954 INFO _main.py 209:: ########EPOCH 4 ########
2024-12-02 01:31:09,955 INFO _main.py 210:: ###Model distribution###
2024-12-02 01:31:13,087 INFO server.py 570:: flip_sign_id=set()
2024-12-02 01:31:13,087 INFO server.py 585:: ===========using shortHoGs for detecting UNTARGETED ATTACK====
2024-12-02 01:31:13,152 INFO server.py 611:: labels cluster_sh= [0 0 0 0 0 0 0 0 0 0 0 0 0 0 0 0 0 0 0 0 0 0 0 0 0 0 0 0 0 0 0 0 0 0 0 0 0
 0 0 0]
2024-12-02 01:31:13,166 DEBUG server.py 616:: offset_normal_ids=[ 0  1  2  3  4  5  6  7  8  9 10 11 12 13 14 15 16 17 18 19 20 21 22 23
 24 25 26 27 28 29 30 31 32 33 34 35 36 37 38 39], normal_ids=[ 0  1  2  3  4  5  6  7  8  9 10 11 12 13 14 15 16 17 18 19 20 21 22 23
 24 25 26 27 28 29 30 31 32 33 34 35 36 37 38 39]
2024-12-02 01:31:13,167 INFO server.py 621:: SUSPECTED UNTARGETED []
2024-12-02 01:31:13,167 DEBUG server.py 625:: suspicious_ids=[]
2024-12-02 01:31:13,168 DEBUG server.py 634:: d_normal_sus={}, d_separate=0
2024-12-02 01:31:13,168 INFO server.py 642:: This round UNTARGETED=set(), sus_tAtk_uRel_id0=set()
2024-12-02 01:31:13,177 INFO server.py 712:: This round UNRELIABLE=set(), normal_id={0, 1, 2, 3, 4, 5, 6, 7, 8, 9, 10, 11, 12, 13, 14, 15, 16, 17, 18, 19, 20, 21, 22, 23, 24, 25, 26, 27, 28, 29, 30, 31, 32, 33, 34, 35, 36, 37, 38, 39}
2024-12-02 01:31:13,178 DEBUG server.py 714:: anlge_sHoGs={0: nan, 1: nan, 2: nan, 3: nan, 4: nan, 5: nan, 6: nan, 7: nan, 8: nan, 9: nan, 10: nan, 11: nan, 12: nan, 13: nan, 14: nan, 15: nan, 16: nan, 17: nan, 18: nan, 19: nan, 20: nan, 21: nan, 22: nan, 23: nan, 24: nan, 25: nan, 26: nan, 27: nan, 28: nan, 29: nan, 30: nan, 31: nan, 32: nan, 33: nan, 34: nan, 35: nan, 36: nan, 37: nan, 38: nan, 39: nan}, angle_sep_nsH=0
2024-12-02 01:31:13,178 INFO server.py 727:: UNRELIABLE clients =set()
2024-12-02 01:31:13,179 INFO server.py 1078:: clients' sizes=[1, 2, 1, 0, 0, 0, 2, 2, 0, 1, 0, 1, 2, 2, 2, 2, 1, 1, 2, 0, 1, 1, 1, 1, 1, 0, 1, 1, 1, 1, 2, 0, 2, 0, 1, 2, 1, 0, 2, 0], total=41
2024-12-02 01:31:13,195 INFO server.py 327:: [Server] The aggregation takes 0.195289 seconds.

2024-12-02 01:31:13,196 INFO server.py 211:: [Server] Start testing
2024-12-02 01:31:13,249 INFO server.py 235:: [Server] Test set: Average loss: 0.9405, Accuracy: 121/200 (60.5%)

2024-12-02 01:31:13,252 INFO server.py 238:: [Sever] Confusion matrix:
 tensor([[41.,  7.,  2.,  0.],
        [18., 23.,  7.,  2.],
        [10., 14., 18.,  8.],
        [ 0.,  6.,  5., 39.]])
2024-12-02 01:31:13,254 INFO server.py 254:: [Server] Precision=[0.5942029  0.46       0.5625     0.79591835],
 Recall=[0.82 0.46 0.36 0.78],
 F1-score=[0.6890756  0.46       0.43902442 0.78787875],
 my_accuracy=60.50000190734863[%]
2024-12-02 01:31:13,256 INFO _main.py 209:: ########EPOCH 5 ########
2024-12-02 01:31:13,257 INFO _main.py 210:: ###Model distribution###
2024-12-02 01:31:16,289 INFO server.py 570:: flip_sign_id=set()
2024-12-02 01:31:16,290 INFO server.py 585:: ===========using shortHoGs for detecting UNTARGETED ATTACK====
2024-12-02 01:31:16,334 INFO server.py 611:: labels cluster_sh= [0 0 0 0 0 0 0 0 0 0 0 0 0 0 0 0 0 0 0 0 0 0 0 0 0 0 0 0 0 0 0 0 0 0 0 0 0
 0 0 0]
2024-12-02 01:31:16,356 DEBUG server.py 616:: offset_normal_ids=[ 0  1  2  3  4  5  6  7  8  9 10 11 12 13 14 15 16 17 18 19 20 21 22 23
 24 25 26 27 28 29 30 31 32 33 34 35 36 37 38 39], normal_ids=[ 0  1  2  3  4  5  6  7  8  9 10 11 12 13 14 15 16 17 18 19 20 21 22 23
 24 25 26 27 28 29 30 31 32 33 34 35 36 37 38 39]
2024-12-02 01:31:16,357 INFO server.py 621:: SUSPECTED UNTARGETED []
2024-12-02 01:31:16,357 DEBUG server.py 625:: suspicious_ids=[]
2024-12-02 01:31:16,357 DEBUG server.py 634:: d_normal_sus={}, d_separate=0
2024-12-02 01:31:16,358 INFO server.py 642:: This round UNTARGETED=set(), sus_tAtk_uRel_id0=set()
2024-12-02 01:31:16,367 INFO server.py 712:: This round UNRELIABLE=set(), normal_id={0, 1, 2, 3, 4, 5, 6, 7, 8, 9, 10, 11, 12, 13, 14, 15, 16, 17, 18, 19, 20, 21, 22, 23, 24, 25, 26, 27, 28, 29, 30, 31, 32, 33, 34, 35, 36, 37, 38, 39}
2024-12-02 01:31:16,368 DEBUG server.py 714:: anlge_sHoGs={0: nan, 1: nan, 2: nan, 3: nan, 4: nan, 5: nan, 6: nan, 7: nan, 8: nan, 9: nan, 10: nan, 11: nan, 12: nan, 13: nan, 14: nan, 15: nan, 16: nan, 17: nan, 18: nan, 19: nan, 20: nan, 21: nan, 22: nan, 23: nan, 24: nan, 25: nan, 26: nan, 27: nan, 28: nan, 29: nan, 30: nan, 31: nan, 32: nan, 33: nan, 34: nan, 35: nan, 36: nan, 37: nan, 38: nan, 39: nan}, angle_sep_nsH=0
2024-12-02 01:31:16,368 INFO server.py 727:: UNRELIABLE clients =set()
2024-12-02 01:31:16,370 INFO server.py 1078:: clients' sizes=[1, 2, 1, 0, 0, 0, 2, 2, 0, 1, 0, 1, 2, 2, 2, 2, 1, 1, 2, 0, 1, 1, 1, 1, 1, 0, 1, 1, 1, 1, 2, 0, 2, 0, 1, 2, 1, 0, 2, 0], total=41
2024-12-02 01:31:16,385 INFO server.py 327:: [Server] The aggregation takes 0.162282 seconds.

2024-12-02 01:31:16,386 INFO server.py 211:: [Server] Start testing
2024-12-02 01:31:16,409 INFO server.py 235:: [Server] Test set: Average loss: 0.9115, Accuracy: 123/200 (61.5%)

2024-12-02 01:31:16,410 INFO server.py 238:: [Sever] Confusion matrix:
 tensor([[41.,  7.,  2.,  0.],
        [17., 22.,  9.,  2.],
        [ 8., 14., 21.,  7.],
        [ 0.,  6.,  5., 39.]])
2024-12-02 01:31:16,412 INFO server.py 254:: [Server] Precision=[0.6212121 0.4489796 0.5675676 0.8125   ],
 Recall=[0.82 0.44 0.42 0.78],
 F1-score=[0.7068965  0.44444445 0.48275864 0.79591835],
 my_accuracy=61.500000953674316[%]
2024-12-02 01:31:16,412 INFO _main.py 209:: ########EPOCH 6 ########
2024-12-02 01:31:16,413 INFO _main.py 210:: ###Model distribution###
2024-12-02 01:31:19,094 INFO server.py 570:: flip_sign_id=set()
2024-12-02 01:31:19,095 INFO server.py 585:: ===========using shortHoGs for detecting UNTARGETED ATTACK====
2024-12-02 01:31:19,138 INFO server.py 611:: labels cluster_sh= [0 0 0 0 0 0 0 0 0 0 0 0 0 0 0 0 0 0 0 0 0 0 0 0 0 0 0 0 0 0 0 0 0 0 0 0 0
 0 0 0]
2024-12-02 01:31:19,146 DEBUG server.py 616:: offset_normal_ids=[ 0  1  2  3  4  5  6  7  8  9 10 11 12 13 14 15 16 17 18 19 20 21 22 23
 24 25 26 27 28 29 30 31 32 33 34 35 36 37 38 39], normal_ids=[ 0  1  2  3  4  5  6  7  8  9 10 11 12 13 14 15 16 17 18 19 20 21 22 23
 24 25 26 27 28 29 30 31 32 33 34 35 36 37 38 39]
2024-12-02 01:31:19,147 INFO server.py 621:: SUSPECTED UNTARGETED []
2024-12-02 01:31:19,148 DEBUG server.py 625:: suspicious_ids=[]
2024-12-02 01:31:19,148 DEBUG server.py 634:: d_normal_sus={}, d_separate=0
2024-12-02 01:31:19,148 INFO server.py 642:: This round UNTARGETED=set(), sus_tAtk_uRel_id0=set()
2024-12-02 01:31:19,157 INFO server.py 712:: This round UNRELIABLE=set(), normal_id={0, 1, 2, 3, 4, 5, 6, 7, 8, 9, 10, 11, 12, 13, 14, 15, 16, 17, 18, 19, 20, 21, 22, 23, 24, 25, 26, 27, 28, 29, 30, 31, 32, 33, 34, 35, 36, 37, 38, 39}
2024-12-02 01:31:19,158 DEBUG server.py 714:: anlge_sHoGs={0: nan, 1: nan, 2: nan, 3: nan, 4: nan, 5: nan, 6: nan, 7: nan, 8: nan, 9: nan, 10: nan, 11: nan, 12: nan, 13: nan, 14: nan, 15: nan, 16: nan, 17: nan, 18: nan, 19: nan, 20: nan, 21: nan, 22: nan, 23: nan, 24: nan, 25: nan, 26: nan, 27: nan, 28: nan, 29: nan, 30: nan, 31: nan, 32: nan, 33: nan, 34: nan, 35: nan, 36: nan, 37: nan, 38: nan, 39: nan}, angle_sep_nsH=0
2024-12-02 01:31:19,158 INFO server.py 727:: UNRELIABLE clients =set()
2024-12-02 01:31:19,159 INFO server.py 1078:: clients' sizes=[1, 2, 1, 0, 0, 0, 2, 2, 0, 1, 0, 1, 2, 2, 2, 2, 1, 1, 2, 0, 1, 1, 1, 1, 1, 0, 1, 1, 1, 1, 2, 0, 2, 0, 1, 2, 1, 0, 2, 0], total=41
2024-12-02 01:31:19,175 INFO server.py 327:: [Server] The aggregation takes 0.143784 seconds.

2024-12-02 01:31:19,176 INFO server.py 211:: [Server] Start testing
2024-12-02 01:31:19,195 INFO server.py 235:: [Server] Test set: Average loss: 0.8978, Accuracy: 122/200 (61.0%)

2024-12-02 01:31:19,196 INFO server.py 238:: [Sever] Confusion matrix:
 tensor([[41.,  7.,  2.,  0.],
        [17., 22., 10.,  1.],
        [ 8., 13., 24.,  5.],
        [ 0.,  6.,  9., 35.]])
2024-12-02 01:31:19,198 INFO server.py 254:: [Server] Precision=[0.6212121  0.45833334 0.53333336 0.85365856],
 Recall=[0.82 0.44 0.48 0.7 ],
 F1-score=[0.7068965  0.44897962 0.5052632  0.76923084],
 my_accuracy=61.000001430511475[%]
2024-12-02 01:31:19,199 INFO _main.py 209:: ########EPOCH 7 ########
2024-12-02 01:31:19,200 INFO _main.py 210:: ###Model distribution###
2024-12-02 01:31:22,534 INFO server.py 570:: flip_sign_id=set()
2024-12-02 01:31:22,534 INFO server.py 585:: ===========using shortHoGs for detecting UNTARGETED ATTACK====
2024-12-02 01:31:22,637 INFO server.py 611:: labels cluster_sh= [0 0 0 0 0 0 0 0 0 0 0 0 0 0 0 0 0 0 0 0 0 0 0 0 0 0 0 0 0 0 0 0 0 0 0 0 0
 0 0 0]
2024-12-02 01:31:22,656 DEBUG server.py 616:: offset_normal_ids=[ 0  1  2  3  4  5  6  7  8  9 10 11 12 13 14 15 16 17 18 19 20 21 22 23
 24 25 26 27 28 29 30 31 32 33 34 35 36 37 38 39], normal_ids=[ 0  1  2  3  4  5  6  7  8  9 10 11 12 13 14 15 16 17 18 19 20 21 22 23
 24 25 26 27 28 29 30 31 32 33 34 35 36 37 38 39]
2024-12-02 01:31:22,656 INFO server.py 621:: SUSPECTED UNTARGETED []
2024-12-02 01:31:22,657 DEBUG server.py 625:: suspicious_ids=[]
2024-12-02 01:31:22,657 DEBUG server.py 634:: d_normal_sus={}, d_separate=0
2024-12-02 01:31:22,657 INFO server.py 642:: This round UNTARGETED=set(), sus_tAtk_uRel_id0=set()
2024-12-02 01:31:22,675 INFO server.py 712:: This round UNRELIABLE=set(), normal_id={0, 1, 2, 3, 4, 5, 6, 7, 8, 9, 10, 11, 12, 13, 14, 15, 16, 17, 18, 19, 20, 21, 22, 23, 24, 25, 26, 27, 28, 29, 30, 31, 32, 33, 34, 35, 36, 37, 38, 39}
2024-12-02 01:31:22,676 DEBUG server.py 714:: anlge_sHoGs={0: nan, 1: nan, 2: nan, 3: nan, 4: nan, 5: nan, 6: nan, 7: nan, 8: nan, 9: nan, 10: nan, 11: nan, 12: nan, 13: nan, 14: nan, 15: nan, 16: nan, 17: nan, 18: nan, 19: nan, 20: nan, 21: nan, 22: nan, 23: nan, 24: nan, 25: nan, 26: nan, 27: nan, 28: nan, 29: nan, 30: nan, 31: nan, 32: nan, 33: nan, 34: nan, 35: nan, 36: nan, 37: nan, 38: nan, 39: nan}, angle_sep_nsH=0
2024-12-02 01:31:22,676 INFO server.py 727:: UNRELIABLE clients =set()
2024-12-02 01:31:22,678 INFO server.py 1078:: clients' sizes=[1, 2, 1, 0, 0, 0, 2, 2, 0, 1, 0, 1, 2, 2, 2, 2, 1, 1, 2, 0, 1, 1, 1, 1, 1, 0, 1, 1, 1, 1, 2, 0, 2, 0, 1, 2, 1, 0, 2, 0], total=41
2024-12-02 01:31:22,716 INFO server.py 327:: [Server] The aggregation takes 0.309693 seconds.

2024-12-02 01:31:22,717 INFO server.py 211:: [Server] Start testing
2024-12-02 01:31:22,751 INFO server.py 235:: [Server] Test set: Average loss: 0.8730, Accuracy: 122/200 (61.0%)

2024-12-02 01:31:22,753 INFO server.py 238:: [Sever] Confusion matrix:
 tensor([[41.,  7.,  2.,  0.],
        [15., 23., 11.,  1.],
        [ 6., 15., 22.,  7.],
        [ 0.,  5.,  9., 36.]])
2024-12-02 01:31:22,754 INFO server.py 254:: [Server] Precision=[0.66129035 0.46       0.5        0.8181818 ],
 Recall=[0.82 0.46 0.44 0.72],
 F1-score=[0.73214287 0.46       0.4680851  0.76595753],
 my_accuracy=61.000001430511475[%]
2024-12-02 01:31:22,755 INFO _main.py 209:: ########EPOCH 8 ########
2024-12-02 01:31:22,756 INFO _main.py 210:: ###Model distribution###
2024-12-02 01:31:27,390 INFO server.py 570:: flip_sign_id=set()
2024-12-02 01:31:27,391 INFO server.py 585:: ===========using shortHoGs for detecting UNTARGETED ATTACK====
2024-12-02 01:31:27,434 INFO server.py 611:: labels cluster_sh= [0 0 0 0 0 0 0 0 0 0 0 0 0 0 0 0 0 0 0 0 0 0 0 0 0 0 0 0 0 0 0 0 0 0 0 0 0
 0 0 0]
2024-12-02 01:31:27,442 DEBUG server.py 616:: offset_normal_ids=[ 0  1  2  3  4  5  6  7  8  9 10 11 12 13 14 15 16 17 18 19 20 21 22 23
 24 25 26 27 28 29 30 31 32 33 34 35 36 37 38 39], normal_ids=[ 0  1  2  3  4  5  6  7  8  9 10 11 12 13 14 15 16 17 18 19 20 21 22 23
 24 25 26 27 28 29 30 31 32 33 34 35 36 37 38 39]
2024-12-02 01:31:27,443 INFO server.py 621:: SUSPECTED UNTARGETED []
2024-12-02 01:31:27,443 DEBUG server.py 625:: suspicious_ids=[]
2024-12-02 01:31:27,444 DEBUG server.py 634:: d_normal_sus={}, d_separate=0
2024-12-02 01:31:27,444 INFO server.py 642:: This round UNTARGETED=set(), sus_tAtk_uRel_id0=set()
2024-12-02 01:31:27,454 INFO server.py 712:: This round UNRELIABLE=set(), normal_id={0, 1, 2, 3, 4, 5, 6, 7, 8, 9, 10, 11, 12, 13, 14, 15, 16, 17, 18, 19, 20, 21, 22, 23, 24, 25, 26, 27, 28, 29, 30, 31, 32, 33, 34, 35, 36, 37, 38, 39}
2024-12-02 01:31:27,454 DEBUG server.py 714:: anlge_sHoGs={0: nan, 1: nan, 2: nan, 3: nan, 4: nan, 5: nan, 6: nan, 7: nan, 8: nan, 9: nan, 10: nan, 11: nan, 12: nan, 13: nan, 14: nan, 15: nan, 16: nan, 17: nan, 18: nan, 19: nan, 20: nan, 21: nan, 22: nan, 23: nan, 24: nan, 25: nan, 26: nan, 27: nan, 28: nan, 29: nan, 30: nan, 31: nan, 32: nan, 33: nan, 34: nan, 35: nan, 36: nan, 37: nan, 38: nan, 39: nan}, angle_sep_nsH=0
2024-12-02 01:31:27,455 INFO server.py 727:: UNRELIABLE clients =set()
2024-12-02 01:31:27,456 INFO server.py 1078:: clients' sizes=[1, 2, 1, 0, 0, 0, 2, 2, 0, 1, 0, 1, 2, 2, 2, 2, 1, 1, 2, 0, 1, 1, 1, 1, 1, 0, 1, 1, 1, 1, 2, 0, 2, 0, 1, 2, 1, 0, 2, 0], total=41
2024-12-02 01:31:27,472 INFO server.py 327:: [Server] The aggregation takes 0.143615 seconds.

2024-12-02 01:31:27,473 INFO server.py 211:: [Server] Start testing
2024-12-02 01:31:27,492 INFO server.py 235:: [Server] Test set: Average loss: 0.8575, Accuracy: 124/200 (62.0%)

2024-12-02 01:31:27,494 INFO server.py 238:: [Sever] Confusion matrix:
 tensor([[41.,  8.,  1.,  0.],
        [15., 24., 10.,  1.],
        [ 7., 16., 20.,  7.],
        [ 0.,  5.,  6., 39.]])
2024-12-02 01:31:27,495 INFO server.py 254:: [Server] Precision=[0.6507937  0.4528302  0.5405405  0.82978725],
 Recall=[0.82 0.48 0.4  0.78],
 F1-score=[0.7256637  0.4660194  0.45977008 0.8041237 ],
 my_accuracy=62.00000047683716[%]
2024-12-02 01:31:27,496 INFO _main.py 209:: ########EPOCH 9 ########
2024-12-02 01:31:27,496 INFO _main.py 210:: ###Model distribution###
2024-12-02 01:31:30,154 INFO server.py 570:: flip_sign_id=set()
2024-12-02 01:31:30,155 INFO server.py 585:: ===========using shortHoGs for detecting UNTARGETED ATTACK====
2024-12-02 01:31:30,197 INFO server.py 611:: labels cluster_sh= [0 0 0 0 0 0 0 0 0 0 0 0 0 0 0 0 0 0 0 0 0 0 0 0 0 0 0 0 0 0 0 0 0 0 0 0 0
 0 0 0]
2024-12-02 01:31:30,206 DEBUG server.py 616:: offset_normal_ids=[ 0  1  2  3  4  5  6  7  8  9 10 11 12 13 14 15 16 17 18 19 20 21 22 23
 24 25 26 27 28 29 30 31 32 33 34 35 36 37 38 39], normal_ids=[ 0  1  2  3  4  5  6  7  8  9 10 11 12 13 14 15 16 17 18 19 20 21 22 23
 24 25 26 27 28 29 30 31 32 33 34 35 36 37 38 39]
2024-12-02 01:31:30,206 INFO server.py 621:: SUSPECTED UNTARGETED []
2024-12-02 01:31:30,207 DEBUG server.py 625:: suspicious_ids=[]
2024-12-02 01:31:30,207 DEBUG server.py 634:: d_normal_sus={}, d_separate=0
2024-12-02 01:31:30,207 INFO server.py 642:: This round UNTARGETED=set(), sus_tAtk_uRel_id0=set()
2024-12-02 01:31:30,217 INFO server.py 712:: This round UNRELIABLE=set(), normal_id={0, 1, 2, 3, 4, 5, 6, 7, 8, 9, 10, 11, 12, 13, 14, 15, 16, 17, 18, 19, 20, 21, 22, 23, 24, 25, 26, 27, 28, 29, 30, 31, 32, 33, 34, 35, 36, 37, 38, 39}
2024-12-02 01:31:30,218 DEBUG server.py 714:: anlge_sHoGs={0: nan, 1: nan, 2: nan, 3: nan, 4: nan, 5: nan, 6: nan, 7: nan, 8: nan, 9: nan, 10: nan, 11: nan, 12: nan, 13: nan, 14: nan, 15: nan, 16: nan, 17: nan, 18: nan, 19: nan, 20: nan, 21: nan, 22: nan, 23: nan, 24: nan, 25: nan, 26: nan, 27: nan, 28: nan, 29: nan, 30: nan, 31: nan, 32: nan, 33: nan, 34: nan, 35: nan, 36: nan, 37: nan, 38: nan, 39: nan}, angle_sep_nsH=0
2024-12-02 01:31:30,218 INFO server.py 727:: UNRELIABLE clients =set()
2024-12-02 01:31:30,220 INFO server.py 1078:: clients' sizes=[1, 2, 1, 0, 0, 0, 2, 2, 0, 1, 0, 1, 2, 2, 2, 2, 1, 1, 2, 0, 1, 1, 1, 1, 1, 0, 1, 1, 1, 1, 2, 0, 2, 0, 1, 2, 1, 0, 2, 0], total=41
2024-12-02 01:31:30,236 INFO server.py 327:: [Server] The aggregation takes 0.143124 seconds.

2024-12-02 01:31:30,237 INFO server.py 211:: [Server] Start testing
2024-12-02 01:31:30,256 INFO server.py 235:: [Server] Test set: Average loss: 0.8534, Accuracy: 122/200 (61.0%)

2024-12-02 01:31:30,258 INFO server.py 238:: [Sever] Confusion matrix:
 tensor([[41.,  8.,  1.,  0.],
        [15., 23., 11.,  1.],
        [ 6., 17., 21.,  6.],
        [ 0.,  5.,  8., 37.]])
2024-12-02 01:31:30,259 INFO server.py 254:: [Server] Precision=[0.66129035 0.43396226 0.5121951  0.84090906],
 Recall=[0.82 0.46 0.42 0.74],
 F1-score=[0.73214287 0.44660196 0.46153846 0.78723407],
 my_accuracy=61.000001430511475[%]
