2024-12-01 19:36:46,287 INFO _main.py 39:: ################################################################
2024-12-01 19:36:46,289 INFO _main.py 41:: #                              batch_size: 64                  #
2024-12-01 19:36:46,290 INFO _main.py 41:: #                         test_batch_size: 32                  #
2024-12-01 19:36:46,290 INFO _main.py 41:: #                                  epochs: 10                  #
2024-12-01 19:36:46,290 INFO _main.py 41:: #                               optimizer: SGD                 #
2024-12-01 19:36:46,291 INFO _main.py 41:: #                                      lr: 0.01                #
2024-12-01 19:36:46,291 INFO _main.py 41:: #                                momentum: 0.9                 #
2024-12-01 19:36:46,292 INFO _main.py 41:: #                            weight_decay: 0.0001              #
2024-12-01 19:36:46,292 INFO _main.py 41:: #                                    seed: 1                   #
2024-12-01 19:36:46,292 INFO _main.py 41:: #                            log_interval: 11                  #
2024-12-01 19:36:46,292 INFO _main.py 41:: #                             num_clients: 40                  #
2024-12-01 19:36:46,293 INFO _main.py 41:: #                           output_folder: experiments         #
2024-12-01 19:36:46,293 INFO _main.py 41:: #                                 dataset: rockburst           #
2024-12-01 19:36:46,293 INFO _main.py 41:: #                             loader_type: dirichlet           #
2024-12-01 19:36:46,293 INFO _main.py 41:: #                             loader_path: ./data/loader.pk    #
2024-12-01 19:36:46,293 INFO _main.py 41:: #                                      AR: mudhog              #
2024-12-01 19:36:46,293 INFO _main.py 41:: #                     n_attacker_backdoor: 0                   #
2024-12-01 19:36:46,294 INFO _main.py 41:: #                        backdoor_trigger: [0, 0, 1, 1]        #
2024-12-01 19:36:46,294 INFO _main.py 41:: #                   n_attacker_omniscient: 0                   #
2024-12-01 19:36:46,294 INFO _main.py 41:: #                        omniscient_scale: 1                   #
2024-12-01 19:36:46,294 INFO _main.py 41:: #                                 attacks: None                #
2024-12-01 19:36:46,294 INFO _main.py 41:: #                      save_model_weights: False               #
2024-12-01 19:36:46,294 INFO _main.py 41:: #                         experiment_name: sExp4Ba_40ep_rockburst_mudhog_40C_5#
2024-12-01 19:36:46,295 INFO _main.py 41:: #                          path_to_aggNet: None                #
2024-12-01 19:36:46,295 INFO _main.py 41:: #                                  device: cpu                 #
2024-12-01 19:36:46,295 INFO _main.py 41:: #                            inner_epochs: 4                   #
2024-12-01 19:36:46,295 INFO _main.py 41:: #                                 verbose: True                #
2024-12-01 19:36:46,296 INFO _main.py 41:: #                         list_unreliable: [2, 18, 20]         #
2024-12-01 19:36:46,296 INFO _main.py 41:: #                     unreliable_fraction: 0.5                 #
2024-12-01 19:36:46,296 INFO _main.py 41:: #                    unreliable_fracTrain: 0.3                 #
2024-12-01 19:36:46,297 INFO _main.py 41:: #                         mean_unreliable: 0.0                 #
2024-12-01 19:36:46,297 INFO _main.py 41:: #                             blur_method: add_noise           #
2024-12-01 19:36:46,297 INFO _main.py 41:: #                      max_std_unreliable: 30.0                #
2024-12-01 19:36:46,298 INFO _main.py 41:: #                     list_uatk_add_noise: [24, 25, 26]        #
2024-12-01 19:36:46,298 INFO _main.py 41:: #                          mean_add_noise: 0.0                 #
2024-12-01 19:36:46,298 INFO _main.py 41:: #                           std_add_noise: 0.01                #
2024-12-01 19:36:46,298 INFO _main.py 41:: #                     list_uatk_flip_sign: [0, 10, 11]         #
2024-12-01 19:36:46,299 INFO _main.py 42:: ################################################################
2024-12-01 19:36:46,299 INFO _main.py 43:: Namespace(batch_size=64, test_batch_size=32, epochs=10, optimizer='SGD', lr=0.01, momentum=0.9, weight_decay=0.0001, seed=1, log_interval=11, num_clients=40, output_folder='experiments', dataset='rockburst', loader_type='dirichlet', loader_path='./data/loader.pk', AR='mudhog', n_attacker_backdoor=0, backdoor_trigger=[0, 0, 1, 1], n_attacker_omniscient=0, omniscient_scale=1, attacks=None, save_model_weights=False, experiment_name='sExp4Ba_40ep_rockburst_mudhog_40C_5', path_to_aggNet=None, device='cpu', inner_epochs=4, verbose=True, list_unreliable=[2, 18, 20], unreliable_fraction=0.5, unreliable_fracTrain=0.3, mean_unreliable=0.0, blur_method='add_noise', max_std_unreliable=30.0, list_uatk_add_noise=[24, 25, 26], mean_add_noise=0.0, std_add_noise=0.01, list_uatk_flip_sign=[0, 10, 11])
2024-12-01 19:36:46,300 INFO _main.py 44:: #####################
2024-12-01 19:36:46,300 INFO _main.py 45:: #####################
2024-12-01 19:36:46,300 INFO _main.py 46:: #####################
2024-12-01 19:36:46,301 INFO _main.py 47:: Aggregation Rule:	mudhog
2024-12-01 19:36:46,301 INFO _main.py 48:: Data distribution:	dirichlet
2024-12-01 19:36:46,301 INFO _main.py 49:: Attacks:	None 
2024-12-01 19:36:46,302 INFO _main.py 50:: #####################
2024-12-01 19:36:46,302 INFO _main.py 51:: #####################
2024-12-01 19:36:46,302 INFO _main.py 52:: #####################
2024-12-01 19:36:47,881 INFO server.py 366:: SET DBSCAN eps=1.3, min_samples=10
2024-12-01 19:36:47,886 INFO _main.py 134:: [1-normal, 0-malicious] label =tensor([0., 1., 1., 1., 1., 1., 1., 1., 1., 1., 0., 0., 1., 1., 1., 1., 1., 1.,
        1., 1., 1., 1., 1., 1., 0., 0., 0., 1., 1., 1., 1., 1., 1., 1., 1., 1.,
        1., 1., 1., 1.])
2024-12-01 19:36:47,890 INFO malicious_clients.py 101:: init ATTACK OMNISCIENT Client 0
2024-12-01 19:36:47,895 INFO malicious_clients.py 18:: init UNRELIABLE Client 2
2024-12-01 19:36:47,928 INFO malicious_clients.py 101:: init ATTACK OMNISCIENT Client 10
2024-12-01 19:36:47,932 INFO malicious_clients.py 101:: init ATTACK OMNISCIENT Client 11
2024-12-01 19:36:47,957 INFO malicious_clients.py 18:: init UNRELIABLE Client 18
2024-12-01 19:36:47,964 INFO malicious_clients.py 18:: init UNRELIABLE Client 20
2024-12-01 19:36:47,983 INFO malicious_clients.py 73:: init ATTACK ADD NOISE TO GRAD Client 24
2024-12-01 19:36:47,989 INFO malicious_clients.py 73:: init ATTACK ADD NOISE TO GRAD Client 25
2024-12-01 19:36:47,995 INFO malicious_clients.py 73:: init ATTACK ADD NOISE TO GRAD Client 26
2024-12-01 19:36:48,046 INFO server.py 211:: [Server] Start testing
2024-12-01 19:36:48,066 INFO server.py 235:: [Server] Test set: Average loss: 1.3864, Accuracy: 50/200 (25.0%)

2024-12-01 19:36:48,068 INFO server.py 238:: [Sever] Confusion matrix:
 tensor([[50.,  0.,  0.,  0.],
        [50.,  0.,  0.,  0.],
        [50.,  0.,  0.,  0.],
        [50.,  0.,  0.,  0.]])
2024-12-01 19:36:48,077 INFO server.py 254:: [Server] Precision=[0.25  nan  nan  nan],
 Recall=[1. 0. 0. 0.],
 F1-score=[0.4 nan nan nan],
 my_accuracy=25.0[%]
2024-12-01 19:36:48,080 INFO _main.py 208:: ########EPOCH 0 ########
2024-12-01 19:36:48,080 INFO _main.py 209:: ###Model distribution###
2024-12-01 19:36:48,540 INFO server.py 1062:: clients' sizes=[1, 2, 1, 0, 0, 0, 2, 2, 0, 1, 0, 1, 2, 2, 2, 2, 1, 1, 2, 0, 1, 1, 1, 1, 1, 0, 1, 1, 1, 1, 2, 0, 2, 0, 1, 2, 1, 0, 2, 0], total=41
2024-12-01 19:36:48,554 INFO server.py 327:: [Server] The aggregation takes 0.037683 seconds.

2024-12-01 19:36:48,555 INFO server.py 211:: [Server] Start testing
2024-12-01 19:36:48,577 INFO server.py 235:: [Server] Test set: Average loss: 1.3838, Accuracy: 50/200 (25.0%)

2024-12-01 19:36:48,579 INFO server.py 238:: [Sever] Confusion matrix:
 tensor([[50.,  0.,  0.,  0.],
        [50.,  0.,  0.,  0.],
        [50.,  0.,  0.,  0.],
        [50.,  0.,  0.,  0.]])
2024-12-01 19:36:48,581 INFO server.py 254:: [Server] Precision=[0.25  nan  nan  nan],
 Recall=[1. 0. 0. 0.],
 F1-score=[0.4 nan nan nan],
 my_accuracy=25.0[%]
2024-12-01 19:36:48,581 INFO _main.py 208:: ########EPOCH 1 ########
2024-12-01 19:36:48,582 INFO _main.py 209:: ###Model distribution###
2024-12-01 19:36:49,029 INFO server.py 1062:: clients' sizes=[1, 2, 1, 0, 0, 0, 2, 2, 0, 1, 0, 1, 2, 2, 2, 2, 1, 1, 2, 0, 1, 1, 1, 1, 1, 0, 1, 1, 1, 1, 2, 0, 2, 0, 1, 2, 1, 0, 2, 0], total=41
2024-12-01 19:36:49,045 INFO server.py 327:: [Server] The aggregation takes 0.033096 seconds.

2024-12-01 19:36:49,046 INFO server.py 211:: [Server] Start testing
2024-12-01 19:36:49,060 INFO server.py 235:: [Server] Test set: Average loss: 1.3781, Accuracy: 50/200 (25.0%)

2024-12-01 19:36:49,062 INFO server.py 238:: [Sever] Confusion matrix:
 tensor([[50.,  0.,  0.,  0.],
        [50.,  0.,  0.,  0.],
        [50.,  0.,  0.,  0.],
        [50.,  0.,  0.,  0.]])
2024-12-01 19:36:49,063 INFO server.py 254:: [Server] Precision=[0.25  nan  nan  nan],
 Recall=[1. 0. 0. 0.],
 F1-score=[0.4 nan nan nan],
 my_accuracy=25.0[%]
2024-12-01 19:36:49,064 INFO _main.py 208:: ########EPOCH 2 ########
2024-12-01 19:36:49,064 INFO _main.py 209:: ###Model distribution###
2024-12-01 19:36:49,522 INFO server.py 1062:: clients' sizes=[1, 2, 1, 0, 0, 0, 2, 2, 0, 1, 0, 1, 2, 2, 2, 2, 1, 1, 2, 0, 1, 1, 1, 1, 1, 0, 1, 1, 1, 1, 2, 0, 2, 0, 1, 2, 1, 0, 2, 0], total=41
2024-12-01 19:36:49,532 INFO server.py 327:: [Server] The aggregation takes 0.027002 seconds.

2024-12-01 19:36:49,533 INFO server.py 211:: [Server] Start testing
2024-12-01 19:36:49,547 INFO server.py 235:: [Server] Test set: Average loss: 1.3712, Accuracy: 50/200 (25.0%)

2024-12-01 19:36:49,549 INFO server.py 238:: [Sever] Confusion matrix:
 tensor([[50.,  0.,  0.,  0.],
        [50.,  0.,  0.,  0.],
        [50.,  0.,  0.,  0.],
        [50.,  0.,  0.,  0.]])
2024-12-01 19:36:49,550 INFO server.py 254:: [Server] Precision=[0.25  nan  nan  nan],
 Recall=[1. 0. 0. 0.],
 F1-score=[0.4 nan nan nan],
 my_accuracy=25.0[%]
2024-12-01 19:36:49,551 INFO _main.py 208:: ########EPOCH 3 ########
2024-12-01 19:36:49,551 INFO _main.py 209:: ###Model distribution###
2024-12-01 19:36:50,094 INFO server.py 568:: flip_sign_id=set()
2024-12-01 19:36:50,095 INFO server.py 583:: ===========using shortHoGs for detecting UNTARGETED ATTACK====
2024-12-01 19:36:50,183 INFO server.py 609:: labels cluster_sh= [0 0 0 0 0 0 0 0 0 0 0 0 0 0 0 0 0 0 0 0 0 0 0 0 0 0 0 0 0 0 0 0 0 0 0 0 0
 0 0 0]
2024-12-01 19:36:50,193 DEBUG server.py 614:: offset_normal_ids=[ 0  1  2  3  4  5  6  7  8  9 10 11 12 13 14 15 16 17 18 19 20 21 22 23
 24 25 26 27 28 29 30 31 32 33 34 35 36 37 38 39], normal_ids=[ 0  1  2  3  4  5  6  7  8  9 10 11 12 13 14 15 16 17 18 19 20 21 22 23
 24 25 26 27 28 29 30 31 32 33 34 35 36 37 38 39]
2024-12-01 19:36:50,193 INFO server.py 619:: SUSPECTED UNTARGETED []
2024-12-01 19:36:50,194 DEBUG server.py 623:: suspicious_ids=[]
2024-12-01 19:36:50,194 DEBUG server.py 632:: d_normal_sus={}, d_separate=0
2024-12-01 19:36:50,194 INFO server.py 639:: This round UNTARGETED=set(), sus_tAtk_uRel_id0=set()
2024-12-01 19:36:50,194 INFO server.py 657:: =======Using LONG HOGs for detecting TARGETED ATTACK========
2024-12-01 19:36:50,222 INFO server.py 143:: This round TARGETED ATTACK: [ 0  1 32  6 38 11 12 15 23 28 29 30]
2024-12-01 19:36:50,223 DEBUG server.py 502:: mal_ids=set(), pre_mal_id=defaultdict(<class 'int'>, {0: 1, 1: 1, 2: 0, 3: 0, 4: 0, 5: 0, 6: 1, 7: 0, 8: 0, 9: 0, 10: 0, 11: 1, 12: 1, 13: 0, 14: 0, 15: 1, 16: 0, 17: 0, 18: 0, 19: 0, 20: 0, 21: 0, 22: 0, 23: 1, 24: 0, 25: 0, 26: 0, 27: 0, 28: 1, 29: 1, 30: 1, 31: 0, 32: 1, 33: 0, 34: 0, 35: 0, 36: 0, 37: 0, 38: 1, 39: 0})
2024-12-01 19:36:50,224 INFO server.py 504:: FLIP-SIGN ATTACK=set()
2024-12-01 19:36:50,224 INFO server.py 505:: UNTARGETED ATTACK=set()
2024-12-01 19:36:50,224 INFO server.py 506:: TARGETED ATTACK=set()
2024-12-01 19:36:50,224 INFO server.py 662:: OVERTIME MALICIOUS client ids =set()
2024-12-01 19:36:50,239 INFO server.py 708:: This round UNRELIABLE=set(), normal_id={0, 1, 2, 3, 4, 5, 6, 7, 8, 9, 10, 11, 12, 13, 14, 15, 16, 17, 18, 19, 20, 21, 22, 23, 24, 25, 26, 27, 28, 29, 30, 31, 32, 33, 34, 35, 36, 37, 38, 39}
2024-12-01 19:36:50,241 DEBUG server.py 710:: anlge_sHoGs={0: nan, 1: nan, 2: nan, 3: nan, 4: nan, 5: nan, 6: nan, 7: nan, 8: nan, 9: nan, 10: nan, 11: nan, 12: nan, 13: nan, 14: nan, 15: nan, 16: nan, 17: nan, 18: nan, 19: nan, 20: nan, 21: nan, 22: nan, 23: nan, 24: nan, 25: nan, 26: nan, 27: nan, 28: nan, 29: nan, 30: nan, 31: nan, 32: nan, 33: nan, 34: nan, 35: nan, 36: nan, 37: nan, 38: nan, 39: nan}, angle_sep_nsH=0
2024-12-01 19:36:50,242 INFO server.py 722:: UNRELIABLE clients =set()
2024-12-01 19:36:50,244 INFO server.py 1062:: clients' sizes=[1, 0, 0, 0, 2, 0, 1, 0, 2, 2, 1, 1, 2, 0, 1, 1, 1, 1, 0, 1, 1, 0, 0, 1, 2, 1, 0, 0], total=22
2024-12-01 19:36:50,262 INFO server.py 327:: [Server] The aggregation takes 0.251509 seconds.

2024-12-01 19:36:50,263 INFO server.py 211:: [Server] Start testing
2024-12-01 19:36:50,284 INFO server.py 235:: [Server] Test set: Average loss: 1.3671, Accuracy: 53/200 (26.5%)

2024-12-01 19:36:50,286 INFO server.py 238:: [Sever] Confusion matrix:
 tensor([[50.,  0.,  0.,  0.],
        [50.,  0.,  0.,  0.],
        [50.,  0.,  0.,  0.],
        [47.,  0.,  0.,  3.]])
2024-12-01 19:36:50,287 INFO server.py 254:: [Server] Precision=[0.2538071       nan       nan 1.       ],
 Recall=[1.   0.   0.   0.06],
 F1-score=[0.4048583         nan        nan 0.11320755],
 my_accuracy=26.499998569488525[%]
2024-12-01 19:36:50,288 INFO _main.py 208:: ########EPOCH 4 ########
2024-12-01 19:36:50,289 INFO _main.py 209:: ###Model distribution###
2024-12-01 19:36:51,026 INFO server.py 568:: flip_sign_id=set()
2024-12-01 19:36:51,027 INFO server.py 583:: ===========using shortHoGs for detecting UNTARGETED ATTACK====
2024-12-01 19:36:51,089 INFO server.py 609:: labels cluster_sh= [0 0 0 0 0 0 0 0 0 0 0 0 0 0 0 0 0 0 0 0 0 0 0 0 0 0 0 0 0 0 0 0 0 0 0 0 0
 0 0 0]
2024-12-01 19:36:51,111 DEBUG server.py 614:: offset_normal_ids=[ 0  1  2  3  4  5  6  7  8  9 10 11 12 13 14 15 16 17 18 19 20 21 22 23
 24 25 26 27 28 29 30 31 32 33 34 35 36 37 38 39], normal_ids=[ 0  1  2  3  4  5  6  7  8  9 10 11 12 13 14 15 16 17 18 19 20 21 22 23
 24 25 26 27 28 29 30 31 32 33 34 35 36 37 38 39]
2024-12-01 19:36:51,112 INFO server.py 619:: SUSPECTED UNTARGETED []
2024-12-01 19:36:51,113 DEBUG server.py 623:: suspicious_ids=[]
2024-12-01 19:36:51,116 DEBUG server.py 632:: d_normal_sus={}, d_separate=0
2024-12-01 19:36:51,117 INFO server.py 639:: This round UNTARGETED=set(), sus_tAtk_uRel_id0=set()
2024-12-01 19:36:51,117 INFO server.py 657:: =======Using LONG HOGs for detecting TARGETED ATTACK========
2024-12-01 19:36:51,174 INFO server.py 143:: This round TARGETED ATTACK: [ 0  1 32  6 38 11 12 13 15 16 23 28 29 30]
2024-12-01 19:36:51,183 DEBUG server.py 502:: mal_ids=set(), pre_mal_id=defaultdict(<class 'int'>, {0: 2, 1: 2, 2: 0, 3: 0, 4: 0, 5: 0, 6: 2, 7: 0, 8: 0, 9: 0, 10: 0, 11: 2, 12: 2, 13: 1, 14: 0, 15: 2, 16: 1, 17: 0, 18: 0, 19: 0, 20: 0, 21: 0, 22: 0, 23: 2, 24: 0, 25: 0, 26: 0, 27: 0, 28: 2, 29: 2, 30: 2, 31: 0, 32: 2, 33: 0, 34: 0, 35: 0, 36: 0, 37: 0, 38: 2, 39: 0})
2024-12-01 19:36:51,185 INFO server.py 504:: FLIP-SIGN ATTACK=set()
2024-12-01 19:36:51,187 INFO server.py 505:: UNTARGETED ATTACK=set()
2024-12-01 19:36:51,202 INFO server.py 506:: TARGETED ATTACK=set()
2024-12-01 19:36:51,204 INFO server.py 662:: OVERTIME MALICIOUS client ids =set()
2024-12-01 19:36:51,222 INFO server.py 708:: This round UNRELIABLE=set(), normal_id={0, 1, 2, 3, 4, 5, 6, 7, 8, 9, 10, 11, 12, 13, 14, 15, 16, 17, 18, 19, 20, 21, 22, 23, 24, 25, 26, 27, 28, 29, 30, 31, 32, 33, 34, 35, 36, 37, 38, 39}
2024-12-01 19:36:51,223 DEBUG server.py 710:: anlge_sHoGs={0: nan, 1: nan, 2: nan, 3: nan, 4: nan, 5: nan, 6: nan, 7: nan, 8: nan, 9: nan, 10: nan, 11: nan, 12: nan, 13: nan, 14: nan, 15: nan, 16: nan, 17: nan, 18: nan, 19: nan, 20: nan, 21: nan, 22: nan, 23: nan, 24: nan, 25: nan, 26: nan, 27: nan, 28: nan, 29: nan, 30: nan, 31: nan, 32: nan, 33: nan, 34: nan, 35: nan, 36: nan, 37: nan, 38: nan, 39: nan}, angle_sep_nsH=0
2024-12-01 19:36:51,224 INFO server.py 722:: UNRELIABLE clients =set()
2024-12-01 19:36:51,227 INFO server.py 1062:: clients' sizes=[1, 0, 0, 0, 2, 0, 1, 0, 2, 1, 2, 0, 1, 1, 1, 1, 0, 1, 1, 0, 0, 1, 2, 1, 0, 0], total=19
2024-12-01 19:36:51,257 INFO server.py 327:: [Server] The aggregation takes 0.355035 seconds.

2024-12-01 19:36:51,271 INFO server.py 211:: [Server] Start testing
2024-12-01 19:36:51,301 INFO server.py 235:: [Server] Test set: Average loss: 1.3639, Accuracy: 54/200 (27.0%)

2024-12-01 19:36:51,302 INFO server.py 238:: [Sever] Confusion matrix:
 tensor([[50.,  0.,  0.,  0.],
        [50.,  0.,  0.,  0.],
        [50.,  0.,  0.,  0.],
        [46.,  0.,  0.,  4.]])
2024-12-01 19:36:51,304 INFO server.py 254:: [Server] Precision=[0.25510204        nan        nan 1.        ],
 Recall=[1.   0.   0.   0.08],
 F1-score=[0.40650406        nan        nan 0.14814813],
 my_accuracy=27.000001072883606[%]
2024-12-01 19:36:51,305 INFO _main.py 208:: ########EPOCH 5 ########
2024-12-01 19:36:51,305 INFO _main.py 209:: ###Model distribution###
2024-12-01 19:36:52,123 INFO server.py 568:: flip_sign_id=set()
2024-12-01 19:36:52,123 INFO server.py 583:: ===========using shortHoGs for detecting UNTARGETED ATTACK====
2024-12-01 19:36:52,328 INFO server.py 609:: labels cluster_sh= [0 0 0 0 0 0 0 0 0 0 0 0 0 0 0 0 0 0 0 0 0 0 0 0 0 0 0 0 0 0 0 0 0 0 0 0 0
 0 0 0]
2024-12-01 19:36:52,336 DEBUG server.py 614:: offset_normal_ids=[ 0  1  2  3  4  5  6  7  8  9 10 11 12 13 14 15 16 17 18 19 20 21 22 23
 24 25 26 27 28 29 30 31 32 33 34 35 36 37 38 39], normal_ids=[ 0  1  2  3  4  5  6  7  8  9 10 11 12 13 14 15 16 17 18 19 20 21 22 23
 24 25 26 27 28 29 30 31 32 33 34 35 36 37 38 39]
2024-12-01 19:36:52,337 INFO server.py 619:: SUSPECTED UNTARGETED []
2024-12-01 19:36:52,338 DEBUG server.py 623:: suspicious_ids=[]
2024-12-01 19:36:52,338 DEBUG server.py 632:: d_normal_sus={}, d_separate=0
2024-12-01 19:36:52,338 INFO server.py 639:: This round UNTARGETED=set(), sus_tAtk_uRel_id0=set()
2024-12-01 19:36:52,338 INFO server.py 657:: =======Using LONG HOGs for detecting TARGETED ATTACK========
2024-12-01 19:36:52,372 INFO server.py 143:: This round TARGETED ATTACK: [ 0  1 32  6 38 11 12 13 15 16 23 28 29 30]
2024-12-01 19:36:52,375 DEBUG server.py 502:: mal_ids=set(), pre_mal_id=defaultdict(<class 'int'>, {0: 3, 1: 3, 2: 0, 3: 0, 4: 0, 5: 0, 6: 3, 7: 0, 8: 0, 9: 0, 10: 0, 11: 3, 12: 3, 13: 2, 14: 0, 15: 3, 16: 2, 17: 0, 18: 0, 19: 0, 20: 0, 21: 0, 22: 0, 23: 3, 24: 0, 25: 0, 26: 0, 27: 0, 28: 3, 29: 3, 30: 3, 31: 0, 32: 3, 33: 0, 34: 0, 35: 0, 36: 0, 37: 0, 38: 3, 39: 0})
2024-12-01 19:36:52,375 INFO server.py 504:: FLIP-SIGN ATTACK=set()
2024-12-01 19:36:52,376 INFO server.py 505:: UNTARGETED ATTACK=set()
2024-12-01 19:36:52,376 INFO server.py 506:: TARGETED ATTACK=set()
2024-12-01 19:36:52,376 INFO server.py 662:: OVERTIME MALICIOUS client ids =set()
2024-12-01 19:36:52,395 INFO server.py 708:: This round UNRELIABLE=set(), normal_id={0, 1, 2, 3, 4, 5, 6, 7, 8, 9, 10, 11, 12, 13, 14, 15, 16, 17, 18, 19, 20, 21, 22, 23, 24, 25, 26, 27, 28, 29, 30, 31, 32, 33, 34, 35, 36, 37, 38, 39}
2024-12-01 19:36:52,395 DEBUG server.py 710:: anlge_sHoGs={0: nan, 1: nan, 2: nan, 3: nan, 4: nan, 5: nan, 6: nan, 7: nan, 8: nan, 9: nan, 10: nan, 11: nan, 12: nan, 13: nan, 14: nan, 15: nan, 16: nan, 17: nan, 18: nan, 19: nan, 20: nan, 21: nan, 22: nan, 23: nan, 24: nan, 25: nan, 26: nan, 27: nan, 28: nan, 29: nan, 30: nan, 31: nan, 32: nan, 33: nan, 34: nan, 35: nan, 36: nan, 37: nan, 38: nan, 39: nan}, angle_sep_nsH=0
2024-12-01 19:36:52,396 INFO server.py 722:: UNRELIABLE clients =set()
2024-12-01 19:36:52,400 INFO server.py 1062:: clients' sizes=[1, 0, 0, 0, 2, 0, 1, 0, 2, 1, 2, 0, 1, 1, 1, 1, 0, 1, 1, 0, 0, 1, 2, 1, 0, 0], total=19
2024-12-01 19:36:52,428 INFO server.py 327:: [Server] The aggregation takes 0.429853 seconds.

2024-12-01 19:36:52,436 INFO server.py 211:: [Server] Start testing
2024-12-01 19:36:52,469 INFO server.py 235:: [Server] Test set: Average loss: 1.3605, Accuracy: 54/200 (27.0%)

2024-12-01 19:36:52,471 INFO server.py 238:: [Sever] Confusion matrix:
 tensor([[50.,  0.,  0.,  0.],
        [50.,  0.,  0.,  0.],
        [50.,  0.,  0.,  0.],
        [46.,  0.,  0.,  4.]])
2024-12-01 19:36:52,475 INFO server.py 254:: [Server] Precision=[0.25510204        nan        nan 1.        ],
 Recall=[1.   0.   0.   0.08],
 F1-score=[0.40650406        nan        nan 0.14814813],
 my_accuracy=27.000001072883606[%]
2024-12-01 19:36:52,476 INFO _main.py 208:: ########EPOCH 6 ########
2024-12-01 19:36:52,480 INFO _main.py 209:: ###Model distribution###
2024-12-01 19:36:53,266 INFO server.py 568:: flip_sign_id=set()
2024-12-01 19:36:53,267 INFO server.py 583:: ===========using shortHoGs for detecting UNTARGETED ATTACK====
2024-12-01 19:36:53,447 INFO server.py 609:: labels cluster_sh= [0 0 0 0 0 0 0 0 0 0 0 0 0 0 0 0 0 0 0 0 0 0 0 0 0 0 0 0 0 0 0 0 0 0 0 0 0
 0 0 0]
2024-12-01 19:36:53,459 DEBUG server.py 614:: offset_normal_ids=[ 0  1  2  3  4  5  6  7  8  9 10 11 12 13 14 15 16 17 18 19 20 21 22 23
 24 25 26 27 28 29 30 31 32 33 34 35 36 37 38 39], normal_ids=[ 0  1  2  3  4  5  6  7  8  9 10 11 12 13 14 15 16 17 18 19 20 21 22 23
 24 25 26 27 28 29 30 31 32 33 34 35 36 37 38 39]
2024-12-01 19:36:53,466 INFO server.py 619:: SUSPECTED UNTARGETED []
2024-12-01 19:36:53,467 DEBUG server.py 623:: suspicious_ids=[]
2024-12-01 19:36:53,467 DEBUG server.py 632:: d_normal_sus={}, d_separate=0
2024-12-01 19:36:53,467 INFO server.py 639:: This round UNTARGETED=set(), sus_tAtk_uRel_id0=set()
2024-12-01 19:36:53,467 INFO server.py 657:: =======Using LONG HOGs for detecting TARGETED ATTACK========
2024-12-01 19:36:53,497 INFO server.py 143:: This round TARGETED ATTACK: [ 0  1 32  6 38 11 12 13 15 16 23 28 29 30]
2024-12-01 19:36:53,505 DEBUG server.py 502:: mal_ids={0, 1, 32, 6, 38, 11, 12, 15, 23, 28, 29, 30}, pre_mal_id=defaultdict(<class 'int'>, {0: 4, 1: 4, 2: 0, 3: 0, 4: 0, 5: 0, 6: 4, 7: 0, 8: 0, 9: 0, 10: 0, 11: 4, 12: 4, 13: 3, 14: 0, 15: 4, 16: 3, 17: 0, 18: 0, 19: 0, 20: 0, 21: 0, 22: 0, 23: 4, 24: 0, 25: 0, 26: 0, 27: 0, 28: 4, 29: 4, 30: 4, 31: 0, 32: 4, 33: 0, 34: 0, 35: 0, 36: 0, 37: 0, 38: 4, 39: 0})
2024-12-01 19:36:53,506 INFO server.py 504:: FLIP-SIGN ATTACK=set()
2024-12-01 19:36:53,506 INFO server.py 505:: UNTARGETED ATTACK=set()
2024-12-01 19:36:53,506 INFO server.py 506:: TARGETED ATTACK={0, 1, 32, 6, 38, 11, 12, 15, 23, 28, 29, 30}
2024-12-01 19:36:53,506 INFO server.py 662:: OVERTIME MALICIOUS client ids ={0, 1, 32, 6, 38, 11, 12, 15, 23, 28, 29, 30}
2024-12-01 19:36:53,520 INFO server.py 708:: This round UNRELIABLE=set(), normal_id={2, 3, 4, 5, 7, 8, 9, 10, 13, 14, 16, 17, 18, 19, 20, 21, 22, 24, 25, 26, 27, 31, 33, 34, 35, 36, 37, 39}
2024-12-01 19:36:53,520 DEBUG server.py 710:: anlge_sHoGs={2: nan, 3: nan, 4: nan, 5: nan, 7: nan, 8: nan, 9: nan, 10: nan, 13: nan, 14: nan, 16: nan, 17: nan, 18: nan, 19: nan, 20: nan, 21: nan, 22: nan, 24: nan, 25: nan, 26: nan, 27: nan, 31: nan, 33: nan, 34: nan, 35: nan, 36: nan, 37: nan, 39: nan}, angle_sep_nsH=0
2024-12-01 19:36:53,520 INFO server.py 722:: UNRELIABLE clients =set()
2024-12-01 19:36:53,522 INFO server.py 1062:: clients' sizes=[1, 0, 0, 0, 2, 0, 1, 0, 2, 1, 2, 0, 1, 1, 1, 1, 0, 1, 1, 0, 0, 1, 2, 1, 0, 0], total=19
2024-12-01 19:36:53,560 INFO server.py 327:: [Server] The aggregation takes 0.412104 seconds.

2024-12-01 19:36:53,570 INFO server.py 211:: [Server] Start testing
2024-12-01 19:36:53,620 INFO server.py 235:: [Server] Test set: Average loss: 1.3570, Accuracy: 54/200 (27.0%)

2024-12-01 19:36:53,621 INFO server.py 238:: [Sever] Confusion matrix:
 tensor([[50.,  0.,  0.,  0.],
        [50.,  0.,  0.,  0.],
        [50.,  0.,  0.,  0.],
        [46.,  0.,  0.,  4.]])
2024-12-01 19:36:53,623 INFO server.py 254:: [Server] Precision=[0.25510204        nan        nan 1.        ],
 Recall=[1.   0.   0.   0.08],
 F1-score=[0.40650406        nan        nan 0.14814813],
 my_accuracy=27.000001072883606[%]
2024-12-01 19:36:53,623 INFO _main.py 208:: ########EPOCH 7 ########
2024-12-01 19:36:53,624 INFO _main.py 209:: ###Model distribution###
2024-12-01 19:36:54,358 INFO server.py 568:: flip_sign_id=set()
2024-12-01 19:36:54,358 INFO server.py 583:: ===========using shortHoGs for detecting UNTARGETED ATTACK====
2024-12-01 19:36:54,436 INFO server.py 609:: labels cluster_sh= [0 0 0 0 0 0 0 0 0 0 0 0 0 0 0 0 0 0 0 0 0 0 0 0 0 0 0 0 0 0 0 0 0 0 0 0 0
 0 0 0]
2024-12-01 19:36:54,454 DEBUG server.py 614:: offset_normal_ids=[ 0  1  2  3  4  5  6  7  8  9 10 11 12 13 14 15 16 17 18 19 20 21 22 23
 24 25 26 27 28 29 30 31 32 33 34 35 36 37 38 39], normal_ids=[ 0  1  2  3  4  5  6  7  8  9 10 11 12 13 14 15 16 17 18 19 20 21 22 23
 24 25 26 27 28 29 30 31 32 33 34 35 36 37 38 39]
2024-12-01 19:36:54,455 INFO server.py 619:: SUSPECTED UNTARGETED []
2024-12-01 19:36:54,455 DEBUG server.py 623:: suspicious_ids=[]
2024-12-01 19:36:54,455 DEBUG server.py 632:: d_normal_sus={}, d_separate=0
2024-12-01 19:36:54,456 INFO server.py 639:: This round UNTARGETED=set(), sus_tAtk_uRel_id0=set()
2024-12-01 19:36:54,456 INFO server.py 657:: =======Using LONG HOGs for detecting TARGETED ATTACK========
2024-12-01 19:36:54,489 INFO server.py 143:: This round TARGETED ATTACK: [ 0  1 32  6 38 11 12 13 15 16 23 28 29 30]
2024-12-01 19:36:54,490 DEBUG server.py 502:: mal_ids={0, 1, 32, 6, 38, 11, 12, 13, 15, 16, 23, 28, 29, 30}, pre_mal_id=defaultdict(<class 'int'>, {0: 5, 1: 5, 2: 0, 3: 0, 4: 0, 5: 0, 6: 5, 7: 0, 8: 0, 9: 0, 10: 0, 11: 5, 12: 5, 13: 4, 14: 0, 15: 5, 16: 4, 17: 0, 18: 0, 19: 0, 20: 0, 21: 0, 22: 0, 23: 5, 24: 0, 25: 0, 26: 0, 27: 0, 28: 5, 29: 5, 30: 5, 31: 0, 32: 5, 33: 0, 34: 0, 35: 0, 36: 0, 37: 0, 38: 5, 39: 0})
2024-12-01 19:36:54,491 INFO server.py 504:: FLIP-SIGN ATTACK=set()
2024-12-01 19:36:54,491 INFO server.py 505:: UNTARGETED ATTACK=set()
2024-12-01 19:36:54,491 INFO server.py 506:: TARGETED ATTACK={0, 1, 32, 6, 38, 11, 12, 13, 15, 16, 23, 28, 29, 30}
2024-12-01 19:36:54,492 INFO server.py 662:: OVERTIME MALICIOUS client ids ={0, 1, 32, 6, 38, 11, 12, 13, 15, 16, 23, 28, 29, 30}
2024-12-01 19:36:54,502 INFO server.py 708:: This round UNRELIABLE=set(), normal_id={2, 3, 4, 5, 7, 8, 9, 10, 14, 17, 18, 19, 20, 21, 22, 24, 25, 26, 27, 31, 33, 34, 35, 36, 37, 39}
2024-12-01 19:36:54,504 DEBUG server.py 710:: anlge_sHoGs={2: nan, 3: nan, 4: nan, 5: nan, 7: nan, 8: nan, 9: nan, 10: nan, 14: nan, 17: nan, 18: nan, 19: nan, 20: nan, 21: nan, 22: nan, 24: nan, 25: nan, 26: nan, 27: nan, 31: nan, 33: nan, 34: nan, 35: nan, 36: nan, 37: nan, 39: nan}, angle_sep_nsH=0
2024-12-01 19:36:54,504 INFO server.py 722:: UNRELIABLE clients =set()
2024-12-01 19:36:54,506 INFO server.py 1062:: clients' sizes=[1, 0, 0, 0, 2, 0, 1, 0, 2, 1, 2, 0, 1, 1, 1, 1, 0, 1, 1, 0, 0, 1, 2, 1, 0, 0], total=19
2024-12-01 19:36:54,534 INFO server.py 327:: [Server] The aggregation takes 0.294678 seconds.

2024-12-01 19:36:54,542 INFO server.py 211:: [Server] Start testing
2024-12-01 19:36:54,580 INFO server.py 235:: [Server] Test set: Average loss: 1.3528, Accuracy: 57/200 (28.5%)

2024-12-01 19:36:54,585 INFO server.py 238:: [Sever] Confusion matrix:
 tensor([[50.,  0.,  0.,  0.],
        [50.,  0.,  0.,  0.],
        [50.,  0.,  0.,  0.],
        [43.,  0.,  0.,  7.]])
2024-12-01 19:36:54,589 INFO server.py 254:: [Server] Precision=[0.25906736        nan        nan 1.        ],
 Recall=[1.   0.   0.   0.14],
 F1-score=[0.41152266        nan        nan 0.24561404],
 my_accuracy=28.49999964237213[%]
2024-12-01 19:36:54,591 INFO _main.py 208:: ########EPOCH 8 ########
2024-12-01 19:36:54,592 INFO _main.py 209:: ###Model distribution###
2024-12-01 19:36:55,421 INFO server.py 568:: flip_sign_id=set()
2024-12-01 19:36:55,422 INFO server.py 583:: ===========using shortHoGs for detecting UNTARGETED ATTACK====
2024-12-01 19:36:55,477 INFO server.py 609:: labels cluster_sh= [0 0 0 0 0 0 0 0 0 0 0 0 0 0 0 0 0 0 0 0 0 0 0 0 0 0 0 0 0 0 0 0 0 0 0 0 0
 0 0 0]
2024-12-01 19:36:55,496 DEBUG server.py 614:: offset_normal_ids=[ 0  1  2  3  4  5  6  7  8  9 10 11 12 13 14 15 16 17 18 19 20 21 22 23
 24 25 26 27 28 29 30 31 32 33 34 35 36 37 38 39], normal_ids=[ 0  1  2  3  4  5  6  7  8  9 10 11 12 13 14 15 16 17 18 19 20 21 22 23
 24 25 26 27 28 29 30 31 32 33 34 35 36 37 38 39]
2024-12-01 19:36:55,497 INFO server.py 619:: SUSPECTED UNTARGETED []
2024-12-01 19:36:55,497 DEBUG server.py 623:: suspicious_ids=[]
2024-12-01 19:36:55,498 DEBUG server.py 632:: d_normal_sus={}, d_separate=0
2024-12-01 19:36:55,498 INFO server.py 639:: This round UNTARGETED=set(), sus_tAtk_uRel_id0=set()
2024-12-01 19:36:55,498 INFO server.py 657:: =======Using LONG HOGs for detecting TARGETED ATTACK========
2024-12-01 19:36:55,550 INFO server.py 143:: This round TARGETED ATTACK: [ 0  1 32  6 38 11 12 13 15 16 23 28 29 30]
2024-12-01 19:36:55,552 DEBUG server.py 502:: mal_ids={0, 1, 32, 6, 38, 11, 12, 13, 15, 16, 23, 28, 29, 30}, pre_mal_id=defaultdict(<class 'int'>, {0: 6, 1: 6, 2: 0, 3: 0, 4: 0, 5: 0, 6: 6, 7: 0, 8: 0, 9: 0, 10: 0, 11: 6, 12: 6, 13: 5, 14: 0, 15: 6, 16: 5, 17: 0, 18: 0, 19: 0, 20: 0, 21: 0, 22: 0, 23: 6, 24: 0, 25: 0, 26: 0, 27: 0, 28: 6, 29: 6, 30: 6, 31: 0, 32: 6, 33: 0, 34: 0, 35: 0, 36: 0, 37: 0, 38: 6, 39: 0})
2024-12-01 19:36:55,553 INFO server.py 504:: FLIP-SIGN ATTACK=set()
2024-12-01 19:36:55,553 INFO server.py 505:: UNTARGETED ATTACK=set()
2024-12-01 19:36:55,553 INFO server.py 506:: TARGETED ATTACK={0, 1, 32, 6, 38, 11, 12, 13, 15, 16, 23, 28, 29, 30}
2024-12-01 19:36:55,556 INFO server.py 662:: OVERTIME MALICIOUS client ids ={0, 1, 32, 6, 38, 11, 12, 13, 15, 16, 23, 28, 29, 30}
2024-12-01 19:36:55,572 INFO server.py 708:: This round UNRELIABLE=set(), normal_id={2, 3, 4, 5, 7, 8, 9, 10, 14, 17, 18, 19, 20, 21, 22, 24, 25, 26, 27, 31, 33, 34, 35, 36, 37, 39}
2024-12-01 19:36:55,574 DEBUG server.py 710:: anlge_sHoGs={2: nan, 3: nan, 4: nan, 5: nan, 7: nan, 8: nan, 9: nan, 10: nan, 14: nan, 17: nan, 18: nan, 19: nan, 20: nan, 21: nan, 22: nan, 24: nan, 25: nan, 26: nan, 27: nan, 31: nan, 33: nan, 34: nan, 35: nan, 36: nan, 37: nan, 39: nan}, angle_sep_nsH=0
2024-12-01 19:36:55,574 INFO server.py 722:: UNRELIABLE clients =set()
2024-12-01 19:36:55,576 INFO server.py 1062:: clients' sizes=[1, 0, 0, 0, 2, 0, 1, 0, 2, 1, 2, 0, 1, 1, 1, 1, 0, 1, 1, 0, 0, 1, 2, 1, 0, 0], total=19
2024-12-01 19:36:55,599 INFO server.py 327:: [Server] The aggregation takes 0.295551 seconds.

2024-12-01 19:36:55,605 INFO server.py 211:: [Server] Start testing
2024-12-01 19:36:55,652 INFO server.py 235:: [Server] Test set: Average loss: 1.3484, Accuracy: 60/200 (30.0%)

2024-12-01 19:36:55,656 INFO server.py 238:: [Sever] Confusion matrix:
 tensor([[50.,  0.,  0.,  0.],
        [50.,  0.,  0.,  0.],
        [50.,  0.,  0.,  0.],
        [40.,  0.,  0., 10.]])
2024-12-01 19:36:55,658 INFO server.py 254:: [Server] Precision=[0.2631579       nan       nan 1.       ],
 Recall=[1.  0.  0.  0.2],
 F1-score=[0.4166667       nan       nan 0.3333333],
 my_accuracy=30.000001192092896[%]
2024-12-01 19:36:55,658 INFO _main.py 208:: ########EPOCH 9 ########
2024-12-01 19:36:55,659 INFO _main.py 209:: ###Model distribution###
2024-12-01 19:36:56,480 INFO server.py 568:: flip_sign_id=set()
2024-12-01 19:36:56,480 INFO server.py 583:: ===========using shortHoGs for detecting UNTARGETED ATTACK====
2024-12-01 19:36:56,837 INFO server.py 609:: labels cluster_sh= [0 0 0 0 0 0 0 0 0 0 0 0 0 0 0 0 0 0 0 0 0 0 0 0 0 0 0 0 0 0 0 0 0 0 0 0 0
 0 0 0]
2024-12-01 19:36:56,845 DEBUG server.py 614:: offset_normal_ids=[ 0  1  2  3  4  5  6  7  8  9 10 11 12 13 14 15 16 17 18 19 20 21 22 23
 24 25 26 27 28 29 30 31 32 33 34 35 36 37 38 39], normal_ids=[ 0  1  2  3  4  5  6  7  8  9 10 11 12 13 14 15 16 17 18 19 20 21 22 23
 24 25 26 27 28 29 30 31 32 33 34 35 36 37 38 39]
2024-12-01 19:36:56,846 INFO server.py 619:: SUSPECTED UNTARGETED []
2024-12-01 19:36:56,846 DEBUG server.py 623:: suspicious_ids=[]
2024-12-01 19:36:56,846 DEBUG server.py 632:: d_normal_sus={}, d_separate=0
2024-12-01 19:36:56,847 INFO server.py 639:: This round UNTARGETED=set(), sus_tAtk_uRel_id0=set()
2024-12-01 19:36:56,847 INFO server.py 657:: =======Using LONG HOGs for detecting TARGETED ATTACK========
2024-12-01 19:36:56,880 INFO server.py 143:: This round TARGETED ATTACK: [ 0  1 32  6 38 11 12 13 15 16 23 28 29 30]
2024-12-01 19:36:56,882 DEBUG server.py 502:: mal_ids={0, 1, 32, 6, 38, 11, 12, 13, 15, 16, 23, 28, 29, 30}, pre_mal_id=defaultdict(<class 'int'>, {0: 7, 1: 7, 2: 0, 3: 0, 4: 0, 5: 0, 6: 7, 7: 0, 8: 0, 9: 0, 10: 0, 11: 7, 12: 7, 13: 6, 14: 0, 15: 7, 16: 6, 17: 0, 18: 0, 19: 0, 20: 0, 21: 0, 22: 0, 23: 7, 24: 0, 25: 0, 26: 0, 27: 0, 28: 7, 29: 7, 30: 7, 31: 0, 32: 7, 33: 0, 34: 0, 35: 0, 36: 0, 37: 0, 38: 7, 39: 0})
2024-12-01 19:36:56,882 INFO server.py 504:: FLIP-SIGN ATTACK=set()
2024-12-01 19:36:56,883 INFO server.py 505:: UNTARGETED ATTACK=set()
2024-12-01 19:36:56,883 INFO server.py 506:: TARGETED ATTACK={0, 1, 32, 6, 38, 11, 12, 13, 15, 16, 23, 28, 29, 30}
2024-12-01 19:36:56,883 INFO server.py 662:: OVERTIME MALICIOUS client ids ={0, 1, 32, 6, 38, 11, 12, 13, 15, 16, 23, 28, 29, 30}
2024-12-01 19:36:56,893 INFO server.py 708:: This round UNRELIABLE=set(), normal_id={2, 3, 4, 5, 7, 8, 9, 10, 14, 17, 18, 19, 20, 21, 22, 24, 25, 26, 27, 31, 33, 34, 35, 36, 37, 39}
2024-12-01 19:36:56,895 DEBUG server.py 710:: anlge_sHoGs={2: nan, 3: nan, 4: nan, 5: nan, 7: nan, 8: nan, 9: nan, 10: nan, 14: nan, 17: nan, 18: nan, 19: nan, 20: nan, 21: nan, 22: nan, 24: nan, 25: nan, 26: nan, 27: nan, 31: nan, 33: nan, 34: nan, 35: nan, 36: nan, 37: nan, 39: nan}, angle_sep_nsH=0
2024-12-01 19:36:56,895 INFO server.py 722:: UNRELIABLE clients =set()
2024-12-01 19:36:56,897 INFO server.py 1062:: clients' sizes=[1, 0, 0, 0, 2, 0, 1, 0, 2, 1, 2, 0, 1, 1, 1, 1, 0, 1, 1, 0, 0, 1, 2, 1, 0, 0], total=19
2024-12-01 19:36:56,918 INFO server.py 327:: [Server] The aggregation takes 0.550987 seconds.

2024-12-01 19:36:56,921 INFO server.py 211:: [Server] Start testing
2024-12-01 19:36:56,953 INFO server.py 235:: [Server] Test set: Average loss: 1.3431, Accuracy: 63/200 (31.5%)

2024-12-01 19:36:56,955 INFO server.py 238:: [Sever] Confusion matrix:
 tensor([[50.,  0.,  0.,  0.],
        [50.,  0.,  0.,  0.],
        [50.,  0.,  0.,  0.],
        [37.,  0.,  0., 13.]])
2024-12-01 19:36:56,956 INFO server.py 254:: [Server] Precision=[0.26737967        nan        nan 1.        ],
 Recall=[1.   0.   0.   0.26],
 F1-score=[0.42194092        nan        nan 0.4126984 ],
 my_accuracy=31.49999976158142[%]
