2024-12-01 21:18:53,241 INFO _main.py 39:: ################################################################
2024-12-01 21:18:53,242 INFO _main.py 41:: #                              batch_size: 64                  #
2024-12-01 21:18:53,242 INFO _main.py 41:: #                         test_batch_size: 32                  #
2024-12-01 21:18:53,243 INFO _main.py 41:: #                                  epochs: 10                  #
2024-12-01 21:18:53,243 INFO _main.py 41:: #                               optimizer: SGD                 #
2024-12-01 21:18:53,243 INFO _main.py 41:: #                                      lr: 0.01                #
2024-12-01 21:18:53,243 INFO _main.py 41:: #                                momentum: 0.9                 #
2024-12-01 21:18:53,243 INFO _main.py 41:: #                            weight_decay: 0.0001              #
2024-12-01 21:18:53,243 INFO _main.py 41:: #                                    seed: 1                   #
2024-12-01 21:18:53,244 INFO _main.py 41:: #                            log_interval: 11                  #
2024-12-01 21:18:53,244 INFO _main.py 41:: #                             num_clients: 40                  #
2024-12-01 21:18:53,244 INFO _main.py 41:: #                           output_folder: experiments         #
2024-12-01 21:18:53,245 INFO _main.py 41:: #                                 dataset: rockburst           #
2024-12-01 21:18:53,245 INFO _main.py 41:: #                             loader_type: dirichlet           #
2024-12-01 21:18:53,245 INFO _main.py 41:: #                             loader_path: ./data/loader.pk    #
2024-12-01 21:18:53,245 INFO _main.py 41:: #                                      AR: mudhog              #
2024-12-01 21:18:53,245 INFO _main.py 41:: #                     n_attacker_backdoor: 0                   #
2024-12-01 21:18:53,246 INFO _main.py 41:: #                        backdoor_trigger: [0, 0, 1, 1]        #
2024-12-01 21:18:53,246 INFO _main.py 41:: #                   n_attacker_omniscient: 0                   #
2024-12-01 21:18:53,246 INFO _main.py 41:: #                        omniscient_scale: 1                   #
2024-12-01 21:18:53,246 INFO _main.py 41:: #                                 attacks: None                #
2024-12-01 21:18:53,246 INFO _main.py 41:: #                      save_model_weights: False               #
2024-12-01 21:18:53,246 INFO _main.py 41:: #                         experiment_name: sExp4Ba_40ep_rockburst_mudhog_40C_5#
2024-12-01 21:18:53,247 INFO _main.py 41:: #                          path_to_aggNet: None                #
2024-12-01 21:18:53,247 INFO _main.py 41:: #                                  device: cpu                 #
2024-12-01 21:18:53,247 INFO _main.py 41:: #                            inner_epochs: 4                   #
2024-12-01 21:18:53,248 INFO _main.py 41:: #                                 verbose: True                #
2024-12-01 21:18:53,248 INFO _main.py 41:: #                         list_unreliable: [2, 18, 20]         #
2024-12-01 21:18:53,248 INFO _main.py 41:: #                     unreliable_fraction: 0.5                 #
2024-12-01 21:18:53,248 INFO _main.py 41:: #                    unreliable_fracTrain: 0.3                 #
2024-12-01 21:18:53,248 INFO _main.py 41:: #                         mean_unreliable: 0.0                 #
2024-12-01 21:18:53,249 INFO _main.py 41:: #                             blur_method: add_noise           #
2024-12-01 21:18:53,249 INFO _main.py 41:: #                      max_std_unreliable: 30.0                #
2024-12-01 21:18:53,249 INFO _main.py 41:: #                     list_uatk_add_noise: [24, 25, 26]        #
2024-12-01 21:18:53,249 INFO _main.py 41:: #                          mean_add_noise: 0.0                 #
2024-12-01 21:18:53,249 INFO _main.py 41:: #                           std_add_noise: 0.01                #
2024-12-01 21:18:53,250 INFO _main.py 41:: #                     list_uatk_flip_sign: [0, 10, 11]         #
2024-12-01 21:18:53,250 INFO _main.py 42:: ################################################################
2024-12-01 21:18:53,250 INFO _main.py 43:: Namespace(batch_size=64, test_batch_size=32, epochs=10, optimizer='SGD', lr=0.01, momentum=0.9, weight_decay=0.0001, seed=1, log_interval=11, num_clients=40, output_folder='experiments', dataset='rockburst', loader_type='dirichlet', loader_path='./data/loader.pk', AR='mudhog', n_attacker_backdoor=0, backdoor_trigger=[0, 0, 1, 1], n_attacker_omniscient=0, omniscient_scale=1, attacks=None, save_model_weights=False, experiment_name='sExp4Ba_40ep_rockburst_mudhog_40C_5', path_to_aggNet=None, device='cpu', inner_epochs=4, verbose=True, list_unreliable=[2, 18, 20], unreliable_fraction=0.5, unreliable_fracTrain=0.3, mean_unreliable=0.0, blur_method='add_noise', max_std_unreliable=30.0, list_uatk_add_noise=[24, 25, 26], mean_add_noise=0.0, std_add_noise=0.01, list_uatk_flip_sign=[0, 10, 11])
2024-12-01 21:18:53,251 INFO _main.py 44:: #####################
2024-12-01 21:18:53,251 INFO _main.py 45:: #####################
2024-12-01 21:18:53,251 INFO _main.py 46:: #####################
2024-12-01 21:18:53,251 INFO _main.py 47:: Aggregation Rule:	mudhog
2024-12-01 21:18:53,251 INFO _main.py 48:: Data distribution:	dirichlet
2024-12-01 21:18:53,251 INFO _main.py 49:: Attacks:	None 
2024-12-01 21:18:53,252 INFO _main.py 50:: #####################
2024-12-01 21:18:53,252 INFO _main.py 51:: #####################
2024-12-01 21:18:53,252 INFO _main.py 52:: #####################
2024-12-01 21:18:54,851 INFO server.py 366:: SET DBSCAN eps=1.3, min_samples=10
2024-12-01 21:18:54,855 INFO _main.py 135:: [1-normal, 0-malicious] label =tensor([0., 1., 1., 1., 1., 1., 1., 1., 1., 1., 0., 0., 1., 1., 1., 1., 1., 1.,
        1., 1., 1., 1., 1., 1., 0., 0., 0., 1., 1., 1., 1., 1., 1., 1., 1., 1.,
        1., 1., 1., 1.])
2024-12-01 21:18:54,861 INFO malicious_clients.py 123:: init ATTACK OMNISCIENT Client 0
2024-12-01 21:18:54,866 INFO malicious_clients.py 18:: init UNRELIABLE Client 2
2024-12-01 21:18:54,898 INFO malicious_clients.py 123:: init ATTACK OMNISCIENT Client 10
2024-12-01 21:18:54,902 INFO malicious_clients.py 123:: init ATTACK OMNISCIENT Client 11
2024-12-01 21:18:54,928 INFO malicious_clients.py 18:: init UNRELIABLE Client 18
2024-12-01 21:18:54,944 INFO malicious_clients.py 18:: init UNRELIABLE Client 20
2024-12-01 21:18:54,962 INFO malicious_clients.py 73:: init ATTACK ADD NOISE TO GRAD Client 24
2024-12-01 21:18:54,966 INFO malicious_clients.py 73:: init ATTACK ADD NOISE TO GRAD Client 25
2024-12-01 21:18:54,970 INFO malicious_clients.py 73:: init ATTACK ADD NOISE TO GRAD Client 26
2024-12-01 21:18:55,023 INFO server.py 211:: [Server] Start testing
2024-12-01 21:18:55,054 INFO server.py 235:: [Server] Test set: Average loss: 1.3864, Accuracy: 50/200 (25.0%)

2024-12-01 21:18:55,056 INFO server.py 238:: [Sever] Confusion matrix:
 tensor([[50.,  0.,  0.,  0.],
        [50.,  0.,  0.,  0.],
        [50.,  0.,  0.,  0.],
        [50.,  0.,  0.,  0.]])
2024-12-01 21:18:55,064 INFO server.py 254:: [Server] Precision=[0.25  nan  nan  nan],
 Recall=[1. 0. 0. 0.],
 F1-score=[0.4 nan nan nan],
 my_accuracy=25.0[%]
2024-12-01 21:18:55,065 INFO _main.py 209:: ########EPOCH 0 ########
2024-12-01 21:18:55,066 INFO _main.py 210:: ###Model distribution###
2024-12-01 21:18:59,182 INFO server.py 1064:: clients' sizes=[1, 2, 1, 0, 0, 0, 2, 2, 0, 1, 0, 1, 2, 2, 2, 2, 1, 1, 2, 0, 1, 1, 1, 1, 1, 0, 1, 1, 1, 1, 2, 0, 2, 0, 1, 2, 1, 0, 2, 0], total=41
2024-12-01 21:18:59,208 INFO server.py 327:: [Server] The aggregation takes 3.588337 seconds.

2024-12-01 21:18:59,209 INFO server.py 211:: [Server] Start testing
2024-12-01 21:18:59,235 INFO server.py 235:: [Server] Test set: Average loss: 1.3840, Accuracy: 50/200 (25.0%)

2024-12-01 21:18:59,236 INFO server.py 238:: [Sever] Confusion matrix:
 tensor([[50.,  0.,  0.,  0.],
        [50.,  0.,  0.,  0.],
        [50.,  0.,  0.,  0.],
        [50.,  0.,  0.,  0.]])
2024-12-01 21:18:59,238 INFO server.py 254:: [Server] Precision=[0.25  nan  nan  nan],
 Recall=[1. 0. 0. 0.],
 F1-score=[0.4 nan nan nan],
 my_accuracy=25.0[%]
2024-12-01 21:18:59,238 INFO _main.py 209:: ########EPOCH 1 ########
2024-12-01 21:18:59,240 INFO _main.py 210:: ###Model distribution###
2024-12-01 21:19:03,605 INFO server.py 1064:: clients' sizes=[1, 2, 1, 0, 0, 0, 2, 2, 0, 1, 0, 1, 2, 2, 2, 2, 1, 1, 2, 0, 1, 1, 1, 1, 1, 0, 1, 1, 1, 1, 2, 0, 2, 0, 1, 2, 1, 0, 2, 0], total=41
2024-12-01 21:19:03,618 INFO server.py 327:: [Server] The aggregation takes 3.722481 seconds.

2024-12-01 21:19:03,619 INFO server.py 211:: [Server] Start testing
2024-12-01 21:19:03,639 INFO server.py 235:: [Server] Test set: Average loss: 1.3793, Accuracy: 50/200 (25.0%)

2024-12-01 21:19:03,640 INFO server.py 238:: [Sever] Confusion matrix:
 tensor([[50.,  0.,  0.,  0.],
        [50.,  0.,  0.,  0.],
        [50.,  0.,  0.,  0.],
        [50.,  0.,  0.,  0.]])
2024-12-01 21:19:03,642 INFO server.py 254:: [Server] Precision=[0.25  nan  nan  nan],
 Recall=[1. 0. 0. 0.],
 F1-score=[0.4 nan nan nan],
 my_accuracy=25.0[%]
2024-12-01 21:19:03,642 INFO _main.py 209:: ########EPOCH 2 ########
2024-12-01 21:19:03,643 INFO _main.py 210:: ###Model distribution###
2024-12-01 21:19:07,917 INFO server.py 1064:: clients' sizes=[1, 2, 1, 0, 0, 0, 2, 2, 0, 1, 0, 1, 2, 2, 2, 2, 1, 1, 2, 0, 1, 1, 1, 1, 1, 0, 1, 1, 1, 1, 2, 0, 2, 0, 1, 2, 1, 0, 2, 0], total=41
2024-12-01 21:19:07,932 INFO server.py 327:: [Server] The aggregation takes 3.818618 seconds.

2024-12-01 21:19:07,933 INFO server.py 211:: [Server] Start testing
2024-12-01 21:19:07,948 INFO server.py 235:: [Server] Test set: Average loss: 1.3737, Accuracy: 50/200 (25.0%)

2024-12-01 21:19:07,949 INFO server.py 238:: [Sever] Confusion matrix:
 tensor([[50.,  0.,  0.,  0.],
        [50.,  0.,  0.,  0.],
        [50.,  0.,  0.,  0.],
        [50.,  0.,  0.,  0.]])
2024-12-01 21:19:07,951 INFO server.py 254:: [Server] Precision=[0.25  nan  nan  nan],
 Recall=[1. 0. 0. 0.],
 F1-score=[0.4 nan nan nan],
 my_accuracy=25.0[%]
2024-12-01 21:19:07,951 INFO _main.py 209:: ########EPOCH 3 ########
2024-12-01 21:19:07,952 INFO _main.py 210:: ###Model distribution###
2024-12-01 21:19:12,521 INFO server.py 568:: flip_sign_id={0, 18, 11}
2024-12-01 21:19:12,525 INFO server.py 583:: ===========using shortHoGs for detecting UNTARGETED ATTACK====
2024-12-01 21:19:12,694 INFO server.py 609:: labels cluster_sh= [0 0 0 0 0 0 0 0 0 0 0 0 0 0 0 0 0 0 0 0 0 0 0 0 0 0 0 0 0 0 0 0 0 0 0 0 0]
2024-12-01 21:19:12,721 DEBUG server.py 614:: offset_normal_ids=[ 0  1  2  3  4  5  6  7  8  9 10 11 12 13 14 15 16 17 18 19 20 21 22 23
 24 25 26 27 28 29 30 31 32 33 34 35 36], normal_ids=[ 1  2  3  4  5  6  7  8  9 10 12 13 14 15 16 17 19 20 21 22 23 24 25 26
 27 28 29 30 31 32 33 34 35 36 37 38 39]
2024-12-01 21:19:12,723 INFO server.py 619:: SUSPECTED UNTARGETED []
2024-12-01 21:19:12,724 DEBUG server.py 623:: suspicious_ids=[]
2024-12-01 21:19:12,725 DEBUG server.py 632:: d_normal_sus={}, d_separate=0
2024-12-01 21:19:12,726 INFO server.py 639:: This round UNTARGETED=set(), sus_tAtk_uRel_id0=set()
2024-12-01 21:19:12,726 INFO server.py 657:: =======Using LONG HOGs for detecting TARGETED ATTACK========
2024-12-01 21:19:12,756 INFO server.py 143:: This round TARGETED ATTACK: [26]
2024-12-01 21:19:12,758 DEBUG server.py 502:: mal_ids=set(), pre_mal_id=defaultdict(<class 'int'>, {0: 1, 1: 0, 2: 0, 3: 0, 4: 0, 5: 0, 6: 0, 7: 0, 8: 0, 9: 0, 10: 0, 11: 1, 12: 0, 13: 0, 14: 0, 15: 0, 16: 0, 17: 0, 18: 1, 19: 0, 20: 0, 21: 0, 22: 0, 23: 0, 24: 0, 25: 0, 26: 1, 27: 0, 28: 0, 29: 0, 30: 0, 31: 0, 32: 0, 33: 0, 34: 0, 35: 0, 36: 0, 37: 0, 38: 0, 39: 0})
2024-12-01 21:19:12,759 INFO server.py 504:: FLIP-SIGN ATTACK=set()
2024-12-01 21:19:12,759 INFO server.py 505:: UNTARGETED ATTACK=set()
2024-12-01 21:19:12,760 INFO server.py 506:: TARGETED ATTACK=set()
2024-12-01 21:19:12,760 INFO server.py 662:: OVERTIME MALICIOUS client ids =set()
2024-12-01 21:19:12,788 INFO server.py 708:: This round UNRELIABLE={2, 34, 14, 17, 20, 21, 24, 25, 26}, normal_id={1, 3, 4, 5, 6, 7, 8, 9, 10, 12, 13, 15, 16, 19, 22, 23, 27, 28, 29, 30, 31, 32, 33, 35, 36, 37, 38, 39}
2024-12-01 21:19:12,790 DEBUG server.py 710:: anlge_sHoGs={1: 0.59523994, 2: 0.03515688, 3: nan, 4: nan, 5: nan, 6: 0.6441647, 7: 0.32000735, 8: nan, 9: 0.5942017, 10: nan, 12: 0.52011764, 13: 0.5492703, 14: 0.31490707, 15: 0.39969447, 16: 0.45988435, 17: 0.2523969, 19: nan, 20: 0.08179998, 21: 0.18765965, 22: 0.33159974, 23: 0.47947398, 24: 0.05819922, 25: 0.04971676, 26: 0.05293253, 27: 0.48219642, 28: 0.4343584, 29: 0.34513694, 30: 0.49511635, 31: nan, 32: 0.319602, 33: nan, 34: 0.30062473, 35: 0.334776, 36: 0.6386523, 37: nan, 38: 0.44058192, 39: nan}, angle_sep_nsH=0.3151983954012394
2024-12-01 21:19:12,790 INFO server.py 722:: UNRELIABLE clients =set()
2024-12-01 21:19:12,796 INFO server.py 1064:: clients' sizes=[1, 2, 1, 0, 0, 0, 2, 2, 0, 1, 0, 1, 2, 2, 2, 2, 1, 1, 2, 0, 1, 1, 1, 1, 1, 0, 1, 1, 1, 2, 0, 2, 0, 1, 2, 1, 0, 2, 0], total=40
2024-12-01 21:19:12,826 INFO server.py 327:: [Server] The aggregation takes 4.422182 seconds.

2024-12-01 21:19:12,827 INFO server.py 211:: [Server] Start testing
2024-12-01 21:19:12,876 INFO server.py 235:: [Server] Test set: Average loss: 1.3671, Accuracy: 53/200 (26.5%)

2024-12-01 21:19:12,879 INFO server.py 238:: [Sever] Confusion matrix:
 tensor([[50.,  0.,  0.,  0.],
        [50.,  0.,  0.,  0.],
        [50.,  0.,  0.,  0.],
        [47.,  0.,  0.,  3.]])
2024-12-01 21:19:12,881 INFO server.py 254:: [Server] Precision=[0.2538071       nan       nan 1.       ],
 Recall=[1.   0.   0.   0.06],
 F1-score=[0.4048583         nan        nan 0.11320755],
 my_accuracy=26.499998569488525[%]
2024-12-01 21:19:12,882 INFO _main.py 209:: ########EPOCH 4 ########
2024-12-01 21:19:12,882 INFO _main.py 210:: ###Model distribution###
2024-12-01 21:19:17,511 INFO server.py 568:: flip_sign_id={0, 18, 11}
2024-12-01 21:19:17,511 INFO server.py 583:: ===========using shortHoGs for detecting UNTARGETED ATTACK====
2024-12-01 21:19:17,554 INFO server.py 609:: labels cluster_sh= [0 0 0 0 0 0 0 0 0 0 0 0 0 0 0 0 0 0 0 0 0 0 0 0 0 0 0 0 0 0 0 0 0 0 0 0 0]
2024-12-01 21:19:17,585 DEBUG server.py 614:: offset_normal_ids=[ 0  1  2  3  4  5  6  7  8  9 10 11 12 13 14 15 16 17 18 19 20 21 22 23
 24 25 26 27 28 29 30 31 32 33 34 35 36], normal_ids=[ 1  2  3  4  5  6  7  8  9 10 12 13 14 15 16 17 19 20 21 22 23 24 25 26
 27 28 29 30 31 32 33 34 35 36 37 38 39]
2024-12-01 21:19:17,585 INFO server.py 619:: SUSPECTED UNTARGETED []
2024-12-01 21:19:17,586 DEBUG server.py 623:: suspicious_ids=[]
2024-12-01 21:19:17,586 DEBUG server.py 632:: d_normal_sus={}, d_separate=0
2024-12-01 21:19:17,586 INFO server.py 639:: This round UNTARGETED=set(), sus_tAtk_uRel_id0=set()
2024-12-01 21:19:17,586 INFO server.py 657:: =======Using LONG HOGs for detecting TARGETED ATTACK========
2024-12-01 21:19:17,608 INFO server.py 143:: This round TARGETED ATTACK: [26]
2024-12-01 21:19:17,611 DEBUG server.py 502:: mal_ids={0, 18, 11}, pre_mal_id=defaultdict(<class 'int'>, {0: 2, 1: 0, 2: 0, 3: 0, 4: 0, 5: 0, 6: 0, 7: 0, 8: 0, 9: 0, 10: 0, 11: 2, 12: 0, 13: 0, 14: 0, 15: 0, 16: 0, 17: 0, 18: 2, 19: 0, 20: 0, 21: 0, 22: 0, 23: 0, 24: 0, 25: 0, 26: 2, 27: 0, 28: 0, 29: 0, 30: 0, 31: 0, 32: 0, 33: 0, 34: 0, 35: 0, 36: 0, 37: 0, 38: 0, 39: 0})
2024-12-01 21:19:17,612 INFO server.py 504:: FLIP-SIGN ATTACK={0, 18, 11}
2024-12-01 21:19:17,612 INFO server.py 505:: UNTARGETED ATTACK=set()
2024-12-01 21:19:17,612 INFO server.py 506:: TARGETED ATTACK=set()
2024-12-01 21:19:17,612 INFO server.py 662:: OVERTIME MALICIOUS client ids ={0, 18, 11}
2024-12-01 21:19:17,637 INFO server.py 708:: This round UNRELIABLE={2, 34, 14, 17, 20, 21, 24, 25, 26}, normal_id={1, 3, 4, 5, 6, 7, 8, 9, 10, 12, 13, 15, 16, 19, 22, 23, 27, 28, 29, 30, 31, 32, 33, 35, 36, 37, 38, 39}
2024-12-01 21:19:17,639 DEBUG server.py 710:: anlge_sHoGs={1: 0.59523994, 2: 0.03515688, 3: nan, 4: nan, 5: nan, 6: 0.6441647, 7: 0.32000735, 8: nan, 9: 0.5942017, 10: nan, 12: 0.52011764, 13: 0.5492703, 14: 0.31490707, 15: 0.39969447, 16: 0.45988435, 17: 0.2523969, 19: nan, 20: 0.08179998, 21: 0.18765965, 22: 0.33159974, 23: 0.47947398, 24: 0.05819922, 25: 0.04971676, 26: 0.05293253, 27: 0.48219642, 28: 0.4343584, 29: 0.34513694, 30: 0.49511635, 31: nan, 32: 0.319602, 33: nan, 34: 0.30062473, 35: 0.334776, 36: 0.6386523, 37: nan, 38: 0.44058192, 39: nan}, angle_sep_nsH=0.3151983954012394
2024-12-01 21:19:17,639 INFO server.py 722:: UNRELIABLE clients =set()
2024-12-01 21:19:17,643 INFO server.py 1064:: clients' sizes=[2, 1, 0, 0, 0, 2, 2, 0, 1, 0, 2, 2, 2, 2, 1, 1, 0, 1, 1, 1, 1, 1, 0, 1, 1, 1, 2, 0, 2, 0, 1, 2, 1, 0, 2, 0], total=36
2024-12-01 21:19:17,664 INFO server.py 327:: [Server] The aggregation takes 4.187751 seconds.

2024-12-01 21:19:17,665 INFO server.py 211:: [Server] Start testing
2024-12-01 21:19:17,686 INFO server.py 235:: [Server] Test set: Average loss: 1.3583, Accuracy: 64/200 (32.0%)

2024-12-01 21:19:17,688 INFO server.py 238:: [Sever] Confusion matrix:
 tensor([[50.,  0.,  0.,  0.],
        [50.,  0.,  0.,  0.],
        [50.,  0.,  0.,  0.],
        [36.,  0.,  0., 14.]])
2024-12-01 21:19:17,690 INFO server.py 254:: [Server] Precision=[0.26881722        nan        nan 1.        ],
 Recall=[1.   0.   0.   0.28],
 F1-score=[0.42372882        nan        nan 0.4375    ],
 my_accuracy=31.999999284744263[%]
2024-12-01 21:19:17,690 INFO _main.py 209:: ########EPOCH 5 ########
2024-12-01 21:19:17,691 INFO _main.py 210:: ###Model distribution###
2024-12-01 21:19:21,913 INFO server.py 568:: flip_sign_id={0, 18, 11}
2024-12-01 21:19:21,913 INFO server.py 583:: ===========using shortHoGs for detecting UNTARGETED ATTACK====
2024-12-01 21:19:21,956 INFO server.py 609:: labels cluster_sh= [0 0 0 0 0 0 0 0 0 0 0 0 0 0 0 0 0 0 0 0 0 0 0 0 0 0 0 0 0 0 0 0 0 0 0 0 0]
2024-12-01 21:19:21,984 DEBUG server.py 614:: offset_normal_ids=[ 0  1  2  3  4  5  6  7  8  9 10 11 12 13 14 15 16 17 18 19 20 21 22 23
 24 25 26 27 28 29 30 31 32 33 34 35 36], normal_ids=[ 1  2  3  4  5  6  7  8  9 10 12 13 14 15 16 17 19 20 21 22 23 24 25 26
 27 28 29 30 31 32 33 34 35 36 37 38 39]
2024-12-01 21:19:21,986 INFO server.py 619:: SUSPECTED UNTARGETED []
2024-12-01 21:19:21,986 DEBUG server.py 623:: suspicious_ids=[]
2024-12-01 21:19:21,987 DEBUG server.py 632:: d_normal_sus={}, d_separate=0
2024-12-01 21:19:21,987 INFO server.py 639:: This round UNTARGETED=set(), sus_tAtk_uRel_id0=set()
2024-12-01 21:19:21,988 INFO server.py 657:: =======Using LONG HOGs for detecting TARGETED ATTACK========
2024-12-01 21:19:22,018 INFO server.py 143:: This round TARGETED ATTACK: [26]
2024-12-01 21:19:22,024 DEBUG server.py 502:: mal_ids={0, 18, 11}, pre_mal_id=defaultdict(<class 'int'>, {0: 3, 1: 0, 2: 0, 3: 0, 4: 0, 5: 0, 6: 0, 7: 0, 8: 0, 9: 0, 10: 0, 11: 3, 12: 0, 13: 0, 14: 0, 15: 0, 16: 0, 17: 0, 18: 3, 19: 0, 20: 0, 21: 0, 22: 0, 23: 0, 24: 0, 25: 0, 26: 3, 27: 0, 28: 0, 29: 0, 30: 0, 31: 0, 32: 0, 33: 0, 34: 0, 35: 0, 36: 0, 37: 0, 38: 0, 39: 0})
2024-12-01 21:19:22,024 INFO server.py 504:: FLIP-SIGN ATTACK={0, 18, 11}
2024-12-01 21:19:22,024 INFO server.py 505:: UNTARGETED ATTACK=set()
2024-12-01 21:19:22,024 INFO server.py 506:: TARGETED ATTACK=set()
2024-12-01 21:19:22,025 INFO server.py 662:: OVERTIME MALICIOUS client ids ={0, 18, 11}
2024-12-01 21:19:22,041 INFO server.py 708:: This round UNRELIABLE={2, 34, 14, 17, 20, 21, 24, 25, 26}, normal_id={1, 3, 4, 5, 6, 7, 8, 9, 10, 12, 13, 15, 16, 19, 22, 23, 27, 28, 29, 30, 31, 32, 33, 35, 36, 37, 38, 39}
2024-12-01 21:19:22,042 DEBUG server.py 710:: anlge_sHoGs={1: 0.59523994, 2: 0.03515688, 3: nan, 4: nan, 5: nan, 6: 0.6441647, 7: 0.32000735, 8: nan, 9: 0.5942017, 10: nan, 12: 0.52011764, 13: 0.5492703, 14: 0.31490707, 15: 0.39969447, 16: 0.45988435, 17: 0.2523969, 19: nan, 20: 0.08179998, 21: 0.18765965, 22: 0.33159974, 23: 0.47947398, 24: 0.05819922, 25: 0.04971676, 26: 0.05293253, 27: 0.48219642, 28: 0.4343584, 29: 0.34513694, 30: 0.49511635, 31: nan, 32: 0.319602, 33: nan, 34: 0.30062473, 35: 0.334776, 36: 0.6386523, 37: nan, 38: 0.44058192, 39: nan}, angle_sep_nsH=0.3151983954012394
2024-12-01 21:19:22,042 INFO server.py 722:: UNRELIABLE clients ={2, 34, 14, 17, 20, 21, 24, 25, 26}
2024-12-01 21:19:22,044 INFO server.py 1064:: clients' sizes=[2, 1, 0, 0, 0, 2, 2, 0, 1, 0, 2, 2, 2, 2, 1, 1, 0, 1, 1, 1, 1, 1, 0, 1, 1, 1, 2, 0, 2, 0, 1, 2, 1, 0, 2, 0], total=36
2024-12-01 21:19:22,060 INFO server.py 327:: [Server] The aggregation takes 3.894290 seconds.

2024-12-01 21:19:22,061 INFO server.py 211:: [Server] Start testing
2024-12-01 21:19:22,086 INFO server.py 235:: [Server] Test set: Average loss: 1.3482, Accuracy: 69/200 (34.5%)

2024-12-01 21:19:22,087 INFO server.py 238:: [Sever] Confusion matrix:
 tensor([[50.,  0.,  0.,  0.],
        [50.,  0.,  0.,  0.],
        [50.,  0.,  0.,  0.],
        [31.,  0.,  0., 19.]])
2024-12-01 21:19:22,089 INFO server.py 254:: [Server] Precision=[0.2762431       nan       nan 1.       ],
 Recall=[1.   0.   0.   0.38],
 F1-score=[0.43290043        nan        nan 0.5507246 ],
 my_accuracy=34.49999988079071[%]
2024-12-01 21:19:22,089 INFO _main.py 209:: ########EPOCH 6 ########
2024-12-01 21:19:22,090 INFO _main.py 210:: ###Model distribution###
2024-12-01 21:19:26,417 INFO server.py 568:: flip_sign_id={0, 18, 11}
2024-12-01 21:19:26,418 INFO server.py 583:: ===========using shortHoGs for detecting UNTARGETED ATTACK====
2024-12-01 21:19:26,464 INFO server.py 609:: labels cluster_sh= [0 0 0 0 0 0 0 0 0 0 0 0 0 0 0 0 0 0 0 0 0 0 0 0 0 0 0 0 0 0 0 0 0 0 0 0 0]
2024-12-01 21:19:26,487 DEBUG server.py 614:: offset_normal_ids=[ 0  1  2  3  4  5  6  7  8  9 10 11 12 13 14 15 16 17 18 19 20 21 22 23
 24 25 26 27 28 29 30 31 32 33 34 35 36], normal_ids=[ 1  2  3  4  5  6  7  8  9 10 12 13 14 15 16 17 19 20 21 22 23 24 25 26
 27 28 29 30 31 32 33 34 35 36 37 38 39]
2024-12-01 21:19:26,488 INFO server.py 619:: SUSPECTED UNTARGETED []
2024-12-01 21:19:26,488 DEBUG server.py 623:: suspicious_ids=[]
2024-12-01 21:19:26,488 DEBUG server.py 632:: d_normal_sus={}, d_separate=0
2024-12-01 21:19:26,488 INFO server.py 639:: This round UNTARGETED=set(), sus_tAtk_uRel_id0=set()
2024-12-01 21:19:26,489 INFO server.py 657:: =======Using LONG HOGs for detecting TARGETED ATTACK========
2024-12-01 21:19:26,502 INFO server.py 143:: This round TARGETED ATTACK: [26]
2024-12-01 21:19:26,503 DEBUG server.py 502:: mal_ids={0, 26, 18, 11}, pre_mal_id=defaultdict(<class 'int'>, {0: 4, 1: 0, 2: 0, 3: 0, 4: 0, 5: 0, 6: 0, 7: 0, 8: 0, 9: 0, 10: 0, 11: 4, 12: 0, 13: 0, 14: 0, 15: 0, 16: 0, 17: 0, 18: 4, 19: 0, 20: 0, 21: 0, 22: 0, 23: 0, 24: 0, 25: 0, 26: 4, 27: 0, 28: 0, 29: 0, 30: 0, 31: 0, 32: 0, 33: 0, 34: 0, 35: 0, 36: 0, 37: 0, 38: 0, 39: 0})
2024-12-01 21:19:26,503 INFO server.py 504:: FLIP-SIGN ATTACK={0, 18, 11}
2024-12-01 21:19:26,503 INFO server.py 505:: UNTARGETED ATTACK=set()
2024-12-01 21:19:26,504 INFO server.py 506:: TARGETED ATTACK={26}
2024-12-01 21:19:26,504 INFO server.py 662:: OVERTIME MALICIOUS client ids ={0, 26, 18, 11}
2024-12-01 21:19:26,517 INFO server.py 708:: This round UNRELIABLE={2, 34, 14, 17, 20, 21, 24, 25}, normal_id={1, 3, 4, 5, 6, 7, 8, 9, 10, 12, 13, 15, 16, 19, 22, 23, 27, 28, 29, 30, 31, 32, 33, 35, 36, 37, 38, 39}
2024-12-01 21:19:26,517 DEBUG server.py 710:: anlge_sHoGs={1: 0.5993008, 2: 0.03645316, 3: nan, 4: nan, 5: nan, 6: 0.64718986, 7: 0.32378975, 8: nan, 9: 0.59513503, 10: nan, 12: 0.51675385, 13: 0.55400646, 14: 0.3176666, 15: 0.4050043, 16: 0.46107054, 17: 0.24952017, 19: nan, 20: 0.081320226, 21: 0.18960208, 22: 0.33608666, 23: 0.48566306, 24: 0.059281807, 25: 0.048153594, 27: 0.4866641, 28: 0.44204292, 29: 0.3493233, 30: 0.5028516, 31: nan, 32: 0.32395047, 33: nan, 34: 0.300836, 35: 0.33929852, 36: 0.641347, 37: nan, 38: 0.44325376, 39: nan}, angle_sep_nsH=0.3178769685328007
2024-12-01 21:19:26,518 INFO server.py 722:: UNRELIABLE clients ={2, 34, 14, 17, 20, 21, 24, 25, 26}
2024-12-01 21:19:26,520 INFO server.py 1064:: clients' sizes=[2, 1, 0, 0, 0, 2, 2, 0, 1, 0, 2, 2, 2, 2, 1, 1, 0, 1, 1, 1, 1, 1, 0, 1, 1, 1, 2, 0, 2, 0, 1, 2, 1, 0, 2, 0], total=36
2024-12-01 21:19:26,534 INFO server.py 327:: [Server] The aggregation takes 3.993903 seconds.

2024-12-01 21:19:26,535 INFO server.py 211:: [Server] Start testing
2024-12-01 21:19:26,556 INFO server.py 235:: [Server] Test set: Average loss: 1.3362, Accuracy: 77/200 (38.5%)

2024-12-01 21:19:26,557 INFO server.py 238:: [Sever] Confusion matrix:
 tensor([[50.,  0.,  0.,  0.],
        [50.,  0.,  0.,  0.],
        [48.,  0.,  0.,  2.],
        [23.,  0.,  0., 27.]])
2024-12-01 21:19:26,559 INFO server.py 254:: [Server] Precision=[0.29239765        nan        nan 0.9310345 ],
 Recall=[1.   0.   0.   0.54],
 F1-score=[0.4524887         nan        nan 0.68354434],
 my_accuracy=38.499999046325684[%]
2024-12-01 21:19:26,560 INFO _main.py 209:: ########EPOCH 7 ########
2024-12-01 21:19:26,560 INFO _main.py 210:: ###Model distribution###
2024-12-01 21:19:30,826 INFO server.py 568:: flip_sign_id={0, 18, 11}
2024-12-01 21:19:30,827 INFO server.py 583:: ===========using shortHoGs for detecting UNTARGETED ATTACK====
2024-12-01 21:19:30,894 INFO server.py 609:: labels cluster_sh= [0 0 0 0 0 0 0 0 0 0 0 0 0 0 0 0 0 0 0 0 0 0 0 0 0 0 0 0 0 0 0 0 0 0 0 0 0]
2024-12-01 21:19:30,908 DEBUG server.py 614:: offset_normal_ids=[ 0  1  2  3  4  5  6  7  8  9 10 11 12 13 14 15 16 17 18 19 20 21 22 23
 24 25 26 27 28 29 30 31 32 33 34 35 36], normal_ids=[ 1  2  3  4  5  6  7  8  9 10 12 13 14 15 16 17 19 20 21 22 23 24 25 26
 27 28 29 30 31 32 33 34 35 36 37 38 39]
2024-12-01 21:19:30,909 INFO server.py 619:: SUSPECTED UNTARGETED []
2024-12-01 21:19:30,909 DEBUG server.py 623:: suspicious_ids=[]
2024-12-01 21:19:30,909 DEBUG server.py 632:: d_normal_sus={}, d_separate=0
2024-12-01 21:19:30,910 INFO server.py 639:: This round UNTARGETED=set(), sus_tAtk_uRel_id0=set()
2024-12-01 21:19:30,911 INFO server.py 657:: =======Using LONG HOGs for detecting TARGETED ATTACK========
2024-12-01 21:19:30,933 INFO server.py 143:: This round TARGETED ATTACK: [26]
2024-12-01 21:19:30,937 DEBUG server.py 502:: mal_ids={0, 26, 18, 11}, pre_mal_id=defaultdict(<class 'int'>, {0: 5, 1: 0, 2: 0, 3: 0, 4: 0, 5: 0, 6: 0, 7: 0, 8: 0, 9: 0, 10: 0, 11: 5, 12: 0, 13: 0, 14: 0, 15: 0, 16: 0, 17: 0, 18: 5, 19: 0, 20: 0, 21: 0, 22: 0, 23: 0, 24: 0, 25: 0, 26: 5, 27: 0, 28: 0, 29: 0, 30: 0, 31: 0, 32: 0, 33: 0, 34: 0, 35: 0, 36: 0, 37: 0, 38: 0, 39: 0})
2024-12-01 21:19:30,938 INFO server.py 504:: FLIP-SIGN ATTACK={0, 18, 11}
2024-12-01 21:19:30,938 INFO server.py 505:: UNTARGETED ATTACK=set()
2024-12-01 21:19:30,938 INFO server.py 506:: TARGETED ATTACK={26}
2024-12-01 21:19:30,938 INFO server.py 662:: OVERTIME MALICIOUS client ids ={0, 26, 18, 11}
2024-12-01 21:19:30,957 INFO server.py 708:: This round UNRELIABLE={2, 34, 14, 17, 20, 21, 24, 25}, normal_id={1, 3, 4, 5, 6, 7, 8, 9, 10, 12, 13, 15, 16, 19, 22, 23, 27, 28, 29, 30, 31, 32, 33, 35, 36, 37, 38, 39}
2024-12-01 21:19:30,960 DEBUG server.py 710:: anlge_sHoGs={1: 0.5993008, 2: 0.03645316, 3: nan, 4: nan, 5: nan, 6: 0.64718986, 7: 0.32378975, 8: nan, 9: 0.59513503, 10: nan, 12: 0.51675385, 13: 0.55400646, 14: 0.3176666, 15: 0.4050043, 16: 0.46107054, 17: 0.24952017, 19: nan, 20: 0.081320226, 21: 0.18960208, 22: 0.33608666, 23: 0.48566306, 24: 0.059281807, 25: 0.048153594, 27: 0.4866641, 28: 0.44204292, 29: 0.3493233, 30: 0.5028516, 31: nan, 32: 0.32395047, 33: nan, 34: 0.300836, 35: 0.33929852, 36: 0.641347, 37: nan, 38: 0.44325376, 39: nan}, angle_sep_nsH=0.3178769685328007
2024-12-01 21:19:30,960 INFO server.py 722:: UNRELIABLE clients ={2, 34, 14, 17, 20, 21, 24, 25, 26}
2024-12-01 21:19:30,965 INFO server.py 1064:: clients' sizes=[2, 1, 0, 0, 0, 2, 2, 0, 1, 0, 2, 2, 2, 2, 1, 1, 0, 1, 1, 1, 1, 1, 0, 1, 1, 1, 2, 0, 2, 0, 1, 2, 1, 0, 2, 0], total=36
2024-12-01 21:19:30,993 INFO server.py 327:: [Server] The aggregation takes 3.716615 seconds.

2024-12-01 21:19:30,995 INFO server.py 211:: [Server] Start testing
2024-12-01 21:19:31,018 INFO server.py 235:: [Server] Test set: Average loss: 1.3226, Accuracy: 80/200 (40.0%)

2024-12-01 21:19:31,019 INFO server.py 238:: [Sever] Confusion matrix:
 tensor([[50.,  0.,  0.,  0.],
        [47.,  0.,  0.,  3.],
        [44.,  0.,  0.,  6.],
        [20.,  0.,  0., 30.]])
2024-12-01 21:19:31,021 INFO server.py 254:: [Server] Precision=[0.310559        nan       nan 0.7692308],
 Recall=[1.  0.  0.  0.6],
 F1-score=[0.47393364        nan        nan 0.6741574 ],
 my_accuracy=40.00000059604645[%]
2024-12-01 21:19:31,022 INFO _main.py 209:: ########EPOCH 8 ########
2024-12-01 21:19:31,023 INFO _main.py 210:: ###Model distribution###
2024-12-01 21:19:35,423 INFO server.py 568:: flip_sign_id={0, 18, 11}
2024-12-01 21:19:35,423 INFO server.py 583:: ===========using shortHoGs for detecting UNTARGETED ATTACK====
2024-12-01 21:19:35,486 INFO server.py 609:: labels cluster_sh= [0 0 0 0 0 0 0 0 0 0 0 0 0 0 0 0 0 0 0 0 0 0 0 0 0 0 0 0 0 0 0 0 0 0 0 0 0]
2024-12-01 21:19:35,500 DEBUG server.py 614:: offset_normal_ids=[ 0  1  2  3  4  5  6  7  8  9 10 11 12 13 14 15 16 17 18 19 20 21 22 23
 24 25 26 27 28 29 30 31 32 33 34 35 36], normal_ids=[ 1  2  3  4  5  6  7  8  9 10 12 13 14 15 16 17 19 20 21 22 23 24 25 26
 27 28 29 30 31 32 33 34 35 36 37 38 39]
2024-12-01 21:19:35,500 INFO server.py 619:: SUSPECTED UNTARGETED []
2024-12-01 21:19:35,501 DEBUG server.py 623:: suspicious_ids=[]
2024-12-01 21:19:35,501 DEBUG server.py 632:: d_normal_sus={}, d_separate=0
2024-12-01 21:19:35,501 INFO server.py 639:: This round UNTARGETED=set(), sus_tAtk_uRel_id0=set()
2024-12-01 21:19:35,501 INFO server.py 657:: =======Using LONG HOGs for detecting TARGETED ATTACK========
2024-12-01 21:19:35,538 INFO server.py 143:: This round TARGETED ATTACK: [26]
2024-12-01 21:19:35,539 DEBUG server.py 502:: mal_ids={0, 26, 18, 11}, pre_mal_id=defaultdict(<class 'int'>, {0: 6, 1: 0, 2: 0, 3: 0, 4: 0, 5: 0, 6: 0, 7: 0, 8: 0, 9: 0, 10: 0, 11: 6, 12: 0, 13: 0, 14: 0, 15: 0, 16: 0, 17: 0, 18: 6, 19: 0, 20: 0, 21: 0, 22: 0, 23: 0, 24: 0, 25: 0, 26: 6, 27: 0, 28: 0, 29: 0, 30: 0, 31: 0, 32: 0, 33: 0, 34: 0, 35: 0, 36: 0, 37: 0, 38: 0, 39: 0})
2024-12-01 21:19:35,540 INFO server.py 504:: FLIP-SIGN ATTACK={0, 18, 11}
2024-12-01 21:19:35,540 INFO server.py 505:: UNTARGETED ATTACK=set()
2024-12-01 21:19:35,540 INFO server.py 506:: TARGETED ATTACK={26}
2024-12-01 21:19:35,541 INFO server.py 662:: OVERTIME MALICIOUS client ids ={0, 26, 18, 11}
2024-12-01 21:19:35,567 INFO server.py 708:: This round UNRELIABLE={2, 34, 14, 17, 20, 21, 24, 25}, normal_id={1, 3, 4, 5, 6, 7, 8, 9, 10, 12, 13, 15, 16, 19, 22, 23, 27, 28, 29, 30, 31, 32, 33, 35, 36, 37, 38, 39}
2024-12-01 21:19:35,568 DEBUG server.py 710:: anlge_sHoGs={1: 0.5993008, 2: 0.03645316, 3: nan, 4: nan, 5: nan, 6: 0.64718986, 7: 0.32378975, 8: nan, 9: 0.59513503, 10: nan, 12: 0.51675385, 13: 0.55400646, 14: 0.3176666, 15: 0.4050043, 16: 0.46107054, 17: 0.24952017, 19: nan, 20: 0.081320226, 21: 0.18960208, 22: 0.33608666, 23: 0.48566306, 24: 0.059281807, 25: 0.048153594, 27: 0.4866641, 28: 0.44204292, 29: 0.3493233, 30: 0.5028516, 31: nan, 32: 0.32395047, 33: nan, 34: 0.300836, 35: 0.33929852, 36: 0.641347, 37: nan, 38: 0.44325376, 39: nan}, angle_sep_nsH=0.3178769685328007
2024-12-01 21:19:35,569 INFO server.py 722:: UNRELIABLE clients ={2, 34, 14, 17, 20, 21, 24, 25, 26}
2024-12-01 21:19:35,573 INFO server.py 1064:: clients' sizes=[2, 1, 0, 0, 0, 2, 2, 0, 1, 0, 2, 2, 2, 2, 1, 1, 0, 1, 1, 1, 1, 1, 0, 1, 1, 1, 2, 0, 2, 0, 1, 2, 1, 0, 2, 0], total=36
2024-12-01 21:19:35,601 INFO server.py 327:: [Server] The aggregation takes 4.102604 seconds.

2024-12-01 21:19:35,602 INFO server.py 211:: [Server] Start testing
2024-12-01 21:19:35,639 INFO server.py 235:: [Server] Test set: Average loss: 1.3066, Accuracy: 81/200 (40.5%)

2024-12-01 21:19:35,641 INFO server.py 238:: [Sever] Confusion matrix:
 tensor([[50.,  0.,  0.,  0.],
        [47.,  0.,  0.,  3.],
        [41.,  0.,  0.,  9.],
        [19.,  0.,  0., 31.]])
2024-12-01 21:19:35,642 INFO server.py 254:: [Server] Precision=[0.31847134        nan        nan 0.7209302 ],
 Recall=[1.   0.   0.   0.62],
 F1-score=[0.4830918       nan       nan 0.6666667],
 my_accuracy=40.50000011920929[%]
2024-12-01 21:19:35,643 INFO _main.py 209:: ########EPOCH 9 ########
2024-12-01 21:19:35,644 INFO _main.py 210:: ###Model distribution###
2024-12-01 21:19:39,825 INFO server.py 568:: flip_sign_id={0, 18, 11}
2024-12-01 21:19:39,826 INFO server.py 583:: ===========using shortHoGs for detecting UNTARGETED ATTACK====
2024-12-01 21:19:39,868 INFO server.py 609:: labels cluster_sh= [0 0 0 0 0 0 0 0 0 0 0 0 0 0 0 0 0 0 0 0 0 0 0 0 0 0 0 0 0 0 0 0 0 0 0 0 0]
2024-12-01 21:19:39,881 DEBUG server.py 614:: offset_normal_ids=[ 0  1  2  3  4  5  6  7  8  9 10 11 12 13 14 15 16 17 18 19 20 21 22 23
 24 25 26 27 28 29 30 31 32 33 34 35 36], normal_ids=[ 1  2  3  4  5  6  7  8  9 10 12 13 14 15 16 17 19 20 21 22 23 24 25 26
 27 28 29 30 31 32 33 34 35 36 37 38 39]
2024-12-01 21:19:39,883 INFO server.py 619:: SUSPECTED UNTARGETED []
2024-12-01 21:19:39,884 DEBUG server.py 623:: suspicious_ids=[]
2024-12-01 21:19:39,885 DEBUG server.py 632:: d_normal_sus={}, d_separate=0
2024-12-01 21:19:39,885 INFO server.py 639:: This round UNTARGETED=set(), sus_tAtk_uRel_id0=set()
2024-12-01 21:19:39,886 INFO server.py 657:: =======Using LONG HOGs for detecting TARGETED ATTACK========
2024-12-01 21:19:39,904 INFO server.py 143:: This round TARGETED ATTACK: [26]
2024-12-01 21:19:39,904 DEBUG server.py 502:: mal_ids={0, 26, 18, 11}, pre_mal_id=defaultdict(<class 'int'>, {0: 7, 1: 0, 2: 0, 3: 0, 4: 0, 5: 0, 6: 0, 7: 0, 8: 0, 9: 0, 10: 0, 11: 7, 12: 0, 13: 0, 14: 0, 15: 0, 16: 0, 17: 0, 18: 7, 19: 0, 20: 0, 21: 0, 22: 0, 23: 0, 24: 0, 25: 0, 26: 7, 27: 0, 28: 0, 29: 0, 30: 0, 31: 0, 32: 0, 33: 0, 34: 0, 35: 0, 36: 0, 37: 0, 38: 0, 39: 0})
2024-12-01 21:19:39,905 INFO server.py 504:: FLIP-SIGN ATTACK={0, 18, 11}
2024-12-01 21:19:39,905 INFO server.py 505:: UNTARGETED ATTACK=set()
2024-12-01 21:19:39,905 INFO server.py 506:: TARGETED ATTACK={26}
2024-12-01 21:19:39,905 INFO server.py 662:: OVERTIME MALICIOUS client ids ={0, 26, 18, 11}
2024-12-01 21:19:39,918 INFO server.py 708:: This round UNRELIABLE={2, 34, 14, 17, 20, 21, 24, 25}, normal_id={1, 3, 4, 5, 6, 7, 8, 9, 10, 12, 13, 15, 16, 19, 22, 23, 27, 28, 29, 30, 31, 32, 33, 35, 36, 37, 38, 39}
2024-12-01 21:19:39,919 DEBUG server.py 710:: anlge_sHoGs={1: 0.5993008, 2: 0.03645316, 3: nan, 4: nan, 5: nan, 6: 0.64718986, 7: 0.32378975, 8: nan, 9: 0.59513503, 10: nan, 12: 0.51675385, 13: 0.55400646, 14: 0.3176666, 15: 0.4050043, 16: 0.46107054, 17: 0.24952017, 19: nan, 20: 0.081320226, 21: 0.18960208, 22: 0.33608666, 23: 0.48566306, 24: 0.059281807, 25: 0.048153594, 27: 0.4866641, 28: 0.44204292, 29: 0.3493233, 30: 0.5028516, 31: nan, 32: 0.32395047, 33: nan, 34: 0.300836, 35: 0.33929852, 36: 0.641347, 37: nan, 38: 0.44325376, 39: nan}, angle_sep_nsH=0.3178769685328007
2024-12-01 21:19:39,919 INFO server.py 722:: UNRELIABLE clients ={2, 34, 14, 17, 20, 21, 24, 25}
2024-12-01 21:19:39,921 INFO server.py 1064:: clients' sizes=[2, 1, 0, 0, 0, 2, 2, 0, 1, 0, 2, 2, 2, 2, 1, 1, 0, 1, 1, 1, 1, 1, 0, 1, 1, 1, 2, 0, 2, 0, 1, 2, 1, 0, 2, 0], total=36
2024-12-01 21:19:39,935 INFO server.py 327:: [Server] The aggregation takes 3.740721 seconds.

2024-12-01 21:19:39,936 INFO server.py 211:: [Server] Start testing
2024-12-01 21:19:39,962 INFO server.py 235:: [Server] Test set: Average loss: 1.2886, Accuracy: 85/200 (42.5%)

2024-12-01 21:19:39,965 INFO server.py 238:: [Sever] Confusion matrix:
 tensor([[50.,  0.,  0.,  0.],
        [47.,  0.,  0.,  3.],
        [38.,  0.,  0., 12.],
        [15.,  0.,  0., 35.]])
2024-12-01 21:19:39,967 INFO server.py 254:: [Server] Precision=[0.33333334        nan        nan 0.7       ],
 Recall=[1.  0.  0.  0.7],
 F1-score=[0.5 nan nan 0.7],
 my_accuracy=42.500001192092896[%]
