2024-12-03 18:27:04,564 INFO _main.py 39:: ################################################################
2024-12-03 18:27:04,565 INFO _main.py 41:: #                              batch_size: 64                  #
2024-12-03 18:27:04,566 INFO _main.py 41:: #                         test_batch_size: 64                  #
2024-12-03 18:27:04,566 INFO _main.py 41:: #                                  epochs: 10                  #
2024-12-03 18:27:04,566 INFO _main.py 41:: #                               optimizer: SGD                 #
2024-12-03 18:27:04,566 INFO _main.py 41:: #                                      lr: 0.01                #
2024-12-03 18:27:04,567 INFO _main.py 41:: #                                momentum: 0.9                 #
2024-12-03 18:27:04,567 INFO _main.py 41:: #                            weight_decay: 0.0001              #
2024-12-03 18:27:04,567 INFO _main.py 41:: #                                    seed: 1                   #
2024-12-03 18:27:04,567 INFO _main.py 41:: #                            log_interval: 11                  #
2024-12-03 18:27:04,567 INFO _main.py 41:: #                             num_clients: 40                  #
2024-12-03 18:27:04,567 INFO _main.py 41:: #                           output_folder: experiments         #
2024-12-03 18:27:04,567 INFO _main.py 41:: #                                 dataset: cifar100            #
2024-12-03 18:27:04,567 INFO _main.py 41:: #                             loader_type: dirichlet           #
2024-12-03 18:27:04,567 INFO _main.py 41:: #                             loader_path: ./data/loader.pk    #
2024-12-03 18:27:04,567 INFO _main.py 41:: #                                      AR: my_hog              #
2024-12-03 18:27:04,568 INFO _main.py 41:: #                     n_attacker_backdoor: 0                   #
2024-12-03 18:27:04,568 INFO _main.py 41:: #                        backdoor_trigger: [0, 0, 1, 1]        #
2024-12-03 18:27:04,568 INFO _main.py 41:: #                   n_attacker_omniscient: 0                   #
2024-12-03 18:27:04,568 INFO _main.py 41:: #                        omniscient_scale: 1                   #
2024-12-03 18:27:04,568 INFO _main.py 41:: #                                 attacks: None                #
2024-12-03 18:27:04,568 INFO _main.py 41:: #                      save_model_weights: False               #
2024-12-03 18:27:04,568 INFO _main.py 41:: #                         experiment_name: sExp4Ba_40ep_cifar100_my_hog_40C_5#
2024-12-03 18:27:04,568 INFO _main.py 41:: #                          path_to_aggNet: None                #
2024-12-03 18:27:04,568 INFO _main.py 41:: #                                  device: cuda                #
2024-12-03 18:27:04,568 INFO _main.py 41:: #                            inner_epochs: 4                   #
2024-12-03 18:27:04,568 INFO _main.py 41:: #                                 verbose: True                #
2024-12-03 18:27:04,569 INFO _main.py 41:: #                         list_unreliable: [2, 18, 20]         #
2024-12-03 18:27:04,569 INFO _main.py 41:: #                     unreliable_fraction: 0.5                 #
2024-12-03 18:27:04,569 INFO _main.py 41:: #                    unreliable_fracTrain: 0.3                 #
2024-12-03 18:27:04,569 INFO _main.py 41:: #                         mean_unreliable: 0.0                 #
2024-12-03 18:27:04,569 INFO _main.py 41:: #                             blur_method: add_noise           #
2024-12-03 18:27:04,569 INFO _main.py 41:: #                      max_std_unreliable: 30.0                #
2024-12-03 18:27:04,569 INFO _main.py 41:: #                     list_uatk_add_noise: [24, 25, 26]        #
2024-12-03 18:27:04,569 INFO _main.py 41:: #                          mean_add_noise: 0.0                 #
2024-12-03 18:27:04,569 INFO _main.py 41:: #                           std_add_noise: 0.01                #
2024-12-03 18:27:04,569 INFO _main.py 41:: #                     list_uatk_flip_sign: [0, 10, 11]         #
2024-12-03 18:27:04,569 INFO _main.py 42:: ################################################################
2024-12-03 18:27:04,570 INFO _main.py 43:: Namespace(batch_size=64, test_batch_size=64, epochs=10, optimizer='SGD', lr=0.01, momentum=0.9, weight_decay=0.0001, seed=1, log_interval=11, num_clients=40, output_folder='experiments', dataset='cifar100', loader_type='dirichlet', loader_path='./data/loader.pk', AR='my_hog', n_attacker_backdoor=0, backdoor_trigger=[0, 0, 1, 1], n_attacker_omniscient=0, omniscient_scale=1, attacks=None, save_model_weights=False, experiment_name='sExp4Ba_40ep_cifar100_my_hog_40C_5', path_to_aggNet=None, device='cuda', inner_epochs=4, verbose=True, list_unreliable=[2, 18, 20], unreliable_fraction=0.5, unreliable_fracTrain=0.3, mean_unreliable=0.0, blur_method='add_noise', max_std_unreliable=30.0, list_uatk_add_noise=[24, 25, 26], mean_add_noise=0.0, std_add_noise=0.01, list_uatk_flip_sign=[0, 10, 11])
2024-12-03 18:27:04,570 INFO _main.py 44:: #####################
2024-12-03 18:27:04,570 INFO _main.py 45:: #####################
2024-12-03 18:27:04,570 INFO _main.py 46:: #####################
2024-12-03 18:27:04,570 INFO _main.py 47:: Aggregation Rule:	my_hog
2024-12-03 18:27:04,570 INFO _main.py 48:: Data distribution:	dirichlet
2024-12-03 18:27:04,570 INFO _main.py 49:: Attacks:	None 
2024-12-03 18:27:04,570 INFO _main.py 50:: #####################
2024-12-03 18:27:04,570 INFO _main.py 51:: #####################
2024-12-03 18:27:04,570 INFO _main.py 52:: #####################
2024-12-03 18:27:07,889 INFO server.py 366:: SET DBSCAN eps=1.3, min_samples=10
2024-12-03 18:27:07,892 INFO _main.py 135:: [1-normal, 0-malicious] label =tensor([0., 1., 1., 1., 1., 1., 1., 1., 1., 1., 0., 0., 1., 1., 1., 1., 1., 1.,
        1., 1., 1., 1., 1., 1., 0., 0., 0., 1., 1., 1., 1., 1., 1., 1., 1., 1.,
        1., 1., 1., 1.])
2024-12-03 18:27:08,152 INFO malicious_clients.py 123:: init ATTACK OMNISCIENT Client 0
2024-12-03 18:27:08,635 INFO malicious_clients.py 18:: init UNRELIABLE Client 2
2024-12-03 18:27:10,878 INFO malicious_clients.py 123:: init ATTACK OMNISCIENT Client 10
2024-12-03 18:27:11,156 INFO malicious_clients.py 123:: init ATTACK OMNISCIENT Client 11
2024-12-03 18:27:13,040 INFO malicious_clients.py 18:: init UNRELIABLE Client 18
2024-12-03 18:27:13,598 INFO malicious_clients.py 18:: init UNRELIABLE Client 20
2024-12-03 18:27:14,737 INFO malicious_clients.py 73:: init ATTACK ADD NOISE TO GRAD Client 24
2024-12-03 18:27:15,005 INFO malicious_clients.py 73:: init ATTACK ADD NOISE TO GRAD Client 25
2024-12-03 18:27:15,272 INFO malicious_clients.py 73:: init ATTACK ADD NOISE TO GRAD Client 26
2024-12-03 18:27:18,931 INFO server.py 211:: [Server] Start testing
2024-12-03 18:27:23,054 INFO server.py 235:: [Server] Test set: Average loss: 4.7208, Accuracy: 100/10000 (1.0%)

2024-12-03 18:27:23,056 INFO server.py 238:: [Sever] Confusion matrix:
 tensor([[2., 1., 0.,  ..., 0., 0., 0.],
        [0., 1., 0.,  ..., 0., 0., 0.],
        [1., 1., 0.,  ..., 1., 0., 0.],
        ...,
        [0., 0., 1.,  ..., 1., 0., 0.],
        [1., 0., 1.,  ..., 0., 0., 0.],
        [0., 5., 0.,  ..., 0., 0., 0.]])
2024-12-03 18:27:23,071 INFO server.py 254:: [Server] Precision=[0.01785714 0.00617284 0.         0.         0.                nan
 0.                nan 0.05       0.         0.         0.00729927
 0.         0.                nan 0.00814212 0.16666667        nan
 0.         0.         0.         0.00478469 0.         0.
 0.14285715 0.         0.01212121 0.         0.         0.
 0.         0.         0.01039387 0.         0.01061947 0.
 0.01010101 0.         0.02061856 0.         0.                nan
        nan        nan 0.         0.         0.00711744        nan
        nan 0.         0.00149925        nan 0.         0.
        nan 0.02083333        nan 0.                nan 0.
        nan        nan 0.         0.00840336 0.01136364 0.
        nan 0.                nan        nan 0.03205128        nan
 0.         0.         0.01694915 0.         0.         0.00904977
 0.                nan 0.01086957 0.06060606 0.         0.02302632
 0.         0.         0.         0.         0.         0.
 0.         0.00284091 0.         0.         0.         0.
 0.         0.04              nan 0.        ],
 Recall=[0.02 0.01 0.   0.   0.   0.   0.   0.   0.03 0.   0.   0.01 0.   0.
 0.   0.11 0.02 0.   0.   0.   0.   0.01 0.   0.   0.01 0.   0.02 0.
 0.   0.   0.   0.   0.19 0.   0.06 0.   0.01 0.   0.02 0.   0.   0.
 0.   0.   0.   0.   0.04 0.   0.   0.   0.01 0.   0.   0.   0.   0.01
 0.   0.   0.   0.   0.   0.   0.   0.01 0.01 0.   0.   0.   0.   0.
 0.05 0.   0.   0.   0.01 0.   0.   0.02 0.   0.   0.01 0.08 0.   0.21
 0.   0.   0.   0.   0.   0.   0.   0.01 0.   0.   0.   0.   0.   0.01
 0.   0.  ],
 F1-score=[0.01886792 0.00763359        nan        nan        nan        nan
        nan        nan 0.0375            nan        nan 0.00843882
        nan        nan        nan 0.01516196 0.03571429        nan
        nan        nan        nan 0.00647249        nan        nan
 0.01869159        nan 0.01509434        nan        nan        nan
        nan        nan 0.01970954        nan 0.01804511        nan
 0.01005025        nan 0.02030457        nan        nan        nan
        nan        nan        nan        nan 0.01208459        nan
        nan        nan 0.00260756        nan        nan        nan
        nan 0.01351351        nan        nan        nan        nan
        nan        nan        nan 0.00913242 0.0106383         nan
        nan        nan        nan        nan 0.0390625         nan
        nan        nan 0.01257862        nan        nan 0.01246106
        nan        nan 0.01041667 0.06896552        nan 0.04150197
        nan        nan        nan        nan        nan        nan
        nan 0.00442478        nan        nan        nan        nan
        nan 0.016             nan        nan],
 my_accuracy=0.9999999776482582[%]
2024-12-03 18:27:23,072 INFO _main.py 209:: ########EPOCH 0 ########
2024-12-03 18:27:23,072 INFO _main.py 210:: ###Model distribution###
