2024-12-01 23:14:57,225 INFO _main.py 39:: ################################################################
2024-12-01 23:14:57,228 INFO _main.py 41:: #                              batch_size: 64                  #
2024-12-01 23:14:57,230 INFO _main.py 41:: #                         test_batch_size: 32                  #
2024-12-01 23:14:57,231 INFO _main.py 41:: #                                  epochs: 5                   #
2024-12-01 23:14:57,231 INFO _main.py 41:: #                               optimizer: SGD                 #
2024-12-01 23:14:57,232 INFO _main.py 41:: #                                      lr: 0.01                #
2024-12-01 23:14:57,232 INFO _main.py 41:: #                                momentum: 0.9                 #
2024-12-01 23:14:57,233 INFO _main.py 41:: #                            weight_decay: 0.0001              #
2024-12-01 23:14:57,233 INFO _main.py 41:: #                                    seed: 1                   #
2024-12-01 23:14:57,233 INFO _main.py 41:: #                            log_interval: 11                  #
2024-12-01 23:14:57,233 INFO _main.py 41:: #                             num_clients: 40                  #
2024-12-01 23:14:57,233 INFO _main.py 41:: #                           output_folder: experiments         #
2024-12-01 23:14:57,234 INFO _main.py 41:: #                                 dataset: rockburst           #
2024-12-01 23:14:57,234 INFO _main.py 41:: #                             loader_type: dirichlet           #
2024-12-01 23:14:57,235 INFO _main.py 41:: #                             loader_path: ./data/loader.pk    #
2024-12-01 23:14:57,235 INFO _main.py 41:: #                                      AR: gm                  #
2024-12-01 23:14:57,236 INFO _main.py 41:: #                     n_attacker_backdoor: 0                   #
2024-12-01 23:14:57,236 INFO _main.py 41:: #                        backdoor_trigger: [0, 0, 1, 1]        #
2024-12-01 23:14:57,236 INFO _main.py 41:: #                   n_attacker_omniscient: 0                   #
2024-12-01 23:14:57,236 INFO _main.py 41:: #                        omniscient_scale: 1                   #
2024-12-01 23:14:57,236 INFO _main.py 41:: #                                 attacks: None                #
2024-12-01 23:14:57,237 INFO _main.py 41:: #                      save_model_weights: False               #
2024-12-01 23:14:57,237 INFO _main.py 41:: #                         experiment_name: sExp4Ba_40ep_rockburst_gm_40C_5#
2024-12-01 23:14:57,237 INFO _main.py 41:: #                          path_to_aggNet: None                #
2024-12-01 23:14:57,238 INFO _main.py 41:: #                                  device: cpu                 #
2024-12-01 23:14:57,238 INFO _main.py 41:: #                            inner_epochs: 20                  #
2024-12-01 23:14:57,239 INFO _main.py 41:: #                                 verbose: True                #
2024-12-01 23:14:57,239 INFO _main.py 41:: #                         list_unreliable: [2, 18, 20]         #
2024-12-01 23:14:57,239 INFO _main.py 41:: #                     unreliable_fraction: 0.5                 #
2024-12-01 23:14:57,239 INFO _main.py 41:: #                    unreliable_fracTrain: 0.3                 #
2024-12-01 23:14:57,240 INFO _main.py 41:: #                         mean_unreliable: 0.0                 #
2024-12-01 23:14:57,240 INFO _main.py 41:: #                             blur_method: add_noise           #
2024-12-01 23:14:57,240 INFO _main.py 41:: #                      max_std_unreliable: 30.0                #
2024-12-01 23:14:57,240 INFO _main.py 41:: #                     list_uatk_add_noise: [24, 25, 26]        #
2024-12-01 23:14:57,241 INFO _main.py 41:: #                          mean_add_noise: 0.0                 #
2024-12-01 23:14:57,241 INFO _main.py 41:: #                           std_add_noise: 0.01                #
2024-12-01 23:14:57,241 INFO _main.py 41:: #                     list_uatk_flip_sign: [0, 10, 11]         #
2024-12-01 23:14:57,241 INFO _main.py 42:: ################################################################
2024-12-01 23:14:57,242 INFO _main.py 43:: Namespace(batch_size=64, test_batch_size=32, epochs=5, optimizer='SGD', lr=0.01, momentum=0.9, weight_decay=0.0001, seed=1, log_interval=11, num_clients=40, output_folder='experiments', dataset='rockburst', loader_type='dirichlet', loader_path='./data/loader.pk', AR='gm', n_attacker_backdoor=0, backdoor_trigger=[0, 0, 1, 1], n_attacker_omniscient=0, omniscient_scale=1, attacks=None, save_model_weights=False, experiment_name='sExp4Ba_40ep_rockburst_gm_40C_5', path_to_aggNet=None, device='cpu', inner_epochs=20, verbose=True, list_unreliable=[2, 18, 20], unreliable_fraction=0.5, unreliable_fracTrain=0.3, mean_unreliable=0.0, blur_method='add_noise', max_std_unreliable=30.0, list_uatk_add_noise=[24, 25, 26], mean_add_noise=0.0, std_add_noise=0.01, list_uatk_flip_sign=[0, 10, 11])
2024-12-01 23:14:57,242 INFO _main.py 44:: #####################
2024-12-01 23:14:57,242 INFO _main.py 45:: #####################
2024-12-01 23:14:57,242 INFO _main.py 46:: #####################
2024-12-01 23:14:57,242 INFO _main.py 47:: Aggregation Rule:	gm
2024-12-01 23:14:57,243 INFO _main.py 48:: Data distribution:	dirichlet
2024-12-01 23:14:57,243 INFO _main.py 49:: Attacks:	None 
2024-12-01 23:14:57,243 INFO _main.py 50:: #####################
2024-12-01 23:14:57,244 INFO _main.py 51:: #####################
2024-12-01 23:14:57,244 INFO _main.py 52:: #####################
2024-12-01 23:14:58,788 INFO server.py 366:: SET DBSCAN eps=1.3, min_samples=10
2024-12-01 23:14:58,791 INFO _main.py 135:: [1-normal, 0-malicious] label =tensor([0., 1., 1., 1., 1., 1., 1., 1., 1., 1., 0., 0., 1., 1., 1., 1., 1., 1.,
        1., 1., 1., 1., 1., 1., 0., 0., 0., 1., 1., 1., 1., 1., 1., 1., 1., 1.,
        1., 1., 1., 1.])
2024-12-01 23:14:58,796 INFO malicious_clients.py 123:: init ATTACK OMNISCIENT Client 0
2024-12-01 23:14:58,801 INFO malicious_clients.py 18:: init UNRELIABLE Client 2
2024-12-01 23:14:58,836 INFO malicious_clients.py 123:: init ATTACK OMNISCIENT Client 10
2024-12-01 23:14:58,840 INFO malicious_clients.py 123:: init ATTACK OMNISCIENT Client 11
2024-12-01 23:14:58,864 INFO malicious_clients.py 18:: init UNRELIABLE Client 18
2024-12-01 23:14:58,872 INFO malicious_clients.py 18:: init UNRELIABLE Client 20
2024-12-01 23:14:58,889 INFO malicious_clients.py 73:: init ATTACK ADD NOISE TO GRAD Client 24
2024-12-01 23:14:58,893 INFO malicious_clients.py 73:: init ATTACK ADD NOISE TO GRAD Client 25
2024-12-01 23:14:58,897 INFO malicious_clients.py 73:: init ATTACK ADD NOISE TO GRAD Client 26
2024-12-01 23:14:58,947 INFO server.py 211:: [Server] Start testing
2024-12-01 23:14:58,964 INFO server.py 235:: [Server] Test set: Average loss: 1.3864, Accuracy: 50/200 (25.0%)

2024-12-01 23:14:58,965 INFO server.py 238:: [Sever] Confusion matrix:
 tensor([[50.,  0.,  0.,  0.],
        [50.,  0.,  0.,  0.],
        [50.,  0.,  0.,  0.],
        [50.,  0.,  0.,  0.]])
2024-12-01 23:14:58,973 INFO server.py 254:: [Server] Precision=[0.25  nan  nan  nan],
 Recall=[1. 0. 0. 0.],
 F1-score=[0.4 nan nan nan],
 my_accuracy=25.0[%]
2024-12-01 23:14:58,975 INFO _main.py 209:: ########EPOCH 0 ########
2024-12-01 23:14:58,976 INFO _main.py 210:: ###Model distribution###
2024-12-01 23:15:01,026 INFO server.py 1064:: clients' sizes=[1, 2, 1, 0, 0, 0, 2, 2, 0, 1, 0, 1, 2, 2, 2, 2, 1, 1, 2, 0, 1, 1, 1, 1, 1, 0, 1, 1, 1, 1, 2, 0, 2, 0, 1, 2, 1, 0, 2, 0], total=41
2024-12-01 23:15:01,062 INFO server.py 327:: [Server] The aggregation takes 0.337039 seconds.

2024-12-01 23:15:01,063 INFO server.py 211:: [Server] Start testing
2024-12-01 23:15:01,078 INFO server.py 235:: [Server] Test set: Average loss: 1.3727, Accuracy: 50/200 (25.0%)

2024-12-01 23:15:01,079 INFO server.py 238:: [Sever] Confusion matrix:
 tensor([[50.,  0.,  0.,  0.],
        [50.,  0.,  0.,  0.],
        [50.,  0.,  0.,  0.],
        [50.,  0.,  0.,  0.]])
2024-12-01 23:15:01,080 INFO server.py 254:: [Server] Precision=[0.25  nan  nan  nan],
 Recall=[1. 0. 0. 0.],
 F1-score=[0.4 nan nan nan],
 my_accuracy=25.0[%]
2024-12-01 23:15:01,081 INFO _main.py 209:: ########EPOCH 1 ########
2024-12-01 23:15:01,082 INFO _main.py 210:: ###Model distribution###
2024-12-01 23:15:02,915 INFO server.py 1064:: clients' sizes=[1, 2, 1, 0, 0, 0, 2, 2, 0, 1, 0, 1, 2, 2, 2, 2, 1, 1, 2, 0, 1, 1, 1, 1, 1, 0, 1, 1, 1, 1, 2, 0, 2, 0, 1, 2, 1, 0, 2, 0], total=41
2024-12-01 23:15:02,959 INFO server.py 327:: [Server] The aggregation takes 0.046237 seconds.

2024-12-01 23:15:02,961 INFO server.py 211:: [Server] Start testing
2024-12-01 23:15:02,982 INFO server.py 235:: [Server] Test set: Average loss: 1.3394, Accuracy: 70/200 (35.0%)

2024-12-01 23:15:02,983 INFO server.py 238:: [Sever] Confusion matrix:
 tensor([[50.,  0.,  0.,  0.],
        [50.,  0.,  0.,  0.],
        [50.,  0.,  0.,  0.],
        [30.,  0.,  0., 20.]])
2024-12-01 23:15:02,985 INFO server.py 254:: [Server] Precision=[0.2777778       nan       nan 1.       ],
 Recall=[1.  0.  0.  0.4],
 F1-score=[0.43478262        nan        nan 0.5714286 ],
 my_accuracy=34.99999940395355[%]
2024-12-01 23:15:02,985 INFO _main.py 209:: ########EPOCH 2 ########
2024-12-01 23:15:02,986 INFO _main.py 210:: ###Model distribution###
2024-12-01 23:15:05,472 INFO server.py 1064:: clients' sizes=[1, 2, 1, 0, 0, 0, 2, 2, 0, 1, 0, 1, 2, 2, 2, 2, 1, 1, 2, 0, 1, 1, 1, 1, 1, 0, 1, 1, 1, 1, 2, 0, 2, 0, 1, 2, 1, 0, 2, 0], total=41
2024-12-01 23:15:05,516 INFO server.py 327:: [Server] The aggregation takes 0.045101 seconds.

2024-12-01 23:15:05,518 INFO server.py 211:: [Server] Start testing
2024-12-01 23:15:05,537 INFO server.py 235:: [Server] Test set: Average loss: 1.2844, Accuracy: 80/200 (40.0%)

2024-12-01 23:15:05,538 INFO server.py 238:: [Sever] Confusion matrix:
 tensor([[50.,  0.,  0.,  0.],
        [47.,  0.,  0.,  3.],
        [45.,  0.,  0.,  5.],
        [20.,  0.,  0., 30.]])
2024-12-01 23:15:05,540 INFO server.py 254:: [Server] Precision=[0.30864197        nan        nan 0.7894737 ],
 Recall=[1.  0.  0.  0.6],
 F1-score=[0.47169814        nan        nan 0.68181825],
 my_accuracy=40.00000059604645[%]
2024-12-01 23:15:05,540 INFO _main.py 209:: ########EPOCH 3 ########
2024-12-01 23:15:05,548 INFO _main.py 210:: ###Model distribution###
2024-12-01 23:15:08,161 INFO server.py 1064:: clients' sizes=[1, 2, 1, 0, 0, 0, 2, 2, 0, 1, 0, 1, 2, 2, 2, 2, 1, 1, 2, 0, 1, 1, 1, 1, 1, 0, 1, 1, 1, 1, 2, 0, 2, 0, 1, 2, 1, 0, 2, 0], total=41
2024-12-01 23:15:08,199 INFO server.py 327:: [Server] The aggregation takes 0.039911 seconds.

2024-12-01 23:15:08,202 INFO server.py 211:: [Server] Start testing
2024-12-01 23:15:08,224 INFO server.py 235:: [Server] Test set: Average loss: 1.2117, Accuracy: 88/200 (44.0%)

2024-12-01 23:15:08,225 INFO server.py 238:: [Sever] Confusion matrix:
 tensor([[50.,  0.,  0.,  0.],
        [46.,  1.,  0.,  3.],
        [37.,  0.,  1., 12.],
        [11.,  0.,  3., 36.]])
2024-12-01 23:15:08,227 INFO server.py 254:: [Server] Precision=[0.3472222 1.        0.25      0.7058824],
 Recall=[1.   0.02 0.02 0.72],
 F1-score=[0.5154639  0.03921569 0.03703703 0.7128714 ],
 my_accuracy=43.99999976158142[%]
2024-12-01 23:15:08,228 INFO _main.py 209:: ########EPOCH 4 ########
2024-12-01 23:15:08,228 INFO _main.py 210:: ###Model distribution###
2024-12-01 23:15:10,038 INFO server.py 1064:: clients' sizes=[1, 2, 1, 0, 0, 0, 2, 2, 0, 1, 0, 1, 2, 2, 2, 2, 1, 1, 2, 0, 1, 1, 1, 1, 1, 0, 1, 1, 1, 1, 2, 0, 2, 0, 1, 2, 1, 0, 2, 0], total=41
2024-12-01 23:15:10,086 INFO server.py 327:: [Server] The aggregation takes 0.050455 seconds.

2024-12-01 23:15:10,088 INFO server.py 211:: [Server] Start testing
2024-12-01 23:15:10,115 INFO server.py 235:: [Server] Test set: Average loss: 1.1404, Accuracy: 100/200 (50.0%)

2024-12-01 23:15:10,118 INFO server.py 238:: [Sever] Confusion matrix:
 tensor([[47.,  3.,  0.,  0.],
        [34., 11.,  2.,  3.],
        [25.,  7.,  6., 12.],
        [ 9.,  0.,  5., 36.]])
2024-12-01 23:15:10,120 INFO server.py 254:: [Server] Precision=[0.40869564 0.52380955 0.46153846 0.7058824 ],
 Recall=[0.94 0.22 0.12 0.72],
 F1-score=[0.56969696 0.30985916 0.1904762  0.7128714 ],
 my_accuracy=50.0[%]
