2024-12-02 02:38:59,118 INFO _main.py 39:: ################################################################
2024-12-02 02:38:59,119 INFO _main.py 41:: #                              batch_size: 64                  #
2024-12-02 02:38:59,120 INFO _main.py 41:: #                         test_batch_size: 32                  #
2024-12-02 02:38:59,120 INFO _main.py 41:: #                                  epochs: 50                  #
2024-12-02 02:38:59,120 INFO _main.py 41:: #                               optimizer: SGD                 #
2024-12-02 02:38:59,120 INFO _main.py 41:: #                                      lr: 0.01                #
2024-12-02 02:38:59,120 INFO _main.py 41:: #                                momentum: 0.9                 #
2024-12-02 02:38:59,123 INFO _main.py 41:: #                            weight_decay: 0.0001              #
2024-12-02 02:38:59,124 INFO _main.py 41:: #                                    seed: 1                   #
2024-12-02 02:38:59,124 INFO _main.py 41:: #                            log_interval: 11                  #
2024-12-02 02:38:59,124 INFO _main.py 41:: #                             num_clients: 40                  #
2024-12-02 02:38:59,124 INFO _main.py 41:: #                           output_folder: experiments         #
2024-12-02 02:38:59,125 INFO _main.py 41:: #                                 dataset: rockburst           #
2024-12-02 02:38:59,125 INFO _main.py 41:: #                             loader_type: dirichlet           #
2024-12-02 02:38:59,125 INFO _main.py 41:: #                             loader_path: ./data/loader.pk    #
2024-12-02 02:38:59,125 INFO _main.py 41:: #                                      AR: gm                  #
2024-12-02 02:38:59,125 INFO _main.py 41:: #                     n_attacker_backdoor: 0                   #
2024-12-02 02:38:59,126 INFO _main.py 41:: #                        backdoor_trigger: [0, 0, 1, 1]        #
2024-12-02 02:38:59,126 INFO _main.py 41:: #                   n_attacker_omniscient: 0                   #
2024-12-02 02:38:59,126 INFO _main.py 41:: #                        omniscient_scale: 1                   #
2024-12-02 02:38:59,126 INFO _main.py 41:: #                                 attacks: None                #
2024-12-02 02:38:59,126 INFO _main.py 41:: #                      save_model_weights: False               #
2024-12-02 02:38:59,127 INFO _main.py 41:: #                         experiment_name: sExp4Ba_40ep_rockburst_gm_40C_5#
2024-12-02 02:38:59,127 INFO _main.py 41:: #                          path_to_aggNet: None                #
2024-12-02 02:38:59,127 INFO _main.py 41:: #                                  device: cpu                 #
2024-12-02 02:38:59,127 INFO _main.py 41:: #                            inner_epochs: 30                  #
2024-12-02 02:38:59,127 INFO _main.py 41:: #                                 verbose: True                #
2024-12-02 02:38:59,127 INFO _main.py 41:: #                         list_unreliable: [2, 18, 20]         #
2024-12-02 02:38:59,127 INFO _main.py 41:: #                     unreliable_fraction: 0.5                 #
2024-12-02 02:38:59,128 INFO _main.py 41:: #                    unreliable_fracTrain: 0.3                 #
2024-12-02 02:38:59,128 INFO _main.py 41:: #                         mean_unreliable: 0.0                 #
2024-12-02 02:38:59,128 INFO _main.py 41:: #                             blur_method: add_noise           #
2024-12-02 02:38:59,128 INFO _main.py 41:: #                      max_std_unreliable: 30.0                #
2024-12-02 02:38:59,128 INFO _main.py 41:: #                     list_uatk_add_noise: [24, 25, 26]        #
2024-12-02 02:38:59,129 INFO _main.py 41:: #                          mean_add_noise: 0.0                 #
2024-12-02 02:38:59,129 INFO _main.py 41:: #                           std_add_noise: 0.01                #
2024-12-02 02:38:59,129 INFO _main.py 41:: #                     list_uatk_flip_sign: [0, 10, 11]         #
2024-12-02 02:38:59,129 INFO _main.py 42:: ################################################################
2024-12-02 02:38:59,132 INFO _main.py 43:: Namespace(batch_size=64, test_batch_size=32, epochs=50, optimizer='SGD', lr=0.01, momentum=0.9, weight_decay=0.0001, seed=1, log_interval=11, num_clients=40, output_folder='experiments', dataset='rockburst', loader_type='dirichlet', loader_path='./data/loader.pk', AR='gm', n_attacker_backdoor=0, backdoor_trigger=[0, 0, 1, 1], n_attacker_omniscient=0, omniscient_scale=1, attacks=None, save_model_weights=False, experiment_name='sExp4Ba_40ep_rockburst_gm_40C_5', path_to_aggNet=None, device='cpu', inner_epochs=30, verbose=True, list_unreliable=[2, 18, 20], unreliable_fraction=0.5, unreliable_fracTrain=0.3, mean_unreliable=0.0, blur_method='add_noise', max_std_unreliable=30.0, list_uatk_add_noise=[24, 25, 26], mean_add_noise=0.0, std_add_noise=0.01, list_uatk_flip_sign=[0, 10, 11])
2024-12-02 02:38:59,132 INFO _main.py 44:: #####################
2024-12-02 02:38:59,132 INFO _main.py 45:: #####################
2024-12-02 02:38:59,132 INFO _main.py 46:: #####################
2024-12-02 02:38:59,133 INFO _main.py 47:: Aggregation Rule:	gm
2024-12-02 02:38:59,133 INFO _main.py 48:: Data distribution:	dirichlet
2024-12-02 02:38:59,133 INFO _main.py 49:: Attacks:	None 
2024-12-02 02:38:59,133 INFO _main.py 50:: #####################
2024-12-02 02:38:59,133 INFO _main.py 51:: #####################
2024-12-02 02:38:59,133 INFO _main.py 52:: #####################
2024-12-02 02:39:01,454 INFO server.py 366:: SET DBSCAN eps=1.3, min_samples=10
2024-12-02 02:39:01,459 INFO _main.py 135:: [1-normal, 0-malicious] label =tensor([0., 1., 1., 1., 1., 1., 1., 1., 1., 1., 0., 0., 1., 1., 1., 1., 1., 1.,
        1., 1., 1., 1., 1., 1., 0., 0., 0., 1., 1., 1., 1., 1., 1., 1., 1., 1.,
        1., 1., 1., 1.])
2024-12-02 02:39:01,477 INFO malicious_clients.py 123:: init ATTACK OMNISCIENT Client 0
2024-12-02 02:39:01,493 INFO malicious_clients.py 18:: init UNRELIABLE Client 2
2024-12-02 02:39:01,555 INFO malicious_clients.py 123:: init ATTACK OMNISCIENT Client 10
2024-12-02 02:39:01,560 INFO malicious_clients.py 123:: init ATTACK OMNISCIENT Client 11
2024-12-02 02:39:01,607 INFO malicious_clients.py 18:: init UNRELIABLE Client 18
2024-12-02 02:39:01,618 INFO malicious_clients.py 18:: init UNRELIABLE Client 20
2024-12-02 02:39:01,638 INFO malicious_clients.py 73:: init ATTACK ADD NOISE TO GRAD Client 24
2024-12-02 02:39:01,642 INFO malicious_clients.py 73:: init ATTACK ADD NOISE TO GRAD Client 25
2024-12-02 02:39:01,649 INFO malicious_clients.py 73:: init ATTACK ADD NOISE TO GRAD Client 26
2024-12-02 02:39:01,732 INFO server.py 211:: [Server] Start testing
2024-12-02 02:39:01,750 INFO server.py 235:: [Server] Test set: Average loss: 1.3864, Accuracy: 50/200 (25.0%)

2024-12-02 02:39:01,751 INFO server.py 238:: [Sever] Confusion matrix:
 tensor([[50.,  0.,  0.,  0.],
        [50.,  0.,  0.,  0.],
        [50.,  0.,  0.,  0.],
        [50.,  0.,  0.,  0.]])
2024-12-02 02:39:01,762 INFO server.py 254:: [Server] Precision=[0.25  nan  nan  nan],
 Recall=[1. 0. 0. 0.],
 F1-score=[0.4 nan nan nan],
 my_accuracy=25.0[%]
2024-12-02 02:39:01,764 INFO _main.py 209:: ########EPOCH 0 ########
2024-12-02 02:39:01,764 INFO _main.py 210:: ###Model distribution###
2024-12-02 02:39:05,169 INFO server.py 1080:: clients' sizes=[1, 2, 1, 0, 0, 0, 2, 2, 0, 1, 0, 1, 2, 2, 2, 2, 1, 1, 2, 0, 1, 1, 1, 1, 1, 0, 1, 1, 1, 1, 2, 0, 2, 0, 1, 2, 1, 0, 2, 0], total=41
2024-12-02 02:39:05,194 INFO server.py 327:: [Server] The aggregation takes 0.034862 seconds.

2024-12-02 02:39:05,195 INFO server.py 211:: [Server] Start testing
2024-12-02 02:39:05,209 INFO server.py 235:: [Server] Test set: Average loss: 1.3575, Accuracy: 63/200 (31.5%)

2024-12-02 02:39:05,210 INFO server.py 238:: [Sever] Confusion matrix:
 tensor([[50.,  0.,  0.,  0.],
        [50.,  0.,  0.,  0.],
        [50.,  0.,  0.,  0.],
        [37.,  0.,  0., 13.]])
2024-12-02 02:39:05,212 INFO server.py 254:: [Server] Precision=[0.26737967        nan        nan 1.        ],
 Recall=[1.   0.   0.   0.26],
 F1-score=[0.42194092        nan        nan 0.4126984 ],
 my_accuracy=31.49999976158142[%]
2024-12-02 02:39:05,213 INFO _main.py 209:: ########EPOCH 1 ########
2024-12-02 02:39:05,214 INFO _main.py 210:: ###Model distribution###
2024-12-02 02:39:07,765 INFO server.py 1080:: clients' sizes=[1, 2, 1, 0, 0, 0, 2, 2, 0, 1, 0, 1, 2, 2, 2, 2, 1, 1, 2, 0, 1, 1, 1, 1, 1, 0, 1, 1, 1, 1, 2, 0, 2, 0, 1, 2, 1, 0, 2, 0], total=41
2024-12-02 02:39:07,788 INFO server.py 327:: [Server] The aggregation takes 0.023549 seconds.

2024-12-02 02:39:07,789 INFO server.py 211:: [Server] Start testing
2024-12-02 02:39:07,803 INFO server.py 235:: [Server] Test set: Average loss: 1.2808, Accuracy: 80/200 (40.0%)

2024-12-02 02:39:07,804 INFO server.py 238:: [Sever] Confusion matrix:
 tensor([[50.,  0.,  0.,  0.],
        [47.,  0.,  0.,  3.],
        [47.,  0.,  0.,  3.],
        [20.,  0.,  0., 30.]])
2024-12-02 02:39:07,806 INFO server.py 254:: [Server] Precision=[0.30487806        nan        nan 0.8333333 ],
 Recall=[1.  0.  0.  0.6],
 F1-score=[0.46728975        nan        nan 0.6976744 ],
 my_accuracy=40.00000059604645[%]
2024-12-02 02:39:07,806 INFO _main.py 209:: ########EPOCH 2 ########
2024-12-02 02:39:07,807 INFO _main.py 210:: ###Model distribution###
2024-12-02 02:39:10,932 INFO server.py 1080:: clients' sizes=[1, 2, 1, 0, 0, 0, 2, 2, 0, 1, 0, 1, 2, 2, 2, 2, 1, 1, 2, 0, 1, 1, 1, 1, 1, 0, 1, 1, 1, 1, 2, 0, 2, 0, 1, 2, 1, 0, 2, 0], total=41
2024-12-02 02:39:10,965 INFO server.py 327:: [Server] The aggregation takes 0.035099 seconds.

2024-12-02 02:39:10,967 INFO server.py 211:: [Server] Start testing
2024-12-02 02:39:11,010 INFO server.py 235:: [Server] Test set: Average loss: 1.1743, Accuracy: 90/200 (45.0%)

2024-12-02 02:39:11,014 INFO server.py 238:: [Sever] Confusion matrix:
 tensor([[50.,  0.,  0.,  0.],
        [45.,  0.,  2.,  3.],
        [32.,  2.,  4., 12.],
        [ 9.,  0.,  5., 36.]])
2024-12-02 02:39:11,015 INFO server.py 254:: [Server] Precision=[0.36764705 0.         0.36363637 0.7058824 ],
 Recall=[1.   0.   0.08 0.72],
 F1-score=[0.5376344         nan 0.13114755 0.7128714 ],
 my_accuracy=44.999998807907104[%]
2024-12-02 02:39:11,016 INFO _main.py 209:: ########EPOCH 3 ########
2024-12-02 02:39:11,017 INFO _main.py 210:: ###Model distribution###
2024-12-02 02:39:15,734 INFO server.py 1080:: clients' sizes=[1, 2, 1, 0, 0, 0, 2, 2, 0, 1, 0, 1, 2, 2, 2, 2, 1, 1, 2, 0, 1, 1, 1, 1, 1, 0, 1, 1, 1, 1, 2, 0, 2, 0, 1, 2, 1, 0, 2, 0], total=41
2024-12-02 02:39:15,758 INFO server.py 327:: [Server] The aggregation takes 0.025479 seconds.

2024-12-02 02:39:15,760 INFO server.py 211:: [Server] Start testing
2024-12-02 02:39:15,774 INFO server.py 235:: [Server] Test set: Average loss: 1.0826, Accuracy: 113/200 (56.5%)

2024-12-02 02:39:15,775 INFO server.py 238:: [Sever] Confusion matrix:
 tensor([[47.,  2.,  1.,  0.],
        [25., 19.,  3.,  3.],
        [18., 10., 10., 12.],
        [ 5.,  3.,  5., 37.]])
2024-12-02 02:39:15,777 INFO server.py 254:: [Server] Precision=[0.49473685 0.5588235  0.5263158  0.71153843],
 Recall=[0.94 0.38 0.2  0.74],
 F1-score=[0.64827585 0.45238093 0.2898551  0.72549015],
 my_accuracy=56.49999976158142[%]
2024-12-02 02:39:15,778 INFO _main.py 209:: ########EPOCH 4 ########
2024-12-02 02:39:15,779 INFO _main.py 210:: ###Model distribution###
2024-12-02 02:39:18,355 INFO server.py 1080:: clients' sizes=[1, 2, 1, 0, 0, 0, 2, 2, 0, 1, 0, 1, 2, 2, 2, 2, 1, 1, 2, 0, 1, 1, 1, 1, 1, 0, 1, 1, 1, 1, 2, 0, 2, 0, 1, 2, 1, 0, 2, 0], total=41
2024-12-02 02:39:18,379 INFO server.py 327:: [Server] The aggregation takes 0.024107 seconds.

2024-12-02 02:39:18,380 INFO server.py 211:: [Server] Start testing
2024-12-02 02:39:18,394 INFO server.py 235:: [Server] Test set: Average loss: 1.0239, Accuracy: 120/200 (60.0%)

2024-12-02 02:39:18,395 INFO server.py 238:: [Sever] Confusion matrix:
 tensor([[47.,  1.,  2.,  0.],
        [21., 23.,  3.,  3.],
        [16., 13., 11., 10.],
        [ 0.,  6.,  5., 39.]])
2024-12-02 02:39:18,397 INFO server.py 254:: [Server] Precision=[0.5595238  0.53488374 0.52380955 0.75      ],
 Recall=[0.94 0.46 0.22 0.78],
 F1-score=[0.70149255 0.49462366 0.30985916 0.7647059 ],
 my_accuracy=60.00000238418579[%]
2024-12-02 02:39:18,397 INFO _main.py 209:: ########EPOCH 5 ########
2024-12-02 02:39:18,398 INFO _main.py 210:: ###Model distribution###
2024-12-02 02:39:21,157 INFO server.py 1080:: clients' sizes=[1, 2, 1, 0, 0, 0, 2, 2, 0, 1, 0, 1, 2, 2, 2, 2, 1, 1, 2, 0, 1, 1, 1, 1, 1, 0, 1, 1, 1, 1, 2, 0, 2, 0, 1, 2, 1, 0, 2, 0], total=41
2024-12-02 02:39:21,182 INFO server.py 327:: [Server] The aggregation takes 0.025438 seconds.

2024-12-02 02:39:21,183 INFO server.py 211:: [Server] Start testing
2024-12-02 02:39:21,198 INFO server.py 235:: [Server] Test set: Average loss: 0.9810, Accuracy: 117/200 (58.5%)

2024-12-02 02:39:21,199 INFO server.py 238:: [Sever] Confusion matrix:
 tensor([[42.,  6.,  2.,  0.],
        [20., 23.,  4.,  3.],
        [14., 13., 13., 10.],
        [ 0.,  6.,  5., 39.]])
2024-12-02 02:39:21,201 INFO server.py 254:: [Server] Precision=[0.55263156 0.47916666 0.5416667  0.75      ],
 Recall=[0.84 0.46 0.26 0.78],
 F1-score=[0.6666666  0.46938774 0.35135135 0.7647059 ],
 my_accuracy=58.49999785423279[%]
2024-12-02 02:39:21,201 INFO _main.py 209:: ########EPOCH 6 ########
2024-12-02 02:39:21,202 INFO _main.py 210:: ###Model distribution###
2024-12-02 02:39:24,459 INFO server.py 1080:: clients' sizes=[1, 2, 1, 0, 0, 0, 2, 2, 0, 1, 0, 1, 2, 2, 2, 2, 1, 1, 2, 0, 1, 1, 1, 1, 1, 0, 1, 1, 1, 1, 2, 0, 2, 0, 1, 2, 1, 0, 2, 0], total=41
2024-12-02 02:39:24,482 INFO server.py 327:: [Server] The aggregation takes 0.024175 seconds.

2024-12-02 02:39:24,484 INFO server.py 211:: [Server] Start testing
2024-12-02 02:39:24,499 INFO server.py 235:: [Server] Test set: Average loss: 0.9544, Accuracy: 115/200 (57.5%)

2024-12-02 02:39:24,500 INFO server.py 238:: [Sever] Confusion matrix:
 tensor([[41.,  7.,  2.,  0.],
        [20., 21.,  6.,  3.],
        [10., 15., 14., 11.],
        [ 0.,  6.,  5., 39.]])
2024-12-02 02:39:24,502 INFO server.py 254:: [Server] Precision=[0.57746476 0.42857143 0.5185185  0.7358491 ],
 Recall=[0.82 0.42 0.28 0.78],
 F1-score=[0.677686   0.4242424  0.36363637 0.75728154],
 my_accuracy=57.499998807907104[%]
2024-12-02 02:39:24,502 INFO _main.py 209:: ########EPOCH 7 ########
2024-12-02 02:39:24,503 INFO _main.py 210:: ###Model distribution###
2024-12-02 02:39:27,843 INFO server.py 1080:: clients' sizes=[1, 2, 1, 0, 0, 0, 2, 2, 0, 1, 0, 1, 2, 2, 2, 2, 1, 1, 2, 0, 1, 1, 1, 1, 1, 0, 1, 1, 1, 1, 2, 0, 2, 0, 1, 2, 1, 0, 2, 0], total=41
2024-12-02 02:39:27,876 INFO server.py 327:: [Server] The aggregation takes 0.034224 seconds.

2024-12-02 02:39:27,878 INFO server.py 211:: [Server] Start testing
2024-12-02 02:39:27,897 INFO server.py 235:: [Server] Test set: Average loss: 0.9345, Accuracy: 116/200 (58.0%)

2024-12-02 02:39:27,899 INFO server.py 238:: [Sever] Confusion matrix:
 tensor([[41.,  7.,  2.,  0.],
        [19., 21.,  7.,  3.],
        [10., 14., 15., 11.],
        [ 0.,  6.,  5., 39.]])
2024-12-02 02:39:27,901 INFO server.py 254:: [Server] Precision=[0.5857143  0.4375     0.51724136 0.7358491 ],
 Recall=[0.82 0.42 0.3  0.78],
 F1-score=[0.68333334 0.42857143 0.37974682 0.75728154],
 my_accuracy=57.999998331069946[%]
2024-12-02 02:39:27,901 INFO _main.py 209:: ########EPOCH 8 ########
2024-12-02 02:39:27,902 INFO _main.py 210:: ###Model distribution###
2024-12-02 02:39:32,052 INFO server.py 1080:: clients' sizes=[1, 2, 1, 0, 0, 0, 2, 2, 0, 1, 0, 1, 2, 2, 2, 2, 1, 1, 2, 0, 1, 1, 1, 1, 1, 0, 1, 1, 1, 1, 2, 0, 2, 0, 1, 2, 1, 0, 2, 0], total=41
2024-12-02 02:39:32,090 INFO server.py 327:: [Server] The aggregation takes 0.039224 seconds.

2024-12-02 02:39:32,092 INFO server.py 211:: [Server] Start testing
2024-12-02 02:39:32,118 INFO server.py 235:: [Server] Test set: Average loss: 0.9202, Accuracy: 116/200 (58.0%)

2024-12-02 02:39:32,119 INFO server.py 238:: [Sever] Confusion matrix:
 tensor([[41.,  7.,  2.,  0.],
        [18., 22.,  7.,  3.],
        [ 9., 15., 14., 12.],
        [ 0.,  6.,  5., 39.]])
2024-12-02 02:39:32,121 INFO server.py 254:: [Server] Precision=[0.60294116 0.44       0.5        0.7222222 ],
 Recall=[0.82 0.44 0.28 0.78],
 F1-score=[0.6949152  0.44       0.35897437 0.74999994],
 my_accuracy=57.999998331069946[%]
2024-12-02 02:39:32,122 INFO _main.py 209:: ########EPOCH 9 ########
2024-12-02 02:39:32,123 INFO _main.py 210:: ###Model distribution###
2024-12-02 02:39:35,219 INFO server.py 1080:: clients' sizes=[1, 2, 1, 0, 0, 0, 2, 2, 0, 1, 0, 1, 2, 2, 2, 2, 1, 1, 2, 0, 1, 1, 1, 1, 1, 0, 1, 1, 1, 1, 2, 0, 2, 0, 1, 2, 1, 0, 2, 0], total=41
2024-12-02 02:39:35,243 INFO server.py 327:: [Server] The aggregation takes 0.024987 seconds.

2024-12-02 02:39:35,245 INFO server.py 211:: [Server] Start testing
2024-12-02 02:39:35,261 INFO server.py 235:: [Server] Test set: Average loss: 0.9099, Accuracy: 116/200 (58.0%)

2024-12-02 02:39:35,262 INFO server.py 238:: [Sever] Confusion matrix:
 tensor([[41.,  7.,  2.,  0.],
        [18., 22.,  7.,  3.],
        [10., 14., 14., 12.],
        [ 0.,  6.,  5., 39.]])
2024-12-02 02:39:35,264 INFO server.py 254:: [Server] Precision=[0.5942029 0.4489796 0.5       0.7222222],
 Recall=[0.82 0.44 0.28 0.78],
 F1-score=[0.6890756  0.44444445 0.35897437 0.74999994],
 my_accuracy=57.999998331069946[%]
2024-12-02 02:39:35,265 INFO _main.py 209:: ########EPOCH 10 ########
2024-12-02 02:39:35,266 INFO _main.py 210:: ###Model distribution###
2024-12-02 02:39:38,009 INFO server.py 1080:: clients' sizes=[1, 2, 1, 0, 0, 0, 2, 2, 0, 1, 0, 1, 2, 2, 2, 2, 1, 1, 2, 0, 1, 1, 1, 1, 1, 0, 1, 1, 1, 1, 2, 0, 2, 0, 1, 2, 1, 0, 2, 0], total=41
2024-12-02 02:39:38,034 INFO server.py 327:: [Server] The aggregation takes 0.026045 seconds.

2024-12-02 02:39:38,036 INFO server.py 211:: [Server] Start testing
2024-12-02 02:39:38,051 INFO server.py 235:: [Server] Test set: Average loss: 0.9020, Accuracy: 116/200 (58.0%)

2024-12-02 02:39:38,052 INFO server.py 238:: [Sever] Confusion matrix:
 tensor([[41.,  7.,  2.,  0.],
        [18., 22.,  7.,  3.],
        [10., 14., 14., 12.],
        [ 0.,  6.,  5., 39.]])
2024-12-02 02:39:38,054 INFO server.py 254:: [Server] Precision=[0.5942029 0.4489796 0.5       0.7222222],
 Recall=[0.82 0.44 0.28 0.78],
 F1-score=[0.6890756  0.44444445 0.35897437 0.74999994],
 my_accuracy=57.999998331069946[%]
2024-12-02 02:39:38,055 INFO _main.py 209:: ########EPOCH 11 ########
2024-12-02 02:39:38,056 INFO _main.py 210:: ###Model distribution###
2024-12-02 02:39:40,679 INFO server.py 1080:: clients' sizes=[1, 2, 1, 0, 0, 0, 2, 2, 0, 1, 0, 1, 2, 2, 2, 2, 1, 1, 2, 0, 1, 1, 1, 1, 1, 0, 1, 1, 1, 1, 2, 0, 2, 0, 1, 2, 1, 0, 2, 0], total=41
2024-12-02 02:39:40,716 INFO server.py 327:: [Server] The aggregation takes 0.037633 seconds.

2024-12-02 02:39:40,718 INFO server.py 211:: [Server] Start testing
2024-12-02 02:39:40,732 INFO server.py 235:: [Server] Test set: Average loss: 0.8956, Accuracy: 115/200 (57.5%)

2024-12-02 02:39:40,733 INFO server.py 238:: [Sever] Confusion matrix:
 tensor([[41.,  7.,  2.,  0.],
        [18., 21.,  8.,  3.],
        [ 9., 15., 14., 12.],
        [ 0.,  6.,  5., 39.]])
2024-12-02 02:39:40,735 INFO server.py 254:: [Server] Precision=[0.60294116 0.42857143 0.4827586  0.7222222 ],
 Recall=[0.82 0.42 0.28 0.78],
 F1-score=[0.6949152  0.4242424  0.35443038 0.74999994],
 my_accuracy=57.499998807907104[%]
2024-12-02 02:39:40,735 INFO _main.py 209:: ########EPOCH 12 ########
2024-12-02 02:39:40,735 INFO _main.py 210:: ###Model distribution###
2024-12-02 02:39:44,920 INFO server.py 1080:: clients' sizes=[1, 2, 1, 0, 0, 0, 2, 2, 0, 1, 0, 1, 2, 2, 2, 2, 1, 1, 2, 0, 1, 1, 1, 1, 1, 0, 1, 1, 1, 1, 2, 0, 2, 0, 1, 2, 1, 0, 2, 0], total=41
2024-12-02 02:39:44,954 INFO server.py 327:: [Server] The aggregation takes 0.034551 seconds.

2024-12-02 02:39:44,955 INFO server.py 211:: [Server] Start testing
2024-12-02 02:39:44,976 INFO server.py 235:: [Server] Test set: Average loss: 0.8897, Accuracy: 117/200 (58.5%)

2024-12-02 02:39:44,977 INFO server.py 238:: [Sever] Confusion matrix:
 tensor([[41.,  7.,  2.,  0.],
        [18., 20.,  9.,  3.],
        [ 9., 13., 17., 11.],
        [ 0.,  5.,  6., 39.]])
2024-12-02 02:39:44,979 INFO server.py 254:: [Server] Precision=[0.60294116 0.44444445 0.5        0.7358491 ],
 Recall=[0.82 0.4  0.34 0.78],
 F1-score=[0.6949152  0.42105263 0.40476188 0.75728154],
 my_accuracy=58.49999785423279[%]
2024-12-02 02:39:44,980 INFO _main.py 209:: ########EPOCH 13 ########
2024-12-02 02:39:44,980 INFO _main.py 210:: ###Model distribution###
2024-12-02 02:39:48,560 INFO server.py 1080:: clients' sizes=[1, 2, 1, 0, 0, 0, 2, 2, 0, 1, 0, 1, 2, 2, 2, 2, 1, 1, 2, 0, 1, 1, 1, 1, 1, 0, 1, 1, 1, 1, 2, 0, 2, 0, 1, 2, 1, 0, 2, 0], total=41
2024-12-02 02:39:48,584 INFO server.py 327:: [Server] The aggregation takes 0.024496 seconds.

2024-12-02 02:39:48,585 INFO server.py 211:: [Server] Start testing
2024-12-02 02:39:48,599 INFO server.py 235:: [Server] Test set: Average loss: 0.8845, Accuracy: 117/200 (58.5%)

2024-12-02 02:39:48,601 INFO server.py 238:: [Sever] Confusion matrix:
 tensor([[41.,  7.,  2.,  0.],
        [18., 20.,  9.,  3.],
        [ 9., 13., 17., 11.],
        [ 0.,  5.,  6., 39.]])
2024-12-02 02:39:48,602 INFO server.py 254:: [Server] Precision=[0.60294116 0.44444445 0.5        0.7358491 ],
 Recall=[0.82 0.4  0.34 0.78],
 F1-score=[0.6949152  0.42105263 0.40476188 0.75728154],
 my_accuracy=58.49999785423279[%]
2024-12-02 02:39:48,603 INFO _main.py 209:: ########EPOCH 14 ########
2024-12-02 02:39:48,603 INFO _main.py 210:: ###Model distribution###
2024-12-02 02:39:51,141 INFO server.py 1080:: clients' sizes=[1, 2, 1, 0, 0, 0, 2, 2, 0, 1, 0, 1, 2, 2, 2, 2, 1, 1, 2, 0, 1, 1, 1, 1, 1, 0, 1, 1, 1, 1, 2, 0, 2, 0, 1, 2, 1, 0, 2, 0], total=41
2024-12-02 02:39:51,166 INFO server.py 327:: [Server] The aggregation takes 0.025077 seconds.

2024-12-02 02:39:51,167 INFO server.py 211:: [Server] Start testing
2024-12-02 02:39:51,187 INFO server.py 235:: [Server] Test set: Average loss: 0.8805, Accuracy: 117/200 (58.5%)

2024-12-02 02:39:51,188 INFO server.py 238:: [Sever] Confusion matrix:
 tensor([[41.,  7.,  2.,  0.],
        [18., 20.,  9.,  3.],
        [ 8., 14., 17., 11.],
        [ 0.,  5.,  6., 39.]])
2024-12-02 02:39:51,190 INFO server.py 254:: [Server] Precision=[0.6119403 0.4347826 0.5       0.7358491],
 Recall=[0.82 0.4  0.34 0.78],
 F1-score=[0.7008547  0.4166667  0.40476188 0.75728154],
 my_accuracy=58.49999785423279[%]
2024-12-02 02:39:51,190 INFO _main.py 209:: ########EPOCH 15 ########
2024-12-02 02:39:51,191 INFO _main.py 210:: ###Model distribution###
2024-12-02 02:39:54,400 INFO server.py 1080:: clients' sizes=[1, 2, 1, 0, 0, 0, 2, 2, 0, 1, 0, 1, 2, 2, 2, 2, 1, 1, 2, 0, 1, 1, 1, 1, 1, 0, 1, 1, 1, 1, 2, 0, 2, 0, 1, 2, 1, 0, 2, 0], total=41
2024-12-02 02:39:54,423 INFO server.py 327:: [Server] The aggregation takes 0.023798 seconds.

2024-12-02 02:39:54,424 INFO server.py 211:: [Server] Start testing
2024-12-02 02:39:54,438 INFO server.py 235:: [Server] Test set: Average loss: 0.8772, Accuracy: 118/200 (59.0%)

2024-12-02 02:39:54,440 INFO server.py 238:: [Sever] Confusion matrix:
 tensor([[41.,  7.,  2.,  0.],
        [17., 21.,  9.,  3.],
        [ 8., 14., 17., 11.],
        [ 0.,  5.,  6., 39.]])
2024-12-02 02:39:54,442 INFO server.py 254:: [Server] Precision=[0.6212121  0.44680852 0.5        0.7358491 ],
 Recall=[0.82 0.42 0.34 0.78],
 F1-score=[0.7068965  0.4329897  0.40476188 0.75728154],
 my_accuracy=58.99999737739563[%]
2024-12-02 02:39:54,442 INFO _main.py 209:: ########EPOCH 16 ########
2024-12-02 02:39:54,442 INFO _main.py 210:: ###Model distribution###
2024-12-02 02:39:57,066 INFO server.py 1080:: clients' sizes=[1, 2, 1, 0, 0, 0, 2, 2, 0, 1, 0, 1, 2, 2, 2, 2, 1, 1, 2, 0, 1, 1, 1, 1, 1, 0, 1, 1, 1, 1, 2, 0, 2, 0, 1, 2, 1, 0, 2, 0], total=41
2024-12-02 02:39:57,090 INFO server.py 327:: [Server] The aggregation takes 0.024718 seconds.

2024-12-02 02:39:57,092 INFO server.py 211:: [Server] Start testing
2024-12-02 02:39:57,106 INFO server.py 235:: [Server] Test set: Average loss: 0.8740, Accuracy: 119/200 (59.5%)

2024-12-02 02:39:57,107 INFO server.py 238:: [Sever] Confusion matrix:
 tensor([[41.,  7.,  2.,  0.],
        [16., 22.,  9.,  3.],
        [ 8., 14., 17., 11.],
        [ 0.,  5.,  6., 39.]])
2024-12-02 02:39:57,109 INFO server.py 254:: [Server] Precision=[0.63076925 0.45833334 0.5        0.7358491 ],
 Recall=[0.82 0.44 0.34 0.78],
 F1-score=[0.7130436  0.44897962 0.40476188 0.75728154],
 my_accuracy=59.50000286102295[%]
2024-12-02 02:39:57,109 INFO _main.py 209:: ########EPOCH 17 ########
2024-12-02 02:39:57,110 INFO _main.py 210:: ###Model distribution###
2024-12-02 02:40:00,463 INFO server.py 1080:: clients' sizes=[1, 2, 1, 0, 0, 0, 2, 2, 0, 1, 0, 1, 2, 2, 2, 2, 1, 1, 2, 0, 1, 1, 1, 1, 1, 0, 1, 1, 1, 1, 2, 0, 2, 0, 1, 2, 1, 0, 2, 0], total=41
2024-12-02 02:40:00,497 INFO server.py 327:: [Server] The aggregation takes 0.034875 seconds.

2024-12-02 02:40:00,499 INFO server.py 211:: [Server] Start testing
2024-12-02 02:40:00,518 INFO server.py 235:: [Server] Test set: Average loss: 0.8716, Accuracy: 119/200 (59.5%)

2024-12-02 02:40:00,519 INFO server.py 238:: [Sever] Confusion matrix:
 tensor([[41.,  7.,  2.,  0.],
        [16., 22.,  9.,  3.],
        [ 8., 14., 17., 11.],
        [ 0.,  5.,  6., 39.]])
2024-12-02 02:40:00,521 INFO server.py 254:: [Server] Precision=[0.63076925 0.45833334 0.5        0.7358491 ],
 Recall=[0.82 0.44 0.34 0.78],
 F1-score=[0.7130436  0.44897962 0.40476188 0.75728154],
 my_accuracy=59.50000286102295[%]
2024-12-02 02:40:00,521 INFO _main.py 209:: ########EPOCH 18 ########
2024-12-02 02:40:00,522 INFO _main.py 210:: ###Model distribution###
2024-12-02 02:40:05,109 INFO server.py 1080:: clients' sizes=[1, 2, 1, 0, 0, 0, 2, 2, 0, 1, 0, 1, 2, 2, 2, 2, 1, 1, 2, 0, 1, 1, 1, 1, 1, 0, 1, 1, 1, 1, 2, 0, 2, 0, 1, 2, 1, 0, 2, 0], total=41
2024-12-02 02:40:05,133 INFO server.py 327:: [Server] The aggregation takes 0.024806 seconds.

2024-12-02 02:40:05,135 INFO server.py 211:: [Server] Start testing
2024-12-02 02:40:05,148 INFO server.py 235:: [Server] Test set: Average loss: 0.8692, Accuracy: 119/200 (59.5%)

2024-12-02 02:40:05,149 INFO server.py 238:: [Sever] Confusion matrix:
 tensor([[41.,  7.,  2.,  0.],
        [16., 22.,  9.,  3.],
        [ 7., 15., 17., 11.],
        [ 0.,  5.,  6., 39.]])
2024-12-02 02:40:05,151 INFO server.py 254:: [Server] Precision=[0.640625  0.4489796 0.5       0.7358491],
 Recall=[0.82 0.44 0.34 0.78],
 F1-score=[0.71929824 0.44444445 0.40476188 0.75728154],
 my_accuracy=59.50000286102295[%]
2024-12-02 02:40:05,151 INFO _main.py 209:: ########EPOCH 19 ########
2024-12-02 02:40:05,152 INFO _main.py 210:: ###Model distribution###
2024-12-02 02:40:07,818 INFO server.py 1080:: clients' sizes=[1, 2, 1, 0, 0, 0, 2, 2, 0, 1, 0, 1, 2, 2, 2, 2, 1, 1, 2, 0, 1, 1, 1, 1, 1, 0, 1, 1, 1, 1, 2, 0, 2, 0, 1, 2, 1, 0, 2, 0], total=41
2024-12-02 02:40:07,841 INFO server.py 327:: [Server] The aggregation takes 0.023813 seconds.

2024-12-02 02:40:07,842 INFO server.py 211:: [Server] Start testing
2024-12-02 02:40:07,856 INFO server.py 235:: [Server] Test set: Average loss: 0.8660, Accuracy: 119/200 (59.5%)

2024-12-02 02:40:07,857 INFO server.py 238:: [Sever] Confusion matrix:
 tensor([[41.,  7.,  2.,  0.],
        [16., 22.,  9.,  3.],
        [ 7., 15., 17., 11.],
        [ 0.,  5.,  6., 39.]])
2024-12-02 02:40:07,858 INFO server.py 254:: [Server] Precision=[0.640625  0.4489796 0.5       0.7358491],
 Recall=[0.82 0.44 0.34 0.78],
 F1-score=[0.71929824 0.44444445 0.40476188 0.75728154],
 my_accuracy=59.50000286102295[%]
2024-12-02 02:40:07,859 INFO _main.py 209:: ########EPOCH 20 ########
2024-12-02 02:40:07,859 INFO _main.py 210:: ###Model distribution###
2024-12-02 02:40:10,550 INFO server.py 1080:: clients' sizes=[1, 2, 1, 0, 0, 0, 2, 2, 0, 1, 0, 1, 2, 2, 2, 2, 1, 1, 2, 0, 1, 1, 1, 1, 1, 0, 1, 1, 1, 1, 2, 0, 2, 0, 1, 2, 1, 0, 2, 0], total=41
2024-12-02 02:40:10,575 INFO server.py 327:: [Server] The aggregation takes 0.025395 seconds.

2024-12-02 02:40:10,576 INFO server.py 211:: [Server] Start testing
2024-12-02 02:40:10,592 INFO server.py 235:: [Server] Test set: Average loss: 0.8638, Accuracy: 119/200 (59.5%)

2024-12-02 02:40:10,593 INFO server.py 238:: [Sever] Confusion matrix:
 tensor([[41.,  7.,  2.,  0.],
        [16., 22.,  9.,  3.],
        [ 7., 15., 17., 11.],
        [ 0.,  5.,  6., 39.]])
2024-12-02 02:40:10,595 INFO server.py 254:: [Server] Precision=[0.640625  0.4489796 0.5       0.7358491],
 Recall=[0.82 0.44 0.34 0.78],
 F1-score=[0.71929824 0.44444445 0.40476188 0.75728154],
 my_accuracy=59.50000286102295[%]
2024-12-02 02:40:10,596 INFO _main.py 209:: ########EPOCH 21 ########
2024-12-02 02:40:10,596 INFO _main.py 210:: ###Model distribution###
2024-12-02 02:40:13,869 INFO server.py 1080:: clients' sizes=[1, 2, 1, 0, 0, 0, 2, 2, 0, 1, 0, 1, 2, 2, 2, 2, 1, 1, 2, 0, 1, 1, 1, 1, 1, 0, 1, 1, 1, 1, 2, 0, 2, 0, 1, 2, 1, 0, 2, 0], total=41
2024-12-02 02:40:13,892 INFO server.py 327:: [Server] The aggregation takes 0.024004 seconds.

2024-12-02 02:40:13,894 INFO server.py 211:: [Server] Start testing
2024-12-02 02:40:13,907 INFO server.py 235:: [Server] Test set: Average loss: 0.8627, Accuracy: 119/200 (59.5%)

2024-12-02 02:40:13,909 INFO server.py 238:: [Sever] Confusion matrix:
 tensor([[41.,  7.,  2.,  0.],
        [16., 22.,  9.,  3.],
        [ 8., 14., 17., 11.],
        [ 0.,  5.,  6., 39.]])
2024-12-02 02:40:13,910 INFO server.py 254:: [Server] Precision=[0.63076925 0.45833334 0.5        0.7358491 ],
 Recall=[0.82 0.44 0.34 0.78],
 F1-score=[0.7130436  0.44897962 0.40476188 0.75728154],
 my_accuracy=59.50000286102295[%]
2024-12-02 02:40:13,911 INFO _main.py 209:: ########EPOCH 22 ########
2024-12-02 02:40:13,912 INFO _main.py 210:: ###Model distribution###
2024-12-02 02:40:17,566 INFO server.py 1080:: clients' sizes=[1, 2, 1, 0, 0, 0, 2, 2, 0, 1, 0, 1, 2, 2, 2, 2, 1, 1, 2, 0, 1, 1, 1, 1, 1, 0, 1, 1, 1, 1, 2, 0, 2, 0, 1, 2, 1, 0, 2, 0], total=41
2024-12-02 02:40:17,607 INFO server.py 327:: [Server] The aggregation takes 0.041983 seconds.

2024-12-02 02:40:17,609 INFO server.py 211:: [Server] Start testing
2024-12-02 02:40:17,631 INFO server.py 235:: [Server] Test set: Average loss: 0.8611, Accuracy: 119/200 (59.5%)

2024-12-02 02:40:17,633 INFO server.py 238:: [Sever] Confusion matrix:
 tensor([[41.,  7.,  2.,  0.],
        [16., 22.,  9.,  3.],
        [ 8., 14., 17., 11.],
        [ 0.,  5.,  6., 39.]])
2024-12-02 02:40:17,635 INFO server.py 254:: [Server] Precision=[0.63076925 0.45833334 0.5        0.7358491 ],
 Recall=[0.82 0.44 0.34 0.78],
 F1-score=[0.7130436  0.44897962 0.40476188 0.75728154],
 my_accuracy=59.50000286102295[%]
2024-12-02 02:40:17,635 INFO _main.py 209:: ########EPOCH 23 ########
2024-12-02 02:40:17,636 INFO _main.py 210:: ###Model distribution###
2024-12-02 02:40:21,092 INFO server.py 1080:: clients' sizes=[1, 2, 1, 0, 0, 0, 2, 2, 0, 1, 0, 1, 2, 2, 2, 2, 1, 1, 2, 0, 1, 1, 1, 1, 1, 0, 1, 1, 1, 1, 2, 0, 2, 0, 1, 2, 1, 0, 2, 0], total=41
2024-12-02 02:40:21,115 INFO server.py 327:: [Server] The aggregation takes 0.024560 seconds.

2024-12-02 02:40:21,117 INFO server.py 211:: [Server] Start testing
2024-12-02 02:40:21,131 INFO server.py 235:: [Server] Test set: Average loss: 0.8598, Accuracy: 119/200 (59.5%)

2024-12-02 02:40:21,132 INFO server.py 238:: [Sever] Confusion matrix:
 tensor([[41.,  7.,  2.,  0.],
        [16., 22.,  9.,  3.],
        [ 8., 14., 17., 11.],
        [ 0.,  5.,  6., 39.]])
2024-12-02 02:40:21,134 INFO server.py 254:: [Server] Precision=[0.63076925 0.45833334 0.5        0.7358491 ],
 Recall=[0.82 0.44 0.34 0.78],
 F1-score=[0.7130436  0.44897962 0.40476188 0.75728154],
 my_accuracy=59.50000286102295[%]
2024-12-02 02:40:21,134 INFO _main.py 209:: ########EPOCH 24 ########
2024-12-02 02:40:21,135 INFO _main.py 210:: ###Model distribution###
2024-12-02 02:40:24,380 INFO server.py 1080:: clients' sizes=[1, 2, 1, 0, 0, 0, 2, 2, 0, 1, 0, 1, 2, 2, 2, 2, 1, 1, 2, 0, 1, 1, 1, 1, 1, 0, 1, 1, 1, 1, 2, 0, 2, 0, 1, 2, 1, 0, 2, 0], total=41
2024-12-02 02:40:24,406 INFO server.py 327:: [Server] The aggregation takes 0.026237 seconds.

2024-12-02 02:40:24,407 INFO server.py 211:: [Server] Start testing
2024-12-02 02:40:24,421 INFO server.py 235:: [Server] Test set: Average loss: 0.8584, Accuracy: 119/200 (59.5%)

2024-12-02 02:40:24,423 INFO server.py 238:: [Sever] Confusion matrix:
 tensor([[41.,  7.,  2.,  0.],
        [16., 22.,  9.,  3.],
        [ 8., 14., 17., 11.],
        [ 0.,  5.,  6., 39.]])
2024-12-02 02:40:24,425 INFO server.py 254:: [Server] Precision=[0.63076925 0.45833334 0.5        0.7358491 ],
 Recall=[0.82 0.44 0.34 0.78],
 F1-score=[0.7130436  0.44897962 0.40476188 0.75728154],
 my_accuracy=59.50000286102295[%]
2024-12-02 02:40:24,425 INFO _main.py 209:: ########EPOCH 25 ########
2024-12-02 02:40:24,426 INFO _main.py 210:: ###Model distribution###
2024-12-02 02:40:27,061 INFO server.py 1080:: clients' sizes=[1, 2, 1, 0, 0, 0, 2, 2, 0, 1, 0, 1, 2, 2, 2, 2, 1, 1, 2, 0, 1, 1, 1, 1, 1, 0, 1, 1, 1, 1, 2, 0, 2, 0, 1, 2, 1, 0, 2, 0], total=41
2024-12-02 02:40:27,085 INFO server.py 327:: [Server] The aggregation takes 0.025304 seconds.

2024-12-02 02:40:27,087 INFO server.py 211:: [Server] Start testing
2024-12-02 02:40:27,101 INFO server.py 235:: [Server] Test set: Average loss: 0.8572, Accuracy: 119/200 (59.5%)

2024-12-02 02:40:27,102 INFO server.py 238:: [Sever] Confusion matrix:
 tensor([[41.,  7.,  2.,  0.],
        [16., 22.,  9.,  3.],
        [ 8., 14., 17., 11.],
        [ 0.,  5.,  6., 39.]])
2024-12-02 02:40:27,103 INFO server.py 254:: [Server] Precision=[0.63076925 0.45833334 0.5        0.7358491 ],
 Recall=[0.82 0.44 0.34 0.78],
 F1-score=[0.7130436  0.44897962 0.40476188 0.75728154],
 my_accuracy=59.50000286102295[%]
2024-12-02 02:40:27,104 INFO _main.py 209:: ########EPOCH 26 ########
2024-12-02 02:40:27,105 INFO _main.py 210:: ###Model distribution###
2024-12-02 02:40:29,722 INFO server.py 1080:: clients' sizes=[1, 2, 1, 0, 0, 0, 2, 2, 0, 1, 0, 1, 2, 2, 2, 2, 1, 1, 2, 0, 1, 1, 1, 1, 1, 0, 1, 1, 1, 1, 2, 0, 2, 0, 1, 2, 1, 0, 2, 0], total=41
2024-12-02 02:40:29,746 INFO server.py 327:: [Server] The aggregation takes 0.025866 seconds.

2024-12-02 02:40:29,748 INFO server.py 211:: [Server] Start testing
2024-12-02 02:40:29,762 INFO server.py 235:: [Server] Test set: Average loss: 0.8559, Accuracy: 119/200 (59.5%)

2024-12-02 02:40:29,764 INFO server.py 238:: [Sever] Confusion matrix:
 tensor([[41.,  7.,  2.,  0.],
        [16., 22.,  9.,  3.],
        [ 8., 14., 17., 11.],
        [ 0.,  5.,  6., 39.]])
2024-12-02 02:40:29,765 INFO server.py 254:: [Server] Precision=[0.63076925 0.45833334 0.5        0.7358491 ],
 Recall=[0.82 0.44 0.34 0.78],
 F1-score=[0.7130436  0.44897962 0.40476188 0.75728154],
 my_accuracy=59.50000286102295[%]
2024-12-02 02:40:29,766 INFO _main.py 209:: ########EPOCH 27 ########
2024-12-02 02:40:29,766 INFO _main.py 210:: ###Model distribution###
2024-12-02 02:40:34,441 INFO server.py 1080:: clients' sizes=[1, 2, 1, 0, 0, 0, 2, 2, 0, 1, 0, 1, 2, 2, 2, 2, 1, 1, 2, 0, 1, 1, 1, 1, 1, 0, 1, 1, 1, 1, 2, 0, 2, 0, 1, 2, 1, 0, 2, 0], total=41
2024-12-02 02:40:34,478 INFO server.py 327:: [Server] The aggregation takes 0.038553 seconds.

2024-12-02 02:40:34,480 INFO server.py 211:: [Server] Start testing
2024-12-02 02:40:34,503 INFO server.py 235:: [Server] Test set: Average loss: 0.8546, Accuracy: 120/200 (60.0%)

2024-12-02 02:40:34,505 INFO server.py 238:: [Sever] Confusion matrix:
 tensor([[41.,  7.,  2.,  0.],
        [15., 23.,  9.,  3.],
        [ 8., 14., 17., 11.],
        [ 0.,  5.,  6., 39.]])
2024-12-02 02:40:34,506 INFO server.py 254:: [Server] Precision=[0.640625   0.46938777 0.5        0.7358491 ],
 Recall=[0.82 0.46 0.34 0.78],
 F1-score=[0.71929824 0.46464646 0.40476188 0.75728154],
 my_accuracy=60.00000238418579[%]
2024-12-02 02:40:34,507 INFO _main.py 209:: ########EPOCH 28 ########
2024-12-02 02:40:34,508 INFO _main.py 210:: ###Model distribution###
2024-12-02 02:40:37,852 INFO server.py 1080:: clients' sizes=[1, 2, 1, 0, 0, 0, 2, 2, 0, 1, 0, 1, 2, 2, 2, 2, 1, 1, 2, 0, 1, 1, 1, 1, 1, 0, 1, 1, 1, 1, 2, 0, 2, 0, 1, 2, 1, 0, 2, 0], total=41
2024-12-02 02:40:37,878 INFO server.py 327:: [Server] The aggregation takes 0.026275 seconds.

2024-12-02 02:40:37,880 INFO server.py 211:: [Server] Start testing
2024-12-02 02:40:37,894 INFO server.py 235:: [Server] Test set: Average loss: 0.8534, Accuracy: 120/200 (60.0%)

2024-12-02 02:40:37,895 INFO server.py 238:: [Sever] Confusion matrix:
 tensor([[41.,  7.,  2.,  0.],
        [15., 23.,  9.,  3.],
        [ 8., 14., 17., 11.],
        [ 0.,  5.,  6., 39.]])
2024-12-02 02:40:37,897 INFO server.py 254:: [Server] Precision=[0.640625   0.46938777 0.5        0.7358491 ],
 Recall=[0.82 0.46 0.34 0.78],
 F1-score=[0.71929824 0.46464646 0.40476188 0.75728154],
 my_accuracy=60.00000238418579[%]
2024-12-02 02:40:37,898 INFO _main.py 209:: ########EPOCH 29 ########
2024-12-02 02:40:37,898 INFO _main.py 210:: ###Model distribution###
2024-12-02 02:40:40,582 INFO server.py 1080:: clients' sizes=[1, 2, 1, 0, 0, 0, 2, 2, 0, 1, 0, 1, 2, 2, 2, 2, 1, 1, 2, 0, 1, 1, 1, 1, 1, 0, 1, 1, 1, 1, 2, 0, 2, 0, 1, 2, 1, 0, 2, 0], total=41
2024-12-02 02:40:40,606 INFO server.py 327:: [Server] The aggregation takes 0.024616 seconds.

2024-12-02 02:40:40,607 INFO server.py 211:: [Server] Start testing
2024-12-02 02:40:40,621 INFO server.py 235:: [Server] Test set: Average loss: 0.8520, Accuracy: 120/200 (60.0%)

2024-12-02 02:40:40,622 INFO server.py 238:: [Sever] Confusion matrix:
 tensor([[41.,  7.,  2.,  0.],
        [15., 23.,  9.,  3.],
        [ 8., 14., 17., 11.],
        [ 0.,  5.,  6., 39.]])
2024-12-02 02:40:40,624 INFO server.py 254:: [Server] Precision=[0.640625   0.46938777 0.5        0.7358491 ],
 Recall=[0.82 0.46 0.34 0.78],
 F1-score=[0.71929824 0.46464646 0.40476188 0.75728154],
 my_accuracy=60.00000238418579[%]
2024-12-02 02:40:40,624 INFO _main.py 209:: ########EPOCH 30 ########
2024-12-02 02:40:40,625 INFO _main.py 210:: ###Model distribution###
2024-12-02 02:40:43,870 INFO server.py 1080:: clients' sizes=[1, 2, 1, 0, 0, 0, 2, 2, 0, 1, 0, 1, 2, 2, 2, 2, 1, 1, 2, 0, 1, 1, 1, 1, 1, 0, 1, 1, 1, 1, 2, 0, 2, 0, 1, 2, 1, 0, 2, 0], total=41
2024-12-02 02:40:43,895 INFO server.py 327:: [Server] The aggregation takes 0.026092 seconds.

2024-12-02 02:40:43,897 INFO server.py 211:: [Server] Start testing
2024-12-02 02:40:43,910 INFO server.py 235:: [Server] Test set: Average loss: 0.8500, Accuracy: 120/200 (60.0%)

2024-12-02 02:40:43,912 INFO server.py 238:: [Sever] Confusion matrix:
 tensor([[41.,  7.,  2.,  0.],
        [15., 23.,  9.,  3.],
        [ 7., 15., 17., 11.],
        [ 0.,  5.,  6., 39.]])
2024-12-02 02:40:43,913 INFO server.py 254:: [Server] Precision=[0.6507937 0.46      0.5       0.7358491],
 Recall=[0.82 0.46 0.34 0.78],
 F1-score=[0.7256637  0.46       0.40476188 0.75728154],
 my_accuracy=60.00000238418579[%]
2024-12-02 02:40:43,913 INFO _main.py 209:: ########EPOCH 31 ########
2024-12-02 02:40:43,914 INFO _main.py 210:: ###Model distribution###
2024-12-02 02:40:46,713 INFO server.py 1080:: clients' sizes=[1, 2, 1, 0, 0, 0, 2, 2, 0, 1, 0, 1, 2, 2, 2, 2, 1, 1, 2, 0, 1, 1, 1, 1, 1, 0, 1, 1, 1, 1, 2, 0, 2, 0, 1, 2, 1, 0, 2, 0], total=41
2024-12-02 02:40:46,751 INFO server.py 327:: [Server] The aggregation takes 0.039065 seconds.

2024-12-02 02:40:46,754 INFO server.py 211:: [Server] Start testing
2024-12-02 02:40:46,781 INFO server.py 235:: [Server] Test set: Average loss: 0.8483, Accuracy: 120/200 (60.0%)

2024-12-02 02:40:46,782 INFO server.py 238:: [Sever] Confusion matrix:
 tensor([[41.,  7.,  2.,  0.],
        [15., 23.,  9.,  3.],
        [ 6., 16., 17., 11.],
        [ 0.,  5.,  6., 39.]])
2024-12-02 02:40:46,785 INFO server.py 254:: [Server] Precision=[0.66129035 0.4509804  0.5        0.7358491 ],
 Recall=[0.82 0.46 0.34 0.78],
 F1-score=[0.73214287 0.45544556 0.40476188 0.75728154],
 my_accuracy=60.00000238418579[%]
2024-12-02 02:40:46,785 INFO _main.py 209:: ########EPOCH 32 ########
2024-12-02 02:40:46,786 INFO _main.py 210:: ###Model distribution###
2024-12-02 02:40:50,621 INFO server.py 1080:: clients' sizes=[1, 2, 1, 0, 0, 0, 2, 2, 0, 1, 0, 1, 2, 2, 2, 2, 1, 1, 2, 0, 1, 1, 1, 1, 1, 0, 1, 1, 1, 1, 2, 0, 2, 0, 1, 2, 1, 0, 2, 0], total=41
2024-12-02 02:40:50,658 INFO server.py 327:: [Server] The aggregation takes 0.038717 seconds.

2024-12-02 02:40:50,660 INFO server.py 211:: [Server] Start testing
2024-12-02 02:40:50,682 INFO server.py 235:: [Server] Test set: Average loss: 0.8472, Accuracy: 120/200 (60.0%)

2024-12-02 02:40:50,683 INFO server.py 238:: [Sever] Confusion matrix:
 tensor([[41.,  7.,  2.,  0.],
        [15., 23.,  9.,  3.],
        [ 6., 16., 17., 11.],
        [ 0.,  5.,  6., 39.]])
2024-12-02 02:40:50,685 INFO server.py 254:: [Server] Precision=[0.66129035 0.4509804  0.5        0.7358491 ],
 Recall=[0.82 0.46 0.34 0.78],
 F1-score=[0.73214287 0.45544556 0.40476188 0.75728154],
 my_accuracy=60.00000238418579[%]
2024-12-02 02:40:50,686 INFO _main.py 209:: ########EPOCH 33 ########
2024-12-02 02:40:50,687 INFO _main.py 210:: ###Model distribution###
2024-12-02 02:40:54,651 INFO server.py 1080:: clients' sizes=[1, 2, 1, 0, 0, 0, 2, 2, 0, 1, 0, 1, 2, 2, 2, 2, 1, 1, 2, 0, 1, 1, 1, 1, 1, 0, 1, 1, 1, 1, 2, 0, 2, 0, 1, 2, 1, 0, 2, 0], total=41
2024-12-02 02:40:54,682 INFO server.py 327:: [Server] The aggregation takes 0.032072 seconds.

2024-12-02 02:40:54,684 INFO server.py 211:: [Server] Start testing
2024-12-02 02:40:54,705 INFO server.py 235:: [Server] Test set: Average loss: 0.8464, Accuracy: 120/200 (60.0%)

2024-12-02 02:40:54,707 INFO server.py 238:: [Sever] Confusion matrix:
 tensor([[41.,  7.,  2.,  0.],
        [15., 23.,  9.,  3.],
        [ 6., 16., 17., 11.],
        [ 0.,  5.,  6., 39.]])
2024-12-02 02:40:54,709 INFO server.py 254:: [Server] Precision=[0.66129035 0.4509804  0.5        0.7358491 ],
 Recall=[0.82 0.46 0.34 0.78],
 F1-score=[0.73214287 0.45544556 0.40476188 0.75728154],
 my_accuracy=60.00000238418579[%]
2024-12-02 02:40:54,710 INFO _main.py 209:: ########EPOCH 34 ########
2024-12-02 02:40:54,711 INFO _main.py 210:: ###Model distribution###
2024-12-02 02:40:57,440 INFO server.py 1080:: clients' sizes=[1, 2, 1, 0, 0, 0, 2, 2, 0, 1, 0, 1, 2, 2, 2, 2, 1, 1, 2, 0, 1, 1, 1, 1, 1, 0, 1, 1, 1, 1, 2, 0, 2, 0, 1, 2, 1, 0, 2, 0], total=41
2024-12-02 02:40:57,464 INFO server.py 327:: [Server] The aggregation takes 0.025498 seconds.

2024-12-02 02:40:57,466 INFO server.py 211:: [Server] Start testing
2024-12-02 02:40:57,481 INFO server.py 235:: [Server] Test set: Average loss: 0.8453, Accuracy: 120/200 (60.0%)

2024-12-02 02:40:57,482 INFO server.py 238:: [Sever] Confusion matrix:
 tensor([[41.,  7.,  2.,  0.],
        [15., 23.,  9.,  3.],
        [ 6., 16., 17., 11.],
        [ 0.,  5.,  6., 39.]])
2024-12-02 02:40:57,484 INFO server.py 254:: [Server] Precision=[0.66129035 0.4509804  0.5        0.7358491 ],
 Recall=[0.82 0.46 0.34 0.78],
 F1-score=[0.73214287 0.45544556 0.40476188 0.75728154],
 my_accuracy=60.00000238418579[%]
2024-12-02 02:40:57,485 INFO _main.py 209:: ########EPOCH 35 ########
2024-12-02 02:40:57,485 INFO _main.py 210:: ###Model distribution###
2024-12-02 02:41:00,112 INFO server.py 1080:: clients' sizes=[1, 2, 1, 0, 0, 0, 2, 2, 0, 1, 0, 1, 2, 2, 2, 2, 1, 1, 2, 0, 1, 1, 1, 1, 1, 0, 1, 1, 1, 1, 2, 0, 2, 0, 1, 2, 1, 0, 2, 0], total=41
2024-12-02 02:41:00,136 INFO server.py 327:: [Server] The aggregation takes 0.024572 seconds.

2024-12-02 02:41:00,137 INFO server.py 211:: [Server] Start testing
2024-12-02 02:41:00,152 INFO server.py 235:: [Server] Test set: Average loss: 0.8442, Accuracy: 120/200 (60.0%)

2024-12-02 02:41:00,153 INFO server.py 238:: [Sever] Confusion matrix:
 tensor([[41.,  7.,  2.,  0.],
        [15., 23.,  9.,  3.],
        [ 6., 16., 17., 11.],
        [ 0.,  5.,  6., 39.]])
2024-12-02 02:41:00,154 INFO server.py 254:: [Server] Precision=[0.66129035 0.4509804  0.5        0.7358491 ],
 Recall=[0.82 0.46 0.34 0.78],
 F1-score=[0.73214287 0.45544556 0.40476188 0.75728154],
 my_accuracy=60.00000238418579[%]
2024-12-02 02:41:00,155 INFO _main.py 209:: ########EPOCH 36 ########
2024-12-02 02:41:00,155 INFO _main.py 210:: ###Model distribution###
2024-12-02 02:41:03,569 INFO server.py 1080:: clients' sizes=[1, 2, 1, 0, 0, 0, 2, 2, 0, 1, 0, 1, 2, 2, 2, 2, 1, 1, 2, 0, 1, 1, 1, 1, 1, 0, 1, 1, 1, 1, 2, 0, 2, 0, 1, 2, 1, 0, 2, 0], total=41
2024-12-02 02:41:03,639 INFO server.py 327:: [Server] The aggregation takes 0.070981 seconds.

2024-12-02 02:41:03,641 INFO server.py 211:: [Server] Start testing
2024-12-02 02:41:03,682 INFO server.py 235:: [Server] Test set: Average loss: 0.8432, Accuracy: 121/200 (60.5%)

2024-12-02 02:41:03,687 INFO server.py 238:: [Sever] Confusion matrix:
 tensor([[41.,  7.,  2.,  0.],
        [15., 23.,  9.,  3.],
        [ 6., 15., 18., 11.],
        [ 0.,  5.,  6., 39.]])
2024-12-02 02:41:03,689 INFO server.py 254:: [Server] Precision=[0.66129035 0.46       0.51428574 0.7358491 ],
 Recall=[0.82 0.46 0.36 0.78],
 F1-score=[0.73214287 0.46       0.42352942 0.75728154],
 my_accuracy=60.50000190734863[%]
2024-12-02 02:41:03,689 INFO _main.py 209:: ########EPOCH 37 ########
2024-12-02 02:41:03,690 INFO _main.py 210:: ###Model distribution###
2024-12-02 02:41:07,834 INFO server.py 1080:: clients' sizes=[1, 2, 1, 0, 0, 0, 2, 2, 0, 1, 0, 1, 2, 2, 2, 2, 1, 1, 2, 0, 1, 1, 1, 1, 1, 0, 1, 1, 1, 1, 2, 0, 2, 0, 1, 2, 1, 0, 2, 0], total=41
2024-12-02 02:41:07,871 INFO server.py 327:: [Server] The aggregation takes 0.038080 seconds.

2024-12-02 02:41:07,873 INFO server.py 211:: [Server] Start testing
2024-12-02 02:41:07,897 INFO server.py 235:: [Server] Test set: Average loss: 0.8418, Accuracy: 121/200 (60.5%)

2024-12-02 02:41:07,899 INFO server.py 238:: [Sever] Confusion matrix:
 tensor([[41.,  7.,  2.,  0.],
        [15., 23., 10.,  2.],
        [ 6., 15., 18., 11.],
        [ 0.,  5.,  6., 39.]])
2024-12-02 02:41:07,900 INFO server.py 254:: [Server] Precision=[0.66129035 0.46       0.5        0.75      ],
 Recall=[0.82 0.46 0.36 0.78],
 F1-score=[0.73214287 0.46       0.41860467 0.7647059 ],
 my_accuracy=60.50000190734863[%]
2024-12-02 02:41:07,901 INFO _main.py 209:: ########EPOCH 38 ########
2024-12-02 02:41:07,902 INFO _main.py 210:: ###Model distribution###
2024-12-02 02:41:10,771 INFO server.py 1080:: clients' sizes=[1, 2, 1, 0, 0, 0, 2, 2, 0, 1, 0, 1, 2, 2, 2, 2, 1, 1, 2, 0, 1, 1, 1, 1, 1, 0, 1, 1, 1, 1, 2, 0, 2, 0, 1, 2, 1, 0, 2, 0], total=41
2024-12-02 02:41:10,795 INFO server.py 327:: [Server] The aggregation takes 0.024297 seconds.

2024-12-02 02:41:10,796 INFO server.py 211:: [Server] Start testing
2024-12-02 02:41:10,810 INFO server.py 235:: [Server] Test set: Average loss: 0.8405, Accuracy: 121/200 (60.5%)

2024-12-02 02:41:10,811 INFO server.py 238:: [Sever] Confusion matrix:
 tensor([[41.,  7.,  2.,  0.],
        [15., 23., 10.,  2.],
        [ 6., 15., 18., 11.],
        [ 0.,  5.,  6., 39.]])
2024-12-02 02:41:10,813 INFO server.py 254:: [Server] Precision=[0.66129035 0.46       0.5        0.75      ],
 Recall=[0.82 0.46 0.36 0.78],
 F1-score=[0.73214287 0.46       0.41860467 0.7647059 ],
 my_accuracy=60.50000190734863[%]
2024-12-02 02:41:10,813 INFO _main.py 209:: ########EPOCH 39 ########
2024-12-02 02:41:10,814 INFO _main.py 210:: ###Model distribution###
2024-12-02 02:41:13,529 INFO server.py 1080:: clients' sizes=[1, 2, 1, 0, 0, 0, 2, 2, 0, 1, 0, 1, 2, 2, 2, 2, 1, 1, 2, 0, 1, 1, 1, 1, 1, 0, 1, 1, 1, 1, 2, 0, 2, 0, 1, 2, 1, 0, 2, 0], total=41
2024-12-02 02:41:13,554 INFO server.py 327:: [Server] The aggregation takes 0.025689 seconds.

2024-12-02 02:41:13,556 INFO server.py 211:: [Server] Start testing
2024-12-02 02:41:13,570 INFO server.py 235:: [Server] Test set: Average loss: 0.8393, Accuracy: 121/200 (60.5%)

2024-12-02 02:41:13,572 INFO server.py 238:: [Sever] Confusion matrix:
 tensor([[41.,  7.,  2.,  0.],
        [15., 23., 10.,  2.],
        [ 6., 15., 18., 11.],
        [ 0.,  5.,  6., 39.]])
2024-12-02 02:41:13,573 INFO server.py 254:: [Server] Precision=[0.66129035 0.46       0.5        0.75      ],
 Recall=[0.82 0.46 0.36 0.78],
 F1-score=[0.73214287 0.46       0.41860467 0.7647059 ],
 my_accuracy=60.50000190734863[%]
2024-12-02 02:41:13,574 INFO _main.py 209:: ########EPOCH 40 ########
2024-12-02 02:41:13,574 INFO _main.py 210:: ###Model distribution###
2024-12-02 02:41:16,232 INFO server.py 1080:: clients' sizes=[1, 2, 1, 0, 0, 0, 2, 2, 0, 1, 0, 1, 2, 2, 2, 2, 1, 1, 2, 0, 1, 1, 1, 1, 1, 0, 1, 1, 1, 1, 2, 0, 2, 0, 1, 2, 1, 0, 2, 0], total=41
2024-12-02 02:41:16,269 INFO server.py 327:: [Server] The aggregation takes 0.038556 seconds.

2024-12-02 02:41:16,270 INFO server.py 211:: [Server] Start testing
2024-12-02 02:41:16,284 INFO server.py 235:: [Server] Test set: Average loss: 0.8378, Accuracy: 121/200 (60.5%)

2024-12-02 02:41:16,286 INFO server.py 238:: [Sever] Confusion matrix:
 tensor([[41.,  7.,  2.,  0.],
        [15., 23., 10.,  2.],
        [ 6., 15., 18., 11.],
        [ 0.,  5.,  6., 39.]])
2024-12-02 02:41:16,287 INFO server.py 254:: [Server] Precision=[0.66129035 0.46       0.5        0.75      ],
 Recall=[0.82 0.46 0.36 0.78],
 F1-score=[0.73214287 0.46       0.41860467 0.7647059 ],
 my_accuracy=60.50000190734863[%]
2024-12-02 02:41:16,288 INFO _main.py 209:: ########EPOCH 41 ########
2024-12-02 02:41:16,288 INFO _main.py 210:: ###Model distribution###
2024-12-02 02:41:19,583 INFO server.py 1080:: clients' sizes=[1, 2, 1, 0, 0, 0, 2, 2, 0, 1, 0, 1, 2, 2, 2, 2, 1, 1, 2, 0, 1, 1, 1, 1, 1, 0, 1, 1, 1, 1, 2, 0, 2, 0, 1, 2, 1, 0, 2, 0], total=41
2024-12-02 02:41:19,661 INFO server.py 327:: [Server] The aggregation takes 0.082180 seconds.

2024-12-02 02:41:19,665 INFO server.py 211:: [Server] Start testing
2024-12-02 02:41:19,717 INFO server.py 235:: [Server] Test set: Average loss: 0.8365, Accuracy: 122/200 (61.0%)

2024-12-02 02:41:19,719 INFO server.py 238:: [Sever] Confusion matrix:
 tensor([[41.,  7.,  2.,  0.],
        [15., 23., 10.,  2.],
        [ 6., 14., 19., 11.],
        [ 0.,  5.,  6., 39.]])
2024-12-02 02:41:19,722 INFO server.py 254:: [Server] Precision=[0.66129035 0.46938777 0.5135135  0.75      ],
 Recall=[0.82 0.46 0.38 0.78],
 F1-score=[0.73214287 0.46464646 0.43678162 0.7647059 ],
 my_accuracy=61.000001430511475[%]
2024-12-02 02:41:19,723 INFO _main.py 209:: ########EPOCH 42 ########
2024-12-02 02:41:19,723 INFO _main.py 210:: ###Model distribution###
2024-12-02 02:41:24,996 INFO server.py 1080:: clients' sizes=[1, 2, 1, 0, 0, 0, 2, 2, 0, 1, 0, 1, 2, 2, 2, 2, 1, 1, 2, 0, 1, 1, 1, 1, 1, 0, 1, 1, 1, 1, 2, 0, 2, 0, 1, 2, 1, 0, 2, 0], total=41
2024-12-02 02:41:25,034 INFO server.py 327:: [Server] The aggregation takes 0.039419 seconds.

2024-12-02 02:41:25,037 INFO server.py 211:: [Server] Start testing
2024-12-02 02:41:25,061 INFO server.py 235:: [Server] Test set: Average loss: 0.8353, Accuracy: 122/200 (61.0%)

2024-12-02 02:41:25,062 INFO server.py 238:: [Sever] Confusion matrix:
 tensor([[41.,  7.,  2.,  0.],
        [15., 23., 10.,  2.],
        [ 5., 15., 19., 11.],
        [ 0.,  5.,  6., 39.]])
2024-12-02 02:41:25,064 INFO server.py 254:: [Server] Precision=[0.6721311 0.46      0.5135135 0.75     ],
 Recall=[0.82 0.46 0.38 0.78],
 F1-score=[0.7387387  0.46       0.43678162 0.7647059 ],
 my_accuracy=61.000001430511475[%]
2024-12-02 02:41:25,065 INFO _main.py 209:: ########EPOCH 43 ########
2024-12-02 02:41:25,066 INFO _main.py 210:: ###Model distribution###
2024-12-02 02:41:27,726 INFO server.py 1080:: clients' sizes=[1, 2, 1, 0, 0, 0, 2, 2, 0, 1, 0, 1, 2, 2, 2, 2, 1, 1, 2, 0, 1, 1, 1, 1, 1, 0, 1, 1, 1, 1, 2, 0, 2, 0, 1, 2, 1, 0, 2, 0], total=41
2024-12-02 02:41:27,749 INFO server.py 327:: [Server] The aggregation takes 0.024140 seconds.

2024-12-02 02:41:27,751 INFO server.py 211:: [Server] Start testing
2024-12-02 02:41:27,766 INFO server.py 235:: [Server] Test set: Average loss: 0.8347, Accuracy: 122/200 (61.0%)

2024-12-02 02:41:27,767 INFO server.py 238:: [Sever] Confusion matrix:
 tensor([[41.,  7.,  2.,  0.],
        [15., 23., 10.,  2.],
        [ 5., 15., 19., 11.],
        [ 0.,  5.,  6., 39.]])
2024-12-02 02:41:27,769 INFO server.py 254:: [Server] Precision=[0.6721311 0.46      0.5135135 0.75     ],
 Recall=[0.82 0.46 0.38 0.78],
 F1-score=[0.7387387  0.46       0.43678162 0.7647059 ],
 my_accuracy=61.000001430511475[%]
2024-12-02 02:41:27,769 INFO _main.py 209:: ########EPOCH 44 ########
2024-12-02 02:41:27,770 INFO _main.py 210:: ###Model distribution###
2024-12-02 02:41:30,325 INFO server.py 1080:: clients' sizes=[1, 2, 1, 0, 0, 0, 2, 2, 0, 1, 0, 1, 2, 2, 2, 2, 1, 1, 2, 0, 1, 1, 1, 1, 1, 0, 1, 1, 1, 1, 2, 0, 2, 0, 1, 2, 1, 0, 2, 0], total=41
2024-12-02 02:41:30,349 INFO server.py 327:: [Server] The aggregation takes 0.024673 seconds.

2024-12-02 02:41:30,351 INFO server.py 211:: [Server] Start testing
2024-12-02 02:41:30,364 INFO server.py 235:: [Server] Test set: Average loss: 0.8336, Accuracy: 122/200 (61.0%)

2024-12-02 02:41:30,366 INFO server.py 238:: [Sever] Confusion matrix:
 tensor([[41.,  7.,  2.,  0.],
        [15., 23., 10.,  2.],
        [ 5., 15., 19., 11.],
        [ 0.,  5.,  6., 39.]])
2024-12-02 02:41:30,367 INFO server.py 254:: [Server] Precision=[0.6721311 0.46      0.5135135 0.75     ],
 Recall=[0.82 0.46 0.38 0.78],
 F1-score=[0.7387387  0.46       0.43678162 0.7647059 ],
 my_accuracy=61.000001430511475[%]
2024-12-02 02:41:30,368 INFO _main.py 209:: ########EPOCH 45 ########
2024-12-02 02:41:30,369 INFO _main.py 210:: ###Model distribution###
2024-12-02 02:41:32,983 INFO server.py 1080:: clients' sizes=[1, 2, 1, 0, 0, 0, 2, 2, 0, 1, 0, 1, 2, 2, 2, 2, 1, 1, 2, 0, 1, 1, 1, 1, 1, 0, 1, 1, 1, 1, 2, 0, 2, 0, 1, 2, 1, 0, 2, 0], total=41
2024-12-02 02:41:33,007 INFO server.py 327:: [Server] The aggregation takes 0.024527 seconds.

2024-12-02 02:41:33,009 INFO server.py 211:: [Server] Start testing
2024-12-02 02:41:33,023 INFO server.py 235:: [Server] Test set: Average loss: 0.8330, Accuracy: 122/200 (61.0%)

2024-12-02 02:41:33,024 INFO server.py 238:: [Sever] Confusion matrix:
 tensor([[41.,  7.,  2.,  0.],
        [15., 23., 10.,  2.],
        [ 5., 15., 19., 11.],
        [ 0.,  5.,  6., 39.]])
2024-12-02 02:41:33,025 INFO server.py 254:: [Server] Precision=[0.6721311 0.46      0.5135135 0.75     ],
 Recall=[0.82 0.46 0.38 0.78],
 F1-score=[0.7387387  0.46       0.43678162 0.7647059 ],
 my_accuracy=61.000001430511475[%]
2024-12-02 02:41:33,026 INFO _main.py 209:: ########EPOCH 46 ########
2024-12-02 02:41:33,026 INFO _main.py 210:: ###Model distribution###
2024-12-02 02:41:35,834 INFO server.py 1080:: clients' sizes=[1, 2, 1, 0, 0, 0, 2, 2, 0, 1, 0, 1, 2, 2, 2, 2, 1, 1, 2, 0, 1, 1, 1, 1, 1, 0, 1, 1, 1, 1, 2, 0, 2, 0, 1, 2, 1, 0, 2, 0], total=41
2024-12-02 02:41:35,872 INFO server.py 327:: [Server] The aggregation takes 0.038423 seconds.

2024-12-02 02:41:35,874 INFO server.py 211:: [Server] Start testing
2024-12-02 02:41:35,893 INFO server.py 235:: [Server] Test set: Average loss: 0.8319, Accuracy: 122/200 (61.0%)

2024-12-02 02:41:35,897 INFO server.py 238:: [Sever] Confusion matrix:
 tensor([[41.,  7.,  2.,  0.],
        [15., 23., 10.,  2.],
        [ 5., 15., 19., 11.],
        [ 0.,  5.,  6., 39.]])
2024-12-02 02:41:35,899 INFO server.py 254:: [Server] Precision=[0.6721311 0.46      0.5135135 0.75     ],
 Recall=[0.82 0.46 0.38 0.78],
 F1-score=[0.7387387  0.46       0.43678162 0.7647059 ],
 my_accuracy=61.000001430511475[%]
2024-12-02 02:41:35,899 INFO _main.py 209:: ########EPOCH 47 ########
2024-12-02 02:41:35,900 INFO _main.py 210:: ###Model distribution###
2024-12-02 02:41:40,593 INFO server.py 1080:: clients' sizes=[1, 2, 1, 0, 0, 0, 2, 2, 0, 1, 0, 1, 2, 2, 2, 2, 1, 1, 2, 0, 1, 1, 1, 1, 1, 0, 1, 1, 1, 1, 2, 0, 2, 0, 1, 2, 1, 0, 2, 0], total=41
2024-12-02 02:41:40,636 INFO server.py 327:: [Server] The aggregation takes 0.044280 seconds.

2024-12-02 02:41:40,638 INFO server.py 211:: [Server] Start testing
2024-12-02 02:41:40,660 INFO server.py 235:: [Server] Test set: Average loss: 0.8303, Accuracy: 122/200 (61.0%)

2024-12-02 02:41:40,662 INFO server.py 238:: [Sever] Confusion matrix:
 tensor([[41.,  7.,  2.,  0.],
        [15., 23., 10.,  2.],
        [ 5., 15., 19., 11.],
        [ 0.,  5.,  6., 39.]])
2024-12-02 02:41:40,663 INFO server.py 254:: [Server] Precision=[0.6721311 0.46      0.5135135 0.75     ],
 Recall=[0.82 0.46 0.38 0.78],
 F1-score=[0.7387387  0.46       0.43678162 0.7647059 ],
 my_accuracy=61.000001430511475[%]
2024-12-02 02:41:40,664 INFO _main.py 209:: ########EPOCH 48 ########
2024-12-02 02:41:40,665 INFO _main.py 210:: ###Model distribution###
2024-12-02 02:41:44,055 INFO server.py 1080:: clients' sizes=[1, 2, 1, 0, 0, 0, 2, 2, 0, 1, 0, 1, 2, 2, 2, 2, 1, 1, 2, 0, 1, 1, 1, 1, 1, 0, 1, 1, 1, 1, 2, 0, 2, 0, 1, 2, 1, 0, 2, 0], total=41
2024-12-02 02:41:44,094 INFO server.py 327:: [Server] The aggregation takes 0.041362 seconds.

2024-12-02 02:41:44,096 INFO server.py 211:: [Server] Start testing
2024-12-02 02:41:44,121 INFO server.py 235:: [Server] Test set: Average loss: 0.8287, Accuracy: 122/200 (61.0%)

2024-12-02 02:41:44,123 INFO server.py 238:: [Sever] Confusion matrix:
 tensor([[41.,  7.,  2.,  0.],
        [15., 23., 10.,  2.],
        [ 5., 15., 19., 11.],
        [ 0.,  5.,  6., 39.]])
2024-12-02 02:41:44,125 INFO server.py 254:: [Server] Precision=[0.6721311 0.46      0.5135135 0.75     ],
 Recall=[0.82 0.46 0.38 0.78],
 F1-score=[0.7387387  0.46       0.43678162 0.7647059 ],
 my_accuracy=61.000001430511475[%]
2024-12-02 02:41:44,125 INFO _main.py 209:: ########EPOCH 49 ########
2024-12-02 02:41:44,127 INFO _main.py 210:: ###Model distribution###
2024-12-02 02:41:46,802 INFO server.py 1080:: clients' sizes=[1, 2, 1, 0, 0, 0, 2, 2, 0, 1, 0, 1, 2, 2, 2, 2, 1, 1, 2, 0, 1, 1, 1, 1, 1, 0, 1, 1, 1, 1, 2, 0, 2, 0, 1, 2, 1, 0, 2, 0], total=41
2024-12-02 02:41:46,838 INFO server.py 327:: [Server] The aggregation takes 0.036875 seconds.

2024-12-02 02:41:46,840 INFO server.py 211:: [Server] Start testing
2024-12-02 02:41:46,855 INFO server.py 235:: [Server] Test set: Average loss: 0.8281, Accuracy: 122/200 (61.0%)

2024-12-02 02:41:46,856 INFO server.py 238:: [Sever] Confusion matrix:
 tensor([[41.,  7.,  2.,  0.],
        [15., 23., 10.,  2.],
        [ 5., 15., 19., 11.],
        [ 0.,  5.,  6., 39.]])
2024-12-02 02:41:46,857 INFO server.py 254:: [Server] Precision=[0.6721311 0.46      0.5135135 0.75     ],
 Recall=[0.82 0.46 0.38 0.78],
 F1-score=[0.7387387  0.46       0.43678162 0.7647059 ],
 my_accuracy=61.000001430511475[%]
