2024-12-01 23:22:24,193 INFO _main.py 39:: ################################################################
2024-12-01 23:22:24,194 INFO _main.py 41:: #                              batch_size: 64                  #
2024-12-01 23:22:24,195 INFO _main.py 41:: #                         test_batch_size: 32                  #
2024-12-01 23:22:24,195 INFO _main.py 41:: #                                  epochs: 10                  #
2024-12-01 23:22:24,195 INFO _main.py 41:: #                               optimizer: SGD                 #
2024-12-01 23:22:24,196 INFO _main.py 41:: #                                      lr: 0.01                #
2024-12-01 23:22:24,196 INFO _main.py 41:: #                                momentum: 0.9                 #
2024-12-01 23:22:24,196 INFO _main.py 41:: #                            weight_decay: 0.0001              #
2024-12-01 23:22:24,196 INFO _main.py 41:: #                                    seed: 1                   #
2024-12-01 23:22:24,196 INFO _main.py 41:: #                            log_interval: 11                  #
2024-12-01 23:22:24,196 INFO _main.py 41:: #                             num_clients: 40                  #
2024-12-01 23:22:24,197 INFO _main.py 41:: #                           output_folder: experiments         #
2024-12-01 23:22:24,197 INFO _main.py 41:: #                                 dataset: rockburst           #
2024-12-01 23:22:24,197 INFO _main.py 41:: #                             loader_type: dirichlet           #
2024-12-01 23:22:24,198 INFO _main.py 41:: #                             loader_path: ./data/loader.pk    #
2024-12-01 23:22:24,198 INFO _main.py 41:: #                                      AR: gm                  #
2024-12-01 23:22:24,198 INFO _main.py 41:: #                     n_attacker_backdoor: 0                   #
2024-12-01 23:22:24,198 INFO _main.py 41:: #                        backdoor_trigger: [0, 0, 1, 1]        #
2024-12-01 23:22:24,198 INFO _main.py 41:: #                   n_attacker_omniscient: 0                   #
2024-12-01 23:22:24,199 INFO _main.py 41:: #                        omniscient_scale: 1                   #
2024-12-01 23:22:24,199 INFO _main.py 41:: #                                 attacks: None                #
2024-12-01 23:22:24,199 INFO _main.py 41:: #                      save_model_weights: False               #
2024-12-01 23:22:24,199 INFO _main.py 41:: #                         experiment_name: sExp4Ba_40ep_rockburst_gm_40C_5#
2024-12-01 23:22:24,200 INFO _main.py 41:: #                          path_to_aggNet: None                #
2024-12-01 23:22:24,200 INFO _main.py 41:: #                                  device: cpu                 #
2024-12-01 23:22:24,200 INFO _main.py 41:: #                            inner_epochs: 20                  #
2024-12-01 23:22:24,201 INFO _main.py 41:: #                                 verbose: True                #
2024-12-01 23:22:24,201 INFO _main.py 41:: #                         list_unreliable: [2, 18, 20]         #
2024-12-01 23:22:24,201 INFO _main.py 41:: #                     unreliable_fraction: 0.5                 #
2024-12-01 23:22:24,202 INFO _main.py 41:: #                    unreliable_fracTrain: 0.3                 #
2024-12-01 23:22:24,202 INFO _main.py 41:: #                         mean_unreliable: 0.0                 #
2024-12-01 23:22:24,202 INFO _main.py 41:: #                             blur_method: add_noise           #
2024-12-01 23:22:24,202 INFO _main.py 41:: #                      max_std_unreliable: 30.0                #
2024-12-01 23:22:24,203 INFO _main.py 41:: #                     list_uatk_add_noise: [24, 25, 26]        #
2024-12-01 23:22:24,203 INFO _main.py 41:: #                          mean_add_noise: 0.0                 #
2024-12-01 23:22:24,203 INFO _main.py 41:: #                           std_add_noise: 0.01                #
2024-12-01 23:22:24,204 INFO _main.py 41:: #                     list_uatk_flip_sign: [0, 10, 11]         #
2024-12-01 23:22:24,204 INFO _main.py 42:: ################################################################
2024-12-01 23:22:24,204 INFO _main.py 43:: Namespace(batch_size=64, test_batch_size=32, epochs=10, optimizer='SGD', lr=0.01, momentum=0.9, weight_decay=0.0001, seed=1, log_interval=11, num_clients=40, output_folder='experiments', dataset='rockburst', loader_type='dirichlet', loader_path='./data/loader.pk', AR='gm', n_attacker_backdoor=0, backdoor_trigger=[0, 0, 1, 1], n_attacker_omniscient=0, omniscient_scale=1, attacks=None, save_model_weights=False, experiment_name='sExp4Ba_40ep_rockburst_gm_40C_5', path_to_aggNet=None, device='cpu', inner_epochs=20, verbose=True, list_unreliable=[2, 18, 20], unreliable_fraction=0.5, unreliable_fracTrain=0.3, mean_unreliable=0.0, blur_method='add_noise', max_std_unreliable=30.0, list_uatk_add_noise=[24, 25, 26], mean_add_noise=0.0, std_add_noise=0.01, list_uatk_flip_sign=[0, 10, 11])
2024-12-01 23:22:24,205 INFO _main.py 44:: #####################
2024-12-01 23:22:24,205 INFO _main.py 45:: #####################
2024-12-01 23:22:24,205 INFO _main.py 46:: #####################
2024-12-01 23:22:24,206 INFO _main.py 47:: Aggregation Rule:	gm
2024-12-01 23:22:24,206 INFO _main.py 48:: Data distribution:	dirichlet
2024-12-01 23:22:24,206 INFO _main.py 49:: Attacks:	None 
2024-12-01 23:22:24,207 INFO _main.py 50:: #####################
2024-12-01 23:22:24,207 INFO _main.py 51:: #####################
2024-12-01 23:22:24,207 INFO _main.py 52:: #####################
2024-12-01 23:22:25,786 INFO server.py 366:: SET DBSCAN eps=1.3, min_samples=10
2024-12-01 23:22:25,789 INFO _main.py 135:: [1-normal, 0-malicious] label =tensor([0., 1., 1., 1., 1., 1., 1., 1., 1., 1., 0., 0., 1., 1., 1., 1., 1., 1.,
        1., 1., 1., 1., 1., 1., 0., 0., 0., 1., 1., 1., 1., 1., 1., 1., 1., 1.,
        1., 1., 1., 1.])
2024-12-01 23:22:25,795 INFO malicious_clients.py 123:: init ATTACK OMNISCIENT Client 0
2024-12-01 23:22:25,799 INFO malicious_clients.py 18:: init UNRELIABLE Client 2
2024-12-01 23:22:25,829 INFO malicious_clients.py 123:: init ATTACK OMNISCIENT Client 10
2024-12-01 23:22:25,833 INFO malicious_clients.py 123:: init ATTACK OMNISCIENT Client 11
2024-12-01 23:22:25,856 INFO malicious_clients.py 18:: init UNRELIABLE Client 18
2024-12-01 23:22:25,864 INFO malicious_clients.py 18:: init UNRELIABLE Client 20
2024-12-01 23:22:25,880 INFO malicious_clients.py 73:: init ATTACK ADD NOISE TO GRAD Client 24
2024-12-01 23:22:25,884 INFO malicious_clients.py 73:: init ATTACK ADD NOISE TO GRAD Client 25
2024-12-01 23:22:25,888 INFO malicious_clients.py 73:: init ATTACK ADD NOISE TO GRAD Client 26
2024-12-01 23:22:25,943 INFO server.py 211:: [Server] Start testing
2024-12-01 23:22:25,961 INFO server.py 235:: [Server] Test set: Average loss: 1.3864, Accuracy: 50/200 (25.0%)

2024-12-01 23:22:25,963 INFO server.py 238:: [Sever] Confusion matrix:
 tensor([[50.,  0.,  0.,  0.],
        [50.,  0.,  0.,  0.],
        [50.,  0.,  0.,  0.],
        [50.,  0.,  0.,  0.]])
2024-12-01 23:22:25,971 INFO server.py 254:: [Server] Precision=[0.25  nan  nan  nan],
 Recall=[1. 0. 0. 0.],
 F1-score=[0.4 nan nan nan],
 my_accuracy=25.0[%]
2024-12-01 23:22:25,973 INFO _main.py 209:: ########EPOCH 0 ########
2024-12-01 23:22:25,974 INFO _main.py 210:: ###Model distribution###
2024-12-01 23:22:28,237 INFO server.py 1064:: clients' sizes=[1, 2, 1, 0, 0, 0, 2, 2, 0, 1, 0, 1, 2, 2, 2, 2, 1, 1, 2, 0, 1, 1, 1, 1, 1, 0, 1, 1, 1, 1, 2, 0, 2, 0, 1, 2, 1, 0, 2, 0], total=41
2024-12-01 23:22:28,277 INFO server.py 327:: [Server] The aggregation takes 0.050313 seconds.

2024-12-01 23:22:28,278 INFO server.py 211:: [Server] Start testing
2024-12-01 23:22:28,298 INFO server.py 235:: [Server] Test set: Average loss: 1.3727, Accuracy: 50/200 (25.0%)

2024-12-01 23:22:28,300 INFO server.py 238:: [Sever] Confusion matrix:
 tensor([[50.,  0.,  0.,  0.],
        [50.,  0.,  0.,  0.],
        [50.,  0.,  0.,  0.],
        [50.,  0.,  0.,  0.]])
2024-12-01 23:22:28,301 INFO server.py 254:: [Server] Precision=[0.25  nan  nan  nan],
 Recall=[1. 0. 0. 0.],
 F1-score=[0.4 nan nan nan],
 my_accuracy=25.0[%]
2024-12-01 23:22:28,302 INFO _main.py 209:: ########EPOCH 1 ########
2024-12-01 23:22:28,303 INFO _main.py 210:: ###Model distribution###
2024-12-01 23:22:30,895 INFO server.py 1064:: clients' sizes=[1, 2, 1, 0, 0, 0, 2, 2, 0, 1, 0, 1, 2, 2, 2, 2, 1, 1, 2, 0, 1, 1, 1, 1, 1, 0, 1, 1, 1, 1, 2, 0, 2, 0, 1, 2, 1, 0, 2, 0], total=41
2024-12-01 23:22:30,932 INFO server.py 327:: [Server] The aggregation takes 0.038366 seconds.

2024-12-01 23:22:30,933 INFO server.py 211:: [Server] Start testing
2024-12-01 23:22:30,957 INFO server.py 235:: [Server] Test set: Average loss: 1.3394, Accuracy: 70/200 (35.0%)

2024-12-01 23:22:30,959 INFO server.py 238:: [Sever] Confusion matrix:
 tensor([[50.,  0.,  0.,  0.],
        [50.,  0.,  0.,  0.],
        [50.,  0.,  0.,  0.],
        [30.,  0.,  0., 20.]])
2024-12-01 23:22:30,960 INFO server.py 254:: [Server] Precision=[0.2777778       nan       nan 1.       ],
 Recall=[1.  0.  0.  0.4],
 F1-score=[0.43478262        nan        nan 0.5714286 ],
 my_accuracy=34.99999940395355[%]
2024-12-01 23:22:30,961 INFO _main.py 209:: ########EPOCH 2 ########
2024-12-01 23:22:30,961 INFO _main.py 210:: ###Model distribution###
2024-12-01 23:22:33,458 INFO server.py 1064:: clients' sizes=[1, 2, 1, 0, 0, 0, 2, 2, 0, 1, 0, 1, 2, 2, 2, 2, 1, 1, 2, 0, 1, 1, 1, 1, 1, 0, 1, 1, 1, 1, 2, 0, 2, 0, 1, 2, 1, 0, 2, 0], total=41
2024-12-01 23:22:33,480 INFO server.py 327:: [Server] The aggregation takes 0.023373 seconds.

2024-12-01 23:22:33,481 INFO server.py 211:: [Server] Start testing
2024-12-01 23:22:33,497 INFO server.py 235:: [Server] Test set: Average loss: 1.2844, Accuracy: 80/200 (40.0%)

2024-12-01 23:22:33,499 INFO server.py 238:: [Sever] Confusion matrix:
 tensor([[50.,  0.,  0.,  0.],
        [47.,  0.,  0.,  3.],
        [45.,  0.,  0.,  5.],
        [20.,  0.,  0., 30.]])
2024-12-01 23:22:33,500 INFO server.py 254:: [Server] Precision=[0.30864197        nan        nan 0.7894737 ],
 Recall=[1.  0.  0.  0.6],
 F1-score=[0.47169814        nan        nan 0.68181825],
 my_accuracy=40.00000059604645[%]
2024-12-01 23:22:33,501 INFO _main.py 209:: ########EPOCH 3 ########
2024-12-01 23:22:33,502 INFO _main.py 210:: ###Model distribution###
2024-12-01 23:22:35,377 INFO server.py 1064:: clients' sizes=[1, 2, 1, 0, 0, 0, 2, 2, 0, 1, 0, 1, 2, 2, 2, 2, 1, 1, 2, 0, 1, 1, 1, 1, 1, 0, 1, 1, 1, 1, 2, 0, 2, 0, 1, 2, 1, 0, 2, 0], total=41
2024-12-01 23:22:35,400 INFO server.py 327:: [Server] The aggregation takes 0.024947 seconds.

2024-12-01 23:22:35,402 INFO server.py 211:: [Server] Start testing
2024-12-01 23:22:35,418 INFO server.py 235:: [Server] Test set: Average loss: 1.2117, Accuracy: 88/200 (44.0%)

2024-12-01 23:22:35,419 INFO server.py 238:: [Sever] Confusion matrix:
 tensor([[50.,  0.,  0.,  0.],
        [46.,  1.,  0.,  3.],
        [37.,  0.,  1., 12.],
        [11.,  0.,  3., 36.]])
2024-12-01 23:22:35,421 INFO server.py 254:: [Server] Precision=[0.3472222 1.        0.25      0.7058824],
 Recall=[1.   0.02 0.02 0.72],
 F1-score=[0.5154639  0.03921569 0.03703703 0.7128714 ],
 my_accuracy=43.99999976158142[%]
2024-12-01 23:22:35,422 INFO _main.py 209:: ########EPOCH 4 ########
2024-12-01 23:22:35,423 INFO _main.py 210:: ###Model distribution###
2024-12-01 23:22:37,453 INFO server.py 1064:: clients' sizes=[1, 2, 1, 0, 0, 0, 2, 2, 0, 1, 0, 1, 2, 2, 2, 2, 1, 1, 2, 0, 1, 1, 1, 1, 1, 0, 1, 1, 1, 1, 2, 0, 2, 0, 1, 2, 1, 0, 2, 0], total=41
2024-12-01 23:22:37,477 INFO server.py 327:: [Server] The aggregation takes 0.025326 seconds.

2024-12-01 23:22:37,479 INFO server.py 211:: [Server] Start testing
2024-12-01 23:22:37,495 INFO server.py 235:: [Server] Test set: Average loss: 1.1404, Accuracy: 100/200 (50.0%)

2024-12-01 23:22:37,496 INFO server.py 238:: [Sever] Confusion matrix:
 tensor([[47.,  3.,  0.,  0.],
        [34., 11.,  2.,  3.],
        [25.,  7.,  6., 12.],
        [ 9.,  0.,  5., 36.]])
2024-12-01 23:22:37,497 INFO server.py 254:: [Server] Precision=[0.40869564 0.52380955 0.46153846 0.7058824 ],
 Recall=[0.94 0.22 0.12 0.72],
 F1-score=[0.56969696 0.30985916 0.1904762  0.7128714 ],
 my_accuracy=50.0[%]
2024-12-01 23:22:37,498 INFO _main.py 209:: ########EPOCH 5 ########
2024-12-01 23:22:37,498 INFO _main.py 210:: ###Model distribution###
2024-12-01 23:22:39,295 INFO server.py 1064:: clients' sizes=[1, 2, 1, 0, 0, 0, 2, 2, 0, 1, 0, 1, 2, 2, 2, 2, 1, 1, 2, 0, 1, 1, 1, 1, 1, 0, 1, 1, 1, 1, 2, 0, 2, 0, 1, 2, 1, 0, 2, 0], total=41
2024-12-01 23:22:39,321 INFO server.py 327:: [Server] The aggregation takes 0.027418 seconds.

2024-12-01 23:22:39,323 INFO server.py 211:: [Server] Start testing
2024-12-01 23:22:39,338 INFO server.py 235:: [Server] Test set: Average loss: 1.0851, Accuracy: 112/200 (56.0%)

2024-12-01 23:22:39,340 INFO server.py 238:: [Sever] Confusion matrix:
 tensor([[47.,  2.,  1.,  0.],
        [26., 18.,  3.,  3.],
        [18., 10., 10., 12.],
        [ 5.,  3.,  5., 37.]])
2024-12-01 23:22:39,341 INFO server.py 254:: [Server] Precision=[0.48958334 0.54545456 0.5263158  0.71153843],
 Recall=[0.94 0.36 0.2  0.74],
 F1-score=[0.64383566 0.43373495 0.2898551  0.72549015],
 my_accuracy=56.00000023841858[%]
2024-12-01 23:22:39,341 INFO _main.py 209:: ########EPOCH 6 ########
2024-12-01 23:22:39,342 INFO _main.py 210:: ###Model distribution###
2024-12-01 23:22:41,246 INFO server.py 1064:: clients' sizes=[1, 2, 1, 0, 0, 0, 2, 2, 0, 1, 0, 1, 2, 2, 2, 2, 1, 1, 2, 0, 1, 1, 1, 1, 1, 0, 1, 1, 1, 1, 2, 0, 2, 0, 1, 2, 1, 0, 2, 0], total=41
2024-12-01 23:22:41,273 INFO server.py 327:: [Server] The aggregation takes 0.027941 seconds.

2024-12-01 23:22:41,275 INFO server.py 211:: [Server] Start testing
2024-12-01 23:22:41,291 INFO server.py 235:: [Server] Test set: Average loss: 1.0410, Accuracy: 116/200 (58.0%)

2024-12-01 23:22:41,293 INFO server.py 238:: [Sever] Confusion matrix:
 tensor([[47.,  1.,  2.,  0.],
        [25., 19.,  3.,  3.],
        [17., 10., 11., 12.],
        [ 2.,  5.,  4., 39.]])
2024-12-01 23:22:41,295 INFO server.py 254:: [Server] Precision=[0.51648355 0.54285717 0.55       0.7222222 ],
 Recall=[0.94 0.38 0.22 0.78],
 F1-score=[0.6666666  0.44705883 0.31428573 0.74999994],
 my_accuracy=57.999998331069946[%]
2024-12-01 23:22:41,295 INFO _main.py 209:: ########EPOCH 7 ########
2024-12-01 23:22:41,296 INFO _main.py 210:: ###Model distribution###
2024-12-01 23:22:43,355 INFO server.py 1064:: clients' sizes=[1, 2, 1, 0, 0, 0, 2, 2, 0, 1, 0, 1, 2, 2, 2, 2, 1, 1, 2, 0, 1, 1, 1, 1, 1, 0, 1, 1, 1, 1, 2, 0, 2, 0, 1, 2, 1, 0, 2, 0], total=41
2024-12-01 23:22:43,390 INFO server.py 327:: [Server] The aggregation takes 0.036822 seconds.

2024-12-01 23:22:43,392 INFO server.py 211:: [Server] Start testing
2024-12-01 23:22:43,415 INFO server.py 235:: [Server] Test set: Average loss: 1.0103, Accuracy: 120/200 (60.0%)

2024-12-01 23:22:43,417 INFO server.py 238:: [Sever] Confusion matrix:
 tensor([[45.,  3.,  2.,  0.],
        [20., 24.,  3.,  3.],
        [15., 12., 12., 11.],
        [ 0.,  6.,  5., 39.]])
2024-12-01 23:22:43,419 INFO server.py 254:: [Server] Precision=[0.5625     0.53333336 0.54545456 0.7358491 ],
 Recall=[0.9  0.48 0.24 0.78],
 F1-score=[0.69230765 0.5052632  0.3333333  0.75728154],
 my_accuracy=60.00000238418579[%]
2024-12-01 23:22:43,419 INFO _main.py 209:: ########EPOCH 8 ########
2024-12-01 23:22:43,420 INFO _main.py 210:: ###Model distribution###
2024-12-01 23:22:45,932 INFO server.py 1064:: clients' sizes=[1, 2, 1, 0, 0, 0, 2, 2, 0, 1, 0, 1, 2, 2, 2, 2, 1, 1, 2, 0, 1, 1, 1, 1, 1, 0, 1, 1, 1, 1, 2, 0, 2, 0, 1, 2, 1, 0, 2, 0], total=41
2024-12-01 23:22:45,971 INFO server.py 327:: [Server] The aggregation takes 0.040349 seconds.

2024-12-01 23:22:45,972 INFO server.py 211:: [Server] Start testing
2024-12-01 23:22:45,995 INFO server.py 235:: [Server] Test set: Average loss: 0.9847, Accuracy: 118/200 (59.0%)

2024-12-01 23:22:45,997 INFO server.py 238:: [Sever] Confusion matrix:
 tensor([[41.,  7.,  2.,  0.],
        [20., 23.,  4.,  3.],
        [14., 11., 15., 10.],
        [ 0.,  6.,  5., 39.]])
2024-12-01 23:22:45,999 INFO server.py 254:: [Server] Precision=[0.5466667 0.4893617 0.5769231 0.75     ],
 Recall=[0.82 0.46 0.3  0.78],
 F1-score=[0.656      0.47422683 0.39473686 0.7647059 ],
 my_accuracy=58.99999737739563[%]
2024-12-01 23:22:45,999 INFO _main.py 209:: ########EPOCH 9 ########
2024-12-01 23:22:46,000 INFO _main.py 210:: ###Model distribution###
2024-12-01 23:22:49,005 INFO server.py 1064:: clients' sizes=[1, 2, 1, 0, 0, 0, 2, 2, 0, 1, 0, 1, 2, 2, 2, 2, 1, 1, 2, 0, 1, 1, 1, 1, 1, 0, 1, 1, 1, 1, 2, 0, 2, 0, 1, 2, 1, 0, 2, 0], total=41
2024-12-01 23:22:49,032 INFO server.py 327:: [Server] The aggregation takes 0.028172 seconds.

2024-12-01 23:22:49,034 INFO server.py 211:: [Server] Start testing
2024-12-01 23:22:49,051 INFO server.py 235:: [Server] Test set: Average loss: 0.9663, Accuracy: 117/200 (58.5%)

2024-12-01 23:22:49,053 INFO server.py 238:: [Sever] Confusion matrix:
 tensor([[41.,  7.,  2.,  0.],
        [20., 22.,  5.,  3.],
        [10., 14., 15., 11.],
        [ 0.,  6.,  5., 39.]])
2024-12-01 23:22:49,054 INFO server.py 254:: [Server] Precision=[0.57746476 0.4489796  0.5555556  0.7358491 ],
 Recall=[0.82 0.44 0.3  0.78],
 F1-score=[0.677686   0.44444445 0.3896104  0.75728154],
 my_accuracy=58.49999785423279[%]
