2024-12-01 23:48:33,363 INFO _main.py 39:: ################################################################
2024-12-01 23:48:33,365 INFO _main.py 41:: #                              batch_size: 64                  #
2024-12-01 23:48:33,365 INFO _main.py 41:: #                         test_batch_size: 32                  #
2024-12-01 23:48:33,366 INFO _main.py 41:: #                                  epochs: 20                  #
2024-12-01 23:48:33,366 INFO _main.py 41:: #                               optimizer: SGD                 #
2024-12-01 23:48:33,366 INFO _main.py 41:: #                                      lr: 0.01                #
2024-12-01 23:48:33,367 INFO _main.py 41:: #                                momentum: 0.9                 #
2024-12-01 23:48:33,367 INFO _main.py 41:: #                            weight_decay: 0.0001              #
2024-12-01 23:48:33,367 INFO _main.py 41:: #                                    seed: 1                   #
2024-12-01 23:48:33,367 INFO _main.py 41:: #                            log_interval: 11                  #
2024-12-01 23:48:33,367 INFO _main.py 41:: #                             num_clients: 40                  #
2024-12-01 23:48:33,368 INFO _main.py 41:: #                           output_folder: experiments         #
2024-12-01 23:48:33,368 INFO _main.py 41:: #                                 dataset: rockburst           #
2024-12-01 23:48:33,368 INFO _main.py 41:: #                             loader_type: dirichlet           #
2024-12-01 23:48:33,368 INFO _main.py 41:: #                             loader_path: ./data/loader.pk    #
2024-12-01 23:48:33,368 INFO _main.py 41:: #                                      AR: gm                  #
2024-12-01 23:48:33,369 INFO _main.py 41:: #                     n_attacker_backdoor: 0                   #
2024-12-01 23:48:33,369 INFO _main.py 41:: #                        backdoor_trigger: [0, 0, 1, 1]        #
2024-12-01 23:48:33,369 INFO _main.py 41:: #                   n_attacker_omniscient: 0                   #
2024-12-01 23:48:33,370 INFO _main.py 41:: #                        omniscient_scale: 1                   #
2024-12-01 23:48:33,370 INFO _main.py 41:: #                                 attacks: None                #
2024-12-01 23:48:33,370 INFO _main.py 41:: #                      save_model_weights: False               #
2024-12-01 23:48:33,370 INFO _main.py 41:: #                         experiment_name: sExp4Ba_40ep_rockburst_gm_40C_5#
2024-12-01 23:48:33,370 INFO _main.py 41:: #                          path_to_aggNet: None                #
2024-12-01 23:48:33,370 INFO _main.py 41:: #                                  device: cpu                 #
2024-12-01 23:48:33,371 INFO _main.py 41:: #                            inner_epochs: 30                  #
2024-12-01 23:48:33,371 INFO _main.py 41:: #                                 verbose: True                #
2024-12-01 23:48:33,371 INFO _main.py 41:: #                         list_unreliable: [2, 18, 20]         #
2024-12-01 23:48:33,372 INFO _main.py 41:: #                     unreliable_fraction: 0.5                 #
2024-12-01 23:48:33,372 INFO _main.py 41:: #                    unreliable_fracTrain: 0.3                 #
2024-12-01 23:48:33,372 INFO _main.py 41:: #                         mean_unreliable: 0.0                 #
2024-12-01 23:48:33,372 INFO _main.py 41:: #                             blur_method: add_noise           #
2024-12-01 23:48:33,372 INFO _main.py 41:: #                      max_std_unreliable: 30.0                #
2024-12-01 23:48:33,373 INFO _main.py 41:: #                     list_uatk_add_noise: [24, 25, 26]        #
2024-12-01 23:48:33,373 INFO _main.py 41:: #                          mean_add_noise: 0.0                 #
2024-12-01 23:48:33,373 INFO _main.py 41:: #                           std_add_noise: 0.01                #
2024-12-01 23:48:33,373 INFO _main.py 41:: #                     list_uatk_flip_sign: [0, 10, 11]         #
2024-12-01 23:48:33,373 INFO _main.py 42:: ################################################################
2024-12-01 23:48:33,374 INFO _main.py 43:: Namespace(batch_size=64, test_batch_size=32, epochs=20, optimizer='SGD', lr=0.01, momentum=0.9, weight_decay=0.0001, seed=1, log_interval=11, num_clients=40, output_folder='experiments', dataset='rockburst', loader_type='dirichlet', loader_path='./data/loader.pk', AR='gm', n_attacker_backdoor=0, backdoor_trigger=[0, 0, 1, 1], n_attacker_omniscient=0, omniscient_scale=1, attacks=None, save_model_weights=False, experiment_name='sExp4Ba_40ep_rockburst_gm_40C_5', path_to_aggNet=None, device='cpu', inner_epochs=30, verbose=True, list_unreliable=[2, 18, 20], unreliable_fraction=0.5, unreliable_fracTrain=0.3, mean_unreliable=0.0, blur_method='add_noise', max_std_unreliable=30.0, list_uatk_add_noise=[24, 25, 26], mean_add_noise=0.0, std_add_noise=0.01, list_uatk_flip_sign=[0, 10, 11])
2024-12-01 23:48:33,374 INFO _main.py 44:: #####################
2024-12-01 23:48:33,374 INFO _main.py 45:: #####################
2024-12-01 23:48:33,374 INFO _main.py 46:: #####################
2024-12-01 23:48:33,375 INFO _main.py 47:: Aggregation Rule:	gm
2024-12-01 23:48:33,375 INFO _main.py 48:: Data distribution:	dirichlet
2024-12-01 23:48:33,375 INFO _main.py 49:: Attacks:	None 
2024-12-01 23:48:33,375 INFO _main.py 50:: #####################
2024-12-01 23:48:33,375 INFO _main.py 51:: #####################
2024-12-01 23:48:33,376 INFO _main.py 52:: #####################
2024-12-01 23:48:34,915 INFO server.py 366:: SET DBSCAN eps=1.3, min_samples=10
2024-12-01 23:48:34,924 INFO _main.py 135:: [1-normal, 0-malicious] label =tensor([0., 1., 1., 1., 1., 1., 1., 1., 1., 1., 0., 0., 1., 1., 1., 1., 1., 1.,
        1., 1., 1., 1., 1., 1., 0., 0., 0., 1., 1., 1., 1., 1., 1., 1., 1., 1.,
        1., 1., 1., 1.])
2024-12-01 23:48:34,930 INFO malicious_clients.py 123:: init ATTACK OMNISCIENT Client 0
2024-12-01 23:48:34,935 INFO malicious_clients.py 18:: init UNRELIABLE Client 2
2024-12-01 23:48:34,967 INFO malicious_clients.py 123:: init ATTACK OMNISCIENT Client 10
2024-12-01 23:48:34,970 INFO malicious_clients.py 123:: init ATTACK OMNISCIENT Client 11
2024-12-01 23:48:34,992 INFO malicious_clients.py 18:: init UNRELIABLE Client 18
2024-12-01 23:48:34,999 INFO malicious_clients.py 18:: init UNRELIABLE Client 20
2024-12-01 23:48:35,017 INFO malicious_clients.py 73:: init ATTACK ADD NOISE TO GRAD Client 24
2024-12-01 23:48:35,021 INFO malicious_clients.py 73:: init ATTACK ADD NOISE TO GRAD Client 25
2024-12-01 23:48:35,025 INFO malicious_clients.py 73:: init ATTACK ADD NOISE TO GRAD Client 26
2024-12-01 23:48:35,083 INFO server.py 211:: [Server] Start testing
2024-12-01 23:48:35,101 INFO server.py 235:: [Server] Test set: Average loss: 1.3864, Accuracy: 50/200 (25.0%)

2024-12-01 23:48:35,102 INFO server.py 238:: [Sever] Confusion matrix:
 tensor([[50.,  0.,  0.,  0.],
        [50.,  0.,  0.,  0.],
        [50.,  0.,  0.,  0.],
        [50.,  0.,  0.,  0.]])
2024-12-01 23:48:35,110 INFO server.py 254:: [Server] Precision=[0.25  nan  nan  nan],
 Recall=[1. 0. 0. 0.],
 F1-score=[0.4 nan nan nan],
 my_accuracy=25.0[%]
2024-12-01 23:48:35,111 INFO _main.py 209:: ########EPOCH 0 ########
2024-12-01 23:48:35,112 INFO _main.py 210:: ###Model distribution###
2024-12-01 23:48:37,750 INFO server.py 1064:: clients' sizes=[1, 2, 1, 0, 0, 0, 2, 2, 0, 1, 0, 1, 2, 2, 2, 2, 1, 1, 2, 0, 1, 1, 1, 1, 1, 0, 1, 1, 1, 1, 2, 0, 2, 0, 1, 2, 1, 0, 2, 0], total=41
2024-12-01 23:48:37,777 INFO server.py 327:: [Server] The aggregation takes 0.035788 seconds.

2024-12-01 23:48:37,778 INFO server.py 211:: [Server] Start testing
2024-12-01 23:48:37,804 INFO server.py 235:: [Server] Test set: Average loss: 1.3575, Accuracy: 63/200 (31.5%)

2024-12-01 23:48:37,806 INFO server.py 238:: [Sever] Confusion matrix:
 tensor([[50.,  0.,  0.,  0.],
        [50.,  0.,  0.,  0.],
        [50.,  0.,  0.,  0.],
        [37.,  0.,  0., 13.]])
2024-12-01 23:48:37,807 INFO server.py 254:: [Server] Precision=[0.26737967        nan        nan 1.        ],
 Recall=[1.   0.   0.   0.26],
 F1-score=[0.42194092        nan        nan 0.4126984 ],
 my_accuracy=31.49999976158142[%]
2024-12-01 23:48:37,808 INFO _main.py 209:: ########EPOCH 1 ########
2024-12-01 23:48:37,809 INFO _main.py 210:: ###Model distribution###
2024-12-01 23:48:40,477 INFO server.py 1064:: clients' sizes=[1, 2, 1, 0, 0, 0, 2, 2, 0, 1, 0, 1, 2, 2, 2, 2, 1, 1, 2, 0, 1, 1, 1, 1, 1, 0, 1, 1, 1, 1, 2, 0, 2, 0, 1, 2, 1, 0, 2, 0], total=41
2024-12-01 23:48:40,504 INFO server.py 327:: [Server] The aggregation takes 0.028087 seconds.

2024-12-01 23:48:40,506 INFO server.py 211:: [Server] Start testing
2024-12-01 23:48:40,520 INFO server.py 235:: [Server] Test set: Average loss: 1.2808, Accuracy: 80/200 (40.0%)

2024-12-01 23:48:40,521 INFO server.py 238:: [Sever] Confusion matrix:
 tensor([[50.,  0.,  0.,  0.],
        [47.,  0.,  0.,  3.],
        [47.,  0.,  0.,  3.],
        [20.,  0.,  0., 30.]])
2024-12-01 23:48:40,522 INFO server.py 254:: [Server] Precision=[0.30487806        nan        nan 0.8333333 ],
 Recall=[1.  0.  0.  0.6],
 F1-score=[0.46728975        nan        nan 0.6976744 ],
 my_accuracy=40.00000059604645[%]
2024-12-01 23:48:40,523 INFO _main.py 209:: ########EPOCH 2 ########
2024-12-01 23:48:40,524 INFO _main.py 210:: ###Model distribution###
2024-12-01 23:48:43,043 INFO server.py 1064:: clients' sizes=[1, 2, 1, 0, 0, 0, 2, 2, 0, 1, 0, 1, 2, 2, 2, 2, 1, 1, 2, 0, 1, 1, 1, 1, 1, 0, 1, 1, 1, 1, 2, 0, 2, 0, 1, 2, 1, 0, 2, 0], total=41
2024-12-01 23:48:43,068 INFO server.py 327:: [Server] The aggregation takes 0.025589 seconds.

2024-12-01 23:48:43,070 INFO server.py 211:: [Server] Start testing
2024-12-01 23:48:43,091 INFO server.py 235:: [Server] Test set: Average loss: 1.1743, Accuracy: 90/200 (45.0%)

2024-12-01 23:48:43,092 INFO server.py 238:: [Sever] Confusion matrix:
 tensor([[50.,  0.,  0.,  0.],
        [45.,  0.,  2.,  3.],
        [32.,  2.,  4., 12.],
        [ 9.,  0.,  5., 36.]])
2024-12-01 23:48:43,094 INFO server.py 254:: [Server] Precision=[0.36764705 0.         0.36363637 0.7058824 ],
 Recall=[1.   0.   0.08 0.72],
 F1-score=[0.5376344         nan 0.13114755 0.7128714 ],
 my_accuracy=44.999998807907104[%]
2024-12-01 23:48:43,095 INFO _main.py 209:: ########EPOCH 3 ########
2024-12-01 23:48:43,097 INFO _main.py 210:: ###Model distribution###
2024-12-01 23:48:46,802 INFO server.py 1064:: clients' sizes=[1, 2, 1, 0, 0, 0, 2, 2, 0, 1, 0, 1, 2, 2, 2, 2, 1, 1, 2, 0, 1, 1, 1, 1, 1, 0, 1, 1, 1, 1, 2, 0, 2, 0, 1, 2, 1, 0, 2, 0], total=41
2024-12-01 23:48:46,839 INFO server.py 327:: [Server] The aggregation takes 0.038149 seconds.

2024-12-01 23:48:46,841 INFO server.py 211:: [Server] Start testing
2024-12-01 23:48:46,862 INFO server.py 235:: [Server] Test set: Average loss: 1.0826, Accuracy: 113/200 (56.5%)

2024-12-01 23:48:46,864 INFO server.py 238:: [Sever] Confusion matrix:
 tensor([[47.,  2.,  1.,  0.],
        [25., 19.,  3.,  3.],
        [18., 10., 10., 12.],
        [ 5.,  3.,  5., 37.]])
2024-12-01 23:48:46,865 INFO server.py 254:: [Server] Precision=[0.49473685 0.5588235  0.5263158  0.71153843],
 Recall=[0.94 0.38 0.2  0.74],
 F1-score=[0.64827585 0.45238093 0.2898551  0.72549015],
 my_accuracy=56.49999976158142[%]
2024-12-01 23:48:46,866 INFO _main.py 209:: ########EPOCH 4 ########
2024-12-01 23:48:46,867 INFO _main.py 210:: ###Model distribution###
2024-12-01 23:48:50,244 INFO server.py 1064:: clients' sizes=[1, 2, 1, 0, 0, 0, 2, 2, 0, 1, 0, 1, 2, 2, 2, 2, 1, 1, 2, 0, 1, 1, 1, 1, 1, 0, 1, 1, 1, 1, 2, 0, 2, 0, 1, 2, 1, 0, 2, 0], total=41
2024-12-01 23:48:50,270 INFO server.py 327:: [Server] The aggregation takes 0.026521 seconds.

2024-12-01 23:48:50,272 INFO server.py 211:: [Server] Start testing
2024-12-01 23:48:50,285 INFO server.py 235:: [Server] Test set: Average loss: 1.0239, Accuracy: 120/200 (60.0%)

2024-12-01 23:48:50,287 INFO server.py 238:: [Sever] Confusion matrix:
 tensor([[47.,  1.,  2.,  0.],
        [21., 23.,  3.,  3.],
        [16., 13., 11., 10.],
        [ 0.,  6.,  5., 39.]])
2024-12-01 23:48:50,288 INFO server.py 254:: [Server] Precision=[0.5595238  0.53488374 0.52380955 0.75      ],
 Recall=[0.94 0.46 0.22 0.78],
 F1-score=[0.70149255 0.49462366 0.30985916 0.7647059 ],
 my_accuracy=60.00000238418579[%]
2024-12-01 23:48:50,289 INFO _main.py 209:: ########EPOCH 5 ########
2024-12-01 23:48:50,289 INFO _main.py 210:: ###Model distribution###
2024-12-01 23:48:52,839 INFO server.py 1064:: clients' sizes=[1, 2, 1, 0, 0, 0, 2, 2, 0, 1, 0, 1, 2, 2, 2, 2, 1, 1, 2, 0, 1, 1, 1, 1, 1, 0, 1, 1, 1, 1, 2, 0, 2, 0, 1, 2, 1, 0, 2, 0], total=41
2024-12-01 23:48:52,862 INFO server.py 327:: [Server] The aggregation takes 0.024730 seconds.

2024-12-01 23:48:52,864 INFO server.py 211:: [Server] Start testing
2024-12-01 23:48:52,878 INFO server.py 235:: [Server] Test set: Average loss: 0.9810, Accuracy: 117/200 (58.5%)

2024-12-01 23:48:52,880 INFO server.py 238:: [Sever] Confusion matrix:
 tensor([[42.,  6.,  2.,  0.],
        [20., 23.,  4.,  3.],
        [14., 13., 13., 10.],
        [ 0.,  6.,  5., 39.]])
2024-12-01 23:48:52,881 INFO server.py 254:: [Server] Precision=[0.55263156 0.47916666 0.5416667  0.75      ],
 Recall=[0.84 0.46 0.26 0.78],
 F1-score=[0.6666666  0.46938774 0.35135135 0.7647059 ],
 my_accuracy=58.49999785423279[%]
2024-12-01 23:48:52,882 INFO _main.py 209:: ########EPOCH 6 ########
2024-12-01 23:48:52,882 INFO _main.py 210:: ###Model distribution###
2024-12-01 23:48:55,408 INFO server.py 1064:: clients' sizes=[1, 2, 1, 0, 0, 0, 2, 2, 0, 1, 0, 1, 2, 2, 2, 2, 1, 1, 2, 0, 1, 1, 1, 1, 1, 0, 1, 1, 1, 1, 2, 0, 2, 0, 1, 2, 1, 0, 2, 0], total=41
2024-12-01 23:48:55,432 INFO server.py 327:: [Server] The aggregation takes 0.024885 seconds.

2024-12-01 23:48:55,434 INFO server.py 211:: [Server] Start testing
2024-12-01 23:48:55,448 INFO server.py 235:: [Server] Test set: Average loss: 0.9544, Accuracy: 115/200 (57.5%)

2024-12-01 23:48:55,450 INFO server.py 238:: [Sever] Confusion matrix:
 tensor([[41.,  7.,  2.,  0.],
        [20., 21.,  6.,  3.],
        [10., 15., 14., 11.],
        [ 0.,  6.,  5., 39.]])
2024-12-01 23:48:55,451 INFO server.py 254:: [Server] Precision=[0.57746476 0.42857143 0.5185185  0.7358491 ],
 Recall=[0.82 0.42 0.28 0.78],
 F1-score=[0.677686   0.4242424  0.36363637 0.75728154],
 my_accuracy=57.499998807907104[%]
2024-12-01 23:48:55,452 INFO _main.py 209:: ########EPOCH 7 ########
2024-12-01 23:48:55,452 INFO _main.py 210:: ###Model distribution###
2024-12-01 23:48:58,086 INFO server.py 1064:: clients' sizes=[1, 2, 1, 0, 0, 0, 2, 2, 0, 1, 0, 1, 2, 2, 2, 2, 1, 1, 2, 0, 1, 1, 1, 1, 1, 0, 1, 1, 1, 1, 2, 0, 2, 0, 1, 2, 1, 0, 2, 0], total=41
2024-12-01 23:48:58,111 INFO server.py 327:: [Server] The aggregation takes 0.026529 seconds.

2024-12-01 23:48:58,113 INFO server.py 211:: [Server] Start testing
2024-12-01 23:48:58,127 INFO server.py 235:: [Server] Test set: Average loss: 0.9345, Accuracy: 116/200 (58.0%)

2024-12-01 23:48:58,128 INFO server.py 238:: [Sever] Confusion matrix:
 tensor([[41.,  7.,  2.,  0.],
        [19., 21.,  7.,  3.],
        [10., 14., 15., 11.],
        [ 0.,  6.,  5., 39.]])
2024-12-01 23:48:58,129 INFO server.py 254:: [Server] Precision=[0.5857143  0.4375     0.51724136 0.7358491 ],
 Recall=[0.82 0.42 0.3  0.78],
 F1-score=[0.68333334 0.42857143 0.37974682 0.75728154],
 my_accuracy=57.999998331069946[%]
2024-12-01 23:48:58,130 INFO _main.py 209:: ########EPOCH 8 ########
2024-12-01 23:48:58,130 INFO _main.py 210:: ###Model distribution###
2024-12-01 23:49:01,515 INFO server.py 1064:: clients' sizes=[1, 2, 1, 0, 0, 0, 2, 2, 0, 1, 0, 1, 2, 2, 2, 2, 1, 1, 2, 0, 1, 1, 1, 1, 1, 0, 1, 1, 1, 1, 2, 0, 2, 0, 1, 2, 1, 0, 2, 0], total=41
2024-12-01 23:49:01,550 INFO server.py 327:: [Server] The aggregation takes 0.036128 seconds.

2024-12-01 23:49:01,552 INFO server.py 211:: [Server] Start testing
2024-12-01 23:49:01,571 INFO server.py 235:: [Server] Test set: Average loss: 0.9202, Accuracy: 116/200 (58.0%)

2024-12-01 23:49:01,573 INFO server.py 238:: [Sever] Confusion matrix:
 tensor([[41.,  7.,  2.,  0.],
        [18., 22.,  7.,  3.],
        [ 9., 15., 14., 12.],
        [ 0.,  6.,  5., 39.]])
2024-12-01 23:49:01,574 INFO server.py 254:: [Server] Precision=[0.60294116 0.44       0.5        0.7222222 ],
 Recall=[0.82 0.44 0.28 0.78],
 F1-score=[0.6949152  0.44       0.35897437 0.74999994],
 my_accuracy=57.999998331069946[%]
2024-12-01 23:49:01,575 INFO _main.py 209:: ########EPOCH 9 ########
2024-12-01 23:49:01,575 INFO _main.py 210:: ###Model distribution###
2024-12-01 23:49:05,101 INFO server.py 1064:: clients' sizes=[1, 2, 1, 0, 0, 0, 2, 2, 0, 1, 0, 1, 2, 2, 2, 2, 1, 1, 2, 0, 1, 1, 1, 1, 1, 0, 1, 1, 1, 1, 2, 0, 2, 0, 1, 2, 1, 0, 2, 0], total=41
2024-12-01 23:49:05,125 INFO server.py 327:: [Server] The aggregation takes 0.024960 seconds.

2024-12-01 23:49:05,127 INFO server.py 211:: [Server] Start testing
2024-12-01 23:49:05,140 INFO server.py 235:: [Server] Test set: Average loss: 0.9099, Accuracy: 116/200 (58.0%)

2024-12-01 23:49:05,142 INFO server.py 238:: [Sever] Confusion matrix:
 tensor([[41.,  7.,  2.,  0.],
        [18., 22.,  7.,  3.],
        [10., 14., 14., 12.],
        [ 0.,  6.,  5., 39.]])
2024-12-01 23:49:05,143 INFO server.py 254:: [Server] Precision=[0.5942029 0.4489796 0.5       0.7222222],
 Recall=[0.82 0.44 0.28 0.78],
 F1-score=[0.6890756  0.44444445 0.35897437 0.74999994],
 my_accuracy=57.999998331069946[%]
2024-12-01 23:49:05,144 INFO _main.py 209:: ########EPOCH 10 ########
2024-12-01 23:49:05,145 INFO _main.py 210:: ###Model distribution###
2024-12-01 23:49:07,676 INFO server.py 1064:: clients' sizes=[1, 2, 1, 0, 0, 0, 2, 2, 0, 1, 0, 1, 2, 2, 2, 2, 1, 1, 2, 0, 1, 1, 1, 1, 1, 0, 1, 1, 1, 1, 2, 0, 2, 0, 1, 2, 1, 0, 2, 0], total=41
2024-12-01 23:49:07,703 INFO server.py 327:: [Server] The aggregation takes 0.027756 seconds.

2024-12-01 23:49:07,705 INFO server.py 211:: [Server] Start testing
2024-12-01 23:49:07,719 INFO server.py 235:: [Server] Test set: Average loss: 0.9020, Accuracy: 116/200 (58.0%)

2024-12-01 23:49:07,720 INFO server.py 238:: [Sever] Confusion matrix:
 tensor([[41.,  7.,  2.,  0.],
        [18., 22.,  7.,  3.],
        [10., 14., 14., 12.],
        [ 0.,  6.,  5., 39.]])
2024-12-01 23:49:07,722 INFO server.py 254:: [Server] Precision=[0.5942029 0.4489796 0.5       0.7222222],
 Recall=[0.82 0.44 0.28 0.78],
 F1-score=[0.6890756  0.44444445 0.35897437 0.74999994],
 my_accuracy=57.999998331069946[%]
2024-12-01 23:49:07,722 INFO _main.py 209:: ########EPOCH 11 ########
2024-12-01 23:49:07,723 INFO _main.py 210:: ###Model distribution###
2024-12-01 23:49:10,425 INFO server.py 1064:: clients' sizes=[1, 2, 1, 0, 0, 0, 2, 2, 0, 1, 0, 1, 2, 2, 2, 2, 1, 1, 2, 0, 1, 1, 1, 1, 1, 0, 1, 1, 1, 1, 2, 0, 2, 0, 1, 2, 1, 0, 2, 0], total=41
2024-12-01 23:49:10,450 INFO server.py 327:: [Server] The aggregation takes 0.024974 seconds.

2024-12-01 23:49:10,451 INFO server.py 211:: [Server] Start testing
2024-12-01 23:49:10,465 INFO server.py 235:: [Server] Test set: Average loss: 0.8956, Accuracy: 115/200 (57.5%)

2024-12-01 23:49:10,466 INFO server.py 238:: [Sever] Confusion matrix:
 tensor([[41.,  7.,  2.,  0.],
        [18., 21.,  8.,  3.],
        [ 9., 15., 14., 12.],
        [ 0.,  6.,  5., 39.]])
2024-12-01 23:49:10,468 INFO server.py 254:: [Server] Precision=[0.60294116 0.42857143 0.4827586  0.7222222 ],
 Recall=[0.82 0.42 0.28 0.78],
 F1-score=[0.6949152  0.4242424  0.35443038 0.74999994],
 my_accuracy=57.499998807907104[%]
2024-12-01 23:49:10,468 INFO _main.py 209:: ########EPOCH 12 ########
2024-12-01 23:49:10,469 INFO _main.py 210:: ###Model distribution###
2024-12-01 23:49:12,987 INFO server.py 1064:: clients' sizes=[1, 2, 1, 0, 0, 0, 2, 2, 0, 1, 0, 1, 2, 2, 2, 2, 1, 1, 2, 0, 1, 1, 1, 1, 1, 0, 1, 1, 1, 1, 2, 0, 2, 0, 1, 2, 1, 0, 2, 0], total=41
2024-12-01 23:49:13,011 INFO server.py 327:: [Server] The aggregation takes 0.024323 seconds.

2024-12-01 23:49:13,013 INFO server.py 211:: [Server] Start testing
2024-12-01 23:49:13,027 INFO server.py 235:: [Server] Test set: Average loss: 0.8897, Accuracy: 117/200 (58.5%)

2024-12-01 23:49:13,028 INFO server.py 238:: [Sever] Confusion matrix:
 tensor([[41.,  7.,  2.,  0.],
        [18., 20.,  9.,  3.],
        [ 9., 13., 17., 11.],
        [ 0.,  5.,  6., 39.]])
2024-12-01 23:49:13,030 INFO server.py 254:: [Server] Precision=[0.60294116 0.44444445 0.5        0.7358491 ],
 Recall=[0.82 0.4  0.34 0.78],
 F1-score=[0.6949152  0.42105263 0.40476188 0.75728154],
 my_accuracy=58.49999785423279[%]
2024-12-01 23:49:13,030 INFO _main.py 209:: ########EPOCH 13 ########
2024-12-01 23:49:13,031 INFO _main.py 210:: ###Model distribution###
2024-12-01 23:49:16,001 INFO server.py 1064:: clients' sizes=[1, 2, 1, 0, 0, 0, 2, 2, 0, 1, 0, 1, 2, 2, 2, 2, 1, 1, 2, 0, 1, 1, 1, 1, 1, 0, 1, 1, 1, 1, 2, 0, 2, 0, 1, 2, 1, 0, 2, 0], total=41
2024-12-01 23:49:16,040 INFO server.py 327:: [Server] The aggregation takes 0.039962 seconds.

2024-12-01 23:49:16,042 INFO server.py 211:: [Server] Start testing
2024-12-01 23:49:16,065 INFO server.py 235:: [Server] Test set: Average loss: 0.8845, Accuracy: 117/200 (58.5%)

2024-12-01 23:49:16,066 INFO server.py 238:: [Sever] Confusion matrix:
 tensor([[41.,  7.,  2.,  0.],
        [18., 20.,  9.,  3.],
        [ 9., 13., 17., 11.],
        [ 0.,  5.,  6., 39.]])
2024-12-01 23:49:16,068 INFO server.py 254:: [Server] Precision=[0.60294116 0.44444445 0.5        0.7358491 ],
 Recall=[0.82 0.4  0.34 0.78],
 F1-score=[0.6949152  0.42105263 0.40476188 0.75728154],
 my_accuracy=58.49999785423279[%]
2024-12-01 23:49:16,069 INFO _main.py 209:: ########EPOCH 14 ########
2024-12-01 23:49:16,071 INFO _main.py 210:: ###Model distribution###
2024-12-01 23:49:19,875 INFO server.py 1064:: clients' sizes=[1, 2, 1, 0, 0, 0, 2, 2, 0, 1, 0, 1, 2, 2, 2, 2, 1, 1, 2, 0, 1, 1, 1, 1, 1, 0, 1, 1, 1, 1, 2, 0, 2, 0, 1, 2, 1, 0, 2, 0], total=41
2024-12-01 23:49:19,911 INFO server.py 327:: [Server] The aggregation takes 0.037316 seconds.

2024-12-01 23:49:19,913 INFO server.py 211:: [Server] Start testing
2024-12-01 23:49:19,933 INFO server.py 235:: [Server] Test set: Average loss: 0.8805, Accuracy: 117/200 (58.5%)

2024-12-01 23:49:19,935 INFO server.py 238:: [Sever] Confusion matrix:
 tensor([[41.,  7.,  2.,  0.],
        [18., 20.,  9.,  3.],
        [ 8., 14., 17., 11.],
        [ 0.,  5.,  6., 39.]])
2024-12-01 23:49:19,936 INFO server.py 254:: [Server] Precision=[0.6119403 0.4347826 0.5       0.7358491],
 Recall=[0.82 0.4  0.34 0.78],
 F1-score=[0.7008547  0.4166667  0.40476188 0.75728154],
 my_accuracy=58.49999785423279[%]
2024-12-01 23:49:19,937 INFO _main.py 209:: ########EPOCH 15 ########
2024-12-01 23:49:19,938 INFO _main.py 210:: ###Model distribution###
2024-12-01 23:49:22,659 INFO server.py 1064:: clients' sizes=[1, 2, 1, 0, 0, 0, 2, 2, 0, 1, 0, 1, 2, 2, 2, 2, 1, 1, 2, 0, 1, 1, 1, 1, 1, 0, 1, 1, 1, 1, 2, 0, 2, 0, 1, 2, 1, 0, 2, 0], total=41
2024-12-01 23:49:22,684 INFO server.py 327:: [Server] The aggregation takes 0.025230 seconds.

2024-12-01 23:49:22,686 INFO server.py 211:: [Server] Start testing
2024-12-01 23:49:22,700 INFO server.py 235:: [Server] Test set: Average loss: 0.8772, Accuracy: 118/200 (59.0%)

2024-12-01 23:49:22,702 INFO server.py 238:: [Sever] Confusion matrix:
 tensor([[41.,  7.,  2.,  0.],
        [17., 21.,  9.,  3.],
        [ 8., 14., 17., 11.],
        [ 0.,  5.,  6., 39.]])
2024-12-01 23:49:22,703 INFO server.py 254:: [Server] Precision=[0.6212121  0.44680852 0.5        0.7358491 ],
 Recall=[0.82 0.42 0.34 0.78],
 F1-score=[0.7068965  0.4329897  0.40476188 0.75728154],
 my_accuracy=58.99999737739563[%]
2024-12-01 23:49:22,703 INFO _main.py 209:: ########EPOCH 16 ########
2024-12-01 23:49:22,704 INFO _main.py 210:: ###Model distribution###
2024-12-01 23:49:25,169 INFO server.py 1064:: clients' sizes=[1, 2, 1, 0, 0, 0, 2, 2, 0, 1, 0, 1, 2, 2, 2, 2, 1, 1, 2, 0, 1, 1, 1, 1, 1, 0, 1, 1, 1, 1, 2, 0, 2, 0, 1, 2, 1, 0, 2, 0], total=41
2024-12-01 23:49:25,192 INFO server.py 327:: [Server] The aggregation takes 0.024072 seconds.

2024-12-01 23:49:25,194 INFO server.py 211:: [Server] Start testing
2024-12-01 23:49:25,210 INFO server.py 235:: [Server] Test set: Average loss: 0.8740, Accuracy: 119/200 (59.5%)

2024-12-01 23:49:25,211 INFO server.py 238:: [Sever] Confusion matrix:
 tensor([[41.,  7.,  2.,  0.],
        [16., 22.,  9.,  3.],
        [ 8., 14., 17., 11.],
        [ 0.,  5.,  6., 39.]])
2024-12-01 23:49:25,213 INFO server.py 254:: [Server] Precision=[0.63076925 0.45833334 0.5        0.7358491 ],
 Recall=[0.82 0.44 0.34 0.78],
 F1-score=[0.7130436  0.44897962 0.40476188 0.75728154],
 my_accuracy=59.50000286102295[%]
2024-12-01 23:49:25,213 INFO _main.py 209:: ########EPOCH 17 ########
2024-12-01 23:49:25,214 INFO _main.py 210:: ###Model distribution###
2024-12-01 23:49:27,721 INFO server.py 1064:: clients' sizes=[1, 2, 1, 0, 0, 0, 2, 2, 0, 1, 0, 1, 2, 2, 2, 2, 1, 1, 2, 0, 1, 1, 1, 1, 1, 0, 1, 1, 1, 1, 2, 0, 2, 0, 1, 2, 1, 0, 2, 0], total=41
2024-12-01 23:49:27,744 INFO server.py 327:: [Server] The aggregation takes 0.024051 seconds.

2024-12-01 23:49:27,745 INFO server.py 211:: [Server] Start testing
2024-12-01 23:49:27,759 INFO server.py 235:: [Server] Test set: Average loss: 0.8716, Accuracy: 119/200 (59.5%)

2024-12-01 23:49:27,760 INFO server.py 238:: [Sever] Confusion matrix:
 tensor([[41.,  7.,  2.,  0.],
        [16., 22.,  9.,  3.],
        [ 8., 14., 17., 11.],
        [ 0.,  5.,  6., 39.]])
2024-12-01 23:49:27,762 INFO server.py 254:: [Server] Precision=[0.63076925 0.45833334 0.5        0.7358491 ],
 Recall=[0.82 0.44 0.34 0.78],
 F1-score=[0.7130436  0.44897962 0.40476188 0.75728154],
 my_accuracy=59.50000286102295[%]
2024-12-01 23:49:27,762 INFO _main.py 209:: ########EPOCH 18 ########
2024-12-01 23:49:27,762 INFO _main.py 210:: ###Model distribution###
2024-12-01 23:49:30,377 INFO server.py 1064:: clients' sizes=[1, 2, 1, 0, 0, 0, 2, 2, 0, 1, 0, 1, 2, 2, 2, 2, 1, 1, 2, 0, 1, 1, 1, 1, 1, 0, 1, 1, 1, 1, 2, 0, 2, 0, 1, 2, 1, 0, 2, 0], total=41
2024-12-01 23:49:30,410 INFO server.py 327:: [Server] The aggregation takes 0.034424 seconds.

2024-12-01 23:49:30,413 INFO server.py 211:: [Server] Start testing
2024-12-01 23:49:30,435 INFO server.py 235:: [Server] Test set: Average loss: 0.8692, Accuracy: 119/200 (59.5%)

2024-12-01 23:49:30,441 INFO server.py 238:: [Sever] Confusion matrix:
 tensor([[41.,  7.,  2.,  0.],
        [16., 22.,  9.,  3.],
        [ 7., 15., 17., 11.],
        [ 0.,  5.,  6., 39.]])
2024-12-01 23:49:30,442 INFO server.py 254:: [Server] Precision=[0.640625  0.4489796 0.5       0.7358491],
 Recall=[0.82 0.44 0.34 0.78],
 F1-score=[0.71929824 0.44444445 0.40476188 0.75728154],
 my_accuracy=59.50000286102295[%]
2024-12-01 23:49:30,443 INFO _main.py 209:: ########EPOCH 19 ########
2024-12-01 23:49:30,444 INFO _main.py 210:: ###Model distribution###
2024-12-01 23:49:33,992 INFO server.py 1064:: clients' sizes=[1, 2, 1, 0, 0, 0, 2, 2, 0, 1, 0, 1, 2, 2, 2, 2, 1, 1, 2, 0, 1, 1, 1, 1, 1, 0, 1, 1, 1, 1, 2, 0, 2, 0, 1, 2, 1, 0, 2, 0], total=41
2024-12-01 23:49:34,035 INFO server.py 327:: [Server] The aggregation takes 0.044070 seconds.

2024-12-01 23:49:34,037 INFO server.py 211:: [Server] Start testing
2024-12-01 23:49:34,061 INFO server.py 235:: [Server] Test set: Average loss: 0.8660, Accuracy: 119/200 (59.5%)

2024-12-01 23:49:34,062 INFO server.py 238:: [Sever] Confusion matrix:
 tensor([[41.,  7.,  2.,  0.],
        [16., 22.,  9.,  3.],
        [ 7., 15., 17., 11.],
        [ 0.,  5.,  6., 39.]])
2024-12-01 23:49:34,064 INFO server.py 254:: [Server] Precision=[0.640625  0.4489796 0.5       0.7358491],
 Recall=[0.82 0.44 0.34 0.78],
 F1-score=[0.71929824 0.44444445 0.40476188 0.75728154],
 my_accuracy=59.50000286102295[%]
