2024-12-02 00:34:45,376 INFO _main.py 39:: ################################################################
2024-12-02 00:34:45,378 INFO _main.py 41:: #                              batch_size: 64                  #
2024-12-02 00:34:45,379 INFO _main.py 41:: #                         test_batch_size: 32                  #
2024-12-02 00:34:45,379 INFO _main.py 41:: #                                  epochs: 35                  #
2024-12-02 00:34:45,379 INFO _main.py 41:: #                               optimizer: SGD                 #
2024-12-02 00:34:45,379 INFO _main.py 41:: #                                      lr: 0.01                #
2024-12-02 00:34:45,380 INFO _main.py 41:: #                                momentum: 0.9                 #
2024-12-02 00:34:45,380 INFO _main.py 41:: #                            weight_decay: 0.0001              #
2024-12-02 00:34:45,380 INFO _main.py 41:: #                                    seed: 1                   #
2024-12-02 00:34:45,380 INFO _main.py 41:: #                            log_interval: 11                  #
2024-12-02 00:34:45,380 INFO _main.py 41:: #                             num_clients: 40                  #
2024-12-02 00:34:45,381 INFO _main.py 41:: #                           output_folder: experiments         #
2024-12-02 00:34:45,381 INFO _main.py 41:: #                                 dataset: rockburst           #
2024-12-02 00:34:45,381 INFO _main.py 41:: #                             loader_type: dirichlet           #
2024-12-02 00:34:45,382 INFO _main.py 41:: #                             loader_path: ./data/loader.pk    #
2024-12-02 00:34:45,382 INFO _main.py 41:: #                                      AR: gm                  #
2024-12-02 00:34:45,382 INFO _main.py 41:: #                     n_attacker_backdoor: 0                   #
2024-12-02 00:34:45,383 INFO _main.py 41:: #                        backdoor_trigger: [0, 0, 1, 1]        #
2024-12-02 00:34:45,383 INFO _main.py 41:: #                   n_attacker_omniscient: 0                   #
2024-12-02 00:34:45,383 INFO _main.py 41:: #                        omniscient_scale: 1                   #
2024-12-02 00:34:45,383 INFO _main.py 41:: #                                 attacks: None                #
2024-12-02 00:34:45,383 INFO _main.py 41:: #                      save_model_weights: False               #
2024-12-02 00:34:45,384 INFO _main.py 41:: #                         experiment_name: sExp4Ba_40ep_rockburst_gm_40C_5#
2024-12-02 00:34:45,384 INFO _main.py 41:: #                          path_to_aggNet: None                #
2024-12-02 00:34:45,384 INFO _main.py 41:: #                                  device: cpu                 #
2024-12-02 00:34:45,384 INFO _main.py 41:: #                            inner_epochs: 30                  #
2024-12-02 00:34:45,385 INFO _main.py 41:: #                                 verbose: True                #
2024-12-02 00:34:45,385 INFO _main.py 41:: #                         list_unreliable: [2, 18, 20]         #
2024-12-02 00:34:45,385 INFO _main.py 41:: #                     unreliable_fraction: 0.5                 #
2024-12-02 00:34:45,386 INFO _main.py 41:: #                    unreliable_fracTrain: 0.3                 #
2024-12-02 00:34:45,386 INFO _main.py 41:: #                         mean_unreliable: 0.0                 #
2024-12-02 00:34:45,386 INFO _main.py 41:: #                             blur_method: add_noise           #
2024-12-02 00:34:45,386 INFO _main.py 41:: #                      max_std_unreliable: 30.0                #
2024-12-02 00:34:45,387 INFO _main.py 41:: #                     list_uatk_add_noise: [24, 25, 26]        #
2024-12-02 00:34:45,387 INFO _main.py 41:: #                          mean_add_noise: 0.0                 #
2024-12-02 00:34:45,387 INFO _main.py 41:: #                           std_add_noise: 0.01                #
2024-12-02 00:34:45,387 INFO _main.py 41:: #                     list_uatk_flip_sign: [0, 10, 11]         #
2024-12-02 00:34:45,388 INFO _main.py 42:: ################################################################
2024-12-02 00:34:45,388 INFO _main.py 43:: Namespace(batch_size=64, test_batch_size=32, epochs=35, optimizer='SGD', lr=0.01, momentum=0.9, weight_decay=0.0001, seed=1, log_interval=11, num_clients=40, output_folder='experiments', dataset='rockburst', loader_type='dirichlet', loader_path='./data/loader.pk', AR='gm', n_attacker_backdoor=0, backdoor_trigger=[0, 0, 1, 1], n_attacker_omniscient=0, omniscient_scale=1, attacks=None, save_model_weights=False, experiment_name='sExp4Ba_40ep_rockburst_gm_40C_5', path_to_aggNet=None, device='cpu', inner_epochs=30, verbose=True, list_unreliable=[2, 18, 20], unreliable_fraction=0.5, unreliable_fracTrain=0.3, mean_unreliable=0.0, blur_method='add_noise', max_std_unreliable=30.0, list_uatk_add_noise=[24, 25, 26], mean_add_noise=0.0, std_add_noise=0.01, list_uatk_flip_sign=[0, 10, 11])
2024-12-02 00:34:45,388 INFO _main.py 44:: #####################
2024-12-02 00:34:45,388 INFO _main.py 45:: #####################
2024-12-02 00:34:45,389 INFO _main.py 46:: #####################
2024-12-02 00:34:45,389 INFO _main.py 47:: Aggregation Rule:	gm
2024-12-02 00:34:45,389 INFO _main.py 48:: Data distribution:	dirichlet
2024-12-02 00:34:45,389 INFO _main.py 49:: Attacks:	None 
2024-12-02 00:34:45,390 INFO _main.py 50:: #####################
2024-12-02 00:34:45,390 INFO _main.py 51:: #####################
2024-12-02 00:34:45,390 INFO _main.py 52:: #####################
2024-12-02 00:34:46,937 INFO server.py 366:: SET DBSCAN eps=1.3, min_samples=10
2024-12-02 00:34:46,940 INFO _main.py 135:: [1-normal, 0-malicious] label =tensor([0., 1., 1., 1., 1., 1., 1., 1., 1., 1., 0., 0., 1., 1., 1., 1., 1., 1.,
        1., 1., 1., 1., 1., 1., 0., 0., 0., 1., 1., 1., 1., 1., 1., 1., 1., 1.,
        1., 1., 1., 1.])
2024-12-02 00:34:46,946 INFO malicious_clients.py 123:: init ATTACK OMNISCIENT Client 0
2024-12-02 00:34:46,951 INFO malicious_clients.py 18:: init UNRELIABLE Client 2
2024-12-02 00:34:46,984 INFO malicious_clients.py 123:: init ATTACK OMNISCIENT Client 10
2024-12-02 00:34:46,988 INFO malicious_clients.py 123:: init ATTACK OMNISCIENT Client 11
2024-12-02 00:34:47,010 INFO malicious_clients.py 18:: init UNRELIABLE Client 18
2024-12-02 00:34:47,018 INFO malicious_clients.py 18:: init UNRELIABLE Client 20
2024-12-02 00:34:47,035 INFO malicious_clients.py 73:: init ATTACK ADD NOISE TO GRAD Client 24
2024-12-02 00:34:47,040 INFO malicious_clients.py 73:: init ATTACK ADD NOISE TO GRAD Client 25
2024-12-02 00:34:47,045 INFO malicious_clients.py 73:: init ATTACK ADD NOISE TO GRAD Client 26
2024-12-02 00:34:47,099 INFO server.py 211:: [Server] Start testing
2024-12-02 00:34:47,119 INFO server.py 235:: [Server] Test set: Average loss: 1.3864, Accuracy: 50/200 (25.0%)

2024-12-02 00:34:47,120 INFO server.py 238:: [Sever] Confusion matrix:
 tensor([[50.,  0.,  0.,  0.],
        [50.,  0.,  0.,  0.],
        [50.,  0.,  0.,  0.],
        [50.,  0.,  0.,  0.]])
2024-12-02 00:34:47,128 INFO server.py 254:: [Server] Precision=[0.25  nan  nan  nan],
 Recall=[1. 0. 0. 0.],
 F1-score=[0.4 nan nan nan],
 my_accuracy=25.0[%]
2024-12-02 00:34:47,130 INFO _main.py 209:: ########EPOCH 0 ########
2024-12-02 00:34:47,131 INFO _main.py 210:: ###Model distribution###
2024-12-02 00:34:49,802 INFO server.py 1064:: clients' sizes=[1, 2, 1, 0, 0, 0, 2, 2, 0, 1, 0, 1, 2, 2, 2, 2, 1, 1, 2, 0, 1, 1, 1, 1, 1, 0, 1, 1, 1, 1, 2, 0, 2, 0, 1, 2, 1, 0, 2, 0], total=41
2024-12-02 00:34:49,827 INFO server.py 327:: [Server] The aggregation takes 0.034945 seconds.

2024-12-02 00:34:49,828 INFO server.py 211:: [Server] Start testing
2024-12-02 00:34:49,843 INFO server.py 235:: [Server] Test set: Average loss: 1.3575, Accuracy: 63/200 (31.5%)

2024-12-02 00:34:49,845 INFO server.py 238:: [Sever] Confusion matrix:
 tensor([[50.,  0.,  0.,  0.],
        [50.,  0.,  0.,  0.],
        [50.,  0.,  0.,  0.],
        [37.,  0.,  0., 13.]])
2024-12-02 00:34:49,846 INFO server.py 254:: [Server] Precision=[0.26737967        nan        nan 1.        ],
 Recall=[1.   0.   0.   0.26],
 F1-score=[0.42194092        nan        nan 0.4126984 ],
 my_accuracy=31.49999976158142[%]
2024-12-02 00:34:49,847 INFO _main.py 209:: ########EPOCH 1 ########
2024-12-02 00:34:49,848 INFO _main.py 210:: ###Model distribution###
2024-12-02 00:34:52,466 INFO server.py 1064:: clients' sizes=[1, 2, 1, 0, 0, 0, 2, 2, 0, 1, 0, 1, 2, 2, 2, 2, 1, 1, 2, 0, 1, 1, 1, 1, 1, 0, 1, 1, 1, 1, 2, 0, 2, 0, 1, 2, 1, 0, 2, 0], total=41
2024-12-02 00:34:52,488 INFO server.py 327:: [Server] The aggregation takes 0.023457 seconds.

2024-12-02 00:34:52,489 INFO server.py 211:: [Server] Start testing
2024-12-02 00:34:52,503 INFO server.py 235:: [Server] Test set: Average loss: 1.2808, Accuracy: 80/200 (40.0%)

2024-12-02 00:34:52,504 INFO server.py 238:: [Sever] Confusion matrix:
 tensor([[50.,  0.,  0.,  0.],
        [47.,  0.,  0.,  3.],
        [47.,  0.,  0.,  3.],
        [20.,  0.,  0., 30.]])
2024-12-02 00:34:52,506 INFO server.py 254:: [Server] Precision=[0.30487806        nan        nan 0.8333333 ],
 Recall=[1.  0.  0.  0.6],
 F1-score=[0.46728975        nan        nan 0.6976744 ],
 my_accuracy=40.00000059604645[%]
2024-12-02 00:34:52,507 INFO _main.py 209:: ########EPOCH 2 ########
2024-12-02 00:34:52,507 INFO _main.py 210:: ###Model distribution###
2024-12-02 00:34:56,121 INFO server.py 1064:: clients' sizes=[1, 2, 1, 0, 0, 0, 2, 2, 0, 1, 0, 1, 2, 2, 2, 2, 1, 1, 2, 0, 1, 1, 1, 1, 1, 0, 1, 1, 1, 1, 2, 0, 2, 0, 1, 2, 1, 0, 2, 0], total=41
2024-12-02 00:34:56,153 INFO server.py 327:: [Server] The aggregation takes 0.034279 seconds.

2024-12-02 00:34:56,155 INFO server.py 211:: [Server] Start testing
2024-12-02 00:34:56,174 INFO server.py 235:: [Server] Test set: Average loss: 1.1743, Accuracy: 90/200 (45.0%)

2024-12-02 00:34:56,175 INFO server.py 238:: [Sever] Confusion matrix:
 tensor([[50.,  0.,  0.,  0.],
        [45.,  0.,  2.,  3.],
        [32.,  2.,  4., 12.],
        [ 9.,  0.,  5., 36.]])
2024-12-02 00:34:56,177 INFO server.py 254:: [Server] Precision=[0.36764705 0.         0.36363637 0.7058824 ],
 Recall=[1.   0.   0.08 0.72],
 F1-score=[0.5376344         nan 0.13114755 0.7128714 ],
 my_accuracy=44.999998807907104[%]
2024-12-02 00:34:56,178 INFO _main.py 209:: ########EPOCH 3 ########
2024-12-02 00:34:56,178 INFO _main.py 210:: ###Model distribution###
2024-12-02 00:34:59,722 INFO server.py 1064:: clients' sizes=[1, 2, 1, 0, 0, 0, 2, 2, 0, 1, 0, 1, 2, 2, 2, 2, 1, 1, 2, 0, 1, 1, 1, 1, 1, 0, 1, 1, 1, 1, 2, 0, 2, 0, 1, 2, 1, 0, 2, 0], total=41
2024-12-02 00:34:59,747 INFO server.py 327:: [Server] The aggregation takes 0.025624 seconds.

2024-12-02 00:34:59,748 INFO server.py 211:: [Server] Start testing
2024-12-02 00:34:59,762 INFO server.py 235:: [Server] Test set: Average loss: 1.0826, Accuracy: 113/200 (56.5%)

2024-12-02 00:34:59,763 INFO server.py 238:: [Sever] Confusion matrix:
 tensor([[47.,  2.,  1.,  0.],
        [25., 19.,  3.,  3.],
        [18., 10., 10., 12.],
        [ 5.,  3.,  5., 37.]])
2024-12-02 00:34:59,765 INFO server.py 254:: [Server] Precision=[0.49473685 0.5588235  0.5263158  0.71153843],
 Recall=[0.94 0.38 0.2  0.74],
 F1-score=[0.64827585 0.45238093 0.2898551  0.72549015],
 my_accuracy=56.49999976158142[%]
2024-12-02 00:34:59,765 INFO _main.py 209:: ########EPOCH 4 ########
2024-12-02 00:34:59,765 INFO _main.py 210:: ###Model distribution###
2024-12-02 00:35:02,333 INFO server.py 1064:: clients' sizes=[1, 2, 1, 0, 0, 0, 2, 2, 0, 1, 0, 1, 2, 2, 2, 2, 1, 1, 2, 0, 1, 1, 1, 1, 1, 0, 1, 1, 1, 1, 2, 0, 2, 0, 1, 2, 1, 0, 2, 0], total=41
2024-12-02 00:35:02,356 INFO server.py 327:: [Server] The aggregation takes 0.024023 seconds.

2024-12-02 00:35:02,357 INFO server.py 211:: [Server] Start testing
2024-12-02 00:35:02,371 INFO server.py 235:: [Server] Test set: Average loss: 1.0239, Accuracy: 120/200 (60.0%)

2024-12-02 00:35:02,373 INFO server.py 238:: [Sever] Confusion matrix:
 tensor([[47.,  1.,  2.,  0.],
        [21., 23.,  3.,  3.],
        [16., 13., 11., 10.],
        [ 0.,  6.,  5., 39.]])
2024-12-02 00:35:02,374 INFO server.py 254:: [Server] Precision=[0.5595238  0.53488374 0.52380955 0.75      ],
 Recall=[0.94 0.46 0.22 0.78],
 F1-score=[0.70149255 0.49462366 0.30985916 0.7647059 ],
 my_accuracy=60.00000238418579[%]
2024-12-02 00:35:02,375 INFO _main.py 209:: ########EPOCH 5 ########
2024-12-02 00:35:02,376 INFO _main.py 210:: ###Model distribution###
2024-12-02 00:35:05,157 INFO server.py 1064:: clients' sizes=[1, 2, 1, 0, 0, 0, 2, 2, 0, 1, 0, 1, 2, 2, 2, 2, 1, 1, 2, 0, 1, 1, 1, 1, 1, 0, 1, 1, 1, 1, 2, 0, 2, 0, 1, 2, 1, 0, 2, 0], total=41
2024-12-02 00:35:05,180 INFO server.py 327:: [Server] The aggregation takes 0.024378 seconds.

2024-12-02 00:35:05,182 INFO server.py 211:: [Server] Start testing
2024-12-02 00:35:05,196 INFO server.py 235:: [Server] Test set: Average loss: 0.9810, Accuracy: 117/200 (58.5%)

2024-12-02 00:35:05,198 INFO server.py 238:: [Sever] Confusion matrix:
 tensor([[42.,  6.,  2.,  0.],
        [20., 23.,  4.,  3.],
        [14., 13., 13., 10.],
        [ 0.,  6.,  5., 39.]])
2024-12-02 00:35:05,199 INFO server.py 254:: [Server] Precision=[0.55263156 0.47916666 0.5416667  0.75      ],
 Recall=[0.84 0.46 0.26 0.78],
 F1-score=[0.6666666  0.46938774 0.35135135 0.7647059 ],
 my_accuracy=58.49999785423279[%]
2024-12-02 00:35:05,200 INFO _main.py 209:: ########EPOCH 6 ########
2024-12-02 00:35:05,200 INFO _main.py 210:: ###Model distribution###
2024-12-02 00:35:07,753 INFO server.py 1064:: clients' sizes=[1, 2, 1, 0, 0, 0, 2, 2, 0, 1, 0, 1, 2, 2, 2, 2, 1, 1, 2, 0, 1, 1, 1, 1, 1, 0, 1, 1, 1, 1, 2, 0, 2, 0, 1, 2, 1, 0, 2, 0], total=41
2024-12-02 00:35:07,778 INFO server.py 327:: [Server] The aggregation takes 0.026122 seconds.

2024-12-02 00:35:07,780 INFO server.py 211:: [Server] Start testing
2024-12-02 00:35:07,793 INFO server.py 235:: [Server] Test set: Average loss: 0.9544, Accuracy: 115/200 (57.5%)

2024-12-02 00:35:07,795 INFO server.py 238:: [Sever] Confusion matrix:
 tensor([[41.,  7.,  2.,  0.],
        [20., 21.,  6.,  3.],
        [10., 15., 14., 11.],
        [ 0.,  6.,  5., 39.]])
2024-12-02 00:35:07,796 INFO server.py 254:: [Server] Precision=[0.57746476 0.42857143 0.5185185  0.7358491 ],
 Recall=[0.82 0.42 0.28 0.78],
 F1-score=[0.677686   0.4242424  0.36363637 0.75728154],
 my_accuracy=57.499998807907104[%]
2024-12-02 00:35:07,797 INFO _main.py 209:: ########EPOCH 7 ########
2024-12-02 00:35:07,797 INFO _main.py 210:: ###Model distribution###
2024-12-02 00:35:10,861 INFO server.py 1064:: clients' sizes=[1, 2, 1, 0, 0, 0, 2, 2, 0, 1, 0, 1, 2, 2, 2, 2, 1, 1, 2, 0, 1, 1, 1, 1, 1, 0, 1, 1, 1, 1, 2, 0, 2, 0, 1, 2, 1, 0, 2, 0], total=41
2024-12-02 00:35:10,896 INFO server.py 327:: [Server] The aggregation takes 0.035808 seconds.

2024-12-02 00:35:10,898 INFO server.py 211:: [Server] Start testing
2024-12-02 00:35:10,919 INFO server.py 235:: [Server] Test set: Average loss: 0.9345, Accuracy: 116/200 (58.0%)

2024-12-02 00:35:10,920 INFO server.py 238:: [Sever] Confusion matrix:
 tensor([[41.,  7.,  2.,  0.],
        [19., 21.,  7.,  3.],
        [10., 14., 15., 11.],
        [ 0.,  6.,  5., 39.]])
2024-12-02 00:35:10,922 INFO server.py 254:: [Server] Precision=[0.5857143  0.4375     0.51724136 0.7358491 ],
 Recall=[0.82 0.42 0.3  0.78],
 F1-score=[0.68333334 0.42857143 0.37974682 0.75728154],
 my_accuracy=57.999998331069946[%]
2024-12-02 00:35:10,923 INFO _main.py 209:: ########EPOCH 8 ########
2024-12-02 00:35:10,923 INFO _main.py 210:: ###Model distribution###
2024-12-02 00:35:14,841 INFO server.py 1064:: clients' sizes=[1, 2, 1, 0, 0, 0, 2, 2, 0, 1, 0, 1, 2, 2, 2, 2, 1, 1, 2, 0, 1, 1, 1, 1, 1, 0, 1, 1, 1, 1, 2, 0, 2, 0, 1, 2, 1, 0, 2, 0], total=41
2024-12-02 00:35:14,879 INFO server.py 327:: [Server] The aggregation takes 0.040056 seconds.

2024-12-02 00:35:14,881 INFO server.py 211:: [Server] Start testing
2024-12-02 00:35:14,903 INFO server.py 235:: [Server] Test set: Average loss: 0.9202, Accuracy: 116/200 (58.0%)

2024-12-02 00:35:14,905 INFO server.py 238:: [Sever] Confusion matrix:
 tensor([[41.,  7.,  2.,  0.],
        [18., 22.,  7.,  3.],
        [ 9., 15., 14., 12.],
        [ 0.,  6.,  5., 39.]])
2024-12-02 00:35:14,907 INFO server.py 254:: [Server] Precision=[0.60294116 0.44       0.5        0.7222222 ],
 Recall=[0.82 0.44 0.28 0.78],
 F1-score=[0.6949152  0.44       0.35897437 0.74999994],
 my_accuracy=57.999998331069946[%]
2024-12-02 00:35:14,908 INFO _main.py 209:: ########EPOCH 9 ########
2024-12-02 00:35:14,910 INFO _main.py 210:: ###Model distribution###
2024-12-02 00:35:17,495 INFO server.py 1064:: clients' sizes=[1, 2, 1, 0, 0, 0, 2, 2, 0, 1, 0, 1, 2, 2, 2, 2, 1, 1, 2, 0, 1, 1, 1, 1, 1, 0, 1, 1, 1, 1, 2, 0, 2, 0, 1, 2, 1, 0, 2, 0], total=41
2024-12-02 00:35:17,518 INFO server.py 327:: [Server] The aggregation takes 0.024438 seconds.

2024-12-02 00:35:17,520 INFO server.py 211:: [Server] Start testing
2024-12-02 00:35:17,534 INFO server.py 235:: [Server] Test set: Average loss: 0.9099, Accuracy: 116/200 (58.0%)

2024-12-02 00:35:17,535 INFO server.py 238:: [Sever] Confusion matrix:
 tensor([[41.,  7.,  2.,  0.],
        [18., 22.,  7.,  3.],
        [10., 14., 14., 12.],
        [ 0.,  6.,  5., 39.]])
2024-12-02 00:35:17,536 INFO server.py 254:: [Server] Precision=[0.5942029 0.4489796 0.5       0.7222222],
 Recall=[0.82 0.44 0.28 0.78],
 F1-score=[0.6890756  0.44444445 0.35897437 0.74999994],
 my_accuracy=57.999998331069946[%]
2024-12-02 00:35:17,537 INFO _main.py 209:: ########EPOCH 10 ########
2024-12-02 00:35:17,538 INFO _main.py 210:: ###Model distribution###
2024-12-02 00:35:20,192 INFO server.py 1064:: clients' sizes=[1, 2, 1, 0, 0, 0, 2, 2, 0, 1, 0, 1, 2, 2, 2, 2, 1, 1, 2, 0, 1, 1, 1, 1, 1, 0, 1, 1, 1, 1, 2, 0, 2, 0, 1, 2, 1, 0, 2, 0], total=41
2024-12-02 00:35:20,216 INFO server.py 327:: [Server] The aggregation takes 0.025309 seconds.

2024-12-02 00:35:20,218 INFO server.py 211:: [Server] Start testing
2024-12-02 00:35:20,232 INFO server.py 235:: [Server] Test set: Average loss: 0.9020, Accuracy: 116/200 (58.0%)

2024-12-02 00:35:20,234 INFO server.py 238:: [Sever] Confusion matrix:
 tensor([[41.,  7.,  2.,  0.],
        [18., 22.,  7.,  3.],
        [10., 14., 14., 12.],
        [ 0.,  6.,  5., 39.]])
2024-12-02 00:35:20,235 INFO server.py 254:: [Server] Precision=[0.5942029 0.4489796 0.5       0.7222222],
 Recall=[0.82 0.44 0.28 0.78],
 F1-score=[0.6890756  0.44444445 0.35897437 0.74999994],
 my_accuracy=57.999998331069946[%]
2024-12-02 00:35:20,235 INFO _main.py 209:: ########EPOCH 11 ########
2024-12-02 00:35:20,236 INFO _main.py 210:: ###Model distribution###
2024-12-02 00:35:22,993 INFO server.py 1064:: clients' sizes=[1, 2, 1, 0, 0, 0, 2, 2, 0, 1, 0, 1, 2, 2, 2, 2, 1, 1, 2, 0, 1, 1, 1, 1, 1, 0, 1, 1, 1, 1, 2, 0, 2, 0, 1, 2, 1, 0, 2, 0], total=41
2024-12-02 00:35:23,017 INFO server.py 327:: [Server] The aggregation takes 0.025584 seconds.

2024-12-02 00:35:23,019 INFO server.py 211:: [Server] Start testing
2024-12-02 00:35:23,034 INFO server.py 235:: [Server] Test set: Average loss: 0.8956, Accuracy: 115/200 (57.5%)

2024-12-02 00:35:23,035 INFO server.py 238:: [Sever] Confusion matrix:
 tensor([[41.,  7.,  2.,  0.],
        [18., 21.,  8.,  3.],
        [ 9., 15., 14., 12.],
        [ 0.,  6.,  5., 39.]])
2024-12-02 00:35:23,037 INFO server.py 254:: [Server] Precision=[0.60294116 0.42857143 0.4827586  0.7222222 ],
 Recall=[0.82 0.42 0.28 0.78],
 F1-score=[0.6949152  0.4242424  0.35443038 0.74999994],
 my_accuracy=57.499998807907104[%]
2024-12-02 00:35:23,037 INFO _main.py 209:: ########EPOCH 12 ########
2024-12-02 00:35:23,038 INFO _main.py 210:: ###Model distribution###
2024-12-02 00:35:26,224 INFO server.py 1064:: clients' sizes=[1, 2, 1, 0, 0, 0, 2, 2, 0, 1, 0, 1, 2, 2, 2, 2, 1, 1, 2, 0, 1, 1, 1, 1, 1, 0, 1, 1, 1, 1, 2, 0, 2, 0, 1, 2, 1, 0, 2, 0], total=41
2024-12-02 00:35:26,261 INFO server.py 327:: [Server] The aggregation takes 0.037666 seconds.

2024-12-02 00:35:26,262 INFO server.py 211:: [Server] Start testing
2024-12-02 00:35:26,281 INFO server.py 235:: [Server] Test set: Average loss: 0.8897, Accuracy: 117/200 (58.5%)

2024-12-02 00:35:26,283 INFO server.py 238:: [Sever] Confusion matrix:
 tensor([[41.,  7.,  2.,  0.],
        [18., 20.,  9.,  3.],
        [ 9., 13., 17., 11.],
        [ 0.,  5.,  6., 39.]])
2024-12-02 00:35:26,284 INFO server.py 254:: [Server] Precision=[0.60294116 0.44444445 0.5        0.7358491 ],
 Recall=[0.82 0.4  0.34 0.78],
 F1-score=[0.6949152  0.42105263 0.40476188 0.75728154],
 my_accuracy=58.49999785423279[%]
2024-12-02 00:35:26,285 INFO _main.py 209:: ########EPOCH 13 ########
2024-12-02 00:35:26,286 INFO _main.py 210:: ###Model distribution###
2024-12-02 00:35:30,079 INFO server.py 1064:: clients' sizes=[1, 2, 1, 0, 0, 0, 2, 2, 0, 1, 0, 1, 2, 2, 2, 2, 1, 1, 2, 0, 1, 1, 1, 1, 1, 0, 1, 1, 1, 1, 2, 0, 2, 0, 1, 2, 1, 0, 2, 0], total=41
2024-12-02 00:35:30,120 INFO server.py 327:: [Server] The aggregation takes 0.042170 seconds.

2024-12-02 00:35:30,122 INFO server.py 211:: [Server] Start testing
2024-12-02 00:35:30,149 INFO server.py 235:: [Server] Test set: Average loss: 0.8845, Accuracy: 117/200 (58.5%)

2024-12-02 00:35:30,151 INFO server.py 238:: [Sever] Confusion matrix:
 tensor([[41.,  7.,  2.,  0.],
        [18., 20.,  9.,  3.],
        [ 9., 13., 17., 11.],
        [ 0.,  5.,  6., 39.]])
2024-12-02 00:35:30,153 INFO server.py 254:: [Server] Precision=[0.60294116 0.44444445 0.5        0.7358491 ],
 Recall=[0.82 0.4  0.34 0.78],
 F1-score=[0.6949152  0.42105263 0.40476188 0.75728154],
 my_accuracy=58.49999785423279[%]
2024-12-02 00:35:30,154 INFO _main.py 209:: ########EPOCH 14 ########
2024-12-02 00:35:30,154 INFO _main.py 210:: ###Model distribution###
2024-12-02 00:35:32,865 INFO server.py 1064:: clients' sizes=[1, 2, 1, 0, 0, 0, 2, 2, 0, 1, 0, 1, 2, 2, 2, 2, 1, 1, 2, 0, 1, 1, 1, 1, 1, 0, 1, 1, 1, 1, 2, 0, 2, 0, 1, 2, 1, 0, 2, 0], total=41
2024-12-02 00:35:32,888 INFO server.py 327:: [Server] The aggregation takes 0.024179 seconds.

2024-12-02 00:35:32,889 INFO server.py 211:: [Server] Start testing
2024-12-02 00:35:32,903 INFO server.py 235:: [Server] Test set: Average loss: 0.8805, Accuracy: 117/200 (58.5%)

2024-12-02 00:35:32,905 INFO server.py 238:: [Sever] Confusion matrix:
 tensor([[41.,  7.,  2.,  0.],
        [18., 20.,  9.,  3.],
        [ 8., 14., 17., 11.],
        [ 0.,  5.,  6., 39.]])
2024-12-02 00:35:32,906 INFO server.py 254:: [Server] Precision=[0.6119403 0.4347826 0.5       0.7358491],
 Recall=[0.82 0.4  0.34 0.78],
 F1-score=[0.7008547  0.4166667  0.40476188 0.75728154],
 my_accuracy=58.49999785423279[%]
2024-12-02 00:35:32,907 INFO _main.py 209:: ########EPOCH 15 ########
2024-12-02 00:35:32,907 INFO _main.py 210:: ###Model distribution###
2024-12-02 00:35:35,665 INFO server.py 1064:: clients' sizes=[1, 2, 1, 0, 0, 0, 2, 2, 0, 1, 0, 1, 2, 2, 2, 2, 1, 1, 2, 0, 1, 1, 1, 1, 1, 0, 1, 1, 1, 1, 2, 0, 2, 0, 1, 2, 1, 0, 2, 0], total=41
2024-12-02 00:35:35,689 INFO server.py 327:: [Server] The aggregation takes 0.025612 seconds.

2024-12-02 00:35:35,691 INFO server.py 211:: [Server] Start testing
2024-12-02 00:35:35,705 INFO server.py 235:: [Server] Test set: Average loss: 0.8772, Accuracy: 118/200 (59.0%)

2024-12-02 00:35:35,706 INFO server.py 238:: [Sever] Confusion matrix:
 tensor([[41.,  7.,  2.,  0.],
        [17., 21.,  9.,  3.],
        [ 8., 14., 17., 11.],
        [ 0.,  5.,  6., 39.]])
2024-12-02 00:35:35,708 INFO server.py 254:: [Server] Precision=[0.6212121  0.44680852 0.5        0.7358491 ],
 Recall=[0.82 0.42 0.34 0.78],
 F1-score=[0.7068965  0.4329897  0.40476188 0.75728154],
 my_accuracy=58.99999737739563[%]
2024-12-02 00:35:35,709 INFO _main.py 209:: ########EPOCH 16 ########
2024-12-02 00:35:35,710 INFO _main.py 210:: ###Model distribution###
2024-12-02 00:35:38,273 INFO server.py 1064:: clients' sizes=[1, 2, 1, 0, 0, 0, 2, 2, 0, 1, 0, 1, 2, 2, 2, 2, 1, 1, 2, 0, 1, 1, 1, 1, 1, 0, 1, 1, 1, 1, 2, 0, 2, 0, 1, 2, 1, 0, 2, 0], total=41
2024-12-02 00:35:38,297 INFO server.py 327:: [Server] The aggregation takes 0.025534 seconds.

2024-12-02 00:35:38,299 INFO server.py 211:: [Server] Start testing
2024-12-02 00:35:38,314 INFO server.py 235:: [Server] Test set: Average loss: 0.8740, Accuracy: 119/200 (59.5%)

2024-12-02 00:35:38,315 INFO server.py 238:: [Sever] Confusion matrix:
 tensor([[41.,  7.,  2.,  0.],
        [16., 22.,  9.,  3.],
        [ 8., 14., 17., 11.],
        [ 0.,  5.,  6., 39.]])
2024-12-02 00:35:38,316 INFO server.py 254:: [Server] Precision=[0.63076925 0.45833334 0.5        0.7358491 ],
 Recall=[0.82 0.44 0.34 0.78],
 F1-score=[0.7130436  0.44897962 0.40476188 0.75728154],
 my_accuracy=59.50000286102295[%]
2024-12-02 00:35:38,317 INFO _main.py 209:: ########EPOCH 17 ########
2024-12-02 00:35:38,318 INFO _main.py 210:: ###Model distribution###
2024-12-02 00:35:41,060 INFO server.py 1064:: clients' sizes=[1, 2, 1, 0, 0, 0, 2, 2, 0, 1, 0, 1, 2, 2, 2, 2, 1, 1, 2, 0, 1, 1, 1, 1, 1, 0, 1, 1, 1, 1, 2, 0, 2, 0, 1, 2, 1, 0, 2, 0], total=41
2024-12-02 00:35:41,097 INFO server.py 327:: [Server] The aggregation takes 0.038073 seconds.

2024-12-02 00:35:41,099 INFO server.py 211:: [Server] Start testing
2024-12-02 00:35:41,120 INFO server.py 235:: [Server] Test set: Average loss: 0.8716, Accuracy: 119/200 (59.5%)

2024-12-02 00:35:41,122 INFO server.py 238:: [Sever] Confusion matrix:
 tensor([[41.,  7.,  2.,  0.],
        [16., 22.,  9.,  3.],
        [ 8., 14., 17., 11.],
        [ 0.,  5.,  6., 39.]])
2024-12-02 00:35:41,123 INFO server.py 254:: [Server] Precision=[0.63076925 0.45833334 0.5        0.7358491 ],
 Recall=[0.82 0.44 0.34 0.78],
 F1-score=[0.7130436  0.44897962 0.40476188 0.75728154],
 my_accuracy=59.50000286102295[%]
2024-12-02 00:35:41,124 INFO _main.py 209:: ########EPOCH 18 ########
2024-12-02 00:35:41,125 INFO _main.py 210:: ###Model distribution###
2024-12-02 00:35:45,030 INFO server.py 1064:: clients' sizes=[1, 2, 1, 0, 0, 0, 2, 2, 0, 1, 0, 1, 2, 2, 2, 2, 1, 1, 2, 0, 1, 1, 1, 1, 1, 0, 1, 1, 1, 1, 2, 0, 2, 0, 1, 2, 1, 0, 2, 0], total=41
2024-12-02 00:35:45,067 INFO server.py 327:: [Server] The aggregation takes 0.037784 seconds.

2024-12-02 00:35:45,069 INFO server.py 211:: [Server] Start testing
2024-12-02 00:35:45,092 INFO server.py 235:: [Server] Test set: Average loss: 0.8692, Accuracy: 119/200 (59.5%)

2024-12-02 00:35:45,094 INFO server.py 238:: [Sever] Confusion matrix:
 tensor([[41.,  7.,  2.,  0.],
        [16., 22.,  9.,  3.],
        [ 7., 15., 17., 11.],
        [ 0.,  5.,  6., 39.]])
2024-12-02 00:35:45,096 INFO server.py 254:: [Server] Precision=[0.640625  0.4489796 0.5       0.7358491],
 Recall=[0.82 0.44 0.34 0.78],
 F1-score=[0.71929824 0.44444445 0.40476188 0.75728154],
 my_accuracy=59.50000286102295[%]
2024-12-02 00:35:45,096 INFO _main.py 209:: ########EPOCH 19 ########
2024-12-02 00:35:45,098 INFO _main.py 210:: ###Model distribution###
2024-12-02 00:35:48,223 INFO server.py 1064:: clients' sizes=[1, 2, 1, 0, 0, 0, 2, 2, 0, 1, 0, 1, 2, 2, 2, 2, 1, 1, 2, 0, 1, 1, 1, 1, 1, 0, 1, 1, 1, 1, 2, 0, 2, 0, 1, 2, 1, 0, 2, 0], total=41
2024-12-02 00:35:48,246 INFO server.py 327:: [Server] The aggregation takes 0.024234 seconds.

2024-12-02 00:35:48,248 INFO server.py 211:: [Server] Start testing
2024-12-02 00:35:48,262 INFO server.py 235:: [Server] Test set: Average loss: 0.8660, Accuracy: 119/200 (59.5%)

2024-12-02 00:35:48,264 INFO server.py 238:: [Sever] Confusion matrix:
 tensor([[41.,  7.,  2.,  0.],
        [16., 22.,  9.,  3.],
        [ 7., 15., 17., 11.],
        [ 0.,  5.,  6., 39.]])
2024-12-02 00:35:48,265 INFO server.py 254:: [Server] Precision=[0.640625  0.4489796 0.5       0.7358491],
 Recall=[0.82 0.44 0.34 0.78],
 F1-score=[0.71929824 0.44444445 0.40476188 0.75728154],
 my_accuracy=59.50000286102295[%]
2024-12-02 00:35:48,266 INFO _main.py 209:: ########EPOCH 20 ########
2024-12-02 00:35:48,266 INFO _main.py 210:: ###Model distribution###
2024-12-02 00:35:50,834 INFO server.py 1064:: clients' sizes=[1, 2, 1, 0, 0, 0, 2, 2, 0, 1, 0, 1, 2, 2, 2, 2, 1, 1, 2, 0, 1, 1, 1, 1, 1, 0, 1, 1, 1, 1, 2, 0, 2, 0, 1, 2, 1, 0, 2, 0], total=41
2024-12-02 00:35:50,859 INFO server.py 327:: [Server] The aggregation takes 0.025786 seconds.

2024-12-02 00:35:50,861 INFO server.py 211:: [Server] Start testing
2024-12-02 00:35:50,875 INFO server.py 235:: [Server] Test set: Average loss: 0.8638, Accuracy: 119/200 (59.5%)

2024-12-02 00:35:50,877 INFO server.py 238:: [Sever] Confusion matrix:
 tensor([[41.,  7.,  2.,  0.],
        [16., 22.,  9.,  3.],
        [ 7., 15., 17., 11.],
        [ 0.,  5.,  6., 39.]])
2024-12-02 00:35:50,878 INFO server.py 254:: [Server] Precision=[0.640625  0.4489796 0.5       0.7358491],
 Recall=[0.82 0.44 0.34 0.78],
 F1-score=[0.71929824 0.44444445 0.40476188 0.75728154],
 my_accuracy=59.50000286102295[%]
2024-12-02 00:35:50,879 INFO _main.py 209:: ########EPOCH 21 ########
2024-12-02 00:35:50,880 INFO _main.py 210:: ###Model distribution###
2024-12-02 00:35:53,578 INFO server.py 1064:: clients' sizes=[1, 2, 1, 0, 0, 0, 2, 2, 0, 1, 0, 1, 2, 2, 2, 2, 1, 1, 2, 0, 1, 1, 1, 1, 1, 0, 1, 1, 1, 1, 2, 0, 2, 0, 1, 2, 1, 0, 2, 0], total=41
2024-12-02 00:35:53,600 INFO server.py 327:: [Server] The aggregation takes 0.023788 seconds.

2024-12-02 00:35:53,602 INFO server.py 211:: [Server] Start testing
2024-12-02 00:35:53,616 INFO server.py 235:: [Server] Test set: Average loss: 0.8627, Accuracy: 119/200 (59.5%)

2024-12-02 00:35:53,617 INFO server.py 238:: [Sever] Confusion matrix:
 tensor([[41.,  7.,  2.,  0.],
        [16., 22.,  9.,  3.],
        [ 8., 14., 17., 11.],
        [ 0.,  5.,  6., 39.]])
2024-12-02 00:35:53,619 INFO server.py 254:: [Server] Precision=[0.63076925 0.45833334 0.5        0.7358491 ],
 Recall=[0.82 0.44 0.34 0.78],
 F1-score=[0.7130436  0.44897962 0.40476188 0.75728154],
 my_accuracy=59.50000286102295[%]
2024-12-02 00:35:53,619 INFO _main.py 209:: ########EPOCH 22 ########
2024-12-02 00:35:53,620 INFO _main.py 210:: ###Model distribution###
2024-12-02 00:35:56,355 INFO server.py 1064:: clients' sizes=[1, 2, 1, 0, 0, 0, 2, 2, 0, 1, 0, 1, 2, 2, 2, 2, 1, 1, 2, 0, 1, 1, 1, 1, 1, 0, 1, 1, 1, 1, 2, 0, 2, 0, 1, 2, 1, 0, 2, 0], total=41
2024-12-02 00:35:56,379 INFO server.py 327:: [Server] The aggregation takes 0.024974 seconds.

2024-12-02 00:35:56,380 INFO server.py 211:: [Server] Start testing
2024-12-02 00:35:56,394 INFO server.py 235:: [Server] Test set: Average loss: 0.8611, Accuracy: 119/200 (59.5%)

2024-12-02 00:35:56,396 INFO server.py 238:: [Sever] Confusion matrix:
 tensor([[41.,  7.,  2.,  0.],
        [16., 22.,  9.,  3.],
        [ 8., 14., 17., 11.],
        [ 0.,  5.,  6., 39.]])
2024-12-02 00:35:56,397 INFO server.py 254:: [Server] Precision=[0.63076925 0.45833334 0.5        0.7358491 ],
 Recall=[0.82 0.44 0.34 0.78],
 F1-score=[0.7130436  0.44897962 0.40476188 0.75728154],
 my_accuracy=59.50000286102295[%]
2024-12-02 00:35:56,398 INFO _main.py 209:: ########EPOCH 23 ########
2024-12-02 00:35:56,398 INFO _main.py 210:: ###Model distribution###
2024-12-02 00:36:00,043 INFO server.py 1064:: clients' sizes=[1, 2, 1, 0, 0, 0, 2, 2, 0, 1, 0, 1, 2, 2, 2, 2, 1, 1, 2, 0, 1, 1, 1, 1, 1, 0, 1, 1, 1, 1, 2, 0, 2, 0, 1, 2, 1, 0, 2, 0], total=41
2024-12-02 00:36:00,082 INFO server.py 327:: [Server] The aggregation takes 0.039909 seconds.

2024-12-02 00:36:00,084 INFO server.py 211:: [Server] Start testing
2024-12-02 00:36:00,107 INFO server.py 235:: [Server] Test set: Average loss: 0.8598, Accuracy: 119/200 (59.5%)

2024-12-02 00:36:00,109 INFO server.py 238:: [Sever] Confusion matrix:
 tensor([[41.,  7.,  2.,  0.],
        [16., 22.,  9.,  3.],
        [ 8., 14., 17., 11.],
        [ 0.,  5.,  6., 39.]])
2024-12-02 00:36:00,111 INFO server.py 254:: [Server] Precision=[0.63076925 0.45833334 0.5        0.7358491 ],
 Recall=[0.82 0.44 0.34 0.78],
 F1-score=[0.7130436  0.44897962 0.40476188 0.75728154],
 my_accuracy=59.50000286102295[%]
2024-12-02 00:36:00,111 INFO _main.py 209:: ########EPOCH 24 ########
2024-12-02 00:36:00,112 INFO _main.py 210:: ###Model distribution###
2024-12-02 00:36:03,480 INFO server.py 1064:: clients' sizes=[1, 2, 1, 0, 0, 0, 2, 2, 0, 1, 0, 1, 2, 2, 2, 2, 1, 1, 2, 0, 1, 1, 1, 1, 1, 0, 1, 1, 1, 1, 2, 0, 2, 0, 1, 2, 1, 0, 2, 0], total=41
2024-12-02 00:36:03,513 INFO server.py 327:: [Server] The aggregation takes 0.033257 seconds.

2024-12-02 00:36:03,514 INFO server.py 211:: [Server] Start testing
2024-12-02 00:36:03,528 INFO server.py 235:: [Server] Test set: Average loss: 0.8584, Accuracy: 119/200 (59.5%)

2024-12-02 00:36:03,529 INFO server.py 238:: [Sever] Confusion matrix:
 tensor([[41.,  7.,  2.,  0.],
        [16., 22.,  9.,  3.],
        [ 8., 14., 17., 11.],
        [ 0.,  5.,  6., 39.]])
2024-12-02 00:36:03,531 INFO server.py 254:: [Server] Precision=[0.63076925 0.45833334 0.5        0.7358491 ],
 Recall=[0.82 0.44 0.34 0.78],
 F1-score=[0.7130436  0.44897962 0.40476188 0.75728154],
 my_accuracy=59.50000286102295[%]
2024-12-02 00:36:03,531 INFO _main.py 209:: ########EPOCH 25 ########
2024-12-02 00:36:03,531 INFO _main.py 210:: ###Model distribution###
2024-12-02 00:36:06,290 INFO server.py 1064:: clients' sizes=[1, 2, 1, 0, 0, 0, 2, 2, 0, 1, 0, 1, 2, 2, 2, 2, 1, 1, 2, 0, 1, 1, 1, 1, 1, 0, 1, 1, 1, 1, 2, 0, 2, 0, 1, 2, 1, 0, 2, 0], total=41
2024-12-02 00:36:06,315 INFO server.py 327:: [Server] The aggregation takes 0.026041 seconds.

2024-12-02 00:36:06,317 INFO server.py 211:: [Server] Start testing
2024-12-02 00:36:06,330 INFO server.py 235:: [Server] Test set: Average loss: 0.8572, Accuracy: 119/200 (59.5%)

2024-12-02 00:36:06,332 INFO server.py 238:: [Sever] Confusion matrix:
 tensor([[41.,  7.,  2.,  0.],
        [16., 22.,  9.,  3.],
        [ 8., 14., 17., 11.],
        [ 0.,  5.,  6., 39.]])
2024-12-02 00:36:06,333 INFO server.py 254:: [Server] Precision=[0.63076925 0.45833334 0.5        0.7358491 ],
 Recall=[0.82 0.44 0.34 0.78],
 F1-score=[0.7130436  0.44897962 0.40476188 0.75728154],
 my_accuracy=59.50000286102295[%]
2024-12-02 00:36:06,333 INFO _main.py 209:: ########EPOCH 26 ########
2024-12-02 00:36:06,334 INFO _main.py 210:: ###Model distribution###
2024-12-02 00:36:08,916 INFO server.py 1064:: clients' sizes=[1, 2, 1, 0, 0, 0, 2, 2, 0, 1, 0, 1, 2, 2, 2, 2, 1, 1, 2, 0, 1, 1, 1, 1, 1, 0, 1, 1, 1, 1, 2, 0, 2, 0, 1, 2, 1, 0, 2, 0], total=41
2024-12-02 00:36:08,949 INFO server.py 327:: [Server] The aggregation takes 0.034193 seconds.

2024-12-02 00:36:08,951 INFO server.py 211:: [Server] Start testing
2024-12-02 00:36:08,968 INFO server.py 235:: [Server] Test set: Average loss: 0.8559, Accuracy: 119/200 (59.5%)

2024-12-02 00:36:08,970 INFO server.py 238:: [Sever] Confusion matrix:
 tensor([[41.,  7.,  2.,  0.],
        [16., 22.,  9.,  3.],
        [ 8., 14., 17., 11.],
        [ 0.,  5.,  6., 39.]])
2024-12-02 00:36:08,971 INFO server.py 254:: [Server] Precision=[0.63076925 0.45833334 0.5        0.7358491 ],
 Recall=[0.82 0.44 0.34 0.78],
 F1-score=[0.7130436  0.44897962 0.40476188 0.75728154],
 my_accuracy=59.50000286102295[%]
2024-12-02 00:36:08,972 INFO _main.py 209:: ########EPOCH 27 ########
2024-12-02 00:36:08,972 INFO _main.py 210:: ###Model distribution###
2024-12-02 00:36:11,582 INFO server.py 1064:: clients' sizes=[1, 2, 1, 0, 0, 0, 2, 2, 0, 1, 0, 1, 2, 2, 2, 2, 1, 1, 2, 0, 1, 1, 1, 1, 1, 0, 1, 1, 1, 1, 2, 0, 2, 0, 1, 2, 1, 0, 2, 0], total=41
2024-12-02 00:36:11,608 INFO server.py 327:: [Server] The aggregation takes 0.027203 seconds.

2024-12-02 00:36:11,610 INFO server.py 211:: [Server] Start testing
2024-12-02 00:36:11,624 INFO server.py 235:: [Server] Test set: Average loss: 0.8546, Accuracy: 120/200 (60.0%)

2024-12-02 00:36:11,626 INFO server.py 238:: [Sever] Confusion matrix:
 tensor([[41.,  7.,  2.,  0.],
        [15., 23.,  9.,  3.],
        [ 8., 14., 17., 11.],
        [ 0.,  5.,  6., 39.]])
2024-12-02 00:36:11,627 INFO server.py 254:: [Server] Precision=[0.640625   0.46938777 0.5        0.7358491 ],
 Recall=[0.82 0.46 0.34 0.78],
 F1-score=[0.71929824 0.46464646 0.40476188 0.75728154],
 my_accuracy=60.00000238418579[%]
2024-12-02 00:36:11,628 INFO _main.py 209:: ########EPOCH 28 ########
2024-12-02 00:36:11,628 INFO _main.py 210:: ###Model distribution###
2024-12-02 00:36:15,386 INFO server.py 1064:: clients' sizes=[1, 2, 1, 0, 0, 0, 2, 2, 0, 1, 0, 1, 2, 2, 2, 2, 1, 1, 2, 0, 1, 1, 1, 1, 1, 0, 1, 1, 1, 1, 2, 0, 2, 0, 1, 2, 1, 0, 2, 0], total=41
2024-12-02 00:36:15,421 INFO server.py 327:: [Server] The aggregation takes 0.035456 seconds.

2024-12-02 00:36:15,423 INFO server.py 211:: [Server] Start testing
2024-12-02 00:36:15,443 INFO server.py 235:: [Server] Test set: Average loss: 0.8534, Accuracy: 120/200 (60.0%)

2024-12-02 00:36:15,445 INFO server.py 238:: [Sever] Confusion matrix:
 tensor([[41.,  7.,  2.,  0.],
        [15., 23.,  9.,  3.],
        [ 8., 14., 17., 11.],
        [ 0.,  5.,  6., 39.]])
2024-12-02 00:36:15,446 INFO server.py 254:: [Server] Precision=[0.640625   0.46938777 0.5        0.7358491 ],
 Recall=[0.82 0.46 0.34 0.78],
 F1-score=[0.71929824 0.46464646 0.40476188 0.75728154],
 my_accuracy=60.00000238418579[%]
2024-12-02 00:36:15,447 INFO _main.py 209:: ########EPOCH 29 ########
2024-12-02 00:36:15,448 INFO _main.py 210:: ###Model distribution###
2024-12-02 00:36:18,996 INFO server.py 1064:: clients' sizes=[1, 2, 1, 0, 0, 0, 2, 2, 0, 1, 0, 1, 2, 2, 2, 2, 1, 1, 2, 0, 1, 1, 1, 1, 1, 0, 1, 1, 1, 1, 2, 0, 2, 0, 1, 2, 1, 0, 2, 0], total=41
2024-12-02 00:36:19,019 INFO server.py 327:: [Server] The aggregation takes 0.024246 seconds.

2024-12-02 00:36:19,021 INFO server.py 211:: [Server] Start testing
2024-12-02 00:36:19,035 INFO server.py 235:: [Server] Test set: Average loss: 0.8520, Accuracy: 120/200 (60.0%)

2024-12-02 00:36:19,036 INFO server.py 238:: [Sever] Confusion matrix:
 tensor([[41.,  7.,  2.,  0.],
        [15., 23.,  9.,  3.],
        [ 8., 14., 17., 11.],
        [ 0.,  5.,  6., 39.]])
2024-12-02 00:36:19,037 INFO server.py 254:: [Server] Precision=[0.640625   0.46938777 0.5        0.7358491 ],
 Recall=[0.82 0.46 0.34 0.78],
 F1-score=[0.71929824 0.46464646 0.40476188 0.75728154],
 my_accuracy=60.00000238418579[%]
2024-12-02 00:36:19,038 INFO _main.py 209:: ########EPOCH 30 ########
2024-12-02 00:36:19,038 INFO _main.py 210:: ###Model distribution###
2024-12-02 00:36:21,631 INFO server.py 1064:: clients' sizes=[1, 2, 1, 0, 0, 0, 2, 2, 0, 1, 0, 1, 2, 2, 2, 2, 1, 1, 2, 0, 1, 1, 1, 1, 1, 0, 1, 1, 1, 1, 2, 0, 2, 0, 1, 2, 1, 0, 2, 0], total=41
2024-12-02 00:36:21,655 INFO server.py 327:: [Server] The aggregation takes 0.024659 seconds.

2024-12-02 00:36:21,657 INFO server.py 211:: [Server] Start testing
2024-12-02 00:36:21,671 INFO server.py 235:: [Server] Test set: Average loss: 0.8500, Accuracy: 120/200 (60.0%)

2024-12-02 00:36:21,672 INFO server.py 238:: [Sever] Confusion matrix:
 tensor([[41.,  7.,  2.,  0.],
        [15., 23.,  9.,  3.],
        [ 7., 15., 17., 11.],
        [ 0.,  5.,  6., 39.]])
2024-12-02 00:36:21,673 INFO server.py 254:: [Server] Precision=[0.6507937 0.46      0.5       0.7358491],
 Recall=[0.82 0.46 0.34 0.78],
 F1-score=[0.7256637  0.46       0.40476188 0.75728154],
 my_accuracy=60.00000238418579[%]
2024-12-02 00:36:21,674 INFO _main.py 209:: ########EPOCH 31 ########
2024-12-02 00:36:21,674 INFO _main.py 210:: ###Model distribution###
2024-12-02 00:36:24,531 INFO server.py 1064:: clients' sizes=[1, 2, 1, 0, 0, 0, 2, 2, 0, 1, 0, 1, 2, 2, 2, 2, 1, 1, 2, 0, 1, 1, 1, 1, 1, 0, 1, 1, 1, 1, 2, 0, 2, 0, 1, 2, 1, 0, 2, 0], total=41
2024-12-02 00:36:24,555 INFO server.py 327:: [Server] The aggregation takes 0.025052 seconds.

2024-12-02 00:36:24,557 INFO server.py 211:: [Server] Start testing
2024-12-02 00:36:24,573 INFO server.py 235:: [Server] Test set: Average loss: 0.8483, Accuracy: 120/200 (60.0%)

2024-12-02 00:36:24,574 INFO server.py 238:: [Sever] Confusion matrix:
 tensor([[41.,  7.,  2.,  0.],
        [15., 23.,  9.,  3.],
        [ 6., 16., 17., 11.],
        [ 0.,  5.,  6., 39.]])
2024-12-02 00:36:24,576 INFO server.py 254:: [Server] Precision=[0.66129035 0.4509804  0.5        0.7358491 ],
 Recall=[0.82 0.46 0.34 0.78],
 F1-score=[0.73214287 0.45544556 0.40476188 0.75728154],
 my_accuracy=60.00000238418579[%]
2024-12-02 00:36:24,577 INFO _main.py 209:: ########EPOCH 32 ########
2024-12-02 00:36:24,578 INFO _main.py 210:: ###Model distribution###
2024-12-02 00:36:27,252 INFO server.py 1064:: clients' sizes=[1, 2, 1, 0, 0, 0, 2, 2, 0, 1, 0, 1, 2, 2, 2, 2, 1, 1, 2, 0, 1, 1, 1, 1, 1, 0, 1, 1, 1, 1, 2, 0, 2, 0, 1, 2, 1, 0, 2, 0], total=41
2024-12-02 00:36:27,275 INFO server.py 327:: [Server] The aggregation takes 0.023993 seconds.

2024-12-02 00:36:27,277 INFO server.py 211:: [Server] Start testing
2024-12-02 00:36:27,292 INFO server.py 235:: [Server] Test set: Average loss: 0.8472, Accuracy: 120/200 (60.0%)

2024-12-02 00:36:27,294 INFO server.py 238:: [Sever] Confusion matrix:
 tensor([[41.,  7.,  2.,  0.],
        [15., 23.,  9.,  3.],
        [ 6., 16., 17., 11.],
        [ 0.,  5.,  6., 39.]])
2024-12-02 00:36:27,295 INFO server.py 254:: [Server] Precision=[0.66129035 0.4509804  0.5        0.7358491 ],
 Recall=[0.82 0.46 0.34 0.78],
 F1-score=[0.73214287 0.45544556 0.40476188 0.75728154],
 my_accuracy=60.00000238418579[%]
2024-12-02 00:36:27,296 INFO _main.py 209:: ########EPOCH 33 ########
2024-12-02 00:36:27,296 INFO _main.py 210:: ###Model distribution###
2024-12-02 00:36:30,604 INFO server.py 1064:: clients' sizes=[1, 2, 1, 0, 0, 0, 2, 2, 0, 1, 0, 1, 2, 2, 2, 2, 1, 1, 2, 0, 1, 1, 1, 1, 1, 0, 1, 1, 1, 1, 2, 0, 2, 0, 1, 2, 1, 0, 2, 0], total=41
2024-12-02 00:36:30,635 INFO server.py 327:: [Server] The aggregation takes 0.032696 seconds.

2024-12-02 00:36:30,637 INFO server.py 211:: [Server] Start testing
2024-12-02 00:36:30,656 INFO server.py 235:: [Server] Test set: Average loss: 0.8464, Accuracy: 120/200 (60.0%)

2024-12-02 00:36:30,657 INFO server.py 238:: [Sever] Confusion matrix:
 tensor([[41.,  7.,  2.,  0.],
        [15., 23.,  9.,  3.],
        [ 6., 16., 17., 11.],
        [ 0.,  5.,  6., 39.]])
2024-12-02 00:36:30,658 INFO server.py 254:: [Server] Precision=[0.66129035 0.4509804  0.5        0.7358491 ],
 Recall=[0.82 0.46 0.34 0.78],
 F1-score=[0.73214287 0.45544556 0.40476188 0.75728154],
 my_accuracy=60.00000238418579[%]
2024-12-02 00:36:30,659 INFO _main.py 209:: ########EPOCH 34 ########
2024-12-02 00:36:30,660 INFO _main.py 210:: ###Model distribution###
2024-12-02 00:36:34,341 INFO server.py 1064:: clients' sizes=[1, 2, 1, 0, 0, 0, 2, 2, 0, 1, 0, 1, 2, 2, 2, 2, 1, 1, 2, 0, 1, 1, 1, 1, 1, 0, 1, 1, 1, 1, 2, 0, 2, 0, 1, 2, 1, 0, 2, 0], total=41
2024-12-02 00:36:34,379 INFO server.py 327:: [Server] The aggregation takes 0.039492 seconds.

2024-12-02 00:36:34,381 INFO server.py 211:: [Server] Start testing
2024-12-02 00:36:34,405 INFO server.py 235:: [Server] Test set: Average loss: 0.8453, Accuracy: 120/200 (60.0%)

2024-12-02 00:36:34,406 INFO server.py 238:: [Sever] Confusion matrix:
 tensor([[41.,  7.,  2.,  0.],
        [15., 23.,  9.,  3.],
        [ 6., 16., 17., 11.],
        [ 0.,  5.,  6., 39.]])
2024-12-02 00:36:34,409 INFO server.py 254:: [Server] Precision=[0.66129035 0.4509804  0.5        0.7358491 ],
 Recall=[0.82 0.46 0.34 0.78],
 F1-score=[0.73214287 0.45544556 0.40476188 0.75728154],
 my_accuracy=60.00000238418579[%]
