2024-12-02 00:54:10,555 INFO _main.py 39:: ################################################################
2024-12-02 00:54:10,557 INFO _main.py 41:: #                              batch_size: 64                  #
2024-12-02 00:54:10,558 INFO _main.py 41:: #                         test_batch_size: 32                  #
2024-12-02 00:54:10,560 INFO _main.py 41:: #                                  epochs: 40                  #
2024-12-02 00:54:10,561 INFO _main.py 41:: #                               optimizer: SGD                 #
2024-12-02 00:54:10,562 INFO _main.py 41:: #                                      lr: 0.01                #
2024-12-02 00:54:10,562 INFO _main.py 41:: #                                momentum: 0.9                 #
2024-12-02 00:54:10,562 INFO _main.py 41:: #                            weight_decay: 0.0001              #
2024-12-02 00:54:10,562 INFO _main.py 41:: #                                    seed: 1                   #
2024-12-02 00:54:10,562 INFO _main.py 41:: #                            log_interval: 11                  #
2024-12-02 00:54:10,563 INFO _main.py 41:: #                             num_clients: 40                  #
2024-12-02 00:54:10,563 INFO _main.py 41:: #                           output_folder: experiments         #
2024-12-02 00:54:10,563 INFO _main.py 41:: #                                 dataset: rockburst           #
2024-12-02 00:54:10,563 INFO _main.py 41:: #                             loader_type: dirichlet           #
2024-12-02 00:54:10,563 INFO _main.py 41:: #                             loader_path: ./data/loader.pk    #
2024-12-02 00:54:10,564 INFO _main.py 41:: #                                      AR: gm                  #
2024-12-02 00:54:10,564 INFO _main.py 41:: #                     n_attacker_backdoor: 0                   #
2024-12-02 00:54:10,564 INFO _main.py 41:: #                        backdoor_trigger: [0, 0, 1, 1]        #
2024-12-02 00:54:10,564 INFO _main.py 41:: #                   n_attacker_omniscient: 0                   #
2024-12-02 00:54:10,564 INFO _main.py 41:: #                        omniscient_scale: 1                   #
2024-12-02 00:54:10,565 INFO _main.py 41:: #                                 attacks: None                #
2024-12-02 00:54:10,565 INFO _main.py 41:: #                      save_model_weights: False               #
2024-12-02 00:54:10,565 INFO _main.py 41:: #                         experiment_name: sExp4Ba_40ep_rockburst_gm_40C_5#
2024-12-02 00:54:10,565 INFO _main.py 41:: #                          path_to_aggNet: None                #
2024-12-02 00:54:10,565 INFO _main.py 41:: #                                  device: cpu                 #
2024-12-02 00:54:10,565 INFO _main.py 41:: #                            inner_epochs: 30                  #
2024-12-02 00:54:10,566 INFO _main.py 41:: #                                 verbose: True                #
2024-12-02 00:54:10,566 INFO _main.py 41:: #                         list_unreliable: [2, 18, 20]         #
2024-12-02 00:54:10,566 INFO _main.py 41:: #                     unreliable_fraction: 0.5                 #
2024-12-02 00:54:10,566 INFO _main.py 41:: #                    unreliable_fracTrain: 0.3                 #
2024-12-02 00:54:10,566 INFO _main.py 41:: #                         mean_unreliable: 0.0                 #
2024-12-02 00:54:10,567 INFO _main.py 41:: #                             blur_method: add_noise           #
2024-12-02 00:54:10,567 INFO _main.py 41:: #                      max_std_unreliable: 30.0                #
2024-12-02 00:54:10,567 INFO _main.py 41:: #                     list_uatk_add_noise: [24, 25, 26]        #
2024-12-02 00:54:10,567 INFO _main.py 41:: #                          mean_add_noise: 0.0                 #
2024-12-02 00:54:10,567 INFO _main.py 41:: #                           std_add_noise: 0.01                #
2024-12-02 00:54:10,568 INFO _main.py 41:: #                     list_uatk_flip_sign: [0, 10, 11]         #
2024-12-02 00:54:10,568 INFO _main.py 42:: ################################################################
2024-12-02 00:54:10,568 INFO _main.py 43:: Namespace(batch_size=64, test_batch_size=32, epochs=40, optimizer='SGD', lr=0.01, momentum=0.9, weight_decay=0.0001, seed=1, log_interval=11, num_clients=40, output_folder='experiments', dataset='rockburst', loader_type='dirichlet', loader_path='./data/loader.pk', AR='gm', n_attacker_backdoor=0, backdoor_trigger=[0, 0, 1, 1], n_attacker_omniscient=0, omniscient_scale=1, attacks=None, save_model_weights=False, experiment_name='sExp4Ba_40ep_rockburst_gm_40C_5', path_to_aggNet=None, device='cpu', inner_epochs=30, verbose=True, list_unreliable=[2, 18, 20], unreliable_fraction=0.5, unreliable_fracTrain=0.3, mean_unreliable=0.0, blur_method='add_noise', max_std_unreliable=30.0, list_uatk_add_noise=[24, 25, 26], mean_add_noise=0.0, std_add_noise=0.01, list_uatk_flip_sign=[0, 10, 11])
2024-12-02 00:54:10,568 INFO _main.py 44:: #####################
2024-12-02 00:54:10,568 INFO _main.py 45:: #####################
2024-12-02 00:54:10,569 INFO _main.py 46:: #####################
2024-12-02 00:54:10,569 INFO _main.py 47:: Aggregation Rule:	gm
2024-12-02 00:54:10,569 INFO _main.py 48:: Data distribution:	dirichlet
2024-12-02 00:54:10,569 INFO _main.py 49:: Attacks:	None 
2024-12-02 00:54:10,569 INFO _main.py 50:: #####################
2024-12-02 00:54:10,570 INFO _main.py 51:: #####################
2024-12-02 00:54:10,570 INFO _main.py 52:: #####################
2024-12-02 00:54:12,736 INFO server.py 366:: SET DBSCAN eps=1.3, min_samples=10
2024-12-02 00:54:12,740 INFO _main.py 135:: [1-normal, 0-malicious] label =tensor([0., 1., 1., 1., 1., 1., 1., 1., 1., 1., 0., 0., 1., 1., 1., 1., 1., 1.,
        1., 1., 1., 1., 1., 1., 0., 0., 0., 1., 1., 1., 1., 1., 1., 1., 1., 1.,
        1., 1., 1., 1.])
2024-12-02 00:54:12,748 INFO malicious_clients.py 123:: init ATTACK OMNISCIENT Client 0
2024-12-02 00:54:12,755 INFO malicious_clients.py 18:: init UNRELIABLE Client 2
2024-12-02 00:54:12,800 INFO malicious_clients.py 123:: init ATTACK OMNISCIENT Client 10
2024-12-02 00:54:12,806 INFO malicious_clients.py 123:: init ATTACK OMNISCIENT Client 11
2024-12-02 00:54:12,838 INFO malicious_clients.py 18:: init UNRELIABLE Client 18
2024-12-02 00:54:12,849 INFO malicious_clients.py 18:: init UNRELIABLE Client 20
2024-12-02 00:54:12,878 INFO malicious_clients.py 73:: init ATTACK ADD NOISE TO GRAD Client 24
2024-12-02 00:54:12,884 INFO malicious_clients.py 73:: init ATTACK ADD NOISE TO GRAD Client 25
2024-12-02 00:54:12,889 INFO malicious_clients.py 73:: init ATTACK ADD NOISE TO GRAD Client 26
2024-12-02 00:54:12,969 INFO server.py 211:: [Server] Start testing
2024-12-02 00:54:13,011 INFO server.py 235:: [Server] Test set: Average loss: 1.3864, Accuracy: 50/200 (25.0%)

2024-12-02 00:54:13,012 INFO server.py 238:: [Sever] Confusion matrix:
 tensor([[50.,  0.,  0.,  0.],
        [50.,  0.,  0.,  0.],
        [50.,  0.,  0.,  0.],
        [50.,  0.,  0.,  0.]])
2024-12-02 00:54:13,021 INFO server.py 254:: [Server] Precision=[0.25  nan  nan  nan],
 Recall=[1. 0. 0. 0.],
 F1-score=[0.4 nan nan nan],
 my_accuracy=25.0[%]
2024-12-02 00:54:13,023 INFO _main.py 209:: ########EPOCH 0 ########
2024-12-02 00:54:13,023 INFO _main.py 210:: ###Model distribution###
2024-12-02 00:54:16,821 INFO server.py 1064:: clients' sizes=[1, 2, 1, 0, 0, 0, 2, 2, 0, 1, 0, 1, 2, 2, 2, 2, 1, 1, 2, 0, 1, 1, 1, 1, 1, 0, 1, 1, 1, 1, 2, 0, 2, 0, 1, 2, 1, 0, 2, 0], total=41
2024-12-02 00:54:16,853 INFO server.py 327:: [Server] The aggregation takes 0.040336 seconds.

2024-12-02 00:54:16,854 INFO server.py 211:: [Server] Start testing
2024-12-02 00:54:16,867 INFO server.py 235:: [Server] Test set: Average loss: 1.3575, Accuracy: 63/200 (31.5%)

2024-12-02 00:54:16,869 INFO server.py 238:: [Sever] Confusion matrix:
 tensor([[50.,  0.,  0.,  0.],
        [50.,  0.,  0.,  0.],
        [50.,  0.,  0.,  0.],
        [37.,  0.,  0., 13.]])
2024-12-02 00:54:16,870 INFO server.py 254:: [Server] Precision=[0.26737967        nan        nan 1.        ],
 Recall=[1.   0.   0.   0.26],
 F1-score=[0.42194092        nan        nan 0.4126984 ],
 my_accuracy=31.49999976158142[%]
2024-12-02 00:54:16,871 INFO _main.py 209:: ########EPOCH 1 ########
2024-12-02 00:54:16,872 INFO _main.py 210:: ###Model distribution###
2024-12-02 00:54:19,404 INFO server.py 1064:: clients' sizes=[1, 2, 1, 0, 0, 0, 2, 2, 0, 1, 0, 1, 2, 2, 2, 2, 1, 1, 2, 0, 1, 1, 1, 1, 1, 0, 1, 1, 1, 1, 2, 0, 2, 0, 1, 2, 1, 0, 2, 0], total=41
2024-12-02 00:54:19,426 INFO server.py 327:: [Server] The aggregation takes 0.022707 seconds.

2024-12-02 00:54:19,429 INFO server.py 211:: [Server] Start testing
2024-12-02 00:54:19,443 INFO server.py 235:: [Server] Test set: Average loss: 1.2808, Accuracy: 80/200 (40.0%)

2024-12-02 00:54:19,444 INFO server.py 238:: [Sever] Confusion matrix:
 tensor([[50.,  0.,  0.,  0.],
        [47.,  0.,  0.,  3.],
        [47.,  0.,  0.,  3.],
        [20.,  0.,  0., 30.]])
2024-12-02 00:54:19,446 INFO server.py 254:: [Server] Precision=[0.30487806        nan        nan 0.8333333 ],
 Recall=[1.  0.  0.  0.6],
 F1-score=[0.46728975        nan        nan 0.6976744 ],
 my_accuracy=40.00000059604645[%]
2024-12-02 00:54:19,446 INFO _main.py 209:: ########EPOCH 2 ########
2024-12-02 00:54:19,447 INFO _main.py 210:: ###Model distribution###
2024-12-02 00:54:21,923 INFO server.py 1064:: clients' sizes=[1, 2, 1, 0, 0, 0, 2, 2, 0, 1, 0, 1, 2, 2, 2, 2, 1, 1, 2, 0, 1, 1, 1, 1, 1, 0, 1, 1, 1, 1, 2, 0, 2, 0, 1, 2, 1, 0, 2, 0], total=41
2024-12-02 00:54:21,944 INFO server.py 327:: [Server] The aggregation takes 0.021475 seconds.

2024-12-02 00:54:21,945 INFO server.py 211:: [Server] Start testing
2024-12-02 00:54:21,962 INFO server.py 235:: [Server] Test set: Average loss: 1.1743, Accuracy: 90/200 (45.0%)

2024-12-02 00:54:21,963 INFO server.py 238:: [Sever] Confusion matrix:
 tensor([[50.,  0.,  0.,  0.],
        [45.,  0.,  2.,  3.],
        [32.,  2.,  4., 12.],
        [ 9.,  0.,  5., 36.]])
2024-12-02 00:54:21,965 INFO server.py 254:: [Server] Precision=[0.36764705 0.         0.36363637 0.7058824 ],
 Recall=[1.   0.   0.08 0.72],
 F1-score=[0.5376344         nan 0.13114755 0.7128714 ],
 my_accuracy=44.999998807907104[%]
2024-12-02 00:54:21,966 INFO _main.py 209:: ########EPOCH 3 ########
2024-12-02 00:54:21,966 INFO _main.py 210:: ###Model distribution###
2024-12-02 00:54:24,678 INFO server.py 1064:: clients' sizes=[1, 2, 1, 0, 0, 0, 2, 2, 0, 1, 0, 1, 2, 2, 2, 2, 1, 1, 2, 0, 1, 1, 1, 1, 1, 0, 1, 1, 1, 1, 2, 0, 2, 0, 1, 2, 1, 0, 2, 0], total=41
2024-12-02 00:54:24,702 INFO server.py 327:: [Server] The aggregation takes 0.025102 seconds.

2024-12-02 00:54:24,703 INFO server.py 211:: [Server] Start testing
2024-12-02 00:54:24,717 INFO server.py 235:: [Server] Test set: Average loss: 1.0826, Accuracy: 113/200 (56.5%)

2024-12-02 00:54:24,719 INFO server.py 238:: [Sever] Confusion matrix:
 tensor([[47.,  2.,  1.,  0.],
        [25., 19.,  3.,  3.],
        [18., 10., 10., 12.],
        [ 5.,  3.,  5., 37.]])
2024-12-02 00:54:24,720 INFO server.py 254:: [Server] Precision=[0.49473685 0.5588235  0.5263158  0.71153843],
 Recall=[0.94 0.38 0.2  0.74],
 F1-score=[0.64827585 0.45238093 0.2898551  0.72549015],
 my_accuracy=56.49999976158142[%]
2024-12-02 00:54:24,720 INFO _main.py 209:: ########EPOCH 4 ########
2024-12-02 00:54:24,721 INFO _main.py 210:: ###Model distribution###
2024-12-02 00:54:27,590 INFO server.py 1064:: clients' sizes=[1, 2, 1, 0, 0, 0, 2, 2, 0, 1, 0, 1, 2, 2, 2, 2, 1, 1, 2, 0, 1, 1, 1, 1, 1, 0, 1, 1, 1, 1, 2, 0, 2, 0, 1, 2, 1, 0, 2, 0], total=41
2024-12-02 00:54:27,622 INFO server.py 327:: [Server] The aggregation takes 0.033607 seconds.

2024-12-02 00:54:27,624 INFO server.py 211:: [Server] Start testing
2024-12-02 00:54:27,642 INFO server.py 235:: [Server] Test set: Average loss: 1.0239, Accuracy: 120/200 (60.0%)

2024-12-02 00:54:27,643 INFO server.py 238:: [Sever] Confusion matrix:
 tensor([[47.,  1.,  2.,  0.],
        [21., 23.,  3.,  3.],
        [16., 13., 11., 10.],
        [ 0.,  6.,  5., 39.]])
2024-12-02 00:54:27,645 INFO server.py 254:: [Server] Precision=[0.5595238  0.53488374 0.52380955 0.75      ],
 Recall=[0.94 0.46 0.22 0.78],
 F1-score=[0.70149255 0.49462366 0.30985916 0.7647059 ],
 my_accuracy=60.00000238418579[%]
2024-12-02 00:54:27,645 INFO _main.py 209:: ########EPOCH 5 ########
2024-12-02 00:54:27,646 INFO _main.py 210:: ###Model distribution###
2024-12-02 00:54:31,347 INFO server.py 1064:: clients' sizes=[1, 2, 1, 0, 0, 0, 2, 2, 0, 1, 0, 1, 2, 2, 2, 2, 1, 1, 2, 0, 1, 1, 1, 1, 1, 0, 1, 1, 1, 1, 2, 0, 2, 0, 1, 2, 1, 0, 2, 0], total=41
2024-12-02 00:54:31,379 INFO server.py 327:: [Server] The aggregation takes 0.033647 seconds.

2024-12-02 00:54:31,381 INFO server.py 211:: [Server] Start testing
2024-12-02 00:54:31,401 INFO server.py 235:: [Server] Test set: Average loss: 0.9810, Accuracy: 117/200 (58.5%)

2024-12-02 00:54:31,403 INFO server.py 238:: [Sever] Confusion matrix:
 tensor([[42.,  6.,  2.,  0.],
        [20., 23.,  4.,  3.],
        [14., 13., 13., 10.],
        [ 0.,  6.,  5., 39.]])
2024-12-02 00:54:31,404 INFO server.py 254:: [Server] Precision=[0.55263156 0.47916666 0.5416667  0.75      ],
 Recall=[0.84 0.46 0.26 0.78],
 F1-score=[0.6666666  0.46938774 0.35135135 0.7647059 ],
 my_accuracy=58.49999785423279[%]
2024-12-02 00:54:31,405 INFO _main.py 209:: ########EPOCH 6 ########
2024-12-02 00:54:31,406 INFO _main.py 210:: ###Model distribution###
2024-12-02 00:54:34,285 INFO server.py 1064:: clients' sizes=[1, 2, 1, 0, 0, 0, 2, 2, 0, 1, 0, 1, 2, 2, 2, 2, 1, 1, 2, 0, 1, 1, 1, 1, 1, 0, 1, 1, 1, 1, 2, 0, 2, 0, 1, 2, 1, 0, 2, 0], total=41
2024-12-02 00:54:34,316 INFO server.py 327:: [Server] The aggregation takes 0.032842 seconds.

2024-12-02 00:54:34,317 INFO server.py 211:: [Server] Start testing
2024-12-02 00:54:34,331 INFO server.py 235:: [Server] Test set: Average loss: 0.9544, Accuracy: 115/200 (57.5%)

2024-12-02 00:54:34,332 INFO server.py 238:: [Sever] Confusion matrix:
 tensor([[41.,  7.,  2.,  0.],
        [20., 21.,  6.,  3.],
        [10., 15., 14., 11.],
        [ 0.,  6.,  5., 39.]])
2024-12-02 00:54:34,333 INFO server.py 254:: [Server] Precision=[0.57746476 0.42857143 0.5185185  0.7358491 ],
 Recall=[0.82 0.42 0.28 0.78],
 F1-score=[0.677686   0.4242424  0.36363637 0.75728154],
 my_accuracy=57.499998807907104[%]
2024-12-02 00:54:34,334 INFO _main.py 209:: ########EPOCH 7 ########
2024-12-02 00:54:34,335 INFO _main.py 210:: ###Model distribution###
2024-12-02 00:54:36,973 INFO server.py 1064:: clients' sizes=[1, 2, 1, 0, 0, 0, 2, 2, 0, 1, 0, 1, 2, 2, 2, 2, 1, 1, 2, 0, 1, 1, 1, 1, 1, 0, 1, 1, 1, 1, 2, 0, 2, 0, 1, 2, 1, 0, 2, 0], total=41
2024-12-02 00:54:36,993 INFO server.py 327:: [Server] The aggregation takes 0.021258 seconds.

2024-12-02 00:54:36,994 INFO server.py 211:: [Server] Start testing
2024-12-02 00:54:37,008 INFO server.py 235:: [Server] Test set: Average loss: 0.9345, Accuracy: 116/200 (58.0%)

2024-12-02 00:54:37,009 INFO server.py 238:: [Sever] Confusion matrix:
 tensor([[41.,  7.,  2.,  0.],
        [19., 21.,  7.,  3.],
        [10., 14., 15., 11.],
        [ 0.,  6.,  5., 39.]])
2024-12-02 00:54:37,011 INFO server.py 254:: [Server] Precision=[0.5857143  0.4375     0.51724136 0.7358491 ],
 Recall=[0.82 0.42 0.3  0.78],
 F1-score=[0.68333334 0.42857143 0.37974682 0.75728154],
 my_accuracy=57.999998331069946[%]
2024-12-02 00:54:37,011 INFO _main.py 209:: ########EPOCH 8 ########
2024-12-02 00:54:37,012 INFO _main.py 210:: ###Model distribution###
2024-12-02 00:54:39,519 INFO server.py 1064:: clients' sizes=[1, 2, 1, 0, 0, 0, 2, 2, 0, 1, 0, 1, 2, 2, 2, 2, 1, 1, 2, 0, 1, 1, 1, 1, 1, 0, 1, 1, 1, 1, 2, 0, 2, 0, 1, 2, 1, 0, 2, 0], total=41
2024-12-02 00:54:39,543 INFO server.py 327:: [Server] The aggregation takes 0.024148 seconds.

2024-12-02 00:54:39,544 INFO server.py 211:: [Server] Start testing
2024-12-02 00:54:39,559 INFO server.py 235:: [Server] Test set: Average loss: 0.9202, Accuracy: 116/200 (58.0%)

2024-12-02 00:54:39,560 INFO server.py 238:: [Sever] Confusion matrix:
 tensor([[41.,  7.,  2.,  0.],
        [18., 22.,  7.,  3.],
        [ 9., 15., 14., 12.],
        [ 0.,  6.,  5., 39.]])
2024-12-02 00:54:39,561 INFO server.py 254:: [Server] Precision=[0.60294116 0.44       0.5        0.7222222 ],
 Recall=[0.82 0.44 0.28 0.78],
 F1-score=[0.6949152  0.44       0.35897437 0.74999994],
 my_accuracy=57.999998331069946[%]
2024-12-02 00:54:39,562 INFO _main.py 209:: ########EPOCH 9 ########
2024-12-02 00:54:39,562 INFO _main.py 210:: ###Model distribution###
2024-12-02 00:54:42,094 INFO server.py 1064:: clients' sizes=[1, 2, 1, 0, 0, 0, 2, 2, 0, 1, 0, 1, 2, 2, 2, 2, 1, 1, 2, 0, 1, 1, 1, 1, 1, 0, 1, 1, 1, 1, 2, 0, 2, 0, 1, 2, 1, 0, 2, 0], total=41
2024-12-02 00:54:42,117 INFO server.py 327:: [Server] The aggregation takes 0.023804 seconds.

2024-12-02 00:54:42,119 INFO server.py 211:: [Server] Start testing
2024-12-02 00:54:42,133 INFO server.py 235:: [Server] Test set: Average loss: 0.9099, Accuracy: 116/200 (58.0%)

2024-12-02 00:54:42,135 INFO server.py 238:: [Sever] Confusion matrix:
 tensor([[41.,  7.,  2.,  0.],
        [18., 22.,  7.,  3.],
        [10., 14., 14., 12.],
        [ 0.,  6.,  5., 39.]])
2024-12-02 00:54:42,136 INFO server.py 254:: [Server] Precision=[0.5942029 0.4489796 0.5       0.7222222],
 Recall=[0.82 0.44 0.28 0.78],
 F1-score=[0.6890756  0.44444445 0.35897437 0.74999994],
 my_accuracy=57.999998331069946[%]
2024-12-02 00:54:42,137 INFO _main.py 209:: ########EPOCH 10 ########
2024-12-02 00:54:42,139 INFO _main.py 210:: ###Model distribution###
2024-12-02 00:54:46,022 INFO server.py 1064:: clients' sizes=[1, 2, 1, 0, 0, 0, 2, 2, 0, 1, 0, 1, 2, 2, 2, 2, 1, 1, 2, 0, 1, 1, 1, 1, 1, 0, 1, 1, 1, 1, 2, 0, 2, 0, 1, 2, 1, 0, 2, 0], total=41
2024-12-02 00:54:46,059 INFO server.py 327:: [Server] The aggregation takes 0.038178 seconds.

2024-12-02 00:54:46,062 INFO server.py 211:: [Server] Start testing
2024-12-02 00:54:46,083 INFO server.py 235:: [Server] Test set: Average loss: 0.9020, Accuracy: 116/200 (58.0%)

2024-12-02 00:54:46,085 INFO server.py 238:: [Sever] Confusion matrix:
 tensor([[41.,  7.,  2.,  0.],
        [18., 22.,  7.,  3.],
        [10., 14., 14., 12.],
        [ 0.,  6.,  5., 39.]])
2024-12-02 00:54:46,086 INFO server.py 254:: [Server] Precision=[0.5942029 0.4489796 0.5       0.7222222],
 Recall=[0.82 0.44 0.28 0.78],
 F1-score=[0.6890756  0.44444445 0.35897437 0.74999994],
 my_accuracy=57.999998331069946[%]
2024-12-02 00:54:46,087 INFO _main.py 209:: ########EPOCH 11 ########
2024-12-02 00:54:46,088 INFO _main.py 210:: ###Model distribution###
2024-12-02 00:54:49,332 INFO server.py 1064:: clients' sizes=[1, 2, 1, 0, 0, 0, 2, 2, 0, 1, 0, 1, 2, 2, 2, 2, 1, 1, 2, 0, 1, 1, 1, 1, 1, 0, 1, 1, 1, 1, 2, 0, 2, 0, 1, 2, 1, 0, 2, 0], total=41
2024-12-02 00:54:49,354 INFO server.py 327:: [Server] The aggregation takes 0.023372 seconds.

2024-12-02 00:54:49,356 INFO server.py 211:: [Server] Start testing
2024-12-02 00:54:49,377 INFO server.py 235:: [Server] Test set: Average loss: 0.8956, Accuracy: 115/200 (57.5%)

2024-12-02 00:54:49,378 INFO server.py 238:: [Sever] Confusion matrix:
 tensor([[41.,  7.,  2.,  0.],
        [18., 21.,  8.,  3.],
        [ 9., 15., 14., 12.],
        [ 0.,  6.,  5., 39.]])
2024-12-02 00:54:49,380 INFO server.py 254:: [Server] Precision=[0.60294116 0.42857143 0.4827586  0.7222222 ],
 Recall=[0.82 0.42 0.28 0.78],
 F1-score=[0.6949152  0.4242424  0.35443038 0.74999994],
 my_accuracy=57.499998807907104[%]
2024-12-02 00:54:49,381 INFO _main.py 209:: ########EPOCH 12 ########
2024-12-02 00:54:49,382 INFO _main.py 210:: ###Model distribution###
2024-12-02 00:54:51,923 INFO server.py 1064:: clients' sizes=[1, 2, 1, 0, 0, 0, 2, 2, 0, 1, 0, 1, 2, 2, 2, 2, 1, 1, 2, 0, 1, 1, 1, 1, 1, 0, 1, 1, 1, 1, 2, 0, 2, 0, 1, 2, 1, 0, 2, 0], total=41
2024-12-02 00:54:51,945 INFO server.py 327:: [Server] The aggregation takes 0.023155 seconds.

2024-12-02 00:54:51,947 INFO server.py 211:: [Server] Start testing
2024-12-02 00:54:51,961 INFO server.py 235:: [Server] Test set: Average loss: 0.8897, Accuracy: 117/200 (58.5%)

2024-12-02 00:54:51,962 INFO server.py 238:: [Sever] Confusion matrix:
 tensor([[41.,  7.,  2.,  0.],
        [18., 20.,  9.,  3.],
        [ 9., 13., 17., 11.],
        [ 0.,  5.,  6., 39.]])
2024-12-02 00:54:51,964 INFO server.py 254:: [Server] Precision=[0.60294116 0.44444445 0.5        0.7358491 ],
 Recall=[0.82 0.4  0.34 0.78],
 F1-score=[0.6949152  0.42105263 0.40476188 0.75728154],
 my_accuracy=58.49999785423279[%]
2024-12-02 00:54:51,965 INFO _main.py 209:: ########EPOCH 13 ########
2024-12-02 00:54:51,966 INFO _main.py 210:: ###Model distribution###
2024-12-02 00:54:54,564 INFO server.py 1064:: clients' sizes=[1, 2, 1, 0, 0, 0, 2, 2, 0, 1, 0, 1, 2, 2, 2, 2, 1, 1, 2, 0, 1, 1, 1, 1, 1, 0, 1, 1, 1, 1, 2, 0, 2, 0, 1, 2, 1, 0, 2, 0], total=41
2024-12-02 00:54:54,594 INFO server.py 327:: [Server] The aggregation takes 0.030775 seconds.

2024-12-02 00:54:54,595 INFO server.py 211:: [Server] Start testing
2024-12-02 00:54:54,610 INFO server.py 235:: [Server] Test set: Average loss: 0.8845, Accuracy: 117/200 (58.5%)

2024-12-02 00:54:54,611 INFO server.py 238:: [Sever] Confusion matrix:
 tensor([[41.,  7.,  2.,  0.],
        [18., 20.,  9.,  3.],
        [ 9., 13., 17., 11.],
        [ 0.,  5.,  6., 39.]])
2024-12-02 00:54:54,612 INFO server.py 254:: [Server] Precision=[0.60294116 0.44444445 0.5        0.7358491 ],
 Recall=[0.82 0.4  0.34 0.78],
 F1-score=[0.6949152  0.42105263 0.40476188 0.75728154],
 my_accuracy=58.49999785423279[%]
2024-12-02 00:54:54,613 INFO _main.py 209:: ########EPOCH 14 ########
2024-12-02 00:54:54,613 INFO _main.py 210:: ###Model distribution###
2024-12-02 00:54:57,207 INFO server.py 1064:: clients' sizes=[1, 2, 1, 0, 0, 0, 2, 2, 0, 1, 0, 1, 2, 2, 2, 2, 1, 1, 2, 0, 1, 1, 1, 1, 1, 0, 1, 1, 1, 1, 2, 0, 2, 0, 1, 2, 1, 0, 2, 0], total=41
2024-12-02 00:54:57,230 INFO server.py 327:: [Server] The aggregation takes 0.024055 seconds.

2024-12-02 00:54:57,231 INFO server.py 211:: [Server] Start testing
2024-12-02 00:54:57,248 INFO server.py 235:: [Server] Test set: Average loss: 0.8805, Accuracy: 117/200 (58.5%)

2024-12-02 00:54:57,250 INFO server.py 238:: [Sever] Confusion matrix:
 tensor([[41.,  7.,  2.,  0.],
        [18., 20.,  9.,  3.],
        [ 8., 14., 17., 11.],
        [ 0.,  5.,  6., 39.]])
2024-12-02 00:54:57,251 INFO server.py 254:: [Server] Precision=[0.6119403 0.4347826 0.5       0.7358491],
 Recall=[0.82 0.4  0.34 0.78],
 F1-score=[0.7008547  0.4166667  0.40476188 0.75728154],
 my_accuracy=58.49999785423279[%]
2024-12-02 00:54:57,252 INFO _main.py 209:: ########EPOCH 15 ########
2024-12-02 00:54:57,252 INFO _main.py 210:: ###Model distribution###
2024-12-02 00:55:00,519 INFO server.py 1064:: clients' sizes=[1, 2, 1, 0, 0, 0, 2, 2, 0, 1, 0, 1, 2, 2, 2, 2, 1, 1, 2, 0, 1, 1, 1, 1, 1, 0, 1, 1, 1, 1, 2, 0, 2, 0, 1, 2, 1, 0, 2, 0], total=41
2024-12-02 00:55:00,552 INFO server.py 327:: [Server] The aggregation takes 0.033907 seconds.

2024-12-02 00:55:00,554 INFO server.py 211:: [Server] Start testing
2024-12-02 00:55:00,574 INFO server.py 235:: [Server] Test set: Average loss: 0.8772, Accuracy: 118/200 (59.0%)

2024-12-02 00:55:00,576 INFO server.py 238:: [Sever] Confusion matrix:
 tensor([[41.,  7.,  2.,  0.],
        [17., 21.,  9.,  3.],
        [ 8., 14., 17., 11.],
        [ 0.,  5.,  6., 39.]])
2024-12-02 00:55:00,578 INFO server.py 254:: [Server] Precision=[0.6212121  0.44680852 0.5        0.7358491 ],
 Recall=[0.82 0.42 0.34 0.78],
 F1-score=[0.7068965  0.4329897  0.40476188 0.75728154],
 my_accuracy=58.99999737739563[%]
2024-12-02 00:55:00,579 INFO _main.py 209:: ########EPOCH 16 ########
2024-12-02 00:55:00,580 INFO _main.py 210:: ###Model distribution###
2024-12-02 00:55:04,163 INFO server.py 1064:: clients' sizes=[1, 2, 1, 0, 0, 0, 2, 2, 0, 1, 0, 1, 2, 2, 2, 2, 1, 1, 2, 0, 1, 1, 1, 1, 1, 0, 1, 1, 1, 1, 2, 0, 2, 0, 1, 2, 1, 0, 2, 0], total=41
2024-12-02 00:55:04,186 INFO server.py 327:: [Server] The aggregation takes 0.024148 seconds.

2024-12-02 00:55:04,187 INFO server.py 211:: [Server] Start testing
2024-12-02 00:55:04,201 INFO server.py 235:: [Server] Test set: Average loss: 0.8740, Accuracy: 119/200 (59.5%)

2024-12-02 00:55:04,202 INFO server.py 238:: [Sever] Confusion matrix:
 tensor([[41.,  7.,  2.,  0.],
        [16., 22.,  9.,  3.],
        [ 8., 14., 17., 11.],
        [ 0.,  5.,  6., 39.]])
2024-12-02 00:55:04,204 INFO server.py 254:: [Server] Precision=[0.63076925 0.45833334 0.5        0.7358491 ],
 Recall=[0.82 0.44 0.34 0.78],
 F1-score=[0.7130436  0.44897962 0.40476188 0.75728154],
 my_accuracy=59.50000286102295[%]
2024-12-02 00:55:04,204 INFO _main.py 209:: ########EPOCH 17 ########
2024-12-02 00:55:04,205 INFO _main.py 210:: ###Model distribution###
2024-12-02 00:55:06,869 INFO server.py 1064:: clients' sizes=[1, 2, 1, 0, 0, 0, 2, 2, 0, 1, 0, 1, 2, 2, 2, 2, 1, 1, 2, 0, 1, 1, 1, 1, 1, 0, 1, 1, 1, 1, 2, 0, 2, 0, 1, 2, 1, 0, 2, 0], total=41
2024-12-02 00:55:06,892 INFO server.py 327:: [Server] The aggregation takes 0.024458 seconds.

2024-12-02 00:55:06,894 INFO server.py 211:: [Server] Start testing
2024-12-02 00:55:06,907 INFO server.py 235:: [Server] Test set: Average loss: 0.8716, Accuracy: 119/200 (59.5%)

2024-12-02 00:55:06,908 INFO server.py 238:: [Sever] Confusion matrix:
 tensor([[41.,  7.,  2.,  0.],
        [16., 22.,  9.,  3.],
        [ 8., 14., 17., 11.],
        [ 0.,  5.,  6., 39.]])
2024-12-02 00:55:06,910 INFO server.py 254:: [Server] Precision=[0.63076925 0.45833334 0.5        0.7358491 ],
 Recall=[0.82 0.44 0.34 0.78],
 F1-score=[0.7130436  0.44897962 0.40476188 0.75728154],
 my_accuracy=59.50000286102295[%]
2024-12-02 00:55:06,910 INFO _main.py 209:: ########EPOCH 18 ########
2024-12-02 00:55:06,911 INFO _main.py 210:: ###Model distribution###
2024-12-02 00:55:09,405 INFO server.py 1064:: clients' sizes=[1, 2, 1, 0, 0, 0, 2, 2, 0, 1, 0, 1, 2, 2, 2, 2, 1, 1, 2, 0, 1, 1, 1, 1, 1, 0, 1, 1, 1, 1, 2, 0, 2, 0, 1, 2, 1, 0, 2, 0], total=41
2024-12-02 00:55:09,429 INFO server.py 327:: [Server] The aggregation takes 0.024441 seconds.

2024-12-02 00:55:09,430 INFO server.py 211:: [Server] Start testing
2024-12-02 00:55:09,446 INFO server.py 235:: [Server] Test set: Average loss: 0.8692, Accuracy: 119/200 (59.5%)

2024-12-02 00:55:09,447 INFO server.py 238:: [Sever] Confusion matrix:
 tensor([[41.,  7.,  2.,  0.],
        [16., 22.,  9.,  3.],
        [ 7., 15., 17., 11.],
        [ 0.,  5.,  6., 39.]])
2024-12-02 00:55:09,449 INFO server.py 254:: [Server] Precision=[0.640625  0.4489796 0.5       0.7358491],
 Recall=[0.82 0.44 0.34 0.78],
 F1-score=[0.71929824 0.44444445 0.40476188 0.75728154],
 my_accuracy=59.50000286102295[%]
2024-12-02 00:55:09,450 INFO _main.py 209:: ########EPOCH 19 ########
2024-12-02 00:55:09,451 INFO _main.py 210:: ###Model distribution###
2024-12-02 00:55:11,925 INFO server.py 1064:: clients' sizes=[1, 2, 1, 0, 0, 0, 2, 2, 0, 1, 0, 1, 2, 2, 2, 2, 1, 1, 2, 0, 1, 1, 1, 1, 1, 0, 1, 1, 1, 1, 2, 0, 2, 0, 1, 2, 1, 0, 2, 0], total=41
2024-12-02 00:55:11,948 INFO server.py 327:: [Server] The aggregation takes 0.023610 seconds.

2024-12-02 00:55:11,949 INFO server.py 211:: [Server] Start testing
2024-12-02 00:55:11,964 INFO server.py 235:: [Server] Test set: Average loss: 0.8660, Accuracy: 119/200 (59.5%)

2024-12-02 00:55:11,965 INFO server.py 238:: [Sever] Confusion matrix:
 tensor([[41.,  7.,  2.,  0.],
        [16., 22.,  9.,  3.],
        [ 7., 15., 17., 11.],
        [ 0.,  5.,  6., 39.]])
2024-12-02 00:55:11,967 INFO server.py 254:: [Server] Precision=[0.640625  0.4489796 0.5       0.7358491],
 Recall=[0.82 0.44 0.34 0.78],
 F1-score=[0.71929824 0.44444445 0.40476188 0.75728154],
 my_accuracy=59.50000286102295[%]
2024-12-02 00:55:11,967 INFO _main.py 209:: ########EPOCH 20 ########
2024-12-02 00:55:11,968 INFO _main.py 210:: ###Model distribution###
2024-12-02 00:55:14,899 INFO server.py 1064:: clients' sizes=[1, 2, 1, 0, 0, 0, 2, 2, 0, 1, 0, 1, 2, 2, 2, 2, 1, 1, 2, 0, 1, 1, 1, 1, 1, 0, 1, 1, 1, 1, 2, 0, 2, 0, 1, 2, 1, 0, 2, 0], total=41
2024-12-02 00:55:14,943 INFO server.py 327:: [Server] The aggregation takes 0.044594 seconds.

2024-12-02 00:55:14,945 INFO server.py 211:: [Server] Start testing
2024-12-02 00:55:14,964 INFO server.py 235:: [Server] Test set: Average loss: 0.8638, Accuracy: 119/200 (59.5%)

2024-12-02 00:55:14,965 INFO server.py 238:: [Sever] Confusion matrix:
 tensor([[41.,  7.,  2.,  0.],
        [16., 22.,  9.,  3.],
        [ 7., 15., 17., 11.],
        [ 0.,  5.,  6., 39.]])
2024-12-02 00:55:14,967 INFO server.py 254:: [Server] Precision=[0.640625  0.4489796 0.5       0.7358491],
 Recall=[0.82 0.44 0.34 0.78],
 F1-score=[0.71929824 0.44444445 0.40476188 0.75728154],
 my_accuracy=59.50000286102295[%]
2024-12-02 00:55:14,968 INFO _main.py 209:: ########EPOCH 21 ########
2024-12-02 00:55:14,968 INFO _main.py 210:: ###Model distribution###
2024-12-02 00:55:18,669 INFO server.py 1064:: clients' sizes=[1, 2, 1, 0, 0, 0, 2, 2, 0, 1, 0, 1, 2, 2, 2, 2, 1, 1, 2, 0, 1, 1, 1, 1, 1, 0, 1, 1, 1, 1, 2, 0, 2, 0, 1, 2, 1, 0, 2, 0], total=41
2024-12-02 00:55:18,715 INFO server.py 327:: [Server] The aggregation takes 0.046269 seconds.

2024-12-02 00:55:18,716 INFO server.py 211:: [Server] Start testing
2024-12-02 00:55:18,739 INFO server.py 235:: [Server] Test set: Average loss: 0.8627, Accuracy: 119/200 (59.5%)

2024-12-02 00:55:18,741 INFO server.py 238:: [Sever] Confusion matrix:
 tensor([[41.,  7.,  2.,  0.],
        [16., 22.,  9.,  3.],
        [ 8., 14., 17., 11.],
        [ 0.,  5.,  6., 39.]])
2024-12-02 00:55:18,742 INFO server.py 254:: [Server] Precision=[0.63076925 0.45833334 0.5        0.7358491 ],
 Recall=[0.82 0.44 0.34 0.78],
 F1-score=[0.7130436  0.44897962 0.40476188 0.75728154],
 my_accuracy=59.50000286102295[%]
2024-12-02 00:55:18,743 INFO _main.py 209:: ########EPOCH 22 ########
2024-12-02 00:55:18,744 INFO _main.py 210:: ###Model distribution###
2024-12-02 00:55:21,600 INFO server.py 1064:: clients' sizes=[1, 2, 1, 0, 0, 0, 2, 2, 0, 1, 0, 1, 2, 2, 2, 2, 1, 1, 2, 0, 1, 1, 1, 1, 1, 0, 1, 1, 1, 1, 2, 0, 2, 0, 1, 2, 1, 0, 2, 0], total=41
2024-12-02 00:55:21,623 INFO server.py 327:: [Server] The aggregation takes 0.023250 seconds.

2024-12-02 00:55:21,624 INFO server.py 211:: [Server] Start testing
2024-12-02 00:55:21,638 INFO server.py 235:: [Server] Test set: Average loss: 0.8611, Accuracy: 119/200 (59.5%)

2024-12-02 00:55:21,639 INFO server.py 238:: [Sever] Confusion matrix:
 tensor([[41.,  7.,  2.,  0.],
        [16., 22.,  9.,  3.],
        [ 8., 14., 17., 11.],
        [ 0.,  5.,  6., 39.]])
2024-12-02 00:55:21,641 INFO server.py 254:: [Server] Precision=[0.63076925 0.45833334 0.5        0.7358491 ],
 Recall=[0.82 0.44 0.34 0.78],
 F1-score=[0.7130436  0.44897962 0.40476188 0.75728154],
 my_accuracy=59.50000286102295[%]
2024-12-02 00:55:21,641 INFO _main.py 209:: ########EPOCH 23 ########
2024-12-02 00:55:21,642 INFO _main.py 210:: ###Model distribution###
2024-12-02 00:55:24,117 INFO server.py 1064:: clients' sizes=[1, 2, 1, 0, 0, 0, 2, 2, 0, 1, 0, 1, 2, 2, 2, 2, 1, 1, 2, 0, 1, 1, 1, 1, 1, 0, 1, 1, 1, 1, 2, 0, 2, 0, 1, 2, 1, 0, 2, 0], total=41
2024-12-02 00:55:24,140 INFO server.py 327:: [Server] The aggregation takes 0.024308 seconds.

2024-12-02 00:55:24,142 INFO server.py 211:: [Server] Start testing
2024-12-02 00:55:24,155 INFO server.py 235:: [Server] Test set: Average loss: 0.8598, Accuracy: 119/200 (59.5%)

2024-12-02 00:55:24,157 INFO server.py 238:: [Sever] Confusion matrix:
 tensor([[41.,  7.,  2.,  0.],
        [16., 22.,  9.,  3.],
        [ 8., 14., 17., 11.],
        [ 0.,  5.,  6., 39.]])
2024-12-02 00:55:24,158 INFO server.py 254:: [Server] Precision=[0.63076925 0.45833334 0.5        0.7358491 ],
 Recall=[0.82 0.44 0.34 0.78],
 F1-score=[0.7130436  0.44897962 0.40476188 0.75728154],
 my_accuracy=59.50000286102295[%]
2024-12-02 00:55:24,159 INFO _main.py 209:: ########EPOCH 24 ########
2024-12-02 00:55:24,159 INFO _main.py 210:: ###Model distribution###
2024-12-02 00:55:26,839 INFO server.py 1064:: clients' sizes=[1, 2, 1, 0, 0, 0, 2, 2, 0, 1, 0, 1, 2, 2, 2, 2, 1, 1, 2, 0, 1, 1, 1, 1, 1, 0, 1, 1, 1, 1, 2, 0, 2, 0, 1, 2, 1, 0, 2, 0], total=41
2024-12-02 00:55:26,861 INFO server.py 327:: [Server] The aggregation takes 0.023668 seconds.

2024-12-02 00:55:26,863 INFO server.py 211:: [Server] Start testing
2024-12-02 00:55:26,878 INFO server.py 235:: [Server] Test set: Average loss: 0.8584, Accuracy: 119/200 (59.5%)

2024-12-02 00:55:26,879 INFO server.py 238:: [Sever] Confusion matrix:
 tensor([[41.,  7.,  2.,  0.],
        [16., 22.,  9.,  3.],
        [ 8., 14., 17., 11.],
        [ 0.,  5.,  6., 39.]])
2024-12-02 00:55:26,881 INFO server.py 254:: [Server] Precision=[0.63076925 0.45833334 0.5        0.7358491 ],
 Recall=[0.82 0.44 0.34 0.78],
 F1-score=[0.7130436  0.44897962 0.40476188 0.75728154],
 my_accuracy=59.50000286102295[%]
2024-12-02 00:55:26,881 INFO _main.py 209:: ########EPOCH 25 ########
2024-12-02 00:55:26,882 INFO _main.py 210:: ###Model distribution###
2024-12-02 00:55:29,411 INFO server.py 1064:: clients' sizes=[1, 2, 1, 0, 0, 0, 2, 2, 0, 1, 0, 1, 2, 2, 2, 2, 1, 1, 2, 0, 1, 1, 1, 1, 1, 0, 1, 1, 1, 1, 2, 0, 2, 0, 1, 2, 1, 0, 2, 0], total=41
2024-12-02 00:55:29,435 INFO server.py 327:: [Server] The aggregation takes 0.025107 seconds.

2024-12-02 00:55:29,437 INFO server.py 211:: [Server] Start testing
2024-12-02 00:55:29,453 INFO server.py 235:: [Server] Test set: Average loss: 0.8572, Accuracy: 119/200 (59.5%)

2024-12-02 00:55:29,454 INFO server.py 238:: [Sever] Confusion matrix:
 tensor([[41.,  7.,  2.,  0.],
        [16., 22.,  9.,  3.],
        [ 8., 14., 17., 11.],
        [ 0.,  5.,  6., 39.]])
2024-12-02 00:55:29,456 INFO server.py 254:: [Server] Precision=[0.63076925 0.45833334 0.5        0.7358491 ],
 Recall=[0.82 0.44 0.34 0.78],
 F1-score=[0.7130436  0.44897962 0.40476188 0.75728154],
 my_accuracy=59.50000286102295[%]
2024-12-02 00:55:29,456 INFO _main.py 209:: ########EPOCH 26 ########
2024-12-02 00:55:29,457 INFO _main.py 210:: ###Model distribution###
2024-12-02 00:55:32,852 INFO server.py 1064:: clients' sizes=[1, 2, 1, 0, 0, 0, 2, 2, 0, 1, 0, 1, 2, 2, 2, 2, 1, 1, 2, 0, 1, 1, 1, 1, 1, 0, 1, 1, 1, 1, 2, 0, 2, 0, 1, 2, 1, 0, 2, 0], total=41
2024-12-02 00:55:32,892 INFO server.py 327:: [Server] The aggregation takes 0.041348 seconds.

2024-12-02 00:55:32,896 INFO server.py 211:: [Server] Start testing
2024-12-02 00:55:32,917 INFO server.py 235:: [Server] Test set: Average loss: 0.8559, Accuracy: 119/200 (59.5%)

2024-12-02 00:55:32,920 INFO server.py 238:: [Sever] Confusion matrix:
 tensor([[41.,  7.,  2.,  0.],
        [16., 22.,  9.,  3.],
        [ 8., 14., 17., 11.],
        [ 0.,  5.,  6., 39.]])
2024-12-02 00:55:32,922 INFO server.py 254:: [Server] Precision=[0.63076925 0.45833334 0.5        0.7358491 ],
 Recall=[0.82 0.44 0.34 0.78],
 F1-score=[0.7130436  0.44897962 0.40476188 0.75728154],
 my_accuracy=59.50000286102295[%]
2024-12-02 00:55:32,923 INFO _main.py 209:: ########EPOCH 27 ########
2024-12-02 00:55:32,924 INFO _main.py 210:: ###Model distribution###
2024-12-02 00:55:36,587 INFO server.py 1064:: clients' sizes=[1, 2, 1, 0, 0, 0, 2, 2, 0, 1, 0, 1, 2, 2, 2, 2, 1, 1, 2, 0, 1, 1, 1, 1, 1, 0, 1, 1, 1, 1, 2, 0, 2, 0, 1, 2, 1, 0, 2, 0], total=41
2024-12-02 00:55:36,613 INFO server.py 327:: [Server] The aggregation takes 0.026537 seconds.

2024-12-02 00:55:36,614 INFO server.py 211:: [Server] Start testing
2024-12-02 00:55:36,628 INFO server.py 235:: [Server] Test set: Average loss: 0.8546, Accuracy: 120/200 (60.0%)

2024-12-02 00:55:36,629 INFO server.py 238:: [Sever] Confusion matrix:
 tensor([[41.,  7.,  2.,  0.],
        [15., 23.,  9.,  3.],
        [ 8., 14., 17., 11.],
        [ 0.,  5.,  6., 39.]])
2024-12-02 00:55:36,631 INFO server.py 254:: [Server] Precision=[0.640625   0.46938777 0.5        0.7358491 ],
 Recall=[0.82 0.46 0.34 0.78],
 F1-score=[0.71929824 0.46464646 0.40476188 0.75728154],
 my_accuracy=60.00000238418579[%]
2024-12-02 00:55:36,632 INFO _main.py 209:: ########EPOCH 28 ########
2024-12-02 00:55:36,633 INFO _main.py 210:: ###Model distribution###
2024-12-02 00:55:39,174 INFO server.py 1064:: clients' sizes=[1, 2, 1, 0, 0, 0, 2, 2, 0, 1, 0, 1, 2, 2, 2, 2, 1, 1, 2, 0, 1, 1, 1, 1, 1, 0, 1, 1, 1, 1, 2, 0, 2, 0, 1, 2, 1, 0, 2, 0], total=41
2024-12-02 00:55:39,196 INFO server.py 327:: [Server] The aggregation takes 0.023308 seconds.

2024-12-02 00:55:39,197 INFO server.py 211:: [Server] Start testing
2024-12-02 00:55:39,211 INFO server.py 235:: [Server] Test set: Average loss: 0.8534, Accuracy: 120/200 (60.0%)

2024-12-02 00:55:39,213 INFO server.py 238:: [Sever] Confusion matrix:
 tensor([[41.,  7.,  2.,  0.],
        [15., 23.,  9.,  3.],
        [ 8., 14., 17., 11.],
        [ 0.,  5.,  6., 39.]])
2024-12-02 00:55:39,214 INFO server.py 254:: [Server] Precision=[0.640625   0.46938777 0.5        0.7358491 ],
 Recall=[0.82 0.46 0.34 0.78],
 F1-score=[0.71929824 0.46464646 0.40476188 0.75728154],
 my_accuracy=60.00000238418579[%]
2024-12-02 00:55:39,215 INFO _main.py 209:: ########EPOCH 29 ########
2024-12-02 00:55:39,216 INFO _main.py 210:: ###Model distribution###
2024-12-02 00:55:41,778 INFO server.py 1064:: clients' sizes=[1, 2, 1, 0, 0, 0, 2, 2, 0, 1, 0, 1, 2, 2, 2, 2, 1, 1, 2, 0, 1, 1, 1, 1, 1, 0, 1, 1, 1, 1, 2, 0, 2, 0, 1, 2, 1, 0, 2, 0], total=41
2024-12-02 00:55:41,802 INFO server.py 327:: [Server] The aggregation takes 0.024494 seconds.

2024-12-02 00:55:41,803 INFO server.py 211:: [Server] Start testing
2024-12-02 00:55:41,817 INFO server.py 235:: [Server] Test set: Average loss: 0.8520, Accuracy: 120/200 (60.0%)

2024-12-02 00:55:41,818 INFO server.py 238:: [Sever] Confusion matrix:
 tensor([[41.,  7.,  2.,  0.],
        [15., 23.,  9.,  3.],
        [ 8., 14., 17., 11.],
        [ 0.,  5.,  6., 39.]])
2024-12-02 00:55:41,819 INFO server.py 254:: [Server] Precision=[0.640625   0.46938777 0.5        0.7358491 ],
 Recall=[0.82 0.46 0.34 0.78],
 F1-score=[0.71929824 0.46464646 0.40476188 0.75728154],
 my_accuracy=60.00000238418579[%]
2024-12-02 00:55:41,820 INFO _main.py 209:: ########EPOCH 30 ########
2024-12-02 00:55:41,820 INFO _main.py 210:: ###Model distribution###
2024-12-02 00:55:44,319 INFO server.py 1064:: clients' sizes=[1, 2, 1, 0, 0, 0, 2, 2, 0, 1, 0, 1, 2, 2, 2, 2, 1, 1, 2, 0, 1, 1, 1, 1, 1, 0, 1, 1, 1, 1, 2, 0, 2, 0, 1, 2, 1, 0, 2, 0], total=41
2024-12-02 00:55:44,342 INFO server.py 327:: [Server] The aggregation takes 0.023632 seconds.

2024-12-02 00:55:44,344 INFO server.py 211:: [Server] Start testing
2024-12-02 00:55:44,358 INFO server.py 235:: [Server] Test set: Average loss: 0.8500, Accuracy: 120/200 (60.0%)

2024-12-02 00:55:44,359 INFO server.py 238:: [Sever] Confusion matrix:
 tensor([[41.,  7.,  2.,  0.],
        [15., 23.,  9.,  3.],
        [ 7., 15., 17., 11.],
        [ 0.,  5.,  6., 39.]])
2024-12-02 00:55:44,361 INFO server.py 254:: [Server] Precision=[0.6507937 0.46      0.5       0.7358491],
 Recall=[0.82 0.46 0.34 0.78],
 F1-score=[0.7256637  0.46       0.40476188 0.75728154],
 my_accuracy=60.00000238418579[%]
2024-12-02 00:55:44,361 INFO _main.py 209:: ########EPOCH 31 ########
2024-12-02 00:55:44,362 INFO _main.py 210:: ###Model distribution###
2024-12-02 00:55:47,493 INFO server.py 1064:: clients' sizes=[1, 2, 1, 0, 0, 0, 2, 2, 0, 1, 0, 1, 2, 2, 2, 2, 1, 1, 2, 0, 1, 1, 1, 1, 1, 0, 1, 1, 1, 1, 2, 0, 2, 0, 1, 2, 1, 0, 2, 0], total=41
2024-12-02 00:55:47,527 INFO server.py 327:: [Server] The aggregation takes 0.034859 seconds.

2024-12-02 00:55:47,529 INFO server.py 211:: [Server] Start testing
2024-12-02 00:55:47,548 INFO server.py 235:: [Server] Test set: Average loss: 0.8483, Accuracy: 120/200 (60.0%)

2024-12-02 00:55:47,549 INFO server.py 238:: [Sever] Confusion matrix:
 tensor([[41.,  7.,  2.,  0.],
        [15., 23.,  9.,  3.],
        [ 6., 16., 17., 11.],
        [ 0.,  5.,  6., 39.]])
2024-12-02 00:55:47,551 INFO server.py 254:: [Server] Precision=[0.66129035 0.4509804  0.5        0.7358491 ],
 Recall=[0.82 0.46 0.34 0.78],
 F1-score=[0.73214287 0.45544556 0.40476188 0.75728154],
 my_accuracy=60.00000238418579[%]
2024-12-02 00:55:47,552 INFO _main.py 209:: ########EPOCH 32 ########
2024-12-02 00:55:47,553 INFO _main.py 210:: ###Model distribution###
2024-12-02 00:55:51,341 INFO server.py 1064:: clients' sizes=[1, 2, 1, 0, 0, 0, 2, 2, 0, 1, 0, 1, 2, 2, 2, 2, 1, 1, 2, 0, 1, 1, 1, 1, 1, 0, 1, 1, 1, 1, 2, 0, 2, 0, 1, 2, 1, 0, 2, 0], total=41
2024-12-02 00:55:51,378 INFO server.py 327:: [Server] The aggregation takes 0.037989 seconds.

2024-12-02 00:55:51,380 INFO server.py 211:: [Server] Start testing
2024-12-02 00:55:51,403 INFO server.py 235:: [Server] Test set: Average loss: 0.8472, Accuracy: 120/200 (60.0%)

2024-12-02 00:55:51,405 INFO server.py 238:: [Sever] Confusion matrix:
 tensor([[41.,  7.,  2.,  0.],
        [15., 23.,  9.,  3.],
        [ 6., 16., 17., 11.],
        [ 0.,  5.,  6., 39.]])
2024-12-02 00:55:51,407 INFO server.py 254:: [Server] Precision=[0.66129035 0.4509804  0.5        0.7358491 ],
 Recall=[0.82 0.46 0.34 0.78],
 F1-score=[0.73214287 0.45544556 0.40476188 0.75728154],
 my_accuracy=60.00000238418579[%]
2024-12-02 00:55:51,407 INFO _main.py 209:: ########EPOCH 33 ########
2024-12-02 00:55:51,408 INFO _main.py 210:: ###Model distribution###
2024-12-02 00:55:54,009 INFO server.py 1064:: clients' sizes=[1, 2, 1, 0, 0, 0, 2, 2, 0, 1, 0, 1, 2, 2, 2, 2, 1, 1, 2, 0, 1, 1, 1, 1, 1, 0, 1, 1, 1, 1, 2, 0, 2, 0, 1, 2, 1, 0, 2, 0], total=41
2024-12-02 00:55:54,033 INFO server.py 327:: [Server] The aggregation takes 0.024642 seconds.

2024-12-02 00:55:54,034 INFO server.py 211:: [Server] Start testing
2024-12-02 00:55:54,048 INFO server.py 235:: [Server] Test set: Average loss: 0.8464, Accuracy: 120/200 (60.0%)

2024-12-02 00:55:54,049 INFO server.py 238:: [Sever] Confusion matrix:
 tensor([[41.,  7.,  2.,  0.],
        [15., 23.,  9.,  3.],
        [ 6., 16., 17., 11.],
        [ 0.,  5.,  6., 39.]])
2024-12-02 00:55:54,051 INFO server.py 254:: [Server] Precision=[0.66129035 0.4509804  0.5        0.7358491 ],
 Recall=[0.82 0.46 0.34 0.78],
 F1-score=[0.73214287 0.45544556 0.40476188 0.75728154],
 my_accuracy=60.00000238418579[%]
2024-12-02 00:55:54,051 INFO _main.py 209:: ########EPOCH 34 ########
2024-12-02 00:55:54,052 INFO _main.py 210:: ###Model distribution###
2024-12-02 00:55:56,756 INFO server.py 1064:: clients' sizes=[1, 2, 1, 0, 0, 0, 2, 2, 0, 1, 0, 1, 2, 2, 2, 2, 1, 1, 2, 0, 1, 1, 1, 1, 1, 0, 1, 1, 1, 1, 2, 0, 2, 0, 1, 2, 1, 0, 2, 0], total=41
2024-12-02 00:55:56,779 INFO server.py 327:: [Server] The aggregation takes 0.023710 seconds.

2024-12-02 00:55:56,780 INFO server.py 211:: [Server] Start testing
2024-12-02 00:55:56,794 INFO server.py 235:: [Server] Test set: Average loss: 0.8453, Accuracy: 120/200 (60.0%)

2024-12-02 00:55:56,795 INFO server.py 238:: [Sever] Confusion matrix:
 tensor([[41.,  7.,  2.,  0.],
        [15., 23.,  9.,  3.],
        [ 6., 16., 17., 11.],
        [ 0.,  5.,  6., 39.]])
2024-12-02 00:55:56,797 INFO server.py 254:: [Server] Precision=[0.66129035 0.4509804  0.5        0.7358491 ],
 Recall=[0.82 0.46 0.34 0.78],
 F1-score=[0.73214287 0.45544556 0.40476188 0.75728154],
 my_accuracy=60.00000238418579[%]
2024-12-02 00:55:56,797 INFO _main.py 209:: ########EPOCH 35 ########
2024-12-02 00:55:56,797 INFO _main.py 210:: ###Model distribution###
2024-12-02 00:55:59,380 INFO server.py 1064:: clients' sizes=[1, 2, 1, 0, 0, 0, 2, 2, 0, 1, 0, 1, 2, 2, 2, 2, 1, 1, 2, 0, 1, 1, 1, 1, 1, 0, 1, 1, 1, 1, 2, 0, 2, 0, 1, 2, 1, 0, 2, 0], total=41
2024-12-02 00:55:59,403 INFO server.py 327:: [Server] The aggregation takes 0.023365 seconds.

2024-12-02 00:55:59,404 INFO server.py 211:: [Server] Start testing
2024-12-02 00:55:59,417 INFO server.py 235:: [Server] Test set: Average loss: 0.8442, Accuracy: 120/200 (60.0%)

2024-12-02 00:55:59,419 INFO server.py 238:: [Sever] Confusion matrix:
 tensor([[41.,  7.,  2.,  0.],
        [15., 23.,  9.,  3.],
        [ 6., 16., 17., 11.],
        [ 0.,  5.,  6., 39.]])
2024-12-02 00:55:59,420 INFO server.py 254:: [Server] Precision=[0.66129035 0.4509804  0.5        0.7358491 ],
 Recall=[0.82 0.46 0.34 0.78],
 F1-score=[0.73214287 0.45544556 0.40476188 0.75728154],
 my_accuracy=60.00000238418579[%]
2024-12-02 00:55:59,421 INFO _main.py 209:: ########EPOCH 36 ########
2024-12-02 00:55:59,421 INFO _main.py 210:: ###Model distribution###
2024-12-02 00:56:02,215 INFO server.py 1064:: clients' sizes=[1, 2, 1, 0, 0, 0, 2, 2, 0, 1, 0, 1, 2, 2, 2, 2, 1, 1, 2, 0, 1, 1, 1, 1, 1, 0, 1, 1, 1, 1, 2, 0, 2, 0, 1, 2, 1, 0, 2, 0], total=41
2024-12-02 00:56:02,247 INFO server.py 327:: [Server] The aggregation takes 0.033170 seconds.

2024-12-02 00:56:02,249 INFO server.py 211:: [Server] Start testing
2024-12-02 00:56:02,270 INFO server.py 235:: [Server] Test set: Average loss: 0.8432, Accuracy: 121/200 (60.5%)

2024-12-02 00:56:02,271 INFO server.py 238:: [Sever] Confusion matrix:
 tensor([[41.,  7.,  2.,  0.],
        [15., 23.,  9.,  3.],
        [ 6., 15., 18., 11.],
        [ 0.,  5.,  6., 39.]])
2024-12-02 00:56:02,273 INFO server.py 254:: [Server] Precision=[0.66129035 0.46       0.51428574 0.7358491 ],
 Recall=[0.82 0.46 0.36 0.78],
 F1-score=[0.73214287 0.46       0.42352942 0.75728154],
 my_accuracy=60.50000190734863[%]
2024-12-02 00:56:02,273 INFO _main.py 209:: ########EPOCH 37 ########
2024-12-02 00:56:02,274 INFO _main.py 210:: ###Model distribution###
2024-12-02 00:56:06,254 INFO server.py 1064:: clients' sizes=[1, 2, 1, 0, 0, 0, 2, 2, 0, 1, 0, 1, 2, 2, 2, 2, 1, 1, 2, 0, 1, 1, 1, 1, 1, 0, 1, 1, 1, 1, 2, 0, 2, 0, 1, 2, 1, 0, 2, 0], total=41
2024-12-02 00:56:06,289 INFO server.py 327:: [Server] The aggregation takes 0.035662 seconds.

2024-12-02 00:56:06,291 INFO server.py 211:: [Server] Start testing
2024-12-02 00:56:06,313 INFO server.py 235:: [Server] Test set: Average loss: 0.8418, Accuracy: 121/200 (60.5%)

2024-12-02 00:56:06,315 INFO server.py 238:: [Sever] Confusion matrix:
 tensor([[41.,  7.,  2.,  0.],
        [15., 23., 10.,  2.],
        [ 6., 15., 18., 11.],
        [ 0.,  5.,  6., 39.]])
2024-12-02 00:56:06,316 INFO server.py 254:: [Server] Precision=[0.66129035 0.46       0.5        0.75      ],
 Recall=[0.82 0.46 0.36 0.78],
 F1-score=[0.73214287 0.46       0.41860467 0.7647059 ],
 my_accuracy=60.50000190734863[%]
2024-12-02 00:56:06,317 INFO _main.py 209:: ########EPOCH 38 ########
2024-12-02 00:56:06,318 INFO _main.py 210:: ###Model distribution###
2024-12-02 00:56:09,089 INFO server.py 1064:: clients' sizes=[1, 2, 1, 0, 0, 0, 2, 2, 0, 1, 0, 1, 2, 2, 2, 2, 1, 1, 2, 0, 1, 1, 1, 1, 1, 0, 1, 1, 1, 1, 2, 0, 2, 0, 1, 2, 1, 0, 2, 0], total=41
2024-12-02 00:56:09,112 INFO server.py 327:: [Server] The aggregation takes 0.024152 seconds.

2024-12-02 00:56:09,113 INFO server.py 211:: [Server] Start testing
2024-12-02 00:56:09,127 INFO server.py 235:: [Server] Test set: Average loss: 0.8405, Accuracy: 121/200 (60.5%)

2024-12-02 00:56:09,128 INFO server.py 238:: [Sever] Confusion matrix:
 tensor([[41.,  7.,  2.,  0.],
        [15., 23., 10.,  2.],
        [ 6., 15., 18., 11.],
        [ 0.,  5.,  6., 39.]])
2024-12-02 00:56:09,129 INFO server.py 254:: [Server] Precision=[0.66129035 0.46       0.5        0.75      ],
 Recall=[0.82 0.46 0.36 0.78],
 F1-score=[0.73214287 0.46       0.41860467 0.7647059 ],
 my_accuracy=60.50000190734863[%]
2024-12-02 00:56:09,130 INFO _main.py 209:: ########EPOCH 39 ########
2024-12-02 00:56:09,130 INFO _main.py 210:: ###Model distribution###
2024-12-02 00:56:11,677 INFO server.py 1064:: clients' sizes=[1, 2, 1, 0, 0, 0, 2, 2, 0, 1, 0, 1, 2, 2, 2, 2, 1, 1, 2, 0, 1, 1, 1, 1, 1, 0, 1, 1, 1, 1, 2, 0, 2, 0, 1, 2, 1, 0, 2, 0], total=41
2024-12-02 00:56:11,702 INFO server.py 327:: [Server] The aggregation takes 0.025934 seconds.

2024-12-02 00:56:11,704 INFO server.py 211:: [Server] Start testing
2024-12-02 00:56:11,718 INFO server.py 235:: [Server] Test set: Average loss: 0.8393, Accuracy: 121/200 (60.5%)

2024-12-02 00:56:11,719 INFO server.py 238:: [Sever] Confusion matrix:
 tensor([[41.,  7.,  2.,  0.],
        [15., 23., 10.,  2.],
        [ 6., 15., 18., 11.],
        [ 0.,  5.,  6., 39.]])
2024-12-02 00:56:11,720 INFO server.py 254:: [Server] Precision=[0.66129035 0.46       0.5        0.75      ],
 Recall=[0.82 0.46 0.36 0.78],
 F1-score=[0.73214287 0.46       0.41860467 0.7647059 ],
 my_accuracy=60.50000190734863[%]
