2024-12-02 00:19:52,376 INFO _main.py 39:: ################################################################
2024-12-02 00:19:52,378 INFO _main.py 41:: #                              batch_size: 64                  #
2024-12-02 00:19:52,378 INFO _main.py 41:: #                         test_batch_size: 32                  #
2024-12-02 00:19:52,378 INFO _main.py 41:: #                                  epochs: 30                  #
2024-12-02 00:19:52,378 INFO _main.py 41:: #                               optimizer: SGD                 #
2024-12-02 00:19:52,378 INFO _main.py 41:: #                                      lr: 0.01                #
2024-12-02 00:19:52,379 INFO _main.py 41:: #                                momentum: 0.9                 #
2024-12-02 00:19:52,379 INFO _main.py 41:: #                            weight_decay: 0.0001              #
2024-12-02 00:19:52,379 INFO _main.py 41:: #                                    seed: 1                   #
2024-12-02 00:19:52,379 INFO _main.py 41:: #                            log_interval: 11                  #
2024-12-02 00:19:52,379 INFO _main.py 41:: #                             num_clients: 40                  #
2024-12-02 00:19:52,379 INFO _main.py 41:: #                           output_folder: experiments         #
2024-12-02 00:19:52,380 INFO _main.py 41:: #                                 dataset: rockburst           #
2024-12-02 00:19:52,380 INFO _main.py 41:: #                             loader_type: dirichlet           #
2024-12-02 00:19:52,380 INFO _main.py 41:: #                             loader_path: ./data/loader.pk    #
2024-12-02 00:19:52,380 INFO _main.py 41:: #                                      AR: gm                  #
2024-12-02 00:19:52,381 INFO _main.py 41:: #                     n_attacker_backdoor: 0                   #
2024-12-02 00:19:52,381 INFO _main.py 41:: #                        backdoor_trigger: [0, 0, 1, 1]        #
2024-12-02 00:19:52,381 INFO _main.py 41:: #                   n_attacker_omniscient: 0                   #
2024-12-02 00:19:52,381 INFO _main.py 41:: #                        omniscient_scale: 1                   #
2024-12-02 00:19:52,382 INFO _main.py 41:: #                                 attacks: None                #
2024-12-02 00:19:52,382 INFO _main.py 41:: #                      save_model_weights: False               #
2024-12-02 00:19:52,382 INFO _main.py 41:: #                         experiment_name: sExp4Ba_40ep_rockburst_gm_40C_5#
2024-12-02 00:19:52,383 INFO _main.py 41:: #                          path_to_aggNet: None                #
2024-12-02 00:19:52,383 INFO _main.py 41:: #                                  device: cpu                 #
2024-12-02 00:19:52,383 INFO _main.py 41:: #                            inner_epochs: 30                  #
2024-12-02 00:19:52,384 INFO _main.py 41:: #                                 verbose: True                #
2024-12-02 00:19:52,384 INFO _main.py 41:: #                         list_unreliable: [2, 18, 20]         #
2024-12-02 00:19:52,384 INFO _main.py 41:: #                     unreliable_fraction: 0.5                 #
2024-12-02 00:19:52,385 INFO _main.py 41:: #                    unreliable_fracTrain: 0.3                 #
2024-12-02 00:19:52,385 INFO _main.py 41:: #                         mean_unreliable: 0.0                 #
2024-12-02 00:19:52,385 INFO _main.py 41:: #                             blur_method: add_noise           #
2024-12-02 00:19:52,386 INFO _main.py 41:: #                      max_std_unreliable: 30.0                #
2024-12-02 00:19:52,386 INFO _main.py 41:: #                     list_uatk_add_noise: [24, 25, 26]        #
2024-12-02 00:19:52,386 INFO _main.py 41:: #                          mean_add_noise: 0.0                 #
2024-12-02 00:19:52,386 INFO _main.py 41:: #                           std_add_noise: 0.01                #
2024-12-02 00:19:52,387 INFO _main.py 41:: #                     list_uatk_flip_sign: [0, 10, 11]         #
2024-12-02 00:19:52,387 INFO _main.py 42:: ################################################################
2024-12-02 00:19:52,387 INFO _main.py 43:: Namespace(batch_size=64, test_batch_size=32, epochs=30, optimizer='SGD', lr=0.01, momentum=0.9, weight_decay=0.0001, seed=1, log_interval=11, num_clients=40, output_folder='experiments', dataset='rockburst', loader_type='dirichlet', loader_path='./data/loader.pk', AR='gm', n_attacker_backdoor=0, backdoor_trigger=[0, 0, 1, 1], n_attacker_omniscient=0, omniscient_scale=1, attacks=None, save_model_weights=False, experiment_name='sExp4Ba_40ep_rockburst_gm_40C_5', path_to_aggNet=None, device='cpu', inner_epochs=30, verbose=True, list_unreliable=[2, 18, 20], unreliable_fraction=0.5, unreliable_fracTrain=0.3, mean_unreliable=0.0, blur_method='add_noise', max_std_unreliable=30.0, list_uatk_add_noise=[24, 25, 26], mean_add_noise=0.0, std_add_noise=0.01, list_uatk_flip_sign=[0, 10, 11])
2024-12-02 00:19:52,388 INFO _main.py 44:: #####################
2024-12-02 00:19:52,388 INFO _main.py 45:: #####################
2024-12-02 00:19:52,388 INFO _main.py 46:: #####################
2024-12-02 00:19:52,388 INFO _main.py 47:: Aggregation Rule:	gm
2024-12-02 00:19:52,389 INFO _main.py 48:: Data distribution:	dirichlet
2024-12-02 00:19:52,389 INFO _main.py 49:: Attacks:	None 
2024-12-02 00:19:52,389 INFO _main.py 50:: #####################
2024-12-02 00:19:52,390 INFO _main.py 51:: #####################
2024-12-02 00:19:52,390 INFO _main.py 52:: #####################
2024-12-02 00:19:53,949 INFO server.py 366:: SET DBSCAN eps=1.3, min_samples=10
2024-12-02 00:19:53,952 INFO _main.py 135:: [1-normal, 0-malicious] label =tensor([0., 1., 1., 1., 1., 1., 1., 1., 1., 1., 0., 0., 1., 1., 1., 1., 1., 1.,
        1., 1., 1., 1., 1., 1., 0., 0., 0., 1., 1., 1., 1., 1., 1., 1., 1., 1.,
        1., 1., 1., 1.])
2024-12-02 00:19:53,957 INFO malicious_clients.py 123:: init ATTACK OMNISCIENT Client 0
2024-12-02 00:19:53,962 INFO malicious_clients.py 18:: init UNRELIABLE Client 2
2024-12-02 00:19:53,994 INFO malicious_clients.py 123:: init ATTACK OMNISCIENT Client 10
2024-12-02 00:19:53,998 INFO malicious_clients.py 123:: init ATTACK OMNISCIENT Client 11
2024-12-02 00:19:54,019 INFO malicious_clients.py 18:: init UNRELIABLE Client 18
2024-12-02 00:19:54,028 INFO malicious_clients.py 18:: init UNRELIABLE Client 20
2024-12-02 00:19:54,045 INFO malicious_clients.py 73:: init ATTACK ADD NOISE TO GRAD Client 24
2024-12-02 00:19:54,049 INFO malicious_clients.py 73:: init ATTACK ADD NOISE TO GRAD Client 25
2024-12-02 00:19:54,053 INFO malicious_clients.py 73:: init ATTACK ADD NOISE TO GRAD Client 26
2024-12-02 00:19:54,108 INFO server.py 211:: [Server] Start testing
2024-12-02 00:19:54,126 INFO server.py 235:: [Server] Test set: Average loss: 1.3864, Accuracy: 50/200 (25.0%)

2024-12-02 00:19:54,127 INFO server.py 238:: [Sever] Confusion matrix:
 tensor([[50.,  0.,  0.,  0.],
        [50.,  0.,  0.,  0.],
        [50.,  0.,  0.,  0.],
        [50.,  0.,  0.,  0.]])
2024-12-02 00:19:54,136 INFO server.py 254:: [Server] Precision=[0.25  nan  nan  nan],
 Recall=[1. 0. 0. 0.],
 F1-score=[0.4 nan nan nan],
 my_accuracy=25.0[%]
2024-12-02 00:19:54,140 INFO _main.py 209:: ########EPOCH 0 ########
2024-12-02 00:19:54,140 INFO _main.py 210:: ###Model distribution###
2024-12-02 00:19:56,925 INFO server.py 1064:: clients' sizes=[1, 2, 1, 0, 0, 0, 2, 2, 0, 1, 0, 1, 2, 2, 2, 2, 1, 1, 2, 0, 1, 1, 1, 1, 1, 0, 1, 1, 1, 1, 2, 0, 2, 0, 1, 2, 1, 0, 2, 0], total=41
2024-12-02 00:19:56,951 INFO server.py 327:: [Server] The aggregation takes 0.036702 seconds.

2024-12-02 00:19:56,952 INFO server.py 211:: [Server] Start testing
2024-12-02 00:19:56,965 INFO server.py 235:: [Server] Test set: Average loss: 1.3575, Accuracy: 63/200 (31.5%)

2024-12-02 00:19:56,967 INFO server.py 238:: [Sever] Confusion matrix:
 tensor([[50.,  0.,  0.,  0.],
        [50.,  0.,  0.,  0.],
        [50.,  0.,  0.,  0.],
        [37.,  0.,  0., 13.]])
2024-12-02 00:19:56,968 INFO server.py 254:: [Server] Precision=[0.26737967        nan        nan 1.        ],
 Recall=[1.   0.   0.   0.26],
 F1-score=[0.42194092        nan        nan 0.4126984 ],
 my_accuracy=31.49999976158142[%]
2024-12-02 00:19:56,969 INFO _main.py 209:: ########EPOCH 1 ########
2024-12-02 00:19:56,970 INFO _main.py 210:: ###Model distribution###
2024-12-02 00:20:00,477 INFO server.py 1064:: clients' sizes=[1, 2, 1, 0, 0, 0, 2, 2, 0, 1, 0, 1, 2, 2, 2, 2, 1, 1, 2, 0, 1, 1, 1, 1, 1, 0, 1, 1, 1, 1, 2, 0, 2, 0, 1, 2, 1, 0, 2, 0], total=41
2024-12-02 00:20:00,509 INFO server.py 327:: [Server] The aggregation takes 0.033436 seconds.

2024-12-02 00:20:00,510 INFO server.py 211:: [Server] Start testing
2024-12-02 00:20:00,531 INFO server.py 235:: [Server] Test set: Average loss: 1.2808, Accuracy: 80/200 (40.0%)

2024-12-02 00:20:00,533 INFO server.py 238:: [Sever] Confusion matrix:
 tensor([[50.,  0.,  0.,  0.],
        [47.,  0.,  0.,  3.],
        [47.,  0.,  0.,  3.],
        [20.,  0.,  0., 30.]])
2024-12-02 00:20:00,535 INFO server.py 254:: [Server] Precision=[0.30487806        nan        nan 0.8333333 ],
 Recall=[1.  0.  0.  0.6],
 F1-score=[0.46728975        nan        nan 0.6976744 ],
 my_accuracy=40.00000059604645[%]
2024-12-02 00:20:00,535 INFO _main.py 209:: ########EPOCH 2 ########
2024-12-02 00:20:00,536 INFO _main.py 210:: ###Model distribution###
2024-12-02 00:20:03,826 INFO server.py 1064:: clients' sizes=[1, 2, 1, 0, 0, 0, 2, 2, 0, 1, 0, 1, 2, 2, 2, 2, 1, 1, 2, 0, 1, 1, 1, 1, 1, 0, 1, 1, 1, 1, 2, 0, 2, 0, 1, 2, 1, 0, 2, 0], total=41
2024-12-02 00:20:03,845 INFO server.py 327:: [Server] The aggregation takes 0.020421 seconds.

2024-12-02 00:20:03,846 INFO server.py 211:: [Server] Start testing
2024-12-02 00:20:03,860 INFO server.py 235:: [Server] Test set: Average loss: 1.1743, Accuracy: 90/200 (45.0%)

2024-12-02 00:20:03,862 INFO server.py 238:: [Sever] Confusion matrix:
 tensor([[50.,  0.,  0.,  0.],
        [45.,  0.,  2.,  3.],
        [32.,  2.,  4., 12.],
        [ 9.,  0.,  5., 36.]])
2024-12-02 00:20:03,863 INFO server.py 254:: [Server] Precision=[0.36764705 0.         0.36363637 0.7058824 ],
 Recall=[1.   0.   0.08 0.72],
 F1-score=[0.5376344         nan 0.13114755 0.7128714 ],
 my_accuracy=44.999998807907104[%]
2024-12-02 00:20:03,864 INFO _main.py 209:: ########EPOCH 3 ########
2024-12-02 00:20:03,864 INFO _main.py 210:: ###Model distribution###
2024-12-02 00:20:06,642 INFO server.py 1064:: clients' sizes=[1, 2, 1, 0, 0, 0, 2, 2, 0, 1, 0, 1, 2, 2, 2, 2, 1, 1, 2, 0, 1, 1, 1, 1, 1, 0, 1, 1, 1, 1, 2, 0, 2, 0, 1, 2, 1, 0, 2, 0], total=41
2024-12-02 00:20:06,661 INFO server.py 327:: [Server] The aggregation takes 0.019394 seconds.

2024-12-02 00:20:06,662 INFO server.py 211:: [Server] Start testing
2024-12-02 00:20:06,675 INFO server.py 235:: [Server] Test set: Average loss: 1.0826, Accuracy: 113/200 (56.5%)

2024-12-02 00:20:06,677 INFO server.py 238:: [Sever] Confusion matrix:
 tensor([[47.,  2.,  1.,  0.],
        [25., 19.,  3.,  3.],
        [18., 10., 10., 12.],
        [ 5.,  3.,  5., 37.]])
2024-12-02 00:20:06,678 INFO server.py 254:: [Server] Precision=[0.49473685 0.5588235  0.5263158  0.71153843],
 Recall=[0.94 0.38 0.2  0.74],
 F1-score=[0.64827585 0.45238093 0.2898551  0.72549015],
 my_accuracy=56.49999976158142[%]
2024-12-02 00:20:06,679 INFO _main.py 209:: ########EPOCH 4 ########
2024-12-02 00:20:06,679 INFO _main.py 210:: ###Model distribution###
2024-12-02 00:20:09,135 INFO server.py 1064:: clients' sizes=[1, 2, 1, 0, 0, 0, 2, 2, 0, 1, 0, 1, 2, 2, 2, 2, 1, 1, 2, 0, 1, 1, 1, 1, 1, 0, 1, 1, 1, 1, 2, 0, 2, 0, 1, 2, 1, 0, 2, 0], total=41
2024-12-02 00:20:09,154 INFO server.py 327:: [Server] The aggregation takes 0.019760 seconds.

2024-12-02 00:20:09,155 INFO server.py 211:: [Server] Start testing
2024-12-02 00:20:09,169 INFO server.py 235:: [Server] Test set: Average loss: 1.0239, Accuracy: 120/200 (60.0%)

2024-12-02 00:20:09,170 INFO server.py 238:: [Sever] Confusion matrix:
 tensor([[47.,  1.,  2.,  0.],
        [21., 23.,  3.,  3.],
        [16., 13., 11., 10.],
        [ 0.,  6.,  5., 39.]])
2024-12-02 00:20:09,171 INFO server.py 254:: [Server] Precision=[0.5595238  0.53488374 0.52380955 0.75      ],
 Recall=[0.94 0.46 0.22 0.78],
 F1-score=[0.70149255 0.49462366 0.30985916 0.7647059 ],
 my_accuracy=60.00000238418579[%]
2024-12-02 00:20:09,172 INFO _main.py 209:: ########EPOCH 5 ########
2024-12-02 00:20:09,172 INFO _main.py 210:: ###Model distribution###
2024-12-02 00:20:11,739 INFO server.py 1064:: clients' sizes=[1, 2, 1, 0, 0, 0, 2, 2, 0, 1, 0, 1, 2, 2, 2, 2, 1, 1, 2, 0, 1, 1, 1, 1, 1, 0, 1, 1, 1, 1, 2, 0, 2, 0, 1, 2, 1, 0, 2, 0], total=41
2024-12-02 00:20:11,758 INFO server.py 327:: [Server] The aggregation takes 0.020716 seconds.

2024-12-02 00:20:11,759 INFO server.py 211:: [Server] Start testing
2024-12-02 00:20:11,774 INFO server.py 235:: [Server] Test set: Average loss: 0.9810, Accuracy: 117/200 (58.5%)

2024-12-02 00:20:11,775 INFO server.py 238:: [Sever] Confusion matrix:
 tensor([[42.,  6.,  2.,  0.],
        [20., 23.,  4.,  3.],
        [14., 13., 13., 10.],
        [ 0.,  6.,  5., 39.]])
2024-12-02 00:20:11,777 INFO server.py 254:: [Server] Precision=[0.55263156 0.47916666 0.5416667  0.75      ],
 Recall=[0.84 0.46 0.26 0.78],
 F1-score=[0.6666666  0.46938774 0.35135135 0.7647059 ],
 my_accuracy=58.49999785423279[%]
2024-12-02 00:20:11,777 INFO _main.py 209:: ########EPOCH 6 ########
2024-12-02 00:20:11,778 INFO _main.py 210:: ###Model distribution###
2024-12-02 00:20:14,934 INFO server.py 1064:: clients' sizes=[1, 2, 1, 0, 0, 0, 2, 2, 0, 1, 0, 1, 2, 2, 2, 2, 1, 1, 2, 0, 1, 1, 1, 1, 1, 0, 1, 1, 1, 1, 2, 0, 2, 0, 1, 2, 1, 0, 2, 0], total=41
2024-12-02 00:20:14,965 INFO server.py 327:: [Server] The aggregation takes 0.033831 seconds.

2024-12-02 00:20:14,966 INFO server.py 211:: [Server] Start testing
2024-12-02 00:20:14,986 INFO server.py 235:: [Server] Test set: Average loss: 0.9544, Accuracy: 115/200 (57.5%)

2024-12-02 00:20:14,988 INFO server.py 238:: [Sever] Confusion matrix:
 tensor([[41.,  7.,  2.,  0.],
        [20., 21.,  6.,  3.],
        [10., 15., 14., 11.],
        [ 0.,  6.,  5., 39.]])
2024-12-02 00:20:14,989 INFO server.py 254:: [Server] Precision=[0.57746476 0.42857143 0.5185185  0.7358491 ],
 Recall=[0.82 0.42 0.28 0.78],
 F1-score=[0.677686   0.4242424  0.36363637 0.75728154],
 my_accuracy=57.499998807907104[%]
2024-12-02 00:20:14,990 INFO _main.py 209:: ########EPOCH 7 ########
2024-12-02 00:20:14,990 INFO _main.py 210:: ###Model distribution###
2024-12-02 00:20:18,933 INFO server.py 1064:: clients' sizes=[1, 2, 1, 0, 0, 0, 2, 2, 0, 1, 0, 1, 2, 2, 2, 2, 1, 1, 2, 0, 1, 1, 1, 1, 1, 0, 1, 1, 1, 1, 2, 0, 2, 0, 1, 2, 1, 0, 2, 0], total=41
2024-12-02 00:20:18,955 INFO server.py 327:: [Server] The aggregation takes 0.022142 seconds.

2024-12-02 00:20:18,956 INFO server.py 211:: [Server] Start testing
2024-12-02 00:20:18,970 INFO server.py 235:: [Server] Test set: Average loss: 0.9345, Accuracy: 116/200 (58.0%)

2024-12-02 00:20:18,972 INFO server.py 238:: [Sever] Confusion matrix:
 tensor([[41.,  7.,  2.,  0.],
        [19., 21.,  7.,  3.],
        [10., 14., 15., 11.],
        [ 0.,  6.,  5., 39.]])
2024-12-02 00:20:18,973 INFO server.py 254:: [Server] Precision=[0.5857143  0.4375     0.51724136 0.7358491 ],
 Recall=[0.82 0.42 0.3  0.78],
 F1-score=[0.68333334 0.42857143 0.37974682 0.75728154],
 my_accuracy=57.999998331069946[%]
2024-12-02 00:20:18,973 INFO _main.py 209:: ########EPOCH 8 ########
2024-12-02 00:20:18,974 INFO _main.py 210:: ###Model distribution###
2024-12-02 00:20:21,476 INFO server.py 1064:: clients' sizes=[1, 2, 1, 0, 0, 0, 2, 2, 0, 1, 0, 1, 2, 2, 2, 2, 1, 1, 2, 0, 1, 1, 1, 1, 1, 0, 1, 1, 1, 1, 2, 0, 2, 0, 1, 2, 1, 0, 2, 0], total=41
2024-12-02 00:20:21,497 INFO server.py 327:: [Server] The aggregation takes 0.021562 seconds.

2024-12-02 00:20:21,498 INFO server.py 211:: [Server] Start testing
2024-12-02 00:20:21,511 INFO server.py 235:: [Server] Test set: Average loss: 0.9202, Accuracy: 116/200 (58.0%)

2024-12-02 00:20:21,512 INFO server.py 238:: [Sever] Confusion matrix:
 tensor([[41.,  7.,  2.,  0.],
        [18., 22.,  7.,  3.],
        [ 9., 15., 14., 12.],
        [ 0.,  6.,  5., 39.]])
2024-12-02 00:20:21,514 INFO server.py 254:: [Server] Precision=[0.60294116 0.44       0.5        0.7222222 ],
 Recall=[0.82 0.44 0.28 0.78],
 F1-score=[0.6949152  0.44       0.35897437 0.74999994],
 my_accuracy=57.999998331069946[%]
2024-12-02 00:20:21,514 INFO _main.py 209:: ########EPOCH 9 ########
2024-12-02 00:20:21,515 INFO _main.py 210:: ###Model distribution###
2024-12-02 00:20:24,001 INFO server.py 1064:: clients' sizes=[1, 2, 1, 0, 0, 0, 2, 2, 0, 1, 0, 1, 2, 2, 2, 2, 1, 1, 2, 0, 1, 1, 1, 1, 1, 0, 1, 1, 1, 1, 2, 0, 2, 0, 1, 2, 1, 0, 2, 0], total=41
2024-12-02 00:20:24,021 INFO server.py 327:: [Server] The aggregation takes 0.020623 seconds.

2024-12-02 00:20:24,022 INFO server.py 211:: [Server] Start testing
2024-12-02 00:20:24,036 INFO server.py 235:: [Server] Test set: Average loss: 0.9099, Accuracy: 116/200 (58.0%)

2024-12-02 00:20:24,037 INFO server.py 238:: [Sever] Confusion matrix:
 tensor([[41.,  7.,  2.,  0.],
        [18., 22.,  7.,  3.],
        [10., 14., 14., 12.],
        [ 0.,  6.,  5., 39.]])
2024-12-02 00:20:24,038 INFO server.py 254:: [Server] Precision=[0.5942029 0.4489796 0.5       0.7222222],
 Recall=[0.82 0.44 0.28 0.78],
 F1-score=[0.6890756  0.44444445 0.35897437 0.74999994],
 my_accuracy=57.999998331069946[%]
2024-12-02 00:20:24,039 INFO _main.py 209:: ########EPOCH 10 ########
2024-12-02 00:20:24,039 INFO _main.py 210:: ###Model distribution###
2024-12-02 00:20:26,782 INFO server.py 1064:: clients' sizes=[1, 2, 1, 0, 0, 0, 2, 2, 0, 1, 0, 1, 2, 2, 2, 2, 1, 1, 2, 0, 1, 1, 1, 1, 1, 0, 1, 1, 1, 1, 2, 0, 2, 0, 1, 2, 1, 0, 2, 0], total=41
2024-12-02 00:20:26,802 INFO server.py 327:: [Server] The aggregation takes 0.020697 seconds.

2024-12-02 00:20:26,803 INFO server.py 211:: [Server] Start testing
2024-12-02 00:20:26,816 INFO server.py 235:: [Server] Test set: Average loss: 0.9020, Accuracy: 116/200 (58.0%)

2024-12-02 00:20:26,818 INFO server.py 238:: [Sever] Confusion matrix:
 tensor([[41.,  7.,  2.,  0.],
        [18., 22.,  7.,  3.],
        [10., 14., 14., 12.],
        [ 0.,  6.,  5., 39.]])
2024-12-02 00:20:26,819 INFO server.py 254:: [Server] Precision=[0.5942029 0.4489796 0.5       0.7222222],
 Recall=[0.82 0.44 0.28 0.78],
 F1-score=[0.6890756  0.44444445 0.35897437 0.74999994],
 my_accuracy=57.999998331069946[%]
2024-12-02 00:20:26,820 INFO _main.py 209:: ########EPOCH 11 ########
2024-12-02 00:20:26,820 INFO _main.py 210:: ###Model distribution###
2024-12-02 00:20:29,658 INFO server.py 1064:: clients' sizes=[1, 2, 1, 0, 0, 0, 2, 2, 0, 1, 0, 1, 2, 2, 2, 2, 1, 1, 2, 0, 1, 1, 1, 1, 1, 0, 1, 1, 1, 1, 2, 0, 2, 0, 1, 2, 1, 0, 2, 0], total=41
2024-12-02 00:20:29,688 INFO server.py 327:: [Server] The aggregation takes 0.030567 seconds.

2024-12-02 00:20:29,689 INFO server.py 211:: [Server] Start testing
2024-12-02 00:20:29,712 INFO server.py 235:: [Server] Test set: Average loss: 0.8956, Accuracy: 115/200 (57.5%)

2024-12-02 00:20:29,714 INFO server.py 238:: [Sever] Confusion matrix:
 tensor([[41.,  7.,  2.,  0.],
        [18., 21.,  8.,  3.],
        [ 9., 15., 14., 12.],
        [ 0.,  6.,  5., 39.]])
2024-12-02 00:20:29,715 INFO server.py 254:: [Server] Precision=[0.60294116 0.42857143 0.4827586  0.7222222 ],
 Recall=[0.82 0.42 0.28 0.78],
 F1-score=[0.6949152  0.4242424  0.35443038 0.74999994],
 my_accuracy=57.499998807907104[%]
2024-12-02 00:20:29,716 INFO _main.py 209:: ########EPOCH 12 ########
2024-12-02 00:20:29,716 INFO _main.py 210:: ###Model distribution###
2024-12-02 00:20:33,428 INFO server.py 1064:: clients' sizes=[1, 2, 1, 0, 0, 0, 2, 2, 0, 1, 0, 1, 2, 2, 2, 2, 1, 1, 2, 0, 1, 1, 1, 1, 1, 0, 1, 1, 1, 1, 2, 0, 2, 0, 1, 2, 1, 0, 2, 0], total=41
2024-12-02 00:20:33,461 INFO server.py 327:: [Server] The aggregation takes 0.033895 seconds.

2024-12-02 00:20:33,463 INFO server.py 211:: [Server] Start testing
2024-12-02 00:20:33,484 INFO server.py 235:: [Server] Test set: Average loss: 0.8897, Accuracy: 117/200 (58.5%)

2024-12-02 00:20:33,485 INFO server.py 238:: [Sever] Confusion matrix:
 tensor([[41.,  7.,  2.,  0.],
        [18., 20.,  9.,  3.],
        [ 9., 13., 17., 11.],
        [ 0.,  5.,  6., 39.]])
2024-12-02 00:20:33,487 INFO server.py 254:: [Server] Precision=[0.60294116 0.44444445 0.5        0.7358491 ],
 Recall=[0.82 0.4  0.34 0.78],
 F1-score=[0.6949152  0.42105263 0.40476188 0.75728154],
 my_accuracy=58.49999785423279[%]
2024-12-02 00:20:33,488 INFO _main.py 209:: ########EPOCH 13 ########
2024-12-02 00:20:33,489 INFO _main.py 210:: ###Model distribution###
2024-12-02 00:20:36,561 INFO server.py 1064:: clients' sizes=[1, 2, 1, 0, 0, 0, 2, 2, 0, 1, 0, 1, 2, 2, 2, 2, 1, 1, 2, 0, 1, 1, 1, 1, 1, 0, 1, 1, 1, 1, 2, 0, 2, 0, 1, 2, 1, 0, 2, 0], total=41
2024-12-02 00:20:36,583 INFO server.py 327:: [Server] The aggregation takes 0.022798 seconds.

2024-12-02 00:20:36,584 INFO server.py 211:: [Server] Start testing
2024-12-02 00:20:36,599 INFO server.py 235:: [Server] Test set: Average loss: 0.8845, Accuracy: 117/200 (58.5%)

2024-12-02 00:20:36,600 INFO server.py 238:: [Sever] Confusion matrix:
 tensor([[41.,  7.,  2.,  0.],
        [18., 20.,  9.,  3.],
        [ 9., 13., 17., 11.],
        [ 0.,  5.,  6., 39.]])
2024-12-02 00:20:36,601 INFO server.py 254:: [Server] Precision=[0.60294116 0.44444445 0.5        0.7358491 ],
 Recall=[0.82 0.4  0.34 0.78],
 F1-score=[0.6949152  0.42105263 0.40476188 0.75728154],
 my_accuracy=58.49999785423279[%]
2024-12-02 00:20:36,602 INFO _main.py 209:: ########EPOCH 14 ########
2024-12-02 00:20:36,602 INFO _main.py 210:: ###Model distribution###
2024-12-02 00:20:39,115 INFO server.py 1064:: clients' sizes=[1, 2, 1, 0, 0, 0, 2, 2, 0, 1, 0, 1, 2, 2, 2, 2, 1, 1, 2, 0, 1, 1, 1, 1, 1, 0, 1, 1, 1, 1, 2, 0, 2, 0, 1, 2, 1, 0, 2, 0], total=41
2024-12-02 00:20:39,136 INFO server.py 327:: [Server] The aggregation takes 0.021808 seconds.

2024-12-02 00:20:39,138 INFO server.py 211:: [Server] Start testing
2024-12-02 00:20:39,152 INFO server.py 235:: [Server] Test set: Average loss: 0.8805, Accuracy: 117/200 (58.5%)

2024-12-02 00:20:39,154 INFO server.py 238:: [Sever] Confusion matrix:
 tensor([[41.,  7.,  2.,  0.],
        [18., 20.,  9.,  3.],
        [ 8., 14., 17., 11.],
        [ 0.,  5.,  6., 39.]])
2024-12-02 00:20:39,155 INFO server.py 254:: [Server] Precision=[0.6119403 0.4347826 0.5       0.7358491],
 Recall=[0.82 0.4  0.34 0.78],
 F1-score=[0.7008547  0.4166667  0.40476188 0.75728154],
 my_accuracy=58.49999785423279[%]
2024-12-02 00:20:39,156 INFO _main.py 209:: ########EPOCH 15 ########
2024-12-02 00:20:39,156 INFO _main.py 210:: ###Model distribution###
2024-12-02 00:20:41,691 INFO server.py 1064:: clients' sizes=[1, 2, 1, 0, 0, 0, 2, 2, 0, 1, 0, 1, 2, 2, 2, 2, 1, 1, 2, 0, 1, 1, 1, 1, 1, 0, 1, 1, 1, 1, 2, 0, 2, 0, 1, 2, 1, 0, 2, 0], total=41
2024-12-02 00:20:41,713 INFO server.py 327:: [Server] The aggregation takes 0.022766 seconds.

2024-12-02 00:20:41,714 INFO server.py 211:: [Server] Start testing
2024-12-02 00:20:41,728 INFO server.py 235:: [Server] Test set: Average loss: 0.8772, Accuracy: 118/200 (59.0%)

2024-12-02 00:20:41,729 INFO server.py 238:: [Sever] Confusion matrix:
 tensor([[41.,  7.,  2.,  0.],
        [17., 21.,  9.,  3.],
        [ 8., 14., 17., 11.],
        [ 0.,  5.,  6., 39.]])
2024-12-02 00:20:41,730 INFO server.py 254:: [Server] Precision=[0.6212121  0.44680852 0.5        0.7358491 ],
 Recall=[0.82 0.42 0.34 0.78],
 F1-score=[0.7068965  0.4329897  0.40476188 0.75728154],
 my_accuracy=58.99999737739563[%]
2024-12-02 00:20:41,731 INFO _main.py 209:: ########EPOCH 16 ########
2024-12-02 00:20:41,731 INFO _main.py 210:: ###Model distribution###
2024-12-02 00:20:44,223 INFO server.py 1064:: clients' sizes=[1, 2, 1, 0, 0, 0, 2, 2, 0, 1, 0, 1, 2, 2, 2, 2, 1, 1, 2, 0, 1, 1, 1, 1, 1, 0, 1, 1, 1, 1, 2, 0, 2, 0, 1, 2, 1, 0, 2, 0], total=41
2024-12-02 00:20:44,245 INFO server.py 327:: [Server] The aggregation takes 0.023054 seconds.

2024-12-02 00:20:44,246 INFO server.py 211:: [Server] Start testing
2024-12-02 00:20:44,262 INFO server.py 235:: [Server] Test set: Average loss: 0.8740, Accuracy: 119/200 (59.5%)

2024-12-02 00:20:44,264 INFO server.py 238:: [Sever] Confusion matrix:
 tensor([[41.,  7.,  2.,  0.],
        [16., 22.,  9.,  3.],
        [ 8., 14., 17., 11.],
        [ 0.,  5.,  6., 39.]])
2024-12-02 00:20:44,265 INFO server.py 254:: [Server] Precision=[0.63076925 0.45833334 0.5        0.7358491 ],
 Recall=[0.82 0.44 0.34 0.78],
 F1-score=[0.7130436  0.44897962 0.40476188 0.75728154],
 my_accuracy=59.50000286102295[%]
2024-12-02 00:20:44,266 INFO _main.py 209:: ########EPOCH 17 ########
2024-12-02 00:20:44,266 INFO _main.py 210:: ###Model distribution###
2024-12-02 00:20:47,882 INFO server.py 1064:: clients' sizes=[1, 2, 1, 0, 0, 0, 2, 2, 0, 1, 0, 1, 2, 2, 2, 2, 1, 1, 2, 0, 1, 1, 1, 1, 1, 0, 1, 1, 1, 1, 2, 0, 2, 0, 1, 2, 1, 0, 2, 0], total=41
2024-12-02 00:20:47,921 INFO server.py 327:: [Server] The aggregation takes 0.040040 seconds.

2024-12-02 00:20:47,922 INFO server.py 211:: [Server] Start testing
2024-12-02 00:20:47,945 INFO server.py 235:: [Server] Test set: Average loss: 0.8716, Accuracy: 119/200 (59.5%)

2024-12-02 00:20:47,947 INFO server.py 238:: [Sever] Confusion matrix:
 tensor([[41.,  7.,  2.,  0.],
        [16., 22.,  9.,  3.],
        [ 8., 14., 17., 11.],
        [ 0.,  5.,  6., 39.]])
2024-12-02 00:20:47,948 INFO server.py 254:: [Server] Precision=[0.63076925 0.45833334 0.5        0.7358491 ],
 Recall=[0.82 0.44 0.34 0.78],
 F1-score=[0.7130436  0.44897962 0.40476188 0.75728154],
 my_accuracy=59.50000286102295[%]
2024-12-02 00:20:47,949 INFO _main.py 209:: ########EPOCH 18 ########
2024-12-02 00:20:47,950 INFO _main.py 210:: ###Model distribution###
2024-12-02 00:20:51,357 INFO server.py 1064:: clients' sizes=[1, 2, 1, 0, 0, 0, 2, 2, 0, 1, 0, 1, 2, 2, 2, 2, 1, 1, 2, 0, 1, 1, 1, 1, 1, 0, 1, 1, 1, 1, 2, 0, 2, 0, 1, 2, 1, 0, 2, 0], total=41
2024-12-02 00:20:51,378 INFO server.py 327:: [Server] The aggregation takes 0.021631 seconds.

2024-12-02 00:20:51,379 INFO server.py 211:: [Server] Start testing
2024-12-02 00:20:51,392 INFO server.py 235:: [Server] Test set: Average loss: 0.8692, Accuracy: 119/200 (59.5%)

2024-12-02 00:20:51,394 INFO server.py 238:: [Sever] Confusion matrix:
 tensor([[41.,  7.,  2.,  0.],
        [16., 22.,  9.,  3.],
        [ 7., 15., 17., 11.],
        [ 0.,  5.,  6., 39.]])
2024-12-02 00:20:51,395 INFO server.py 254:: [Server] Precision=[0.640625  0.4489796 0.5       0.7358491],
 Recall=[0.82 0.44 0.34 0.78],
 F1-score=[0.71929824 0.44444445 0.40476188 0.75728154],
 my_accuracy=59.50000286102295[%]
2024-12-02 00:20:51,396 INFO _main.py 209:: ########EPOCH 19 ########
2024-12-02 00:20:51,396 INFO _main.py 210:: ###Model distribution###
2024-12-02 00:20:53,929 INFO server.py 1064:: clients' sizes=[1, 2, 1, 0, 0, 0, 2, 2, 0, 1, 0, 1, 2, 2, 2, 2, 1, 1, 2, 0, 1, 1, 1, 1, 1, 0, 1, 1, 1, 1, 2, 0, 2, 0, 1, 2, 1, 0, 2, 0], total=41
2024-12-02 00:20:53,948 INFO server.py 327:: [Server] The aggregation takes 0.019416 seconds.

2024-12-02 00:20:53,949 INFO server.py 211:: [Server] Start testing
2024-12-02 00:20:53,963 INFO server.py 235:: [Server] Test set: Average loss: 0.8660, Accuracy: 119/200 (59.5%)

2024-12-02 00:20:53,965 INFO server.py 238:: [Sever] Confusion matrix:
 tensor([[41.,  7.,  2.,  0.],
        [16., 22.,  9.,  3.],
        [ 7., 15., 17., 11.],
        [ 0.,  5.,  6., 39.]])
2024-12-02 00:20:53,966 INFO server.py 254:: [Server] Precision=[0.640625  0.4489796 0.5       0.7358491],
 Recall=[0.82 0.44 0.34 0.78],
 F1-score=[0.71929824 0.44444445 0.40476188 0.75728154],
 my_accuracy=59.50000286102295[%]
2024-12-02 00:20:53,966 INFO _main.py 209:: ########EPOCH 20 ########
2024-12-02 00:20:53,967 INFO _main.py 210:: ###Model distribution###
2024-12-02 00:20:56,645 INFO server.py 1064:: clients' sizes=[1, 2, 1, 0, 0, 0, 2, 2, 0, 1, 0, 1, 2, 2, 2, 2, 1, 1, 2, 0, 1, 1, 1, 1, 1, 0, 1, 1, 1, 1, 2, 0, 2, 0, 1, 2, 1, 0, 2, 0], total=41
2024-12-02 00:20:56,687 INFO server.py 327:: [Server] The aggregation takes 0.042959 seconds.

2024-12-02 00:20:56,694 INFO server.py 211:: [Server] Start testing
2024-12-02 00:20:56,723 INFO server.py 235:: [Server] Test set: Average loss: 0.8638, Accuracy: 119/200 (59.5%)

2024-12-02 00:20:56,726 INFO server.py 238:: [Sever] Confusion matrix:
 tensor([[41.,  7.,  2.,  0.],
        [16., 22.,  9.,  3.],
        [ 7., 15., 17., 11.],
        [ 0.,  5.,  6., 39.]])
2024-12-02 00:20:56,728 INFO server.py 254:: [Server] Precision=[0.640625  0.4489796 0.5       0.7358491],
 Recall=[0.82 0.44 0.34 0.78],
 F1-score=[0.71929824 0.44444445 0.40476188 0.75728154],
 my_accuracy=59.50000286102295[%]
2024-12-02 00:20:56,728 INFO _main.py 209:: ########EPOCH 21 ########
2024-12-02 00:20:56,729 INFO _main.py 210:: ###Model distribution###
2024-12-02 00:20:59,224 INFO server.py 1064:: clients' sizes=[1, 2, 1, 0, 0, 0, 2, 2, 0, 1, 0, 1, 2, 2, 2, 2, 1, 1, 2, 0, 1, 1, 1, 1, 1, 0, 1, 1, 1, 1, 2, 0, 2, 0, 1, 2, 1, 0, 2, 0], total=41
2024-12-02 00:20:59,244 INFO server.py 327:: [Server] The aggregation takes 0.020982 seconds.

2024-12-02 00:20:59,245 INFO server.py 211:: [Server] Start testing
2024-12-02 00:20:59,260 INFO server.py 235:: [Server] Test set: Average loss: 0.8627, Accuracy: 119/200 (59.5%)

2024-12-02 00:20:59,261 INFO server.py 238:: [Sever] Confusion matrix:
 tensor([[41.,  7.,  2.,  0.],
        [16., 22.,  9.,  3.],
        [ 8., 14., 17., 11.],
        [ 0.,  5.,  6., 39.]])
2024-12-02 00:20:59,262 INFO server.py 254:: [Server] Precision=[0.63076925 0.45833334 0.5        0.7358491 ],
 Recall=[0.82 0.44 0.34 0.78],
 F1-score=[0.7130436  0.44897962 0.40476188 0.75728154],
 my_accuracy=59.50000286102295[%]
2024-12-02 00:20:59,263 INFO _main.py 209:: ########EPOCH 22 ########
2024-12-02 00:20:59,263 INFO _main.py 210:: ###Model distribution###
2024-12-02 00:21:02,236 INFO server.py 1064:: clients' sizes=[1, 2, 1, 0, 0, 0, 2, 2, 0, 1, 0, 1, 2, 2, 2, 2, 1, 1, 2, 0, 1, 1, 1, 1, 1, 0, 1, 1, 1, 1, 2, 0, 2, 0, 1, 2, 1, 0, 2, 0], total=41
2024-12-02 00:21:02,269 INFO server.py 327:: [Server] The aggregation takes 0.033808 seconds.

2024-12-02 00:21:02,270 INFO server.py 211:: [Server] Start testing
2024-12-02 00:21:02,290 INFO server.py 235:: [Server] Test set: Average loss: 0.8611, Accuracy: 119/200 (59.5%)

2024-12-02 00:21:02,292 INFO server.py 238:: [Sever] Confusion matrix:
 tensor([[41.,  7.,  2.,  0.],
        [16., 22.,  9.,  3.],
        [ 8., 14., 17., 11.],
        [ 0.,  5.,  6., 39.]])
2024-12-02 00:21:02,293 INFO server.py 254:: [Server] Precision=[0.63076925 0.45833334 0.5        0.7358491 ],
 Recall=[0.82 0.44 0.34 0.78],
 F1-score=[0.7130436  0.44897962 0.40476188 0.75728154],
 my_accuracy=59.50000286102295[%]
2024-12-02 00:21:02,294 INFO _main.py 209:: ########EPOCH 23 ########
2024-12-02 00:21:02,295 INFO _main.py 210:: ###Model distribution###
2024-12-02 00:21:05,921 INFO server.py 1064:: clients' sizes=[1, 2, 1, 0, 0, 0, 2, 2, 0, 1, 0, 1, 2, 2, 2, 2, 1, 1, 2, 0, 1, 1, 1, 1, 1, 0, 1, 1, 1, 1, 2, 0, 2, 0, 1, 2, 1, 0, 2, 0], total=41
2024-12-02 00:21:05,963 INFO server.py 327:: [Server] The aggregation takes 0.042950 seconds.

2024-12-02 00:21:05,964 INFO server.py 211:: [Server] Start testing
2024-12-02 00:21:05,990 INFO server.py 235:: [Server] Test set: Average loss: 0.8598, Accuracy: 119/200 (59.5%)

2024-12-02 00:21:05,992 INFO server.py 238:: [Sever] Confusion matrix:
 tensor([[41.,  7.,  2.,  0.],
        [16., 22.,  9.,  3.],
        [ 8., 14., 17., 11.],
        [ 0.,  5.,  6., 39.]])
2024-12-02 00:21:05,994 INFO server.py 254:: [Server] Precision=[0.63076925 0.45833334 0.5        0.7358491 ],
 Recall=[0.82 0.44 0.34 0.78],
 F1-score=[0.7130436  0.44897962 0.40476188 0.75728154],
 my_accuracy=59.50000286102295[%]
2024-12-02 00:21:05,994 INFO _main.py 209:: ########EPOCH 24 ########
2024-12-02 00:21:05,995 INFO _main.py 210:: ###Model distribution###
2024-12-02 00:21:08,856 INFO server.py 1064:: clients' sizes=[1, 2, 1, 0, 0, 0, 2, 2, 0, 1, 0, 1, 2, 2, 2, 2, 1, 1, 2, 0, 1, 1, 1, 1, 1, 0, 1, 1, 1, 1, 2, 0, 2, 0, 1, 2, 1, 0, 2, 0], total=41
2024-12-02 00:21:08,875 INFO server.py 327:: [Server] The aggregation takes 0.019918 seconds.

2024-12-02 00:21:08,876 INFO server.py 211:: [Server] Start testing
2024-12-02 00:21:08,890 INFO server.py 235:: [Server] Test set: Average loss: 0.8584, Accuracy: 119/200 (59.5%)

2024-12-02 00:21:08,891 INFO server.py 238:: [Sever] Confusion matrix:
 tensor([[41.,  7.,  2.,  0.],
        [16., 22.,  9.,  3.],
        [ 8., 14., 17., 11.],
        [ 0.,  5.,  6., 39.]])
2024-12-02 00:21:08,892 INFO server.py 254:: [Server] Precision=[0.63076925 0.45833334 0.5        0.7358491 ],
 Recall=[0.82 0.44 0.34 0.78],
 F1-score=[0.7130436  0.44897962 0.40476188 0.75728154],
 my_accuracy=59.50000286102295[%]
2024-12-02 00:21:08,893 INFO _main.py 209:: ########EPOCH 25 ########
2024-12-02 00:21:08,894 INFO _main.py 210:: ###Model distribution###
2024-12-02 00:21:11,340 INFO server.py 1064:: clients' sizes=[1, 2, 1, 0, 0, 0, 2, 2, 0, 1, 0, 1, 2, 2, 2, 2, 1, 1, 2, 0, 1, 1, 1, 1, 1, 0, 1, 1, 1, 1, 2, 0, 2, 0, 1, 2, 1, 0, 2, 0], total=41
2024-12-02 00:21:11,362 INFO server.py 327:: [Server] The aggregation takes 0.022518 seconds.

2024-12-02 00:21:11,363 INFO server.py 211:: [Server] Start testing
2024-12-02 00:21:11,383 INFO server.py 235:: [Server] Test set: Average loss: 0.8572, Accuracy: 119/200 (59.5%)

2024-12-02 00:21:11,385 INFO server.py 238:: [Sever] Confusion matrix:
 tensor([[41.,  7.,  2.,  0.],
        [16., 22.,  9.,  3.],
        [ 8., 14., 17., 11.],
        [ 0.,  5.,  6., 39.]])
2024-12-02 00:21:11,386 INFO server.py 254:: [Server] Precision=[0.63076925 0.45833334 0.5        0.7358491 ],
 Recall=[0.82 0.44 0.34 0.78],
 F1-score=[0.7130436  0.44897962 0.40476188 0.75728154],
 my_accuracy=59.50000286102295[%]
2024-12-02 00:21:11,387 INFO _main.py 209:: ########EPOCH 26 ########
2024-12-02 00:21:11,387 INFO _main.py 210:: ###Model distribution###
2024-12-02 00:21:13,914 INFO server.py 1064:: clients' sizes=[1, 2, 1, 0, 0, 0, 2, 2, 0, 1, 0, 1, 2, 2, 2, 2, 1, 1, 2, 0, 1, 1, 1, 1, 1, 0, 1, 1, 1, 1, 2, 0, 2, 0, 1, 2, 1, 0, 2, 0], total=41
2024-12-02 00:21:13,934 INFO server.py 327:: [Server] The aggregation takes 0.020935 seconds.

2024-12-02 00:21:13,936 INFO server.py 211:: [Server] Start testing
2024-12-02 00:21:13,949 INFO server.py 235:: [Server] Test set: Average loss: 0.8559, Accuracy: 119/200 (59.5%)

2024-12-02 00:21:13,951 INFO server.py 238:: [Sever] Confusion matrix:
 tensor([[41.,  7.,  2.,  0.],
        [16., 22.,  9.,  3.],
        [ 8., 14., 17., 11.],
        [ 0.,  5.,  6., 39.]])
2024-12-02 00:21:13,952 INFO server.py 254:: [Server] Precision=[0.63076925 0.45833334 0.5        0.7358491 ],
 Recall=[0.82 0.44 0.34 0.78],
 F1-score=[0.7130436  0.44897962 0.40476188 0.75728154],
 my_accuracy=59.50000286102295[%]
2024-12-02 00:21:13,953 INFO _main.py 209:: ########EPOCH 27 ########
2024-12-02 00:21:13,953 INFO _main.py 210:: ###Model distribution###
2024-12-02 00:21:16,666 INFO server.py 1064:: clients' sizes=[1, 2, 1, 0, 0, 0, 2, 2, 0, 1, 0, 1, 2, 2, 2, 2, 1, 1, 2, 0, 1, 1, 1, 1, 1, 0, 1, 1, 1, 1, 2, 0, 2, 0, 1, 2, 1, 0, 2, 0], total=41
2024-12-02 00:21:16,700 INFO server.py 327:: [Server] The aggregation takes 0.034827 seconds.

2024-12-02 00:21:16,701 INFO server.py 211:: [Server] Start testing
2024-12-02 00:21:16,724 INFO server.py 235:: [Server] Test set: Average loss: 0.8546, Accuracy: 120/200 (60.0%)

2024-12-02 00:21:16,726 INFO server.py 238:: [Sever] Confusion matrix:
 tensor([[41.,  7.,  2.,  0.],
        [15., 23.,  9.,  3.],
        [ 8., 14., 17., 11.],
        [ 0.,  5.,  6., 39.]])
2024-12-02 00:21:16,727 INFO server.py 254:: [Server] Precision=[0.640625   0.46938777 0.5        0.7358491 ],
 Recall=[0.82 0.46 0.34 0.78],
 F1-score=[0.71929824 0.46464646 0.40476188 0.75728154],
 my_accuracy=60.00000238418579[%]
2024-12-02 00:21:16,728 INFO _main.py 209:: ########EPOCH 28 ########
2024-12-02 00:21:16,729 INFO _main.py 210:: ###Model distribution###
2024-12-02 00:21:20,512 INFO server.py 1064:: clients' sizes=[1, 2, 1, 0, 0, 0, 2, 2, 0, 1, 0, 1, 2, 2, 2, 2, 1, 1, 2, 0, 1, 1, 1, 1, 1, 0, 1, 1, 1, 1, 2, 0, 2, 0, 1, 2, 1, 0, 2, 0], total=41
2024-12-02 00:21:20,544 INFO server.py 327:: [Server] The aggregation takes 0.033676 seconds.

2024-12-02 00:21:20,547 INFO server.py 211:: [Server] Start testing
2024-12-02 00:21:20,568 INFO server.py 235:: [Server] Test set: Average loss: 0.8534, Accuracy: 120/200 (60.0%)

2024-12-02 00:21:20,569 INFO server.py 238:: [Sever] Confusion matrix:
 tensor([[41.,  7.,  2.,  0.],
        [15., 23.,  9.,  3.],
        [ 8., 14., 17., 11.],
        [ 0.,  5.,  6., 39.]])
2024-12-02 00:21:20,571 INFO server.py 254:: [Server] Precision=[0.640625   0.46938777 0.5        0.7358491 ],
 Recall=[0.82 0.46 0.34 0.78],
 F1-score=[0.71929824 0.46464646 0.40476188 0.75728154],
 my_accuracy=60.00000238418579[%]
2024-12-02 00:21:20,572 INFO _main.py 209:: ########EPOCH 29 ########
2024-12-02 00:21:20,572 INFO _main.py 210:: ###Model distribution###
2024-12-02 00:21:23,678 INFO server.py 1064:: clients' sizes=[1, 2, 1, 0, 0, 0, 2, 2, 0, 1, 0, 1, 2, 2, 2, 2, 1, 1, 2, 0, 1, 1, 1, 1, 1, 0, 1, 1, 1, 1, 2, 0, 2, 0, 1, 2, 1, 0, 2, 0], total=41
2024-12-02 00:21:23,702 INFO server.py 327:: [Server] The aggregation takes 0.024488 seconds.

2024-12-02 00:21:23,703 INFO server.py 211:: [Server] Start testing
2024-12-02 00:21:23,717 INFO server.py 235:: [Server] Test set: Average loss: 0.8520, Accuracy: 120/200 (60.0%)

2024-12-02 00:21:23,719 INFO server.py 238:: [Sever] Confusion matrix:
 tensor([[41.,  7.,  2.,  0.],
        [15., 23.,  9.,  3.],
        [ 8., 14., 17., 11.],
        [ 0.,  5.,  6., 39.]])
2024-12-02 00:21:23,720 INFO server.py 254:: [Server] Precision=[0.640625   0.46938777 0.5        0.7358491 ],
 Recall=[0.82 0.46 0.34 0.78],
 F1-score=[0.71929824 0.46464646 0.40476188 0.75728154],
 my_accuracy=60.00000238418579[%]
