2024-12-02 00:02:16,795 INFO _main.py 39:: ################################################################
2024-12-02 00:02:16,798 INFO _main.py 41:: #                              batch_size: 64                  #
2024-12-02 00:02:16,800 INFO _main.py 41:: #                         test_batch_size: 32                  #
2024-12-02 00:02:16,800 INFO _main.py 41:: #                                  epochs: 25                  #
2024-12-02 00:02:16,801 INFO _main.py 41:: #                               optimizer: SGD                 #
2024-12-02 00:02:16,801 INFO _main.py 41:: #                                      lr: 0.01                #
2024-12-02 00:02:16,801 INFO _main.py 41:: #                                momentum: 0.9                 #
2024-12-02 00:02:16,801 INFO _main.py 41:: #                            weight_decay: 0.0001              #
2024-12-02 00:02:16,802 INFO _main.py 41:: #                                    seed: 1                   #
2024-12-02 00:02:16,802 INFO _main.py 41:: #                            log_interval: 11                  #
2024-12-02 00:02:16,802 INFO _main.py 41:: #                             num_clients: 40                  #
2024-12-02 00:02:16,802 INFO _main.py 41:: #                           output_folder: experiments         #
2024-12-02 00:02:16,802 INFO _main.py 41:: #                                 dataset: rockburst           #
2024-12-02 00:02:16,803 INFO _main.py 41:: #                             loader_type: dirichlet           #
2024-12-02 00:02:16,803 INFO _main.py 41:: #                             loader_path: ./data/loader.pk    #
2024-12-02 00:02:16,803 INFO _main.py 41:: #                                      AR: gm                  #
2024-12-02 00:02:16,803 INFO _main.py 41:: #                     n_attacker_backdoor: 0                   #
2024-12-02 00:02:16,803 INFO _main.py 41:: #                        backdoor_trigger: [0, 0, 1, 1]        #
2024-12-02 00:02:16,803 INFO _main.py 41:: #                   n_attacker_omniscient: 0                   #
2024-12-02 00:02:16,804 INFO _main.py 41:: #                        omniscient_scale: 1                   #
2024-12-02 00:02:16,804 INFO _main.py 41:: #                                 attacks: None                #
2024-12-02 00:02:16,804 INFO _main.py 41:: #                      save_model_weights: False               #
2024-12-02 00:02:16,805 INFO _main.py 41:: #                         experiment_name: sExp4Ba_40ep_rockburst_gm_40C_5#
2024-12-02 00:02:16,805 INFO _main.py 41:: #                          path_to_aggNet: None                #
2024-12-02 00:02:16,805 INFO _main.py 41:: #                                  device: cpu                 #
2024-12-02 00:02:16,805 INFO _main.py 41:: #                            inner_epochs: 30                  #
2024-12-02 00:02:16,805 INFO _main.py 41:: #                                 verbose: True                #
2024-12-02 00:02:16,805 INFO _main.py 41:: #                         list_unreliable: [2, 18, 20]         #
2024-12-02 00:02:16,806 INFO _main.py 41:: #                     unreliable_fraction: 0.5                 #
2024-12-02 00:02:16,806 INFO _main.py 41:: #                    unreliable_fracTrain: 0.3                 #
2024-12-02 00:02:16,806 INFO _main.py 41:: #                         mean_unreliable: 0.0                 #
2024-12-02 00:02:16,806 INFO _main.py 41:: #                             blur_method: add_noise           #
2024-12-02 00:02:16,806 INFO _main.py 41:: #                      max_std_unreliable: 30.0                #
2024-12-02 00:02:16,806 INFO _main.py 41:: #                     list_uatk_add_noise: [24, 25, 26]        #
2024-12-02 00:02:16,807 INFO _main.py 41:: #                          mean_add_noise: 0.0                 #
2024-12-02 00:02:16,807 INFO _main.py 41:: #                           std_add_noise: 0.01                #
2024-12-02 00:02:16,807 INFO _main.py 41:: #                     list_uatk_flip_sign: [0, 10, 11]         #
2024-12-02 00:02:16,807 INFO _main.py 42:: ################################################################
2024-12-02 00:02:16,807 INFO _main.py 43:: Namespace(batch_size=64, test_batch_size=32, epochs=25, optimizer='SGD', lr=0.01, momentum=0.9, weight_decay=0.0001, seed=1, log_interval=11, num_clients=40, output_folder='experiments', dataset='rockburst', loader_type='dirichlet', loader_path='./data/loader.pk', AR='gm', n_attacker_backdoor=0, backdoor_trigger=[0, 0, 1, 1], n_attacker_omniscient=0, omniscient_scale=1, attacks=None, save_model_weights=False, experiment_name='sExp4Ba_40ep_rockburst_gm_40C_5', path_to_aggNet=None, device='cpu', inner_epochs=30, verbose=True, list_unreliable=[2, 18, 20], unreliable_fraction=0.5, unreliable_fracTrain=0.3, mean_unreliable=0.0, blur_method='add_noise', max_std_unreliable=30.0, list_uatk_add_noise=[24, 25, 26], mean_add_noise=0.0, std_add_noise=0.01, list_uatk_flip_sign=[0, 10, 11])
2024-12-02 00:02:16,808 INFO _main.py 44:: #####################
2024-12-02 00:02:16,808 INFO _main.py 45:: #####################
2024-12-02 00:02:16,808 INFO _main.py 46:: #####################
2024-12-02 00:02:16,808 INFO _main.py 47:: Aggregation Rule:	gm
2024-12-02 00:02:16,808 INFO _main.py 48:: Data distribution:	dirichlet
2024-12-02 00:02:16,809 INFO _main.py 49:: Attacks:	None 
2024-12-02 00:02:16,809 INFO _main.py 50:: #####################
2024-12-02 00:02:16,809 INFO _main.py 51:: #####################
2024-12-02 00:02:16,810 INFO _main.py 52:: #####################
2024-12-02 00:02:18,358 INFO server.py 366:: SET DBSCAN eps=1.3, min_samples=10
2024-12-02 00:02:18,361 INFO _main.py 135:: [1-normal, 0-malicious] label =tensor([0., 1., 1., 1., 1., 1., 1., 1., 1., 1., 0., 0., 1., 1., 1., 1., 1., 1.,
        1., 1., 1., 1., 1., 1., 0., 0., 0., 1., 1., 1., 1., 1., 1., 1., 1., 1.,
        1., 1., 1., 1.])
2024-12-02 00:02:18,366 INFO malicious_clients.py 123:: init ATTACK OMNISCIENT Client 0
2024-12-02 00:02:18,371 INFO malicious_clients.py 18:: init UNRELIABLE Client 2
2024-12-02 00:02:18,402 INFO malicious_clients.py 123:: init ATTACK OMNISCIENT Client 10
2024-12-02 00:02:18,406 INFO malicious_clients.py 123:: init ATTACK OMNISCIENT Client 11
2024-12-02 00:02:18,428 INFO malicious_clients.py 18:: init UNRELIABLE Client 18
2024-12-02 00:02:18,436 INFO malicious_clients.py 18:: init UNRELIABLE Client 20
2024-12-02 00:02:18,453 INFO malicious_clients.py 73:: init ATTACK ADD NOISE TO GRAD Client 24
2024-12-02 00:02:18,457 INFO malicious_clients.py 73:: init ATTACK ADD NOISE TO GRAD Client 25
2024-12-02 00:02:18,461 INFO malicious_clients.py 73:: init ATTACK ADD NOISE TO GRAD Client 26
2024-12-02 00:02:18,514 INFO server.py 211:: [Server] Start testing
2024-12-02 00:02:18,531 INFO server.py 235:: [Server] Test set: Average loss: 1.3864, Accuracy: 50/200 (25.0%)

2024-12-02 00:02:18,532 INFO server.py 238:: [Sever] Confusion matrix:
 tensor([[50.,  0.,  0.,  0.],
        [50.,  0.,  0.,  0.],
        [50.,  0.,  0.,  0.],
        [50.,  0.,  0.,  0.]])
2024-12-02 00:02:18,538 INFO server.py 254:: [Server] Precision=[0.25  nan  nan  nan],
 Recall=[1. 0. 0. 0.],
 F1-score=[0.4 nan nan nan],
 my_accuracy=25.0[%]
2024-12-02 00:02:18,540 INFO _main.py 209:: ########EPOCH 0 ########
2024-12-02 00:02:18,540 INFO _main.py 210:: ###Model distribution###
2024-12-02 00:02:21,225 INFO server.py 1064:: clients' sizes=[1, 2, 1, 0, 0, 0, 2, 2, 0, 1, 0, 1, 2, 2, 2, 2, 1, 1, 2, 0, 1, 1, 1, 1, 1, 0, 1, 1, 1, 1, 2, 0, 2, 0, 1, 2, 1, 0, 2, 0], total=41
2024-12-02 00:02:21,254 INFO server.py 327:: [Server] The aggregation takes 0.038372 seconds.

2024-12-02 00:02:21,255 INFO server.py 211:: [Server] Start testing
2024-12-02 00:02:21,271 INFO server.py 235:: [Server] Test set: Average loss: 1.3575, Accuracy: 63/200 (31.5%)

2024-12-02 00:02:21,273 INFO server.py 238:: [Sever] Confusion matrix:
 tensor([[50.,  0.,  0.,  0.],
        [50.,  0.,  0.,  0.],
        [50.,  0.,  0.,  0.],
        [37.,  0.,  0., 13.]])
2024-12-02 00:02:21,274 INFO server.py 254:: [Server] Precision=[0.26737967        nan        nan 1.        ],
 Recall=[1.   0.   0.   0.26],
 F1-score=[0.42194092        nan        nan 0.4126984 ],
 my_accuracy=31.49999976158142[%]
2024-12-02 00:02:21,275 INFO _main.py 209:: ########EPOCH 1 ########
2024-12-02 00:02:21,275 INFO _main.py 210:: ###Model distribution###
2024-12-02 00:02:24,049 INFO server.py 1064:: clients' sizes=[1, 2, 1, 0, 0, 0, 2, 2, 0, 1, 0, 1, 2, 2, 2, 2, 1, 1, 2, 0, 1, 1, 1, 1, 1, 0, 1, 1, 1, 1, 2, 0, 2, 0, 1, 2, 1, 0, 2, 0], total=41
2024-12-02 00:02:24,083 INFO server.py 327:: [Server] The aggregation takes 0.034874 seconds.

2024-12-02 00:02:24,084 INFO server.py 211:: [Server] Start testing
2024-12-02 00:02:24,104 INFO server.py 235:: [Server] Test set: Average loss: 1.2808, Accuracy: 80/200 (40.0%)

2024-12-02 00:02:24,105 INFO server.py 238:: [Sever] Confusion matrix:
 tensor([[50.,  0.,  0.,  0.],
        [47.,  0.,  0.,  3.],
        [47.,  0.,  0.,  3.],
        [20.,  0.,  0., 30.]])
2024-12-02 00:02:24,107 INFO server.py 254:: [Server] Precision=[0.30487806        nan        nan 0.8333333 ],
 Recall=[1.  0.  0.  0.6],
 F1-score=[0.46728975        nan        nan 0.6976744 ],
 my_accuracy=40.00000059604645[%]
2024-12-02 00:02:24,107 INFO _main.py 209:: ########EPOCH 2 ########
2024-12-02 00:02:24,108 INFO _main.py 210:: ###Model distribution###
2024-12-02 00:02:27,730 INFO server.py 1064:: clients' sizes=[1, 2, 1, 0, 0, 0, 2, 2, 0, 1, 0, 1, 2, 2, 2, 2, 1, 1, 2, 0, 1, 1, 1, 1, 1, 0, 1, 1, 1, 1, 2, 0, 2, 0, 1, 2, 1, 0, 2, 0], total=41
2024-12-02 00:02:27,765 INFO server.py 327:: [Server] The aggregation takes 0.036319 seconds.

2024-12-02 00:02:27,767 INFO server.py 211:: [Server] Start testing
2024-12-02 00:02:27,789 INFO server.py 235:: [Server] Test set: Average loss: 1.1743, Accuracy: 90/200 (45.0%)

2024-12-02 00:02:27,790 INFO server.py 238:: [Sever] Confusion matrix:
 tensor([[50.,  0.,  0.,  0.],
        [45.,  0.,  2.,  3.],
        [32.,  2.,  4., 12.],
        [ 9.,  0.,  5., 36.]])
2024-12-02 00:02:27,792 INFO server.py 254:: [Server] Precision=[0.36764705 0.         0.36363637 0.7058824 ],
 Recall=[1.   0.   0.08 0.72],
 F1-score=[0.5376344         nan 0.13114755 0.7128714 ],
 my_accuracy=44.999998807907104[%]
2024-12-02 00:02:27,793 INFO _main.py 209:: ########EPOCH 3 ########
2024-12-02 00:02:27,793 INFO _main.py 210:: ###Model distribution###
2024-12-02 00:02:30,860 INFO server.py 1064:: clients' sizes=[1, 2, 1, 0, 0, 0, 2, 2, 0, 1, 0, 1, 2, 2, 2, 2, 1, 1, 2, 0, 1, 1, 1, 1, 1, 0, 1, 1, 1, 1, 2, 0, 2, 0, 1, 2, 1, 0, 2, 0], total=41
2024-12-02 00:02:30,883 INFO server.py 327:: [Server] The aggregation takes 0.023627 seconds.

2024-12-02 00:02:30,885 INFO server.py 211:: [Server] Start testing
2024-12-02 00:02:30,899 INFO server.py 235:: [Server] Test set: Average loss: 1.0826, Accuracy: 113/200 (56.5%)

2024-12-02 00:02:30,900 INFO server.py 238:: [Sever] Confusion matrix:
 tensor([[47.,  2.,  1.,  0.],
        [25., 19.,  3.,  3.],
        [18., 10., 10., 12.],
        [ 5.,  3.,  5., 37.]])
2024-12-02 00:02:30,902 INFO server.py 254:: [Server] Precision=[0.49473685 0.5588235  0.5263158  0.71153843],
 Recall=[0.94 0.38 0.2  0.74],
 F1-score=[0.64827585 0.45238093 0.2898551  0.72549015],
 my_accuracy=56.49999976158142[%]
2024-12-02 00:02:30,903 INFO _main.py 209:: ########EPOCH 4 ########
2024-12-02 00:02:30,904 INFO _main.py 210:: ###Model distribution###
2024-12-02 00:02:33,627 INFO server.py 1064:: clients' sizes=[1, 2, 1, 0, 0, 0, 2, 2, 0, 1, 0, 1, 2, 2, 2, 2, 1, 1, 2, 0, 1, 1, 1, 1, 1, 0, 1, 1, 1, 1, 2, 0, 2, 0, 1, 2, 1, 0, 2, 0], total=41
2024-12-02 00:02:33,650 INFO server.py 327:: [Server] The aggregation takes 0.024262 seconds.

2024-12-02 00:02:33,651 INFO server.py 211:: [Server] Start testing
2024-12-02 00:02:33,666 INFO server.py 235:: [Server] Test set: Average loss: 1.0239, Accuracy: 120/200 (60.0%)

2024-12-02 00:02:33,667 INFO server.py 238:: [Sever] Confusion matrix:
 tensor([[47.,  1.,  2.,  0.],
        [21., 23.,  3.,  3.],
        [16., 13., 11., 10.],
        [ 0.,  6.,  5., 39.]])
2024-12-02 00:02:33,669 INFO server.py 254:: [Server] Precision=[0.5595238  0.53488374 0.52380955 0.75      ],
 Recall=[0.94 0.46 0.22 0.78],
 F1-score=[0.70149255 0.49462366 0.30985916 0.7647059 ],
 my_accuracy=60.00000238418579[%]
2024-12-02 00:02:33,669 INFO _main.py 209:: ########EPOCH 5 ########
2024-12-02 00:02:33,669 INFO _main.py 210:: ###Model distribution###
2024-12-02 00:02:36,267 INFO server.py 1064:: clients' sizes=[1, 2, 1, 0, 0, 0, 2, 2, 0, 1, 0, 1, 2, 2, 2, 2, 1, 1, 2, 0, 1, 1, 1, 1, 1, 0, 1, 1, 1, 1, 2, 0, 2, 0, 1, 2, 1, 0, 2, 0], total=41
2024-12-02 00:02:36,291 INFO server.py 327:: [Server] The aggregation takes 0.024729 seconds.

2024-12-02 00:02:36,292 INFO server.py 211:: [Server] Start testing
2024-12-02 00:02:36,306 INFO server.py 235:: [Server] Test set: Average loss: 0.9810, Accuracy: 117/200 (58.5%)

2024-12-02 00:02:36,308 INFO server.py 238:: [Sever] Confusion matrix:
 tensor([[42.,  6.,  2.,  0.],
        [20., 23.,  4.,  3.],
        [14., 13., 13., 10.],
        [ 0.,  6.,  5., 39.]])
2024-12-02 00:02:36,309 INFO server.py 254:: [Server] Precision=[0.55263156 0.47916666 0.5416667  0.75      ],
 Recall=[0.84 0.46 0.26 0.78],
 F1-score=[0.6666666  0.46938774 0.35135135 0.7647059 ],
 my_accuracy=58.49999785423279[%]
2024-12-02 00:02:36,310 INFO _main.py 209:: ########EPOCH 6 ########
2024-12-02 00:02:36,310 INFO _main.py 210:: ###Model distribution###
2024-12-02 00:02:38,866 INFO server.py 1064:: clients' sizes=[1, 2, 1, 0, 0, 0, 2, 2, 0, 1, 0, 1, 2, 2, 2, 2, 1, 1, 2, 0, 1, 1, 1, 1, 1, 0, 1, 1, 1, 1, 2, 0, 2, 0, 1, 2, 1, 0, 2, 0], total=41
2024-12-02 00:02:38,889 INFO server.py 327:: [Server] The aggregation takes 0.023362 seconds.

2024-12-02 00:02:38,891 INFO server.py 211:: [Server] Start testing
2024-12-02 00:02:38,905 INFO server.py 235:: [Server] Test set: Average loss: 0.9544, Accuracy: 115/200 (57.5%)

2024-12-02 00:02:38,907 INFO server.py 238:: [Sever] Confusion matrix:
 tensor([[41.,  7.,  2.,  0.],
        [20., 21.,  6.,  3.],
        [10., 15., 14., 11.],
        [ 0.,  6.,  5., 39.]])
2024-12-02 00:02:38,908 INFO server.py 254:: [Server] Precision=[0.57746476 0.42857143 0.5185185  0.7358491 ],
 Recall=[0.82 0.42 0.28 0.78],
 F1-score=[0.677686   0.4242424  0.36363637 0.75728154],
 my_accuracy=57.499998807907104[%]
2024-12-02 00:02:38,908 INFO _main.py 209:: ########EPOCH 7 ########
2024-12-02 00:02:38,909 INFO _main.py 210:: ###Model distribution###
2024-12-02 00:02:42,526 INFO server.py 1064:: clients' sizes=[1, 2, 1, 0, 0, 0, 2, 2, 0, 1, 0, 1, 2, 2, 2, 2, 1, 1, 2, 0, 1, 1, 1, 1, 1, 0, 1, 1, 1, 1, 2, 0, 2, 0, 1, 2, 1, 0, 2, 0], total=41
2024-12-02 00:02:42,585 INFO server.py 327:: [Server] The aggregation takes 0.062432 seconds.

2024-12-02 00:02:42,587 INFO server.py 211:: [Server] Start testing
2024-12-02 00:02:42,611 INFO server.py 235:: [Server] Test set: Average loss: 0.9345, Accuracy: 116/200 (58.0%)

2024-12-02 00:02:42,612 INFO server.py 238:: [Sever] Confusion matrix:
 tensor([[41.,  7.,  2.,  0.],
        [19., 21.,  7.,  3.],
        [10., 14., 15., 11.],
        [ 0.,  6.,  5., 39.]])
2024-12-02 00:02:42,616 INFO server.py 254:: [Server] Precision=[0.5857143  0.4375     0.51724136 0.7358491 ],
 Recall=[0.82 0.42 0.3  0.78],
 F1-score=[0.68333334 0.42857143 0.37974682 0.75728154],
 my_accuracy=57.999998331069946[%]
2024-12-02 00:02:42,617 INFO _main.py 209:: ########EPOCH 8 ########
2024-12-02 00:02:42,618 INFO _main.py 210:: ###Model distribution###
2024-12-02 00:02:46,067 INFO server.py 1064:: clients' sizes=[1, 2, 1, 0, 0, 0, 2, 2, 0, 1, 0, 1, 2, 2, 2, 2, 1, 1, 2, 0, 1, 1, 1, 1, 1, 0, 1, 1, 1, 1, 2, 0, 2, 0, 1, 2, 1, 0, 2, 0], total=41
2024-12-02 00:02:46,093 INFO server.py 327:: [Server] The aggregation takes 0.027316 seconds.

2024-12-02 00:02:46,095 INFO server.py 211:: [Server] Start testing
2024-12-02 00:02:46,108 INFO server.py 235:: [Server] Test set: Average loss: 0.9202, Accuracy: 116/200 (58.0%)

2024-12-02 00:02:46,110 INFO server.py 238:: [Sever] Confusion matrix:
 tensor([[41.,  7.,  2.,  0.],
        [18., 22.,  7.,  3.],
        [ 9., 15., 14., 12.],
        [ 0.,  6.,  5., 39.]])
2024-12-02 00:02:46,111 INFO server.py 254:: [Server] Precision=[0.60294116 0.44       0.5        0.7222222 ],
 Recall=[0.82 0.44 0.28 0.78],
 F1-score=[0.6949152  0.44       0.35897437 0.74999994],
 my_accuracy=57.999998331069946[%]
2024-12-02 00:02:46,112 INFO _main.py 209:: ########EPOCH 9 ########
2024-12-02 00:02:46,112 INFO _main.py 210:: ###Model distribution###
2024-12-02 00:02:48,599 INFO server.py 1064:: clients' sizes=[1, 2, 1, 0, 0, 0, 2, 2, 0, 1, 0, 1, 2, 2, 2, 2, 1, 1, 2, 0, 1, 1, 1, 1, 1, 0, 1, 1, 1, 1, 2, 0, 2, 0, 1, 2, 1, 0, 2, 0], total=41
2024-12-02 00:02:48,623 INFO server.py 327:: [Server] The aggregation takes 0.024295 seconds.

2024-12-02 00:02:48,624 INFO server.py 211:: [Server] Start testing
2024-12-02 00:02:48,638 INFO server.py 235:: [Server] Test set: Average loss: 0.9099, Accuracy: 116/200 (58.0%)

2024-12-02 00:02:48,639 INFO server.py 238:: [Sever] Confusion matrix:
 tensor([[41.,  7.,  2.,  0.],
        [18., 22.,  7.,  3.],
        [10., 14., 14., 12.],
        [ 0.,  6.,  5., 39.]])
2024-12-02 00:02:48,640 INFO server.py 254:: [Server] Precision=[0.5942029 0.4489796 0.5       0.7222222],
 Recall=[0.82 0.44 0.28 0.78],
 F1-score=[0.6890756  0.44444445 0.35897437 0.74999994],
 my_accuracy=57.999998331069946[%]
2024-12-02 00:02:48,641 INFO _main.py 209:: ########EPOCH 10 ########
2024-12-02 00:02:48,642 INFO _main.py 210:: ###Model distribution###
2024-12-02 00:02:51,224 INFO server.py 1064:: clients' sizes=[1, 2, 1, 0, 0, 0, 2, 2, 0, 1, 0, 1, 2, 2, 2, 2, 1, 1, 2, 0, 1, 1, 1, 1, 1, 0, 1, 1, 1, 1, 2, 0, 2, 0, 1, 2, 1, 0, 2, 0], total=41
2024-12-02 00:02:51,248 INFO server.py 327:: [Server] The aggregation takes 0.025655 seconds.

2024-12-02 00:02:51,251 INFO server.py 211:: [Server] Start testing
2024-12-02 00:02:51,265 INFO server.py 235:: [Server] Test set: Average loss: 0.9020, Accuracy: 116/200 (58.0%)

2024-12-02 00:02:51,267 INFO server.py 238:: [Sever] Confusion matrix:
 tensor([[41.,  7.,  2.,  0.],
        [18., 22.,  7.,  3.],
        [10., 14., 14., 12.],
        [ 0.,  6.,  5., 39.]])
2024-12-02 00:02:51,268 INFO server.py 254:: [Server] Precision=[0.5942029 0.4489796 0.5       0.7222222],
 Recall=[0.82 0.44 0.28 0.78],
 F1-score=[0.6890756  0.44444445 0.35897437 0.74999994],
 my_accuracy=57.999998331069946[%]
2024-12-02 00:02:51,269 INFO _main.py 209:: ########EPOCH 11 ########
2024-12-02 00:02:51,269 INFO _main.py 210:: ###Model distribution###
2024-12-02 00:02:53,960 INFO server.py 1064:: clients' sizes=[1, 2, 1, 0, 0, 0, 2, 2, 0, 1, 0, 1, 2, 2, 2, 2, 1, 1, 2, 0, 1, 1, 1, 1, 1, 0, 1, 1, 1, 1, 2, 0, 2, 0, 1, 2, 1, 0, 2, 0], total=41
2024-12-02 00:02:53,984 INFO server.py 327:: [Server] The aggregation takes 0.024907 seconds.

2024-12-02 00:02:53,985 INFO server.py 211:: [Server] Start testing
2024-12-02 00:02:53,998 INFO server.py 235:: [Server] Test set: Average loss: 0.8956, Accuracy: 115/200 (57.5%)

2024-12-02 00:02:54,000 INFO server.py 238:: [Sever] Confusion matrix:
 tensor([[41.,  7.,  2.,  0.],
        [18., 21.,  8.,  3.],
        [ 9., 15., 14., 12.],
        [ 0.,  6.,  5., 39.]])
2024-12-02 00:02:54,001 INFO server.py 254:: [Server] Precision=[0.60294116 0.42857143 0.4827586  0.7222222 ],
 Recall=[0.82 0.42 0.28 0.78],
 F1-score=[0.6949152  0.4242424  0.35443038 0.74999994],
 my_accuracy=57.499998807907104[%]
2024-12-02 00:02:54,002 INFO _main.py 209:: ########EPOCH 12 ########
2024-12-02 00:02:54,002 INFO _main.py 210:: ###Model distribution###
2024-12-02 00:02:57,104 INFO server.py 1064:: clients' sizes=[1, 2, 1, 0, 0, 0, 2, 2, 0, 1, 0, 1, 2, 2, 2, 2, 1, 1, 2, 0, 1, 1, 1, 1, 1, 0, 1, 1, 1, 1, 2, 0, 2, 0, 1, 2, 1, 0, 2, 0], total=41
2024-12-02 00:02:57,137 INFO server.py 327:: [Server] The aggregation takes 0.034835 seconds.

2024-12-02 00:02:57,139 INFO server.py 211:: [Server] Start testing
2024-12-02 00:02:57,158 INFO server.py 235:: [Server] Test set: Average loss: 0.8897, Accuracy: 117/200 (58.5%)

2024-12-02 00:02:57,160 INFO server.py 238:: [Sever] Confusion matrix:
 tensor([[41.,  7.,  2.,  0.],
        [18., 20.,  9.,  3.],
        [ 9., 13., 17., 11.],
        [ 0.,  5.,  6., 39.]])
2024-12-02 00:02:57,161 INFO server.py 254:: [Server] Precision=[0.60294116 0.44444445 0.5        0.7358491 ],
 Recall=[0.82 0.4  0.34 0.78],
 F1-score=[0.6949152  0.42105263 0.40476188 0.75728154],
 my_accuracy=58.49999785423279[%]
2024-12-02 00:02:57,162 INFO _main.py 209:: ########EPOCH 13 ########
2024-12-02 00:02:57,163 INFO _main.py 210:: ###Model distribution###
2024-12-02 00:03:00,819 INFO server.py 1064:: clients' sizes=[1, 2, 1, 0, 0, 0, 2, 2, 0, 1, 0, 1, 2, 2, 2, 2, 1, 1, 2, 0, 1, 1, 1, 1, 1, 0, 1, 1, 1, 1, 2, 0, 2, 0, 1, 2, 1, 0, 2, 0], total=41
2024-12-02 00:03:00,857 INFO server.py 327:: [Server] The aggregation takes 0.039299 seconds.

2024-12-02 00:03:00,859 INFO server.py 211:: [Server] Start testing
2024-12-02 00:03:00,876 INFO server.py 235:: [Server] Test set: Average loss: 0.8845, Accuracy: 117/200 (58.5%)

2024-12-02 00:03:00,877 INFO server.py 238:: [Sever] Confusion matrix:
 tensor([[41.,  7.,  2.,  0.],
        [18., 20.,  9.,  3.],
        [ 9., 13., 17., 11.],
        [ 0.,  5.,  6., 39.]])
2024-12-02 00:03:00,878 INFO server.py 254:: [Server] Precision=[0.60294116 0.44444445 0.5        0.7358491 ],
 Recall=[0.82 0.4  0.34 0.78],
 F1-score=[0.6949152  0.42105263 0.40476188 0.75728154],
 my_accuracy=58.49999785423279[%]
2024-12-02 00:03:00,879 INFO _main.py 209:: ########EPOCH 14 ########
2024-12-02 00:03:00,879 INFO _main.py 210:: ###Model distribution###
2024-12-02 00:03:03,600 INFO server.py 1064:: clients' sizes=[1, 2, 1, 0, 0, 0, 2, 2, 0, 1, 0, 1, 2, 2, 2, 2, 1, 1, 2, 0, 1, 1, 1, 1, 1, 0, 1, 1, 1, 1, 2, 0, 2, 0, 1, 2, 1, 0, 2, 0], total=41
2024-12-02 00:03:03,623 INFO server.py 327:: [Server] The aggregation takes 0.024694 seconds.

2024-12-02 00:03:03,625 INFO server.py 211:: [Server] Start testing
2024-12-02 00:03:03,641 INFO server.py 235:: [Server] Test set: Average loss: 0.8805, Accuracy: 117/200 (58.5%)

2024-12-02 00:03:03,642 INFO server.py 238:: [Sever] Confusion matrix:
 tensor([[41.,  7.,  2.,  0.],
        [18., 20.,  9.,  3.],
        [ 8., 14., 17., 11.],
        [ 0.,  5.,  6., 39.]])
2024-12-02 00:03:03,644 INFO server.py 254:: [Server] Precision=[0.6119403 0.4347826 0.5       0.7358491],
 Recall=[0.82 0.4  0.34 0.78],
 F1-score=[0.7008547  0.4166667  0.40476188 0.75728154],
 my_accuracy=58.49999785423279[%]
2024-12-02 00:03:03,644 INFO _main.py 209:: ########EPOCH 15 ########
2024-12-02 00:03:03,645 INFO _main.py 210:: ###Model distribution###
2024-12-02 00:03:06,224 INFO server.py 1064:: clients' sizes=[1, 2, 1, 0, 0, 0, 2, 2, 0, 1, 0, 1, 2, 2, 2, 2, 1, 1, 2, 0, 1, 1, 1, 1, 1, 0, 1, 1, 1, 1, 2, 0, 2, 0, 1, 2, 1, 0, 2, 0], total=41
2024-12-02 00:03:06,250 INFO server.py 327:: [Server] The aggregation takes 0.026805 seconds.

2024-12-02 00:03:06,252 INFO server.py 211:: [Server] Start testing
2024-12-02 00:03:06,275 INFO server.py 235:: [Server] Test set: Average loss: 0.8772, Accuracy: 118/200 (59.0%)

2024-12-02 00:03:06,277 INFO server.py 238:: [Sever] Confusion matrix:
 tensor([[41.,  7.,  2.,  0.],
        [17., 21.,  9.,  3.],
        [ 8., 14., 17., 11.],
        [ 0.,  5.,  6., 39.]])
2024-12-02 00:03:06,279 INFO server.py 254:: [Server] Precision=[0.6212121  0.44680852 0.5        0.7358491 ],
 Recall=[0.82 0.42 0.34 0.78],
 F1-score=[0.7068965  0.4329897  0.40476188 0.75728154],
 my_accuracy=58.99999737739563[%]
2024-12-02 00:03:06,280 INFO _main.py 209:: ########EPOCH 16 ########
2024-12-02 00:03:06,281 INFO _main.py 210:: ###Model distribution###
2024-12-02 00:03:08,744 INFO server.py 1064:: clients' sizes=[1, 2, 1, 0, 0, 0, 2, 2, 0, 1, 0, 1, 2, 2, 2, 2, 1, 1, 2, 0, 1, 1, 1, 1, 1, 0, 1, 1, 1, 1, 2, 0, 2, 0, 1, 2, 1, 0, 2, 0], total=41
2024-12-02 00:03:08,767 INFO server.py 327:: [Server] The aggregation takes 0.023806 seconds.

2024-12-02 00:03:08,769 INFO server.py 211:: [Server] Start testing
2024-12-02 00:03:08,782 INFO server.py 235:: [Server] Test set: Average loss: 0.8740, Accuracy: 119/200 (59.5%)

2024-12-02 00:03:08,783 INFO server.py 238:: [Sever] Confusion matrix:
 tensor([[41.,  7.,  2.,  0.],
        [16., 22.,  9.,  3.],
        [ 8., 14., 17., 11.],
        [ 0.,  5.,  6., 39.]])
2024-12-02 00:03:08,785 INFO server.py 254:: [Server] Precision=[0.63076925 0.45833334 0.5        0.7358491 ],
 Recall=[0.82 0.44 0.34 0.78],
 F1-score=[0.7130436  0.44897962 0.40476188 0.75728154],
 my_accuracy=59.50000286102295[%]
2024-12-02 00:03:08,786 INFO _main.py 209:: ########EPOCH 17 ########
2024-12-02 00:03:08,786 INFO _main.py 210:: ###Model distribution###
2024-12-02 00:03:11,554 INFO server.py 1064:: clients' sizes=[1, 2, 1, 0, 0, 0, 2, 2, 0, 1, 0, 1, 2, 2, 2, 2, 1, 1, 2, 0, 1, 1, 1, 1, 1, 0, 1, 1, 1, 1, 2, 0, 2, 0, 1, 2, 1, 0, 2, 0], total=41
2024-12-02 00:03:11,588 INFO server.py 327:: [Server] The aggregation takes 0.035575 seconds.

2024-12-02 00:03:11,590 INFO server.py 211:: [Server] Start testing
2024-12-02 00:03:11,611 INFO server.py 235:: [Server] Test set: Average loss: 0.8716, Accuracy: 119/200 (59.5%)

2024-12-02 00:03:11,613 INFO server.py 238:: [Sever] Confusion matrix:
 tensor([[41.,  7.,  2.,  0.],
        [16., 22.,  9.,  3.],
        [ 8., 14., 17., 11.],
        [ 0.,  5.,  6., 39.]])
2024-12-02 00:03:11,614 INFO server.py 254:: [Server] Precision=[0.63076925 0.45833334 0.5        0.7358491 ],
 Recall=[0.82 0.44 0.34 0.78],
 F1-score=[0.7130436  0.44897962 0.40476188 0.75728154],
 my_accuracy=59.50000286102295[%]
2024-12-02 00:03:11,615 INFO _main.py 209:: ########EPOCH 18 ########
2024-12-02 00:03:11,616 INFO _main.py 210:: ###Model distribution###
2024-12-02 00:03:15,444 INFO server.py 1064:: clients' sizes=[1, 2, 1, 0, 0, 0, 2, 2, 0, 1, 0, 1, 2, 2, 2, 2, 1, 1, 2, 0, 1, 1, 1, 1, 1, 0, 1, 1, 1, 1, 2, 0, 2, 0, 1, 2, 1, 0, 2, 0], total=41
2024-12-02 00:03:15,479 INFO server.py 327:: [Server] The aggregation takes 0.036621 seconds.

2024-12-02 00:03:15,481 INFO server.py 211:: [Server] Start testing
2024-12-02 00:03:15,503 INFO server.py 235:: [Server] Test set: Average loss: 0.8692, Accuracy: 119/200 (59.5%)

2024-12-02 00:03:15,504 INFO server.py 238:: [Sever] Confusion matrix:
 tensor([[41.,  7.,  2.,  0.],
        [16., 22.,  9.,  3.],
        [ 7., 15., 17., 11.],
        [ 0.,  5.,  6., 39.]])
2024-12-02 00:03:15,506 INFO server.py 254:: [Server] Precision=[0.640625  0.4489796 0.5       0.7358491],
 Recall=[0.82 0.44 0.34 0.78],
 F1-score=[0.71929824 0.44444445 0.40476188 0.75728154],
 my_accuracy=59.50000286102295[%]
2024-12-02 00:03:15,507 INFO _main.py 209:: ########EPOCH 19 ########
2024-12-02 00:03:15,507 INFO _main.py 210:: ###Model distribution###
2024-12-02 00:03:18,449 INFO server.py 1064:: clients' sizes=[1, 2, 1, 0, 0, 0, 2, 2, 0, 1, 0, 1, 2, 2, 2, 2, 1, 1, 2, 0, 1, 1, 1, 1, 1, 0, 1, 1, 1, 1, 2, 0, 2, 0, 1, 2, 1, 0, 2, 0], total=41
2024-12-02 00:03:18,471 INFO server.py 327:: [Server] The aggregation takes 0.022719 seconds.

2024-12-02 00:03:18,472 INFO server.py 211:: [Server] Start testing
2024-12-02 00:03:18,486 INFO server.py 235:: [Server] Test set: Average loss: 0.8660, Accuracy: 119/200 (59.5%)

2024-12-02 00:03:18,487 INFO server.py 238:: [Sever] Confusion matrix:
 tensor([[41.,  7.,  2.,  0.],
        [16., 22.,  9.,  3.],
        [ 7., 15., 17., 11.],
        [ 0.,  5.,  6., 39.]])
2024-12-02 00:03:18,488 INFO server.py 254:: [Server] Precision=[0.640625  0.4489796 0.5       0.7358491],
 Recall=[0.82 0.44 0.34 0.78],
 F1-score=[0.71929824 0.44444445 0.40476188 0.75728154],
 my_accuracy=59.50000286102295[%]
2024-12-02 00:03:18,489 INFO _main.py 209:: ########EPOCH 20 ########
2024-12-02 00:03:18,489 INFO _main.py 210:: ###Model distribution###
2024-12-02 00:03:20,973 INFO server.py 1064:: clients' sizes=[1, 2, 1, 0, 0, 0, 2, 2, 0, 1, 0, 1, 2, 2, 2, 2, 1, 1, 2, 0, 1, 1, 1, 1, 1, 0, 1, 1, 1, 1, 2, 0, 2, 0, 1, 2, 1, 0, 2, 0], total=41
2024-12-02 00:03:20,996 INFO server.py 327:: [Server] The aggregation takes 0.023877 seconds.

2024-12-02 00:03:20,997 INFO server.py 211:: [Server] Start testing
2024-12-02 00:03:21,012 INFO server.py 235:: [Server] Test set: Average loss: 0.8638, Accuracy: 119/200 (59.5%)

2024-12-02 00:03:21,013 INFO server.py 238:: [Sever] Confusion matrix:
 tensor([[41.,  7.,  2.,  0.],
        [16., 22.,  9.,  3.],
        [ 7., 15., 17., 11.],
        [ 0.,  5.,  6., 39.]])
2024-12-02 00:03:21,014 INFO server.py 254:: [Server] Precision=[0.640625  0.4489796 0.5       0.7358491],
 Recall=[0.82 0.44 0.34 0.78],
 F1-score=[0.71929824 0.44444445 0.40476188 0.75728154],
 my_accuracy=59.50000286102295[%]
2024-12-02 00:03:21,015 INFO _main.py 209:: ########EPOCH 21 ########
2024-12-02 00:03:21,015 INFO _main.py 210:: ###Model distribution###
2024-12-02 00:03:23,693 INFO server.py 1064:: clients' sizes=[1, 2, 1, 0, 0, 0, 2, 2, 0, 1, 0, 1, 2, 2, 2, 2, 1, 1, 2, 0, 1, 1, 1, 1, 1, 0, 1, 1, 1, 1, 2, 0, 2, 0, 1, 2, 1, 0, 2, 0], total=41
2024-12-02 00:03:23,716 INFO server.py 327:: [Server] The aggregation takes 0.023638 seconds.

2024-12-02 00:03:23,718 INFO server.py 211:: [Server] Start testing
2024-12-02 00:03:23,731 INFO server.py 235:: [Server] Test set: Average loss: 0.8627, Accuracy: 119/200 (59.5%)

2024-12-02 00:03:23,732 INFO server.py 238:: [Sever] Confusion matrix:
 tensor([[41.,  7.,  2.,  0.],
        [16., 22.,  9.,  3.],
        [ 8., 14., 17., 11.],
        [ 0.,  5.,  6., 39.]])
2024-12-02 00:03:23,734 INFO server.py 254:: [Server] Precision=[0.63076925 0.45833334 0.5        0.7358491 ],
 Recall=[0.82 0.44 0.34 0.78],
 F1-score=[0.7130436  0.44897962 0.40476188 0.75728154],
 my_accuracy=59.50000286102295[%]
2024-12-02 00:03:23,734 INFO _main.py 209:: ########EPOCH 22 ########
2024-12-02 00:03:23,734 INFO _main.py 210:: ###Model distribution###
2024-12-02 00:03:26,242 INFO server.py 1064:: clients' sizes=[1, 2, 1, 0, 0, 0, 2, 2, 0, 1, 0, 1, 2, 2, 2, 2, 1, 1, 2, 0, 1, 1, 1, 1, 1, 0, 1, 1, 1, 1, 2, 0, 2, 0, 1, 2, 1, 0, 2, 0], total=41
2024-12-02 00:03:26,266 INFO server.py 327:: [Server] The aggregation takes 0.025307 seconds.

2024-12-02 00:03:26,268 INFO server.py 211:: [Server] Start testing
2024-12-02 00:03:26,281 INFO server.py 235:: [Server] Test set: Average loss: 0.8611, Accuracy: 119/200 (59.5%)

2024-12-02 00:03:26,283 INFO server.py 238:: [Sever] Confusion matrix:
 tensor([[41.,  7.,  2.,  0.],
        [16., 22.,  9.,  3.],
        [ 8., 14., 17., 11.],
        [ 0.,  5.,  6., 39.]])
2024-12-02 00:03:26,284 INFO server.py 254:: [Server] Precision=[0.63076925 0.45833334 0.5        0.7358491 ],
 Recall=[0.82 0.44 0.34 0.78],
 F1-score=[0.7130436  0.44897962 0.40476188 0.75728154],
 my_accuracy=59.50000286102295[%]
2024-12-02 00:03:26,285 INFO _main.py 209:: ########EPOCH 23 ########
2024-12-02 00:03:26,285 INFO _main.py 210:: ###Model distribution###
2024-12-02 00:03:29,601 INFO server.py 1064:: clients' sizes=[1, 2, 1, 0, 0, 0, 2, 2, 0, 1, 0, 1, 2, 2, 2, 2, 1, 1, 2, 0, 1, 1, 1, 1, 1, 0, 1, 1, 1, 1, 2, 0, 2, 0, 1, 2, 1, 0, 2, 0], total=41
2024-12-02 00:03:29,635 INFO server.py 327:: [Server] The aggregation takes 0.034782 seconds.

2024-12-02 00:03:29,637 INFO server.py 211:: [Server] Start testing
2024-12-02 00:03:29,655 INFO server.py 235:: [Server] Test set: Average loss: 0.8598, Accuracy: 119/200 (59.5%)

2024-12-02 00:03:29,657 INFO server.py 238:: [Sever] Confusion matrix:
 tensor([[41.,  7.,  2.,  0.],
        [16., 22.,  9.,  3.],
        [ 8., 14., 17., 11.],
        [ 0.,  5.,  6., 39.]])
2024-12-02 00:03:29,658 INFO server.py 254:: [Server] Precision=[0.63076925 0.45833334 0.5        0.7358491 ],
 Recall=[0.82 0.44 0.34 0.78],
 F1-score=[0.7130436  0.44897962 0.40476188 0.75728154],
 my_accuracy=59.50000286102295[%]
2024-12-02 00:03:29,659 INFO _main.py 209:: ########EPOCH 24 ########
2024-12-02 00:03:29,659 INFO _main.py 210:: ###Model distribution###
2024-12-02 00:03:33,270 INFO server.py 1064:: clients' sizes=[1, 2, 1, 0, 0, 0, 2, 2, 0, 1, 0, 1, 2, 2, 2, 2, 1, 1, 2, 0, 1, 1, 1, 1, 1, 0, 1, 1, 1, 1, 2, 0, 2, 0, 1, 2, 1, 0, 2, 0], total=41
2024-12-02 00:03:33,293 INFO server.py 327:: [Server] The aggregation takes 0.024296 seconds.

2024-12-02 00:03:33,295 INFO server.py 211:: [Server] Start testing
2024-12-02 00:03:33,309 INFO server.py 235:: [Server] Test set: Average loss: 0.8584, Accuracy: 119/200 (59.5%)

2024-12-02 00:03:33,310 INFO server.py 238:: [Sever] Confusion matrix:
 tensor([[41.,  7.,  2.,  0.],
        [16., 22.,  9.,  3.],
        [ 8., 14., 17., 11.],
        [ 0.,  5.,  6., 39.]])
2024-12-02 00:03:33,311 INFO server.py 254:: [Server] Precision=[0.63076925 0.45833334 0.5        0.7358491 ],
 Recall=[0.82 0.44 0.34 0.78],
 F1-score=[0.7130436  0.44897962 0.40476188 0.75728154],
 my_accuracy=59.50000286102295[%]
