2024-12-01 23:32:49,277 INFO _main.py 39:: ################################################################
2024-12-01 23:32:49,279 INFO _main.py 41:: #                              batch_size: 64                  #
2024-12-01 23:32:49,281 INFO _main.py 41:: #                         test_batch_size: 32                  #
2024-12-01 23:32:49,282 INFO _main.py 41:: #                                  epochs: 15                  #
2024-12-01 23:32:49,283 INFO _main.py 41:: #                               optimizer: SGD                 #
2024-12-01 23:32:49,283 INFO _main.py 41:: #                                      lr: 0.01                #
2024-12-01 23:32:49,283 INFO _main.py 41:: #                                momentum: 0.9                 #
2024-12-01 23:32:49,283 INFO _main.py 41:: #                            weight_decay: 0.0001              #
2024-12-01 23:32:49,283 INFO _main.py 41:: #                                    seed: 1                   #
2024-12-01 23:32:49,283 INFO _main.py 41:: #                            log_interval: 11                  #
2024-12-01 23:32:49,284 INFO _main.py 41:: #                             num_clients: 40                  #
2024-12-01 23:32:49,284 INFO _main.py 41:: #                           output_folder: experiments         #
2024-12-01 23:32:49,284 INFO _main.py 41:: #                                 dataset: rockburst           #
2024-12-01 23:32:49,284 INFO _main.py 41:: #                             loader_type: dirichlet           #
2024-12-01 23:32:49,284 INFO _main.py 41:: #                             loader_path: ./data/loader.pk    #
2024-12-01 23:32:49,285 INFO _main.py 41:: #                                      AR: gm                  #
2024-12-01 23:32:49,285 INFO _main.py 41:: #                     n_attacker_backdoor: 0                   #
2024-12-01 23:32:49,285 INFO _main.py 41:: #                        backdoor_trigger: [0, 0, 1, 1]        #
2024-12-01 23:32:49,286 INFO _main.py 41:: #                   n_attacker_omniscient: 0                   #
2024-12-01 23:32:49,286 INFO _main.py 41:: #                        omniscient_scale: 1                   #
2024-12-01 23:32:49,286 INFO _main.py 41:: #                                 attacks: None                #
2024-12-01 23:32:49,286 INFO _main.py 41:: #                      save_model_weights: False               #
2024-12-01 23:32:49,287 INFO _main.py 41:: #                         experiment_name: sExp4Ba_40ep_rockburst_gm_40C_5#
2024-12-01 23:32:49,287 INFO _main.py 41:: #                          path_to_aggNet: None                #
2024-12-01 23:32:49,287 INFO _main.py 41:: #                                  device: cpu                 #
2024-12-01 23:32:49,287 INFO _main.py 41:: #                            inner_epochs: 30                  #
2024-12-01 23:32:49,288 INFO _main.py 41:: #                                 verbose: True                #
2024-12-01 23:32:49,288 INFO _main.py 41:: #                         list_unreliable: [2, 18, 20]         #
2024-12-01 23:32:49,289 INFO _main.py 41:: #                     unreliable_fraction: 0.5                 #
2024-12-01 23:32:49,289 INFO _main.py 41:: #                    unreliable_fracTrain: 0.3                 #
2024-12-01 23:32:49,289 INFO _main.py 41:: #                         mean_unreliable: 0.0                 #
2024-12-01 23:32:49,289 INFO _main.py 41:: #                             blur_method: add_noise           #
2024-12-01 23:32:49,290 INFO _main.py 41:: #                      max_std_unreliable: 30.0                #
2024-12-01 23:32:49,290 INFO _main.py 41:: #                     list_uatk_add_noise: [24, 25, 26]        #
2024-12-01 23:32:49,290 INFO _main.py 41:: #                          mean_add_noise: 0.0                 #
2024-12-01 23:32:49,290 INFO _main.py 41:: #                           std_add_noise: 0.01                #
2024-12-01 23:32:49,290 INFO _main.py 41:: #                     list_uatk_flip_sign: [0, 10, 11]         #
2024-12-01 23:32:49,291 INFO _main.py 42:: ################################################################
2024-12-01 23:32:49,291 INFO _main.py 43:: Namespace(batch_size=64, test_batch_size=32, epochs=15, optimizer='SGD', lr=0.01, momentum=0.9, weight_decay=0.0001, seed=1, log_interval=11, num_clients=40, output_folder='experiments', dataset='rockburst', loader_type='dirichlet', loader_path='./data/loader.pk', AR='gm', n_attacker_backdoor=0, backdoor_trigger=[0, 0, 1, 1], n_attacker_omniscient=0, omniscient_scale=1, attacks=None, save_model_weights=False, experiment_name='sExp4Ba_40ep_rockburst_gm_40C_5', path_to_aggNet=None, device='cpu', inner_epochs=30, verbose=True, list_unreliable=[2, 18, 20], unreliable_fraction=0.5, unreliable_fracTrain=0.3, mean_unreliable=0.0, blur_method='add_noise', max_std_unreliable=30.0, list_uatk_add_noise=[24, 25, 26], mean_add_noise=0.0, std_add_noise=0.01, list_uatk_flip_sign=[0, 10, 11])
2024-12-01 23:32:49,291 INFO _main.py 44:: #####################
2024-12-01 23:32:49,292 INFO _main.py 45:: #####################
2024-12-01 23:32:49,292 INFO _main.py 46:: #####################
2024-12-01 23:32:49,292 INFO _main.py 47:: Aggregation Rule:	gm
2024-12-01 23:32:49,293 INFO _main.py 48:: Data distribution:	dirichlet
2024-12-01 23:32:49,293 INFO _main.py 49:: Attacks:	None 
2024-12-01 23:32:49,293 INFO _main.py 50:: #####################
2024-12-01 23:32:49,293 INFO _main.py 51:: #####################
2024-12-01 23:32:49,294 INFO _main.py 52:: #####################
2024-12-01 23:32:50,862 INFO server.py 366:: SET DBSCAN eps=1.3, min_samples=10
2024-12-01 23:32:50,866 INFO _main.py 135:: [1-normal, 0-malicious] label =tensor([0., 1., 1., 1., 1., 1., 1., 1., 1., 1., 0., 0., 1., 1., 1., 1., 1., 1.,
        1., 1., 1., 1., 1., 1., 0., 0., 0., 1., 1., 1., 1., 1., 1., 1., 1., 1.,
        1., 1., 1., 1.])
2024-12-01 23:32:50,871 INFO malicious_clients.py 123:: init ATTACK OMNISCIENT Client 0
2024-12-01 23:32:50,876 INFO malicious_clients.py 18:: init UNRELIABLE Client 2
2024-12-01 23:32:50,908 INFO malicious_clients.py 123:: init ATTACK OMNISCIENT Client 10
2024-12-01 23:32:50,912 INFO malicious_clients.py 123:: init ATTACK OMNISCIENT Client 11
2024-12-01 23:32:50,933 INFO malicious_clients.py 18:: init UNRELIABLE Client 18
2024-12-01 23:32:50,942 INFO malicious_clients.py 18:: init UNRELIABLE Client 20
2024-12-01 23:32:50,966 INFO malicious_clients.py 73:: init ATTACK ADD NOISE TO GRAD Client 24
2024-12-01 23:32:50,975 INFO malicious_clients.py 73:: init ATTACK ADD NOISE TO GRAD Client 25
2024-12-01 23:32:50,982 INFO malicious_clients.py 73:: init ATTACK ADD NOISE TO GRAD Client 26
2024-12-01 23:32:51,062 INFO server.py 211:: [Server] Start testing
2024-12-01 23:32:51,084 INFO server.py 235:: [Server] Test set: Average loss: 1.3864, Accuracy: 50/200 (25.0%)

2024-12-01 23:32:51,086 INFO server.py 238:: [Sever] Confusion matrix:
 tensor([[50.,  0.,  0.,  0.],
        [50.,  0.,  0.,  0.],
        [50.,  0.,  0.,  0.],
        [50.,  0.,  0.,  0.]])
2024-12-01 23:32:51,128 INFO server.py 254:: [Server] Precision=[0.25  nan  nan  nan],
 Recall=[1. 0. 0. 0.],
 F1-score=[0.4 nan nan nan],
 my_accuracy=25.0[%]
2024-12-01 23:32:51,129 INFO _main.py 209:: ########EPOCH 0 ########
2024-12-01 23:32:51,130 INFO _main.py 210:: ###Model distribution###
2024-12-01 23:32:54,931 INFO server.py 1064:: clients' sizes=[1, 2, 1, 0, 0, 0, 2, 2, 0, 1, 0, 1, 2, 2, 2, 2, 1, 1, 2, 0, 1, 1, 1, 1, 1, 0, 1, 1, 1, 1, 2, 0, 2, 0, 1, 2, 1, 0, 2, 0], total=41
2024-12-01 23:32:54,968 INFO server.py 327:: [Server] The aggregation takes 0.049823 seconds.

2024-12-01 23:32:54,969 INFO server.py 211:: [Server] Start testing
2024-12-01 23:32:54,989 INFO server.py 235:: [Server] Test set: Average loss: 1.3575, Accuracy: 63/200 (31.5%)

2024-12-01 23:32:54,991 INFO server.py 238:: [Sever] Confusion matrix:
 tensor([[50.,  0.,  0.,  0.],
        [50.,  0.,  0.,  0.],
        [50.,  0.,  0.,  0.],
        [37.,  0.,  0., 13.]])
2024-12-01 23:32:54,992 INFO server.py 254:: [Server] Precision=[0.26737967        nan        nan 1.        ],
 Recall=[1.   0.   0.   0.26],
 F1-score=[0.42194092        nan        nan 0.4126984 ],
 my_accuracy=31.49999976158142[%]
2024-12-01 23:32:54,993 INFO _main.py 209:: ########EPOCH 1 ########
2024-12-01 23:32:54,994 INFO _main.py 210:: ###Model distribution###
2024-12-01 23:32:58,266 INFO server.py 1064:: clients' sizes=[1, 2, 1, 0, 0, 0, 2, 2, 0, 1, 0, 1, 2, 2, 2, 2, 1, 1, 2, 0, 1, 1, 1, 1, 1, 0, 1, 1, 1, 1, 2, 0, 2, 0, 1, 2, 1, 0, 2, 0], total=41
2024-12-01 23:32:58,286 INFO server.py 327:: [Server] The aggregation takes 0.021534 seconds.

2024-12-01 23:32:58,287 INFO server.py 211:: [Server] Start testing
2024-12-01 23:32:58,301 INFO server.py 235:: [Server] Test set: Average loss: 1.2808, Accuracy: 80/200 (40.0%)

2024-12-01 23:32:58,302 INFO server.py 238:: [Sever] Confusion matrix:
 tensor([[50.,  0.,  0.,  0.],
        [47.,  0.,  0.,  3.],
        [47.,  0.,  0.,  3.],
        [20.,  0.,  0., 30.]])
2024-12-01 23:32:58,304 INFO server.py 254:: [Server] Precision=[0.30487806        nan        nan 0.8333333 ],
 Recall=[1.  0.  0.  0.6],
 F1-score=[0.46728975        nan        nan 0.6976744 ],
 my_accuracy=40.00000059604645[%]
2024-12-01 23:32:58,304 INFO _main.py 209:: ########EPOCH 2 ########
2024-12-01 23:32:58,305 INFO _main.py 210:: ###Model distribution###
2024-12-01 23:33:00,867 INFO server.py 1064:: clients' sizes=[1, 2, 1, 0, 0, 0, 2, 2, 0, 1, 0, 1, 2, 2, 2, 2, 1, 1, 2, 0, 1, 1, 1, 1, 1, 0, 1, 1, 1, 1, 2, 0, 2, 0, 1, 2, 1, 0, 2, 0], total=41
2024-12-01 23:33:00,886 INFO server.py 327:: [Server] The aggregation takes 0.020023 seconds.

2024-12-01 23:33:00,887 INFO server.py 211:: [Server] Start testing
2024-12-01 23:33:00,901 INFO server.py 235:: [Server] Test set: Average loss: 1.1743, Accuracy: 90/200 (45.0%)

2024-12-01 23:33:00,902 INFO server.py 238:: [Sever] Confusion matrix:
 tensor([[50.,  0.,  0.,  0.],
        [45.,  0.,  2.,  3.],
        [32.,  2.,  4., 12.],
        [ 9.,  0.,  5., 36.]])
2024-12-01 23:33:00,904 INFO server.py 254:: [Server] Precision=[0.36764705 0.         0.36363637 0.7058824 ],
 Recall=[1.   0.   0.08 0.72],
 F1-score=[0.5376344         nan 0.13114755 0.7128714 ],
 my_accuracy=44.999998807907104[%]
2024-12-01 23:33:00,904 INFO _main.py 209:: ########EPOCH 3 ########
2024-12-01 23:33:00,905 INFO _main.py 210:: ###Model distribution###
2024-12-01 23:33:03,522 INFO server.py 1064:: clients' sizes=[1, 2, 1, 0, 0, 0, 2, 2, 0, 1, 0, 1, 2, 2, 2, 2, 1, 1, 2, 0, 1, 1, 1, 1, 1, 0, 1, 1, 1, 1, 2, 0, 2, 0, 1, 2, 1, 0, 2, 0], total=41
2024-12-01 23:33:03,541 INFO server.py 327:: [Server] The aggregation takes 0.020763 seconds.

2024-12-01 23:33:03,542 INFO server.py 211:: [Server] Start testing
2024-12-01 23:33:03,557 INFO server.py 235:: [Server] Test set: Average loss: 1.0826, Accuracy: 113/200 (56.5%)

2024-12-01 23:33:03,559 INFO server.py 238:: [Sever] Confusion matrix:
 tensor([[47.,  2.,  1.,  0.],
        [25., 19.,  3.,  3.],
        [18., 10., 10., 12.],
        [ 5.,  3.,  5., 37.]])
2024-12-01 23:33:03,560 INFO server.py 254:: [Server] Precision=[0.49473685 0.5588235  0.5263158  0.71153843],
 Recall=[0.94 0.38 0.2  0.74],
 F1-score=[0.64827585 0.45238093 0.2898551  0.72549015],
 my_accuracy=56.49999976158142[%]
2024-12-01 23:33:03,561 INFO _main.py 209:: ########EPOCH 4 ########
2024-12-01 23:33:03,561 INFO _main.py 210:: ###Model distribution###
2024-12-01 23:33:06,177 INFO server.py 1064:: clients' sizes=[1, 2, 1, 0, 0, 0, 2, 2, 0, 1, 0, 1, 2, 2, 2, 2, 1, 1, 2, 0, 1, 1, 1, 1, 1, 0, 1, 1, 1, 1, 2, 0, 2, 0, 1, 2, 1, 0, 2, 0], total=41
2024-12-01 23:33:06,198 INFO server.py 327:: [Server] The aggregation takes 0.021633 seconds.

2024-12-01 23:33:06,199 INFO server.py 211:: [Server] Start testing
2024-12-01 23:33:06,215 INFO server.py 235:: [Server] Test set: Average loss: 1.0239, Accuracy: 120/200 (60.0%)

2024-12-01 23:33:06,217 INFO server.py 238:: [Sever] Confusion matrix:
 tensor([[47.,  1.,  2.,  0.],
        [21., 23.,  3.,  3.],
        [16., 13., 11., 10.],
        [ 0.,  6.,  5., 39.]])
2024-12-01 23:33:06,219 INFO server.py 254:: [Server] Precision=[0.5595238  0.53488374 0.52380955 0.75      ],
 Recall=[0.94 0.46 0.22 0.78],
 F1-score=[0.70149255 0.49462366 0.30985916 0.7647059 ],
 my_accuracy=60.00000238418579[%]
2024-12-01 23:33:06,220 INFO _main.py 209:: ########EPOCH 5 ########
2024-12-01 23:33:06,220 INFO _main.py 210:: ###Model distribution###
2024-12-01 23:33:09,897 INFO server.py 1064:: clients' sizes=[1, 2, 1, 0, 0, 0, 2, 2, 0, 1, 0, 1, 2, 2, 2, 2, 1, 1, 2, 0, 1, 1, 1, 1, 1, 0, 1, 1, 1, 1, 2, 0, 2, 0, 1, 2, 1, 0, 2, 0], total=41
2024-12-01 23:33:09,935 INFO server.py 327:: [Server] The aggregation takes 0.039413 seconds.

2024-12-01 23:33:09,936 INFO server.py 211:: [Server] Start testing
2024-12-01 23:33:09,959 INFO server.py 235:: [Server] Test set: Average loss: 0.9810, Accuracy: 117/200 (58.5%)

2024-12-01 23:33:09,961 INFO server.py 238:: [Sever] Confusion matrix:
 tensor([[42.,  6.,  2.,  0.],
        [20., 23.,  4.,  3.],
        [14., 13., 13., 10.],
        [ 0.,  6.,  5., 39.]])
2024-12-01 23:33:09,964 INFO server.py 254:: [Server] Precision=[0.55263156 0.47916666 0.5416667  0.75      ],
 Recall=[0.84 0.46 0.26 0.78],
 F1-score=[0.6666666  0.46938774 0.35135135 0.7647059 ],
 my_accuracy=58.49999785423279[%]
2024-12-01 23:33:09,964 INFO _main.py 209:: ########EPOCH 6 ########
2024-12-01 23:33:09,965 INFO _main.py 210:: ###Model distribution###
2024-12-01 23:33:13,418 INFO server.py 1064:: clients' sizes=[1, 2, 1, 0, 0, 0, 2, 2, 0, 1, 0, 1, 2, 2, 2, 2, 1, 1, 2, 0, 1, 1, 1, 1, 1, 0, 1, 1, 1, 1, 2, 0, 2, 0, 1, 2, 1, 0, 2, 0], total=41
2024-12-01 23:33:13,438 INFO server.py 327:: [Server] The aggregation takes 0.020888 seconds.

2024-12-01 23:33:13,439 INFO server.py 211:: [Server] Start testing
2024-12-01 23:33:13,454 INFO server.py 235:: [Server] Test set: Average loss: 0.9544, Accuracy: 115/200 (57.5%)

2024-12-01 23:33:13,455 INFO server.py 238:: [Sever] Confusion matrix:
 tensor([[41.,  7.,  2.,  0.],
        [20., 21.,  6.,  3.],
        [10., 15., 14., 11.],
        [ 0.,  6.,  5., 39.]])
2024-12-01 23:33:13,457 INFO server.py 254:: [Server] Precision=[0.57746476 0.42857143 0.5185185  0.7358491 ],
 Recall=[0.82 0.42 0.28 0.78],
 F1-score=[0.677686   0.4242424  0.36363637 0.75728154],
 my_accuracy=57.499998807907104[%]
2024-12-01 23:33:13,458 INFO _main.py 209:: ########EPOCH 7 ########
2024-12-01 23:33:13,458 INFO _main.py 210:: ###Model distribution###
2024-12-01 23:33:16,035 INFO server.py 1064:: clients' sizes=[1, 2, 1, 0, 0, 0, 2, 2, 0, 1, 0, 1, 2, 2, 2, 2, 1, 1, 2, 0, 1, 1, 1, 1, 1, 0, 1, 1, 1, 1, 2, 0, 2, 0, 1, 2, 1, 0, 2, 0], total=41
2024-12-01 23:33:16,054 INFO server.py 327:: [Server] The aggregation takes 0.019750 seconds.

2024-12-01 23:33:16,055 INFO server.py 211:: [Server] Start testing
2024-12-01 23:33:16,070 INFO server.py 235:: [Server] Test set: Average loss: 0.9345, Accuracy: 116/200 (58.0%)

2024-12-01 23:33:16,072 INFO server.py 238:: [Sever] Confusion matrix:
 tensor([[41.,  7.,  2.,  0.],
        [19., 21.,  7.,  3.],
        [10., 14., 15., 11.],
        [ 0.,  6.,  5., 39.]])
2024-12-01 23:33:16,073 INFO server.py 254:: [Server] Precision=[0.5857143  0.4375     0.51724136 0.7358491 ],
 Recall=[0.82 0.42 0.3  0.78],
 F1-score=[0.68333334 0.42857143 0.37974682 0.75728154],
 my_accuracy=57.999998331069946[%]
2024-12-01 23:33:16,074 INFO _main.py 209:: ########EPOCH 8 ########
2024-12-01 23:33:16,074 INFO _main.py 210:: ###Model distribution###
2024-12-01 23:33:18,794 INFO server.py 1064:: clients' sizes=[1, 2, 1, 0, 0, 0, 2, 2, 0, 1, 0, 1, 2, 2, 2, 2, 1, 1, 2, 0, 1, 1, 1, 1, 1, 0, 1, 1, 1, 1, 2, 0, 2, 0, 1, 2, 1, 0, 2, 0], total=41
2024-12-01 23:33:18,813 INFO server.py 327:: [Server] The aggregation takes 0.019831 seconds.

2024-12-01 23:33:18,815 INFO server.py 211:: [Server] Start testing
2024-12-01 23:33:18,829 INFO server.py 235:: [Server] Test set: Average loss: 0.9202, Accuracy: 116/200 (58.0%)

2024-12-01 23:33:18,831 INFO server.py 238:: [Sever] Confusion matrix:
 tensor([[41.,  7.,  2.,  0.],
        [18., 22.,  7.,  3.],
        [ 9., 15., 14., 12.],
        [ 0.,  6.,  5., 39.]])
2024-12-01 23:33:18,832 INFO server.py 254:: [Server] Precision=[0.60294116 0.44       0.5        0.7222222 ],
 Recall=[0.82 0.44 0.28 0.78],
 F1-score=[0.6949152  0.44       0.35897437 0.74999994],
 my_accuracy=57.999998331069946[%]
2024-12-01 23:33:18,833 INFO _main.py 209:: ########EPOCH 9 ########
2024-12-01 23:33:18,833 INFO _main.py 210:: ###Model distribution###
2024-12-01 23:33:21,347 INFO server.py 1064:: clients' sizes=[1, 2, 1, 0, 0, 0, 2, 2, 0, 1, 0, 1, 2, 2, 2, 2, 1, 1, 2, 0, 1, 1, 1, 1, 1, 0, 1, 1, 1, 1, 2, 0, 2, 0, 1, 2, 1, 0, 2, 0], total=41
2024-12-01 23:33:21,367 INFO server.py 327:: [Server] The aggregation takes 0.021178 seconds.

2024-12-01 23:33:21,369 INFO server.py 211:: [Server] Start testing
2024-12-01 23:33:21,383 INFO server.py 235:: [Server] Test set: Average loss: 0.9099, Accuracy: 116/200 (58.0%)

2024-12-01 23:33:21,384 INFO server.py 238:: [Sever] Confusion matrix:
 tensor([[41.,  7.,  2.,  0.],
        [18., 22.,  7.,  3.],
        [10., 14., 14., 12.],
        [ 0.,  6.,  5., 39.]])
2024-12-01 23:33:21,385 INFO server.py 254:: [Server] Precision=[0.5942029 0.4489796 0.5       0.7222222],
 Recall=[0.82 0.44 0.28 0.78],
 F1-score=[0.6890756  0.44444445 0.35897437 0.74999994],
 my_accuracy=57.999998331069946[%]
2024-12-01 23:33:21,386 INFO _main.py 209:: ########EPOCH 10 ########
2024-12-01 23:33:21,386 INFO _main.py 210:: ###Model distribution###
2024-12-01 23:33:24,582 INFO server.py 1064:: clients' sizes=[1, 2, 1, 0, 0, 0, 2, 2, 0, 1, 0, 1, 2, 2, 2, 2, 1, 1, 2, 0, 1, 1, 1, 1, 1, 0, 1, 1, 1, 1, 2, 0, 2, 0, 1, 2, 1, 0, 2, 0], total=41
2024-12-01 23:33:24,615 INFO server.py 327:: [Server] The aggregation takes 0.034353 seconds.

2024-12-01 23:33:24,616 INFO server.py 211:: [Server] Start testing
2024-12-01 23:33:24,635 INFO server.py 235:: [Server] Test set: Average loss: 0.9020, Accuracy: 116/200 (58.0%)

2024-12-01 23:33:24,637 INFO server.py 238:: [Sever] Confusion matrix:
 tensor([[41.,  7.,  2.,  0.],
        [18., 22.,  7.,  3.],
        [10., 14., 14., 12.],
        [ 0.,  6.,  5., 39.]])
2024-12-01 23:33:24,639 INFO server.py 254:: [Server] Precision=[0.5942029 0.4489796 0.5       0.7222222],
 Recall=[0.82 0.44 0.28 0.78],
 F1-score=[0.6890756  0.44444445 0.35897437 0.74999994],
 my_accuracy=57.999998331069946[%]
2024-12-01 23:33:24,639 INFO _main.py 209:: ########EPOCH 11 ########
2024-12-01 23:33:24,640 INFO _main.py 210:: ###Model distribution###
2024-12-01 23:33:28,456 INFO server.py 1064:: clients' sizes=[1, 2, 1, 0, 0, 0, 2, 2, 0, 1, 0, 1, 2, 2, 2, 2, 1, 1, 2, 0, 1, 1, 1, 1, 1, 0, 1, 1, 1, 1, 2, 0, 2, 0, 1, 2, 1, 0, 2, 0], total=41
2024-12-01 23:33:28,479 INFO server.py 327:: [Server] The aggregation takes 0.023678 seconds.

2024-12-01 23:33:28,481 INFO server.py 211:: [Server] Start testing
2024-12-01 23:33:28,503 INFO server.py 235:: [Server] Test set: Average loss: 0.8956, Accuracy: 115/200 (57.5%)

2024-12-01 23:33:28,504 INFO server.py 238:: [Sever] Confusion matrix:
 tensor([[41.,  7.,  2.,  0.],
        [18., 21.,  8.,  3.],
        [ 9., 15., 14., 12.],
        [ 0.,  6.,  5., 39.]])
2024-12-01 23:33:28,506 INFO server.py 254:: [Server] Precision=[0.60294116 0.42857143 0.4827586  0.7222222 ],
 Recall=[0.82 0.42 0.28 0.78],
 F1-score=[0.6949152  0.4242424  0.35443038 0.74999994],
 my_accuracy=57.499998807907104[%]
2024-12-01 23:33:28,506 INFO _main.py 209:: ########EPOCH 12 ########
2024-12-01 23:33:28,507 INFO _main.py 210:: ###Model distribution###
2024-12-01 23:33:31,034 INFO server.py 1064:: clients' sizes=[1, 2, 1, 0, 0, 0, 2, 2, 0, 1, 0, 1, 2, 2, 2, 2, 1, 1, 2, 0, 1, 1, 1, 1, 1, 0, 1, 1, 1, 1, 2, 0, 2, 0, 1, 2, 1, 0, 2, 0], total=41
2024-12-01 23:33:31,059 INFO server.py 327:: [Server] The aggregation takes 0.025464 seconds.

2024-12-01 23:33:31,060 INFO server.py 211:: [Server] Start testing
2024-12-01 23:33:31,077 INFO server.py 235:: [Server] Test set: Average loss: 0.8897, Accuracy: 117/200 (58.5%)

2024-12-01 23:33:31,078 INFO server.py 238:: [Sever] Confusion matrix:
 tensor([[41.,  7.,  2.,  0.],
        [18., 20.,  9.,  3.],
        [ 9., 13., 17., 11.],
        [ 0.,  5.,  6., 39.]])
2024-12-01 23:33:31,080 INFO server.py 254:: [Server] Precision=[0.60294116 0.44444445 0.5        0.7358491 ],
 Recall=[0.82 0.4  0.34 0.78],
 F1-score=[0.6949152  0.42105263 0.40476188 0.75728154],
 my_accuracy=58.49999785423279[%]
2024-12-01 23:33:31,081 INFO _main.py 209:: ########EPOCH 13 ########
2024-12-01 23:33:31,081 INFO _main.py 210:: ###Model distribution###
2024-12-01 23:33:33,628 INFO server.py 1064:: clients' sizes=[1, 2, 1, 0, 0, 0, 2, 2, 0, 1, 0, 1, 2, 2, 2, 2, 1, 1, 2, 0, 1, 1, 1, 1, 1, 0, 1, 1, 1, 1, 2, 0, 2, 0, 1, 2, 1, 0, 2, 0], total=41
2024-12-01 23:33:33,655 INFO server.py 327:: [Server] The aggregation takes 0.028370 seconds.

2024-12-01 23:33:33,657 INFO server.py 211:: [Server] Start testing
2024-12-01 23:33:33,678 INFO server.py 235:: [Server] Test set: Average loss: 0.8845, Accuracy: 117/200 (58.5%)

2024-12-01 23:33:33,679 INFO server.py 238:: [Sever] Confusion matrix:
 tensor([[41.,  7.,  2.,  0.],
        [18., 20.,  9.,  3.],
        [ 9., 13., 17., 11.],
        [ 0.,  5.,  6., 39.]])
2024-12-01 23:33:33,680 INFO server.py 254:: [Server] Precision=[0.60294116 0.44444445 0.5        0.7358491 ],
 Recall=[0.82 0.4  0.34 0.78],
 F1-score=[0.6949152  0.42105263 0.40476188 0.75728154],
 my_accuracy=58.49999785423279[%]
2024-12-01 23:33:33,681 INFO _main.py 209:: ########EPOCH 14 ########
2024-12-01 23:33:33,681 INFO _main.py 210:: ###Model distribution###
2024-12-01 23:33:36,322 INFO server.py 1064:: clients' sizes=[1, 2, 1, 0, 0, 0, 2, 2, 0, 1, 0, 1, 2, 2, 2, 2, 1, 1, 2, 0, 1, 1, 1, 1, 1, 0, 1, 1, 1, 1, 2, 0, 2, 0, 1, 2, 1, 0, 2, 0], total=41
2024-12-01 23:33:36,348 INFO server.py 327:: [Server] The aggregation takes 0.026476 seconds.

2024-12-01 23:33:36,350 INFO server.py 211:: [Server] Start testing
2024-12-01 23:33:36,364 INFO server.py 235:: [Server] Test set: Average loss: 0.8805, Accuracy: 117/200 (58.5%)

2024-12-01 23:33:36,365 INFO server.py 238:: [Sever] Confusion matrix:
 tensor([[41.,  7.,  2.,  0.],
        [18., 20.,  9.,  3.],
        [ 8., 14., 17., 11.],
        [ 0.,  5.,  6., 39.]])
2024-12-01 23:33:36,367 INFO server.py 254:: [Server] Precision=[0.6119403 0.4347826 0.5       0.7358491],
 Recall=[0.82 0.4  0.34 0.78],
 F1-score=[0.7008547  0.4166667  0.40476188 0.75728154],
 my_accuracy=58.49999785423279[%]
