2024-12-01 21:04:28,473 INFO _main.py 39:: ################################################################
2024-12-01 21:04:28,475 INFO _main.py 41:: #                              batch_size: 64                  #
2024-12-01 21:04:28,477 INFO _main.py 41:: #                         test_batch_size: 32                  #
2024-12-01 21:04:28,478 INFO _main.py 41:: #                                  epochs: 10                  #
2024-12-01 21:04:28,479 INFO _main.py 41:: #                               optimizer: SGD                 #
2024-12-01 21:04:28,480 INFO _main.py 41:: #                                      lr: 0.01                #
2024-12-01 21:04:28,480 INFO _main.py 41:: #                                momentum: 0.9                 #
2024-12-01 21:04:28,481 INFO _main.py 41:: #                            weight_decay: 0.0001              #
2024-12-01 21:04:28,481 INFO _main.py 41:: #                                    seed: 1                   #
2024-12-01 21:04:28,481 INFO _main.py 41:: #                            log_interval: 11                  #
2024-12-01 21:04:28,481 INFO _main.py 41:: #                             num_clients: 40                  #
2024-12-01 21:04:28,482 INFO _main.py 41:: #                           output_folder: experiments         #
2024-12-01 21:04:28,482 INFO _main.py 41:: #                                 dataset: rockburst           #
2024-12-01 21:04:28,482 INFO _main.py 41:: #                             loader_type: dirichlet           #
2024-12-01 21:04:28,483 INFO _main.py 41:: #                             loader_path: ./data/loader.pk    #
2024-12-01 21:04:28,483 INFO _main.py 41:: #                                      AR: my_hog              #
2024-12-01 21:04:28,483 INFO _main.py 41:: #                     n_attacker_backdoor: 0                   #
2024-12-01 21:04:28,484 INFO _main.py 41:: #                        backdoor_trigger: [0, 0, 1, 1]        #
2024-12-01 21:04:28,484 INFO _main.py 41:: #                   n_attacker_omniscient: 0                   #
2024-12-01 21:04:28,484 INFO _main.py 41:: #                        omniscient_scale: 1                   #
2024-12-01 21:04:28,485 INFO _main.py 41:: #                                 attacks: None                #
2024-12-01 21:04:28,485 INFO _main.py 41:: #                      save_model_weights: False               #
2024-12-01 21:04:28,485 INFO _main.py 41:: #                         experiment_name: sExp4Ba_40ep_rockburst_my_hog_40C_5#
2024-12-01 21:04:28,486 INFO _main.py 41:: #                          path_to_aggNet: None                #
2024-12-01 21:04:28,486 INFO _main.py 41:: #                                  device: cpu                 #
2024-12-01 21:04:28,486 INFO _main.py 41:: #                            inner_epochs: 4                   #
2024-12-01 21:04:28,486 INFO _main.py 41:: #                                 verbose: True                #
2024-12-01 21:04:28,487 INFO _main.py 41:: #                         list_unreliable: [2, 18, 20]         #
2024-12-01 21:04:28,487 INFO _main.py 41:: #                     unreliable_fraction: 0.5                 #
2024-12-01 21:04:28,487 INFO _main.py 41:: #                    unreliable_fracTrain: 0.3                 #
2024-12-01 21:04:28,487 INFO _main.py 41:: #                         mean_unreliable: 0.0                 #
2024-12-01 21:04:28,488 INFO _main.py 41:: #                             blur_method: add_noise           #
2024-12-01 21:04:28,488 INFO _main.py 41:: #                      max_std_unreliable: 30.0                #
2024-12-01 21:04:28,488 INFO _main.py 41:: #                     list_uatk_add_noise: [24, 25, 26]        #
2024-12-01 21:04:28,488 INFO _main.py 41:: #                          mean_add_noise: 0.0                 #
2024-12-01 21:04:28,489 INFO _main.py 41:: #                           std_add_noise: 0.01                #
2024-12-01 21:04:28,489 INFO _main.py 41:: #                     list_uatk_flip_sign: [0, 10, 11]         #
2024-12-01 21:04:28,489 INFO _main.py 42:: ################################################################
2024-12-01 21:04:28,490 INFO _main.py 43:: Namespace(batch_size=64, test_batch_size=32, epochs=10, optimizer='SGD', lr=0.01, momentum=0.9, weight_decay=0.0001, seed=1, log_interval=11, num_clients=40, output_folder='experiments', dataset='rockburst', loader_type='dirichlet', loader_path='./data/loader.pk', AR='my_hog', n_attacker_backdoor=0, backdoor_trigger=[0, 0, 1, 1], n_attacker_omniscient=0, omniscient_scale=1, attacks=None, save_model_weights=False, experiment_name='sExp4Ba_40ep_rockburst_my_hog_40C_5', path_to_aggNet=None, device='cpu', inner_epochs=4, verbose=True, list_unreliable=[2, 18, 20], unreliable_fraction=0.5, unreliable_fracTrain=0.3, mean_unreliable=0.0, blur_method='add_noise', max_std_unreliable=30.0, list_uatk_add_noise=[24, 25, 26], mean_add_noise=0.0, std_add_noise=0.01, list_uatk_flip_sign=[0, 10, 11])
2024-12-01 21:04:28,490 INFO _main.py 44:: #####################
2024-12-01 21:04:28,490 INFO _main.py 45:: #####################
2024-12-01 21:04:28,491 INFO _main.py 46:: #####################
2024-12-01 21:04:28,491 INFO _main.py 47:: Aggregation Rule:	my_hog
2024-12-01 21:04:28,491 INFO _main.py 48:: Data distribution:	dirichlet
2024-12-01 21:04:28,491 INFO _main.py 49:: Attacks:	None 
2024-12-01 21:04:28,492 INFO _main.py 50:: #####################
2024-12-01 21:04:28,492 INFO _main.py 51:: #####################
2024-12-01 21:04:28,492 INFO _main.py 52:: #####################
2024-12-01 21:04:30,025 INFO server.py 366:: SET DBSCAN eps=1.3, min_samples=10
2024-12-01 21:04:30,028 INFO _main.py 135:: [1-normal, 0-malicious] label =tensor([0., 1., 1., 1., 1., 1., 1., 1., 1., 1., 0., 0., 1., 1., 1., 1., 1., 1.,
        1., 1., 1., 1., 1., 1., 0., 0., 0., 1., 1., 1., 1., 1., 1., 1., 1., 1.,
        1., 1., 1., 1.])
2024-12-01 21:04:30,034 INFO malicious_clients.py 117:: init ATTACK OMNISCIENT Client 0
2024-12-01 21:04:30,039 INFO malicious_clients.py 18:: init UNRELIABLE Client 2
2024-12-01 21:04:30,070 INFO malicious_clients.py 117:: init ATTACK OMNISCIENT Client 10
2024-12-01 21:04:30,074 INFO malicious_clients.py 117:: init ATTACK OMNISCIENT Client 11
2024-12-01 21:04:30,097 INFO malicious_clients.py 18:: init UNRELIABLE Client 18
2024-12-01 21:04:30,104 INFO malicious_clients.py 18:: init UNRELIABLE Client 20
2024-12-01 21:04:30,120 INFO malicious_clients.py 73:: init ATTACK ADD NOISE TO GRAD Client 24
2024-12-01 21:04:30,124 INFO malicious_clients.py 73:: init ATTACK ADD NOISE TO GRAD Client 25
2024-12-01 21:04:30,128 INFO malicious_clients.py 73:: init ATTACK ADD NOISE TO GRAD Client 26
2024-12-01 21:04:30,178 INFO server.py 211:: [Server] Start testing
2024-12-01 21:04:30,197 INFO server.py 235:: [Server] Test set: Average loss: 1.3864, Accuracy: 50/200 (25.0%)

2024-12-01 21:04:30,199 INFO server.py 238:: [Sever] Confusion matrix:
 tensor([[50.,  0.,  0.,  0.],
        [50.,  0.,  0.,  0.],
        [50.,  0.,  0.,  0.],
        [50.,  0.,  0.,  0.]])
2024-12-01 21:04:30,233 INFO server.py 254:: [Server] Precision=[0.25  nan  nan  nan],
 Recall=[1. 0. 0. 0.],
 F1-score=[0.4 nan nan nan],
 my_accuracy=25.0[%]
2024-12-01 21:04:30,234 INFO _main.py 209:: ########EPOCH 0 ########
2024-12-01 21:04:30,235 INFO _main.py 210:: ###Model distribution###
2024-12-01 21:04:34,139 INFO server.py 1064:: clients' sizes=[1, 0, 0, 0, 0, 0, 1, 0, 0, 0, 0, 0, 0], total=2
2024-12-01 21:04:34,146 INFO server.py 327:: [Server] The aggregation takes 3.465212 seconds.

2024-12-01 21:04:34,147 INFO server.py 211:: [Server] Start testing
2024-12-01 21:04:34,166 INFO server.py 235:: [Server] Test set: Average loss: 1.3871, Accuracy: 50/200 (25.0%)

2024-12-01 21:04:34,167 INFO server.py 238:: [Sever] Confusion matrix:
 tensor([[50.,  0.,  0.,  0.],
        [50.,  0.,  0.,  0.],
        [50.,  0.,  0.,  0.],
        [50.,  0.,  0.,  0.]])
2024-12-01 21:04:34,169 INFO server.py 254:: [Server] Precision=[0.25  nan  nan  nan],
 Recall=[1. 0. 0. 0.],
 F1-score=[0.4 nan nan nan],
 my_accuracy=25.0[%]
2024-12-01 21:04:34,170 INFO _main.py 209:: ########EPOCH 1 ########
2024-12-01 21:04:34,170 INFO _main.py 210:: ###Model distribution###
2024-12-01 21:04:38,644 INFO server.py 1064:: clients' sizes=[1, 1, 0, 0, 0, 0, 0, 1, 0, 1, 0, 0, 0, 0, 0], total=4
2024-12-01 21:04:38,648 INFO server.py 327:: [Server] The aggregation takes 3.852290 seconds.

2024-12-01 21:04:38,649 INFO server.py 211:: [Server] Start testing
2024-12-01 21:04:38,662 INFO server.py 235:: [Server] Test set: Average loss: 1.3883, Accuracy: 50/200 (25.0%)

2024-12-01 21:04:38,663 INFO server.py 238:: [Sever] Confusion matrix:
 tensor([[50.,  0.,  0.,  0.],
        [50.,  0.,  0.,  0.],
        [50.,  0.,  0.,  0.],
        [50.,  0.,  0.,  0.]])
2024-12-01 21:04:38,665 INFO server.py 254:: [Server] Precision=[0.25  nan  nan  nan],
 Recall=[1. 0. 0. 0.],
 F1-score=[0.4 nan nan nan],
 my_accuracy=25.0[%]
2024-12-01 21:04:38,665 INFO _main.py 209:: ########EPOCH 2 ########
2024-12-01 21:04:38,665 INFO _main.py 210:: ###Model distribution###
2024-12-01 21:04:42,463 INFO server.py 1064:: clients' sizes=[1, 0, 0, 0, 0, 0, 1, 0, 1, 0, 0, 0, 0, 0], total=3
2024-12-01 21:04:42,467 INFO server.py 327:: [Server] The aggregation takes 3.360727 seconds.

2024-12-01 21:04:42,468 INFO server.py 211:: [Server] Start testing
2024-12-01 21:04:42,482 INFO server.py 235:: [Server] Test set: Average loss: 1.3899, Accuracy: 50/200 (25.0%)

2024-12-01 21:04:42,483 INFO server.py 238:: [Sever] Confusion matrix:
 tensor([[50.,  0.,  0.,  0.],
        [50.,  0.,  0.,  0.],
        [50.,  0.,  0.,  0.],
        [50.,  0.,  0.,  0.]])
2024-12-01 21:04:42,485 INFO server.py 254:: [Server] Precision=[0.25  nan  nan  nan],
 Recall=[1. 0. 0. 0.],
 F1-score=[0.4 nan nan nan],
 my_accuracy=25.0[%]
2024-12-01 21:04:42,485 INFO _main.py 209:: ########EPOCH 3 ########
2024-12-01 21:04:42,486 INFO _main.py 210:: ###Model distribution###
2024-12-01 21:04:46,623 INFO server.py 1064:: clients' sizes=[1, 1, 0, 0, 0, 0, 0, 1, 0, 1, 0, 0, 0, 0, 0], total=4
2024-12-01 21:04:46,629 INFO server.py 327:: [Server] The aggregation takes 3.592937 seconds.

2024-12-01 21:04:46,630 INFO server.py 211:: [Server] Start testing
2024-12-01 21:04:46,643 INFO server.py 235:: [Server] Test set: Average loss: 1.3917, Accuracy: 50/200 (25.0%)

2024-12-01 21:04:46,644 INFO server.py 238:: [Sever] Confusion matrix:
 tensor([[50.,  0.,  0.,  0.],
        [50.,  0.,  0.,  0.],
        [50.,  0.,  0.,  0.],
        [50.,  0.,  0.,  0.]])
2024-12-01 21:04:46,646 INFO server.py 254:: [Server] Precision=[0.25  nan  nan  nan],
 Recall=[1. 0. 0. 0.],
 F1-score=[0.4 nan nan nan],
 my_accuracy=25.0[%]
2024-12-01 21:04:46,646 INFO _main.py 209:: ########EPOCH 4 ########
2024-12-01 21:04:46,647 INFO _main.py 210:: ###Model distribution###
2024-12-01 21:04:50,472 INFO server.py 1064:: clients' sizes=[1, 1, 0, 0, 0, 0, 0, 1, 2, 0, 1, 0, 0, 0, 0, 0], total=6
2024-12-01 21:04:50,479 INFO server.py 327:: [Server] The aggregation takes 3.375118 seconds.

2024-12-01 21:04:50,481 INFO server.py 211:: [Server] Start testing
2024-12-01 21:04:50,505 INFO server.py 235:: [Server] Test set: Average loss: 1.3930, Accuracy: 50/200 (25.0%)

2024-12-01 21:04:50,506 INFO server.py 238:: [Sever] Confusion matrix:
 tensor([[50.,  0.,  0.,  0.],
        [50.,  0.,  0.,  0.],
        [50.,  0.,  0.,  0.],
        [50.,  0.,  0.,  0.]])
2024-12-01 21:04:50,510 INFO server.py 254:: [Server] Precision=[0.25  nan  nan  nan],
 Recall=[1. 0. 0. 0.],
 F1-score=[0.4 nan nan nan],
 my_accuracy=25.0[%]
2024-12-01 21:04:50,511 INFO _main.py 209:: ########EPOCH 5 ########
2024-12-01 21:04:50,511 INFO _main.py 210:: ###Model distribution###
2024-12-01 21:04:54,576 INFO server.py 1064:: clients' sizes=[1, 1, 0, 0, 0, 0, 0, 1, 2, 0, 1, 0, 0, 0, 0, 0], total=6
2024-12-01 21:04:54,581 INFO server.py 327:: [Server] The aggregation takes 3.368337 seconds.

2024-12-01 21:04:54,582 INFO server.py 211:: [Server] Start testing
2024-12-01 21:04:54,597 INFO server.py 235:: [Server] Test set: Average loss: 1.3949, Accuracy: 50/200 (25.0%)

2024-12-01 21:04:54,598 INFO server.py 238:: [Sever] Confusion matrix:
 tensor([[50.,  0.,  0.,  0.],
        [50.,  0.,  0.,  0.],
        [50.,  0.,  0.,  0.],
        [50.,  0.,  0.,  0.]])
2024-12-01 21:04:54,600 INFO server.py 254:: [Server] Precision=[0.25  nan  nan  nan],
 Recall=[1. 0. 0. 0.],
 F1-score=[0.4 nan nan nan],
 my_accuracy=25.0[%]
2024-12-01 21:04:54,600 INFO _main.py 209:: ########EPOCH 6 ########
2024-12-01 21:04:54,601 INFO _main.py 210:: ###Model distribution###
2024-12-01 21:04:58,551 INFO server.py 1064:: clients' sizes=[1, 1, 0, 0, 0, 0, 0, 1, 0, 1, 0, 0, 0, 0, 0], total=4
2024-12-01 21:04:58,555 INFO server.py 327:: [Server] The aggregation takes 3.507694 seconds.

2024-12-01 21:04:58,556 INFO server.py 211:: [Server] Start testing
2024-12-01 21:04:58,570 INFO server.py 235:: [Server] Test set: Average loss: 1.3967, Accuracy: 50/200 (25.0%)

2024-12-01 21:04:58,571 INFO server.py 238:: [Sever] Confusion matrix:
 tensor([[50.,  0.,  0.,  0.],
        [50.,  0.,  0.,  0.],
        [50.,  0.,  0.,  0.],
        [50.,  0.,  0.,  0.]])
2024-12-01 21:04:58,573 INFO server.py 254:: [Server] Precision=[0.25  nan  nan  nan],
 Recall=[1. 0. 0. 0.],
 F1-score=[0.4 nan nan nan],
 my_accuracy=25.0[%]
2024-12-01 21:04:58,573 INFO _main.py 209:: ########EPOCH 7 ########
2024-12-01 21:04:58,574 INFO _main.py 210:: ###Model distribution###
2024-12-01 21:05:02,470 INFO server.py 1064:: clients' sizes=[1, 1, 0, 0, 0, 0, 0, 1, 2, 0, 1, 0, 0, 0, 0, 0], total=6
2024-12-01 21:05:02,483 INFO server.py 327:: [Server] The aggregation takes 3.475248 seconds.

2024-12-01 21:05:02,484 INFO server.py 211:: [Server] Start testing
2024-12-01 21:05:02,513 INFO server.py 235:: [Server] Test set: Average loss: 1.3985, Accuracy: 50/200 (25.0%)

2024-12-01 21:05:02,515 INFO server.py 238:: [Sever] Confusion matrix:
 tensor([[50.,  0.,  0.,  0.],
        [50.,  0.,  0.,  0.],
        [50.,  0.,  0.,  0.],
        [50.,  0.,  0.,  0.]])
2024-12-01 21:05:02,516 INFO server.py 254:: [Server] Precision=[0.25  nan  nan  nan],
 Recall=[1. 0. 0. 0.],
 F1-score=[0.4 nan nan nan],
 my_accuracy=25.0[%]
2024-12-01 21:05:02,517 INFO _main.py 209:: ########EPOCH 8 ########
2024-12-01 21:05:02,517 INFO _main.py 210:: ###Model distribution###
2024-12-01 21:05:06,875 INFO server.py 1064:: clients' sizes=[1, 1, 0, 0, 0, 0, 0, 1, 2, 0, 1, 0, 0, 0, 0, 0], total=6
2024-12-01 21:05:06,881 INFO server.py 327:: [Server] The aggregation takes 3.578917 seconds.

2024-12-01 21:05:06,882 INFO server.py 211:: [Server] Start testing
2024-12-01 21:05:06,896 INFO server.py 235:: [Server] Test set: Average loss: 1.4006, Accuracy: 50/200 (25.0%)

2024-12-01 21:05:06,897 INFO server.py 238:: [Sever] Confusion matrix:
 tensor([[50.,  0.,  0.,  0.],
        [50.,  0.,  0.,  0.],
        [50.,  0.,  0.,  0.],
        [50.,  0.,  0.,  0.]])
2024-12-01 21:05:06,898 INFO server.py 254:: [Server] Precision=[0.25  nan  nan  nan],
 Recall=[1. 0. 0. 0.],
 F1-score=[0.4 nan nan nan],
 my_accuracy=25.0[%]
2024-12-01 21:05:06,899 INFO _main.py 209:: ########EPOCH 9 ########
2024-12-01 21:05:06,899 INFO _main.py 210:: ###Model distribution###
2024-12-01 21:05:10,778 INFO server.py 1064:: clients' sizes=[1, 1, 0, 0, 0, 0, 0, 1, 2, 0, 1, 1, 0, 0, 0, 0, 0], total=7
2024-12-01 21:05:10,785 INFO server.py 327:: [Server] The aggregation takes 3.428599 seconds.

2024-12-01 21:05:10,786 INFO server.py 211:: [Server] Start testing
2024-12-01 21:05:10,804 INFO server.py 235:: [Server] Test set: Average loss: 1.4023, Accuracy: 50/200 (25.0%)

2024-12-01 21:05:10,805 INFO server.py 238:: [Sever] Confusion matrix:
 tensor([[50.,  0.,  0.,  0.],
        [50.,  0.,  0.,  0.],
        [50.,  0.,  0.,  0.],
        [50.,  0.,  0.,  0.]])
2024-12-01 21:05:10,806 INFO server.py 254:: [Server] Precision=[0.25  nan  nan  nan],
 Recall=[1. 0. 0. 0.],
 F1-score=[0.4 nan nan nan],
 my_accuracy=25.0[%]
