2024-12-01 21:16:12,090 INFO _main.py 39:: ################################################################
2024-12-01 21:16:12,093 INFO _main.py 41:: #                              batch_size: 64                  #
2024-12-01 21:16:12,097 INFO _main.py 41:: #                         test_batch_size: 32                  #
2024-12-01 21:16:12,098 INFO _main.py 41:: #                                  epochs: 10                  #
2024-12-01 21:16:12,098 INFO _main.py 41:: #                               optimizer: SGD                 #
2024-12-01 21:16:12,098 INFO _main.py 41:: #                                      lr: 0.01                #
2024-12-01 21:16:12,099 INFO _main.py 41:: #                                momentum: 0.9                 #
2024-12-01 21:16:12,099 INFO _main.py 41:: #                            weight_decay: 0.0001              #
2024-12-01 21:16:12,099 INFO _main.py 41:: #                                    seed: 1                   #
2024-12-01 21:16:12,099 INFO _main.py 41:: #                            log_interval: 11                  #
2024-12-01 21:16:12,099 INFO _main.py 41:: #                             num_clients: 40                  #
2024-12-01 21:16:12,100 INFO _main.py 41:: #                           output_folder: experiments         #
2024-12-01 21:16:12,100 INFO _main.py 41:: #                                 dataset: rockburst           #
2024-12-01 21:16:12,100 INFO _main.py 41:: #                             loader_type: dirichlet           #
2024-12-01 21:16:12,101 INFO _main.py 41:: #                             loader_path: ./data/loader.pk    #
2024-12-01 21:16:12,101 INFO _main.py 41:: #                                      AR: my_hog              #
2024-12-01 21:16:12,101 INFO _main.py 41:: #                     n_attacker_backdoor: 0                   #
2024-12-01 21:16:12,101 INFO _main.py 41:: #                        backdoor_trigger: [0, 0, 1, 1]        #
2024-12-01 21:16:12,101 INFO _main.py 41:: #                   n_attacker_omniscient: 0                   #
2024-12-01 21:16:12,102 INFO _main.py 41:: #                        omniscient_scale: 1                   #
2024-12-01 21:16:12,102 INFO _main.py 41:: #                                 attacks: None                #
2024-12-01 21:16:12,102 INFO _main.py 41:: #                      save_model_weights: False               #
2024-12-01 21:16:12,103 INFO _main.py 41:: #                         experiment_name: sExp4Ba_40ep_rockburst_my_hog_40C_5#
2024-12-01 21:16:12,103 INFO _main.py 41:: #                          path_to_aggNet: None                #
2024-12-01 21:16:12,103 INFO _main.py 41:: #                                  device: cpu                 #
2024-12-01 21:16:12,103 INFO _main.py 41:: #                            inner_epochs: 4                   #
2024-12-01 21:16:12,103 INFO _main.py 41:: #                                 verbose: True                #
2024-12-01 21:16:12,104 INFO _main.py 41:: #                         list_unreliable: [2, 18, 20]         #
2024-12-01 21:16:12,104 INFO _main.py 41:: #                     unreliable_fraction: 0.5                 #
2024-12-01 21:16:12,104 INFO _main.py 41:: #                    unreliable_fracTrain: 0.3                 #
2024-12-01 21:16:12,104 INFO _main.py 41:: #                         mean_unreliable: 0.0                 #
2024-12-01 21:16:12,104 INFO _main.py 41:: #                             blur_method: add_noise           #
2024-12-01 21:16:12,105 INFO _main.py 41:: #                      max_std_unreliable: 30.0                #
2024-12-01 21:16:12,105 INFO _main.py 41:: #                     list_uatk_add_noise: [24, 25, 26]        #
2024-12-01 21:16:12,105 INFO _main.py 41:: #                          mean_add_noise: 0.0                 #
2024-12-01 21:16:12,106 INFO _main.py 41:: #                           std_add_noise: 0.01                #
2024-12-01 21:16:12,106 INFO _main.py 41:: #                     list_uatk_flip_sign: [0, 10, 11]         #
2024-12-01 21:16:12,106 INFO _main.py 42:: ################################################################
2024-12-01 21:16:12,106 INFO _main.py 43:: Namespace(batch_size=64, test_batch_size=32, epochs=10, optimizer='SGD', lr=0.01, momentum=0.9, weight_decay=0.0001, seed=1, log_interval=11, num_clients=40, output_folder='experiments', dataset='rockburst', loader_type='dirichlet', loader_path='./data/loader.pk', AR='my_hog', n_attacker_backdoor=0, backdoor_trigger=[0, 0, 1, 1], n_attacker_omniscient=0, omniscient_scale=1, attacks=None, save_model_weights=False, experiment_name='sExp4Ba_40ep_rockburst_my_hog_40C_5', path_to_aggNet=None, device='cpu', inner_epochs=4, verbose=True, list_unreliable=[2, 18, 20], unreliable_fraction=0.5, unreliable_fracTrain=0.3, mean_unreliable=0.0, blur_method='add_noise', max_std_unreliable=30.0, list_uatk_add_noise=[24, 25, 26], mean_add_noise=0.0, std_add_noise=0.01, list_uatk_flip_sign=[0, 10, 11])
2024-12-01 21:16:12,106 INFO _main.py 44:: #####################
2024-12-01 21:16:12,107 INFO _main.py 45:: #####################
2024-12-01 21:16:12,107 INFO _main.py 46:: #####################
2024-12-01 21:16:12,107 INFO _main.py 47:: Aggregation Rule:	my_hog
2024-12-01 21:16:12,108 INFO _main.py 48:: Data distribution:	dirichlet
2024-12-01 21:16:12,108 INFO _main.py 49:: Attacks:	None 
2024-12-01 21:16:12,108 INFO _main.py 50:: #####################
2024-12-01 21:16:12,108 INFO _main.py 51:: #####################
2024-12-01 21:16:12,109 INFO _main.py 52:: #####################
2024-12-01 21:16:13,669 INFO server.py 366:: SET DBSCAN eps=1.3, min_samples=10
2024-12-01 21:16:13,672 INFO _main.py 135:: [1-normal, 0-malicious] label =tensor([0., 1., 1., 1., 1., 1., 1., 1., 1., 1., 0., 0., 1., 1., 1., 1., 1., 1.,
        1., 1., 1., 1., 1., 1., 0., 0., 0., 1., 1., 1., 1., 1., 1., 1., 1., 1.,
        1., 1., 1., 1.])
2024-12-01 21:16:13,678 INFO malicious_clients.py 123:: init ATTACK OMNISCIENT Client 0
2024-12-01 21:16:13,682 INFO malicious_clients.py 18:: init UNRELIABLE Client 2
2024-12-01 21:16:13,714 INFO malicious_clients.py 123:: init ATTACK OMNISCIENT Client 10
2024-12-01 21:16:13,718 INFO malicious_clients.py 123:: init ATTACK OMNISCIENT Client 11
2024-12-01 21:16:13,739 INFO malicious_clients.py 18:: init UNRELIABLE Client 18
2024-12-01 21:16:13,746 INFO malicious_clients.py 18:: init UNRELIABLE Client 20
2024-12-01 21:16:13,764 INFO malicious_clients.py 73:: init ATTACK ADD NOISE TO GRAD Client 24
2024-12-01 21:16:13,768 INFO malicious_clients.py 73:: init ATTACK ADD NOISE TO GRAD Client 25
2024-12-01 21:16:13,772 INFO malicious_clients.py 73:: init ATTACK ADD NOISE TO GRAD Client 26
2024-12-01 21:16:13,823 INFO server.py 211:: [Server] Start testing
2024-12-01 21:16:13,841 INFO server.py 235:: [Server] Test set: Average loss: 1.3864, Accuracy: 50/200 (25.0%)

2024-12-01 21:16:13,842 INFO server.py 238:: [Sever] Confusion matrix:
 tensor([[50.,  0.,  0.,  0.],
        [50.,  0.,  0.,  0.],
        [50.,  0.,  0.,  0.],
        [50.,  0.,  0.,  0.]])
2024-12-01 21:16:13,849 INFO server.py 254:: [Server] Precision=[0.25  nan  nan  nan],
 Recall=[1. 0. 0. 0.],
 F1-score=[0.4 nan nan nan],
 my_accuracy=25.0[%]
2024-12-01 21:16:13,851 INFO _main.py 209:: ########EPOCH 0 ########
2024-12-01 21:16:13,852 INFO _main.py 210:: ###Model distribution###
2024-12-01 21:16:16,289 INFO server.py 1064:: clients' sizes=[1, 2, 1, 0, 0, 0, 2, 2, 0, 1, 0, 1, 2, 2, 2, 2, 1, 1, 2, 0, 1, 1, 1, 1, 1, 0, 1, 1, 1, 1, 2, 0, 2, 0, 1, 2, 1, 0, 2, 0], total=41
2024-12-01 21:16:16,310 INFO server.py 327:: [Server] The aggregation takes 2.025692 seconds.

2024-12-01 21:16:16,312 INFO server.py 211:: [Server] Start testing
2024-12-01 21:16:16,345 INFO server.py 235:: [Server] Test set: Average loss: 1.3840, Accuracy: 50/200 (25.0%)

2024-12-01 21:16:16,348 INFO server.py 238:: [Sever] Confusion matrix:
 tensor([[50.,  0.,  0.,  0.],
        [50.,  0.,  0.,  0.],
        [50.,  0.,  0.,  0.],
        [50.,  0.,  0.,  0.]])
2024-12-01 21:16:16,354 INFO server.py 254:: [Server] Precision=[0.25  nan  nan  nan],
 Recall=[1. 0. 0. 0.],
 F1-score=[0.4 nan nan nan],
 my_accuracy=25.0[%]
2024-12-01 21:16:16,356 INFO _main.py 209:: ########EPOCH 1 ########
2024-12-01 21:16:16,357 INFO _main.py 210:: ###Model distribution###
2024-12-01 21:16:19,275 INFO server.py 1064:: clients' sizes=[1, 1, 0, 0, 0, 2, 0, 0, 1, 2, 2, 1, 1, 2, 0, 1, 1, 1, 1, 1, 0, 1, 1, 1, 0, 2, 0, 1, 2, 0, 2, 0], total=28
2024-12-01 21:16:19,291 INFO server.py 327:: [Server] The aggregation takes 2.099755 seconds.

2024-12-01 21:16:19,292 INFO server.py 211:: [Server] Start testing
2024-12-01 21:16:19,314 INFO server.py 235:: [Server] Test set: Average loss: 1.3810, Accuracy: 50/200 (25.0%)

2024-12-01 21:16:19,315 INFO server.py 238:: [Sever] Confusion matrix:
 tensor([[50.,  0.,  0.,  0.],
        [50.,  0.,  0.,  0.],
        [50.,  0.,  0.,  0.],
        [50.,  0.,  0.,  0.]])
2024-12-01 21:16:19,317 INFO server.py 254:: [Server] Precision=[0.25  nan  nan  nan],
 Recall=[1. 0. 0. 0.],
 F1-score=[0.4 nan nan nan],
 my_accuracy=25.0[%]
2024-12-01 21:16:19,318 INFO _main.py 209:: ########EPOCH 2 ########
2024-12-01 21:16:19,319 INFO _main.py 210:: ###Model distribution###
2024-12-01 21:16:21,928 INFO server.py 1064:: clients' sizes=[1, 1, 0, 0, 0, 2, 0, 0, 1, 2, 2, 1, 2, 0, 1, 1, 1, 1, 0, 1, 1, 1, 0, 2, 0, 1, 2, 0, 0], total=24
2024-12-01 21:16:21,936 INFO server.py 327:: [Server] The aggregation takes 2.017424 seconds.

2024-12-01 21:16:21,938 INFO server.py 211:: [Server] Start testing
2024-12-01 21:16:21,954 INFO server.py 235:: [Server] Test set: Average loss: 1.3783, Accuracy: 50/200 (25.0%)

2024-12-01 21:16:21,956 INFO server.py 238:: [Sever] Confusion matrix:
 tensor([[50.,  0.,  0.,  0.],
        [50.,  0.,  0.,  0.],
        [50.,  0.,  0.,  0.],
        [50.,  0.,  0.,  0.]])
2024-12-01 21:16:21,957 INFO server.py 254:: [Server] Precision=[0.25  nan  nan  nan],
 Recall=[1. 0. 0. 0.],
 F1-score=[0.4 nan nan nan],
 my_accuracy=25.0[%]
2024-12-01 21:16:21,958 INFO _main.py 209:: ########EPOCH 3 ########
2024-12-01 21:16:21,958 INFO _main.py 210:: ###Model distribution###
2024-12-01 21:16:24,472 INFO server.py 1064:: clients' sizes=[1, 1, 0, 0, 0, 0, 0, 1, 2, 2, 1, 2, 0, 1, 1, 1, 1, 0, 1, 1, 0, 2, 0, 0, 0], total=18
2024-12-01 21:16:24,480 INFO server.py 327:: [Server] The aggregation takes 2.057383 seconds.

2024-12-01 21:16:24,481 INFO server.py 211:: [Server] Start testing
2024-12-01 21:16:24,496 INFO server.py 235:: [Server] Test set: Average loss: 1.3762, Accuracy: 50/200 (25.0%)

2024-12-01 21:16:24,498 INFO server.py 238:: [Sever] Confusion matrix:
 tensor([[50.,  0.,  0.,  0.],
        [50.,  0.,  0.,  0.],
        [50.,  0.,  0.,  0.],
        [50.,  0.,  0.,  0.]])
2024-12-01 21:16:24,499 INFO server.py 254:: [Server] Precision=[0.25  nan  nan  nan],
 Recall=[1. 0. 0. 0.],
 F1-score=[0.4 nan nan nan],
 my_accuracy=25.0[%]
2024-12-01 21:16:24,500 INFO _main.py 209:: ########EPOCH 4 ########
2024-12-01 21:16:24,500 INFO _main.py 210:: ###Model distribution###
2024-12-01 21:16:27,031 INFO server.py 1064:: clients' sizes=[1, 1, 0, 0, 0, 0, 0, 1, 1, 2, 0, 1, 1, 1, 1, 0, 1, 0, 0, 0, 0], total=11
2024-12-01 21:16:27,041 INFO server.py 327:: [Server] The aggregation takes 2.059272 seconds.

2024-12-01 21:16:27,042 INFO server.py 211:: [Server] Start testing
2024-12-01 21:16:27,060 INFO server.py 235:: [Server] Test set: Average loss: 1.3770, Accuracy: 50/200 (25.0%)

2024-12-01 21:16:27,062 INFO server.py 238:: [Sever] Confusion matrix:
 tensor([[50.,  0.,  0.,  0.],
        [50.,  0.,  0.,  0.],
        [50.,  0.,  0.,  0.],
        [50.,  0.,  0.,  0.]])
2024-12-01 21:16:27,064 INFO server.py 254:: [Server] Precision=[0.25  nan  nan  nan],
 Recall=[1. 0. 0. 0.],
 F1-score=[0.4 nan nan nan],
 my_accuracy=25.0[%]
2024-12-01 21:16:27,064 INFO _main.py 209:: ########EPOCH 5 ########
2024-12-01 21:16:27,065 INFO _main.py 210:: ###Model distribution###
2024-12-01 21:16:29,584 INFO server.py 1064:: clients' sizes=[1, 1, 0, 0, 0, 0, 0, 1, 1, 2, 0, 1, 1, 1, 1, 0, 1, 0, 0, 0, 0], total=11
2024-12-01 21:16:29,591 INFO server.py 327:: [Server] The aggregation takes 2.069225 seconds.

2024-12-01 21:16:29,592 INFO server.py 211:: [Server] Start testing
2024-12-01 21:16:29,613 INFO server.py 235:: [Server] Test set: Average loss: 1.3775, Accuracy: 50/200 (25.0%)

2024-12-01 21:16:29,614 INFO server.py 238:: [Sever] Confusion matrix:
 tensor([[50.,  0.,  0.,  0.],
        [50.,  0.,  0.,  0.],
        [50.,  0.,  0.,  0.],
        [50.,  0.,  0.,  0.]])
2024-12-01 21:16:29,616 INFO server.py 254:: [Server] Precision=[0.25  nan  nan  nan],
 Recall=[1. 0. 0. 0.],
 F1-score=[0.4 nan nan nan],
 my_accuracy=25.0[%]
2024-12-01 21:16:29,618 INFO _main.py 209:: ########EPOCH 6 ########
2024-12-01 21:16:29,619 INFO _main.py 210:: ###Model distribution###
2024-12-01 21:16:32,375 INFO server.py 1064:: clients' sizes=[1, 1, 0, 0, 0, 0, 0, 1, 1, 2, 0, 1, 1, 1, 1, 0, 1, 0, 0, 0, 0], total=11
2024-12-01 21:16:32,384 INFO server.py 327:: [Server] The aggregation takes 2.128090 seconds.

2024-12-01 21:16:32,385 INFO server.py 211:: [Server] Start testing
2024-12-01 21:16:32,407 INFO server.py 235:: [Server] Test set: Average loss: 1.3781, Accuracy: 50/200 (25.0%)

2024-12-01 21:16:32,409 INFO server.py 238:: [Sever] Confusion matrix:
 tensor([[50.,  0.,  0.,  0.],
        [50.,  0.,  0.,  0.],
        [50.,  0.,  0.,  0.],
        [50.,  0.,  0.,  0.]])
2024-12-01 21:16:32,410 INFO server.py 254:: [Server] Precision=[0.25  nan  nan  nan],
 Recall=[1. 0. 0. 0.],
 F1-score=[0.4 nan nan nan],
 my_accuracy=25.0[%]
2024-12-01 21:16:32,411 INFO _main.py 209:: ########EPOCH 7 ########
2024-12-01 21:16:32,412 INFO _main.py 210:: ###Model distribution###
2024-12-01 21:16:35,109 INFO server.py 1064:: clients' sizes=[1, 1, 0, 0, 0, 0, 0, 1, 1, 2, 0, 1, 1, 1, 1, 0, 1, 0, 0, 0, 0], total=11
2024-12-01 21:16:35,115 INFO server.py 327:: [Server] The aggregation takes 2.029453 seconds.

2024-12-01 21:16:35,116 INFO server.py 211:: [Server] Start testing
2024-12-01 21:16:35,130 INFO server.py 235:: [Server] Test set: Average loss: 1.3791, Accuracy: 50/200 (25.0%)

2024-12-01 21:16:35,131 INFO server.py 238:: [Sever] Confusion matrix:
 tensor([[50.,  0.,  0.,  0.],
        [50.,  0.,  0.,  0.],
        [50.,  0.,  0.,  0.],
        [50.,  0.,  0.,  0.]])
2024-12-01 21:16:35,132 INFO server.py 254:: [Server] Precision=[0.25  nan  nan  nan],
 Recall=[1. 0. 0. 0.],
 F1-score=[0.4 nan nan nan],
 my_accuracy=25.0[%]
2024-12-01 21:16:35,133 INFO _main.py 209:: ########EPOCH 8 ########
2024-12-01 21:16:35,134 INFO _main.py 210:: ###Model distribution###
2024-12-01 21:16:37,657 INFO server.py 1064:: clients' sizes=[1, 1, 0, 0, 0, 0, 0, 1, 1, 2, 0, 1, 1, 1, 1, 0, 1, 0, 0, 0, 0], total=11
2024-12-01 21:16:37,666 INFO server.py 327:: [Server] The aggregation takes 2.077016 seconds.

2024-12-01 21:16:37,667 INFO server.py 211:: [Server] Start testing
2024-12-01 21:16:37,680 INFO server.py 235:: [Server] Test set: Average loss: 1.3800, Accuracy: 50/200 (25.0%)

2024-12-01 21:16:37,681 INFO server.py 238:: [Sever] Confusion matrix:
 tensor([[50.,  0.,  0.,  0.],
        [50.,  0.,  0.,  0.],
        [50.,  0.,  0.,  0.],
        [50.,  0.,  0.,  0.]])
2024-12-01 21:16:37,682 INFO server.py 254:: [Server] Precision=[0.25  nan  nan  nan],
 Recall=[1. 0. 0. 0.],
 F1-score=[0.4 nan nan nan],
 my_accuracy=25.0[%]
2024-12-01 21:16:37,683 INFO _main.py 209:: ########EPOCH 9 ########
2024-12-01 21:16:37,683 INFO _main.py 210:: ###Model distribution###
2024-12-01 21:16:40,129 INFO server.py 1064:: clients' sizes=[1, 1, 0, 0, 0, 0, 0, 1, 1, 2, 0, 1, 1, 1, 1, 0, 1, 0, 0, 0, 0], total=11
2024-12-01 21:16:40,136 INFO server.py 327:: [Server] The aggregation takes 2.015512 seconds.

2024-12-01 21:16:40,137 INFO server.py 211:: [Server] Start testing
2024-12-01 21:16:40,150 INFO server.py 235:: [Server] Test set: Average loss: 1.3810, Accuracy: 50/200 (25.0%)

2024-12-01 21:16:40,151 INFO server.py 238:: [Sever] Confusion matrix:
 tensor([[50.,  0.,  0.,  0.],
        [50.,  0.,  0.,  0.],
        [50.,  0.,  0.,  0.],
        [50.,  0.,  0.,  0.]])
2024-12-01 21:16:40,153 INFO server.py 254:: [Server] Precision=[0.25  nan  nan  nan],
 Recall=[1. 0. 0. 0.],
 F1-score=[0.4 nan nan nan],
 my_accuracy=25.0[%]
