2024-12-01 15:00:16,705 INFO _main.py 39:: ################################################################
2024-12-01 15:00:16,707 INFO _main.py 41:: #                              batch_size: 64                  #
2024-12-01 15:00:16,708 INFO _main.py 41:: #                         test_batch_size: 64                  #
2024-12-01 15:00:16,709 INFO _main.py 41:: #                                  epochs: 10                  #
2024-12-01 15:00:16,710 INFO _main.py 41:: #                               optimizer: SGD                 #
2024-12-01 15:00:16,711 INFO _main.py 41:: #                                      lr: 0.01                #
2024-12-01 15:00:16,711 INFO _main.py 41:: #                                momentum: 0.9                 #
2024-12-01 15:00:16,711 INFO _main.py 41:: #                            weight_decay: 0.0001              #
2024-12-01 15:00:16,711 INFO _main.py 41:: #                                    seed: 1                   #
2024-12-01 15:00:16,711 INFO _main.py 41:: #                            log_interval: 11                  #
2024-12-01 15:00:16,712 INFO _main.py 41:: #                             num_clients: 40                  #
2024-12-01 15:00:16,712 INFO _main.py 41:: #                           output_folder: experiments         #
2024-12-01 15:00:16,712 INFO _main.py 41:: #                                 dataset: rockburst           #
2024-12-01 15:00:16,712 INFO _main.py 41:: #                             loader_type: dirichlet           #
2024-12-01 15:00:16,712 INFO _main.py 41:: #                             loader_path: ./data/loader.pk    #
2024-12-01 15:00:16,713 INFO _main.py 41:: #                                      AR: my_hog              #
2024-12-01 15:00:16,713 INFO _main.py 41:: #                     n_attacker_backdoor: 0                   #
2024-12-01 15:00:16,713 INFO _main.py 41:: #                        backdoor_trigger: [0, 0, 1, 1]        #
2024-12-01 15:00:16,713 INFO _main.py 41:: #                   n_attacker_omniscient: 0                   #
2024-12-01 15:00:16,714 INFO _main.py 41:: #                        omniscient_scale: 1                   #
2024-12-01 15:00:16,714 INFO _main.py 41:: #                                 attacks: None                #
2024-12-01 15:00:16,714 INFO _main.py 41:: #                      save_model_weights: False               #
2024-12-01 15:00:16,714 INFO _main.py 41:: #                         experiment_name: sExp4Ba_40ep_rockburst_my_hog_40C_5#
2024-12-01 15:00:16,714 INFO _main.py 41:: #                          path_to_aggNet: None                #
2024-12-01 15:00:16,714 INFO _main.py 41:: #                                  device: cpu                 #
2024-12-01 15:00:16,715 INFO _main.py 41:: #                            inner_epochs: 4                   #
2024-12-01 15:00:16,715 INFO _main.py 41:: #                                 verbose: True                #
2024-12-01 15:00:16,715 INFO _main.py 41:: #                         list_unreliable: [2, 18, 20]         #
2024-12-01 15:00:16,715 INFO _main.py 41:: #                     unreliable_fraction: 0.5                 #
2024-12-01 15:00:16,716 INFO _main.py 41:: #                    unreliable_fracTrain: 0.3                 #
2024-12-01 15:00:16,716 INFO _main.py 41:: #                         mean_unreliable: 0.0                 #
2024-12-01 15:00:16,716 INFO _main.py 41:: #                             blur_method: add_noise           #
2024-12-01 15:00:16,716 INFO _main.py 41:: #                      max_std_unreliable: 30.0                #
2024-12-01 15:00:16,716 INFO _main.py 41:: #                     list_uatk_add_noise: [24, 25, 26]        #
2024-12-01 15:00:16,716 INFO _main.py 41:: #                          mean_add_noise: 0.0                 #
2024-12-01 15:00:16,717 INFO _main.py 41:: #                           std_add_noise: 0.01                #
2024-12-01 15:00:16,717 INFO _main.py 41:: #                     list_uatk_flip_sign: [0, 10, 11]         #
2024-12-01 15:00:16,717 INFO _main.py 42:: ################################################################
2024-12-01 15:00:16,717 INFO _main.py 43:: Namespace(batch_size=64, test_batch_size=64, epochs=10, optimizer='SGD', lr=0.01, momentum=0.9, weight_decay=0.0001, seed=1, log_interval=11, num_clients=40, output_folder='experiments', dataset='rockburst', loader_type='dirichlet', loader_path='./data/loader.pk', AR='my_hog', n_attacker_backdoor=0, backdoor_trigger=[0, 0, 1, 1], n_attacker_omniscient=0, omniscient_scale=1, attacks=None, save_model_weights=False, experiment_name='sExp4Ba_40ep_rockburst_my_hog_40C_5', path_to_aggNet=None, device='cpu', inner_epochs=4, verbose=True, list_unreliable=[2, 18, 20], unreliable_fraction=0.5, unreliable_fracTrain=0.3, mean_unreliable=0.0, blur_method='add_noise', max_std_unreliable=30.0, list_uatk_add_noise=[24, 25, 26], mean_add_noise=0.0, std_add_noise=0.01, list_uatk_flip_sign=[0, 10, 11])
2024-12-01 15:00:16,718 INFO _main.py 44:: #####################
2024-12-01 15:00:16,718 INFO _main.py 45:: #####################
2024-12-01 15:00:16,718 INFO _main.py 46:: #####################
2024-12-01 15:00:16,718 INFO _main.py 47:: Aggregation Rule:	my_hog
2024-12-01 15:00:16,718 INFO _main.py 48:: Data distribution:	dirichlet
2024-12-01 15:00:16,718 INFO _main.py 49:: Attacks:	None 
2024-12-01 15:00:16,719 INFO _main.py 50:: #####################
2024-12-01 15:00:16,719 INFO _main.py 51:: #####################
2024-12-01 15:00:16,719 INFO _main.py 52:: #####################
2024-12-01 15:00:18,320 INFO server.py 341:: SET DBSCAN eps=1.3, min_samples=10
2024-12-01 15:00:18,324 INFO _main.py 134:: [1-normal, 0-malicious] label =tensor([0., 1., 1., 1., 1., 1., 1., 1., 1., 1., 0., 0., 1., 1., 1., 1., 1., 1.,
        1., 1., 1., 1., 1., 1., 0., 0., 0., 1., 1., 1., 1., 1., 1., 1., 1., 1.,
        1., 1., 1., 1.])
2024-12-01 15:00:18,329 INFO malicious_clients.py 101:: init ATTACK OMNISCIENT Client 0
2024-12-01 15:00:18,334 INFO malicious_clients.py 18:: init UNRELIABLE Client 2
2024-12-01 15:00:18,366 INFO malicious_clients.py 101:: init ATTACK OMNISCIENT Client 10
2024-12-01 15:00:18,369 INFO malicious_clients.py 101:: init ATTACK OMNISCIENT Client 11
2024-12-01 15:00:18,390 INFO malicious_clients.py 18:: init UNRELIABLE Client 18
2024-12-01 15:00:18,396 INFO malicious_clients.py 18:: init UNRELIABLE Client 20
2024-12-01 15:00:18,411 INFO malicious_clients.py 73:: init ATTACK ADD NOISE TO GRAD Client 24
2024-12-01 15:00:18,416 INFO malicious_clients.py 73:: init ATTACK ADD NOISE TO GRAD Client 25
2024-12-01 15:00:18,422 INFO malicious_clients.py 73:: init ATTACK ADD NOISE TO GRAD Client 26
2024-12-01 15:00:18,468 INFO server.py 186:: [Server] Start testing
2024-12-01 15:00:18,569 INFO server.py 210:: [Server] Test set: Average loss: 1.3864, Accuracy: 50/200 (25.0%)

2024-12-01 15:00:18,570 INFO server.py 213:: [Sever] Confusion matrix:
 tensor([[50.,  0.,  0.,  0.],
        [50.,  0.,  0.,  0.],
        [50.,  0.,  0.,  0.],
        [50.,  0.,  0.,  0.]])
2024-12-01 15:00:18,581 INFO server.py 229:: [Server] Precision=[0.25  nan  nan  nan],
 Recall=[1. 0. 0. 0.],
 F1-score=[0.4 nan nan nan],
 my_accuracy=25.0[%]
2024-12-01 15:00:18,583 INFO _main.py 208:: ########EPOCH 0 ########
2024-12-01 15:00:18,584 INFO _main.py 209:: ###Model distribution###
2024-12-01 15:00:19,433 INFO server.py 1193:: clients' sizes=[1, 2, 1, 0, 0, 0, 2, 2, 0, 1, 0, 1, 2, 2, 2, 2, 1, 1, 2, 0, 1, 1, 1, 1, 1, 0, 1, 1, 1, 1, 2, 0, 2, 0, 1, 2, 1, 0, 2, 0], total=41
2024-12-01 15:00:19,455 INFO server.py 302:: [Server] The aggregation takes 0.349070 seconds.

2024-12-01 15:00:19,456 INFO server.py 186:: [Server] Start testing
2024-12-01 15:00:19,469 INFO server.py 210:: [Server] Test set: Average loss: 1.3838, Accuracy: 50/200 (25.0%)

2024-12-01 15:00:19,470 INFO server.py 213:: [Sever] Confusion matrix:
 tensor([[50.,  0.,  0.,  0.],
        [50.,  0.,  0.,  0.],
        [50.,  0.,  0.,  0.],
        [50.,  0.,  0.,  0.]])
2024-12-01 15:00:19,472 INFO server.py 229:: [Server] Precision=[0.25  nan  nan  nan],
 Recall=[1. 0. 0. 0.],
 F1-score=[0.4 nan nan nan],
 my_accuracy=25.0[%]
2024-12-01 15:00:19,473 INFO _main.py 208:: ########EPOCH 1 ########
2024-12-01 15:00:19,473 INFO _main.py 209:: ###Model distribution###
2024-12-01 15:00:20,247 INFO server.py 1193:: clients' sizes=[1, 2, 1, 0, 0, 0, 2, 2, 0, 1, 0, 1, 2, 2, 2, 2, 1, 1, 2, 0, 1, 1, 1, 1, 1, 0, 1, 1, 1, 1, 2, 0, 2, 0, 1, 2, 1, 0, 2, 0], total=41
2024-12-01 15:00:20,265 INFO server.py 302:: [Server] The aggregation takes 0.322545 seconds.

2024-12-01 15:00:20,266 INFO server.py 186:: [Server] Start testing
2024-12-01 15:00:20,281 INFO server.py 210:: [Server] Test set: Average loss: 1.3781, Accuracy: 50/200 (25.0%)

2024-12-01 15:00:20,282 INFO server.py 213:: [Sever] Confusion matrix:
 tensor([[50.,  0.,  0.,  0.],
        [50.,  0.,  0.,  0.],
        [50.,  0.,  0.,  0.],
        [50.,  0.,  0.,  0.]])
2024-12-01 15:00:20,284 INFO server.py 229:: [Server] Precision=[0.25  nan  nan  nan],
 Recall=[1. 0. 0. 0.],
 F1-score=[0.4 nan nan nan],
 my_accuracy=25.0[%]
2024-12-01 15:00:20,285 INFO _main.py 208:: ########EPOCH 2 ########
2024-12-01 15:00:20,286 INFO _main.py 209:: ###Model distribution###
2024-12-01 15:00:21,059 INFO server.py 1193:: clients' sizes=[1, 2, 1, 0, 0, 0, 2, 2, 0, 1, 0, 1, 2, 2, 2, 2, 1, 1, 2, 0, 1, 1, 1, 1, 1, 0, 1, 1, 1, 1, 2, 0, 2, 0, 1, 2, 1, 0, 2, 0], total=41
2024-12-01 15:00:21,082 INFO server.py 302:: [Server] The aggregation takes 0.322915 seconds.

2024-12-01 15:00:21,084 INFO server.py 186:: [Server] Start testing
2024-12-01 15:00:21,100 INFO server.py 210:: [Server] Test set: Average loss: 1.3711, Accuracy: 50/200 (25.0%)

2024-12-01 15:00:21,102 INFO server.py 213:: [Sever] Confusion matrix:
 tensor([[50.,  0.,  0.,  0.],
        [50.,  0.,  0.,  0.],
        [50.,  0.,  0.,  0.],
        [50.,  0.,  0.,  0.]])
2024-12-01 15:00:21,103 INFO server.py 229:: [Server] Precision=[0.25  nan  nan  nan],
 Recall=[1. 0. 0. 0.],
 F1-score=[0.4 nan nan nan],
 my_accuracy=25.0[%]
2024-12-01 15:00:21,104 INFO _main.py 208:: ########EPOCH 3 ########
2024-12-01 15:00:21,105 INFO _main.py 209:: ###Model distribution###
2024-12-01 15:00:21,627 INFO server.py 775:: flip_sign_id=set()
2024-12-01 15:00:21,628 INFO server.py 790:: ===========using shortHoGs for detecting UNTARGETED ATTACK====
2024-12-01 15:00:21,792 INFO server.py 816:: labels cluster_sh= [0 0 0 0 0 0 0 0 0 0 0 0 0 0 0 0 0 0 0 0 0 0 0 0 0 0 0 0 0 0 0 0 0 0 0 0 0
 0 0 0]
2024-12-01 15:00:21,806 DEBUG server.py 821:: offset_normal_ids=[ 0  1  2  3  4  5  6  7  8  9 10 11 12 13 14 15 16 17 18 19 20 21 22 23
 24 25 26 27 28 29 30 31 32 33 34 35 36 37 38 39], normal_ids=[ 0  1  2  3  4  5  6  7  8  9 10 11 12 13 14 15 16 17 18 19 20 21 22 23
 24 25 26 27 28 29 30 31 32 33 34 35 36 37 38 39]
2024-12-01 15:00:21,807 INFO server.py 826:: SUSPECTED UNTARGETED []
2024-12-01 15:00:21,808 DEBUG server.py 830:: suspicious_ids=[]
2024-12-01 15:00:21,808 DEBUG server.py 839:: d_normal_sus={}, d_separate=0
2024-12-01 15:00:21,808 INFO server.py 846:: This round UNTARGETED=set(), sus_tAtk_uRel_id0=set()
2024-12-01 15:00:21,808 INFO server.py 864:: =======Using LONG HOGs for detecting TARGETED ATTACK========
2024-12-01 15:00:21,855 INFO server.py 118:: This round TARGETED ATTACK: [ 0  1 32  6 38  9 11 12 13 15 16 23 28 29 30]
2024-12-01 15:00:21,856 DEBUG server.py 477:: mal_ids=set(), pre_mal_id=defaultdict(<class 'int'>, {0: 1, 1: 1, 2: 0, 3: 0, 4: 0, 5: 0, 6: 1, 7: 0, 8: 0, 9: 1, 10: 0, 11: 1, 12: 1, 13: 1, 14: 0, 15: 1, 16: 1, 17: 0, 18: 0, 19: 0, 20: 0, 21: 0, 22: 0, 23: 1, 24: 0, 25: 0, 26: 0, 27: 0, 28: 1, 29: 1, 30: 1, 31: 0, 32: 1, 33: 0, 34: 0, 35: 0, 36: 0, 37: 0, 38: 1, 39: 0})
2024-12-01 15:00:21,856 INFO server.py 479:: FLIP-SIGN ATTACK=set()
2024-12-01 15:00:21,856 INFO server.py 480:: UNTARGETED ATTACK=set()
2024-12-01 15:00:21,856 INFO server.py 481:: TARGETED ATTACK=set()
2024-12-01 15:00:21,857 INFO server.py 869:: OVERTIME MALICIOUS client ids =set()
2024-12-01 15:00:21,878 INFO server.py 915:: This round UNRELIABLE={2, 35, 17, 18, 20, 21, 24, 26}, normal_id={0, 1, 3, 4, 5, 6, 7, 8, 9, 10, 11, 12, 13, 14, 15, 16, 19, 22, 23, 25, 27, 28, 29, 30, 31, 32, 33, 34, 36, 37, 38, 39}
2024-12-01 15:00:21,878 DEBUG server.py 917:: anlge_sHoGs={0: 0.5373441, 1: 0.46792838, 2: 0.055306107, 3: nan, 4: nan, 5: nan, 6: 0.556682, 7: 0.27733114, 8: nan, 9: 0.46015835, 10: nan, 11: 0.40681663, 12: 0.43376774, 13: 0.5295412, 14: 0.3205409, 15: 0.36665112, 16: 0.39639604, 17: 0.23739642, 18: 0.17762657, 19: nan, 20: 0.05580843, 21: 0.15227485, 22: 0.32474568, 23: 0.43401358, 24: 0.16057679, 25: nan, 26: 0.19635019, 27: 0.42840695, 28: 0.4430592, 29: 0.3457259, 30: 0.4726831, 31: nan, 32: 0.38327476, 33: nan, 34: 0.43984264, 35: 0.21527049, 36: 0.49236515, 37: nan, 38: 0.3425256, 39: nan}, angle_sep_nsH=0.2616172432899475
2024-12-01 15:00:21,879 INFO server.py 929:: UNRELIABLE clients =set()
2024-12-01 15:00:21,970 INFO server.py 1193:: clients' sizes=[1, 0, 0, 0, 2, 0, 0, 2, 1, 2, 0, 1, 1, 1, 1, 0, 1, 1, 0, 0, 1, 2, 1, 0, 0], total=18
2024-12-01 15:00:21,977 INFO server.py 302:: [Server] The aggregation takes 0.418130 seconds.

2024-12-01 15:00:21,978 INFO server.py 186:: [Server] Start testing
2024-12-01 15:00:21,991 INFO server.py 210:: [Server] Test set: Average loss: 1.3682, Accuracy: 51/200 (25.5%)

2024-12-01 15:00:21,993 INFO server.py 213:: [Sever] Confusion matrix:
 tensor([[50.,  0.,  0.,  0.],
        [50.,  0.,  0.,  0.],
        [50.,  0.,  0.,  0.],
        [49.,  0.,  0.,  1.]])
2024-12-01 15:00:21,995 INFO server.py 229:: [Server] Precision=[0.2512563       nan       nan 1.       ],
 Recall=[1.   0.   0.   0.02],
 F1-score=[0.40160644        nan        nan 0.03921569],
 my_accuracy=25.499999523162842[%]
2024-12-01 15:00:21,995 INFO _main.py 208:: ########EPOCH 4 ########
2024-12-01 15:00:21,995 INFO _main.py 209:: ###Model distribution###
2024-12-01 15:00:22,524 INFO server.py 775:: flip_sign_id=set()
2024-12-01 15:00:22,525 INFO server.py 790:: ===========using shortHoGs for detecting UNTARGETED ATTACK====
2024-12-01 15:00:22,571 INFO server.py 816:: labels cluster_sh= [0 0 0 0 0 0 0 0 0 0 0 0 0 0 0 0 0 0 0 0 0 0 0 0 0 0 0 0 0 0 0 0 0 0 0 0 0
 0 0 0]
2024-12-01 15:00:22,585 DEBUG server.py 821:: offset_normal_ids=[ 0  1  2  3  4  5  6  7  8  9 10 11 12 13 14 15 16 17 18 19 20 21 22 23
 24 25 26 27 28 29 30 31 32 33 34 35 36 37 38 39], normal_ids=[ 0  1  2  3  4  5  6  7  8  9 10 11 12 13 14 15 16 17 18 19 20 21 22 23
 24 25 26 27 28 29 30 31 32 33 34 35 36 37 38 39]
2024-12-01 15:00:22,586 INFO server.py 826:: SUSPECTED UNTARGETED []
2024-12-01 15:00:22,586 DEBUG server.py 830:: suspicious_ids=[]
2024-12-01 15:00:22,586 DEBUG server.py 839:: d_normal_sus={}, d_separate=0
2024-12-01 15:00:22,586 INFO server.py 846:: This round UNTARGETED=set(), sus_tAtk_uRel_id0=set()
2024-12-01 15:00:22,587 INFO server.py 864:: =======Using LONG HOGs for detecting TARGETED ATTACK========
2024-12-01 15:00:22,610 INFO server.py 118:: This round TARGETED ATTACK: [ 0  1 32  6 38  9 11 12 13 15 16 23 28 29 30]
2024-12-01 15:00:22,616 DEBUG server.py 477:: mal_ids=set(), pre_mal_id=defaultdict(<class 'int'>, {0: 2, 1: 2, 2: 0, 3: 0, 4: 0, 5: 0, 6: 2, 7: 0, 8: 0, 9: 2, 10: 0, 11: 2, 12: 2, 13: 2, 14: 0, 15: 2, 16: 2, 17: 0, 18: 0, 19: 0, 20: 0, 21: 0, 22: 0, 23: 2, 24: 0, 25: 0, 26: 0, 27: 0, 28: 2, 29: 2, 30: 2, 31: 0, 32: 2, 33: 0, 34: 0, 35: 0, 36: 0, 37: 0, 38: 2, 39: 0})
2024-12-01 15:00:22,616 INFO server.py 479:: FLIP-SIGN ATTACK=set()
2024-12-01 15:00:22,616 INFO server.py 480:: UNTARGETED ATTACK=set()
2024-12-01 15:00:22,617 INFO server.py 481:: TARGETED ATTACK=set()
2024-12-01 15:00:22,617 INFO server.py 869:: OVERTIME MALICIOUS client ids =set()
2024-12-01 15:00:22,644 INFO server.py 915:: This round UNRELIABLE={2, 35, 17, 18, 20, 21, 24, 26}, normal_id={0, 1, 3, 4, 5, 6, 7, 8, 9, 10, 11, 12, 13, 14, 15, 16, 19, 22, 23, 25, 27, 28, 29, 30, 31, 32, 33, 34, 36, 37, 38, 39}
2024-12-01 15:00:22,646 DEBUG server.py 917:: anlge_sHoGs={0: 0.5373441, 1: 0.46792838, 2: 0.055306107, 3: nan, 4: nan, 5: nan, 6: 0.556682, 7: 0.27733114, 8: nan, 9: 0.46015835, 10: nan, 11: 0.40681663, 12: 0.43376774, 13: 0.5295412, 14: 0.3205409, 15: 0.36665112, 16: 0.39639604, 17: 0.23739642, 18: 0.17762657, 19: nan, 20: 0.05580843, 21: 0.15227485, 22: 0.32474568, 23: 0.43401358, 24: 0.16057679, 25: nan, 26: 0.19635019, 27: 0.42840695, 28: 0.4430592, 29: 0.3457259, 30: 0.4726831, 31: nan, 32: 0.38327476, 33: nan, 34: 0.43984264, 35: 0.21527049, 36: 0.49236515, 37: nan, 38: 0.3425256, 39: nan}, angle_sep_nsH=0.2616172432899475
2024-12-01 15:00:22,646 INFO server.py 929:: UNRELIABLE clients =set()
2024-12-01 15:00:22,776 INFO server.py 1193:: clients' sizes=[1, 0, 0, 0, 2, 0, 0, 2, 1, 2, 0, 1, 1, 1, 1, 0, 1, 1, 0, 0, 1, 2, 1, 0, 0], total=18
2024-12-01 15:00:22,785 INFO server.py 302:: [Server] The aggregation takes 0.329037 seconds.

2024-12-01 15:00:22,786 INFO server.py 186:: [Server] Start testing
2024-12-01 15:00:22,798 INFO server.py 210:: [Server] Test set: Average loss: 1.3653, Accuracy: 51/200 (25.5%)

2024-12-01 15:00:22,800 INFO server.py 213:: [Sever] Confusion matrix:
 tensor([[50.,  0.,  0.,  0.],
        [50.,  0.,  0.,  0.],
        [50.,  0.,  0.,  0.],
        [49.,  0.,  0.,  1.]])
2024-12-01 15:00:22,802 INFO server.py 229:: [Server] Precision=[0.2512563       nan       nan 1.       ],
 Recall=[1.   0.   0.   0.02],
 F1-score=[0.40160644        nan        nan 0.03921569],
 my_accuracy=25.499999523162842[%]
2024-12-01 15:00:22,803 INFO _main.py 208:: ########EPOCH 5 ########
2024-12-01 15:00:22,803 INFO _main.py 209:: ###Model distribution###
2024-12-01 15:00:23,360 INFO server.py 775:: flip_sign_id=set()
2024-12-01 15:00:23,360 INFO server.py 790:: ===========using shortHoGs for detecting UNTARGETED ATTACK====
2024-12-01 15:00:23,423 INFO server.py 816:: labels cluster_sh= [0 0 0 0 0 0 0 0 0 0 0 0 0 0 0 0 0 0 0 0 0 0 0 0 0 0 0 0 0 0 0 0 0 0 0 0 0
 0 0 0]
2024-12-01 15:00:23,437 DEBUG server.py 821:: offset_normal_ids=[ 0  1  2  3  4  5  6  7  8  9 10 11 12 13 14 15 16 17 18 19 20 21 22 23
 24 25 26 27 28 29 30 31 32 33 34 35 36 37 38 39], normal_ids=[ 0  1  2  3  4  5  6  7  8  9 10 11 12 13 14 15 16 17 18 19 20 21 22 23
 24 25 26 27 28 29 30 31 32 33 34 35 36 37 38 39]
2024-12-01 15:00:23,438 INFO server.py 826:: SUSPECTED UNTARGETED []
2024-12-01 15:00:23,438 DEBUG server.py 830:: suspicious_ids=[]
2024-12-01 15:00:23,438 DEBUG server.py 839:: d_normal_sus={}, d_separate=0
2024-12-01 15:00:23,439 INFO server.py 846:: This round UNTARGETED=set(), sus_tAtk_uRel_id0=set()
2024-12-01 15:00:23,439 INFO server.py 864:: =======Using LONG HOGs for detecting TARGETED ATTACK========
2024-12-01 15:00:23,470 INFO server.py 118:: This round TARGETED ATTACK: [ 0 32 34 35  7 11 13 14 15 16 21 23 30]
2024-12-01 15:00:23,472 DEBUG server.py 477:: mal_ids=set(), pre_mal_id=defaultdict(<class 'int'>, {0: 3, 1: 0, 2: 0, 3: 0, 4: 0, 5: 0, 6: 0, 7: 1, 8: 0, 9: 0, 10: 0, 11: 3, 12: 0, 13: 3, 14: 1, 15: 3, 16: 3, 17: 0, 18: 0, 19: 0, 20: 0, 21: 1, 22: 0, 23: 3, 24: 0, 25: 0, 26: 0, 27: 0, 28: 0, 29: 0, 30: 3, 31: 0, 32: 3, 33: 0, 34: 1, 35: 1, 36: 0, 37: 0, 38: 0, 39: 0})
2024-12-01 15:00:23,473 INFO server.py 479:: FLIP-SIGN ATTACK=set()
2024-12-01 15:00:23,473 INFO server.py 480:: UNTARGETED ATTACK=set()
2024-12-01 15:00:23,473 INFO server.py 481:: TARGETED ATTACK=set()
2024-12-01 15:00:23,473 INFO server.py 869:: OVERTIME MALICIOUS client ids =set()
2024-12-01 15:00:23,501 INFO server.py 915:: This round UNRELIABLE={2, 35, 17, 18, 20, 21, 24, 26}, normal_id={0, 1, 3, 4, 5, 6, 7, 8, 9, 10, 11, 12, 13, 14, 15, 16, 19, 22, 23, 25, 27, 28, 29, 30, 31, 32, 33, 34, 36, 37, 38, 39}
2024-12-01 15:00:23,503 DEBUG server.py 917:: anlge_sHoGs={0: 0.5373441, 1: 0.46792838, 2: 0.055306107, 3: nan, 4: nan, 5: nan, 6: 0.556682, 7: 0.27733114, 8: nan, 9: 0.46015835, 10: nan, 11: 0.40681663, 12: 0.43376774, 13: 0.5295412, 14: 0.3205409, 15: 0.36665112, 16: 0.39639604, 17: 0.23739642, 18: 0.17762657, 19: nan, 20: 0.05580843, 21: 0.15227485, 22: 0.32474568, 23: 0.43401358, 24: 0.16057679, 25: nan, 26: 0.19635019, 27: 0.42840695, 28: 0.4430592, 29: 0.3457259, 30: 0.4726831, 31: nan, 32: 0.38327476, 33: nan, 34: 0.43984264, 35: 0.21527049, 36: 0.49236515, 37: nan, 38: 0.3425256, 39: nan}, angle_sep_nsH=0.2616172432899475
2024-12-01 15:00:23,503 INFO server.py 929:: UNRELIABLE clients ={2, 35, 17, 18, 20, 21, 24, 26}
2024-12-01 15:00:23,602 INFO server.py 1193:: clients' sizes=[2, 1, 0, 0, 0, 2, 0, 1, 0, 2, 1, 2, 0, 1, 1, 1, 0, 1, 1, 1, 1, 0, 0, 1, 0, 2, 0], total=21
2024-12-01 15:00:23,615 INFO server.py 302:: [Server] The aggregation takes 0.328955 seconds.

2024-12-01 15:00:23,616 INFO server.py 186:: [Server] Start testing
2024-12-01 15:00:23,629 INFO server.py 210:: [Server] Test set: Average loss: 1.3595, Accuracy: 57/200 (28.5%)

2024-12-01 15:00:23,630 INFO server.py 213:: [Sever] Confusion matrix:
 tensor([[50.,  0.,  0.,  0.],
        [50.,  0.,  0.,  0.],
        [50.,  0.,  0.,  0.],
        [43.,  0.,  0.,  7.]])
2024-12-01 15:00:23,632 INFO server.py 229:: [Server] Precision=[0.25906736        nan        nan 1.        ],
 Recall=[1.   0.   0.   0.14],
 F1-score=[0.41152266        nan        nan 0.24561404],
 my_accuracy=28.49999964237213[%]
2024-12-01 15:00:23,632 INFO _main.py 208:: ########EPOCH 6 ########
2024-12-01 15:00:23,633 INFO _main.py 209:: ###Model distribution###
2024-12-01 15:00:24,275 INFO server.py 775:: flip_sign_id=set()
2024-12-01 15:00:24,277 INFO server.py 790:: ===========using shortHoGs for detecting UNTARGETED ATTACK====
2024-12-01 15:00:24,436 INFO server.py 816:: labels cluster_sh= [0 0 0 0 0 0 0 0 0 0 0 0 0 0 0 0 0 0 0 0 0 0 0 0 0 0 0 0 0 0 0 0 0 0 0 0 0
 0 0 0]
2024-12-01 15:00:24,475 DEBUG server.py 821:: offset_normal_ids=[ 0  1  2  3  4  5  6  7  8  9 10 11 12 13 14 15 16 17 18 19 20 21 22 23
 24 25 26 27 28 29 30 31 32 33 34 35 36 37 38 39], normal_ids=[ 0  1  2  3  4  5  6  7  8  9 10 11 12 13 14 15 16 17 18 19 20 21 22 23
 24 25 26 27 28 29 30 31 32 33 34 35 36 37 38 39]
2024-12-01 15:00:24,480 INFO server.py 826:: SUSPECTED UNTARGETED []
2024-12-01 15:00:24,482 DEBUG server.py 830:: suspicious_ids=[]
2024-12-01 15:00:24,483 DEBUG server.py 839:: d_normal_sus={}, d_separate=0
2024-12-01 15:00:24,483 INFO server.py 846:: This round UNTARGETED=set(), sus_tAtk_uRel_id0=set()
2024-12-01 15:00:24,483 INFO server.py 864:: =======Using LONG HOGs for detecting TARGETED ATTACK========
2024-12-01 15:00:24,524 INFO server.py 118:: This round TARGETED ATTACK: [ 0  1 32  6 38  9 11 12 13 15 16 23 28 29 30]
2024-12-01 15:00:24,525 DEBUG server.py 477:: mal_ids={0, 32, 11, 13, 15, 16, 23, 30}, pre_mal_id=defaultdict(<class 'int'>, {0: 4, 1: 1, 2: 0, 3: 0, 4: 0, 5: 0, 6: 1, 7: 0, 8: 0, 9: 1, 10: 0, 11: 4, 12: 1, 13: 4, 14: 0, 15: 4, 16: 4, 17: 0, 18: 0, 19: 0, 20: 0, 21: 0, 22: 0, 23: 4, 24: 0, 25: 0, 26: 0, 27: 0, 28: 1, 29: 1, 30: 4, 31: 0, 32: 4, 33: 0, 34: 0, 35: 0, 36: 0, 37: 0, 38: 1, 39: 0})
2024-12-01 15:00:24,526 INFO server.py 479:: FLIP-SIGN ATTACK=set()
2024-12-01 15:00:24,526 INFO server.py 480:: UNTARGETED ATTACK=set()
2024-12-01 15:00:24,527 INFO server.py 481:: TARGETED ATTACK={0, 32, 11, 13, 15, 16, 23, 30}
2024-12-01 15:00:24,527 INFO server.py 869:: OVERTIME MALICIOUS client ids ={0, 32, 11, 13, 15, 16, 23, 30}
2024-12-01 15:00:24,555 INFO server.py 915:: This round UNRELIABLE={2, 18, 20, 21, 24}, normal_id={1, 3, 4, 5, 6, 7, 8, 9, 10, 12, 14, 17, 19, 22, 25, 26, 27, 28, 29, 31, 33, 34, 35, 36, 37, 38, 39}
2024-12-01 15:00:24,555 DEBUG server.py 917:: anlge_sHoGs={1: 0.34468505, 2: 0.09445037, 3: nan, 4: nan, 5: nan, 6: 0.3925212, 7: 0.24288768, 8: nan, 9: 0.31238165, 10: nan, 12: 0.28433445, 14: 0.29330868, 17: 0.2504294, 18: 0.13372678, 19: nan, 20: 0.050534572, 21: 0.13888101, 22: 0.2590383, 24: 0.2159784, 25: nan, 26: 0.2323621, 27: 0.3020928, 28: 0.24328467, 29: 0.2291904, 31: nan, 33: nan, 34: 0.3713973, 35: 0.2354636, 36: 0.39232007, 37: nan, 38: 0.25563544, 39: nan}, angle_sep_nsH=0.2195677012205124
2024-12-01 15:00:24,556 INFO server.py 929:: UNRELIABLE clients ={2, 35, 17, 18, 20, 21, 24, 26}
2024-12-01 15:00:24,689 INFO server.py 1193:: clients' sizes=[1, 0, 0, 0, 2, 0, 0, 2, 1, 2, 0, 1, 1, 1, 1, 0, 1, 1, 0, 0, 1, 2, 1, 0, 0], total=18
2024-12-01 15:00:24,701 INFO server.py 302:: [Server] The aggregation takes 0.523983 seconds.

2024-12-01 15:00:24,702 INFO server.py 186:: [Server] Start testing
2024-12-01 15:00:24,722 INFO server.py 210:: [Server] Test set: Average loss: 1.3558, Accuracy: 59/200 (29.5%)

2024-12-01 15:00:24,724 INFO server.py 213:: [Sever] Confusion matrix:
 tensor([[50.,  0.,  0.,  0.],
        [50.,  0.,  0.,  0.],
        [50.,  0.,  0.,  0.],
        [41.,  0.,  0.,  9.]])
2024-12-01 15:00:24,726 INFO server.py 229:: [Server] Precision=[0.2617801       nan       nan 1.       ],
 Recall=[1.   0.   0.   0.18],
 F1-score=[0.41493776        nan        nan 0.30508474],
 my_accuracy=29.499998688697815[%]
2024-12-01 15:00:24,726 INFO _main.py 208:: ########EPOCH 7 ########
2024-12-01 15:00:24,727 INFO _main.py 209:: ###Model distribution###
2024-12-01 15:00:25,512 INFO server.py 775:: flip_sign_id=set()
2024-12-01 15:00:25,512 INFO server.py 790:: ===========using shortHoGs for detecting UNTARGETED ATTACK====
2024-12-01 15:00:26,022 INFO server.py 816:: labels cluster_sh= [0 0 0 0 0 0 0 0 0 0 0 0 0 0 0 0 0 0 0 0 0 0 0 0 0 0 0 0 0 0 0 0 0 0 0 0 0
 0 0 0]
2024-12-01 15:00:26,053 DEBUG server.py 821:: offset_normal_ids=[ 0  1  2  3  4  5  6  7  8  9 10 11 12 13 14 15 16 17 18 19 20 21 22 23
 24 25 26 27 28 29 30 31 32 33 34 35 36 37 38 39], normal_ids=[ 0  1  2  3  4  5  6  7  8  9 10 11 12 13 14 15 16 17 18 19 20 21 22 23
 24 25 26 27 28 29 30 31 32 33 34 35 36 37 38 39]
2024-12-01 15:00:26,054 INFO server.py 826:: SUSPECTED UNTARGETED []
2024-12-01 15:00:26,054 DEBUG server.py 830:: suspicious_ids=[]
2024-12-01 15:00:26,056 DEBUG server.py 839:: d_normal_sus={}, d_separate=0
2024-12-01 15:00:26,056 INFO server.py 846:: This round UNTARGETED=set(), sus_tAtk_uRel_id0=set()
2024-12-01 15:00:26,056 INFO server.py 864:: =======Using LONG HOGs for detecting TARGETED ATTACK========
2024-12-01 15:00:26,121 INFO server.py 118:: This round TARGETED ATTACK: [ 0  1 32 34 35  7 11 13 14 15 16 21 23 30]
2024-12-01 15:00:26,125 DEBUG server.py 477:: mal_ids={0, 32, 11, 13, 15, 16, 23, 30}, pre_mal_id=defaultdict(<class 'int'>, {0: 5, 1: 2, 2: 0, 3: 0, 4: 0, 5: 0, 6: 0, 7: 1, 8: 0, 9: 0, 10: 0, 11: 5, 12: 0, 13: 5, 14: 1, 15: 5, 16: 5, 17: 0, 18: 0, 19: 0, 20: 0, 21: 1, 22: 0, 23: 5, 24: 0, 25: 0, 26: 0, 27: 0, 28: 0, 29: 0, 30: 5, 31: 0, 32: 5, 33: 0, 34: 1, 35: 1, 36: 0, 37: 0, 38: 0, 39: 0})
2024-12-01 15:00:26,126 INFO server.py 479:: FLIP-SIGN ATTACK=set()
2024-12-01 15:00:26,126 INFO server.py 480:: UNTARGETED ATTACK=set()
2024-12-01 15:00:26,126 INFO server.py 481:: TARGETED ATTACK={0, 32, 11, 13, 15, 16, 23, 30}
2024-12-01 15:00:26,127 INFO server.py 869:: OVERTIME MALICIOUS client ids ={0, 32, 11, 13, 15, 16, 23, 30}
2024-12-01 15:00:26,156 INFO server.py 915:: This round UNRELIABLE={2, 18, 20, 21, 24}, normal_id={1, 3, 4, 5, 6, 7, 8, 9, 10, 12, 14, 17, 19, 22, 25, 26, 27, 28, 29, 31, 33, 34, 35, 36, 37, 38, 39}
2024-12-01 15:00:26,158 DEBUG server.py 917:: anlge_sHoGs={1: 0.34468505, 2: 0.09445037, 3: nan, 4: nan, 5: nan, 6: 0.3925212, 7: 0.24288768, 8: nan, 9: 0.31238165, 10: nan, 12: 0.28433445, 14: 0.29330868, 17: 0.2504294, 18: 0.13372678, 19: nan, 20: 0.050534572, 21: 0.13888101, 22: 0.2590383, 24: 0.2159784, 25: nan, 26: 0.2323621, 27: 0.3020928, 28: 0.24328467, 29: 0.2291904, 31: nan, 33: nan, 34: 0.3713973, 35: 0.2354636, 36: 0.39232007, 37: nan, 38: 0.25563544, 39: nan}, angle_sep_nsH=0.2195677012205124
2024-12-01 15:00:26,158 INFO server.py 929:: UNRELIABLE clients ={2, 35, 17, 18, 20, 21, 24, 26}
2024-12-01 15:00:26,303 INFO server.py 1193:: clients' sizes=[1, 0, 0, 0, 2, 0, 1, 0, 2, 1, 2, 0, 1, 1, 1, 0, 1, 1, 1, 1, 0, 0, 1, 0, 2, 0], total=19
2024-12-01 15:00:26,314 INFO server.py 302:: [Server] The aggregation takes 0.911258 seconds.

2024-12-01 15:00:26,318 INFO server.py 186:: [Server] Start testing
2024-12-01 15:00:26,347 INFO server.py 210:: [Server] Test set: Average loss: 1.3497, Accuracy: 64/200 (32.0%)

2024-12-01 15:00:26,348 INFO server.py 213:: [Sever] Confusion matrix:
 tensor([[50.,  0.,  0.,  0.],
        [50.,  0.,  0.,  0.],
        [50.,  0.,  0.,  0.],
        [36.,  0.,  0., 14.]])
2024-12-01 15:00:26,350 INFO server.py 229:: [Server] Precision=[0.26881722        nan        nan 1.        ],
 Recall=[1.   0.   0.   0.28],
 F1-score=[0.42372882        nan        nan 0.4375    ],
 my_accuracy=31.999999284744263[%]
2024-12-01 15:00:26,351 INFO _main.py 208:: ########EPOCH 8 ########
2024-12-01 15:00:26,351 INFO _main.py 209:: ###Model distribution###
2024-12-01 15:00:27,062 INFO server.py 775:: flip_sign_id=set()
2024-12-01 15:00:27,063 INFO server.py 790:: ===========using shortHoGs for detecting UNTARGETED ATTACK====
2024-12-01 15:00:27,131 INFO server.py 816:: labels cluster_sh= [0 0 0 0 0 0 0 0 0 0 0 0 0 0 0 0 0 0 0 0 0 0 0 0 0 0 0 0 0 0 0 0 0 0 0 0 0
 0 0 0]
2024-12-01 15:00:27,150 DEBUG server.py 821:: offset_normal_ids=[ 0  1  2  3  4  5  6  7  8  9 10 11 12 13 14 15 16 17 18 19 20 21 22 23
 24 25 26 27 28 29 30 31 32 33 34 35 36 37 38 39], normal_ids=[ 0  1  2  3  4  5  6  7  8  9 10 11 12 13 14 15 16 17 18 19 20 21 22 23
 24 25 26 27 28 29 30 31 32 33 34 35 36 37 38 39]
2024-12-01 15:00:27,150 INFO server.py 826:: SUSPECTED UNTARGETED []
2024-12-01 15:00:27,151 DEBUG server.py 830:: suspicious_ids=[]
2024-12-01 15:00:27,151 DEBUG server.py 839:: d_normal_sus={}, d_separate=0
2024-12-01 15:00:27,151 INFO server.py 846:: This round UNTARGETED=set(), sus_tAtk_uRel_id0=set()
2024-12-01 15:00:27,152 INFO server.py 864:: =======Using LONG HOGs for detecting TARGETED ATTACK========
2024-12-01 15:00:27,191 INFO server.py 118:: This round TARGETED ATTACK: [ 0  1 32 34 35  7 11 13 14 15 16 21 23 30]
2024-12-01 15:00:27,191 DEBUG server.py 477:: mal_ids={0, 32, 11, 13, 15, 16, 23, 30}, pre_mal_id=defaultdict(<class 'int'>, {0: 6, 1: 3, 2: 0, 3: 0, 4: 0, 5: 0, 6: 0, 7: 2, 8: 0, 9: 0, 10: 0, 11: 6, 12: 0, 13: 6, 14: 2, 15: 6, 16: 6, 17: 0, 18: 0, 19: 0, 20: 0, 21: 2, 22: 0, 23: 6, 24: 0, 25: 0, 26: 0, 27: 0, 28: 0, 29: 0, 30: 6, 31: 0, 32: 6, 33: 0, 34: 2, 35: 2, 36: 0, 37: 0, 38: 0, 39: 0})
2024-12-01 15:00:27,192 INFO server.py 479:: FLIP-SIGN ATTACK=set()
2024-12-01 15:00:27,192 INFO server.py 480:: UNTARGETED ATTACK=set()
2024-12-01 15:00:27,192 INFO server.py 481:: TARGETED ATTACK={0, 32, 11, 13, 15, 16, 23, 30}
2024-12-01 15:00:27,192 INFO server.py 869:: OVERTIME MALICIOUS client ids ={0, 32, 11, 13, 15, 16, 23, 30}
2024-12-01 15:00:27,213 INFO server.py 915:: This round UNRELIABLE={2, 18, 20, 21, 24}, normal_id={1, 3, 4, 5, 6, 7, 8, 9, 10, 12, 14, 17, 19, 22, 25, 26, 27, 28, 29, 31, 33, 34, 35, 36, 37, 38, 39}
2024-12-01 15:00:27,213 DEBUG server.py 917:: anlge_sHoGs={1: 0.34468505, 2: 0.09445037, 3: nan, 4: nan, 5: nan, 6: 0.3925212, 7: 0.24288768, 8: nan, 9: 0.31238165, 10: nan, 12: 0.28433445, 14: 0.29330868, 17: 0.2504294, 18: 0.13372678, 19: nan, 20: 0.050534572, 21: 0.13888101, 22: 0.2590383, 24: 0.2159784, 25: nan, 26: 0.2323621, 27: 0.3020928, 28: 0.24328467, 29: 0.2291904, 31: nan, 33: nan, 34: 0.3713973, 35: 0.2354636, 36: 0.39232007, 37: nan, 38: 0.25563544, 39: nan}, angle_sep_nsH=0.2195677012205124
2024-12-01 15:00:27,213 INFO server.py 929:: UNRELIABLE clients ={2, 35, 17, 18, 20, 21, 24, 26}
2024-12-01 15:00:27,322 INFO server.py 1193:: clients' sizes=[1, 0, 0, 0, 2, 0, 1, 0, 2, 1, 2, 0, 1, 1, 1, 0, 1, 1, 1, 1, 0, 0, 1, 0, 2, 0], total=19
2024-12-01 15:00:27,332 INFO server.py 302:: [Server] The aggregation takes 0.394524 seconds.

2024-12-01 15:00:27,334 INFO server.py 186:: [Server] Start testing
2024-12-01 15:00:27,351 INFO server.py 210:: [Server] Test set: Average loss: 1.3430, Accuracy: 66/200 (33.0%)

2024-12-01 15:00:27,352 INFO server.py 213:: [Sever] Confusion matrix:
 tensor([[50.,  0.,  0.,  0.],
        [50.,  0.,  0.,  0.],
        [50.,  0.,  0.,  0.],
        [34.,  0.,  0., 16.]])
2024-12-01 15:00:27,354 INFO server.py 229:: [Server] Precision=[0.27173913        nan        nan 1.        ],
 Recall=[1.   0.   0.   0.32],
 F1-score=[0.42735043        nan        nan 0.4848485 ],
 my_accuracy=33.000001311302185[%]
2024-12-01 15:00:27,355 INFO _main.py 208:: ########EPOCH 9 ########
2024-12-01 15:00:27,355 INFO _main.py 209:: ###Model distribution###
2024-12-01 15:00:28,088 INFO server.py 775:: flip_sign_id=set()
2024-12-01 15:00:28,090 INFO server.py 790:: ===========using shortHoGs for detecting UNTARGETED ATTACK====
2024-12-01 15:00:28,143 INFO server.py 816:: labels cluster_sh= [0 0 0 0 0 0 0 0 0 0 0 0 0 0 0 0 0 0 0 0 0 0 0 0 0 0 0 0 0 0 0 0 0 0 0 0 0
 0 0 0]
2024-12-01 15:00:28,161 DEBUG server.py 821:: offset_normal_ids=[ 0  1  2  3  4  5  6  7  8  9 10 11 12 13 14 15 16 17 18 19 20 21 22 23
 24 25 26 27 28 29 30 31 32 33 34 35 36 37 38 39], normal_ids=[ 0  1  2  3  4  5  6  7  8  9 10 11 12 13 14 15 16 17 18 19 20 21 22 23
 24 25 26 27 28 29 30 31 32 33 34 35 36 37 38 39]
2024-12-01 15:00:28,162 INFO server.py 826:: SUSPECTED UNTARGETED []
2024-12-01 15:00:28,162 DEBUG server.py 830:: suspicious_ids=[]
2024-12-01 15:00:28,162 DEBUG server.py 839:: d_normal_sus={}, d_separate=0
2024-12-01 15:00:28,162 INFO server.py 846:: This round UNTARGETED=set(), sus_tAtk_uRel_id0=set()
2024-12-01 15:00:28,163 INFO server.py 864:: =======Using LONG HOGs for detecting TARGETED ATTACK========
2024-12-01 15:00:28,192 INFO server.py 118:: This round TARGETED ATTACK: [ 0 32 34  7 11 13 14 15 16 21 23 30]
2024-12-01 15:00:28,192 DEBUG server.py 477:: mal_ids={0, 32, 11, 13, 15, 16, 23, 30}, pre_mal_id=defaultdict(<class 'int'>, {0: 7, 1: 0, 2: 0, 3: 0, 4: 0, 5: 0, 6: 0, 7: 3, 8: 0, 9: 0, 10: 0, 11: 7, 12: 0, 13: 7, 14: 3, 15: 7, 16: 7, 17: 0, 18: 0, 19: 0, 20: 0, 21: 3, 22: 0, 23: 7, 24: 0, 25: 0, 26: 0, 27: 0, 28: 0, 29: 0, 30: 7, 31: 0, 32: 7, 33: 0, 34: 3, 35: 0, 36: 0, 37: 0, 38: 0, 39: 0})
2024-12-01 15:00:28,192 INFO server.py 479:: FLIP-SIGN ATTACK=set()
2024-12-01 15:00:28,193 INFO server.py 480:: UNTARGETED ATTACK=set()
2024-12-01 15:00:28,193 INFO server.py 481:: TARGETED ATTACK={0, 32, 11, 13, 15, 16, 23, 30}
2024-12-01 15:00:28,193 INFO server.py 869:: OVERTIME MALICIOUS client ids ={0, 32, 11, 13, 15, 16, 23, 30}
2024-12-01 15:00:28,217 INFO server.py 915:: This round UNRELIABLE={2, 18, 20, 21, 24}, normal_id={1, 3, 4, 5, 6, 7, 8, 9, 10, 12, 14, 17, 19, 22, 25, 26, 27, 28, 29, 31, 33, 34, 35, 36, 37, 38, 39}
2024-12-01 15:00:28,221 DEBUG server.py 917:: anlge_sHoGs={1: 0.34468505, 2: 0.09445037, 3: nan, 4: nan, 5: nan, 6: 0.3925212, 7: 0.24288768, 8: nan, 9: 0.31238165, 10: nan, 12: 0.28433445, 14: 0.29330868, 17: 0.2504294, 18: 0.13372678, 19: nan, 20: 0.050534572, 21: 0.13888101, 22: 0.2590383, 24: 0.2159784, 25: nan, 26: 0.2323621, 27: 0.3020928, 28: 0.24328467, 29: 0.2291904, 31: nan, 33: nan, 34: 0.3713973, 35: 0.2354636, 36: 0.39232007, 37: nan, 38: 0.25563544, 39: nan}, angle_sep_nsH=0.2195677012205124
2024-12-01 15:00:28,221 INFO server.py 929:: UNRELIABLE clients ={2, 18, 20, 21, 24}
2024-12-01 15:00:28,409 INFO server.py 1193:: clients' sizes=[2, 1, 0, 0, 0, 2, 0, 1, 0, 2, 1, 2, 0, 1, 1, 1, 0, 1, 1, 1, 1, 0, 0, 2, 1, 0, 2, 0], total=23
2024-12-01 15:00:28,422 INFO server.py 302:: [Server] The aggregation takes 0.451471 seconds.

2024-12-01 15:00:28,424 INFO server.py 186:: [Server] Start testing
2024-12-01 15:00:28,442 INFO server.py 210:: [Server] Test set: Average loss: 1.3350, Accuracy: 70/200 (35.0%)

2024-12-01 15:00:28,444 INFO server.py 213:: [Sever] Confusion matrix:
 tensor([[50.,  0.,  0.,  0.],
        [50.,  0.,  0.,  0.],
        [50.,  0.,  0.,  0.],
        [30.,  0.,  0., 20.]])
2024-12-01 15:00:28,448 INFO server.py 229:: [Server] Precision=[0.2777778       nan       nan 1.       ],
 Recall=[1.  0.  0.  0.4],
 F1-score=[0.43478262        nan        nan 0.5714286 ],
 my_accuracy=34.99999940395355[%]
