2024-12-02 01:25:46,210 INFO _main.py 39:: ################################################################
2024-12-02 01:25:46,213 INFO _main.py 41:: #                              batch_size: 64                  #
2024-12-02 01:25:46,213 INFO _main.py 41:: #                         test_batch_size: 32                  #
2024-12-02 01:25:46,213 INFO _main.py 41:: #                                  epochs: 1                   #
2024-12-02 01:25:46,214 INFO _main.py 41:: #                               optimizer: SGD                 #
2024-12-02 01:25:46,214 INFO _main.py 41:: #                                      lr: 0.01                #
2024-12-02 01:25:46,214 INFO _main.py 41:: #                                momentum: 0.9                 #
2024-12-02 01:25:46,214 INFO _main.py 41:: #                            weight_decay: 0.0001              #
2024-12-02 01:25:46,214 INFO _main.py 41:: #                                    seed: 1                   #
2024-12-02 01:25:46,214 INFO _main.py 41:: #                            log_interval: 11                  #
2024-12-02 01:25:46,215 INFO _main.py 41:: #                             num_clients: 40                  #
2024-12-02 01:25:46,215 INFO _main.py 41:: #                           output_folder: experiments         #
2024-12-02 01:25:46,215 INFO _main.py 41:: #                                 dataset: rockburst           #
2024-12-02 01:25:46,215 INFO _main.py 41:: #                             loader_type: dirichlet           #
2024-12-02 01:25:46,215 INFO _main.py 41:: #                             loader_path: ./data/loader.pk    #
2024-12-02 01:25:46,215 INFO _main.py 41:: #                                      AR: my_hog              #
2024-12-02 01:25:46,215 INFO _main.py 41:: #                     n_attacker_backdoor: 0                   #
2024-12-02 01:25:46,216 INFO _main.py 41:: #                        backdoor_trigger: [0, 0, 1, 1]        #
2024-12-02 01:25:46,216 INFO _main.py 41:: #                   n_attacker_omniscient: 0                   #
2024-12-02 01:25:46,216 INFO _main.py 41:: #                        omniscient_scale: 1                   #
2024-12-02 01:25:46,216 INFO _main.py 41:: #                                 attacks: None                #
2024-12-02 01:25:46,216 INFO _main.py 41:: #                      save_model_weights: False               #
2024-12-02 01:25:46,216 INFO _main.py 41:: #                         experiment_name: sExp4Ba_40ep_rockburst_my_hog_40C_5#
2024-12-02 01:25:46,217 INFO _main.py 41:: #                          path_to_aggNet: None                #
2024-12-02 01:25:46,217 INFO _main.py 41:: #                                  device: cpu                 #
2024-12-02 01:25:46,217 INFO _main.py 41:: #                            inner_epochs: 30                  #
2024-12-02 01:25:46,217 INFO _main.py 41:: #                                 verbose: True                #
2024-12-02 01:25:46,217 INFO _main.py 41:: #                         list_unreliable: [2, 18, 20]         #
2024-12-02 01:25:46,217 INFO _main.py 41:: #                     unreliable_fraction: 0.5                 #
2024-12-02 01:25:46,218 INFO _main.py 41:: #                    unreliable_fracTrain: 0.3                 #
2024-12-02 01:25:46,218 INFO _main.py 41:: #                         mean_unreliable: 0.0                 #
2024-12-02 01:25:46,218 INFO _main.py 41:: #                             blur_method: add_noise           #
2024-12-02 01:25:46,218 INFO _main.py 41:: #                      max_std_unreliable: 30.0                #
2024-12-02 01:25:46,218 INFO _main.py 41:: #                     list_uatk_add_noise: [24, 25, 26]        #
2024-12-02 01:25:46,218 INFO _main.py 41:: #                          mean_add_noise: 0.0                 #
2024-12-02 01:25:46,218 INFO _main.py 41:: #                           std_add_noise: 0.01                #
2024-12-02 01:25:46,219 INFO _main.py 41:: #                     list_uatk_flip_sign: [0, 10, 11]         #
2024-12-02 01:25:46,219 INFO _main.py 42:: ################################################################
2024-12-02 01:25:46,219 INFO _main.py 43:: Namespace(batch_size=64, test_batch_size=32, epochs=1, optimizer='SGD', lr=0.01, momentum=0.9, weight_decay=0.0001, seed=1, log_interval=11, num_clients=40, output_folder='experiments', dataset='rockburst', loader_type='dirichlet', loader_path='./data/loader.pk', AR='my_hog', n_attacker_backdoor=0, backdoor_trigger=[0, 0, 1, 1], n_attacker_omniscient=0, omniscient_scale=1, attacks=None, save_model_weights=False, experiment_name='sExp4Ba_40ep_rockburst_my_hog_40C_5', path_to_aggNet=None, device='cpu', inner_epochs=30, verbose=True, list_unreliable=[2, 18, 20], unreliable_fraction=0.5, unreliable_fracTrain=0.3, mean_unreliable=0.0, blur_method='add_noise', max_std_unreliable=30.0, list_uatk_add_noise=[24, 25, 26], mean_add_noise=0.0, std_add_noise=0.01, list_uatk_flip_sign=[0, 10, 11])
2024-12-02 01:25:46,219 INFO _main.py 44:: #####################
2024-12-02 01:25:46,220 INFO _main.py 45:: #####################
2024-12-02 01:25:46,220 INFO _main.py 46:: #####################
2024-12-02 01:25:46,220 INFO _main.py 47:: Aggregation Rule:	my_hog
2024-12-02 01:25:46,220 INFO _main.py 48:: Data distribution:	dirichlet
2024-12-02 01:25:46,220 INFO _main.py 49:: Attacks:	None 
2024-12-02 01:25:46,220 INFO _main.py 50:: #####################
2024-12-02 01:25:46,220 INFO _main.py 51:: #####################
2024-12-02 01:25:46,221 INFO _main.py 52:: #####################
2024-12-02 01:25:48,036 INFO server.py 366:: SET DBSCAN eps=1.3, min_samples=10
2024-12-02 01:25:48,039 INFO _main.py 135:: [1-normal, 0-malicious] label =tensor([0., 1., 1., 1., 1., 1., 1., 1., 1., 1., 0., 0., 1., 1., 1., 1., 1., 1.,
        1., 1., 1., 1., 1., 1., 0., 0., 0., 1., 1., 1., 1., 1., 1., 1., 1., 1.,
        1., 1., 1., 1.])
2024-12-02 01:25:48,045 INFO malicious_clients.py 123:: init ATTACK OMNISCIENT Client 0
2024-12-02 01:25:48,050 INFO malicious_clients.py 18:: init UNRELIABLE Client 2
2024-12-02 01:25:48,084 INFO malicious_clients.py 123:: init ATTACK OMNISCIENT Client 10
2024-12-02 01:25:48,088 INFO malicious_clients.py 123:: init ATTACK OMNISCIENT Client 11
2024-12-02 01:25:48,122 INFO malicious_clients.py 18:: init UNRELIABLE Client 18
2024-12-02 01:25:48,131 INFO malicious_clients.py 18:: init UNRELIABLE Client 20
2024-12-02 01:25:48,147 INFO malicious_clients.py 73:: init ATTACK ADD NOISE TO GRAD Client 24
2024-12-02 01:25:48,152 INFO malicious_clients.py 73:: init ATTACK ADD NOISE TO GRAD Client 25
2024-12-02 01:25:48,155 INFO malicious_clients.py 73:: init ATTACK ADD NOISE TO GRAD Client 26
2024-12-02 01:25:48,206 INFO server.py 211:: [Server] Start testing
2024-12-02 01:25:48,226 INFO server.py 235:: [Server] Test set: Average loss: 1.3864, Accuracy: 50/200 (25.0%)

2024-12-02 01:25:48,227 INFO server.py 238:: [Sever] Confusion matrix:
 tensor([[50.,  0.,  0.,  0.],
        [50.,  0.,  0.,  0.],
        [50.,  0.,  0.,  0.],
        [50.,  0.,  0.,  0.]])
2024-12-02 01:25:48,234 INFO server.py 254:: [Server] Precision=[0.25  nan  nan  nan],
 Recall=[1. 0. 0. 0.],
 F1-score=[0.4 nan nan nan],
 my_accuracy=25.0[%]
2024-12-02 01:25:48,236 INFO _main.py 209:: ########EPOCH 0 ########
2024-12-02 01:25:48,236 INFO _main.py 210:: ###Model distribution###
2024-12-02 01:25:50,847 INFO server.py 815:: flip_sign_id=set()
2024-12-02 01:25:50,848 INFO server.py 816:: additve id={0}
2024-12-02 01:25:50,848 INFO server.py 817:: unreliable id =set()
2024-12-02 01:25:50,850 INFO server.py 815:: flip_sign_id=set()
2024-12-02 01:25:50,850 INFO server.py 816:: additve id={0}
2024-12-02 01:25:50,850 INFO server.py 817:: unreliable id =set()
2024-12-02 01:25:50,852 INFO server.py 815:: flip_sign_id=set()
2024-12-02 01:25:50,852 INFO server.py 816:: additve id=set()
2024-12-02 01:25:50,852 INFO server.py 817:: unreliable id =set()
2024-12-02 01:25:50,854 INFO server.py 815:: flip_sign_id=set()
2024-12-02 01:25:50,854 INFO server.py 816:: additve id=set()
2024-12-02 01:25:50,854 INFO server.py 817:: unreliable id =set()
2024-12-02 01:25:50,856 INFO server.py 815:: flip_sign_id=set()
2024-12-02 01:25:50,856 INFO server.py 816:: additve id=set()
2024-12-02 01:25:50,857 INFO server.py 817:: unreliable id =set()
2024-12-02 01:25:50,859 INFO server.py 815:: flip_sign_id=set()
2024-12-02 01:25:50,859 INFO server.py 816:: additve id=set()
2024-12-02 01:25:50,859 INFO server.py 817:: unreliable id =set()
2024-12-02 01:25:50,861 INFO server.py 815:: flip_sign_id=set()
2024-12-02 01:25:50,861 INFO server.py 816:: additve id=set()
2024-12-02 01:25:50,862 INFO server.py 817:: unreliable id =set()
2024-12-02 01:25:50,864 INFO server.py 815:: flip_sign_id=set()
2024-12-02 01:25:50,864 INFO server.py 816:: additve id=set()
2024-12-02 01:25:50,865 INFO server.py 817:: unreliable id =set()
2024-12-02 01:25:50,866 INFO server.py 815:: flip_sign_id=set()
2024-12-02 01:25:50,867 INFO server.py 816:: additve id=set()
2024-12-02 01:25:50,867 INFO server.py 817:: unreliable id =set()
2024-12-02 01:25:50,869 INFO server.py 815:: flip_sign_id=set()
2024-12-02 01:25:50,869 INFO server.py 816:: additve id=set()
2024-12-02 01:25:50,870 INFO server.py 817:: unreliable id =set()
2024-12-02 01:25:50,872 INFO server.py 815:: flip_sign_id=set()
2024-12-02 01:25:50,872 INFO server.py 816:: additve id=set()
2024-12-02 01:25:50,872 INFO server.py 817:: unreliable id =set()
2024-12-02 01:25:50,875 INFO server.py 815:: flip_sign_id=set()
2024-12-02 01:25:50,875 INFO server.py 816:: additve id=set()
2024-12-02 01:25:50,876 INFO server.py 817:: unreliable id =set()
2024-12-02 01:25:50,878 INFO server.py 815:: flip_sign_id=set()
2024-12-02 01:25:50,878 INFO server.py 816:: additve id=set()
2024-12-02 01:25:50,878 INFO server.py 817:: unreliable id =set()
2024-12-02 01:25:50,881 INFO server.py 815:: flip_sign_id=set()
2024-12-02 01:25:50,882 INFO server.py 816:: additve id=set()
2024-12-02 01:25:50,882 INFO server.py 817:: unreliable id =set()
2024-12-02 01:25:50,885 INFO server.py 815:: flip_sign_id=set()
2024-12-02 01:25:50,885 INFO server.py 816:: additve id=set()
2024-12-02 01:25:50,885 INFO server.py 817:: unreliable id =set()
2024-12-02 01:25:50,888 INFO server.py 815:: flip_sign_id=set()
2024-12-02 01:25:50,889 INFO server.py 816:: additve id=set()
2024-12-02 01:25:50,889 INFO server.py 817:: unreliable id =set()
2024-12-02 01:25:50,892 INFO server.py 815:: flip_sign_id=set()
2024-12-02 01:25:50,892 INFO server.py 816:: additve id=set()
2024-12-02 01:25:50,893 INFO server.py 817:: unreliable id =set()
2024-12-02 01:25:50,896 INFO server.py 815:: flip_sign_id=set()
2024-12-02 01:25:50,896 INFO server.py 816:: additve id=set()
2024-12-02 01:25:50,896 INFO server.py 817:: unreliable id =set()
2024-12-02 01:25:50,899 INFO server.py 815:: flip_sign_id=set()
2024-12-02 01:25:50,899 INFO server.py 816:: additve id=set()
2024-12-02 01:25:50,900 INFO server.py 817:: unreliable id =set()
2024-12-02 01:25:50,903 INFO server.py 815:: flip_sign_id=set()
2024-12-02 01:25:50,903 INFO server.py 816:: additve id=set()
2024-12-02 01:25:50,903 INFO server.py 817:: unreliable id =set()
2024-12-02 01:25:50,907 INFO server.py 815:: flip_sign_id=set()
2024-12-02 01:25:50,907 INFO server.py 816:: additve id=set()
2024-12-02 01:25:50,907 INFO server.py 817:: unreliable id =set()
2024-12-02 01:25:50,911 INFO server.py 815:: flip_sign_id=set()
2024-12-02 01:25:50,911 INFO server.py 816:: additve id=set()
2024-12-02 01:25:50,911 INFO server.py 817:: unreliable id =set()
2024-12-02 01:25:50,915 INFO server.py 815:: flip_sign_id=set()
2024-12-02 01:25:50,915 INFO server.py 816:: additve id=set()
2024-12-02 01:25:50,916 INFO server.py 817:: unreliable id =set()
2024-12-02 01:25:50,920 INFO server.py 815:: flip_sign_id=set()
2024-12-02 01:25:50,920 INFO server.py 816:: additve id=set()
2024-12-02 01:25:50,920 INFO server.py 817:: unreliable id =set()
2024-12-02 01:25:50,924 INFO server.py 815:: flip_sign_id=set()
2024-12-02 01:25:50,924 INFO server.py 816:: additve id=set()
2024-12-02 01:25:50,924 INFO server.py 817:: unreliable id =set()
2024-12-02 01:25:50,929 INFO server.py 815:: flip_sign_id=set()
2024-12-02 01:25:50,929 INFO server.py 816:: additve id=set()
2024-12-02 01:25:50,929 INFO server.py 817:: unreliable id =set()
2024-12-02 01:25:50,934 INFO server.py 815:: flip_sign_id=set()
2024-12-02 01:25:50,934 INFO server.py 816:: additve id=set()
2024-12-02 01:25:50,935 INFO server.py 817:: unreliable id =set()
2024-12-02 01:25:50,939 INFO server.py 815:: flip_sign_id=set()
2024-12-02 01:25:50,940 INFO server.py 816:: additve id=set()
2024-12-02 01:25:50,940 INFO server.py 817:: unreliable id =set()
2024-12-02 01:25:50,944 INFO server.py 815:: flip_sign_id=set()
2024-12-02 01:25:50,945 INFO server.py 816:: additve id=set()
2024-12-02 01:25:50,945 INFO server.py 817:: unreliable id =set()
2024-12-02 01:25:50,950 INFO server.py 815:: flip_sign_id=set()
2024-12-02 01:25:50,950 INFO server.py 816:: additve id=set()
2024-12-02 01:25:50,950 INFO server.py 817:: unreliable id =set()
2024-12-02 01:25:50,955 INFO server.py 815:: flip_sign_id=set()
2024-12-02 01:25:50,956 INFO server.py 816:: additve id=set()
2024-12-02 01:25:50,956 INFO server.py 817:: unreliable id =set()
2024-12-02 01:25:50,962 INFO server.py 815:: flip_sign_id=set()
2024-12-02 01:25:50,963 INFO server.py 816:: additve id=set()
2024-12-02 01:25:50,963 INFO server.py 817:: unreliable id =set()
2024-12-02 01:25:50,968 INFO server.py 815:: flip_sign_id=set()
2024-12-02 01:25:50,968 INFO server.py 816:: additve id=set()
2024-12-02 01:25:50,969 INFO server.py 817:: unreliable id =set()
2024-12-02 01:25:50,974 INFO server.py 815:: flip_sign_id=set()
2024-12-02 01:25:50,974 INFO server.py 816:: additve id=set()
2024-12-02 01:25:50,975 INFO server.py 817:: unreliable id =set()
2024-12-02 01:25:50,980 INFO server.py 815:: flip_sign_id=set()
2024-12-02 01:25:50,981 INFO server.py 816:: additve id=set()
2024-12-02 01:25:50,981 INFO server.py 817:: unreliable id =set()
2024-12-02 01:25:50,987 INFO server.py 815:: flip_sign_id=set()
2024-12-02 01:25:50,987 INFO server.py 816:: additve id=set()
2024-12-02 01:25:50,988 INFO server.py 817:: unreliable id =set()
2024-12-02 01:25:50,993 INFO server.py 815:: flip_sign_id=set()
2024-12-02 01:25:50,994 INFO server.py 816:: additve id=set()
2024-12-02 01:25:50,994 INFO server.py 817:: unreliable id =set()
2024-12-02 01:25:51,001 INFO server.py 815:: flip_sign_id=set()
2024-12-02 01:25:51,002 INFO server.py 816:: additve id=set()
2024-12-02 01:25:51,002 INFO server.py 817:: unreliable id =set()
2024-12-02 01:25:51,008 INFO server.py 815:: flip_sign_id=set()
2024-12-02 01:25:51,009 INFO server.py 816:: additve id=set()
2024-12-02 01:25:51,009 INFO server.py 817:: unreliable id =set()
2024-12-02 01:25:51,017 INFO server.py 815:: flip_sign_id=set()
2024-12-02 01:25:51,017 INFO server.py 816:: additve id=set()
2024-12-02 01:25:51,017 INFO server.py 817:: unreliable id =set()
2024-12-02 01:25:51,019 INFO server.py 1078:: clients' sizes=[1, 2, 1, 0, 0, 0, 2, 2, 0, 1, 0, 1, 2, 2, 2, 2, 1, 1, 2, 0, 1, 1, 1, 1, 1, 0, 1, 1, 1, 1, 2, 0, 2, 0, 1, 2, 1, 0, 2, 0], total=41
2024-12-02 01:25:51,030 INFO server.py 327:: [Server] The aggregation takes 0.184063 seconds.

2024-12-02 01:25:51,031 INFO server.py 211:: [Server] Start testing
2024-12-02 01:25:51,045 INFO server.py 235:: [Server] Test set: Average loss: 1.3313, Accuracy: 71/200 (35.5%)

2024-12-02 01:25:51,046 INFO server.py 238:: [Sever] Confusion matrix:
 tensor([[50.,  0.,  0.,  0.],
        [50.,  0.,  0.,  0.],
        [50.,  0.,  0.,  0.],
        [29.,  0.,  0., 21.]])
2024-12-02 01:25:51,048 INFO server.py 254:: [Server] Precision=[0.2793296       nan       nan 1.       ],
 Recall=[1.   0.   0.   0.42],
 F1-score=[0.43668124        nan        nan 0.5915493 ],
 my_accuracy=35.499998927116394[%]
