2024-11-26 17:45:49,493 INFO _main.py 39:: ################################################################
2024-11-26 17:45:49,494 INFO _main.py 41:: #                              batch_size: 64                  #
2024-11-26 17:45:49,494 INFO _main.py 41:: #                         test_batch_size: 64                  #
2024-11-26 17:45:49,495 INFO _main.py 41:: #                                  epochs: 20                  #
2024-11-26 17:45:49,495 INFO _main.py 41:: #                               optimizer: SGD                 #
2024-11-26 17:45:49,495 INFO _main.py 41:: #                                      lr: 0.01                #
2024-11-26 17:45:49,495 INFO _main.py 41:: #                                momentum: 0.9                 #
2024-11-26 17:45:49,496 INFO _main.py 41:: #                            weight_decay: 0.0001              #
2024-11-26 17:45:49,496 INFO _main.py 41:: #                                    seed: 1                   #
2024-11-26 17:45:49,496 INFO _main.py 41:: #                            log_interval: 11                  #
2024-11-26 17:45:49,497 INFO _main.py 41:: #                             num_clients: 40                  #
2024-11-26 17:45:49,497 INFO _main.py 41:: #                           output_folder: experiments         #
2024-11-26 17:45:49,497 INFO _main.py 41:: #                                 dataset: rockburst           #
2024-11-26 17:45:49,497 INFO _main.py 41:: #                             loader_type: dirichlet           #
2024-11-26 17:45:49,497 INFO _main.py 41:: #                             loader_path: ./data/loader.pk    #
2024-11-26 17:45:49,497 INFO _main.py 41:: #                                      AR: my_hog              #
2024-11-26 17:45:49,498 INFO _main.py 41:: #                     n_attacker_backdoor: 0                   #
2024-11-26 17:45:49,498 INFO _main.py 41:: #                        backdoor_trigger: [0, 0, 1, 1]        #
2024-11-26 17:45:49,498 INFO _main.py 41:: #                   n_attacker_omniscient: 0                   #
2024-11-26 17:45:49,498 INFO _main.py 41:: #                        omniscient_scale: 1                   #
2024-11-26 17:45:49,498 INFO _main.py 41:: #                                 attacks: None                #
2024-11-26 17:45:49,498 INFO _main.py 41:: #                      save_model_weights: False               #
2024-11-26 17:45:49,499 INFO _main.py 41:: #                         experiment_name: sExp4Ba_40ep_rockburst_my_hog_40C_5#
2024-11-26 17:45:49,499 INFO _main.py 41:: #                          path_to_aggNet: None                #
2024-11-26 17:45:49,499 INFO _main.py 41:: #                                  device: cpu                 #
2024-11-26 17:45:49,499 INFO _main.py 41:: #                            inner_epochs: 4                   #
2024-11-26 17:45:49,500 INFO _main.py 41:: #                                 verbose: True                #
2024-11-26 17:45:49,500 INFO _main.py 41:: #                         list_unreliable: [2, 18, 20]         #
2024-11-26 17:45:49,500 INFO _main.py 41:: #                     unreliable_fraction: 0.5                 #
2024-11-26 17:45:49,500 INFO _main.py 41:: #                    unreliable_fracTrain: 0.3                 #
2024-11-26 17:45:49,501 INFO _main.py 41:: #                         mean_unreliable: 0.0                 #
2024-11-26 17:45:49,501 INFO _main.py 41:: #                             blur_method: add_noise           #
2024-11-26 17:45:49,501 INFO _main.py 41:: #                      max_std_unreliable: 30.0                #
2024-11-26 17:45:49,501 INFO _main.py 41:: #                     list_uatk_add_noise: [24, 25, 26]        #
2024-11-26 17:45:49,501 INFO _main.py 41:: #                          mean_add_noise: 0.0                 #
2024-11-26 17:45:49,501 INFO _main.py 41:: #                           std_add_noise: 0.01                #
2024-11-26 17:45:49,502 INFO _main.py 41:: #                     list_uatk_flip_sign: [0, 10, 11]         #
2024-11-26 17:45:49,502 INFO _main.py 42:: ################################################################
2024-11-26 17:45:49,502 INFO _main.py 43:: Namespace(batch_size=64, test_batch_size=64, epochs=20, optimizer='SGD', lr=0.01, momentum=0.9, weight_decay=0.0001, seed=1, log_interval=11, num_clients=40, output_folder='experiments', dataset='rockburst', loader_type='dirichlet', loader_path='./data/loader.pk', AR='my_hog', n_attacker_backdoor=0, backdoor_trigger=[0, 0, 1, 1], n_attacker_omniscient=0, omniscient_scale=1, attacks=None, save_model_weights=False, experiment_name='sExp4Ba_40ep_rockburst_my_hog_40C_5', path_to_aggNet=None, device='cpu', inner_epochs=4, verbose=True, list_unreliable=[2, 18, 20], unreliable_fraction=0.5, unreliable_fracTrain=0.3, mean_unreliable=0.0, blur_method='add_noise', max_std_unreliable=30.0, list_uatk_add_noise=[24, 25, 26], mean_add_noise=0.0, std_add_noise=0.01, list_uatk_flip_sign=[0, 10, 11])
2024-11-26 17:45:49,502 INFO _main.py 44:: #####################
2024-11-26 17:45:49,503 INFO _main.py 45:: #####################
2024-11-26 17:45:49,503 INFO _main.py 46:: #####################
2024-11-26 17:45:49,503 INFO _main.py 47:: Aggregation Rule:	my_hog
2024-11-26 17:45:49,503 INFO _main.py 48:: Data distribution:	dirichlet
2024-11-26 17:45:49,503 INFO _main.py 49:: Attacks:	None 
2024-11-26 17:45:49,503 INFO _main.py 50:: #####################
2024-11-26 17:45:49,504 INFO _main.py 51:: #####################
2024-11-26 17:45:49,504 INFO _main.py 52:: #####################
2024-11-26 17:45:51,017 INFO server.py 341:: SET DBSCAN eps=1.3, min_samples=10
2024-11-26 17:45:51,020 INFO _main.py 134:: [1-normal, 0-malicious] label =tensor([0., 1., 1., 1., 1., 1., 1., 1., 1., 1., 0., 0., 1., 1., 1., 1., 1., 1.,
        1., 1., 1., 1., 1., 1., 0., 0., 0., 1., 1., 1., 1., 1., 1., 1., 1., 1.,
        1., 1., 1., 1.])
2024-11-26 17:45:51,027 INFO malicious_clients.py 101:: init ATTACK OMNISCIENT Client 0
2024-11-26 17:45:51,032 INFO malicious_clients.py 18:: init UNRELIABLE Client 2
2024-11-26 17:45:51,060 INFO malicious_clients.py 101:: init ATTACK OMNISCIENT Client 10
2024-11-26 17:45:51,063 INFO malicious_clients.py 101:: init ATTACK OMNISCIENT Client 11
2024-11-26 17:45:51,082 INFO malicious_clients.py 18:: init UNRELIABLE Client 18
2024-11-26 17:45:51,089 INFO malicious_clients.py 18:: init UNRELIABLE Client 20
2024-11-26 17:45:51,104 INFO malicious_clients.py 73:: init ATTACK ADD NOISE TO GRAD Client 24
2024-11-26 17:45:51,108 INFO malicious_clients.py 73:: init ATTACK ADD NOISE TO GRAD Client 25
2024-11-26 17:45:51,111 INFO malicious_clients.py 73:: init ATTACK ADD NOISE TO GRAD Client 26
2024-11-26 17:45:51,155 INFO server.py 186:: [Server] Start testing
2024-11-26 17:45:51,172 INFO server.py 210:: [Server] Test set: Average loss: 1.3864, Accuracy: 50/200 (25.0%)

2024-11-26 17:45:51,173 INFO server.py 213:: [Sever] Confusion matrix:
 tensor([[50.,  0.,  0.,  0.],
        [50.,  0.,  0.,  0.],
        [50.,  0.,  0.,  0.],
        [50.,  0.,  0.,  0.]])
2024-11-26 17:45:51,180 INFO server.py 229:: [Server] Precision=[0.25  nan  nan  nan],
 Recall=[1. 0. 0. 0.],
 F1-score=[0.4 nan nan nan],
 my_accuracy=25.0[%]
2024-11-26 17:45:51,181 INFO _main.py 208:: ########EPOCH 0 ########
2024-11-26 17:45:51,181 INFO _main.py 209:: ###Model distribution###
2024-11-26 17:45:51,916 INFO server.py 955:: clients' sizes=[1, 2, 1, 0, 0, 0, 2, 2, 0, 1, 0, 1, 2, 2, 2, 2, 1, 1, 2, 0, 1, 1, 1, 1, 1, 0, 1, 1, 1, 1, 2, 0, 2, 0, 1, 2, 1, 0, 2, 0], total=41
2024-11-26 17:45:51,931 INFO server.py 302:: [Server] The aggregation takes 0.347998 seconds.

2024-11-26 17:45:51,932 INFO server.py 186:: [Server] Start testing
2024-11-26 17:45:51,943 INFO server.py 210:: [Server] Test set: Average loss: 1.3840, Accuracy: 50/200 (25.0%)

2024-11-26 17:45:51,944 INFO server.py 213:: [Sever] Confusion matrix:
 tensor([[50.,  0.,  0.,  0.],
        [50.,  0.,  0.,  0.],
        [50.,  0.,  0.,  0.],
        [50.,  0.,  0.,  0.]])
2024-11-26 17:45:51,946 INFO server.py 229:: [Server] Precision=[0.25  nan  nan  nan],
 Recall=[1. 0. 0. 0.],
 F1-score=[0.4 nan nan nan],
 my_accuracy=25.0[%]
2024-11-26 17:45:51,946 INFO _main.py 208:: ########EPOCH 1 ########
2024-11-26 17:45:51,947 INFO _main.py 209:: ###Model distribution###
2024-11-26 17:45:52,630 INFO server.py 955:: clients' sizes=[1, 2, 1, 0, 0, 0, 2, 2, 0, 1, 0, 1, 2, 2, 2, 2, 1, 1, 2, 0, 1, 1, 1, 1, 1, 0, 1, 1, 1, 1, 2, 0, 2, 0, 1, 2, 1, 0, 2, 0], total=41
2024-11-26 17:45:52,641 INFO server.py 302:: [Server] The aggregation takes 0.286512 seconds.

2024-11-26 17:45:52,642 INFO server.py 186:: [Server] Start testing
2024-11-26 17:45:52,654 INFO server.py 210:: [Server] Test set: Average loss: 1.3795, Accuracy: 50/200 (25.0%)

2024-11-26 17:45:52,656 INFO server.py 213:: [Sever] Confusion matrix:
 tensor([[50.,  0.,  0.,  0.],
        [50.,  0.,  0.,  0.],
        [50.,  0.,  0.,  0.],
        [50.,  0.,  0.,  0.]])
2024-11-26 17:45:52,657 INFO server.py 229:: [Server] Precision=[0.25  nan  nan  nan],
 Recall=[1. 0. 0. 0.],
 F1-score=[0.4 nan nan nan],
 my_accuracy=25.0[%]
2024-11-26 17:45:52,658 INFO _main.py 208:: ########EPOCH 2 ########
2024-11-26 17:45:52,658 INFO _main.py 209:: ###Model distribution###
2024-11-26 17:45:53,349 INFO server.py 955:: clients' sizes=[1, 2, 1, 0, 0, 0, 2, 2, 0, 1, 0, 1, 2, 2, 2, 2, 1, 1, 2, 0, 1, 1, 1, 1, 1, 0, 1, 1, 1, 1, 2, 0, 2, 0, 1, 2, 1, 0, 2, 0], total=41
2024-11-26 17:45:53,365 INFO server.py 302:: [Server] The aggregation takes 0.281972 seconds.

2024-11-26 17:45:53,366 INFO server.py 186:: [Server] Start testing
2024-11-26 17:45:53,381 INFO server.py 210:: [Server] Test set: Average loss: 1.3739, Accuracy: 50/200 (25.0%)

2024-11-26 17:45:53,382 INFO server.py 213:: [Sever] Confusion matrix:
 tensor([[50.,  0.,  0.,  0.],
        [50.,  0.,  0.,  0.],
        [50.,  0.,  0.,  0.],
        [50.,  0.,  0.,  0.]])
2024-11-26 17:45:53,384 INFO server.py 229:: [Server] Precision=[0.25  nan  nan  nan],
 Recall=[1. 0. 0. 0.],
 F1-score=[0.4 nan nan nan],
 my_accuracy=25.0[%]
2024-11-26 17:45:53,384 INFO _main.py 208:: ########EPOCH 3 ########
2024-11-26 17:45:53,385 INFO _main.py 209:: ###Model distribution###
2024-11-26 17:45:54,003 INFO server.py 773:: flip_sign_id=set()
2024-11-26 17:45:54,003 INFO server.py 788:: ===========using shortHoGs for detecting UNTARGETED ATTACK====
2024-11-26 17:45:54,211 INFO server.py 814:: labels cluster_sh= [0 0 0 0 0 0 0 0 0 0 0 0 0 0 0 0 0 0 0 0 0 0 0 0 0 0 0 0 0 0 0 0 0 0 0 0 0
 0 0 0]
2024-11-26 17:45:54,242 DEBUG server.py 819:: offset_normal_ids=[ 0  1  2  3  4  5  6  7  8  9 10 11 12 13 14 15 16 17 18 19 20 21 22 23
 24 25 26 27 28 29 30 31 32 33 34 35 36 37 38 39], normal_ids=[ 0  1  2  3  4  5  6  7  8  9 10 11 12 13 14 15 16 17 18 19 20 21 22 23
 24 25 26 27 28 29 30 31 32 33 34 35 36 37 38 39]
2024-11-26 17:45:54,247 INFO server.py 824:: SUSPECTED UNTARGETED []
2024-11-26 17:45:54,253 DEBUG server.py 828:: suspicious_ids=[]
2024-11-26 17:45:54,254 DEBUG server.py 837:: d_normal_sus={}, d_separate=0
2024-11-26 17:45:54,254 INFO server.py 844:: This round UNTARGETED=set(), sus_tAtk_uRel_id0=set()
2024-11-26 17:45:54,254 INFO server.py 862:: =======Using LONG HOGs for detecting TARGETED ATTACK========
2024-11-26 17:45:54,271 INFO server.py 118:: This round TARGETED ATTACK: [25]
2024-11-26 17:45:54,272 DEBUG server.py 475:: mal_ids=set(), pre_mal_id=defaultdict(<class 'int'>, {0: 0, 1: 0, 2: 0, 3: 0, 4: 0, 5: 0, 6: 0, 7: 0, 8: 0, 9: 0, 10: 0, 11: 0, 12: 0, 13: 0, 14: 0, 15: 0, 16: 0, 17: 0, 18: 0, 19: 0, 20: 0, 21: 0, 22: 0, 23: 0, 24: 0, 25: 1, 26: 0, 27: 0, 28: 0, 29: 0, 30: 0, 31: 0, 32: 0, 33: 0, 34: 0, 35: 0, 36: 0, 37: 0, 38: 0, 39: 0})
2024-11-26 17:45:54,272 INFO server.py 477:: FLIP-SIGN ATTACK=set()
2024-11-26 17:45:54,272 INFO server.py 478:: UNTARGETED ATTACK=set()
2024-11-26 17:45:54,272 INFO server.py 479:: TARGETED ATTACK=set()
2024-11-26 17:45:54,273 INFO server.py 867:: OVERTIME MALICIOUS client ids =set()
2024-11-26 17:45:54,286 INFO server.py 913:: This round UNRELIABLE={0, 2, 11, 18, 20, 24, 25, 26}, normal_id={1, 3, 4, 5, 6, 7, 8, 9, 10, 12, 13, 14, 15, 16, 17, 19, 21, 22, 23, 27, 28, 29, 30, 31, 32, 33, 34, 35, 36, 37, 38, 39}
2024-11-26 17:45:54,286 DEBUG server.py 915:: anlge_sHoGs={0: -0.58779126, 1: 0.5763861, 2: -0.20946604, 3: nan, 4: nan, 5: nan, 6: 0.61073816, 7: 0.34366226, 8: nan, 9: 0.5486239, 10: nan, 11: -0.49667805, 12: 0.54860866, 13: 0.5739458, 14: 0.37108898, 15: 0.3768329, 16: 0.45326862, 17: 0.26678485, 18: 0.0563378, 19: nan, 20: 0.035780393, 21: 0.22306813, 22: 0.33132327, 23: 0.43787554, 24: 0.07036521, 25: 0.04715825, 26: 0.0466757, 27: 0.4769669, 28: 0.42347568, 29: 0.33848527, 30: 0.50707775, 31: nan, 32: 0.3367271, 33: nan, 34: 0.3939082, 35: 0.3653469, 36: 0.6348697, 37: nan, 38: 0.41114917, 39: nan}, angle_sep_nsH=0.1834600269794464
2024-11-26 17:45:54,287 INFO server.py 927:: UNRELIABLE clients =set()
2024-11-26 17:45:54,577 INFO server.py 955:: clients' sizes=[1, 2, 1, 0, 0, 0, 2, 2, 0, 1, 0, 1, 2, 2, 2, 2, 1, 1, 2, 0, 1, 1, 1, 1, 1, 1, 1, 1, 1, 2, 0, 2, 0, 1, 2, 1, 0, 2, 0], total=41
2024-11-26 17:45:54,592 INFO server.py 302:: [Server] The aggregation takes 0.711069 seconds.

2024-11-26 17:45:54,593 INFO server.py 186:: [Server] Start testing
2024-11-26 17:45:54,612 INFO server.py 210:: [Server] Test set: Average loss: 1.3673, Accuracy: 53/200 (26.5%)

2024-11-26 17:45:54,614 INFO server.py 213:: [Sever] Confusion matrix:
 tensor([[50.,  0.,  0.,  0.],
        [50.,  0.,  0.,  0.],
        [50.,  0.,  0.,  0.],
        [47.,  0.,  0.,  3.]])
2024-11-26 17:45:54,616 INFO server.py 229:: [Server] Precision=[0.2538071       nan       nan 1.       ],
 Recall=[1.   0.   0.   0.06],
 F1-score=[0.4048583         nan        nan 0.11320755],
 my_accuracy=26.499998569488525[%]
2024-11-26 17:45:54,616 INFO _main.py 208:: ########EPOCH 4 ########
2024-11-26 17:45:54,617 INFO _main.py 209:: ###Model distribution###
2024-11-26 17:45:55,352 INFO server.py 773:: flip_sign_id=set()
2024-11-26 17:45:55,352 INFO server.py 788:: ===========using shortHoGs for detecting UNTARGETED ATTACK====
2024-11-26 17:45:55,410 INFO server.py 814:: labels cluster_sh= [0 0 0 0 0 0 0 0 0 0 0 0 0 0 0 0 0 0 0 0 0 0 0 0 0 0 0 0 0 0 0 0 0 0 0 0 0
 0 0 0]
2024-11-26 17:45:55,441 DEBUG server.py 819:: offset_normal_ids=[ 0  1  2  3  4  5  6  7  8  9 10 11 12 13 14 15 16 17 18 19 20 21 22 23
 24 25 26 27 28 29 30 31 32 33 34 35 36 37 38 39], normal_ids=[ 0  1  2  3  4  5  6  7  8  9 10 11 12 13 14 15 16 17 18 19 20 21 22 23
 24 25 26 27 28 29 30 31 32 33 34 35 36 37 38 39]
2024-11-26 17:45:55,442 INFO server.py 824:: SUSPECTED UNTARGETED []
2024-11-26 17:45:55,448 DEBUG server.py 828:: suspicious_ids=[]
2024-11-26 17:45:55,448 DEBUG server.py 837:: d_normal_sus={}, d_separate=0
2024-11-26 17:45:55,448 INFO server.py 844:: This round UNTARGETED=set(), sus_tAtk_uRel_id0=set()
2024-11-26 17:45:55,448 INFO server.py 862:: =======Using LONG HOGs for detecting TARGETED ATTACK========
2024-11-26 17:45:55,483 INFO server.py 118:: This round TARGETED ATTACK: [25]
2024-11-26 17:45:55,484 DEBUG server.py 475:: mal_ids=set(), pre_mal_id=defaultdict(<class 'int'>, {0: 0, 1: 0, 2: 0, 3: 0, 4: 0, 5: 0, 6: 0, 7: 0, 8: 0, 9: 0, 10: 0, 11: 0, 12: 0, 13: 0, 14: 0, 15: 0, 16: 0, 17: 0, 18: 0, 19: 0, 20: 0, 21: 0, 22: 0, 23: 0, 24: 0, 25: 2, 26: 0, 27: 0, 28: 0, 29: 0, 30: 0, 31: 0, 32: 0, 33: 0, 34: 0, 35: 0, 36: 0, 37: 0, 38: 0, 39: 0})
2024-11-26 17:45:55,484 INFO server.py 477:: FLIP-SIGN ATTACK=set()
2024-11-26 17:45:55,484 INFO server.py 478:: UNTARGETED ATTACK=set()
2024-11-26 17:45:55,485 INFO server.py 479:: TARGETED ATTACK=set()
2024-11-26 17:45:55,485 INFO server.py 867:: OVERTIME MALICIOUS client ids =set()
2024-11-26 17:45:55,509 INFO server.py 913:: This round UNRELIABLE={0, 2, 11, 18, 20, 24, 25, 26}, normal_id={1, 3, 4, 5, 6, 7, 8, 9, 10, 12, 13, 14, 15, 16, 17, 19, 21, 22, 23, 27, 28, 29, 30, 31, 32, 33, 34, 35, 36, 37, 38, 39}
2024-11-26 17:45:55,516 DEBUG server.py 915:: anlge_sHoGs={0: -0.58779126, 1: 0.5763861, 2: -0.20946604, 3: nan, 4: nan, 5: nan, 6: 0.61073816, 7: 0.34366226, 8: nan, 9: 0.5486239, 10: nan, 11: -0.49667805, 12: 0.54860866, 13: 0.5739458, 14: 0.37108898, 15: 0.3768329, 16: 0.45326862, 17: 0.26678485, 18: 0.0563378, 19: nan, 20: 0.035780393, 21: 0.22306813, 22: 0.33132327, 23: 0.43787554, 24: 0.07036521, 25: 0.04715825, 26: 0.0466757, 27: 0.4769669, 28: 0.42347568, 29: 0.33848527, 30: 0.50707775, 31: nan, 32: 0.3367271, 33: nan, 34: 0.3939082, 35: 0.3653469, 36: 0.6348697, 37: nan, 38: 0.41114917, 39: nan}, angle_sep_nsH=0.1834600269794464
2024-11-26 17:45:55,527 INFO server.py 927:: UNRELIABLE clients =set()
2024-11-26 17:45:55,804 INFO server.py 955:: clients' sizes=[1, 2, 1, 0, 0, 0, 2, 2, 0, 1, 0, 1, 2, 2, 2, 2, 1, 1, 2, 0, 1, 1, 1, 1, 1, 1, 1, 1, 1, 2, 0, 2, 0, 1, 2, 1, 0, 2, 0], total=41
2024-11-26 17:45:55,819 INFO server.py 302:: [Server] The aggregation takes 0.582423 seconds.

2024-11-26 17:45:55,821 INFO server.py 186:: [Server] Start testing
2024-11-26 17:45:55,838 INFO server.py 210:: [Server] Test set: Average loss: 1.3597, Accuracy: 63/200 (31.5%)

2024-11-26 17:45:55,839 INFO server.py 213:: [Sever] Confusion matrix:
 tensor([[50.,  0.,  0.,  0.],
        [50.,  0.,  0.,  0.],
        [50.,  0.,  0.,  0.],
        [37.,  0.,  0., 13.]])
2024-11-26 17:45:55,841 INFO server.py 229:: [Server] Precision=[0.26737967        nan        nan 1.        ],
 Recall=[1.   0.   0.   0.26],
 F1-score=[0.42194092        nan        nan 0.4126984 ],
 my_accuracy=31.49999976158142[%]
2024-11-26 17:45:55,841 INFO _main.py 208:: ########EPOCH 5 ########
2024-11-26 17:45:55,870 INFO _main.py 209:: ###Model distribution###
2024-11-26 17:45:56,699 INFO server.py 773:: flip_sign_id=set()
2024-11-26 17:45:56,699 INFO server.py 788:: ===========using shortHoGs for detecting UNTARGETED ATTACK====
2024-11-26 17:45:56,920 INFO server.py 814:: labels cluster_sh= [0 0 0 0 0 0 0 0 0 0 0 0 0 0 0 0 0 0 0 0 0 0 0 0 0 0 0 0 0 0 0 0 0 0 0 0 0
 0 0 0]
2024-11-26 17:45:56,950 DEBUG server.py 819:: offset_normal_ids=[ 0  1  2  3  4  5  6  7  8  9 10 11 12 13 14 15 16 17 18 19 20 21 22 23
 24 25 26 27 28 29 30 31 32 33 34 35 36 37 38 39], normal_ids=[ 0  1  2  3  4  5  6  7  8  9 10 11 12 13 14 15 16 17 18 19 20 21 22 23
 24 25 26 27 28 29 30 31 32 33 34 35 36 37 38 39]
2024-11-26 17:45:56,953 INFO server.py 824:: SUSPECTED UNTARGETED []
2024-11-26 17:45:56,953 DEBUG server.py 828:: suspicious_ids=[]
2024-11-26 17:45:56,958 DEBUG server.py 837:: d_normal_sus={}, d_separate=0
2024-11-26 17:45:56,959 INFO server.py 844:: This round UNTARGETED=set(), sus_tAtk_uRel_id0=set()
2024-11-26 17:45:56,959 INFO server.py 862:: =======Using LONG HOGs for detecting TARGETED ATTACK========
2024-11-26 17:45:56,991 INFO server.py 118:: This round TARGETED ATTACK: [25]
2024-11-26 17:45:56,992 DEBUG server.py 475:: mal_ids=set(), pre_mal_id=defaultdict(<class 'int'>, {0: 0, 1: 0, 2: 0, 3: 0, 4: 0, 5: 0, 6: 0, 7: 0, 8: 0, 9: 0, 10: 0, 11: 0, 12: 0, 13: 0, 14: 0, 15: 0, 16: 0, 17: 0, 18: 0, 19: 0, 20: 0, 21: 0, 22: 0, 23: 0, 24: 0, 25: 3, 26: 0, 27: 0, 28: 0, 29: 0, 30: 0, 31: 0, 32: 0, 33: 0, 34: 0, 35: 0, 36: 0, 37: 0, 38: 0, 39: 0})
2024-11-26 17:45:56,993 INFO server.py 477:: FLIP-SIGN ATTACK=set()
2024-11-26 17:45:56,993 INFO server.py 478:: UNTARGETED ATTACK=set()
2024-11-26 17:45:56,993 INFO server.py 479:: TARGETED ATTACK=set()
2024-11-26 17:45:56,994 INFO server.py 867:: OVERTIME MALICIOUS client ids =set()
2024-11-26 17:45:57,029 INFO server.py 913:: This round UNRELIABLE={0, 2, 11, 18, 20, 24, 25, 26}, normal_id={1, 3, 4, 5, 6, 7, 8, 9, 10, 12, 13, 14, 15, 16, 17, 19, 21, 22, 23, 27, 28, 29, 30, 31, 32, 33, 34, 35, 36, 37, 38, 39}
2024-11-26 17:45:57,030 DEBUG server.py 915:: anlge_sHoGs={0: -0.58779126, 1: 0.5763861, 2: -0.20946604, 3: nan, 4: nan, 5: nan, 6: 0.61073816, 7: 0.34366226, 8: nan, 9: 0.5486239, 10: nan, 11: -0.49667805, 12: 0.54860866, 13: 0.5739458, 14: 0.37108898, 15: 0.3768329, 16: 0.45326862, 17: 0.26678485, 18: 0.0563378, 19: nan, 20: 0.035780393, 21: 0.22306813, 22: 0.33132327, 23: 0.43787554, 24: 0.07036521, 25: 0.04715825, 26: 0.0466757, 27: 0.4769669, 28: 0.42347568, 29: 0.33848527, 30: 0.50707775, 31: nan, 32: 0.3367271, 33: nan, 34: 0.3939082, 35: 0.3653469, 36: 0.6348697, 37: nan, 38: 0.41114917, 39: nan}, angle_sep_nsH=0.1834600269794464
2024-11-26 17:45:57,030 INFO server.py 927:: UNRELIABLE clients ={0, 2, 11, 18, 20, 24, 25, 26}
2024-11-26 17:45:57,329 INFO server.py 955:: clients' sizes=[1, 2, 1, 0, 0, 0, 2, 2, 0, 1, 0, 1, 2, 2, 2, 2, 1, 1, 2, 0, 1, 1, 1, 1, 1, 1, 1, 1, 1, 2, 0, 2, 0, 1, 2, 1, 0, 2, 0], total=41
2024-11-26 17:45:57,344 INFO server.py 302:: [Server] The aggregation takes 0.778217 seconds.

2024-11-26 17:45:57,345 INFO server.py 186:: [Server] Start testing
2024-11-26 17:45:57,366 INFO server.py 210:: [Server] Test set: Average loss: 1.3515, Accuracy: 65/200 (32.5%)

2024-11-26 17:45:57,367 INFO server.py 213:: [Sever] Confusion matrix:
 tensor([[50.,  0.,  0.,  0.],
        [50.,  0.,  0.,  0.],
        [50.,  0.,  0.,  0.],
        [35.,  0.,  0., 15.]])
2024-11-26 17:45:57,369 INFO server.py 229:: [Server] Precision=[0.27027026        nan        nan 1.        ],
 Recall=[1.  0.  0.  0.3],
 F1-score=[0.42553192        nan        nan 0.4615385 ],
 my_accuracy=32.499998807907104[%]
2024-11-26 17:45:57,369 INFO _main.py 208:: ########EPOCH 6 ########
2024-11-26 17:45:57,371 INFO _main.py 209:: ###Model distribution###
2024-11-26 17:45:58,138 INFO server.py 773:: flip_sign_id=set()
2024-11-26 17:45:58,138 INFO server.py 788:: ===========using shortHoGs for detecting UNTARGETED ATTACK====
2024-11-26 17:45:58,185 INFO server.py 814:: labels cluster_sh= [0 0 0 0 0 0 0 0 0 0 0 0 0 0 0 0 0 0 0 0 0 0 0 0 0 0 0 0 0 0 0 0 0 0 0 0 0
 0 0 0]
2024-11-26 17:45:58,199 DEBUG server.py 819:: offset_normal_ids=[ 0  1  2  3  4  5  6  7  8  9 10 11 12 13 14 15 16 17 18 19 20 21 22 23
 24 25 26 27 28 29 30 31 32 33 34 35 36 37 38 39], normal_ids=[ 0  1  2  3  4  5  6  7  8  9 10 11 12 13 14 15 16 17 18 19 20 21 22 23
 24 25 26 27 28 29 30 31 32 33 34 35 36 37 38 39]
2024-11-26 17:45:58,200 INFO server.py 824:: SUSPECTED UNTARGETED []
2024-11-26 17:45:58,200 DEBUG server.py 828:: suspicious_ids=[]
2024-11-26 17:45:58,201 DEBUG server.py 837:: d_normal_sus={}, d_separate=0
2024-11-26 17:45:58,201 INFO server.py 844:: This round UNTARGETED=set(), sus_tAtk_uRel_id0=set()
2024-11-26 17:45:58,201 INFO server.py 862:: =======Using LONG HOGs for detecting TARGETED ATTACK========
2024-11-26 17:45:58,228 INFO server.py 118:: This round TARGETED ATTACK: [25]
2024-11-26 17:45:58,229 DEBUG server.py 475:: mal_ids={25}, pre_mal_id=defaultdict(<class 'int'>, {0: 0, 1: 0, 2: 0, 3: 0, 4: 0, 5: 0, 6: 0, 7: 0, 8: 0, 9: 0, 10: 0, 11: 0, 12: 0, 13: 0, 14: 0, 15: 0, 16: 0, 17: 0, 18: 0, 19: 0, 20: 0, 21: 0, 22: 0, 23: 0, 24: 0, 25: 4, 26: 0, 27: 0, 28: 0, 29: 0, 30: 0, 31: 0, 32: 0, 33: 0, 34: 0, 35: 0, 36: 0, 37: 0, 38: 0, 39: 0})
2024-11-26 17:45:58,229 INFO server.py 477:: FLIP-SIGN ATTACK=set()
2024-11-26 17:45:58,229 INFO server.py 478:: UNTARGETED ATTACK=set()
2024-11-26 17:45:58,230 INFO server.py 479:: TARGETED ATTACK={25}
2024-11-26 17:45:58,230 INFO server.py 867:: OVERTIME MALICIOUS client ids ={25}
2024-11-26 17:45:58,258 INFO server.py 913:: This round UNRELIABLE={0, 2, 11, 18, 20, 24, 26}, normal_id={1, 3, 4, 5, 6, 7, 8, 9, 10, 12, 13, 14, 15, 16, 17, 19, 21, 22, 23, 27, 28, 29, 30, 31, 32, 33, 34, 35, 36, 37, 38, 39}
2024-11-26 17:45:58,260 DEBUG server.py 915:: anlge_sHoGs={0: -0.58790255, 1: 0.57571286, 2: -0.21504451, 3: nan, 4: nan, 5: nan, 6: 0.60910213, 7: 0.3388434, 8: nan, 9: 0.5490162, 10: nan, 11: -0.49826735, 12: 0.54463905, 13: 0.5682912, 14: 0.3687062, 15: 0.37744573, 16: 0.44881052, 17: 0.25798264, 18: 0.055472866, 19: nan, 20: 0.030344175, 21: 0.22132045, 22: 0.33221412, 23: 0.43479896, 24: 0.067292854, 26: 0.045856, 27: 0.47714043, 28: 0.42122805, 29: 0.3389793, 30: 0.5053574, 31: nan, 32: 0.33693925, 33: nan, 34: 0.38911223, 35: 0.36245698, 36: 0.62661064, 37: nan, 38: 0.408455, 39: nan}, angle_sep_nsH=0.1803341656923294
2024-11-26 17:45:58,260 INFO server.py 927:: UNRELIABLE clients ={0, 2, 11, 18, 20, 24, 25, 26}
2024-11-26 17:45:58,619 INFO server.py 955:: clients' sizes=[1, 2, 1, 0, 0, 0, 2, 2, 0, 1, 0, 1, 2, 2, 2, 2, 1, 1, 2, 0, 1, 1, 1, 1, 1, 1, 1, 1, 1, 2, 0, 2, 0, 1, 2, 1, 0, 2, 0], total=41
2024-11-26 17:45:58,634 INFO server.py 302:: [Server] The aggregation takes 0.613835 seconds.

2024-11-26 17:45:58,636 INFO server.py 186:: [Server] Start testing
2024-11-26 17:45:58,655 INFO server.py 210:: [Server] Test set: Average loss: 1.3423, Accuracy: 70/200 (35.0%)

2024-11-26 17:45:58,657 INFO server.py 213:: [Sever] Confusion matrix:
 tensor([[50.,  0.,  0.,  0.],
        [50.,  0.,  0.,  0.],
        [50.,  0.,  0.,  0.],
        [30.,  0.,  0., 20.]])
2024-11-26 17:45:58,658 INFO server.py 229:: [Server] Precision=[0.2777778       nan       nan 1.       ],
 Recall=[1.  0.  0.  0.4],
 F1-score=[0.43478262        nan        nan 0.5714286 ],
 my_accuracy=34.99999940395355[%]
2024-11-26 17:45:58,659 INFO _main.py 208:: ########EPOCH 7 ########
2024-11-26 17:45:58,660 INFO _main.py 209:: ###Model distribution###
2024-11-26 17:45:59,386 INFO server.py 773:: flip_sign_id=set()
2024-11-26 17:45:59,387 INFO server.py 788:: ===========using shortHoGs for detecting UNTARGETED ATTACK====
2024-11-26 17:45:59,444 INFO server.py 814:: labels cluster_sh= [0 0 0 0 0 0 0 0 0 0 0 0 0 0 0 0 0 0 0 0 0 0 0 0 0 0 0 0 0 0 0 0 0 0 0 0 0
 0 0 0]
2024-11-26 17:45:59,459 DEBUG server.py 819:: offset_normal_ids=[ 0  1  2  3  4  5  6  7  8  9 10 11 12 13 14 15 16 17 18 19 20 21 22 23
 24 25 26 27 28 29 30 31 32 33 34 35 36 37 38 39], normal_ids=[ 0  1  2  3  4  5  6  7  8  9 10 11 12 13 14 15 16 17 18 19 20 21 22 23
 24 25 26 27 28 29 30 31 32 33 34 35 36 37 38 39]
2024-11-26 17:45:59,459 INFO server.py 824:: SUSPECTED UNTARGETED []
2024-11-26 17:45:59,460 DEBUG server.py 828:: suspicious_ids=[]
2024-11-26 17:45:59,460 DEBUG server.py 837:: d_normal_sus={}, d_separate=0
2024-11-26 17:45:59,460 INFO server.py 844:: This round UNTARGETED=set(), sus_tAtk_uRel_id0=set()
2024-11-26 17:45:59,460 INFO server.py 862:: =======Using LONG HOGs for detecting TARGETED ATTACK========
2024-11-26 17:45:59,475 INFO server.py 118:: This round TARGETED ATTACK: [25]
2024-11-26 17:45:59,475 DEBUG server.py 475:: mal_ids={25}, pre_mal_id=defaultdict(<class 'int'>, {0: 0, 1: 0, 2: 0, 3: 0, 4: 0, 5: 0, 6: 0, 7: 0, 8: 0, 9: 0, 10: 0, 11: 0, 12: 0, 13: 0, 14: 0, 15: 0, 16: 0, 17: 0, 18: 0, 19: 0, 20: 0, 21: 0, 22: 0, 23: 0, 24: 0, 25: 5, 26: 0, 27: 0, 28: 0, 29: 0, 30: 0, 31: 0, 32: 0, 33: 0, 34: 0, 35: 0, 36: 0, 37: 0, 38: 0, 39: 0})
2024-11-26 17:45:59,476 INFO server.py 477:: FLIP-SIGN ATTACK=set()
2024-11-26 17:45:59,476 INFO server.py 478:: UNTARGETED ATTACK=set()
2024-11-26 17:45:59,476 INFO server.py 479:: TARGETED ATTACK={25}
2024-11-26 17:45:59,476 INFO server.py 867:: OVERTIME MALICIOUS client ids ={25}
2024-11-26 17:45:59,489 INFO server.py 913:: This round UNRELIABLE={0, 2, 11, 18, 20, 24, 26}, normal_id={1, 3, 4, 5, 6, 7, 8, 9, 10, 12, 13, 14, 15, 16, 17, 19, 21, 22, 23, 27, 28, 29, 30, 31, 32, 33, 34, 35, 36, 37, 38, 39}
2024-11-26 17:45:59,490 DEBUG server.py 915:: anlge_sHoGs={0: -0.58790255, 1: 0.57571286, 2: -0.21504451, 3: nan, 4: nan, 5: nan, 6: 0.60910213, 7: 0.3388434, 8: nan, 9: 0.5490162, 10: nan, 11: -0.49826735, 12: 0.54463905, 13: 0.5682912, 14: 0.3687062, 15: 0.37744573, 16: 0.44881052, 17: 0.25798264, 18: 0.055472866, 19: nan, 20: 0.030344175, 21: 0.22132045, 22: 0.33221412, 23: 0.43479896, 24: 0.067292854, 26: 0.045856, 27: 0.47714043, 28: 0.42122805, 29: 0.3389793, 30: 0.5053574, 31: nan, 32: 0.33693925, 33: nan, 34: 0.38911223, 35: 0.36245698, 36: 0.62661064, 37: nan, 38: 0.408455, 39: nan}, angle_sep_nsH=0.1803341656923294
2024-11-26 17:45:59,490 INFO server.py 927:: UNRELIABLE clients ={0, 2, 11, 18, 20, 24, 25, 26}
2024-11-26 17:45:59,747 INFO server.py 955:: clients' sizes=[1, 2, 1, 0, 0, 0, 2, 2, 0, 1, 0, 1, 2, 2, 2, 2, 1, 1, 2, 0, 1, 1, 1, 1, 1, 1, 1, 1, 1, 2, 0, 2, 0, 1, 2, 1, 0, 2, 0], total=41
2024-11-26 17:45:59,759 INFO server.py 302:: [Server] The aggregation takes 0.445784 seconds.

2024-11-26 17:45:59,760 INFO server.py 186:: [Server] Start testing
2024-11-26 17:45:59,772 INFO server.py 210:: [Server] Test set: Average loss: 1.3327, Accuracy: 75/200 (37.5%)

2024-11-26 17:45:59,773 INFO server.py 213:: [Sever] Confusion matrix:
 tensor([[50.,  0.,  0.,  0.],
        [50.,  0.,  0.,  0.],
        [49.,  0.,  0.,  1.],
        [25.,  0.,  0., 25.]])
2024-11-26 17:45:59,774 INFO server.py 229:: [Server] Precision=[0.28735632        nan        nan 0.96153843],
 Recall=[1.  0.  0.  0.5],
 F1-score=[0.44642854        nan        nan 0.65789473],
 my_accuracy=37.5[%]
2024-11-26 17:45:59,775 INFO _main.py 208:: ########EPOCH 8 ########
2024-11-26 17:45:59,775 INFO _main.py 209:: ###Model distribution###
2024-11-26 17:46:00,261 INFO server.py 773:: flip_sign_id=set()
2024-11-26 17:46:00,261 INFO server.py 788:: ===========using shortHoGs for detecting UNTARGETED ATTACK====
2024-11-26 17:46:00,302 INFO server.py 814:: labels cluster_sh= [0 0 0 0 0 0 0 0 0 0 0 0 0 0 0 0 0 0 0 0 0 0 0 0 0 0 0 0 0 0 0 0 0 0 0 0 0
 0 0 0]
2024-11-26 17:46:00,316 DEBUG server.py 819:: offset_normal_ids=[ 0  1  2  3  4  5  6  7  8  9 10 11 12 13 14 15 16 17 18 19 20 21 22 23
 24 25 26 27 28 29 30 31 32 33 34 35 36 37 38 39], normal_ids=[ 0  1  2  3  4  5  6  7  8  9 10 11 12 13 14 15 16 17 18 19 20 21 22 23
 24 25 26 27 28 29 30 31 32 33 34 35 36 37 38 39]
2024-11-26 17:46:00,316 INFO server.py 824:: SUSPECTED UNTARGETED []
2024-11-26 17:46:00,317 DEBUG server.py 828:: suspicious_ids=[]
2024-11-26 17:46:00,317 DEBUG server.py 837:: d_normal_sus={}, d_separate=0
2024-11-26 17:46:00,317 INFO server.py 844:: This round UNTARGETED=set(), sus_tAtk_uRel_id0=set()
2024-11-26 17:46:00,317 INFO server.py 862:: =======Using LONG HOGs for detecting TARGETED ATTACK========
2024-11-26 17:46:00,331 INFO server.py 118:: This round TARGETED ATTACK: [25]
2024-11-26 17:46:00,331 DEBUG server.py 475:: mal_ids={25}, pre_mal_id=defaultdict(<class 'int'>, {0: 0, 1: 0, 2: 0, 3: 0, 4: 0, 5: 0, 6: 0, 7: 0, 8: 0, 9: 0, 10: 0, 11: 0, 12: 0, 13: 0, 14: 0, 15: 0, 16: 0, 17: 0, 18: 0, 19: 0, 20: 0, 21: 0, 22: 0, 23: 0, 24: 0, 25: 6, 26: 0, 27: 0, 28: 0, 29: 0, 30: 0, 31: 0, 32: 0, 33: 0, 34: 0, 35: 0, 36: 0, 37: 0, 38: 0, 39: 0})
2024-11-26 17:46:00,332 INFO server.py 477:: FLIP-SIGN ATTACK=set()
2024-11-26 17:46:00,332 INFO server.py 478:: UNTARGETED ATTACK=set()
2024-11-26 17:46:00,332 INFO server.py 479:: TARGETED ATTACK={25}
2024-11-26 17:46:00,332 INFO server.py 867:: OVERTIME MALICIOUS client ids ={25}
2024-11-26 17:46:00,350 INFO server.py 913:: This round UNRELIABLE={0, 2, 11, 18, 20, 24, 26}, normal_id={1, 3, 4, 5, 6, 7, 8, 9, 10, 12, 13, 14, 15, 16, 17, 19, 21, 22, 23, 27, 28, 29, 30, 31, 32, 33, 34, 35, 36, 37, 38, 39}
2024-11-26 17:46:00,350 DEBUG server.py 915:: anlge_sHoGs={0: -0.58790255, 1: 0.57571286, 2: -0.21504451, 3: nan, 4: nan, 5: nan, 6: 0.60910213, 7: 0.3388434, 8: nan, 9: 0.5490162, 10: nan, 11: -0.49826735, 12: 0.54463905, 13: 0.5682912, 14: 0.3687062, 15: 0.37744573, 16: 0.44881052, 17: 0.25798264, 18: 0.055472866, 19: nan, 20: 0.030344175, 21: 0.22132045, 22: 0.33221412, 23: 0.43479896, 24: 0.067292854, 26: 0.045856, 27: 0.47714043, 28: 0.42122805, 29: 0.3389793, 30: 0.5053574, 31: nan, 32: 0.33693925, 33: nan, 34: 0.38911223, 35: 0.36245698, 36: 0.62661064, 37: nan, 38: 0.408455, 39: nan}, angle_sep_nsH=0.1803341656923294
2024-11-26 17:46:00,350 INFO server.py 927:: UNRELIABLE clients ={0, 2, 11, 18, 20, 24, 25, 26}
2024-11-26 17:46:00,661 INFO server.py 955:: clients' sizes=[1, 2, 1, 0, 0, 0, 2, 2, 0, 1, 0, 1, 2, 2, 2, 2, 1, 1, 2, 0, 1, 1, 1, 1, 1, 1, 1, 1, 1, 2, 0, 2, 0, 1, 2, 1, 0, 2, 0], total=41
2024-11-26 17:46:00,670 INFO server.py 302:: [Server] The aggregation takes 0.482064 seconds.

2024-11-26 17:46:00,671 INFO server.py 186:: [Server] Start testing
2024-11-26 17:46:00,682 INFO server.py 210:: [Server] Test set: Average loss: 1.3220, Accuracy: 77/200 (38.5%)

2024-11-26 17:46:00,683 INFO server.py 213:: [Sever] Confusion matrix:
 tensor([[50.,  0.,  0.,  0.],
        [50.,  0.,  0.,  0.],
        [48.,  0.,  0.,  2.],
        [23.,  0.,  0., 27.]])
2024-11-26 17:46:00,685 INFO server.py 229:: [Server] Precision=[0.29239765        nan        nan 0.9310345 ],
 Recall=[1.   0.   0.   0.54],
 F1-score=[0.4524887         nan        nan 0.68354434],
 my_accuracy=38.499999046325684[%]
2024-11-26 17:46:00,685 INFO _main.py 208:: ########EPOCH 9 ########
2024-11-26 17:46:00,685 INFO _main.py 209:: ###Model distribution###
2024-11-26 17:46:01,175 INFO server.py 773:: flip_sign_id=set()
2024-11-26 17:46:01,175 INFO server.py 788:: ===========using shortHoGs for detecting UNTARGETED ATTACK====
2024-11-26 17:46:01,216 INFO server.py 814:: labels cluster_sh= [0 0 0 0 0 0 0 0 0 0 0 0 0 0 0 0 0 0 0 0 0 0 0 0 0 0 0 0 0 0 0 0 0 0 0 0 0
 0 0 0]
2024-11-26 17:46:01,230 DEBUG server.py 819:: offset_normal_ids=[ 0  1  2  3  4  5  6  7  8  9 10 11 12 13 14 15 16 17 18 19 20 21 22 23
 24 25 26 27 28 29 30 31 32 33 34 35 36 37 38 39], normal_ids=[ 0  1  2  3  4  5  6  7  8  9 10 11 12 13 14 15 16 17 18 19 20 21 22 23
 24 25 26 27 28 29 30 31 32 33 34 35 36 37 38 39]
2024-11-26 17:46:01,230 INFO server.py 824:: SUSPECTED UNTARGETED []
2024-11-26 17:46:01,231 DEBUG server.py 828:: suspicious_ids=[]
2024-11-26 17:46:01,231 DEBUG server.py 837:: d_normal_sus={}, d_separate=0
2024-11-26 17:46:01,231 INFO server.py 844:: This round UNTARGETED=set(), sus_tAtk_uRel_id0=set()
2024-11-26 17:46:01,232 INFO server.py 862:: =======Using LONG HOGs for detecting TARGETED ATTACK========
2024-11-26 17:46:01,246 INFO server.py 118:: This round TARGETED ATTACK: [25]
2024-11-26 17:46:01,246 DEBUG server.py 475:: mal_ids={25}, pre_mal_id=defaultdict(<class 'int'>, {0: 0, 1: 0, 2: 0, 3: 0, 4: 0, 5: 0, 6: 0, 7: 0, 8: 0, 9: 0, 10: 0, 11: 0, 12: 0, 13: 0, 14: 0, 15: 0, 16: 0, 17: 0, 18: 0, 19: 0, 20: 0, 21: 0, 22: 0, 23: 0, 24: 0, 25: 7, 26: 0, 27: 0, 28: 0, 29: 0, 30: 0, 31: 0, 32: 0, 33: 0, 34: 0, 35: 0, 36: 0, 37: 0, 38: 0, 39: 0})
2024-11-26 17:46:01,246 INFO server.py 477:: FLIP-SIGN ATTACK=set()
2024-11-26 17:46:01,247 INFO server.py 478:: UNTARGETED ATTACK=set()
2024-11-26 17:46:01,247 INFO server.py 479:: TARGETED ATTACK={25}
2024-11-26 17:46:01,247 INFO server.py 867:: OVERTIME MALICIOUS client ids ={25}
2024-11-26 17:46:01,260 INFO server.py 913:: This round UNRELIABLE={0, 2, 11, 18, 20, 24, 26}, normal_id={1, 3, 4, 5, 6, 7, 8, 9, 10, 12, 13, 14, 15, 16, 17, 19, 21, 22, 23, 27, 28, 29, 30, 31, 32, 33, 34, 35, 36, 37, 38, 39}
2024-11-26 17:46:01,261 DEBUG server.py 915:: anlge_sHoGs={0: -0.58790255, 1: 0.57571286, 2: -0.21504451, 3: nan, 4: nan, 5: nan, 6: 0.60910213, 7: 0.3388434, 8: nan, 9: 0.5490162, 10: nan, 11: -0.49826735, 12: 0.54463905, 13: 0.5682912, 14: 0.3687062, 15: 0.37744573, 16: 0.44881052, 17: 0.25798264, 18: 0.055472866, 19: nan, 20: 0.030344175, 21: 0.22132045, 22: 0.33221412, 23: 0.43479896, 24: 0.067292854, 26: 0.045856, 27: 0.47714043, 28: 0.42122805, 29: 0.3389793, 30: 0.5053574, 31: nan, 32: 0.33693925, 33: nan, 34: 0.38911223, 35: 0.36245698, 36: 0.62661064, 37: nan, 38: 0.408455, 39: nan}, angle_sep_nsH=0.1803341656923294
2024-11-26 17:46:01,262 INFO server.py 927:: UNRELIABLE clients ={0, 2, 11, 18, 20, 24, 26}
2024-11-26 17:46:01,600 INFO server.py 955:: clients' sizes=[1, 2, 1, 0, 0, 0, 2, 2, 0, 1, 0, 1, 2, 2, 2, 2, 1, 1, 2, 0, 1, 1, 1, 1, 1, 1, 1, 1, 1, 2, 0, 2, 0, 1, 2, 1, 0, 2, 0], total=41
2024-11-26 17:46:01,610 INFO server.py 302:: [Server] The aggregation takes 0.508587 seconds.

2024-11-26 17:46:01,611 INFO server.py 186:: [Server] Start testing
2024-11-26 17:46:01,623 INFO server.py 210:: [Server] Test set: Average loss: 1.3097, Accuracy: 80/200 (40.0%)

2024-11-26 17:46:01,624 INFO server.py 213:: [Sever] Confusion matrix:
 tensor([[50.,  0.,  0.,  0.],
        [48.,  0.,  0.,  2.],
        [47.,  0.,  0.,  3.],
        [20.,  0.,  0., 30.]])
2024-11-26 17:46:01,625 INFO server.py 229:: [Server] Precision=[0.3030303         nan        nan 0.85714287],
 Recall=[1.  0.  0.  0.6],
 F1-score=[0.46511632        nan        nan 0.70588243],
 my_accuracy=40.00000059604645[%]
2024-11-26 17:46:01,626 INFO _main.py 208:: ########EPOCH 10 ########
2024-11-26 17:46:01,626 INFO _main.py 209:: ###Model distribution###
2024-11-26 17:46:02,084 INFO server.py 773:: flip_sign_id=set()
2024-11-26 17:46:02,084 INFO server.py 788:: ===========using shortHoGs for detecting UNTARGETED ATTACK====
2024-11-26 17:46:02,126 INFO server.py 814:: labels cluster_sh= [0 0 0 0 0 0 0 0 0 0 0 0 0 0 0 0 0 0 0 0 0 0 0 0 0 0 0 0 0 0 0 0 0 0 0 0 0
 0 0 0]
2024-11-26 17:46:02,140 DEBUG server.py 819:: offset_normal_ids=[ 0  1  2  3  4  5  6  7  8  9 10 11 12 13 14 15 16 17 18 19 20 21 22 23
 24 25 26 27 28 29 30 31 32 33 34 35 36 37 38 39], normal_ids=[ 0  1  2  3  4  5  6  7  8  9 10 11 12 13 14 15 16 17 18 19 20 21 22 23
 24 25 26 27 28 29 30 31 32 33 34 35 36 37 38 39]
2024-11-26 17:46:02,141 INFO server.py 824:: SUSPECTED UNTARGETED []
2024-11-26 17:46:02,141 DEBUG server.py 828:: suspicious_ids=[]
2024-11-26 17:46:02,142 DEBUG server.py 837:: d_normal_sus={}, d_separate=0
2024-11-26 17:46:02,142 INFO server.py 844:: This round UNTARGETED=set(), sus_tAtk_uRel_id0=set()
2024-11-26 17:46:02,142 INFO server.py 862:: =======Using LONG HOGs for detecting TARGETED ATTACK========
2024-11-26 17:46:02,166 INFO server.py 118:: This round TARGETED ATTACK: [25]
2024-11-26 17:46:02,167 DEBUG server.py 475:: mal_ids={25}, pre_mal_id=defaultdict(<class 'int'>, {0: 0, 1: 0, 2: 0, 3: 0, 4: 0, 5: 0, 6: 0, 7: 0, 8: 0, 9: 0, 10: 0, 11: 0, 12: 0, 13: 0, 14: 0, 15: 0, 16: 0, 17: 0, 18: 0, 19: 0, 20: 0, 21: 0, 22: 0, 23: 0, 24: 0, 25: 8, 26: 0, 27: 0, 28: 0, 29: 0, 30: 0, 31: 0, 32: 0, 33: 0, 34: 0, 35: 0, 36: 0, 37: 0, 38: 0, 39: 0})
2024-11-26 17:46:02,168 INFO server.py 477:: FLIP-SIGN ATTACK=set()
2024-11-26 17:46:02,168 INFO server.py 478:: UNTARGETED ATTACK=set()
2024-11-26 17:46:02,168 INFO server.py 479:: TARGETED ATTACK={25}
2024-11-26 17:46:02,169 INFO server.py 867:: OVERTIME MALICIOUS client ids ={25}
2024-11-26 17:46:02,191 INFO server.py 913:: This round UNRELIABLE={0, 2, 11, 18, 20, 24, 26}, normal_id={1, 3, 4, 5, 6, 7, 8, 9, 10, 12, 13, 14, 15, 16, 17, 19, 21, 22, 23, 27, 28, 29, 30, 31, 32, 33, 34, 35, 36, 37, 38, 39}
2024-11-26 17:46:02,195 DEBUG server.py 915:: anlge_sHoGs={0: -0.58790255, 1: 0.57571286, 2: -0.21504451, 3: nan, 4: nan, 5: nan, 6: 0.60910213, 7: 0.3388434, 8: nan, 9: 0.5490162, 10: nan, 11: -0.49826735, 12: 0.54463905, 13: 0.5682912, 14: 0.3687062, 15: 0.37744573, 16: 0.44881052, 17: 0.25798264, 18: 0.055472866, 19: nan, 20: 0.030344175, 21: 0.22132045, 22: 0.33221412, 23: 0.43479896, 24: 0.067292854, 26: 0.045856, 27: 0.47714043, 28: 0.42122805, 29: 0.3389793, 30: 0.5053574, 31: nan, 32: 0.33693925, 33: nan, 34: 0.38911223, 35: 0.36245698, 36: 0.62661064, 37: nan, 38: 0.408455, 39: nan}, angle_sep_nsH=0.1803341656923294
2024-11-26 17:46:02,195 INFO server.py 927:: UNRELIABLE clients ={0, 2, 11, 18, 20, 24, 26}
2024-11-26 17:46:02,517 INFO server.py 955:: clients' sizes=[1, 2, 1, 0, 0, 0, 2, 2, 0, 1, 0, 1, 2, 2, 2, 2, 1, 1, 2, 0, 1, 1, 1, 1, 1, 1, 1, 1, 1, 2, 0, 2, 0, 1, 2, 1, 0, 2, 0], total=41
2024-11-26 17:46:02,532 INFO server.py 302:: [Server] The aggregation takes 0.514441 seconds.

2024-11-26 17:46:02,533 INFO server.py 186:: [Server] Start testing
2024-11-26 17:46:02,545 INFO server.py 210:: [Server] Test set: Average loss: 1.2950, Accuracy: 80/200 (40.0%)

2024-11-26 17:46:02,547 INFO server.py 213:: [Sever] Confusion matrix:
 tensor([[50.,  0.,  0.,  0.],
        [47.,  0.,  0.,  3.],
        [45.,  0.,  0.,  5.],
        [20.,  0.,  0., 30.]])
2024-11-26 17:46:02,548 INFO server.py 229:: [Server] Precision=[0.30864197        nan        nan 0.7894737 ],
 Recall=[1.  0.  0.  0.6],
 F1-score=[0.47169814        nan        nan 0.68181825],
 my_accuracy=40.00000059604645[%]
2024-11-26 17:46:02,549 INFO _main.py 208:: ########EPOCH 11 ########
2024-11-26 17:46:02,549 INFO _main.py 209:: ###Model distribution###
2024-11-26 17:46:03,034 INFO server.py 773:: flip_sign_id=set()
2024-11-26 17:46:03,035 INFO server.py 788:: ===========using shortHoGs for detecting UNTARGETED ATTACK====
2024-11-26 17:46:03,076 INFO server.py 814:: labels cluster_sh= [0 0 0 0 0 0 0 0 0 0 0 0 0 0 0 0 0 0 0 0 0 0 0 0 0 0 0 0 0 0 0 0 0 0 0 0 0
 0 0 0]
2024-11-26 17:46:03,090 DEBUG server.py 819:: offset_normal_ids=[ 0  1  2  3  4  5  6  7  8  9 10 11 12 13 14 15 16 17 18 19 20 21 22 23
 24 25 26 27 28 29 30 31 32 33 34 35 36 37 38 39], normal_ids=[ 0  1  2  3  4  5  6  7  8  9 10 11 12 13 14 15 16 17 18 19 20 21 22 23
 24 25 26 27 28 29 30 31 32 33 34 35 36 37 38 39]
2024-11-26 17:46:03,090 INFO server.py 824:: SUSPECTED UNTARGETED []
2024-11-26 17:46:03,091 DEBUG server.py 828:: suspicious_ids=[]
2024-11-26 17:46:03,091 DEBUG server.py 837:: d_normal_sus={}, d_separate=0
2024-11-26 17:46:03,091 INFO server.py 844:: This round UNTARGETED=set(), sus_tAtk_uRel_id0=set()
2024-11-26 17:46:03,091 INFO server.py 862:: =======Using LONG HOGs for detecting TARGETED ATTACK========
2024-11-26 17:46:03,122 INFO server.py 118:: This round TARGETED ATTACK: [25]
2024-11-26 17:46:03,127 DEBUG server.py 475:: mal_ids={25}, pre_mal_id=defaultdict(<class 'int'>, {0: 0, 1: 0, 2: 0, 3: 0, 4: 0, 5: 0, 6: 0, 7: 0, 8: 0, 9: 0, 10: 0, 11: 0, 12: 0, 13: 0, 14: 0, 15: 0, 16: 0, 17: 0, 18: 0, 19: 0, 20: 0, 21: 0, 22: 0, 23: 0, 24: 0, 25: 9, 26: 0, 27: 0, 28: 0, 29: 0, 30: 0, 31: 0, 32: 0, 33: 0, 34: 0, 35: 0, 36: 0, 37: 0, 38: 0, 39: 0})
2024-11-26 17:46:03,127 INFO server.py 477:: FLIP-SIGN ATTACK=set()
2024-11-26 17:46:03,128 INFO server.py 478:: UNTARGETED ATTACK=set()
2024-11-26 17:46:03,128 INFO server.py 479:: TARGETED ATTACK={25}
2024-11-26 17:46:03,129 INFO server.py 867:: OVERTIME MALICIOUS client ids ={25}
2024-11-26 17:46:03,150 INFO server.py 913:: This round UNRELIABLE={0, 2, 11, 18, 20, 24, 26}, normal_id={1, 3, 4, 5, 6, 7, 8, 9, 10, 12, 13, 14, 15, 16, 17, 19, 21, 22, 23, 27, 28, 29, 30, 31, 32, 33, 34, 35, 36, 37, 38, 39}
2024-11-26 17:46:03,155 DEBUG server.py 915:: anlge_sHoGs={0: -0.58790255, 1: 0.57571286, 2: -0.21504451, 3: nan, 4: nan, 5: nan, 6: 0.60910213, 7: 0.3388434, 8: nan, 9: 0.5490162, 10: nan, 11: -0.49826735, 12: 0.54463905, 13: 0.5682912, 14: 0.3687062, 15: 0.37744573, 16: 0.44881052, 17: 0.25798264, 18: 0.055472866, 19: nan, 20: 0.030344175, 21: 0.22132045, 22: 0.33221412, 23: 0.43479896, 24: 0.067292854, 26: 0.045856, 27: 0.47714043, 28: 0.42122805, 29: 0.3389793, 30: 0.5053574, 31: nan, 32: 0.33693925, 33: nan, 34: 0.38911223, 35: 0.36245698, 36: 0.62661064, 37: nan, 38: 0.408455, 39: nan}, angle_sep_nsH=0.1803341656923294
2024-11-26 17:46:03,155 INFO server.py 927:: UNRELIABLE clients ={0, 2, 11, 18, 20, 24, 26}
2024-11-26 17:46:03,427 INFO server.py 955:: clients' sizes=[1, 2, 1, 0, 0, 0, 2, 2, 0, 1, 0, 1, 2, 2, 2, 2, 1, 1, 2, 0, 1, 1, 1, 1, 1, 1, 1, 1, 1, 2, 0, 2, 0, 1, 2, 1, 0, 2, 0], total=41
2024-11-26 17:46:03,437 INFO server.py 302:: [Server] The aggregation takes 0.471548 seconds.

2024-11-26 17:46:03,438 INFO server.py 186:: [Server] Start testing
2024-11-26 17:46:03,450 INFO server.py 210:: [Server] Test set: Average loss: 1.2785, Accuracy: 81/200 (40.5%)

2024-11-26 17:46:03,451 INFO server.py 213:: [Sever] Confusion matrix:
 tensor([[50.,  0.,  0.,  0.],
        [47.,  0.,  0.,  3.],
        [40.,  0.,  0., 10.],
        [19.,  0.,  0., 31.]])
2024-11-26 17:46:03,453 INFO server.py 229:: [Server] Precision=[0.32051283        nan        nan 0.70454544],
 Recall=[1.   0.   0.   0.62],
 F1-score=[0.48543692        nan        nan 0.6595745 ],
 my_accuracy=40.50000011920929[%]
2024-11-26 17:46:03,453 INFO _main.py 208:: ########EPOCH 12 ########
2024-11-26 17:46:03,454 INFO _main.py 209:: ###Model distribution###
2024-11-26 17:46:03,941 INFO server.py 773:: flip_sign_id=set()
2024-11-26 17:46:03,941 INFO server.py 788:: ===========using shortHoGs for detecting UNTARGETED ATTACK====
2024-11-26 17:46:03,982 INFO server.py 814:: labels cluster_sh= [0 0 0 0 0 0 0 0 0 0 0 0 0 0 0 0 0 0 0 0 0 0 0 0 0 0 0 0 0 0 0 0 0 0 0 0 0
 0 0 0]
2024-11-26 17:46:03,997 DEBUG server.py 819:: offset_normal_ids=[ 0  1  2  3  4  5  6  7  8  9 10 11 12 13 14 15 16 17 18 19 20 21 22 23
 24 25 26 27 28 29 30 31 32 33 34 35 36 37 38 39], normal_ids=[ 0  1  2  3  4  5  6  7  8  9 10 11 12 13 14 15 16 17 18 19 20 21 22 23
 24 25 26 27 28 29 30 31 32 33 34 35 36 37 38 39]
2024-11-26 17:46:03,997 INFO server.py 824:: SUSPECTED UNTARGETED []
2024-11-26 17:46:03,998 DEBUG server.py 828:: suspicious_ids=[]
2024-11-26 17:46:03,998 DEBUG server.py 837:: d_normal_sus={}, d_separate=0
2024-11-26 17:46:03,998 INFO server.py 844:: This round UNTARGETED=set(), sus_tAtk_uRel_id0=set()
2024-11-26 17:46:03,998 INFO server.py 862:: =======Using LONG HOGs for detecting TARGETED ATTACK========
2024-11-26 17:46:04,018 INFO server.py 118:: This round TARGETED ATTACK: [25]
2024-11-26 17:46:04,019 DEBUG server.py 475:: mal_ids={25}, pre_mal_id=defaultdict(<class 'int'>, {0: 0, 1: 0, 2: 0, 3: 0, 4: 0, 5: 0, 6: 0, 7: 0, 8: 0, 9: 0, 10: 0, 11: 0, 12: 0, 13: 0, 14: 0, 15: 0, 16: 0, 17: 0, 18: 0, 19: 0, 20: 0, 21: 0, 22: 0, 23: 0, 24: 0, 25: 10, 26: 0, 27: 0, 28: 0, 29: 0, 30: 0, 31: 0, 32: 0, 33: 0, 34: 0, 35: 0, 36: 0, 37: 0, 38: 0, 39: 0})
2024-11-26 17:46:04,019 INFO server.py 477:: FLIP-SIGN ATTACK=set()
2024-11-26 17:46:04,019 INFO server.py 478:: UNTARGETED ATTACK=set()
2024-11-26 17:46:04,019 INFO server.py 479:: TARGETED ATTACK={25}
2024-11-26 17:46:04,019 INFO server.py 867:: OVERTIME MALICIOUS client ids ={25}
2024-11-26 17:46:04,032 INFO server.py 913:: This round UNRELIABLE={0, 2, 11, 18, 20, 24, 26}, normal_id={1, 3, 4, 5, 6, 7, 8, 9, 10, 12, 13, 14, 15, 16, 17, 19, 21, 22, 23, 27, 28, 29, 30, 31, 32, 33, 34, 35, 36, 37, 38, 39}
2024-11-26 17:46:04,032 DEBUG server.py 915:: anlge_sHoGs={0: -0.58790255, 1: 0.57571286, 2: -0.21504451, 3: nan, 4: nan, 5: nan, 6: 0.60910213, 7: 0.3388434, 8: nan, 9: 0.5490162, 10: nan, 11: -0.49826735, 12: 0.54463905, 13: 0.5682912, 14: 0.3687062, 15: 0.37744573, 16: 0.44881052, 17: 0.25798264, 18: 0.055472866, 19: nan, 20: 0.030344175, 21: 0.22132045, 22: 0.33221412, 23: 0.43479896, 24: 0.067292854, 26: 0.045856, 27: 0.47714043, 28: 0.42122805, 29: 0.3389793, 30: 0.5053574, 31: nan, 32: 0.33693925, 33: nan, 34: 0.38911223, 35: 0.36245698, 36: 0.62661064, 37: nan, 38: 0.408455, 39: nan}, angle_sep_nsH=0.1803341656923294
2024-11-26 17:46:04,033 INFO server.py 927:: UNRELIABLE clients ={0, 2, 11, 18, 20, 24, 26}
2024-11-26 17:46:04,323 INFO server.py 955:: clients' sizes=[1, 2, 1, 0, 0, 0, 2, 2, 0, 1, 0, 1, 2, 2, 2, 2, 1, 1, 2, 0, 1, 1, 1, 1, 1, 1, 1, 1, 1, 2, 0, 2, 0, 1, 2, 1, 0, 2, 0], total=41
2024-11-26 17:46:04,333 INFO server.py 302:: [Server] The aggregation takes 0.463828 seconds.

2024-11-26 17:46:04,334 INFO server.py 186:: [Server] Start testing
2024-11-26 17:46:04,346 INFO server.py 210:: [Server] Test set: Average loss: 1.2625, Accuracy: 85/200 (42.5%)

2024-11-26 17:46:04,347 INFO server.py 213:: [Sever] Confusion matrix:
 tensor([[50.,  0.,  0.,  0.],
        [47.,  0.,  0.,  3.],
        [38.,  0.,  1., 11.],
        [13.,  0.,  3., 34.]])
2024-11-26 17:46:04,349 INFO server.py 229:: [Server] Precision=[0.33783785        nan 0.25       0.7083333 ],
 Recall=[1.   0.   0.02 0.68],
 F1-score=[0.50505054        nan 0.03703703 0.6938775 ],
 my_accuracy=42.500001192092896[%]
2024-11-26 17:46:04,349 INFO _main.py 208:: ########EPOCH 13 ########
2024-11-26 17:46:04,350 INFO _main.py 209:: ###Model distribution###
2024-11-26 17:46:04,853 INFO server.py 773:: flip_sign_id=set()
2024-11-26 17:46:04,854 INFO server.py 788:: ===========using shortHoGs for detecting UNTARGETED ATTACK====
2024-11-26 17:46:04,894 INFO server.py 814:: labels cluster_sh= [0 0 0 0 0 0 0 0 0 0 0 0 0 0 0 0 0 0 0 0 0 0 0 0 0 0 0 0 0 0 0 0 0 0 0 0 0
 0 0 0]
2024-11-26 17:46:04,908 DEBUG server.py 819:: offset_normal_ids=[ 0  1  2  3  4  5  6  7  8  9 10 11 12 13 14 15 16 17 18 19 20 21 22 23
 24 25 26 27 28 29 30 31 32 33 34 35 36 37 38 39], normal_ids=[ 0  1  2  3  4  5  6  7  8  9 10 11 12 13 14 15 16 17 18 19 20 21 22 23
 24 25 26 27 28 29 30 31 32 33 34 35 36 37 38 39]
2024-11-26 17:46:04,909 INFO server.py 824:: SUSPECTED UNTARGETED []
2024-11-26 17:46:04,909 DEBUG server.py 828:: suspicious_ids=[]
2024-11-26 17:46:04,910 DEBUG server.py 837:: d_normal_sus={}, d_separate=0
2024-11-26 17:46:04,910 INFO server.py 844:: This round UNTARGETED=set(), sus_tAtk_uRel_id0=set()
2024-11-26 17:46:04,910 INFO server.py 862:: =======Using LONG HOGs for detecting TARGETED ATTACK========
2024-11-26 17:46:04,924 INFO server.py 118:: This round TARGETED ATTACK: [25]
2024-11-26 17:46:04,925 DEBUG server.py 475:: mal_ids={25}, pre_mal_id=defaultdict(<class 'int'>, {0: 0, 1: 0, 2: 0, 3: 0, 4: 0, 5: 0, 6: 0, 7: 0, 8: 0, 9: 0, 10: 0, 11: 0, 12: 0, 13: 0, 14: 0, 15: 0, 16: 0, 17: 0, 18: 0, 19: 0, 20: 0, 21: 0, 22: 0, 23: 0, 24: 0, 25: 11, 26: 0, 27: 0, 28: 0, 29: 0, 30: 0, 31: 0, 32: 0, 33: 0, 34: 0, 35: 0, 36: 0, 37: 0, 38: 0, 39: 0})
2024-11-26 17:46:04,925 INFO server.py 477:: FLIP-SIGN ATTACK=set()
2024-11-26 17:46:04,926 INFO server.py 478:: UNTARGETED ATTACK=set()
2024-11-26 17:46:04,926 INFO server.py 479:: TARGETED ATTACK={25}
2024-11-26 17:46:04,926 INFO server.py 867:: OVERTIME MALICIOUS client ids ={25}
2024-11-26 17:46:04,939 INFO server.py 913:: This round UNRELIABLE={0, 2, 11, 18, 20, 24, 26}, normal_id={1, 3, 4, 5, 6, 7, 8, 9, 10, 12, 13, 14, 15, 16, 17, 19, 21, 22, 23, 27, 28, 29, 30, 31, 32, 33, 34, 35, 36, 37, 38, 39}
2024-11-26 17:46:04,939 DEBUG server.py 915:: anlge_sHoGs={0: -0.58790255, 1: 0.57571286, 2: -0.21504451, 3: nan, 4: nan, 5: nan, 6: 0.60910213, 7: 0.3388434, 8: nan, 9: 0.5490162, 10: nan, 11: -0.49826735, 12: 0.54463905, 13: 0.5682912, 14: 0.3687062, 15: 0.37744573, 16: 0.44881052, 17: 0.25798264, 18: 0.055472866, 19: nan, 20: 0.030344175, 21: 0.22132045, 22: 0.33221412, 23: 0.43479896, 24: 0.067292854, 26: 0.045856, 27: 0.47714043, 28: 0.42122805, 29: 0.3389793, 30: 0.5053574, 31: nan, 32: 0.33693925, 33: nan, 34: 0.38911223, 35: 0.36245698, 36: 0.62661064, 37: nan, 38: 0.408455, 39: nan}, angle_sep_nsH=0.1803341656923294
2024-11-26 17:46:04,940 INFO server.py 927:: UNRELIABLE clients ={0, 2, 11, 18, 20, 24, 26}
2024-11-26 17:46:05,254 INFO server.py 955:: clients' sizes=[1, 2, 1, 0, 0, 0, 2, 2, 0, 1, 0, 1, 2, 2, 2, 2, 1, 1, 2, 0, 1, 1, 1, 1, 1, 1, 1, 1, 1, 2, 0, 2, 0, 1, 2, 1, 0, 2, 0], total=41
2024-11-26 17:46:05,264 INFO server.py 302:: [Server] The aggregation takes 0.484159 seconds.

2024-11-26 17:46:05,265 INFO server.py 186:: [Server] Start testing
2024-11-26 17:46:05,276 INFO server.py 210:: [Server] Test set: Average loss: 1.2457, Accuracy: 87/200 (43.5%)

2024-11-26 17:46:05,277 INFO server.py 213:: [Sever] Confusion matrix:
 tensor([[50.,  0.,  0.,  0.],
        [47.,  0.,  0.,  3.],
        [36.,  0.,  2., 12.],
        [12.,  0.,  3., 35.]])
2024-11-26 17:46:05,331 INFO server.py 229:: [Server] Precision=[0.3448276       nan 0.4       0.7      ],
 Recall=[1.   0.   0.04 0.7 ],
 F1-score=[0.5128205         nan 0.07272728 0.7       ],
 my_accuracy=43.50000023841858[%]
2024-11-26 17:46:05,332 INFO _main.py 208:: ########EPOCH 14 ########
2024-11-26 17:46:05,332 INFO _main.py 209:: ###Model distribution###
2024-11-26 17:46:05,827 INFO server.py 773:: flip_sign_id=set()
2024-11-26 17:46:05,827 INFO server.py 788:: ===========using shortHoGs for detecting UNTARGETED ATTACK====
2024-11-26 17:46:05,869 INFO server.py 814:: labels cluster_sh= [0 0 0 0 0 0 0 0 0 0 0 0 0 0 0 0 0 0 0 0 0 0 0 0 0 0 0 0 0 0 0 0 0 0 0 0 0
 0 0 0]
2024-11-26 17:46:05,883 DEBUG server.py 819:: offset_normal_ids=[ 0  1  2  3  4  5  6  7  8  9 10 11 12 13 14 15 16 17 18 19 20 21 22 23
 24 25 26 27 28 29 30 31 32 33 34 35 36 37 38 39], normal_ids=[ 0  1  2  3  4  5  6  7  8  9 10 11 12 13 14 15 16 17 18 19 20 21 22 23
 24 25 26 27 28 29 30 31 32 33 34 35 36 37 38 39]
2024-11-26 17:46:05,884 INFO server.py 824:: SUSPECTED UNTARGETED []
2024-11-26 17:46:05,884 DEBUG server.py 828:: suspicious_ids=[]
2024-11-26 17:46:05,885 DEBUG server.py 837:: d_normal_sus={}, d_separate=0
2024-11-26 17:46:05,885 INFO server.py 844:: This round UNTARGETED=set(), sus_tAtk_uRel_id0=set()
2024-11-26 17:46:05,885 INFO server.py 862:: =======Using LONG HOGs for detecting TARGETED ATTACK========
2024-11-26 17:46:05,905 INFO server.py 118:: This round TARGETED ATTACK: [24]
2024-11-26 17:46:05,908 DEBUG server.py 475:: mal_ids={25}, pre_mal_id=defaultdict(<class 'int'>, {0: 0, 1: 0, 2: 0, 3: 0, 4: 0, 5: 0, 6: 0, 7: 0, 8: 0, 9: 0, 10: 0, 11: 0, 12: 0, 13: 0, 14: 0, 15: 0, 16: 0, 17: 0, 18: 0, 19: 0, 20: 0, 21: 0, 22: 0, 23: 0, 24: 1, 25: 0, 26: 0, 27: 0, 28: 0, 29: 0, 30: 0, 31: 0, 32: 0, 33: 0, 34: 0, 35: 0, 36: 0, 37: 0, 38: 0, 39: 0})
2024-11-26 17:46:05,908 INFO server.py 477:: FLIP-SIGN ATTACK=set()
2024-11-26 17:46:05,909 INFO server.py 478:: UNTARGETED ATTACK=set()
2024-11-26 17:46:05,909 INFO server.py 479:: TARGETED ATTACK={25}
2024-11-26 17:46:05,909 INFO server.py 867:: OVERTIME MALICIOUS client ids ={25}
2024-11-26 17:46:05,933 INFO server.py 913:: This round UNRELIABLE={0, 2, 11, 18, 20, 24, 26}, normal_id={1, 3, 4, 5, 6, 7, 8, 9, 10, 12, 13, 14, 15, 16, 17, 19, 21, 22, 23, 27, 28, 29, 30, 31, 32, 33, 34, 35, 36, 37, 38, 39}
2024-11-26 17:46:05,935 DEBUG server.py 915:: anlge_sHoGs={0: -0.58790255, 1: 0.57571286, 2: -0.21504451, 3: nan, 4: nan, 5: nan, 6: 0.60910213, 7: 0.3388434, 8: nan, 9: 0.5490162, 10: nan, 11: -0.49826735, 12: 0.54463905, 13: 0.5682912, 14: 0.3687062, 15: 0.37744573, 16: 0.44881052, 17: 0.25798264, 18: 0.055472866, 19: nan, 20: 0.030344175, 21: 0.22132045, 22: 0.33221412, 23: 0.43479896, 24: 0.067292854, 26: 0.045856, 27: 0.47714043, 28: 0.42122805, 29: 0.3389793, 30: 0.5053574, 31: nan, 32: 0.33693925, 33: nan, 34: 0.38911223, 35: 0.36245698, 36: 0.62661064, 37: nan, 38: 0.408455, 39: nan}, angle_sep_nsH=0.1803341656923294
2024-11-26 17:46:05,935 INFO server.py 927:: UNRELIABLE clients ={0, 2, 11, 18, 20, 24, 26}
2024-11-26 17:46:06,261 INFO server.py 955:: clients' sizes=[1, 2, 1, 0, 0, 0, 2, 2, 0, 1, 0, 1, 2, 2, 2, 2, 1, 1, 2, 0, 1, 1, 1, 1, 1, 1, 1, 1, 2, 0, 2, 0, 1, 2, 1, 0, 2, 0], total=40
2024-11-26 17:46:06,281 INFO server.py 302:: [Server] The aggregation takes 0.522682 seconds.

2024-11-26 17:46:06,283 INFO server.py 186:: [Server] Start testing
2024-11-26 17:46:06,307 INFO server.py 210:: [Server] Test set: Average loss: 1.2267, Accuracy: 88/200 (44.0%)

2024-11-26 17:46:06,309 INFO server.py 213:: [Sever] Confusion matrix:
 tensor([[50.,  0.,  0.,  0.],
        [46.,  0.,  1.,  3.],
        [36.,  0.,  2., 12.],
        [ 9.,  0.,  5., 36.]])
2024-11-26 17:46:06,311 INFO server.py 229:: [Server] Precision=[0.35460994        nan 0.25       0.7058824 ],
 Recall=[1.   0.   0.04 0.72],
 F1-score=[0.5235602         nan 0.06896552 0.7128714 ],
 my_accuracy=43.99999976158142[%]
2024-11-26 17:46:06,312 INFO _main.py 208:: ########EPOCH 15 ########
2024-11-26 17:46:06,312 INFO _main.py 209:: ###Model distribution###
2024-11-26 17:46:06,889 INFO server.py 773:: flip_sign_id=set()
2024-11-26 17:46:06,890 INFO server.py 788:: ===========using shortHoGs for detecting UNTARGETED ATTACK====
2024-11-26 17:46:06,931 INFO server.py 814:: labels cluster_sh= [0 0 0 0 0 0 0 0 0 0 0 0 0 0 0 0 0 0 0 0 0 0 0 0 0 0 0 0 0 0 0 0 0 0 0 0 0
 0 0 0]
2024-11-26 17:46:06,953 DEBUG server.py 819:: offset_normal_ids=[ 0  1  2  3  4  5  6  7  8  9 10 11 12 13 14 15 16 17 18 19 20 21 22 23
 24 25 26 27 28 29 30 31 32 33 34 35 36 37 38 39], normal_ids=[ 0  1  2  3  4  5  6  7  8  9 10 11 12 13 14 15 16 17 18 19 20 21 22 23
 24 25 26 27 28 29 30 31 32 33 34 35 36 37 38 39]
2024-11-26 17:46:06,953 INFO server.py 824:: SUSPECTED UNTARGETED []
2024-11-26 17:46:06,954 DEBUG server.py 828:: suspicious_ids=[]
2024-11-26 17:46:06,954 DEBUG server.py 837:: d_normal_sus={}, d_separate=0
2024-11-26 17:46:06,954 INFO server.py 844:: This round UNTARGETED=set(), sus_tAtk_uRel_id0=set()
2024-11-26 17:46:06,954 INFO server.py 862:: =======Using LONG HOGs for detecting TARGETED ATTACK========
2024-11-26 17:46:06,989 INFO server.py 118:: This round TARGETED ATTACK: [24]
2024-11-26 17:46:06,993 DEBUG server.py 475:: mal_ids=set(), pre_mal_id=defaultdict(<class 'int'>, {0: 0, 1: 0, 2: 0, 3: 0, 4: 0, 5: 0, 6: 0, 7: 0, 8: 0, 9: 0, 10: 0, 11: 0, 12: 0, 13: 0, 14: 0, 15: 0, 16: 0, 17: 0, 18: 0, 19: 0, 20: 0, 21: 0, 22: 0, 23: 0, 24: 2, 25: 0, 26: 0, 27: 0, 28: 0, 29: 0, 30: 0, 31: 0, 32: 0, 33: 0, 34: 0, 35: 0, 36: 0, 37: 0, 38: 0, 39: 0})
2024-11-26 17:46:07,005 INFO server.py 477:: FLIP-SIGN ATTACK=set()
2024-11-26 17:46:07,010 INFO server.py 478:: UNTARGETED ATTACK=set()
2024-11-26 17:46:07,011 INFO server.py 479:: TARGETED ATTACK=set()
2024-11-26 17:46:07,011 INFO server.py 867:: OVERTIME MALICIOUS client ids =set()
2024-11-26 17:46:07,032 INFO server.py 913:: This round UNRELIABLE={0, 2, 11, 18, 20, 24, 25, 26}, normal_id={1, 3, 4, 5, 6, 7, 8, 9, 10, 12, 13, 14, 15, 16, 17, 19, 21, 22, 23, 27, 28, 29, 30, 31, 32, 33, 34, 35, 36, 37, 38, 39}
2024-11-26 17:46:07,037 DEBUG server.py 915:: anlge_sHoGs={0: -0.58779126, 1: 0.5763861, 2: -0.20946604, 3: nan, 4: nan, 5: nan, 6: 0.61073816, 7: 0.34366226, 8: nan, 9: 0.5486239, 10: nan, 11: -0.49667805, 12: 0.54860866, 13: 0.5739458, 14: 0.37108898, 15: 0.3768329, 16: 0.45326862, 17: 0.26678485, 18: 0.0563378, 19: nan, 20: 0.035780393, 21: 0.22306813, 22: 0.33132327, 23: 0.43787554, 24: 0.07036521, 25: 0.04715825, 26: 0.0466757, 27: 0.4769669, 28: 0.42347568, 29: 0.33848527, 30: 0.50707775, 31: nan, 32: 0.3367271, 33: nan, 34: 0.3939082, 35: 0.3653469, 36: 0.6348697, 37: nan, 38: 0.41114917, 39: nan}, angle_sep_nsH=0.1834600269794464
2024-11-26 17:46:07,039 INFO server.py 927:: UNRELIABLE clients ={0, 2, 11, 18, 20, 24, 26}
2024-11-26 17:46:07,285 INFO server.py 955:: clients' sizes=[1, 2, 1, 0, 0, 0, 2, 2, 0, 1, 0, 1, 2, 2, 2, 2, 1, 1, 2, 0, 1, 1, 1, 1, 0, 1, 1, 1, 1, 2, 0, 2, 0, 1, 2, 1, 0, 2, 0], total=40
2024-11-26 17:46:07,295 INFO server.py 302:: [Server] The aggregation takes 0.479104 seconds.

2024-11-26 17:46:07,296 INFO server.py 186:: [Server] Start testing
2024-11-26 17:46:07,308 INFO server.py 210:: [Server] Test set: Average loss: 1.2058, Accuracy: 91/200 (45.5%)

2024-11-26 17:46:07,309 INFO server.py 213:: [Sever] Confusion matrix:
 tensor([[50.,  0.,  0.,  0.],
        [46.,  0.,  1.,  3.],
        [33.,  0.,  5., 12.],
        [ 9.,  0.,  5., 36.]])
2024-11-26 17:46:07,311 INFO server.py 229:: [Server] Precision=[0.36231884        nan 0.45454547 0.7058824 ],
 Recall=[1.   0.   0.1  0.72],
 F1-score=[0.5319149         nan 0.16393442 0.7128714 ],
 my_accuracy=45.500001311302185[%]
2024-11-26 17:46:07,311 INFO _main.py 208:: ########EPOCH 16 ########
2024-11-26 17:46:07,311 INFO _main.py 209:: ###Model distribution###
2024-11-26 17:46:07,820 INFO server.py 773:: flip_sign_id=set()
2024-11-26 17:46:07,821 INFO server.py 788:: ===========using shortHoGs for detecting UNTARGETED ATTACK====
2024-11-26 17:46:07,861 INFO server.py 814:: labels cluster_sh= [0 0 0 0 0 0 0 0 0 0 0 0 0 0 0 0 0 0 0 0 0 0 0 0 0 0 0 0 0 0 0 0 0 0 0 0 0
 0 0 0]
2024-11-26 17:46:07,875 DEBUG server.py 819:: offset_normal_ids=[ 0  1  2  3  4  5  6  7  8  9 10 11 12 13 14 15 16 17 18 19 20 21 22 23
 24 25 26 27 28 29 30 31 32 33 34 35 36 37 38 39], normal_ids=[ 0  1  2  3  4  5  6  7  8  9 10 11 12 13 14 15 16 17 18 19 20 21 22 23
 24 25 26 27 28 29 30 31 32 33 34 35 36 37 38 39]
2024-11-26 17:46:07,875 INFO server.py 824:: SUSPECTED UNTARGETED []
2024-11-26 17:46:07,876 DEBUG server.py 828:: suspicious_ids=[]
2024-11-26 17:46:07,876 DEBUG server.py 837:: d_normal_sus={}, d_separate=0
2024-11-26 17:46:07,876 INFO server.py 844:: This round UNTARGETED=set(), sus_tAtk_uRel_id0=set()
2024-11-26 17:46:07,877 INFO server.py 862:: =======Using LONG HOGs for detecting TARGETED ATTACK========
2024-11-26 17:46:07,891 INFO server.py 118:: This round TARGETED ATTACK: [24]
2024-11-26 17:46:07,891 DEBUG server.py 475:: mal_ids=set(), pre_mal_id=defaultdict(<class 'int'>, {0: 0, 1: 0, 2: 0, 3: 0, 4: 0, 5: 0, 6: 0, 7: 0, 8: 0, 9: 0, 10: 0, 11: 0, 12: 0, 13: 0, 14: 0, 15: 0, 16: 0, 17: 0, 18: 0, 19: 0, 20: 0, 21: 0, 22: 0, 23: 0, 24: 3, 25: 0, 26: 0, 27: 0, 28: 0, 29: 0, 30: 0, 31: 0, 32: 0, 33: 0, 34: 0, 35: 0, 36: 0, 37: 0, 38: 0, 39: 0})
2024-11-26 17:46:07,892 INFO server.py 477:: FLIP-SIGN ATTACK=set()
2024-11-26 17:46:07,892 INFO server.py 478:: UNTARGETED ATTACK=set()
2024-11-26 17:46:07,892 INFO server.py 479:: TARGETED ATTACK=set()
2024-11-26 17:46:07,892 INFO server.py 867:: OVERTIME MALICIOUS client ids =set()
2024-11-26 17:46:07,905 INFO server.py 913:: This round UNRELIABLE={0, 2, 11, 18, 20, 24, 25, 26}, normal_id={1, 3, 4, 5, 6, 7, 8, 9, 10, 12, 13, 14, 15, 16, 17, 19, 21, 22, 23, 27, 28, 29, 30, 31, 32, 33, 34, 35, 36, 37, 38, 39}
2024-11-26 17:46:07,906 DEBUG server.py 915:: anlge_sHoGs={0: -0.58779126, 1: 0.5763861, 2: -0.20946604, 3: nan, 4: nan, 5: nan, 6: 0.61073816, 7: 0.34366226, 8: nan, 9: 0.5486239, 10: nan, 11: -0.49667805, 12: 0.54860866, 13: 0.5739458, 14: 0.37108898, 15: 0.3768329, 16: 0.45326862, 17: 0.26678485, 18: 0.0563378, 19: nan, 20: 0.035780393, 21: 0.22306813, 22: 0.33132327, 23: 0.43787554, 24: 0.07036521, 25: 0.04715825, 26: 0.0466757, 27: 0.4769669, 28: 0.42347568, 29: 0.33848527, 30: 0.50707775, 31: nan, 32: 0.3367271, 33: nan, 34: 0.3939082, 35: 0.3653469, 36: 0.6348697, 37: nan, 38: 0.41114917, 39: nan}, angle_sep_nsH=0.1834600269794464
2024-11-26 17:46:07,906 INFO server.py 927:: UNRELIABLE clients ={0, 2, 11, 18, 20, 24, 26}
2024-11-26 17:46:08,190 INFO server.py 955:: clients' sizes=[1, 2, 1, 0, 0, 0, 2, 2, 0, 1, 0, 1, 2, 2, 2, 2, 1, 1, 2, 0, 1, 1, 1, 1, 0, 1, 1, 1, 1, 2, 0, 2, 0, 1, 2, 1, 0, 2, 0], total=40
2024-11-26 17:46:08,200 INFO server.py 302:: [Server] The aggregation takes 0.446881 seconds.

2024-11-26 17:46:08,202 INFO server.py 186:: [Server] Start testing
2024-11-26 17:46:08,214 INFO server.py 210:: [Server] Test set: Average loss: 1.1904, Accuracy: 92/200 (46.0%)

2024-11-26 17:46:08,216 INFO server.py 213:: [Sever] Confusion matrix:
 tensor([[50.,  0.,  0.,  0.],
        [46.,  0.,  1.,  3.],
        [31.,  1.,  6., 12.],
        [ 9.,  0.,  5., 36.]])
2024-11-26 17:46:08,217 INFO server.py 229:: [Server] Precision=[0.36764705 0.         0.5        0.7058824 ],
 Recall=[1.   0.   0.12 0.72],
 F1-score=[0.5376344         nan 0.19354838 0.7128714 ],
 my_accuracy=46.00000083446503[%]
2024-11-26 17:46:08,218 INFO _main.py 208:: ########EPOCH 17 ########
2024-11-26 17:46:08,218 INFO _main.py 209:: ###Model distribution###
2024-11-26 17:46:08,701 INFO server.py 773:: flip_sign_id=set()
2024-11-26 17:46:08,701 INFO server.py 788:: ===========using shortHoGs for detecting UNTARGETED ATTACK====
2024-11-26 17:46:08,749 INFO server.py 814:: labels cluster_sh= [0 0 0 0 0 0 0 0 0 0 0 0 0 0 0 0 0 0 0 0 0 0 0 0 0 0 0 0 0 0 0 0 0 0 0 0 0
 0 0 0]
2024-11-26 17:46:08,764 DEBUG server.py 819:: offset_normal_ids=[ 0  1  2  3  4  5  6  7  8  9 10 11 12 13 14 15 16 17 18 19 20 21 22 23
 24 25 26 27 28 29 30 31 32 33 34 35 36 37 38 39], normal_ids=[ 0  1  2  3  4  5  6  7  8  9 10 11 12 13 14 15 16 17 18 19 20 21 22 23
 24 25 26 27 28 29 30 31 32 33 34 35 36 37 38 39]
2024-11-26 17:46:08,765 INFO server.py 824:: SUSPECTED UNTARGETED []
2024-11-26 17:46:08,765 DEBUG server.py 828:: suspicious_ids=[]
2024-11-26 17:46:08,765 DEBUG server.py 837:: d_normal_sus={}, d_separate=0
2024-11-26 17:46:08,765 INFO server.py 844:: This round UNTARGETED=set(), sus_tAtk_uRel_id0=set()
2024-11-26 17:46:08,766 INFO server.py 862:: =======Using LONG HOGs for detecting TARGETED ATTACK========
2024-11-26 17:46:08,781 INFO server.py 118:: This round TARGETED ATTACK: [24]
2024-11-26 17:46:08,795 DEBUG server.py 475:: mal_ids={24}, pre_mal_id=defaultdict(<class 'int'>, {0: 0, 1: 0, 2: 0, 3: 0, 4: 0, 5: 0, 6: 0, 7: 0, 8: 0, 9: 0, 10: 0, 11: 0, 12: 0, 13: 0, 14: 0, 15: 0, 16: 0, 17: 0, 18: 0, 19: 0, 20: 0, 21: 0, 22: 0, 23: 0, 24: 4, 25: 0, 26: 0, 27: 0, 28: 0, 29: 0, 30: 0, 31: 0, 32: 0, 33: 0, 34: 0, 35: 0, 36: 0, 37: 0, 38: 0, 39: 0})
2024-11-26 17:46:08,796 INFO server.py 477:: FLIP-SIGN ATTACK=set()
2024-11-26 17:46:08,798 INFO server.py 478:: UNTARGETED ATTACK=set()
2024-11-26 17:46:08,798 INFO server.py 479:: TARGETED ATTACK={24}
2024-11-26 17:46:08,798 INFO server.py 867:: OVERTIME MALICIOUS client ids ={24}
2024-11-26 17:46:08,813 INFO server.py 913:: This round UNRELIABLE={0, 2, 11, 18, 20, 25, 26}, normal_id={1, 3, 4, 5, 6, 7, 8, 9, 10, 12, 13, 14, 15, 16, 17, 19, 21, 22, 23, 27, 28, 29, 30, 31, 32, 33, 34, 35, 36, 37, 38, 39}
2024-11-26 17:46:08,814 DEBUG server.py 915:: anlge_sHoGs={0: -0.5824997, 1: 0.57457674, 2: -0.2067327, 3: nan, 4: nan, 5: nan, 6: 0.6048595, 7: 0.3423322, 8: nan, 9: 0.54482013, 10: nan, 11: -0.49627087, 12: 0.54348475, 13: 0.56965345, 14: 0.36753905, 15: 0.37545228, 16: 0.45066658, 17: 0.2633057, 18: 0.055538896, 19: nan, 20: 0.038154237, 21: 0.22321291, 22: 0.33344606, 23: 0.43829736, 25: 0.046863627, 26: 0.047647867, 27: 0.47332484, 28: 0.42719907, 29: 0.33858913, 30: 0.5054109, 31: nan, 32: 0.33809263, 33: nan, 34: 0.39268047, 35: 0.3632767, 36: 0.6281288, 37: nan, 38: 0.4107183, 39: nan}, angle_sep_nsH=0.18392200767993927
2024-11-26 17:46:08,814 INFO server.py 927:: UNRELIABLE clients ={0, 2, 11, 18, 20, 24, 25, 26}
2024-11-26 17:46:09,115 INFO server.py 955:: clients' sizes=[1, 2, 1, 0, 0, 0, 2, 2, 0, 1, 0, 1, 2, 2, 2, 2, 1, 1, 2, 0, 1, 1, 1, 1, 0, 1, 1, 1, 1, 2, 0, 2, 0, 1, 2, 1, 0, 2, 0], total=40
2024-11-26 17:46:09,124 INFO server.py 302:: [Server] The aggregation takes 0.486765 seconds.

2024-11-26 17:46:09,125 INFO server.py 186:: [Server] Start testing
2024-11-26 17:46:09,137 INFO server.py 210:: [Server] Test set: Average loss: 1.1754, Accuracy: 92/200 (46.0%)

2024-11-26 17:46:09,139 INFO server.py 213:: [Sever] Confusion matrix:
 tensor([[50.,  0.,  0.,  0.],
        [46.,  0.,  1.,  3.],
        [30.,  2.,  6., 12.],
        [ 9.,  0.,  5., 36.]])
2024-11-26 17:46:09,140 INFO server.py 229:: [Server] Precision=[0.37037036 0.         0.5        0.7058824 ],
 Recall=[1.   0.   0.12 0.72],
 F1-score=[0.5405405         nan 0.19354838 0.7128714 ],
 my_accuracy=46.00000083446503[%]
2024-11-26 17:46:09,141 INFO _main.py 208:: ########EPOCH 18 ########
2024-11-26 17:46:09,141 INFO _main.py 209:: ###Model distribution###
2024-11-26 17:46:09,840 INFO server.py 773:: flip_sign_id=set()
2024-11-26 17:46:09,840 INFO server.py 788:: ===========using shortHoGs for detecting UNTARGETED ATTACK====
2024-11-26 17:46:10,144 INFO server.py 814:: labels cluster_sh= [0 0 0 0 0 0 0 0 0 0 0 0 0 0 0 0 0 0 0 0 0 0 0 0 0 0 0 0 0 0 0 0 0 0 0 0 0
 0 0 0]
2024-11-26 17:46:10,174 DEBUG server.py 819:: offset_normal_ids=[ 0  1  2  3  4  5  6  7  8  9 10 11 12 13 14 15 16 17 18 19 20 21 22 23
 24 25 26 27 28 29 30 31 32 33 34 35 36 37 38 39], normal_ids=[ 0  1  2  3  4  5  6  7  8  9 10 11 12 13 14 15 16 17 18 19 20 21 22 23
 24 25 26 27 28 29 30 31 32 33 34 35 36 37 38 39]
2024-11-26 17:46:10,180 INFO server.py 824:: SUSPECTED UNTARGETED []
2024-11-26 17:46:10,185 DEBUG server.py 828:: suspicious_ids=[]
2024-11-26 17:46:10,185 DEBUG server.py 837:: d_normal_sus={}, d_separate=0
2024-11-26 17:46:10,185 INFO server.py 844:: This round UNTARGETED=set(), sus_tAtk_uRel_id0=set()
2024-11-26 17:46:10,185 INFO server.py 862:: =======Using LONG HOGs for detecting TARGETED ATTACK========
2024-11-26 17:46:10,230 INFO server.py 118:: This round TARGETED ATTACK: [24]
2024-11-26 17:46:10,234 DEBUG server.py 475:: mal_ids={24}, pre_mal_id=defaultdict(<class 'int'>, {0: 0, 1: 0, 2: 0, 3: 0, 4: 0, 5: 0, 6: 0, 7: 0, 8: 0, 9: 0, 10: 0, 11: 0, 12: 0, 13: 0, 14: 0, 15: 0, 16: 0, 17: 0, 18: 0, 19: 0, 20: 0, 21: 0, 22: 0, 23: 0, 24: 5, 25: 0, 26: 0, 27: 0, 28: 0, 29: 0, 30: 0, 31: 0, 32: 0, 33: 0, 34: 0, 35: 0, 36: 0, 37: 0, 38: 0, 39: 0})
2024-11-26 17:46:10,242 INFO server.py 477:: FLIP-SIGN ATTACK=set()
2024-11-26 17:46:10,243 INFO server.py 478:: UNTARGETED ATTACK=set()
2024-11-26 17:46:10,243 INFO server.py 479:: TARGETED ATTACK={24}
2024-11-26 17:46:10,243 INFO server.py 867:: OVERTIME MALICIOUS client ids ={24}
2024-11-26 17:46:10,262 INFO server.py 913:: This round UNRELIABLE={0, 2, 11, 18, 20, 25, 26}, normal_id={1, 3, 4, 5, 6, 7, 8, 9, 10, 12, 13, 14, 15, 16, 17, 19, 21, 22, 23, 27, 28, 29, 30, 31, 32, 33, 34, 35, 36, 37, 38, 39}
2024-11-26 17:46:10,264 DEBUG server.py 915:: anlge_sHoGs={0: -0.5824997, 1: 0.57457674, 2: -0.2067327, 3: nan, 4: nan, 5: nan, 6: 0.6048595, 7: 0.3423322, 8: nan, 9: 0.54482013, 10: nan, 11: -0.49627087, 12: 0.54348475, 13: 0.56965345, 14: 0.36753905, 15: 0.37545228, 16: 0.45066658, 17: 0.2633057, 18: 0.055538896, 19: nan, 20: 0.038154237, 21: 0.22321291, 22: 0.33344606, 23: 0.43829736, 25: 0.046863627, 26: 0.047647867, 27: 0.47332484, 28: 0.42719907, 29: 0.33858913, 30: 0.5054109, 31: nan, 32: 0.33809263, 33: nan, 34: 0.39268047, 35: 0.3632767, 36: 0.6281288, 37: nan, 38: 0.4107183, 39: nan}, angle_sep_nsH=0.18392200767993927
2024-11-26 17:46:10,264 INFO server.py 927:: UNRELIABLE clients ={0, 2, 11, 18, 20, 24, 25, 26}
2024-11-26 17:46:10,538 INFO server.py 955:: clients' sizes=[1, 2, 1, 0, 0, 0, 2, 2, 0, 1, 0, 1, 2, 2, 2, 2, 1, 1, 2, 0, 1, 1, 1, 1, 0, 1, 1, 1, 1, 2, 0, 2, 0, 1, 2, 1, 0, 2, 0], total=40
2024-11-26 17:46:10,553 INFO server.py 302:: [Server] The aggregation takes 0.836506 seconds.

2024-11-26 17:46:10,555 INFO server.py 186:: [Server] Start testing
2024-11-26 17:46:10,577 INFO server.py 210:: [Server] Test set: Average loss: 1.1549, Accuracy: 98/200 (49.0%)

2024-11-26 17:46:10,579 INFO server.py 213:: [Sever] Confusion matrix:
 tensor([[48.,  2.,  0.,  0.],
        [38.,  7.,  2.,  3.],
        [26.,  5.,  7., 12.],
        [ 9.,  0.,  5., 36.]])
2024-11-26 17:46:10,580 INFO server.py 229:: [Server] Precision=[0.3966942 0.5       0.5       0.7058824],
 Recall=[0.96 0.14 0.14 0.72],
 F1-score=[0.5614035 0.21875   0.21875   0.7128714],
 my_accuracy=49.000000953674316[%]
2024-11-26 17:46:10,581 INFO _main.py 208:: ########EPOCH 19 ########
2024-11-26 17:46:10,581 INFO _main.py 209:: ###Model distribution###
2024-11-26 17:46:11,322 INFO server.py 773:: flip_sign_id=set()
2024-11-26 17:46:11,322 INFO server.py 788:: ===========using shortHoGs for detecting UNTARGETED ATTACK====
2024-11-26 17:46:11,374 INFO server.py 814:: labels cluster_sh= [0 0 0 0 0 0 0 0 0 0 0 0 0 0 0 0 0 0 0 0 0 0 0 0 0 0 0 0 0 0 0 0 0 0 0 0 0
 0 0 0]
2024-11-26 17:46:11,391 DEBUG server.py 819:: offset_normal_ids=[ 0  1  2  3  4  5  6  7  8  9 10 11 12 13 14 15 16 17 18 19 20 21 22 23
 24 25 26 27 28 29 30 31 32 33 34 35 36 37 38 39], normal_ids=[ 0  1  2  3  4  5  6  7  8  9 10 11 12 13 14 15 16 17 18 19 20 21 22 23
 24 25 26 27 28 29 30 31 32 33 34 35 36 37 38 39]
2024-11-26 17:46:11,392 INFO server.py 824:: SUSPECTED UNTARGETED []
2024-11-26 17:46:11,392 DEBUG server.py 828:: suspicious_ids=[]
2024-11-26 17:46:11,392 DEBUG server.py 837:: d_normal_sus={}, d_separate=0
2024-11-26 17:46:11,393 INFO server.py 844:: This round UNTARGETED=set(), sus_tAtk_uRel_id0=set()
2024-11-26 17:46:11,393 INFO server.py 862:: =======Using LONG HOGs for detecting TARGETED ATTACK========
2024-11-26 17:46:11,433 INFO server.py 118:: This round TARGETED ATTACK: [24]
2024-11-26 17:46:11,436 DEBUG server.py 475:: mal_ids={24}, pre_mal_id=defaultdict(<class 'int'>, {0: 0, 1: 0, 2: 0, 3: 0, 4: 0, 5: 0, 6: 0, 7: 0, 8: 0, 9: 0, 10: 0, 11: 0, 12: 0, 13: 0, 14: 0, 15: 0, 16: 0, 17: 0, 18: 0, 19: 0, 20: 0, 21: 0, 22: 0, 23: 0, 24: 6, 25: 0, 26: 0, 27: 0, 28: 0, 29: 0, 30: 0, 31: 0, 32: 0, 33: 0, 34: 0, 35: 0, 36: 0, 37: 0, 38: 0, 39: 0})
2024-11-26 17:46:11,437 INFO server.py 477:: FLIP-SIGN ATTACK=set()
2024-11-26 17:46:11,437 INFO server.py 478:: UNTARGETED ATTACK=set()
2024-11-26 17:46:11,438 INFO server.py 479:: TARGETED ATTACK={24}
2024-11-26 17:46:11,438 INFO server.py 867:: OVERTIME MALICIOUS client ids ={24}
2024-11-26 17:46:11,471 INFO server.py 913:: This round UNRELIABLE={0, 2, 11, 18, 20, 25, 26}, normal_id={1, 3, 4, 5, 6, 7, 8, 9, 10, 12, 13, 14, 15, 16, 17, 19, 21, 22, 23, 27, 28, 29, 30, 31, 32, 33, 34, 35, 36, 37, 38, 39}
2024-11-26 17:46:11,478 DEBUG server.py 915:: anlge_sHoGs={0: -0.5824997, 1: 0.57457674, 2: -0.2067327, 3: nan, 4: nan, 5: nan, 6: 0.6048595, 7: 0.3423322, 8: nan, 9: 0.54482013, 10: nan, 11: -0.49627087, 12: 0.54348475, 13: 0.56965345, 14: 0.36753905, 15: 0.37545228, 16: 0.45066658, 17: 0.2633057, 18: 0.055538896, 19: nan, 20: 0.038154237, 21: 0.22321291, 22: 0.33344606, 23: 0.43829736, 25: 0.046863627, 26: 0.047647867, 27: 0.47332484, 28: 0.42719907, 29: 0.33858913, 30: 0.5054109, 31: nan, 32: 0.33809263, 33: nan, 34: 0.39268047, 35: 0.3632767, 36: 0.6281288, 37: nan, 38: 0.4107183, 39: nan}, angle_sep_nsH=0.18392200767993927
2024-11-26 17:46:11,478 INFO server.py 927:: UNRELIABLE clients ={0, 2, 11, 18, 20, 24, 25, 26}
2024-11-26 17:46:11,818 INFO server.py 955:: clients' sizes=[1, 2, 1, 0, 0, 0, 2, 2, 0, 1, 0, 1, 2, 2, 2, 2, 1, 1, 2, 0, 1, 1, 1, 1, 0, 1, 1, 1, 1, 2, 0, 2, 0, 1, 2, 1, 0, 2, 0], total=40
2024-11-26 17:46:11,833 INFO server.py 302:: [Server] The aggregation takes 0.622826 seconds.

2024-11-26 17:46:11,834 INFO server.py 186:: [Server] Start testing
2024-11-26 17:46:11,859 INFO server.py 210:: [Server] Test set: Average loss: 1.1362, Accuracy: 98/200 (49.0%)

2024-11-26 17:46:11,860 INFO server.py 213:: [Sever] Confusion matrix:
 tensor([[47.,  3.,  0.,  0.],
        [38.,  7.,  2.,  3.],
        [25.,  5.,  8., 12.],
        [ 9.,  0.,  5., 36.]])
2024-11-26 17:46:11,862 INFO server.py 229:: [Server] Precision=[0.394958   0.46666667 0.53333336 0.7058824 ],
 Recall=[0.94 0.14 0.16 0.72],
 F1-score=[0.5562131  0.21538462 0.24615383 0.7128714 ],
 my_accuracy=49.000000953674316[%]
