2024-12-02 01:08:19,426 INFO _main.py 39:: ################################################################
2024-12-02 01:08:19,427 INFO _main.py 41:: #                              batch_size: 64                  #
2024-12-02 01:08:19,429 INFO _main.py 41:: #                         test_batch_size: 32                  #
2024-12-02 01:08:19,429 INFO _main.py 41:: #                                  epochs: 2                   #
2024-12-02 01:08:19,429 INFO _main.py 41:: #                               optimizer: SGD                 #
2024-12-02 01:08:19,429 INFO _main.py 41:: #                                      lr: 0.01                #
2024-12-02 01:08:19,429 INFO _main.py 41:: #                                momentum: 0.9                 #
2024-12-02 01:08:19,430 INFO _main.py 41:: #                            weight_decay: 0.0001              #
2024-12-02 01:08:19,430 INFO _main.py 41:: #                                    seed: 1                   #
2024-12-02 01:08:19,430 INFO _main.py 41:: #                            log_interval: 11                  #
2024-12-02 01:08:19,430 INFO _main.py 41:: #                             num_clients: 40                  #
2024-12-02 01:08:19,430 INFO _main.py 41:: #                           output_folder: experiments         #
2024-12-02 01:08:19,432 INFO _main.py 41:: #                                 dataset: rockburst           #
2024-12-02 01:08:19,433 INFO _main.py 41:: #                             loader_type: dirichlet           #
2024-12-02 01:08:19,433 INFO _main.py 41:: #                             loader_path: ./data/loader.pk    #
2024-12-02 01:08:19,433 INFO _main.py 41:: #                                      AR: my_hog              #
2024-12-02 01:08:19,433 INFO _main.py 41:: #                     n_attacker_backdoor: 0                   #
2024-12-02 01:08:19,434 INFO _main.py 41:: #                        backdoor_trigger: [0, 0, 1, 1]        #
2024-12-02 01:08:19,434 INFO _main.py 41:: #                   n_attacker_omniscient: 0                   #
2024-12-02 01:08:19,434 INFO _main.py 41:: #                        omniscient_scale: 1                   #
2024-12-02 01:08:19,434 INFO _main.py 41:: #                                 attacks: None                #
2024-12-02 01:08:19,434 INFO _main.py 41:: #                      save_model_weights: False               #
2024-12-02 01:08:19,435 INFO _main.py 41:: #                         experiment_name: sExp4Ba_40ep_rockburst_my_hog_40C_5#
2024-12-02 01:08:19,435 INFO _main.py 41:: #                          path_to_aggNet: None                #
2024-12-02 01:08:19,435 INFO _main.py 41:: #                                  device: cpu                 #
2024-12-02 01:08:19,435 INFO _main.py 41:: #                            inner_epochs: 30                  #
2024-12-02 01:08:19,435 INFO _main.py 41:: #                                 verbose: True                #
2024-12-02 01:08:19,435 INFO _main.py 41:: #                         list_unreliable: [2, 18, 20]         #
2024-12-02 01:08:19,436 INFO _main.py 41:: #                     unreliable_fraction: 0.5                 #
2024-12-02 01:08:19,436 INFO _main.py 41:: #                    unreliable_fracTrain: 0.3                 #
2024-12-02 01:08:19,436 INFO _main.py 41:: #                         mean_unreliable: 0.0                 #
2024-12-02 01:08:19,436 INFO _main.py 41:: #                             blur_method: add_noise           #
2024-12-02 01:08:19,436 INFO _main.py 41:: #                      max_std_unreliable: 30.0                #
2024-12-02 01:08:19,436 INFO _main.py 41:: #                     list_uatk_add_noise: [24, 25, 26]        #
2024-12-02 01:08:19,437 INFO _main.py 41:: #                          mean_add_noise: 0.0                 #
2024-12-02 01:08:19,437 INFO _main.py 41:: #                           std_add_noise: 0.01                #
2024-12-02 01:08:19,437 INFO _main.py 41:: #                     list_uatk_flip_sign: [0, 10, 11]         #
2024-12-02 01:08:19,437 INFO _main.py 42:: ################################################################
2024-12-02 01:08:19,437 INFO _main.py 43:: Namespace(batch_size=64, test_batch_size=32, epochs=2, optimizer='SGD', lr=0.01, momentum=0.9, weight_decay=0.0001, seed=1, log_interval=11, num_clients=40, output_folder='experiments', dataset='rockburst', loader_type='dirichlet', loader_path='./data/loader.pk', AR='my_hog', n_attacker_backdoor=0, backdoor_trigger=[0, 0, 1, 1], n_attacker_omniscient=0, omniscient_scale=1, attacks=None, save_model_weights=False, experiment_name='sExp4Ba_40ep_rockburst_my_hog_40C_5', path_to_aggNet=None, device='cpu', inner_epochs=30, verbose=True, list_unreliable=[2, 18, 20], unreliable_fraction=0.5, unreliable_fracTrain=0.3, mean_unreliable=0.0, blur_method='add_noise', max_std_unreliable=30.0, list_uatk_add_noise=[24, 25, 26], mean_add_noise=0.0, std_add_noise=0.01, list_uatk_flip_sign=[0, 10, 11])
2024-12-02 01:08:19,438 INFO _main.py 44:: #####################
2024-12-02 01:08:19,438 INFO _main.py 45:: #####################
2024-12-02 01:08:19,438 INFO _main.py 46:: #####################
2024-12-02 01:08:19,438 INFO _main.py 47:: Aggregation Rule:	my_hog
2024-12-02 01:08:19,438 INFO _main.py 48:: Data distribution:	dirichlet
2024-12-02 01:08:19,438 INFO _main.py 49:: Attacks:	None 
2024-12-02 01:08:19,439 INFO _main.py 50:: #####################
2024-12-02 01:08:19,439 INFO _main.py 51:: #####################
2024-12-02 01:08:19,439 INFO _main.py 52:: #####################
2024-12-02 01:08:21,751 INFO server.py 366:: SET DBSCAN eps=1.3, min_samples=10
2024-12-02 01:08:21,754 INFO _main.py 135:: [1-normal, 0-malicious] label =tensor([0., 1., 1., 1., 1., 1., 1., 1., 1., 1., 0., 0., 1., 1., 1., 1., 1., 1.,
        1., 1., 1., 1., 1., 1., 0., 0., 0., 1., 1., 1., 1., 1., 1., 1., 1., 1.,
        1., 1., 1., 1.])
2024-12-02 01:08:21,760 INFO malicious_clients.py 123:: init ATTACK OMNISCIENT Client 0
2024-12-02 01:08:21,764 INFO malicious_clients.py 18:: init UNRELIABLE Client 2
2024-12-02 01:08:21,795 INFO malicious_clients.py 123:: init ATTACK OMNISCIENT Client 10
2024-12-02 01:08:21,799 INFO malicious_clients.py 123:: init ATTACK OMNISCIENT Client 11
2024-12-02 01:08:21,822 INFO malicious_clients.py 18:: init UNRELIABLE Client 18
2024-12-02 01:08:21,829 INFO malicious_clients.py 18:: init UNRELIABLE Client 20
2024-12-02 01:08:21,846 INFO malicious_clients.py 73:: init ATTACK ADD NOISE TO GRAD Client 24
2024-12-02 01:08:21,850 INFO malicious_clients.py 73:: init ATTACK ADD NOISE TO GRAD Client 25
2024-12-02 01:08:21,854 INFO malicious_clients.py 73:: init ATTACK ADD NOISE TO GRAD Client 26
2024-12-02 01:08:21,904 INFO server.py 211:: [Server] Start testing
2024-12-02 01:08:21,921 INFO server.py 235:: [Server] Test set: Average loss: 1.3864, Accuracy: 50/200 (25.0%)

2024-12-02 01:08:21,922 INFO server.py 238:: [Sever] Confusion matrix:
 tensor([[50.,  0.,  0.,  0.],
        [50.,  0.,  0.,  0.],
        [50.,  0.,  0.,  0.],
        [50.,  0.,  0.,  0.]])
2024-12-02 01:08:21,929 INFO server.py 254:: [Server] Precision=[0.25  nan  nan  nan],
 Recall=[1. 0. 0. 0.],
 F1-score=[0.4 nan nan nan],
 my_accuracy=25.0[%]
2024-12-02 01:08:21,931 INFO _main.py 209:: ########EPOCH 0 ########
2024-12-02 01:08:21,931 INFO _main.py 210:: ###Model distribution###
2024-12-02 01:08:24,821 INFO server.py 1064:: clients' sizes=[1, 2, 1, 0, 0, 0, 2, 2, 0, 1, 0, 1, 2, 2, 2, 2, 1, 1, 2, 0, 1, 1, 1, 1, 1, 0, 1, 1, 1, 1, 2, 0, 2, 0, 1, 2, 1, 0, 2, 0], total=41
2024-12-02 01:08:24,832 INFO server.py 327:: [Server] The aggregation takes 0.269041 seconds.

2024-12-02 01:08:24,833 INFO server.py 211:: [Server] Start testing
2024-12-02 01:08:24,847 INFO server.py 235:: [Server] Test set: Average loss: 1.3313, Accuracy: 71/200 (35.5%)

2024-12-02 01:08:24,848 INFO server.py 238:: [Sever] Confusion matrix:
 tensor([[50.,  0.,  0.,  0.],
        [50.,  0.,  0.,  0.],
        [50.,  0.,  0.,  0.],
        [29.,  0.,  0., 21.]])
2024-12-02 01:08:24,849 INFO server.py 254:: [Server] Precision=[0.2793296       nan       nan 1.       ],
 Recall=[1.   0.   0.   0.42],
 F1-score=[0.43668124        nan        nan 0.5915493 ],
 my_accuracy=35.499998927116394[%]
2024-12-02 01:08:24,850 INFO _main.py 209:: ########EPOCH 1 ########
2024-12-02 01:08:24,851 INFO _main.py 210:: ###Model distribution###
2024-12-02 01:08:27,747 INFO server.py 1064:: clients' sizes=[1, 2, 1, 0, 0, 0, 2, 2, 0, 1, 0, 1, 2, 2, 2, 2, 1, 1, 2, 0, 1, 1, 1, 1, 1, 0, 1, 1, 1, 1, 2, 0, 2, 0, 1, 2, 1, 0, 2, 0], total=41
2024-12-02 01:08:27,759 INFO server.py 327:: [Server] The aggregation takes 0.263798 seconds.

2024-12-02 01:08:27,760 INFO server.py 211:: [Server] Start testing
2024-12-02 01:08:27,777 INFO server.py 235:: [Server] Test set: Average loss: 1.1994, Accuracy: 90/200 (45.0%)

2024-12-02 01:08:27,780 INFO server.py 238:: [Sever] Confusion matrix:
 tensor([[50.,  0.,  0.,  0.],
        [46.,  0.,  1.,  3.],
        [34.,  0.,  6., 10.],
        [ 9.,  0.,  7., 34.]])
2024-12-02 01:08:27,781 INFO server.py 254:: [Server] Precision=[0.35971224        nan 0.42857143 0.7234042 ],
 Recall=[1.   0.   0.12 0.68],
 F1-score=[0.52910054        nan 0.1875     0.7010309 ],
 my_accuracy=44.999998807907104[%]
