2024-12-02 01:16:46,772 INFO _main.py 39:: ################################################################
2024-12-02 01:16:46,775 INFO _main.py 41:: #                              batch_size: 64                  #
2024-12-02 01:16:46,777 INFO _main.py 41:: #                         test_batch_size: 32                  #
2024-12-02 01:16:46,779 INFO _main.py 41:: #                                  epochs: 2                   #
2024-12-02 01:16:46,779 INFO _main.py 41:: #                               optimizer: SGD                 #
2024-12-02 01:16:46,779 INFO _main.py 41:: #                                      lr: 0.01                #
2024-12-02 01:16:46,780 INFO _main.py 41:: #                                momentum: 0.9                 #
2024-12-02 01:16:46,781 INFO _main.py 41:: #                            weight_decay: 0.0001              #
2024-12-02 01:16:46,781 INFO _main.py 41:: #                                    seed: 1                   #
2024-12-02 01:16:46,781 INFO _main.py 41:: #                            log_interval: 11                  #
2024-12-02 01:16:46,782 INFO _main.py 41:: #                             num_clients: 40                  #
2024-12-02 01:16:46,782 INFO _main.py 41:: #                           output_folder: experiments         #
2024-12-02 01:16:46,782 INFO _main.py 41:: #                                 dataset: rockburst           #
2024-12-02 01:16:46,783 INFO _main.py 41:: #                             loader_type: dirichlet           #
2024-12-02 01:16:46,783 INFO _main.py 41:: #                             loader_path: ./data/loader.pk    #
2024-12-02 01:16:46,783 INFO _main.py 41:: #                                      AR: my_hog              #
2024-12-02 01:16:46,783 INFO _main.py 41:: #                     n_attacker_backdoor: 0                   #
2024-12-02 01:16:46,783 INFO _main.py 41:: #                        backdoor_trigger: [0, 0, 1, 1]        #
2024-12-02 01:16:46,784 INFO _main.py 41:: #                   n_attacker_omniscient: 0                   #
2024-12-02 01:16:46,784 INFO _main.py 41:: #                        omniscient_scale: 1                   #
2024-12-02 01:16:46,784 INFO _main.py 41:: #                                 attacks: None                #
2024-12-02 01:16:46,784 INFO _main.py 41:: #                      save_model_weights: False               #
2024-12-02 01:16:46,785 INFO _main.py 41:: #                         experiment_name: sExp4Ba_40ep_rockburst_my_hog_40C_5#
2024-12-02 01:16:46,785 INFO _main.py 41:: #                          path_to_aggNet: None                #
2024-12-02 01:16:46,785 INFO _main.py 41:: #                                  device: cpu                 #
2024-12-02 01:16:46,786 INFO _main.py 41:: #                            inner_epochs: 30                  #
2024-12-02 01:16:46,786 INFO _main.py 41:: #                                 verbose: True                #
2024-12-02 01:16:46,786 INFO _main.py 41:: #                         list_unreliable: [2, 18, 20]         #
2024-12-02 01:16:46,787 INFO _main.py 41:: #                     unreliable_fraction: 0.5                 #
2024-12-02 01:16:46,787 INFO _main.py 41:: #                    unreliable_fracTrain: 0.3                 #
2024-12-02 01:16:46,787 INFO _main.py 41:: #                         mean_unreliable: 0.0                 #
2024-12-02 01:16:46,787 INFO _main.py 41:: #                             blur_method: add_noise           #
2024-12-02 01:16:46,787 INFO _main.py 41:: #                      max_std_unreliable: 30.0                #
2024-12-02 01:16:46,788 INFO _main.py 41:: #                     list_uatk_add_noise: [24, 25, 26]        #
2024-12-02 01:16:46,788 INFO _main.py 41:: #                          mean_add_noise: 0.0                 #
2024-12-02 01:16:46,788 INFO _main.py 41:: #                           std_add_noise: 0.01                #
2024-12-02 01:16:46,788 INFO _main.py 41:: #                     list_uatk_flip_sign: [0, 10, 11]         #
2024-12-02 01:16:46,789 INFO _main.py 42:: ################################################################
2024-12-02 01:16:46,789 INFO _main.py 43:: Namespace(batch_size=64, test_batch_size=32, epochs=2, optimizer='SGD', lr=0.01, momentum=0.9, weight_decay=0.0001, seed=1, log_interval=11, num_clients=40, output_folder='experiments', dataset='rockburst', loader_type='dirichlet', loader_path='./data/loader.pk', AR='my_hog', n_attacker_backdoor=0, backdoor_trigger=[0, 0, 1, 1], n_attacker_omniscient=0, omniscient_scale=1, attacks=None, save_model_weights=False, experiment_name='sExp4Ba_40ep_rockburst_my_hog_40C_5', path_to_aggNet=None, device='cpu', inner_epochs=30, verbose=True, list_unreliable=[2, 18, 20], unreliable_fraction=0.5, unreliable_fracTrain=0.3, mean_unreliable=0.0, blur_method='add_noise', max_std_unreliable=30.0, list_uatk_add_noise=[24, 25, 26], mean_add_noise=0.0, std_add_noise=0.01, list_uatk_flip_sign=[0, 10, 11])
2024-12-02 01:16:46,789 INFO _main.py 44:: #####################
2024-12-02 01:16:46,789 INFO _main.py 45:: #####################
2024-12-02 01:16:46,789 INFO _main.py 46:: #####################
2024-12-02 01:16:46,790 INFO _main.py 47:: Aggregation Rule:	my_hog
2024-12-02 01:16:46,790 INFO _main.py 48:: Data distribution:	dirichlet
2024-12-02 01:16:46,790 INFO _main.py 49:: Attacks:	None 
2024-12-02 01:16:46,790 INFO _main.py 50:: #####################
2024-12-02 01:16:46,791 INFO _main.py 51:: #####################
2024-12-02 01:16:46,791 INFO _main.py 52:: #####################
2024-12-02 01:16:48,336 INFO server.py 366:: SET DBSCAN eps=1.3, min_samples=10
2024-12-02 01:16:48,339 INFO _main.py 135:: [1-normal, 0-malicious] label =tensor([0., 1., 1., 1., 1., 1., 1., 1., 1., 1., 0., 0., 1., 1., 1., 1., 1., 1.,
        1., 1., 1., 1., 1., 1., 0., 0., 0., 1., 1., 1., 1., 1., 1., 1., 1., 1.,
        1., 1., 1., 1.])
2024-12-02 01:16:48,344 INFO malicious_clients.py 123:: init ATTACK OMNISCIENT Client 0
2024-12-02 01:16:48,349 INFO malicious_clients.py 18:: init UNRELIABLE Client 2
2024-12-02 01:16:48,379 INFO malicious_clients.py 123:: init ATTACK OMNISCIENT Client 10
2024-12-02 01:16:48,383 INFO malicious_clients.py 123:: init ATTACK OMNISCIENT Client 11
2024-12-02 01:16:48,407 INFO malicious_clients.py 18:: init UNRELIABLE Client 18
2024-12-02 01:16:48,414 INFO malicious_clients.py 18:: init UNRELIABLE Client 20
2024-12-02 01:16:48,432 INFO malicious_clients.py 73:: init ATTACK ADD NOISE TO GRAD Client 24
2024-12-02 01:16:48,437 INFO malicious_clients.py 73:: init ATTACK ADD NOISE TO GRAD Client 25
2024-12-02 01:16:48,440 INFO malicious_clients.py 73:: init ATTACK ADD NOISE TO GRAD Client 26
2024-12-02 01:16:48,492 INFO server.py 211:: [Server] Start testing
2024-12-02 01:16:48,508 INFO server.py 235:: [Server] Test set: Average loss: 1.3864, Accuracy: 50/200 (25.0%)

2024-12-02 01:16:48,509 INFO server.py 238:: [Sever] Confusion matrix:
 tensor([[50.,  0.,  0.,  0.],
        [50.,  0.,  0.,  0.],
        [50.,  0.,  0.,  0.],
        [50.,  0.,  0.,  0.]])
2024-12-02 01:16:48,517 INFO server.py 254:: [Server] Precision=[0.25  nan  nan  nan],
 Recall=[1. 0. 0. 0.],
 F1-score=[0.4 nan nan nan],
 my_accuracy=25.0[%]
2024-12-02 01:16:48,518 INFO _main.py 209:: ########EPOCH 0 ########
2024-12-02 01:16:48,518 INFO _main.py 210:: ###Model distribution###
2024-12-02 01:16:51,538 INFO server.py 805:: flip_sign_id=set()
2024-12-02 01:16:51,538 INFO server.py 806:: additve id={0}
2024-12-02 01:16:51,539 INFO server.py 807:: unreliable id =set()
2024-12-02 01:16:51,541 INFO server.py 805:: flip_sign_id=set()
2024-12-02 01:16:51,542 INFO server.py 806:: additve id={0}
2024-12-02 01:16:51,542 INFO server.py 807:: unreliable id =set()
2024-12-02 01:16:51,545 INFO server.py 805:: flip_sign_id=set()
2024-12-02 01:16:51,545 INFO server.py 806:: additve id=set()
2024-12-02 01:16:51,545 INFO server.py 807:: unreliable id =set()
2024-12-02 01:16:51,548 INFO server.py 805:: flip_sign_id=set()
2024-12-02 01:16:51,548 INFO server.py 806:: additve id=set()
2024-12-02 01:16:51,549 INFO server.py 807:: unreliable id =set()
2024-12-02 01:16:51,552 INFO server.py 805:: flip_sign_id=set()
2024-12-02 01:16:51,552 INFO server.py 806:: additve id=set()
2024-12-02 01:16:51,553 INFO server.py 807:: unreliable id =set()
2024-12-02 01:16:51,558 INFO server.py 805:: flip_sign_id=set()
2024-12-02 01:16:51,559 INFO server.py 806:: additve id=set()
2024-12-02 01:16:51,559 INFO server.py 807:: unreliable id =set()
2024-12-02 01:16:51,561 INFO server.py 805:: flip_sign_id=set()
2024-12-02 01:16:51,562 INFO server.py 806:: additve id=set()
2024-12-02 01:16:51,562 INFO server.py 807:: unreliable id =set()
2024-12-02 01:16:51,566 INFO server.py 805:: flip_sign_id=set()
2024-12-02 01:16:51,566 INFO server.py 806:: additve id=set()
2024-12-02 01:16:51,567 INFO server.py 807:: unreliable id =set()
2024-12-02 01:16:51,569 INFO server.py 805:: flip_sign_id=set()
2024-12-02 01:16:51,570 INFO server.py 806:: additve id=set()
2024-12-02 01:16:51,570 INFO server.py 807:: unreliable id =set()
2024-12-02 01:16:51,574 INFO server.py 805:: flip_sign_id=set()
2024-12-02 01:16:51,574 INFO server.py 806:: additve id=set()
2024-12-02 01:16:51,575 INFO server.py 807:: unreliable id =set()
2024-12-02 01:16:51,579 INFO server.py 805:: flip_sign_id=set()
2024-12-02 01:16:51,579 INFO server.py 806:: additve id=set()
2024-12-02 01:16:51,579 INFO server.py 807:: unreliable id =set()
2024-12-02 01:16:51,586 INFO server.py 805:: flip_sign_id=set()
2024-12-02 01:16:51,589 INFO server.py 806:: additve id=set()
2024-12-02 01:16:51,589 INFO server.py 807:: unreliable id =set()
2024-12-02 01:16:51,595 INFO server.py 805:: flip_sign_id=set()
2024-12-02 01:16:51,596 INFO server.py 806:: additve id=set()
2024-12-02 01:16:51,596 INFO server.py 807:: unreliable id =set()
2024-12-02 01:16:51,601 INFO server.py 805:: flip_sign_id=set()
2024-12-02 01:16:51,602 INFO server.py 806:: additve id=set()
2024-12-02 01:16:51,602 INFO server.py 807:: unreliable id =set()
2024-12-02 01:16:51,608 INFO server.py 805:: flip_sign_id=set()
2024-12-02 01:16:51,608 INFO server.py 806:: additve id=set()
2024-12-02 01:16:51,608 INFO server.py 807:: unreliable id =set()
2024-12-02 01:16:51,613 INFO server.py 805:: flip_sign_id=set()
2024-12-02 01:16:51,614 INFO server.py 806:: additve id=set()
2024-12-02 01:16:51,614 INFO server.py 807:: unreliable id =set()
2024-12-02 01:16:51,619 INFO server.py 805:: flip_sign_id=set()
2024-12-02 01:16:51,620 INFO server.py 806:: additve id=set()
2024-12-02 01:16:51,620 INFO server.py 807:: unreliable id =set()
2024-12-02 01:16:51,625 INFO server.py 805:: flip_sign_id=set()
2024-12-02 01:16:51,626 INFO server.py 806:: additve id=set()
2024-12-02 01:16:51,626 INFO server.py 807:: unreliable id =set()
2024-12-02 01:16:51,631 INFO server.py 805:: flip_sign_id=set()
2024-12-02 01:16:51,632 INFO server.py 806:: additve id=set()
2024-12-02 01:16:51,632 INFO server.py 807:: unreliable id =set()
2024-12-02 01:16:51,638 INFO server.py 805:: flip_sign_id=set()
2024-12-02 01:16:51,638 INFO server.py 806:: additve id=set()
2024-12-02 01:16:51,639 INFO server.py 807:: unreliable id =set()
2024-12-02 01:16:51,644 INFO server.py 805:: flip_sign_id=set()
2024-12-02 01:16:51,645 INFO server.py 806:: additve id=set()
2024-12-02 01:16:51,645 INFO server.py 807:: unreliable id =set()
2024-12-02 01:16:51,651 INFO server.py 805:: flip_sign_id=set()
2024-12-02 01:16:51,651 INFO server.py 806:: additve id=set()
2024-12-02 01:16:51,652 INFO server.py 807:: unreliable id =set()
2024-12-02 01:16:51,658 INFO server.py 805:: flip_sign_id=set()
2024-12-02 01:16:51,659 INFO server.py 806:: additve id=set()
2024-12-02 01:16:51,659 INFO server.py 807:: unreliable id =set()
2024-12-02 01:16:51,666 INFO server.py 805:: flip_sign_id=set()
2024-12-02 01:16:51,667 INFO server.py 806:: additve id=set()
2024-12-02 01:16:51,667 INFO server.py 807:: unreliable id =set()
2024-12-02 01:16:51,673 INFO server.py 805:: flip_sign_id=set()
2024-12-02 01:16:51,674 INFO server.py 806:: additve id=set()
2024-12-02 01:16:51,674 INFO server.py 807:: unreliable id =set()
2024-12-02 01:16:51,682 INFO server.py 805:: flip_sign_id=set()
2024-12-02 01:16:51,682 INFO server.py 806:: additve id=set()
2024-12-02 01:16:51,682 INFO server.py 807:: unreliable id =set()
2024-12-02 01:16:51,692 INFO server.py 805:: flip_sign_id=set()
2024-12-02 01:16:51,692 INFO server.py 806:: additve id=set()
2024-12-02 01:16:51,693 INFO server.py 807:: unreliable id =set()
2024-12-02 01:16:51,701 INFO server.py 805:: flip_sign_id=set()
2024-12-02 01:16:51,701 INFO server.py 806:: additve id=set()
2024-12-02 01:16:51,701 INFO server.py 807:: unreliable id =set()
2024-12-02 01:16:51,709 INFO server.py 805:: flip_sign_id=set()
2024-12-02 01:16:51,709 INFO server.py 806:: additve id=set()
2024-12-02 01:16:51,709 INFO server.py 807:: unreliable id =set()
2024-12-02 01:16:51,718 INFO server.py 805:: flip_sign_id=set()
2024-12-02 01:16:51,718 INFO server.py 806:: additve id=set()
2024-12-02 01:16:51,718 INFO server.py 807:: unreliable id =set()
2024-12-02 01:16:51,726 INFO server.py 805:: flip_sign_id=set()
2024-12-02 01:16:51,727 INFO server.py 806:: additve id=set()
2024-12-02 01:16:51,727 INFO server.py 807:: unreliable id =set()
2024-12-02 01:16:51,736 INFO server.py 805:: flip_sign_id=set()
2024-12-02 01:16:51,737 INFO server.py 806:: additve id=set()
2024-12-02 01:16:51,737 INFO server.py 807:: unreliable id =set()
2024-12-02 01:16:51,745 INFO server.py 805:: flip_sign_id=set()
2024-12-02 01:16:51,746 INFO server.py 806:: additve id=set()
2024-12-02 01:16:51,746 INFO server.py 807:: unreliable id =set()
2024-12-02 01:16:51,756 INFO server.py 805:: flip_sign_id=set()
2024-12-02 01:16:51,756 INFO server.py 806:: additve id=set()
2024-12-02 01:16:51,756 INFO server.py 807:: unreliable id =set()
2024-12-02 01:16:51,765 INFO server.py 805:: flip_sign_id=set()
2024-12-02 01:16:51,766 INFO server.py 806:: additve id=set()
2024-12-02 01:16:51,766 INFO server.py 807:: unreliable id =set()
2024-12-02 01:16:51,775 INFO server.py 805:: flip_sign_id=set()
2024-12-02 01:16:51,776 INFO server.py 806:: additve id=set()
2024-12-02 01:16:51,776 INFO server.py 807:: unreliable id =set()
2024-12-02 01:16:51,785 INFO server.py 805:: flip_sign_id=set()
2024-12-02 01:16:51,786 INFO server.py 806:: additve id=set()
2024-12-02 01:16:51,786 INFO server.py 807:: unreliable id =set()
2024-12-02 01:16:51,796 INFO server.py 805:: flip_sign_id=set()
2024-12-02 01:16:51,797 INFO server.py 806:: additve id=set()
2024-12-02 01:16:51,797 INFO server.py 807:: unreliable id =set()
2024-12-02 01:16:51,805 INFO server.py 805:: flip_sign_id=set()
2024-12-02 01:16:51,806 INFO server.py 806:: additve id=set()
2024-12-02 01:16:51,806 INFO server.py 807:: unreliable id =set()
2024-12-02 01:16:51,818 INFO server.py 805:: flip_sign_id=set()
2024-12-02 01:16:51,818 INFO server.py 806:: additve id=set()
2024-12-02 01:16:51,818 INFO server.py 807:: unreliable id =set()
2024-12-02 01:16:51,819 INFO server.py 1067:: clients' sizes=[1, 2, 1, 0, 0, 0, 2, 2, 0, 1, 0, 1, 2, 2, 2, 2, 1, 1, 2, 0, 1, 1, 1, 1, 1, 0, 1, 1, 1, 1, 2, 0, 2, 0, 1, 2, 1, 0, 2, 0], total=41
2024-12-02 01:16:51,830 INFO server.py 327:: [Server] The aggregation takes 0.293636 seconds.

2024-12-02 01:16:51,831 INFO server.py 211:: [Server] Start testing
2024-12-02 01:16:51,846 INFO server.py 235:: [Server] Test set: Average loss: 1.3313, Accuracy: 71/200 (35.5%)

2024-12-02 01:16:51,847 INFO server.py 238:: [Sever] Confusion matrix:
 tensor([[50.,  0.,  0.,  0.],
        [50.,  0.,  0.,  0.],
        [50.,  0.,  0.,  0.],
        [29.,  0.,  0., 21.]])
2024-12-02 01:16:51,848 INFO server.py 254:: [Server] Precision=[0.2793296       nan       nan 1.       ],
 Recall=[1.   0.   0.   0.42],
 F1-score=[0.43668124        nan        nan 0.5915493 ],
 my_accuracy=35.499998927116394[%]
2024-12-02 01:16:51,849 INFO _main.py 209:: ########EPOCH 1 ########
2024-12-02 01:16:51,850 INFO _main.py 210:: ###Model distribution###
2024-12-02 01:16:54,420 INFO server.py 805:: flip_sign_id=set()
2024-12-02 01:16:54,420 INFO server.py 806:: additve id={0}
2024-12-02 01:16:54,421 INFO server.py 807:: unreliable id =set()
2024-12-02 01:16:54,423 INFO server.py 805:: flip_sign_id=set()
2024-12-02 01:16:54,423 INFO server.py 806:: additve id={0}
2024-12-02 01:16:54,423 INFO server.py 807:: unreliable id =set()
2024-12-02 01:16:54,425 INFO server.py 805:: flip_sign_id=set()
2024-12-02 01:16:54,425 INFO server.py 806:: additve id=set()
2024-12-02 01:16:54,426 INFO server.py 807:: unreliable id =set()
2024-12-02 01:16:54,427 INFO server.py 805:: flip_sign_id=set()
2024-12-02 01:16:54,428 INFO server.py 806:: additve id=set()
2024-12-02 01:16:54,428 INFO server.py 807:: unreliable id =set()
2024-12-02 01:16:54,430 INFO server.py 805:: flip_sign_id=set()
2024-12-02 01:16:54,430 INFO server.py 806:: additve id=set()
2024-12-02 01:16:54,430 INFO server.py 807:: unreliable id =set()
2024-12-02 01:16:54,432 INFO server.py 805:: flip_sign_id=set()
2024-12-02 01:16:54,433 INFO server.py 806:: additve id=set()
2024-12-02 01:16:54,433 INFO server.py 807:: unreliable id =set()
2024-12-02 01:16:54,435 INFO server.py 805:: flip_sign_id=set()
2024-12-02 01:16:54,435 INFO server.py 806:: additve id=set()
2024-12-02 01:16:54,436 INFO server.py 807:: unreliable id =set()
2024-12-02 01:16:54,438 INFO server.py 805:: flip_sign_id=set()
2024-12-02 01:16:54,438 INFO server.py 806:: additve id=set()
2024-12-02 01:16:54,438 INFO server.py 807:: unreliable id =set()
2024-12-02 01:16:54,440 INFO server.py 805:: flip_sign_id=set()
2024-12-02 01:16:54,441 INFO server.py 806:: additve id=set()
2024-12-02 01:16:54,441 INFO server.py 807:: unreliable id =set()
2024-12-02 01:16:54,443 INFO server.py 805:: flip_sign_id=set()
2024-12-02 01:16:54,444 INFO server.py 806:: additve id=set()
2024-12-02 01:16:54,444 INFO server.py 807:: unreliable id =set()
2024-12-02 01:16:54,446 INFO server.py 805:: flip_sign_id=set()
2024-12-02 01:16:54,446 INFO server.py 806:: additve id=set()
2024-12-02 01:16:54,447 INFO server.py 807:: unreliable id =set()
2024-12-02 01:16:54,449 INFO server.py 805:: flip_sign_id=set()
2024-12-02 01:16:54,450 INFO server.py 806:: additve id=set()
2024-12-02 01:16:54,450 INFO server.py 807:: unreliable id =set()
2024-12-02 01:16:54,452 INFO server.py 805:: flip_sign_id=set()
2024-12-02 01:16:54,453 INFO server.py 806:: additve id=set()
2024-12-02 01:16:54,453 INFO server.py 807:: unreliable id =set()
2024-12-02 01:16:54,456 INFO server.py 805:: flip_sign_id=set()
2024-12-02 01:16:54,456 INFO server.py 806:: additve id=set()
2024-12-02 01:16:54,456 INFO server.py 807:: unreliable id =set()
2024-12-02 01:16:54,459 INFO server.py 805:: flip_sign_id=set()
2024-12-02 01:16:54,459 INFO server.py 806:: additve id=set()
2024-12-02 01:16:54,459 INFO server.py 807:: unreliable id =set()
2024-12-02 01:16:54,463 INFO server.py 805:: flip_sign_id=set()
2024-12-02 01:16:54,464 INFO server.py 806:: additve id=set()
2024-12-02 01:16:54,464 INFO server.py 807:: unreliable id =set()
2024-12-02 01:16:54,467 INFO server.py 805:: flip_sign_id=set()
2024-12-02 01:16:54,468 INFO server.py 806:: additve id=set()
2024-12-02 01:16:54,468 INFO server.py 807:: unreliable id =set()
2024-12-02 01:16:54,472 INFO server.py 805:: flip_sign_id=set()
2024-12-02 01:16:54,472 INFO server.py 806:: additve id=set()
2024-12-02 01:16:54,472 INFO server.py 807:: unreliable id =set()
2024-12-02 01:16:54,475 INFO server.py 805:: flip_sign_id=set()
2024-12-02 01:16:54,476 INFO server.py 806:: additve id=set()
2024-12-02 01:16:54,476 INFO server.py 807:: unreliable id =set()
2024-12-02 01:16:54,479 INFO server.py 805:: flip_sign_id=set()
2024-12-02 01:16:54,479 INFO server.py 806:: additve id=set()
2024-12-02 01:16:54,480 INFO server.py 807:: unreliable id =set()
2024-12-02 01:16:54,483 INFO server.py 805:: flip_sign_id=set()
2024-12-02 01:16:54,484 INFO server.py 806:: additve id=set()
2024-12-02 01:16:54,484 INFO server.py 807:: unreliable id =set()
2024-12-02 01:16:54,488 INFO server.py 805:: flip_sign_id=set()
2024-12-02 01:16:54,488 INFO server.py 806:: additve id=set()
2024-12-02 01:16:54,488 INFO server.py 807:: unreliable id =set()
2024-12-02 01:16:54,492 INFO server.py 805:: flip_sign_id=set()
2024-12-02 01:16:54,493 INFO server.py 806:: additve id=set()
2024-12-02 01:16:54,493 INFO server.py 807:: unreliable id =set()
2024-12-02 01:16:54,497 INFO server.py 805:: flip_sign_id=set()
2024-12-02 01:16:54,498 INFO server.py 806:: additve id=set()
2024-12-02 01:16:54,498 INFO server.py 807:: unreliable id =set()
2024-12-02 01:16:54,502 INFO server.py 805:: flip_sign_id=set()
2024-12-02 01:16:54,503 INFO server.py 806:: additve id=set()
2024-12-02 01:16:54,503 INFO server.py 807:: unreliable id =set()
2024-12-02 01:16:54,507 INFO server.py 805:: flip_sign_id=set()
2024-12-02 01:16:54,508 INFO server.py 806:: additve id=set()
2024-12-02 01:16:54,508 INFO server.py 807:: unreliable id =set()
2024-12-02 01:16:54,512 INFO server.py 805:: flip_sign_id=set()
2024-12-02 01:16:54,513 INFO server.py 806:: additve id=set()
2024-12-02 01:16:54,513 INFO server.py 807:: unreliable id =set()
2024-12-02 01:16:54,518 INFO server.py 805:: flip_sign_id=set()
2024-12-02 01:16:54,519 INFO server.py 806:: additve id=set()
2024-12-02 01:16:54,519 INFO server.py 807:: unreliable id =set()
2024-12-02 01:16:54,524 INFO server.py 805:: flip_sign_id=set()
2024-12-02 01:16:54,524 INFO server.py 806:: additve id=set()
2024-12-02 01:16:54,524 INFO server.py 807:: unreliable id =set()
2024-12-02 01:16:54,529 INFO server.py 805:: flip_sign_id=set()
2024-12-02 01:16:54,529 INFO server.py 806:: additve id=set()
2024-12-02 01:16:54,530 INFO server.py 807:: unreliable id =set()
2024-12-02 01:16:54,535 INFO server.py 805:: flip_sign_id=set()
2024-12-02 01:16:54,536 INFO server.py 806:: additve id=set()
2024-12-02 01:16:54,536 INFO server.py 807:: unreliable id =set()
2024-12-02 01:16:54,541 INFO server.py 805:: flip_sign_id=set()
2024-12-02 01:16:54,541 INFO server.py 806:: additve id=set()
2024-12-02 01:16:54,542 INFO server.py 807:: unreliable id =set()
2024-12-02 01:16:54,547 INFO server.py 805:: flip_sign_id=set()
2024-12-02 01:16:54,548 INFO server.py 806:: additve id=set()
2024-12-02 01:16:54,548 INFO server.py 807:: unreliable id =set()
2024-12-02 01:16:54,554 INFO server.py 805:: flip_sign_id=set()
2024-12-02 01:16:54,554 INFO server.py 806:: additve id=set()
2024-12-02 01:16:54,555 INFO server.py 807:: unreliable id =set()
2024-12-02 01:16:54,560 INFO server.py 805:: flip_sign_id=set()
2024-12-02 01:16:54,561 INFO server.py 806:: additve id=set()
2024-12-02 01:16:54,561 INFO server.py 807:: unreliable id =set()
2024-12-02 01:16:54,567 INFO server.py 805:: flip_sign_id=set()
2024-12-02 01:16:54,567 INFO server.py 806:: additve id=set()
2024-12-02 01:16:54,568 INFO server.py 807:: unreliable id =set()
2024-12-02 01:16:54,574 INFO server.py 805:: flip_sign_id=set()
2024-12-02 01:16:54,574 INFO server.py 806:: additve id=set()
2024-12-02 01:16:54,574 INFO server.py 807:: unreliable id =set()
2024-12-02 01:16:54,581 INFO server.py 805:: flip_sign_id=set()
2024-12-02 01:16:54,581 INFO server.py 806:: additve id=set()
2024-12-02 01:16:54,581 INFO server.py 807:: unreliable id =set()
2024-12-02 01:16:54,587 INFO server.py 805:: flip_sign_id=set()
2024-12-02 01:16:54,588 INFO server.py 806:: additve id=set()
2024-12-02 01:16:54,588 INFO server.py 807:: unreliable id =set()
2024-12-02 01:16:54,595 INFO server.py 805:: flip_sign_id=set()
2024-12-02 01:16:54,595 INFO server.py 806:: additve id=set()
2024-12-02 01:16:54,595 INFO server.py 807:: unreliable id =set()
2024-12-02 01:16:54,597 INFO server.py 1067:: clients' sizes=[1, 2, 1, 0, 0, 0, 2, 2, 0, 1, 0, 1, 2, 2, 2, 2, 1, 1, 2, 0, 1, 1, 1, 1, 1, 0, 1, 1, 1, 1, 2, 0, 2, 0, 1, 2, 1, 0, 2, 0], total=41
2024-12-02 01:16:54,609 INFO server.py 327:: [Server] The aggregation takes 0.189323 seconds.

2024-12-02 01:16:54,610 INFO server.py 211:: [Server] Start testing
2024-12-02 01:16:54,625 INFO server.py 235:: [Server] Test set: Average loss: 1.1994, Accuracy: 90/200 (45.0%)

2024-12-02 01:16:54,626 INFO server.py 238:: [Sever] Confusion matrix:
 tensor([[50.,  0.,  0.,  0.],
        [46.,  0.,  1.,  3.],
        [34.,  0.,  6., 10.],
        [ 9.,  0.,  7., 34.]])
2024-12-02 01:16:54,628 INFO server.py 254:: [Server] Precision=[0.35971224        nan 0.42857143 0.7234042 ],
 Recall=[1.   0.   0.12 0.68],
 F1-score=[0.52910054        nan 0.1875     0.7010309 ],
 my_accuracy=44.999998807907104[%]
