2024-12-01 23:52:25,470 INFO _main.py 39:: ################################################################
2024-12-01 23:52:25,472 INFO _main.py 41:: #                              batch_size: 64                  #
2024-12-01 23:52:25,474 INFO _main.py 41:: #                         test_batch_size: 32                  #
2024-12-01 23:52:25,475 INFO _main.py 41:: #                                  epochs: 20                  #
2024-12-01 23:52:25,476 INFO _main.py 41:: #                               optimizer: SGD                 #
2024-12-01 23:52:25,476 INFO _main.py 41:: #                                      lr: 0.01                #
2024-12-01 23:52:25,476 INFO _main.py 41:: #                                momentum: 0.9                 #
2024-12-01 23:52:25,477 INFO _main.py 41:: #                            weight_decay: 0.0001              #
2024-12-01 23:52:25,477 INFO _main.py 41:: #                                    seed: 1                   #
2024-12-01 23:52:25,477 INFO _main.py 41:: #                            log_interval: 11                  #
2024-12-01 23:52:25,477 INFO _main.py 41:: #                             num_clients: 40                  #
2024-12-01 23:52:25,478 INFO _main.py 41:: #                           output_folder: experiments         #
2024-12-01 23:52:25,478 INFO _main.py 41:: #                                 dataset: rockburst           #
2024-12-01 23:52:25,478 INFO _main.py 41:: #                             loader_type: dirichlet           #
2024-12-01 23:52:25,478 INFO _main.py 41:: #                             loader_path: ./data/loader.pk    #
2024-12-01 23:52:25,479 INFO _main.py 41:: #                                      AR: my_hog              #
2024-12-01 23:52:25,479 INFO _main.py 41:: #                     n_attacker_backdoor: 0                   #
2024-12-01 23:52:25,479 INFO _main.py 41:: #                        backdoor_trigger: [0, 0, 1, 1]        #
2024-12-01 23:52:25,479 INFO _main.py 41:: #                   n_attacker_omniscient: 0                   #
2024-12-01 23:52:25,479 INFO _main.py 41:: #                        omniscient_scale: 1                   #
2024-12-01 23:52:25,480 INFO _main.py 41:: #                                 attacks: None                #
2024-12-01 23:52:25,480 INFO _main.py 41:: #                      save_model_weights: False               #
2024-12-01 23:52:25,480 INFO _main.py 41:: #                         experiment_name: sExp4Ba_40ep_rockburst_my_hog_40C_5#
2024-12-01 23:52:25,481 INFO _main.py 41:: #                          path_to_aggNet: None                #
2024-12-01 23:52:25,481 INFO _main.py 41:: #                                  device: cpu                 #
2024-12-01 23:52:25,481 INFO _main.py 41:: #                            inner_epochs: 30                  #
2024-12-01 23:52:25,482 INFO _main.py 41:: #                                 verbose: True                #
2024-12-01 23:52:25,482 INFO _main.py 41:: #                         list_unreliable: [2, 18, 20]         #
2024-12-01 23:52:25,482 INFO _main.py 41:: #                     unreliable_fraction: 0.5                 #
2024-12-01 23:52:25,482 INFO _main.py 41:: #                    unreliable_fracTrain: 0.3                 #
2024-12-01 23:52:25,483 INFO _main.py 41:: #                         mean_unreliable: 0.0                 #
2024-12-01 23:52:25,483 INFO _main.py 41:: #                             blur_method: add_noise           #
2024-12-01 23:52:25,483 INFO _main.py 41:: #                      max_std_unreliable: 30.0                #
2024-12-01 23:52:25,483 INFO _main.py 41:: #                     list_uatk_add_noise: [24, 25, 26]        #
2024-12-01 23:52:25,484 INFO _main.py 41:: #                          mean_add_noise: 0.0                 #
2024-12-01 23:52:25,484 INFO _main.py 41:: #                           std_add_noise: 0.01                #
2024-12-01 23:52:25,484 INFO _main.py 41:: #                     list_uatk_flip_sign: [0, 10, 11]         #
2024-12-01 23:52:25,485 INFO _main.py 42:: ################################################################
2024-12-01 23:52:25,485 INFO _main.py 43:: Namespace(batch_size=64, test_batch_size=32, epochs=20, optimizer='SGD', lr=0.01, momentum=0.9, weight_decay=0.0001, seed=1, log_interval=11, num_clients=40, output_folder='experiments', dataset='rockburst', loader_type='dirichlet', loader_path='./data/loader.pk', AR='my_hog', n_attacker_backdoor=0, backdoor_trigger=[0, 0, 1, 1], n_attacker_omniscient=0, omniscient_scale=1, attacks=None, save_model_weights=False, experiment_name='sExp4Ba_40ep_rockburst_my_hog_40C_5', path_to_aggNet=None, device='cpu', inner_epochs=30, verbose=True, list_unreliable=[2, 18, 20], unreliable_fraction=0.5, unreliable_fracTrain=0.3, mean_unreliable=0.0, blur_method='add_noise', max_std_unreliable=30.0, list_uatk_add_noise=[24, 25, 26], mean_add_noise=0.0, std_add_noise=0.01, list_uatk_flip_sign=[0, 10, 11])
2024-12-01 23:52:25,485 INFO _main.py 44:: #####################
2024-12-01 23:52:25,485 INFO _main.py 45:: #####################
2024-12-01 23:52:25,486 INFO _main.py 46:: #####################
2024-12-01 23:52:25,486 INFO _main.py 47:: Aggregation Rule:	my_hog
2024-12-01 23:52:25,487 INFO _main.py 48:: Data distribution:	dirichlet
2024-12-01 23:52:25,487 INFO _main.py 49:: Attacks:	None 
2024-12-01 23:52:25,487 INFO _main.py 50:: #####################
2024-12-01 23:52:25,487 INFO _main.py 51:: #####################
2024-12-01 23:52:25,488 INFO _main.py 52:: #####################
2024-12-01 23:52:27,063 INFO server.py 366:: SET DBSCAN eps=1.3, min_samples=10
2024-12-01 23:52:27,067 INFO _main.py 135:: [1-normal, 0-malicious] label =tensor([0., 1., 1., 1., 1., 1., 1., 1., 1., 1., 0., 0., 1., 1., 1., 1., 1., 1.,
        1., 1., 1., 1., 1., 1., 0., 0., 0., 1., 1., 1., 1., 1., 1., 1., 1., 1.,
        1., 1., 1., 1.])
2024-12-01 23:52:27,072 INFO malicious_clients.py 123:: init ATTACK OMNISCIENT Client 0
2024-12-01 23:52:27,077 INFO malicious_clients.py 18:: init UNRELIABLE Client 2
2024-12-01 23:52:27,109 INFO malicious_clients.py 123:: init ATTACK OMNISCIENT Client 10
2024-12-01 23:52:27,114 INFO malicious_clients.py 123:: init ATTACK OMNISCIENT Client 11
2024-12-01 23:52:27,136 INFO malicious_clients.py 18:: init UNRELIABLE Client 18
2024-12-01 23:52:27,144 INFO malicious_clients.py 18:: init UNRELIABLE Client 20
2024-12-01 23:52:27,161 INFO malicious_clients.py 73:: init ATTACK ADD NOISE TO GRAD Client 24
2024-12-01 23:52:27,166 INFO malicious_clients.py 73:: init ATTACK ADD NOISE TO GRAD Client 25
2024-12-01 23:52:27,170 INFO malicious_clients.py 73:: init ATTACK ADD NOISE TO GRAD Client 26
2024-12-01 23:52:27,226 INFO server.py 211:: [Server] Start testing
2024-12-01 23:52:27,243 INFO server.py 235:: [Server] Test set: Average loss: 1.3864, Accuracy: 50/200 (25.0%)

2024-12-01 23:52:27,244 INFO server.py 238:: [Sever] Confusion matrix:
 tensor([[50.,  0.,  0.,  0.],
        [50.,  0.,  0.,  0.],
        [50.,  0.,  0.,  0.],
        [50.,  0.,  0.,  0.]])
2024-12-01 23:52:27,253 INFO server.py 254:: [Server] Precision=[0.25  nan  nan  nan],
 Recall=[1. 0. 0. 0.],
 F1-score=[0.4 nan nan nan],
 my_accuracy=25.0[%]
2024-12-01 23:52:27,255 INFO _main.py 209:: ########EPOCH 0 ########
2024-12-01 23:52:27,255 INFO _main.py 210:: ###Model distribution###
2024-12-01 23:52:30,130 INFO server.py 1064:: clients' sizes=[1, 2, 1, 0, 0, 0, 2, 2, 0, 1, 0, 1, 2, 2, 2, 2, 1, 1, 2, 0, 1, 1, 1, 1, 1, 0, 1, 1, 1, 1, 2, 0, 2, 0, 1, 2, 1, 0, 2, 0], total=41
2024-12-01 23:52:30,149 INFO server.py 327:: [Server] The aggregation takes 0.288406 seconds.

2024-12-01 23:52:30,151 INFO server.py 211:: [Server] Start testing
2024-12-01 23:52:30,175 INFO server.py 235:: [Server] Test set: Average loss: 1.3313, Accuracy: 71/200 (35.5%)

2024-12-01 23:52:30,177 INFO server.py 238:: [Sever] Confusion matrix:
 tensor([[50.,  0.,  0.,  0.],
        [50.,  0.,  0.,  0.],
        [50.,  0.,  0.,  0.],
        [29.,  0.,  0., 21.]])
2024-12-01 23:52:30,181 INFO server.py 254:: [Server] Precision=[0.2793296       nan       nan 1.       ],
 Recall=[1.   0.   0.   0.42],
 F1-score=[0.43668124        nan        nan 0.5915493 ],
 my_accuracy=35.499998927116394[%]
2024-12-01 23:52:30,181 INFO _main.py 209:: ########EPOCH 1 ########
2024-12-01 23:52:30,182 INFO _main.py 210:: ###Model distribution###
2024-12-01 23:52:33,776 INFO server.py 1064:: clients' sizes=[1, 2, 1, 0, 0, 0, 2, 2, 0, 1, 0, 1, 2, 2, 2, 2, 1, 1, 2, 0, 1, 1, 1, 1, 1, 0, 1, 1, 1, 1, 2, 0, 2, 0, 1, 2, 1, 0, 2, 0], total=41
2024-12-01 23:52:33,794 INFO server.py 327:: [Server] The aggregation takes 0.369640 seconds.

2024-12-01 23:52:33,795 INFO server.py 211:: [Server] Start testing
2024-12-01 23:52:33,816 INFO server.py 235:: [Server] Test set: Average loss: 1.1994, Accuracy: 90/200 (45.0%)

2024-12-01 23:52:33,817 INFO server.py 238:: [Sever] Confusion matrix:
 tensor([[50.,  0.,  0.,  0.],
        [46.,  0.,  1.,  3.],
        [34.,  0.,  6., 10.],
        [ 9.,  0.,  7., 34.]])
2024-12-01 23:52:33,819 INFO server.py 254:: [Server] Precision=[0.35971224        nan 0.42857143 0.7234042 ],
 Recall=[1.   0.   0.12 0.68],
 F1-score=[0.52910054        nan 0.1875     0.7010309 ],
 my_accuracy=44.999998807907104[%]
2024-12-01 23:52:33,819 INFO _main.py 209:: ########EPOCH 2 ########
2024-12-01 23:52:33,820 INFO _main.py 210:: ###Model distribution###
2024-12-01 23:52:37,734 INFO server.py 1064:: clients' sizes=[1, 2, 1, 0, 0, 0, 2, 2, 0, 1, 0, 1, 2, 2, 2, 2, 1, 1, 2, 0, 1, 1, 1, 1, 1, 0, 1, 1, 1, 1, 2, 0, 2, 0, 1, 2, 1, 0, 2, 0], total=41
2024-12-01 23:52:37,746 INFO server.py 327:: [Server] The aggregation takes 0.253834 seconds.

2024-12-01 23:52:37,747 INFO server.py 211:: [Server] Start testing
2024-12-01 23:52:37,761 INFO server.py 235:: [Server] Test set: Average loss: 1.0688, Accuracy: 107/200 (53.5%)

2024-12-01 23:52:37,762 INFO server.py 238:: [Sever] Confusion matrix:
 tensor([[47.,  1.,  2.,  0.],
        [33., 11.,  3.,  3.],
        [18., 10., 13.,  9.],
        [ 6.,  1.,  7., 36.]])
2024-12-01 23:52:37,764 INFO server.py 254:: [Server] Precision=[0.45192307 0.47826087 0.52       0.75      ],
 Recall=[0.94 0.22 0.26 0.72],
 F1-score=[0.61038965 0.30136985 0.34666666 0.7346939 ],
 my_accuracy=53.50000262260437[%]
2024-12-01 23:52:37,764 INFO _main.py 209:: ########EPOCH 3 ########
2024-12-01 23:52:37,765 INFO _main.py 210:: ###Model distribution###
2024-12-01 23:52:40,677 INFO server.py 1064:: clients' sizes=[1, 2, 1, 0, 0, 0, 2, 2, 0, 1, 0, 1, 2, 2, 2, 2, 1, 1, 2, 0, 1, 1, 1, 1, 1, 0, 1, 1, 1, 1, 2, 0, 2, 0, 1, 2, 1, 0, 2, 0], total=41
2024-12-01 23:52:40,688 INFO server.py 327:: [Server] The aggregation takes 0.273786 seconds.

2024-12-01 23:52:40,689 INFO server.py 211:: [Server] Start testing
2024-12-01 23:52:40,707 INFO server.py 235:: [Server] Test set: Average loss: 0.9836, Accuracy: 121/200 (60.5%)

2024-12-01 23:52:40,709 INFO server.py 238:: [Sever] Confusion matrix:
 tensor([[46.,  2.,  2.,  0.],
        [20., 21.,  6.,  3.],
        [13., 14., 15.,  8.],
        [ 0.,  6.,  5., 39.]])
2024-12-01 23:52:40,710 INFO server.py 254:: [Server] Precision=[0.5822785  0.4883721  0.53571427 0.78      ],
 Recall=[0.92 0.42 0.3  0.78],
 F1-score=[0.7131783  0.45161292 0.3846154  0.7799999 ],
 my_accuracy=60.50000190734863[%]
2024-12-01 23:52:40,711 INFO _main.py 209:: ########EPOCH 4 ########
2024-12-01 23:52:40,712 INFO _main.py 210:: ###Model distribution###
2024-12-01 23:52:43,623 INFO server.py 1064:: clients' sizes=[1, 2, 1, 0, 0, 0, 2, 2, 0, 1, 0, 1, 2, 2, 2, 2, 1, 1, 2, 0, 1, 1, 1, 1, 1, 0, 1, 1, 1, 1, 2, 0, 2, 0, 1, 2, 1, 0, 2, 0], total=41
2024-12-01 23:52:43,633 INFO server.py 327:: [Server] The aggregation takes 0.249415 seconds.

2024-12-01 23:52:43,636 INFO server.py 211:: [Server] Start testing
2024-12-01 23:52:43,651 INFO server.py 235:: [Server] Test set: Average loss: 0.9405, Accuracy: 121/200 (60.5%)

2024-12-01 23:52:43,652 INFO server.py 238:: [Sever] Confusion matrix:
 tensor([[41.,  7.,  2.,  0.],
        [18., 23.,  7.,  2.],
        [10., 14., 18.,  8.],
        [ 0.,  6.,  5., 39.]])
2024-12-01 23:52:43,653 INFO server.py 254:: [Server] Precision=[0.5942029  0.46       0.5625     0.79591835],
 Recall=[0.82 0.46 0.36 0.78],
 F1-score=[0.6890756  0.46       0.43902442 0.78787875],
 my_accuracy=60.50000190734863[%]
2024-12-01 23:52:43,654 INFO _main.py 209:: ########EPOCH 5 ########
2024-12-01 23:52:43,654 INFO _main.py 210:: ###Model distribution###
2024-12-01 23:52:46,492 INFO server.py 1064:: clients' sizes=[1, 2, 1, 0, 0, 0, 2, 2, 0, 1, 0, 1, 2, 2, 2, 2, 1, 1, 2, 0, 1, 1, 1, 1, 1, 0, 1, 1, 1, 1, 2, 0, 2, 0, 1, 2, 1, 0, 2, 0], total=41
2024-12-01 23:52:46,503 INFO server.py 327:: [Server] The aggregation takes 0.248765 seconds.

2024-12-01 23:52:46,504 INFO server.py 211:: [Server] Start testing
2024-12-01 23:52:46,518 INFO server.py 235:: [Server] Test set: Average loss: 0.9115, Accuracy: 123/200 (61.5%)

2024-12-01 23:52:46,520 INFO server.py 238:: [Sever] Confusion matrix:
 tensor([[41.,  7.,  2.,  0.],
        [17., 22.,  9.,  2.],
        [ 8., 14., 21.,  7.],
        [ 0.,  6.,  5., 39.]])
2024-12-01 23:52:46,521 INFO server.py 254:: [Server] Precision=[0.6212121 0.4489796 0.5675676 0.8125   ],
 Recall=[0.82 0.44 0.42 0.78],
 F1-score=[0.7068965  0.44444445 0.48275864 0.79591835],
 my_accuracy=61.500000953674316[%]
2024-12-01 23:52:46,522 INFO _main.py 209:: ########EPOCH 6 ########
2024-12-01 23:52:46,522 INFO _main.py 210:: ###Model distribution###
2024-12-01 23:52:50,181 INFO server.py 1064:: clients' sizes=[1, 2, 1, 0, 0, 0, 2, 2, 0, 1, 0, 1, 2, 2, 2, 2, 1, 1, 2, 0, 1, 1, 1, 1, 1, 0, 1, 1, 1, 1, 2, 0, 2, 0, 1, 2, 1, 0, 2, 0], total=41
2024-12-01 23:52:50,198 INFO server.py 327:: [Server] The aggregation takes 0.376096 seconds.

2024-12-01 23:52:50,199 INFO server.py 211:: [Server] Start testing
2024-12-01 23:52:50,218 INFO server.py 235:: [Server] Test set: Average loss: 0.8978, Accuracy: 122/200 (61.0%)

2024-12-01 23:52:50,219 INFO server.py 238:: [Sever] Confusion matrix:
 tensor([[41.,  7.,  2.,  0.],
        [17., 22., 10.,  1.],
        [ 8., 13., 24.,  5.],
        [ 0.,  6.,  9., 35.]])
2024-12-01 23:52:50,221 INFO server.py 254:: [Server] Precision=[0.6212121  0.45833334 0.53333336 0.85365856],
 Recall=[0.82 0.44 0.48 0.7 ],
 F1-score=[0.7068965  0.44897962 0.5052632  0.76923084],
 my_accuracy=61.000001430511475[%]
2024-12-01 23:52:50,221 INFO _main.py 209:: ########EPOCH 7 ########
2024-12-01 23:52:50,222 INFO _main.py 210:: ###Model distribution###
2024-12-01 23:52:54,096 INFO server.py 1064:: clients' sizes=[1, 2, 1, 0, 0, 0, 2, 2, 0, 1, 0, 1, 2, 2, 2, 2, 1, 1, 2, 0, 1, 1, 1, 1, 1, 0, 1, 1, 1, 1, 2, 0, 2, 0, 1, 2, 1, 0, 2, 0], total=41
2024-12-01 23:52:54,106 INFO server.py 327:: [Server] The aggregation takes 0.251223 seconds.

2024-12-01 23:52:54,107 INFO server.py 211:: [Server] Start testing
2024-12-01 23:52:54,120 INFO server.py 235:: [Server] Test set: Average loss: 0.8730, Accuracy: 122/200 (61.0%)

2024-12-01 23:52:54,122 INFO server.py 238:: [Sever] Confusion matrix:
 tensor([[41.,  7.,  2.,  0.],
        [15., 23., 11.,  1.],
        [ 6., 15., 22.,  7.],
        [ 0.,  5.,  9., 36.]])
2024-12-01 23:52:54,123 INFO server.py 254:: [Server] Precision=[0.66129035 0.46       0.5        0.8181818 ],
 Recall=[0.82 0.46 0.44 0.72],
 F1-score=[0.73214287 0.46       0.4680851  0.76595753],
 my_accuracy=61.000001430511475[%]
2024-12-01 23:52:54,124 INFO _main.py 209:: ########EPOCH 8 ########
2024-12-01 23:52:54,124 INFO _main.py 210:: ###Model distribution###
2024-12-01 23:52:56,874 INFO server.py 1064:: clients' sizes=[1, 2, 1, 0, 0, 0, 2, 2, 0, 1, 0, 1, 2, 2, 2, 2, 1, 1, 2, 0, 1, 1, 1, 1, 1, 0, 1, 1, 1, 1, 2, 0, 2, 0, 1, 2, 1, 0, 2, 0], total=41
2024-12-01 23:52:56,884 INFO server.py 327:: [Server] The aggregation takes 0.256628 seconds.

2024-12-01 23:52:56,885 INFO server.py 211:: [Server] Start testing
2024-12-01 23:52:56,898 INFO server.py 235:: [Server] Test set: Average loss: 0.8575, Accuracy: 124/200 (62.0%)

2024-12-01 23:52:56,900 INFO server.py 238:: [Sever] Confusion matrix:
 tensor([[41.,  8.,  1.,  0.],
        [15., 24., 10.,  1.],
        [ 7., 16., 20.,  7.],
        [ 0.,  5.,  6., 39.]])
2024-12-01 23:52:56,901 INFO server.py 254:: [Server] Precision=[0.6507937  0.4528302  0.5405405  0.82978725],
 Recall=[0.82 0.48 0.4  0.78],
 F1-score=[0.7256637  0.4660194  0.45977008 0.8041237 ],
 my_accuracy=62.00000047683716[%]
2024-12-01 23:52:56,902 INFO _main.py 209:: ########EPOCH 9 ########
2024-12-01 23:52:56,904 INFO _main.py 210:: ###Model distribution###
2024-12-01 23:52:59,614 INFO server.py 1064:: clients' sizes=[1, 2, 1, 0, 0, 0, 2, 2, 0, 1, 0, 1, 2, 2, 2, 2, 1, 1, 2, 0, 1, 1, 1, 1, 1, 0, 1, 1, 1, 1, 2, 0, 2, 0, 1, 2, 1, 0, 2, 0], total=41
2024-12-01 23:52:59,625 INFO server.py 327:: [Server] The aggregation takes 0.249915 seconds.

2024-12-01 23:52:59,627 INFO server.py 211:: [Server] Start testing
2024-12-01 23:52:59,642 INFO server.py 235:: [Server] Test set: Average loss: 0.8534, Accuracy: 122/200 (61.0%)

2024-12-01 23:52:59,643 INFO server.py 238:: [Sever] Confusion matrix:
 tensor([[41.,  8.,  1.,  0.],
        [15., 23., 11.,  1.],
        [ 6., 17., 21.,  6.],
        [ 0.,  5.,  8., 37.]])
2024-12-01 23:52:59,645 INFO server.py 254:: [Server] Precision=[0.66129035 0.43396226 0.5121951  0.84090906],
 Recall=[0.82 0.46 0.42 0.74],
 F1-score=[0.73214287 0.44660196 0.46153846 0.78723407],
 my_accuracy=61.000001430511475[%]
2024-12-01 23:52:59,645 INFO _main.py 209:: ########EPOCH 10 ########
2024-12-01 23:52:59,645 INFO _main.py 210:: ###Model distribution###
2024-12-01 23:53:02,423 INFO server.py 1064:: clients' sizes=[1, 2, 1, 0, 0, 0, 2, 2, 0, 1, 0, 1, 2, 2, 2, 2, 1, 1, 2, 0, 1, 1, 1, 1, 1, 0, 1, 1, 1, 1, 2, 0, 2, 0, 1, 2, 1, 0, 2, 0], total=41
2024-12-01 23:53:02,433 INFO server.py 327:: [Server] The aggregation takes 0.248690 seconds.

2024-12-01 23:53:02,434 INFO server.py 211:: [Server] Start testing
2024-12-01 23:53:02,452 INFO server.py 235:: [Server] Test set: Average loss: 0.8386, Accuracy: 122/200 (61.0%)

2024-12-01 23:53:02,453 INFO server.py 238:: [Sever] Confusion matrix:
 tensor([[41.,  7.,  2.,  0.],
        [15., 22., 11.,  2.],
        [ 4., 17., 22.,  7.],
        [ 0.,  5.,  8., 37.]])
2024-12-01 23:53:02,455 INFO server.py 254:: [Server] Precision=[0.68333334 0.43137255 0.5116279  0.8043478 ],
 Recall=[0.82 0.44 0.44 0.74],
 F1-score=[0.7454545  0.43564355 0.47311828 0.7708334 ],
 my_accuracy=61.000001430511475[%]
2024-12-01 23:53:02,455 INFO _main.py 209:: ########EPOCH 11 ########
2024-12-01 23:53:02,456 INFO _main.py 210:: ###Model distribution###
2024-12-01 23:53:06,316 INFO server.py 1064:: clients' sizes=[1, 2, 1, 0, 0, 0, 2, 2, 0, 1, 0, 1, 2, 2, 2, 2, 1, 1, 2, 0, 1, 1, 1, 1, 1, 0, 1, 1, 1, 1, 2, 0, 2, 0, 1, 2, 1, 0, 2, 0], total=41
2024-12-01 23:53:06,337 INFO server.py 327:: [Server] The aggregation takes 0.382154 seconds.

2024-12-01 23:53:06,338 INFO server.py 211:: [Server] Start testing
2024-12-01 23:53:06,357 INFO server.py 235:: [Server] Test set: Average loss: 0.8220, Accuracy: 122/200 (61.0%)

2024-12-01 23:53:06,359 INFO server.py 238:: [Sever] Confusion matrix:
 tensor([[41.,  8.,  1.,  0.],
        [15., 23., 11.,  1.],
        [ 4., 18., 21.,  7.],
        [ 0.,  5.,  8., 37.]])
2024-12-01 23:53:06,360 INFO server.py 254:: [Server] Precision=[0.68333334 0.42592594 0.5121951  0.82222223],
 Recall=[0.82 0.46 0.42 0.74],
 F1-score=[0.7454545  0.4423077  0.46153846 0.77894735],
 my_accuracy=61.000001430511475[%]
2024-12-01 23:53:06,361 INFO _main.py 209:: ########EPOCH 12 ########
2024-12-01 23:53:06,361 INFO _main.py 210:: ###Model distribution###
2024-12-01 23:53:09,919 INFO server.py 1064:: clients' sizes=[1, 2, 1, 0, 0, 0, 2, 2, 0, 1, 0, 1, 2, 2, 2, 2, 1, 1, 2, 0, 1, 1, 1, 1, 1, 0, 1, 1, 1, 1, 2, 0, 2, 0, 1, 2, 1, 0, 2, 0], total=41
2024-12-01 23:53:09,929 INFO server.py 327:: [Server] The aggregation takes 0.250367 seconds.

2024-12-01 23:53:09,930 INFO server.py 211:: [Server] Start testing
2024-12-01 23:53:09,943 INFO server.py 235:: [Server] Test set: Average loss: 0.8109, Accuracy: 124/200 (62.0%)

2024-12-01 23:53:09,945 INFO server.py 238:: [Sever] Confusion matrix:
 tensor([[41.,  7.,  2.,  0.],
        [13., 22., 14.,  1.],
        [ 4., 16., 23.,  7.],
        [ 0.,  5.,  7., 38.]])
2024-12-01 23:53:09,946 INFO server.py 254:: [Server] Precision=[0.70689654 0.44       0.5        0.82608694],
 Recall=[0.82 0.44 0.46 0.76],
 F1-score=[0.7592593  0.44       0.47916666 0.7916667 ],
 my_accuracy=62.00000047683716[%]
2024-12-01 23:53:09,947 INFO _main.py 209:: ########EPOCH 13 ########
2024-12-01 23:53:09,947 INFO _main.py 210:: ###Model distribution###
2024-12-01 23:53:12,718 INFO server.py 1064:: clients' sizes=[1, 2, 1, 0, 0, 0, 2, 2, 0, 1, 0, 1, 2, 2, 2, 2, 1, 1, 2, 0, 1, 1, 1, 1, 1, 0, 1, 1, 1, 1, 2, 0, 2, 0, 1, 2, 1, 0, 2, 0], total=41
2024-12-01 23:53:12,728 INFO server.py 327:: [Server] The aggregation takes 0.260584 seconds.

2024-12-01 23:53:12,729 INFO server.py 211:: [Server] Start testing
2024-12-01 23:53:12,743 INFO server.py 235:: [Server] Test set: Average loss: 0.7985, Accuracy: 124/200 (62.0%)

2024-12-01 23:53:12,745 INFO server.py 238:: [Sever] Confusion matrix:
 tensor([[40.,  8.,  2.,  0.],
        [14., 23., 12.,  1.],
        [ 4., 16., 22.,  8.],
        [ 0.,  4.,  7., 39.]])
2024-12-01 23:53:12,746 INFO server.py 254:: [Server] Precision=[0.6896552 0.4509804 0.5116279 0.8125   ],
 Recall=[0.8  0.46 0.44 0.78],
 F1-score=[0.7407407  0.45544556 0.47311828 0.79591835],
 my_accuracy=62.00000047683716[%]
2024-12-01 23:53:12,747 INFO _main.py 209:: ########EPOCH 14 ########
2024-12-01 23:53:12,747 INFO _main.py 210:: ###Model distribution###
2024-12-01 23:53:15,621 INFO server.py 1064:: clients' sizes=[1, 2, 1, 0, 0, 0, 2, 2, 0, 1, 0, 1, 2, 2, 2, 2, 1, 1, 2, 0, 1, 1, 1, 1, 1, 0, 1, 1, 1, 1, 2, 0, 2, 0, 1, 2, 1, 0, 2, 0], total=41
2024-12-01 23:53:15,631 INFO server.py 327:: [Server] The aggregation takes 0.255769 seconds.

2024-12-01 23:53:15,632 INFO server.py 211:: [Server] Start testing
2024-12-01 23:53:15,645 INFO server.py 235:: [Server] Test set: Average loss: 0.7858, Accuracy: 127/200 (63.5%)

2024-12-01 23:53:15,647 INFO server.py 238:: [Sever] Confusion matrix:
 tensor([[41.,  7.,  2.,  0.],
        [14., 24., 11.,  1.],
        [ 4., 15., 23.,  8.],
        [ 0.,  4.,  7., 39.]])
2024-12-01 23:53:15,648 INFO server.py 254:: [Server] Precision=[0.69491524 0.48       0.53488374 0.8125    ],
 Recall=[0.82 0.48 0.46 0.78],
 F1-score=[0.7522935  0.48       0.49462366 0.79591835],
 my_accuracy=63.499999046325684[%]
2024-12-01 23:53:15,648 INFO _main.py 209:: ########EPOCH 15 ########
2024-12-01 23:53:15,649 INFO _main.py 210:: ###Model distribution###
2024-12-01 23:53:18,394 INFO server.py 1064:: clients' sizes=[1, 2, 1, 0, 0, 0, 2, 2, 0, 1, 0, 1, 2, 2, 2, 2, 1, 1, 2, 0, 1, 1, 1, 1, 1, 0, 1, 1, 1, 1, 2, 0, 2, 0, 1, 2, 1, 0, 2, 0], total=41
2024-12-01 23:53:18,404 INFO server.py 327:: [Server] The aggregation takes 0.249473 seconds.

2024-12-01 23:53:18,405 INFO server.py 211:: [Server] Start testing
2024-12-01 23:53:18,422 INFO server.py 235:: [Server] Test set: Average loss: 0.7791, Accuracy: 128/200 (64.0%)

2024-12-01 23:53:18,424 INFO server.py 238:: [Sever] Confusion matrix:
 tensor([[41.,  7.,  2.,  0.],
        [14., 24., 11.,  1.],
        [ 4., 15., 25.,  6.],
        [ 0.,  4.,  8., 38.]])
2024-12-01 23:53:18,425 INFO server.py 254:: [Server] Precision=[0.69491524 0.48       0.54347825 0.84444445],
 Recall=[0.82 0.48 0.5  0.76],
 F1-score=[0.7522935  0.48       0.5208333  0.79999995],
 my_accuracy=63.999998569488525[%]
2024-12-01 23:53:18,425 INFO _main.py 209:: ########EPOCH 16 ########
2024-12-01 23:53:18,426 INFO _main.py 210:: ###Model distribution###
2024-12-01 23:53:22,122 INFO server.py 1064:: clients' sizes=[1, 2, 1, 0, 0, 0, 2, 2, 0, 1, 0, 1, 2, 2, 2, 2, 1, 1, 2, 0, 1, 1, 1, 1, 1, 0, 1, 1, 1, 1, 2, 0, 2, 0, 1, 2, 1, 0, 2, 0], total=41
2024-12-01 23:53:22,138 INFO server.py 327:: [Server] The aggregation takes 0.380701 seconds.

2024-12-01 23:53:22,139 INFO server.py 211:: [Server] Start testing
2024-12-01 23:53:22,160 INFO server.py 235:: [Server] Test set: Average loss: 0.7695, Accuracy: 126/200 (63.0%)

2024-12-01 23:53:22,161 INFO server.py 238:: [Sever] Confusion matrix:
 tensor([[39.,  9.,  2.,  0.],
        [13., 25., 11.,  1.],
        [ 5., 14., 24.,  7.],
        [ 0.,  4.,  8., 38.]])
2024-12-01 23:53:22,163 INFO server.py 254:: [Server] Precision=[0.68421054 0.48076922 0.53333336 0.82608694],
 Recall=[0.78 0.5  0.48 0.76],
 F1-score=[0.72897196 0.49019608 0.5052632  0.7916667 ],
 my_accuracy=62.99999952316284[%]
2024-12-01 23:53:22,163 INFO _main.py 209:: ########EPOCH 17 ########
2024-12-01 23:53:22,164 INFO _main.py 210:: ###Model distribution###
2024-12-01 23:53:25,896 INFO server.py 1064:: clients' sizes=[1, 2, 1, 0, 0, 0, 2, 2, 0, 1, 0, 1, 2, 2, 2, 2, 1, 1, 2, 0, 1, 1, 1, 1, 1, 0, 1, 1, 1, 1, 2, 0, 2, 0, 1, 2, 1, 0, 2, 0], total=41
2024-12-01 23:53:25,907 INFO server.py 327:: [Server] The aggregation takes 0.252727 seconds.

2024-12-01 23:53:25,908 INFO server.py 211:: [Server] Start testing
2024-12-01 23:53:25,925 INFO server.py 235:: [Server] Test set: Average loss: 0.7517, Accuracy: 127/200 (63.5%)

2024-12-01 23:53:25,926 INFO server.py 238:: [Sever] Confusion matrix:
 tensor([[39.,  9.,  2.,  0.],
        [12., 25., 12.,  1.],
        [ 5., 13., 24.,  8.],
        [ 0.,  3.,  8., 39.]])
2024-12-01 23:53:25,927 INFO server.py 254:: [Server] Precision=[0.6964286 0.5       0.5217391 0.8125   ],
 Recall=[0.78 0.5  0.48 0.78],
 F1-score=[0.7358491  0.5        0.5        0.79591835],
 my_accuracy=63.499999046325684[%]
2024-12-01 23:53:25,928 INFO _main.py 209:: ########EPOCH 18 ########
2024-12-01 23:53:25,928 INFO _main.py 210:: ###Model distribution###
2024-12-01 23:53:28,746 INFO server.py 1064:: clients' sizes=[1, 2, 1, 0, 0, 0, 2, 2, 0, 1, 0, 1, 2, 2, 2, 2, 1, 1, 2, 0, 1, 1, 1, 1, 1, 0, 1, 1, 1, 1, 2, 0, 2, 0, 1, 2, 1, 0, 2, 0], total=41
2024-12-01 23:53:28,756 INFO server.py 327:: [Server] The aggregation takes 0.251096 seconds.

2024-12-01 23:53:28,757 INFO server.py 211:: [Server] Start testing
2024-12-01 23:53:28,776 INFO server.py 235:: [Server] Test set: Average loss: 0.7422, Accuracy: 128/200 (64.0%)

2024-12-01 23:53:28,778 INFO server.py 238:: [Sever] Confusion matrix:
 tensor([[39.,  9.,  2.,  0.],
        [12., 24., 13.,  1.],
        [ 3., 13., 26.,  8.],
        [ 0.,  2.,  9., 39.]])
2024-12-01 23:53:28,779 INFO server.py 254:: [Server] Precision=[0.7222222 0.5       0.52      0.8125   ],
 Recall=[0.78 0.48 0.52 0.78],
 F1-score=[0.74999994 0.4897959  0.52       0.79591835],
 my_accuracy=63.999998569488525[%]
2024-12-01 23:53:28,780 INFO _main.py 209:: ########EPOCH 19 ########
2024-12-01 23:53:28,780 INFO _main.py 210:: ###Model distribution###
2024-12-01 23:53:31,612 INFO server.py 1064:: clients' sizes=[1, 2, 1, 0, 0, 0, 2, 2, 0, 1, 0, 1, 2, 2, 2, 2, 1, 1, 2, 0, 1, 1, 1, 1, 1, 0, 1, 1, 1, 1, 2, 0, 2, 0, 1, 2, 1, 0, 2, 0], total=41
2024-12-01 23:53:31,621 INFO server.py 327:: [Server] The aggregation takes 0.246027 seconds.

2024-12-01 23:53:31,622 INFO server.py 211:: [Server] Start testing
2024-12-01 23:53:31,636 INFO server.py 235:: [Server] Test set: Average loss: 0.7371, Accuracy: 127/200 (63.5%)

2024-12-01 23:53:31,637 INFO server.py 238:: [Sever] Confusion matrix:
 tensor([[39.,  9.,  2.,  0.],
        [12., 24., 13.,  1.],
        [ 6.,  9., 27.,  8.],
        [ 0.,  2., 11., 37.]])
2024-12-01 23:53:31,639 INFO server.py 254:: [Server] Precision=[0.68421054 0.54545456 0.509434   0.8043478 ],
 Recall=[0.78 0.48 0.54 0.74],
 F1-score=[0.72897196 0.5106383  0.5242719  0.7708334 ],
 my_accuracy=63.499999046325684[%]
