2024-12-01 23:24:27,767 INFO _main.py 39:: ################################################################
2024-12-01 23:24:27,769 INFO _main.py 41:: #                              batch_size: 64                  #
2024-12-01 23:24:27,770 INFO _main.py 41:: #                         test_batch_size: 32                  #
2024-12-01 23:24:27,772 INFO _main.py 41:: #                                  epochs: 10                  #
2024-12-01 23:24:27,773 INFO _main.py 41:: #                               optimizer: SGD                 #
2024-12-01 23:24:27,773 INFO _main.py 41:: #                                      lr: 0.01                #
2024-12-01 23:24:27,773 INFO _main.py 41:: #                                momentum: 0.9                 #
2024-12-01 23:24:27,773 INFO _main.py 41:: #                            weight_decay: 0.0001              #
2024-12-01 23:24:27,774 INFO _main.py 41:: #                                    seed: 1                   #
2024-12-01 23:24:27,774 INFO _main.py 41:: #                            log_interval: 11                  #
2024-12-01 23:24:27,774 INFO _main.py 41:: #                             num_clients: 40                  #
2024-12-01 23:24:27,774 INFO _main.py 41:: #                           output_folder: experiments         #
2024-12-01 23:24:27,774 INFO _main.py 41:: #                                 dataset: rockburst           #
2024-12-01 23:24:27,775 INFO _main.py 41:: #                             loader_type: dirichlet           #
2024-12-01 23:24:27,775 INFO _main.py 41:: #                             loader_path: ./data/loader.pk    #
2024-12-01 23:24:27,775 INFO _main.py 41:: #                                      AR: my_hog              #
2024-12-01 23:24:27,775 INFO _main.py 41:: #                     n_attacker_backdoor: 0                   #
2024-12-01 23:24:27,775 INFO _main.py 41:: #                        backdoor_trigger: [0, 0, 1, 1]        #
2024-12-01 23:24:27,776 INFO _main.py 41:: #                   n_attacker_omniscient: 0                   #
2024-12-01 23:24:27,776 INFO _main.py 41:: #                        omniscient_scale: 1                   #
2024-12-01 23:24:27,776 INFO _main.py 41:: #                                 attacks: None                #
2024-12-01 23:24:27,776 INFO _main.py 41:: #                      save_model_weights: False               #
2024-12-01 23:24:27,776 INFO _main.py 41:: #                         experiment_name: sExp4Ba_40ep_rockburst_my_hog_40C_5#
2024-12-01 23:24:27,776 INFO _main.py 41:: #                          path_to_aggNet: None                #
2024-12-01 23:24:27,777 INFO _main.py 41:: #                                  device: cpu                 #
2024-12-01 23:24:27,777 INFO _main.py 41:: #                            inner_epochs: 20                  #
2024-12-01 23:24:27,778 INFO _main.py 41:: #                                 verbose: True                #
2024-12-01 23:24:27,778 INFO _main.py 41:: #                         list_unreliable: [2, 18, 20]         #
2024-12-01 23:24:27,778 INFO _main.py 41:: #                     unreliable_fraction: 0.5                 #
2024-12-01 23:24:27,778 INFO _main.py 41:: #                    unreliable_fracTrain: 0.3                 #
2024-12-01 23:24:27,779 INFO _main.py 41:: #                         mean_unreliable: 0.0                 #
2024-12-01 23:24:27,779 INFO _main.py 41:: #                             blur_method: add_noise           #
2024-12-01 23:24:27,779 INFO _main.py 41:: #                      max_std_unreliable: 30.0                #
2024-12-01 23:24:27,779 INFO _main.py 41:: #                     list_uatk_add_noise: [24, 25, 26]        #
2024-12-01 23:24:27,780 INFO _main.py 41:: #                          mean_add_noise: 0.0                 #
2024-12-01 23:24:27,780 INFO _main.py 41:: #                           std_add_noise: 0.01                #
2024-12-01 23:24:27,780 INFO _main.py 41:: #                     list_uatk_flip_sign: [0, 10, 11]         #
2024-12-01 23:24:27,780 INFO _main.py 42:: ################################################################
2024-12-01 23:24:27,780 INFO _main.py 43:: Namespace(batch_size=64, test_batch_size=32, epochs=10, optimizer='SGD', lr=0.01, momentum=0.9, weight_decay=0.0001, seed=1, log_interval=11, num_clients=40, output_folder='experiments', dataset='rockburst', loader_type='dirichlet', loader_path='./data/loader.pk', AR='my_hog', n_attacker_backdoor=0, backdoor_trigger=[0, 0, 1, 1], n_attacker_omniscient=0, omniscient_scale=1, attacks=None, save_model_weights=False, experiment_name='sExp4Ba_40ep_rockburst_my_hog_40C_5', path_to_aggNet=None, device='cpu', inner_epochs=20, verbose=True, list_unreliable=[2, 18, 20], unreliable_fraction=0.5, unreliable_fracTrain=0.3, mean_unreliable=0.0, blur_method='add_noise', max_std_unreliable=30.0, list_uatk_add_noise=[24, 25, 26], mean_add_noise=0.0, std_add_noise=0.01, list_uatk_flip_sign=[0, 10, 11])
2024-12-01 23:24:27,781 INFO _main.py 44:: #####################
2024-12-01 23:24:27,781 INFO _main.py 45:: #####################
2024-12-01 23:24:27,781 INFO _main.py 46:: #####################
2024-12-01 23:24:27,781 INFO _main.py 47:: Aggregation Rule:	my_hog
2024-12-01 23:24:27,781 INFO _main.py 48:: Data distribution:	dirichlet
2024-12-01 23:24:27,782 INFO _main.py 49:: Attacks:	None 
2024-12-01 23:24:27,782 INFO _main.py 50:: #####################
2024-12-01 23:24:27,782 INFO _main.py 51:: #####################
2024-12-01 23:24:27,782 INFO _main.py 52:: #####################
2024-12-01 23:24:29,356 INFO server.py 366:: SET DBSCAN eps=1.3, min_samples=10
2024-12-01 23:24:29,360 INFO _main.py 135:: [1-normal, 0-malicious] label =tensor([0., 1., 1., 1., 1., 1., 1., 1., 1., 1., 0., 0., 1., 1., 1., 1., 1., 1.,
        1., 1., 1., 1., 1., 1., 0., 0., 0., 1., 1., 1., 1., 1., 1., 1., 1., 1.,
        1., 1., 1., 1.])
2024-12-01 23:24:29,365 INFO malicious_clients.py 123:: init ATTACK OMNISCIENT Client 0
2024-12-01 23:24:29,371 INFO malicious_clients.py 18:: init UNRELIABLE Client 2
2024-12-01 23:24:29,402 INFO malicious_clients.py 123:: init ATTACK OMNISCIENT Client 10
2024-12-01 23:24:29,406 INFO malicious_clients.py 123:: init ATTACK OMNISCIENT Client 11
2024-12-01 23:24:29,429 INFO malicious_clients.py 18:: init UNRELIABLE Client 18
2024-12-01 23:24:29,437 INFO malicious_clients.py 18:: init UNRELIABLE Client 20
2024-12-01 23:24:29,456 INFO malicious_clients.py 73:: init ATTACK ADD NOISE TO GRAD Client 24
2024-12-01 23:24:29,460 INFO malicious_clients.py 73:: init ATTACK ADD NOISE TO GRAD Client 25
2024-12-01 23:24:29,463 INFO malicious_clients.py 73:: init ATTACK ADD NOISE TO GRAD Client 26
2024-12-01 23:24:29,514 INFO server.py 211:: [Server] Start testing
2024-12-01 23:24:29,531 INFO server.py 235:: [Server] Test set: Average loss: 1.3864, Accuracy: 50/200 (25.0%)

2024-12-01 23:24:29,533 INFO server.py 238:: [Sever] Confusion matrix:
 tensor([[50.,  0.,  0.,  0.],
        [50.,  0.,  0.,  0.],
        [50.,  0.,  0.,  0.],
        [50.,  0.,  0.,  0.]])
2024-12-01 23:24:29,541 INFO server.py 254:: [Server] Precision=[0.25  nan  nan  nan],
 Recall=[1. 0. 0. 0.],
 F1-score=[0.4 nan nan nan],
 my_accuracy=25.0[%]
2024-12-01 23:24:29,543 INFO _main.py 209:: ########EPOCH 0 ########
2024-12-01 23:24:29,544 INFO _main.py 210:: ###Model distribution###
2024-12-01 23:24:35,106 INFO server.py 1064:: clients' sizes=[1, 2, 1, 0, 0, 0, 2, 2, 0, 1, 0, 1, 2, 2, 2, 2, 1, 1, 2, 0, 1, 1, 1, 1, 1, 0, 1, 1, 1, 1, 2, 0, 2, 0, 1, 2, 1, 0, 2, 0], total=41
2024-12-01 23:24:35,119 INFO server.py 327:: [Server] The aggregation takes 3.764876 seconds.

2024-12-01 23:24:35,120 INFO server.py 211:: [Server] Start testing
2024-12-01 23:24:35,134 INFO server.py 235:: [Server] Test set: Average loss: 1.3586, Accuracy: 63/200 (31.5%)

2024-12-01 23:24:35,136 INFO server.py 238:: [Sever] Confusion matrix:
 tensor([[50.,  0.,  0.,  0.],
        [50.,  0.,  0.,  0.],
        [50.,  0.,  0.,  0.],
        [37.,  0.,  0., 13.]])
2024-12-01 23:24:35,137 INFO server.py 254:: [Server] Precision=[0.26737967        nan        nan 1.        ],
 Recall=[1.   0.   0.   0.26],
 F1-score=[0.42194092        nan        nan 0.4126984 ],
 my_accuracy=31.49999976158142[%]
2024-12-01 23:24:35,138 INFO _main.py 209:: ########EPOCH 1 ########
2024-12-01 23:24:35,139 INFO _main.py 210:: ###Model distribution###
2024-12-01 23:24:40,701 INFO server.py 1064:: clients' sizes=[1, 2, 1, 0, 0, 0, 2, 2, 0, 1, 0, 1, 2, 2, 2, 2, 1, 1, 2, 0, 1, 1, 1, 1, 1, 0, 1, 1, 1, 1, 2, 0, 2, 0, 1, 2, 1, 0, 2, 0], total=41
2024-12-01 23:24:40,719 INFO server.py 327:: [Server] The aggregation takes 3.698198 seconds.

2024-12-01 23:24:40,720 INFO server.py 211:: [Server] Start testing
2024-12-01 23:24:40,744 INFO server.py 235:: [Server] Test set: Average loss: 1.2927, Accuracy: 80/200 (40.0%)

2024-12-01 23:24:40,745 INFO server.py 238:: [Sever] Confusion matrix:
 tensor([[50.,  0.,  0.,  0.],
        [48.,  0.,  0.,  2.],
        [47.,  0.,  0.,  3.],
        [20.,  0.,  0., 30.]])
2024-12-01 23:24:40,747 INFO server.py 254:: [Server] Precision=[0.3030303         nan        nan 0.85714287],
 Recall=[1.  0.  0.  0.6],
 F1-score=[0.46511632        nan        nan 0.70588243],
 my_accuracy=40.00000059604645[%]
2024-12-01 23:24:40,748 INFO _main.py 209:: ########EPOCH 2 ########
2024-12-01 23:24:40,749 INFO _main.py 210:: ###Model distribution###
2024-12-01 23:24:46,789 INFO server.py 1064:: clients' sizes=[1, 2, 1, 0, 0, 0, 2, 2, 0, 1, 0, 1, 2, 2, 2, 2, 1, 1, 2, 0, 1, 1, 1, 1, 1, 0, 1, 1, 1, 1, 2, 0, 2, 0, 1, 2, 1, 0, 2, 0], total=41
2024-12-01 23:24:46,800 INFO server.py 327:: [Server] The aggregation takes 3.679651 seconds.

2024-12-01 23:24:46,801 INFO server.py 211:: [Server] Start testing
2024-12-01 23:24:46,817 INFO server.py 235:: [Server] Test set: Average loss: 1.1963, Accuracy: 89/200 (44.5%)

2024-12-01 23:24:46,818 INFO server.py 238:: [Sever] Confusion matrix:
 tensor([[50.,  0.,  0.,  0.],
        [46.,  0.,  1.,  3.],
        [34.,  0.,  4., 12.],
        [ 9.,  0.,  6., 35.]])
2024-12-01 23:24:46,819 INFO server.py 254:: [Server] Precision=[0.35971224        nan 0.36363637 0.7       ],
 Recall=[1.   0.   0.08 0.7 ],
 F1-score=[0.52910054        nan 0.13114755 0.7       ],
 my_accuracy=44.49999928474426[%]
2024-12-01 23:24:46,820 INFO _main.py 209:: ########EPOCH 3 ########
2024-12-01 23:24:46,820 INFO _main.py 210:: ###Model distribution###
2024-12-01 23:24:52,801 INFO server.py 1064:: clients' sizes=[1, 2, 1, 0, 0, 0, 2, 2, 0, 1, 0, 1, 2, 2, 2, 2, 1, 1, 2, 0, 1, 1, 1, 1, 1, 0, 1, 1, 1, 1, 2, 0, 2, 0, 1, 2, 1, 0, 2, 0], total=41
2024-12-01 23:24:52,819 INFO server.py 327:: [Server] The aggregation takes 4.139109 seconds.

2024-12-01 23:24:52,820 INFO server.py 211:: [Server] Start testing
2024-12-01 23:24:52,844 INFO server.py 235:: [Server] Test set: Average loss: 1.1059, Accuracy: 100/200 (50.0%)

2024-12-01 23:24:52,847 INFO server.py 238:: [Sever] Confusion matrix:
 tensor([[47.,  1.,  2.,  0.],
        [37.,  7.,  3.,  3.],
        [24.,  5., 10., 11.],
        [ 8.,  0.,  6., 36.]])
2024-12-01 23:24:52,850 INFO server.py 254:: [Server] Precision=[0.4051724  0.53846157 0.47619048 0.72      ],
 Recall=[0.94 0.14 0.2  0.72],
 F1-score=[0.56626505 0.22222222 0.28169015 0.71999997],
 my_accuracy=50.0[%]
2024-12-01 23:24:52,851 INFO _main.py 209:: ########EPOCH 4 ########
2024-12-01 23:24:52,852 INFO _main.py 210:: ###Model distribution###
2024-12-01 23:24:59,636 INFO server.py 1064:: clients' sizes=[1, 2, 1, 0, 0, 0, 2, 2, 0, 1, 0, 1, 2, 2, 2, 2, 1, 1, 2, 0, 1, 1, 1, 1, 1, 0, 1, 1, 1, 1, 2, 0, 2, 0, 1, 2, 1, 0, 2, 0], total=41
2024-12-01 23:24:59,648 INFO server.py 327:: [Server] The aggregation takes 3.939111 seconds.

2024-12-01 23:24:59,649 INFO server.py 211:: [Server] Start testing
2024-12-01 23:24:59,663 INFO server.py 235:: [Server] Test set: Average loss: 1.0325, Accuracy: 113/200 (56.5%)

2024-12-01 23:24:59,664 INFO server.py 238:: [Sever] Confusion matrix:
 tensor([[47.,  1.,  2.,  0.],
        [27., 17.,  3.,  3.],
        [18.,  9., 13., 10.],
        [ 3.,  3.,  8., 36.]])
2024-12-01 23:24:59,666 INFO server.py 254:: [Server] Precision=[0.49473685 0.56666666 0.5        0.7346939 ],
 Recall=[0.94 0.34 0.26 0.72],
 F1-score=[0.64827585 0.425      0.34210527 0.72727275],
 my_accuracy=56.49999976158142[%]
2024-12-01 23:24:59,666 INFO _main.py 209:: ########EPOCH 5 ########
2024-12-01 23:24:59,667 INFO _main.py 210:: ###Model distribution###
2024-12-01 23:25:05,266 INFO server.py 1064:: clients' sizes=[1, 2, 1, 0, 0, 0, 2, 2, 0, 1, 0, 1, 2, 2, 2, 2, 1, 1, 2, 0, 1, 1, 1, 1, 1, 0, 1, 1, 1, 1, 2, 0, 2, 0, 1, 2, 1, 0, 2, 0], total=41
2024-12-01 23:25:05,278 INFO server.py 327:: [Server] The aggregation takes 3.764823 seconds.

2024-12-01 23:25:05,279 INFO server.py 211:: [Server] Start testing
2024-12-01 23:25:05,295 INFO server.py 235:: [Server] Test set: Average loss: 0.9828, Accuracy: 124/200 (62.0%)

2024-12-01 23:25:05,296 INFO server.py 238:: [Sever] Confusion matrix:
 tensor([[47.,  1.,  2.,  0.],
        [20., 21.,  6.,  3.],
        [12., 12., 19.,  7.],
        [ 1.,  5.,  7., 37.]])
2024-12-01 23:25:05,298 INFO server.py 254:: [Server] Precision=[0.5875     0.53846157 0.5588235  0.78723407],
 Recall=[0.94 0.42 0.38 0.74],
 F1-score=[0.72307694 0.47191012 0.45238093 0.7628866 ],
 my_accuracy=62.00000047683716[%]
2024-12-01 23:25:05,298 INFO _main.py 209:: ########EPOCH 6 ########
2024-12-01 23:25:05,299 INFO _main.py 210:: ###Model distribution###
2024-12-01 23:25:10,524 INFO server.py 1064:: clients' sizes=[1, 2, 1, 0, 0, 0, 2, 2, 0, 1, 0, 1, 2, 2, 2, 2, 1, 1, 2, 0, 1, 1, 1, 1, 1, 0, 1, 1, 1, 1, 2, 0, 2, 0, 1, 2, 1, 0, 2, 0], total=41
2024-12-01 23:25:10,544 INFO server.py 327:: [Server] The aggregation takes 3.354964 seconds.

2024-12-01 23:25:10,545 INFO server.py 211:: [Server] Start testing
2024-12-01 23:25:10,565 INFO server.py 235:: [Server] Test set: Average loss: 0.9526, Accuracy: 119/200 (59.5%)

2024-12-01 23:25:10,567 INFO server.py 238:: [Sever] Confusion matrix:
 tensor([[41.,  7.,  2.,  0.],
        [20., 17., 10.,  3.],
        [10., 11., 22.,  7.],
        [ 0.,  6.,  5., 39.]])
2024-12-01 23:25:10,568 INFO server.py 254:: [Server] Precision=[0.57746476 0.41463414 0.5641026  0.79591835],
 Recall=[0.82 0.34 0.44 0.78],
 F1-score=[0.677686   0.37362638 0.49438202 0.78787875],
 my_accuracy=59.50000286102295[%]
2024-12-01 23:25:10,569 INFO _main.py 209:: ########EPOCH 7 ########
2024-12-01 23:25:10,570 INFO _main.py 210:: ###Model distribution###
2024-12-01 23:25:16,537 INFO server.py 1064:: clients' sizes=[1, 2, 1, 0, 0, 0, 2, 2, 0, 1, 0, 1, 2, 2, 2, 2, 1, 1, 2, 0, 1, 1, 1, 1, 1, 0, 1, 1, 1, 1, 2, 0, 2, 0, 1, 2, 1, 0, 2, 0], total=41
2024-12-01 23:25:16,548 INFO server.py 327:: [Server] The aggregation takes 3.720878 seconds.

2024-12-01 23:25:16,549 INFO server.py 211:: [Server] Start testing
2024-12-01 23:25:16,564 INFO server.py 235:: [Server] Test set: Average loss: 0.9363, Accuracy: 120/200 (60.0%)

2024-12-01 23:25:16,565 INFO server.py 238:: [Sever] Confusion matrix:
 tensor([[41.,  7.,  2.,  0.],
        [19., 22.,  7.,  2.],
        [ 9., 14., 20.,  7.],
        [ 0.,  6.,  7., 37.]])
2024-12-01 23:25:16,566 INFO server.py 254:: [Server] Precision=[0.5942029 0.4489796 0.5555556 0.8043478],
 Recall=[0.82 0.44 0.4  0.74],
 F1-score=[0.6890756  0.44444445 0.46511632 0.7708334 ],
 my_accuracy=60.00000238418579[%]
2024-12-01 23:25:16,567 INFO _main.py 209:: ########EPOCH 8 ########
2024-12-01 23:25:16,567 INFO _main.py 210:: ###Model distribution###
2024-12-01 23:25:22,176 INFO server.py 1064:: clients' sizes=[1, 2, 1, 0, 0, 0, 2, 2, 0, 1, 0, 1, 2, 2, 2, 2, 1, 1, 2, 0, 1, 1, 1, 1, 1, 0, 1, 1, 1, 1, 2, 0, 2, 0, 1, 2, 1, 0, 2, 0], total=41
2024-12-01 23:25:22,193 INFO server.py 327:: [Server] The aggregation takes 3.756336 seconds.

2024-12-01 23:25:22,195 INFO server.py 211:: [Server] Start testing
2024-12-01 23:25:22,215 INFO server.py 235:: [Server] Test set: Average loss: 0.9106, Accuracy: 120/200 (60.0%)

2024-12-01 23:25:22,216 INFO server.py 238:: [Sever] Confusion matrix:
 tensor([[41.,  7.,  2.,  0.],
        [18., 20.,  9.,  3.],
        [ 8., 13., 20.,  9.],
        [ 0.,  6.,  5., 39.]])
2024-12-01 23:25:22,218 INFO server.py 254:: [Server] Precision=[0.6119403 0.4347826 0.5555556 0.7647059],
 Recall=[0.82 0.4  0.4  0.78],
 F1-score=[0.7008547  0.4166667  0.46511632 0.77227724],
 my_accuracy=60.00000238418579[%]
2024-12-01 23:25:22,219 INFO _main.py 209:: ########EPOCH 9 ########
2024-12-01 23:25:22,220 INFO _main.py 210:: ###Model distribution###
2024-12-01 23:25:28,892 INFO server.py 1064:: clients' sizes=[1, 2, 1, 0, 0, 0, 2, 2, 0, 1, 0, 1, 2, 2, 2, 2, 1, 1, 2, 0, 1, 1, 1, 1, 1, 0, 1, 1, 1, 1, 2, 0, 2, 0, 1, 2, 1, 0, 2, 0], total=41
2024-12-01 23:25:28,909 INFO server.py 327:: [Server] The aggregation takes 3.772947 seconds.

2024-12-01 23:25:28,910 INFO server.py 211:: [Server] Start testing
2024-12-01 23:25:28,925 INFO server.py 235:: [Server] Test set: Average loss: 0.8901, Accuracy: 119/200 (59.5%)

2024-12-01 23:25:28,926 INFO server.py 238:: [Sever] Confusion matrix:
 tensor([[41.,  7.,  2.,  0.],
        [16., 21., 10.,  3.],
        [ 8., 12., 18., 12.],
        [ 0.,  5.,  6., 39.]])
2024-12-01 23:25:28,928 INFO server.py 254:: [Server] Precision=[0.63076925 0.46666667 0.5        0.7222222 ],
 Recall=[0.82 0.42 0.36 0.78],
 F1-score=[0.7130436  0.44210526 0.41860467 0.74999994],
 my_accuracy=59.50000286102295[%]
