2024-12-02 01:54:16,435 INFO _main.py 39:: ################################################################
2024-12-02 01:54:16,450 INFO _main.py 41:: #                              batch_size: 64                  #
2024-12-02 01:54:16,455 INFO _main.py 41:: #                         test_batch_size: 32                  #
2024-12-02 01:54:16,459 INFO _main.py 41:: #                                  epochs: 4                   #
2024-12-02 01:54:16,459 INFO _main.py 41:: #                               optimizer: SGD                 #
2024-12-02 01:54:16,460 INFO _main.py 41:: #                                      lr: 0.01                #
2024-12-02 01:54:16,460 INFO _main.py 41:: #                                momentum: 0.9                 #
2024-12-02 01:54:16,460 INFO _main.py 41:: #                            weight_decay: 0.0001              #
2024-12-02 01:54:16,461 INFO _main.py 41:: #                                    seed: 1                   #
2024-12-02 01:54:16,461 INFO _main.py 41:: #                            log_interval: 11                  #
2024-12-02 01:54:16,461 INFO _main.py 41:: #                             num_clients: 40                  #
2024-12-02 01:54:16,461 INFO _main.py 41:: #                           output_folder: experiments         #
2024-12-02 01:54:16,462 INFO _main.py 41:: #                                 dataset: rockburst           #
2024-12-02 01:54:16,462 INFO _main.py 41:: #                             loader_type: dirichlet           #
2024-12-02 01:54:16,463 INFO _main.py 41:: #                             loader_path: ./data/loader.pk    #
2024-12-02 01:54:16,463 INFO _main.py 41:: #                                      AR: my_hog              #
2024-12-02 01:54:16,463 INFO _main.py 41:: #                     n_attacker_backdoor: 0                   #
2024-12-02 01:54:16,464 INFO _main.py 41:: #                        backdoor_trigger: [0, 0, 1, 1]        #
2024-12-02 01:54:16,464 INFO _main.py 41:: #                   n_attacker_omniscient: 0                   #
2024-12-02 01:54:16,464 INFO _main.py 41:: #                        omniscient_scale: 1                   #
2024-12-02 01:54:16,464 INFO _main.py 41:: #                                 attacks: None                #
2024-12-02 01:54:16,465 INFO _main.py 41:: #                      save_model_weights: False               #
2024-12-02 01:54:16,465 INFO _main.py 41:: #                         experiment_name: sExp4Ba_40ep_rockburst_my_hog_40C_5#
2024-12-02 01:54:16,466 INFO _main.py 41:: #                          path_to_aggNet: None                #
2024-12-02 01:54:16,466 INFO _main.py 41:: #                                  device: cpu                 #
2024-12-02 01:54:16,466 INFO _main.py 41:: #                            inner_epochs: 30                  #
2024-12-02 01:54:16,467 INFO _main.py 41:: #                                 verbose: True                #
2024-12-02 01:54:16,467 INFO _main.py 41:: #                         list_unreliable: [2, 18, 20]         #
2024-12-02 01:54:16,467 INFO _main.py 41:: #                     unreliable_fraction: 0.5                 #
2024-12-02 01:54:16,467 INFO _main.py 41:: #                    unreliable_fracTrain: 0.3                 #
2024-12-02 01:54:16,468 INFO _main.py 41:: #                         mean_unreliable: 0.0                 #
2024-12-02 01:54:16,468 INFO _main.py 41:: #                             blur_method: add_noise           #
2024-12-02 01:54:16,469 INFO _main.py 41:: #                      max_std_unreliable: 30.0                #
2024-12-02 01:54:16,469 INFO _main.py 41:: #                     list_uatk_add_noise: [24, 25, 26]        #
2024-12-02 01:54:16,470 INFO _main.py 41:: #                          mean_add_noise: 0.0                 #
2024-12-02 01:54:16,470 INFO _main.py 41:: #                           std_add_noise: 0.01                #
2024-12-02 01:54:16,471 INFO _main.py 41:: #                     list_uatk_flip_sign: [0, 10, 11]         #
2024-12-02 01:54:16,471 INFO _main.py 42:: ################################################################
2024-12-02 01:54:16,472 INFO _main.py 43:: Namespace(batch_size=64, test_batch_size=32, epochs=4, optimizer='SGD', lr=0.01, momentum=0.9, weight_decay=0.0001, seed=1, log_interval=11, num_clients=40, output_folder='experiments', dataset='rockburst', loader_type='dirichlet', loader_path='./data/loader.pk', AR='my_hog', n_attacker_backdoor=0, backdoor_trigger=[0, 0, 1, 1], n_attacker_omniscient=0, omniscient_scale=1, attacks=None, save_model_weights=False, experiment_name='sExp4Ba_40ep_rockburst_my_hog_40C_5', path_to_aggNet=None, device='cpu', inner_epochs=30, verbose=True, list_unreliable=[2, 18, 20], unreliable_fraction=0.5, unreliable_fracTrain=0.3, mean_unreliable=0.0, blur_method='add_noise', max_std_unreliable=30.0, list_uatk_add_noise=[24, 25, 26], mean_add_noise=0.0, std_add_noise=0.01, list_uatk_flip_sign=[0, 10, 11])
2024-12-02 01:54:16,472 INFO _main.py 44:: #####################
2024-12-02 01:54:16,473 INFO _main.py 45:: #####################
2024-12-02 01:54:16,473 INFO _main.py 46:: #####################
2024-12-02 01:54:16,474 INFO _main.py 47:: Aggregation Rule:	my_hog
2024-12-02 01:54:16,474 INFO _main.py 48:: Data distribution:	dirichlet
2024-12-02 01:54:16,474 INFO _main.py 49:: Attacks:	None 
2024-12-02 01:54:16,475 INFO _main.py 50:: #####################
2024-12-02 01:54:16,475 INFO _main.py 51:: #####################
2024-12-02 01:54:16,475 INFO _main.py 52:: #####################
2024-12-02 01:54:18,397 INFO server.py 366:: SET DBSCAN eps=1.3, min_samples=10
2024-12-02 01:54:18,401 INFO _main.py 135:: [1-normal, 0-malicious] label =tensor([0., 1., 1., 1., 1., 1., 1., 1., 1., 1., 0., 0., 1., 1., 1., 1., 1., 1.,
        1., 1., 1., 1., 1., 1., 0., 0., 0., 1., 1., 1., 1., 1., 1., 1., 1., 1.,
        1., 1., 1., 1.])
2024-12-02 01:54:18,409 INFO malicious_clients.py 123:: init ATTACK OMNISCIENT Client 0
2024-12-02 01:54:18,416 INFO malicious_clients.py 18:: init UNRELIABLE Client 2
2024-12-02 01:54:18,466 INFO malicious_clients.py 123:: init ATTACK OMNISCIENT Client 10
2024-12-02 01:54:18,471 INFO malicious_clients.py 123:: init ATTACK OMNISCIENT Client 11
2024-12-02 01:54:18,502 INFO malicious_clients.py 18:: init UNRELIABLE Client 18
2024-12-02 01:54:18,512 INFO malicious_clients.py 18:: init UNRELIABLE Client 20
2024-12-02 01:54:18,537 INFO malicious_clients.py 73:: init ATTACK ADD NOISE TO GRAD Client 24
2024-12-02 01:54:18,543 INFO malicious_clients.py 73:: init ATTACK ADD NOISE TO GRAD Client 25
2024-12-02 01:54:18,548 INFO malicious_clients.py 73:: init ATTACK ADD NOISE TO GRAD Client 26
2024-12-02 01:54:18,618 INFO server.py 211:: [Server] Start testing
2024-12-02 01:54:18,644 INFO server.py 235:: [Server] Test set: Average loss: 1.3864, Accuracy: 50/200 (25.0%)

2024-12-02 01:54:18,647 INFO server.py 238:: [Sever] Confusion matrix:
 tensor([[50.,  0.,  0.,  0.],
        [50.,  0.,  0.,  0.],
        [50.,  0.,  0.,  0.],
        [50.,  0.,  0.,  0.]])
2024-12-02 01:54:18,655 INFO server.py 254:: [Server] Precision=[0.25  nan  nan  nan],
 Recall=[1. 0. 0. 0.],
 F1-score=[0.4 nan nan nan],
 my_accuracy=25.0[%]
2024-12-02 01:54:18,656 INFO _main.py 209:: ########EPOCH 0 ########
2024-12-02 01:54:18,657 INFO _main.py 210:: ###Model distribution###
2024-12-02 01:54:22,517 INFO server.py 817:: flip_sign_id=set()
2024-12-02 01:54:22,517 INFO server.py 818:: additve id={0}
2024-12-02 01:54:22,517 INFO server.py 819:: unreliable id =set()
2024-12-02 01:54:22,520 INFO server.py 817:: flip_sign_id={0}
2024-12-02 01:54:22,520 INFO server.py 818:: additve id={1}
2024-12-02 01:54:22,520 INFO server.py 819:: unreliable id =set()
2024-12-02 01:54:22,522 INFO server.py 817:: flip_sign_id={1}
2024-12-02 01:54:22,523 INFO server.py 818:: additve id=set()
2024-12-02 01:54:22,523 INFO server.py 819:: unreliable id =set()
2024-12-02 01:54:22,526 INFO server.py 817:: flip_sign_id={1}
2024-12-02 01:54:22,526 INFO server.py 818:: additve id=set()
2024-12-02 01:54:22,526 INFO server.py 819:: unreliable id =set()
2024-12-02 01:54:22,529 INFO server.py 817:: flip_sign_id=set()
2024-12-02 01:54:22,530 INFO server.py 818:: additve id=set()
2024-12-02 01:54:22,530 INFO server.py 819:: unreliable id ={1}
2024-12-02 01:54:22,534 INFO server.py 817:: flip_sign_id=set()
2024-12-02 01:54:22,535 INFO server.py 818:: additve id=set()
2024-12-02 01:54:22,535 INFO server.py 819:: unreliable id ={1}
2024-12-02 01:54:22,538 INFO server.py 817:: flip_sign_id=set()
2024-12-02 01:54:22,538 INFO server.py 818:: additve id=set()
2024-12-02 01:54:22,538 INFO server.py 819:: unreliable id ={0, 1, 6}
2024-12-02 01:54:22,543 INFO server.py 817:: flip_sign_id={0}
2024-12-02 01:54:22,543 INFO server.py 818:: additve id={2, 7}
2024-12-02 01:54:22,543 INFO server.py 819:: unreliable id ={0, 1, 6}
2024-12-02 01:54:22,547 INFO server.py 817:: flip_sign_id=set()
2024-12-02 01:54:22,547 INFO server.py 818:: additve id=set()
2024-12-02 01:54:22,547 INFO server.py 819:: unreliable id ={0, 1, 6}
2024-12-02 01:54:22,552 INFO server.py 817:: flip_sign_id={0}
2024-12-02 01:54:22,552 INFO server.py 818:: additve id={1, 2, 6, 7}
2024-12-02 01:54:22,552 INFO server.py 819:: unreliable id ={0, 1, 6}
2024-12-02 01:54:22,557 INFO server.py 817:: flip_sign_id=set()
2024-12-02 01:54:22,557 INFO server.py 818:: additve id=set()
2024-12-02 01:54:22,558 INFO server.py 819:: unreliable id ={0, 1, 6, 9}
2024-12-02 01:54:22,563 INFO server.py 817:: flip_sign_id=set()
2024-12-02 01:54:22,563 INFO server.py 818:: additve id=set()
2024-12-02 01:54:22,563 INFO server.py 819:: unreliable id ={0, 1, 6, 9, 11}
2024-12-02 01:54:22,570 INFO server.py 817:: flip_sign_id=set()
2024-12-02 01:54:22,571 INFO server.py 818:: additve id=set()
2024-12-02 01:54:22,571 INFO server.py 819:: unreliable id ={0, 1, 6, 9, 11}
2024-12-02 01:54:22,577 INFO server.py 817:: flip_sign_id={0, 11}
2024-12-02 01:54:22,578 INFO server.py 818:: additve id={1, 6, 7, 12, 13}
2024-12-02 01:54:22,578 INFO server.py 819:: unreliable id ={0, 1, 6, 9, 11}
2024-12-02 01:54:22,584 INFO server.py 817:: flip_sign_id={0, 11}
2024-12-02 01:54:22,585 INFO server.py 818:: additve id={1, 6, 7, 12, 13, 14}
2024-12-02 01:54:22,585 INFO server.py 819:: unreliable id ={0, 1, 6, 9, 11}
2024-12-02 01:54:22,592 INFO server.py 817:: flip_sign_id={0, 11}
2024-12-02 01:54:22,593 INFO server.py 818:: additve id={1, 6, 7, 9, 12, 13, 14, 15}
2024-12-02 01:54:22,593 INFO server.py 819:: unreliable id ={0, 1, 6, 9, 11}
2024-12-02 01:54:22,600 INFO server.py 817:: flip_sign_id={0, 2, 11}
2024-12-02 01:54:22,600 INFO server.py 818:: additve id={1, 6, 7, 9, 12, 13, 14, 15, 16}
2024-12-02 01:54:22,601 INFO server.py 819:: unreliable id ={0, 1, 6, 9, 11}
2024-12-02 01:54:22,608 INFO server.py 817:: flip_sign_id={0, 11}
2024-12-02 01:54:22,609 INFO server.py 818:: additve id=set()
2024-12-02 01:54:22,609 INFO server.py 819:: unreliable id ={0, 1, 6, 9, 11}
2024-12-02 01:54:22,617 INFO server.py 817:: flip_sign_id={0, 18, 11}
2024-12-02 01:54:22,618 INFO server.py 818:: additve id=set()
2024-12-02 01:54:22,618 INFO server.py 819:: unreliable id ={0, 1, 6, 9, 11}
2024-12-02 01:54:22,630 INFO server.py 817:: flip_sign_id={0, 18, 11}
2024-12-02 01:54:22,631 INFO server.py 818:: additve id=set()
2024-12-02 01:54:22,631 INFO server.py 819:: unreliable id ={0, 1, 6, 9, 11}
2024-12-02 01:54:22,642 INFO server.py 817:: flip_sign_id={0, 11}
2024-12-02 01:54:22,645 INFO server.py 818:: additve id=set()
2024-12-02 01:54:22,646 INFO server.py 819:: unreliable id ={0, 1, 6, 9, 11}
2024-12-02 01:54:22,658 INFO server.py 817:: flip_sign_id={0, 18, 11}
2024-12-02 01:54:22,659 INFO server.py 818:: additve id=set()
2024-12-02 01:54:22,659 INFO server.py 819:: unreliable id ={0, 1, 6, 9, 11}
2024-12-02 01:54:22,673 INFO server.py 817:: flip_sign_id={0, 18, 11}
2024-12-02 01:54:22,679 INFO server.py 818:: additve id=set()
2024-12-02 01:54:22,679 INFO server.py 819:: unreliable id ={0, 1, 6, 9, 11}
2024-12-02 01:54:22,691 INFO server.py 817:: flip_sign_id={0, 18, 11}
2024-12-02 01:54:22,691 INFO server.py 818:: additve id=set()
2024-12-02 01:54:22,692 INFO server.py 819:: unreliable id ={0, 1, 6, 9, 11}
2024-12-02 01:54:22,702 INFO server.py 817:: flip_sign_id={0, 18, 11}
2024-12-02 01:54:22,703 INFO server.py 818:: additve id=set()
2024-12-02 01:54:22,703 INFO server.py 819:: unreliable id ={0, 1, 6, 9, 11}
2024-12-02 01:54:22,716 INFO server.py 817:: flip_sign_id={0, 18, 11}
2024-12-02 01:54:22,717 INFO server.py 818:: additve id=set()
2024-12-02 01:54:22,717 INFO server.py 819:: unreliable id ={0, 1, 6, 9, 11}
2024-12-02 01:54:22,728 INFO server.py 817:: flip_sign_id={0, 18, 11}
2024-12-02 01:54:22,729 INFO server.py 818:: additve id=set()
2024-12-02 01:54:22,730 INFO server.py 819:: unreliable id ={0, 1, 6, 9, 11}
2024-12-02 01:54:22,747 INFO server.py 817:: flip_sign_id={0, 18, 11}
2024-12-02 01:54:22,748 INFO server.py 818:: additve id=set()
2024-12-02 01:54:22,748 INFO server.py 819:: unreliable id ={0, 1, 2, 6, 9, 11, 20, 22, 24, 25, 26}
2024-12-02 01:54:22,761 INFO server.py 817:: flip_sign_id={0, 18, 11}
2024-12-02 01:54:22,761 INFO server.py 818:: additve id=set()
2024-12-02 01:54:22,761 INFO server.py 819:: unreliable id ={0, 1, 2, 6, 9, 11, 20, 22, 24, 25, 26}
2024-12-02 01:54:22,775 INFO server.py 817:: flip_sign_id={0, 18, 2, 11}
2024-12-02 01:54:22,775 INFO server.py 818:: additve id=set()
2024-12-02 01:54:22,775 INFO server.py 819:: unreliable id ={0, 1, 2, 6, 9, 11, 20, 22, 24, 25, 26}
2024-12-02 01:54:22,789 INFO server.py 817:: flip_sign_id={0, 18, 2, 11}
2024-12-02 01:54:22,789 INFO server.py 818:: additve id=set()
2024-12-02 01:54:22,789 INFO server.py 819:: unreliable id ={0, 1, 2, 6, 9, 11, 20, 22, 24, 25, 26}
2024-12-02 01:54:22,803 INFO server.py 817:: flip_sign_id={0, 18, 2, 11}
2024-12-02 01:54:22,803 INFO server.py 818:: additve id=set()
2024-12-02 01:54:22,803 INFO server.py 819:: unreliable id ={0, 1, 2, 6, 9, 11, 20, 22, 24, 25, 26}
2024-12-02 01:54:22,817 INFO server.py 817:: flip_sign_id={0, 18, 2, 11}
2024-12-02 01:54:22,817 INFO server.py 818:: additve id=set()
2024-12-02 01:54:22,818 INFO server.py 819:: unreliable id ={0, 1, 2, 6, 9, 11, 20, 22, 24, 25, 26}
2024-12-02 01:54:22,833 INFO server.py 817:: flip_sign_id={0, 18, 2, 11}
2024-12-02 01:54:22,834 INFO server.py 818:: additve id=set()
2024-12-02 01:54:22,835 INFO server.py 819:: unreliable id ={0, 1, 2, 6, 9, 11, 20, 22, 24, 25, 26}
2024-12-02 01:54:22,849 INFO server.py 817:: flip_sign_id={0, 18, 2, 11}
2024-12-02 01:54:22,850 INFO server.py 818:: additve id=set()
2024-12-02 01:54:22,850 INFO server.py 819:: unreliable id ={0, 1, 2, 6, 9, 11, 20, 22, 24, 25, 26}
2024-12-02 01:54:22,864 INFO server.py 817:: flip_sign_id={0, 18, 2, 11}
2024-12-02 01:54:22,865 INFO server.py 818:: additve id=set()
2024-12-02 01:54:22,865 INFO server.py 819:: unreliable id ={0, 1, 2, 6, 9, 11, 20, 22, 24, 25, 26}
2024-12-02 01:54:22,882 INFO server.py 817:: flip_sign_id={0, 18, 2, 11}
2024-12-02 01:54:22,882 INFO server.py 818:: additve id=set()
2024-12-02 01:54:22,883 INFO server.py 819:: unreliable id ={0, 1, 2, 6, 9, 11, 20, 22, 24, 25, 26}
2024-12-02 01:54:22,898 INFO server.py 817:: flip_sign_id={0, 18, 2, 11}
2024-12-02 01:54:22,899 INFO server.py 818:: additve id=set()
2024-12-02 01:54:22,899 INFO server.py 819:: unreliable id ={0, 1, 2, 6, 9, 11, 20, 22, 24, 25, 26}
2024-12-02 01:54:22,915 INFO server.py 817:: flip_sign_id={0, 18, 2, 11}
2024-12-02 01:54:22,915 INFO server.py 818:: additve id=set()
2024-12-02 01:54:22,915 INFO server.py 819:: unreliable id ={0, 1, 2, 6, 9, 11, 20, 22, 24, 25, 26}
2024-12-02 01:54:22,933 INFO server.py 817:: flip_sign_id={0, 18, 2, 11}
2024-12-02 01:54:22,933 INFO server.py 818:: additve id=set()
2024-12-02 01:54:22,933 INFO server.py 819:: unreliable id ={0, 1, 2, 6, 9, 11, 20, 22, 24, 25, 26}
2024-12-02 01:54:22,935 INFO server.py 1080:: clients' sizes=[1, 2, 1, 0, 0, 0, 2, 2, 0, 1, 0, 1, 2, 2, 2, 2, 1, 1, 2, 0, 1, 1, 1, 1, 1, 0, 1, 1, 1, 1, 2, 0, 2, 0, 1, 2, 1, 0, 2, 0], total=41
2024-12-02 01:54:22,955 INFO server.py 327:: [Server] The aggregation takes 0.439300 seconds.

2024-12-02 01:54:22,957 INFO server.py 211:: [Server] Start testing
2024-12-02 01:54:22,977 INFO server.py 235:: [Server] Test set: Average loss: 1.3313, Accuracy: 71/200 (35.5%)

2024-12-02 01:54:22,979 INFO server.py 238:: [Sever] Confusion matrix:
 tensor([[50.,  0.,  0.,  0.],
        [50.,  0.,  0.,  0.],
        [50.,  0.,  0.,  0.],
        [29.,  0.,  0., 21.]])
2024-12-02 01:54:22,980 INFO server.py 254:: [Server] Precision=[0.2793296       nan       nan 1.       ],
 Recall=[1.   0.   0.   0.42],
 F1-score=[0.43668124        nan        nan 0.5915493 ],
 my_accuracy=35.499998927116394[%]
2024-12-02 01:54:22,981 INFO _main.py 209:: ########EPOCH 1 ########
2024-12-02 01:54:22,982 INFO _main.py 210:: ###Model distribution###
2024-12-02 01:54:25,704 INFO server.py 817:: flip_sign_id=set()
2024-12-02 01:54:25,705 INFO server.py 818:: additve id={0}
2024-12-02 01:54:25,705 INFO server.py 819:: unreliable id ={0, 1, 2, 6, 9, 11, 20, 22, 24, 25, 26}
2024-12-02 01:54:25,706 INFO server.py 817:: flip_sign_id={0}
2024-12-02 01:54:25,707 INFO server.py 818:: additve id={1}
2024-12-02 01:54:25,707 INFO server.py 819:: unreliable id ={0, 1, 2, 6, 9, 11, 20, 22, 24, 25, 26}
2024-12-02 01:54:25,708 INFO server.py 817:: flip_sign_id={1}
2024-12-02 01:54:25,709 INFO server.py 818:: additve id=set()
2024-12-02 01:54:25,709 INFO server.py 819:: unreliable id ={0, 1, 2, 6, 9, 11, 20, 22, 24, 25, 26}
2024-12-02 01:54:25,710 INFO server.py 817:: flip_sign_id={1}
2024-12-02 01:54:25,711 INFO server.py 818:: additve id=set()
2024-12-02 01:54:25,711 INFO server.py 819:: unreliable id ={0, 1, 2, 6, 9, 11, 20, 22, 24, 25, 26}
2024-12-02 01:54:25,713 INFO server.py 817:: flip_sign_id=set()
2024-12-02 01:54:25,713 INFO server.py 818:: additve id=set()
2024-12-02 01:54:25,713 INFO server.py 819:: unreliable id ={0, 1, 2, 6, 9, 11, 20, 22, 24, 25, 26}
2024-12-02 01:54:25,715 INFO server.py 817:: flip_sign_id=set()
2024-12-02 01:54:25,715 INFO server.py 818:: additve id=set()
2024-12-02 01:54:25,716 INFO server.py 819:: unreliable id ={0, 1, 2, 6, 9, 11, 20, 22, 24, 25, 26}
2024-12-02 01:54:25,718 INFO server.py 817:: flip_sign_id=set()
2024-12-02 01:54:25,718 INFO server.py 818:: additve id=set()
2024-12-02 01:54:25,718 INFO server.py 819:: unreliable id ={0, 1, 2, 6, 9, 11, 20, 22, 24, 25, 26}
2024-12-02 01:54:25,721 INFO server.py 817:: flip_sign_id={0}
2024-12-02 01:54:25,721 INFO server.py 818:: additve id=set()
2024-12-02 01:54:25,721 INFO server.py 819:: unreliable id ={0, 1, 2, 6, 9, 11, 20, 22, 24, 25, 26}
2024-12-02 01:54:25,724 INFO server.py 817:: flip_sign_id=set()
2024-12-02 01:54:25,724 INFO server.py 818:: additve id=set()
2024-12-02 01:54:25,724 INFO server.py 819:: unreliable id ={0, 1, 2, 6, 9, 11, 20, 22, 24, 25, 26}
2024-12-02 01:54:25,727 INFO server.py 817:: flip_sign_id={0}
2024-12-02 01:54:25,727 INFO server.py 818:: additve id=set()
2024-12-02 01:54:25,727 INFO server.py 819:: unreliable id ={0, 1, 2, 6, 9, 11, 20, 22, 24, 25, 26}
2024-12-02 01:54:25,730 INFO server.py 817:: flip_sign_id=set()
2024-12-02 01:54:25,730 INFO server.py 818:: additve id=set()
2024-12-02 01:54:25,730 INFO server.py 819:: unreliable id ={0, 1, 2, 6, 9, 11, 20, 22, 24, 25, 26}
2024-12-02 01:54:25,734 INFO server.py 817:: flip_sign_id=set()
2024-12-02 01:54:25,734 INFO server.py 818:: additve id=set()
2024-12-02 01:54:25,734 INFO server.py 819:: unreliable id ={0, 1, 2, 6, 9, 11, 20, 22, 24, 25, 26}
2024-12-02 01:54:25,738 INFO server.py 817:: flip_sign_id=set()
2024-12-02 01:54:25,739 INFO server.py 818:: additve id=set()
2024-12-02 01:54:25,739 INFO server.py 819:: unreliable id ={0, 1, 2, 6, 9, 11, 20, 22, 24, 25, 26}
2024-12-02 01:54:25,743 INFO server.py 817:: flip_sign_id={0, 11}
2024-12-02 01:54:25,744 INFO server.py 818:: additve id=set()
2024-12-02 01:54:25,744 INFO server.py 819:: unreliable id ={0, 1, 2, 6, 9, 11, 20, 22, 24, 25, 26}
2024-12-02 01:54:25,749 INFO server.py 817:: flip_sign_id={0, 11}
2024-12-02 01:54:25,749 INFO server.py 818:: additve id=set()
2024-12-02 01:54:25,749 INFO server.py 819:: unreliable id ={0, 1, 2, 6, 9, 11, 20, 22, 24, 25, 26}
2024-12-02 01:54:25,756 INFO server.py 817:: flip_sign_id={0, 2, 11}
2024-12-02 01:54:25,757 INFO server.py 818:: additve id={1, 6, 7, 9, 12, 13, 14, 15}
2024-12-02 01:54:25,757 INFO server.py 819:: unreliable id ={0, 1, 2, 6, 9, 11, 20, 22, 24, 25, 26}
2024-12-02 01:54:25,764 INFO server.py 817:: flip_sign_id={0, 2, 11}
2024-12-02 01:54:25,764 INFO server.py 818:: additve id={1, 6, 7, 9, 12, 13, 14, 15, 16}
2024-12-02 01:54:25,764 INFO server.py 819:: unreliable id ={0, 1, 2, 6, 9, 11, 20, 22, 24, 25, 26}
2024-12-02 01:54:25,772 INFO server.py 817:: flip_sign_id={0, 2, 11}
2024-12-02 01:54:25,773 INFO server.py 818:: additve id=set()
2024-12-02 01:54:25,777 INFO server.py 819:: unreliable id ={0, 1, 2, 6, 9, 11, 20, 22, 24, 25, 26}
2024-12-02 01:54:25,789 INFO server.py 817:: flip_sign_id={0, 18, 2, 11}
2024-12-02 01:54:25,790 INFO server.py 818:: additve id={1, 6, 7, 9, 12, 13, 14, 15, 16, 17}
2024-12-02 01:54:25,790 INFO server.py 819:: unreliable id ={0, 1, 2, 6, 9, 11, 20, 22, 24, 25, 26}
2024-12-02 01:54:25,804 INFO server.py 817:: flip_sign_id={0, 18, 2, 11}
2024-12-02 01:54:25,805 INFO server.py 818:: additve id={1, 6, 7, 9, 12, 13, 14, 15, 16, 17}
2024-12-02 01:54:25,805 INFO server.py 819:: unreliable id ={0, 1, 2, 6, 9, 11, 20, 22, 24, 25, 26}
2024-12-02 01:54:25,814 INFO server.py 817:: flip_sign_id={0, 11}
2024-12-02 01:54:25,815 INFO server.py 818:: additve id={1, 6, 7, 9, 12, 13, 14, 15, 16, 17}
2024-12-02 01:54:25,815 INFO server.py 819:: unreliable id ={0, 1, 2, 6, 9, 11, 20, 22, 24, 25, 26}
2024-12-02 01:54:25,825 INFO server.py 817:: flip_sign_id={0, 18, 11}
2024-12-02 01:54:25,825 INFO server.py 818:: additve id={1, 6, 7, 9, 12, 13, 14, 15, 16, 17, 21}
2024-12-02 01:54:25,825 INFO server.py 819:: unreliable id ={0, 1, 2, 6, 9, 11, 20, 22, 24, 25, 26}
2024-12-02 01:54:25,836 INFO server.py 817:: flip_sign_id={0, 18, 2, 11}
2024-12-02 01:54:25,836 INFO server.py 818:: additve id={1, 6, 7, 9, 12, 13, 14, 15, 16, 17, 21, 22}
2024-12-02 01:54:25,836 INFO server.py 819:: unreliable id ={0, 1, 2, 6, 9, 11, 20, 22, 24, 25, 26}
2024-12-02 01:54:25,850 INFO server.py 817:: flip_sign_id={0, 18, 2, 11}
2024-12-02 01:54:25,852 INFO server.py 818:: additve id={1, 6, 7, 9, 12, 13, 14, 15, 16, 17, 21, 22, 23}
2024-12-02 01:54:25,853 INFO server.py 819:: unreliable id ={0, 1, 2, 6, 9, 11, 20, 22, 24, 25, 26}
2024-12-02 01:54:25,861 INFO server.py 817:: flip_sign_id={0, 18, 2, 11}
2024-12-02 01:54:25,861 INFO server.py 818:: additve id={1, 6, 7, 9, 12, 13, 14, 15, 16, 17, 21, 22, 23}
2024-12-02 01:54:25,862 INFO server.py 819:: unreliable id ={0, 1, 2, 6, 9, 11, 20, 22, 24, 25, 26}
2024-12-02 01:54:25,871 INFO server.py 817:: flip_sign_id={0, 18, 2, 11}
2024-12-02 01:54:25,871 INFO server.py 818:: additve id={1, 6, 7, 9, 12, 13, 14, 15, 16, 17, 21, 22, 23}
2024-12-02 01:54:25,872 INFO server.py 819:: unreliable id ={0, 1, 2, 6, 9, 11, 20, 22, 24, 25, 26}
2024-12-02 01:54:25,880 INFO server.py 817:: flip_sign_id={0, 18, 2, 11}
2024-12-02 01:54:25,881 INFO server.py 818:: additve id={1, 6, 7, 9, 12, 13, 14, 15, 16, 17, 21, 22, 23, 26}
2024-12-02 01:54:25,881 INFO server.py 819:: unreliable id ={0, 1, 2, 6, 9, 11, 20, 22, 24, 25, 26}
2024-12-02 01:54:25,891 INFO server.py 817:: flip_sign_id={0, 2, 11, 18, 20}
2024-12-02 01:54:25,891 INFO server.py 818:: additve id={1, 6, 7, 9, 12, 13, 14, 15, 16, 17, 21, 23, 27}
2024-12-02 01:54:25,892 INFO server.py 819:: unreliable id ={0, 1, 2, 6, 9, 11, 20, 22, 24, 25, 26}
2024-12-02 01:54:25,900 INFO server.py 817:: flip_sign_id={0, 2, 11, 18, 20}
2024-12-02 01:54:25,901 INFO server.py 818:: additve id=set()
2024-12-02 01:54:25,901 INFO server.py 819:: unreliable id ={0, 1, 2, 6, 9, 11, 20, 22, 24, 25, 26}
2024-12-02 01:54:25,911 INFO server.py 817:: flip_sign_id={0, 2, 11, 18, 20}
2024-12-02 01:54:25,911 INFO server.py 818:: additve id=set()
2024-12-02 01:54:25,911 INFO server.py 819:: unreliable id ={0, 1, 2, 6, 9, 11, 20, 22, 24, 25, 26}
2024-12-02 01:54:25,921 INFO server.py 817:: flip_sign_id={0, 2, 11, 18, 20}
2024-12-02 01:54:25,922 INFO server.py 818:: additve id=set()
2024-12-02 01:54:25,922 INFO server.py 819:: unreliable id ={0, 1, 2, 6, 9, 11, 20, 22, 24, 25, 26}
2024-12-02 01:54:25,937 INFO server.py 817:: flip_sign_id={0, 2, 11, 18, 20}
2024-12-02 01:54:25,937 INFO server.py 818:: additve id=set()
2024-12-02 01:54:25,938 INFO server.py 819:: unreliable id ={0, 1, 2, 6, 9, 11, 20, 22, 24, 25, 26}
2024-12-02 01:54:25,953 INFO server.py 817:: flip_sign_id={0, 2, 11, 18, 20}
2024-12-02 01:54:25,957 INFO server.py 818:: additve id=set()
2024-12-02 01:54:25,957 INFO server.py 819:: unreliable id ={0, 1, 2, 6, 9, 11, 20, 22, 24, 25, 26}
2024-12-02 01:54:25,972 INFO server.py 817:: flip_sign_id={0, 2, 11, 18, 20}
2024-12-02 01:54:25,972 INFO server.py 818:: additve id=set()
2024-12-02 01:54:25,972 INFO server.py 819:: unreliable id ={0, 1, 2, 6, 9, 11, 20, 22, 24, 25, 26}
2024-12-02 01:54:25,986 INFO server.py 817:: flip_sign_id={0, 2, 11, 18, 20}
2024-12-02 01:54:25,987 INFO server.py 818:: additve id=set()
2024-12-02 01:54:25,987 INFO server.py 819:: unreliable id ={0, 1, 2, 6, 9, 11, 20, 22, 24, 25, 26}
2024-12-02 01:54:25,998 INFO server.py 817:: flip_sign_id={0, 2, 11, 18, 20}
2024-12-02 01:54:25,999 INFO server.py 818:: additve id=set()
2024-12-02 01:54:25,999 INFO server.py 819:: unreliable id ={0, 1, 2, 6, 9, 11, 20, 22, 24, 25, 26}
2024-12-02 01:54:26,010 INFO server.py 817:: flip_sign_id={0, 2, 11, 18, 20}
2024-12-02 01:54:26,011 INFO server.py 818:: additve id=set()
2024-12-02 01:54:26,011 INFO server.py 819:: unreliable id ={0, 1, 2, 6, 9, 11, 20, 22, 24, 25, 26}
2024-12-02 01:54:26,023 INFO server.py 817:: flip_sign_id={0, 2, 11, 18, 20}
2024-12-02 01:54:26,024 INFO server.py 818:: additve id=set()
2024-12-02 01:54:26,025 INFO server.py 819:: unreliable id ={0, 1, 2, 6, 9, 11, 20, 22, 24, 25, 26}
2024-12-02 01:54:26,038 INFO server.py 817:: flip_sign_id={0, 2, 11, 18, 20}
2024-12-02 01:54:26,038 INFO server.py 818:: additve id=set()
2024-12-02 01:54:26,039 INFO server.py 819:: unreliable id ={0, 1, 2, 6, 9, 11, 20, 22, 24, 25, 26}
2024-12-02 01:54:26,052 INFO server.py 817:: flip_sign_id={0, 2, 11, 18, 20}
2024-12-02 01:54:26,052 INFO server.py 818:: additve id=set()
2024-12-02 01:54:26,052 INFO server.py 819:: unreliable id ={0, 1, 2, 6, 9, 11, 20, 22, 24, 25, 26}
2024-12-02 01:54:26,055 INFO server.py 1080:: clients' sizes=[1, 2, 1, 0, 0, 0, 2, 2, 0, 1, 0, 1, 2, 2, 2, 2, 1, 1, 2, 0, 1, 1, 1, 1, 1, 0, 1, 1, 1, 1, 2, 0, 2, 0, 1, 2, 1, 0, 2, 0], total=41
2024-12-02 01:54:26,080 INFO server.py 327:: [Server] The aggregation takes 0.377231 seconds.

2024-12-02 01:54:26,082 INFO server.py 211:: [Server] Start testing
2024-12-02 01:54:26,104 INFO server.py 235:: [Server] Test set: Average loss: 1.1994, Accuracy: 90/200 (45.0%)

2024-12-02 01:54:26,105 INFO server.py 238:: [Sever] Confusion matrix:
 tensor([[50.,  0.,  0.,  0.],
        [46.,  0.,  1.,  3.],
        [34.,  0.,  6., 10.],
        [ 9.,  0.,  7., 34.]])
2024-12-02 01:54:26,107 INFO server.py 254:: [Server] Precision=[0.35971224        nan 0.42857143 0.7234042 ],
 Recall=[1.   0.   0.12 0.68],
 F1-score=[0.52910054        nan 0.1875     0.7010309 ],
 my_accuracy=44.999998807907104[%]
2024-12-02 01:54:26,107 INFO _main.py 209:: ########EPOCH 2 ########
2024-12-02 01:54:26,108 INFO _main.py 210:: ###Model distribution###
2024-12-02 01:54:29,012 INFO server.py 817:: flip_sign_id=set()
2024-12-02 01:54:29,013 INFO server.py 818:: additve id={0}
2024-12-02 01:54:29,013 INFO server.py 819:: unreliable id ={0, 1, 2, 6, 9, 11, 20, 22, 24, 25, 26}
2024-12-02 01:54:29,015 INFO server.py 817:: flip_sign_id={0}
2024-12-02 01:54:29,015 INFO server.py 818:: additve id={1}
2024-12-02 01:54:29,015 INFO server.py 819:: unreliable id ={0, 1, 2, 6, 9, 11, 20, 22, 24, 25, 26}
2024-12-02 01:54:29,017 INFO server.py 817:: flip_sign_id={1}
2024-12-02 01:54:29,017 INFO server.py 818:: additve id=set()
2024-12-02 01:54:29,017 INFO server.py 819:: unreliable id ={0, 1, 2, 6, 9, 11, 20, 22, 24, 25, 26}
2024-12-02 01:54:29,019 INFO server.py 817:: flip_sign_id={1}
2024-12-02 01:54:29,019 INFO server.py 818:: additve id=set()
2024-12-02 01:54:29,020 INFO server.py 819:: unreliable id ={0, 1, 2, 6, 9, 11, 20, 22, 24, 25, 26}
2024-12-02 01:54:29,021 INFO server.py 817:: flip_sign_id=set()
2024-12-02 01:54:29,022 INFO server.py 818:: additve id=set()
2024-12-02 01:54:29,022 INFO server.py 819:: unreliable id ={0, 1, 2, 6, 9, 11, 20, 22, 24, 25, 26}
2024-12-02 01:54:29,024 INFO server.py 817:: flip_sign_id=set()
2024-12-02 01:54:29,024 INFO server.py 818:: additve id=set()
2024-12-02 01:54:29,025 INFO server.py 819:: unreliable id ={0, 1, 2, 6, 9, 11, 20, 22, 24, 25, 26}
2024-12-02 01:54:29,027 INFO server.py 817:: flip_sign_id=set()
2024-12-02 01:54:29,027 INFO server.py 818:: additve id=set()
2024-12-02 01:54:29,027 INFO server.py 819:: unreliable id ={0, 1, 2, 6, 9, 11, 20, 22, 24, 25, 26}
2024-12-02 01:54:29,030 INFO server.py 817:: flip_sign_id={0}
2024-12-02 01:54:29,030 INFO server.py 818:: additve id=set()
2024-12-02 01:54:29,030 INFO server.py 819:: unreliable id ={0, 1, 2, 6, 9, 11, 20, 22, 24, 25, 26}
2024-12-02 01:54:29,033 INFO server.py 817:: flip_sign_id=set()
2024-12-02 01:54:29,033 INFO server.py 818:: additve id=set()
2024-12-02 01:54:29,033 INFO server.py 819:: unreliable id ={0, 1, 2, 6, 9, 11, 20, 22, 24, 25, 26}
2024-12-02 01:54:29,036 INFO server.py 817:: flip_sign_id={0}
2024-12-02 01:54:29,037 INFO server.py 818:: additve id=set()
2024-12-02 01:54:29,037 INFO server.py 819:: unreliable id ={0, 1, 2, 6, 9, 11, 20, 22, 24, 25, 26}
2024-12-02 01:54:29,040 INFO server.py 817:: flip_sign_id=set()
2024-12-02 01:54:29,041 INFO server.py 818:: additve id=set()
2024-12-02 01:54:29,041 INFO server.py 819:: unreliable id ={0, 1, 2, 6, 9, 11, 20, 22, 24, 25, 26}
2024-12-02 01:54:29,044 INFO server.py 817:: flip_sign_id=set()
2024-12-02 01:54:29,045 INFO server.py 818:: additve id=set()
2024-12-02 01:54:29,045 INFO server.py 819:: unreliable id ={0, 1, 2, 6, 9, 11, 20, 22, 24, 25, 26}
2024-12-02 01:54:29,048 INFO server.py 817:: flip_sign_id=set()
2024-12-02 01:54:29,049 INFO server.py 818:: additve id=set()
2024-12-02 01:54:29,049 INFO server.py 819:: unreliable id ={0, 1, 2, 6, 9, 11, 20, 22, 24, 25, 26}
2024-12-02 01:54:29,053 INFO server.py 817:: flip_sign_id={0, 11}
2024-12-02 01:54:29,054 INFO server.py 818:: additve id=set()
2024-12-02 01:54:29,054 INFO server.py 819:: unreliable id ={0, 1, 2, 6, 9, 11, 20, 22, 24, 25, 26}
2024-12-02 01:54:29,058 INFO server.py 817:: flip_sign_id={0, 11}
2024-12-02 01:54:29,059 INFO server.py 818:: additve id=set()
2024-12-02 01:54:29,059 INFO server.py 819:: unreliable id ={0, 1, 2, 6, 9, 11, 20, 22, 24, 25, 26}
2024-12-02 01:54:29,065 INFO server.py 817:: flip_sign_id={0, 2, 11}
2024-12-02 01:54:29,065 INFO server.py 818:: additve id={1, 6, 7, 9, 12, 13, 14, 15}
2024-12-02 01:54:29,065 INFO server.py 819:: unreliable id ={0, 1, 2, 6, 9, 11, 20, 22, 24, 25, 26}
2024-12-02 01:54:29,071 INFO server.py 817:: flip_sign_id={0, 2, 11}
2024-12-02 01:54:29,071 INFO server.py 818:: additve id={1, 6, 7, 9, 12, 13, 14, 15, 16}
2024-12-02 01:54:29,072 INFO server.py 819:: unreliable id ={0, 1, 2, 6, 9, 11, 20, 22, 24, 25, 26}
2024-12-02 01:54:29,078 INFO server.py 817:: flip_sign_id={0, 2, 11}
2024-12-02 01:54:29,078 INFO server.py 818:: additve id={1, 6, 7, 9, 12, 13, 14, 15, 16, 17}
2024-12-02 01:54:29,078 INFO server.py 819:: unreliable id ={0, 1, 2, 6, 9, 11, 20, 22, 24, 25, 26}
2024-12-02 01:54:29,085 INFO server.py 817:: flip_sign_id={0, 18, 2, 11}
2024-12-02 01:54:29,085 INFO server.py 818:: additve id={1, 6, 7, 9, 12, 13, 14, 15, 16, 17}
2024-12-02 01:54:29,085 INFO server.py 819:: unreliable id ={0, 1, 2, 6, 9, 11, 20, 22, 24, 25, 26}
2024-12-02 01:54:29,091 INFO server.py 817:: flip_sign_id={0, 18, 2, 11}
2024-12-02 01:54:29,092 INFO server.py 818:: additve id={1, 6, 7, 9, 12, 13, 14, 15, 16, 17}
2024-12-02 01:54:29,092 INFO server.py 819:: unreliable id ={0, 1, 2, 6, 9, 11, 20, 22, 24, 25, 26}
2024-12-02 01:54:29,098 INFO server.py 817:: flip_sign_id={0, 18, 11}
2024-12-02 01:54:29,099 INFO server.py 818:: additve id={1, 6, 7, 9, 12, 13, 14, 15, 16, 17}
2024-12-02 01:54:29,099 INFO server.py 819:: unreliable id ={0, 1, 2, 6, 9, 11, 20, 22, 24, 25, 26}
2024-12-02 01:54:29,106 INFO server.py 817:: flip_sign_id={0, 2, 11, 18, 20}
2024-12-02 01:54:29,107 INFO server.py 818:: additve id={1, 6, 7, 9, 12, 13, 14, 15, 16, 17, 21}
2024-12-02 01:54:29,107 INFO server.py 819:: unreliable id ={0, 1, 2, 6, 9, 11, 20, 22, 24, 25, 26}
2024-12-02 01:54:29,114 INFO server.py 817:: flip_sign_id={0, 2, 11, 18, 20}
2024-12-02 01:54:29,114 INFO server.py 818:: additve id={1, 6, 7, 9, 12, 13, 14, 15, 16, 17, 21, 22}
2024-12-02 01:54:29,114 INFO server.py 819:: unreliable id ={0, 1, 2, 6, 9, 11, 20, 22, 24, 25, 26}
2024-12-02 01:54:29,123 INFO server.py 817:: flip_sign_id={0, 2, 11, 18, 20}
2024-12-02 01:54:29,123 INFO server.py 818:: additve id={1, 6, 7, 9, 12, 13, 14, 15, 16, 17, 21, 22, 23}
2024-12-02 01:54:29,124 INFO server.py 819:: unreliable id ={0, 1, 2, 6, 9, 11, 20, 22, 24, 25, 26}
2024-12-02 01:54:29,132 INFO server.py 817:: flip_sign_id={0, 2, 11, 18, 20}
2024-12-02 01:54:29,132 INFO server.py 818:: additve id={1, 6, 7, 9, 12, 13, 14, 15, 16, 17, 21, 22, 23, 24}
2024-12-02 01:54:29,132 INFO server.py 819:: unreliable id ={0, 1, 2, 6, 9, 11, 20, 22, 24, 25, 26}
2024-12-02 01:54:29,141 INFO server.py 817:: flip_sign_id={0, 2, 11, 18, 20}
2024-12-02 01:54:29,141 INFO server.py 818:: additve id={1, 6, 7, 9, 12, 13, 14, 15, 16, 17, 21, 22, 23, 24}
2024-12-02 01:54:29,141 INFO server.py 819:: unreliable id ={0, 1, 2, 6, 9, 11, 20, 22, 24, 25, 26}
2024-12-02 01:54:29,150 INFO server.py 817:: flip_sign_id={0, 2, 11, 18, 20}
2024-12-02 01:54:29,150 INFO server.py 818:: additve id={1, 6, 7, 9, 12, 13, 14, 15, 16, 17, 21, 22, 23, 24, 26}
2024-12-02 01:54:29,151 INFO server.py 819:: unreliable id ={0, 1, 2, 6, 9, 11, 20, 22, 24, 25, 26}
2024-12-02 01:54:29,160 INFO server.py 817:: flip_sign_id={0, 2, 11, 18, 20}
2024-12-02 01:54:29,160 INFO server.py 818:: additve id={1, 6, 7, 9, 12, 13, 14, 15, 16, 17, 21, 22, 23, 27}
2024-12-02 01:54:29,161 INFO server.py 819:: unreliable id ={0, 1, 2, 6, 9, 11, 20, 22, 24, 25, 26}
2024-12-02 01:54:29,170 INFO server.py 817:: flip_sign_id={0, 2, 11, 18, 20}
2024-12-02 01:54:29,170 INFO server.py 818:: additve id=set()
2024-12-02 01:54:29,171 INFO server.py 819:: unreliable id ={0, 1, 2, 6, 9, 11, 20, 22, 24, 25, 26}
2024-12-02 01:54:29,180 INFO server.py 817:: flip_sign_id={0, 2, 11, 18, 20}
2024-12-02 01:54:29,181 INFO server.py 818:: additve id={1, 6, 7, 9, 12, 13, 14, 15, 16, 17, 21, 23, 27, 28, 29}
2024-12-02 01:54:29,181 INFO server.py 819:: unreliable id ={0, 1, 2, 6, 9, 11, 20, 22, 24, 25, 26}
2024-12-02 01:54:29,191 INFO server.py 817:: flip_sign_id={0, 2, 11, 18, 20}
2024-12-02 01:54:29,191 INFO server.py 818:: additve id=set()
2024-12-02 01:54:29,192 INFO server.py 819:: unreliable id ={0, 1, 2, 6, 9, 11, 20, 22, 24, 25, 26}
2024-12-02 01:54:29,201 INFO server.py 817:: flip_sign_id={0, 2, 11, 18, 20}
2024-12-02 01:54:29,202 INFO server.py 818:: additve id={1, 6, 7, 9, 12, 13, 14, 15, 16, 17, 21, 23, 27, 28, 29, 30}
2024-12-02 01:54:29,202 INFO server.py 819:: unreliable id ={0, 1, 2, 6, 9, 11, 20, 22, 24, 25, 26}
2024-12-02 01:54:29,213 INFO server.py 817:: flip_sign_id={0, 2, 11, 18, 20}
2024-12-02 01:54:29,214 INFO server.py 818:: additve id=set()
2024-12-02 01:54:29,214 INFO server.py 819:: unreliable id ={0, 1, 2, 6, 9, 11, 20, 22, 24, 25, 26}
2024-12-02 01:54:29,224 INFO server.py 817:: flip_sign_id={0, 2, 11, 18, 20}
2024-12-02 01:54:29,225 INFO server.py 818:: additve id={32, 1, 6, 7, 9, 12, 13, 14, 15, 16, 17, 21, 23, 27, 28, 29, 30}
2024-12-02 01:54:29,225 INFO server.py 819:: unreliable id ={0, 1, 2, 6, 9, 11, 20, 22, 24, 25, 26}
2024-12-02 01:54:29,236 INFO server.py 817:: flip_sign_id={0, 2, 11, 18, 20}
2024-12-02 01:54:29,236 INFO server.py 818:: additve id=set()
2024-12-02 01:54:29,236 INFO server.py 819:: unreliable id ={0, 1, 2, 6, 9, 11, 20, 22, 24, 25, 26}
2024-12-02 01:54:29,248 INFO server.py 817:: flip_sign_id={0, 2, 11, 18, 20}
2024-12-02 01:54:29,249 INFO server.py 818:: additve id=set()
2024-12-02 01:54:29,249 INFO server.py 819:: unreliable id ={0, 1, 2, 6, 9, 11, 20, 22, 24, 25, 26}
2024-12-02 01:54:29,260 INFO server.py 817:: flip_sign_id={0, 2, 11, 18, 20}
2024-12-02 01:54:29,261 INFO server.py 818:: additve id=set()
2024-12-02 01:54:29,261 INFO server.py 819:: unreliable id ={0, 1, 2, 6, 9, 11, 20, 22, 24, 25, 26}
2024-12-02 01:54:29,277 INFO server.py 817:: flip_sign_id={0, 2, 11, 18, 20}
2024-12-02 01:54:29,277 INFO server.py 818:: additve id=set()
2024-12-02 01:54:29,278 INFO server.py 819:: unreliable id ={0, 1, 2, 6, 9, 11, 20, 22, 24, 25, 26}
2024-12-02 01:54:29,289 INFO server.py 817:: flip_sign_id={0, 2, 11, 18, 20}
2024-12-02 01:54:29,289 INFO server.py 818:: additve id=set()
2024-12-02 01:54:29,290 INFO server.py 819:: unreliable id ={0, 1, 2, 6, 9, 11, 20, 22, 24, 25, 26}
2024-12-02 01:54:29,301 INFO server.py 817:: flip_sign_id={0, 2, 11, 18, 20}
2024-12-02 01:54:29,301 INFO server.py 818:: additve id=set()
2024-12-02 01:54:29,302 INFO server.py 819:: unreliable id ={0, 1, 2, 6, 9, 11, 20, 22, 24, 25, 26}
2024-12-02 01:54:29,303 INFO server.py 1080:: clients' sizes=[1, 2, 1, 0, 0, 0, 2, 2, 0, 1, 0, 1, 2, 2, 2, 2, 1, 1, 2, 0, 1, 1, 1, 1, 1, 0, 1, 1, 1, 1, 2, 0, 2, 0, 1, 2, 1, 0, 2, 0], total=41
2024-12-02 01:54:29,312 INFO server.py 327:: [Server] The aggregation takes 0.301283 seconds.

2024-12-02 01:54:29,314 INFO server.py 211:: [Server] Start testing
2024-12-02 01:54:29,328 INFO server.py 235:: [Server] Test set: Average loss: 1.0688, Accuracy: 107/200 (53.5%)

2024-12-02 01:54:29,329 INFO server.py 238:: [Sever] Confusion matrix:
 tensor([[47.,  1.,  2.,  0.],
        [33., 11.,  3.,  3.],
        [18., 10., 13.,  9.],
        [ 6.,  1.,  7., 36.]])
2024-12-02 01:54:29,330 INFO server.py 254:: [Server] Precision=[0.45192307 0.47826087 0.52       0.75      ],
 Recall=[0.94 0.22 0.26 0.72],
 F1-score=[0.61038965 0.30136985 0.34666666 0.7346939 ],
 my_accuracy=53.50000262260437[%]
2024-12-02 01:54:29,331 INFO _main.py 209:: ########EPOCH 3 ########
2024-12-02 01:54:29,332 INFO _main.py 210:: ###Model distribution###
2024-12-02 01:54:31,885 INFO server.py 817:: flip_sign_id=set()
2024-12-02 01:54:31,885 INFO server.py 818:: additve id={0}
2024-12-02 01:54:31,886 INFO server.py 819:: unreliable id ={0, 1, 2, 6, 9, 11, 20, 22, 24, 25, 26}
2024-12-02 01:54:31,887 INFO server.py 817:: flip_sign_id={0}
2024-12-02 01:54:31,888 INFO server.py 818:: additve id={1}
2024-12-02 01:54:31,888 INFO server.py 819:: unreliable id ={0, 1, 2, 6, 9, 11, 20, 22, 24, 25, 26}
2024-12-02 01:54:31,889 INFO server.py 817:: flip_sign_id={1}
2024-12-02 01:54:31,889 INFO server.py 818:: additve id=set()
2024-12-02 01:54:31,890 INFO server.py 819:: unreliable id ={0, 1, 2, 6, 9, 11, 20, 22, 24, 25, 26}
2024-12-02 01:54:31,891 INFO server.py 817:: flip_sign_id={1}
2024-12-02 01:54:31,892 INFO server.py 818:: additve id=set()
2024-12-02 01:54:31,892 INFO server.py 819:: unreliable id ={0, 1, 2, 6, 9, 11, 20, 22, 24, 25, 26}
2024-12-02 01:54:31,894 INFO server.py 817:: flip_sign_id=set()
2024-12-02 01:54:31,894 INFO server.py 818:: additve id=set()
2024-12-02 01:54:31,894 INFO server.py 819:: unreliable id ={0, 1, 2, 6, 9, 11, 20, 22, 24, 25, 26}
2024-12-02 01:54:31,896 INFO server.py 817:: flip_sign_id=set()
2024-12-02 01:54:31,896 INFO server.py 818:: additve id=set()
2024-12-02 01:54:31,897 INFO server.py 819:: unreliable id ={0, 1, 2, 6, 9, 11, 20, 22, 24, 25, 26}
2024-12-02 01:54:31,899 INFO server.py 817:: flip_sign_id=set()
2024-12-02 01:54:31,899 INFO server.py 818:: additve id=set()
2024-12-02 01:54:31,899 INFO server.py 819:: unreliable id ={0, 1, 2, 6, 9, 11, 20, 22, 24, 25, 26}
2024-12-02 01:54:31,901 INFO server.py 817:: flip_sign_id={0}
2024-12-02 01:54:31,902 INFO server.py 818:: additve id=set()
2024-12-02 01:54:31,902 INFO server.py 819:: unreliable id ={0, 1, 2, 6, 9, 11, 20, 22, 24, 25, 26}
2024-12-02 01:54:31,905 INFO server.py 817:: flip_sign_id=set()
2024-12-02 01:54:31,906 INFO server.py 818:: additve id=set()
2024-12-02 01:54:31,906 INFO server.py 819:: unreliable id ={0, 1, 2, 6, 9, 11, 20, 22, 24, 25, 26}
2024-12-02 01:54:31,909 INFO server.py 817:: flip_sign_id={0}
2024-12-02 01:54:31,910 INFO server.py 818:: additve id=set()
2024-12-02 01:54:31,910 INFO server.py 819:: unreliable id ={0, 1, 2, 6, 9, 11, 20, 22, 24, 25, 26}
2024-12-02 01:54:31,913 INFO server.py 817:: flip_sign_id=set()
2024-12-02 01:54:31,913 INFO server.py 818:: additve id=set()
2024-12-02 01:54:31,914 INFO server.py 819:: unreliable id ={0, 1, 2, 6, 9, 11, 20, 22, 24, 25, 26}
2024-12-02 01:54:31,917 INFO server.py 817:: flip_sign_id=set()
2024-12-02 01:54:31,917 INFO server.py 818:: additve id=set()
2024-12-02 01:54:31,917 INFO server.py 819:: unreliable id ={0, 1, 2, 6, 9, 11, 20, 22, 24, 25, 26}
2024-12-02 01:54:31,921 INFO server.py 817:: flip_sign_id=set()
2024-12-02 01:54:31,921 INFO server.py 818:: additve id=set()
2024-12-02 01:54:31,922 INFO server.py 819:: unreliable id ={0, 1, 2, 6, 9, 11, 20, 22, 24, 25, 26}
2024-12-02 01:54:31,926 INFO server.py 817:: flip_sign_id={0, 11}
2024-12-02 01:54:31,926 INFO server.py 818:: additve id=set()
2024-12-02 01:54:31,926 INFO server.py 819:: unreliable id ={0, 1, 2, 6, 9, 11, 20, 22, 24, 25, 26}
2024-12-02 01:54:31,931 INFO server.py 817:: flip_sign_id={0, 11}
2024-12-02 01:54:31,931 INFO server.py 818:: additve id=set()
2024-12-02 01:54:31,931 INFO server.py 819:: unreliable id ={0, 1, 2, 6, 9, 11, 20, 22, 24, 25, 26}
2024-12-02 01:54:31,936 INFO server.py 817:: flip_sign_id={0, 2, 11}
2024-12-02 01:54:31,936 INFO server.py 818:: additve id={1, 6, 7, 9, 12, 13, 14, 15}
2024-12-02 01:54:31,937 INFO server.py 819:: unreliable id ={0, 1, 2, 6, 9, 11, 20, 22, 24, 25, 26}
2024-12-02 01:54:31,942 INFO server.py 817:: flip_sign_id={0, 2, 11}
2024-12-02 01:54:31,942 INFO server.py 818:: additve id={1, 6, 7, 9, 12, 13, 14, 15, 16}
2024-12-02 01:54:31,942 INFO server.py 819:: unreliable id ={0, 1, 2, 6, 9, 11, 20, 22, 24, 25, 26}
2024-12-02 01:54:31,948 INFO server.py 817:: flip_sign_id={0, 2, 11}
2024-12-02 01:54:31,948 INFO server.py 818:: additve id={1, 6, 7, 9, 12, 13, 14, 15, 16, 17}
2024-12-02 01:54:31,948 INFO server.py 819:: unreliable id ={0, 1, 2, 6, 9, 11, 20, 22, 24, 25, 26}
2024-12-02 01:54:31,954 INFO server.py 817:: flip_sign_id={0, 18, 2, 11}
2024-12-02 01:54:31,955 INFO server.py 818:: additve id={1, 6, 7, 9, 12, 13, 14, 15, 16, 17}
2024-12-02 01:54:31,955 INFO server.py 819:: unreliable id ={0, 1, 2, 6, 9, 11, 20, 22, 24, 25, 26}
2024-12-02 01:54:31,961 INFO server.py 817:: flip_sign_id={0, 18, 2, 11}
2024-12-02 01:54:31,961 INFO server.py 818:: additve id={1, 6, 7, 9, 12, 13, 14, 15, 16, 17}
2024-12-02 01:54:31,961 INFO server.py 819:: unreliable id ={0, 1, 2, 6, 9, 11, 20, 22, 24, 25, 26}
2024-12-02 01:54:31,968 INFO server.py 817:: flip_sign_id={0, 18, 11}
2024-12-02 01:54:31,968 INFO server.py 818:: additve id={1, 6, 7, 9, 12, 13, 14, 15, 16, 17}
2024-12-02 01:54:31,968 INFO server.py 819:: unreliable id ={0, 1, 2, 6, 9, 11, 20, 22, 24, 25, 26}
2024-12-02 01:54:31,975 INFO server.py 817:: flip_sign_id={0, 2, 11, 18, 20}
2024-12-02 01:54:31,976 INFO server.py 818:: additve id={1, 6, 7, 9, 12, 13, 14, 15, 16, 17, 21}
2024-12-02 01:54:31,976 INFO server.py 819:: unreliable id ={0, 1, 2, 6, 9, 11, 20, 22, 24, 25, 26}
2024-12-02 01:54:31,983 INFO server.py 817:: flip_sign_id={0, 2, 11, 18, 20}
2024-12-02 01:54:31,984 INFO server.py 818:: additve id={1, 6, 7, 9, 12, 13, 14, 15, 16, 17, 21, 22}
2024-12-02 01:54:31,984 INFO server.py 819:: unreliable id ={0, 1, 2, 6, 9, 11, 20, 22, 24, 25, 26}
2024-12-02 01:54:31,994 INFO server.py 817:: flip_sign_id={0, 2, 11, 18, 20}
2024-12-02 01:54:31,995 INFO server.py 818:: additve id={1, 6, 7, 9, 12, 13, 14, 15, 16, 17, 21, 22, 23}
2024-12-02 01:54:31,995 INFO server.py 819:: unreliable id ={0, 1, 2, 6, 9, 11, 20, 22, 24, 25, 26}
2024-12-02 01:54:32,006 INFO server.py 817:: flip_sign_id={0, 2, 11, 18, 20}
2024-12-02 01:54:32,006 INFO server.py 818:: additve id={1, 6, 7, 9, 12, 13, 14, 15, 16, 17, 21, 22, 23, 24}
2024-12-02 01:54:32,007 INFO server.py 819:: unreliable id ={0, 1, 2, 6, 9, 11, 20, 22, 24, 25, 26}
2024-12-02 01:54:32,018 INFO server.py 817:: flip_sign_id={0, 2, 11, 18, 20}
2024-12-02 01:54:32,018 INFO server.py 818:: additve id={1, 6, 7, 9, 12, 13, 14, 15, 16, 17, 21, 22, 23, 24}
2024-12-02 01:54:32,018 INFO server.py 819:: unreliable id ={0, 1, 2, 6, 9, 11, 20, 22, 24, 25, 26}
2024-12-02 01:54:32,027 INFO server.py 817:: flip_sign_id={0, 2, 11, 18, 20}
2024-12-02 01:54:32,028 INFO server.py 818:: additve id={1, 6, 7, 9, 12, 13, 14, 15, 16, 17, 21, 22, 23, 24, 26}
2024-12-02 01:54:32,028 INFO server.py 819:: unreliable id ={0, 1, 2, 6, 9, 11, 20, 22, 24, 25, 26}
2024-12-02 01:54:32,037 INFO server.py 817:: flip_sign_id={0, 2, 11, 18, 20}
2024-12-02 01:54:32,038 INFO server.py 818:: additve id={1, 6, 7, 9, 12, 13, 14, 15, 16, 17, 21, 22, 23, 27}
2024-12-02 01:54:32,038 INFO server.py 819:: unreliable id ={0, 1, 2, 6, 9, 11, 20, 22, 24, 25, 26}
2024-12-02 01:54:32,047 INFO server.py 817:: flip_sign_id={0, 2, 11, 18, 20}
2024-12-02 01:54:32,048 INFO server.py 818:: additve id=set()
2024-12-02 01:54:32,048 INFO server.py 819:: unreliable id ={0, 1, 2, 6, 9, 11, 20, 22, 24, 25, 26}
2024-12-02 01:54:32,057 INFO server.py 817:: flip_sign_id={0, 2, 11, 18, 20}
2024-12-02 01:54:32,058 INFO server.py 818:: additve id={1, 6, 7, 9, 12, 13, 14, 15, 16, 17, 21, 23, 27, 28, 29}
2024-12-02 01:54:32,058 INFO server.py 819:: unreliable id ={0, 1, 2, 6, 9, 11, 20, 22, 24, 25, 26}
2024-12-02 01:54:32,068 INFO server.py 817:: flip_sign_id={0, 2, 11, 18, 20}
2024-12-02 01:54:32,069 INFO server.py 818:: additve id=set()
2024-12-02 01:54:32,069 INFO server.py 819:: unreliable id ={0, 1, 2, 6, 9, 11, 20, 22, 24, 25, 26}
2024-12-02 01:54:32,079 INFO server.py 817:: flip_sign_id={0, 2, 11, 18, 20}
2024-12-02 01:54:32,079 INFO server.py 818:: additve id={1, 6, 7, 9, 12, 13, 14, 15, 16, 17, 21, 23, 27, 28, 29, 30}
2024-12-02 01:54:32,080 INFO server.py 819:: unreliable id ={0, 1, 2, 6, 9, 11, 20, 22, 24, 25, 26}
2024-12-02 01:54:32,090 INFO server.py 817:: flip_sign_id={0, 2, 11, 18, 20}
2024-12-02 01:54:32,090 INFO server.py 818:: additve id=set()
2024-12-02 01:54:32,090 INFO server.py 819:: unreliable id ={0, 1, 2, 6, 9, 11, 20, 22, 24, 25, 26}
2024-12-02 01:54:32,100 INFO server.py 817:: flip_sign_id={0, 2, 11, 18, 20}
2024-12-02 01:54:32,101 INFO server.py 818:: additve id={32, 1, 6, 7, 9, 12, 13, 14, 15, 16, 17, 21, 23, 27, 28, 29, 30}
2024-12-02 01:54:32,101 INFO server.py 819:: unreliable id ={0, 1, 2, 6, 9, 11, 20, 22, 24, 25, 26}
2024-12-02 01:54:32,112 INFO server.py 817:: flip_sign_id={0, 2, 11, 18, 20}
2024-12-02 01:54:32,113 INFO server.py 818:: additve id=set()
2024-12-02 01:54:32,113 INFO server.py 819:: unreliable id ={0, 1, 2, 6, 9, 11, 20, 22, 24, 25, 26}
2024-12-02 01:54:32,124 INFO server.py 817:: flip_sign_id={0, 2, 11, 18, 20}
2024-12-02 01:54:32,124 INFO server.py 818:: additve id=set()
2024-12-02 01:54:32,125 INFO server.py 819:: unreliable id ={0, 1, 2, 6, 9, 11, 20, 22, 24, 25, 26}
2024-12-02 01:54:32,136 INFO server.py 817:: flip_sign_id={0, 2, 11, 18, 20}
2024-12-02 01:54:32,136 INFO server.py 818:: additve id=set()
2024-12-02 01:54:32,137 INFO server.py 819:: unreliable id ={0, 1, 2, 6, 9, 11, 20, 22, 24, 25, 26}
2024-12-02 01:54:32,148 INFO server.py 817:: flip_sign_id={0, 2, 11, 18, 20}
2024-12-02 01:54:32,149 INFO server.py 818:: additve id=set()
2024-12-02 01:54:32,149 INFO server.py 819:: unreliable id ={0, 1, 2, 6, 9, 11, 20, 22, 24, 25, 26}
2024-12-02 01:54:32,161 INFO server.py 817:: flip_sign_id={0, 2, 11, 18, 20}
2024-12-02 01:54:32,161 INFO server.py 818:: additve id=set()
2024-12-02 01:54:32,162 INFO server.py 819:: unreliable id ={0, 1, 2, 6, 9, 11, 20, 22, 24, 25, 26}
2024-12-02 01:54:32,173 INFO server.py 817:: flip_sign_id={0, 2, 11, 18, 20}
2024-12-02 01:54:32,174 INFO server.py 818:: additve id=set()
2024-12-02 01:54:32,174 INFO server.py 819:: unreliable id ={0, 1, 2, 6, 9, 11, 20, 22, 24, 25, 26}
2024-12-02 01:54:32,175 INFO server.py 1080:: clients' sizes=[1, 2, 1, 0, 0, 0, 2, 2, 0, 1, 0, 1, 2, 2, 2, 2, 1, 1, 2, 0, 1, 1, 1, 1, 1, 0, 1, 1, 1, 1, 2, 0, 2, 0, 1, 2, 1, 0, 2, 0], total=41
2024-12-02 01:54:32,189 INFO server.py 327:: [Server] The aggregation takes 0.304708 seconds.

2024-12-02 01:54:32,190 INFO server.py 211:: [Server] Start testing
2024-12-02 01:54:32,204 INFO server.py 235:: [Server] Test set: Average loss: 0.9836, Accuracy: 121/200 (60.5%)

2024-12-02 01:54:32,205 INFO server.py 238:: [Sever] Confusion matrix:
 tensor([[46.,  2.,  2.,  0.],
        [20., 21.,  6.,  3.],
        [13., 14., 15.,  8.],
        [ 0.,  6.,  5., 39.]])
2024-12-02 01:54:32,207 INFO server.py 254:: [Server] Precision=[0.5822785  0.4883721  0.53571427 0.78      ],
 Recall=[0.92 0.42 0.3  0.78],
 F1-score=[0.7131783  0.45161292 0.3846154  0.7799999 ],
 my_accuracy=60.50000190734863[%]
