2024-12-02 01:34:32,702 INFO _main.py 39:: ################################################################
2024-12-02 01:34:32,703 INFO _main.py 41:: #                              batch_size: 64                  #
2024-12-02 01:34:32,705 INFO _main.py 41:: #                         test_batch_size: 32                  #
2024-12-02 01:34:32,707 INFO _main.py 41:: #                                  epochs: 5                   #
2024-12-02 01:34:32,708 INFO _main.py 41:: #                               optimizer: SGD                 #
2024-12-02 01:34:32,708 INFO _main.py 41:: #                                      lr: 0.01                #
2024-12-02 01:34:32,709 INFO _main.py 41:: #                                momentum: 0.9                 #
2024-12-02 01:34:32,709 INFO _main.py 41:: #                            weight_decay: 0.0001              #
2024-12-02 01:34:32,709 INFO _main.py 41:: #                                    seed: 1                   #
2024-12-02 01:34:32,710 INFO _main.py 41:: #                            log_interval: 11                  #
2024-12-02 01:34:32,710 INFO _main.py 41:: #                             num_clients: 40                  #
2024-12-02 01:34:32,710 INFO _main.py 41:: #                           output_folder: experiments         #
2024-12-02 01:34:32,711 INFO _main.py 41:: #                                 dataset: rockburst           #
2024-12-02 01:34:32,711 INFO _main.py 41:: #                             loader_type: dirichlet           #
2024-12-02 01:34:32,711 INFO _main.py 41:: #                             loader_path: ./data/loader.pk    #
2024-12-02 01:34:32,711 INFO _main.py 41:: #                                      AR: my_hog              #
2024-12-02 01:34:32,711 INFO _main.py 41:: #                     n_attacker_backdoor: 0                   #
2024-12-02 01:34:32,712 INFO _main.py 41:: #                        backdoor_trigger: [0, 0, 1, 1]        #
2024-12-02 01:34:32,712 INFO _main.py 41:: #                   n_attacker_omniscient: 0                   #
2024-12-02 01:34:32,713 INFO _main.py 41:: #                        omniscient_scale: 1                   #
2024-12-02 01:34:32,713 INFO _main.py 41:: #                                 attacks: None                #
2024-12-02 01:34:32,713 INFO _main.py 41:: #                      save_model_weights: False               #
2024-12-02 01:34:32,714 INFO _main.py 41:: #                         experiment_name: sExp4Ba_40ep_rockburst_my_hog_40C_5#
2024-12-02 01:34:32,714 INFO _main.py 41:: #                          path_to_aggNet: None                #
2024-12-02 01:34:32,714 INFO _main.py 41:: #                                  device: cpu                 #
2024-12-02 01:34:32,715 INFO _main.py 41:: #                            inner_epochs: 30                  #
2024-12-02 01:34:32,715 INFO _main.py 41:: #                                 verbose: True                #
2024-12-02 01:34:32,715 INFO _main.py 41:: #                         list_unreliable: [2, 18, 20]         #
2024-12-02 01:34:32,716 INFO _main.py 41:: #                     unreliable_fraction: 0.5                 #
2024-12-02 01:34:32,716 INFO _main.py 41:: #                    unreliable_fracTrain: 0.3                 #
2024-12-02 01:34:32,716 INFO _main.py 41:: #                         mean_unreliable: 0.0                 #
2024-12-02 01:34:32,717 INFO _main.py 41:: #                             blur_method: add_noise           #
2024-12-02 01:34:32,717 INFO _main.py 41:: #                      max_std_unreliable: 30.0                #
2024-12-02 01:34:32,717 INFO _main.py 41:: #                     list_uatk_add_noise: [24, 25, 26]        #
2024-12-02 01:34:32,718 INFO _main.py 41:: #                          mean_add_noise: 0.0                 #
2024-12-02 01:34:32,718 INFO _main.py 41:: #                           std_add_noise: 0.01                #
2024-12-02 01:34:32,718 INFO _main.py 41:: #                     list_uatk_flip_sign: [0, 10, 11]         #
2024-12-02 01:34:32,718 INFO _main.py 42:: ################################################################
2024-12-02 01:34:32,719 INFO _main.py 43:: Namespace(batch_size=64, test_batch_size=32, epochs=5, optimizer='SGD', lr=0.01, momentum=0.9, weight_decay=0.0001, seed=1, log_interval=11, num_clients=40, output_folder='experiments', dataset='rockburst', loader_type='dirichlet', loader_path='./data/loader.pk', AR='my_hog', n_attacker_backdoor=0, backdoor_trigger=[0, 0, 1, 1], n_attacker_omniscient=0, omniscient_scale=1, attacks=None, save_model_weights=False, experiment_name='sExp4Ba_40ep_rockburst_my_hog_40C_5', path_to_aggNet=None, device='cpu', inner_epochs=30, verbose=True, list_unreliable=[2, 18, 20], unreliable_fraction=0.5, unreliable_fracTrain=0.3, mean_unreliable=0.0, blur_method='add_noise', max_std_unreliable=30.0, list_uatk_add_noise=[24, 25, 26], mean_add_noise=0.0, std_add_noise=0.01, list_uatk_flip_sign=[0, 10, 11])
2024-12-02 01:34:32,719 INFO _main.py 44:: #####################
2024-12-02 01:34:32,719 INFO _main.py 45:: #####################
2024-12-02 01:34:32,720 INFO _main.py 46:: #####################
2024-12-02 01:34:32,720 INFO _main.py 47:: Aggregation Rule:	my_hog
2024-12-02 01:34:32,720 INFO _main.py 48:: Data distribution:	dirichlet
2024-12-02 01:34:32,721 INFO _main.py 49:: Attacks:	None 
2024-12-02 01:34:32,721 INFO _main.py 50:: #####################
2024-12-02 01:34:32,721 INFO _main.py 51:: #####################
2024-12-02 01:34:32,721 INFO _main.py 52:: #####################
2024-12-02 01:34:34,270 INFO server.py 366:: SET DBSCAN eps=1.3, min_samples=10
2024-12-02 01:34:34,273 INFO _main.py 135:: [1-normal, 0-malicious] label =tensor([0., 1., 1., 1., 1., 1., 1., 1., 1., 1., 0., 0., 1., 1., 1., 1., 1., 1.,
        1., 1., 1., 1., 1., 1., 0., 0., 0., 1., 1., 1., 1., 1., 1., 1., 1., 1.,
        1., 1., 1., 1.])
2024-12-02 01:34:34,279 INFO malicious_clients.py 123:: init ATTACK OMNISCIENT Client 0
2024-12-02 01:34:34,284 INFO malicious_clients.py 18:: init UNRELIABLE Client 2
2024-12-02 01:34:34,314 INFO malicious_clients.py 123:: init ATTACK OMNISCIENT Client 10
2024-12-02 01:34:34,317 INFO malicious_clients.py 123:: init ATTACK OMNISCIENT Client 11
2024-12-02 01:34:34,338 INFO malicious_clients.py 18:: init UNRELIABLE Client 18
2024-12-02 01:34:34,345 INFO malicious_clients.py 18:: init UNRELIABLE Client 20
2024-12-02 01:34:34,362 INFO malicious_clients.py 73:: init ATTACK ADD NOISE TO GRAD Client 24
2024-12-02 01:34:34,366 INFO malicious_clients.py 73:: init ATTACK ADD NOISE TO GRAD Client 25
2024-12-02 01:34:34,369 INFO malicious_clients.py 73:: init ATTACK ADD NOISE TO GRAD Client 26
2024-12-02 01:34:34,440 INFO server.py 211:: [Server] Start testing
2024-12-02 01:34:34,463 INFO server.py 235:: [Server] Test set: Average loss: 1.3864, Accuracy: 50/200 (25.0%)

2024-12-02 01:34:34,465 INFO server.py 238:: [Sever] Confusion matrix:
 tensor([[50.,  0.,  0.,  0.],
        [50.,  0.,  0.,  0.],
        [50.,  0.,  0.,  0.],
        [50.,  0.,  0.,  0.]])
2024-12-02 01:34:34,471 INFO server.py 254:: [Server] Precision=[0.25  nan  nan  nan],
 Recall=[1. 0. 0. 0.],
 F1-score=[0.4 nan nan nan],
 my_accuracy=25.0[%]
2024-12-02 01:34:34,473 INFO _main.py 209:: ########EPOCH 0 ########
2024-12-02 01:34:34,473 INFO _main.py 210:: ###Model distribution###
2024-12-02 01:34:37,578 INFO server.py 815:: flip_sign_id=set()
2024-12-02 01:34:37,578 INFO server.py 816:: additve id={0}
2024-12-02 01:34:37,578 INFO server.py 817:: unreliable id =set()
2024-12-02 01:34:37,581 INFO server.py 815:: flip_sign_id={0}
2024-12-02 01:34:37,581 INFO server.py 816:: additve id={1}
2024-12-02 01:34:37,581 INFO server.py 817:: unreliable id =set()
2024-12-02 01:34:37,583 INFO server.py 815:: flip_sign_id={1}
2024-12-02 01:34:37,584 INFO server.py 816:: additve id=set()
2024-12-02 01:34:37,584 INFO server.py 817:: unreliable id =set()
2024-12-02 01:34:37,587 INFO server.py 815:: flip_sign_id={1}
2024-12-02 01:34:37,587 INFO server.py 816:: additve id=set()
2024-12-02 01:34:37,587 INFO server.py 817:: unreliable id =set()
2024-12-02 01:34:37,590 INFO server.py 815:: flip_sign_id=set()
2024-12-02 01:34:37,590 INFO server.py 816:: additve id=set()
2024-12-02 01:34:37,590 INFO server.py 817:: unreliable id ={1}
2024-12-02 01:34:37,593 INFO server.py 815:: flip_sign_id=set()
2024-12-02 01:34:37,593 INFO server.py 816:: additve id=set()
2024-12-02 01:34:37,594 INFO server.py 817:: unreliable id ={1}
2024-12-02 01:34:37,596 INFO server.py 815:: flip_sign_id=set()
2024-12-02 01:34:37,596 INFO server.py 816:: additve id=set()
2024-12-02 01:34:37,596 INFO server.py 817:: unreliable id ={0, 1, 6}
2024-12-02 01:34:37,599 INFO server.py 815:: flip_sign_id={0}
2024-12-02 01:34:37,599 INFO server.py 816:: additve id={2, 7}
2024-12-02 01:34:37,600 INFO server.py 817:: unreliable id ={0, 1, 6}
2024-12-02 01:34:37,602 INFO server.py 815:: flip_sign_id=set()
2024-12-02 01:34:37,603 INFO server.py 816:: additve id=set()
2024-12-02 01:34:37,603 INFO server.py 817:: unreliable id ={0, 1, 6}
2024-12-02 01:34:37,606 INFO server.py 815:: flip_sign_id={0}
2024-12-02 01:34:37,606 INFO server.py 816:: additve id={1, 2, 6, 7}
2024-12-02 01:34:37,606 INFO server.py 817:: unreliable id ={0, 1, 6}
2024-12-02 01:34:37,609 INFO server.py 815:: flip_sign_id=set()
2024-12-02 01:34:37,610 INFO server.py 816:: additve id=set()
2024-12-02 01:34:37,610 INFO server.py 817:: unreliable id ={0, 1, 6, 9}
2024-12-02 01:34:37,614 INFO server.py 815:: flip_sign_id=set()
2024-12-02 01:34:37,614 INFO server.py 816:: additve id=set()
2024-12-02 01:34:37,614 INFO server.py 817:: unreliable id ={0, 1, 6, 9, 11}
2024-12-02 01:34:37,618 INFO server.py 815:: flip_sign_id=set()
2024-12-02 01:34:37,618 INFO server.py 816:: additve id=set()
2024-12-02 01:34:37,619 INFO server.py 817:: unreliable id ={0, 1, 6, 9, 11}
2024-12-02 01:34:37,623 INFO server.py 815:: flip_sign_id={0, 11}
2024-12-02 01:34:37,624 INFO server.py 816:: additve id={1, 6, 7, 12, 13}
2024-12-02 01:34:37,624 INFO server.py 817:: unreliable id ={0, 1, 6, 9, 11}
2024-12-02 01:34:37,628 INFO server.py 815:: flip_sign_id={0, 11}
2024-12-02 01:34:37,629 INFO server.py 816:: additve id={1, 6, 7, 12, 13, 14}
2024-12-02 01:34:37,629 INFO server.py 817:: unreliable id ={0, 1, 6, 9, 11}
2024-12-02 01:34:37,634 INFO server.py 815:: flip_sign_id={0, 11}
2024-12-02 01:34:37,635 INFO server.py 816:: additve id={1, 6, 7, 9, 12, 13, 14, 15}
2024-12-02 01:34:37,635 INFO server.py 817:: unreliable id ={0, 1, 6, 9, 11}
2024-12-02 01:34:37,640 INFO server.py 815:: flip_sign_id={0, 2, 11}
2024-12-02 01:34:37,641 INFO server.py 816:: additve id={1, 6, 7, 9, 12, 13, 14, 15, 16}
2024-12-02 01:34:37,641 INFO server.py 817:: unreliable id ={0, 1, 6, 9, 11}
2024-12-02 01:34:37,647 INFO server.py 815:: flip_sign_id={0, 11}
2024-12-02 01:34:37,647 INFO server.py 816:: additve id=set()
2024-12-02 01:34:37,648 INFO server.py 817:: unreliable id ={0, 1, 6, 9, 11}
2024-12-02 01:34:37,654 INFO server.py 815:: flip_sign_id={0, 11}
2024-12-02 01:34:37,654 INFO server.py 816:: additve id=set()
2024-12-02 01:34:37,655 INFO server.py 817:: unreliable id ={0, 1, 6, 9, 11}
2024-12-02 01:34:37,661 INFO server.py 815:: flip_sign_id={0, 11}
2024-12-02 01:34:37,661 INFO server.py 816:: additve id=set()
2024-12-02 01:34:37,662 INFO server.py 817:: unreliable id ={0, 1, 6, 9, 11}
2024-12-02 01:34:37,668 INFO server.py 815:: flip_sign_id={0, 11}
2024-12-02 01:34:37,669 INFO server.py 816:: additve id=set()
2024-12-02 01:34:37,669 INFO server.py 817:: unreliable id ={0, 1, 6, 9, 11}
2024-12-02 01:34:37,676 INFO server.py 815:: flip_sign_id={0, 11}
2024-12-02 01:34:37,676 INFO server.py 816:: additve id=set()
2024-12-02 01:34:37,676 INFO server.py 817:: unreliable id ={0, 1, 6, 9, 11}
2024-12-02 01:34:37,684 INFO server.py 815:: flip_sign_id={0, 11}
2024-12-02 01:34:37,684 INFO server.py 816:: additve id=set()
2024-12-02 01:34:37,685 INFO server.py 817:: unreliable id ={0, 1, 6, 9, 11}
2024-12-02 01:34:37,693 INFO server.py 815:: flip_sign_id={0, 11}
2024-12-02 01:34:37,694 INFO server.py 816:: additve id=set()
2024-12-02 01:34:37,694 INFO server.py 817:: unreliable id ={0, 1, 6, 9, 11}
2024-12-02 01:34:37,702 INFO server.py 815:: flip_sign_id={0, 11}
2024-12-02 01:34:37,702 INFO server.py 816:: additve id=set()
2024-12-02 01:34:37,702 INFO server.py 817:: unreliable id ={0, 1, 6, 9, 11}
2024-12-02 01:34:37,711 INFO server.py 815:: flip_sign_id={0, 11}
2024-12-02 01:34:37,711 INFO server.py 816:: additve id=set()
2024-12-02 01:34:37,712 INFO server.py 817:: unreliable id ={0, 1, 6, 9, 11}
2024-12-02 01:34:37,720 INFO server.py 815:: flip_sign_id={0, 11}
2024-12-02 01:34:37,721 INFO server.py 816:: additve id=set()
2024-12-02 01:34:37,721 INFO server.py 817:: unreliable id ={0, 1, 6, 9, 11}
2024-12-02 01:34:37,733 INFO server.py 815:: flip_sign_id={0, 18, 11}
2024-12-02 01:34:37,733 INFO server.py 816:: additve id=set()
2024-12-02 01:34:37,734 INFO server.py 817:: unreliable id ={0, 1, 2, 6, 9, 11, 20, 22, 24, 25, 26}
2024-12-02 01:34:37,743 INFO server.py 815:: flip_sign_id={0, 18, 11}
2024-12-02 01:34:37,743 INFO server.py 816:: additve id=set()
2024-12-02 01:34:37,744 INFO server.py 817:: unreliable id ={0, 1, 2, 6, 9, 11, 20, 22, 24, 25, 26}
2024-12-02 01:34:37,753 INFO server.py 815:: flip_sign_id={0, 18, 2, 11}
2024-12-02 01:34:37,753 INFO server.py 816:: additve id=set()
2024-12-02 01:34:37,754 INFO server.py 817:: unreliable id ={0, 1, 2, 6, 9, 11, 20, 22, 24, 25, 26}
2024-12-02 01:34:37,763 INFO server.py 815:: flip_sign_id={0, 18, 2, 11}
2024-12-02 01:34:37,764 INFO server.py 816:: additve id=set()
2024-12-02 01:34:37,764 INFO server.py 817:: unreliable id ={0, 1, 2, 6, 9, 11, 20, 22, 24, 25, 26}
2024-12-02 01:34:37,774 INFO server.py 815:: flip_sign_id={0, 18, 2, 11}
2024-12-02 01:34:37,774 INFO server.py 816:: additve id=set()
2024-12-02 01:34:37,775 INFO server.py 817:: unreliable id ={0, 1, 2, 6, 9, 11, 20, 22, 24, 25, 26}
2024-12-02 01:34:37,785 INFO server.py 815:: flip_sign_id={0, 18, 2, 11}
2024-12-02 01:34:37,785 INFO server.py 816:: additve id=set()
2024-12-02 01:34:37,785 INFO server.py 817:: unreliable id ={0, 1, 2, 6, 9, 11, 20, 22, 24, 25, 26}
2024-12-02 01:34:37,795 INFO server.py 815:: flip_sign_id={0, 18, 2, 11}
2024-12-02 01:34:37,796 INFO server.py 816:: additve id=set()
2024-12-02 01:34:37,796 INFO server.py 817:: unreliable id ={0, 1, 2, 6, 9, 11, 20, 22, 24, 25, 26}
2024-12-02 01:34:37,807 INFO server.py 815:: flip_sign_id={0, 18, 2, 11}
2024-12-02 01:34:37,807 INFO server.py 816:: additve id=set()
2024-12-02 01:34:37,807 INFO server.py 817:: unreliable id ={0, 1, 2, 6, 9, 11, 20, 22, 24, 25, 26}
2024-12-02 01:34:37,818 INFO server.py 815:: flip_sign_id={0, 18, 2, 11}
2024-12-02 01:34:37,819 INFO server.py 816:: additve id=set()
2024-12-02 01:34:37,819 INFO server.py 817:: unreliable id ={0, 1, 2, 6, 9, 11, 20, 22, 24, 25, 26}
2024-12-02 01:34:37,830 INFO server.py 815:: flip_sign_id={0, 18, 2, 11}
2024-12-02 01:34:37,830 INFO server.py 816:: additve id=set()
2024-12-02 01:34:37,830 INFO server.py 817:: unreliable id ={0, 1, 2, 6, 9, 11, 20, 22, 24, 25, 26}
2024-12-02 01:34:37,842 INFO server.py 815:: flip_sign_id={0, 18, 2, 11}
2024-12-02 01:34:37,842 INFO server.py 816:: additve id=set()
2024-12-02 01:34:37,843 INFO server.py 817:: unreliable id ={0, 1, 2, 6, 9, 11, 20, 22, 24, 25, 26}
2024-12-02 01:34:37,854 INFO server.py 815:: flip_sign_id={0, 18, 2, 11}
2024-12-02 01:34:37,855 INFO server.py 816:: additve id=set()
2024-12-02 01:34:37,855 INFO server.py 817:: unreliable id ={0, 1, 2, 6, 9, 11, 20, 22, 24, 25, 26}
2024-12-02 01:34:37,868 INFO server.py 815:: flip_sign_id={0, 18, 2, 11}
2024-12-02 01:34:37,869 INFO server.py 816:: additve id=set()
2024-12-02 01:34:37,869 INFO server.py 817:: unreliable id ={0, 1, 2, 6, 9, 11, 20, 22, 24, 25, 26}
2024-12-02 01:34:37,870 INFO server.py 1078:: clients' sizes=[1, 2, 1, 0, 0, 0, 2, 2, 0, 1, 0, 1, 2, 2, 2, 2, 1, 1, 2, 0, 1, 1, 1, 1, 1, 0, 1, 1, 1, 1, 2, 0, 2, 0, 1, 2, 1, 0, 2, 0], total=41
2024-12-02 01:34:37,883 INFO server.py 327:: [Server] The aggregation takes 0.306485 seconds.

2024-12-02 01:34:37,884 INFO server.py 211:: [Server] Start testing
2024-12-02 01:34:37,901 INFO server.py 235:: [Server] Test set: Average loss: 1.3313, Accuracy: 71/200 (35.5%)

2024-12-02 01:34:37,902 INFO server.py 238:: [Sever] Confusion matrix:
 tensor([[50.,  0.,  0.,  0.],
        [50.,  0.,  0.,  0.],
        [50.,  0.,  0.,  0.],
        [29.,  0.,  0., 21.]])
2024-12-02 01:34:37,903 INFO server.py 254:: [Server] Precision=[0.2793296       nan       nan 1.       ],
 Recall=[1.   0.   0.   0.42],
 F1-score=[0.43668124        nan        nan 0.5915493 ],
 my_accuracy=35.499998927116394[%]
2024-12-02 01:34:37,904 INFO _main.py 209:: ########EPOCH 1 ########
2024-12-02 01:34:37,904 INFO _main.py 210:: ###Model distribution###
2024-12-02 01:34:40,670 INFO server.py 815:: flip_sign_id=set()
2024-12-02 01:34:40,671 INFO server.py 816:: additve id={0}
2024-12-02 01:34:40,671 INFO server.py 817:: unreliable id ={0, 1, 2, 6, 9, 11, 20, 22, 24, 25, 26}
2024-12-02 01:34:40,673 INFO server.py 815:: flip_sign_id={0}
2024-12-02 01:34:40,673 INFO server.py 816:: additve id={1}
2024-12-02 01:34:40,674 INFO server.py 817:: unreliable id ={0, 1, 2, 6, 9, 11, 20, 22, 24, 25, 26}
2024-12-02 01:34:40,676 INFO server.py 815:: flip_sign_id={1}
2024-12-02 01:34:40,676 INFO server.py 816:: additve id=set()
2024-12-02 01:34:40,676 INFO server.py 817:: unreliable id ={0, 1, 2, 6, 9, 11, 20, 22, 24, 25, 26}
2024-12-02 01:34:40,678 INFO server.py 815:: flip_sign_id={1}
2024-12-02 01:34:40,679 INFO server.py 816:: additve id=set()
2024-12-02 01:34:40,679 INFO server.py 817:: unreliable id ={0, 1, 2, 6, 9, 11, 20, 22, 24, 25, 26}
2024-12-02 01:34:40,681 INFO server.py 815:: flip_sign_id=set()
2024-12-02 01:34:40,682 INFO server.py 816:: additve id=set()
2024-12-02 01:34:40,682 INFO server.py 817:: unreliable id ={0, 1, 2, 6, 9, 11, 20, 22, 24, 25, 26}
2024-12-02 01:34:40,685 INFO server.py 815:: flip_sign_id=set()
2024-12-02 01:34:40,685 INFO server.py 816:: additve id=set()
2024-12-02 01:34:40,686 INFO server.py 817:: unreliable id ={0, 1, 2, 6, 9, 11, 20, 22, 24, 25, 26}
2024-12-02 01:34:40,689 INFO server.py 815:: flip_sign_id=set()
2024-12-02 01:34:40,690 INFO server.py 816:: additve id=set()
2024-12-02 01:34:40,690 INFO server.py 817:: unreliable id ={0, 1, 2, 6, 9, 11, 20, 22, 24, 25, 26}
2024-12-02 01:34:40,693 INFO server.py 815:: flip_sign_id={0}
2024-12-02 01:34:40,694 INFO server.py 816:: additve id=set()
2024-12-02 01:34:40,694 INFO server.py 817:: unreliable id ={0, 1, 2, 6, 9, 11, 20, 22, 24, 25, 26}
2024-12-02 01:34:40,697 INFO server.py 815:: flip_sign_id=set()
2024-12-02 01:34:40,698 INFO server.py 816:: additve id=set()
2024-12-02 01:34:40,698 INFO server.py 817:: unreliable id ={0, 1, 2, 6, 9, 11, 20, 22, 24, 25, 26}
2024-12-02 01:34:40,705 INFO server.py 815:: flip_sign_id={0}
2024-12-02 01:34:40,705 INFO server.py 816:: additve id=set()
2024-12-02 01:34:40,705 INFO server.py 817:: unreliable id ={0, 1, 2, 6, 9, 11, 20, 22, 24, 25, 26}
2024-12-02 01:34:40,709 INFO server.py 815:: flip_sign_id=set()
2024-12-02 01:34:40,710 INFO server.py 816:: additve id=set()
2024-12-02 01:34:40,710 INFO server.py 817:: unreliable id ={0, 1, 2, 6, 9, 11, 20, 22, 24, 25, 26}
2024-12-02 01:34:40,715 INFO server.py 815:: flip_sign_id=set()
2024-12-02 01:34:40,715 INFO server.py 816:: additve id=set()
2024-12-02 01:34:40,715 INFO server.py 817:: unreliable id ={0, 1, 2, 6, 9, 11, 20, 22, 24, 25, 26}
2024-12-02 01:34:40,721 INFO server.py 815:: flip_sign_id=set()
2024-12-02 01:34:40,721 INFO server.py 816:: additve id=set()
2024-12-02 01:34:40,722 INFO server.py 817:: unreliable id ={0, 1, 2, 6, 9, 11, 20, 22, 24, 25, 26}
2024-12-02 01:34:40,727 INFO server.py 815:: flip_sign_id={0, 11}
2024-12-02 01:34:40,728 INFO server.py 816:: additve id=set()
2024-12-02 01:34:40,728 INFO server.py 817:: unreliable id ={0, 1, 2, 6, 9, 11, 20, 22, 24, 25, 26}
2024-12-02 01:34:40,735 INFO server.py 815:: flip_sign_id={0, 11}
2024-12-02 01:34:40,735 INFO server.py 816:: additve id=set()
2024-12-02 01:34:40,735 INFO server.py 817:: unreliable id ={0, 1, 2, 6, 9, 11, 20, 22, 24, 25, 26}
2024-12-02 01:34:40,743 INFO server.py 815:: flip_sign_id={0, 2, 11}
2024-12-02 01:34:40,747 INFO server.py 816:: additve id={1, 6, 7, 9, 12, 13, 14, 15}
2024-12-02 01:34:40,747 INFO server.py 817:: unreliable id ={0, 1, 2, 6, 9, 11, 20, 22, 24, 25, 26}
2024-12-02 01:34:40,754 INFO server.py 815:: flip_sign_id={0, 2, 11}
2024-12-02 01:34:40,754 INFO server.py 816:: additve id={1, 6, 7, 9, 12, 13, 14, 15, 16}
2024-12-02 01:34:40,755 INFO server.py 817:: unreliable id ={0, 1, 2, 6, 9, 11, 20, 22, 24, 25, 26}
2024-12-02 01:34:40,762 INFO server.py 815:: flip_sign_id={0, 2, 11}
2024-12-02 01:34:40,763 INFO server.py 816:: additve id=set()
2024-12-02 01:34:40,763 INFO server.py 817:: unreliable id ={0, 1, 2, 6, 9, 11, 20, 22, 24, 25, 26}
2024-12-02 01:34:40,771 INFO server.py 815:: flip_sign_id={0, 18, 2, 11}
2024-12-02 01:34:40,772 INFO server.py 816:: additve id={1, 6, 7, 9, 12, 13, 14, 15, 16, 17}
2024-12-02 01:34:40,772 INFO server.py 817:: unreliable id ={0, 1, 2, 6, 9, 11, 20, 22, 24, 25, 26}
2024-12-02 01:34:40,780 INFO server.py 815:: flip_sign_id={0, 18, 2, 11}
2024-12-02 01:34:40,780 INFO server.py 816:: additve id={1, 6, 7, 9, 12, 13, 14, 15, 16, 17}
2024-12-02 01:34:40,780 INFO server.py 817:: unreliable id ={0, 1, 2, 6, 9, 11, 20, 22, 24, 25, 26}
2024-12-02 01:34:40,788 INFO server.py 815:: flip_sign_id={0, 11}
2024-12-02 01:34:40,789 INFO server.py 816:: additve id={1, 6, 7, 9, 12, 13, 14, 15, 16, 17}
2024-12-02 01:34:40,789 INFO server.py 817:: unreliable id ={0, 1, 2, 6, 9, 11, 20, 22, 24, 25, 26}
2024-12-02 01:34:40,798 INFO server.py 815:: flip_sign_id={0, 18, 11}
2024-12-02 01:34:40,798 INFO server.py 816:: additve id={1, 6, 7, 9, 12, 13, 14, 15, 16, 17, 21}
2024-12-02 01:34:40,799 INFO server.py 817:: unreliable id ={0, 1, 2, 6, 9, 11, 20, 22, 24, 25, 26}
2024-12-02 01:34:40,808 INFO server.py 815:: flip_sign_id={0, 18, 2, 11}
2024-12-02 01:34:40,808 INFO server.py 816:: additve id={1, 6, 7, 9, 12, 13, 14, 15, 16, 17, 21, 22}
2024-12-02 01:34:40,808 INFO server.py 817:: unreliable id ={0, 1, 2, 6, 9, 11, 20, 22, 24, 25, 26}
2024-12-02 01:34:40,818 INFO server.py 815:: flip_sign_id={0, 18, 2, 11}
2024-12-02 01:34:40,819 INFO server.py 816:: additve id={1, 6, 7, 9, 12, 13, 14, 15, 16, 17, 21, 22, 23}
2024-12-02 01:34:40,819 INFO server.py 817:: unreliable id ={0, 1, 2, 6, 9, 11, 20, 22, 24, 25, 26}
2024-12-02 01:34:40,829 INFO server.py 815:: flip_sign_id={0, 18, 2, 11}
2024-12-02 01:34:40,830 INFO server.py 816:: additve id={1, 6, 7, 9, 12, 13, 14, 15, 16, 17, 21, 22, 23}
2024-12-02 01:34:40,830 INFO server.py 817:: unreliable id ={0, 1, 2, 6, 9, 11, 20, 22, 24, 25, 26}
2024-12-02 01:34:40,841 INFO server.py 815:: flip_sign_id={0, 18, 2, 11}
2024-12-02 01:34:40,841 INFO server.py 816:: additve id={1, 6, 7, 9, 12, 13, 14, 15, 16, 17, 21, 22, 23}
2024-12-02 01:34:40,841 INFO server.py 817:: unreliable id ={0, 1, 2, 6, 9, 11, 20, 22, 24, 25, 26}
2024-12-02 01:34:40,852 INFO server.py 815:: flip_sign_id={0, 18, 2, 11}
2024-12-02 01:34:40,853 INFO server.py 816:: additve id={1, 6, 7, 9, 12, 13, 14, 15, 16, 17, 21, 22, 23, 26}
2024-12-02 01:34:40,853 INFO server.py 817:: unreliable id ={0, 1, 2, 6, 9, 11, 20, 22, 24, 25, 26}
2024-12-02 01:34:40,864 INFO server.py 815:: flip_sign_id={0, 2, 11, 18, 20}
2024-12-02 01:34:40,865 INFO server.py 816:: additve id={1, 6, 7, 9, 12, 13, 14, 15, 16, 17, 21, 23, 27}
2024-12-02 01:34:40,865 INFO server.py 817:: unreliable id ={0, 1, 2, 6, 9, 11, 20, 22, 24, 25, 26}
2024-12-02 01:34:40,877 INFO server.py 815:: flip_sign_id={0, 2, 11, 18, 20}
2024-12-02 01:34:40,877 INFO server.py 816:: additve id=set()
2024-12-02 01:34:40,877 INFO server.py 817:: unreliable id ={0, 1, 2, 6, 9, 11, 20, 22, 24, 25, 26}
2024-12-02 01:34:40,889 INFO server.py 815:: flip_sign_id={0, 2, 11, 18, 20}
2024-12-02 01:34:40,890 INFO server.py 816:: additve id=set()
2024-12-02 01:34:40,890 INFO server.py 817:: unreliable id ={0, 1, 2, 6, 9, 11, 20, 22, 24, 25, 26}
2024-12-02 01:34:40,904 INFO server.py 815:: flip_sign_id={0, 2, 11, 18, 20}
2024-12-02 01:34:40,905 INFO server.py 816:: additve id=set()
2024-12-02 01:34:40,905 INFO server.py 817:: unreliable id ={0, 1, 2, 6, 9, 11, 20, 22, 24, 25, 26}
2024-12-02 01:34:40,918 INFO server.py 815:: flip_sign_id={0, 2, 11, 18, 20}
2024-12-02 01:34:40,919 INFO server.py 816:: additve id=set()
2024-12-02 01:34:40,919 INFO server.py 817:: unreliable id ={0, 1, 2, 6, 9, 11, 20, 22, 24, 25, 26}
2024-12-02 01:34:40,932 INFO server.py 815:: flip_sign_id={0, 2, 11, 18, 20}
2024-12-02 01:34:40,933 INFO server.py 816:: additve id=set()
2024-12-02 01:34:40,933 INFO server.py 817:: unreliable id ={0, 1, 2, 6, 9, 11, 20, 22, 24, 25, 26}
2024-12-02 01:34:40,947 INFO server.py 815:: flip_sign_id={0, 2, 11, 18, 20}
2024-12-02 01:34:40,947 INFO server.py 816:: additve id=set()
2024-12-02 01:34:40,947 INFO server.py 817:: unreliable id ={0, 1, 2, 6, 9, 11, 20, 22, 24, 25, 26}
2024-12-02 01:34:40,960 INFO server.py 815:: flip_sign_id={0, 2, 11, 18, 20}
2024-12-02 01:34:40,961 INFO server.py 816:: additve id=set()
2024-12-02 01:34:40,961 INFO server.py 817:: unreliable id ={0, 1, 2, 6, 9, 11, 20, 22, 24, 25, 26}
2024-12-02 01:34:40,975 INFO server.py 815:: flip_sign_id={0, 2, 11, 18, 20}
2024-12-02 01:34:40,975 INFO server.py 816:: additve id=set()
2024-12-02 01:34:40,976 INFO server.py 817:: unreliable id ={0, 1, 2, 6, 9, 11, 20, 22, 24, 25, 26}
2024-12-02 01:34:40,990 INFO server.py 815:: flip_sign_id={0, 2, 11, 18, 20}
2024-12-02 01:34:40,991 INFO server.py 816:: additve id=set()
2024-12-02 01:34:40,991 INFO server.py 817:: unreliable id ={0, 1, 2, 6, 9, 11, 20, 22, 24, 25, 26}
2024-12-02 01:34:41,006 INFO server.py 815:: flip_sign_id={0, 2, 11, 18, 20}
2024-12-02 01:34:41,007 INFO server.py 816:: additve id=set()
2024-12-02 01:34:41,008 INFO server.py 817:: unreliable id ={0, 1, 2, 6, 9, 11, 20, 22, 24, 25, 26}
2024-12-02 01:34:41,030 INFO server.py 815:: flip_sign_id={0, 2, 11, 18, 20}
2024-12-02 01:34:41,030 INFO server.py 816:: additve id=set()
2024-12-02 01:34:41,031 INFO server.py 817:: unreliable id ={0, 1, 2, 6, 9, 11, 20, 22, 24, 25, 26}
2024-12-02 01:34:41,046 INFO server.py 815:: flip_sign_id={0, 2, 11, 18, 20}
2024-12-02 01:34:41,047 INFO server.py 816:: additve id=set()
2024-12-02 01:34:41,047 INFO server.py 817:: unreliable id ={0, 1, 2, 6, 9, 11, 20, 22, 24, 25, 26}
2024-12-02 01:34:41,049 INFO server.py 1078:: clients' sizes=[1, 2, 1, 0, 0, 0, 2, 2, 0, 1, 0, 1, 2, 2, 2, 2, 1, 1, 2, 0, 1, 1, 1, 1, 1, 0, 1, 1, 1, 1, 2, 0, 2, 0, 1, 2, 1, 0, 2, 0], total=41
2024-12-02 01:34:41,068 INFO server.py 327:: [Server] The aggregation takes 0.398501 seconds.

2024-12-02 01:34:41,070 INFO server.py 211:: [Server] Start testing
2024-12-02 01:34:41,091 INFO server.py 235:: [Server] Test set: Average loss: 1.1994, Accuracy: 90/200 (45.0%)

2024-12-02 01:34:41,093 INFO server.py 238:: [Sever] Confusion matrix:
 tensor([[50.,  0.,  0.,  0.],
        [46.,  0.,  1.,  3.],
        [34.,  0.,  6., 10.],
        [ 9.,  0.,  7., 34.]])
2024-12-02 01:34:41,095 INFO server.py 254:: [Server] Precision=[0.35971224        nan 0.42857143 0.7234042 ],
 Recall=[1.   0.   0.12 0.68],
 F1-score=[0.52910054        nan 0.1875     0.7010309 ],
 my_accuracy=44.999998807907104[%]
2024-12-02 01:34:41,096 INFO _main.py 209:: ########EPOCH 2 ########
2024-12-02 01:34:41,099 INFO _main.py 210:: ###Model distribution###
2024-12-02 01:34:44,824 INFO server.py 815:: flip_sign_id=set()
2024-12-02 01:34:44,825 INFO server.py 816:: additve id={0}
2024-12-02 01:34:44,825 INFO server.py 817:: unreliable id ={0, 1, 2, 6, 9, 11, 20, 22, 24, 25, 26}
2024-12-02 01:34:44,827 INFO server.py 815:: flip_sign_id={0}
2024-12-02 01:34:44,827 INFO server.py 816:: additve id={1}
2024-12-02 01:34:44,827 INFO server.py 817:: unreliable id ={0, 1, 2, 6, 9, 11, 20, 22, 24, 25, 26}
2024-12-02 01:34:44,829 INFO server.py 815:: flip_sign_id={1}
2024-12-02 01:34:44,830 INFO server.py 816:: additve id=set()
2024-12-02 01:34:44,830 INFO server.py 817:: unreliable id ={0, 1, 2, 6, 9, 11, 20, 22, 24, 25, 26}
2024-12-02 01:34:44,832 INFO server.py 815:: flip_sign_id={1}
2024-12-02 01:34:44,832 INFO server.py 816:: additve id=set()
2024-12-02 01:34:44,833 INFO server.py 817:: unreliable id ={0, 1, 2, 6, 9, 11, 20, 22, 24, 25, 26}
2024-12-02 01:34:44,835 INFO server.py 815:: flip_sign_id=set()
2024-12-02 01:34:44,835 INFO server.py 816:: additve id=set()
2024-12-02 01:34:44,836 INFO server.py 817:: unreliable id ={0, 1, 2, 6, 9, 11, 20, 22, 24, 25, 26}
2024-12-02 01:34:44,839 INFO server.py 815:: flip_sign_id=set()
2024-12-02 01:34:44,839 INFO server.py 816:: additve id=set()
2024-12-02 01:34:44,839 INFO server.py 817:: unreliable id ={0, 1, 2, 6, 9, 11, 20, 22, 24, 25, 26}
2024-12-02 01:34:44,842 INFO server.py 815:: flip_sign_id=set()
2024-12-02 01:34:44,843 INFO server.py 816:: additve id=set()
2024-12-02 01:34:44,843 INFO server.py 817:: unreliable id ={0, 1, 2, 6, 9, 11, 20, 22, 24, 25, 26}
2024-12-02 01:34:44,846 INFO server.py 815:: flip_sign_id={0}
2024-12-02 01:34:44,846 INFO server.py 816:: additve id=set()
2024-12-02 01:34:44,847 INFO server.py 817:: unreliable id ={0, 1, 2, 6, 9, 11, 20, 22, 24, 25, 26}
2024-12-02 01:34:44,850 INFO server.py 815:: flip_sign_id=set()
2024-12-02 01:34:44,851 INFO server.py 816:: additve id=set()
2024-12-02 01:34:44,851 INFO server.py 817:: unreliable id ={0, 1, 2, 6, 9, 11, 20, 22, 24, 25, 26}
2024-12-02 01:34:44,855 INFO server.py 815:: flip_sign_id={0}
2024-12-02 01:34:44,855 INFO server.py 816:: additve id=set()
2024-12-02 01:34:44,856 INFO server.py 817:: unreliable id ={0, 1, 2, 6, 9, 11, 20, 22, 24, 25, 26}
2024-12-02 01:34:44,860 INFO server.py 815:: flip_sign_id=set()
2024-12-02 01:34:44,860 INFO server.py 816:: additve id=set()
2024-12-02 01:34:44,860 INFO server.py 817:: unreliable id ={0, 1, 2, 6, 9, 11, 20, 22, 24, 25, 26}
2024-12-02 01:34:44,865 INFO server.py 815:: flip_sign_id=set()
2024-12-02 01:34:44,865 INFO server.py 816:: additve id=set()
2024-12-02 01:34:44,865 INFO server.py 817:: unreliable id ={0, 1, 2, 6, 9, 11, 20, 22, 24, 25, 26}
2024-12-02 01:34:44,870 INFO server.py 815:: flip_sign_id=set()
2024-12-02 01:34:44,870 INFO server.py 816:: additve id=set()
2024-12-02 01:34:44,871 INFO server.py 817:: unreliable id ={0, 1, 2, 6, 9, 11, 20, 22, 24, 25, 26}
2024-12-02 01:34:44,876 INFO server.py 815:: flip_sign_id={0, 11}
2024-12-02 01:34:44,877 INFO server.py 816:: additve id=set()
2024-12-02 01:34:44,877 INFO server.py 817:: unreliable id ={0, 1, 2, 6, 9, 11, 20, 22, 24, 25, 26}
2024-12-02 01:34:44,883 INFO server.py 815:: flip_sign_id={0, 11}
2024-12-02 01:34:44,883 INFO server.py 816:: additve id=set()
2024-12-02 01:34:44,883 INFO server.py 817:: unreliable id ={0, 1, 2, 6, 9, 11, 20, 22, 24, 25, 26}
2024-12-02 01:34:44,890 INFO server.py 815:: flip_sign_id={0, 2, 11}
2024-12-02 01:34:44,891 INFO server.py 816:: additve id={1, 6, 7, 9, 12, 13, 14, 15}
2024-12-02 01:34:44,891 INFO server.py 817:: unreliable id ={0, 1, 2, 6, 9, 11, 20, 22, 24, 25, 26}
2024-12-02 01:34:44,898 INFO server.py 815:: flip_sign_id={0, 2, 11}
2024-12-02 01:34:44,898 INFO server.py 816:: additve id={1, 6, 7, 9, 12, 13, 14, 15, 16}
2024-12-02 01:34:44,898 INFO server.py 817:: unreliable id ={0, 1, 2, 6, 9, 11, 20, 22, 24, 25, 26}
2024-12-02 01:34:44,906 INFO server.py 815:: flip_sign_id={0, 2, 11}
2024-12-02 01:34:44,906 INFO server.py 816:: additve id={1, 6, 7, 9, 12, 13, 14, 15, 16, 17}
2024-12-02 01:34:44,906 INFO server.py 817:: unreliable id ={0, 1, 2, 6, 9, 11, 20, 22, 24, 25, 26}
2024-12-02 01:34:44,915 INFO server.py 815:: flip_sign_id={0, 18, 2, 11}
2024-12-02 01:34:44,915 INFO server.py 816:: additve id={1, 6, 7, 9, 12, 13, 14, 15, 16, 17}
2024-12-02 01:34:44,915 INFO server.py 817:: unreliable id ={0, 1, 2, 6, 9, 11, 20, 22, 24, 25, 26}
2024-12-02 01:34:44,926 INFO server.py 815:: flip_sign_id={0, 18, 2, 11}
2024-12-02 01:34:44,930 INFO server.py 816:: additve id={1, 6, 7, 9, 12, 13, 14, 15, 16, 17}
2024-12-02 01:34:44,930 INFO server.py 817:: unreliable id ={0, 1, 2, 6, 9, 11, 20, 22, 24, 25, 26}
2024-12-02 01:34:44,943 INFO server.py 815:: flip_sign_id={0, 11}
2024-12-02 01:34:44,947 INFO server.py 816:: additve id={1, 6, 7, 9, 12, 13, 14, 15, 16, 17}
2024-12-02 01:34:44,947 INFO server.py 817:: unreliable id ={0, 1, 2, 6, 9, 11, 20, 22, 24, 25, 26}
2024-12-02 01:34:44,960 INFO server.py 815:: flip_sign_id={0, 2, 11, 18, 20}
2024-12-02 01:34:44,961 INFO server.py 816:: additve id={1, 6, 7, 9, 12, 13, 14, 15, 16, 17, 21}
2024-12-02 01:34:44,961 INFO server.py 817:: unreliable id ={0, 1, 2, 6, 9, 11, 20, 22, 24, 25, 26}
2024-12-02 01:34:44,975 INFO server.py 815:: flip_sign_id={0, 2, 11, 18, 20}
2024-12-02 01:34:44,975 INFO server.py 816:: additve id={1, 6, 7, 9, 12, 13, 14, 15, 16, 17, 21, 22}
2024-12-02 01:34:44,975 INFO server.py 817:: unreliable id ={0, 1, 2, 6, 9, 11, 20, 22, 24, 25, 26}
2024-12-02 01:34:44,986 INFO server.py 815:: flip_sign_id={0, 2, 11, 18, 20}
2024-12-02 01:34:44,986 INFO server.py 816:: additve id={1, 6, 7, 9, 12, 13, 14, 15, 16, 17, 21, 22, 23}
2024-12-02 01:34:44,987 INFO server.py 817:: unreliable id ={0, 1, 2, 6, 9, 11, 20, 22, 24, 25, 26}
2024-12-02 01:34:45,002 INFO server.py 815:: flip_sign_id={0, 2, 11, 18, 20}
2024-12-02 01:34:45,003 INFO server.py 816:: additve id={1, 6, 7, 9, 12, 13, 14, 15, 16, 17, 21, 22, 23, 24}
2024-12-02 01:34:45,003 INFO server.py 817:: unreliable id ={0, 1, 2, 6, 9, 11, 20, 22, 24, 25, 26}
2024-12-02 01:34:45,018 INFO server.py 815:: flip_sign_id={0, 2, 11, 18, 20}
2024-12-02 01:34:45,019 INFO server.py 816:: additve id={1, 6, 7, 9, 12, 13, 14, 15, 16, 17, 21, 22, 23, 24}
2024-12-02 01:34:45,019 INFO server.py 817:: unreliable id ={0, 1, 2, 6, 9, 11, 20, 22, 24, 25, 26}
2024-12-02 01:34:45,031 INFO server.py 815:: flip_sign_id={0, 2, 11, 18, 20}
2024-12-02 01:34:45,035 INFO server.py 816:: additve id={1, 6, 7, 9, 12, 13, 14, 15, 16, 17, 21, 22, 23, 24, 26}
2024-12-02 01:34:45,035 INFO server.py 817:: unreliable id ={0, 1, 2, 6, 9, 11, 20, 22, 24, 25, 26}
2024-12-02 01:34:45,050 INFO server.py 815:: flip_sign_id={0, 2, 11, 18, 20}
2024-12-02 01:34:45,054 INFO server.py 816:: additve id={1, 6, 7, 9, 12, 13, 14, 15, 16, 17, 21, 22, 23, 27}
2024-12-02 01:34:45,054 INFO server.py 817:: unreliable id ={0, 1, 2, 6, 9, 11, 20, 22, 24, 25, 26}
2024-12-02 01:34:45,075 INFO server.py 815:: flip_sign_id={0, 2, 11, 18, 20}
2024-12-02 01:34:45,075 INFO server.py 816:: additve id=set()
2024-12-02 01:34:45,075 INFO server.py 817:: unreliable id ={0, 1, 2, 6, 9, 11, 20, 22, 24, 25, 26}
2024-12-02 01:34:45,089 INFO server.py 815:: flip_sign_id={0, 2, 11, 18, 20}
2024-12-02 01:34:45,089 INFO server.py 816:: additve id={1, 6, 7, 9, 12, 13, 14, 15, 16, 17, 21, 23, 27, 28, 29}
2024-12-02 01:34:45,090 INFO server.py 817:: unreliable id ={0, 1, 2, 6, 9, 11, 20, 22, 24, 25, 26}
2024-12-02 01:34:45,103 INFO server.py 815:: flip_sign_id={0, 2, 11, 18, 20}
2024-12-02 01:34:45,103 INFO server.py 816:: additve id=set()
2024-12-02 01:34:45,104 INFO server.py 817:: unreliable id ={0, 1, 2, 6, 9, 11, 20, 22, 24, 25, 26}
2024-12-02 01:34:45,117 INFO server.py 815:: flip_sign_id={0, 2, 11, 18, 20}
2024-12-02 01:34:45,120 INFO server.py 816:: additve id={1, 6, 7, 9, 12, 13, 14, 15, 16, 17, 21, 23, 27, 28, 29, 30}
2024-12-02 01:34:45,120 INFO server.py 817:: unreliable id ={0, 1, 2, 6, 9, 11, 20, 22, 24, 25, 26}
2024-12-02 01:34:45,133 INFO server.py 815:: flip_sign_id={0, 2, 11, 18, 20}
2024-12-02 01:34:45,134 INFO server.py 816:: additve id=set()
2024-12-02 01:34:45,134 INFO server.py 817:: unreliable id ={0, 1, 2, 6, 9, 11, 20, 22, 24, 25, 26}
2024-12-02 01:34:45,147 INFO server.py 815:: flip_sign_id={0, 2, 11, 18, 20}
2024-12-02 01:34:45,148 INFO server.py 816:: additve id={32, 1, 6, 7, 9, 12, 13, 14, 15, 16, 17, 21, 23, 27, 28, 29, 30}
2024-12-02 01:34:45,148 INFO server.py 817:: unreliable id ={0, 1, 2, 6, 9, 11, 20, 22, 24, 25, 26}
2024-12-02 01:34:45,166 INFO server.py 815:: flip_sign_id={0, 2, 11, 18, 20}
2024-12-02 01:34:45,172 INFO server.py 816:: additve id=set()
2024-12-02 01:34:45,172 INFO server.py 817:: unreliable id ={0, 1, 2, 6, 9, 11, 20, 22, 24, 25, 26}
2024-12-02 01:34:45,192 INFO server.py 815:: flip_sign_id={0, 2, 11, 18, 20}
2024-12-02 01:34:45,197 INFO server.py 816:: additve id=set()
2024-12-02 01:34:45,197 INFO server.py 817:: unreliable id ={0, 1, 2, 6, 9, 11, 20, 22, 24, 25, 26}
2024-12-02 01:34:45,212 INFO server.py 815:: flip_sign_id={0, 2, 11, 18, 20}
2024-12-02 01:34:45,216 INFO server.py 816:: additve id=set()
2024-12-02 01:34:45,217 INFO server.py 817:: unreliable id ={0, 1, 2, 6, 9, 11, 20, 22, 24, 25, 26}
2024-12-02 01:34:45,237 INFO server.py 815:: flip_sign_id={0, 2, 11, 18, 20}
2024-12-02 01:34:45,241 INFO server.py 816:: additve id=set()
2024-12-02 01:34:45,241 INFO server.py 817:: unreliable id ={0, 1, 2, 6, 9, 11, 20, 22, 24, 25, 26}
2024-12-02 01:34:45,261 INFO server.py 815:: flip_sign_id={0, 2, 11, 18, 20}
2024-12-02 01:34:45,261 INFO server.py 816:: additve id=set()
2024-12-02 01:34:45,262 INFO server.py 817:: unreliable id ={0, 1, 2, 6, 9, 11, 20, 22, 24, 25, 26}
2024-12-02 01:34:45,280 INFO server.py 815:: flip_sign_id={0, 2, 11, 18, 20}
2024-12-02 01:34:45,280 INFO server.py 816:: additve id=set()
2024-12-02 01:34:45,280 INFO server.py 817:: unreliable id ={0, 1, 2, 6, 9, 11, 20, 22, 24, 25, 26}
2024-12-02 01:34:45,282 INFO server.py 1078:: clients' sizes=[1, 2, 1, 0, 0, 0, 2, 2, 0, 1, 0, 1, 2, 2, 2, 2, 1, 1, 2, 0, 1, 1, 1, 1, 1, 0, 1, 1, 1, 1, 2, 0, 2, 0, 1, 2, 1, 0, 2, 0], total=41
2024-12-02 01:34:45,299 INFO server.py 327:: [Server] The aggregation takes 0.475860 seconds.

2024-12-02 01:34:45,300 INFO server.py 211:: [Server] Start testing
2024-12-02 01:34:45,324 INFO server.py 235:: [Server] Test set: Average loss: 1.0688, Accuracy: 107/200 (53.5%)

2024-12-02 01:34:45,325 INFO server.py 238:: [Sever] Confusion matrix:
 tensor([[47.,  1.,  2.,  0.],
        [33., 11.,  3.,  3.],
        [18., 10., 13.,  9.],
        [ 6.,  1.,  7., 36.]])
2024-12-02 01:34:45,327 INFO server.py 254:: [Server] Precision=[0.45192307 0.47826087 0.52       0.75      ],
 Recall=[0.94 0.22 0.26 0.72],
 F1-score=[0.61038965 0.30136985 0.34666666 0.7346939 ],
 my_accuracy=53.50000262260437[%]
2024-12-02 01:34:45,327 INFO _main.py 209:: ########EPOCH 3 ########
2024-12-02 01:34:45,328 INFO _main.py 210:: ###Model distribution###
2024-12-02 01:34:48,615 INFO server.py 815:: flip_sign_id=set()
2024-12-02 01:34:48,615 INFO server.py 816:: additve id={0}
2024-12-02 01:34:48,616 INFO server.py 817:: unreliable id ={0, 1, 2, 6, 9, 11, 20, 22, 24, 25, 26}
2024-12-02 01:34:48,617 INFO server.py 815:: flip_sign_id={0}
2024-12-02 01:34:48,617 INFO server.py 816:: additve id={1}
2024-12-02 01:34:48,618 INFO server.py 817:: unreliable id ={0, 1, 2, 6, 9, 11, 20, 22, 24, 25, 26}
2024-12-02 01:34:48,619 INFO server.py 815:: flip_sign_id={1}
2024-12-02 01:34:48,619 INFO server.py 816:: additve id=set()
2024-12-02 01:34:48,620 INFO server.py 817:: unreliable id ={0, 1, 2, 6, 9, 11, 20, 22, 24, 25, 26}
2024-12-02 01:34:48,622 INFO server.py 815:: flip_sign_id={1}
2024-12-02 01:34:48,622 INFO server.py 816:: additve id=set()
2024-12-02 01:34:48,622 INFO server.py 817:: unreliable id ={0, 1, 2, 6, 9, 11, 20, 22, 24, 25, 26}
2024-12-02 01:34:48,624 INFO server.py 815:: flip_sign_id=set()
2024-12-02 01:34:48,625 INFO server.py 816:: additve id=set()
2024-12-02 01:34:48,625 INFO server.py 817:: unreliable id ={0, 1, 2, 6, 9, 11, 20, 22, 24, 25, 26}
2024-12-02 01:34:48,627 INFO server.py 815:: flip_sign_id=set()
2024-12-02 01:34:48,628 INFO server.py 816:: additve id=set()
2024-12-02 01:34:48,628 INFO server.py 817:: unreliable id ={0, 1, 2, 6, 9, 11, 20, 22, 24, 25, 26}
2024-12-02 01:34:48,630 INFO server.py 815:: flip_sign_id=set()
2024-12-02 01:34:48,631 INFO server.py 816:: additve id=set()
2024-12-02 01:34:48,631 INFO server.py 817:: unreliable id ={0, 1, 2, 6, 9, 11, 20, 22, 24, 25, 26}
2024-12-02 01:34:48,634 INFO server.py 815:: flip_sign_id={0}
2024-12-02 01:34:48,635 INFO server.py 816:: additve id=set()
2024-12-02 01:34:48,635 INFO server.py 817:: unreliable id ={0, 1, 2, 6, 9, 11, 20, 22, 24, 25, 26}
2024-12-02 01:34:48,638 INFO server.py 815:: flip_sign_id=set()
2024-12-02 01:34:48,638 INFO server.py 816:: additve id=set()
2024-12-02 01:34:48,638 INFO server.py 817:: unreliable id ={0, 1, 2, 6, 9, 11, 20, 22, 24, 25, 26}
2024-12-02 01:34:48,641 INFO server.py 815:: flip_sign_id={0}
2024-12-02 01:34:48,642 INFO server.py 816:: additve id=set()
2024-12-02 01:34:48,642 INFO server.py 817:: unreliable id ={0, 1, 2, 6, 9, 11, 20, 22, 24, 25, 26}
2024-12-02 01:34:48,645 INFO server.py 815:: flip_sign_id=set()
2024-12-02 01:34:48,645 INFO server.py 816:: additve id=set()
2024-12-02 01:34:48,646 INFO server.py 817:: unreliable id ={0, 1, 2, 6, 9, 11, 20, 22, 24, 25, 26}
2024-12-02 01:34:48,649 INFO server.py 815:: flip_sign_id=set()
2024-12-02 01:34:48,649 INFO server.py 816:: additve id=set()
2024-12-02 01:34:48,649 INFO server.py 817:: unreliable id ={0, 1, 2, 6, 9, 11, 20, 22, 24, 25, 26}
2024-12-02 01:34:48,653 INFO server.py 815:: flip_sign_id=set()
2024-12-02 01:34:48,654 INFO server.py 816:: additve id=set()
2024-12-02 01:34:48,654 INFO server.py 817:: unreliable id ={0, 1, 2, 6, 9, 11, 20, 22, 24, 25, 26}
2024-12-02 01:34:48,658 INFO server.py 815:: flip_sign_id={0, 11}
2024-12-02 01:34:48,658 INFO server.py 816:: additve id=set()
2024-12-02 01:34:48,659 INFO server.py 817:: unreliable id ={0, 1, 2, 6, 9, 11, 20, 22, 24, 25, 26}
2024-12-02 01:34:48,663 INFO server.py 815:: flip_sign_id={0, 11}
2024-12-02 01:34:48,663 INFO server.py 816:: additve id=set()
2024-12-02 01:34:48,664 INFO server.py 817:: unreliable id ={0, 1, 2, 6, 9, 11, 20, 22, 24, 25, 26}
2024-12-02 01:34:48,670 INFO server.py 815:: flip_sign_id={0, 2, 11}
2024-12-02 01:34:48,670 INFO server.py 816:: additve id={1, 6, 7, 9, 12, 13, 14, 15}
2024-12-02 01:34:48,670 INFO server.py 817:: unreliable id ={0, 1, 2, 6, 9, 11, 20, 22, 24, 25, 26}
2024-12-02 01:34:48,676 INFO server.py 815:: flip_sign_id={0, 2, 11}
2024-12-02 01:34:48,676 INFO server.py 816:: additve id={1, 6, 7, 9, 12, 13, 14, 15, 16}
2024-12-02 01:34:48,676 INFO server.py 817:: unreliable id ={0, 1, 2, 6, 9, 11, 20, 22, 24, 25, 26}
2024-12-02 01:34:48,682 INFO server.py 815:: flip_sign_id={0, 2, 11}
2024-12-02 01:34:48,682 INFO server.py 816:: additve id={1, 6, 7, 9, 12, 13, 14, 15, 16, 17}
2024-12-02 01:34:48,682 INFO server.py 817:: unreliable id ={0, 1, 2, 6, 9, 11, 20, 22, 24, 25, 26}
2024-12-02 01:34:48,690 INFO server.py 815:: flip_sign_id={0, 18, 2, 11}
2024-12-02 01:34:48,690 INFO server.py 816:: additve id={1, 6, 7, 9, 12, 13, 14, 15, 16, 17}
2024-12-02 01:34:48,690 INFO server.py 817:: unreliable id ={0, 1, 2, 6, 9, 11, 20, 22, 24, 25, 26}
2024-12-02 01:34:48,697 INFO server.py 815:: flip_sign_id={0, 18, 2, 11}
2024-12-02 01:34:48,698 INFO server.py 816:: additve id={1, 6, 7, 9, 12, 13, 14, 15, 16, 17}
2024-12-02 01:34:48,698 INFO server.py 817:: unreliable id ={0, 1, 2, 6, 9, 11, 20, 22, 24, 25, 26}
2024-12-02 01:34:48,705 INFO server.py 815:: flip_sign_id={0, 11}
2024-12-02 01:34:48,705 INFO server.py 816:: additve id={1, 6, 7, 9, 12, 13, 14, 15, 16, 17}
2024-12-02 01:34:48,705 INFO server.py 817:: unreliable id ={0, 1, 2, 6, 9, 11, 20, 22, 24, 25, 26}
2024-12-02 01:34:48,713 INFO server.py 815:: flip_sign_id={0, 2, 11, 18, 20}
2024-12-02 01:34:48,713 INFO server.py 816:: additve id={1, 6, 7, 9, 12, 13, 14, 15, 16, 17, 21}
2024-12-02 01:34:48,714 INFO server.py 817:: unreliable id ={0, 1, 2, 6, 9, 11, 20, 22, 24, 25, 26}
2024-12-02 01:34:48,721 INFO server.py 815:: flip_sign_id={0, 2, 11, 18, 20}
2024-12-02 01:34:48,721 INFO server.py 816:: additve id={1, 6, 7, 9, 12, 13, 14, 15, 16, 17, 21, 22}
2024-12-02 01:34:48,722 INFO server.py 817:: unreliable id ={0, 1, 2, 6, 9, 11, 20, 22, 24, 25, 26}
2024-12-02 01:34:48,729 INFO server.py 815:: flip_sign_id={0, 2, 11, 18, 20}
2024-12-02 01:34:48,730 INFO server.py 816:: additve id={1, 6, 7, 9, 12, 13, 14, 15, 16, 17, 21, 22, 23}
2024-12-02 01:34:48,730 INFO server.py 817:: unreliable id ={0, 1, 2, 6, 9, 11, 20, 22, 24, 25, 26}
2024-12-02 01:34:48,738 INFO server.py 815:: flip_sign_id={0, 2, 11, 18, 20}
2024-12-02 01:34:48,739 INFO server.py 816:: additve id={1, 6, 7, 9, 12, 13, 14, 15, 16, 17, 21, 22, 23, 24}
2024-12-02 01:34:48,739 INFO server.py 817:: unreliable id ={0, 1, 2, 6, 9, 11, 20, 22, 24, 25, 26}
2024-12-02 01:34:48,748 INFO server.py 815:: flip_sign_id={0, 2, 11, 18, 20}
2024-12-02 01:34:48,748 INFO server.py 816:: additve id={1, 6, 7, 9, 12, 13, 14, 15, 16, 17, 21, 22, 23, 24}
2024-12-02 01:34:48,749 INFO server.py 817:: unreliable id ={0, 1, 2, 6, 9, 11, 20, 22, 24, 25, 26}
2024-12-02 01:34:48,757 INFO server.py 815:: flip_sign_id={0, 2, 11, 18, 20}
2024-12-02 01:34:48,758 INFO server.py 816:: additve id={1, 6, 7, 9, 12, 13, 14, 15, 16, 17, 21, 22, 23, 24, 26}
2024-12-02 01:34:48,758 INFO server.py 817:: unreliable id ={0, 1, 2, 6, 9, 11, 20, 22, 24, 25, 26}
2024-12-02 01:34:48,768 INFO server.py 815:: flip_sign_id={0, 2, 11, 18, 20}
2024-12-02 01:34:48,769 INFO server.py 816:: additve id={1, 6, 7, 9, 12, 13, 14, 15, 16, 17, 21, 22, 23, 27}
2024-12-02 01:34:48,769 INFO server.py 817:: unreliable id ={0, 1, 2, 6, 9, 11, 20, 22, 24, 25, 26}
2024-12-02 01:34:48,778 INFO server.py 815:: flip_sign_id={0, 2, 11, 18, 20}
2024-12-02 01:34:48,778 INFO server.py 816:: additve id=set()
2024-12-02 01:34:48,779 INFO server.py 817:: unreliable id ={0, 1, 2, 6, 9, 11, 20, 22, 24, 25, 26}
2024-12-02 01:34:48,788 INFO server.py 815:: flip_sign_id={0, 2, 11, 18, 20}
2024-12-02 01:34:48,788 INFO server.py 816:: additve id={1, 6, 7, 9, 12, 13, 14, 15, 16, 17, 21, 23, 27, 28, 29}
2024-12-02 01:34:48,789 INFO server.py 817:: unreliable id ={0, 1, 2, 6, 9, 11, 20, 22, 24, 25, 26}
2024-12-02 01:34:48,799 INFO server.py 815:: flip_sign_id={0, 2, 11, 18, 20}
2024-12-02 01:34:48,800 INFO server.py 816:: additve id=set()
2024-12-02 01:34:48,800 INFO server.py 817:: unreliable id ={0, 1, 2, 6, 9, 11, 20, 22, 24, 25, 26}
2024-12-02 01:34:48,811 INFO server.py 815:: flip_sign_id={0, 2, 11, 18, 20}
2024-12-02 01:34:48,812 INFO server.py 816:: additve id={1, 6, 7, 9, 12, 13, 14, 15, 16, 17, 21, 23, 27, 28, 29, 30}
2024-12-02 01:34:48,812 INFO server.py 817:: unreliable id ={0, 1, 2, 6, 9, 11, 20, 22, 24, 25, 26}
2024-12-02 01:34:48,823 INFO server.py 815:: flip_sign_id={0, 2, 11, 18, 20}
2024-12-02 01:34:48,824 INFO server.py 816:: additve id=set()
2024-12-02 01:34:48,824 INFO server.py 817:: unreliable id ={0, 1, 2, 6, 9, 11, 20, 22, 24, 25, 26}
2024-12-02 01:34:48,835 INFO server.py 815:: flip_sign_id={0, 2, 11, 18, 20}
2024-12-02 01:34:48,835 INFO server.py 816:: additve id={32, 1, 6, 7, 9, 12, 13, 14, 15, 16, 17, 21, 23, 27, 28, 29, 30}
2024-12-02 01:34:48,836 INFO server.py 817:: unreliable id ={0, 1, 2, 6, 9, 11, 20, 22, 24, 25, 26}
2024-12-02 01:34:48,848 INFO server.py 815:: flip_sign_id={0, 2, 11, 18, 20}
2024-12-02 01:34:48,849 INFO server.py 816:: additve id=set()
2024-12-02 01:34:48,850 INFO server.py 817:: unreliable id ={0, 1, 2, 6, 9, 11, 20, 22, 24, 25, 26}
2024-12-02 01:34:48,861 INFO server.py 815:: flip_sign_id={0, 2, 11, 18, 20}
2024-12-02 01:34:48,861 INFO server.py 816:: additve id=set()
2024-12-02 01:34:48,861 INFO server.py 817:: unreliable id ={0, 1, 2, 6, 9, 11, 20, 22, 24, 25, 26}
2024-12-02 01:34:48,873 INFO server.py 815:: flip_sign_id={0, 2, 11, 18, 20}
2024-12-02 01:34:48,873 INFO server.py 816:: additve id=set()
2024-12-02 01:34:48,874 INFO server.py 817:: unreliable id ={0, 1, 2, 6, 9, 11, 20, 22, 24, 25, 26}
2024-12-02 01:34:48,886 INFO server.py 815:: flip_sign_id={0, 2, 11, 18, 20}
2024-12-02 01:34:48,886 INFO server.py 816:: additve id=set()
2024-12-02 01:34:48,887 INFO server.py 817:: unreliable id ={0, 1, 2, 6, 9, 11, 20, 22, 24, 25, 26}
2024-12-02 01:34:48,898 INFO server.py 815:: flip_sign_id={0, 2, 11, 18, 20}
2024-12-02 01:34:48,899 INFO server.py 816:: additve id=set()
2024-12-02 01:34:48,899 INFO server.py 817:: unreliable id ={0, 1, 2, 6, 9, 11, 20, 22, 24, 25, 26}
2024-12-02 01:34:48,911 INFO server.py 815:: flip_sign_id={0, 2, 11, 18, 20}
2024-12-02 01:34:48,911 INFO server.py 816:: additve id=set()
2024-12-02 01:34:48,911 INFO server.py 817:: unreliable id ={0, 1, 2, 6, 9, 11, 20, 22, 24, 25, 26}
2024-12-02 01:34:48,912 INFO server.py 1078:: clients' sizes=[1, 2, 1, 0, 0, 0, 2, 2, 0, 1, 0, 1, 2, 2, 2, 2, 1, 1, 2, 0, 1, 1, 1, 1, 1, 0, 1, 1, 1, 1, 2, 0, 2, 0, 1, 2, 1, 0, 2, 0], total=41
2024-12-02 01:34:48,922 INFO server.py 327:: [Server] The aggregation takes 0.307804 seconds.

2024-12-02 01:34:48,923 INFO server.py 211:: [Server] Start testing
2024-12-02 01:34:48,936 INFO server.py 235:: [Server] Test set: Average loss: 0.9836, Accuracy: 121/200 (60.5%)

2024-12-02 01:34:48,937 INFO server.py 238:: [Sever] Confusion matrix:
 tensor([[46.,  2.,  2.,  0.],
        [20., 21.,  6.,  3.],
        [13., 14., 15.,  8.],
        [ 0.,  6.,  5., 39.]])
2024-12-02 01:34:48,939 INFO server.py 254:: [Server] Precision=[0.5822785  0.4883721  0.53571427 0.78      ],
 Recall=[0.92 0.42 0.3  0.78],
 F1-score=[0.7131783  0.45161292 0.3846154  0.7799999 ],
 my_accuracy=60.50000190734863[%]
2024-12-02 01:34:48,939 INFO _main.py 209:: ########EPOCH 4 ########
2024-12-02 01:34:48,940 INFO _main.py 210:: ###Model distribution###
2024-12-02 01:34:51,449 INFO server.py 815:: flip_sign_id=set()
2024-12-02 01:34:51,450 INFO server.py 816:: additve id={0}
2024-12-02 01:34:51,450 INFO server.py 817:: unreliable id ={0, 1, 2, 6, 9, 11, 20, 22, 24, 25, 26}
2024-12-02 01:34:51,451 INFO server.py 815:: flip_sign_id={0}
2024-12-02 01:34:51,452 INFO server.py 816:: additve id={1}
2024-12-02 01:34:51,452 INFO server.py 817:: unreliable id ={0, 1, 2, 6, 9, 11, 20, 22, 24, 25, 26}
2024-12-02 01:34:51,454 INFO server.py 815:: flip_sign_id={1}
2024-12-02 01:34:51,454 INFO server.py 816:: additve id=set()
2024-12-02 01:34:51,455 INFO server.py 817:: unreliable id ={0, 1, 2, 6, 9, 11, 20, 22, 24, 25, 26}
2024-12-02 01:34:51,457 INFO server.py 815:: flip_sign_id={1}
2024-12-02 01:34:51,457 INFO server.py 816:: additve id=set()
2024-12-02 01:34:51,458 INFO server.py 817:: unreliable id ={0, 1, 2, 6, 9, 11, 20, 22, 24, 25, 26}
2024-12-02 01:34:51,460 INFO server.py 815:: flip_sign_id=set()
2024-12-02 01:34:51,460 INFO server.py 816:: additve id=set()
2024-12-02 01:34:51,460 INFO server.py 817:: unreliable id ={0, 1, 2, 6, 9, 11, 20, 22, 24, 25, 26}
2024-12-02 01:34:51,463 INFO server.py 815:: flip_sign_id=set()
2024-12-02 01:34:51,463 INFO server.py 816:: additve id=set()
2024-12-02 01:34:51,463 INFO server.py 817:: unreliable id ={0, 1, 2, 6, 9, 11, 20, 22, 24, 25, 26}
2024-12-02 01:34:51,466 INFO server.py 815:: flip_sign_id=set()
2024-12-02 01:34:51,466 INFO server.py 816:: additve id=set()
2024-12-02 01:34:51,466 INFO server.py 817:: unreliable id ={0, 1, 2, 6, 9, 11, 20, 22, 24, 25, 26}
2024-12-02 01:34:51,469 INFO server.py 815:: flip_sign_id={0}
2024-12-02 01:34:51,469 INFO server.py 816:: additve id=set()
2024-12-02 01:34:51,470 INFO server.py 817:: unreliable id ={0, 1, 2, 6, 9, 11, 20, 22, 24, 25, 26}
2024-12-02 01:34:51,472 INFO server.py 815:: flip_sign_id=set()
2024-12-02 01:34:51,473 INFO server.py 816:: additve id=set()
2024-12-02 01:34:51,473 INFO server.py 817:: unreliable id ={0, 1, 2, 6, 9, 11, 20, 22, 24, 25, 26}
2024-12-02 01:34:51,475 INFO server.py 815:: flip_sign_id={0}
2024-12-02 01:34:51,476 INFO server.py 816:: additve id=set()
2024-12-02 01:34:51,476 INFO server.py 817:: unreliable id ={0, 1, 2, 6, 9, 11, 20, 22, 24, 25, 26}
2024-12-02 01:34:51,479 INFO server.py 815:: flip_sign_id=set()
2024-12-02 01:34:51,479 INFO server.py 816:: additve id=set()
2024-12-02 01:34:51,479 INFO server.py 817:: unreliable id ={0, 1, 2, 6, 9, 11, 20, 22, 24, 25, 26}
2024-12-02 01:34:51,483 INFO server.py 815:: flip_sign_id=set()
2024-12-02 01:34:51,483 INFO server.py 816:: additve id=set()
2024-12-02 01:34:51,483 INFO server.py 817:: unreliable id ={0, 1, 2, 6, 9, 11, 20, 22, 24, 25, 26}
2024-12-02 01:34:51,487 INFO server.py 815:: flip_sign_id=set()
2024-12-02 01:34:51,487 INFO server.py 816:: additve id=set()
2024-12-02 01:34:51,488 INFO server.py 817:: unreliable id ={0, 1, 2, 6, 9, 11, 20, 22, 24, 25, 26}
2024-12-02 01:34:51,492 INFO server.py 815:: flip_sign_id={0, 11}
2024-12-02 01:34:51,493 INFO server.py 816:: additve id=set()
2024-12-02 01:34:51,493 INFO server.py 817:: unreliable id ={0, 1, 2, 6, 9, 11, 20, 22, 24, 25, 26}
2024-12-02 01:34:51,498 INFO server.py 815:: flip_sign_id={0, 11}
2024-12-02 01:34:51,499 INFO server.py 816:: additve id=set()
2024-12-02 01:34:51,499 INFO server.py 817:: unreliable id ={0, 1, 2, 6, 9, 11, 20, 22, 24, 25, 26}
2024-12-02 01:34:51,505 INFO server.py 815:: flip_sign_id={0, 2, 11}
2024-12-02 01:34:51,505 INFO server.py 816:: additve id={1, 6, 7, 9, 12, 13, 14, 15}
2024-12-02 01:34:51,505 INFO server.py 817:: unreliable id ={0, 1, 2, 6, 9, 11, 20, 22, 24, 25, 26}
2024-12-02 01:34:51,511 INFO server.py 815:: flip_sign_id={0, 2, 11}
2024-12-02 01:34:51,511 INFO server.py 816:: additve id={1, 6, 7, 9, 12, 13, 14, 15, 16}
2024-12-02 01:34:51,512 INFO server.py 817:: unreliable id ={0, 1, 2, 6, 9, 11, 20, 22, 24, 25, 26}
2024-12-02 01:34:51,517 INFO server.py 815:: flip_sign_id={0, 2, 11}
2024-12-02 01:34:51,518 INFO server.py 816:: additve id={1, 6, 7, 9, 12, 13, 14, 15, 16, 17}
2024-12-02 01:34:51,518 INFO server.py 817:: unreliable id ={0, 1, 2, 6, 9, 11, 20, 22, 24, 25, 26}
2024-12-02 01:34:51,525 INFO server.py 815:: flip_sign_id={0, 18, 2, 11}
2024-12-02 01:34:51,525 INFO server.py 816:: additve id={1, 6, 7, 9, 12, 13, 14, 15, 16, 17}
2024-12-02 01:34:51,525 INFO server.py 817:: unreliable id ={0, 1, 2, 6, 9, 11, 20, 22, 24, 25, 26}
2024-12-02 01:34:51,532 INFO server.py 815:: flip_sign_id={0, 18, 2, 11}
2024-12-02 01:34:51,532 INFO server.py 816:: additve id={1, 6, 7, 9, 12, 13, 14, 15, 16, 17}
2024-12-02 01:34:51,532 INFO server.py 817:: unreliable id ={0, 1, 2, 6, 9, 11, 20, 22, 24, 25, 26}
2024-12-02 01:34:51,540 INFO server.py 815:: flip_sign_id={0, 11}
2024-12-02 01:34:51,540 INFO server.py 816:: additve id={1, 6, 7, 9, 12, 13, 14, 15, 16, 17}
2024-12-02 01:34:51,540 INFO server.py 817:: unreliable id ={0, 1, 2, 6, 9, 11, 20, 22, 24, 25, 26}
2024-12-02 01:34:51,547 INFO server.py 815:: flip_sign_id={0, 2, 11, 18, 20}
2024-12-02 01:34:51,548 INFO server.py 816:: additve id={1, 6, 7, 9, 12, 13, 14, 15, 16, 17, 21}
2024-12-02 01:34:51,548 INFO server.py 817:: unreliable id ={0, 1, 2, 6, 9, 11, 20, 22, 24, 25, 26}
2024-12-02 01:34:51,556 INFO server.py 815:: flip_sign_id={0, 2, 11, 18, 20}
2024-12-02 01:34:51,557 INFO server.py 816:: additve id={1, 6, 7, 9, 12, 13, 14, 15, 16, 17, 21, 22}
2024-12-02 01:34:51,557 INFO server.py 817:: unreliable id ={0, 1, 2, 6, 9, 11, 20, 22, 24, 25, 26}
2024-12-02 01:34:51,565 INFO server.py 815:: flip_sign_id={0, 2, 11, 18, 20}
2024-12-02 01:34:51,565 INFO server.py 816:: additve id={1, 6, 7, 9, 12, 13, 14, 15, 16, 17, 21, 22, 23}
2024-12-02 01:34:51,566 INFO server.py 817:: unreliable id ={0, 1, 2, 6, 9, 11, 20, 22, 24, 25, 26}
2024-12-02 01:34:51,574 INFO server.py 815:: flip_sign_id={0, 2, 11, 18, 20}
2024-12-02 01:34:51,574 INFO server.py 816:: additve id={1, 6, 7, 9, 12, 13, 14, 15, 16, 17, 21, 22, 23, 24}
2024-12-02 01:34:51,574 INFO server.py 817:: unreliable id ={0, 1, 2, 6, 9, 11, 20, 22, 24, 25, 26}
2024-12-02 01:34:51,583 INFO server.py 815:: flip_sign_id={0, 2, 11, 18, 20}
2024-12-02 01:34:51,583 INFO server.py 816:: additve id={1, 6, 7, 9, 12, 13, 14, 15, 16, 17, 21, 22, 23, 24}
2024-12-02 01:34:51,584 INFO server.py 817:: unreliable id ={0, 1, 2, 6, 9, 11, 20, 22, 24, 25, 26}
2024-12-02 01:34:51,593 INFO server.py 815:: flip_sign_id={0, 2, 11, 18, 20}
2024-12-02 01:34:51,593 INFO server.py 816:: additve id={1, 6, 7, 9, 12, 13, 14, 15, 16, 17, 21, 22, 23, 24, 26}
2024-12-02 01:34:51,593 INFO server.py 817:: unreliable id ={0, 1, 2, 6, 9, 11, 20, 22, 24, 25, 26}
2024-12-02 01:34:51,602 INFO server.py 815:: flip_sign_id={0, 2, 11, 18, 20}
2024-12-02 01:34:51,603 INFO server.py 816:: additve id={1, 6, 7, 9, 12, 13, 14, 15, 16, 17, 21, 22, 23, 27}
2024-12-02 01:34:51,603 INFO server.py 817:: unreliable id ={0, 1, 2, 6, 9, 11, 20, 22, 24, 25, 26}
2024-12-02 01:34:51,612 INFO server.py 815:: flip_sign_id={0, 2, 11, 18, 20}
2024-12-02 01:34:51,612 INFO server.py 816:: additve id=set()
2024-12-02 01:34:51,612 INFO server.py 817:: unreliable id ={0, 1, 2, 6, 9, 11, 20, 22, 24, 25, 26}
2024-12-02 01:34:51,622 INFO server.py 815:: flip_sign_id={0, 2, 11, 18, 20}
2024-12-02 01:34:51,622 INFO server.py 816:: additve id={1, 6, 7, 9, 12, 13, 14, 15, 16, 17, 21, 23, 27, 28, 29}
2024-12-02 01:34:51,623 INFO server.py 817:: unreliable id ={0, 1, 2, 6, 9, 11, 20, 22, 24, 25, 26}
2024-12-02 01:34:51,633 INFO server.py 815:: flip_sign_id={0, 2, 11, 18, 20}
2024-12-02 01:34:51,633 INFO server.py 816:: additve id=set()
2024-12-02 01:34:51,634 INFO server.py 817:: unreliable id ={0, 1, 2, 6, 9, 11, 20, 22, 24, 25, 26}
2024-12-02 01:34:51,644 INFO server.py 815:: flip_sign_id={0, 2, 11, 18, 20}
2024-12-02 01:34:51,644 INFO server.py 816:: additve id={1, 6, 7, 9, 12, 13, 14, 15, 16, 17, 21, 23, 27, 28, 29, 30}
2024-12-02 01:34:51,645 INFO server.py 817:: unreliable id ={0, 1, 2, 6, 9, 11, 20, 22, 24, 25, 26}
2024-12-02 01:34:51,657 INFO server.py 815:: flip_sign_id={0, 2, 11, 18, 20}
2024-12-02 01:34:51,658 INFO server.py 816:: additve id=set()
2024-12-02 01:34:51,659 INFO server.py 817:: unreliable id ={0, 1, 2, 6, 9, 11, 20, 22, 24, 25, 26}
2024-12-02 01:34:51,670 INFO server.py 815:: flip_sign_id={0, 2, 11, 18, 20}
2024-12-02 01:34:51,670 INFO server.py 816:: additve id={32, 1, 6, 7, 9, 12, 13, 14, 15, 16, 17, 21, 23, 27, 28, 29, 30}
2024-12-02 01:34:51,670 INFO server.py 817:: unreliable id ={0, 1, 2, 6, 9, 11, 20, 22, 24, 25, 26}
2024-12-02 01:34:51,681 INFO server.py 815:: flip_sign_id={0, 2, 11, 18, 20}
2024-12-02 01:34:51,682 INFO server.py 816:: additve id=set()
2024-12-02 01:34:51,682 INFO server.py 817:: unreliable id ={0, 1, 2, 6, 9, 11, 20, 22, 24, 25, 26}
2024-12-02 01:34:51,695 INFO server.py 815:: flip_sign_id={0, 2, 11, 18, 20}
2024-12-02 01:34:51,696 INFO server.py 816:: additve id=set()
2024-12-02 01:34:51,696 INFO server.py 817:: unreliable id ={0, 1, 2, 6, 9, 11, 20, 22, 24, 25, 26}
2024-12-02 01:34:51,708 INFO server.py 815:: flip_sign_id={0, 2, 11, 18, 20}
2024-12-02 01:34:51,708 INFO server.py 816:: additve id=set()
2024-12-02 01:34:51,709 INFO server.py 817:: unreliable id ={0, 1, 2, 6, 9, 11, 20, 22, 24, 25, 26}
2024-12-02 01:34:51,720 INFO server.py 815:: flip_sign_id={0, 2, 11, 18, 20}
2024-12-02 01:34:51,721 INFO server.py 816:: additve id=set()
2024-12-02 01:34:51,722 INFO server.py 817:: unreliable id ={0, 1, 2, 6, 9, 11, 20, 22, 24, 25, 26}
2024-12-02 01:34:51,734 INFO server.py 815:: flip_sign_id={0, 2, 11, 18, 20}
2024-12-02 01:34:51,734 INFO server.py 816:: additve id=set()
2024-12-02 01:34:51,735 INFO server.py 817:: unreliable id ={0, 1, 2, 6, 9, 11, 20, 22, 24, 25, 26}
2024-12-02 01:34:51,748 INFO server.py 815:: flip_sign_id={0, 2, 11, 18, 20}
2024-12-02 01:34:51,749 INFO server.py 816:: additve id=set()
2024-12-02 01:34:51,749 INFO server.py 817:: unreliable id ={0, 1, 2, 6, 9, 11, 20, 22, 24, 25, 26}
2024-12-02 01:34:51,750 INFO server.py 1078:: clients' sizes=[1, 2, 1, 0, 0, 0, 2, 2, 0, 1, 0, 1, 2, 2, 2, 2, 1, 1, 2, 0, 1, 1, 1, 1, 1, 0, 1, 1, 1, 1, 2, 0, 2, 0, 1, 2, 1, 0, 2, 0], total=41
2024-12-02 01:34:51,764 INFO server.py 327:: [Server] The aggregation takes 0.315644 seconds.

2024-12-02 01:34:51,765 INFO server.py 211:: [Server] Start testing
2024-12-02 01:34:51,780 INFO server.py 235:: [Server] Test set: Average loss: 0.9405, Accuracy: 121/200 (60.5%)

2024-12-02 01:34:51,781 INFO server.py 238:: [Sever] Confusion matrix:
 tensor([[41.,  7.,  2.,  0.],
        [18., 23.,  7.,  2.],
        [10., 14., 18.,  8.],
        [ 0.,  6.,  5., 39.]])
2024-12-02 01:34:51,783 INFO server.py 254:: [Server] Precision=[0.5942029  0.46       0.5625     0.79591835],
 Recall=[0.82 0.46 0.36 0.78],
 F1-score=[0.6890756  0.46       0.43902442 0.78787875],
 my_accuracy=60.50000190734863[%]
