2024-12-02 01:16:03,082 INFO _main.py 39:: ################################################################
2024-12-02 01:16:03,083 INFO _main.py 41:: #                              batch_size: 64                  #
2024-12-02 01:16:03,083 INFO _main.py 41:: #                         test_batch_size: 32                  #
2024-12-02 01:16:03,083 INFO _main.py 41:: #                                  epochs: 1                   #
2024-12-02 01:16:03,083 INFO _main.py 41:: #                               optimizer: SGD                 #
2024-12-02 01:16:03,084 INFO _main.py 41:: #                                      lr: 0.01                #
2024-12-02 01:16:03,084 INFO _main.py 41:: #                                momentum: 0.9                 #
2024-12-02 01:16:03,084 INFO _main.py 41:: #                            weight_decay: 0.0001              #
2024-12-02 01:16:03,084 INFO _main.py 41:: #                                    seed: 1                   #
2024-12-02 01:16:03,084 INFO _main.py 41:: #                            log_interval: 11                  #
2024-12-02 01:16:03,084 INFO _main.py 41:: #                             num_clients: 40                  #
2024-12-02 01:16:03,084 INFO _main.py 41:: #                           output_folder: experiments         #
2024-12-02 01:16:03,084 INFO _main.py 41:: #                                 dataset: rockburst           #
2024-12-02 01:16:03,085 INFO _main.py 41:: #                             loader_type: dirichlet           #
2024-12-02 01:16:03,085 INFO _main.py 41:: #                             loader_path: ./data/loader.pk    #
2024-12-02 01:16:03,085 INFO _main.py 41:: #                                      AR: my_hog              #
2024-12-02 01:16:03,085 INFO _main.py 41:: #                     n_attacker_backdoor: 0                   #
2024-12-02 01:16:03,085 INFO _main.py 41:: #                        backdoor_trigger: [0, 0, 1, 1]        #
2024-12-02 01:16:03,085 INFO _main.py 41:: #                   n_attacker_omniscient: 0                   #
2024-12-02 01:16:03,085 INFO _main.py 41:: #                        omniscient_scale: 1                   #
2024-12-02 01:16:03,086 INFO _main.py 41:: #                                 attacks: None                #
2024-12-02 01:16:03,086 INFO _main.py 41:: #                      save_model_weights: False               #
2024-12-02 01:16:03,086 INFO _main.py 41:: #                         experiment_name: sExp4Ba_40ep_rockburst_my_hog_40C_5#
2024-12-02 01:16:03,086 INFO _main.py 41:: #                          path_to_aggNet: None                #
2024-12-02 01:16:03,086 INFO _main.py 41:: #                                  device: cpu                 #
2024-12-02 01:16:03,086 INFO _main.py 41:: #                            inner_epochs: 30                  #
2024-12-02 01:16:03,086 INFO _main.py 41:: #                                 verbose: True                #
2024-12-02 01:16:03,086 INFO _main.py 41:: #                         list_unreliable: [2, 18, 20]         #
2024-12-02 01:16:03,087 INFO _main.py 41:: #                     unreliable_fraction: 0.5                 #
2024-12-02 01:16:03,087 INFO _main.py 41:: #                    unreliable_fracTrain: 0.3                 #
2024-12-02 01:16:03,087 INFO _main.py 41:: #                         mean_unreliable: 0.0                 #
2024-12-02 01:16:03,087 INFO _main.py 41:: #                             blur_method: add_noise           #
2024-12-02 01:16:03,087 INFO _main.py 41:: #                      max_std_unreliable: 30.0                #
2024-12-02 01:16:03,087 INFO _main.py 41:: #                     list_uatk_add_noise: [24, 25, 26]        #
2024-12-02 01:16:03,087 INFO _main.py 41:: #                          mean_add_noise: 0.0                 #
2024-12-02 01:16:03,087 INFO _main.py 41:: #                           std_add_noise: 0.01                #
2024-12-02 01:16:03,088 INFO _main.py 41:: #                     list_uatk_flip_sign: [0, 10, 11]         #
2024-12-02 01:16:03,088 INFO _main.py 42:: ################################################################
2024-12-02 01:16:03,088 INFO _main.py 43:: Namespace(batch_size=64, test_batch_size=32, epochs=1, optimizer='SGD', lr=0.01, momentum=0.9, weight_decay=0.0001, seed=1, log_interval=11, num_clients=40, output_folder='experiments', dataset='rockburst', loader_type='dirichlet', loader_path='./data/loader.pk', AR='my_hog', n_attacker_backdoor=0, backdoor_trigger=[0, 0, 1, 1], n_attacker_omniscient=0, omniscient_scale=1, attacks=None, save_model_weights=False, experiment_name='sExp4Ba_40ep_rockburst_my_hog_40C_5', path_to_aggNet=None, device='cpu', inner_epochs=30, verbose=True, list_unreliable=[2, 18, 20], unreliable_fraction=0.5, unreliable_fracTrain=0.3, mean_unreliable=0.0, blur_method='add_noise', max_std_unreliable=30.0, list_uatk_add_noise=[24, 25, 26], mean_add_noise=0.0, std_add_noise=0.01, list_uatk_flip_sign=[0, 10, 11])
2024-12-02 01:16:03,088 INFO _main.py 44:: #####################
2024-12-02 01:16:03,089 INFO _main.py 45:: #####################
2024-12-02 01:16:03,089 INFO _main.py 46:: #####################
2024-12-02 01:16:03,089 INFO _main.py 47:: Aggregation Rule:	my_hog
2024-12-02 01:16:03,089 INFO _main.py 48:: Data distribution:	dirichlet
2024-12-02 01:16:03,089 INFO _main.py 49:: Attacks:	None 
2024-12-02 01:16:03,090 INFO _main.py 50:: #####################
2024-12-02 01:16:03,090 INFO _main.py 51:: #####################
2024-12-02 01:16:03,090 INFO _main.py 52:: #####################
2024-12-02 01:16:05,261 INFO server.py 366:: SET DBSCAN eps=1.3, min_samples=10
2024-12-02 01:16:05,265 INFO _main.py 135:: [1-normal, 0-malicious] label =tensor([0., 1., 1., 1., 1., 1., 1., 1., 1., 1., 0., 0., 1., 1., 1., 1., 1., 1.,
        1., 1., 1., 1., 1., 1., 0., 0., 0., 1., 1., 1., 1., 1., 1., 1., 1., 1.,
        1., 1., 1., 1.])
2024-12-02 01:16:05,270 INFO malicious_clients.py 123:: init ATTACK OMNISCIENT Client 0
2024-12-02 01:16:05,275 INFO malicious_clients.py 18:: init UNRELIABLE Client 2
2024-12-02 01:16:05,307 INFO malicious_clients.py 123:: init ATTACK OMNISCIENT Client 10
2024-12-02 01:16:05,311 INFO malicious_clients.py 123:: init ATTACK OMNISCIENT Client 11
2024-12-02 01:16:05,333 INFO malicious_clients.py 18:: init UNRELIABLE Client 18
2024-12-02 01:16:05,340 INFO malicious_clients.py 18:: init UNRELIABLE Client 20
2024-12-02 01:16:05,358 INFO malicious_clients.py 73:: init ATTACK ADD NOISE TO GRAD Client 24
2024-12-02 01:16:05,362 INFO malicious_clients.py 73:: init ATTACK ADD NOISE TO GRAD Client 25
2024-12-02 01:16:05,366 INFO malicious_clients.py 73:: init ATTACK ADD NOISE TO GRAD Client 26
2024-12-02 01:16:05,424 INFO server.py 211:: [Server] Start testing
2024-12-02 01:16:05,445 INFO server.py 235:: [Server] Test set: Average loss: 1.3864, Accuracy: 50/200 (25.0%)

2024-12-02 01:16:05,446 INFO server.py 238:: [Sever] Confusion matrix:
 tensor([[50.,  0.,  0.,  0.],
        [50.,  0.,  0.,  0.],
        [50.,  0.,  0.,  0.],
        [50.,  0.,  0.,  0.]])
2024-12-02 01:16:05,456 INFO server.py 254:: [Server] Precision=[0.25  nan  nan  nan],
 Recall=[1. 0. 0. 0.],
 F1-score=[0.4 nan nan nan],
 my_accuracy=25.0[%]
2024-12-02 01:16:05,458 INFO _main.py 209:: ########EPOCH 0 ########
2024-12-02 01:16:05,458 INFO _main.py 210:: ###Model distribution###
2024-12-02 01:16:08,220 INFO server.py 805:: flip_sign_id=set()
2024-12-02 01:16:08,221 INFO server.py 806:: additve id={0}
2024-12-02 01:16:08,221 INFO server.py 807:: unreliable id =set()
2024-12-02 01:16:08,223 INFO server.py 805:: flip_sign_id=set()
2024-12-02 01:16:08,223 INFO server.py 806:: additve id={0}
2024-12-02 01:16:08,223 INFO server.py 807:: unreliable id =set()
2024-12-02 01:16:08,225 INFO server.py 805:: flip_sign_id=set()
2024-12-02 01:16:08,225 INFO server.py 806:: additve id=set()
2024-12-02 01:16:08,225 INFO server.py 807:: unreliable id =set()
2024-12-02 01:16:08,227 INFO server.py 805:: flip_sign_id=set()
2024-12-02 01:16:08,227 INFO server.py 806:: additve id=set()
2024-12-02 01:16:08,228 INFO server.py 807:: unreliable id =set()
2024-12-02 01:16:08,229 INFO server.py 805:: flip_sign_id=set()
2024-12-02 01:16:08,230 INFO server.py 806:: additve id=set()
2024-12-02 01:16:08,230 INFO server.py 807:: unreliable id =set()
2024-12-02 01:16:08,232 INFO server.py 805:: flip_sign_id=set()
2024-12-02 01:16:08,232 INFO server.py 806:: additve id=set()
2024-12-02 01:16:08,233 INFO server.py 807:: unreliable id =set()
2024-12-02 01:16:08,234 INFO server.py 805:: flip_sign_id=set()
2024-12-02 01:16:08,235 INFO server.py 806:: additve id=set()
2024-12-02 01:16:08,235 INFO server.py 807:: unreliable id =set()
2024-12-02 01:16:08,237 INFO server.py 805:: flip_sign_id=set()
2024-12-02 01:16:08,238 INFO server.py 806:: additve id=set()
2024-12-02 01:16:08,238 INFO server.py 807:: unreliable id =set()
2024-12-02 01:16:08,240 INFO server.py 805:: flip_sign_id=set()
2024-12-02 01:16:08,241 INFO server.py 806:: additve id=set()
2024-12-02 01:16:08,241 INFO server.py 807:: unreliable id =set()
2024-12-02 01:16:08,244 INFO server.py 805:: flip_sign_id=set()
2024-12-02 01:16:08,244 INFO server.py 806:: additve id=set()
2024-12-02 01:16:08,244 INFO server.py 807:: unreliable id =set()
2024-12-02 01:16:08,247 INFO server.py 805:: flip_sign_id=set()
2024-12-02 01:16:08,249 INFO server.py 806:: additve id=set()
2024-12-02 01:16:08,249 INFO server.py 807:: unreliable id =set()
2024-12-02 01:16:08,253 INFO server.py 805:: flip_sign_id=set()
2024-12-02 01:16:08,253 INFO server.py 806:: additve id=set()
2024-12-02 01:16:08,253 INFO server.py 807:: unreliable id =set()
2024-12-02 01:16:08,256 INFO server.py 805:: flip_sign_id=set()
2024-12-02 01:16:08,257 INFO server.py 806:: additve id=set()
2024-12-02 01:16:08,257 INFO server.py 807:: unreliable id =set()
2024-12-02 01:16:08,260 INFO server.py 805:: flip_sign_id=set()
2024-12-02 01:16:08,261 INFO server.py 806:: additve id=set()
2024-12-02 01:16:08,261 INFO server.py 807:: unreliable id =set()
2024-12-02 01:16:08,264 INFO server.py 805:: flip_sign_id=set()
2024-12-02 01:16:08,264 INFO server.py 806:: additve id=set()
2024-12-02 01:16:08,264 INFO server.py 807:: unreliable id =set()
2024-12-02 01:16:08,268 INFO server.py 805:: flip_sign_id=set()
2024-12-02 01:16:08,268 INFO server.py 806:: additve id=set()
2024-12-02 01:16:08,269 INFO server.py 807:: unreliable id =set()
2024-12-02 01:16:08,272 INFO server.py 805:: flip_sign_id=set()
2024-12-02 01:16:08,272 INFO server.py 806:: additve id=set()
2024-12-02 01:16:08,272 INFO server.py 807:: unreliable id =set()
2024-12-02 01:16:08,276 INFO server.py 805:: flip_sign_id=set()
2024-12-02 01:16:08,276 INFO server.py 806:: additve id=set()
2024-12-02 01:16:08,276 INFO server.py 807:: unreliable id =set()
2024-12-02 01:16:08,280 INFO server.py 805:: flip_sign_id=set()
2024-12-02 01:16:08,280 INFO server.py 806:: additve id=set()
2024-12-02 01:16:08,280 INFO server.py 807:: unreliable id =set()
2024-12-02 01:16:08,284 INFO server.py 805:: flip_sign_id=set()
2024-12-02 01:16:08,284 INFO server.py 806:: additve id=set()
2024-12-02 01:16:08,285 INFO server.py 807:: unreliable id =set()
2024-12-02 01:16:08,288 INFO server.py 805:: flip_sign_id=set()
2024-12-02 01:16:08,289 INFO server.py 806:: additve id=set()
2024-12-02 01:16:08,289 INFO server.py 807:: unreliable id =set()
2024-12-02 01:16:08,293 INFO server.py 805:: flip_sign_id=set()
2024-12-02 01:16:08,294 INFO server.py 806:: additve id=set()
2024-12-02 01:16:08,294 INFO server.py 807:: unreliable id =set()
2024-12-02 01:16:08,298 INFO server.py 805:: flip_sign_id=set()
2024-12-02 01:16:08,299 INFO server.py 806:: additve id=set()
2024-12-02 01:16:08,299 INFO server.py 807:: unreliable id =set()
2024-12-02 01:16:08,303 INFO server.py 805:: flip_sign_id=set()
2024-12-02 01:16:08,303 INFO server.py 806:: additve id=set()
2024-12-02 01:16:08,304 INFO server.py 807:: unreliable id =set()
2024-12-02 01:16:08,307 INFO server.py 805:: flip_sign_id=set()
2024-12-02 01:16:08,308 INFO server.py 806:: additve id=set()
2024-12-02 01:16:08,308 INFO server.py 807:: unreliable id =set()
2024-12-02 01:16:08,314 INFO server.py 805:: flip_sign_id=set()
2024-12-02 01:16:08,315 INFO server.py 806:: additve id=set()
2024-12-02 01:16:08,315 INFO server.py 807:: unreliable id =set()
2024-12-02 01:16:08,320 INFO server.py 805:: flip_sign_id=set()
2024-12-02 01:16:08,321 INFO server.py 806:: additve id=set()
2024-12-02 01:16:08,321 INFO server.py 807:: unreliable id =set()
2024-12-02 01:16:08,326 INFO server.py 805:: flip_sign_id=set()
2024-12-02 01:16:08,327 INFO server.py 806:: additve id=set()
2024-12-02 01:16:08,327 INFO server.py 807:: unreliable id =set()
2024-12-02 01:16:08,332 INFO server.py 805:: flip_sign_id=set()
2024-12-02 01:16:08,333 INFO server.py 806:: additve id=set()
2024-12-02 01:16:08,333 INFO server.py 807:: unreliable id =set()
2024-12-02 01:16:08,338 INFO server.py 805:: flip_sign_id=set()
2024-12-02 01:16:08,339 INFO server.py 806:: additve id=set()
2024-12-02 01:16:08,339 INFO server.py 807:: unreliable id =set()
2024-12-02 01:16:08,344 INFO server.py 805:: flip_sign_id=set()
2024-12-02 01:16:08,344 INFO server.py 806:: additve id=set()
2024-12-02 01:16:08,344 INFO server.py 807:: unreliable id =set()
2024-12-02 01:16:08,350 INFO server.py 805:: flip_sign_id=set()
2024-12-02 01:16:08,351 INFO server.py 806:: additve id=set()
2024-12-02 01:16:08,351 INFO server.py 807:: unreliable id =set()
2024-12-02 01:16:08,356 INFO server.py 805:: flip_sign_id=set()
2024-12-02 01:16:08,357 INFO server.py 806:: additve id=set()
2024-12-02 01:16:08,357 INFO server.py 807:: unreliable id =set()
2024-12-02 01:16:08,363 INFO server.py 805:: flip_sign_id=set()
2024-12-02 01:16:08,363 INFO server.py 806:: additve id=set()
2024-12-02 01:16:08,364 INFO server.py 807:: unreliable id =set()
2024-12-02 01:16:08,369 INFO server.py 805:: flip_sign_id=set()
2024-12-02 01:16:08,370 INFO server.py 806:: additve id=set()
2024-12-02 01:16:08,370 INFO server.py 807:: unreliable id =set()
2024-12-02 01:16:08,376 INFO server.py 805:: flip_sign_id=set()
2024-12-02 01:16:08,377 INFO server.py 806:: additve id=set()
2024-12-02 01:16:08,377 INFO server.py 807:: unreliable id =set()
2024-12-02 01:16:08,383 INFO server.py 805:: flip_sign_id=set()
2024-12-02 01:16:08,383 INFO server.py 806:: additve id=set()
2024-12-02 01:16:08,384 INFO server.py 807:: unreliable id =set()
2024-12-02 01:16:08,391 INFO server.py 805:: flip_sign_id=set()
2024-12-02 01:16:08,391 INFO server.py 806:: additve id=set()
2024-12-02 01:16:08,392 INFO server.py 807:: unreliable id =set()
2024-12-02 01:16:08,399 INFO server.py 805:: flip_sign_id=set()
2024-12-02 01:16:08,399 INFO server.py 806:: additve id=set()
2024-12-02 01:16:08,400 INFO server.py 807:: unreliable id =set()
2024-12-02 01:16:08,408 INFO server.py 805:: flip_sign_id=set()
2024-12-02 01:16:08,409 INFO server.py 806:: additve id=set()
2024-12-02 01:16:08,409 INFO server.py 807:: unreliable id =set()
2024-12-02 01:16:08,411 INFO server.py 1067:: clients' sizes=[1, 2, 1, 0, 0, 0, 2, 2, 0, 1, 0, 1, 2, 2, 2, 2, 1, 1, 2, 0, 1, 1, 1, 1, 1, 0, 1, 1, 1, 1, 2, 0, 2, 0, 1, 2, 1, 0, 2, 0], total=41
2024-12-02 01:16:08,423 INFO server.py 327:: [Server] The aggregation takes 0.203161 seconds.

2024-12-02 01:16:08,424 INFO server.py 211:: [Server] Start testing
2024-12-02 01:16:08,438 INFO server.py 235:: [Server] Test set: Average loss: 1.3313, Accuracy: 71/200 (35.5%)

2024-12-02 01:16:08,439 INFO server.py 238:: [Sever] Confusion matrix:
 tensor([[50.,  0.,  0.,  0.],
        [50.,  0.,  0.,  0.],
        [50.,  0.,  0.,  0.],
        [29.,  0.,  0., 21.]])
2024-12-02 01:16:08,441 INFO server.py 254:: [Server] Precision=[0.2793296       nan       nan 1.       ],
 Recall=[1.   0.   0.   0.42],
 F1-score=[0.43668124        nan        nan 0.5915493 ],
 my_accuracy=35.499998927116394[%]
