2024-12-02 01:29:23,601 INFO _main.py 39:: ################################################################
2024-12-02 01:29:23,605 INFO _main.py 41:: #                              batch_size: 64                  #
2024-12-02 01:29:23,605 INFO _main.py 41:: #                         test_batch_size: 32                  #
2024-12-02 01:29:23,606 INFO _main.py 41:: #                                  epochs: 5                   #
2024-12-02 01:29:23,608 INFO _main.py 41:: #                               optimizer: SGD                 #
2024-12-02 01:29:23,608 INFO _main.py 41:: #                                      lr: 0.01                #
2024-12-02 01:29:23,609 INFO _main.py 41:: #                                momentum: 0.9                 #
2024-12-02 01:29:23,609 INFO _main.py 41:: #                            weight_decay: 0.0001              #
2024-12-02 01:29:23,609 INFO _main.py 41:: #                                    seed: 1                   #
2024-12-02 01:29:23,609 INFO _main.py 41:: #                            log_interval: 11                  #
2024-12-02 01:29:23,609 INFO _main.py 41:: #                             num_clients: 40                  #
2024-12-02 01:29:23,609 INFO _main.py 41:: #                           output_folder: experiments         #
2024-12-02 01:29:23,610 INFO _main.py 41:: #                                 dataset: rockburst           #
2024-12-02 01:29:23,610 INFO _main.py 41:: #                             loader_type: dirichlet           #
2024-12-02 01:29:23,610 INFO _main.py 41:: #                             loader_path: ./data/loader.pk    #
2024-12-02 01:29:23,610 INFO _main.py 41:: #                                      AR: my_hog              #
2024-12-02 01:29:23,610 INFO _main.py 41:: #                     n_attacker_backdoor: 0                   #
2024-12-02 01:29:23,611 INFO _main.py 41:: #                        backdoor_trigger: [0, 0, 1, 1]        #
2024-12-02 01:29:23,611 INFO _main.py 41:: #                   n_attacker_omniscient: 0                   #
2024-12-02 01:29:23,611 INFO _main.py 41:: #                        omniscient_scale: 1                   #
2024-12-02 01:29:23,611 INFO _main.py 41:: #                                 attacks: None                #
2024-12-02 01:29:23,611 INFO _main.py 41:: #                      save_model_weights: False               #
2024-12-02 01:29:23,612 INFO _main.py 41:: #                         experiment_name: sExp4Ba_40ep_rockburst_my_hog_40C_5#
2024-12-02 01:29:23,612 INFO _main.py 41:: #                          path_to_aggNet: None                #
2024-12-02 01:29:23,612 INFO _main.py 41:: #                                  device: cpu                 #
2024-12-02 01:29:23,612 INFO _main.py 41:: #                            inner_epochs: 30                  #
2024-12-02 01:29:23,612 INFO _main.py 41:: #                                 verbose: True                #
2024-12-02 01:29:23,612 INFO _main.py 41:: #                         list_unreliable: [2, 18, 20]         #
2024-12-02 01:29:23,613 INFO _main.py 41:: #                     unreliable_fraction: 0.5                 #
2024-12-02 01:29:23,613 INFO _main.py 41:: #                    unreliable_fracTrain: 0.3                 #
2024-12-02 01:29:23,613 INFO _main.py 41:: #                         mean_unreliable: 0.0                 #
2024-12-02 01:29:23,613 INFO _main.py 41:: #                             blur_method: add_noise           #
2024-12-02 01:29:23,613 INFO _main.py 41:: #                      max_std_unreliable: 30.0                #
2024-12-02 01:29:23,614 INFO _main.py 41:: #                     list_uatk_add_noise: [24, 25, 26]        #
2024-12-02 01:29:23,614 INFO _main.py 41:: #                          mean_add_noise: 0.0                 #
2024-12-02 01:29:23,614 INFO _main.py 41:: #                           std_add_noise: 0.01                #
2024-12-02 01:29:23,614 INFO _main.py 41:: #                     list_uatk_flip_sign: [0, 10, 11]         #
2024-12-02 01:29:23,614 INFO _main.py 42:: ################################################################
2024-12-02 01:29:23,615 INFO _main.py 43:: Namespace(batch_size=64, test_batch_size=32, epochs=5, optimizer='SGD', lr=0.01, momentum=0.9, weight_decay=0.0001, seed=1, log_interval=11, num_clients=40, output_folder='experiments', dataset='rockburst', loader_type='dirichlet', loader_path='./data/loader.pk', AR='my_hog', n_attacker_backdoor=0, backdoor_trigger=[0, 0, 1, 1], n_attacker_omniscient=0, omniscient_scale=1, attacks=None, save_model_weights=False, experiment_name='sExp4Ba_40ep_rockburst_my_hog_40C_5', path_to_aggNet=None, device='cpu', inner_epochs=30, verbose=True, list_unreliable=[2, 18, 20], unreliable_fraction=0.5, unreliable_fracTrain=0.3, mean_unreliable=0.0, blur_method='add_noise', max_std_unreliable=30.0, list_uatk_add_noise=[24, 25, 26], mean_add_noise=0.0, std_add_noise=0.01, list_uatk_flip_sign=[0, 10, 11])
2024-12-02 01:29:23,616 INFO _main.py 44:: #####################
2024-12-02 01:29:23,617 INFO _main.py 45:: #####################
2024-12-02 01:29:23,617 INFO _main.py 46:: #####################
2024-12-02 01:29:23,617 INFO _main.py 47:: Aggregation Rule:	my_hog
2024-12-02 01:29:23,617 INFO _main.py 48:: Data distribution:	dirichlet
2024-12-02 01:29:23,618 INFO _main.py 49:: Attacks:	None 
2024-12-02 01:29:23,618 INFO _main.py 50:: #####################
2024-12-02 01:29:23,618 INFO _main.py 51:: #####################
2024-12-02 01:29:23,618 INFO _main.py 52:: #####################
2024-12-02 01:29:25,434 INFO server.py 366:: SET DBSCAN eps=1.3, min_samples=10
2024-12-02 01:29:25,438 INFO _main.py 135:: [1-normal, 0-malicious] label =tensor([0., 1., 1., 1., 1., 1., 1., 1., 1., 1., 0., 0., 1., 1., 1., 1., 1., 1.,
        1., 1., 1., 1., 1., 1., 0., 0., 0., 1., 1., 1., 1., 1., 1., 1., 1., 1.,
        1., 1., 1., 1.])
2024-12-02 01:29:25,445 INFO malicious_clients.py 123:: init ATTACK OMNISCIENT Client 0
2024-12-02 01:29:25,455 INFO malicious_clients.py 18:: init UNRELIABLE Client 2
2024-12-02 01:29:25,495 INFO malicious_clients.py 123:: init ATTACK OMNISCIENT Client 10
2024-12-02 01:29:25,499 INFO malicious_clients.py 123:: init ATTACK OMNISCIENT Client 11
2024-12-02 01:29:25,521 INFO malicious_clients.py 18:: init UNRELIABLE Client 18
2024-12-02 01:29:25,529 INFO malicious_clients.py 18:: init UNRELIABLE Client 20
2024-12-02 01:29:25,557 INFO malicious_clients.py 73:: init ATTACK ADD NOISE TO GRAD Client 24
2024-12-02 01:29:25,565 INFO malicious_clients.py 73:: init ATTACK ADD NOISE TO GRAD Client 25
2024-12-02 01:29:25,573 INFO malicious_clients.py 73:: init ATTACK ADD NOISE TO GRAD Client 26
2024-12-02 01:29:25,653 INFO server.py 211:: [Server] Start testing
2024-12-02 01:29:25,685 INFO server.py 235:: [Server] Test set: Average loss: 1.3864, Accuracy: 50/200 (25.0%)

2024-12-02 01:29:25,686 INFO server.py 238:: [Sever] Confusion matrix:
 tensor([[50.,  0.,  0.,  0.],
        [50.,  0.,  0.,  0.],
        [50.,  0.,  0.,  0.],
        [50.,  0.,  0.,  0.]])
2024-12-02 01:29:25,698 INFO server.py 254:: [Server] Precision=[0.25  nan  nan  nan],
 Recall=[1. 0. 0. 0.],
 F1-score=[0.4 nan nan nan],
 my_accuracy=25.0[%]
2024-12-02 01:29:25,699 INFO _main.py 209:: ########EPOCH 0 ########
2024-12-02 01:29:25,700 INFO _main.py 210:: ###Model distribution###
2024-12-02 01:29:28,879 INFO server.py 815:: flip_sign_id=set()
2024-12-02 01:29:28,879 INFO server.py 816:: additve id={0}
2024-12-02 01:29:28,880 INFO server.py 817:: unreliable id =set()
2024-12-02 01:29:28,881 INFO server.py 815:: flip_sign_id=set()
2024-12-02 01:29:28,882 INFO server.py 816:: additve id={0}
2024-12-02 01:29:28,882 INFO server.py 817:: unreliable id =set()
2024-12-02 01:29:28,884 INFO server.py 815:: flip_sign_id=set()
2024-12-02 01:29:28,884 INFO server.py 816:: additve id=set()
2024-12-02 01:29:28,885 INFO server.py 817:: unreliable id =set()
2024-12-02 01:29:28,887 INFO server.py 815:: flip_sign_id=set()
2024-12-02 01:29:28,887 INFO server.py 816:: additve id=set()
2024-12-02 01:29:28,888 INFO server.py 817:: unreliable id =set()
2024-12-02 01:29:28,890 INFO server.py 815:: flip_sign_id=set()
2024-12-02 01:29:28,891 INFO server.py 816:: additve id=set()
2024-12-02 01:29:28,891 INFO server.py 817:: unreliable id =set()
2024-12-02 01:29:28,893 INFO server.py 815:: flip_sign_id=set()
2024-12-02 01:29:28,894 INFO server.py 816:: additve id=set()
2024-12-02 01:29:28,894 INFO server.py 817:: unreliable id =set()
2024-12-02 01:29:28,896 INFO server.py 815:: flip_sign_id=set()
2024-12-02 01:29:28,897 INFO server.py 816:: additve id=set()
2024-12-02 01:29:28,897 INFO server.py 817:: unreliable id =set()
2024-12-02 01:29:28,899 INFO server.py 815:: flip_sign_id=set()
2024-12-02 01:29:28,900 INFO server.py 816:: additve id=set()
2024-12-02 01:29:28,900 INFO server.py 817:: unreliable id =set()
2024-12-02 01:29:28,902 INFO server.py 815:: flip_sign_id=set()
2024-12-02 01:29:28,903 INFO server.py 816:: additve id=set()
2024-12-02 01:29:28,903 INFO server.py 817:: unreliable id =set()
2024-12-02 01:29:28,906 INFO server.py 815:: flip_sign_id=set()
2024-12-02 01:29:28,906 INFO server.py 816:: additve id=set()
2024-12-02 01:29:28,906 INFO server.py 817:: unreliable id =set()
2024-12-02 01:29:28,909 INFO server.py 815:: flip_sign_id=set()
2024-12-02 01:29:28,910 INFO server.py 816:: additve id=set()
2024-12-02 01:29:28,910 INFO server.py 817:: unreliable id =set()
2024-12-02 01:29:28,913 INFO server.py 815:: flip_sign_id=set()
2024-12-02 01:29:28,913 INFO server.py 816:: additve id=set()
2024-12-02 01:29:28,913 INFO server.py 817:: unreliable id =set()
2024-12-02 01:29:28,916 INFO server.py 815:: flip_sign_id=set()
2024-12-02 01:29:28,917 INFO server.py 816:: additve id=set()
2024-12-02 01:29:28,917 INFO server.py 817:: unreliable id =set()
2024-12-02 01:29:28,920 INFO server.py 815:: flip_sign_id=set()
2024-12-02 01:29:28,920 INFO server.py 816:: additve id=set()
2024-12-02 01:29:28,921 INFO server.py 817:: unreliable id =set()
2024-12-02 01:29:28,923 INFO server.py 815:: flip_sign_id=set()
2024-12-02 01:29:28,924 INFO server.py 816:: additve id=set()
2024-12-02 01:29:28,924 INFO server.py 817:: unreliable id =set()
2024-12-02 01:29:28,927 INFO server.py 815:: flip_sign_id=set()
2024-12-02 01:29:28,927 INFO server.py 816:: additve id=set()
2024-12-02 01:29:28,927 INFO server.py 817:: unreliable id =set()
2024-12-02 01:29:28,930 INFO server.py 815:: flip_sign_id=set()
2024-12-02 01:29:28,931 INFO server.py 816:: additve id=set()
2024-12-02 01:29:28,931 INFO server.py 817:: unreliable id =set()
2024-12-02 01:29:28,934 INFO server.py 815:: flip_sign_id=set()
2024-12-02 01:29:28,935 INFO server.py 816:: additve id=set()
2024-12-02 01:29:28,935 INFO server.py 817:: unreliable id =set()
2024-12-02 01:29:28,938 INFO server.py 815:: flip_sign_id=set()
2024-12-02 01:29:28,938 INFO server.py 816:: additve id=set()
2024-12-02 01:29:28,939 INFO server.py 817:: unreliable id =set()
2024-12-02 01:29:28,943 INFO server.py 815:: flip_sign_id=set()
2024-12-02 01:29:28,943 INFO server.py 816:: additve id=set()
2024-12-02 01:29:28,943 INFO server.py 817:: unreliable id =set()
2024-12-02 01:29:28,947 INFO server.py 815:: flip_sign_id=set()
2024-12-02 01:29:28,947 INFO server.py 816:: additve id=set()
2024-12-02 01:29:28,947 INFO server.py 817:: unreliable id =set()
2024-12-02 01:29:28,951 INFO server.py 815:: flip_sign_id=set()
2024-12-02 01:29:28,951 INFO server.py 816:: additve id=set()
2024-12-02 01:29:28,952 INFO server.py 817:: unreliable id =set()
2024-12-02 01:29:28,956 INFO server.py 815:: flip_sign_id=set()
2024-12-02 01:29:28,956 INFO server.py 816:: additve id=set()
2024-12-02 01:29:28,957 INFO server.py 817:: unreliable id =set()
2024-12-02 01:29:28,961 INFO server.py 815:: flip_sign_id=set()
2024-12-02 01:29:28,961 INFO server.py 816:: additve id=set()
2024-12-02 01:29:28,961 INFO server.py 817:: unreliable id =set()
2024-12-02 01:29:28,966 INFO server.py 815:: flip_sign_id=set()
2024-12-02 01:29:28,967 INFO server.py 816:: additve id=set()
2024-12-02 01:29:28,967 INFO server.py 817:: unreliable id =set()
2024-12-02 01:29:28,972 INFO server.py 815:: flip_sign_id=set()
2024-12-02 01:29:28,973 INFO server.py 816:: additve id=set()
2024-12-02 01:29:28,973 INFO server.py 817:: unreliable id =set()
2024-12-02 01:29:28,978 INFO server.py 815:: flip_sign_id=set()
2024-12-02 01:29:28,978 INFO server.py 816:: additve id=set()
2024-12-02 01:29:28,979 INFO server.py 817:: unreliable id =set()
2024-12-02 01:29:28,984 INFO server.py 815:: flip_sign_id=set()
2024-12-02 01:29:28,984 INFO server.py 816:: additve id=set()
2024-12-02 01:29:28,985 INFO server.py 817:: unreliable id =set()
2024-12-02 01:29:28,989 INFO server.py 815:: flip_sign_id=set()
2024-12-02 01:29:28,990 INFO server.py 816:: additve id=set()
2024-12-02 01:29:28,990 INFO server.py 817:: unreliable id =set()
2024-12-02 01:29:28,995 INFO server.py 815:: flip_sign_id=set()
2024-12-02 01:29:28,996 INFO server.py 816:: additve id=set()
2024-12-02 01:29:28,996 INFO server.py 817:: unreliable id =set()
2024-12-02 01:29:29,001 INFO server.py 815:: flip_sign_id=set()
2024-12-02 01:29:29,002 INFO server.py 816:: additve id=set()
2024-12-02 01:29:29,002 INFO server.py 817:: unreliable id =set()
2024-12-02 01:29:29,008 INFO server.py 815:: flip_sign_id=set()
2024-12-02 01:29:29,009 INFO server.py 816:: additve id=set()
2024-12-02 01:29:29,009 INFO server.py 817:: unreliable id =set()
2024-12-02 01:29:29,014 INFO server.py 815:: flip_sign_id=set()
2024-12-02 01:29:29,015 INFO server.py 816:: additve id=set()
2024-12-02 01:29:29,015 INFO server.py 817:: unreliable id =set()
2024-12-02 01:29:29,020 INFO server.py 815:: flip_sign_id=set()
2024-12-02 01:29:29,021 INFO server.py 816:: additve id=set()
2024-12-02 01:29:29,021 INFO server.py 817:: unreliable id =set()
2024-12-02 01:29:29,027 INFO server.py 815:: flip_sign_id=set()
2024-12-02 01:29:29,027 INFO server.py 816:: additve id=set()
2024-12-02 01:29:29,028 INFO server.py 817:: unreliable id =set()
2024-12-02 01:29:29,034 INFO server.py 815:: flip_sign_id=set()
2024-12-02 01:29:29,034 INFO server.py 816:: additve id=set()
2024-12-02 01:29:29,035 INFO server.py 817:: unreliable id =set()
2024-12-02 01:29:29,040 INFO server.py 815:: flip_sign_id=set()
2024-12-02 01:29:29,041 INFO server.py 816:: additve id=set()
2024-12-02 01:29:29,041 INFO server.py 817:: unreliable id =set()
2024-12-02 01:29:29,047 INFO server.py 815:: flip_sign_id=set()
2024-12-02 01:29:29,048 INFO server.py 816:: additve id=set()
2024-12-02 01:29:29,048 INFO server.py 817:: unreliable id =set()
2024-12-02 01:29:29,055 INFO server.py 815:: flip_sign_id=set()
2024-12-02 01:29:29,056 INFO server.py 816:: additve id=set()
2024-12-02 01:29:29,056 INFO server.py 817:: unreliable id =set()
2024-12-02 01:29:29,064 INFO server.py 815:: flip_sign_id=set()
2024-12-02 01:29:29,065 INFO server.py 816:: additve id=set()
2024-12-02 01:29:29,065 INFO server.py 817:: unreliable id =set()
2024-12-02 01:29:29,067 INFO server.py 1078:: clients' sizes=[1, 2, 1, 0, 0, 0, 2, 2, 0, 1, 0, 1, 2, 2, 2, 2, 1, 1, 2, 0, 1, 1, 1, 1, 1, 0, 1, 1, 1, 1, 2, 0, 2, 0, 1, 2, 1, 0, 2, 0], total=41
2024-12-02 01:29:29,078 INFO server.py 327:: [Server] The aggregation takes 0.200748 seconds.

2024-12-02 01:29:29,079 INFO server.py 211:: [Server] Start testing
2024-12-02 01:29:29,093 INFO server.py 235:: [Server] Test set: Average loss: 1.3313, Accuracy: 71/200 (35.5%)

2024-12-02 01:29:29,094 INFO server.py 238:: [Sever] Confusion matrix:
 tensor([[50.,  0.,  0.,  0.],
        [50.,  0.,  0.,  0.],
        [50.,  0.,  0.,  0.],
        [29.,  0.,  0., 21.]])
2024-12-02 01:29:29,096 INFO server.py 254:: [Server] Precision=[0.2793296       nan       nan 1.       ],
 Recall=[1.   0.   0.   0.42],
 F1-score=[0.43668124        nan        nan 0.5915493 ],
 my_accuracy=35.499998927116394[%]
2024-12-02 01:29:29,097 INFO _main.py 209:: ########EPOCH 1 ########
2024-12-02 01:29:29,097 INFO _main.py 210:: ###Model distribution###
2024-12-02 01:29:31,749 INFO server.py 815:: flip_sign_id=set()
2024-12-02 01:29:31,749 INFO server.py 816:: additve id={0}
2024-12-02 01:29:31,750 INFO server.py 817:: unreliable id =set()
2024-12-02 01:29:31,752 INFO server.py 815:: flip_sign_id=set()
2024-12-02 01:29:31,752 INFO server.py 816:: additve id={0}
2024-12-02 01:29:31,753 INFO server.py 817:: unreliable id =set()
2024-12-02 01:29:31,755 INFO server.py 815:: flip_sign_id=set()
2024-12-02 01:29:31,755 INFO server.py 816:: additve id=set()
2024-12-02 01:29:31,755 INFO server.py 817:: unreliable id =set()
2024-12-02 01:29:31,757 INFO server.py 815:: flip_sign_id=set()
2024-12-02 01:29:31,758 INFO server.py 816:: additve id=set()
2024-12-02 01:29:31,758 INFO server.py 817:: unreliable id =set()
2024-12-02 01:29:31,760 INFO server.py 815:: flip_sign_id=set()
2024-12-02 01:29:31,760 INFO server.py 816:: additve id=set()
2024-12-02 01:29:31,761 INFO server.py 817:: unreliable id =set()
2024-12-02 01:29:31,763 INFO server.py 815:: flip_sign_id=set()
2024-12-02 01:29:31,763 INFO server.py 816:: additve id=set()
2024-12-02 01:29:31,763 INFO server.py 817:: unreliable id =set()
2024-12-02 01:29:31,765 INFO server.py 815:: flip_sign_id=set()
2024-12-02 01:29:31,766 INFO server.py 816:: additve id=set()
2024-12-02 01:29:31,766 INFO server.py 817:: unreliable id =set()
2024-12-02 01:29:31,769 INFO server.py 815:: flip_sign_id=set()
2024-12-02 01:29:31,769 INFO server.py 816:: additve id=set()
2024-12-02 01:29:31,770 INFO server.py 817:: unreliable id =set()
2024-12-02 01:29:31,772 INFO server.py 815:: flip_sign_id=set()
2024-12-02 01:29:31,773 INFO server.py 816:: additve id=set()
2024-12-02 01:29:31,774 INFO server.py 817:: unreliable id =set()
2024-12-02 01:29:31,777 INFO server.py 815:: flip_sign_id=set()
2024-12-02 01:29:31,777 INFO server.py 816:: additve id=set()
2024-12-02 01:29:31,778 INFO server.py 817:: unreliable id =set()
2024-12-02 01:29:31,781 INFO server.py 815:: flip_sign_id=set()
2024-12-02 01:29:31,782 INFO server.py 816:: additve id=set()
2024-12-02 01:29:31,783 INFO server.py 817:: unreliable id =set()
2024-12-02 01:29:31,786 INFO server.py 815:: flip_sign_id=set()
2024-12-02 01:29:31,787 INFO server.py 816:: additve id=set()
2024-12-02 01:29:31,788 INFO server.py 817:: unreliable id =set()
2024-12-02 01:29:31,791 INFO server.py 815:: flip_sign_id=set()
2024-12-02 01:29:31,792 INFO server.py 816:: additve id=set()
2024-12-02 01:29:31,792 INFO server.py 817:: unreliable id =set()
2024-12-02 01:29:31,795 INFO server.py 815:: flip_sign_id=set()
2024-12-02 01:29:31,796 INFO server.py 816:: additve id=set()
2024-12-02 01:29:31,796 INFO server.py 817:: unreliable id =set()
2024-12-02 01:29:31,799 INFO server.py 815:: flip_sign_id=set()
2024-12-02 01:29:31,800 INFO server.py 816:: additve id=set()
2024-12-02 01:29:31,800 INFO server.py 817:: unreliable id =set()
2024-12-02 01:29:31,804 INFO server.py 815:: flip_sign_id=set()
2024-12-02 01:29:31,805 INFO server.py 816:: additve id=set()
2024-12-02 01:29:31,805 INFO server.py 817:: unreliable id =set()
2024-12-02 01:29:31,808 INFO server.py 815:: flip_sign_id=set()
2024-12-02 01:29:31,809 INFO server.py 816:: additve id=set()
2024-12-02 01:29:31,809 INFO server.py 817:: unreliable id =set()
2024-12-02 01:29:31,814 INFO server.py 815:: flip_sign_id=set()
2024-12-02 01:29:31,814 INFO server.py 816:: additve id=set()
2024-12-02 01:29:31,815 INFO server.py 817:: unreliable id =set()
2024-12-02 01:29:31,819 INFO server.py 815:: flip_sign_id=set()
2024-12-02 01:29:31,820 INFO server.py 816:: additve id=set()
2024-12-02 01:29:31,821 INFO server.py 817:: unreliable id =set()
2024-12-02 01:29:31,824 INFO server.py 815:: flip_sign_id=set()
2024-12-02 01:29:31,825 INFO server.py 816:: additve id=set()
2024-12-02 01:29:31,825 INFO server.py 817:: unreliable id =set()
2024-12-02 01:29:31,829 INFO server.py 815:: flip_sign_id=set()
2024-12-02 01:29:31,830 INFO server.py 816:: additve id=set()
2024-12-02 01:29:31,830 INFO server.py 817:: unreliable id =set()
2024-12-02 01:29:31,834 INFO server.py 815:: flip_sign_id=set()
2024-12-02 01:29:31,834 INFO server.py 816:: additve id=set()
2024-12-02 01:29:31,835 INFO server.py 817:: unreliable id =set()
2024-12-02 01:29:31,839 INFO server.py 815:: flip_sign_id=set()
2024-12-02 01:29:31,839 INFO server.py 816:: additve id=set()
2024-12-02 01:29:31,840 INFO server.py 817:: unreliable id =set()
2024-12-02 01:29:31,845 INFO server.py 815:: flip_sign_id=set()
2024-12-02 01:29:31,845 INFO server.py 816:: additve id=set()
2024-12-02 01:29:31,845 INFO server.py 817:: unreliable id =set()
2024-12-02 01:29:31,850 INFO server.py 815:: flip_sign_id=set()
2024-12-02 01:29:31,850 INFO server.py 816:: additve id=set()
2024-12-02 01:29:31,850 INFO server.py 817:: unreliable id =set()
2024-12-02 01:29:31,855 INFO server.py 815:: flip_sign_id=set()
2024-12-02 01:29:31,855 INFO server.py 816:: additve id=set()
2024-12-02 01:29:31,856 INFO server.py 817:: unreliable id =set()
2024-12-02 01:29:31,861 INFO server.py 815:: flip_sign_id=set()
2024-12-02 01:29:31,861 INFO server.py 816:: additve id=set()
2024-12-02 01:29:31,861 INFO server.py 817:: unreliable id =set()
2024-12-02 01:29:31,866 INFO server.py 815:: flip_sign_id=set()
2024-12-02 01:29:31,867 INFO server.py 816:: additve id=set()
2024-12-02 01:29:31,867 INFO server.py 817:: unreliable id =set()
2024-12-02 01:29:31,871 INFO server.py 815:: flip_sign_id=set()
2024-12-02 01:29:31,872 INFO server.py 816:: additve id=set()
2024-12-02 01:29:31,872 INFO server.py 817:: unreliable id =set()
2024-12-02 01:29:31,877 INFO server.py 815:: flip_sign_id=set()
2024-12-02 01:29:31,878 INFO server.py 816:: additve id=set()
2024-12-02 01:29:31,878 INFO server.py 817:: unreliable id =set()
2024-12-02 01:29:31,883 INFO server.py 815:: flip_sign_id=set()
2024-12-02 01:29:31,884 INFO server.py 816:: additve id=set()
2024-12-02 01:29:31,884 INFO server.py 817:: unreliable id =set()
2024-12-02 01:29:31,890 INFO server.py 815:: flip_sign_id=set()
2024-12-02 01:29:31,890 INFO server.py 816:: additve id=set()
2024-12-02 01:29:31,891 INFO server.py 817:: unreliable id =set()
2024-12-02 01:29:31,898 INFO server.py 815:: flip_sign_id=set()
2024-12-02 01:29:31,901 INFO server.py 816:: additve id=set()
2024-12-02 01:29:31,902 INFO server.py 817:: unreliable id =set()
2024-12-02 01:29:31,911 INFO server.py 815:: flip_sign_id=set()
2024-12-02 01:29:31,912 INFO server.py 816:: additve id=set()
2024-12-02 01:29:31,912 INFO server.py 817:: unreliable id =set()
2024-12-02 01:29:31,920 INFO server.py 815:: flip_sign_id=set()
2024-12-02 01:29:31,921 INFO server.py 816:: additve id=set()
2024-12-02 01:29:31,921 INFO server.py 817:: unreliable id =set()
2024-12-02 01:29:31,929 INFO server.py 815:: flip_sign_id=set()
2024-12-02 01:29:31,929 INFO server.py 816:: additve id=set()
2024-12-02 01:29:31,930 INFO server.py 817:: unreliable id =set()
2024-12-02 01:29:31,936 INFO server.py 815:: flip_sign_id=set()
2024-12-02 01:29:31,936 INFO server.py 816:: additve id=set()
2024-12-02 01:29:31,937 INFO server.py 817:: unreliable id =set()
2024-12-02 01:29:31,943 INFO server.py 815:: flip_sign_id=set()
2024-12-02 01:29:31,944 INFO server.py 816:: additve id=set()
2024-12-02 01:29:31,945 INFO server.py 817:: unreliable id =set()
2024-12-02 01:29:31,952 INFO server.py 815:: flip_sign_id=set()
2024-12-02 01:29:31,953 INFO server.py 816:: additve id=set()
2024-12-02 01:29:31,953 INFO server.py 817:: unreliable id =set()
2024-12-02 01:29:31,960 INFO server.py 815:: flip_sign_id=set()
2024-12-02 01:29:31,961 INFO server.py 816:: additve id=set()
2024-12-02 01:29:31,961 INFO server.py 817:: unreliable id =set()
2024-12-02 01:29:31,963 INFO server.py 1078:: clients' sizes=[1, 2, 1, 0, 0, 0, 2, 2, 0, 1, 0, 1, 2, 2, 2, 2, 1, 1, 2, 0, 1, 1, 1, 1, 1, 0, 1, 1, 1, 1, 2, 0, 2, 0, 1, 2, 1, 0, 2, 0], total=41
2024-12-02 01:29:31,974 INFO server.py 327:: [Server] The aggregation takes 0.226133 seconds.

2024-12-02 01:29:31,975 INFO server.py 211:: [Server] Start testing
2024-12-02 01:29:31,994 INFO server.py 235:: [Server] Test set: Average loss: 1.1994, Accuracy: 90/200 (45.0%)

2024-12-02 01:29:31,996 INFO server.py 238:: [Sever] Confusion matrix:
 tensor([[50.,  0.,  0.,  0.],
        [46.,  0.,  1.,  3.],
        [34.,  0.,  6., 10.],
        [ 9.,  0.,  7., 34.]])
2024-12-02 01:29:31,998 INFO server.py 254:: [Server] Precision=[0.35971224        nan 0.42857143 0.7234042 ],
 Recall=[1.   0.   0.12 0.68],
 F1-score=[0.52910054        nan 0.1875     0.7010309 ],
 my_accuracy=44.999998807907104[%]
2024-12-02 01:29:31,999 INFO _main.py 209:: ########EPOCH 2 ########
2024-12-02 01:29:31,999 INFO _main.py 210:: ###Model distribution###
2024-12-02 01:29:34,913 INFO server.py 815:: flip_sign_id=set()
2024-12-02 01:29:34,913 INFO server.py 816:: additve id={0}
2024-12-02 01:29:34,913 INFO server.py 817:: unreliable id =set()
2024-12-02 01:29:34,915 INFO server.py 815:: flip_sign_id=set()
2024-12-02 01:29:34,916 INFO server.py 816:: additve id={0}
2024-12-02 01:29:34,916 INFO server.py 817:: unreliable id =set()
2024-12-02 01:29:34,918 INFO server.py 815:: flip_sign_id=set()
2024-12-02 01:29:34,918 INFO server.py 816:: additve id=set()
2024-12-02 01:29:34,918 INFO server.py 817:: unreliable id =set()
2024-12-02 01:29:34,921 INFO server.py 815:: flip_sign_id=set()
2024-12-02 01:29:34,921 INFO server.py 816:: additve id=set()
2024-12-02 01:29:34,921 INFO server.py 817:: unreliable id =set()
2024-12-02 01:29:34,924 INFO server.py 815:: flip_sign_id=set()
2024-12-02 01:29:34,924 INFO server.py 816:: additve id=set()
2024-12-02 01:29:34,924 INFO server.py 817:: unreliable id =set()
2024-12-02 01:29:34,927 INFO server.py 815:: flip_sign_id=set()
2024-12-02 01:29:34,927 INFO server.py 816:: additve id=set()
2024-12-02 01:29:34,927 INFO server.py 817:: unreliable id =set()
2024-12-02 01:29:34,930 INFO server.py 815:: flip_sign_id=set()
2024-12-02 01:29:34,930 INFO server.py 816:: additve id=set()
2024-12-02 01:29:34,930 INFO server.py 817:: unreliable id =set()
2024-12-02 01:29:34,933 INFO server.py 815:: flip_sign_id=set()
2024-12-02 01:29:34,934 INFO server.py 816:: additve id=set()
2024-12-02 01:29:34,934 INFO server.py 817:: unreliable id =set()
2024-12-02 01:29:34,937 INFO server.py 815:: flip_sign_id=set()
2024-12-02 01:29:34,937 INFO server.py 816:: additve id=set()
2024-12-02 01:29:34,937 INFO server.py 817:: unreliable id =set()
2024-12-02 01:29:34,940 INFO server.py 815:: flip_sign_id=set()
2024-12-02 01:29:34,941 INFO server.py 816:: additve id=set()
2024-12-02 01:29:34,941 INFO server.py 817:: unreliable id =set()
2024-12-02 01:29:34,944 INFO server.py 815:: flip_sign_id=set()
2024-12-02 01:29:34,944 INFO server.py 816:: additve id=set()
2024-12-02 01:29:34,945 INFO server.py 817:: unreliable id =set()
2024-12-02 01:29:34,949 INFO server.py 815:: flip_sign_id=set()
2024-12-02 01:29:34,949 INFO server.py 816:: additve id=set()
2024-12-02 01:29:34,949 INFO server.py 817:: unreliable id =set()
2024-12-02 01:29:34,953 INFO server.py 815:: flip_sign_id=set()
2024-12-02 01:29:34,953 INFO server.py 816:: additve id=set()
2024-12-02 01:29:34,953 INFO server.py 817:: unreliable id =set()
2024-12-02 01:29:34,957 INFO server.py 815:: flip_sign_id=set()
2024-12-02 01:29:34,957 INFO server.py 816:: additve id=set()
2024-12-02 01:29:34,958 INFO server.py 817:: unreliable id =set()
2024-12-02 01:29:34,963 INFO server.py 815:: flip_sign_id=set()
2024-12-02 01:29:34,964 INFO server.py 816:: additve id=set()
2024-12-02 01:29:34,964 INFO server.py 817:: unreliable id =set()
2024-12-02 01:29:34,968 INFO server.py 815:: flip_sign_id=set()
2024-12-02 01:29:34,969 INFO server.py 816:: additve id=set()
2024-12-02 01:29:34,969 INFO server.py 817:: unreliable id =set()
2024-12-02 01:29:34,973 INFO server.py 815:: flip_sign_id=set()
2024-12-02 01:29:34,974 INFO server.py 816:: additve id=set()
2024-12-02 01:29:34,974 INFO server.py 817:: unreliable id =set()
2024-12-02 01:29:34,979 INFO server.py 815:: flip_sign_id=set()
2024-12-02 01:29:34,979 INFO server.py 816:: additve id=set()
2024-12-02 01:29:34,979 INFO server.py 817:: unreliable id =set()
2024-12-02 01:29:34,984 INFO server.py 815:: flip_sign_id=set()
2024-12-02 01:29:34,984 INFO server.py 816:: additve id=set()
2024-12-02 01:29:34,985 INFO server.py 817:: unreliable id =set()
2024-12-02 01:29:34,990 INFO server.py 815:: flip_sign_id=set()
2024-12-02 01:29:34,990 INFO server.py 816:: additve id=set()
2024-12-02 01:29:34,990 INFO server.py 817:: unreliable id =set()
2024-12-02 01:29:34,995 INFO server.py 815:: flip_sign_id=set()
2024-12-02 01:29:34,995 INFO server.py 816:: additve id=set()
2024-12-02 01:29:34,995 INFO server.py 817:: unreliable id =set()
2024-12-02 01:29:35,001 INFO server.py 815:: flip_sign_id=set()
2024-12-02 01:29:35,001 INFO server.py 816:: additve id=set()
2024-12-02 01:29:35,001 INFO server.py 817:: unreliable id =set()
2024-12-02 01:29:35,007 INFO server.py 815:: flip_sign_id=set()
2024-12-02 01:29:35,007 INFO server.py 816:: additve id=set()
2024-12-02 01:29:35,007 INFO server.py 817:: unreliable id =set()
2024-12-02 01:29:35,019 INFO server.py 815:: flip_sign_id=set()
2024-12-02 01:29:35,021 INFO server.py 816:: additve id=set()
2024-12-02 01:29:35,022 INFO server.py 817:: unreliable id =set()
2024-12-02 01:29:35,029 INFO server.py 815:: flip_sign_id=set()
2024-12-02 01:29:35,034 INFO server.py 816:: additve id=set()
2024-12-02 01:29:35,034 INFO server.py 817:: unreliable id =set()
2024-12-02 01:29:35,041 INFO server.py 815:: flip_sign_id=set()
2024-12-02 01:29:35,045 INFO server.py 816:: additve id=set()
2024-12-02 01:29:35,045 INFO server.py 817:: unreliable id =set()
2024-12-02 01:29:35,052 INFO server.py 815:: flip_sign_id=set()
2024-12-02 01:29:35,053 INFO server.py 816:: additve id=set()
2024-12-02 01:29:35,053 INFO server.py 817:: unreliable id =set()
2024-12-02 01:29:35,064 INFO server.py 815:: flip_sign_id=set()
2024-12-02 01:29:35,066 INFO server.py 816:: additve id=set()
2024-12-02 01:29:35,066 INFO server.py 817:: unreliable id =set()
2024-12-02 01:29:35,073 INFO server.py 815:: flip_sign_id=set()
2024-12-02 01:29:35,074 INFO server.py 816:: additve id=set()
2024-12-02 01:29:35,074 INFO server.py 817:: unreliable id =set()
2024-12-02 01:29:35,082 INFO server.py 815:: flip_sign_id=set()
2024-12-02 01:29:35,082 INFO server.py 816:: additve id=set()
2024-12-02 01:29:35,083 INFO server.py 817:: unreliable id =set()
2024-12-02 01:29:35,090 INFO server.py 815:: flip_sign_id=set()
2024-12-02 01:29:35,091 INFO server.py 816:: additve id=set()
2024-12-02 01:29:35,091 INFO server.py 817:: unreliable id =set()
2024-12-02 01:29:35,098 INFO server.py 815:: flip_sign_id=set()
2024-12-02 01:29:35,099 INFO server.py 816:: additve id=set()
2024-12-02 01:29:35,099 INFO server.py 817:: unreliable id =set()
2024-12-02 01:29:35,107 INFO server.py 815:: flip_sign_id=set()
2024-12-02 01:29:35,107 INFO server.py 816:: additve id=set()
2024-12-02 01:29:35,107 INFO server.py 817:: unreliable id =set()
2024-12-02 01:29:35,115 INFO server.py 815:: flip_sign_id=set()
2024-12-02 01:29:35,116 INFO server.py 816:: additve id=set()
2024-12-02 01:29:35,116 INFO server.py 817:: unreliable id =set()
2024-12-02 01:29:35,124 INFO server.py 815:: flip_sign_id=set()
2024-12-02 01:29:35,125 INFO server.py 816:: additve id=set()
2024-12-02 01:29:35,125 INFO server.py 817:: unreliable id =set()
2024-12-02 01:29:35,134 INFO server.py 815:: flip_sign_id=set()
2024-12-02 01:29:35,135 INFO server.py 816:: additve id=set()
2024-12-02 01:29:35,135 INFO server.py 817:: unreliable id =set()
2024-12-02 01:29:35,145 INFO server.py 815:: flip_sign_id=set()
2024-12-02 01:29:35,146 INFO server.py 816:: additve id=set()
2024-12-02 01:29:35,147 INFO server.py 817:: unreliable id =set()
2024-12-02 01:29:35,156 INFO server.py 815:: flip_sign_id=set()
2024-12-02 01:29:35,156 INFO server.py 816:: additve id=set()
2024-12-02 01:29:35,156 INFO server.py 817:: unreliable id =set()
2024-12-02 01:29:35,165 INFO server.py 815:: flip_sign_id=set()
2024-12-02 01:29:35,166 INFO server.py 816:: additve id=set()
2024-12-02 01:29:35,166 INFO server.py 817:: unreliable id =set()
2024-12-02 01:29:35,175 INFO server.py 815:: flip_sign_id=set()
2024-12-02 01:29:35,175 INFO server.py 816:: additve id=set()
2024-12-02 01:29:35,175 INFO server.py 817:: unreliable id =set()
2024-12-02 01:29:35,177 INFO server.py 1078:: clients' sizes=[1, 2, 1, 0, 0, 0, 2, 2, 0, 1, 0, 1, 2, 2, 2, 2, 1, 1, 2, 0, 1, 1, 1, 1, 1, 0, 1, 1, 1, 1, 2, 0, 2, 0, 1, 2, 1, 0, 2, 0], total=41
2024-12-02 01:29:35,192 INFO server.py 327:: [Server] The aggregation takes 0.280036 seconds.

2024-12-02 01:29:35,193 INFO server.py 211:: [Server] Start testing
2024-12-02 01:29:35,217 INFO server.py 235:: [Server] Test set: Average loss: 1.0688, Accuracy: 107/200 (53.5%)

2024-12-02 01:29:35,220 INFO server.py 238:: [Sever] Confusion matrix:
 tensor([[47.,  1.,  2.,  0.],
        [33., 11.,  3.,  3.],
        [18., 10., 13.,  9.],
        [ 6.,  1.,  7., 36.]])
2024-12-02 01:29:35,222 INFO server.py 254:: [Server] Precision=[0.45192307 0.47826087 0.52       0.75      ],
 Recall=[0.94 0.22 0.26 0.72],
 F1-score=[0.61038965 0.30136985 0.34666666 0.7346939 ],
 my_accuracy=53.50000262260437[%]
2024-12-02 01:29:35,230 INFO _main.py 209:: ########EPOCH 3 ########
2024-12-02 01:29:35,234 INFO _main.py 210:: ###Model distribution###
2024-12-02 01:29:39,956 INFO server.py 815:: flip_sign_id=set()
2024-12-02 01:29:39,956 INFO server.py 816:: additve id={0}
2024-12-02 01:29:39,957 INFO server.py 817:: unreliable id =set()
2024-12-02 01:29:39,959 INFO server.py 815:: flip_sign_id=set()
2024-12-02 01:29:39,959 INFO server.py 816:: additve id={0}
2024-12-02 01:29:39,959 INFO server.py 817:: unreliable id =set()
2024-12-02 01:29:39,961 INFO server.py 815:: flip_sign_id=set()
2024-12-02 01:29:39,962 INFO server.py 816:: additve id=set()
2024-12-02 01:29:39,962 INFO server.py 817:: unreliable id =set()
2024-12-02 01:29:39,964 INFO server.py 815:: flip_sign_id=set()
2024-12-02 01:29:39,965 INFO server.py 816:: additve id=set()
2024-12-02 01:29:39,965 INFO server.py 817:: unreliable id =set()
2024-12-02 01:29:39,967 INFO server.py 815:: flip_sign_id=set()
2024-12-02 01:29:39,967 INFO server.py 816:: additve id=set()
2024-12-02 01:29:39,968 INFO server.py 817:: unreliable id =set()
2024-12-02 01:29:39,971 INFO server.py 815:: flip_sign_id=set()
2024-12-02 01:29:39,971 INFO server.py 816:: additve id=set()
2024-12-02 01:29:39,971 INFO server.py 817:: unreliable id =set()
2024-12-02 01:29:39,974 INFO server.py 815:: flip_sign_id=set()
2024-12-02 01:29:39,975 INFO server.py 816:: additve id=set()
2024-12-02 01:29:39,975 INFO server.py 817:: unreliable id =set()
2024-12-02 01:29:39,979 INFO server.py 815:: flip_sign_id=set()
2024-12-02 01:29:39,979 INFO server.py 816:: additve id=set()
2024-12-02 01:29:39,979 INFO server.py 817:: unreliable id =set()
2024-12-02 01:29:39,982 INFO server.py 815:: flip_sign_id=set()
2024-12-02 01:29:39,983 INFO server.py 816:: additve id=set()
2024-12-02 01:29:39,983 INFO server.py 817:: unreliable id =set()
2024-12-02 01:29:39,986 INFO server.py 815:: flip_sign_id=set()
2024-12-02 01:29:39,987 INFO server.py 816:: additve id=set()
2024-12-02 01:29:39,987 INFO server.py 817:: unreliable id =set()
2024-12-02 01:29:39,990 INFO server.py 815:: flip_sign_id=set()
2024-12-02 01:29:39,990 INFO server.py 816:: additve id=set()
2024-12-02 01:29:39,990 INFO server.py 817:: unreliable id =set()
2024-12-02 01:29:39,994 INFO server.py 815:: flip_sign_id=set()
2024-12-02 01:29:39,995 INFO server.py 816:: additve id=set()
2024-12-02 01:29:39,995 INFO server.py 817:: unreliable id =set()
2024-12-02 01:29:39,999 INFO server.py 815:: flip_sign_id=set()
2024-12-02 01:29:39,999 INFO server.py 816:: additve id=set()
2024-12-02 01:29:39,999 INFO server.py 817:: unreliable id =set()
2024-12-02 01:29:40,004 INFO server.py 815:: flip_sign_id=set()
2024-12-02 01:29:40,004 INFO server.py 816:: additve id=set()
2024-12-02 01:29:40,004 INFO server.py 817:: unreliable id =set()
2024-12-02 01:29:40,008 INFO server.py 815:: flip_sign_id=set()
2024-12-02 01:29:40,009 INFO server.py 816:: additve id=set()
2024-12-02 01:29:40,009 INFO server.py 817:: unreliable id =set()
2024-12-02 01:29:40,014 INFO server.py 815:: flip_sign_id=set()
2024-12-02 01:29:40,014 INFO server.py 816:: additve id=set()
2024-12-02 01:29:40,014 INFO server.py 817:: unreliable id =set()
2024-12-02 01:29:40,019 INFO server.py 815:: flip_sign_id=set()
2024-12-02 01:29:40,019 INFO server.py 816:: additve id=set()
2024-12-02 01:29:40,019 INFO server.py 817:: unreliable id =set()
2024-12-02 01:29:40,024 INFO server.py 815:: flip_sign_id=set()
2024-12-02 01:29:40,025 INFO server.py 816:: additve id=set()
2024-12-02 01:29:40,025 INFO server.py 817:: unreliable id =set()
2024-12-02 01:29:40,031 INFO server.py 815:: flip_sign_id=set()
2024-12-02 01:29:40,031 INFO server.py 816:: additve id=set()
2024-12-02 01:29:40,032 INFO server.py 817:: unreliable id =set()
2024-12-02 01:29:40,037 INFO server.py 815:: flip_sign_id=set()
2024-12-02 01:29:40,038 INFO server.py 816:: additve id=set()
2024-12-02 01:29:40,038 INFO server.py 817:: unreliable id =set()
2024-12-02 01:29:40,043 INFO server.py 815:: flip_sign_id=set()
2024-12-02 01:29:40,044 INFO server.py 816:: additve id=set()
2024-12-02 01:29:40,044 INFO server.py 817:: unreliable id =set()
2024-12-02 01:29:40,050 INFO server.py 815:: flip_sign_id=set()
2024-12-02 01:29:40,050 INFO server.py 816:: additve id=set()
2024-12-02 01:29:40,050 INFO server.py 817:: unreliable id =set()
2024-12-02 01:29:40,056 INFO server.py 815:: flip_sign_id=set()
2024-12-02 01:29:40,057 INFO server.py 816:: additve id=set()
2024-12-02 01:29:40,057 INFO server.py 817:: unreliable id =set()
2024-12-02 01:29:40,065 INFO server.py 815:: flip_sign_id=set()
2024-12-02 01:29:40,065 INFO server.py 816:: additve id=set()
2024-12-02 01:29:40,066 INFO server.py 817:: unreliable id =set()
2024-12-02 01:29:40,072 INFO server.py 815:: flip_sign_id=set()
2024-12-02 01:29:40,072 INFO server.py 816:: additve id=set()
2024-12-02 01:29:40,073 INFO server.py 817:: unreliable id =set()
2024-12-02 01:29:40,080 INFO server.py 815:: flip_sign_id=set()
2024-12-02 01:29:40,081 INFO server.py 816:: additve id=set()
2024-12-02 01:29:40,081 INFO server.py 817:: unreliable id =set()
2024-12-02 01:29:40,088 INFO server.py 815:: flip_sign_id=set()
2024-12-02 01:29:40,088 INFO server.py 816:: additve id=set()
2024-12-02 01:29:40,089 INFO server.py 817:: unreliable id =set()
2024-12-02 01:29:40,096 INFO server.py 815:: flip_sign_id=set()
2024-12-02 01:29:40,097 INFO server.py 816:: additve id=set()
2024-12-02 01:29:40,097 INFO server.py 817:: unreliable id =set()
2024-12-02 01:29:40,104 INFO server.py 815:: flip_sign_id=set()
2024-12-02 01:29:40,104 INFO server.py 816:: additve id=set()
2024-12-02 01:29:40,105 INFO server.py 817:: unreliable id =set()
2024-12-02 01:29:40,112 INFO server.py 815:: flip_sign_id=set()
2024-12-02 01:29:40,113 INFO server.py 816:: additve id=set()
2024-12-02 01:29:40,113 INFO server.py 817:: unreliable id =set()
2024-12-02 01:29:40,120 INFO server.py 815:: flip_sign_id=set()
2024-12-02 01:29:40,121 INFO server.py 816:: additve id=set()
2024-12-02 01:29:40,121 INFO server.py 817:: unreliable id =set()
2024-12-02 01:29:40,130 INFO server.py 815:: flip_sign_id=set()
2024-12-02 01:29:40,130 INFO server.py 816:: additve id=set()
2024-12-02 01:29:40,130 INFO server.py 817:: unreliable id =set()
2024-12-02 01:29:40,138 INFO server.py 815:: flip_sign_id=set()
2024-12-02 01:29:40,139 INFO server.py 816:: additve id=set()
2024-12-02 01:29:40,139 INFO server.py 817:: unreliable id =set()
2024-12-02 01:29:40,147 INFO server.py 815:: flip_sign_id=set()
2024-12-02 01:29:40,147 INFO server.py 816:: additve id=set()
2024-12-02 01:29:40,148 INFO server.py 817:: unreliable id =set()
2024-12-02 01:29:40,156 INFO server.py 815:: flip_sign_id=set()
2024-12-02 01:29:40,156 INFO server.py 816:: additve id=set()
2024-12-02 01:29:40,157 INFO server.py 817:: unreliable id =set()
2024-12-02 01:29:40,165 INFO server.py 815:: flip_sign_id=set()
2024-12-02 01:29:40,166 INFO server.py 816:: additve id=set()
2024-12-02 01:29:40,166 INFO server.py 817:: unreliable id =set()
2024-12-02 01:29:40,174 INFO server.py 815:: flip_sign_id=set()
2024-12-02 01:29:40,175 INFO server.py 816:: additve id=set()
2024-12-02 01:29:40,175 INFO server.py 817:: unreliable id =set()
2024-12-02 01:29:40,184 INFO server.py 815:: flip_sign_id=set()
2024-12-02 01:29:40,184 INFO server.py 816:: additve id=set()
2024-12-02 01:29:40,184 INFO server.py 817:: unreliable id =set()
2024-12-02 01:29:40,194 INFO server.py 815:: flip_sign_id=set()
2024-12-02 01:29:40,194 INFO server.py 816:: additve id=set()
2024-12-02 01:29:40,194 INFO server.py 817:: unreliable id =set()
2024-12-02 01:29:40,204 INFO server.py 815:: flip_sign_id=set()
2024-12-02 01:29:40,204 INFO server.py 816:: additve id=set()
2024-12-02 01:29:40,204 INFO server.py 817:: unreliable id =set()
2024-12-02 01:29:40,206 INFO server.py 1078:: clients' sizes=[1, 2, 1, 0, 0, 0, 2, 2, 0, 1, 0, 1, 2, 2, 2, 2, 1, 1, 2, 0, 1, 1, 1, 1, 1, 0, 1, 1, 1, 1, 2, 0, 2, 0, 1, 2, 1, 0, 2, 0], total=41
2024-12-02 01:29:40,222 INFO server.py 327:: [Server] The aggregation takes 0.266677 seconds.

2024-12-02 01:29:40,223 INFO server.py 211:: [Server] Start testing
2024-12-02 01:29:40,253 INFO server.py 235:: [Server] Test set: Average loss: 0.9836, Accuracy: 121/200 (60.5%)

2024-12-02 01:29:40,254 INFO server.py 238:: [Sever] Confusion matrix:
 tensor([[46.,  2.,  2.,  0.],
        [20., 21.,  6.,  3.],
        [13., 14., 15.,  8.],
        [ 0.,  6.,  5., 39.]])
2024-12-02 01:29:40,256 INFO server.py 254:: [Server] Precision=[0.5822785  0.4883721  0.53571427 0.78      ],
 Recall=[0.92 0.42 0.3  0.78],
 F1-score=[0.7131783  0.45161292 0.3846154  0.7799999 ],
 my_accuracy=60.50000190734863[%]
2024-12-02 01:29:40,257 INFO _main.py 209:: ########EPOCH 4 ########
2024-12-02 01:29:40,257 INFO _main.py 210:: ###Model distribution###
2024-12-02 01:29:42,966 INFO server.py 815:: flip_sign_id=set()
2024-12-02 01:29:42,967 INFO server.py 816:: additve id={0}
2024-12-02 01:29:42,967 INFO server.py 817:: unreliable id =set()
2024-12-02 01:29:42,969 INFO server.py 815:: flip_sign_id=set()
2024-12-02 01:29:42,969 INFO server.py 816:: additve id={0}
2024-12-02 01:29:42,970 INFO server.py 817:: unreliable id =set()
2024-12-02 01:29:42,971 INFO server.py 815:: flip_sign_id=set()
2024-12-02 01:29:42,972 INFO server.py 816:: additve id=set()
2024-12-02 01:29:42,972 INFO server.py 817:: unreliable id =set()
2024-12-02 01:29:42,974 INFO server.py 815:: flip_sign_id=set()
2024-12-02 01:29:42,974 INFO server.py 816:: additve id=set()
2024-12-02 01:29:42,975 INFO server.py 817:: unreliable id =set()
2024-12-02 01:29:42,977 INFO server.py 815:: flip_sign_id=set()
2024-12-02 01:29:42,977 INFO server.py 816:: additve id=set()
2024-12-02 01:29:42,977 INFO server.py 817:: unreliable id =set()
2024-12-02 01:29:42,980 INFO server.py 815:: flip_sign_id=set()
2024-12-02 01:29:42,980 INFO server.py 816:: additve id=set()
2024-12-02 01:29:42,981 INFO server.py 817:: unreliable id =set()
2024-12-02 01:29:42,982 INFO server.py 815:: flip_sign_id=set()
2024-12-02 01:29:42,983 INFO server.py 816:: additve id=set()
2024-12-02 01:29:42,983 INFO server.py 817:: unreliable id =set()
2024-12-02 01:29:42,986 INFO server.py 815:: flip_sign_id=set()
2024-12-02 01:29:42,986 INFO server.py 816:: additve id=set()
2024-12-02 01:29:42,986 INFO server.py 817:: unreliable id =set()
2024-12-02 01:29:42,988 INFO server.py 815:: flip_sign_id=set()
2024-12-02 01:29:42,988 INFO server.py 816:: additve id=set()
2024-12-02 01:29:42,989 INFO server.py 817:: unreliable id =set()
2024-12-02 01:29:42,991 INFO server.py 815:: flip_sign_id=set()
2024-12-02 01:29:42,991 INFO server.py 816:: additve id=set()
2024-12-02 01:29:42,992 INFO server.py 817:: unreliable id =set()
2024-12-02 01:29:42,994 INFO server.py 815:: flip_sign_id=set()
2024-12-02 01:29:42,995 INFO server.py 816:: additve id=set()
2024-12-02 01:29:42,995 INFO server.py 817:: unreliable id =set()
2024-12-02 01:29:42,998 INFO server.py 815:: flip_sign_id=set()
2024-12-02 01:29:42,998 INFO server.py 816:: additve id=set()
2024-12-02 01:29:42,998 INFO server.py 817:: unreliable id =set()
2024-12-02 01:29:43,001 INFO server.py 815:: flip_sign_id=set()
2024-12-02 01:29:43,001 INFO server.py 816:: additve id=set()
2024-12-02 01:29:43,001 INFO server.py 817:: unreliable id =set()
2024-12-02 01:29:43,004 INFO server.py 815:: flip_sign_id=set()
2024-12-02 01:29:43,004 INFO server.py 816:: additve id=set()
2024-12-02 01:29:43,004 INFO server.py 817:: unreliable id =set()
2024-12-02 01:29:43,006 INFO server.py 815:: flip_sign_id=set()
2024-12-02 01:29:43,007 INFO server.py 816:: additve id=set()
2024-12-02 01:29:43,007 INFO server.py 817:: unreliable id =set()
2024-12-02 01:29:43,010 INFO server.py 815:: flip_sign_id=set()
2024-12-02 01:29:43,010 INFO server.py 816:: additve id=set()
2024-12-02 01:29:43,010 INFO server.py 817:: unreliable id =set()
2024-12-02 01:29:43,013 INFO server.py 815:: flip_sign_id=set()
2024-12-02 01:29:43,013 INFO server.py 816:: additve id=set()
2024-12-02 01:29:43,013 INFO server.py 817:: unreliable id =set()
2024-12-02 01:29:43,017 INFO server.py 815:: flip_sign_id=set()
2024-12-02 01:29:43,017 INFO server.py 816:: additve id=set()
2024-12-02 01:29:43,018 INFO server.py 817:: unreliable id =set()
2024-12-02 01:29:43,021 INFO server.py 815:: flip_sign_id=set()
2024-12-02 01:29:43,021 INFO server.py 816:: additve id=set()
2024-12-02 01:29:43,021 INFO server.py 817:: unreliable id =set()
2024-12-02 01:29:43,025 INFO server.py 815:: flip_sign_id=set()
2024-12-02 01:29:43,025 INFO server.py 816:: additve id=set()
2024-12-02 01:29:43,026 INFO server.py 817:: unreliable id =set()
2024-12-02 01:29:43,029 INFO server.py 815:: flip_sign_id=set()
2024-12-02 01:29:43,029 INFO server.py 816:: additve id=set()
2024-12-02 01:29:43,030 INFO server.py 817:: unreliable id =set()
2024-12-02 01:29:43,034 INFO server.py 815:: flip_sign_id=set()
2024-12-02 01:29:43,034 INFO server.py 816:: additve id=set()
2024-12-02 01:29:43,035 INFO server.py 817:: unreliable id =set()
2024-12-02 01:29:43,038 INFO server.py 815:: flip_sign_id=set()
2024-12-02 01:29:43,039 INFO server.py 816:: additve id=set()
2024-12-02 01:29:43,039 INFO server.py 817:: unreliable id =set()
2024-12-02 01:29:43,044 INFO server.py 815:: flip_sign_id=set()
2024-12-02 01:29:43,044 INFO server.py 816:: additve id=set()
2024-12-02 01:29:43,045 INFO server.py 817:: unreliable id =set()
2024-12-02 01:29:43,049 INFO server.py 815:: flip_sign_id=set()
2024-12-02 01:29:43,049 INFO server.py 816:: additve id=set()
2024-12-02 01:29:43,050 INFO server.py 817:: unreliable id =set()
2024-12-02 01:29:43,054 INFO server.py 815:: flip_sign_id=set()
2024-12-02 01:29:43,055 INFO server.py 816:: additve id=set()
2024-12-02 01:29:43,055 INFO server.py 817:: unreliable id =set()
2024-12-02 01:29:43,060 INFO server.py 815:: flip_sign_id=set()
2024-12-02 01:29:43,060 INFO server.py 816:: additve id=set()
2024-12-02 01:29:43,061 INFO server.py 817:: unreliable id =set()
2024-12-02 01:29:43,066 INFO server.py 815:: flip_sign_id=set()
2024-12-02 01:29:43,066 INFO server.py 816:: additve id=set()
2024-12-02 01:29:43,066 INFO server.py 817:: unreliable id =set()
2024-12-02 01:29:43,071 INFO server.py 815:: flip_sign_id=set()
2024-12-02 01:29:43,072 INFO server.py 816:: additve id=set()
2024-12-02 01:29:43,072 INFO server.py 817:: unreliable id =set()
2024-12-02 01:29:43,077 INFO server.py 815:: flip_sign_id=set()
2024-12-02 01:29:43,077 INFO server.py 816:: additve id=set()
2024-12-02 01:29:43,078 INFO server.py 817:: unreliable id =set()
2024-12-02 01:29:43,082 INFO server.py 815:: flip_sign_id=set()
2024-12-02 01:29:43,083 INFO server.py 816:: additve id=set()
2024-12-02 01:29:43,084 INFO server.py 817:: unreliable id =set()
2024-12-02 01:29:43,089 INFO server.py 815:: flip_sign_id=set()
2024-12-02 01:29:43,090 INFO server.py 816:: additve id=set()
2024-12-02 01:29:43,090 INFO server.py 817:: unreliable id =set()
2024-12-02 01:29:43,096 INFO server.py 815:: flip_sign_id=set()
2024-12-02 01:29:43,096 INFO server.py 816:: additve id=set()
2024-12-02 01:29:43,096 INFO server.py 817:: unreliable id =set()
2024-12-02 01:29:43,102 INFO server.py 815:: flip_sign_id=set()
2024-12-02 01:29:43,103 INFO server.py 816:: additve id=set()
2024-12-02 01:29:43,103 INFO server.py 817:: unreliable id =set()
2024-12-02 01:29:43,109 INFO server.py 815:: flip_sign_id=set()
2024-12-02 01:29:43,109 INFO server.py 816:: additve id=set()
2024-12-02 01:29:43,109 INFO server.py 817:: unreliable id =set()
2024-12-02 01:29:43,115 INFO server.py 815:: flip_sign_id=set()
2024-12-02 01:29:43,116 INFO server.py 816:: additve id=set()
2024-12-02 01:29:43,116 INFO server.py 817:: unreliable id =set()
2024-12-02 01:29:43,122 INFO server.py 815:: flip_sign_id=set()
2024-12-02 01:29:43,122 INFO server.py 816:: additve id=set()
2024-12-02 01:29:43,122 INFO server.py 817:: unreliable id =set()
2024-12-02 01:29:43,129 INFO server.py 815:: flip_sign_id=set()
2024-12-02 01:29:43,129 INFO server.py 816:: additve id=set()
2024-12-02 01:29:43,129 INFO server.py 817:: unreliable id =set()
2024-12-02 01:29:43,135 INFO server.py 815:: flip_sign_id=set()
2024-12-02 01:29:43,136 INFO server.py 816:: additve id=set()
2024-12-02 01:29:43,136 INFO server.py 817:: unreliable id =set()
2024-12-02 01:29:43,143 INFO server.py 815:: flip_sign_id=set()
2024-12-02 01:29:43,143 INFO server.py 816:: additve id=set()
2024-12-02 01:29:43,144 INFO server.py 817:: unreliable id =set()
2024-12-02 01:29:43,145 INFO server.py 1078:: clients' sizes=[1, 2, 1, 0, 0, 0, 2, 2, 0, 1, 0, 1, 2, 2, 2, 2, 1, 1, 2, 0, 1, 1, 1, 1, 1, 0, 1, 1, 1, 1, 2, 0, 2, 0, 1, 2, 1, 0, 2, 0], total=41
2024-12-02 01:29:43,154 INFO server.py 327:: [Server] The aggregation takes 0.188950 seconds.

2024-12-02 01:29:43,155 INFO server.py 211:: [Server] Start testing
2024-12-02 01:29:43,168 INFO server.py 235:: [Server] Test set: Average loss: 0.9405, Accuracy: 121/200 (60.5%)

2024-12-02 01:29:43,170 INFO server.py 238:: [Sever] Confusion matrix:
 tensor([[41.,  7.,  2.,  0.],
        [18., 23.,  7.,  2.],
        [10., 14., 18.,  8.],
        [ 0.,  6.,  5., 39.]])
2024-12-02 01:29:43,171 INFO server.py 254:: [Server] Precision=[0.5942029  0.46       0.5625     0.79591835],
 Recall=[0.82 0.46 0.36 0.78],
 F1-score=[0.6890756  0.46       0.43902442 0.78787875],
 my_accuracy=60.50000190734863[%]
