2024-12-02 01:30:01,230 INFO _main.py 39:: ################################################################
2024-12-02 01:30:01,231 INFO _main.py 41:: #                              batch_size: 64                  #
2024-12-02 01:30:01,231 INFO _main.py 41:: #                         test_batch_size: 32                  #
2024-12-02 01:30:01,232 INFO _main.py 41:: #                                  epochs: 10                  #
2024-12-02 01:30:01,232 INFO _main.py 41:: #                               optimizer: SGD                 #
2024-12-02 01:30:01,232 INFO _main.py 41:: #                                      lr: 0.01                #
2024-12-02 01:30:01,232 INFO _main.py 41:: #                                momentum: 0.9                 #
2024-12-02 01:30:01,232 INFO _main.py 41:: #                            weight_decay: 0.0001              #
2024-12-02 01:30:01,233 INFO _main.py 41:: #                                    seed: 1                   #
2024-12-02 01:30:01,233 INFO _main.py 41:: #                            log_interval: 11                  #
2024-12-02 01:30:01,233 INFO _main.py 41:: #                             num_clients: 40                  #
2024-12-02 01:30:01,233 INFO _main.py 41:: #                           output_folder: experiments         #
2024-12-02 01:30:01,234 INFO _main.py 41:: #                                 dataset: rockburst           #
2024-12-02 01:30:01,234 INFO _main.py 41:: #                             loader_type: dirichlet           #
2024-12-02 01:30:01,234 INFO _main.py 41:: #                             loader_path: ./data/loader.pk    #
2024-12-02 01:30:01,235 INFO _main.py 41:: #                                      AR: my_hog              #
2024-12-02 01:30:01,235 INFO _main.py 41:: #                     n_attacker_backdoor: 0                   #
2024-12-02 01:30:01,235 INFO _main.py 41:: #                        backdoor_trigger: [0, 0, 1, 1]        #
2024-12-02 01:30:01,235 INFO _main.py 41:: #                   n_attacker_omniscient: 0                   #
2024-12-02 01:30:01,236 INFO _main.py 41:: #                        omniscient_scale: 1                   #
2024-12-02 01:30:01,236 INFO _main.py 41:: #                                 attacks: None                #
2024-12-02 01:30:01,236 INFO _main.py 41:: #                      save_model_weights: False               #
2024-12-02 01:30:01,237 INFO _main.py 41:: #                         experiment_name: sExp4Ba_40ep_rockburst_my_hog_40C_5#
2024-12-02 01:30:01,237 INFO _main.py 41:: #                          path_to_aggNet: None                #
2024-12-02 01:30:01,238 INFO _main.py 41:: #                                  device: cpu                 #
2024-12-02 01:30:01,238 INFO _main.py 41:: #                            inner_epochs: 30                  #
2024-12-02 01:30:01,238 INFO _main.py 41:: #                                 verbose: True                #
2024-12-02 01:30:01,239 INFO _main.py 41:: #                         list_unreliable: [2, 18, 20]         #
2024-12-02 01:30:01,239 INFO _main.py 41:: #                     unreliable_fraction: 0.5                 #
2024-12-02 01:30:01,239 INFO _main.py 41:: #                    unreliable_fracTrain: 0.3                 #
2024-12-02 01:30:01,239 INFO _main.py 41:: #                         mean_unreliable: 0.0                 #
2024-12-02 01:30:01,239 INFO _main.py 41:: #                             blur_method: add_noise           #
2024-12-02 01:30:01,240 INFO _main.py 41:: #                      max_std_unreliable: 30.0                #
2024-12-02 01:30:01,240 INFO _main.py 41:: #                     list_uatk_add_noise: [24, 25, 26]        #
2024-12-02 01:30:01,240 INFO _main.py 41:: #                          mean_add_noise: 0.0                 #
2024-12-02 01:30:01,240 INFO _main.py 41:: #                           std_add_noise: 0.01                #
2024-12-02 01:30:01,240 INFO _main.py 41:: #                     list_uatk_flip_sign: [0, 10, 11]         #
2024-12-02 01:30:01,240 INFO _main.py 42:: ################################################################
2024-12-02 01:30:01,241 INFO _main.py 43:: Namespace(batch_size=64, test_batch_size=32, epochs=10, optimizer='SGD', lr=0.01, momentum=0.9, weight_decay=0.0001, seed=1, log_interval=11, num_clients=40, output_folder='experiments', dataset='rockburst', loader_type='dirichlet', loader_path='./data/loader.pk', AR='my_hog', n_attacker_backdoor=0, backdoor_trigger=[0, 0, 1, 1], n_attacker_omniscient=0, omniscient_scale=1, attacks=None, save_model_weights=False, experiment_name='sExp4Ba_40ep_rockburst_my_hog_40C_5', path_to_aggNet=None, device='cpu', inner_epochs=30, verbose=True, list_unreliable=[2, 18, 20], unreliable_fraction=0.5, unreliable_fracTrain=0.3, mean_unreliable=0.0, blur_method='add_noise', max_std_unreliable=30.0, list_uatk_add_noise=[24, 25, 26], mean_add_noise=0.0, std_add_noise=0.01, list_uatk_flip_sign=[0, 10, 11])
2024-12-02 01:30:01,241 INFO _main.py 44:: #####################
2024-12-02 01:30:01,241 INFO _main.py 45:: #####################
2024-12-02 01:30:01,241 INFO _main.py 46:: #####################
2024-12-02 01:30:01,242 INFO _main.py 47:: Aggregation Rule:	my_hog
2024-12-02 01:30:01,242 INFO _main.py 48:: Data distribution:	dirichlet
2024-12-02 01:30:01,242 INFO _main.py 49:: Attacks:	None 
2024-12-02 01:30:01,242 INFO _main.py 50:: #####################
2024-12-02 01:30:01,242 INFO _main.py 51:: #####################
2024-12-02 01:30:01,242 INFO _main.py 52:: #####################
2024-12-02 01:30:02,825 INFO server.py 366:: SET DBSCAN eps=1.3, min_samples=10
2024-12-02 01:30:02,829 INFO _main.py 135:: [1-normal, 0-malicious] label =tensor([0., 1., 1., 1., 1., 1., 1., 1., 1., 1., 0., 0., 1., 1., 1., 1., 1., 1.,
        1., 1., 1., 1., 1., 1., 0., 0., 0., 1., 1., 1., 1., 1., 1., 1., 1., 1.,
        1., 1., 1., 1.])
2024-12-02 01:30:02,835 INFO malicious_clients.py 123:: init ATTACK OMNISCIENT Client 0
2024-12-02 01:30:02,840 INFO malicious_clients.py 18:: init UNRELIABLE Client 2
2024-12-02 01:30:02,874 INFO malicious_clients.py 123:: init ATTACK OMNISCIENT Client 10
2024-12-02 01:30:02,878 INFO malicious_clients.py 123:: init ATTACK OMNISCIENT Client 11
2024-12-02 01:30:02,901 INFO malicious_clients.py 18:: init UNRELIABLE Client 18
2024-12-02 01:30:02,908 INFO malicious_clients.py 18:: init UNRELIABLE Client 20
2024-12-02 01:30:02,925 INFO malicious_clients.py 73:: init ATTACK ADD NOISE TO GRAD Client 24
2024-12-02 01:30:02,929 INFO malicious_clients.py 73:: init ATTACK ADD NOISE TO GRAD Client 25
2024-12-02 01:30:02,932 INFO malicious_clients.py 73:: init ATTACK ADD NOISE TO GRAD Client 26
2024-12-02 01:30:02,988 INFO server.py 211:: [Server] Start testing
2024-12-02 01:30:03,006 INFO server.py 235:: [Server] Test set: Average loss: 1.3864, Accuracy: 50/200 (25.0%)

2024-12-02 01:30:03,007 INFO server.py 238:: [Sever] Confusion matrix:
 tensor([[50.,  0.,  0.,  0.],
        [50.,  0.,  0.,  0.],
        [50.,  0.,  0.,  0.],
        [50.,  0.,  0.,  0.]])
2024-12-02 01:30:03,018 INFO server.py 254:: [Server] Precision=[0.25  nan  nan  nan],
 Recall=[1. 0. 0. 0.],
 F1-score=[0.4 nan nan nan],
 my_accuracy=25.0[%]
2024-12-02 01:30:03,019 INFO _main.py 209:: ########EPOCH 0 ########
2024-12-02 01:30:03,020 INFO _main.py 210:: ###Model distribution###
2024-12-02 01:30:07,257 INFO server.py 815:: flip_sign_id=set()
2024-12-02 01:30:07,258 INFO server.py 816:: additve id={0}
2024-12-02 01:30:07,259 INFO server.py 817:: unreliable id =set()
2024-12-02 01:30:07,262 INFO server.py 815:: flip_sign_id=set()
2024-12-02 01:30:07,262 INFO server.py 816:: additve id={0}
2024-12-02 01:30:07,263 INFO server.py 817:: unreliable id =set()
2024-12-02 01:30:07,266 INFO server.py 815:: flip_sign_id=set()
2024-12-02 01:30:07,267 INFO server.py 816:: additve id=set()
2024-12-02 01:30:07,268 INFO server.py 817:: unreliable id =set()
2024-12-02 01:30:07,274 INFO server.py 815:: flip_sign_id=set()
2024-12-02 01:30:07,275 INFO server.py 816:: additve id=set()
2024-12-02 01:30:07,276 INFO server.py 817:: unreliable id =set()
2024-12-02 01:30:07,278 INFO server.py 815:: flip_sign_id=set()
2024-12-02 01:30:07,279 INFO server.py 816:: additve id=set()
2024-12-02 01:30:07,280 INFO server.py 817:: unreliable id =set()
2024-12-02 01:30:07,286 INFO server.py 815:: flip_sign_id=set()
2024-12-02 01:30:07,287 INFO server.py 816:: additve id=set()
2024-12-02 01:30:07,288 INFO server.py 817:: unreliable id =set()
2024-12-02 01:30:07,294 INFO server.py 815:: flip_sign_id=set()
2024-12-02 01:30:07,296 INFO server.py 816:: additve id=set()
2024-12-02 01:30:07,297 INFO server.py 817:: unreliable id =set()
2024-12-02 01:30:07,301 INFO server.py 815:: flip_sign_id=set()
2024-12-02 01:30:07,302 INFO server.py 816:: additve id=set()
2024-12-02 01:30:07,303 INFO server.py 817:: unreliable id =set()
2024-12-02 01:30:07,311 INFO server.py 815:: flip_sign_id=set()
2024-12-02 01:30:07,312 INFO server.py 816:: additve id=set()
2024-12-02 01:30:07,313 INFO server.py 817:: unreliable id =set()
2024-12-02 01:30:07,319 INFO server.py 815:: flip_sign_id=set()
2024-12-02 01:30:07,320 INFO server.py 816:: additve id=set()
2024-12-02 01:30:07,320 INFO server.py 817:: unreliable id =set()
2024-12-02 01:30:07,324 INFO server.py 815:: flip_sign_id=set()
2024-12-02 01:30:07,324 INFO server.py 816:: additve id=set()
2024-12-02 01:30:07,324 INFO server.py 817:: unreliable id =set()
2024-12-02 01:30:07,329 INFO server.py 815:: flip_sign_id=set()
2024-12-02 01:30:07,331 INFO server.py 816:: additve id=set()
2024-12-02 01:30:07,331 INFO server.py 817:: unreliable id =set()
2024-12-02 01:30:07,336 INFO server.py 815:: flip_sign_id=set()
2024-12-02 01:30:07,336 INFO server.py 816:: additve id=set()
2024-12-02 01:30:07,337 INFO server.py 817:: unreliable id =set()
2024-12-02 01:30:07,342 INFO server.py 815:: flip_sign_id=set()
2024-12-02 01:30:07,342 INFO server.py 816:: additve id=set()
2024-12-02 01:30:07,344 INFO server.py 817:: unreliable id =set()
2024-12-02 01:30:07,349 INFO server.py 815:: flip_sign_id=set()
2024-12-02 01:30:07,350 INFO server.py 816:: additve id=set()
2024-12-02 01:30:07,350 INFO server.py 817:: unreliable id =set()
2024-12-02 01:30:07,355 INFO server.py 815:: flip_sign_id=set()
2024-12-02 01:30:07,355 INFO server.py 816:: additve id=set()
2024-12-02 01:30:07,355 INFO server.py 817:: unreliable id =set()
2024-12-02 01:30:07,361 INFO server.py 815:: flip_sign_id=set()
2024-12-02 01:30:07,367 INFO server.py 816:: additve id=set()
2024-12-02 01:30:07,369 INFO server.py 817:: unreliable id =set()
2024-12-02 01:30:07,378 INFO server.py 815:: flip_sign_id=set()
2024-12-02 01:30:07,385 INFO server.py 816:: additve id=set()
2024-12-02 01:30:07,387 INFO server.py 817:: unreliable id =set()
2024-12-02 01:30:07,392 INFO server.py 815:: flip_sign_id=set()
2024-12-02 01:30:07,398 INFO server.py 816:: additve id=set()
2024-12-02 01:30:07,401 INFO server.py 817:: unreliable id =set()
2024-12-02 01:30:07,407 INFO server.py 815:: flip_sign_id=set()
2024-12-02 01:30:07,409 INFO server.py 816:: additve id=set()
2024-12-02 01:30:07,409 INFO server.py 817:: unreliable id =set()
2024-12-02 01:30:07,419 INFO server.py 815:: flip_sign_id=set()
2024-12-02 01:30:07,420 INFO server.py 816:: additve id=set()
2024-12-02 01:30:07,422 INFO server.py 817:: unreliable id =set()
2024-12-02 01:30:07,435 INFO server.py 815:: flip_sign_id=set()
2024-12-02 01:30:07,441 INFO server.py 816:: additve id=set()
2024-12-02 01:30:07,444 INFO server.py 817:: unreliable id =set()
2024-12-02 01:30:07,455 INFO server.py 815:: flip_sign_id=set()
2024-12-02 01:30:07,462 INFO server.py 816:: additve id=set()
2024-12-02 01:30:07,462 INFO server.py 817:: unreliable id =set()
2024-12-02 01:30:07,474 INFO server.py 815:: flip_sign_id=set()
2024-12-02 01:30:07,482 INFO server.py 816:: additve id=set()
2024-12-02 01:30:07,482 INFO server.py 817:: unreliable id =set()
2024-12-02 01:30:07,496 INFO server.py 815:: flip_sign_id=set()
2024-12-02 01:30:07,499 INFO server.py 816:: additve id=set()
2024-12-02 01:30:07,500 INFO server.py 817:: unreliable id =set()
2024-12-02 01:30:07,515 INFO server.py 815:: flip_sign_id=set()
2024-12-02 01:30:07,520 INFO server.py 816:: additve id=set()
2024-12-02 01:30:07,521 INFO server.py 817:: unreliable id =set()
2024-12-02 01:30:07,528 INFO server.py 815:: flip_sign_id=set()
2024-12-02 01:30:07,540 INFO server.py 816:: additve id=set()
2024-12-02 01:30:07,540 INFO server.py 817:: unreliable id =set()
2024-12-02 01:30:07,558 INFO server.py 815:: flip_sign_id=set()
2024-12-02 01:30:07,560 INFO server.py 816:: additve id=set()
2024-12-02 01:30:07,561 INFO server.py 817:: unreliable id =set()
2024-12-02 01:30:07,577 INFO server.py 815:: flip_sign_id=set()
2024-12-02 01:30:07,578 INFO server.py 816:: additve id=set()
2024-12-02 01:30:07,579 INFO server.py 817:: unreliable id =set()
2024-12-02 01:30:07,597 INFO server.py 815:: flip_sign_id=set()
2024-12-02 01:30:07,599 INFO server.py 816:: additve id=set()
2024-12-02 01:30:07,599 INFO server.py 817:: unreliable id =set()
2024-12-02 01:30:07,617 INFO server.py 815:: flip_sign_id=set()
2024-12-02 01:30:07,619 INFO server.py 816:: additve id=set()
2024-12-02 01:30:07,619 INFO server.py 817:: unreliable id =set()
2024-12-02 01:30:07,638 INFO server.py 815:: flip_sign_id=set()
2024-12-02 01:30:07,641 INFO server.py 816:: additve id=set()
2024-12-02 01:30:07,642 INFO server.py 817:: unreliable id =set()
2024-12-02 01:30:07,660 INFO server.py 815:: flip_sign_id=set()
2024-12-02 01:30:07,663 INFO server.py 816:: additve id=set()
2024-12-02 01:30:07,663 INFO server.py 817:: unreliable id =set()
2024-12-02 01:30:07,672 INFO server.py 815:: flip_sign_id=set()
2024-12-02 01:30:07,678 INFO server.py 816:: additve id=set()
2024-12-02 01:30:07,679 INFO server.py 817:: unreliable id =set()
2024-12-02 01:30:07,694 INFO server.py 815:: flip_sign_id=set()
2024-12-02 01:30:07,695 INFO server.py 816:: additve id=set()
2024-12-02 01:30:07,696 INFO server.py 817:: unreliable id =set()
2024-12-02 01:30:07,713 INFO server.py 815:: flip_sign_id=set()
2024-12-02 01:30:07,714 INFO server.py 816:: additve id=set()
2024-12-02 01:30:07,716 INFO server.py 817:: unreliable id =set()
2024-12-02 01:30:07,732 INFO server.py 815:: flip_sign_id=set()
2024-12-02 01:30:07,733 INFO server.py 816:: additve id=set()
2024-12-02 01:30:07,734 INFO server.py 817:: unreliable id =set()
2024-12-02 01:30:07,752 INFO server.py 815:: flip_sign_id=set()
2024-12-02 01:30:07,753 INFO server.py 816:: additve id=set()
2024-12-02 01:30:07,755 INFO server.py 817:: unreliable id =set()
2024-12-02 01:30:07,777 INFO server.py 815:: flip_sign_id=set()
2024-12-02 01:30:07,779 INFO server.py 816:: additve id=set()
2024-12-02 01:30:07,780 INFO server.py 817:: unreliable id =set()
2024-12-02 01:30:07,804 INFO server.py 815:: flip_sign_id=set()
2024-12-02 01:30:07,805 INFO server.py 816:: additve id=set()
2024-12-02 01:30:07,808 INFO server.py 817:: unreliable id =set()
2024-12-02 01:30:07,810 INFO server.py 1078:: clients' sizes=[1, 2, 1, 0, 0, 0, 2, 2, 0, 1, 0, 1, 2, 2, 2, 2, 1, 1, 2, 0, 1, 1, 1, 1, 1, 0, 1, 1, 1, 1, 2, 0, 2, 0, 1, 2, 1, 0, 2, 0], total=41
2024-12-02 01:30:07,839 INFO server.py 327:: [Server] The aggregation takes 0.582682 seconds.

2024-12-02 01:30:07,840 INFO server.py 211:: [Server] Start testing
2024-12-02 01:30:07,884 INFO server.py 235:: [Server] Test set: Average loss: 1.3313, Accuracy: 71/200 (35.5%)

2024-12-02 01:30:07,890 INFO server.py 238:: [Sever] Confusion matrix:
 tensor([[50.,  0.,  0.,  0.],
        [50.,  0.,  0.,  0.],
        [50.,  0.,  0.,  0.],
        [29.,  0.,  0., 21.]])
2024-12-02 01:30:07,895 INFO server.py 254:: [Server] Precision=[0.2793296       nan       nan 1.       ],
 Recall=[1.   0.   0.   0.42],
 F1-score=[0.43668124        nan        nan 0.5915493 ],
 my_accuracy=35.499998927116394[%]
2024-12-02 01:30:07,898 INFO _main.py 209:: ########EPOCH 1 ########
2024-12-02 01:30:07,900 INFO _main.py 210:: ###Model distribution###
2024-12-02 01:30:11,172 INFO server.py 815:: flip_sign_id=set()
2024-12-02 01:30:11,173 INFO server.py 816:: additve id={0}
2024-12-02 01:30:11,173 INFO server.py 817:: unreliable id =set()
2024-12-02 01:30:11,175 INFO server.py 815:: flip_sign_id=set()
2024-12-02 01:30:11,175 INFO server.py 816:: additve id={0}
2024-12-02 01:30:11,175 INFO server.py 817:: unreliable id =set()
2024-12-02 01:30:11,177 INFO server.py 815:: flip_sign_id=set()
2024-12-02 01:30:11,177 INFO server.py 816:: additve id=set()
2024-12-02 01:30:11,177 INFO server.py 817:: unreliable id =set()
2024-12-02 01:30:11,179 INFO server.py 815:: flip_sign_id=set()
2024-12-02 01:30:11,179 INFO server.py 816:: additve id=set()
2024-12-02 01:30:11,180 INFO server.py 817:: unreliable id =set()
2024-12-02 01:30:11,181 INFO server.py 815:: flip_sign_id=set()
2024-12-02 01:30:11,182 INFO server.py 816:: additve id=set()
2024-12-02 01:30:11,182 INFO server.py 817:: unreliable id =set()
2024-12-02 01:30:11,184 INFO server.py 815:: flip_sign_id=set()
2024-12-02 01:30:11,184 INFO server.py 816:: additve id=set()
2024-12-02 01:30:11,184 INFO server.py 817:: unreliable id =set()
2024-12-02 01:30:11,186 INFO server.py 815:: flip_sign_id=set()
2024-12-02 01:30:11,187 INFO server.py 816:: additve id=set()
2024-12-02 01:30:11,187 INFO server.py 817:: unreliable id =set()
2024-12-02 01:30:11,190 INFO server.py 815:: flip_sign_id=set()
2024-12-02 01:30:11,190 INFO server.py 816:: additve id=set()
2024-12-02 01:30:11,190 INFO server.py 817:: unreliable id =set()
2024-12-02 01:30:11,193 INFO server.py 815:: flip_sign_id=set()
2024-12-02 01:30:11,193 INFO server.py 816:: additve id=set()
2024-12-02 01:30:11,194 INFO server.py 817:: unreliable id =set()
2024-12-02 01:30:11,196 INFO server.py 815:: flip_sign_id=set()
2024-12-02 01:30:11,196 INFO server.py 816:: additve id=set()
2024-12-02 01:30:11,196 INFO server.py 817:: unreliable id =set()
2024-12-02 01:30:11,198 INFO server.py 815:: flip_sign_id=set()
2024-12-02 01:30:11,199 INFO server.py 816:: additve id=set()
2024-12-02 01:30:11,199 INFO server.py 817:: unreliable id =set()
2024-12-02 01:30:11,202 INFO server.py 815:: flip_sign_id=set()
2024-12-02 01:30:11,202 INFO server.py 816:: additve id=set()
2024-12-02 01:30:11,202 INFO server.py 817:: unreliable id =set()
2024-12-02 01:30:11,205 INFO server.py 815:: flip_sign_id=set()
2024-12-02 01:30:11,205 INFO server.py 816:: additve id=set()
2024-12-02 01:30:11,205 INFO server.py 817:: unreliable id =set()
2024-12-02 01:30:11,208 INFO server.py 815:: flip_sign_id=set()
2024-12-02 01:30:11,208 INFO server.py 816:: additve id=set()
2024-12-02 01:30:11,208 INFO server.py 817:: unreliable id =set()
2024-12-02 01:30:11,211 INFO server.py 815:: flip_sign_id=set()
2024-12-02 01:30:11,212 INFO server.py 816:: additve id=set()
2024-12-02 01:30:11,212 INFO server.py 817:: unreliable id =set()
2024-12-02 01:30:11,215 INFO server.py 815:: flip_sign_id=set()
2024-12-02 01:30:11,215 INFO server.py 816:: additve id=set()
2024-12-02 01:30:11,216 INFO server.py 817:: unreliable id =set()
2024-12-02 01:30:11,219 INFO server.py 815:: flip_sign_id=set()
2024-12-02 01:30:11,219 INFO server.py 816:: additve id=set()
2024-12-02 01:30:11,219 INFO server.py 817:: unreliable id =set()
2024-12-02 01:30:11,222 INFO server.py 815:: flip_sign_id=set()
2024-12-02 01:30:11,223 INFO server.py 816:: additve id=set()
2024-12-02 01:30:11,223 INFO server.py 817:: unreliable id =set()
2024-12-02 01:30:11,226 INFO server.py 815:: flip_sign_id=set()
2024-12-02 01:30:11,226 INFO server.py 816:: additve id=set()
2024-12-02 01:30:11,227 INFO server.py 817:: unreliable id =set()
2024-12-02 01:30:11,230 INFO server.py 815:: flip_sign_id=set()
2024-12-02 01:30:11,230 INFO server.py 816:: additve id=set()
2024-12-02 01:30:11,231 INFO server.py 817:: unreliable id =set()
2024-12-02 01:30:11,234 INFO server.py 815:: flip_sign_id=set()
2024-12-02 01:30:11,234 INFO server.py 816:: additve id=set()
2024-12-02 01:30:11,235 INFO server.py 817:: unreliable id =set()
2024-12-02 01:30:11,238 INFO server.py 815:: flip_sign_id=set()
2024-12-02 01:30:11,239 INFO server.py 816:: additve id=set()
2024-12-02 01:30:11,239 INFO server.py 817:: unreliable id =set()
2024-12-02 01:30:11,243 INFO server.py 815:: flip_sign_id=set()
2024-12-02 01:30:11,243 INFO server.py 816:: additve id=set()
2024-12-02 01:30:11,243 INFO server.py 817:: unreliable id =set()
2024-12-02 01:30:11,248 INFO server.py 815:: flip_sign_id=set()
2024-12-02 01:30:11,248 INFO server.py 816:: additve id=set()
2024-12-02 01:30:11,249 INFO server.py 817:: unreliable id =set()
2024-12-02 01:30:11,253 INFO server.py 815:: flip_sign_id=set()
2024-12-02 01:30:11,254 INFO server.py 816:: additve id=set()
2024-12-02 01:30:11,254 INFO server.py 817:: unreliable id =set()
2024-12-02 01:30:11,259 INFO server.py 815:: flip_sign_id=set()
2024-12-02 01:30:11,259 INFO server.py 816:: additve id=set()
2024-12-02 01:30:11,259 INFO server.py 817:: unreliable id =set()
2024-12-02 01:30:11,264 INFO server.py 815:: flip_sign_id=set()
2024-12-02 01:30:11,264 INFO server.py 816:: additve id=set()
2024-12-02 01:30:11,265 INFO server.py 817:: unreliable id =set()
2024-12-02 01:30:11,269 INFO server.py 815:: flip_sign_id=set()
2024-12-02 01:30:11,269 INFO server.py 816:: additve id=set()
2024-12-02 01:30:11,270 INFO server.py 817:: unreliable id =set()
2024-12-02 01:30:11,279 INFO server.py 815:: flip_sign_id=set()
2024-12-02 01:30:11,279 INFO server.py 816:: additve id=set()
2024-12-02 01:30:11,279 INFO server.py 817:: unreliable id =set()
2024-12-02 01:30:11,284 INFO server.py 815:: flip_sign_id=set()
2024-12-02 01:30:11,285 INFO server.py 816:: additve id=set()
2024-12-02 01:30:11,285 INFO server.py 817:: unreliable id =set()
2024-12-02 01:30:11,290 INFO server.py 815:: flip_sign_id=set()
2024-12-02 01:30:11,291 INFO server.py 816:: additve id=set()
2024-12-02 01:30:11,291 INFO server.py 817:: unreliable id =set()
2024-12-02 01:30:11,297 INFO server.py 815:: flip_sign_id=set()
2024-12-02 01:30:11,298 INFO server.py 816:: additve id=set()
2024-12-02 01:30:11,298 INFO server.py 817:: unreliable id =set()
2024-12-02 01:30:11,303 INFO server.py 815:: flip_sign_id=set()
2024-12-02 01:30:11,304 INFO server.py 816:: additve id=set()
2024-12-02 01:30:11,304 INFO server.py 817:: unreliable id =set()
2024-12-02 01:30:11,310 INFO server.py 815:: flip_sign_id=set()
2024-12-02 01:30:11,310 INFO server.py 816:: additve id=set()
2024-12-02 01:30:11,310 INFO server.py 817:: unreliable id =set()
2024-12-02 01:30:11,316 INFO server.py 815:: flip_sign_id=set()
2024-12-02 01:30:11,316 INFO server.py 816:: additve id=set()
2024-12-02 01:30:11,317 INFO server.py 817:: unreliable id =set()
2024-12-02 01:30:11,322 INFO server.py 815:: flip_sign_id=set()
2024-12-02 01:30:11,323 INFO server.py 816:: additve id=set()
2024-12-02 01:30:11,323 INFO server.py 817:: unreliable id =set()
2024-12-02 01:30:11,329 INFO server.py 815:: flip_sign_id=set()
2024-12-02 01:30:11,329 INFO server.py 816:: additve id=set()
2024-12-02 01:30:11,330 INFO server.py 817:: unreliable id =set()
2024-12-02 01:30:11,336 INFO server.py 815:: flip_sign_id=set()
2024-12-02 01:30:11,336 INFO server.py 816:: additve id=set()
2024-12-02 01:30:11,336 INFO server.py 817:: unreliable id =set()
2024-12-02 01:30:11,343 INFO server.py 815:: flip_sign_id=set()
2024-12-02 01:30:11,343 INFO server.py 816:: additve id=set()
2024-12-02 01:30:11,343 INFO server.py 817:: unreliable id =set()
2024-12-02 01:30:11,352 INFO server.py 815:: flip_sign_id=set()
2024-12-02 01:30:11,352 INFO server.py 816:: additve id=set()
2024-12-02 01:30:11,352 INFO server.py 817:: unreliable id =set()
2024-12-02 01:30:11,353 INFO server.py 1078:: clients' sizes=[1, 2, 1, 0, 0, 0, 2, 2, 0, 1, 0, 1, 2, 2, 2, 2, 1, 1, 2, 0, 1, 1, 1, 1, 1, 0, 1, 1, 1, 1, 2, 0, 2, 0, 1, 2, 1, 0, 2, 0], total=41
2024-12-02 01:30:11,365 INFO server.py 327:: [Server] The aggregation takes 0.192920 seconds.

2024-12-02 01:30:11,366 INFO server.py 211:: [Server] Start testing
2024-12-02 01:30:11,380 INFO server.py 235:: [Server] Test set: Average loss: 1.1994, Accuracy: 90/200 (45.0%)

2024-12-02 01:30:11,381 INFO server.py 238:: [Sever] Confusion matrix:
 tensor([[50.,  0.,  0.,  0.],
        [46.,  0.,  1.,  3.],
        [34.,  0.,  6., 10.],
        [ 9.,  0.,  7., 34.]])
2024-12-02 01:30:11,382 INFO server.py 254:: [Server] Precision=[0.35971224        nan 0.42857143 0.7234042 ],
 Recall=[1.   0.   0.12 0.68],
 F1-score=[0.52910054        nan 0.1875     0.7010309 ],
 my_accuracy=44.999998807907104[%]
2024-12-02 01:30:11,383 INFO _main.py 209:: ########EPOCH 2 ########
2024-12-02 01:30:11,383 INFO _main.py 210:: ###Model distribution###
2024-12-02 01:30:13,954 INFO server.py 815:: flip_sign_id=set()
2024-12-02 01:30:13,954 INFO server.py 816:: additve id={0}
2024-12-02 01:30:13,955 INFO server.py 817:: unreliable id =set()
2024-12-02 01:30:13,956 INFO server.py 815:: flip_sign_id=set()
2024-12-02 01:30:13,957 INFO server.py 816:: additve id={0}
2024-12-02 01:30:13,957 INFO server.py 817:: unreliable id =set()
2024-12-02 01:30:13,958 INFO server.py 815:: flip_sign_id=set()
2024-12-02 01:30:13,959 INFO server.py 816:: additve id=set()
2024-12-02 01:30:13,959 INFO server.py 817:: unreliable id =set()
2024-12-02 01:30:13,961 INFO server.py 815:: flip_sign_id=set()
2024-12-02 01:30:13,962 INFO server.py 816:: additve id=set()
2024-12-02 01:30:13,962 INFO server.py 817:: unreliable id =set()
2024-12-02 01:30:13,964 INFO server.py 815:: flip_sign_id=set()
2024-12-02 01:30:13,964 INFO server.py 816:: additve id=set()
2024-12-02 01:30:13,965 INFO server.py 817:: unreliable id =set()
2024-12-02 01:30:13,967 INFO server.py 815:: flip_sign_id=set()
2024-12-02 01:30:13,967 INFO server.py 816:: additve id=set()
2024-12-02 01:30:13,967 INFO server.py 817:: unreliable id =set()
2024-12-02 01:30:13,969 INFO server.py 815:: flip_sign_id=set()
2024-12-02 01:30:13,969 INFO server.py 816:: additve id=set()
2024-12-02 01:30:13,969 INFO server.py 817:: unreliable id =set()
2024-12-02 01:30:13,972 INFO server.py 815:: flip_sign_id=set()
2024-12-02 01:30:13,972 INFO server.py 816:: additve id=set()
2024-12-02 01:30:13,972 INFO server.py 817:: unreliable id =set()
2024-12-02 01:30:13,974 INFO server.py 815:: flip_sign_id=set()
2024-12-02 01:30:13,974 INFO server.py 816:: additve id=set()
2024-12-02 01:30:13,974 INFO server.py 817:: unreliable id =set()
2024-12-02 01:30:13,977 INFO server.py 815:: flip_sign_id=set()
2024-12-02 01:30:13,977 INFO server.py 816:: additve id=set()
2024-12-02 01:30:13,977 INFO server.py 817:: unreliable id =set()
2024-12-02 01:30:13,979 INFO server.py 815:: flip_sign_id=set()
2024-12-02 01:30:13,980 INFO server.py 816:: additve id=set()
2024-12-02 01:30:13,980 INFO server.py 817:: unreliable id =set()
2024-12-02 01:30:13,983 INFO server.py 815:: flip_sign_id=set()
2024-12-02 01:30:13,983 INFO server.py 816:: additve id=set()
2024-12-02 01:30:13,983 INFO server.py 817:: unreliable id =set()
2024-12-02 01:30:13,986 INFO server.py 815:: flip_sign_id=set()
2024-12-02 01:30:13,986 INFO server.py 816:: additve id=set()
2024-12-02 01:30:13,987 INFO server.py 817:: unreliable id =set()
2024-12-02 01:30:13,989 INFO server.py 815:: flip_sign_id=set()
2024-12-02 01:30:13,990 INFO server.py 816:: additve id=set()
2024-12-02 01:30:13,990 INFO server.py 817:: unreliable id =set()
2024-12-02 01:30:13,992 INFO server.py 815:: flip_sign_id=set()
2024-12-02 01:30:13,993 INFO server.py 816:: additve id=set()
2024-12-02 01:30:13,993 INFO server.py 817:: unreliable id =set()
2024-12-02 01:30:13,996 INFO server.py 815:: flip_sign_id=set()
2024-12-02 01:30:13,997 INFO server.py 816:: additve id=set()
2024-12-02 01:30:13,997 INFO server.py 817:: unreliable id =set()
2024-12-02 01:30:14,000 INFO server.py 815:: flip_sign_id=set()
2024-12-02 01:30:14,001 INFO server.py 816:: additve id=set()
2024-12-02 01:30:14,001 INFO server.py 817:: unreliable id =set()
2024-12-02 01:30:14,004 INFO server.py 815:: flip_sign_id=set()
2024-12-02 01:30:14,005 INFO server.py 816:: additve id=set()
2024-12-02 01:30:14,005 INFO server.py 817:: unreliable id =set()
2024-12-02 01:30:14,009 INFO server.py 815:: flip_sign_id=set()
2024-12-02 01:30:14,009 INFO server.py 816:: additve id=set()
2024-12-02 01:30:14,009 INFO server.py 817:: unreliable id =set()
2024-12-02 01:30:14,013 INFO server.py 815:: flip_sign_id=set()
2024-12-02 01:30:14,013 INFO server.py 816:: additve id=set()
2024-12-02 01:30:14,013 INFO server.py 817:: unreliable id =set()
2024-12-02 01:30:14,016 INFO server.py 815:: flip_sign_id=set()
2024-12-02 01:30:14,017 INFO server.py 816:: additve id=set()
2024-12-02 01:30:14,017 INFO server.py 817:: unreliable id =set()
2024-12-02 01:30:14,021 INFO server.py 815:: flip_sign_id=set()
2024-12-02 01:30:14,021 INFO server.py 816:: additve id=set()
2024-12-02 01:30:14,021 INFO server.py 817:: unreliable id =set()
2024-12-02 01:30:14,025 INFO server.py 815:: flip_sign_id=set()
2024-12-02 01:30:14,025 INFO server.py 816:: additve id=set()
2024-12-02 01:30:14,025 INFO server.py 817:: unreliable id =set()
2024-12-02 01:30:14,029 INFO server.py 815:: flip_sign_id=set()
2024-12-02 01:30:14,030 INFO server.py 816:: additve id=set()
2024-12-02 01:30:14,030 INFO server.py 817:: unreliable id =set()
2024-12-02 01:30:14,034 INFO server.py 815:: flip_sign_id=set()
2024-12-02 01:30:14,035 INFO server.py 816:: additve id=set()
2024-12-02 01:30:14,035 INFO server.py 817:: unreliable id =set()
2024-12-02 01:30:14,039 INFO server.py 815:: flip_sign_id=set()
2024-12-02 01:30:14,039 INFO server.py 816:: additve id=set()
2024-12-02 01:30:14,040 INFO server.py 817:: unreliable id =set()
2024-12-02 01:30:14,045 INFO server.py 815:: flip_sign_id=set()
2024-12-02 01:30:14,046 INFO server.py 816:: additve id=set()
2024-12-02 01:30:14,046 INFO server.py 817:: unreliable id =set()
2024-12-02 01:30:14,051 INFO server.py 815:: flip_sign_id=set()
2024-12-02 01:30:14,051 INFO server.py 816:: additve id=set()
2024-12-02 01:30:14,051 INFO server.py 817:: unreliable id =set()
2024-12-02 01:30:14,056 INFO server.py 815:: flip_sign_id=set()
2024-12-02 01:30:14,056 INFO server.py 816:: additve id=set()
2024-12-02 01:30:14,056 INFO server.py 817:: unreliable id =set()
2024-12-02 01:30:14,062 INFO server.py 815:: flip_sign_id=set()
2024-12-02 01:30:14,062 INFO server.py 816:: additve id=set()
2024-12-02 01:30:14,062 INFO server.py 817:: unreliable id =set()
2024-12-02 01:30:14,067 INFO server.py 815:: flip_sign_id=set()
2024-12-02 01:30:14,068 INFO server.py 816:: additve id=set()
2024-12-02 01:30:14,068 INFO server.py 817:: unreliable id =set()
2024-12-02 01:30:14,073 INFO server.py 815:: flip_sign_id=set()
2024-12-02 01:30:14,074 INFO server.py 816:: additve id=set()
2024-12-02 01:30:14,074 INFO server.py 817:: unreliable id =set()
2024-12-02 01:30:14,079 INFO server.py 815:: flip_sign_id=set()
2024-12-02 01:30:14,080 INFO server.py 816:: additve id=set()
2024-12-02 01:30:14,080 INFO server.py 817:: unreliable id =set()
2024-12-02 01:30:14,086 INFO server.py 815:: flip_sign_id=set()
2024-12-02 01:30:14,086 INFO server.py 816:: additve id=set()
2024-12-02 01:30:14,087 INFO server.py 817:: unreliable id =set()
2024-12-02 01:30:14,092 INFO server.py 815:: flip_sign_id=set()
2024-12-02 01:30:14,093 INFO server.py 816:: additve id=set()
2024-12-02 01:30:14,093 INFO server.py 817:: unreliable id =set()
2024-12-02 01:30:14,099 INFO server.py 815:: flip_sign_id=set()
2024-12-02 01:30:14,100 INFO server.py 816:: additve id=set()
2024-12-02 01:30:14,100 INFO server.py 817:: unreliable id =set()
2024-12-02 01:30:14,105 INFO server.py 815:: flip_sign_id=set()
2024-12-02 01:30:14,106 INFO server.py 816:: additve id=set()
2024-12-02 01:30:14,106 INFO server.py 817:: unreliable id =set()
2024-12-02 01:30:14,112 INFO server.py 815:: flip_sign_id=set()
2024-12-02 01:30:14,113 INFO server.py 816:: additve id=set()
2024-12-02 01:30:14,113 INFO server.py 817:: unreliable id =set()
2024-12-02 01:30:14,118 INFO server.py 815:: flip_sign_id=set()
2024-12-02 01:30:14,119 INFO server.py 816:: additve id=set()
2024-12-02 01:30:14,119 INFO server.py 817:: unreliable id =set()
2024-12-02 01:30:14,125 INFO server.py 815:: flip_sign_id=set()
2024-12-02 01:30:14,125 INFO server.py 816:: additve id=set()
2024-12-02 01:30:14,126 INFO server.py 817:: unreliable id =set()
2024-12-02 01:30:14,127 INFO server.py 1078:: clients' sizes=[1, 2, 1, 0, 0, 0, 2, 2, 0, 1, 0, 1, 2, 2, 2, 2, 1, 1, 2, 0, 1, 1, 1, 1, 1, 0, 1, 1, 1, 1, 2, 0, 2, 0, 1, 2, 1, 0, 2, 0], total=41
2024-12-02 01:30:14,137 INFO server.py 327:: [Server] The aggregation takes 0.183523 seconds.

2024-12-02 01:30:14,138 INFO server.py 211:: [Server] Start testing
2024-12-02 01:30:14,152 INFO server.py 235:: [Server] Test set: Average loss: 1.0688, Accuracy: 107/200 (53.5%)

2024-12-02 01:30:14,153 INFO server.py 238:: [Sever] Confusion matrix:
 tensor([[47.,  1.,  2.,  0.],
        [33., 11.,  3.,  3.],
        [18., 10., 13.,  9.],
        [ 6.,  1.,  7., 36.]])
2024-12-02 01:30:14,155 INFO server.py 254:: [Server] Precision=[0.45192307 0.47826087 0.52       0.75      ],
 Recall=[0.94 0.22 0.26 0.72],
 F1-score=[0.61038965 0.30136985 0.34666666 0.7346939 ],
 my_accuracy=53.50000262260437[%]
2024-12-02 01:30:14,155 INFO _main.py 209:: ########EPOCH 3 ########
2024-12-02 01:30:14,156 INFO _main.py 210:: ###Model distribution###
2024-12-02 01:30:17,254 INFO server.py 815:: flip_sign_id=set()
2024-12-02 01:30:17,255 INFO server.py 816:: additve id={0}
2024-12-02 01:30:17,255 INFO server.py 817:: unreliable id =set()
2024-12-02 01:30:17,256 INFO server.py 815:: flip_sign_id=set()
2024-12-02 01:30:17,257 INFO server.py 816:: additve id={0}
2024-12-02 01:30:17,257 INFO server.py 817:: unreliable id =set()
2024-12-02 01:30:17,258 INFO server.py 815:: flip_sign_id=set()
2024-12-02 01:30:17,259 INFO server.py 816:: additve id=set()
2024-12-02 01:30:17,259 INFO server.py 817:: unreliable id =set()
2024-12-02 01:30:17,260 INFO server.py 815:: flip_sign_id=set()
2024-12-02 01:30:17,261 INFO server.py 816:: additve id=set()
2024-12-02 01:30:17,261 INFO server.py 817:: unreliable id =set()
2024-12-02 01:30:17,263 INFO server.py 815:: flip_sign_id=set()
2024-12-02 01:30:17,263 INFO server.py 816:: additve id=set()
2024-12-02 01:30:17,264 INFO server.py 817:: unreliable id =set()
2024-12-02 01:30:17,266 INFO server.py 815:: flip_sign_id=set()
2024-12-02 01:30:17,266 INFO server.py 816:: additve id=set()
2024-12-02 01:30:17,266 INFO server.py 817:: unreliable id =set()
2024-12-02 01:30:17,268 INFO server.py 815:: flip_sign_id=set()
2024-12-02 01:30:17,268 INFO server.py 816:: additve id=set()
2024-12-02 01:30:17,268 INFO server.py 817:: unreliable id =set()
2024-12-02 01:30:17,271 INFO server.py 815:: flip_sign_id=set()
2024-12-02 01:30:17,271 INFO server.py 816:: additve id=set()
2024-12-02 01:30:17,271 INFO server.py 817:: unreliable id =set()
2024-12-02 01:30:17,273 INFO server.py 815:: flip_sign_id=set()
2024-12-02 01:30:17,273 INFO server.py 816:: additve id=set()
2024-12-02 01:30:17,274 INFO server.py 817:: unreliable id =set()
2024-12-02 01:30:17,276 INFO server.py 815:: flip_sign_id=set()
2024-12-02 01:30:17,276 INFO server.py 816:: additve id=set()
2024-12-02 01:30:17,277 INFO server.py 817:: unreliable id =set()
2024-12-02 01:30:17,279 INFO server.py 815:: flip_sign_id=set()
2024-12-02 01:30:17,279 INFO server.py 816:: additve id=set()
2024-12-02 01:30:17,280 INFO server.py 817:: unreliable id =set()
2024-12-02 01:30:17,282 INFO server.py 815:: flip_sign_id=set()
2024-12-02 01:30:17,282 INFO server.py 816:: additve id=set()
2024-12-02 01:30:17,283 INFO server.py 817:: unreliable id =set()
2024-12-02 01:30:17,285 INFO server.py 815:: flip_sign_id=set()
2024-12-02 01:30:17,285 INFO server.py 816:: additve id=set()
2024-12-02 01:30:17,286 INFO server.py 817:: unreliable id =set()
2024-12-02 01:30:17,289 INFO server.py 815:: flip_sign_id=set()
2024-12-02 01:30:17,289 INFO server.py 816:: additve id=set()
2024-12-02 01:30:17,289 INFO server.py 817:: unreliable id =set()
2024-12-02 01:30:17,292 INFO server.py 815:: flip_sign_id=set()
2024-12-02 01:30:17,292 INFO server.py 816:: additve id=set()
2024-12-02 01:30:17,293 INFO server.py 817:: unreliable id =set()
2024-12-02 01:30:17,296 INFO server.py 815:: flip_sign_id=set()
2024-12-02 01:30:17,296 INFO server.py 816:: additve id=set()
2024-12-02 01:30:17,296 INFO server.py 817:: unreliable id =set()
2024-12-02 01:30:17,299 INFO server.py 815:: flip_sign_id=set()
2024-12-02 01:30:17,299 INFO server.py 816:: additve id=set()
2024-12-02 01:30:17,299 INFO server.py 817:: unreliable id =set()
2024-12-02 01:30:17,302 INFO server.py 815:: flip_sign_id=set()
2024-12-02 01:30:17,303 INFO server.py 816:: additve id=set()
2024-12-02 01:30:17,303 INFO server.py 817:: unreliable id =set()
2024-12-02 01:30:17,306 INFO server.py 815:: flip_sign_id=set()
2024-12-02 01:30:17,306 INFO server.py 816:: additve id=set()
2024-12-02 01:30:17,307 INFO server.py 817:: unreliable id =set()
2024-12-02 01:30:17,310 INFO server.py 815:: flip_sign_id=set()
2024-12-02 01:30:17,310 INFO server.py 816:: additve id=set()
2024-12-02 01:30:17,311 INFO server.py 817:: unreliable id =set()
2024-12-02 01:30:17,314 INFO server.py 815:: flip_sign_id=set()
2024-12-02 01:30:17,315 INFO server.py 816:: additve id=set()
2024-12-02 01:30:17,315 INFO server.py 817:: unreliable id =set()
2024-12-02 01:30:17,318 INFO server.py 815:: flip_sign_id=set()
2024-12-02 01:30:17,319 INFO server.py 816:: additve id=set()
2024-12-02 01:30:17,319 INFO server.py 817:: unreliable id =set()
2024-12-02 01:30:17,323 INFO server.py 815:: flip_sign_id=set()
2024-12-02 01:30:17,324 INFO server.py 816:: additve id=set()
2024-12-02 01:30:17,324 INFO server.py 817:: unreliable id =set()
2024-12-02 01:30:17,328 INFO server.py 815:: flip_sign_id=set()
2024-12-02 01:30:17,329 INFO server.py 816:: additve id=set()
2024-12-02 01:30:17,329 INFO server.py 817:: unreliable id =set()
2024-12-02 01:30:17,333 INFO server.py 815:: flip_sign_id=set()
2024-12-02 01:30:17,334 INFO server.py 816:: additve id=set()
2024-12-02 01:30:17,334 INFO server.py 817:: unreliable id =set()
2024-12-02 01:30:17,339 INFO server.py 815:: flip_sign_id=set()
2024-12-02 01:30:17,339 INFO server.py 816:: additve id=set()
2024-12-02 01:30:17,340 INFO server.py 817:: unreliable id =set()
2024-12-02 01:30:17,344 INFO server.py 815:: flip_sign_id=set()
2024-12-02 01:30:17,344 INFO server.py 816:: additve id=set()
2024-12-02 01:30:17,345 INFO server.py 817:: unreliable id =set()
2024-12-02 01:30:17,350 INFO server.py 815:: flip_sign_id=set()
2024-12-02 01:30:17,350 INFO server.py 816:: additve id=set()
2024-12-02 01:30:17,351 INFO server.py 817:: unreliable id =set()
2024-12-02 01:30:17,355 INFO server.py 815:: flip_sign_id=set()
2024-12-02 01:30:17,356 INFO server.py 816:: additve id=set()
2024-12-02 01:30:17,356 INFO server.py 817:: unreliable id =set()
2024-12-02 01:30:17,362 INFO server.py 815:: flip_sign_id=set()
2024-12-02 01:30:17,362 INFO server.py 816:: additve id=set()
2024-12-02 01:30:17,363 INFO server.py 817:: unreliable id =set()
2024-12-02 01:30:17,368 INFO server.py 815:: flip_sign_id=set()
2024-12-02 01:30:17,369 INFO server.py 816:: additve id=set()
2024-12-02 01:30:17,369 INFO server.py 817:: unreliable id =set()
2024-12-02 01:30:17,375 INFO server.py 815:: flip_sign_id=set()
2024-12-02 01:30:17,376 INFO server.py 816:: additve id=set()
2024-12-02 01:30:17,376 INFO server.py 817:: unreliable id =set()
2024-12-02 01:30:17,381 INFO server.py 815:: flip_sign_id=set()
2024-12-02 01:30:17,382 INFO server.py 816:: additve id=set()
2024-12-02 01:30:17,382 INFO server.py 817:: unreliable id =set()
2024-12-02 01:30:17,388 INFO server.py 815:: flip_sign_id=set()
2024-12-02 01:30:17,388 INFO server.py 816:: additve id=set()
2024-12-02 01:30:17,389 INFO server.py 817:: unreliable id =set()
2024-12-02 01:30:17,394 INFO server.py 815:: flip_sign_id=set()
2024-12-02 01:30:17,395 INFO server.py 816:: additve id=set()
2024-12-02 01:30:17,395 INFO server.py 817:: unreliable id =set()
2024-12-02 01:30:17,401 INFO server.py 815:: flip_sign_id=set()
2024-12-02 01:30:17,402 INFO server.py 816:: additve id=set()
2024-12-02 01:30:17,402 INFO server.py 817:: unreliable id =set()
2024-12-02 01:30:17,408 INFO server.py 815:: flip_sign_id=set()
2024-12-02 01:30:17,408 INFO server.py 816:: additve id=set()
2024-12-02 01:30:17,409 INFO server.py 817:: unreliable id =set()
2024-12-02 01:30:17,414 INFO server.py 815:: flip_sign_id=set()
2024-12-02 01:30:17,415 INFO server.py 816:: additve id=set()
2024-12-02 01:30:17,415 INFO server.py 817:: unreliable id =set()
2024-12-02 01:30:17,421 INFO server.py 815:: flip_sign_id=set()
2024-12-02 01:30:17,421 INFO server.py 816:: additve id=set()
2024-12-02 01:30:17,422 INFO server.py 817:: unreliable id =set()
2024-12-02 01:30:17,428 INFO server.py 815:: flip_sign_id=set()
2024-12-02 01:30:17,429 INFO server.py 816:: additve id=set()
2024-12-02 01:30:17,429 INFO server.py 817:: unreliable id =set()
2024-12-02 01:30:17,430 INFO server.py 1078:: clients' sizes=[1, 2, 1, 0, 0, 0, 2, 2, 0, 1, 0, 1, 2, 2, 2, 2, 1, 1, 2, 0, 1, 1, 1, 1, 1, 0, 1, 1, 1, 1, 2, 0, 2, 0, 1, 2, 1, 0, 2, 0], total=41
2024-12-02 01:30:17,440 INFO server.py 327:: [Server] The aggregation takes 0.186264 seconds.

2024-12-02 01:30:17,441 INFO server.py 211:: [Server] Start testing
2024-12-02 01:30:17,456 INFO server.py 235:: [Server] Test set: Average loss: 0.9836, Accuracy: 121/200 (60.5%)

2024-12-02 01:30:17,457 INFO server.py 238:: [Sever] Confusion matrix:
 tensor([[46.,  2.,  2.,  0.],
        [20., 21.,  6.,  3.],
        [13., 14., 15.,  8.],
        [ 0.,  6.,  5., 39.]])
2024-12-02 01:30:17,458 INFO server.py 254:: [Server] Precision=[0.5822785  0.4883721  0.53571427 0.78      ],
 Recall=[0.92 0.42 0.3  0.78],
 F1-score=[0.7131783  0.45161292 0.3846154  0.7799999 ],
 my_accuracy=60.50000190734863[%]
2024-12-02 01:30:17,459 INFO _main.py 209:: ########EPOCH 4 ########
2024-12-02 01:30:17,459 INFO _main.py 210:: ###Model distribution###
2024-12-02 01:30:20,055 INFO server.py 815:: flip_sign_id=set()
2024-12-02 01:30:20,056 INFO server.py 816:: additve id={0}
2024-12-02 01:30:20,056 INFO server.py 817:: unreliable id =set()
2024-12-02 01:30:20,058 INFO server.py 815:: flip_sign_id=set()
2024-12-02 01:30:20,059 INFO server.py 816:: additve id={0}
2024-12-02 01:30:20,059 INFO server.py 817:: unreliable id =set()
2024-12-02 01:30:20,061 INFO server.py 815:: flip_sign_id=set()
2024-12-02 01:30:20,061 INFO server.py 816:: additve id=set()
2024-12-02 01:30:20,061 INFO server.py 817:: unreliable id =set()
2024-12-02 01:30:20,065 INFO server.py 815:: flip_sign_id=set()
2024-12-02 01:30:20,065 INFO server.py 816:: additve id=set()
2024-12-02 01:30:20,066 INFO server.py 817:: unreliable id =set()
2024-12-02 01:30:20,068 INFO server.py 815:: flip_sign_id=set()
2024-12-02 01:30:20,068 INFO server.py 816:: additve id=set()
2024-12-02 01:30:20,069 INFO server.py 817:: unreliable id =set()
2024-12-02 01:30:20,072 INFO server.py 815:: flip_sign_id=set()
2024-12-02 01:30:20,073 INFO server.py 816:: additve id=set()
2024-12-02 01:30:20,073 INFO server.py 817:: unreliable id =set()
2024-12-02 01:30:20,076 INFO server.py 815:: flip_sign_id=set()
2024-12-02 01:30:20,076 INFO server.py 816:: additve id=set()
2024-12-02 01:30:20,076 INFO server.py 817:: unreliable id =set()
2024-12-02 01:30:20,080 INFO server.py 815:: flip_sign_id=set()
2024-12-02 01:30:20,080 INFO server.py 816:: additve id=set()
2024-12-02 01:30:20,080 INFO server.py 817:: unreliable id =set()
2024-12-02 01:30:20,083 INFO server.py 815:: flip_sign_id=set()
2024-12-02 01:30:20,084 INFO server.py 816:: additve id=set()
2024-12-02 01:30:20,084 INFO server.py 817:: unreliable id =set()
2024-12-02 01:30:20,087 INFO server.py 815:: flip_sign_id=set()
2024-12-02 01:30:20,088 INFO server.py 816:: additve id=set()
2024-12-02 01:30:20,088 INFO server.py 817:: unreliable id =set()
2024-12-02 01:30:20,091 INFO server.py 815:: flip_sign_id=set()
2024-12-02 01:30:20,091 INFO server.py 816:: additve id=set()
2024-12-02 01:30:20,091 INFO server.py 817:: unreliable id =set()
2024-12-02 01:30:20,095 INFO server.py 815:: flip_sign_id=set()
2024-12-02 01:30:20,096 INFO server.py 816:: additve id=set()
2024-12-02 01:30:20,096 INFO server.py 817:: unreliable id =set()
2024-12-02 01:30:20,099 INFO server.py 815:: flip_sign_id=set()
2024-12-02 01:30:20,100 INFO server.py 816:: additve id=set()
2024-12-02 01:30:20,100 INFO server.py 817:: unreliable id =set()
2024-12-02 01:30:20,104 INFO server.py 815:: flip_sign_id=set()
2024-12-02 01:30:20,104 INFO server.py 816:: additve id=set()
2024-12-02 01:30:20,104 INFO server.py 817:: unreliable id =set()
2024-12-02 01:30:20,108 INFO server.py 815:: flip_sign_id=set()
2024-12-02 01:30:20,111 INFO server.py 816:: additve id=set()
2024-12-02 01:30:20,111 INFO server.py 817:: unreliable id =set()
2024-12-02 01:30:20,116 INFO server.py 815:: flip_sign_id=set()
2024-12-02 01:30:20,117 INFO server.py 816:: additve id=set()
2024-12-02 01:30:20,117 INFO server.py 817:: unreliable id =set()
2024-12-02 01:30:20,122 INFO server.py 815:: flip_sign_id=set()
2024-12-02 01:30:20,122 INFO server.py 816:: additve id=set()
2024-12-02 01:30:20,122 INFO server.py 817:: unreliable id =set()
2024-12-02 01:30:20,126 INFO server.py 815:: flip_sign_id=set()
2024-12-02 01:30:20,126 INFO server.py 816:: additve id=set()
2024-12-02 01:30:20,126 INFO server.py 817:: unreliable id =set()
2024-12-02 01:30:20,131 INFO server.py 815:: flip_sign_id=set()
2024-12-02 01:30:20,131 INFO server.py 816:: additve id=set()
2024-12-02 01:30:20,131 INFO server.py 817:: unreliable id =set()
2024-12-02 01:30:20,137 INFO server.py 815:: flip_sign_id=set()
2024-12-02 01:30:20,137 INFO server.py 816:: additve id=set()
2024-12-02 01:30:20,137 INFO server.py 817:: unreliable id =set()
2024-12-02 01:30:20,142 INFO server.py 815:: flip_sign_id=set()
2024-12-02 01:30:20,142 INFO server.py 816:: additve id=set()
2024-12-02 01:30:20,143 INFO server.py 817:: unreliable id =set()
2024-12-02 01:30:20,148 INFO server.py 815:: flip_sign_id=set()
2024-12-02 01:30:20,148 INFO server.py 816:: additve id=set()
2024-12-02 01:30:20,148 INFO server.py 817:: unreliable id =set()
2024-12-02 01:30:20,154 INFO server.py 815:: flip_sign_id=set()
2024-12-02 01:30:20,154 INFO server.py 816:: additve id=set()
2024-12-02 01:30:20,154 INFO server.py 817:: unreliable id =set()
2024-12-02 01:30:20,160 INFO server.py 815:: flip_sign_id=set()
2024-12-02 01:30:20,161 INFO server.py 816:: additve id=set()
2024-12-02 01:30:20,161 INFO server.py 817:: unreliable id =set()
2024-12-02 01:30:20,167 INFO server.py 815:: flip_sign_id=set()
2024-12-02 01:30:20,167 INFO server.py 816:: additve id=set()
2024-12-02 01:30:20,167 INFO server.py 817:: unreliable id =set()
2024-12-02 01:30:20,174 INFO server.py 815:: flip_sign_id=set()
2024-12-02 01:30:20,174 INFO server.py 816:: additve id=set()
2024-12-02 01:30:20,174 INFO server.py 817:: unreliable id =set()
2024-12-02 01:30:20,181 INFO server.py 815:: flip_sign_id=set()
2024-12-02 01:30:20,182 INFO server.py 816:: additve id=set()
2024-12-02 01:30:20,182 INFO server.py 817:: unreliable id =set()
2024-12-02 01:30:20,189 INFO server.py 815:: flip_sign_id=set()
2024-12-02 01:30:20,189 INFO server.py 816:: additve id=set()
2024-12-02 01:30:20,190 INFO server.py 817:: unreliable id =set()
2024-12-02 01:30:20,198 INFO server.py 815:: flip_sign_id=set()
2024-12-02 01:30:20,198 INFO server.py 816:: additve id=set()
2024-12-02 01:30:20,199 INFO server.py 817:: unreliable id =set()
2024-12-02 01:30:20,206 INFO server.py 815:: flip_sign_id=set()
2024-12-02 01:30:20,207 INFO server.py 816:: additve id=set()
2024-12-02 01:30:20,207 INFO server.py 817:: unreliable id =set()
2024-12-02 01:30:20,214 INFO server.py 815:: flip_sign_id=set()
2024-12-02 01:30:20,215 INFO server.py 816:: additve id=set()
2024-12-02 01:30:20,215 INFO server.py 817:: unreliable id =set()
2024-12-02 01:30:20,223 INFO server.py 815:: flip_sign_id=set()
2024-12-02 01:30:20,223 INFO server.py 816:: additve id=set()
2024-12-02 01:30:20,223 INFO server.py 817:: unreliable id =set()
2024-12-02 01:30:20,231 INFO server.py 815:: flip_sign_id=set()
2024-12-02 01:30:20,232 INFO server.py 816:: additve id=set()
2024-12-02 01:30:20,232 INFO server.py 817:: unreliable id =set()
2024-12-02 01:30:20,240 INFO server.py 815:: flip_sign_id=set()
2024-12-02 01:30:20,241 INFO server.py 816:: additve id=set()
2024-12-02 01:30:20,241 INFO server.py 817:: unreliable id =set()
2024-12-02 01:30:20,253 INFO server.py 815:: flip_sign_id=set()
2024-12-02 01:30:20,254 INFO server.py 816:: additve id=set()
2024-12-02 01:30:20,254 INFO server.py 817:: unreliable id =set()
2024-12-02 01:30:20,261 INFO server.py 815:: flip_sign_id=set()
2024-12-02 01:30:20,262 INFO server.py 816:: additve id=set()
2024-12-02 01:30:20,262 INFO server.py 817:: unreliable id =set()
2024-12-02 01:30:20,270 INFO server.py 815:: flip_sign_id=set()
2024-12-02 01:30:20,271 INFO server.py 816:: additve id=set()
2024-12-02 01:30:20,271 INFO server.py 817:: unreliable id =set()
2024-12-02 01:30:20,279 INFO server.py 815:: flip_sign_id=set()
2024-12-02 01:30:20,280 INFO server.py 816:: additve id=set()
2024-12-02 01:30:20,280 INFO server.py 817:: unreliable id =set()
2024-12-02 01:30:20,289 INFO server.py 815:: flip_sign_id=set()
2024-12-02 01:30:20,290 INFO server.py 816:: additve id=set()
2024-12-02 01:30:20,290 INFO server.py 817:: unreliable id =set()
2024-12-02 01:30:20,299 INFO server.py 815:: flip_sign_id=set()
2024-12-02 01:30:20,300 INFO server.py 816:: additve id=set()
2024-12-02 01:30:20,300 INFO server.py 817:: unreliable id =set()
2024-12-02 01:30:20,302 INFO server.py 1078:: clients' sizes=[1, 2, 1, 0, 0, 0, 2, 2, 0, 1, 0, 1, 2, 2, 2, 2, 1, 1, 2, 0, 1, 1, 1, 1, 1, 0, 1, 1, 1, 1, 2, 0, 2, 0, 1, 2, 1, 0, 2, 0], total=41
2024-12-02 01:30:20,318 INFO server.py 327:: [Server] The aggregation takes 0.263492 seconds.

2024-12-02 01:30:20,319 INFO server.py 211:: [Server] Start testing
2024-12-02 01:30:20,339 INFO server.py 235:: [Server] Test set: Average loss: 0.9405, Accuracy: 121/200 (60.5%)

2024-12-02 01:30:20,341 INFO server.py 238:: [Sever] Confusion matrix:
 tensor([[41.,  7.,  2.,  0.],
        [18., 23.,  7.,  2.],
        [10., 14., 18.,  8.],
        [ 0.,  6.,  5., 39.]])
2024-12-02 01:30:20,342 INFO server.py 254:: [Server] Precision=[0.5942029  0.46       0.5625     0.79591835],
 Recall=[0.82 0.46 0.36 0.78],
 F1-score=[0.6890756  0.46       0.43902442 0.78787875],
 my_accuracy=60.50000190734863[%]
2024-12-02 01:30:20,343 INFO _main.py 209:: ########EPOCH 5 ########
2024-12-02 01:30:20,343 INFO _main.py 210:: ###Model distribution###
2024-12-02 01:30:23,984 INFO server.py 815:: flip_sign_id=set()
2024-12-02 01:30:23,984 INFO server.py 816:: additve id={0}
2024-12-02 01:30:23,985 INFO server.py 817:: unreliable id =set()
2024-12-02 01:30:23,987 INFO server.py 815:: flip_sign_id=set()
2024-12-02 01:30:23,987 INFO server.py 816:: additve id={0}
2024-12-02 01:30:23,987 INFO server.py 817:: unreliable id =set()
2024-12-02 01:30:23,989 INFO server.py 815:: flip_sign_id=set()
2024-12-02 01:30:23,989 INFO server.py 816:: additve id=set()
2024-12-02 01:30:23,990 INFO server.py 817:: unreliable id =set()
2024-12-02 01:30:23,993 INFO server.py 815:: flip_sign_id=set()
2024-12-02 01:30:23,993 INFO server.py 816:: additve id=set()
2024-12-02 01:30:23,993 INFO server.py 817:: unreliable id =set()
2024-12-02 01:30:23,996 INFO server.py 815:: flip_sign_id=set()
2024-12-02 01:30:23,996 INFO server.py 816:: additve id=set()
2024-12-02 01:30:23,997 INFO server.py 817:: unreliable id =set()
2024-12-02 01:30:24,000 INFO server.py 815:: flip_sign_id=set()
2024-12-02 01:30:24,001 INFO server.py 816:: additve id=set()
2024-12-02 01:30:24,002 INFO server.py 817:: unreliable id =set()
2024-12-02 01:30:24,005 INFO server.py 815:: flip_sign_id=set()
2024-12-02 01:30:24,005 INFO server.py 816:: additve id=set()
2024-12-02 01:30:24,006 INFO server.py 817:: unreliable id =set()
2024-12-02 01:30:24,009 INFO server.py 815:: flip_sign_id=set()
2024-12-02 01:30:24,009 INFO server.py 816:: additve id=set()
2024-12-02 01:30:24,010 INFO server.py 817:: unreliable id =set()
2024-12-02 01:30:24,016 INFO server.py 815:: flip_sign_id=set()
2024-12-02 01:30:24,017 INFO server.py 816:: additve id=set()
2024-12-02 01:30:24,017 INFO server.py 817:: unreliable id =set()
2024-12-02 01:30:24,020 INFO server.py 815:: flip_sign_id=set()
2024-12-02 01:30:24,021 INFO server.py 816:: additve id=set()
2024-12-02 01:30:24,021 INFO server.py 817:: unreliable id =set()
2024-12-02 01:30:24,024 INFO server.py 815:: flip_sign_id=set()
2024-12-02 01:30:24,025 INFO server.py 816:: additve id=set()
2024-12-02 01:30:24,025 INFO server.py 817:: unreliable id =set()
2024-12-02 01:30:24,029 INFO server.py 815:: flip_sign_id=set()
2024-12-02 01:30:24,029 INFO server.py 816:: additve id=set()
2024-12-02 01:30:24,030 INFO server.py 817:: unreliable id =set()
2024-12-02 01:30:24,033 INFO server.py 815:: flip_sign_id=set()
2024-12-02 01:30:24,034 INFO server.py 816:: additve id=set()
2024-12-02 01:30:24,034 INFO server.py 817:: unreliable id =set()
2024-12-02 01:30:24,038 INFO server.py 815:: flip_sign_id=set()
2024-12-02 01:30:24,038 INFO server.py 816:: additve id=set()
2024-12-02 01:30:24,039 INFO server.py 817:: unreliable id =set()
2024-12-02 01:30:24,043 INFO server.py 815:: flip_sign_id=set()
2024-12-02 01:30:24,043 INFO server.py 816:: additve id=set()
2024-12-02 01:30:24,043 INFO server.py 817:: unreliable id =set()
2024-12-02 01:30:24,048 INFO server.py 815:: flip_sign_id=set()
2024-12-02 01:30:24,048 INFO server.py 816:: additve id=set()
2024-12-02 01:30:24,048 INFO server.py 817:: unreliable id =set()
2024-12-02 01:30:24,053 INFO server.py 815:: flip_sign_id=set()
2024-12-02 01:30:24,053 INFO server.py 816:: additve id=set()
2024-12-02 01:30:24,053 INFO server.py 817:: unreliable id =set()
2024-12-02 01:30:24,059 INFO server.py 815:: flip_sign_id=set()
2024-12-02 01:30:24,060 INFO server.py 816:: additve id=set()
2024-12-02 01:30:24,060 INFO server.py 817:: unreliable id =set()
2024-12-02 01:30:24,066 INFO server.py 815:: flip_sign_id=set()
2024-12-02 01:30:24,067 INFO server.py 816:: additve id=set()
2024-12-02 01:30:24,067 INFO server.py 817:: unreliable id =set()
2024-12-02 01:30:24,073 INFO server.py 815:: flip_sign_id=set()
2024-12-02 01:30:24,073 INFO server.py 816:: additve id=set()
2024-12-02 01:30:24,073 INFO server.py 817:: unreliable id =set()
2024-12-02 01:30:24,078 INFO server.py 815:: flip_sign_id=set()
2024-12-02 01:30:24,079 INFO server.py 816:: additve id=set()
2024-12-02 01:30:24,079 INFO server.py 817:: unreliable id =set()
2024-12-02 01:30:24,085 INFO server.py 815:: flip_sign_id=set()
2024-12-02 01:30:24,086 INFO server.py 816:: additve id=set()
2024-12-02 01:30:24,086 INFO server.py 817:: unreliable id =set()
2024-12-02 01:30:24,092 INFO server.py 815:: flip_sign_id=set()
2024-12-02 01:30:24,092 INFO server.py 816:: additve id=set()
2024-12-02 01:30:24,092 INFO server.py 817:: unreliable id =set()
2024-12-02 01:30:24,099 INFO server.py 815:: flip_sign_id=set()
2024-12-02 01:30:24,099 INFO server.py 816:: additve id=set()
2024-12-02 01:30:24,099 INFO server.py 817:: unreliable id =set()
2024-12-02 01:30:24,105 INFO server.py 815:: flip_sign_id=set()
2024-12-02 01:30:24,106 INFO server.py 816:: additve id=set()
2024-12-02 01:30:24,106 INFO server.py 817:: unreliable id =set()
2024-12-02 01:30:24,113 INFO server.py 815:: flip_sign_id=set()
2024-12-02 01:30:24,114 INFO server.py 816:: additve id=set()
2024-12-02 01:30:24,114 INFO server.py 817:: unreliable id =set()
2024-12-02 01:30:24,121 INFO server.py 815:: flip_sign_id=set()
2024-12-02 01:30:24,121 INFO server.py 816:: additve id=set()
2024-12-02 01:30:24,121 INFO server.py 817:: unreliable id =set()
2024-12-02 01:30:24,128 INFO server.py 815:: flip_sign_id=set()
2024-12-02 01:30:24,128 INFO server.py 816:: additve id=set()
2024-12-02 01:30:24,129 INFO server.py 817:: unreliable id =set()
2024-12-02 01:30:24,135 INFO server.py 815:: flip_sign_id=set()
2024-12-02 01:30:24,136 INFO server.py 816:: additve id=set()
2024-12-02 01:30:24,136 INFO server.py 817:: unreliable id =set()
2024-12-02 01:30:24,143 INFO server.py 815:: flip_sign_id=set()
2024-12-02 01:30:24,144 INFO server.py 816:: additve id=set()
2024-12-02 01:30:24,144 INFO server.py 817:: unreliable id =set()
2024-12-02 01:30:24,151 INFO server.py 815:: flip_sign_id=set()
2024-12-02 01:30:24,152 INFO server.py 816:: additve id=set()
2024-12-02 01:30:24,152 INFO server.py 817:: unreliable id =set()
2024-12-02 01:30:24,160 INFO server.py 815:: flip_sign_id=set()
2024-12-02 01:30:24,160 INFO server.py 816:: additve id=set()
2024-12-02 01:30:24,160 INFO server.py 817:: unreliable id =set()
2024-12-02 01:30:24,169 INFO server.py 815:: flip_sign_id=set()
2024-12-02 01:30:24,169 INFO server.py 816:: additve id=set()
2024-12-02 01:30:24,170 INFO server.py 817:: unreliable id =set()
2024-12-02 01:30:24,179 INFO server.py 815:: flip_sign_id=set()
2024-12-02 01:30:24,179 INFO server.py 816:: additve id=set()
2024-12-02 01:30:24,179 INFO server.py 817:: unreliable id =set()
2024-12-02 01:30:24,188 INFO server.py 815:: flip_sign_id=set()
2024-12-02 01:30:24,188 INFO server.py 816:: additve id=set()
2024-12-02 01:30:24,188 INFO server.py 817:: unreliable id =set()
2024-12-02 01:30:24,197 INFO server.py 815:: flip_sign_id=set()
2024-12-02 01:30:24,197 INFO server.py 816:: additve id=set()
2024-12-02 01:30:24,197 INFO server.py 817:: unreliable id =set()
2024-12-02 01:30:24,209 INFO server.py 815:: flip_sign_id=set()
2024-12-02 01:30:24,210 INFO server.py 816:: additve id=set()
2024-12-02 01:30:24,210 INFO server.py 817:: unreliable id =set()
2024-12-02 01:30:24,223 INFO server.py 815:: flip_sign_id=set()
2024-12-02 01:30:24,224 INFO server.py 816:: additve id=set()
2024-12-02 01:30:24,224 INFO server.py 817:: unreliable id =set()
2024-12-02 01:30:24,234 INFO server.py 815:: flip_sign_id=set()
2024-12-02 01:30:24,239 INFO server.py 816:: additve id=set()
2024-12-02 01:30:24,239 INFO server.py 817:: unreliable id =set()
2024-12-02 01:30:24,252 INFO server.py 815:: flip_sign_id=set()
2024-12-02 01:30:24,253 INFO server.py 816:: additve id=set()
2024-12-02 01:30:24,254 INFO server.py 817:: unreliable id =set()
2024-12-02 01:30:24,258 INFO server.py 1078:: clients' sizes=[1, 2, 1, 0, 0, 0, 2, 2, 0, 1, 0, 1, 2, 2, 2, 2, 1, 1, 2, 0, 1, 1, 1, 1, 1, 0, 1, 1, 1, 1, 2, 0, 2, 0, 1, 2, 1, 0, 2, 0], total=41
2024-12-02 01:30:24,284 INFO server.py 327:: [Server] The aggregation takes 0.300652 seconds.

2024-12-02 01:30:24,288 INFO server.py 211:: [Server] Start testing
2024-12-02 01:30:24,316 INFO server.py 235:: [Server] Test set: Average loss: 0.9115, Accuracy: 123/200 (61.5%)

2024-12-02 01:30:24,318 INFO server.py 238:: [Sever] Confusion matrix:
 tensor([[41.,  7.,  2.,  0.],
        [17., 22.,  9.,  2.],
        [ 8., 14., 21.,  7.],
        [ 0.,  6.,  5., 39.]])
2024-12-02 01:30:24,319 INFO server.py 254:: [Server] Precision=[0.6212121 0.4489796 0.5675676 0.8125   ],
 Recall=[0.82 0.44 0.42 0.78],
 F1-score=[0.7068965  0.44444445 0.48275864 0.79591835],
 my_accuracy=61.500000953674316[%]
2024-12-02 01:30:24,320 INFO _main.py 209:: ########EPOCH 6 ########
2024-12-02 01:30:24,320 INFO _main.py 210:: ###Model distribution###
2024-12-02 01:30:27,667 INFO server.py 815:: flip_sign_id=set()
2024-12-02 01:30:27,667 INFO server.py 816:: additve id={0}
2024-12-02 01:30:27,667 INFO server.py 817:: unreliable id =set()
2024-12-02 01:30:27,669 INFO server.py 815:: flip_sign_id=set()
2024-12-02 01:30:27,669 INFO server.py 816:: additve id={0}
2024-12-02 01:30:27,669 INFO server.py 817:: unreliable id =set()
2024-12-02 01:30:27,671 INFO server.py 815:: flip_sign_id=set()
2024-12-02 01:30:27,671 INFO server.py 816:: additve id=set()
2024-12-02 01:30:27,671 INFO server.py 817:: unreliable id =set()
2024-12-02 01:30:27,673 INFO server.py 815:: flip_sign_id=set()
2024-12-02 01:30:27,673 INFO server.py 816:: additve id=set()
2024-12-02 01:30:27,674 INFO server.py 817:: unreliable id =set()
2024-12-02 01:30:27,675 INFO server.py 815:: flip_sign_id=set()
2024-12-02 01:30:27,675 INFO server.py 816:: additve id=set()
2024-12-02 01:30:27,676 INFO server.py 817:: unreliable id =set()
2024-12-02 01:30:27,678 INFO server.py 815:: flip_sign_id=set()
2024-12-02 01:30:27,678 INFO server.py 816:: additve id=set()
2024-12-02 01:30:27,678 INFO server.py 817:: unreliable id =set()
2024-12-02 01:30:27,680 INFO server.py 815:: flip_sign_id=set()
2024-12-02 01:30:27,681 INFO server.py 816:: additve id=set()
2024-12-02 01:30:27,681 INFO server.py 817:: unreliable id =set()
2024-12-02 01:30:27,683 INFO server.py 815:: flip_sign_id=set()
2024-12-02 01:30:27,683 INFO server.py 816:: additve id=set()
2024-12-02 01:30:27,683 INFO server.py 817:: unreliable id =set()
2024-12-02 01:30:27,685 INFO server.py 815:: flip_sign_id=set()
2024-12-02 01:30:27,687 INFO server.py 816:: additve id=set()
2024-12-02 01:30:27,687 INFO server.py 817:: unreliable id =set()
2024-12-02 01:30:27,689 INFO server.py 815:: flip_sign_id=set()
2024-12-02 01:30:27,690 INFO server.py 816:: additve id=set()
2024-12-02 01:30:27,690 INFO server.py 817:: unreliable id =set()
2024-12-02 01:30:27,692 INFO server.py 815:: flip_sign_id=set()
2024-12-02 01:30:27,692 INFO server.py 816:: additve id=set()
2024-12-02 01:30:27,692 INFO server.py 817:: unreliable id =set()
2024-12-02 01:30:27,695 INFO server.py 815:: flip_sign_id=set()
2024-12-02 01:30:27,695 INFO server.py 816:: additve id=set()
2024-12-02 01:30:27,696 INFO server.py 817:: unreliable id =set()
2024-12-02 01:30:27,698 INFO server.py 815:: flip_sign_id=set()
2024-12-02 01:30:27,698 INFO server.py 816:: additve id=set()
2024-12-02 01:30:27,699 INFO server.py 817:: unreliable id =set()
2024-12-02 01:30:27,701 INFO server.py 815:: flip_sign_id=set()
2024-12-02 01:30:27,702 INFO server.py 816:: additve id=set()
2024-12-02 01:30:27,702 INFO server.py 817:: unreliable id =set()
2024-12-02 01:30:27,705 INFO server.py 815:: flip_sign_id=set()
2024-12-02 01:30:27,705 INFO server.py 816:: additve id=set()
2024-12-02 01:30:27,705 INFO server.py 817:: unreliable id =set()
2024-12-02 01:30:27,708 INFO server.py 815:: flip_sign_id=set()
2024-12-02 01:30:27,708 INFO server.py 816:: additve id=set()
2024-12-02 01:30:27,709 INFO server.py 817:: unreliable id =set()
2024-12-02 01:30:27,711 INFO server.py 815:: flip_sign_id=set()
2024-12-02 01:30:27,712 INFO server.py 816:: additve id=set()
2024-12-02 01:30:27,712 INFO server.py 817:: unreliable id =set()
2024-12-02 01:30:27,715 INFO server.py 815:: flip_sign_id=set()
2024-12-02 01:30:27,715 INFO server.py 816:: additve id=set()
2024-12-02 01:30:27,715 INFO server.py 817:: unreliable id =set()
2024-12-02 01:30:27,718 INFO server.py 815:: flip_sign_id=set()
2024-12-02 01:30:27,718 INFO server.py 816:: additve id=set()
2024-12-02 01:30:27,719 INFO server.py 817:: unreliable id =set()
2024-12-02 01:30:27,722 INFO server.py 815:: flip_sign_id=set()
2024-12-02 01:30:27,722 INFO server.py 816:: additve id=set()
2024-12-02 01:30:27,722 INFO server.py 817:: unreliable id =set()
2024-12-02 01:30:27,725 INFO server.py 815:: flip_sign_id=set()
2024-12-02 01:30:27,725 INFO server.py 816:: additve id=set()
2024-12-02 01:30:27,726 INFO server.py 817:: unreliable id =set()
2024-12-02 01:30:27,729 INFO server.py 815:: flip_sign_id=set()
2024-12-02 01:30:27,729 INFO server.py 816:: additve id=set()
2024-12-02 01:30:27,729 INFO server.py 817:: unreliable id =set()
2024-12-02 01:30:27,733 INFO server.py 815:: flip_sign_id=set()
2024-12-02 01:30:27,733 INFO server.py 816:: additve id=set()
2024-12-02 01:30:27,734 INFO server.py 817:: unreliable id =set()
2024-12-02 01:30:27,737 INFO server.py 815:: flip_sign_id=set()
2024-12-02 01:30:27,738 INFO server.py 816:: additve id=set()
2024-12-02 01:30:27,738 INFO server.py 817:: unreliable id =set()
2024-12-02 01:30:27,741 INFO server.py 815:: flip_sign_id=set()
2024-12-02 01:30:27,742 INFO server.py 816:: additve id=set()
2024-12-02 01:30:27,742 INFO server.py 817:: unreliable id =set()
2024-12-02 01:30:27,746 INFO server.py 815:: flip_sign_id=set()
2024-12-02 01:30:27,746 INFO server.py 816:: additve id=set()
2024-12-02 01:30:27,747 INFO server.py 817:: unreliable id =set()
2024-12-02 01:30:27,751 INFO server.py 815:: flip_sign_id=set()
2024-12-02 01:30:27,751 INFO server.py 816:: additve id=set()
2024-12-02 01:30:27,751 INFO server.py 817:: unreliable id =set()
2024-12-02 01:30:27,756 INFO server.py 815:: flip_sign_id=set()
2024-12-02 01:30:27,756 INFO server.py 816:: additve id=set()
2024-12-02 01:30:27,757 INFO server.py 817:: unreliable id =set()
2024-12-02 01:30:27,761 INFO server.py 815:: flip_sign_id=set()
2024-12-02 01:30:27,761 INFO server.py 816:: additve id=set()
2024-12-02 01:30:27,762 INFO server.py 817:: unreliable id =set()
2024-12-02 01:30:27,766 INFO server.py 815:: flip_sign_id=set()
2024-12-02 01:30:27,767 INFO server.py 816:: additve id=set()
2024-12-02 01:30:27,767 INFO server.py 817:: unreliable id =set()
2024-12-02 01:30:27,771 INFO server.py 815:: flip_sign_id=set()
2024-12-02 01:30:27,772 INFO server.py 816:: additve id=set()
2024-12-02 01:30:27,772 INFO server.py 817:: unreliable id =set()
2024-12-02 01:30:27,777 INFO server.py 815:: flip_sign_id=set()
2024-12-02 01:30:27,778 INFO server.py 816:: additve id=set()
2024-12-02 01:30:27,778 INFO server.py 817:: unreliable id =set()
2024-12-02 01:30:27,783 INFO server.py 815:: flip_sign_id=set()
2024-12-02 01:30:27,784 INFO server.py 816:: additve id=set()
2024-12-02 01:30:27,784 INFO server.py 817:: unreliable id =set()
2024-12-02 01:30:27,789 INFO server.py 815:: flip_sign_id=set()
2024-12-02 01:30:27,790 INFO server.py 816:: additve id=set()
2024-12-02 01:30:27,790 INFO server.py 817:: unreliable id =set()
2024-12-02 01:30:27,795 INFO server.py 815:: flip_sign_id=set()
2024-12-02 01:30:27,796 INFO server.py 816:: additve id=set()
2024-12-02 01:30:27,796 INFO server.py 817:: unreliable id =set()
2024-12-02 01:30:27,801 INFO server.py 815:: flip_sign_id=set()
2024-12-02 01:30:27,802 INFO server.py 816:: additve id=set()
2024-12-02 01:30:27,802 INFO server.py 817:: unreliable id =set()
2024-12-02 01:30:27,808 INFO server.py 815:: flip_sign_id=set()
2024-12-02 01:30:27,808 INFO server.py 816:: additve id=set()
2024-12-02 01:30:27,808 INFO server.py 817:: unreliable id =set()
2024-12-02 01:30:27,814 INFO server.py 815:: flip_sign_id=set()
2024-12-02 01:30:27,814 INFO server.py 816:: additve id=set()
2024-12-02 01:30:27,815 INFO server.py 817:: unreliable id =set()
2024-12-02 01:30:27,820 INFO server.py 815:: flip_sign_id=set()
2024-12-02 01:30:27,820 INFO server.py 816:: additve id=set()
2024-12-02 01:30:27,821 INFO server.py 817:: unreliable id =set()
2024-12-02 01:30:27,827 INFO server.py 815:: flip_sign_id=set()
2024-12-02 01:30:27,827 INFO server.py 816:: additve id=set()
2024-12-02 01:30:27,827 INFO server.py 817:: unreliable id =set()
2024-12-02 01:30:27,828 INFO server.py 1078:: clients' sizes=[1, 2, 1, 0, 0, 0, 2, 2, 0, 1, 0, 1, 2, 2, 2, 2, 1, 1, 2, 0, 1, 1, 1, 1, 1, 0, 1, 1, 1, 1, 2, 0, 2, 0, 1, 2, 1, 0, 2, 0], total=41
2024-12-02 01:30:27,838 INFO server.py 327:: [Server] The aggregation takes 0.171903 seconds.

2024-12-02 01:30:27,839 INFO server.py 211:: [Server] Start testing
2024-12-02 01:30:27,852 INFO server.py 235:: [Server] Test set: Average loss: 0.8978, Accuracy: 122/200 (61.0%)

2024-12-02 01:30:27,853 INFO server.py 238:: [Sever] Confusion matrix:
 tensor([[41.,  7.,  2.,  0.],
        [17., 22., 10.,  1.],
        [ 8., 13., 24.,  5.],
        [ 0.,  6.,  9., 35.]])
2024-12-02 01:30:27,855 INFO server.py 254:: [Server] Precision=[0.6212121  0.45833334 0.53333336 0.85365856],
 Recall=[0.82 0.44 0.48 0.7 ],
 F1-score=[0.7068965  0.44897962 0.5052632  0.76923084],
 my_accuracy=61.000001430511475[%]
2024-12-02 01:30:27,855 INFO _main.py 209:: ########EPOCH 7 ########
2024-12-02 01:30:27,856 INFO _main.py 210:: ###Model distribution###
2024-12-02 01:30:30,386 INFO server.py 815:: flip_sign_id=set()
2024-12-02 01:30:30,387 INFO server.py 816:: additve id={0}
2024-12-02 01:30:30,387 INFO server.py 817:: unreliable id =set()
2024-12-02 01:30:30,389 INFO server.py 815:: flip_sign_id=set()
2024-12-02 01:30:30,389 INFO server.py 816:: additve id={0}
2024-12-02 01:30:30,389 INFO server.py 817:: unreliable id =set()
2024-12-02 01:30:30,391 INFO server.py 815:: flip_sign_id=set()
2024-12-02 01:30:30,391 INFO server.py 816:: additve id=set()
2024-12-02 01:30:30,391 INFO server.py 817:: unreliable id =set()
2024-12-02 01:30:30,393 INFO server.py 815:: flip_sign_id=set()
2024-12-02 01:30:30,394 INFO server.py 816:: additve id=set()
2024-12-02 01:30:30,394 INFO server.py 817:: unreliable id =set()
2024-12-02 01:30:30,396 INFO server.py 815:: flip_sign_id=set()
2024-12-02 01:30:30,396 INFO server.py 816:: additve id=set()
2024-12-02 01:30:30,397 INFO server.py 817:: unreliable id =set()
2024-12-02 01:30:30,398 INFO server.py 815:: flip_sign_id=set()
2024-12-02 01:30:30,399 INFO server.py 816:: additve id=set()
2024-12-02 01:30:30,399 INFO server.py 817:: unreliable id =set()
2024-12-02 01:30:30,401 INFO server.py 815:: flip_sign_id=set()
2024-12-02 01:30:30,401 INFO server.py 816:: additve id=set()
2024-12-02 01:30:30,401 INFO server.py 817:: unreliable id =set()
2024-12-02 01:30:30,404 INFO server.py 815:: flip_sign_id=set()
2024-12-02 01:30:30,404 INFO server.py 816:: additve id=set()
2024-12-02 01:30:30,405 INFO server.py 817:: unreliable id =set()
2024-12-02 01:30:30,407 INFO server.py 815:: flip_sign_id=set()
2024-12-02 01:30:30,407 INFO server.py 816:: additve id=set()
2024-12-02 01:30:30,408 INFO server.py 817:: unreliable id =set()
2024-12-02 01:30:30,410 INFO server.py 815:: flip_sign_id=set()
2024-12-02 01:30:30,410 INFO server.py 816:: additve id=set()
2024-12-02 01:30:30,410 INFO server.py 817:: unreliable id =set()
2024-12-02 01:30:30,413 INFO server.py 815:: flip_sign_id=set()
2024-12-02 01:30:30,413 INFO server.py 816:: additve id=set()
2024-12-02 01:30:30,413 INFO server.py 817:: unreliable id =set()
2024-12-02 01:30:30,416 INFO server.py 815:: flip_sign_id=set()
2024-12-02 01:30:30,416 INFO server.py 816:: additve id=set()
2024-12-02 01:30:30,416 INFO server.py 817:: unreliable id =set()
2024-12-02 01:30:30,419 INFO server.py 815:: flip_sign_id=set()
2024-12-02 01:30:30,419 INFO server.py 816:: additve id=set()
2024-12-02 01:30:30,420 INFO server.py 817:: unreliable id =set()
2024-12-02 01:30:30,423 INFO server.py 815:: flip_sign_id=set()
2024-12-02 01:30:30,423 INFO server.py 816:: additve id=set()
2024-12-02 01:30:30,423 INFO server.py 817:: unreliable id =set()
2024-12-02 01:30:30,426 INFO server.py 815:: flip_sign_id=set()
2024-12-02 01:30:30,426 INFO server.py 816:: additve id=set()
2024-12-02 01:30:30,426 INFO server.py 817:: unreliable id =set()
2024-12-02 01:30:30,429 INFO server.py 815:: flip_sign_id=set()
2024-12-02 01:30:30,429 INFO server.py 816:: additve id=set()
2024-12-02 01:30:30,429 INFO server.py 817:: unreliable id =set()
2024-12-02 01:30:30,432 INFO server.py 815:: flip_sign_id=set()
2024-12-02 01:30:30,432 INFO server.py 816:: additve id=set()
2024-12-02 01:30:30,433 INFO server.py 817:: unreliable id =set()
2024-12-02 01:30:30,436 INFO server.py 815:: flip_sign_id=set()
2024-12-02 01:30:30,436 INFO server.py 816:: additve id=set()
2024-12-02 01:30:30,436 INFO server.py 817:: unreliable id =set()
2024-12-02 01:30:30,439 INFO server.py 815:: flip_sign_id=set()
2024-12-02 01:30:30,439 INFO server.py 816:: additve id=set()
2024-12-02 01:30:30,440 INFO server.py 817:: unreliable id =set()
2024-12-02 01:30:30,443 INFO server.py 815:: flip_sign_id=set()
2024-12-02 01:30:30,443 INFO server.py 816:: additve id=set()
2024-12-02 01:30:30,443 INFO server.py 817:: unreliable id =set()
2024-12-02 01:30:30,447 INFO server.py 815:: flip_sign_id=set()
2024-12-02 01:30:30,447 INFO server.py 816:: additve id=set()
2024-12-02 01:30:30,447 INFO server.py 817:: unreliable id =set()
2024-12-02 01:30:30,451 INFO server.py 815:: flip_sign_id=set()
2024-12-02 01:30:30,456 INFO server.py 816:: additve id=set()
2024-12-02 01:30:30,457 INFO server.py 817:: unreliable id =set()
2024-12-02 01:30:30,463 INFO server.py 815:: flip_sign_id=set()
2024-12-02 01:30:30,464 INFO server.py 816:: additve id=set()
2024-12-02 01:30:30,465 INFO server.py 817:: unreliable id =set()
2024-12-02 01:30:30,471 INFO server.py 815:: flip_sign_id=set()
2024-12-02 01:30:30,472 INFO server.py 816:: additve id=set()
2024-12-02 01:30:30,472 INFO server.py 817:: unreliable id =set()
2024-12-02 01:30:30,478 INFO server.py 815:: flip_sign_id=set()
2024-12-02 01:30:30,478 INFO server.py 816:: additve id=set()
2024-12-02 01:30:30,479 INFO server.py 817:: unreliable id =set()
2024-12-02 01:30:30,483 INFO server.py 815:: flip_sign_id=set()
2024-12-02 01:30:30,483 INFO server.py 816:: additve id=set()
2024-12-02 01:30:30,484 INFO server.py 817:: unreliable id =set()
2024-12-02 01:30:30,488 INFO server.py 815:: flip_sign_id=set()
2024-12-02 01:30:30,488 INFO server.py 816:: additve id=set()
2024-12-02 01:30:30,489 INFO server.py 817:: unreliable id =set()
2024-12-02 01:30:30,494 INFO server.py 815:: flip_sign_id=set()
2024-12-02 01:30:30,495 INFO server.py 816:: additve id=set()
2024-12-02 01:30:30,495 INFO server.py 817:: unreliable id =set()
2024-12-02 01:30:30,499 INFO server.py 815:: flip_sign_id=set()
2024-12-02 01:30:30,500 INFO server.py 816:: additve id=set()
2024-12-02 01:30:30,500 INFO server.py 817:: unreliable id =set()
2024-12-02 01:30:30,505 INFO server.py 815:: flip_sign_id=set()
2024-12-02 01:30:30,505 INFO server.py 816:: additve id=set()
2024-12-02 01:30:30,506 INFO server.py 817:: unreliable id =set()
2024-12-02 01:30:30,511 INFO server.py 815:: flip_sign_id=set()
2024-12-02 01:30:30,511 INFO server.py 816:: additve id=set()
2024-12-02 01:30:30,511 INFO server.py 817:: unreliable id =set()
2024-12-02 01:30:30,516 INFO server.py 815:: flip_sign_id=set()
2024-12-02 01:30:30,517 INFO server.py 816:: additve id=set()
2024-12-02 01:30:30,517 INFO server.py 817:: unreliable id =set()
2024-12-02 01:30:30,522 INFO server.py 815:: flip_sign_id=set()
2024-12-02 01:30:30,522 INFO server.py 816:: additve id=set()
2024-12-02 01:30:30,522 INFO server.py 817:: unreliable id =set()
2024-12-02 01:30:30,527 INFO server.py 815:: flip_sign_id=set()
2024-12-02 01:30:30,527 INFO server.py 816:: additve id=set()
2024-12-02 01:30:30,528 INFO server.py 817:: unreliable id =set()
2024-12-02 01:30:30,533 INFO server.py 815:: flip_sign_id=set()
2024-12-02 01:30:30,533 INFO server.py 816:: additve id=set()
2024-12-02 01:30:30,533 INFO server.py 817:: unreliable id =set()
2024-12-02 01:30:30,539 INFO server.py 815:: flip_sign_id=set()
2024-12-02 01:30:30,539 INFO server.py 816:: additve id=set()
2024-12-02 01:30:30,539 INFO server.py 817:: unreliable id =set()
2024-12-02 01:30:30,545 INFO server.py 815:: flip_sign_id=set()
2024-12-02 01:30:30,545 INFO server.py 816:: additve id=set()
2024-12-02 01:30:30,545 INFO server.py 817:: unreliable id =set()
2024-12-02 01:30:30,551 INFO server.py 815:: flip_sign_id=set()
2024-12-02 01:30:30,551 INFO server.py 816:: additve id=set()
2024-12-02 01:30:30,551 INFO server.py 817:: unreliable id =set()
2024-12-02 01:30:30,557 INFO server.py 815:: flip_sign_id=set()
2024-12-02 01:30:30,557 INFO server.py 816:: additve id=set()
2024-12-02 01:30:30,558 INFO server.py 817:: unreliable id =set()
2024-12-02 01:30:30,563 INFO server.py 815:: flip_sign_id=set()
2024-12-02 01:30:30,564 INFO server.py 816:: additve id=set()
2024-12-02 01:30:30,564 INFO server.py 817:: unreliable id =set()
2024-12-02 01:30:30,565 INFO server.py 1078:: clients' sizes=[1, 2, 1, 0, 0, 0, 2, 2, 0, 1, 0, 1, 2, 2, 2, 2, 1, 1, 2, 0, 1, 1, 1, 1, 1, 0, 1, 1, 1, 1, 2, 0, 2, 0, 1, 2, 1, 0, 2, 0], total=41
2024-12-02 01:30:30,575 INFO server.py 327:: [Server] The aggregation takes 0.189263 seconds.

2024-12-02 01:30:30,576 INFO server.py 211:: [Server] Start testing
2024-12-02 01:30:30,590 INFO server.py 235:: [Server] Test set: Average loss: 0.8730, Accuracy: 122/200 (61.0%)

2024-12-02 01:30:30,591 INFO server.py 238:: [Sever] Confusion matrix:
 tensor([[41.,  7.,  2.,  0.],
        [15., 23., 11.,  1.],
        [ 6., 15., 22.,  7.],
        [ 0.,  5.,  9., 36.]])
2024-12-02 01:30:30,594 INFO server.py 254:: [Server] Precision=[0.66129035 0.46       0.5        0.8181818 ],
 Recall=[0.82 0.46 0.44 0.72],
 F1-score=[0.73214287 0.46       0.4680851  0.76595753],
 my_accuracy=61.000001430511475[%]
2024-12-02 01:30:30,595 INFO _main.py 209:: ########EPOCH 8 ########
2024-12-02 01:30:30,595 INFO _main.py 210:: ###Model distribution###
2024-12-02 01:30:33,140 INFO server.py 815:: flip_sign_id=set()
2024-12-02 01:30:33,140 INFO server.py 816:: additve id={0}
2024-12-02 01:30:33,140 INFO server.py 817:: unreliable id =set()
2024-12-02 01:30:33,142 INFO server.py 815:: flip_sign_id=set()
2024-12-02 01:30:33,142 INFO server.py 816:: additve id={0}
2024-12-02 01:30:33,142 INFO server.py 817:: unreliable id =set()
2024-12-02 01:30:33,144 INFO server.py 815:: flip_sign_id=set()
2024-12-02 01:30:33,144 INFO server.py 816:: additve id=set()
2024-12-02 01:30:33,144 INFO server.py 817:: unreliable id =set()
2024-12-02 01:30:33,146 INFO server.py 815:: flip_sign_id=set()
2024-12-02 01:30:33,146 INFO server.py 816:: additve id=set()
2024-12-02 01:30:33,146 INFO server.py 817:: unreliable id =set()
2024-12-02 01:30:33,148 INFO server.py 815:: flip_sign_id=set()
2024-12-02 01:30:33,148 INFO server.py 816:: additve id=set()
2024-12-02 01:30:33,149 INFO server.py 817:: unreliable id =set()
2024-12-02 01:30:33,151 INFO server.py 815:: flip_sign_id=set()
2024-12-02 01:30:33,151 INFO server.py 816:: additve id=set()
2024-12-02 01:30:33,151 INFO server.py 817:: unreliable id =set()
2024-12-02 01:30:33,153 INFO server.py 815:: flip_sign_id=set()
2024-12-02 01:30:33,153 INFO server.py 816:: additve id=set()
2024-12-02 01:30:33,154 INFO server.py 817:: unreliable id =set()
2024-12-02 01:30:33,156 INFO server.py 815:: flip_sign_id=set()
2024-12-02 01:30:33,156 INFO server.py 816:: additve id=set()
2024-12-02 01:30:33,157 INFO server.py 817:: unreliable id =set()
2024-12-02 01:30:33,159 INFO server.py 815:: flip_sign_id=set()
2024-12-02 01:30:33,159 INFO server.py 816:: additve id=set()
2024-12-02 01:30:33,159 INFO server.py 817:: unreliable id =set()
2024-12-02 01:30:33,162 INFO server.py 815:: flip_sign_id=set()
2024-12-02 01:30:33,162 INFO server.py 816:: additve id=set()
2024-12-02 01:30:33,162 INFO server.py 817:: unreliable id =set()
2024-12-02 01:30:33,164 INFO server.py 815:: flip_sign_id=set()
2024-12-02 01:30:33,165 INFO server.py 816:: additve id=set()
2024-12-02 01:30:33,165 INFO server.py 817:: unreliable id =set()
2024-12-02 01:30:33,168 INFO server.py 815:: flip_sign_id=set()
2024-12-02 01:30:33,168 INFO server.py 816:: additve id=set()
2024-12-02 01:30:33,168 INFO server.py 817:: unreliable id =set()
2024-12-02 01:30:33,170 INFO server.py 815:: flip_sign_id=set()
2024-12-02 01:30:33,170 INFO server.py 816:: additve id=set()
2024-12-02 01:30:33,171 INFO server.py 817:: unreliable id =set()
2024-12-02 01:30:33,173 INFO server.py 815:: flip_sign_id=set()
2024-12-02 01:30:33,174 INFO server.py 816:: additve id=set()
2024-12-02 01:30:33,174 INFO server.py 817:: unreliable id =set()
2024-12-02 01:30:33,176 INFO server.py 815:: flip_sign_id=set()
2024-12-02 01:30:33,177 INFO server.py 816:: additve id=set()
2024-12-02 01:30:33,177 INFO server.py 817:: unreliable id =set()
2024-12-02 01:30:33,180 INFO server.py 815:: flip_sign_id=set()
2024-12-02 01:30:33,180 INFO server.py 816:: additve id=set()
2024-12-02 01:30:33,180 INFO server.py 817:: unreliable id =set()
2024-12-02 01:30:33,183 INFO server.py 815:: flip_sign_id=set()
2024-12-02 01:30:33,183 INFO server.py 816:: additve id=set()
2024-12-02 01:30:33,183 INFO server.py 817:: unreliable id =set()
2024-12-02 01:30:33,187 INFO server.py 815:: flip_sign_id=set()
2024-12-02 01:30:33,187 INFO server.py 816:: additve id=set()
2024-12-02 01:30:33,187 INFO server.py 817:: unreliable id =set()
2024-12-02 01:30:33,191 INFO server.py 815:: flip_sign_id=set()
2024-12-02 01:30:33,191 INFO server.py 816:: additve id=set()
2024-12-02 01:30:33,191 INFO server.py 817:: unreliable id =set()
2024-12-02 01:30:33,194 INFO server.py 815:: flip_sign_id=set()
2024-12-02 01:30:33,195 INFO server.py 816:: additve id=set()
2024-12-02 01:30:33,195 INFO server.py 817:: unreliable id =set()
2024-12-02 01:30:33,198 INFO server.py 815:: flip_sign_id=set()
2024-12-02 01:30:33,198 INFO server.py 816:: additve id=set()
2024-12-02 01:30:33,199 INFO server.py 817:: unreliable id =set()
2024-12-02 01:30:33,202 INFO server.py 815:: flip_sign_id=set()
2024-12-02 01:30:33,203 INFO server.py 816:: additve id=set()
2024-12-02 01:30:33,203 INFO server.py 817:: unreliable id =set()
2024-12-02 01:30:33,207 INFO server.py 815:: flip_sign_id=set()
2024-12-02 01:30:33,207 INFO server.py 816:: additve id=set()
2024-12-02 01:30:33,207 INFO server.py 817:: unreliable id =set()
2024-12-02 01:30:33,212 INFO server.py 815:: flip_sign_id=set()
2024-12-02 01:30:33,212 INFO server.py 816:: additve id=set()
2024-12-02 01:30:33,213 INFO server.py 817:: unreliable id =set()
2024-12-02 01:30:33,216 INFO server.py 815:: flip_sign_id=set()
2024-12-02 01:30:33,217 INFO server.py 816:: additve id=set()
2024-12-02 01:30:33,217 INFO server.py 817:: unreliable id =set()
2024-12-02 01:30:33,221 INFO server.py 815:: flip_sign_id=set()
2024-12-02 01:30:33,222 INFO server.py 816:: additve id=set()
2024-12-02 01:30:33,222 INFO server.py 817:: unreliable id =set()
2024-12-02 01:30:33,226 INFO server.py 815:: flip_sign_id=set()
2024-12-02 01:30:33,227 INFO server.py 816:: additve id=set()
2024-12-02 01:30:33,227 INFO server.py 817:: unreliable id =set()
2024-12-02 01:30:33,232 INFO server.py 815:: flip_sign_id=set()
2024-12-02 01:30:33,232 INFO server.py 816:: additve id=set()
2024-12-02 01:30:33,232 INFO server.py 817:: unreliable id =set()
2024-12-02 01:30:33,237 INFO server.py 815:: flip_sign_id=set()
2024-12-02 01:30:33,237 INFO server.py 816:: additve id=set()
2024-12-02 01:30:33,238 INFO server.py 817:: unreliable id =set()
2024-12-02 01:30:33,242 INFO server.py 815:: flip_sign_id=set()
2024-12-02 01:30:33,243 INFO server.py 816:: additve id=set()
2024-12-02 01:30:33,243 INFO server.py 817:: unreliable id =set()
2024-12-02 01:30:33,248 INFO server.py 815:: flip_sign_id=set()
2024-12-02 01:30:33,249 INFO server.py 816:: additve id=set()
2024-12-02 01:30:33,249 INFO server.py 817:: unreliable id =set()
2024-12-02 01:30:33,254 INFO server.py 815:: flip_sign_id=set()
2024-12-02 01:30:33,254 INFO server.py 816:: additve id=set()
2024-12-02 01:30:33,255 INFO server.py 817:: unreliable id =set()
2024-12-02 01:30:33,260 INFO server.py 815:: flip_sign_id=set()
2024-12-02 01:30:33,260 INFO server.py 816:: additve id=set()
2024-12-02 01:30:33,260 INFO server.py 817:: unreliable id =set()
2024-12-02 01:30:33,265 INFO server.py 815:: flip_sign_id=set()
2024-12-02 01:30:33,266 INFO server.py 816:: additve id=set()
2024-12-02 01:30:33,266 INFO server.py 817:: unreliable id =set()
2024-12-02 01:30:33,271 INFO server.py 815:: flip_sign_id=set()
2024-12-02 01:30:33,271 INFO server.py 816:: additve id=set()
2024-12-02 01:30:33,272 INFO server.py 817:: unreliable id =set()
2024-12-02 01:30:33,277 INFO server.py 815:: flip_sign_id=set()
2024-12-02 01:30:33,277 INFO server.py 816:: additve id=set()
2024-12-02 01:30:33,278 INFO server.py 817:: unreliable id =set()
2024-12-02 01:30:33,283 INFO server.py 815:: flip_sign_id=set()
2024-12-02 01:30:33,284 INFO server.py 816:: additve id=set()
2024-12-02 01:30:33,284 INFO server.py 817:: unreliable id =set()
2024-12-02 01:30:33,290 INFO server.py 815:: flip_sign_id=set()
2024-12-02 01:30:33,291 INFO server.py 816:: additve id=set()
2024-12-02 01:30:33,291 INFO server.py 817:: unreliable id =set()
2024-12-02 01:30:33,297 INFO server.py 815:: flip_sign_id=set()
2024-12-02 01:30:33,298 INFO server.py 816:: additve id=set()
2024-12-02 01:30:33,298 INFO server.py 817:: unreliable id =set()
2024-12-02 01:30:33,305 INFO server.py 815:: flip_sign_id=set()
2024-12-02 01:30:33,305 INFO server.py 816:: additve id=set()
2024-12-02 01:30:33,305 INFO server.py 817:: unreliable id =set()
2024-12-02 01:30:33,307 INFO server.py 1078:: clients' sizes=[1, 2, 1, 0, 0, 0, 2, 2, 0, 1, 0, 1, 2, 2, 2, 2, 1, 1, 2, 0, 1, 1, 1, 1, 1, 0, 1, 1, 1, 1, 2, 0, 2, 0, 1, 2, 1, 0, 2, 0], total=41
2024-12-02 01:30:33,317 INFO server.py 327:: [Server] The aggregation takes 0.178400 seconds.

2024-12-02 01:30:33,319 INFO server.py 211:: [Server] Start testing
2024-12-02 01:30:33,332 INFO server.py 235:: [Server] Test set: Average loss: 0.8575, Accuracy: 124/200 (62.0%)

2024-12-02 01:30:33,334 INFO server.py 238:: [Sever] Confusion matrix:
 tensor([[41.,  8.,  1.,  0.],
        [15., 24., 10.,  1.],
        [ 7., 16., 20.,  7.],
        [ 0.,  5.,  6., 39.]])
2024-12-02 01:30:33,335 INFO server.py 254:: [Server] Precision=[0.6507937  0.4528302  0.5405405  0.82978725],
 Recall=[0.82 0.48 0.4  0.78],
 F1-score=[0.7256637  0.4660194  0.45977008 0.8041237 ],
 my_accuracy=62.00000047683716[%]
2024-12-02 01:30:33,336 INFO _main.py 209:: ########EPOCH 9 ########
2024-12-02 01:30:33,336 INFO _main.py 210:: ###Model distribution###
2024-12-02 01:30:36,328 INFO server.py 815:: flip_sign_id=set()
2024-12-02 01:30:36,329 INFO server.py 816:: additve id={0}
2024-12-02 01:30:36,329 INFO server.py 817:: unreliable id =set()
2024-12-02 01:30:36,331 INFO server.py 815:: flip_sign_id=set()
2024-12-02 01:30:36,331 INFO server.py 816:: additve id={0}
2024-12-02 01:30:36,331 INFO server.py 817:: unreliable id =set()
2024-12-02 01:30:36,333 INFO server.py 815:: flip_sign_id=set()
2024-12-02 01:30:36,333 INFO server.py 816:: additve id=set()
2024-12-02 01:30:36,334 INFO server.py 817:: unreliable id =set()
2024-12-02 01:30:36,336 INFO server.py 815:: flip_sign_id=set()
2024-12-02 01:30:36,336 INFO server.py 816:: additve id=set()
2024-12-02 01:30:36,336 INFO server.py 817:: unreliable id =set()
2024-12-02 01:30:36,338 INFO server.py 815:: flip_sign_id=set()
2024-12-02 01:30:36,339 INFO server.py 816:: additve id=set()
2024-12-02 01:30:36,339 INFO server.py 817:: unreliable id =set()
2024-12-02 01:30:36,341 INFO server.py 815:: flip_sign_id=set()
2024-12-02 01:30:36,342 INFO server.py 816:: additve id=set()
2024-12-02 01:30:36,342 INFO server.py 817:: unreliable id =set()
2024-12-02 01:30:36,344 INFO server.py 815:: flip_sign_id=set()
2024-12-02 01:30:36,345 INFO server.py 816:: additve id=set()
2024-12-02 01:30:36,345 INFO server.py 817:: unreliable id =set()
2024-12-02 01:30:36,348 INFO server.py 815:: flip_sign_id=set()
2024-12-02 01:30:36,348 INFO server.py 816:: additve id=set()
2024-12-02 01:30:36,348 INFO server.py 817:: unreliable id =set()
2024-12-02 01:30:36,351 INFO server.py 815:: flip_sign_id=set()
2024-12-02 01:30:36,351 INFO server.py 816:: additve id=set()
2024-12-02 01:30:36,351 INFO server.py 817:: unreliable id =set()
2024-12-02 01:30:36,355 INFO server.py 815:: flip_sign_id=set()
2024-12-02 01:30:36,355 INFO server.py 816:: additve id=set()
2024-12-02 01:30:36,355 INFO server.py 817:: unreliable id =set()
2024-12-02 01:30:36,358 INFO server.py 815:: flip_sign_id=set()
2024-12-02 01:30:36,358 INFO server.py 816:: additve id=set()
2024-12-02 01:30:36,359 INFO server.py 817:: unreliable id =set()
2024-12-02 01:30:36,362 INFO server.py 815:: flip_sign_id=set()
2024-12-02 01:30:36,363 INFO server.py 816:: additve id=set()
2024-12-02 01:30:36,363 INFO server.py 817:: unreliable id =set()
2024-12-02 01:30:36,366 INFO server.py 815:: flip_sign_id=set()
2024-12-02 01:30:36,367 INFO server.py 816:: additve id=set()
2024-12-02 01:30:36,367 INFO server.py 817:: unreliable id =set()
2024-12-02 01:30:36,370 INFO server.py 815:: flip_sign_id=set()
2024-12-02 01:30:36,371 INFO server.py 816:: additve id=set()
2024-12-02 01:30:36,371 INFO server.py 817:: unreliable id =set()
2024-12-02 01:30:36,375 INFO server.py 815:: flip_sign_id=set()
2024-12-02 01:30:36,375 INFO server.py 816:: additve id=set()
2024-12-02 01:30:36,375 INFO server.py 817:: unreliable id =set()
2024-12-02 01:30:36,379 INFO server.py 815:: flip_sign_id=set()
2024-12-02 01:30:36,380 INFO server.py 816:: additve id=set()
2024-12-02 01:30:36,380 INFO server.py 817:: unreliable id =set()
2024-12-02 01:30:36,384 INFO server.py 815:: flip_sign_id=set()
2024-12-02 01:30:36,384 INFO server.py 816:: additve id=set()
2024-12-02 01:30:36,385 INFO server.py 817:: unreliable id =set()
2024-12-02 01:30:36,392 INFO server.py 815:: flip_sign_id=set()
2024-12-02 01:30:36,394 INFO server.py 816:: additve id=set()
2024-12-02 01:30:36,394 INFO server.py 817:: unreliable id =set()
2024-12-02 01:30:36,407 INFO server.py 815:: flip_sign_id=set()
2024-12-02 01:30:36,408 INFO server.py 816:: additve id=set()
2024-12-02 01:30:36,409 INFO server.py 817:: unreliable id =set()
2024-12-02 01:30:36,415 INFO server.py 815:: flip_sign_id=set()
2024-12-02 01:30:36,416 INFO server.py 816:: additve id=set()
2024-12-02 01:30:36,417 INFO server.py 817:: unreliable id =set()
2024-12-02 01:30:36,430 INFO server.py 815:: flip_sign_id=set()
2024-12-02 01:30:36,431 INFO server.py 816:: additve id=set()
2024-12-02 01:30:36,432 INFO server.py 817:: unreliable id =set()
2024-12-02 01:30:36,441 INFO server.py 815:: flip_sign_id=set()
2024-12-02 01:30:36,442 INFO server.py 816:: additve id=set()
2024-12-02 01:30:36,444 INFO server.py 817:: unreliable id =set()
2024-12-02 01:30:36,451 INFO server.py 815:: flip_sign_id=set()
2024-12-02 01:30:36,452 INFO server.py 816:: additve id=set()
2024-12-02 01:30:36,453 INFO server.py 817:: unreliable id =set()
2024-12-02 01:30:36,470 INFO server.py 815:: flip_sign_id=set()
2024-12-02 01:30:36,471 INFO server.py 816:: additve id=set()
2024-12-02 01:30:36,471 INFO server.py 817:: unreliable id =set()
2024-12-02 01:30:36,481 INFO server.py 815:: flip_sign_id=set()
2024-12-02 01:30:36,482 INFO server.py 816:: additve id=set()
2024-12-02 01:30:36,483 INFO server.py 817:: unreliable id =set()
2024-12-02 01:30:36,498 INFO server.py 815:: flip_sign_id=set()
2024-12-02 01:30:36,499 INFO server.py 816:: additve id=set()
2024-12-02 01:30:36,499 INFO server.py 817:: unreliable id =set()
2024-12-02 01:30:36,506 INFO server.py 815:: flip_sign_id=set()
2024-12-02 01:30:36,506 INFO server.py 816:: additve id=set()
2024-12-02 01:30:36,506 INFO server.py 817:: unreliable id =set()
2024-12-02 01:30:36,513 INFO server.py 815:: flip_sign_id=set()
2024-12-02 01:30:36,514 INFO server.py 816:: additve id=set()
2024-12-02 01:30:36,514 INFO server.py 817:: unreliable id =set()
2024-12-02 01:30:36,521 INFO server.py 815:: flip_sign_id=set()
2024-12-02 01:30:36,521 INFO server.py 816:: additve id=set()
2024-12-02 01:30:36,521 INFO server.py 817:: unreliable id =set()
2024-12-02 01:30:36,528 INFO server.py 815:: flip_sign_id=set()
2024-12-02 01:30:36,529 INFO server.py 816:: additve id=set()
2024-12-02 01:30:36,529 INFO server.py 817:: unreliable id =set()
2024-12-02 01:30:36,536 INFO server.py 815:: flip_sign_id=set()
2024-12-02 01:30:36,536 INFO server.py 816:: additve id=set()
2024-12-02 01:30:36,536 INFO server.py 817:: unreliable id =set()
2024-12-02 01:30:36,544 INFO server.py 815:: flip_sign_id=set()
2024-12-02 01:30:36,544 INFO server.py 816:: additve id=set()
2024-12-02 01:30:36,544 INFO server.py 817:: unreliable id =set()
2024-12-02 01:30:36,552 INFO server.py 815:: flip_sign_id=set()
2024-12-02 01:30:36,552 INFO server.py 816:: additve id=set()
2024-12-02 01:30:36,552 INFO server.py 817:: unreliable id =set()
2024-12-02 01:30:36,560 INFO server.py 815:: flip_sign_id=set()
2024-12-02 01:30:36,561 INFO server.py 816:: additve id=set()
2024-12-02 01:30:36,561 INFO server.py 817:: unreliable id =set()
2024-12-02 01:30:36,569 INFO server.py 815:: flip_sign_id=set()
2024-12-02 01:30:36,569 INFO server.py 816:: additve id=set()
2024-12-02 01:30:36,569 INFO server.py 817:: unreliable id =set()
2024-12-02 01:30:36,578 INFO server.py 815:: flip_sign_id=set()
2024-12-02 01:30:36,578 INFO server.py 816:: additve id=set()
2024-12-02 01:30:36,579 INFO server.py 817:: unreliable id =set()
2024-12-02 01:30:36,594 INFO server.py 815:: flip_sign_id=set()
2024-12-02 01:30:36,594 INFO server.py 816:: additve id=set()
2024-12-02 01:30:36,596 INFO server.py 817:: unreliable id =set()
2024-12-02 01:30:36,611 INFO server.py 815:: flip_sign_id=set()
2024-12-02 01:30:36,612 INFO server.py 816:: additve id=set()
2024-12-02 01:30:36,613 INFO server.py 817:: unreliable id =set()
2024-12-02 01:30:36,628 INFO server.py 815:: flip_sign_id=set()
2024-12-02 01:30:36,628 INFO server.py 816:: additve id=set()
2024-12-02 01:30:36,628 INFO server.py 817:: unreliable id =set()
2024-12-02 01:30:36,649 INFO server.py 815:: flip_sign_id=set()
2024-12-02 01:30:36,650 INFO server.py 816:: additve id=set()
2024-12-02 01:30:36,652 INFO server.py 817:: unreliable id =set()
2024-12-02 01:30:36,657 INFO server.py 1078:: clients' sizes=[1, 2, 1, 0, 0, 0, 2, 2, 0, 1, 0, 1, 2, 2, 2, 2, 1, 1, 2, 0, 1, 1, 1, 1, 1, 0, 1, 1, 1, 1, 2, 0, 2, 0, 1, 2, 1, 0, 2, 0], total=41
2024-12-02 01:30:36,678 INFO server.py 327:: [Server] The aggregation takes 0.350067 seconds.

2024-12-02 01:30:36,679 INFO server.py 211:: [Server] Start testing
2024-12-02 01:30:36,706 INFO server.py 235:: [Server] Test set: Average loss: 0.8534, Accuracy: 122/200 (61.0%)

2024-12-02 01:30:36,708 INFO server.py 238:: [Sever] Confusion matrix:
 tensor([[41.,  8.,  1.,  0.],
        [15., 23., 11.,  1.],
        [ 6., 17., 21.,  6.],
        [ 0.,  5.,  8., 37.]])
2024-12-02 01:30:36,710 INFO server.py 254:: [Server] Precision=[0.66129035 0.43396226 0.5121951  0.84090906],
 Recall=[0.82 0.46 0.42 0.74],
 F1-score=[0.73214287 0.44660196 0.46153846 0.78723407],
 my_accuracy=61.000001430511475[%]
