2024-12-01 20:31:56,872 INFO _main.py 39:: ################################################################
2024-12-01 20:31:56,873 INFO _main.py 41:: #                              batch_size: 64                  #
2024-12-01 20:31:56,873 INFO _main.py 41:: #                         test_batch_size: 32                  #
2024-12-01 20:31:56,873 INFO _main.py 41:: #                                  epochs: 10                  #
2024-12-01 20:31:56,873 INFO _main.py 41:: #                               optimizer: SGD                 #
2024-12-01 20:31:56,874 INFO _main.py 41:: #                                      lr: 0.01                #
2024-12-01 20:31:56,874 INFO _main.py 41:: #                                momentum: 0.9                 #
2024-12-01 20:31:56,874 INFO _main.py 41:: #                            weight_decay: 0.0001              #
2024-12-01 20:31:56,874 INFO _main.py 41:: #                                    seed: 1                   #
2024-12-01 20:31:56,874 INFO _main.py 41:: #                            log_interval: 11                  #
2024-12-01 20:31:56,874 INFO _main.py 41:: #                             num_clients: 40                  #
2024-12-01 20:31:56,875 INFO _main.py 41:: #                           output_folder: experiments         #
2024-12-01 20:31:56,875 INFO _main.py 41:: #                                 dataset: rockburst           #
2024-12-01 20:31:56,875 INFO _main.py 41:: #                             loader_type: dirichlet           #
2024-12-01 20:31:56,875 INFO _main.py 41:: #                             loader_path: ./data/loader.pk    #
2024-12-01 20:31:56,875 INFO _main.py 41:: #                                      AR: my_hog              #
2024-12-01 20:31:56,875 INFO _main.py 41:: #                     n_attacker_backdoor: 0                   #
2024-12-01 20:31:56,875 INFO _main.py 41:: #                        backdoor_trigger: [0, 0, 1, 1]        #
2024-12-01 20:31:56,876 INFO _main.py 41:: #                   n_attacker_omniscient: 0                   #
2024-12-01 20:31:56,876 INFO _main.py 41:: #                        omniscient_scale: 1                   #
2024-12-01 20:31:56,876 INFO _main.py 41:: #                                 attacks: None                #
2024-12-01 20:31:56,876 INFO _main.py 41:: #                      save_model_weights: False               #
2024-12-01 20:31:56,876 INFO _main.py 41:: #                         experiment_name: sExp4Ba_40ep_rockburst_my_hog_40C_5#
2024-12-01 20:31:56,876 INFO _main.py 41:: #                          path_to_aggNet: None                #
2024-12-01 20:31:56,877 INFO _main.py 41:: #                                  device: cpu                 #
2024-12-01 20:31:56,877 INFO _main.py 41:: #                            inner_epochs: 4                   #
2024-12-01 20:31:56,877 INFO _main.py 41:: #                                 verbose: True                #
2024-12-01 20:31:56,877 INFO _main.py 41:: #                         list_unreliable: [2, 18, 20]         #
2024-12-01 20:31:56,877 INFO _main.py 41:: #                     unreliable_fraction: 0.5                 #
2024-12-01 20:31:56,877 INFO _main.py 41:: #                    unreliable_fracTrain: 0.3                 #
2024-12-01 20:31:56,878 INFO _main.py 41:: #                         mean_unreliable: 0.0                 #
2024-12-01 20:31:56,878 INFO _main.py 41:: #                             blur_method: add_noise           #
2024-12-01 20:31:56,878 INFO _main.py 41:: #                      max_std_unreliable: 30.0                #
2024-12-01 20:31:56,878 INFO _main.py 41:: #                     list_uatk_add_noise: [24, 25, 26]        #
2024-12-01 20:31:56,878 INFO _main.py 41:: #                          mean_add_noise: 0.0                 #
2024-12-01 20:31:56,879 INFO _main.py 41:: #                           std_add_noise: 0.01                #
2024-12-01 20:31:56,879 INFO _main.py 41:: #                     list_uatk_flip_sign: [0, 10, 11]         #
2024-12-01 20:31:56,879 INFO _main.py 42:: ################################################################
2024-12-01 20:31:56,879 INFO _main.py 43:: Namespace(batch_size=64, test_batch_size=32, epochs=10, optimizer='SGD', lr=0.01, momentum=0.9, weight_decay=0.0001, seed=1, log_interval=11, num_clients=40, output_folder='experiments', dataset='rockburst', loader_type='dirichlet', loader_path='./data/loader.pk', AR='my_hog', n_attacker_backdoor=0, backdoor_trigger=[0, 0, 1, 1], n_attacker_omniscient=0, omniscient_scale=1, attacks=None, save_model_weights=False, experiment_name='sExp4Ba_40ep_rockburst_my_hog_40C_5', path_to_aggNet=None, device='cpu', inner_epochs=4, verbose=True, list_unreliable=[2, 18, 20], unreliable_fraction=0.5, unreliable_fracTrain=0.3, mean_unreliable=0.0, blur_method='add_noise', max_std_unreliable=30.0, list_uatk_add_noise=[24, 25, 26], mean_add_noise=0.0, std_add_noise=0.01, list_uatk_flip_sign=[0, 10, 11])
2024-12-01 20:31:56,880 INFO _main.py 44:: #####################
2024-12-01 20:31:56,880 INFO _main.py 45:: #####################
2024-12-01 20:31:56,880 INFO _main.py 46:: #####################
2024-12-01 20:31:56,880 INFO _main.py 47:: Aggregation Rule:	my_hog
2024-12-01 20:31:56,880 INFO _main.py 48:: Data distribution:	dirichlet
2024-12-01 20:31:56,881 INFO _main.py 49:: Attacks:	None 
2024-12-01 20:31:56,881 INFO _main.py 50:: #####################
2024-12-01 20:31:56,881 INFO _main.py 51:: #####################
2024-12-01 20:31:56,881 INFO _main.py 52:: #####################
2024-12-01 20:31:58,405 INFO server.py 366:: SET DBSCAN eps=1.3, min_samples=10
2024-12-01 20:31:58,408 INFO _main.py 135:: [1-normal, 0-malicious] label =tensor([0., 1., 1., 1., 1., 1., 1., 1., 1., 1., 0., 0., 1., 1., 1., 1., 1., 1.,
        1., 1., 1., 1., 1., 1., 0., 0., 0., 1., 1., 1., 1., 1., 1., 1., 1., 1.,
        1., 1., 1., 1.])
2024-12-01 20:31:58,414 INFO malicious_clients.py 117:: init ATTACK OMNISCIENT Client 0
2024-12-01 20:31:58,419 INFO malicious_clients.py 18:: init UNRELIABLE Client 2
2024-12-01 20:31:58,451 INFO malicious_clients.py 117:: init ATTACK OMNISCIENT Client 10
2024-12-01 20:31:58,457 INFO malicious_clients.py 117:: init ATTACK OMNISCIENT Client 11
2024-12-01 20:31:58,489 INFO malicious_clients.py 18:: init UNRELIABLE Client 18
2024-12-01 20:31:58,496 INFO malicious_clients.py 18:: init UNRELIABLE Client 20
2024-12-01 20:31:58,512 INFO malicious_clients.py 73:: init ATTACK ADD NOISE TO GRAD Client 24
2024-12-01 20:31:58,516 INFO malicious_clients.py 73:: init ATTACK ADD NOISE TO GRAD Client 25
2024-12-01 20:31:58,521 INFO malicious_clients.py 73:: init ATTACK ADD NOISE TO GRAD Client 26
2024-12-01 20:31:58,572 INFO server.py 211:: [Server] Start testing
2024-12-01 20:31:58,591 INFO server.py 235:: [Server] Test set: Average loss: 1.3864, Accuracy: 50/200 (25.0%)

2024-12-01 20:31:58,592 INFO server.py 238:: [Sever] Confusion matrix:
 tensor([[50.,  0.,  0.,  0.],
        [50.,  0.,  0.,  0.],
        [50.,  0.,  0.,  0.],
        [50.,  0.,  0.,  0.]])
2024-12-01 20:31:58,623 INFO server.py 254:: [Server] Precision=[0.25  nan  nan  nan],
 Recall=[1. 0. 0. 0.],
 F1-score=[0.4 nan nan nan],
 my_accuracy=25.0[%]
2024-12-01 20:31:58,626 INFO _main.py 209:: ########EPOCH 0 ########
2024-12-01 20:31:58,626 INFO _main.py 210:: ###Model distribution###
2024-12-01 20:31:59,321 INFO server.py 1064:: clients' sizes=[1, 2, 1, 0, 0, 0, 2, 2, 0, 1, 0, 1, 2, 2, 2, 2, 1, 1, 2, 0, 1, 1, 1, 1, 1, 0, 1, 1, 1, 1, 2, 0, 2, 0, 1, 2, 1, 0, 2, 0], total=41
2024-12-01 20:31:59,332 INFO server.py 327:: [Server] The aggregation takes 0.272064 seconds.

2024-12-01 20:31:59,333 INFO server.py 211:: [Server] Start testing
2024-12-01 20:31:59,347 INFO server.py 235:: [Server] Test set: Average loss: 1.3840, Accuracy: 50/200 (25.0%)

2024-12-01 20:31:59,348 INFO server.py 238:: [Sever] Confusion matrix:
 tensor([[50.,  0.,  0.,  0.],
        [50.,  0.,  0.,  0.],
        [50.,  0.,  0.,  0.],
        [50.,  0.,  0.,  0.]])
2024-12-01 20:31:59,350 INFO server.py 254:: [Server] Precision=[0.25  nan  nan  nan],
 Recall=[1. 0. 0. 0.],
 F1-score=[0.4 nan nan nan],
 my_accuracy=25.0[%]
2024-12-01 20:31:59,350 INFO _main.py 209:: ########EPOCH 1 ########
2024-12-01 20:31:59,351 INFO _main.py 210:: ###Model distribution###
2024-12-01 20:32:00,022 INFO server.py 1064:: clients' sizes=[1, 1, 0, 0, 0, 2, 0, 0, 1, 2, 2, 1, 1, 2, 0, 1, 1, 1, 1, 1, 0, 1, 1, 1, 0, 2, 0, 1, 2, 0, 2, 0], total=28
2024-12-01 20:32:00,032 INFO server.py 327:: [Server] The aggregation takes 0.254218 seconds.

2024-12-01 20:32:00,033 INFO server.py 211:: [Server] Start testing
2024-12-01 20:32:00,052 INFO server.py 235:: [Server] Test set: Average loss: 1.3810, Accuracy: 50/200 (25.0%)

2024-12-01 20:32:00,053 INFO server.py 238:: [Sever] Confusion matrix:
 tensor([[50.,  0.,  0.,  0.],
        [50.,  0.,  0.,  0.],
        [50.,  0.,  0.,  0.],
        [50.,  0.,  0.,  0.]])
2024-12-01 20:32:00,055 INFO server.py 254:: [Server] Precision=[0.25  nan  nan  nan],
 Recall=[1. 0. 0. 0.],
 F1-score=[0.4 nan nan nan],
 my_accuracy=25.0[%]
2024-12-01 20:32:00,055 INFO _main.py 209:: ########EPOCH 2 ########
2024-12-01 20:32:00,056 INFO _main.py 210:: ###Model distribution###
2024-12-01 20:32:00,759 INFO server.py 1064:: clients' sizes=[1, 1, 0, 0, 0, 2, 0, 0, 1, 2, 2, 1, 2, 0, 1, 1, 1, 1, 0, 1, 1, 1, 0, 2, 0, 1, 2, 0, 0], total=24
2024-12-01 20:32:00,766 INFO server.py 327:: [Server] The aggregation takes 0.264711 seconds.

2024-12-01 20:32:00,767 INFO server.py 211:: [Server] Start testing
2024-12-01 20:32:00,781 INFO server.py 235:: [Server] Test set: Average loss: 1.3783, Accuracy: 50/200 (25.0%)

2024-12-01 20:32:00,782 INFO server.py 238:: [Sever] Confusion matrix:
 tensor([[50.,  0.,  0.,  0.],
        [50.,  0.,  0.,  0.],
        [50.,  0.,  0.,  0.],
        [50.,  0.,  0.,  0.]])
2024-12-01 20:32:00,784 INFO server.py 254:: [Server] Precision=[0.25  nan  nan  nan],
 Recall=[1. 0. 0. 0.],
 F1-score=[0.4 nan nan nan],
 my_accuracy=25.0[%]
2024-12-01 20:32:00,784 INFO _main.py 209:: ########EPOCH 3 ########
2024-12-01 20:32:00,785 INFO _main.py 210:: ###Model distribution###
2024-12-01 20:32:01,448 INFO server.py 1064:: clients' sizes=[1, 1, 0, 0, 0, 2, 0, 0, 1, 2, 2, 1, 2, 0, 1, 1, 1, 1, 0, 1, 1, 1, 0, 2, 0, 1, 2, 0, 0], total=24
2024-12-01 20:32:01,456 INFO server.py 327:: [Server] The aggregation takes 0.250687 seconds.

2024-12-01 20:32:01,457 INFO server.py 211:: [Server] Start testing
2024-12-01 20:32:01,471 INFO server.py 235:: [Server] Test set: Average loss: 1.3750, Accuracy: 50/200 (25.0%)

2024-12-01 20:32:01,473 INFO server.py 238:: [Sever] Confusion matrix:
 tensor([[50.,  0.,  0.,  0.],
        [50.,  0.,  0.,  0.],
        [50.,  0.,  0.,  0.],
        [50.,  0.,  0.,  0.]])
2024-12-01 20:32:01,474 INFO server.py 254:: [Server] Precision=[0.25  nan  nan  nan],
 Recall=[1. 0. 0. 0.],
 F1-score=[0.4 nan nan nan],
 my_accuracy=25.0[%]
2024-12-01 20:32:01,475 INFO _main.py 209:: ########EPOCH 4 ########
2024-12-01 20:32:01,475 INFO _main.py 210:: ###Model distribution###
2024-12-01 20:32:02,138 INFO server.py 1064:: clients' sizes=[1, 1, 0, 0, 0, 2, 0, 0, 1, 2, 2, 1, 2, 0, 1, 1, 1, 1, 0, 1, 1, 1, 0, 2, 0, 1, 2, 0, 0], total=24
2024-12-01 20:32:02,145 INFO server.py 327:: [Server] The aggregation takes 0.252729 seconds.

2024-12-01 20:32:02,146 INFO server.py 211:: [Server] Start testing
2024-12-01 20:32:02,160 INFO server.py 235:: [Server] Test set: Average loss: 1.3721, Accuracy: 50/200 (25.0%)

2024-12-01 20:32:02,161 INFO server.py 238:: [Sever] Confusion matrix:
 tensor([[50.,  0.,  0.,  0.],
        [50.,  0.,  0.,  0.],
        [50.,  0.,  0.,  0.],
        [50.,  0.,  0.,  0.]])
2024-12-01 20:32:02,162 INFO server.py 254:: [Server] Precision=[0.25  nan  nan  nan],
 Recall=[1. 0. 0. 0.],
 F1-score=[0.4 nan nan nan],
 my_accuracy=25.0[%]
2024-12-01 20:32:02,163 INFO _main.py 209:: ########EPOCH 5 ########
2024-12-01 20:32:02,163 INFO _main.py 210:: ###Model distribution###
2024-12-01 20:32:02,846 INFO server.py 1064:: clients' sizes=[1, 1, 0, 0, 0, 2, 0, 0, 1, 2, 2, 1, 2, 0, 1, 1, 1, 1, 0, 1, 1, 1, 0, 2, 0, 1, 2, 0, 0], total=24
2024-12-01 20:32:02,853 INFO server.py 327:: [Server] The aggregation takes 0.267053 seconds.

2024-12-01 20:32:02,854 INFO server.py 211:: [Server] Start testing
2024-12-01 20:32:02,868 INFO server.py 235:: [Server] Test set: Average loss: 1.3688, Accuracy: 50/200 (25.0%)

2024-12-01 20:32:02,870 INFO server.py 238:: [Sever] Confusion matrix:
 tensor([[50.,  0.,  0.,  0.],
        [50.,  0.,  0.,  0.],
        [50.,  0.,  0.,  0.],
        [50.,  0.,  0.,  0.]])
2024-12-01 20:32:02,871 INFO server.py 254:: [Server] Precision=[0.25  nan  nan  nan],
 Recall=[1. 0. 0. 0.],
 F1-score=[0.4 nan nan nan],
 my_accuracy=25.0[%]
2024-12-01 20:32:02,871 INFO _main.py 209:: ########EPOCH 6 ########
2024-12-01 20:32:02,872 INFO _main.py 210:: ###Model distribution###
2024-12-01 20:32:03,624 INFO server.py 1064:: clients' sizes=[1, 1, 0, 0, 0, 2, 0, 0, 1, 2, 2, 1, 2, 0, 1, 1, 1, 1, 0, 1, 1, 1, 0, 2, 0, 1, 2, 0, 0], total=24
2024-12-01 20:32:03,642 INFO server.py 327:: [Server] The aggregation takes 0.288137 seconds.

2024-12-01 20:32:03,643 INFO server.py 211:: [Server] Start testing
2024-12-01 20:32:03,663 INFO server.py 235:: [Server] Test set: Average loss: 1.3655, Accuracy: 50/200 (25.0%)

2024-12-01 20:32:03,664 INFO server.py 238:: [Sever] Confusion matrix:
 tensor([[50.,  0.,  0.,  0.],
        [50.,  0.,  0.,  0.],
        [50.,  0.,  0.,  0.],
        [50.,  0.,  0.,  0.]])
2024-12-01 20:32:03,666 INFO server.py 254:: [Server] Precision=[0.25  nan  nan  nan],
 Recall=[1. 0. 0. 0.],
 F1-score=[0.4 nan nan nan],
 my_accuracy=25.0[%]
2024-12-01 20:32:03,668 INFO _main.py 209:: ########EPOCH 7 ########
2024-12-01 20:32:03,668 INFO _main.py 210:: ###Model distribution###
2024-12-01 20:32:04,396 INFO server.py 1064:: clients' sizes=[1, 1, 0, 0, 0, 2, 0, 0, 1, 2, 2, 1, 2, 0, 1, 1, 1, 1, 0, 1, 1, 1, 0, 2, 0, 1, 2, 0, 0], total=24
2024-12-01 20:32:04,403 INFO server.py 327:: [Server] The aggregation takes 0.254183 seconds.

2024-12-01 20:32:04,404 INFO server.py 211:: [Server] Start testing
2024-12-01 20:32:04,421 INFO server.py 235:: [Server] Test set: Average loss: 1.3620, Accuracy: 51/200 (25.5%)

2024-12-01 20:32:04,423 INFO server.py 238:: [Sever] Confusion matrix:
 tensor([[50.,  0.,  0.,  0.],
        [50.,  0.,  0.,  0.],
        [50.,  0.,  0.,  0.],
        [49.,  0.,  0.,  1.]])
2024-12-01 20:32:04,425 INFO server.py 254:: [Server] Precision=[0.2512563       nan       nan 1.       ],
 Recall=[1.   0.   0.   0.02],
 F1-score=[0.40160644        nan        nan 0.03921569],
 my_accuracy=25.499999523162842[%]
2024-12-01 20:32:04,426 INFO _main.py 209:: ########EPOCH 8 ########
2024-12-01 20:32:04,426 INFO _main.py 210:: ###Model distribution###
2024-12-01 20:32:05,112 INFO server.py 1064:: clients' sizes=[1, 1, 0, 0, 0, 2, 0, 0, 1, 2, 2, 1, 2, 0, 1, 1, 1, 1, 0, 1, 1, 1, 0, 2, 0, 1, 2, 0, 0], total=24
2024-12-01 20:32:05,120 INFO server.py 327:: [Server] The aggregation takes 0.254327 seconds.

2024-12-01 20:32:05,121 INFO server.py 211:: [Server] Start testing
2024-12-01 20:32:05,140 INFO server.py 235:: [Server] Test set: Average loss: 1.3585, Accuracy: 54/200 (27.0%)

2024-12-01 20:32:05,141 INFO server.py 238:: [Sever] Confusion matrix:
 tensor([[50.,  0.,  0.,  0.],
        [50.,  0.,  0.,  0.],
        [50.,  0.,  0.,  0.],
        [46.,  0.,  0.,  4.]])
2024-12-01 20:32:05,143 INFO server.py 254:: [Server] Precision=[0.25510204        nan        nan 1.        ],
 Recall=[1.   0.   0.   0.08],
 F1-score=[0.40650406        nan        nan 0.14814813],
 my_accuracy=27.000001072883606[%]
2024-12-01 20:32:05,144 INFO _main.py 209:: ########EPOCH 9 ########
2024-12-01 20:32:05,144 INFO _main.py 210:: ###Model distribution###
2024-12-01 20:32:05,808 INFO server.py 1064:: clients' sizes=[1, 1, 0, 0, 0, 2, 0, 0, 1, 2, 2, 1, 2, 0, 1, 1, 1, 1, 0, 1, 1, 1, 0, 2, 0, 1, 2, 0, 0], total=24
2024-12-01 20:32:05,816 INFO server.py 327:: [Server] The aggregation takes 0.253903 seconds.

2024-12-01 20:32:05,817 INFO server.py 211:: [Server] Start testing
2024-12-01 20:32:05,830 INFO server.py 235:: [Server] Test set: Average loss: 1.3549, Accuracy: 57/200 (28.5%)

2024-12-01 20:32:05,831 INFO server.py 238:: [Sever] Confusion matrix:
 tensor([[50.,  0.,  0.,  0.],
        [50.,  0.,  0.,  0.],
        [50.,  0.,  0.,  0.],
        [43.,  0.,  0.,  7.]])
2024-12-01 20:32:05,833 INFO server.py 254:: [Server] Precision=[0.25906736        nan        nan 1.        ],
 Recall=[1.   0.   0.   0.14],
 F1-score=[0.41152266        nan        nan 0.24561404],
 my_accuracy=28.49999964237213[%]
