2024-12-01 21:14:54,557 INFO _main.py 39:: ################################################################
2024-12-01 21:14:54,559 INFO _main.py 41:: #                              batch_size: 64                  #
2024-12-01 21:14:54,560 INFO _main.py 41:: #                         test_batch_size: 32                  #
2024-12-01 21:14:54,562 INFO _main.py 41:: #                                  epochs: 10                  #
2024-12-01 21:14:54,563 INFO _main.py 41:: #                               optimizer: SGD                 #
2024-12-01 21:14:54,563 INFO _main.py 41:: #                                      lr: 0.01                #
2024-12-01 21:14:54,563 INFO _main.py 41:: #                                momentum: 0.9                 #
2024-12-01 21:14:54,563 INFO _main.py 41:: #                            weight_decay: 0.0001              #
2024-12-01 21:14:54,563 INFO _main.py 41:: #                                    seed: 1                   #
2024-12-01 21:14:54,563 INFO _main.py 41:: #                            log_interval: 11                  #
2024-12-01 21:14:54,564 INFO _main.py 41:: #                             num_clients: 40                  #
2024-12-01 21:14:54,564 INFO _main.py 41:: #                           output_folder: experiments         #
2024-12-01 21:14:54,564 INFO _main.py 41:: #                                 dataset: rockburst           #
2024-12-01 21:14:54,564 INFO _main.py 41:: #                             loader_type: dirichlet           #
2024-12-01 21:14:54,564 INFO _main.py 41:: #                             loader_path: ./data/loader.pk    #
2024-12-01 21:14:54,564 INFO _main.py 41:: #                                      AR: my_hog              #
2024-12-01 21:14:54,564 INFO _main.py 41:: #                     n_attacker_backdoor: 0                   #
2024-12-01 21:14:54,565 INFO _main.py 41:: #                        backdoor_trigger: [0, 0, 1, 1]        #
2024-12-01 21:14:54,565 INFO _main.py 41:: #                   n_attacker_omniscient: 0                   #
2024-12-01 21:14:54,565 INFO _main.py 41:: #                        omniscient_scale: 1                   #
2024-12-01 21:14:54,565 INFO _main.py 41:: #                                 attacks: None                #
2024-12-01 21:14:54,565 INFO _main.py 41:: #                      save_model_weights: False               #
2024-12-01 21:14:54,565 INFO _main.py 41:: #                         experiment_name: sExp4Ba_40ep_rockburst_my_hog_40C_5#
2024-12-01 21:14:54,565 INFO _main.py 41:: #                          path_to_aggNet: None                #
2024-12-01 21:14:54,565 INFO _main.py 41:: #                                  device: cpu                 #
2024-12-01 21:14:54,566 INFO _main.py 41:: #                            inner_epochs: 4                   #
2024-12-01 21:14:54,566 INFO _main.py 41:: #                                 verbose: True                #
2024-12-01 21:14:54,566 INFO _main.py 41:: #                         list_unreliable: [2, 18, 20]         #
2024-12-01 21:14:54,566 INFO _main.py 41:: #                     unreliable_fraction: 0.5                 #
2024-12-01 21:14:54,566 INFO _main.py 41:: #                    unreliable_fracTrain: 0.3                 #
2024-12-01 21:14:54,566 INFO _main.py 41:: #                         mean_unreliable: 0.0                 #
2024-12-01 21:14:54,566 INFO _main.py 41:: #                             blur_method: add_noise           #
2024-12-01 21:14:54,567 INFO _main.py 41:: #                      max_std_unreliable: 30.0                #
2024-12-01 21:14:54,567 INFO _main.py 41:: #                     list_uatk_add_noise: [24, 25, 26]        #
2024-12-01 21:14:54,567 INFO _main.py 41:: #                          mean_add_noise: 0.0                 #
2024-12-01 21:14:54,567 INFO _main.py 41:: #                           std_add_noise: 0.01                #
2024-12-01 21:14:54,567 INFO _main.py 41:: #                     list_uatk_flip_sign: [0, 10, 11]         #
2024-12-01 21:14:54,567 INFO _main.py 42:: ################################################################
2024-12-01 21:14:54,567 INFO _main.py 43:: Namespace(batch_size=64, test_batch_size=32, epochs=10, optimizer='SGD', lr=0.01, momentum=0.9, weight_decay=0.0001, seed=1, log_interval=11, num_clients=40, output_folder='experiments', dataset='rockburst', loader_type='dirichlet', loader_path='./data/loader.pk', AR='my_hog', n_attacker_backdoor=0, backdoor_trigger=[0, 0, 1, 1], n_attacker_omniscient=0, omniscient_scale=1, attacks=None, save_model_weights=False, experiment_name='sExp4Ba_40ep_rockburst_my_hog_40C_5', path_to_aggNet=None, device='cpu', inner_epochs=4, verbose=True, list_unreliable=[2, 18, 20], unreliable_fraction=0.5, unreliable_fracTrain=0.3, mean_unreliable=0.0, blur_method='add_noise', max_std_unreliable=30.0, list_uatk_add_noise=[24, 25, 26], mean_add_noise=0.0, std_add_noise=0.01, list_uatk_flip_sign=[0, 10, 11])
2024-12-01 21:14:54,568 INFO _main.py 44:: #####################
2024-12-01 21:14:54,568 INFO _main.py 45:: #####################
2024-12-01 21:14:54,568 INFO _main.py 46:: #####################
2024-12-01 21:14:54,568 INFO _main.py 47:: Aggregation Rule:	my_hog
2024-12-01 21:14:54,568 INFO _main.py 48:: Data distribution:	dirichlet
2024-12-01 21:14:54,568 INFO _main.py 49:: Attacks:	None 
2024-12-01 21:14:54,569 INFO _main.py 50:: #####################
2024-12-01 21:14:54,569 INFO _main.py 51:: #####################
2024-12-01 21:14:54,569 INFO _main.py 52:: #####################
2024-12-01 21:14:56,899 INFO server.py 366:: SET DBSCAN eps=1.3, min_samples=10
2024-12-01 21:14:56,903 INFO _main.py 135:: [1-normal, 0-malicious] label =tensor([0., 1., 1., 1., 1., 1., 1., 1., 1., 1., 0., 0., 1., 1., 1., 1., 1., 1.,
        1., 1., 1., 1., 1., 1., 0., 0., 0., 1., 1., 1., 1., 1., 1., 1., 1., 1.,
        1., 1., 1., 1.])
2024-12-01 21:14:56,910 INFO malicious_clients.py 123:: init ATTACK OMNISCIENT Client 0
2024-12-01 21:14:56,918 INFO malicious_clients.py 18:: init UNRELIABLE Client 2
2024-12-01 21:14:56,965 INFO malicious_clients.py 123:: init ATTACK OMNISCIENT Client 10
2024-12-01 21:14:56,971 INFO malicious_clients.py 123:: init ATTACK OMNISCIENT Client 11
2024-12-01 21:14:57,003 INFO malicious_clients.py 18:: init UNRELIABLE Client 18
2024-12-01 21:14:57,014 INFO malicious_clients.py 18:: init UNRELIABLE Client 20
2024-12-01 21:14:57,037 INFO malicious_clients.py 73:: init ATTACK ADD NOISE TO GRAD Client 24
2024-12-01 21:14:57,042 INFO malicious_clients.py 73:: init ATTACK ADD NOISE TO GRAD Client 25
2024-12-01 21:14:57,047 INFO malicious_clients.py 73:: init ATTACK ADD NOISE TO GRAD Client 26
2024-12-01 21:14:57,138 INFO server.py 211:: [Server] Start testing
2024-12-01 21:14:57,161 INFO server.py 235:: [Server] Test set: Average loss: 1.3864, Accuracy: 50/200 (25.0%)

2024-12-01 21:14:57,162 INFO server.py 238:: [Sever] Confusion matrix:
 tensor([[50.,  0.,  0.,  0.],
        [50.,  0.,  0.,  0.],
        [50.,  0.,  0.,  0.],
        [50.,  0.,  0.,  0.]])
2024-12-01 21:14:57,170 INFO server.py 254:: [Server] Precision=[0.25  nan  nan  nan],
 Recall=[1. 0. 0. 0.],
 F1-score=[0.4 nan nan nan],
 my_accuracy=25.0[%]
2024-12-01 21:14:57,171 INFO _main.py 209:: ########EPOCH 0 ########
2024-12-01 21:14:57,171 INFO _main.py 210:: ###Model distribution###
2024-12-01 21:14:59,821 INFO server.py 1064:: clients' sizes=[1, 2, 1, 0, 0, 0, 2, 2, 0, 1, 0, 1, 2, 2, 2, 2, 1, 1, 2, 0, 1, 1, 1, 1, 1, 0, 1, 1, 1, 1, 2, 0, 2, 0, 1, 2, 1, 0, 2, 0], total=41
2024-12-01 21:14:59,835 INFO server.py 327:: [Server] The aggregation takes 2.067235 seconds.

2024-12-01 21:14:59,836 INFO server.py 211:: [Server] Start testing
2024-12-01 21:14:59,850 INFO server.py 235:: [Server] Test set: Average loss: 1.3840, Accuracy: 50/200 (25.0%)

2024-12-01 21:14:59,851 INFO server.py 238:: [Sever] Confusion matrix:
 tensor([[50.,  0.,  0.,  0.],
        [50.,  0.,  0.,  0.],
        [50.,  0.,  0.,  0.],
        [50.,  0.,  0.,  0.]])
2024-12-01 21:14:59,853 INFO server.py 254:: [Server] Precision=[0.25  nan  nan  nan],
 Recall=[1. 0. 0. 0.],
 F1-score=[0.4 nan nan nan],
 my_accuracy=25.0[%]
2024-12-01 21:14:59,853 INFO _main.py 209:: ########EPOCH 1 ########
2024-12-01 21:14:59,854 INFO _main.py 210:: ###Model distribution###
2024-12-01 21:15:02,360 INFO server.py 1064:: clients' sizes=[1, 1, 0, 0, 0, 2, 0, 0, 1, 2, 2, 1, 1, 2, 0, 1, 1, 1, 1, 1, 0, 1, 1, 1, 0, 2, 0, 1, 2, 0, 2, 0], total=28
2024-12-01 21:15:02,371 INFO server.py 327:: [Server] The aggregation takes 2.061091 seconds.

2024-12-01 21:15:02,372 INFO server.py 211:: [Server] Start testing
2024-12-01 21:15:02,385 INFO server.py 235:: [Server] Test set: Average loss: 1.3810, Accuracy: 50/200 (25.0%)

2024-12-01 21:15:02,387 INFO server.py 238:: [Sever] Confusion matrix:
 tensor([[50.,  0.,  0.,  0.],
        [50.,  0.,  0.,  0.],
        [50.,  0.,  0.,  0.],
        [50.,  0.,  0.,  0.]])
2024-12-01 21:15:02,389 INFO server.py 254:: [Server] Precision=[0.25  nan  nan  nan],
 Recall=[1. 0. 0. 0.],
 F1-score=[0.4 nan nan nan],
 my_accuracy=25.0[%]
2024-12-01 21:15:02,389 INFO _main.py 209:: ########EPOCH 2 ########
2024-12-01 21:15:02,390 INFO _main.py 210:: ###Model distribution###
2024-12-01 21:15:04,912 INFO server.py 1064:: clients' sizes=[1, 1, 0, 0, 0, 2, 0, 0, 1, 2, 2, 1, 2, 0, 1, 1, 1, 1, 0, 1, 1, 1, 0, 2, 0, 1, 2, 0, 0], total=24
2024-12-01 21:15:04,921 INFO server.py 327:: [Server] The aggregation takes 2.058026 seconds.

2024-12-01 21:15:04,923 INFO server.py 211:: [Server] Start testing
2024-12-01 21:15:04,938 INFO server.py 235:: [Server] Test set: Average loss: 1.3783, Accuracy: 50/200 (25.0%)

2024-12-01 21:15:04,939 INFO server.py 238:: [Sever] Confusion matrix:
 tensor([[50.,  0.,  0.,  0.],
        [50.,  0.,  0.,  0.],
        [50.,  0.,  0.,  0.],
        [50.,  0.,  0.,  0.]])
2024-12-01 21:15:04,940 INFO server.py 254:: [Server] Precision=[0.25  nan  nan  nan],
 Recall=[1. 0. 0. 0.],
 F1-score=[0.4 nan nan nan],
 my_accuracy=25.0[%]
2024-12-01 21:15:04,941 INFO _main.py 209:: ########EPOCH 3 ########
2024-12-01 21:15:04,942 INFO _main.py 210:: ###Model distribution###
2024-12-01 21:15:07,465 INFO server.py 1064:: clients' sizes=[1, 1, 0, 0, 0, 2, 0, 0, 1, 2, 2, 1, 2, 0, 1, 1, 1, 1, 0, 1, 1, 1, 0, 2, 0, 1, 2, 0, 0], total=24
2024-12-01 21:15:07,477 INFO server.py 327:: [Server] The aggregation takes 2.045124 seconds.

2024-12-01 21:15:07,478 INFO server.py 211:: [Server] Start testing
2024-12-01 21:15:07,492 INFO server.py 235:: [Server] Test set: Average loss: 1.3750, Accuracy: 50/200 (25.0%)

2024-12-01 21:15:07,493 INFO server.py 238:: [Sever] Confusion matrix:
 tensor([[50.,  0.,  0.,  0.],
        [50.,  0.,  0.,  0.],
        [50.,  0.,  0.,  0.],
        [50.,  0.,  0.,  0.]])
2024-12-01 21:15:07,495 INFO server.py 254:: [Server] Precision=[0.25  nan  nan  nan],
 Recall=[1. 0. 0. 0.],
 F1-score=[0.4 nan nan nan],
 my_accuracy=25.0[%]
2024-12-01 21:15:07,495 INFO _main.py 209:: ########EPOCH 4 ########
2024-12-01 21:15:07,496 INFO _main.py 210:: ###Model distribution###
2024-12-01 21:15:09,943 INFO server.py 1064:: clients' sizes=[1, 1, 0, 0, 0, 2, 0, 0, 1, 2, 2, 1, 2, 0, 1, 1, 1, 1, 0, 1, 1, 1, 0, 2, 0, 1, 2, 0, 0], total=24
2024-12-01 21:15:09,958 INFO server.py 327:: [Server] The aggregation takes 2.028454 seconds.

2024-12-01 21:15:09,959 INFO server.py 211:: [Server] Start testing
2024-12-01 21:15:09,978 INFO server.py 235:: [Server] Test set: Average loss: 1.3721, Accuracy: 50/200 (25.0%)

2024-12-01 21:15:09,980 INFO server.py 238:: [Sever] Confusion matrix:
 tensor([[50.,  0.,  0.,  0.],
        [50.,  0.,  0.,  0.],
        [50.,  0.,  0.,  0.],
        [50.,  0.,  0.,  0.]])
2024-12-01 21:15:09,981 INFO server.py 254:: [Server] Precision=[0.25  nan  nan  nan],
 Recall=[1. 0. 0. 0.],
 F1-score=[0.4 nan nan nan],
 my_accuracy=25.0[%]
2024-12-01 21:15:09,982 INFO _main.py 209:: ########EPOCH 5 ########
2024-12-01 21:15:09,983 INFO _main.py 210:: ###Model distribution###
2024-12-01 21:15:12,739 INFO server.py 1064:: clients' sizes=[1, 1, 0, 0, 0, 2, 0, 0, 1, 2, 2, 1, 2, 0, 1, 1, 1, 1, 0, 1, 1, 1, 0, 2, 0, 1, 2, 0, 0], total=24
2024-12-01 21:15:12,755 INFO server.py 327:: [Server] The aggregation takes 2.112234 seconds.

2024-12-01 21:15:12,757 INFO server.py 211:: [Server] Start testing
2024-12-01 21:15:12,779 INFO server.py 235:: [Server] Test set: Average loss: 1.3688, Accuracy: 50/200 (25.0%)

2024-12-01 21:15:12,780 INFO server.py 238:: [Sever] Confusion matrix:
 tensor([[50.,  0.,  0.,  0.],
        [50.,  0.,  0.,  0.],
        [50.,  0.,  0.,  0.],
        [50.,  0.,  0.,  0.]])
2024-12-01 21:15:12,782 INFO server.py 254:: [Server] Precision=[0.25  nan  nan  nan],
 Recall=[1. 0. 0. 0.],
 F1-score=[0.4 nan nan nan],
 my_accuracy=25.0[%]
2024-12-01 21:15:12,783 INFO _main.py 209:: ########EPOCH 6 ########
2024-12-01 21:15:12,784 INFO _main.py 210:: ###Model distribution###
2024-12-01 21:15:15,403 INFO server.py 1064:: clients' sizes=[1, 1, 0, 0, 0, 2, 0, 0, 1, 2, 2, 1, 2, 0, 1, 1, 1, 1, 0, 1, 1, 1, 0, 2, 0, 1, 2, 0, 0], total=24
2024-12-01 21:15:15,416 INFO server.py 327:: [Server] The aggregation takes 2.014485 seconds.

2024-12-01 21:15:15,417 INFO server.py 211:: [Server] Start testing
2024-12-01 21:15:15,433 INFO server.py 235:: [Server] Test set: Average loss: 1.3655, Accuracy: 50/200 (25.0%)

2024-12-01 21:15:15,434 INFO server.py 238:: [Sever] Confusion matrix:
 tensor([[50.,  0.,  0.,  0.],
        [50.,  0.,  0.,  0.],
        [50.,  0.,  0.,  0.],
        [50.,  0.,  0.,  0.]])
2024-12-01 21:15:15,435 INFO server.py 254:: [Server] Precision=[0.25  nan  nan  nan],
 Recall=[1. 0. 0. 0.],
 F1-score=[0.4 nan nan nan],
 my_accuracy=25.0[%]
2024-12-01 21:15:15,436 INFO _main.py 209:: ########EPOCH 7 ########
2024-12-01 21:15:15,437 INFO _main.py 210:: ###Model distribution###
2024-12-01 21:15:18,042 INFO server.py 1064:: clients' sizes=[1, 1, 0, 0, 0, 2, 0, 0, 1, 2, 2, 1, 2, 0, 1, 1, 1, 1, 0, 1, 1, 1, 0, 2, 0, 1, 2, 0, 0], total=24
2024-12-01 21:15:18,064 INFO server.py 327:: [Server] The aggregation takes 2.086897 seconds.

2024-12-01 21:15:18,065 INFO server.py 211:: [Server] Start testing
2024-12-01 21:15:18,084 INFO server.py 235:: [Server] Test set: Average loss: 1.3620, Accuracy: 51/200 (25.5%)

2024-12-01 21:15:18,085 INFO server.py 238:: [Sever] Confusion matrix:
 tensor([[50.,  0.,  0.,  0.],
        [50.,  0.,  0.,  0.],
        [50.,  0.,  0.,  0.],
        [49.,  0.,  0.,  1.]])
2024-12-01 21:15:18,087 INFO server.py 254:: [Server] Precision=[0.2512563       nan       nan 1.       ],
 Recall=[1.   0.   0.   0.02],
 F1-score=[0.40160644        nan        nan 0.03921569],
 my_accuracy=25.499999523162842[%]
2024-12-01 21:15:18,088 INFO _main.py 209:: ########EPOCH 8 ########
2024-12-01 21:15:18,088 INFO _main.py 210:: ###Model distribution###
2024-12-01 21:15:20,486 INFO server.py 1064:: clients' sizes=[1, 1, 0, 0, 0, 2, 0, 0, 1, 2, 2, 1, 2, 0, 1, 1, 1, 1, 0, 1, 1, 1, 0, 2, 0, 1, 2, 0, 0], total=24
2024-12-01 21:15:20,496 INFO server.py 327:: [Server] The aggregation takes 1.985656 seconds.

2024-12-01 21:15:20,498 INFO server.py 211:: [Server] Start testing
2024-12-01 21:15:20,512 INFO server.py 235:: [Server] Test set: Average loss: 1.3585, Accuracy: 54/200 (27.0%)

2024-12-01 21:15:20,513 INFO server.py 238:: [Sever] Confusion matrix:
 tensor([[50.,  0.,  0.,  0.],
        [50.,  0.,  0.,  0.],
        [50.,  0.,  0.,  0.],
        [46.,  0.,  0.,  4.]])
2024-12-01 21:15:20,514 INFO server.py 254:: [Server] Precision=[0.25510204        nan        nan 1.        ],
 Recall=[1.   0.   0.   0.08],
 F1-score=[0.40650406        nan        nan 0.14814813],
 my_accuracy=27.000001072883606[%]
2024-12-01 21:15:20,515 INFO _main.py 209:: ########EPOCH 9 ########
2024-12-01 21:15:20,516 INFO _main.py 210:: ###Model distribution###
2024-12-01 21:15:22,925 INFO server.py 1064:: clients' sizes=[1, 1, 0, 0, 0, 2, 0, 0, 1, 2, 2, 1, 2, 0, 1, 1, 1, 1, 0, 1, 1, 1, 0, 2, 0, 1, 2, 0, 0], total=24
2024-12-01 21:15:22,935 INFO server.py 327:: [Server] The aggregation takes 1.998034 seconds.

2024-12-01 21:15:22,936 INFO server.py 211:: [Server] Start testing
2024-12-01 21:15:22,951 INFO server.py 235:: [Server] Test set: Average loss: 1.3549, Accuracy: 57/200 (28.5%)

2024-12-01 21:15:22,952 INFO server.py 238:: [Sever] Confusion matrix:
 tensor([[50.,  0.,  0.,  0.],
        [50.,  0.,  0.,  0.],
        [50.,  0.,  0.,  0.],
        [43.,  0.,  0.,  7.]])
2024-12-01 21:15:22,954 INFO server.py 254:: [Server] Precision=[0.25906736        nan        nan 1.        ],
 Recall=[1.   0.   0.   0.14],
 F1-score=[0.41152266        nan        nan 0.24561404],
 my_accuracy=28.49999964237213[%]
