2024-12-02 01:00:32,656 INFO _main.py 39:: ################################################################
2024-12-02 01:00:32,657 INFO _main.py 41:: #                              batch_size: 64                  #
2024-12-02 01:00:32,657 INFO _main.py 41:: #                         test_batch_size: 32                  #
2024-12-02 01:00:32,658 INFO _main.py 41:: #                                  epochs: 40                  #
2024-12-02 01:00:32,658 INFO _main.py 41:: #                               optimizer: SGD                 #
2024-12-02 01:00:32,658 INFO _main.py 41:: #                                      lr: 0.01                #
2024-12-02 01:00:32,658 INFO _main.py 41:: #                                momentum: 0.9                 #
2024-12-02 01:00:32,658 INFO _main.py 41:: #                            weight_decay: 0.0001              #
2024-12-02 01:00:32,658 INFO _main.py 41:: #                                    seed: 1                   #
2024-12-02 01:00:32,659 INFO _main.py 41:: #                            log_interval: 11                  #
2024-12-02 01:00:32,659 INFO _main.py 41:: #                             num_clients: 40                  #
2024-12-02 01:00:32,659 INFO _main.py 41:: #                           output_folder: experiments         #
2024-12-02 01:00:32,659 INFO _main.py 41:: #                                 dataset: rockburst           #
2024-12-02 01:00:32,659 INFO _main.py 41:: #                             loader_type: dirichlet           #
2024-12-02 01:00:32,659 INFO _main.py 41:: #                             loader_path: ./data/loader.pk    #
2024-12-02 01:00:32,659 INFO _main.py 41:: #                                      AR: my_hog              #
2024-12-02 01:00:32,659 INFO _main.py 41:: #                     n_attacker_backdoor: 0                   #
2024-12-02 01:00:32,660 INFO _main.py 41:: #                        backdoor_trigger: [0, 0, 1, 1]        #
2024-12-02 01:00:32,660 INFO _main.py 41:: #                   n_attacker_omniscient: 0                   #
2024-12-02 01:00:32,660 INFO _main.py 41:: #                        omniscient_scale: 1                   #
2024-12-02 01:00:32,660 INFO _main.py 41:: #                                 attacks: None                #
2024-12-02 01:00:32,660 INFO _main.py 41:: #                      save_model_weights: False               #
2024-12-02 01:00:32,660 INFO _main.py 41:: #                         experiment_name: sExp4Ba_40ep_rockburst_my_hog_40C_5#
2024-12-02 01:00:32,660 INFO _main.py 41:: #                          path_to_aggNet: None                #
2024-12-02 01:00:32,660 INFO _main.py 41:: #                                  device: cpu                 #
2024-12-02 01:00:32,661 INFO _main.py 41:: #                            inner_epochs: 30                  #
2024-12-02 01:00:32,661 INFO _main.py 41:: #                                 verbose: True                #
2024-12-02 01:00:32,661 INFO _main.py 41:: #                         list_unreliable: [2, 18, 20]         #
2024-12-02 01:00:32,661 INFO _main.py 41:: #                     unreliable_fraction: 0.5                 #
2024-12-02 01:00:32,661 INFO _main.py 41:: #                    unreliable_fracTrain: 0.3                 #
2024-12-02 01:00:32,661 INFO _main.py 41:: #                         mean_unreliable: 0.0                 #
2024-12-02 01:00:32,661 INFO _main.py 41:: #                             blur_method: add_noise           #
2024-12-02 01:00:32,661 INFO _main.py 41:: #                      max_std_unreliable: 30.0                #
2024-12-02 01:00:32,662 INFO _main.py 41:: #                     list_uatk_add_noise: [24, 25, 26]        #
2024-12-02 01:00:32,662 INFO _main.py 41:: #                          mean_add_noise: 0.0                 #
2024-12-02 01:00:32,662 INFO _main.py 41:: #                           std_add_noise: 0.01                #
2024-12-02 01:00:32,662 INFO _main.py 41:: #                     list_uatk_flip_sign: [0, 10, 11]         #
2024-12-02 01:00:32,662 INFO _main.py 42:: ################################################################
2024-12-02 01:00:32,662 INFO _main.py 43:: Namespace(batch_size=64, test_batch_size=32, epochs=40, optimizer='SGD', lr=0.01, momentum=0.9, weight_decay=0.0001, seed=1, log_interval=11, num_clients=40, output_folder='experiments', dataset='rockburst', loader_type='dirichlet', loader_path='./data/loader.pk', AR='my_hog', n_attacker_backdoor=0, backdoor_trigger=[0, 0, 1, 1], n_attacker_omniscient=0, omniscient_scale=1, attacks=None, save_model_weights=False, experiment_name='sExp4Ba_40ep_rockburst_my_hog_40C_5', path_to_aggNet=None, device='cpu', inner_epochs=30, verbose=True, list_unreliable=[2, 18, 20], unreliable_fraction=0.5, unreliable_fracTrain=0.3, mean_unreliable=0.0, blur_method='add_noise', max_std_unreliable=30.0, list_uatk_add_noise=[24, 25, 26], mean_add_noise=0.0, std_add_noise=0.01, list_uatk_flip_sign=[0, 10, 11])
2024-12-02 01:00:32,663 INFO _main.py 44:: #####################
2024-12-02 01:00:32,663 INFO _main.py 45:: #####################
2024-12-02 01:00:32,663 INFO _main.py 46:: #####################
2024-12-02 01:00:32,663 INFO _main.py 47:: Aggregation Rule:	my_hog
2024-12-02 01:00:32,663 INFO _main.py 48:: Data distribution:	dirichlet
2024-12-02 01:00:32,663 INFO _main.py 49:: Attacks:	None 
2024-12-02 01:00:32,663 INFO _main.py 50:: #####################
2024-12-02 01:00:32,664 INFO _main.py 51:: #####################
2024-12-02 01:00:32,664 INFO _main.py 52:: #####################
2024-12-02 01:00:34,942 INFO server.py 366:: SET DBSCAN eps=1.3, min_samples=10
2024-12-02 01:00:34,946 INFO _main.py 135:: [1-normal, 0-malicious] label =tensor([0., 1., 1., 1., 1., 1., 1., 1., 1., 1., 0., 0., 1., 1., 1., 1., 1., 1.,
        1., 1., 1., 1., 1., 1., 0., 0., 0., 1., 1., 1., 1., 1., 1., 1., 1., 1.,
        1., 1., 1., 1.])
2024-12-02 01:00:34,955 INFO malicious_clients.py 123:: init ATTACK OMNISCIENT Client 0
2024-12-02 01:00:34,962 INFO malicious_clients.py 18:: init UNRELIABLE Client 2
2024-12-02 01:00:35,013 INFO malicious_clients.py 123:: init ATTACK OMNISCIENT Client 10
2024-12-02 01:00:35,020 INFO malicious_clients.py 123:: init ATTACK OMNISCIENT Client 11
2024-12-02 01:00:35,057 INFO malicious_clients.py 18:: init UNRELIABLE Client 18
2024-12-02 01:00:35,069 INFO malicious_clients.py 18:: init UNRELIABLE Client 20
2024-12-02 01:00:35,094 INFO malicious_clients.py 73:: init ATTACK ADD NOISE TO GRAD Client 24
2024-12-02 01:00:35,098 INFO malicious_clients.py 73:: init ATTACK ADD NOISE TO GRAD Client 25
2024-12-02 01:00:35,102 INFO malicious_clients.py 73:: init ATTACK ADD NOISE TO GRAD Client 26
2024-12-02 01:00:35,163 INFO server.py 211:: [Server] Start testing
2024-12-02 01:00:35,180 INFO server.py 235:: [Server] Test set: Average loss: 1.3864, Accuracy: 50/200 (25.0%)

2024-12-02 01:00:35,182 INFO server.py 238:: [Sever] Confusion matrix:
 tensor([[50.,  0.,  0.,  0.],
        [50.,  0.,  0.,  0.],
        [50.,  0.,  0.,  0.],
        [50.,  0.,  0.,  0.]])
2024-12-02 01:00:35,188 INFO server.py 254:: [Server] Precision=[0.25  nan  nan  nan],
 Recall=[1. 0. 0. 0.],
 F1-score=[0.4 nan nan nan],
 my_accuracy=25.0[%]
2024-12-02 01:00:35,190 INFO _main.py 209:: ########EPOCH 0 ########
2024-12-02 01:00:35,190 INFO _main.py 210:: ###Model distribution###
2024-12-02 01:00:38,321 INFO server.py 1064:: clients' sizes=[1, 2, 1, 0, 0, 0, 2, 2, 0, 1, 0, 1, 2, 2, 2, 2, 1, 1, 2, 0, 1, 1, 1, 1, 1, 0, 1, 1, 1, 1, 2, 0, 2, 0, 1, 2, 1, 0, 2, 0], total=41
2024-12-02 01:00:38,335 INFO server.py 327:: [Server] The aggregation takes 0.269311 seconds.

2024-12-02 01:00:38,336 INFO server.py 211:: [Server] Start testing
2024-12-02 01:00:38,350 INFO server.py 235:: [Server] Test set: Average loss: 1.3313, Accuracy: 71/200 (35.5%)

2024-12-02 01:00:38,351 INFO server.py 238:: [Sever] Confusion matrix:
 tensor([[50.,  0.,  0.,  0.],
        [50.,  0.,  0.,  0.],
        [50.,  0.,  0.,  0.],
        [29.,  0.,  0., 21.]])
2024-12-02 01:00:38,353 INFO server.py 254:: [Server] Precision=[0.2793296       nan       nan 1.       ],
 Recall=[1.   0.   0.   0.42],
 F1-score=[0.43668124        nan        nan 0.5915493 ],
 my_accuracy=35.499998927116394[%]
2024-12-02 01:00:38,353 INFO _main.py 209:: ########EPOCH 1 ########
2024-12-02 01:00:38,354 INFO _main.py 210:: ###Model distribution###
2024-12-02 01:00:41,170 INFO server.py 1064:: clients' sizes=[1, 2, 1, 0, 0, 0, 2, 2, 0, 1, 0, 1, 2, 2, 2, 2, 1, 1, 2, 0, 1, 1, 1, 1, 1, 0, 1, 1, 1, 1, 2, 0, 2, 0, 1, 2, 1, 0, 2, 0], total=41
2024-12-02 01:00:41,183 INFO server.py 327:: [Server] The aggregation takes 0.264533 seconds.

2024-12-02 01:00:41,184 INFO server.py 211:: [Server] Start testing
2024-12-02 01:00:41,200 INFO server.py 235:: [Server] Test set: Average loss: 1.1994, Accuracy: 90/200 (45.0%)

2024-12-02 01:00:41,201 INFO server.py 238:: [Sever] Confusion matrix:
 tensor([[50.,  0.,  0.,  0.],
        [46.,  0.,  1.,  3.],
        [34.,  0.,  6., 10.],
        [ 9.,  0.,  7., 34.]])
2024-12-02 01:00:41,202 INFO server.py 254:: [Server] Precision=[0.35971224        nan 0.42857143 0.7234042 ],
 Recall=[1.   0.   0.12 0.68],
 F1-score=[0.52910054        nan 0.1875     0.7010309 ],
 my_accuracy=44.999998807907104[%]
2024-12-02 01:00:41,203 INFO _main.py 209:: ########EPOCH 2 ########
2024-12-02 01:00:41,203 INFO _main.py 210:: ###Model distribution###
2024-12-02 01:00:44,007 INFO server.py 1064:: clients' sizes=[1, 2, 1, 0, 0, 0, 2, 2, 0, 1, 0, 1, 2, 2, 2, 2, 1, 1, 2, 0, 1, 1, 1, 1, 1, 0, 1, 1, 1, 1, 2, 0, 2, 0, 1, 2, 1, 0, 2, 0], total=41
2024-12-02 01:00:44,018 INFO server.py 327:: [Server] The aggregation takes 0.260425 seconds.

2024-12-02 01:00:44,019 INFO server.py 211:: [Server] Start testing
2024-12-02 01:00:44,035 INFO server.py 235:: [Server] Test set: Average loss: 1.0688, Accuracy: 107/200 (53.5%)

2024-12-02 01:00:44,036 INFO server.py 238:: [Sever] Confusion matrix:
 tensor([[47.,  1.,  2.,  0.],
        [33., 11.,  3.,  3.],
        [18., 10., 13.,  9.],
        [ 6.,  1.,  7., 36.]])
2024-12-02 01:00:44,037 INFO server.py 254:: [Server] Precision=[0.45192307 0.47826087 0.52       0.75      ],
 Recall=[0.94 0.22 0.26 0.72],
 F1-score=[0.61038965 0.30136985 0.34666666 0.7346939 ],
 my_accuracy=53.50000262260437[%]
2024-12-02 01:00:44,038 INFO _main.py 209:: ########EPOCH 3 ########
2024-12-02 01:00:44,038 INFO _main.py 210:: ###Model distribution###
2024-12-02 01:00:47,914 INFO server.py 1064:: clients' sizes=[1, 2, 1, 0, 0, 0, 2, 2, 0, 1, 0, 1, 2, 2, 2, 2, 1, 1, 2, 0, 1, 1, 1, 1, 1, 0, 1, 1, 1, 1, 2, 0, 2, 0, 1, 2, 1, 0, 2, 0], total=41
2024-12-02 01:00:47,930 INFO server.py 327:: [Server] The aggregation takes 0.404079 seconds.

2024-12-02 01:00:47,931 INFO server.py 211:: [Server] Start testing
2024-12-02 01:00:47,950 INFO server.py 235:: [Server] Test set: Average loss: 0.9836, Accuracy: 121/200 (60.5%)

2024-12-02 01:00:47,952 INFO server.py 238:: [Sever] Confusion matrix:
 tensor([[46.,  2.,  2.,  0.],
        [20., 21.,  6.,  3.],
        [13., 14., 15.,  8.],
        [ 0.,  6.,  5., 39.]])
2024-12-02 01:00:47,953 INFO server.py 254:: [Server] Precision=[0.5822785  0.4883721  0.53571427 0.78      ],
 Recall=[0.92 0.42 0.3  0.78],
 F1-score=[0.7131783  0.45161292 0.3846154  0.7799999 ],
 my_accuracy=60.50000190734863[%]
2024-12-02 01:00:47,954 INFO _main.py 209:: ########EPOCH 4 ########
2024-12-02 01:00:47,955 INFO _main.py 210:: ###Model distribution###
2024-12-02 01:00:51,829 INFO server.py 1064:: clients' sizes=[1, 2, 1, 0, 0, 0, 2, 2, 0, 1, 0, 1, 2, 2, 2, 2, 1, 1, 2, 0, 1, 1, 1, 1, 1, 0, 1, 1, 1, 1, 2, 0, 2, 0, 1, 2, 1, 0, 2, 0], total=41
2024-12-02 01:00:51,840 INFO server.py 327:: [Server] The aggregation takes 0.255897 seconds.

2024-12-02 01:00:51,841 INFO server.py 211:: [Server] Start testing
2024-12-02 01:00:51,855 INFO server.py 235:: [Server] Test set: Average loss: 0.9405, Accuracy: 121/200 (60.5%)

2024-12-02 01:00:51,857 INFO server.py 238:: [Sever] Confusion matrix:
 tensor([[41.,  7.,  2.,  0.],
        [18., 23.,  7.,  2.],
        [10., 14., 18.,  8.],
        [ 0.,  6.,  5., 39.]])
2024-12-02 01:00:51,858 INFO server.py 254:: [Server] Precision=[0.5942029  0.46       0.5625     0.79591835],
 Recall=[0.82 0.46 0.36 0.78],
 F1-score=[0.6890756  0.46       0.43902442 0.78787875],
 my_accuracy=60.50000190734863[%]
2024-12-02 01:00:51,859 INFO _main.py 209:: ########EPOCH 5 ########
2024-12-02 01:00:51,860 INFO _main.py 210:: ###Model distribution###
2024-12-02 01:00:54,735 INFO server.py 1064:: clients' sizes=[1, 2, 1, 0, 0, 0, 2, 2, 0, 1, 0, 1, 2, 2, 2, 2, 1, 1, 2, 0, 1, 1, 1, 1, 1, 0, 1, 1, 1, 1, 2, 0, 2, 0, 1, 2, 1, 0, 2, 0], total=41
2024-12-02 01:00:54,745 INFO server.py 327:: [Server] The aggregation takes 0.260594 seconds.

2024-12-02 01:00:54,746 INFO server.py 211:: [Server] Start testing
2024-12-02 01:00:54,760 INFO server.py 235:: [Server] Test set: Average loss: 0.9115, Accuracy: 123/200 (61.5%)

2024-12-02 01:00:54,762 INFO server.py 238:: [Sever] Confusion matrix:
 tensor([[41.,  7.,  2.,  0.],
        [17., 22.,  9.,  2.],
        [ 8., 14., 21.,  7.],
        [ 0.,  6.,  5., 39.]])
2024-12-02 01:00:54,763 INFO server.py 254:: [Server] Precision=[0.6212121 0.4489796 0.5675676 0.8125   ],
 Recall=[0.82 0.44 0.42 0.78],
 F1-score=[0.7068965  0.44444445 0.48275864 0.79591835],
 my_accuracy=61.500000953674316[%]
2024-12-02 01:00:54,764 INFO _main.py 209:: ########EPOCH 6 ########
2024-12-02 01:00:54,764 INFO _main.py 210:: ###Model distribution###
2024-12-02 01:00:57,815 INFO server.py 1064:: clients' sizes=[1, 2, 1, 0, 0, 0, 2, 2, 0, 1, 0, 1, 2, 2, 2, 2, 1, 1, 2, 0, 1, 1, 1, 1, 1, 0, 1, 1, 1, 1, 2, 0, 2, 0, 1, 2, 1, 0, 2, 0], total=41
2024-12-02 01:00:57,826 INFO server.py 327:: [Server] The aggregation takes 0.264538 seconds.

2024-12-02 01:00:57,827 INFO server.py 211:: [Server] Start testing
2024-12-02 01:00:57,841 INFO server.py 235:: [Server] Test set: Average loss: 0.8978, Accuracy: 122/200 (61.0%)

2024-12-02 01:00:57,842 INFO server.py 238:: [Sever] Confusion matrix:
 tensor([[41.,  7.,  2.,  0.],
        [17., 22., 10.,  1.],
        [ 8., 13., 24.,  5.],
        [ 0.,  6.,  9., 35.]])
2024-12-02 01:00:57,843 INFO server.py 254:: [Server] Precision=[0.6212121  0.45833334 0.53333336 0.85365856],
 Recall=[0.82 0.44 0.48 0.7 ],
 F1-score=[0.7068965  0.44897962 0.5052632  0.76923084],
 my_accuracy=61.000001430511475[%]
2024-12-02 01:00:57,844 INFO _main.py 209:: ########EPOCH 7 ########
2024-12-02 01:00:57,844 INFO _main.py 210:: ###Model distribution###
2024-12-02 01:01:00,749 INFO server.py 1064:: clients' sizes=[1, 2, 1, 0, 0, 0, 2, 2, 0, 1, 0, 1, 2, 2, 2, 2, 1, 1, 2, 0, 1, 1, 1, 1, 1, 0, 1, 1, 1, 1, 2, 0, 2, 0, 1, 2, 1, 0, 2, 0], total=41
2024-12-02 01:01:00,760 INFO server.py 327:: [Server] The aggregation takes 0.258515 seconds.

2024-12-02 01:01:00,761 INFO server.py 211:: [Server] Start testing
2024-12-02 01:01:00,775 INFO server.py 235:: [Server] Test set: Average loss: 0.8730, Accuracy: 122/200 (61.0%)

2024-12-02 01:01:00,776 INFO server.py 238:: [Sever] Confusion matrix:
 tensor([[41.,  7.,  2.,  0.],
        [15., 23., 11.,  1.],
        [ 6., 15., 22.,  7.],
        [ 0.,  5.,  9., 36.]])
2024-12-02 01:01:00,777 INFO server.py 254:: [Server] Precision=[0.66129035 0.46       0.5        0.8181818 ],
 Recall=[0.82 0.46 0.44 0.72],
 F1-score=[0.73214287 0.46       0.4680851  0.76595753],
 my_accuracy=61.000001430511475[%]
2024-12-02 01:01:00,778 INFO _main.py 209:: ########EPOCH 8 ########
2024-12-02 01:01:00,778 INFO _main.py 210:: ###Model distribution###
2024-12-02 01:01:04,695 INFO server.py 1064:: clients' sizes=[1, 2, 1, 0, 0, 0, 2, 2, 0, 1, 0, 1, 2, 2, 2, 2, 1, 1, 2, 0, 1, 1, 1, 1, 1, 0, 1, 1, 1, 1, 2, 0, 2, 0, 1, 2, 1, 0, 2, 0], total=41
2024-12-02 01:01:04,711 INFO server.py 327:: [Server] The aggregation takes 0.380355 seconds.

2024-12-02 01:01:04,712 INFO server.py 211:: [Server] Start testing
2024-12-02 01:01:04,735 INFO server.py 235:: [Server] Test set: Average loss: 0.8575, Accuracy: 124/200 (62.0%)

2024-12-02 01:01:04,737 INFO server.py 238:: [Sever] Confusion matrix:
 tensor([[41.,  8.,  1.,  0.],
        [15., 24., 10.,  1.],
        [ 7., 16., 20.,  7.],
        [ 0.,  5.,  6., 39.]])
2024-12-02 01:01:04,739 INFO server.py 254:: [Server] Precision=[0.6507937  0.4528302  0.5405405  0.82978725],
 Recall=[0.82 0.48 0.4  0.78],
 F1-score=[0.7256637  0.4660194  0.45977008 0.8041237 ],
 my_accuracy=62.00000047683716[%]
2024-12-02 01:01:04,740 INFO _main.py 209:: ########EPOCH 9 ########
2024-12-02 01:01:04,740 INFO _main.py 210:: ###Model distribution###
2024-12-02 01:01:08,395 INFO server.py 1064:: clients' sizes=[1, 2, 1, 0, 0, 0, 2, 2, 0, 1, 0, 1, 2, 2, 2, 2, 1, 1, 2, 0, 1, 1, 1, 1, 1, 0, 1, 1, 1, 1, 2, 0, 2, 0, 1, 2, 1, 0, 2, 0], total=41
2024-12-02 01:01:08,406 INFO server.py 327:: [Server] The aggregation takes 0.258598 seconds.

2024-12-02 01:01:08,407 INFO server.py 211:: [Server] Start testing
2024-12-02 01:01:08,420 INFO server.py 235:: [Server] Test set: Average loss: 0.8534, Accuracy: 122/200 (61.0%)

2024-12-02 01:01:08,422 INFO server.py 238:: [Sever] Confusion matrix:
 tensor([[41.,  8.,  1.,  0.],
        [15., 23., 11.,  1.],
        [ 6., 17., 21.,  6.],
        [ 0.,  5.,  8., 37.]])
2024-12-02 01:01:08,423 INFO server.py 254:: [Server] Precision=[0.66129035 0.43396226 0.5121951  0.84090906],
 Recall=[0.82 0.46 0.42 0.74],
 F1-score=[0.73214287 0.44660196 0.46153846 0.78723407],
 my_accuracy=61.000001430511475[%]
2024-12-02 01:01:08,424 INFO _main.py 209:: ########EPOCH 10 ########
2024-12-02 01:01:08,424 INFO _main.py 210:: ###Model distribution###
2024-12-02 01:01:11,252 INFO server.py 1064:: clients' sizes=[1, 2, 1, 0, 0, 0, 2, 2, 0, 1, 0, 1, 2, 2, 2, 2, 1, 1, 2, 0, 1, 1, 1, 1, 1, 0, 1, 1, 1, 1, 2, 0, 2, 0, 1, 2, 1, 0, 2, 0], total=41
2024-12-02 01:01:11,263 INFO server.py 327:: [Server] The aggregation takes 0.260348 seconds.

2024-12-02 01:01:11,264 INFO server.py 211:: [Server] Start testing
2024-12-02 01:01:11,277 INFO server.py 235:: [Server] Test set: Average loss: 0.8386, Accuracy: 122/200 (61.0%)

2024-12-02 01:01:11,278 INFO server.py 238:: [Sever] Confusion matrix:
 tensor([[41.,  7.,  2.,  0.],
        [15., 22., 11.,  2.],
        [ 4., 17., 22.,  7.],
        [ 0.,  5.,  8., 37.]])
2024-12-02 01:01:11,280 INFO server.py 254:: [Server] Precision=[0.68333334 0.43137255 0.5116279  0.8043478 ],
 Recall=[0.82 0.44 0.44 0.74],
 F1-score=[0.7454545  0.43564355 0.47311828 0.7708334 ],
 my_accuracy=61.000001430511475[%]
2024-12-02 01:01:11,281 INFO _main.py 209:: ########EPOCH 11 ########
2024-12-02 01:01:11,281 INFO _main.py 210:: ###Model distribution###
2024-12-02 01:01:14,188 INFO server.py 1064:: clients' sizes=[1, 2, 1, 0, 0, 0, 2, 2, 0, 1, 0, 1, 2, 2, 2, 2, 1, 1, 2, 0, 1, 1, 1, 1, 1, 0, 1, 1, 1, 1, 2, 0, 2, 0, 1, 2, 1, 0, 2, 0], total=41
2024-12-02 01:01:14,205 INFO server.py 327:: [Server] The aggregation takes 0.269182 seconds.

2024-12-02 01:01:14,206 INFO server.py 211:: [Server] Start testing
2024-12-02 01:01:14,219 INFO server.py 235:: [Server] Test set: Average loss: 0.8220, Accuracy: 122/200 (61.0%)

2024-12-02 01:01:14,221 INFO server.py 238:: [Sever] Confusion matrix:
 tensor([[41.,  8.,  1.,  0.],
        [15., 23., 11.,  1.],
        [ 4., 18., 21.,  7.],
        [ 0.,  5.,  8., 37.]])
2024-12-02 01:01:14,223 INFO server.py 254:: [Server] Precision=[0.68333334 0.42592594 0.5121951  0.82222223],
 Recall=[0.82 0.46 0.42 0.74],
 F1-score=[0.7454545  0.4423077  0.46153846 0.77894735],
 my_accuracy=61.000001430511475[%]
2024-12-02 01:01:14,223 INFO _main.py 209:: ########EPOCH 12 ########
2024-12-02 01:01:14,224 INFO _main.py 210:: ###Model distribution###
2024-12-02 01:01:17,212 INFO server.py 1064:: clients' sizes=[1, 2, 1, 0, 0, 0, 2, 2, 0, 1, 0, 1, 2, 2, 2, 2, 1, 1, 2, 0, 1, 1, 1, 1, 1, 0, 1, 1, 1, 1, 2, 0, 2, 0, 1, 2, 1, 0, 2, 0], total=41
2024-12-02 01:01:17,229 INFO server.py 327:: [Server] The aggregation takes 0.382536 seconds.

2024-12-02 01:01:17,231 INFO server.py 211:: [Server] Start testing
2024-12-02 01:01:17,257 INFO server.py 235:: [Server] Test set: Average loss: 0.8109, Accuracy: 124/200 (62.0%)

2024-12-02 01:01:17,259 INFO server.py 238:: [Sever] Confusion matrix:
 tensor([[41.,  7.,  2.,  0.],
        [13., 22., 14.,  1.],
        [ 4., 16., 23.,  7.],
        [ 0.,  5.,  7., 38.]])
2024-12-02 01:01:17,261 INFO server.py 254:: [Server] Precision=[0.70689654 0.44       0.5        0.82608694],
 Recall=[0.82 0.44 0.46 0.76],
 F1-score=[0.7592593  0.44       0.47916666 0.7916667 ],
 my_accuracy=62.00000047683716[%]
2024-12-02 01:01:17,261 INFO _main.py 209:: ########EPOCH 13 ########
2024-12-02 01:01:17,262 INFO _main.py 210:: ###Model distribution###
2024-12-02 01:01:21,638 INFO server.py 1064:: clients' sizes=[1, 2, 1, 0, 0, 0, 2, 2, 0, 1, 0, 1, 2, 2, 2, 2, 1, 1, 2, 0, 1, 1, 1, 1, 1, 0, 1, 1, 1, 1, 2, 0, 2, 0, 1, 2, 1, 0, 2, 0], total=41
2024-12-02 01:01:21,663 INFO server.py 327:: [Server] The aggregation takes 0.375772 seconds.

2024-12-02 01:01:21,664 INFO server.py 211:: [Server] Start testing
2024-12-02 01:01:21,689 INFO server.py 235:: [Server] Test set: Average loss: 0.7985, Accuracy: 124/200 (62.0%)

2024-12-02 01:01:21,691 INFO server.py 238:: [Sever] Confusion matrix:
 tensor([[40.,  8.,  2.,  0.],
        [14., 23., 12.,  1.],
        [ 4., 16., 22.,  8.],
        [ 0.,  4.,  7., 39.]])
2024-12-02 01:01:21,693 INFO server.py 254:: [Server] Precision=[0.6896552 0.4509804 0.5116279 0.8125   ],
 Recall=[0.8  0.46 0.44 0.78],
 F1-score=[0.7407407  0.45544556 0.47311828 0.79591835],
 my_accuracy=62.00000047683716[%]
2024-12-02 01:01:21,695 INFO _main.py 209:: ########EPOCH 14 ########
2024-12-02 01:01:21,698 INFO _main.py 210:: ###Model distribution###
2024-12-02 01:01:24,884 INFO server.py 1064:: clients' sizes=[1, 2, 1, 0, 0, 0, 2, 2, 0, 1, 0, 1, 2, 2, 2, 2, 1, 1, 2, 0, 1, 1, 1, 1, 1, 0, 1, 1, 1, 1, 2, 0, 2, 0, 1, 2, 1, 0, 2, 0], total=41
2024-12-02 01:01:24,900 INFO server.py 327:: [Server] The aggregation takes 0.270762 seconds.

2024-12-02 01:01:24,901 INFO server.py 211:: [Server] Start testing
2024-12-02 01:01:24,915 INFO server.py 235:: [Server] Test set: Average loss: 0.7858, Accuracy: 127/200 (63.5%)

2024-12-02 01:01:24,916 INFO server.py 238:: [Sever] Confusion matrix:
 tensor([[41.,  7.,  2.,  0.],
        [14., 24., 11.,  1.],
        [ 4., 15., 23.,  8.],
        [ 0.,  4.,  7., 39.]])
2024-12-02 01:01:24,918 INFO server.py 254:: [Server] Precision=[0.69491524 0.48       0.53488374 0.8125    ],
 Recall=[0.82 0.48 0.46 0.78],
 F1-score=[0.7522935  0.48       0.49462366 0.79591835],
 my_accuracy=63.499999046325684[%]
2024-12-02 01:01:24,918 INFO _main.py 209:: ########EPOCH 15 ########
2024-12-02 01:01:24,919 INFO _main.py 210:: ###Model distribution###
2024-12-02 01:01:27,897 INFO server.py 1064:: clients' sizes=[1, 2, 1, 0, 0, 0, 2, 2, 0, 1, 0, 1, 2, 2, 2, 2, 1, 1, 2, 0, 1, 1, 1, 1, 1, 0, 1, 1, 1, 1, 2, 0, 2, 0, 1, 2, 1, 0, 2, 0], total=41
2024-12-02 01:01:27,909 INFO server.py 327:: [Server] The aggregation takes 0.307232 seconds.

2024-12-02 01:01:27,910 INFO server.py 211:: [Server] Start testing
2024-12-02 01:01:27,926 INFO server.py 235:: [Server] Test set: Average loss: 0.7791, Accuracy: 128/200 (64.0%)

2024-12-02 01:01:27,928 INFO server.py 238:: [Sever] Confusion matrix:
 tensor([[41.,  7.,  2.,  0.],
        [14., 24., 11.,  1.],
        [ 4., 15., 25.,  6.],
        [ 0.,  4.,  8., 38.]])
2024-12-02 01:01:27,929 INFO server.py 254:: [Server] Precision=[0.69491524 0.48       0.54347825 0.84444445],
 Recall=[0.82 0.48 0.5  0.76],
 F1-score=[0.7522935  0.48       0.5208333  0.79999995],
 my_accuracy=63.999998569488525[%]
2024-12-02 01:01:27,930 INFO _main.py 209:: ########EPOCH 16 ########
2024-12-02 01:01:27,930 INFO _main.py 210:: ###Model distribution###
2024-12-02 01:01:30,830 INFO server.py 1064:: clients' sizes=[1, 2, 1, 0, 0, 0, 2, 2, 0, 1, 0, 1, 2, 2, 2, 2, 1, 1, 2, 0, 1, 1, 1, 1, 1, 0, 1, 1, 1, 1, 2, 0, 2, 0, 1, 2, 1, 0, 2, 0], total=41
2024-12-02 01:01:30,841 INFO server.py 327:: [Server] The aggregation takes 0.266154 seconds.

2024-12-02 01:01:30,842 INFO server.py 211:: [Server] Start testing
2024-12-02 01:01:30,856 INFO server.py 235:: [Server] Test set: Average loss: 0.7695, Accuracy: 126/200 (63.0%)

2024-12-02 01:01:30,857 INFO server.py 238:: [Sever] Confusion matrix:
 tensor([[39.,  9.,  2.,  0.],
        [13., 25., 11.,  1.],
        [ 5., 14., 24.,  7.],
        [ 0.,  4.,  8., 38.]])
2024-12-02 01:01:30,859 INFO server.py 254:: [Server] Precision=[0.68421054 0.48076922 0.53333336 0.82608694],
 Recall=[0.78 0.5  0.48 0.76],
 F1-score=[0.72897196 0.49019608 0.5052632  0.7916667 ],
 my_accuracy=62.99999952316284[%]
2024-12-02 01:01:30,860 INFO _main.py 209:: ########EPOCH 17 ########
2024-12-02 01:01:30,861 INFO _main.py 210:: ###Model distribution###
2024-12-02 01:01:34,269 INFO server.py 1064:: clients' sizes=[1, 2, 1, 0, 0, 0, 2, 2, 0, 1, 0, 1, 2, 2, 2, 2, 1, 1, 2, 0, 1, 1, 1, 1, 1, 0, 1, 1, 1, 1, 2, 0, 2, 0, 1, 2, 1, 0, 2, 0], total=41
2024-12-02 01:01:34,285 INFO server.py 327:: [Server] The aggregation takes 0.364116 seconds.

2024-12-02 01:01:34,286 INFO server.py 211:: [Server] Start testing
2024-12-02 01:01:34,311 INFO server.py 235:: [Server] Test set: Average loss: 0.7517, Accuracy: 127/200 (63.5%)

2024-12-02 01:01:34,312 INFO server.py 238:: [Sever] Confusion matrix:
 tensor([[39.,  9.,  2.,  0.],
        [12., 25., 12.,  1.],
        [ 5., 13., 24.,  8.],
        [ 0.,  3.,  8., 39.]])
2024-12-02 01:01:34,314 INFO server.py 254:: [Server] Precision=[0.6964286 0.5       0.5217391 0.8125   ],
 Recall=[0.78 0.5  0.48 0.78],
 F1-score=[0.7358491  0.5        0.5        0.79591835],
 my_accuracy=63.499999046325684[%]
2024-12-02 01:01:34,315 INFO _main.py 209:: ########EPOCH 18 ########
2024-12-02 01:01:34,315 INFO _main.py 210:: ###Model distribution###
2024-12-02 01:01:38,728 INFO server.py 1064:: clients' sizes=[1, 2, 1, 0, 0, 0, 2, 2, 0, 1, 0, 1, 2, 2, 2, 2, 1, 1, 2, 0, 1, 1, 1, 1, 1, 0, 1, 1, 1, 1, 2, 0, 2, 0, 1, 2, 1, 0, 2, 0], total=41
2024-12-02 01:01:38,745 INFO server.py 327:: [Server] The aggregation takes 0.312451 seconds.

2024-12-02 01:01:38,746 INFO server.py 211:: [Server] Start testing
2024-12-02 01:01:38,761 INFO server.py 235:: [Server] Test set: Average loss: 0.7422, Accuracy: 128/200 (64.0%)

2024-12-02 01:01:38,762 INFO server.py 238:: [Sever] Confusion matrix:
 tensor([[39.,  9.,  2.,  0.],
        [12., 24., 13.,  1.],
        [ 3., 13., 26.,  8.],
        [ 0.,  2.,  9., 39.]])
2024-12-02 01:01:38,763 INFO server.py 254:: [Server] Precision=[0.7222222 0.5       0.52      0.8125   ],
 Recall=[0.78 0.48 0.52 0.78],
 F1-score=[0.74999994 0.4897959  0.52       0.79591835],
 my_accuracy=63.999998569488525[%]
2024-12-02 01:01:38,764 INFO _main.py 209:: ########EPOCH 19 ########
2024-12-02 01:01:38,765 INFO _main.py 210:: ###Model distribution###
2024-12-02 01:01:41,631 INFO server.py 1064:: clients' sizes=[1, 2, 1, 0, 0, 0, 2, 2, 0, 1, 0, 1, 2, 2, 2, 2, 1, 1, 2, 0, 1, 1, 1, 1, 1, 0, 1, 1, 1, 1, 2, 0, 2, 0, 1, 2, 1, 0, 2, 0], total=41
2024-12-02 01:01:41,643 INFO server.py 327:: [Server] The aggregation takes 0.255579 seconds.

2024-12-02 01:01:41,644 INFO server.py 211:: [Server] Start testing
2024-12-02 01:01:41,662 INFO server.py 235:: [Server] Test set: Average loss: 0.7371, Accuracy: 127/200 (63.5%)

2024-12-02 01:01:41,663 INFO server.py 238:: [Sever] Confusion matrix:
 tensor([[39.,  9.,  2.,  0.],
        [12., 24., 13.,  1.],
        [ 6.,  9., 27.,  8.],
        [ 0.,  2., 11., 37.]])
2024-12-02 01:01:41,665 INFO server.py 254:: [Server] Precision=[0.68421054 0.54545456 0.509434   0.8043478 ],
 Recall=[0.78 0.48 0.54 0.74],
 F1-score=[0.72897196 0.5106383  0.5242719  0.7708334 ],
 my_accuracy=63.499999046325684[%]
2024-12-02 01:01:41,665 INFO _main.py 209:: ########EPOCH 20 ########
2024-12-02 01:01:41,666 INFO _main.py 210:: ###Model distribution###
2024-12-02 01:01:44,492 INFO server.py 1064:: clients' sizes=[1, 2, 1, 0, 0, 0, 2, 2, 0, 1, 0, 1, 2, 2, 2, 2, 1, 1, 2, 0, 1, 1, 1, 1, 1, 0, 1, 1, 1, 1, 2, 0, 2, 0, 1, 2, 1, 0, 2, 0], total=41
2024-12-02 01:01:44,503 INFO server.py 327:: [Server] The aggregation takes 0.265996 seconds.

2024-12-02 01:01:44,504 INFO server.py 211:: [Server] Start testing
2024-12-02 01:01:44,518 INFO server.py 235:: [Server] Test set: Average loss: 0.7321, Accuracy: 134/200 (67.0%)

2024-12-02 01:01:44,520 INFO server.py 238:: [Sever] Confusion matrix:
 tensor([[41.,  7.,  2.,  0.],
        [12., 24., 13.,  1.],
        [ 6.,  6., 30.,  8.],
        [ 0.,  2.,  9., 39.]])
2024-12-02 01:01:44,521 INFO server.py 254:: [Server] Precision=[0.69491524 0.61538464 0.5555556  0.8125    ],
 Recall=[0.82 0.48 0.6  0.78],
 F1-score=[0.7522935  0.53932583 0.57692313 0.79591835],
 my_accuracy=67.00000166893005[%]
2024-12-02 01:01:44,522 INFO _main.py 209:: ########EPOCH 21 ########
2024-12-02 01:01:44,522 INFO _main.py 210:: ###Model distribution###
2024-12-02 01:01:47,406 INFO server.py 1064:: clients' sizes=[1, 2, 1, 0, 0, 0, 2, 2, 0, 1, 0, 1, 2, 2, 2, 2, 1, 1, 2, 0, 1, 1, 1, 1, 1, 0, 1, 1, 1, 1, 2, 0, 2, 0, 1, 2, 1, 0, 2, 0], total=41
2024-12-02 01:01:47,424 INFO server.py 327:: [Server] The aggregation takes 0.272015 seconds.

2024-12-02 01:01:47,425 INFO server.py 211:: [Server] Start testing
2024-12-02 01:01:47,450 INFO server.py 235:: [Server] Test set: Average loss: 0.7285, Accuracy: 129/200 (64.5%)

2024-12-02 01:01:47,452 INFO server.py 238:: [Sever] Confusion matrix:
 tensor([[40.,  8.,  2.,  0.],
        [12., 24., 13.,  1.],
        [ 7.,  9., 24., 10.],
        [ 0.,  2.,  7., 41.]])
2024-12-02 01:01:47,454 INFO server.py 254:: [Server] Precision=[0.6779661  0.55813956 0.5217391  0.78846157],
 Recall=[0.8  0.48 0.48 0.82],
 F1-score=[0.73394495 0.516129   0.5        0.8039216 ],
 my_accuracy=64.49999809265137[%]
2024-12-02 01:01:47,454 INFO _main.py 209:: ########EPOCH 22 ########
2024-12-02 01:01:47,455 INFO _main.py 210:: ###Model distribution###
2024-12-02 01:01:51,321 INFO server.py 1064:: clients' sizes=[1, 2, 1, 0, 0, 0, 2, 2, 0, 1, 0, 1, 2, 2, 2, 2, 1, 1, 2, 0, 1, 1, 1, 1, 1, 0, 1, 1, 1, 1, 2, 0, 2, 0, 1, 2, 1, 0, 2, 0], total=41
2024-12-02 01:01:51,337 INFO server.py 327:: [Server] The aggregation takes 0.371644 seconds.

2024-12-02 01:01:51,338 INFO server.py 211:: [Server] Start testing
2024-12-02 01:01:51,357 INFO server.py 235:: [Server] Test set: Average loss: 0.7238, Accuracy: 128/200 (64.0%)

2024-12-02 01:01:51,358 INFO server.py 238:: [Sever] Confusion matrix:
 tensor([[39.,  9.,  2.,  0.],
        [12., 24., 13.,  1.],
        [ 7.,  9., 24., 10.],
        [ 0.,  2.,  7., 41.]])
2024-12-02 01:01:51,360 INFO server.py 254:: [Server] Precision=[0.67241377 0.54545456 0.5217391  0.78846157],
 Recall=[0.78 0.48 0.48 0.82],
 F1-score=[0.72222215 0.5106383  0.5        0.8039216 ],
 my_accuracy=63.999998569488525[%]
2024-12-02 01:01:51,360 INFO _main.py 209:: ########EPOCH 23 ########
2024-12-02 01:01:51,361 INFO _main.py 210:: ###Model distribution###
2024-12-02 01:01:55,266 INFO server.py 1064:: clients' sizes=[1, 2, 1, 0, 0, 0, 2, 2, 0, 1, 0, 1, 2, 2, 2, 2, 1, 1, 2, 0, 1, 1, 1, 1, 1, 0, 1, 1, 1, 1, 2, 0, 2, 0, 1, 2, 1, 0, 2, 0], total=41
2024-12-02 01:01:55,276 INFO server.py 327:: [Server] The aggregation takes 0.256229 seconds.

2024-12-02 01:01:55,277 INFO server.py 211:: [Server] Start testing
2024-12-02 01:01:55,292 INFO server.py 235:: [Server] Test set: Average loss: 0.7240, Accuracy: 131/200 (65.5%)

2024-12-02 01:01:55,294 INFO server.py 238:: [Sever] Confusion matrix:
 tensor([[40.,  8.,  2.,  0.],
        [12., 26., 11.,  1.],
        [ 7., 11., 24.,  8.],
        [ 0.,  2.,  7., 41.]])
2024-12-02 01:01:55,295 INFO server.py 254:: [Server] Precision=[0.6779661  0.5531915  0.54545456 0.82      ],
 Recall=[0.8  0.52 0.48 0.82],
 F1-score=[0.73394495 0.5360825  0.5106383  0.82      ],
 my_accuracy=65.49999713897705[%]
2024-12-02 01:01:55,296 INFO _main.py 209:: ########EPOCH 24 ########
2024-12-02 01:01:55,297 INFO _main.py 210:: ###Model distribution###
2024-12-02 01:01:58,351 INFO server.py 1064:: clients' sizes=[1, 2, 1, 0, 0, 0, 2, 2, 0, 1, 0, 1, 2, 2, 2, 2, 1, 1, 2, 0, 1, 1, 1, 1, 1, 0, 1, 1, 1, 1, 2, 0, 2, 0, 1, 2, 1, 0, 2, 0], total=41
2024-12-02 01:01:58,362 INFO server.py 327:: [Server] The aggregation takes 0.298738 seconds.

2024-12-02 01:01:58,363 INFO server.py 211:: [Server] Start testing
2024-12-02 01:01:58,377 INFO server.py 235:: [Server] Test set: Average loss: 0.7183, Accuracy: 133/200 (66.5%)

2024-12-02 01:01:58,378 INFO server.py 238:: [Sever] Confusion matrix:
 tensor([[39.,  9.,  2.,  0.],
        [12., 26., 11.,  1.],
        [ 7.,  8., 28.,  7.],
        [ 0.,  2.,  8., 40.]])
2024-12-02 01:01:58,379 INFO server.py 254:: [Server] Precision=[0.67241377 0.5777778  0.5714286  0.8333333 ],
 Recall=[0.78 0.52 0.56 0.8 ],
 F1-score=[0.72222215 0.5473684  0.5656566  0.81632656],
 my_accuracy=66.50000214576721[%]
2024-12-02 01:01:58,380 INFO _main.py 209:: ########EPOCH 25 ########
2024-12-02 01:01:58,380 INFO _main.py 210:: ###Model distribution###
2024-12-02 01:02:01,361 INFO server.py 1064:: clients' sizes=[1, 2, 1, 0, 0, 0, 2, 2, 0, 1, 0, 1, 2, 2, 2, 2, 1, 1, 2, 0, 1, 1, 1, 1, 1, 0, 1, 1, 1, 1, 2, 0, 2, 0, 1, 2, 1, 0, 2, 0], total=41
2024-12-02 01:02:01,373 INFO server.py 327:: [Server] The aggregation takes 0.273700 seconds.

2024-12-02 01:02:01,374 INFO server.py 211:: [Server] Start testing
2024-12-02 01:02:01,389 INFO server.py 235:: [Server] Test set: Average loss: 0.7219, Accuracy: 136/200 (68.0%)

2024-12-02 01:02:01,390 INFO server.py 238:: [Sever] Confusion matrix:
 tensor([[43.,  6.,  1.,  0.],
        [12., 26., 11.,  1.],
        [ 7.,  9., 24., 10.],
        [ 0.,  2.,  5., 43.]])
2024-12-02 01:02:01,392 INFO server.py 254:: [Server] Precision=[0.6935484  0.60465115 0.58536583 0.7962963 ],
 Recall=[0.86 0.52 0.48 0.86],
 F1-score=[0.7678572 0.5591397 0.5274725 0.8269231],
 my_accuracy=68.00000071525574[%]
2024-12-02 01:02:01,393 INFO _main.py 209:: ########EPOCH 26 ########
2024-12-02 01:02:01,393 INFO _main.py 210:: ###Model distribution###
2024-12-02 01:02:04,409 INFO server.py 1064:: clients' sizes=[1, 2, 1, 0, 0, 0, 2, 2, 0, 1, 0, 1, 2, 2, 2, 2, 1, 1, 2, 0, 1, 1, 1, 1, 1, 0, 1, 1, 1, 1, 2, 0, 2, 0, 1, 2, 1, 0, 2, 0], total=41
2024-12-02 01:02:04,426 INFO server.py 327:: [Server] The aggregation takes 0.310474 seconds.

2024-12-02 01:02:04,427 INFO server.py 211:: [Server] Start testing
2024-12-02 01:02:04,449 INFO server.py 235:: [Server] Test set: Average loss: 0.7051, Accuracy: 136/200 (68.0%)

2024-12-02 01:02:04,451 INFO server.py 238:: [Sever] Confusion matrix:
 tensor([[44.,  6.,  0.,  0.],
        [12., 25., 12.,  1.],
        [ 7., 10., 24.,  9.],
        [ 0.,  2.,  5., 43.]])
2024-12-02 01:02:04,453 INFO server.py 254:: [Server] Precision=[0.6984127  0.5813953  0.58536583 0.8113208 ],
 Recall=[0.88 0.5  0.48 0.86],
 F1-score=[0.778761  0.5376344 0.5274725 0.8349515],
 my_accuracy=68.00000071525574[%]
2024-12-02 01:02:04,454 INFO _main.py 209:: ########EPOCH 27 ########
2024-12-02 01:02:04,456 INFO _main.py 210:: ###Model distribution###
2024-12-02 01:02:08,932 INFO server.py 1064:: clients' sizes=[1, 2, 1, 0, 0, 0, 2, 2, 0, 1, 0, 1, 2, 2, 2, 2, 1, 1, 2, 0, 1, 1, 1, 1, 1, 0, 1, 1, 1, 1, 2, 0, 2, 0, 1, 2, 1, 0, 2, 0], total=41
2024-12-02 01:02:08,948 INFO server.py 327:: [Server] The aggregation takes 0.385200 seconds.

2024-12-02 01:02:08,949 INFO server.py 211:: [Server] Start testing
2024-12-02 01:02:08,972 INFO server.py 235:: [Server] Test set: Average loss: 0.6954, Accuracy: 137/200 (68.5%)

2024-12-02 01:02:08,974 INFO server.py 238:: [Sever] Confusion matrix:
 tensor([[44.,  6.,  0.,  0.],
        [12., 26., 11.,  1.],
        [ 6., 10., 25.,  9.],
        [ 0.,  2.,  6., 42.]])
2024-12-02 01:02:08,976 INFO server.py 254:: [Server] Precision=[0.7096774  0.59090906 0.5952381  0.8076923 ],
 Recall=[0.88 0.52 0.5  0.84],
 F1-score=[0.7857143  0.5531915  0.54347825 0.8235294 ],
 my_accuracy=68.50000023841858[%]
2024-12-02 01:02:08,976 INFO _main.py 209:: ########EPOCH 28 ########
2024-12-02 01:02:08,977 INFO _main.py 210:: ###Model distribution###
2024-12-02 01:02:12,289 INFO server.py 1064:: clients' sizes=[1, 2, 1, 0, 0, 0, 2, 2, 0, 1, 0, 1, 2, 2, 2, 2, 1, 1, 2, 0, 1, 1, 1, 1, 1, 0, 1, 1, 1, 1, 2, 0, 2, 0, 1, 2, 1, 0, 2, 0], total=41
2024-12-02 01:02:12,300 INFO server.py 327:: [Server] The aggregation takes 0.256521 seconds.

2024-12-02 01:02:12,303 INFO server.py 211:: [Server] Start testing
2024-12-02 01:02:12,322 INFO server.py 235:: [Server] Test set: Average loss: 0.6902, Accuracy: 137/200 (68.5%)

2024-12-02 01:02:12,323 INFO server.py 238:: [Sever] Confusion matrix:
 tensor([[44.,  6.,  0.,  0.],
        [12., 25., 12.,  1.],
        [ 6., 10., 25.,  9.],
        [ 0.,  2.,  5., 43.]])
2024-12-02 01:02:12,325 INFO server.py 254:: [Server] Precision=[0.7096774 0.5813953 0.5952381 0.8113208],
 Recall=[0.88 0.5  0.5  0.86],
 F1-score=[0.7857143  0.5376344  0.54347825 0.8349515 ],
 my_accuracy=68.50000023841858[%]
2024-12-02 01:02:12,325 INFO _main.py 209:: ########EPOCH 29 ########
2024-12-02 01:02:12,325 INFO _main.py 210:: ###Model distribution###
2024-12-02 01:02:15,235 INFO server.py 1064:: clients' sizes=[1, 2, 1, 0, 0, 0, 2, 2, 0, 1, 0, 1, 2, 2, 2, 2, 1, 1, 2, 0, 1, 1, 1, 1, 1, 0, 1, 1, 1, 1, 2, 0, 2, 0, 1, 2, 1, 0, 2, 0], total=41
2024-12-02 01:02:15,249 INFO server.py 327:: [Server] The aggregation takes 0.265065 seconds.

2024-12-02 01:02:15,250 INFO server.py 211:: [Server] Start testing
2024-12-02 01:02:15,265 INFO server.py 235:: [Server] Test set: Average loss: 0.6978, Accuracy: 138/200 (69.0%)

2024-12-02 01:02:15,266 INFO server.py 238:: [Sever] Confusion matrix:
 tensor([[46.,  4.,  0.,  0.],
        [13., 24., 12.,  1.],
        [ 7.,  9., 25.,  9.],
        [ 0.,  2.,  5., 43.]])
2024-12-02 01:02:15,267 INFO server.py 254:: [Server] Precision=[0.6969697  0.61538464 0.5952381  0.8113208 ],
 Recall=[0.92 0.48 0.5  0.86],
 F1-score=[0.7931034  0.53932583 0.54347825 0.8349515 ],
 my_accuracy=68.99999976158142[%]
2024-12-02 01:02:15,268 INFO _main.py 209:: ########EPOCH 30 ########
2024-12-02 01:02:15,268 INFO _main.py 210:: ###Model distribution###
2024-12-02 01:02:18,227 INFO server.py 1064:: clients' sizes=[1, 2, 1, 0, 0, 0, 2, 2, 0, 1, 0, 1, 2, 2, 2, 2, 1, 1, 2, 0, 1, 1, 1, 1, 1, 0, 1, 1, 1, 1, 2, 0, 2, 0, 1, 2, 1, 0, 2, 0], total=41
2024-12-02 01:02:18,247 INFO server.py 327:: [Server] The aggregation takes 0.320767 seconds.

2024-12-02 01:02:18,249 INFO server.py 211:: [Server] Start testing
2024-12-02 01:02:18,266 INFO server.py 235:: [Server] Test set: Average loss: 0.6781, Accuracy: 140/200 (70.0%)

2024-12-02 01:02:18,267 INFO server.py 238:: [Sever] Confusion matrix:
 tensor([[44.,  6.,  0.,  0.],
        [12., 25., 12.,  1.],
        [ 6.,  7., 28.,  9.],
        [ 0.,  2.,  5., 43.]])
2024-12-02 01:02:18,269 INFO server.py 254:: [Server] Precision=[0.7096774  0.625      0.62222224 0.8113208 ],
 Recall=[0.88 0.5  0.56 0.86],
 F1-score=[0.7857143 0.5555556 0.5894737 0.8349515],
 my_accuracy=69.9999988079071[%]
2024-12-02 01:02:18,269 INFO _main.py 209:: ########EPOCH 31 ########
2024-12-02 01:02:18,269 INFO _main.py 210:: ###Model distribution###
2024-12-02 01:02:21,669 INFO server.py 1064:: clients' sizes=[1, 2, 1, 0, 0, 0, 2, 2, 0, 1, 0, 1, 2, 2, 2, 2, 1, 1, 2, 0, 1, 1, 1, 1, 1, 0, 1, 1, 1, 1, 2, 0, 2, 0, 1, 2, 1, 0, 2, 0], total=41
2024-12-02 01:02:21,686 INFO server.py 327:: [Server] The aggregation takes 0.362998 seconds.

2024-12-02 01:02:21,687 INFO server.py 211:: [Server] Start testing
2024-12-02 01:02:21,712 INFO server.py 235:: [Server] Test set: Average loss: 0.6688, Accuracy: 142/200 (71.0%)

2024-12-02 01:02:21,713 INFO server.py 238:: [Sever] Confusion matrix:
 tensor([[46.,  4.,  0.,  0.],
        [13., 22., 13.,  2.],
        [ 6.,  4., 31.,  9.],
        [ 0.,  1.,  6., 43.]])
2024-12-02 01:02:21,715 INFO server.py 254:: [Server] Precision=[0.7076923 0.7096774 0.62      0.7962963],
 Recall=[0.92 0.44 0.62 0.86],
 F1-score=[0.8000001 0.5432099 0.62      0.8269231],
 my_accuracy=70.99999785423279[%]
2024-12-02 01:02:21,716 INFO _main.py 209:: ########EPOCH 32 ########
2024-12-02 01:02:21,716 INFO _main.py 210:: ###Model distribution###
2024-12-02 01:02:25,963 INFO server.py 1064:: clients' sizes=[1, 2, 1, 0, 0, 0, 2, 2, 0, 1, 0, 1, 2, 2, 2, 2, 1, 1, 2, 0, 1, 1, 1, 1, 1, 0, 1, 1, 1, 1, 2, 0, 2, 0, 1, 2, 1, 0, 2, 0], total=41
2024-12-02 01:02:25,981 INFO server.py 327:: [Server] The aggregation takes 0.306869 seconds.

2024-12-02 01:02:25,982 INFO server.py 211:: [Server] Start testing
2024-12-02 01:02:25,996 INFO server.py 235:: [Server] Test set: Average loss: 0.6608, Accuracy: 141/200 (70.5%)

2024-12-02 01:02:25,997 INFO server.py 238:: [Sever] Confusion matrix:
 tensor([[46.,  4.,  0.,  0.],
        [13., 22., 14.,  1.],
        [ 6.,  5., 30.,  9.],
        [ 0.,  1.,  6., 43.]])
2024-12-02 01:02:25,998 INFO server.py 254:: [Server] Precision=[0.7076923 0.6875    0.6       0.8113208],
 Recall=[0.92 0.44 0.6  0.86],
 F1-score=[0.8000001  0.53658533 0.6        0.8349515 ],
 my_accuracy=70.49999833106995[%]
2024-12-02 01:02:25,999 INFO _main.py 209:: ########EPOCH 33 ########
2024-12-02 01:02:25,999 INFO _main.py 210:: ###Model distribution###
2024-12-02 01:02:28,993 INFO server.py 1064:: clients' sizes=[1, 2, 1, 0, 0, 0, 2, 2, 0, 1, 0, 1, 2, 2, 2, 2, 1, 1, 2, 0, 1, 1, 1, 1, 1, 0, 1, 1, 1, 1, 2, 0, 2, 0, 1, 2, 1, 0, 2, 0], total=41
2024-12-02 01:02:29,006 INFO server.py 327:: [Server] The aggregation takes 0.263142 seconds.

2024-12-02 01:02:29,007 INFO server.py 211:: [Server] Start testing
2024-12-02 01:02:29,020 INFO server.py 235:: [Server] Test set: Average loss: 0.6715, Accuracy: 142/200 (71.0%)

2024-12-02 01:02:29,022 INFO server.py 238:: [Sever] Confusion matrix:
 tensor([[46.,  4.,  0.,  0.],
        [13., 24., 12.,  1.],
        [ 6.,  7., 29.,  8.],
        [ 0.,  1.,  6., 43.]])
2024-12-02 01:02:29,023 INFO server.py 254:: [Server] Precision=[0.7076923  0.6666667  0.61702126 0.8269231 ],
 Recall=[0.92 0.48 0.58 0.86],
 F1-score=[0.8000001 0.5581395 0.5979381 0.8431373],
 my_accuracy=70.99999785423279[%]
2024-12-02 01:02:29,024 INFO _main.py 209:: ########EPOCH 34 ########
2024-12-02 01:02:29,024 INFO _main.py 210:: ###Model distribution###
2024-12-02 01:02:31,925 INFO server.py 1064:: clients' sizes=[1, 2, 1, 0, 0, 0, 2, 2, 0, 1, 0, 1, 2, 2, 2, 2, 1, 1, 2, 0, 1, 1, 1, 1, 1, 0, 1, 1, 1, 1, 2, 0, 2, 0, 1, 2, 1, 0, 2, 0], total=41
2024-12-02 01:02:31,935 INFO server.py 327:: [Server] The aggregation takes 0.266708 seconds.

2024-12-02 01:02:31,937 INFO server.py 211:: [Server] Start testing
2024-12-02 01:02:31,951 INFO server.py 235:: [Server] Test set: Average loss: 0.6779, Accuracy: 143/200 (71.5%)

2024-12-02 01:02:31,952 INFO server.py 238:: [Sever] Confusion matrix:
 tensor([[47.,  3.,  0.,  0.],
        [13., 25., 11.,  1.],
        [ 7.,  7., 28.,  8.],
        [ 0.,  1.,  6., 43.]])
2024-12-02 01:02:31,953 INFO server.py 254:: [Server] Precision=[0.70149255 0.6944444  0.62222224 0.8269231 ],
 Recall=[0.94 0.5  0.56 0.86],
 F1-score=[0.80341876 0.5813953  0.5894737  0.8431373 ],
 my_accuracy=71.49999737739563[%]
2024-12-02 01:02:31,954 INFO _main.py 209:: ########EPOCH 35 ########
2024-12-02 01:02:31,954 INFO _main.py 210:: ###Model distribution###
2024-12-02 01:02:34,873 INFO server.py 1064:: clients' sizes=[1, 2, 1, 0, 0, 0, 2, 2, 0, 1, 0, 1, 2, 2, 2, 2, 1, 1, 2, 0, 1, 1, 1, 1, 1, 0, 1, 1, 1, 1, 2, 0, 2, 0, 1, 2, 1, 0, 2, 0], total=41
2024-12-02 01:02:34,883 INFO server.py 327:: [Server] The aggregation takes 0.259398 seconds.

2024-12-02 01:02:34,884 INFO server.py 211:: [Server] Start testing
2024-12-02 01:02:34,899 INFO server.py 235:: [Server] Test set: Average loss: 0.6796, Accuracy: 144/200 (72.0%)

2024-12-02 01:02:34,901 INFO server.py 238:: [Sever] Confusion matrix:
 tensor([[46.,  4.,  0.,  0.],
        [13., 26., 10.,  1.],
        [ 6.,  9., 26.,  9.],
        [ 0.,  2.,  2., 46.]])
2024-12-02 01:02:34,902 INFO server.py 254:: [Server] Precision=[0.7076923  0.63414633 0.68421054 0.8214286 ],
 Recall=[0.92 0.52 0.52 0.92],
 F1-score=[0.8000001  0.57142854 0.59090906 0.8679245 ],
 my_accuracy=72.00000286102295[%]
2024-12-02 01:02:34,903 INFO _main.py 209:: ########EPOCH 36 ########
2024-12-02 01:02:34,903 INFO _main.py 210:: ###Model distribution###
2024-12-02 01:02:38,742 INFO server.py 1064:: clients' sizes=[1, 2, 1, 0, 0, 0, 2, 2, 0, 1, 0, 1, 2, 2, 2, 2, 1, 1, 2, 0, 1, 1, 1, 1, 1, 0, 1, 1, 1, 1, 2, 0, 2, 0, 1, 2, 1, 0, 2, 0], total=41
2024-12-02 01:02:38,763 INFO server.py 327:: [Server] The aggregation takes 0.398392 seconds.

2024-12-02 01:02:38,764 INFO server.py 211:: [Server] Start testing
2024-12-02 01:02:38,783 INFO server.py 235:: [Server] Test set: Average loss: 0.6752, Accuracy: 146/200 (73.0%)

2024-12-02 01:02:38,784 INFO server.py 238:: [Sever] Confusion matrix:
 tensor([[48.,  2.,  0.,  0.],
        [13., 24., 11.,  2.],
        [ 6.,  8., 27.,  9.],
        [ 0.,  1.,  2., 47.]])
2024-12-02 01:02:38,786 INFO server.py 254:: [Server] Precision=[0.7164179 0.6857143 0.675     0.8103448],
 Recall=[0.96 0.48 0.54 0.94],
 F1-score=[0.82051283 0.5647059  0.6        0.8703704 ],
 my_accuracy=73.00000190734863[%]
2024-12-02 01:02:38,786 INFO _main.py 209:: ########EPOCH 37 ########
2024-12-02 01:02:38,787 INFO _main.py 210:: ###Model distribution###
2024-12-02 01:02:42,812 INFO server.py 1064:: clients' sizes=[1, 2, 1, 0, 0, 0, 2, 2, 0, 1, 0, 1, 2, 2, 2, 2, 1, 1, 2, 0, 1, 1, 1, 1, 1, 0, 1, 1, 1, 1, 2, 0, 2, 0, 1, 2, 1, 0, 2, 0], total=41
2024-12-02 01:02:42,823 INFO server.py 327:: [Server] The aggregation takes 0.259367 seconds.

2024-12-02 01:02:42,824 INFO server.py 211:: [Server] Start testing
2024-12-02 01:02:42,838 INFO server.py 235:: [Server] Test set: Average loss: 0.6678, Accuracy: 147/200 (73.5%)

2024-12-02 01:02:42,840 INFO server.py 238:: [Sever] Confusion matrix:
 tensor([[48.,  2.,  0.,  0.],
        [13., 24., 11.,  2.],
        [ 6.,  6., 29.,  9.],
        [ 0.,  1.,  3., 46.]])
2024-12-02 01:02:42,842 INFO server.py 254:: [Server] Precision=[0.7164179  0.72727275 0.6744186  0.80701756],
 Recall=[0.96 0.48 0.58 0.92],
 F1-score=[0.82051283 0.57831323 0.6236559  0.8598131 ],
 my_accuracy=73.50000143051147[%]
2024-12-02 01:02:42,842 INFO _main.py 209:: ########EPOCH 38 ########
2024-12-02 01:02:42,842 INFO _main.py 210:: ###Model distribution###
2024-12-02 01:02:45,767 INFO server.py 1064:: clients' sizes=[1, 2, 1, 0, 0, 0, 2, 2, 0, 1, 0, 1, 2, 2, 2, 2, 1, 1, 2, 0, 1, 1, 1, 1, 1, 0, 1, 1, 1, 1, 2, 0, 2, 0, 1, 2, 1, 0, 2, 0], total=41
2024-12-02 01:02:45,782 INFO server.py 327:: [Server] The aggregation takes 0.269580 seconds.

2024-12-02 01:02:45,783 INFO server.py 211:: [Server] Start testing
2024-12-02 01:02:45,796 INFO server.py 235:: [Server] Test set: Average loss: 0.6721, Accuracy: 147/200 (73.5%)

2024-12-02 01:02:45,797 INFO server.py 238:: [Sever] Confusion matrix:
 tensor([[48.,  2.,  0.,  0.],
        [13., 25., 10.,  2.],
        [ 6.,  7., 28.,  9.],
        [ 0.,  1.,  3., 46.]])
2024-12-02 01:02:45,799 INFO server.py 254:: [Server] Precision=[0.7164179  0.71428573 0.68292683 0.80701756],
 Recall=[0.96 0.5  0.56 0.92],
 F1-score=[0.82051283 0.5882353  0.6153846  0.8598131 ],
 my_accuracy=73.50000143051147[%]
2024-12-02 01:02:45,799 INFO _main.py 209:: ########EPOCH 39 ########
2024-12-02 01:02:45,800 INFO _main.py 210:: ###Model distribution###
2024-12-02 01:02:48,886 INFO server.py 1064:: clients' sizes=[1, 2, 1, 0, 0, 0, 2, 2, 0, 1, 0, 1, 2, 2, 2, 2, 1, 1, 2, 0, 1, 1, 1, 1, 1, 0, 1, 1, 1, 1, 2, 0, 2, 0, 1, 2, 1, 0, 2, 0], total=41
2024-12-02 01:02:48,899 INFO server.py 327:: [Server] The aggregation takes 0.277302 seconds.

2024-12-02 01:02:48,900 INFO server.py 211:: [Server] Start testing
2024-12-02 01:02:48,913 INFO server.py 235:: [Server] Test set: Average loss: 0.6691, Accuracy: 151/200 (75.5%)

2024-12-02 01:02:48,915 INFO server.py 238:: [Sever] Confusion matrix:
 tensor([[48.,  2.,  0.,  0.],
        [12., 27.,  9.,  2.],
        [ 5.,  7., 29.,  9.],
        [ 0.,  1.,  2., 47.]])
2024-12-02 01:02:48,916 INFO server.py 254:: [Server] Precision=[0.73846155 0.7297297  0.725      0.8103448 ],
 Recall=[0.96 0.54 0.58 0.94],
 F1-score=[0.83478266 0.62068963 0.6444444  0.8703704 ],
 my_accuracy=75.49999952316284[%]
