2024-12-01 20:56:51,102 INFO _main.py 39:: ################################################################
2024-12-01 20:56:51,104 INFO _main.py 41:: #                              batch_size: 64                  #
2024-12-01 20:56:51,104 INFO _main.py 41:: #                         test_batch_size: 32                  #
2024-12-01 20:56:51,104 INFO _main.py 41:: #                                  epochs: 10                  #
2024-12-01 20:56:51,104 INFO _main.py 41:: #                               optimizer: SGD                 #
2024-12-01 20:56:51,104 INFO _main.py 41:: #                                      lr: 0.01                #
2024-12-01 20:56:51,105 INFO _main.py 41:: #                                momentum: 0.9                 #
2024-12-01 20:56:51,105 INFO _main.py 41:: #                            weight_decay: 0.0001              #
2024-12-01 20:56:51,105 INFO _main.py 41:: #                                    seed: 1                   #
2024-12-01 20:56:51,105 INFO _main.py 41:: #                            log_interval: 11                  #
2024-12-01 20:56:51,105 INFO _main.py 41:: #                             num_clients: 40                  #
2024-12-01 20:56:51,105 INFO _main.py 41:: #                           output_folder: experiments         #
2024-12-01 20:56:51,106 INFO _main.py 41:: #                                 dataset: rockburst           #
2024-12-01 20:56:51,106 INFO _main.py 41:: #                             loader_type: dirichlet           #
2024-12-01 20:56:51,106 INFO _main.py 41:: #                             loader_path: ./data/loader.pk    #
2024-12-01 20:56:51,106 INFO _main.py 41:: #                                      AR: my_hog              #
2024-12-01 20:56:51,106 INFO _main.py 41:: #                     n_attacker_backdoor: 0                   #
2024-12-01 20:56:51,106 INFO _main.py 41:: #                        backdoor_trigger: [0, 0, 1, 1]        #
2024-12-01 20:56:51,107 INFO _main.py 41:: #                   n_attacker_omniscient: 0                   #
2024-12-01 20:56:51,107 INFO _main.py 41:: #                        omniscient_scale: 1                   #
2024-12-01 20:56:51,107 INFO _main.py 41:: #                                 attacks: None                #
2024-12-01 20:56:51,107 INFO _main.py 41:: #                      save_model_weights: False               #
2024-12-01 20:56:51,107 INFO _main.py 41:: #                         experiment_name: sExp4Ba_40ep_rockburst_my_hog_40C_5#
2024-12-01 20:56:51,107 INFO _main.py 41:: #                          path_to_aggNet: None                #
2024-12-01 20:56:51,107 INFO _main.py 41:: #                                  device: cpu                 #
2024-12-01 20:56:51,108 INFO _main.py 41:: #                            inner_epochs: 4                   #
2024-12-01 20:56:51,108 INFO _main.py 41:: #                                 verbose: True                #
2024-12-01 20:56:51,108 INFO _main.py 41:: #                         list_unreliable: [2, 18, 20]         #
2024-12-01 20:56:51,108 INFO _main.py 41:: #                     unreliable_fraction: 0.5                 #
2024-12-01 20:56:51,108 INFO _main.py 41:: #                    unreliable_fracTrain: 0.3                 #
2024-12-01 20:56:51,109 INFO _main.py 41:: #                         mean_unreliable: 0.0                 #
2024-12-01 20:56:51,109 INFO _main.py 41:: #                             blur_method: add_noise           #
2024-12-01 20:56:51,109 INFO _main.py 41:: #                      max_std_unreliable: 30.0                #
2024-12-01 20:56:51,109 INFO _main.py 41:: #                     list_uatk_add_noise: [24, 25, 26]        #
2024-12-01 20:56:51,109 INFO _main.py 41:: #                          mean_add_noise: 0.0                 #
2024-12-01 20:56:51,109 INFO _main.py 41:: #                           std_add_noise: 0.01                #
2024-12-01 20:56:51,110 INFO _main.py 41:: #                     list_uatk_flip_sign: [0, 10, 11]         #
2024-12-01 20:56:51,110 INFO _main.py 42:: ################################################################
2024-12-01 20:56:51,110 INFO _main.py 43:: Namespace(batch_size=64, test_batch_size=32, epochs=10, optimizer='SGD', lr=0.01, momentum=0.9, weight_decay=0.0001, seed=1, log_interval=11, num_clients=40, output_folder='experiments', dataset='rockburst', loader_type='dirichlet', loader_path='./data/loader.pk', AR='my_hog', n_attacker_backdoor=0, backdoor_trigger=[0, 0, 1, 1], n_attacker_omniscient=0, omniscient_scale=1, attacks=None, save_model_weights=False, experiment_name='sExp4Ba_40ep_rockburst_my_hog_40C_5', path_to_aggNet=None, device='cpu', inner_epochs=4, verbose=True, list_unreliable=[2, 18, 20], unreliable_fraction=0.5, unreliable_fracTrain=0.3, mean_unreliable=0.0, blur_method='add_noise', max_std_unreliable=30.0, list_uatk_add_noise=[24, 25, 26], mean_add_noise=0.0, std_add_noise=0.01, list_uatk_flip_sign=[0, 10, 11])
2024-12-01 20:56:51,110 INFO _main.py 44:: #####################
2024-12-01 20:56:51,110 INFO _main.py 45:: #####################
2024-12-01 20:56:51,111 INFO _main.py 46:: #####################
2024-12-01 20:56:51,111 INFO _main.py 47:: Aggregation Rule:	my_hog
2024-12-01 20:56:51,111 INFO _main.py 48:: Data distribution:	dirichlet
2024-12-01 20:56:51,111 INFO _main.py 49:: Attacks:	None 
2024-12-01 20:56:51,111 INFO _main.py 50:: #####################
2024-12-01 20:56:51,111 INFO _main.py 51:: #####################
2024-12-01 20:56:51,112 INFO _main.py 52:: #####################
2024-12-01 20:56:52,641 INFO server.py 366:: SET DBSCAN eps=1.3, min_samples=10
2024-12-01 20:56:52,644 INFO _main.py 135:: [1-normal, 0-malicious] label =tensor([0., 1., 1., 1., 1., 1., 1., 1., 1., 1., 0., 0., 1., 1., 1., 1., 1., 1.,
        1., 1., 1., 1., 1., 1., 0., 0., 0., 1., 1., 1., 1., 1., 1., 1., 1., 1.,
        1., 1., 1., 1.])
2024-12-01 20:56:52,650 INFO malicious_clients.py 117:: init ATTACK OMNISCIENT Client 0
2024-12-01 20:56:52,654 INFO malicious_clients.py 18:: init UNRELIABLE Client 2
2024-12-01 20:56:52,686 INFO malicious_clients.py 117:: init ATTACK OMNISCIENT Client 10
2024-12-01 20:56:52,691 INFO malicious_clients.py 117:: init ATTACK OMNISCIENT Client 11
2024-12-01 20:56:52,712 INFO malicious_clients.py 18:: init UNRELIABLE Client 18
2024-12-01 20:56:52,720 INFO malicious_clients.py 18:: init UNRELIABLE Client 20
2024-12-01 20:56:52,738 INFO malicious_clients.py 73:: init ATTACK ADD NOISE TO GRAD Client 24
2024-12-01 20:56:52,743 INFO malicious_clients.py 73:: init ATTACK ADD NOISE TO GRAD Client 25
2024-12-01 20:56:52,747 INFO malicious_clients.py 73:: init ATTACK ADD NOISE TO GRAD Client 26
2024-12-01 20:56:52,800 INFO server.py 211:: [Server] Start testing
2024-12-01 20:56:52,819 INFO server.py 235:: [Server] Test set: Average loss: 1.3864, Accuracy: 50/200 (25.0%)

2024-12-01 20:56:52,821 INFO server.py 238:: [Sever] Confusion matrix:
 tensor([[50.,  0.,  0.,  0.],
        [50.,  0.,  0.,  0.],
        [50.,  0.,  0.,  0.],
        [50.,  0.,  0.,  0.]])
2024-12-01 20:56:52,829 INFO server.py 254:: [Server] Precision=[0.25  nan  nan  nan],
 Recall=[1. 0. 0. 0.],
 F1-score=[0.4 nan nan nan],
 my_accuracy=25.0[%]
2024-12-01 20:56:52,830 INFO _main.py 209:: ########EPOCH 0 ########
2024-12-01 20:56:52,831 INFO _main.py 210:: ###Model distribution###
2024-12-01 20:56:56,821 INFO server.py 1064:: clients' sizes=[0, 0, 0, 0, 0, 0, 1, 0, 1, 0, 0, 0, 0], total=2
2024-12-01 20:56:56,826 INFO server.py 327:: [Server] The aggregation takes 3.545896 seconds.

2024-12-01 20:56:56,827 INFO server.py 211:: [Server] Start testing
2024-12-01 20:56:56,841 INFO server.py 235:: [Server] Test set: Average loss: 1.3861, Accuracy: 50/200 (25.0%)

2024-12-01 20:56:56,842 INFO server.py 238:: [Sever] Confusion matrix:
 tensor([[50.,  0.,  0.,  0.],
        [50.,  0.,  0.,  0.],
        [50.,  0.,  0.,  0.],
        [50.,  0.,  0.,  0.]])
2024-12-01 20:56:56,844 INFO server.py 254:: [Server] Precision=[0.25  nan  nan  nan],
 Recall=[1. 0. 0. 0.],
 F1-score=[0.4 nan nan nan],
 my_accuracy=25.0[%]
2024-12-01 20:56:56,844 INFO _main.py 209:: ########EPOCH 1 ########
2024-12-01 20:56:56,844 INFO _main.py 210:: ###Model distribution###
2024-12-01 20:57:00,957 INFO server.py 1064:: clients' sizes=[1, 0, 0, 0, 0, 0, 2, 0, 1, 1, 0, 1, 0, 0, 0, 0], total=6
2024-12-01 20:57:00,965 INFO server.py 327:: [Server] The aggregation takes 3.652610 seconds.

2024-12-01 20:57:00,968 INFO server.py 211:: [Server] Start testing
2024-12-01 20:57:00,991 INFO server.py 235:: [Server] Test set: Average loss: 1.3860, Accuracy: 50/200 (25.0%)

2024-12-01 20:57:00,993 INFO server.py 238:: [Sever] Confusion matrix:
 tensor([[50.,  0.,  0.,  0.],
        [50.,  0.,  0.,  0.],
        [50.,  0.,  0.,  0.],
        [50.,  0.,  0.,  0.]])
2024-12-01 20:57:00,997 INFO server.py 254:: [Server] Precision=[0.25  nan  nan  nan],
 Recall=[1. 0. 0. 0.],
 F1-score=[0.4 nan nan nan],
 my_accuracy=25.0[%]
2024-12-01 20:57:00,998 INFO _main.py 209:: ########EPOCH 2 ########
2024-12-01 20:57:00,999 INFO _main.py 210:: ###Model distribution###
2024-12-01 20:57:05,050 INFO server.py 1064:: clients' sizes=[1, 0, 0, 0, 0, 0, 2, 0, 1, 1, 1, 0, 1, 0, 0, 0, 0], total=7
2024-12-01 20:57:05,058 INFO server.py 327:: [Server] The aggregation takes 3.393793 seconds.

2024-12-01 20:57:05,059 INFO server.py 211:: [Server] Start testing
2024-12-01 20:57:05,076 INFO server.py 235:: [Server] Test set: Average loss: 1.3855, Accuracy: 50/200 (25.0%)

2024-12-01 20:57:05,078 INFO server.py 238:: [Sever] Confusion matrix:
 tensor([[50.,  0.,  0.,  0.],
        [50.,  0.,  0.,  0.],
        [50.,  0.,  0.,  0.],
        [50.,  0.,  0.,  0.]])
2024-12-01 20:57:05,079 INFO server.py 254:: [Server] Precision=[0.25  nan  nan  nan],
 Recall=[1. 0. 0. 0.],
 F1-score=[0.4 nan nan nan],
 my_accuracy=25.0[%]
2024-12-01 20:57:05,080 INFO _main.py 209:: ########EPOCH 3 ########
2024-12-01 20:57:05,081 INFO _main.py 210:: ###Model distribution###
2024-12-01 20:57:09,043 INFO server.py 1064:: clients' sizes=[1, 0, 0, 0, 0, 0, 1, 2, 0, 1, 1, 1, 0, 1, 0, 0, 0, 0], total=8
2024-12-01 20:57:09,056 INFO server.py 327:: [Server] The aggregation takes 3.443519 seconds.

2024-12-01 20:57:09,062 INFO server.py 211:: [Server] Start testing
2024-12-01 20:57:09,084 INFO server.py 235:: [Server] Test set: Average loss: 1.3846, Accuracy: 50/200 (25.0%)

2024-12-01 20:57:09,085 INFO server.py 238:: [Sever] Confusion matrix:
 tensor([[50.,  0.,  0.,  0.],
        [50.,  0.,  0.,  0.],
        [50.,  0.,  0.,  0.],
        [50.,  0.,  0.,  0.]])
2024-12-01 20:57:09,087 INFO server.py 254:: [Server] Precision=[0.25  nan  nan  nan],
 Recall=[1. 0. 0. 0.],
 F1-score=[0.4 nan nan nan],
 my_accuracy=25.0[%]
2024-12-01 20:57:09,087 INFO _main.py 209:: ########EPOCH 4 ########
2024-12-01 20:57:09,088 INFO _main.py 210:: ###Model distribution###
2024-12-01 20:57:12,967 INFO server.py 1064:: clients' sizes=[1, 0, 0, 0, 0, 0, 2, 0, 1, 1, 0, 1, 0, 0, 0, 0], total=6
2024-12-01 20:57:12,978 INFO server.py 327:: [Server] The aggregation takes 3.459616 seconds.

2024-12-01 20:57:12,982 INFO server.py 211:: [Server] Start testing
2024-12-01 20:57:13,002 INFO server.py 235:: [Server] Test set: Average loss: 1.3846, Accuracy: 50/200 (25.0%)

2024-12-01 20:57:13,003 INFO server.py 238:: [Sever] Confusion matrix:
 tensor([[50.,  0.,  0.,  0.],
        [50.,  0.,  0.,  0.],
        [50.,  0.,  0.,  0.],
        [50.,  0.,  0.,  0.]])
2024-12-01 20:57:13,005 INFO server.py 254:: [Server] Precision=[0.25  nan  nan  nan],
 Recall=[1. 0. 0. 0.],
 F1-score=[0.4 nan nan nan],
 my_accuracy=25.0[%]
2024-12-01 20:57:13,006 INFO _main.py 209:: ########EPOCH 5 ########
2024-12-01 20:57:13,006 INFO _main.py 210:: ###Model distribution###
2024-12-01 20:57:17,153 INFO server.py 1064:: clients' sizes=[1, 0, 0, 0, 0, 0, 2, 0, 1, 1, 0, 1, 0, 0, 0, 0], total=6
2024-12-01 20:57:17,159 INFO server.py 327:: [Server] The aggregation takes 3.541699 seconds.

2024-12-01 20:57:17,160 INFO server.py 211:: [Server] Start testing
2024-12-01 20:57:17,178 INFO server.py 235:: [Server] Test set: Average loss: 1.3841, Accuracy: 50/200 (25.0%)

2024-12-01 20:57:17,179 INFO server.py 238:: [Sever] Confusion matrix:
 tensor([[50.,  0.,  0.,  0.],
        [50.,  0.,  0.,  0.],
        [50.,  0.,  0.,  0.],
        [50.,  0.,  0.,  0.]])
2024-12-01 20:57:17,181 INFO server.py 254:: [Server] Precision=[0.25  nan  nan  nan],
 Recall=[1. 0. 0. 0.],
 F1-score=[0.4 nan nan nan],
 my_accuracy=25.0[%]
2024-12-01 20:57:17,181 INFO _main.py 209:: ########EPOCH 6 ########
2024-12-01 20:57:17,182 INFO _main.py 210:: ###Model distribution###
2024-12-01 20:57:21,274 INFO server.py 1064:: clients' sizes=[1, 0, 0, 0, 0, 0, 2, 0, 1, 1, 0, 1, 0, 0, 0, 0], total=6
2024-12-01 20:57:21,280 INFO server.py 327:: [Server] The aggregation takes 3.642500 seconds.

2024-12-01 20:57:21,281 INFO server.py 211:: [Server] Start testing
2024-12-01 20:57:21,296 INFO server.py 235:: [Server] Test set: Average loss: 1.3837, Accuracy: 50/200 (25.0%)

2024-12-01 20:57:21,297 INFO server.py 238:: [Sever] Confusion matrix:
 tensor([[50.,  0.,  0.,  0.],
        [50.,  0.,  0.,  0.],
        [50.,  0.,  0.,  0.],
        [50.,  0.,  0.,  0.]])
2024-12-01 20:57:21,299 INFO server.py 254:: [Server] Precision=[0.25  nan  nan  nan],
 Recall=[1. 0. 0. 0.],
 F1-score=[0.4 nan nan nan],
 my_accuracy=25.0[%]
2024-12-01 20:57:21,300 INFO _main.py 209:: ########EPOCH 7 ########
2024-12-01 20:57:21,301 INFO _main.py 210:: ###Model distribution###
2024-12-01 20:57:25,175 INFO server.py 1064:: clients' sizes=[1, 0, 0, 0, 0, 0, 2, 0, 1, 1, 0, 1, 0, 0, 0, 0], total=6
2024-12-01 20:57:25,180 INFO server.py 327:: [Server] The aggregation takes 3.438434 seconds.

2024-12-01 20:57:25,181 INFO server.py 211:: [Server] Start testing
2024-12-01 20:57:25,195 INFO server.py 235:: [Server] Test set: Average loss: 1.3839, Accuracy: 50/200 (25.0%)

2024-12-01 20:57:25,196 INFO server.py 238:: [Sever] Confusion matrix:
 tensor([[50.,  0.,  0.,  0.],
        [50.,  0.,  0.,  0.],
        [50.,  0.,  0.,  0.],
        [50.,  0.,  0.,  0.]])
2024-12-01 20:57:25,198 INFO server.py 254:: [Server] Precision=[0.25  nan  nan  nan],
 Recall=[1. 0. 0. 0.],
 F1-score=[0.4 nan nan nan],
 my_accuracy=25.0[%]
2024-12-01 20:57:25,199 INFO _main.py 209:: ########EPOCH 8 ########
2024-12-01 20:57:25,199 INFO _main.py 210:: ###Model distribution###
2024-12-01 20:57:29,166 INFO server.py 1064:: clients' sizes=[1, 0, 0, 0, 0, 0, 1, 2, 0, 1, 1, 0, 1, 0, 0, 0, 0], total=7
2024-12-01 20:57:29,175 INFO server.py 327:: [Server] The aggregation takes 3.423647 seconds.

2024-12-01 20:57:29,177 INFO server.py 211:: [Server] Start testing
2024-12-01 20:57:29,208 INFO server.py 235:: [Server] Test set: Average loss: 1.3836, Accuracy: 50/200 (25.0%)

2024-12-01 20:57:29,209 INFO server.py 238:: [Sever] Confusion matrix:
 tensor([[50.,  0.,  0.,  0.],
        [50.,  0.,  0.,  0.],
        [50.,  0.,  0.,  0.],
        [50.,  0.,  0.,  0.]])
2024-12-01 20:57:29,211 INFO server.py 254:: [Server] Precision=[0.25  nan  nan  nan],
 Recall=[1. 0. 0. 0.],
 F1-score=[0.4 nan nan nan],
 my_accuracy=25.0[%]
2024-12-01 20:57:29,212 INFO _main.py 209:: ########EPOCH 9 ########
2024-12-01 20:57:29,212 INFO _main.py 210:: ###Model distribution###
2024-12-01 20:57:33,684 INFO server.py 1064:: clients' sizes=[1, 0, 0, 0, 0, 0, 2, 0, 1, 1, 0, 1, 0, 0, 0, 0], total=6
2024-12-01 20:57:33,690 INFO server.py 327:: [Server] The aggregation takes 3.812382 seconds.

2024-12-01 20:57:33,691 INFO server.py 211:: [Server] Start testing
2024-12-01 20:57:33,706 INFO server.py 235:: [Server] Test set: Average loss: 1.3836, Accuracy: 50/200 (25.0%)

2024-12-01 20:57:33,707 INFO server.py 238:: [Sever] Confusion matrix:
 tensor([[50.,  0.,  0.,  0.],
        [50.,  0.,  0.,  0.],
        [50.,  0.,  0.,  0.],
        [50.,  0.,  0.,  0.]])
2024-12-01 20:57:33,708 INFO server.py 254:: [Server] Precision=[0.25  nan  nan  nan],
 Recall=[1. 0. 0. 0.],
 F1-score=[0.4 nan nan nan],
 my_accuracy=25.0[%]
