2024-12-02 00:24:29,523 INFO _main.py 39:: ################################################################
2024-12-02 00:24:29,525 INFO _main.py 41:: #                              batch_size: 64                  #
2024-12-02 00:24:29,525 INFO _main.py 41:: #                         test_batch_size: 32                  #
2024-12-02 00:24:29,526 INFO _main.py 41:: #                                  epochs: 30                  #
2024-12-02 00:24:29,527 INFO _main.py 41:: #                               optimizer: SGD                 #
2024-12-02 00:24:29,528 INFO _main.py 41:: #                                      lr: 0.01                #
2024-12-02 00:24:29,528 INFO _main.py 41:: #                                momentum: 0.9                 #
2024-12-02 00:24:29,528 INFO _main.py 41:: #                            weight_decay: 0.0001              #
2024-12-02 00:24:29,528 INFO _main.py 41:: #                                    seed: 1                   #
2024-12-02 00:24:29,528 INFO _main.py 41:: #                            log_interval: 11                  #
2024-12-02 00:24:29,529 INFO _main.py 41:: #                             num_clients: 40                  #
2024-12-02 00:24:29,529 INFO _main.py 41:: #                           output_folder: experiments         #
2024-12-02 00:24:29,529 INFO _main.py 41:: #                                 dataset: rockburst           #
2024-12-02 00:24:29,529 INFO _main.py 41:: #                             loader_type: dirichlet           #
2024-12-02 00:24:29,529 INFO _main.py 41:: #                             loader_path: ./data/loader.pk    #
2024-12-02 00:24:29,530 INFO _main.py 41:: #                                      AR: my_hog              #
2024-12-02 00:24:29,530 INFO _main.py 41:: #                     n_attacker_backdoor: 0                   #
2024-12-02 00:24:29,530 INFO _main.py 41:: #                        backdoor_trigger: [0, 0, 1, 1]        #
2024-12-02 00:24:29,530 INFO _main.py 41:: #                   n_attacker_omniscient: 0                   #
2024-12-02 00:24:29,530 INFO _main.py 41:: #                        omniscient_scale: 1                   #
2024-12-02 00:24:29,530 INFO _main.py 41:: #                                 attacks: None                #
2024-12-02 00:24:29,531 INFO _main.py 41:: #                      save_model_weights: False               #
2024-12-02 00:24:29,531 INFO _main.py 41:: #                         experiment_name: sExp4Ba_40ep_rockburst_my_hog_40C_5#
2024-12-02 00:24:29,531 INFO _main.py 41:: #                          path_to_aggNet: None                #
2024-12-02 00:24:29,531 INFO _main.py 41:: #                                  device: cpu                 #
2024-12-02 00:24:29,531 INFO _main.py 41:: #                            inner_epochs: 30                  #
2024-12-02 00:24:29,531 INFO _main.py 41:: #                                 verbose: True                #
2024-12-02 00:24:29,532 INFO _main.py 41:: #                         list_unreliable: [2, 18, 20]         #
2024-12-02 00:24:29,532 INFO _main.py 41:: #                     unreliable_fraction: 0.5                 #
2024-12-02 00:24:29,532 INFO _main.py 41:: #                    unreliable_fracTrain: 0.3                 #
2024-12-02 00:24:29,532 INFO _main.py 41:: #                         mean_unreliable: 0.0                 #
2024-12-02 00:24:29,532 INFO _main.py 41:: #                             blur_method: add_noise           #
2024-12-02 00:24:29,532 INFO _main.py 41:: #                      max_std_unreliable: 30.0                #
2024-12-02 00:24:29,533 INFO _main.py 41:: #                     list_uatk_add_noise: [24, 25, 26]        #
2024-12-02 00:24:29,533 INFO _main.py 41:: #                          mean_add_noise: 0.0                 #
2024-12-02 00:24:29,533 INFO _main.py 41:: #                           std_add_noise: 0.01                #
2024-12-02 00:24:29,533 INFO _main.py 41:: #                     list_uatk_flip_sign: [0, 10, 11]         #
2024-12-02 00:24:29,533 INFO _main.py 42:: ################################################################
2024-12-02 00:24:29,534 INFO _main.py 43:: Namespace(batch_size=64, test_batch_size=32, epochs=30, optimizer='SGD', lr=0.01, momentum=0.9, weight_decay=0.0001, seed=1, log_interval=11, num_clients=40, output_folder='experiments', dataset='rockburst', loader_type='dirichlet', loader_path='./data/loader.pk', AR='my_hog', n_attacker_backdoor=0, backdoor_trigger=[0, 0, 1, 1], n_attacker_omniscient=0, omniscient_scale=1, attacks=None, save_model_weights=False, experiment_name='sExp4Ba_40ep_rockburst_my_hog_40C_5', path_to_aggNet=None, device='cpu', inner_epochs=30, verbose=True, list_unreliable=[2, 18, 20], unreliable_fraction=0.5, unreliable_fracTrain=0.3, mean_unreliable=0.0, blur_method='add_noise', max_std_unreliable=30.0, list_uatk_add_noise=[24, 25, 26], mean_add_noise=0.0, std_add_noise=0.01, list_uatk_flip_sign=[0, 10, 11])
2024-12-02 00:24:29,534 INFO _main.py 44:: #####################
2024-12-02 00:24:29,534 INFO _main.py 45:: #####################
2024-12-02 00:24:29,534 INFO _main.py 46:: #####################
2024-12-02 00:24:29,534 INFO _main.py 47:: Aggregation Rule:	my_hog
2024-12-02 00:24:29,535 INFO _main.py 48:: Data distribution:	dirichlet
2024-12-02 00:24:29,535 INFO _main.py 49:: Attacks:	None 
2024-12-02 00:24:29,535 INFO _main.py 50:: #####################
2024-12-02 00:24:29,535 INFO _main.py 51:: #####################
2024-12-02 00:24:29,535 INFO _main.py 52:: #####################
2024-12-02 00:24:31,173 INFO server.py 366:: SET DBSCAN eps=1.3, min_samples=10
2024-12-02 00:24:31,176 INFO _main.py 135:: [1-normal, 0-malicious] label =tensor([0., 1., 1., 1., 1., 1., 1., 1., 1., 1., 0., 0., 1., 1., 1., 1., 1., 1.,
        1., 1., 1., 1., 1., 1., 0., 0., 0., 1., 1., 1., 1., 1., 1., 1., 1., 1.,
        1., 1., 1., 1.])
2024-12-02 00:24:31,182 INFO malicious_clients.py 123:: init ATTACK OMNISCIENT Client 0
2024-12-02 00:24:31,186 INFO malicious_clients.py 18:: init UNRELIABLE Client 2
2024-12-02 00:24:31,217 INFO malicious_clients.py 123:: init ATTACK OMNISCIENT Client 10
2024-12-02 00:24:31,221 INFO malicious_clients.py 123:: init ATTACK OMNISCIENT Client 11
2024-12-02 00:24:31,252 INFO malicious_clients.py 18:: init UNRELIABLE Client 18
2024-12-02 00:24:31,266 INFO malicious_clients.py 18:: init UNRELIABLE Client 20
2024-12-02 00:24:31,299 INFO malicious_clients.py 73:: init ATTACK ADD NOISE TO GRAD Client 24
2024-12-02 00:24:31,303 INFO malicious_clients.py 73:: init ATTACK ADD NOISE TO GRAD Client 25
2024-12-02 00:24:31,307 INFO malicious_clients.py 73:: init ATTACK ADD NOISE TO GRAD Client 26
2024-12-02 00:24:31,361 INFO server.py 211:: [Server] Start testing
2024-12-02 00:24:31,382 INFO server.py 235:: [Server] Test set: Average loss: 1.3864, Accuracy: 50/200 (25.0%)

2024-12-02 00:24:31,386 INFO server.py 238:: [Sever] Confusion matrix:
 tensor([[50.,  0.,  0.,  0.],
        [50.,  0.,  0.,  0.],
        [50.,  0.,  0.,  0.],
        [50.,  0.,  0.,  0.]])
2024-12-02 00:24:31,397 INFO server.py 254:: [Server] Precision=[0.25  nan  nan  nan],
 Recall=[1. 0. 0. 0.],
 F1-score=[0.4 nan nan nan],
 my_accuracy=25.0[%]
2024-12-02 00:24:31,399 INFO _main.py 209:: ########EPOCH 0 ########
2024-12-02 00:24:31,400 INFO _main.py 210:: ###Model distribution###
2024-12-02 00:24:34,244 INFO server.py 1064:: clients' sizes=[1, 2, 1, 0, 0, 0, 2, 2, 0, 1, 0, 1, 2, 2, 2, 2, 1, 1, 2, 0, 1, 1, 1, 1, 1, 0, 1, 1, 1, 1, 2, 0, 2, 0, 1, 2, 1, 0, 2, 0], total=41
2024-12-02 00:24:34,261 INFO server.py 327:: [Server] The aggregation takes 0.268467 seconds.

2024-12-02 00:24:34,262 INFO server.py 211:: [Server] Start testing
2024-12-02 00:24:34,276 INFO server.py 235:: [Server] Test set: Average loss: 1.3313, Accuracy: 71/200 (35.5%)

2024-12-02 00:24:34,277 INFO server.py 238:: [Sever] Confusion matrix:
 tensor([[50.,  0.,  0.,  0.],
        [50.,  0.,  0.,  0.],
        [50.,  0.,  0.,  0.],
        [29.,  0.,  0., 21.]])
2024-12-02 00:24:34,278 INFO server.py 254:: [Server] Precision=[0.2793296       nan       nan 1.       ],
 Recall=[1.   0.   0.   0.42],
 F1-score=[0.43668124        nan        nan 0.5915493 ],
 my_accuracy=35.499998927116394[%]
2024-12-02 00:24:34,279 INFO _main.py 209:: ########EPOCH 1 ########
2024-12-02 00:24:34,279 INFO _main.py 210:: ###Model distribution###
2024-12-02 00:24:37,312 INFO server.py 1064:: clients' sizes=[1, 2, 1, 0, 0, 0, 2, 2, 0, 1, 0, 1, 2, 2, 2, 2, 1, 1, 2, 0, 1, 1, 1, 1, 1, 0, 1, 1, 1, 1, 2, 0, 2, 0, 1, 2, 1, 0, 2, 0], total=41
2024-12-02 00:24:37,332 INFO server.py 327:: [Server] The aggregation takes 0.352067 seconds.

2024-12-02 00:24:37,334 INFO server.py 211:: [Server] Start testing
2024-12-02 00:24:37,353 INFO server.py 235:: [Server] Test set: Average loss: 1.1994, Accuracy: 90/200 (45.0%)

2024-12-02 00:24:37,355 INFO server.py 238:: [Sever] Confusion matrix:
 tensor([[50.,  0.,  0.,  0.],
        [46.,  0.,  1.,  3.],
        [34.,  0.,  6., 10.],
        [ 9.,  0.,  7., 34.]])
2024-12-02 00:24:37,356 INFO server.py 254:: [Server] Precision=[0.35971224        nan 0.42857143 0.7234042 ],
 Recall=[1.   0.   0.12 0.68],
 F1-score=[0.52910054        nan 0.1875     0.7010309 ],
 my_accuracy=44.999998807907104[%]
2024-12-02 00:24:37,357 INFO _main.py 209:: ########EPOCH 2 ########
2024-12-02 00:24:37,357 INFO _main.py 210:: ###Model distribution###
2024-12-02 00:24:41,587 INFO server.py 1064:: clients' sizes=[1, 2, 1, 0, 0, 0, 2, 2, 0, 1, 0, 1, 2, 2, 2, 2, 1, 1, 2, 0, 1, 1, 1, 1, 1, 0, 1, 1, 1, 1, 2, 0, 2, 0, 1, 2, 1, 0, 2, 0], total=41
2024-12-02 00:24:41,604 INFO server.py 327:: [Server] The aggregation takes 0.478565 seconds.

2024-12-02 00:24:41,605 INFO server.py 211:: [Server] Start testing
2024-12-02 00:24:41,627 INFO server.py 235:: [Server] Test set: Average loss: 1.0688, Accuracy: 107/200 (53.5%)

2024-12-02 00:24:41,628 INFO server.py 238:: [Sever] Confusion matrix:
 tensor([[47.,  1.,  2.,  0.],
        [33., 11.,  3.,  3.],
        [18., 10., 13.,  9.],
        [ 6.,  1.,  7., 36.]])
2024-12-02 00:24:41,630 INFO server.py 254:: [Server] Precision=[0.45192307 0.47826087 0.52       0.75      ],
 Recall=[0.94 0.22 0.26 0.72],
 F1-score=[0.61038965 0.30136985 0.34666666 0.7346939 ],
 my_accuracy=53.50000262260437[%]
2024-12-02 00:24:41,630 INFO _main.py 209:: ########EPOCH 3 ########
2024-12-02 00:24:41,631 INFO _main.py 210:: ###Model distribution###
2024-12-02 00:24:44,534 INFO server.py 1064:: clients' sizes=[1, 2, 1, 0, 0, 0, 2, 2, 0, 1, 0, 1, 2, 2, 2, 2, 1, 1, 2, 0, 1, 1, 1, 1, 1, 0, 1, 1, 1, 1, 2, 0, 2, 0, 1, 2, 1, 0, 2, 0], total=41
2024-12-02 00:24:44,545 INFO server.py 327:: [Server] The aggregation takes 0.257875 seconds.

2024-12-02 00:24:44,546 INFO server.py 211:: [Server] Start testing
2024-12-02 00:24:44,560 INFO server.py 235:: [Server] Test set: Average loss: 0.9836, Accuracy: 121/200 (60.5%)

2024-12-02 00:24:44,561 INFO server.py 238:: [Sever] Confusion matrix:
 tensor([[46.,  2.,  2.,  0.],
        [20., 21.,  6.,  3.],
        [13., 14., 15.,  8.],
        [ 0.,  6.,  5., 39.]])
2024-12-02 00:24:44,563 INFO server.py 254:: [Server] Precision=[0.5822785  0.4883721  0.53571427 0.78      ],
 Recall=[0.92 0.42 0.3  0.78],
 F1-score=[0.7131783  0.45161292 0.3846154  0.7799999 ],
 my_accuracy=60.50000190734863[%]
2024-12-02 00:24:44,564 INFO _main.py 209:: ########EPOCH 4 ########
2024-12-02 00:24:44,564 INFO _main.py 210:: ###Model distribution###
2024-12-02 00:24:47,319 INFO server.py 1064:: clients' sizes=[1, 2, 1, 0, 0, 0, 2, 2, 0, 1, 0, 1, 2, 2, 2, 2, 1, 1, 2, 0, 1, 1, 1, 1, 1, 0, 1, 1, 1, 1, 2, 0, 2, 0, 1, 2, 1, 0, 2, 0], total=41
2024-12-02 00:24:47,339 INFO server.py 327:: [Server] The aggregation takes 0.267114 seconds.

2024-12-02 00:24:47,340 INFO server.py 211:: [Server] Start testing
2024-12-02 00:24:47,358 INFO server.py 235:: [Server] Test set: Average loss: 0.9405, Accuracy: 121/200 (60.5%)

2024-12-02 00:24:47,360 INFO server.py 238:: [Sever] Confusion matrix:
 tensor([[41.,  7.,  2.,  0.],
        [18., 23.,  7.,  2.],
        [10., 14., 18.,  8.],
        [ 0.,  6.,  5., 39.]])
2024-12-02 00:24:47,361 INFO server.py 254:: [Server] Precision=[0.5942029  0.46       0.5625     0.79591835],
 Recall=[0.82 0.46 0.36 0.78],
 F1-score=[0.6890756  0.46       0.43902442 0.78787875],
 my_accuracy=60.50000190734863[%]
2024-12-02 00:24:47,362 INFO _main.py 209:: ########EPOCH 5 ########
2024-12-02 00:24:47,363 INFO _main.py 210:: ###Model distribution###
2024-12-02 00:24:50,178 INFO server.py 1064:: clients' sizes=[1, 2, 1, 0, 0, 0, 2, 2, 0, 1, 0, 1, 2, 2, 2, 2, 1, 1, 2, 0, 1, 1, 1, 1, 1, 0, 1, 1, 1, 1, 2, 0, 2, 0, 1, 2, 1, 0, 2, 0], total=41
2024-12-02 00:24:50,188 INFO server.py 327:: [Server] The aggregation takes 0.256479 seconds.

2024-12-02 00:24:50,189 INFO server.py 211:: [Server] Start testing
2024-12-02 00:24:50,203 INFO server.py 235:: [Server] Test set: Average loss: 0.9115, Accuracy: 123/200 (61.5%)

2024-12-02 00:24:50,205 INFO server.py 238:: [Sever] Confusion matrix:
 tensor([[41.,  7.,  2.,  0.],
        [17., 22.,  9.,  2.],
        [ 8., 14., 21.,  7.],
        [ 0.,  6.,  5., 39.]])
2024-12-02 00:24:50,206 INFO server.py 254:: [Server] Precision=[0.6212121 0.4489796 0.5675676 0.8125   ],
 Recall=[0.82 0.44 0.42 0.78],
 F1-score=[0.7068965  0.44444445 0.48275864 0.79591835],
 my_accuracy=61.500000953674316[%]
2024-12-02 00:24:50,206 INFO _main.py 209:: ########EPOCH 6 ########
2024-12-02 00:24:50,207 INFO _main.py 210:: ###Model distribution###
2024-12-02 00:24:53,656 INFO server.py 1064:: clients' sizes=[1, 2, 1, 0, 0, 0, 2, 2, 0, 1, 0, 1, 2, 2, 2, 2, 1, 1, 2, 0, 1, 1, 1, 1, 1, 0, 1, 1, 1, 1, 2, 0, 2, 0, 1, 2, 1, 0, 2, 0], total=41
2024-12-02 00:24:53,674 INFO server.py 327:: [Server] The aggregation takes 0.372831 seconds.

2024-12-02 00:24:53,677 INFO server.py 211:: [Server] Start testing
2024-12-02 00:24:53,698 INFO server.py 235:: [Server] Test set: Average loss: 0.8978, Accuracy: 122/200 (61.0%)

2024-12-02 00:24:53,699 INFO server.py 238:: [Sever] Confusion matrix:
 tensor([[41.,  7.,  2.,  0.],
        [17., 22., 10.,  1.],
        [ 8., 13., 24.,  5.],
        [ 0.,  6.,  9., 35.]])
2024-12-02 00:24:53,701 INFO server.py 254:: [Server] Precision=[0.6212121  0.45833334 0.53333336 0.85365856],
 Recall=[0.82 0.44 0.48 0.7 ],
 F1-score=[0.7068965  0.44897962 0.5052632  0.76923084],
 my_accuracy=61.000001430511475[%]
2024-12-02 00:24:53,701 INFO _main.py 209:: ########EPOCH 7 ########
2024-12-02 00:24:53,702 INFO _main.py 210:: ###Model distribution###
2024-12-02 00:24:57,708 INFO server.py 1064:: clients' sizes=[1, 2, 1, 0, 0, 0, 2, 2, 0, 1, 0, 1, 2, 2, 2, 2, 1, 1, 2, 0, 1, 1, 1, 1, 1, 0, 1, 1, 1, 1, 2, 0, 2, 0, 1, 2, 1, 0, 2, 0], total=41
2024-12-02 00:24:57,719 INFO server.py 327:: [Server] The aggregation takes 0.320099 seconds.

2024-12-02 00:24:57,720 INFO server.py 211:: [Server] Start testing
2024-12-02 00:24:57,734 INFO server.py 235:: [Server] Test set: Average loss: 0.8730, Accuracy: 122/200 (61.0%)

2024-12-02 00:24:57,735 INFO server.py 238:: [Sever] Confusion matrix:
 tensor([[41.,  7.,  2.,  0.],
        [15., 23., 11.,  1.],
        [ 6., 15., 22.,  7.],
        [ 0.,  5.,  9., 36.]])
2024-12-02 00:24:57,737 INFO server.py 254:: [Server] Precision=[0.66129035 0.46       0.5        0.8181818 ],
 Recall=[0.82 0.46 0.44 0.72],
 F1-score=[0.73214287 0.46       0.4680851  0.76595753],
 my_accuracy=61.000001430511475[%]
2024-12-02 00:24:57,738 INFO _main.py 209:: ########EPOCH 8 ########
2024-12-02 00:24:57,738 INFO _main.py 210:: ###Model distribution###
2024-12-02 00:25:00,485 INFO server.py 1064:: clients' sizes=[1, 2, 1, 0, 0, 0, 2, 2, 0, 1, 0, 1, 2, 2, 2, 2, 1, 1, 2, 0, 1, 1, 1, 1, 1, 0, 1, 1, 1, 1, 2, 0, 2, 0, 1, 2, 1, 0, 2, 0], total=41
2024-12-02 00:25:00,496 INFO server.py 327:: [Server] The aggregation takes 0.260804 seconds.

2024-12-02 00:25:00,497 INFO server.py 211:: [Server] Start testing
2024-12-02 00:25:00,511 INFO server.py 235:: [Server] Test set: Average loss: 0.8575, Accuracy: 124/200 (62.0%)

2024-12-02 00:25:00,512 INFO server.py 238:: [Sever] Confusion matrix:
 tensor([[41.,  8.,  1.,  0.],
        [15., 24., 10.,  1.],
        [ 7., 16., 20.,  7.],
        [ 0.,  5.,  6., 39.]])
2024-12-02 00:25:00,514 INFO server.py 254:: [Server] Precision=[0.6507937  0.4528302  0.5405405  0.82978725],
 Recall=[0.82 0.48 0.4  0.78],
 F1-score=[0.7256637  0.4660194  0.45977008 0.8041237 ],
 my_accuracy=62.00000047683716[%]
2024-12-02 00:25:00,514 INFO _main.py 209:: ########EPOCH 9 ########
2024-12-02 00:25:00,515 INFO _main.py 210:: ###Model distribution###
2024-12-02 00:25:03,453 INFO server.py 1064:: clients' sizes=[1, 2, 1, 0, 0, 0, 2, 2, 0, 1, 0, 1, 2, 2, 2, 2, 1, 1, 2, 0, 1, 1, 1, 1, 1, 0, 1, 1, 1, 1, 2, 0, 2, 0, 1, 2, 1, 0, 2, 0], total=41
2024-12-02 00:25:03,464 INFO server.py 327:: [Server] The aggregation takes 0.258639 seconds.

2024-12-02 00:25:03,465 INFO server.py 211:: [Server] Start testing
2024-12-02 00:25:03,479 INFO server.py 235:: [Server] Test set: Average loss: 0.8534, Accuracy: 122/200 (61.0%)

2024-12-02 00:25:03,480 INFO server.py 238:: [Sever] Confusion matrix:
 tensor([[41.,  8.,  1.,  0.],
        [15., 23., 11.,  1.],
        [ 6., 17., 21.,  6.],
        [ 0.,  5.,  8., 37.]])
2024-12-02 00:25:03,482 INFO server.py 254:: [Server] Precision=[0.66129035 0.43396226 0.5121951  0.84090906],
 Recall=[0.82 0.46 0.42 0.74],
 F1-score=[0.73214287 0.44660196 0.46153846 0.78723407],
 my_accuracy=61.000001430511475[%]
2024-12-02 00:25:03,483 INFO _main.py 209:: ########EPOCH 10 ########
2024-12-02 00:25:03,483 INFO _main.py 210:: ###Model distribution###
2024-12-02 00:25:06,264 INFO server.py 1064:: clients' sizes=[1, 2, 1, 0, 0, 0, 2, 2, 0, 1, 0, 1, 2, 2, 2, 2, 1, 1, 2, 0, 1, 1, 1, 1, 1, 0, 1, 1, 1, 1, 2, 0, 2, 0, 1, 2, 1, 0, 2, 0], total=41
2024-12-02 00:25:06,274 INFO server.py 327:: [Server] The aggregation takes 0.269820 seconds.

2024-12-02 00:25:06,276 INFO server.py 211:: [Server] Start testing
2024-12-02 00:25:06,290 INFO server.py 235:: [Server] Test set: Average loss: 0.8386, Accuracy: 122/200 (61.0%)

2024-12-02 00:25:06,291 INFO server.py 238:: [Sever] Confusion matrix:
 tensor([[41.,  7.,  2.,  0.],
        [15., 22., 11.,  2.],
        [ 4., 17., 22.,  7.],
        [ 0.,  5.,  8., 37.]])
2024-12-02 00:25:06,292 INFO server.py 254:: [Server] Precision=[0.68333334 0.43137255 0.5116279  0.8043478 ],
 Recall=[0.82 0.44 0.44 0.74],
 F1-score=[0.7454545  0.43564355 0.47311828 0.7708334 ],
 my_accuracy=61.000001430511475[%]
2024-12-02 00:25:06,293 INFO _main.py 209:: ########EPOCH 11 ########
2024-12-02 00:25:06,293 INFO _main.py 210:: ###Model distribution###
2024-12-02 00:25:09,610 INFO server.py 1064:: clients' sizes=[1, 2, 1, 0, 0, 0, 2, 2, 0, 1, 0, 1, 2, 2, 2, 2, 1, 1, 2, 0, 1, 1, 1, 1, 1, 0, 1, 1, 1, 1, 2, 0, 2, 0, 1, 2, 1, 0, 2, 0], total=41
2024-12-02 00:25:09,627 INFO server.py 327:: [Server] The aggregation takes 0.364354 seconds.

2024-12-02 00:25:09,629 INFO server.py 211:: [Server] Start testing
2024-12-02 00:25:09,649 INFO server.py 235:: [Server] Test set: Average loss: 0.8220, Accuracy: 122/200 (61.0%)

2024-12-02 00:25:09,651 INFO server.py 238:: [Sever] Confusion matrix:
 tensor([[41.,  8.,  1.,  0.],
        [15., 23., 11.,  1.],
        [ 4., 18., 21.,  7.],
        [ 0.,  5.,  8., 37.]])
2024-12-02 00:25:09,652 INFO server.py 254:: [Server] Precision=[0.68333334 0.42592594 0.5121951  0.82222223],
 Recall=[0.82 0.46 0.42 0.74],
 F1-score=[0.7454545  0.4423077  0.46153846 0.77894735],
 my_accuracy=61.000001430511475[%]
2024-12-02 00:25:09,653 INFO _main.py 209:: ########EPOCH 12 ########
2024-12-02 00:25:09,653 INFO _main.py 210:: ###Model distribution###
2024-12-02 00:25:13,817 INFO server.py 1064:: clients' sizes=[1, 2, 1, 0, 0, 0, 2, 2, 0, 1, 0, 1, 2, 2, 2, 2, 1, 1, 2, 0, 1, 1, 1, 1, 1, 0, 1, 1, 1, 1, 2, 0, 2, 0, 1, 2, 1, 0, 2, 0], total=41
2024-12-02 00:25:13,827 INFO server.py 327:: [Server] The aggregation takes 0.266705 seconds.

2024-12-02 00:25:13,829 INFO server.py 211:: [Server] Start testing
2024-12-02 00:25:13,849 INFO server.py 235:: [Server] Test set: Average loss: 0.8109, Accuracy: 124/200 (62.0%)

2024-12-02 00:25:13,850 INFO server.py 238:: [Sever] Confusion matrix:
 tensor([[41.,  7.,  2.,  0.],
        [13., 22., 14.,  1.],
        [ 4., 16., 23.,  7.],
        [ 0.,  5.,  7., 38.]])
2024-12-02 00:25:13,851 INFO server.py 254:: [Server] Precision=[0.70689654 0.44       0.5        0.82608694],
 Recall=[0.82 0.44 0.46 0.76],
 F1-score=[0.7592593  0.44       0.47916666 0.7916667 ],
 my_accuracy=62.00000047683716[%]
2024-12-02 00:25:13,852 INFO _main.py 209:: ########EPOCH 13 ########
2024-12-02 00:25:13,852 INFO _main.py 210:: ###Model distribution###
2024-12-02 00:25:16,592 INFO server.py 1064:: clients' sizes=[1, 2, 1, 0, 0, 0, 2, 2, 0, 1, 0, 1, 2, 2, 2, 2, 1, 1, 2, 0, 1, 1, 1, 1, 1, 0, 1, 1, 1, 1, 2, 0, 2, 0, 1, 2, 1, 0, 2, 0], total=41
2024-12-02 00:25:16,603 INFO server.py 327:: [Server] The aggregation takes 0.255761 seconds.

2024-12-02 00:25:16,604 INFO server.py 211:: [Server] Start testing
2024-12-02 00:25:16,618 INFO server.py 235:: [Server] Test set: Average loss: 0.7985, Accuracy: 124/200 (62.0%)

2024-12-02 00:25:16,619 INFO server.py 238:: [Sever] Confusion matrix:
 tensor([[40.,  8.,  2.,  0.],
        [14., 23., 12.,  1.],
        [ 4., 16., 22.,  8.],
        [ 0.,  4.,  7., 39.]])
2024-12-02 00:25:16,620 INFO server.py 254:: [Server] Precision=[0.6896552 0.4509804 0.5116279 0.8125   ],
 Recall=[0.8  0.46 0.44 0.78],
 F1-score=[0.7407407  0.45544556 0.47311828 0.79591835],
 my_accuracy=62.00000047683716[%]
2024-12-02 00:25:16,621 INFO _main.py 209:: ########EPOCH 14 ########
2024-12-02 00:25:16,621 INFO _main.py 210:: ###Model distribution###
2024-12-02 00:25:19,341 INFO server.py 1064:: clients' sizes=[1, 2, 1, 0, 0, 0, 2, 2, 0, 1, 0, 1, 2, 2, 2, 2, 1, 1, 2, 0, 1, 1, 1, 1, 1, 0, 1, 1, 1, 1, 2, 0, 2, 0, 1, 2, 1, 0, 2, 0], total=41
2024-12-02 00:25:19,351 INFO server.py 327:: [Server] The aggregation takes 0.251521 seconds.

2024-12-02 00:25:19,352 INFO server.py 211:: [Server] Start testing
2024-12-02 00:25:19,368 INFO server.py 235:: [Server] Test set: Average loss: 0.7858, Accuracy: 127/200 (63.5%)

2024-12-02 00:25:19,371 INFO server.py 238:: [Sever] Confusion matrix:
 tensor([[41.,  7.,  2.,  0.],
        [14., 24., 11.,  1.],
        [ 4., 15., 23.,  8.],
        [ 0.,  4.,  7., 39.]])
2024-12-02 00:25:19,372 INFO server.py 254:: [Server] Precision=[0.69491524 0.48       0.53488374 0.8125    ],
 Recall=[0.82 0.48 0.46 0.78],
 F1-score=[0.7522935  0.48       0.49462366 0.79591835],
 my_accuracy=63.499999046325684[%]
2024-12-02 00:25:19,373 INFO _main.py 209:: ########EPOCH 15 ########
2024-12-02 00:25:19,373 INFO _main.py 210:: ###Model distribution###
2024-12-02 00:25:22,304 INFO server.py 1064:: clients' sizes=[1, 2, 1, 0, 0, 0, 2, 2, 0, 1, 0, 1, 2, 2, 2, 2, 1, 1, 2, 0, 1, 1, 1, 1, 1, 0, 1, 1, 1, 1, 2, 0, 2, 0, 1, 2, 1, 0, 2, 0], total=41
2024-12-02 00:25:22,316 INFO server.py 327:: [Server] The aggregation takes 0.271703 seconds.

2024-12-02 00:25:22,317 INFO server.py 211:: [Server] Start testing
2024-12-02 00:25:22,330 INFO server.py 235:: [Server] Test set: Average loss: 0.7791, Accuracy: 128/200 (64.0%)

2024-12-02 00:25:22,331 INFO server.py 238:: [Sever] Confusion matrix:
 tensor([[41.,  7.,  2.,  0.],
        [14., 24., 11.,  1.],
        [ 4., 15., 25.,  6.],
        [ 0.,  4.,  8., 38.]])
2024-12-02 00:25:22,333 INFO server.py 254:: [Server] Precision=[0.69491524 0.48       0.54347825 0.84444445],
 Recall=[0.82 0.48 0.5  0.76],
 F1-score=[0.7522935  0.48       0.5208333  0.79999995],
 my_accuracy=63.999998569488525[%]
2024-12-02 00:25:22,333 INFO _main.py 209:: ########EPOCH 16 ########
2024-12-02 00:25:22,334 INFO _main.py 210:: ###Model distribution###
2024-12-02 00:25:25,740 INFO server.py 1064:: clients' sizes=[1, 2, 1, 0, 0, 0, 2, 2, 0, 1, 0, 1, 2, 2, 2, 2, 1, 1, 2, 0, 1, 1, 1, 1, 1, 0, 1, 1, 1, 1, 2, 0, 2, 0, 1, 2, 1, 0, 2, 0], total=41
2024-12-02 00:25:25,757 INFO server.py 327:: [Server] The aggregation takes 0.354442 seconds.

2024-12-02 00:25:25,758 INFO server.py 211:: [Server] Start testing
2024-12-02 00:25:25,777 INFO server.py 235:: [Server] Test set: Average loss: 0.7695, Accuracy: 126/200 (63.0%)

2024-12-02 00:25:25,778 INFO server.py 238:: [Sever] Confusion matrix:
 tensor([[39.,  9.,  2.,  0.],
        [13., 25., 11.,  1.],
        [ 5., 14., 24.,  7.],
        [ 0.,  4.,  8., 38.]])
2024-12-02 00:25:25,780 INFO server.py 254:: [Server] Precision=[0.68421054 0.48076922 0.53333336 0.82608694],
 Recall=[0.78 0.5  0.48 0.76],
 F1-score=[0.72897196 0.49019608 0.5052632  0.7916667 ],
 my_accuracy=62.99999952316284[%]
2024-12-02 00:25:25,781 INFO _main.py 209:: ########EPOCH 17 ########
2024-12-02 00:25:25,781 INFO _main.py 210:: ###Model distribution###
2024-12-02 00:25:29,670 INFO server.py 1064:: clients' sizes=[1, 2, 1, 0, 0, 0, 2, 2, 0, 1, 0, 1, 2, 2, 2, 2, 1, 1, 2, 0, 1, 1, 1, 1, 1, 0, 1, 1, 1, 1, 2, 0, 2, 0, 1, 2, 1, 0, 2, 0], total=41
2024-12-02 00:25:29,680 INFO server.py 327:: [Server] The aggregation takes 0.263498 seconds.

2024-12-02 00:25:29,682 INFO server.py 211:: [Server] Start testing
2024-12-02 00:25:29,696 INFO server.py 235:: [Server] Test set: Average loss: 0.7517, Accuracy: 127/200 (63.5%)

2024-12-02 00:25:29,698 INFO server.py 238:: [Sever] Confusion matrix:
 tensor([[39.,  9.,  2.,  0.],
        [12., 25., 12.,  1.],
        [ 5., 13., 24.,  8.],
        [ 0.,  3.,  8., 39.]])
2024-12-02 00:25:29,699 INFO server.py 254:: [Server] Precision=[0.6964286 0.5       0.5217391 0.8125   ],
 Recall=[0.78 0.5  0.48 0.78],
 F1-score=[0.7358491  0.5        0.5        0.79591835],
 my_accuracy=63.499999046325684[%]
2024-12-02 00:25:29,699 INFO _main.py 209:: ########EPOCH 18 ########
2024-12-02 00:25:29,699 INFO _main.py 210:: ###Model distribution###
2024-12-02 00:25:32,625 INFO server.py 1064:: clients' sizes=[1, 2, 1, 0, 0, 0, 2, 2, 0, 1, 0, 1, 2, 2, 2, 2, 1, 1, 2, 0, 1, 1, 1, 1, 1, 0, 1, 1, 1, 1, 2, 0, 2, 0, 1, 2, 1, 0, 2, 0], total=41
2024-12-02 00:25:32,635 INFO server.py 327:: [Server] The aggregation takes 0.255561 seconds.

2024-12-02 00:25:32,636 INFO server.py 211:: [Server] Start testing
2024-12-02 00:25:32,653 INFO server.py 235:: [Server] Test set: Average loss: 0.7422, Accuracy: 128/200 (64.0%)

2024-12-02 00:25:32,654 INFO server.py 238:: [Sever] Confusion matrix:
 tensor([[39.,  9.,  2.,  0.],
        [12., 24., 13.,  1.],
        [ 3., 13., 26.,  8.],
        [ 0.,  2.,  9., 39.]])
2024-12-02 00:25:32,656 INFO server.py 254:: [Server] Precision=[0.7222222 0.5       0.52      0.8125   ],
 Recall=[0.78 0.48 0.52 0.78],
 F1-score=[0.74999994 0.4897959  0.52       0.79591835],
 my_accuracy=63.999998569488525[%]
2024-12-02 00:25:32,656 INFO _main.py 209:: ########EPOCH 19 ########
2024-12-02 00:25:32,656 INFO _main.py 210:: ###Model distribution###
2024-12-02 00:25:35,391 INFO server.py 1064:: clients' sizes=[1, 2, 1, 0, 0, 0, 2, 2, 0, 1, 0, 1, 2, 2, 2, 2, 1, 1, 2, 0, 1, 1, 1, 1, 1, 0, 1, 1, 1, 1, 2, 0, 2, 0, 1, 2, 1, 0, 2, 0], total=41
2024-12-02 00:25:35,404 INFO server.py 327:: [Server] The aggregation takes 0.265626 seconds.

2024-12-02 00:25:35,405 INFO server.py 211:: [Server] Start testing
2024-12-02 00:25:35,420 INFO server.py 235:: [Server] Test set: Average loss: 0.7371, Accuracy: 127/200 (63.5%)

2024-12-02 00:25:35,421 INFO server.py 238:: [Sever] Confusion matrix:
 tensor([[39.,  9.,  2.,  0.],
        [12., 24., 13.,  1.],
        [ 6.,  9., 27.,  8.],
        [ 0.,  2., 11., 37.]])
2024-12-02 00:25:35,423 INFO server.py 254:: [Server] Precision=[0.68421054 0.54545456 0.509434   0.8043478 ],
 Recall=[0.78 0.48 0.54 0.74],
 F1-score=[0.72897196 0.5106383  0.5242719  0.7708334 ],
 my_accuracy=63.499999046325684[%]
2024-12-02 00:25:35,423 INFO _main.py 209:: ########EPOCH 20 ########
2024-12-02 00:25:35,424 INFO _main.py 210:: ###Model distribution###
2024-12-02 00:25:38,181 INFO server.py 1064:: clients' sizes=[1, 2, 1, 0, 0, 0, 2, 2, 0, 1, 0, 1, 2, 2, 2, 2, 1, 1, 2, 0, 1, 1, 1, 1, 1, 0, 1, 1, 1, 1, 2, 0, 2, 0, 1, 2, 1, 0, 2, 0], total=41
2024-12-02 00:25:38,192 INFO server.py 327:: [Server] The aggregation takes 0.255614 seconds.

2024-12-02 00:25:38,193 INFO server.py 211:: [Server] Start testing
2024-12-02 00:25:38,207 INFO server.py 235:: [Server] Test set: Average loss: 0.7321, Accuracy: 134/200 (67.0%)

2024-12-02 00:25:38,208 INFO server.py 238:: [Sever] Confusion matrix:
 tensor([[41.,  7.,  2.,  0.],
        [12., 24., 13.,  1.],
        [ 6.,  6., 30.,  8.],
        [ 0.,  2.,  9., 39.]])
2024-12-02 00:25:38,210 INFO server.py 254:: [Server] Precision=[0.69491524 0.61538464 0.5555556  0.8125    ],
 Recall=[0.82 0.48 0.6  0.78],
 F1-score=[0.7522935  0.53932583 0.57692313 0.79591835],
 my_accuracy=67.00000166893005[%]
2024-12-02 00:25:38,210 INFO _main.py 209:: ########EPOCH 21 ########
2024-12-02 00:25:38,211 INFO _main.py 210:: ###Model distribution###
2024-12-02 00:25:41,785 INFO server.py 1064:: clients' sizes=[1, 2, 1, 0, 0, 0, 2, 2, 0, 1, 0, 1, 2, 2, 2, 2, 1, 1, 2, 0, 1, 1, 1, 1, 1, 0, 1, 1, 1, 1, 2, 0, 2, 0, 1, 2, 1, 0, 2, 0], total=41
2024-12-02 00:25:41,801 INFO server.py 327:: [Server] The aggregation takes 0.413603 seconds.

2024-12-02 00:25:41,802 INFO server.py 211:: [Server] Start testing
2024-12-02 00:25:41,833 INFO server.py 235:: [Server] Test set: Average loss: 0.7285, Accuracy: 129/200 (64.5%)

2024-12-02 00:25:41,834 INFO server.py 238:: [Sever] Confusion matrix:
 tensor([[40.,  8.,  2.,  0.],
        [12., 24., 13.,  1.],
        [ 7.,  9., 24., 10.],
        [ 0.,  2.,  7., 41.]])
2024-12-02 00:25:41,836 INFO server.py 254:: [Server] Precision=[0.6779661  0.55813956 0.5217391  0.78846157],
 Recall=[0.8  0.48 0.48 0.82],
 F1-score=[0.73394495 0.516129   0.5        0.8039216 ],
 my_accuracy=64.49999809265137[%]
2024-12-02 00:25:41,836 INFO _main.py 209:: ########EPOCH 22 ########
2024-12-02 00:25:41,837 INFO _main.py 210:: ###Model distribution###
2024-12-02 00:25:45,785 INFO server.py 1064:: clients' sizes=[1, 2, 1, 0, 0, 0, 2, 2, 0, 1, 0, 1, 2, 2, 2, 2, 1, 1, 2, 0, 1, 1, 1, 1, 1, 0, 1, 1, 1, 1, 2, 0, 2, 0, 1, 2, 1, 0, 2, 0], total=41
2024-12-02 00:25:45,797 INFO server.py 327:: [Server] The aggregation takes 0.255625 seconds.

2024-12-02 00:25:45,798 INFO server.py 211:: [Server] Start testing
2024-12-02 00:25:45,817 INFO server.py 235:: [Server] Test set: Average loss: 0.7238, Accuracy: 128/200 (64.0%)

2024-12-02 00:25:45,819 INFO server.py 238:: [Sever] Confusion matrix:
 tensor([[39.,  9.,  2.,  0.],
        [12., 24., 13.,  1.],
        [ 7.,  9., 24., 10.],
        [ 0.,  2.,  7., 41.]])
2024-12-02 00:25:45,820 INFO server.py 254:: [Server] Precision=[0.67241377 0.54545456 0.5217391  0.78846157],
 Recall=[0.78 0.48 0.48 0.82],
 F1-score=[0.72222215 0.5106383  0.5        0.8039216 ],
 my_accuracy=63.999998569488525[%]
2024-12-02 00:25:45,821 INFO _main.py 209:: ########EPOCH 23 ########
2024-12-02 00:25:45,821 INFO _main.py 210:: ###Model distribution###
2024-12-02 00:25:48,554 INFO server.py 1064:: clients' sizes=[1, 2, 1, 0, 0, 0, 2, 2, 0, 1, 0, 1, 2, 2, 2, 2, 1, 1, 2, 0, 1, 1, 1, 1, 1, 0, 1, 1, 1, 1, 2, 0, 2, 0, 1, 2, 1, 0, 2, 0], total=41
2024-12-02 00:25:48,567 INFO server.py 327:: [Server] The aggregation takes 0.260741 seconds.

2024-12-02 00:25:48,568 INFO server.py 211:: [Server] Start testing
2024-12-02 00:25:48,583 INFO server.py 235:: [Server] Test set: Average loss: 0.7240, Accuracy: 131/200 (65.5%)

2024-12-02 00:25:48,585 INFO server.py 238:: [Sever] Confusion matrix:
 tensor([[40.,  8.,  2.,  0.],
        [12., 26., 11.,  1.],
        [ 7., 11., 24.,  8.],
        [ 0.,  2.,  7., 41.]])
2024-12-02 00:25:48,586 INFO server.py 254:: [Server] Precision=[0.6779661  0.5531915  0.54545456 0.82      ],
 Recall=[0.8  0.52 0.48 0.82],
 F1-score=[0.73394495 0.5360825  0.5106383  0.82      ],
 my_accuracy=65.49999713897705[%]
2024-12-02 00:25:48,587 INFO _main.py 209:: ########EPOCH 24 ########
2024-12-02 00:25:48,587 INFO _main.py 210:: ###Model distribution###
2024-12-02 00:25:51,383 INFO server.py 1064:: clients' sizes=[1, 2, 1, 0, 0, 0, 2, 2, 0, 1, 0, 1, 2, 2, 2, 2, 1, 1, 2, 0, 1, 1, 1, 1, 1, 0, 1, 1, 1, 1, 2, 0, 2, 0, 1, 2, 1, 0, 2, 0], total=41
2024-12-02 00:25:51,399 INFO server.py 327:: [Server] The aggregation takes 0.270269 seconds.

2024-12-02 00:25:51,400 INFO server.py 211:: [Server] Start testing
2024-12-02 00:25:51,414 INFO server.py 235:: [Server] Test set: Average loss: 0.7183, Accuracy: 133/200 (66.5%)

2024-12-02 00:25:51,415 INFO server.py 238:: [Sever] Confusion matrix:
 tensor([[39.,  9.,  2.,  0.],
        [12., 26., 11.,  1.],
        [ 7.,  8., 28.,  7.],
        [ 0.,  2.,  8., 40.]])
2024-12-02 00:25:51,416 INFO server.py 254:: [Server] Precision=[0.67241377 0.5777778  0.5714286  0.8333333 ],
 Recall=[0.78 0.52 0.56 0.8 ],
 F1-score=[0.72222215 0.5473684  0.5656566  0.81632656],
 my_accuracy=66.50000214576721[%]
2024-12-02 00:25:51,417 INFO _main.py 209:: ########EPOCH 25 ########
2024-12-02 00:25:51,417 INFO _main.py 210:: ###Model distribution###
2024-12-02 00:25:54,313 INFO server.py 1064:: clients' sizes=[1, 2, 1, 0, 0, 0, 2, 2, 0, 1, 0, 1, 2, 2, 2, 2, 1, 1, 2, 0, 1, 1, 1, 1, 1, 0, 1, 1, 1, 1, 2, 0, 2, 0, 1, 2, 1, 0, 2, 0], total=41
2024-12-02 00:25:54,323 INFO server.py 327:: [Server] The aggregation takes 0.256341 seconds.

2024-12-02 00:25:54,324 INFO server.py 211:: [Server] Start testing
2024-12-02 00:25:54,338 INFO server.py 235:: [Server] Test set: Average loss: 0.7219, Accuracy: 136/200 (68.0%)

2024-12-02 00:25:54,339 INFO server.py 238:: [Sever] Confusion matrix:
 tensor([[43.,  6.,  1.,  0.],
        [12., 26., 11.,  1.],
        [ 7.,  9., 24., 10.],
        [ 0.,  2.,  5., 43.]])
2024-12-02 00:25:54,340 INFO server.py 254:: [Server] Precision=[0.6935484  0.60465115 0.58536583 0.7962963 ],
 Recall=[0.86 0.52 0.48 0.86],
 F1-score=[0.7678572 0.5591397 0.5274725 0.8269231],
 my_accuracy=68.00000071525574[%]
2024-12-02 00:25:54,341 INFO _main.py 209:: ########EPOCH 26 ########
2024-12-02 00:25:54,341 INFO _main.py 210:: ###Model distribution###
2024-12-02 00:25:57,941 INFO server.py 1064:: clients' sizes=[1, 2, 1, 0, 0, 0, 2, 2, 0, 1, 0, 1, 2, 2, 2, 2, 1, 1, 2, 0, 1, 1, 1, 1, 1, 0, 1, 1, 1, 1, 2, 0, 2, 0, 1, 2, 1, 0, 2, 0], total=41
2024-12-02 00:25:57,957 INFO server.py 327:: [Server] The aggregation takes 0.362647 seconds.

2024-12-02 00:25:57,959 INFO server.py 211:: [Server] Start testing
2024-12-02 00:25:57,977 INFO server.py 235:: [Server] Test set: Average loss: 0.7051, Accuracy: 136/200 (68.0%)

2024-12-02 00:25:57,979 INFO server.py 238:: [Sever] Confusion matrix:
 tensor([[44.,  6.,  0.,  0.],
        [12., 25., 12.,  1.],
        [ 7., 10., 24.,  9.],
        [ 0.,  2.,  5., 43.]])
2024-12-02 00:25:57,980 INFO server.py 254:: [Server] Precision=[0.6984127  0.5813953  0.58536583 0.8113208 ],
 Recall=[0.88 0.5  0.48 0.86],
 F1-score=[0.778761  0.5376344 0.5274725 0.8349515],
 my_accuracy=68.00000071525574[%]
2024-12-02 00:25:57,980 INFO _main.py 209:: ########EPOCH 27 ########
2024-12-02 00:25:57,981 INFO _main.py 210:: ###Model distribution###
2024-12-02 00:26:01,746 INFO server.py 1064:: clients' sizes=[1, 2, 1, 0, 0, 0, 2, 2, 0, 1, 0, 1, 2, 2, 2, 2, 1, 1, 2, 0, 1, 1, 1, 1, 1, 0, 1, 1, 1, 1, 2, 0, 2, 0, 1, 2, 1, 0, 2, 0], total=41
2024-12-02 00:26:01,756 INFO server.py 327:: [Server] The aggregation takes 0.292356 seconds.

2024-12-02 00:26:01,757 INFO server.py 211:: [Server] Start testing
2024-12-02 00:26:01,770 INFO server.py 235:: [Server] Test set: Average loss: 0.6954, Accuracy: 137/200 (68.5%)

2024-12-02 00:26:01,772 INFO server.py 238:: [Sever] Confusion matrix:
 tensor([[44.,  6.,  0.,  0.],
        [12., 26., 11.,  1.],
        [ 6., 10., 25.,  9.],
        [ 0.,  2.,  6., 42.]])
2024-12-02 00:26:01,773 INFO server.py 254:: [Server] Precision=[0.7096774  0.59090906 0.5952381  0.8076923 ],
 Recall=[0.88 0.52 0.5  0.84],
 F1-score=[0.7857143  0.5531915  0.54347825 0.8235294 ],
 my_accuracy=68.50000023841858[%]
2024-12-02 00:26:01,773 INFO _main.py 209:: ########EPOCH 28 ########
2024-12-02 00:26:01,774 INFO _main.py 210:: ###Model distribution###
2024-12-02 00:26:04,720 INFO server.py 1064:: clients' sizes=[1, 2, 1, 0, 0, 0, 2, 2, 0, 1, 0, 1, 2, 2, 2, 2, 1, 1, 2, 0, 1, 1, 1, 1, 1, 0, 1, 1, 1, 1, 2, 0, 2, 0, 1, 2, 1, 0, 2, 0], total=41
2024-12-02 00:26:04,731 INFO server.py 327:: [Server] The aggregation takes 0.260282 seconds.

2024-12-02 00:26:04,732 INFO server.py 211:: [Server] Start testing
2024-12-02 00:26:04,746 INFO server.py 235:: [Server] Test set: Average loss: 0.6902, Accuracy: 137/200 (68.5%)

2024-12-02 00:26:04,747 INFO server.py 238:: [Sever] Confusion matrix:
 tensor([[44.,  6.,  0.,  0.],
        [12., 25., 12.,  1.],
        [ 6., 10., 25.,  9.],
        [ 0.,  2.,  5., 43.]])
2024-12-02 00:26:04,749 INFO server.py 254:: [Server] Precision=[0.7096774 0.5813953 0.5952381 0.8113208],
 Recall=[0.88 0.5  0.5  0.86],
 F1-score=[0.7857143  0.5376344  0.54347825 0.8349515 ],
 my_accuracy=68.50000023841858[%]
2024-12-02 00:26:04,749 INFO _main.py 209:: ########EPOCH 29 ########
2024-12-02 00:26:04,750 INFO _main.py 210:: ###Model distribution###
2024-12-02 00:26:07,552 INFO server.py 1064:: clients' sizes=[1, 2, 1, 0, 0, 0, 2, 2, 0, 1, 0, 1, 2, 2, 2, 2, 1, 1, 2, 0, 1, 1, 1, 1, 1, 0, 1, 1, 1, 1, 2, 0, 2, 0, 1, 2, 1, 0, 2, 0], total=41
2024-12-02 00:26:07,563 INFO server.py 327:: [Server] The aggregation takes 0.256568 seconds.

2024-12-02 00:26:07,564 INFO server.py 211:: [Server] Start testing
2024-12-02 00:26:07,578 INFO server.py 235:: [Server] Test set: Average loss: 0.6978, Accuracy: 138/200 (69.0%)

2024-12-02 00:26:07,580 INFO server.py 238:: [Sever] Confusion matrix:
 tensor([[46.,  4.,  0.,  0.],
        [13., 24., 12.,  1.],
        [ 7.,  9., 25.,  9.],
        [ 0.,  2.,  5., 43.]])
2024-12-02 00:26:07,581 INFO server.py 254:: [Server] Precision=[0.6969697  0.61538464 0.5952381  0.8113208 ],
 Recall=[0.92 0.48 0.5  0.86],
 F1-score=[0.7931034  0.53932583 0.54347825 0.8349515 ],
 my_accuracy=68.99999976158142[%]
