2024-12-02 01:41:34,949 INFO _main.py 39:: ################################################################
2024-12-02 01:41:34,951 INFO _main.py 41:: #                              batch_size: 64                  #
2024-12-02 01:41:34,954 INFO _main.py 41:: #                         test_batch_size: 32                  #
2024-12-02 01:41:34,955 INFO _main.py 41:: #                                  epochs: 1                   #
2024-12-02 01:41:34,955 INFO _main.py 41:: #                               optimizer: SGD                 #
2024-12-02 01:41:34,955 INFO _main.py 41:: #                                      lr: 0.01                #
2024-12-02 01:41:34,956 INFO _main.py 41:: #                                momentum: 0.9                 #
2024-12-02 01:41:34,956 INFO _main.py 41:: #                            weight_decay: 0.0001              #
2024-12-02 01:41:34,956 INFO _main.py 41:: #                                    seed: 1                   #
2024-12-02 01:41:34,957 INFO _main.py 41:: #                            log_interval: 11                  #
2024-12-02 01:41:34,957 INFO _main.py 41:: #                             num_clients: 40                  #
2024-12-02 01:41:34,957 INFO _main.py 41:: #                           output_folder: experiments         #
2024-12-02 01:41:34,957 INFO _main.py 41:: #                                 dataset: rockburst           #
2024-12-02 01:41:34,957 INFO _main.py 41:: #                             loader_type: dirichlet           #
2024-12-02 01:41:34,957 INFO _main.py 41:: #                             loader_path: ./data/loader.pk    #
2024-12-02 01:41:34,958 INFO _main.py 41:: #                                      AR: my_hog              #
2024-12-02 01:41:34,958 INFO _main.py 41:: #                     n_attacker_backdoor: 0                   #
2024-12-02 01:41:34,958 INFO _main.py 41:: #                        backdoor_trigger: [0, 0, 1, 1]        #
2024-12-02 01:41:34,958 INFO _main.py 41:: #                   n_attacker_omniscient: 0                   #
2024-12-02 01:41:34,959 INFO _main.py 41:: #                        omniscient_scale: 1                   #
2024-12-02 01:41:34,959 INFO _main.py 41:: #                                 attacks: None                #
2024-12-02 01:41:34,959 INFO _main.py 41:: #                      save_model_weights: False               #
2024-12-02 01:41:34,959 INFO _main.py 41:: #                         experiment_name: sExp4Ba_40ep_rockburst_my_hog_40C_5#
2024-12-02 01:41:34,959 INFO _main.py 41:: #                          path_to_aggNet: None                #
2024-12-02 01:41:34,960 INFO _main.py 41:: #                                  device: cpu                 #
2024-12-02 01:41:34,960 INFO _main.py 41:: #                            inner_epochs: 30                  #
2024-12-02 01:41:34,960 INFO _main.py 41:: #                                 verbose: True                #
2024-12-02 01:41:34,960 INFO _main.py 41:: #                         list_unreliable: [2, 18, 20]         #
2024-12-02 01:41:34,961 INFO _main.py 41:: #                     unreliable_fraction: 0.5                 #
2024-12-02 01:41:34,961 INFO _main.py 41:: #                    unreliable_fracTrain: 0.3                 #
2024-12-02 01:41:34,961 INFO _main.py 41:: #                         mean_unreliable: 0.0                 #
2024-12-02 01:41:34,961 INFO _main.py 41:: #                             blur_method: add_noise           #
2024-12-02 01:41:34,961 INFO _main.py 41:: #                      max_std_unreliable: 30.0                #
2024-12-02 01:41:34,962 INFO _main.py 41:: #                     list_uatk_add_noise: [24, 25, 26]        #
2024-12-02 01:41:34,962 INFO _main.py 41:: #                          mean_add_noise: 0.0                 #
2024-12-02 01:41:34,962 INFO _main.py 41:: #                           std_add_noise: 0.01                #
2024-12-02 01:41:34,962 INFO _main.py 41:: #                     list_uatk_flip_sign: [0, 10, 11]         #
2024-12-02 01:41:34,962 INFO _main.py 42:: ################################################################
2024-12-02 01:41:34,963 INFO _main.py 43:: Namespace(batch_size=64, test_batch_size=32, epochs=1, optimizer='SGD', lr=0.01, momentum=0.9, weight_decay=0.0001, seed=1, log_interval=11, num_clients=40, output_folder='experiments', dataset='rockburst', loader_type='dirichlet', loader_path='./data/loader.pk', AR='my_hog', n_attacker_backdoor=0, backdoor_trigger=[0, 0, 1, 1], n_attacker_omniscient=0, omniscient_scale=1, attacks=None, save_model_weights=False, experiment_name='sExp4Ba_40ep_rockburst_my_hog_40C_5', path_to_aggNet=None, device='cpu', inner_epochs=30, verbose=True, list_unreliable=[2, 18, 20], unreliable_fraction=0.5, unreliable_fracTrain=0.3, mean_unreliable=0.0, blur_method='add_noise', max_std_unreliable=30.0, list_uatk_add_noise=[24, 25, 26], mean_add_noise=0.0, std_add_noise=0.01, list_uatk_flip_sign=[0, 10, 11])
2024-12-02 01:41:34,963 INFO _main.py 44:: #####################
2024-12-02 01:41:34,963 INFO _main.py 45:: #####################
2024-12-02 01:41:34,963 INFO _main.py 46:: #####################
2024-12-02 01:41:34,964 INFO _main.py 47:: Aggregation Rule:	my_hog
2024-12-02 01:41:34,964 INFO _main.py 48:: Data distribution:	dirichlet
2024-12-02 01:41:34,964 INFO _main.py 49:: Attacks:	None 
2024-12-02 01:41:34,964 INFO _main.py 50:: #####################
2024-12-02 01:41:34,965 INFO _main.py 51:: #####################
2024-12-02 01:41:34,965 INFO _main.py 52:: #####################
2024-12-02 01:41:36,511 INFO server.py 366:: SET DBSCAN eps=1.3, min_samples=10
2024-12-02 01:41:36,514 INFO _main.py 135:: [1-normal, 0-malicious] label =tensor([0., 1., 1., 1., 1., 1., 1., 1., 1., 1., 0., 0., 1., 1., 1., 1., 1., 1.,
        1., 1., 1., 1., 1., 1., 0., 0., 0., 1., 1., 1., 1., 1., 1., 1., 1., 1.,
        1., 1., 1., 1.])
2024-12-02 01:41:36,520 INFO malicious_clients.py 123:: init ATTACK OMNISCIENT Client 0
2024-12-02 01:41:36,525 INFO malicious_clients.py 18:: init UNRELIABLE Client 2
2024-12-02 01:41:36,556 INFO malicious_clients.py 123:: init ATTACK OMNISCIENT Client 10
2024-12-02 01:41:36,560 INFO malicious_clients.py 123:: init ATTACK OMNISCIENT Client 11
2024-12-02 01:41:36,582 INFO malicious_clients.py 18:: init UNRELIABLE Client 18
2024-12-02 01:41:36,589 INFO malicious_clients.py 18:: init UNRELIABLE Client 20
2024-12-02 01:41:36,606 INFO malicious_clients.py 73:: init ATTACK ADD NOISE TO GRAD Client 24
2024-12-02 01:41:36,609 INFO malicious_clients.py 73:: init ATTACK ADD NOISE TO GRAD Client 25
2024-12-02 01:41:36,614 INFO malicious_clients.py 73:: init ATTACK ADD NOISE TO GRAD Client 26
2024-12-02 01:41:36,663 INFO server.py 211:: [Server] Start testing
2024-12-02 01:41:36,679 INFO server.py 235:: [Server] Test set: Average loss: 1.3864, Accuracy: 50/200 (25.0%)

2024-12-02 01:41:36,680 INFO server.py 238:: [Sever] Confusion matrix:
 tensor([[50.,  0.,  0.,  0.],
        [50.,  0.,  0.,  0.],
        [50.,  0.,  0.,  0.],
        [50.,  0.,  0.,  0.]])
2024-12-02 01:41:36,690 INFO server.py 254:: [Server] Precision=[0.25  nan  nan  nan],
 Recall=[1. 0. 0. 0.],
 F1-score=[0.4 nan nan nan],
 my_accuracy=25.0[%]
2024-12-02 01:41:36,692 INFO _main.py 209:: ########EPOCH 0 ########
2024-12-02 01:41:36,693 INFO _main.py 210:: ###Model distribution###
2024-12-02 01:41:39,298 INFO server.py 815:: flip_sign_id=set()
2024-12-02 01:41:39,298 INFO server.py 816:: additve id={0}
2024-12-02 01:41:39,299 INFO server.py 817:: unreliable id =set()
2024-12-02 01:41:39,300 INFO server.py 815:: flip_sign_id={0}
2024-12-02 01:41:39,301 INFO server.py 816:: additve id={1}
2024-12-02 01:41:39,301 INFO server.py 817:: unreliable id =set()
2024-12-02 01:41:39,302 INFO server.py 815:: flip_sign_id={1}
2024-12-02 01:41:39,303 INFO server.py 816:: additve id=set()
2024-12-02 01:41:39,303 INFO server.py 817:: unreliable id =set()
2024-12-02 01:41:39,305 INFO server.py 815:: flip_sign_id={1}
2024-12-02 01:41:39,305 INFO server.py 816:: additve id=set()
2024-12-02 01:41:39,305 INFO server.py 817:: unreliable id =set()
2024-12-02 01:41:39,307 INFO server.py 815:: flip_sign_id=set()
2024-12-02 01:41:39,308 INFO server.py 816:: additve id=set()
2024-12-02 01:41:39,308 INFO server.py 817:: unreliable id ={1}
2024-12-02 01:41:39,310 INFO server.py 815:: flip_sign_id=set()
2024-12-02 01:41:39,311 INFO server.py 816:: additve id=set()
2024-12-02 01:41:39,311 INFO server.py 817:: unreliable id ={1}
2024-12-02 01:41:39,314 INFO server.py 815:: flip_sign_id=set()
2024-12-02 01:41:39,319 INFO server.py 816:: additve id=set()
2024-12-02 01:41:39,319 INFO server.py 817:: unreliable id ={0, 1, 6}
2024-12-02 01:41:39,322 INFO server.py 815:: flip_sign_id={0}
2024-12-02 01:41:39,322 INFO server.py 816:: additve id={2, 7}
2024-12-02 01:41:39,322 INFO server.py 817:: unreliable id ={0, 1, 6}
2024-12-02 01:41:39,325 INFO server.py 815:: flip_sign_id=set()
2024-12-02 01:41:39,325 INFO server.py 816:: additve id=set()
2024-12-02 01:41:39,325 INFO server.py 817:: unreliable id ={0, 1, 6}
2024-12-02 01:41:39,329 INFO server.py 815:: flip_sign_id={0}
2024-12-02 01:41:39,329 INFO server.py 816:: additve id={1, 2, 6, 7}
2024-12-02 01:41:39,330 INFO server.py 817:: unreliable id ={0, 1, 6}
2024-12-02 01:41:39,333 INFO server.py 815:: flip_sign_id=set()
2024-12-02 01:41:39,333 INFO server.py 816:: additve id=set()
2024-12-02 01:41:39,334 INFO server.py 817:: unreliable id ={0, 1, 6, 9}
2024-12-02 01:41:39,337 INFO server.py 815:: flip_sign_id=set()
2024-12-02 01:41:39,338 INFO server.py 816:: additve id=set()
2024-12-02 01:41:39,338 INFO server.py 817:: unreliable id ={0, 1, 6, 9, 11}
2024-12-02 01:41:39,342 INFO server.py 815:: flip_sign_id=set()
2024-12-02 01:41:39,342 INFO server.py 816:: additve id=set()
2024-12-02 01:41:39,343 INFO server.py 817:: unreliable id ={0, 1, 6, 9, 11}
2024-12-02 01:41:39,347 INFO server.py 815:: flip_sign_id={0, 11}
2024-12-02 01:41:39,348 INFO server.py 816:: additve id={1, 6, 7, 12, 13}
2024-12-02 01:41:39,348 INFO server.py 817:: unreliable id ={0, 1, 6, 9, 11}
2024-12-02 01:41:39,353 INFO server.py 815:: flip_sign_id={0, 11}
2024-12-02 01:41:39,354 INFO server.py 816:: additve id={1, 6, 7, 12, 13, 14}
2024-12-02 01:41:39,354 INFO server.py 817:: unreliable id ={0, 1, 6, 9, 11}
2024-12-02 01:41:39,359 INFO server.py 815:: flip_sign_id={0, 11}
2024-12-02 01:41:39,359 INFO server.py 816:: additve id={1, 6, 7, 9, 12, 13, 14, 15}
2024-12-02 01:41:39,360 INFO server.py 817:: unreliable id ={0, 1, 6, 9, 11}
2024-12-02 01:41:39,365 INFO server.py 815:: flip_sign_id={0, 2, 11}
2024-12-02 01:41:39,365 INFO server.py 816:: additve id={1, 6, 7, 9, 12, 13, 14, 15, 16}
2024-12-02 01:41:39,366 INFO server.py 817:: unreliable id ={0, 1, 6, 9, 11}
2024-12-02 01:41:39,371 INFO server.py 815:: flip_sign_id={0, 11}
2024-12-02 01:41:39,372 INFO server.py 816:: additve id=set()
2024-12-02 01:41:39,372 INFO server.py 817:: unreliable id ={0, 1, 6, 9, 11}
2024-12-02 01:41:39,378 INFO server.py 815:: flip_sign_id={0, 11}
2024-12-02 01:41:39,379 INFO server.py 816:: additve id=set()
2024-12-02 01:41:39,379 INFO server.py 817:: unreliable id ={0, 1, 6, 9, 11}
2024-12-02 01:41:39,385 INFO server.py 815:: flip_sign_id={0, 11}
2024-12-02 01:41:39,386 INFO server.py 816:: additve id=set()
2024-12-02 01:41:39,386 INFO server.py 817:: unreliable id ={0, 1, 6, 9, 11}
2024-12-02 01:41:39,392 INFO server.py 815:: flip_sign_id={0, 11}
2024-12-02 01:41:39,393 INFO server.py 816:: additve id=set()
2024-12-02 01:41:39,393 INFO server.py 817:: unreliable id ={0, 1, 6, 9, 11}
2024-12-02 01:41:39,399 INFO server.py 815:: flip_sign_id={0, 11}
2024-12-02 01:41:39,400 INFO server.py 816:: additve id=set()
2024-12-02 01:41:39,400 INFO server.py 817:: unreliable id ={0, 1, 6, 9, 11}
2024-12-02 01:41:39,407 INFO server.py 815:: flip_sign_id={0, 11}
2024-12-02 01:41:39,407 INFO server.py 816:: additve id=set()
2024-12-02 01:41:39,408 INFO server.py 817:: unreliable id ={0, 1, 6, 9, 11}
2024-12-02 01:41:39,415 INFO server.py 815:: flip_sign_id={0, 11}
2024-12-02 01:41:39,416 INFO server.py 816:: additve id=set()
2024-12-02 01:41:39,416 INFO server.py 817:: unreliable id ={0, 1, 6, 9, 11}
2024-12-02 01:41:39,424 INFO server.py 815:: flip_sign_id={0, 11}
2024-12-02 01:41:39,424 INFO server.py 816:: additve id=set()
2024-12-02 01:41:39,424 INFO server.py 817:: unreliable id ={0, 1, 6, 9, 11}
2024-12-02 01:41:39,433 INFO server.py 815:: flip_sign_id={0, 11}
2024-12-02 01:41:39,434 INFO server.py 816:: additve id=set()
2024-12-02 01:41:39,434 INFO server.py 817:: unreliable id ={0, 1, 6, 9, 11}
2024-12-02 01:41:39,443 INFO server.py 815:: flip_sign_id={0, 11}
2024-12-02 01:41:39,443 INFO server.py 816:: additve id=set()
2024-12-02 01:41:39,444 INFO server.py 817:: unreliable id ={0, 1, 6, 9, 11}
2024-12-02 01:41:39,453 INFO server.py 815:: flip_sign_id={0, 18, 11}
2024-12-02 01:41:39,454 INFO server.py 816:: additve id=set()
2024-12-02 01:41:39,454 INFO server.py 817:: unreliable id ={0, 1, 2, 6, 9, 11, 20, 22, 24, 25, 26}
2024-12-02 01:41:39,463 INFO server.py 815:: flip_sign_id={0, 18, 11}
2024-12-02 01:41:39,463 INFO server.py 816:: additve id=set()
2024-12-02 01:41:39,463 INFO server.py 817:: unreliable id ={0, 1, 2, 6, 9, 11, 20, 22, 24, 25, 26}
2024-12-02 01:41:39,473 INFO server.py 815:: flip_sign_id={0, 18, 2, 11}
2024-12-02 01:41:39,474 INFO server.py 816:: additve id=set()
2024-12-02 01:41:39,474 INFO server.py 817:: unreliable id ={0, 1, 2, 6, 9, 11, 20, 22, 24, 25, 26}
2024-12-02 01:41:39,484 INFO server.py 815:: flip_sign_id={0, 18, 2, 11}
2024-12-02 01:41:39,484 INFO server.py 816:: additve id=set()
2024-12-02 01:41:39,484 INFO server.py 817:: unreliable id ={0, 1, 2, 6, 9, 11, 20, 22, 24, 25, 26}
2024-12-02 01:41:39,494 INFO server.py 815:: flip_sign_id={0, 18, 2, 11}
2024-12-02 01:41:39,495 INFO server.py 816:: additve id=set()
2024-12-02 01:41:39,495 INFO server.py 817:: unreliable id ={0, 1, 2, 6, 9, 11, 20, 22, 24, 25, 26}
2024-12-02 01:41:39,505 INFO server.py 815:: flip_sign_id={0, 18, 2, 11}
2024-12-02 01:41:39,506 INFO server.py 816:: additve id=set()
2024-12-02 01:41:39,506 INFO server.py 817:: unreliable id ={0, 1, 2, 6, 9, 11, 20, 22, 24, 25, 26}
2024-12-02 01:41:39,516 INFO server.py 815:: flip_sign_id={0, 18, 2, 11}
2024-12-02 01:41:39,517 INFO server.py 816:: additve id=set()
2024-12-02 01:41:39,517 INFO server.py 817:: unreliable id ={0, 1, 2, 6, 9, 11, 20, 22, 24, 25, 26}
2024-12-02 01:41:39,528 INFO server.py 815:: flip_sign_id={0, 18, 2, 11}
2024-12-02 01:41:39,529 INFO server.py 816:: additve id=set()
2024-12-02 01:41:39,529 INFO server.py 817:: unreliable id ={0, 1, 2, 6, 9, 11, 20, 22, 24, 25, 26}
2024-12-02 01:41:39,543 INFO server.py 815:: flip_sign_id={0, 18, 2, 11}
2024-12-02 01:41:39,544 INFO server.py 816:: additve id=set()
2024-12-02 01:41:39,544 INFO server.py 817:: unreliable id ={0, 1, 2, 6, 9, 11, 20, 22, 24, 25, 26}
2024-12-02 01:41:39,556 INFO server.py 815:: flip_sign_id={0, 18, 2, 11}
2024-12-02 01:41:39,556 INFO server.py 816:: additve id=set()
2024-12-02 01:41:39,556 INFO server.py 817:: unreliable id ={0, 1, 2, 6, 9, 11, 20, 22, 24, 25, 26}
2024-12-02 01:41:39,568 INFO server.py 815:: flip_sign_id={0, 18, 2, 11}
2024-12-02 01:41:39,569 INFO server.py 816:: additve id=set()
2024-12-02 01:41:39,569 INFO server.py 817:: unreliable id ={0, 1, 2, 6, 9, 11, 20, 22, 24, 25, 26}
2024-12-02 01:41:39,581 INFO server.py 815:: flip_sign_id={0, 18, 2, 11}
2024-12-02 01:41:39,582 INFO server.py 816:: additve id=set()
2024-12-02 01:41:39,582 INFO server.py 817:: unreliable id ={0, 1, 2, 6, 9, 11, 20, 22, 24, 25, 26}
2024-12-02 01:41:39,595 INFO server.py 815:: flip_sign_id={0, 18, 2, 11}
2024-12-02 01:41:39,596 INFO server.py 816:: additve id=set()
2024-12-02 01:41:39,596 INFO server.py 817:: unreliable id ={0, 1, 2, 6, 9, 11, 20, 22, 24, 25, 26}
2024-12-02 01:41:39,598 INFO server.py 1078:: clients' sizes=[1, 2, 1, 0, 0, 0, 2, 2, 0, 1, 0, 1, 2, 2, 2, 2, 1, 1, 2, 0, 1, 1, 1, 1, 1, 0, 1, 1, 1, 1, 2, 0, 2, 0, 1, 2, 1, 0, 2, 0], total=41
2024-12-02 01:41:39,609 INFO server.py 327:: [Server] The aggregation takes 0.311916 seconds.

2024-12-02 01:41:39,610 INFO server.py 211:: [Server] Start testing
2024-12-02 01:41:39,624 INFO server.py 235:: [Server] Test set: Average loss: 1.3313, Accuracy: 71/200 (35.5%)

2024-12-02 01:41:39,625 INFO server.py 238:: [Sever] Confusion matrix:
 tensor([[50.,  0.,  0.,  0.],
        [50.,  0.,  0.,  0.],
        [50.,  0.,  0.,  0.],
        [29.,  0.,  0., 21.]])
2024-12-02 01:41:39,627 INFO server.py 254:: [Server] Precision=[0.2793296       nan       nan 1.       ],
 Recall=[1.   0.   0.   0.42],
 F1-score=[0.43668124        nan        nan 0.5915493 ],
 my_accuracy=35.499998927116394[%]
