2024-12-01 20:35:15,737 INFO _main.py 39:: ################################################################
2024-12-01 20:35:15,739 INFO _main.py 41:: #                              batch_size: 64                  #
2024-12-01 20:35:15,741 INFO _main.py 41:: #                         test_batch_size: 32                  #
2024-12-01 20:35:15,741 INFO _main.py 41:: #                                  epochs: 10                  #
2024-12-01 20:35:15,741 INFO _main.py 41:: #                               optimizer: SGD                 #
2024-12-01 20:35:15,741 INFO _main.py 41:: #                                      lr: 0.01                #
2024-12-01 20:35:15,742 INFO _main.py 41:: #                                momentum: 0.9                 #
2024-12-01 20:35:15,742 INFO _main.py 41:: #                            weight_decay: 0.0001              #
2024-12-01 20:35:15,742 INFO _main.py 41:: #                                    seed: 1                   #
2024-12-01 20:35:15,742 INFO _main.py 41:: #                            log_interval: 11                  #
2024-12-01 20:35:15,742 INFO _main.py 41:: #                             num_clients: 40                  #
2024-12-01 20:35:15,743 INFO _main.py 41:: #                           output_folder: experiments         #
2024-12-01 20:35:15,743 INFO _main.py 41:: #                                 dataset: rockburst           #
2024-12-01 20:35:15,743 INFO _main.py 41:: #                             loader_type: dirichlet           #
2024-12-01 20:35:15,743 INFO _main.py 41:: #                             loader_path: ./data/loader.pk    #
2024-12-01 20:35:15,743 INFO _main.py 41:: #                                      AR: my_hog              #
2024-12-01 20:35:15,744 INFO _main.py 41:: #                     n_attacker_backdoor: 0                   #
2024-12-01 20:35:15,750 INFO _main.py 41:: #                        backdoor_trigger: [0, 0, 1, 1]        #
2024-12-01 20:35:15,751 INFO _main.py 41:: #                   n_attacker_omniscient: 0                   #
2024-12-01 20:35:15,752 INFO _main.py 41:: #                        omniscient_scale: 1                   #
2024-12-01 20:35:15,752 INFO _main.py 41:: #                                 attacks: None                #
2024-12-01 20:35:15,753 INFO _main.py 41:: #                      save_model_weights: False               #
2024-12-01 20:35:15,753 INFO _main.py 41:: #                         experiment_name: sExp4Ba_40ep_rockburst_my_hog_40C_5#
2024-12-01 20:35:15,753 INFO _main.py 41:: #                          path_to_aggNet: None                #
2024-12-01 20:35:15,753 INFO _main.py 41:: #                                  device: cpu                 #
2024-12-01 20:35:15,754 INFO _main.py 41:: #                            inner_epochs: 4                   #
2024-12-01 20:35:15,754 INFO _main.py 41:: #                                 verbose: True                #
2024-12-01 20:35:15,754 INFO _main.py 41:: #                         list_unreliable: [2, 18, 20]         #
2024-12-01 20:35:15,755 INFO _main.py 41:: #                     unreliable_fraction: 0.5                 #
2024-12-01 20:35:15,755 INFO _main.py 41:: #                    unreliable_fracTrain: 0.3                 #
2024-12-01 20:35:15,755 INFO _main.py 41:: #                         mean_unreliable: 0.0                 #
2024-12-01 20:35:15,755 INFO _main.py 41:: #                             blur_method: add_noise           #
2024-12-01 20:35:15,756 INFO _main.py 41:: #                      max_std_unreliable: 30.0                #
2024-12-01 20:35:15,756 INFO _main.py 41:: #                     list_uatk_add_noise: [24, 25, 26]        #
2024-12-01 20:35:15,756 INFO _main.py 41:: #                          mean_add_noise: 0.0                 #
2024-12-01 20:35:15,756 INFO _main.py 41:: #                           std_add_noise: 0.01                #
2024-12-01 20:35:15,757 INFO _main.py 41:: #                     list_uatk_flip_sign: [0, 10, 11]         #
2024-12-01 20:35:15,757 INFO _main.py 42:: ################################################################
2024-12-01 20:35:15,757 INFO _main.py 43:: Namespace(batch_size=64, test_batch_size=32, epochs=10, optimizer='SGD', lr=0.01, momentum=0.9, weight_decay=0.0001, seed=1, log_interval=11, num_clients=40, output_folder='experiments', dataset='rockburst', loader_type='dirichlet', loader_path='./data/loader.pk', AR='my_hog', n_attacker_backdoor=0, backdoor_trigger=[0, 0, 1, 1], n_attacker_omniscient=0, omniscient_scale=1, attacks=None, save_model_weights=False, experiment_name='sExp4Ba_40ep_rockburst_my_hog_40C_5', path_to_aggNet=None, device='cpu', inner_epochs=4, verbose=True, list_unreliable=[2, 18, 20], unreliable_fraction=0.5, unreliable_fracTrain=0.3, mean_unreliable=0.0, blur_method='add_noise', max_std_unreliable=30.0, list_uatk_add_noise=[24, 25, 26], mean_add_noise=0.0, std_add_noise=0.01, list_uatk_flip_sign=[0, 10, 11])
2024-12-01 20:35:15,757 INFO _main.py 44:: #####################
2024-12-01 20:35:15,758 INFO _main.py 45:: #####################
2024-12-01 20:35:15,758 INFO _main.py 46:: #####################
2024-12-01 20:35:15,758 INFO _main.py 47:: Aggregation Rule:	my_hog
2024-12-01 20:35:15,758 INFO _main.py 48:: Data distribution:	dirichlet
2024-12-01 20:35:15,758 INFO _main.py 49:: Attacks:	None 
2024-12-01 20:35:15,759 INFO _main.py 50:: #####################
2024-12-01 20:35:15,759 INFO _main.py 51:: #####################
2024-12-01 20:35:15,759 INFO _main.py 52:: #####################
2024-12-01 20:35:18,088 INFO server.py 366:: SET DBSCAN eps=1.3, min_samples=10
2024-12-01 20:35:18,092 INFO _main.py 135:: [1-normal, 0-malicious] label =tensor([0., 1., 1., 1., 1., 1., 1., 1., 1., 1., 0., 0., 1., 1., 1., 1., 1., 1.,
        1., 1., 1., 1., 1., 1., 0., 0., 0., 1., 1., 1., 1., 1., 1., 1., 1., 1.,
        1., 1., 1., 1.])
2024-12-01 20:35:18,101 INFO malicious_clients.py 117:: init ATTACK OMNISCIENT Client 0
2024-12-01 20:35:18,108 INFO malicious_clients.py 18:: init UNRELIABLE Client 2
2024-12-01 20:35:18,159 INFO malicious_clients.py 117:: init ATTACK OMNISCIENT Client 10
2024-12-01 20:35:18,167 INFO malicious_clients.py 117:: init ATTACK OMNISCIENT Client 11
2024-12-01 20:35:18,205 INFO malicious_clients.py 18:: init UNRELIABLE Client 18
2024-12-01 20:35:18,217 INFO malicious_clients.py 18:: init UNRELIABLE Client 20
2024-12-01 20:35:18,245 INFO malicious_clients.py 73:: init ATTACK ADD NOISE TO GRAD Client 24
2024-12-01 20:35:18,251 INFO malicious_clients.py 73:: init ATTACK ADD NOISE TO GRAD Client 25
2024-12-01 20:35:18,258 INFO malicious_clients.py 73:: init ATTACK ADD NOISE TO GRAD Client 26
2024-12-01 20:35:18,344 INFO server.py 211:: [Server] Start testing
2024-12-01 20:35:18,370 INFO server.py 235:: [Server] Test set: Average loss: 1.3864, Accuracy: 50/200 (25.0%)

2024-12-01 20:35:18,371 INFO server.py 238:: [Sever] Confusion matrix:
 tensor([[50.,  0.,  0.,  0.],
        [50.,  0.,  0.,  0.],
        [50.,  0.,  0.,  0.],
        [50.,  0.,  0.,  0.]])
2024-12-01 20:35:18,380 INFO server.py 254:: [Server] Precision=[0.25  nan  nan  nan],
 Recall=[1. 0. 0. 0.],
 F1-score=[0.4 nan nan nan],
 my_accuracy=25.0[%]
2024-12-01 20:35:18,384 INFO _main.py 209:: ########EPOCH 0 ########
2024-12-01 20:35:18,386 INFO _main.py 210:: ###Model distribution###
2024-12-01 20:35:19,059 INFO server.py 1064:: clients' sizes=[1, 0, 0, 0, 0, 0, 1, 0, 1, 0, 1, 0, 0, 0, 0], total=4
2024-12-01 20:35:19,064 INFO server.py 327:: [Server] The aggregation takes 0.241473 seconds.

2024-12-01 20:35:19,065 INFO server.py 211:: [Server] Start testing
2024-12-01 20:35:19,080 INFO server.py 235:: [Server] Test set: Average loss: 1.3867, Accuracy: 50/200 (25.0%)

2024-12-01 20:35:19,081 INFO server.py 238:: [Sever] Confusion matrix:
 tensor([[50.,  0.,  0.,  0.],
        [50.,  0.,  0.,  0.],
        [50.,  0.,  0.,  0.],
        [50.,  0.,  0.,  0.]])
2024-12-01 20:35:19,083 INFO server.py 254:: [Server] Precision=[0.25  nan  nan  nan],
 Recall=[1. 0. 0. 0.],
 F1-score=[0.4 nan nan nan],
 my_accuracy=25.0[%]
2024-12-01 20:35:19,084 INFO _main.py 209:: ########EPOCH 1 ########
2024-12-01 20:35:19,085 INFO _main.py 210:: ###Model distribution###
2024-12-01 20:35:19,760 INFO server.py 1064:: clients' sizes=[1, 0, 0, 0, 0, 0, 1, 2, 0, 1, 0, 1, 0, 0, 0, 0], total=6
2024-12-01 20:35:19,765 INFO server.py 327:: [Server] The aggregation takes 0.231919 seconds.

2024-12-01 20:35:19,766 INFO server.py 211:: [Server] Start testing
2024-12-01 20:35:19,779 INFO server.py 235:: [Server] Test set: Average loss: 1.3878, Accuracy: 50/200 (25.0%)

2024-12-01 20:35:19,780 INFO server.py 238:: [Sever] Confusion matrix:
 tensor([[50.,  0.,  0.,  0.],
        [50.,  0.,  0.,  0.],
        [50.,  0.,  0.,  0.],
        [50.,  0.,  0.,  0.]])
2024-12-01 20:35:19,782 INFO server.py 254:: [Server] Precision=[0.25  nan  nan  nan],
 Recall=[1. 0. 0. 0.],
 F1-score=[0.4 nan nan nan],
 my_accuracy=25.0[%]
2024-12-01 20:35:19,783 INFO _main.py 209:: ########EPOCH 2 ########
2024-12-01 20:35:19,783 INFO _main.py 210:: ###Model distribution###
2024-12-01 20:35:20,452 INFO server.py 1064:: clients' sizes=[1, 1, 0, 0, 0, 0, 0, 1, 2, 0, 1, 1, 1, 0, 1, 0, 0, 0, 0], total=9
2024-12-01 20:35:20,458 INFO server.py 327:: [Server] The aggregation takes 0.235891 seconds.

2024-12-01 20:35:20,459 INFO server.py 211:: [Server] Start testing
2024-12-01 20:35:20,472 INFO server.py 235:: [Server] Test set: Average loss: 1.3886, Accuracy: 50/200 (25.0%)

2024-12-01 20:35:20,473 INFO server.py 238:: [Sever] Confusion matrix:
 tensor([[50.,  0.,  0.,  0.],
        [50.,  0.,  0.,  0.],
        [50.,  0.,  0.,  0.],
        [50.,  0.,  0.,  0.]])
2024-12-01 20:35:20,475 INFO server.py 254:: [Server] Precision=[0.25  nan  nan  nan],
 Recall=[1. 0. 0. 0.],
 F1-score=[0.4 nan nan nan],
 my_accuracy=25.0[%]
2024-12-01 20:35:20,476 INFO _main.py 209:: ########EPOCH 3 ########
2024-12-01 20:35:20,476 INFO _main.py 210:: ###Model distribution###
2024-12-01 20:35:21,143 INFO server.py 1064:: clients' sizes=[1, 1, 0, 0, 0, 0, 0, 1, 2, 0, 1, 1, 1, 0, 1, 0, 0, 0, 0], total=9
2024-12-01 20:35:21,148 INFO server.py 327:: [Server] The aggregation takes 0.231659 seconds.

2024-12-01 20:35:21,149 INFO server.py 211:: [Server] Start testing
2024-12-01 20:35:21,164 INFO server.py 235:: [Server] Test set: Average loss: 1.3890, Accuracy: 50/200 (25.0%)

2024-12-01 20:35:21,165 INFO server.py 238:: [Sever] Confusion matrix:
 tensor([[50.,  0.,  0.,  0.],
        [50.,  0.,  0.,  0.],
        [50.,  0.,  0.,  0.],
        [50.,  0.,  0.,  0.]])
2024-12-01 20:35:21,166 INFO server.py 254:: [Server] Precision=[0.25  nan  nan  nan],
 Recall=[1. 0. 0. 0.],
 F1-score=[0.4 nan nan nan],
 my_accuracy=25.0[%]
2024-12-01 20:35:21,167 INFO _main.py 209:: ########EPOCH 4 ########
2024-12-01 20:35:21,167 INFO _main.py 210:: ###Model distribution###
2024-12-01 20:35:21,807 INFO server.py 1064:: clients' sizes=[1, 1, 0, 0, 0, 0, 0, 1, 2, 0, 1, 1, 0, 1, 0, 0, 0, 0], total=8
2024-12-01 20:35:21,812 INFO server.py 327:: [Server] The aggregation takes 0.223107 seconds.

2024-12-01 20:35:21,813 INFO server.py 211:: [Server] Start testing
2024-12-01 20:35:21,827 INFO server.py 235:: [Server] Test set: Average loss: 1.3906, Accuracy: 50/200 (25.0%)

2024-12-01 20:35:21,828 INFO server.py 238:: [Sever] Confusion matrix:
 tensor([[50.,  0.,  0.,  0.],
        [50.,  0.,  0.,  0.],
        [50.,  0.,  0.,  0.],
        [50.,  0.,  0.,  0.]])
2024-12-01 20:35:21,830 INFO server.py 254:: [Server] Precision=[0.25  nan  nan  nan],
 Recall=[1. 0. 0. 0.],
 F1-score=[0.4 nan nan nan],
 my_accuracy=25.0[%]
2024-12-01 20:35:21,830 INFO _main.py 209:: ########EPOCH 5 ########
2024-12-01 20:35:21,830 INFO _main.py 210:: ###Model distribution###
2024-12-01 20:35:22,472 INFO server.py 1064:: clients' sizes=[1, 1, 0, 0, 0, 0, 0, 1, 2, 0, 1, 1, 0, 1, 0, 0, 0, 0], total=8
2024-12-01 20:35:22,478 INFO server.py 327:: [Server] The aggregation takes 0.225366 seconds.

2024-12-01 20:35:22,479 INFO server.py 211:: [Server] Start testing
2024-12-01 20:35:22,492 INFO server.py 235:: [Server] Test set: Average loss: 1.3918, Accuracy: 50/200 (25.0%)

2024-12-01 20:35:22,494 INFO server.py 238:: [Sever] Confusion matrix:
 tensor([[50.,  0.,  0.,  0.],
        [50.,  0.,  0.,  0.],
        [50.,  0.,  0.,  0.],
        [50.,  0.,  0.,  0.]])
2024-12-01 20:35:22,495 INFO server.py 254:: [Server] Precision=[0.25  nan  nan  nan],
 Recall=[1. 0. 0. 0.],
 F1-score=[0.4 nan nan nan],
 my_accuracy=25.0[%]
2024-12-01 20:35:22,496 INFO _main.py 209:: ########EPOCH 6 ########
2024-12-01 20:35:22,496 INFO _main.py 210:: ###Model distribution###
2024-12-01 20:35:23,157 INFO server.py 1064:: clients' sizes=[1, 1, 0, 0, 0, 0, 0, 1, 0, 1, 1, 0, 1, 0, 0, 0, 0], total=6
2024-12-01 20:35:23,161 INFO server.py 327:: [Server] The aggregation takes 0.234642 seconds.

2024-12-01 20:35:23,162 INFO server.py 211:: [Server] Start testing
2024-12-01 20:35:23,176 INFO server.py 235:: [Server] Test set: Average loss: 1.3935, Accuracy: 50/200 (25.0%)

2024-12-01 20:35:23,177 INFO server.py 238:: [Sever] Confusion matrix:
 tensor([[50.,  0.,  0.,  0.],
        [50.,  0.,  0.,  0.],
        [50.,  0.,  0.,  0.],
        [50.,  0.,  0.,  0.]])
2024-12-01 20:35:23,178 INFO server.py 254:: [Server] Precision=[0.25  nan  nan  nan],
 Recall=[1. 0. 0. 0.],
 F1-score=[0.4 nan nan nan],
 my_accuracy=25.0[%]
2024-12-01 20:35:23,179 INFO _main.py 209:: ########EPOCH 7 ########
2024-12-01 20:35:23,179 INFO _main.py 210:: ###Model distribution###
2024-12-01 20:35:23,853 INFO server.py 1064:: clients' sizes=[1, 1, 0, 0, 0, 0, 0, 1, 0, 1, 1, 0, 1, 0, 0, 0, 0], total=6
2024-12-01 20:35:23,860 INFO server.py 327:: [Server] The aggregation takes 0.232606 seconds.

2024-12-01 20:35:23,861 INFO server.py 211:: [Server] Start testing
2024-12-01 20:35:23,875 INFO server.py 235:: [Server] Test set: Average loss: 1.3955, Accuracy: 50/200 (25.0%)

2024-12-01 20:35:23,877 INFO server.py 238:: [Sever] Confusion matrix:
 tensor([[50.,  0.,  0.,  0.],
        [50.,  0.,  0.,  0.],
        [50.,  0.,  0.,  0.],
        [50.,  0.,  0.,  0.]])
2024-12-01 20:35:23,878 INFO server.py 254:: [Server] Precision=[0.25  nan  nan  nan],
 Recall=[1. 0. 0. 0.],
 F1-score=[0.4 nan nan nan],
 my_accuracy=25.0[%]
2024-12-01 20:35:23,879 INFO _main.py 209:: ########EPOCH 8 ########
2024-12-01 20:35:23,879 INFO _main.py 210:: ###Model distribution###
2024-12-01 20:35:24,534 INFO server.py 1064:: clients' sizes=[1, 1, 0, 0, 0, 0, 0, 1, 2, 0, 1, 1, 0, 1, 0, 0, 0, 0], total=8
2024-12-01 20:35:24,540 INFO server.py 327:: [Server] The aggregation takes 0.234098 seconds.

2024-12-01 20:35:24,541 INFO server.py 211:: [Server] Start testing
2024-12-01 20:35:24,557 INFO server.py 235:: [Server] Test set: Average loss: 1.3968, Accuracy: 50/200 (25.0%)

2024-12-01 20:35:24,559 INFO server.py 238:: [Sever] Confusion matrix:
 tensor([[50.,  0.,  0.,  0.],
        [50.,  0.,  0.,  0.],
        [50.,  0.,  0.,  0.],
        [50.,  0.,  0.,  0.]])
2024-12-01 20:35:24,560 INFO server.py 254:: [Server] Precision=[0.25  nan  nan  nan],
 Recall=[1. 0. 0. 0.],
 F1-score=[0.4 nan nan nan],
 my_accuracy=25.0[%]
2024-12-01 20:35:24,561 INFO _main.py 209:: ########EPOCH 9 ########
2024-12-01 20:35:24,562 INFO _main.py 210:: ###Model distribution###
2024-12-01 20:35:25,302 INFO server.py 1064:: clients' sizes=[1, 1, 0, 0, 0, 0, 0, 1, 0, 1, 1, 0, 1, 0, 0, 0, 0], total=6
2024-12-01 20:35:25,307 INFO server.py 327:: [Server] The aggregation takes 0.283004 seconds.

2024-12-01 20:35:25,308 INFO server.py 211:: [Server] Start testing
2024-12-01 20:35:25,322 INFO server.py 235:: [Server] Test set: Average loss: 1.3990, Accuracy: 50/200 (25.0%)

2024-12-01 20:35:25,323 INFO server.py 238:: [Sever] Confusion matrix:
 tensor([[50.,  0.,  0.,  0.],
        [50.,  0.,  0.,  0.],
        [50.,  0.,  0.,  0.],
        [50.,  0.,  0.,  0.]])
2024-12-01 20:35:25,324 INFO server.py 254:: [Server] Precision=[0.25  nan  nan  nan],
 Recall=[1. 0. 0. 0.],
 F1-score=[0.4 nan nan nan],
 my_accuracy=25.0[%]
