2024-12-01 20:55:21,755 INFO _main.py 39:: ################################################################
2024-12-01 20:55:21,757 INFO _main.py 41:: #                              batch_size: 64                  #
2024-12-01 20:55:21,759 INFO _main.py 41:: #                         test_batch_size: 32                  #
2024-12-01 20:55:21,760 INFO _main.py 41:: #                                  epochs: 10                  #
2024-12-01 20:55:21,762 INFO _main.py 41:: #                               optimizer: SGD                 #
2024-12-01 20:55:21,762 INFO _main.py 41:: #                                      lr: 0.01                #
2024-12-01 20:55:21,762 INFO _main.py 41:: #                                momentum: 0.9                 #
2024-12-01 20:55:21,762 INFO _main.py 41:: #                            weight_decay: 0.0001              #
2024-12-01 20:55:21,763 INFO _main.py 41:: #                                    seed: 1                   #
2024-12-01 20:55:21,763 INFO _main.py 41:: #                            log_interval: 11                  #
2024-12-01 20:55:21,763 INFO _main.py 41:: #                             num_clients: 40                  #
2024-12-01 20:55:21,764 INFO _main.py 41:: #                           output_folder: experiments         #
2024-12-01 20:55:21,764 INFO _main.py 41:: #                                 dataset: rockburst           #
2024-12-01 20:55:21,764 INFO _main.py 41:: #                             loader_type: dirichlet           #
2024-12-01 20:55:21,765 INFO _main.py 41:: #                             loader_path: ./data/loader.pk    #
2024-12-01 20:55:21,765 INFO _main.py 41:: #                                      AR: my_hog              #
2024-12-01 20:55:21,765 INFO _main.py 41:: #                     n_attacker_backdoor: 0                   #
2024-12-01 20:55:21,765 INFO _main.py 41:: #                        backdoor_trigger: [0, 0, 1, 1]        #
2024-12-01 20:55:21,766 INFO _main.py 41:: #                   n_attacker_omniscient: 0                   #
2024-12-01 20:55:21,766 INFO _main.py 41:: #                        omniscient_scale: 1                   #
2024-12-01 20:55:21,766 INFO _main.py 41:: #                                 attacks: None                #
2024-12-01 20:55:21,766 INFO _main.py 41:: #                      save_model_weights: False               #
2024-12-01 20:55:21,766 INFO _main.py 41:: #                         experiment_name: sExp4Ba_40ep_rockburst_my_hog_40C_5#
2024-12-01 20:55:21,767 INFO _main.py 41:: #                          path_to_aggNet: None                #
2024-12-01 20:55:21,767 INFO _main.py 41:: #                                  device: cpu                 #
2024-12-01 20:55:21,767 INFO _main.py 41:: #                            inner_epochs: 4                   #
2024-12-01 20:55:21,767 INFO _main.py 41:: #                                 verbose: True                #
2024-12-01 20:55:21,768 INFO _main.py 41:: #                         list_unreliable: [2, 18, 20]         #
2024-12-01 20:55:21,768 INFO _main.py 41:: #                     unreliable_fraction: 0.5                 #
2024-12-01 20:55:21,768 INFO _main.py 41:: #                    unreliable_fracTrain: 0.3                 #
2024-12-01 20:55:21,768 INFO _main.py 41:: #                         mean_unreliable: 0.0                 #
2024-12-01 20:55:21,768 INFO _main.py 41:: #                             blur_method: add_noise           #
2024-12-01 20:55:21,769 INFO _main.py 41:: #                      max_std_unreliable: 30.0                #
2024-12-01 20:55:21,769 INFO _main.py 41:: #                     list_uatk_add_noise: [24, 25, 26]        #
2024-12-01 20:55:21,769 INFO _main.py 41:: #                          mean_add_noise: 0.0                 #
2024-12-01 20:55:21,769 INFO _main.py 41:: #                           std_add_noise: 0.01                #
2024-12-01 20:55:21,769 INFO _main.py 41:: #                     list_uatk_flip_sign: [0, 10, 11]         #
2024-12-01 20:55:21,769 INFO _main.py 42:: ################################################################
2024-12-01 20:55:21,770 INFO _main.py 43:: Namespace(batch_size=64, test_batch_size=32, epochs=10, optimizer='SGD', lr=0.01, momentum=0.9, weight_decay=0.0001, seed=1, log_interval=11, num_clients=40, output_folder='experiments', dataset='rockburst', loader_type='dirichlet', loader_path='./data/loader.pk', AR='my_hog', n_attacker_backdoor=0, backdoor_trigger=[0, 0, 1, 1], n_attacker_omniscient=0, omniscient_scale=1, attacks=None, save_model_weights=False, experiment_name='sExp4Ba_40ep_rockburst_my_hog_40C_5', path_to_aggNet=None, device='cpu', inner_epochs=4, verbose=True, list_unreliable=[2, 18, 20], unreliable_fraction=0.5, unreliable_fracTrain=0.3, mean_unreliable=0.0, blur_method='add_noise', max_std_unreliable=30.0, list_uatk_add_noise=[24, 25, 26], mean_add_noise=0.0, std_add_noise=0.01, list_uatk_flip_sign=[0, 10, 11])
2024-12-01 20:55:21,770 INFO _main.py 44:: #####################
2024-12-01 20:55:21,770 INFO _main.py 45:: #####################
2024-12-01 20:55:21,770 INFO _main.py 46:: #####################
2024-12-01 20:55:21,771 INFO _main.py 47:: Aggregation Rule:	my_hog
2024-12-01 20:55:21,771 INFO _main.py 48:: Data distribution:	dirichlet
2024-12-01 20:55:21,771 INFO _main.py 49:: Attacks:	None 
2024-12-01 20:55:21,771 INFO _main.py 50:: #####################
2024-12-01 20:55:21,771 INFO _main.py 51:: #####################
2024-12-01 20:55:21,772 INFO _main.py 52:: #####################
2024-12-01 20:55:23,337 INFO server.py 366:: SET DBSCAN eps=1.3, min_samples=10
2024-12-01 20:55:23,340 INFO _main.py 135:: [1-normal, 0-malicious] label =tensor([0., 1., 1., 1., 1., 1., 1., 1., 1., 1., 0., 0., 1., 1., 1., 1., 1., 1.,
        1., 1., 1., 1., 1., 1., 0., 0., 0., 1., 1., 1., 1., 1., 1., 1., 1., 1.,
        1., 1., 1., 1.])
2024-12-01 20:55:23,346 INFO malicious_clients.py 117:: init ATTACK OMNISCIENT Client 0
2024-12-01 20:55:23,351 INFO malicious_clients.py 18:: init UNRELIABLE Client 2
2024-12-01 20:55:23,380 INFO malicious_clients.py 117:: init ATTACK OMNISCIENT Client 10
2024-12-01 20:55:23,384 INFO malicious_clients.py 117:: init ATTACK OMNISCIENT Client 11
2024-12-01 20:55:23,405 INFO malicious_clients.py 18:: init UNRELIABLE Client 18
2024-12-01 20:55:23,412 INFO malicious_clients.py 18:: init UNRELIABLE Client 20
2024-12-01 20:55:23,429 INFO malicious_clients.py 73:: init ATTACK ADD NOISE TO GRAD Client 24
2024-12-01 20:55:23,433 INFO malicious_clients.py 73:: init ATTACK ADD NOISE TO GRAD Client 25
2024-12-01 20:55:23,436 INFO malicious_clients.py 73:: init ATTACK ADD NOISE TO GRAD Client 26
2024-12-01 20:55:23,489 INFO server.py 211:: [Server] Start testing
2024-12-01 20:55:23,508 INFO server.py 235:: [Server] Test set: Average loss: 1.3864, Accuracy: 50/200 (25.0%)

2024-12-01 20:55:23,509 INFO server.py 238:: [Sever] Confusion matrix:
 tensor([[50.,  0.,  0.,  0.],
        [50.,  0.,  0.,  0.],
        [50.,  0.,  0.,  0.],
        [50.,  0.,  0.,  0.]])
2024-12-01 20:55:23,518 INFO server.py 254:: [Server] Precision=[0.25  nan  nan  nan],
 Recall=[1. 0. 0. 0.],
 F1-score=[0.4 nan nan nan],
 my_accuracy=25.0[%]
2024-12-01 20:55:23,522 INFO _main.py 209:: ########EPOCH 0 ########
2024-12-01 20:55:23,524 INFO _main.py 210:: ###Model distribution###
2024-12-01 20:55:27,469 INFO server.py 1064:: clients' sizes=[1, 0, 0, 0, 0, 0, 1, 0, 0, 0, 0, 0, 0], total=2
2024-12-01 20:55:27,476 INFO server.py 327:: [Server] The aggregation takes 3.416732 seconds.

2024-12-01 20:55:27,477 INFO server.py 211:: [Server] Start testing
2024-12-01 20:55:27,520 INFO server.py 235:: [Server] Test set: Average loss: 1.3871, Accuracy: 50/200 (25.0%)

2024-12-01 20:55:27,522 INFO server.py 238:: [Sever] Confusion matrix:
 tensor([[50.,  0.,  0.,  0.],
        [50.,  0.,  0.,  0.],
        [50.,  0.,  0.,  0.],
        [50.,  0.,  0.,  0.]])
2024-12-01 20:55:27,526 INFO server.py 254:: [Server] Precision=[0.25  nan  nan  nan],
 Recall=[1. 0. 0. 0.],
 F1-score=[0.4 nan nan nan],
 my_accuracy=25.0[%]
2024-12-01 20:55:27,527 INFO _main.py 209:: ########EPOCH 1 ########
2024-12-01 20:55:27,528 INFO _main.py 210:: ###Model distribution###
2024-12-01 20:55:31,654 INFO server.py 1064:: clients' sizes=[1, 1, 0, 0, 0, 0, 0, 1, 0, 1, 0, 0, 0, 0, 0], total=4
2024-12-01 20:55:31,659 INFO server.py 327:: [Server] The aggregation takes 3.425413 seconds.

2024-12-01 20:55:31,660 INFO server.py 211:: [Server] Start testing
2024-12-01 20:55:31,676 INFO server.py 235:: [Server] Test set: Average loss: 1.3883, Accuracy: 50/200 (25.0%)

2024-12-01 20:55:31,677 INFO server.py 238:: [Sever] Confusion matrix:
 tensor([[50.,  0.,  0.,  0.],
        [50.,  0.,  0.,  0.],
        [50.,  0.,  0.,  0.],
        [50.,  0.,  0.,  0.]])
2024-12-01 20:55:31,679 INFO server.py 254:: [Server] Precision=[0.25  nan  nan  nan],
 Recall=[1. 0. 0. 0.],
 F1-score=[0.4 nan nan nan],
 my_accuracy=25.0[%]
2024-12-01 20:55:31,680 INFO _main.py 209:: ########EPOCH 2 ########
2024-12-01 20:55:31,680 INFO _main.py 210:: ###Model distribution###
2024-12-01 20:55:35,542 INFO server.py 1064:: clients' sizes=[1, 0, 0, 0, 0, 0, 1, 0, 1, 0, 0, 0, 0, 0], total=3
2024-12-01 20:55:35,547 INFO server.py 327:: [Server] The aggregation takes 3.355380 seconds.

2024-12-01 20:55:35,548 INFO server.py 211:: [Server] Start testing
2024-12-01 20:55:35,563 INFO server.py 235:: [Server] Test set: Average loss: 1.3899, Accuracy: 50/200 (25.0%)

2024-12-01 20:55:35,564 INFO server.py 238:: [Sever] Confusion matrix:
 tensor([[50.,  0.,  0.,  0.],
        [50.,  0.,  0.,  0.],
        [50.,  0.,  0.,  0.],
        [50.,  0.,  0.,  0.]])
2024-12-01 20:55:35,566 INFO server.py 254:: [Server] Precision=[0.25  nan  nan  nan],
 Recall=[1. 0. 0. 0.],
 F1-score=[0.4 nan nan nan],
 my_accuracy=25.0[%]
2024-12-01 20:55:35,566 INFO _main.py 209:: ########EPOCH 3 ########
2024-12-01 20:55:35,567 INFO _main.py 210:: ###Model distribution###
2024-12-01 20:55:39,567 INFO server.py 1064:: clients' sizes=[1, 1, 0, 0, 0, 0, 0, 1, 0, 1, 0, 0, 0, 0, 0], total=4
2024-12-01 20:55:39,576 INFO server.py 327:: [Server] The aggregation takes 3.569239 seconds.

2024-12-01 20:55:39,577 INFO server.py 211:: [Server] Start testing
2024-12-01 20:55:39,601 INFO server.py 235:: [Server] Test set: Average loss: 1.3917, Accuracy: 50/200 (25.0%)

2024-12-01 20:55:39,603 INFO server.py 238:: [Sever] Confusion matrix:
 tensor([[50.,  0.,  0.,  0.],
        [50.,  0.,  0.,  0.],
        [50.,  0.,  0.,  0.],
        [50.,  0.,  0.,  0.]])
2024-12-01 20:55:39,604 INFO server.py 254:: [Server] Precision=[0.25  nan  nan  nan],
 Recall=[1. 0. 0. 0.],
 F1-score=[0.4 nan nan nan],
 my_accuracy=25.0[%]
2024-12-01 20:55:39,606 INFO _main.py 209:: ########EPOCH 4 ########
2024-12-01 20:55:39,610 INFO _main.py 210:: ###Model distribution###
2024-12-01 20:55:43,667 INFO server.py 1064:: clients' sizes=[1, 1, 0, 0, 0, 0, 0, 1, 2, 0, 1, 0, 0, 0, 0, 0], total=6
2024-12-01 20:55:43,672 INFO server.py 327:: [Server] The aggregation takes 3.447102 seconds.

2024-12-01 20:55:43,673 INFO server.py 211:: [Server] Start testing
2024-12-01 20:55:43,688 INFO server.py 235:: [Server] Test set: Average loss: 1.3930, Accuracy: 50/200 (25.0%)

2024-12-01 20:55:43,689 INFO server.py 238:: [Sever] Confusion matrix:
 tensor([[50.,  0.,  0.,  0.],
        [50.,  0.,  0.,  0.],
        [50.,  0.,  0.,  0.],
        [50.,  0.,  0.,  0.]])
2024-12-01 20:55:43,691 INFO server.py 254:: [Server] Precision=[0.25  nan  nan  nan],
 Recall=[1. 0. 0. 0.],
 F1-score=[0.4 nan nan nan],
 my_accuracy=25.0[%]
2024-12-01 20:55:43,691 INFO _main.py 209:: ########EPOCH 5 ########
2024-12-01 20:55:43,692 INFO _main.py 210:: ###Model distribution###
2024-12-01 20:55:47,586 INFO server.py 1064:: clients' sizes=[1, 1, 0, 0, 0, 0, 0, 1, 2, 0, 1, 0, 0, 0, 0, 0], total=6
2024-12-01 20:55:47,592 INFO server.py 327:: [Server] The aggregation takes 3.440715 seconds.

2024-12-01 20:55:47,593 INFO server.py 211:: [Server] Start testing
2024-12-01 20:55:47,607 INFO server.py 235:: [Server] Test set: Average loss: 1.3949, Accuracy: 50/200 (25.0%)

2024-12-01 20:55:47,608 INFO server.py 238:: [Sever] Confusion matrix:
 tensor([[50.,  0.,  0.,  0.],
        [50.,  0.,  0.,  0.],
        [50.,  0.,  0.,  0.],
        [50.,  0.,  0.,  0.]])
2024-12-01 20:55:47,610 INFO server.py 254:: [Server] Precision=[0.25  nan  nan  nan],
 Recall=[1. 0. 0. 0.],
 F1-score=[0.4 nan nan nan],
 my_accuracy=25.0[%]
2024-12-01 20:55:47,610 INFO _main.py 209:: ########EPOCH 6 ########
2024-12-01 20:55:47,610 INFO _main.py 210:: ###Model distribution###
2024-12-01 20:55:51,764 INFO server.py 1064:: clients' sizes=[1, 1, 0, 0, 0, 0, 0, 1, 0, 1, 0, 0, 0, 0, 0], total=4
2024-12-01 20:55:51,768 INFO server.py 327:: [Server] The aggregation takes 3.596267 seconds.

2024-12-01 20:55:51,769 INFO server.py 211:: [Server] Start testing
2024-12-01 20:55:51,783 INFO server.py 235:: [Server] Test set: Average loss: 1.3967, Accuracy: 50/200 (25.0%)

2024-12-01 20:55:51,785 INFO server.py 238:: [Sever] Confusion matrix:
 tensor([[50.,  0.,  0.,  0.],
        [50.,  0.,  0.,  0.],
        [50.,  0.,  0.,  0.],
        [50.,  0.,  0.,  0.]])
2024-12-01 20:55:51,787 INFO server.py 254:: [Server] Precision=[0.25  nan  nan  nan],
 Recall=[1. 0. 0. 0.],
 F1-score=[0.4 nan nan nan],
 my_accuracy=25.0[%]
2024-12-01 20:55:51,787 INFO _main.py 209:: ########EPOCH 7 ########
2024-12-01 20:55:51,788 INFO _main.py 210:: ###Model distribution###
2024-12-01 20:55:55,684 INFO server.py 1064:: clients' sizes=[1, 1, 0, 0, 0, 0, 0, 1, 2, 0, 1, 0, 0, 0, 0, 0], total=6
2024-12-01 20:55:55,695 INFO server.py 327:: [Server] The aggregation takes 3.385822 seconds.

2024-12-01 20:55:55,696 INFO server.py 211:: [Server] Start testing
2024-12-01 20:55:55,727 INFO server.py 235:: [Server] Test set: Average loss: 1.3985, Accuracy: 50/200 (25.0%)

2024-12-01 20:55:55,732 INFO server.py 238:: [Sever] Confusion matrix:
 tensor([[50.,  0.,  0.,  0.],
        [50.,  0.,  0.,  0.],
        [50.,  0.,  0.,  0.],
        [50.,  0.,  0.,  0.]])
2024-12-01 20:55:55,735 INFO server.py 254:: [Server] Precision=[0.25  nan  nan  nan],
 Recall=[1. 0. 0. 0.],
 F1-score=[0.4 nan nan nan],
 my_accuracy=25.0[%]
2024-12-01 20:55:55,736 INFO _main.py 209:: ########EPOCH 8 ########
2024-12-01 20:55:55,737 INFO _main.py 210:: ###Model distribution###
2024-12-01 20:55:59,890 INFO server.py 1064:: clients' sizes=[1, 1, 0, 0, 0, 0, 0, 1, 2, 0, 1, 0, 0, 0, 0, 0], total=6
2024-12-01 20:55:59,899 INFO server.py 327:: [Server] The aggregation takes 3.511554 seconds.

2024-12-01 20:55:59,901 INFO server.py 211:: [Server] Start testing
2024-12-01 20:55:59,914 INFO server.py 235:: [Server] Test set: Average loss: 1.4006, Accuracy: 50/200 (25.0%)

2024-12-01 20:55:59,916 INFO server.py 238:: [Sever] Confusion matrix:
 tensor([[50.,  0.,  0.,  0.],
        [50.,  0.,  0.,  0.],
        [50.,  0.,  0.,  0.],
        [50.,  0.,  0.,  0.]])
2024-12-01 20:55:59,917 INFO server.py 254:: [Server] Precision=[0.25  nan  nan  nan],
 Recall=[1. 0. 0. 0.],
 F1-score=[0.4 nan nan nan],
 my_accuracy=25.0[%]
2024-12-01 20:55:59,918 INFO _main.py 209:: ########EPOCH 9 ########
2024-12-01 20:55:59,918 INFO _main.py 210:: ###Model distribution###
2024-12-01 20:56:03,768 INFO server.py 1064:: clients' sizes=[1, 1, 0, 0, 0, 0, 0, 1, 2, 0, 1, 1, 0, 0, 0, 0, 0], total=7
2024-12-01 20:56:03,774 INFO server.py 327:: [Server] The aggregation takes 3.403571 seconds.

2024-12-01 20:56:03,775 INFO server.py 211:: [Server] Start testing
2024-12-01 20:56:03,792 INFO server.py 235:: [Server] Test set: Average loss: 1.4023, Accuracy: 50/200 (25.0%)

2024-12-01 20:56:03,793 INFO server.py 238:: [Sever] Confusion matrix:
 tensor([[50.,  0.,  0.,  0.],
        [50.,  0.,  0.,  0.],
        [50.,  0.,  0.,  0.],
        [50.,  0.,  0.,  0.]])
2024-12-01 20:56:03,794 INFO server.py 254:: [Server] Precision=[0.25  nan  nan  nan],
 Recall=[1. 0. 0. 0.],
 F1-score=[0.4 nan nan nan],
 my_accuracy=25.0[%]
