2024-12-01 21:17:37,566 INFO _main.py 39:: ################################################################
2024-12-01 21:17:37,568 INFO _main.py 41:: #                              batch_size: 64                  #
2024-12-01 21:17:37,569 INFO _main.py 41:: #                         test_batch_size: 32                  #
2024-12-01 21:17:37,569 INFO _main.py 41:: #                                  epochs: 10                  #
2024-12-01 21:17:37,570 INFO _main.py 41:: #                               optimizer: SGD                 #
2024-12-01 21:17:37,570 INFO _main.py 41:: #                                      lr: 0.01                #
2024-12-01 21:17:37,570 INFO _main.py 41:: #                                momentum: 0.9                 #
2024-12-01 21:17:37,570 INFO _main.py 41:: #                            weight_decay: 0.0001              #
2024-12-01 21:17:37,571 INFO _main.py 41:: #                                    seed: 1                   #
2024-12-01 21:17:37,572 INFO _main.py 41:: #                            log_interval: 11                  #
2024-12-01 21:17:37,573 INFO _main.py 41:: #                             num_clients: 40                  #
2024-12-01 21:17:37,573 INFO _main.py 41:: #                           output_folder: experiments         #
2024-12-01 21:17:37,573 INFO _main.py 41:: #                                 dataset: rockburst           #
2024-12-01 21:17:37,573 INFO _main.py 41:: #                             loader_type: dirichlet           #
2024-12-01 21:17:37,573 INFO _main.py 41:: #                             loader_path: ./data/loader.pk    #
2024-12-01 21:17:37,573 INFO _main.py 41:: #                                      AR: my_hog              #
2024-12-01 21:17:37,574 INFO _main.py 41:: #                     n_attacker_backdoor: 0                   #
2024-12-01 21:17:37,574 INFO _main.py 41:: #                        backdoor_trigger: [0, 0, 1, 1]        #
2024-12-01 21:17:37,574 INFO _main.py 41:: #                   n_attacker_omniscient: 0                   #
2024-12-01 21:17:37,574 INFO _main.py 41:: #                        omniscient_scale: 1                   #
2024-12-01 21:17:37,574 INFO _main.py 41:: #                                 attacks: None                #
2024-12-01 21:17:37,574 INFO _main.py 41:: #                      save_model_weights: False               #
2024-12-01 21:17:37,574 INFO _main.py 41:: #                         experiment_name: sExp4Ba_40ep_rockburst_my_hog_40C_5#
2024-12-01 21:17:37,574 INFO _main.py 41:: #                          path_to_aggNet: None                #
2024-12-01 21:17:37,575 INFO _main.py 41:: #                                  device: cpu                 #
2024-12-01 21:17:37,575 INFO _main.py 41:: #                            inner_epochs: 4                   #
2024-12-01 21:17:37,575 INFO _main.py 41:: #                                 verbose: True                #
2024-12-01 21:17:37,575 INFO _main.py 41:: #                         list_unreliable: [2, 18, 20]         #
2024-12-01 21:17:37,575 INFO _main.py 41:: #                     unreliable_fraction: 0.5                 #
2024-12-01 21:17:37,575 INFO _main.py 41:: #                    unreliable_fracTrain: 0.3                 #
2024-12-01 21:17:37,575 INFO _main.py 41:: #                         mean_unreliable: 0.0                 #
2024-12-01 21:17:37,576 INFO _main.py 41:: #                             blur_method: add_noise           #
2024-12-01 21:17:37,576 INFO _main.py 41:: #                      max_std_unreliable: 30.0                #
2024-12-01 21:17:37,576 INFO _main.py 41:: #                     list_uatk_add_noise: [24, 25, 26]        #
2024-12-01 21:17:37,576 INFO _main.py 41:: #                          mean_add_noise: 0.0                 #
2024-12-01 21:17:37,576 INFO _main.py 41:: #                           std_add_noise: 0.01                #
2024-12-01 21:17:37,576 INFO _main.py 41:: #                     list_uatk_flip_sign: [0, 10, 11]         #
2024-12-01 21:17:37,576 INFO _main.py 42:: ################################################################
2024-12-01 21:17:37,577 INFO _main.py 43:: Namespace(batch_size=64, test_batch_size=32, epochs=10, optimizer='SGD', lr=0.01, momentum=0.9, weight_decay=0.0001, seed=1, log_interval=11, num_clients=40, output_folder='experiments', dataset='rockburst', loader_type='dirichlet', loader_path='./data/loader.pk', AR='my_hog', n_attacker_backdoor=0, backdoor_trigger=[0, 0, 1, 1], n_attacker_omniscient=0, omniscient_scale=1, attacks=None, save_model_weights=False, experiment_name='sExp4Ba_40ep_rockburst_my_hog_40C_5', path_to_aggNet=None, device='cpu', inner_epochs=4, verbose=True, list_unreliable=[2, 18, 20], unreliable_fraction=0.5, unreliable_fracTrain=0.3, mean_unreliable=0.0, blur_method='add_noise', max_std_unreliable=30.0, list_uatk_add_noise=[24, 25, 26], mean_add_noise=0.0, std_add_noise=0.01, list_uatk_flip_sign=[0, 10, 11])
2024-12-01 21:17:37,577 INFO _main.py 44:: #####################
2024-12-01 21:17:37,577 INFO _main.py 45:: #####################
2024-12-01 21:17:37,577 INFO _main.py 46:: #####################
2024-12-01 21:17:37,577 INFO _main.py 47:: Aggregation Rule:	my_hog
2024-12-01 21:17:37,577 INFO _main.py 48:: Data distribution:	dirichlet
2024-12-01 21:17:37,578 INFO _main.py 49:: Attacks:	None 
2024-12-01 21:17:37,578 INFO _main.py 50:: #####################
2024-12-01 21:17:37,578 INFO _main.py 51:: #####################
2024-12-01 21:17:37,578 INFO _main.py 52:: #####################
2024-12-01 21:17:39,802 INFO server.py 366:: SET DBSCAN eps=1.3, min_samples=10
2024-12-01 21:17:39,807 INFO _main.py 135:: [1-normal, 0-malicious] label =tensor([0., 1., 1., 1., 1., 1., 1., 1., 1., 1., 0., 0., 1., 1., 1., 1., 1., 1.,
        1., 1., 1., 1., 1., 1., 0., 0., 0., 1., 1., 1., 1., 1., 1., 1., 1., 1.,
        1., 1., 1., 1.])
2024-12-01 21:17:39,816 INFO malicious_clients.py 123:: init ATTACK OMNISCIENT Client 0
2024-12-01 21:17:39,823 INFO malicious_clients.py 18:: init UNRELIABLE Client 2
2024-12-01 21:17:39,872 INFO malicious_clients.py 123:: init ATTACK OMNISCIENT Client 10
2024-12-01 21:17:39,878 INFO malicious_clients.py 123:: init ATTACK OMNISCIENT Client 11
2024-12-01 21:17:39,915 INFO malicious_clients.py 18:: init UNRELIABLE Client 18
2024-12-01 21:17:39,926 INFO malicious_clients.py 18:: init UNRELIABLE Client 20
2024-12-01 21:17:39,954 INFO malicious_clients.py 73:: init ATTACK ADD NOISE TO GRAD Client 24
2024-12-01 21:17:39,963 INFO malicious_clients.py 73:: init ATTACK ADD NOISE TO GRAD Client 25
2024-12-01 21:17:39,969 INFO malicious_clients.py 73:: init ATTACK ADD NOISE TO GRAD Client 26
2024-12-01 21:17:40,053 INFO server.py 211:: [Server] Start testing
2024-12-01 21:17:40,082 INFO server.py 235:: [Server] Test set: Average loss: 1.3864, Accuracy: 50/200 (25.0%)

2024-12-01 21:17:40,084 INFO server.py 238:: [Sever] Confusion matrix:
 tensor([[50.,  0.,  0.,  0.],
        [50.,  0.,  0.,  0.],
        [50.,  0.,  0.,  0.],
        [50.,  0.,  0.,  0.]])
2024-12-01 21:17:40,093 INFO server.py 254:: [Server] Precision=[0.25  nan  nan  nan],
 Recall=[1. 0. 0. 0.],
 F1-score=[0.4 nan nan nan],
 my_accuracy=25.0[%]
2024-12-01 21:17:40,100 INFO _main.py 209:: ########EPOCH 0 ########
2024-12-01 21:17:40,101 INFO _main.py 210:: ###Model distribution###
2024-12-01 21:17:44,187 INFO server.py 1064:: clients' sizes=[1, 2, 1, 0, 0, 0, 2, 2, 0, 1, 0, 1, 2, 2, 2, 2, 1, 1, 2, 0, 1, 1, 1, 1, 1, 0, 1, 1, 1, 1, 2, 0, 2, 0, 1, 2, 1, 0, 2, 0], total=41
2024-12-01 21:17:44,203 INFO server.py 327:: [Server] The aggregation takes 3.579680 seconds.

2024-12-01 21:17:44,205 INFO server.py 211:: [Server] Start testing
2024-12-01 21:17:44,226 INFO server.py 235:: [Server] Test set: Average loss: 1.3840, Accuracy: 50/200 (25.0%)

2024-12-01 21:17:44,228 INFO server.py 238:: [Sever] Confusion matrix:
 tensor([[50.,  0.,  0.,  0.],
        [50.,  0.,  0.,  0.],
        [50.,  0.,  0.,  0.],
        [50.,  0.,  0.,  0.]])
2024-12-01 21:17:44,229 INFO server.py 254:: [Server] Precision=[0.25  nan  nan  nan],
 Recall=[1. 0. 0. 0.],
 F1-score=[0.4 nan nan nan],
 my_accuracy=25.0[%]
2024-12-01 21:17:44,230 INFO _main.py 209:: ########EPOCH 1 ########
2024-12-01 21:17:44,230 INFO _main.py 210:: ###Model distribution###
2024-12-01 21:17:48,387 INFO server.py 1064:: clients' sizes=[1, 1, 0, 0, 0, 2, 0, 0, 1, 2, 2, 1, 1, 2, 0, 1, 1, 1, 1, 1, 0, 1, 1, 1, 0, 2, 0, 1, 2, 0, 2, 0], total=28
2024-12-01 21:17:48,397 INFO server.py 327:: [Server] The aggregation takes 3.683085 seconds.

2024-12-01 21:17:48,398 INFO server.py 211:: [Server] Start testing
2024-12-01 21:17:48,412 INFO server.py 235:: [Server] Test set: Average loss: 1.3810, Accuracy: 50/200 (25.0%)

2024-12-01 21:17:48,413 INFO server.py 238:: [Sever] Confusion matrix:
 tensor([[50.,  0.,  0.,  0.],
        [50.,  0.,  0.,  0.],
        [50.,  0.,  0.,  0.],
        [50.,  0.,  0.,  0.]])
2024-12-01 21:17:48,415 INFO server.py 254:: [Server] Precision=[0.25  nan  nan  nan],
 Recall=[1. 0. 0. 0.],
 F1-score=[0.4 nan nan nan],
 my_accuracy=25.0[%]
2024-12-01 21:17:48,415 INFO _main.py 209:: ########EPOCH 2 ########
2024-12-01 21:17:48,416 INFO _main.py 210:: ###Model distribution###
2024-12-01 21:17:52,604 INFO server.py 1064:: clients' sizes=[1, 1, 0, 0, 0, 2, 0, 0, 1, 2, 2, 1, 1, 2, 0, 1, 1, 1, 1, 1, 0, 1, 1, 1, 0, 2, 0, 1, 2, 0, 2, 0], total=28
2024-12-01 21:17:52,617 INFO server.py 327:: [Server] The aggregation takes 3.756184 seconds.

2024-12-01 21:17:52,619 INFO server.py 211:: [Server] Start testing
2024-12-01 21:17:52,638 INFO server.py 235:: [Server] Test set: Average loss: 1.3772, Accuracy: 50/200 (25.0%)

2024-12-01 21:17:52,640 INFO server.py 238:: [Sever] Confusion matrix:
 tensor([[50.,  0.,  0.,  0.],
        [50.,  0.,  0.,  0.],
        [50.,  0.,  0.,  0.],
        [50.,  0.,  0.,  0.]])
2024-12-01 21:17:52,641 INFO server.py 254:: [Server] Precision=[0.25  nan  nan  nan],
 Recall=[1. 0. 0. 0.],
 F1-score=[0.4 nan nan nan],
 my_accuracy=25.0[%]
2024-12-01 21:17:52,642 INFO _main.py 209:: ########EPOCH 3 ########
2024-12-01 21:17:52,642 INFO _main.py 210:: ###Model distribution###
2024-12-01 21:17:57,007 INFO server.py 1064:: clients' sizes=[1, 1, 0, 0, 0, 2, 0, 0, 1, 2, 2, 1, 1, 2, 0, 1, 1, 1, 1, 1, 0, 1, 1, 1, 0, 2, 0, 1, 2, 0, 2, 0], total=28
2024-12-01 21:17:57,018 INFO server.py 327:: [Server] The aggregation takes 3.671291 seconds.

2024-12-01 21:17:57,019 INFO server.py 211:: [Server] Start testing
2024-12-01 21:17:57,035 INFO server.py 235:: [Server] Test set: Average loss: 1.3728, Accuracy: 50/200 (25.0%)

2024-12-01 21:17:57,037 INFO server.py 238:: [Sever] Confusion matrix:
 tensor([[50.,  0.,  0.,  0.],
        [50.,  0.,  0.,  0.],
        [50.,  0.,  0.,  0.],
        [50.,  0.,  0.,  0.]])
2024-12-01 21:17:57,039 INFO server.py 254:: [Server] Precision=[0.25  nan  nan  nan],
 Recall=[1. 0. 0. 0.],
 F1-score=[0.4 nan nan nan],
 my_accuracy=25.0[%]
2024-12-01 21:17:57,039 INFO _main.py 209:: ########EPOCH 4 ########
2024-12-01 21:17:57,040 INFO _main.py 210:: ###Model distribution###
2024-12-01 21:18:01,333 INFO server.py 1064:: clients' sizes=[1, 1, 0, 0, 0, 2, 0, 0, 1, 2, 2, 1, 1, 2, 0, 1, 1, 1, 1, 1, 0, 1, 1, 1, 0, 2, 0, 1, 2, 0, 2, 0], total=28
2024-12-01 21:18:01,343 INFO server.py 327:: [Server] The aggregation takes 3.841275 seconds.

2024-12-01 21:18:01,344 INFO server.py 211:: [Server] Start testing
2024-12-01 21:18:01,359 INFO server.py 235:: [Server] Test set: Average loss: 1.3686, Accuracy: 50/200 (25.0%)

2024-12-01 21:18:01,360 INFO server.py 238:: [Sever] Confusion matrix:
 tensor([[50.,  0.,  0.,  0.],
        [50.,  0.,  0.,  0.],
        [50.,  0.,  0.,  0.],
        [50.,  0.,  0.,  0.]])
2024-12-01 21:18:01,361 INFO server.py 254:: [Server] Precision=[0.25  nan  nan  nan],
 Recall=[1. 0. 0. 0.],
 F1-score=[0.4 nan nan nan],
 my_accuracy=25.0[%]
2024-12-01 21:18:01,362 INFO _main.py 209:: ########EPOCH 5 ########
2024-12-01 21:18:01,362 INFO _main.py 210:: ###Model distribution###
2024-12-01 21:18:05,740 INFO server.py 1064:: clients' sizes=[1, 1, 0, 0, 0, 2, 0, 0, 1, 2, 2, 1, 1, 2, 0, 1, 1, 1, 1, 1, 0, 1, 1, 1, 0, 2, 0, 1, 2, 0, 2, 0], total=28
2024-12-01 21:18:05,764 INFO server.py 327:: [Server] The aggregation takes 3.882031 seconds.

2024-12-01 21:18:05,766 INFO server.py 211:: [Server] Start testing
2024-12-01 21:18:05,807 INFO server.py 235:: [Server] Test set: Average loss: 1.3640, Accuracy: 54/200 (27.0%)

2024-12-01 21:18:05,811 INFO server.py 238:: [Sever] Confusion matrix:
 tensor([[50.,  0.,  0.,  0.],
        [50.,  0.,  0.,  0.],
        [50.,  0.,  0.,  0.],
        [46.,  0.,  0.,  4.]])
2024-12-01 21:18:05,814 INFO server.py 254:: [Server] Precision=[0.25510204        nan        nan 1.        ],
 Recall=[1.   0.   0.   0.08],
 F1-score=[0.40650406        nan        nan 0.14814813],
 my_accuracy=27.000001072883606[%]
2024-12-01 21:18:05,815 INFO _main.py 209:: ########EPOCH 6 ########
2024-12-01 21:18:05,815 INFO _main.py 210:: ###Model distribution###
2024-12-01 21:18:10,353 INFO server.py 1064:: clients' sizes=[1, 1, 0, 0, 0, 2, 0, 0, 1, 2, 2, 1, 1, 2, 0, 1, 1, 1, 1, 1, 0, 1, 1, 1, 0, 2, 0, 1, 2, 0, 2, 0], total=28
2024-12-01 21:18:10,361 INFO server.py 327:: [Server] The aggregation takes 3.901981 seconds.

2024-12-01 21:18:10,362 INFO server.py 211:: [Server] Start testing
2024-12-01 21:18:10,377 INFO server.py 235:: [Server] Test set: Average loss: 1.3589, Accuracy: 62/200 (31.0%)

2024-12-01 21:18:10,378 INFO server.py 238:: [Sever] Confusion matrix:
 tensor([[50.,  0.,  0.,  0.],
        [50.,  0.,  0.,  0.],
        [50.,  0.,  0.,  0.],
        [38.,  0.,  0., 12.]])
2024-12-01 21:18:10,379 INFO server.py 254:: [Server] Precision=[0.26595744        nan        nan 1.        ],
 Recall=[1.   0.   0.   0.24],
 F1-score=[0.42016804        nan        nan 0.38709676],
 my_accuracy=31.00000023841858[%]
2024-12-01 21:18:10,380 INFO _main.py 209:: ########EPOCH 7 ########
2024-12-01 21:18:10,381 INFO _main.py 210:: ###Model distribution###
2024-12-01 21:18:14,660 INFO server.py 1064:: clients' sizes=[1, 1, 0, 0, 0, 2, 0, 0, 1, 2, 2, 1, 1, 2, 0, 1, 1, 1, 1, 1, 0, 1, 1, 1, 0, 2, 0, 1, 2, 0, 2, 0], total=28
2024-12-01 21:18:14,668 INFO server.py 327:: [Server] The aggregation takes 3.838829 seconds.

2024-12-01 21:18:14,670 INFO server.py 211:: [Server] Start testing
2024-12-01 21:18:14,684 INFO server.py 235:: [Server] Test set: Average loss: 1.3536, Accuracy: 64/200 (32.0%)

2024-12-01 21:18:14,686 INFO server.py 238:: [Sever] Confusion matrix:
 tensor([[50.,  0.,  0.,  0.],
        [50.,  0.,  0.,  0.],
        [50.,  0.,  0.,  0.],
        [36.,  0.,  0., 14.]])
2024-12-01 21:18:14,687 INFO server.py 254:: [Server] Precision=[0.26881722        nan        nan 1.        ],
 Recall=[1.   0.   0.   0.28],
 F1-score=[0.42372882        nan        nan 0.4375    ],
 my_accuracy=31.999999284744263[%]
2024-12-01 21:18:14,688 INFO _main.py 209:: ########EPOCH 8 ########
2024-12-01 21:18:14,688 INFO _main.py 210:: ###Model distribution###
2024-12-01 21:18:19,078 INFO server.py 1064:: clients' sizes=[1, 1, 0, 0, 0, 2, 0, 0, 1, 2, 2, 1, 1, 2, 0, 1, 1, 1, 1, 1, 0, 1, 1, 1, 0, 2, 0, 1, 2, 0, 2, 0], total=28
2024-12-01 21:18:19,097 INFO server.py 327:: [Server] The aggregation takes 3.931877 seconds.

2024-12-01 21:18:19,100 INFO server.py 211:: [Server] Start testing
2024-12-01 21:18:19,131 INFO server.py 235:: [Server] Test set: Average loss: 1.3480, Accuracy: 65/200 (32.5%)

2024-12-01 21:18:19,133 INFO server.py 238:: [Sever] Confusion matrix:
 tensor([[50.,  0.,  0.,  0.],
        [50.,  0.,  0.,  0.],
        [50.,  0.,  0.,  0.],
        [35.,  0.,  0., 15.]])
2024-12-01 21:18:19,135 INFO server.py 254:: [Server] Precision=[0.27027026        nan        nan 1.        ],
 Recall=[1.  0.  0.  0.3],
 F1-score=[0.42553192        nan        nan 0.4615385 ],
 my_accuracy=32.499998807907104[%]
2024-12-01 21:18:19,136 INFO _main.py 209:: ########EPOCH 9 ########
2024-12-01 21:18:19,139 INFO _main.py 210:: ###Model distribution###
2024-12-01 21:18:23,400 INFO server.py 1064:: clients' sizes=[1, 1, 0, 0, 0, 2, 0, 0, 1, 2, 2, 1, 1, 2, 0, 1, 1, 1, 1, 1, 0, 1, 1, 1, 0, 2, 0, 1, 2, 0, 2, 0], total=28
2024-12-01 21:18:23,408 INFO server.py 327:: [Server] The aggregation takes 3.672330 seconds.

2024-12-01 21:18:23,409 INFO server.py 211:: [Server] Start testing
2024-12-01 21:18:23,423 INFO server.py 235:: [Server] Test set: Average loss: 1.3419, Accuracy: 66/200 (33.0%)

2024-12-01 21:18:23,424 INFO server.py 238:: [Sever] Confusion matrix:
 tensor([[50.,  0.,  0.,  0.],
        [50.,  0.,  0.,  0.],
        [50.,  0.,  0.,  0.],
        [34.,  0.,  0., 16.]])
2024-12-01 21:18:23,426 INFO server.py 254:: [Server] Precision=[0.27173913        nan        nan 1.        ],
 Recall=[1.   0.   0.   0.32],
 F1-score=[0.42735043        nan        nan 0.4848485 ],
 my_accuracy=33.000001311302185[%]
