2024-12-01 23:17:25,224 INFO _main.py 39:: ################################################################
2024-12-01 23:17:25,225 INFO _main.py 41:: #                              batch_size: 64                  #
2024-12-01 23:17:25,227 INFO _main.py 41:: #                         test_batch_size: 32                  #
2024-12-01 23:17:25,228 INFO _main.py 41:: #                                  epochs: 5                   #
2024-12-01 23:17:25,229 INFO _main.py 41:: #                               optimizer: SGD                 #
2024-12-01 23:17:25,230 INFO _main.py 41:: #                                      lr: 0.01                #
2024-12-01 23:17:25,230 INFO _main.py 41:: #                                momentum: 0.9                 #
2024-12-01 23:17:25,230 INFO _main.py 41:: #                            weight_decay: 0.0001              #
2024-12-01 23:17:25,230 INFO _main.py 41:: #                                    seed: 1                   #
2024-12-01 23:17:25,231 INFO _main.py 41:: #                            log_interval: 11                  #
2024-12-01 23:17:25,231 INFO _main.py 41:: #                             num_clients: 40                  #
2024-12-01 23:17:25,231 INFO _main.py 41:: #                           output_folder: experiments         #
2024-12-01 23:17:25,231 INFO _main.py 41:: #                                 dataset: rockburst           #
2024-12-01 23:17:25,232 INFO _main.py 41:: #                             loader_type: dirichlet           #
2024-12-01 23:17:25,232 INFO _main.py 41:: #                             loader_path: ./data/loader.pk    #
2024-12-01 23:17:25,232 INFO _main.py 41:: #                                      AR: my_hog              #
2024-12-01 23:17:25,232 INFO _main.py 41:: #                     n_attacker_backdoor: 0                   #
2024-12-01 23:17:25,233 INFO _main.py 41:: #                        backdoor_trigger: [0, 0, 1, 1]        #
2024-12-01 23:17:25,233 INFO _main.py 41:: #                   n_attacker_omniscient: 0                   #
2024-12-01 23:17:25,233 INFO _main.py 41:: #                        omniscient_scale: 1                   #
2024-12-01 23:17:25,233 INFO _main.py 41:: #                                 attacks: None                #
2024-12-01 23:17:25,233 INFO _main.py 41:: #                      save_model_weights: False               #
2024-12-01 23:17:25,234 INFO _main.py 41:: #                         experiment_name: sExp4Ba_40ep_rockburst_my_hog_40C_5#
2024-12-01 23:17:25,234 INFO _main.py 41:: #                          path_to_aggNet: None                #
2024-12-01 23:17:25,234 INFO _main.py 41:: #                                  device: cpu                 #
2024-12-01 23:17:25,234 INFO _main.py 41:: #                            inner_epochs: 20                  #
2024-12-01 23:17:25,234 INFO _main.py 41:: #                                 verbose: True                #
2024-12-01 23:17:25,235 INFO _main.py 41:: #                         list_unreliable: [2, 18, 20]         #
2024-12-01 23:17:25,235 INFO _main.py 41:: #                     unreliable_fraction: 0.5                 #
2024-12-01 23:17:25,235 INFO _main.py 41:: #                    unreliable_fracTrain: 0.3                 #
2024-12-01 23:17:25,235 INFO _main.py 41:: #                         mean_unreliable: 0.0                 #
2024-12-01 23:17:25,236 INFO _main.py 41:: #                             blur_method: add_noise           #
2024-12-01 23:17:25,236 INFO _main.py 41:: #                      max_std_unreliable: 30.0                #
2024-12-01 23:17:25,236 INFO _main.py 41:: #                     list_uatk_add_noise: [24, 25, 26]        #
2024-12-01 23:17:25,236 INFO _main.py 41:: #                          mean_add_noise: 0.0                 #
2024-12-01 23:17:25,237 INFO _main.py 41:: #                           std_add_noise: 0.01                #
2024-12-01 23:17:25,237 INFO _main.py 41:: #                     list_uatk_flip_sign: [0, 10, 11]         #
2024-12-01 23:17:25,237 INFO _main.py 42:: ################################################################
2024-12-01 23:17:25,237 INFO _main.py 43:: Namespace(batch_size=64, test_batch_size=32, epochs=5, optimizer='SGD', lr=0.01, momentum=0.9, weight_decay=0.0001, seed=1, log_interval=11, num_clients=40, output_folder='experiments', dataset='rockburst', loader_type='dirichlet', loader_path='./data/loader.pk', AR='my_hog', n_attacker_backdoor=0, backdoor_trigger=[0, 0, 1, 1], n_attacker_omniscient=0, omniscient_scale=1, attacks=None, save_model_weights=False, experiment_name='sExp4Ba_40ep_rockburst_my_hog_40C_5', path_to_aggNet=None, device='cpu', inner_epochs=20, verbose=True, list_unreliable=[2, 18, 20], unreliable_fraction=0.5, unreliable_fracTrain=0.3, mean_unreliable=0.0, blur_method='add_noise', max_std_unreliable=30.0, list_uatk_add_noise=[24, 25, 26], mean_add_noise=0.0, std_add_noise=0.01, list_uatk_flip_sign=[0, 10, 11])
2024-12-01 23:17:25,237 INFO _main.py 44:: #####################
2024-12-01 23:17:25,238 INFO _main.py 45:: #####################
2024-12-01 23:17:25,238 INFO _main.py 46:: #####################
2024-12-01 23:17:25,238 INFO _main.py 47:: Aggregation Rule:	my_hog
2024-12-01 23:17:25,238 INFO _main.py 48:: Data distribution:	dirichlet
2024-12-01 23:17:25,238 INFO _main.py 49:: Attacks:	None 
2024-12-01 23:17:25,239 INFO _main.py 50:: #####################
2024-12-01 23:17:25,239 INFO _main.py 51:: #####################
2024-12-01 23:17:25,239 INFO _main.py 52:: #####################
2024-12-01 23:17:27,001 INFO server.py 366:: SET DBSCAN eps=1.3, min_samples=10
2024-12-01 23:17:27,004 INFO _main.py 135:: [1-normal, 0-malicious] label =tensor([0., 1., 1., 1., 1., 1., 1., 1., 1., 1., 0., 0., 1., 1., 1., 1., 1., 1.,
        1., 1., 1., 1., 1., 1., 0., 0., 0., 1., 1., 1., 1., 1., 1., 1., 1., 1.,
        1., 1., 1., 1.])
2024-12-01 23:17:27,011 INFO malicious_clients.py 123:: init ATTACK OMNISCIENT Client 0
2024-12-01 23:17:27,019 INFO malicious_clients.py 18:: init UNRELIABLE Client 2
2024-12-01 23:17:27,067 INFO malicious_clients.py 123:: init ATTACK OMNISCIENT Client 10
2024-12-01 23:17:27,076 INFO malicious_clients.py 123:: init ATTACK OMNISCIENT Client 11
2024-12-01 23:17:27,114 INFO malicious_clients.py 18:: init UNRELIABLE Client 18
2024-12-01 23:17:27,125 INFO malicious_clients.py 18:: init UNRELIABLE Client 20
2024-12-01 23:17:27,149 INFO malicious_clients.py 73:: init ATTACK ADD NOISE TO GRAD Client 24
2024-12-01 23:17:27,155 INFO malicious_clients.py 73:: init ATTACK ADD NOISE TO GRAD Client 25
2024-12-01 23:17:27,160 INFO malicious_clients.py 73:: init ATTACK ADD NOISE TO GRAD Client 26
2024-12-01 23:17:27,236 INFO server.py 211:: [Server] Start testing
2024-12-01 23:17:27,256 INFO server.py 235:: [Server] Test set: Average loss: 1.3864, Accuracy: 50/200 (25.0%)

2024-12-01 23:17:27,257 INFO server.py 238:: [Sever] Confusion matrix:
 tensor([[50.,  0.,  0.,  0.],
        [50.,  0.,  0.,  0.],
        [50.,  0.,  0.,  0.],
        [50.,  0.,  0.,  0.]])
2024-12-01 23:17:27,267 INFO server.py 254:: [Server] Precision=[0.25  nan  nan  nan],
 Recall=[1. 0. 0. 0.],
 F1-score=[0.4 nan nan nan],
 my_accuracy=25.0[%]
2024-12-01 23:17:27,269 INFO _main.py 209:: ########EPOCH 0 ########
2024-12-01 23:17:27,269 INFO _main.py 210:: ###Model distribution###
2024-12-01 23:17:32,811 INFO server.py 1064:: clients' sizes=[1, 2, 1, 0, 0, 0, 2, 2, 0, 1, 0, 1, 2, 2, 2, 2, 1, 1, 2, 0, 1, 1, 1, 1, 1, 0, 1, 1, 1, 1, 2, 0, 2, 0, 1, 2, 1, 0, 2, 0], total=41
2024-12-01 23:17:32,831 INFO server.py 327:: [Server] The aggregation takes 3.832276 seconds.

2024-12-01 23:17:32,832 INFO server.py 211:: [Server] Start testing
2024-12-01 23:17:32,851 INFO server.py 235:: [Server] Test set: Average loss: 1.3586, Accuracy: 63/200 (31.5%)

2024-12-01 23:17:32,853 INFO server.py 238:: [Sever] Confusion matrix:
 tensor([[50.,  0.,  0.,  0.],
        [50.,  0.,  0.,  0.],
        [50.,  0.,  0.,  0.],
        [37.,  0.,  0., 13.]])
2024-12-01 23:17:32,854 INFO server.py 254:: [Server] Precision=[0.26737967        nan        nan 1.        ],
 Recall=[1.   0.   0.   0.26],
 F1-score=[0.42194092        nan        nan 0.4126984 ],
 my_accuracy=31.49999976158142[%]
2024-12-01 23:17:32,855 INFO _main.py 209:: ########EPOCH 1 ########
2024-12-01 23:17:32,855 INFO _main.py 210:: ###Model distribution###
2024-12-01 23:17:39,112 INFO server.py 1064:: clients' sizes=[1, 2, 1, 0, 0, 0, 2, 2, 0, 1, 0, 1, 2, 2, 2, 2, 1, 1, 2, 0, 1, 1, 1, 1, 1, 0, 1, 1, 1, 1, 2, 0, 2, 0, 1, 2, 1, 0, 2, 0], total=41
2024-12-01 23:17:39,125 INFO server.py 327:: [Server] The aggregation takes 3.675557 seconds.

2024-12-01 23:17:39,126 INFO server.py 211:: [Server] Start testing
2024-12-01 23:17:39,140 INFO server.py 235:: [Server] Test set: Average loss: 1.2927, Accuracy: 80/200 (40.0%)

2024-12-01 23:17:39,141 INFO server.py 238:: [Sever] Confusion matrix:
 tensor([[50.,  0.,  0.,  0.],
        [48.,  0.,  0.,  2.],
        [47.,  0.,  0.,  3.],
        [20.,  0.,  0., 30.]])
2024-12-01 23:17:39,142 INFO server.py 254:: [Server] Precision=[0.3030303         nan        nan 0.85714287],
 Recall=[1.  0.  0.  0.6],
 F1-score=[0.46511632        nan        nan 0.70588243],
 my_accuracy=40.00000059604645[%]
2024-12-01 23:17:39,143 INFO _main.py 209:: ########EPOCH 2 ########
2024-12-01 23:17:39,143 INFO _main.py 210:: ###Model distribution###
2024-12-01 23:17:44,423 INFO server.py 1064:: clients' sizes=[1, 2, 1, 0, 0, 0, 2, 2, 0, 1, 0, 1, 2, 2, 2, 2, 1, 1, 2, 0, 1, 1, 1, 1, 1, 0, 1, 1, 1, 1, 2, 0, 2, 0, 1, 2, 1, 0, 2, 0], total=41
2024-12-01 23:17:44,434 INFO server.py 327:: [Server] The aggregation takes 3.560317 seconds.

2024-12-01 23:17:44,435 INFO server.py 211:: [Server] Start testing
2024-12-01 23:17:44,450 INFO server.py 235:: [Server] Test set: Average loss: 1.1963, Accuracy: 89/200 (44.5%)

2024-12-01 23:17:44,451 INFO server.py 238:: [Sever] Confusion matrix:
 tensor([[50.,  0.,  0.,  0.],
        [46.,  0.,  1.,  3.],
        [34.,  0.,  4., 12.],
        [ 9.,  0.,  6., 35.]])
2024-12-01 23:17:44,454 INFO server.py 254:: [Server] Precision=[0.35971224        nan 0.36363637 0.7       ],
 Recall=[1.   0.   0.08 0.7 ],
 F1-score=[0.52910054        nan 0.13114755 0.7       ],
 my_accuracy=44.49999928474426[%]
2024-12-01 23:17:44,454 INFO _main.py 209:: ########EPOCH 3 ########
2024-12-01 23:17:44,455 INFO _main.py 210:: ###Model distribution###
2024-12-01 23:17:49,959 INFO server.py 1064:: clients' sizes=[1, 2, 1, 0, 0, 0, 2, 2, 0, 1, 0, 1, 2, 2, 2, 2, 1, 1, 2, 0, 1, 1, 1, 1, 1, 0, 1, 1, 1, 1, 2, 0, 2, 0, 1, 2, 1, 0, 2, 0], total=41
2024-12-01 23:17:49,969 INFO server.py 327:: [Server] The aggregation takes 3.523474 seconds.

2024-12-01 23:17:49,970 INFO server.py 211:: [Server] Start testing
2024-12-01 23:17:49,988 INFO server.py 235:: [Server] Test set: Average loss: 1.1059, Accuracy: 100/200 (50.0%)

2024-12-01 23:17:49,994 INFO server.py 238:: [Sever] Confusion matrix:
 tensor([[47.,  1.,  2.,  0.],
        [37.,  7.,  3.,  3.],
        [24.,  5., 10., 11.],
        [ 8.,  0.,  6., 36.]])
2024-12-01 23:17:49,997 INFO server.py 254:: [Server] Precision=[0.4051724  0.53846157 0.47619048 0.72      ],
 Recall=[0.94 0.14 0.2  0.72],
 F1-score=[0.56626505 0.22222222 0.28169015 0.71999997],
 my_accuracy=50.0[%]
2024-12-01 23:17:49,998 INFO _main.py 209:: ########EPOCH 4 ########
2024-12-01 23:17:49,999 INFO _main.py 210:: ###Model distribution###
2024-12-01 23:17:55,608 INFO server.py 1064:: clients' sizes=[1, 2, 1, 0, 0, 0, 2, 2, 0, 1, 0, 1, 2, 2, 2, 2, 1, 1, 2, 0, 1, 1, 1, 1, 1, 0, 1, 1, 1, 1, 2, 0, 2, 0, 1, 2, 1, 0, 2, 0], total=41
2024-12-01 23:17:55,618 INFO server.py 327:: [Server] The aggregation takes 3.777015 seconds.

2024-12-01 23:17:55,619 INFO server.py 211:: [Server] Start testing
2024-12-01 23:17:55,633 INFO server.py 235:: [Server] Test set: Average loss: 1.0325, Accuracy: 113/200 (56.5%)

2024-12-01 23:17:55,634 INFO server.py 238:: [Sever] Confusion matrix:
 tensor([[47.,  1.,  2.,  0.],
        [27., 17.,  3.,  3.],
        [18.,  9., 13., 10.],
        [ 3.,  3.,  8., 36.]])
2024-12-01 23:17:55,636 INFO server.py 254:: [Server] Precision=[0.49473685 0.56666666 0.5        0.7346939 ],
 Recall=[0.94 0.34 0.26 0.72],
 F1-score=[0.64827585 0.425      0.34210527 0.72727275],
 my_accuracy=56.49999976158142[%]
