2024-12-02 00:39:54,526 INFO _main.py 39:: ################################################################
2024-12-02 00:39:54,527 INFO _main.py 41:: #                              batch_size: 64                  #
2024-12-02 00:39:54,528 INFO _main.py 41:: #                         test_batch_size: 32                  #
2024-12-02 00:39:54,528 INFO _main.py 41:: #                                  epochs: 35                  #
2024-12-02 00:39:54,528 INFO _main.py 41:: #                               optimizer: SGD                 #
2024-12-02 00:39:54,528 INFO _main.py 41:: #                                      lr: 0.01                #
2024-12-02 00:39:54,528 INFO _main.py 41:: #                                momentum: 0.9                 #
2024-12-02 00:39:54,528 INFO _main.py 41:: #                            weight_decay: 0.0001              #
2024-12-02 00:39:54,529 INFO _main.py 41:: #                                    seed: 1                   #
2024-12-02 00:39:54,529 INFO _main.py 41:: #                            log_interval: 11                  #
2024-12-02 00:39:54,529 INFO _main.py 41:: #                             num_clients: 40                  #
2024-12-02 00:39:54,529 INFO _main.py 41:: #                           output_folder: experiments         #
2024-12-02 00:39:54,529 INFO _main.py 41:: #                                 dataset: rockburst           #
2024-12-02 00:39:54,529 INFO _main.py 41:: #                             loader_type: dirichlet           #
2024-12-02 00:39:54,529 INFO _main.py 41:: #                             loader_path: ./data/loader.pk    #
2024-12-02 00:39:54,530 INFO _main.py 41:: #                                      AR: my_hog              #
2024-12-02 00:39:54,530 INFO _main.py 41:: #                     n_attacker_backdoor: 0                   #
2024-12-02 00:39:54,530 INFO _main.py 41:: #                        backdoor_trigger: [0, 0, 1, 1]        #
2024-12-02 00:39:54,530 INFO _main.py 41:: #                   n_attacker_omniscient: 0                   #
2024-12-02 00:39:54,530 INFO _main.py 41:: #                        omniscient_scale: 1                   #
2024-12-02 00:39:54,530 INFO _main.py 41:: #                                 attacks: None                #
2024-12-02 00:39:54,530 INFO _main.py 41:: #                      save_model_weights: False               #
2024-12-02 00:39:54,530 INFO _main.py 41:: #                         experiment_name: sExp4Ba_40ep_rockburst_my_hog_40C_5#
2024-12-02 00:39:54,531 INFO _main.py 41:: #                          path_to_aggNet: None                #
2024-12-02 00:39:54,531 INFO _main.py 41:: #                                  device: cpu                 #
2024-12-02 00:39:54,531 INFO _main.py 41:: #                            inner_epochs: 30                  #
2024-12-02 00:39:54,531 INFO _main.py 41:: #                                 verbose: True                #
2024-12-02 00:39:54,531 INFO _main.py 41:: #                         list_unreliable: [2, 18, 20]         #
2024-12-02 00:39:54,531 INFO _main.py 41:: #                     unreliable_fraction: 0.5                 #
2024-12-02 00:39:54,531 INFO _main.py 41:: #                    unreliable_fracTrain: 0.3                 #
2024-12-02 00:39:54,531 INFO _main.py 41:: #                         mean_unreliable: 0.0                 #
2024-12-02 00:39:54,532 INFO _main.py 41:: #                             blur_method: add_noise           #
2024-12-02 00:39:54,532 INFO _main.py 41:: #                      max_std_unreliable: 30.0                #
2024-12-02 00:39:54,532 INFO _main.py 41:: #                     list_uatk_add_noise: [24, 25, 26]        #
2024-12-02 00:39:54,532 INFO _main.py 41:: #                          mean_add_noise: 0.0                 #
2024-12-02 00:39:54,532 INFO _main.py 41:: #                           std_add_noise: 0.01                #
2024-12-02 00:39:54,532 INFO _main.py 41:: #                     list_uatk_flip_sign: [0, 10, 11]         #
2024-12-02 00:39:54,532 INFO _main.py 42:: ################################################################
2024-12-02 00:39:54,533 INFO _main.py 43:: Namespace(batch_size=64, test_batch_size=32, epochs=35, optimizer='SGD', lr=0.01, momentum=0.9, weight_decay=0.0001, seed=1, log_interval=11, num_clients=40, output_folder='experiments', dataset='rockburst', loader_type='dirichlet', loader_path='./data/loader.pk', AR='my_hog', n_attacker_backdoor=0, backdoor_trigger=[0, 0, 1, 1], n_attacker_omniscient=0, omniscient_scale=1, attacks=None, save_model_weights=False, experiment_name='sExp4Ba_40ep_rockburst_my_hog_40C_5', path_to_aggNet=None, device='cpu', inner_epochs=30, verbose=True, list_unreliable=[2, 18, 20], unreliable_fraction=0.5, unreliable_fracTrain=0.3, mean_unreliable=0.0, blur_method='add_noise', max_std_unreliable=30.0, list_uatk_add_noise=[24, 25, 26], mean_add_noise=0.0, std_add_noise=0.01, list_uatk_flip_sign=[0, 10, 11])
2024-12-02 00:39:54,533 INFO _main.py 44:: #####################
2024-12-02 00:39:54,533 INFO _main.py 45:: #####################
2024-12-02 00:39:54,533 INFO _main.py 46:: #####################
2024-12-02 00:39:54,533 INFO _main.py 47:: Aggregation Rule:	my_hog
2024-12-02 00:39:54,533 INFO _main.py 48:: Data distribution:	dirichlet
2024-12-02 00:39:54,533 INFO _main.py 49:: Attacks:	None 
2024-12-02 00:39:54,534 INFO _main.py 50:: #####################
2024-12-02 00:39:54,534 INFO _main.py 51:: #####################
2024-12-02 00:39:54,534 INFO _main.py 52:: #####################
2024-12-02 00:39:56,780 INFO server.py 366:: SET DBSCAN eps=1.3, min_samples=10
2024-12-02 00:39:56,784 INFO _main.py 135:: [1-normal, 0-malicious] label =tensor([0., 1., 1., 1., 1., 1., 1., 1., 1., 1., 0., 0., 1., 1., 1., 1., 1., 1.,
        1., 1., 1., 1., 1., 1., 0., 0., 0., 1., 1., 1., 1., 1., 1., 1., 1., 1.,
        1., 1., 1., 1.])
2024-12-02 00:39:56,792 INFO malicious_clients.py 123:: init ATTACK OMNISCIENT Client 0
2024-12-02 00:39:56,800 INFO malicious_clients.py 18:: init UNRELIABLE Client 2
2024-12-02 00:39:56,861 INFO malicious_clients.py 123:: init ATTACK OMNISCIENT Client 10
2024-12-02 00:39:56,868 INFO malicious_clients.py 123:: init ATTACK OMNISCIENT Client 11
2024-12-02 00:39:56,904 INFO malicious_clients.py 18:: init UNRELIABLE Client 18
2024-12-02 00:39:56,916 INFO malicious_clients.py 18:: init UNRELIABLE Client 20
2024-12-02 00:39:56,943 INFO malicious_clients.py 73:: init ATTACK ADD NOISE TO GRAD Client 24
2024-12-02 00:39:56,949 INFO malicious_clients.py 73:: init ATTACK ADD NOISE TO GRAD Client 25
2024-12-02 00:39:56,957 INFO malicious_clients.py 73:: init ATTACK ADD NOISE TO GRAD Client 26
2024-12-02 00:39:57,040 INFO server.py 211:: [Server] Start testing
2024-12-02 00:39:57,067 INFO server.py 235:: [Server] Test set: Average loss: 1.3864, Accuracy: 50/200 (25.0%)

2024-12-02 00:39:57,069 INFO server.py 238:: [Sever] Confusion matrix:
 tensor([[50.,  0.,  0.,  0.],
        [50.,  0.,  0.,  0.],
        [50.,  0.,  0.,  0.],
        [50.,  0.,  0.,  0.]])
2024-12-02 00:39:57,076 INFO server.py 254:: [Server] Precision=[0.25  nan  nan  nan],
 Recall=[1. 0. 0. 0.],
 F1-score=[0.4 nan nan nan],
 my_accuracy=25.0[%]
2024-12-02 00:39:57,077 INFO _main.py 209:: ########EPOCH 0 ########
2024-12-02 00:39:57,077 INFO _main.py 210:: ###Model distribution###
2024-12-02 00:39:59,978 INFO server.py 1064:: clients' sizes=[1, 2, 1, 0, 0, 0, 2, 2, 0, 1, 0, 1, 2, 2, 2, 2, 1, 1, 2, 0, 1, 1, 1, 1, 1, 0, 1, 1, 1, 1, 2, 0, 2, 0, 1, 2, 1, 0, 2, 0], total=41
2024-12-02 00:39:59,990 INFO server.py 327:: [Server] The aggregation takes 0.267119 seconds.

2024-12-02 00:39:59,991 INFO server.py 211:: [Server] Start testing
2024-12-02 00:40:00,006 INFO server.py 235:: [Server] Test set: Average loss: 1.3313, Accuracy: 71/200 (35.5%)

2024-12-02 00:40:00,007 INFO server.py 238:: [Sever] Confusion matrix:
 tensor([[50.,  0.,  0.,  0.],
        [50.,  0.,  0.,  0.],
        [50.,  0.,  0.,  0.],
        [29.,  0.,  0., 21.]])
2024-12-02 00:40:00,008 INFO server.py 254:: [Server] Precision=[0.2793296       nan       nan 1.       ],
 Recall=[1.   0.   0.   0.42],
 F1-score=[0.43668124        nan        nan 0.5915493 ],
 my_accuracy=35.499998927116394[%]
2024-12-02 00:40:00,009 INFO _main.py 209:: ########EPOCH 1 ########
2024-12-02 00:40:00,009 INFO _main.py 210:: ###Model distribution###
2024-12-02 00:40:02,951 INFO server.py 1064:: clients' sizes=[1, 2, 1, 0, 0, 0, 2, 2, 0, 1, 0, 1, 2, 2, 2, 2, 1, 1, 2, 0, 1, 1, 1, 1, 1, 0, 1, 1, 1, 1, 2, 0, 2, 0, 1, 2, 1, 0, 2, 0], total=41
2024-12-02 00:40:02,962 INFO server.py 327:: [Server] The aggregation takes 0.258160 seconds.

2024-12-02 00:40:02,963 INFO server.py 211:: [Server] Start testing
2024-12-02 00:40:02,976 INFO server.py 235:: [Server] Test set: Average loss: 1.1994, Accuracy: 90/200 (45.0%)

2024-12-02 00:40:02,978 INFO server.py 238:: [Sever] Confusion matrix:
 tensor([[50.,  0.,  0.,  0.],
        [46.,  0.,  1.,  3.],
        [34.,  0.,  6., 10.],
        [ 9.,  0.,  7., 34.]])
2024-12-02 00:40:02,979 INFO server.py 254:: [Server] Precision=[0.35971224        nan 0.42857143 0.7234042 ],
 Recall=[1.   0.   0.12 0.68],
 F1-score=[0.52910054        nan 0.1875     0.7010309 ],
 my_accuracy=44.999998807907104[%]
2024-12-02 00:40:02,980 INFO _main.py 209:: ########EPOCH 2 ########
2024-12-02 00:40:02,980 INFO _main.py 210:: ###Model distribution###
2024-12-02 00:40:05,769 INFO server.py 1064:: clients' sizes=[1, 2, 1, 0, 0, 0, 2, 2, 0, 1, 0, 1, 2, 2, 2, 2, 1, 1, 2, 0, 1, 1, 1, 1, 1, 0, 1, 1, 1, 1, 2, 0, 2, 0, 1, 2, 1, 0, 2, 0], total=41
2024-12-02 00:40:05,778 INFO server.py 327:: [Server] The aggregation takes 0.252860 seconds.

2024-12-02 00:40:05,779 INFO server.py 211:: [Server] Start testing
2024-12-02 00:40:05,793 INFO server.py 235:: [Server] Test set: Average loss: 1.0688, Accuracy: 107/200 (53.5%)

2024-12-02 00:40:05,795 INFO server.py 238:: [Sever] Confusion matrix:
 tensor([[47.,  1.,  2.,  0.],
        [33., 11.,  3.,  3.],
        [18., 10., 13.,  9.],
        [ 6.,  1.,  7., 36.]])
2024-12-02 00:40:05,796 INFO server.py 254:: [Server] Precision=[0.45192307 0.47826087 0.52       0.75      ],
 Recall=[0.94 0.22 0.26 0.72],
 F1-score=[0.61038965 0.30136985 0.34666666 0.7346939 ],
 my_accuracy=53.50000262260437[%]
2024-12-02 00:40:05,796 INFO _main.py 209:: ########EPOCH 3 ########
2024-12-02 00:40:05,797 INFO _main.py 210:: ###Model distribution###
2024-12-02 00:40:09,149 INFO server.py 1064:: clients' sizes=[1, 2, 1, 0, 0, 0, 2, 2, 0, 1, 0, 1, 2, 2, 2, 2, 1, 1, 2, 0, 1, 1, 1, 1, 1, 0, 1, 1, 1, 1, 2, 0, 2, 0, 1, 2, 1, 0, 2, 0], total=41
2024-12-02 00:40:09,166 INFO server.py 327:: [Server] The aggregation takes 0.360781 seconds.

2024-12-02 00:40:09,167 INFO server.py 211:: [Server] Start testing
2024-12-02 00:40:09,187 INFO server.py 235:: [Server] Test set: Average loss: 0.9836, Accuracy: 121/200 (60.5%)

2024-12-02 00:40:09,188 INFO server.py 238:: [Sever] Confusion matrix:
 tensor([[46.,  2.,  2.,  0.],
        [20., 21.,  6.,  3.],
        [13., 14., 15.,  8.],
        [ 0.,  6.,  5., 39.]])
2024-12-02 00:40:09,190 INFO server.py 254:: [Server] Precision=[0.5822785  0.4883721  0.53571427 0.78      ],
 Recall=[0.92 0.42 0.3  0.78],
 F1-score=[0.7131783  0.45161292 0.3846154  0.7799999 ],
 my_accuracy=60.50000190734863[%]
2024-12-02 00:40:09,191 INFO _main.py 209:: ########EPOCH 4 ########
2024-12-02 00:40:09,192 INFO _main.py 210:: ###Model distribution###
2024-12-02 00:40:13,467 INFO server.py 1064:: clients' sizes=[1, 2, 1, 0, 0, 0, 2, 2, 0, 1, 0, 1, 2, 2, 2, 2, 1, 1, 2, 0, 1, 1, 1, 1, 1, 0, 1, 1, 1, 1, 2, 0, 2, 0, 1, 2, 1, 0, 2, 0], total=41
2024-12-02 00:40:13,484 INFO server.py 327:: [Server] The aggregation takes 0.283168 seconds.

2024-12-02 00:40:13,485 INFO server.py 211:: [Server] Start testing
2024-12-02 00:40:13,498 INFO server.py 235:: [Server] Test set: Average loss: 0.9405, Accuracy: 121/200 (60.5%)

2024-12-02 00:40:13,500 INFO server.py 238:: [Sever] Confusion matrix:
 tensor([[41.,  7.,  2.,  0.],
        [18., 23.,  7.,  2.],
        [10., 14., 18.,  8.],
        [ 0.,  6.,  5., 39.]])
2024-12-02 00:40:13,501 INFO server.py 254:: [Server] Precision=[0.5942029  0.46       0.5625     0.79591835],
 Recall=[0.82 0.46 0.36 0.78],
 F1-score=[0.6890756  0.46       0.43902442 0.78787875],
 my_accuracy=60.50000190734863[%]
2024-12-02 00:40:13,501 INFO _main.py 209:: ########EPOCH 5 ########
2024-12-02 00:40:13,502 INFO _main.py 210:: ###Model distribution###
2024-12-02 00:40:16,323 INFO server.py 1064:: clients' sizes=[1, 2, 1, 0, 0, 0, 2, 2, 0, 1, 0, 1, 2, 2, 2, 2, 1, 1, 2, 0, 1, 1, 1, 1, 1, 0, 1, 1, 1, 1, 2, 0, 2, 0, 1, 2, 1, 0, 2, 0], total=41
2024-12-02 00:40:16,336 INFO server.py 327:: [Server] The aggregation takes 0.263395 seconds.

2024-12-02 00:40:16,337 INFO server.py 211:: [Server] Start testing
2024-12-02 00:40:16,352 INFO server.py 235:: [Server] Test set: Average loss: 0.9115, Accuracy: 123/200 (61.5%)

2024-12-02 00:40:16,353 INFO server.py 238:: [Sever] Confusion matrix:
 tensor([[41.,  7.,  2.,  0.],
        [17., 22.,  9.,  2.],
        [ 8., 14., 21.,  7.],
        [ 0.,  6.,  5., 39.]])
2024-12-02 00:40:16,354 INFO server.py 254:: [Server] Precision=[0.6212121 0.4489796 0.5675676 0.8125   ],
 Recall=[0.82 0.44 0.42 0.78],
 F1-score=[0.7068965  0.44444445 0.48275864 0.79591835],
 my_accuracy=61.500000953674316[%]
2024-12-02 00:40:16,355 INFO _main.py 209:: ########EPOCH 6 ########
2024-12-02 00:40:16,356 INFO _main.py 210:: ###Model distribution###
2024-12-02 00:40:19,104 INFO server.py 1064:: clients' sizes=[1, 2, 1, 0, 0, 0, 2, 2, 0, 1, 0, 1, 2, 2, 2, 2, 1, 1, 2, 0, 1, 1, 1, 1, 1, 0, 1, 1, 1, 1, 2, 0, 2, 0, 1, 2, 1, 0, 2, 0], total=41
2024-12-02 00:40:19,123 INFO server.py 327:: [Server] The aggregation takes 0.263846 seconds.

2024-12-02 00:40:19,124 INFO server.py 211:: [Server] Start testing
2024-12-02 00:40:19,139 INFO server.py 235:: [Server] Test set: Average loss: 0.8978, Accuracy: 122/200 (61.0%)

2024-12-02 00:40:19,140 INFO server.py 238:: [Sever] Confusion matrix:
 tensor([[41.,  7.,  2.,  0.],
        [17., 22., 10.,  1.],
        [ 8., 13., 24.,  5.],
        [ 0.,  6.,  9., 35.]])
2024-12-02 00:40:19,142 INFO server.py 254:: [Server] Precision=[0.6212121  0.45833334 0.53333336 0.85365856],
 Recall=[0.82 0.44 0.48 0.7 ],
 F1-score=[0.7068965  0.44897962 0.5052632  0.76923084],
 my_accuracy=61.000001430511475[%]
2024-12-02 00:40:19,142 INFO _main.py 209:: ########EPOCH 7 ########
2024-12-02 00:40:19,143 INFO _main.py 210:: ###Model distribution###
2024-12-02 00:40:22,108 INFO server.py 1064:: clients' sizes=[1, 2, 1, 0, 0, 0, 2, 2, 0, 1, 0, 1, 2, 2, 2, 2, 1, 1, 2, 0, 1, 1, 1, 1, 1, 0, 1, 1, 1, 1, 2, 0, 2, 0, 1, 2, 1, 0, 2, 0], total=41
2024-12-02 00:40:22,119 INFO server.py 327:: [Server] The aggregation takes 0.273718 seconds.

2024-12-02 00:40:22,120 INFO server.py 211:: [Server] Start testing
2024-12-02 00:40:22,138 INFO server.py 235:: [Server] Test set: Average loss: 0.8730, Accuracy: 122/200 (61.0%)

2024-12-02 00:40:22,140 INFO server.py 238:: [Sever] Confusion matrix:
 tensor([[41.,  7.,  2.,  0.],
        [15., 23., 11.,  1.],
        [ 6., 15., 22.,  7.],
        [ 0.,  5.,  9., 36.]])
2024-12-02 00:40:22,142 INFO server.py 254:: [Server] Precision=[0.66129035 0.46       0.5        0.8181818 ],
 Recall=[0.82 0.46 0.44 0.72],
 F1-score=[0.73214287 0.46       0.4680851  0.76595753],
 my_accuracy=61.000001430511475[%]
2024-12-02 00:40:22,142 INFO _main.py 209:: ########EPOCH 8 ########
2024-12-02 00:40:22,143 INFO _main.py 210:: ###Model distribution###
2024-12-02 00:40:25,637 INFO server.py 1064:: clients' sizes=[1, 2, 1, 0, 0, 0, 2, 2, 0, 1, 0, 1, 2, 2, 2, 2, 1, 1, 2, 0, 1, 1, 1, 1, 1, 0, 1, 1, 1, 1, 2, 0, 2, 0, 1, 2, 1, 0, 2, 0], total=41
2024-12-02 00:40:25,654 INFO server.py 327:: [Server] The aggregation takes 0.362417 seconds.

2024-12-02 00:40:25,656 INFO server.py 211:: [Server] Start testing
2024-12-02 00:40:25,675 INFO server.py 235:: [Server] Test set: Average loss: 0.8575, Accuracy: 124/200 (62.0%)

2024-12-02 00:40:25,676 INFO server.py 238:: [Sever] Confusion matrix:
 tensor([[41.,  8.,  1.,  0.],
        [15., 24., 10.,  1.],
        [ 7., 16., 20.,  7.],
        [ 0.,  5.,  6., 39.]])
2024-12-02 00:40:25,678 INFO server.py 254:: [Server] Precision=[0.6507937  0.4528302  0.5405405  0.82978725],
 Recall=[0.82 0.48 0.4  0.78],
 F1-score=[0.7256637  0.4660194  0.45977008 0.8041237 ],
 my_accuracy=62.00000047683716[%]
2024-12-02 00:40:25,678 INFO _main.py 209:: ########EPOCH 9 ########
2024-12-02 00:40:25,679 INFO _main.py 210:: ###Model distribution###
2024-12-02 00:40:29,540 INFO server.py 1064:: clients' sizes=[1, 2, 1, 0, 0, 0, 2, 2, 0, 1, 0, 1, 2, 2, 2, 2, 1, 1, 2, 0, 1, 1, 1, 1, 1, 0, 1, 1, 1, 1, 2, 0, 2, 0, 1, 2, 1, 0, 2, 0], total=41
2024-12-02 00:40:29,551 INFO server.py 327:: [Server] The aggregation takes 0.268192 seconds.

2024-12-02 00:40:29,552 INFO server.py 211:: [Server] Start testing
2024-12-02 00:40:29,566 INFO server.py 235:: [Server] Test set: Average loss: 0.8534, Accuracy: 122/200 (61.0%)

2024-12-02 00:40:29,567 INFO server.py 238:: [Sever] Confusion matrix:
 tensor([[41.,  8.,  1.,  0.],
        [15., 23., 11.,  1.],
        [ 6., 17., 21.,  6.],
        [ 0.,  5.,  8., 37.]])
2024-12-02 00:40:29,569 INFO server.py 254:: [Server] Precision=[0.66129035 0.43396226 0.5121951  0.84090906],
 Recall=[0.82 0.46 0.42 0.74],
 F1-score=[0.73214287 0.44660196 0.46153846 0.78723407],
 my_accuracy=61.000001430511475[%]
2024-12-02 00:40:29,570 INFO _main.py 209:: ########EPOCH 10 ########
2024-12-02 00:40:29,570 INFO _main.py 210:: ###Model distribution###
2024-12-02 00:40:32,589 INFO server.py 1064:: clients' sizes=[1, 2, 1, 0, 0, 0, 2, 2, 0, 1, 0, 1, 2, 2, 2, 2, 1, 1, 2, 0, 1, 1, 1, 1, 1, 0, 1, 1, 1, 1, 2, 0, 2, 0, 1, 2, 1, 0, 2, 0], total=41
2024-12-02 00:40:32,603 INFO server.py 327:: [Server] The aggregation takes 0.272174 seconds.

2024-12-02 00:40:32,604 INFO server.py 211:: [Server] Start testing
2024-12-02 00:40:32,618 INFO server.py 235:: [Server] Test set: Average loss: 0.8386, Accuracy: 122/200 (61.0%)

2024-12-02 00:40:32,619 INFO server.py 238:: [Sever] Confusion matrix:
 tensor([[41.,  7.,  2.,  0.],
        [15., 22., 11.,  2.],
        [ 4., 17., 22.,  7.],
        [ 0.,  5.,  8., 37.]])
2024-12-02 00:40:32,621 INFO server.py 254:: [Server] Precision=[0.68333334 0.43137255 0.5116279  0.8043478 ],
 Recall=[0.82 0.44 0.44 0.74],
 F1-score=[0.7454545  0.43564355 0.47311828 0.7708334 ],
 my_accuracy=61.000001430511475[%]
2024-12-02 00:40:32,621 INFO _main.py 209:: ########EPOCH 11 ########
2024-12-02 00:40:32,622 INFO _main.py 210:: ###Model distribution###
2024-12-02 00:40:35,387 INFO server.py 1064:: clients' sizes=[1, 2, 1, 0, 0, 0, 2, 2, 0, 1, 0, 1, 2, 2, 2, 2, 1, 1, 2, 0, 1, 1, 1, 1, 1, 0, 1, 1, 1, 1, 2, 0, 2, 0, 1, 2, 1, 0, 2, 0], total=41
2024-12-02 00:40:35,402 INFO server.py 327:: [Server] The aggregation takes 0.259725 seconds.

2024-12-02 00:40:35,403 INFO server.py 211:: [Server] Start testing
2024-12-02 00:40:35,421 INFO server.py 235:: [Server] Test set: Average loss: 0.8220, Accuracy: 122/200 (61.0%)

2024-12-02 00:40:35,422 INFO server.py 238:: [Sever] Confusion matrix:
 tensor([[41.,  8.,  1.,  0.],
        [15., 23., 11.,  1.],
        [ 4., 18., 21.,  7.],
        [ 0.,  5.,  8., 37.]])
2024-12-02 00:40:35,424 INFO server.py 254:: [Server] Precision=[0.68333334 0.42592594 0.5121951  0.82222223],
 Recall=[0.82 0.46 0.42 0.74],
 F1-score=[0.7454545  0.4423077  0.46153846 0.77894735],
 my_accuracy=61.000001430511475[%]
2024-12-02 00:40:35,425 INFO _main.py 209:: ########EPOCH 12 ########
2024-12-02 00:40:35,425 INFO _main.py 210:: ###Model distribution###
2024-12-02 00:40:38,238 INFO server.py 1064:: clients' sizes=[1, 2, 1, 0, 0, 0, 2, 2, 0, 1, 0, 1, 2, 2, 2, 2, 1, 1, 2, 0, 1, 1, 1, 1, 1, 0, 1, 1, 1, 1, 2, 0, 2, 0, 1, 2, 1, 0, 2, 0], total=41
2024-12-02 00:40:38,254 INFO server.py 327:: [Server] The aggregation takes 0.262293 seconds.

2024-12-02 00:40:38,255 INFO server.py 211:: [Server] Start testing
2024-12-02 00:40:38,269 INFO server.py 235:: [Server] Test set: Average loss: 0.8109, Accuracy: 124/200 (62.0%)

2024-12-02 00:40:38,270 INFO server.py 238:: [Sever] Confusion matrix:
 tensor([[41.,  7.,  2.,  0.],
        [13., 22., 14.,  1.],
        [ 4., 16., 23.,  7.],
        [ 0.,  5.,  7., 38.]])
2024-12-02 00:40:38,271 INFO server.py 254:: [Server] Precision=[0.70689654 0.44       0.5        0.82608694],
 Recall=[0.82 0.44 0.46 0.76],
 F1-score=[0.7592593  0.44       0.47916666 0.7916667 ],
 my_accuracy=62.00000047683716[%]
2024-12-02 00:40:38,272 INFO _main.py 209:: ########EPOCH 13 ########
2024-12-02 00:40:38,272 INFO _main.py 210:: ###Model distribution###
2024-12-02 00:40:42,106 INFO server.py 1064:: clients' sizes=[1, 2, 1, 0, 0, 0, 2, 2, 0, 1, 0, 1, 2, 2, 2, 2, 1, 1, 2, 0, 1, 1, 1, 1, 1, 0, 1, 1, 1, 1, 2, 0, 2, 0, 1, 2, 1, 0, 2, 0], total=41
2024-12-02 00:40:42,130 INFO server.py 327:: [Server] The aggregation takes 0.430281 seconds.

2024-12-02 00:40:42,132 INFO server.py 211:: [Server] Start testing
2024-12-02 00:40:42,159 INFO server.py 235:: [Server] Test set: Average loss: 0.7985, Accuracy: 124/200 (62.0%)

2024-12-02 00:40:42,161 INFO server.py 238:: [Sever] Confusion matrix:
 tensor([[40.,  8.,  2.,  0.],
        [14., 23., 12.,  1.],
        [ 4., 16., 22.,  8.],
        [ 0.,  4.,  7., 39.]])
2024-12-02 00:40:42,162 INFO server.py 254:: [Server] Precision=[0.6896552 0.4509804 0.5116279 0.8125   ],
 Recall=[0.8  0.46 0.44 0.78],
 F1-score=[0.7407407  0.45544556 0.47311828 0.79591835],
 my_accuracy=62.00000047683716[%]
2024-12-02 00:40:42,163 INFO _main.py 209:: ########EPOCH 14 ########
2024-12-02 00:40:42,163 INFO _main.py 210:: ###Model distribution###
2024-12-02 00:40:45,946 INFO server.py 1064:: clients' sizes=[1, 2, 1, 0, 0, 0, 2, 2, 0, 1, 0, 1, 2, 2, 2, 2, 1, 1, 2, 0, 1, 1, 1, 1, 1, 0, 1, 1, 1, 1, 2, 0, 2, 0, 1, 2, 1, 0, 2, 0], total=41
2024-12-02 00:40:45,961 INFO server.py 327:: [Server] The aggregation takes 0.260558 seconds.

2024-12-02 00:40:45,963 INFO server.py 211:: [Server] Start testing
2024-12-02 00:40:45,979 INFO server.py 235:: [Server] Test set: Average loss: 0.7858, Accuracy: 127/200 (63.5%)

2024-12-02 00:40:45,980 INFO server.py 238:: [Sever] Confusion matrix:
 tensor([[41.,  7.,  2.,  0.],
        [14., 24., 11.,  1.],
        [ 4., 15., 23.,  8.],
        [ 0.,  4.,  7., 39.]])
2024-12-02 00:40:45,982 INFO server.py 254:: [Server] Precision=[0.69491524 0.48       0.53488374 0.8125    ],
 Recall=[0.82 0.48 0.46 0.78],
 F1-score=[0.7522935  0.48       0.49462366 0.79591835],
 my_accuracy=63.499999046325684[%]
2024-12-02 00:40:45,982 INFO _main.py 209:: ########EPOCH 15 ########
2024-12-02 00:40:45,983 INFO _main.py 210:: ###Model distribution###
2024-12-02 00:40:48,800 INFO server.py 1064:: clients' sizes=[1, 2, 1, 0, 0, 0, 2, 2, 0, 1, 0, 1, 2, 2, 2, 2, 1, 1, 2, 0, 1, 1, 1, 1, 1, 0, 1, 1, 1, 1, 2, 0, 2, 0, 1, 2, 1, 0, 2, 0], total=41
2024-12-02 00:40:48,811 INFO server.py 327:: [Server] The aggregation takes 0.256494 seconds.

2024-12-02 00:40:48,812 INFO server.py 211:: [Server] Start testing
2024-12-02 00:40:48,825 INFO server.py 235:: [Server] Test set: Average loss: 0.7791, Accuracy: 128/200 (64.0%)

2024-12-02 00:40:48,826 INFO server.py 238:: [Sever] Confusion matrix:
 tensor([[41.,  7.,  2.,  0.],
        [14., 24., 11.,  1.],
        [ 4., 15., 25.,  6.],
        [ 0.,  4.,  8., 38.]])
2024-12-02 00:40:48,828 INFO server.py 254:: [Server] Precision=[0.69491524 0.48       0.54347825 0.84444445],
 Recall=[0.82 0.48 0.5  0.76],
 F1-score=[0.7522935  0.48       0.5208333  0.79999995],
 my_accuracy=63.999998569488525[%]
2024-12-02 00:40:48,828 INFO _main.py 209:: ########EPOCH 16 ########
2024-12-02 00:40:48,829 INFO _main.py 210:: ###Model distribution###
2024-12-02 00:40:51,782 INFO server.py 1064:: clients' sizes=[1, 2, 1, 0, 0, 0, 2, 2, 0, 1, 0, 1, 2, 2, 2, 2, 1, 1, 2, 0, 1, 1, 1, 1, 1, 0, 1, 1, 1, 1, 2, 0, 2, 0, 1, 2, 1, 0, 2, 0], total=41
2024-12-02 00:40:51,792 INFO server.py 327:: [Server] The aggregation takes 0.284009 seconds.

2024-12-02 00:40:51,793 INFO server.py 211:: [Server] Start testing
2024-12-02 00:40:51,811 INFO server.py 235:: [Server] Test set: Average loss: 0.7695, Accuracy: 126/200 (63.0%)

2024-12-02 00:40:51,812 INFO server.py 238:: [Sever] Confusion matrix:
 tensor([[39.,  9.,  2.,  0.],
        [13., 25., 11.,  1.],
        [ 5., 14., 24.,  7.],
        [ 0.,  4.,  8., 38.]])
2024-12-02 00:40:51,813 INFO server.py 254:: [Server] Precision=[0.68421054 0.48076922 0.53333336 0.82608694],
 Recall=[0.78 0.5  0.48 0.76],
 F1-score=[0.72897196 0.49019608 0.5052632  0.7916667 ],
 my_accuracy=62.99999952316284[%]
2024-12-02 00:40:51,814 INFO _main.py 209:: ########EPOCH 17 ########
2024-12-02 00:40:51,814 INFO _main.py 210:: ###Model distribution###
2024-12-02 00:40:54,678 INFO server.py 1064:: clients' sizes=[1, 2, 1, 0, 0, 0, 2, 2, 0, 1, 0, 1, 2, 2, 2, 2, 1, 1, 2, 0, 1, 1, 1, 1, 1, 0, 1, 1, 1, 1, 2, 0, 2, 0, 1, 2, 1, 0, 2, 0], total=41
2024-12-02 00:40:54,689 INFO server.py 327:: [Server] The aggregation takes 0.267666 seconds.

2024-12-02 00:40:54,690 INFO server.py 211:: [Server] Start testing
2024-12-02 00:40:54,704 INFO server.py 235:: [Server] Test set: Average loss: 0.7517, Accuracy: 127/200 (63.5%)

2024-12-02 00:40:54,705 INFO server.py 238:: [Sever] Confusion matrix:
 tensor([[39.,  9.,  2.,  0.],
        [12., 25., 12.,  1.],
        [ 5., 13., 24.,  8.],
        [ 0.,  3.,  8., 39.]])
2024-12-02 00:40:54,706 INFO server.py 254:: [Server] Precision=[0.6964286 0.5       0.5217391 0.8125   ],
 Recall=[0.78 0.5  0.48 0.78],
 F1-score=[0.7358491  0.5        0.5        0.79591835],
 my_accuracy=63.499999046325684[%]
2024-12-02 00:40:54,707 INFO _main.py 209:: ########EPOCH 18 ########
2024-12-02 00:40:54,707 INFO _main.py 210:: ###Model distribution###
2024-12-02 00:40:58,500 INFO server.py 1064:: clients' sizes=[1, 2, 1, 0, 0, 0, 2, 2, 0, 1, 0, 1, 2, 2, 2, 2, 1, 1, 2, 0, 1, 1, 1, 1, 1, 0, 1, 1, 1, 1, 2, 0, 2, 0, 1, 2, 1, 0, 2, 0], total=41
2024-12-02 00:40:58,516 INFO server.py 327:: [Server] The aggregation takes 0.370695 seconds.

2024-12-02 00:40:58,517 INFO server.py 211:: [Server] Start testing
2024-12-02 00:40:58,537 INFO server.py 235:: [Server] Test set: Average loss: 0.7422, Accuracy: 128/200 (64.0%)

2024-12-02 00:40:58,538 INFO server.py 238:: [Sever] Confusion matrix:
 tensor([[39.,  9.,  2.,  0.],
        [12., 24., 13.,  1.],
        [ 3., 13., 26.,  8.],
        [ 0.,  2.,  9., 39.]])
2024-12-02 00:40:58,540 INFO server.py 254:: [Server] Precision=[0.7222222 0.5       0.52      0.8125   ],
 Recall=[0.78 0.48 0.52 0.78],
 F1-score=[0.74999994 0.4897959  0.52       0.79591835],
 my_accuracy=63.999998569488525[%]
2024-12-02 00:40:58,541 INFO _main.py 209:: ########EPOCH 19 ########
2024-12-02 00:40:58,542 INFO _main.py 210:: ###Model distribution###
2024-12-02 00:41:02,263 INFO server.py 1064:: clients' sizes=[1, 2, 1, 0, 0, 0, 2, 2, 0, 1, 0, 1, 2, 2, 2, 2, 1, 1, 2, 0, 1, 1, 1, 1, 1, 0, 1, 1, 1, 1, 2, 0, 2, 0, 1, 2, 1, 0, 2, 0], total=41
2024-12-02 00:41:02,276 INFO server.py 327:: [Server] The aggregation takes 0.277316 seconds.

2024-12-02 00:41:02,277 INFO server.py 211:: [Server] Start testing
2024-12-02 00:41:02,290 INFO server.py 235:: [Server] Test set: Average loss: 0.7371, Accuracy: 127/200 (63.5%)

2024-12-02 00:41:02,292 INFO server.py 238:: [Sever] Confusion matrix:
 tensor([[39.,  9.,  2.,  0.],
        [12., 24., 13.,  1.],
        [ 6.,  9., 27.,  8.],
        [ 0.,  2., 11., 37.]])
2024-12-02 00:41:02,293 INFO server.py 254:: [Server] Precision=[0.68421054 0.54545456 0.509434   0.8043478 ],
 Recall=[0.78 0.48 0.54 0.74],
 F1-score=[0.72897196 0.5106383  0.5242719  0.7708334 ],
 my_accuracy=63.499999046325684[%]
2024-12-02 00:41:02,294 INFO _main.py 209:: ########EPOCH 20 ########
2024-12-02 00:41:02,294 INFO _main.py 210:: ###Model distribution###
2024-12-02 00:41:05,049 INFO server.py 1064:: clients' sizes=[1, 2, 1, 0, 0, 0, 2, 2, 0, 1, 0, 1, 2, 2, 2, 2, 1, 1, 2, 0, 1, 1, 1, 1, 1, 0, 1, 1, 1, 1, 2, 0, 2, 0, 1, 2, 1, 0, 2, 0], total=41
2024-12-02 00:41:05,067 INFO server.py 327:: [Server] The aggregation takes 0.268982 seconds.

2024-12-02 00:41:05,068 INFO server.py 211:: [Server] Start testing
2024-12-02 00:41:05,082 INFO server.py 235:: [Server] Test set: Average loss: 0.7321, Accuracy: 134/200 (67.0%)

2024-12-02 00:41:05,083 INFO server.py 238:: [Sever] Confusion matrix:
 tensor([[41.,  7.,  2.,  0.],
        [12., 24., 13.,  1.],
        [ 6.,  6., 30.,  8.],
        [ 0.,  2.,  9., 39.]])
2024-12-02 00:41:05,084 INFO server.py 254:: [Server] Precision=[0.69491524 0.61538464 0.5555556  0.8125    ],
 Recall=[0.82 0.48 0.6  0.78],
 F1-score=[0.7522935  0.53932583 0.57692313 0.79591835],
 my_accuracy=67.00000166893005[%]
2024-12-02 00:41:05,085 INFO _main.py 209:: ########EPOCH 21 ########
2024-12-02 00:41:05,085 INFO _main.py 210:: ###Model distribution###
2024-12-02 00:41:07,865 INFO server.py 1064:: clients' sizes=[1, 2, 1, 0, 0, 0, 2, 2, 0, 1, 0, 1, 2, 2, 2, 2, 1, 1, 2, 0, 1, 1, 1, 1, 1, 0, 1, 1, 1, 1, 2, 0, 2, 0, 1, 2, 1, 0, 2, 0], total=41
2024-12-02 00:41:07,876 INFO server.py 327:: [Server] The aggregation takes 0.255480 seconds.

2024-12-02 00:41:07,877 INFO server.py 211:: [Server] Start testing
2024-12-02 00:41:07,895 INFO server.py 235:: [Server] Test set: Average loss: 0.7285, Accuracy: 129/200 (64.5%)

2024-12-02 00:41:07,896 INFO server.py 238:: [Sever] Confusion matrix:
 tensor([[40.,  8.,  2.,  0.],
        [12., 24., 13.,  1.],
        [ 7.,  9., 24., 10.],
        [ 0.,  2.,  7., 41.]])
2024-12-02 00:41:07,897 INFO server.py 254:: [Server] Precision=[0.6779661  0.55813956 0.5217391  0.78846157],
 Recall=[0.8  0.48 0.48 0.82],
 F1-score=[0.73394495 0.516129   0.5        0.8039216 ],
 my_accuracy=64.49999809265137[%]
2024-12-02 00:41:07,898 INFO _main.py 209:: ########EPOCH 22 ########
2024-12-02 00:41:07,898 INFO _main.py 210:: ###Model distribution###
2024-12-02 00:41:10,677 INFO server.py 1064:: clients' sizes=[1, 2, 1, 0, 0, 0, 2, 2, 0, 1, 0, 1, 2, 2, 2, 2, 1, 1, 2, 0, 1, 1, 1, 1, 1, 0, 1, 1, 1, 1, 2, 0, 2, 0, 1, 2, 1, 0, 2, 0], total=41
2024-12-02 00:41:10,689 INFO server.py 327:: [Server] The aggregation takes 0.257327 seconds.

2024-12-02 00:41:10,690 INFO server.py 211:: [Server] Start testing
2024-12-02 00:41:10,707 INFO server.py 235:: [Server] Test set: Average loss: 0.7238, Accuracy: 128/200 (64.0%)

2024-12-02 00:41:10,709 INFO server.py 238:: [Sever] Confusion matrix:
 tensor([[39.,  9.,  2.,  0.],
        [12., 24., 13.,  1.],
        [ 7.,  9., 24., 10.],
        [ 0.,  2.,  7., 41.]])
2024-12-02 00:41:10,710 INFO server.py 254:: [Server] Precision=[0.67241377 0.54545456 0.5217391  0.78846157],
 Recall=[0.78 0.48 0.48 0.82],
 F1-score=[0.72222215 0.5106383  0.5        0.8039216 ],
 my_accuracy=63.999998569488525[%]
2024-12-02 00:41:10,711 INFO _main.py 209:: ########EPOCH 23 ########
2024-12-02 00:41:10,712 INFO _main.py 210:: ###Model distribution###
2024-12-02 00:41:14,843 INFO server.py 1064:: clients' sizes=[1, 2, 1, 0, 0, 0, 2, 2, 0, 1, 0, 1, 2, 2, 2, 2, 1, 1, 2, 0, 1, 1, 1, 1, 1, 0, 1, 1, 1, 1, 2, 0, 2, 0, 1, 2, 1, 0, 2, 0], total=41
2024-12-02 00:41:14,860 INFO server.py 327:: [Server] The aggregation takes 0.372913 seconds.

2024-12-02 00:41:14,861 INFO server.py 211:: [Server] Start testing
2024-12-02 00:41:14,882 INFO server.py 235:: [Server] Test set: Average loss: 0.7240, Accuracy: 131/200 (65.5%)

2024-12-02 00:41:14,883 INFO server.py 238:: [Sever] Confusion matrix:
 tensor([[40.,  8.,  2.,  0.],
        [12., 26., 11.,  1.],
        [ 7., 11., 24.,  8.],
        [ 0.,  2.,  7., 41.]])
2024-12-02 00:41:14,885 INFO server.py 254:: [Server] Precision=[0.6779661  0.5531915  0.54545456 0.82      ],
 Recall=[0.8  0.52 0.48 0.82],
 F1-score=[0.73394495 0.5360825  0.5106383  0.82      ],
 my_accuracy=65.49999713897705[%]
2024-12-02 00:41:14,886 INFO _main.py 209:: ########EPOCH 24 ########
2024-12-02 00:41:14,887 INFO _main.py 210:: ###Model distribution###
2024-12-02 00:41:18,266 INFO server.py 1064:: clients' sizes=[1, 2, 1, 0, 0, 0, 2, 2, 0, 1, 0, 1, 2, 2, 2, 2, 1, 1, 2, 0, 1, 1, 1, 1, 1, 0, 1, 1, 1, 1, 2, 0, 2, 0, 1, 2, 1, 0, 2, 0], total=41
2024-12-02 00:41:18,276 INFO server.py 327:: [Server] The aggregation takes 0.254596 seconds.

2024-12-02 00:41:18,277 INFO server.py 211:: [Server] Start testing
2024-12-02 00:41:18,291 INFO server.py 235:: [Server] Test set: Average loss: 0.7183, Accuracy: 133/200 (66.5%)

2024-12-02 00:41:18,292 INFO server.py 238:: [Sever] Confusion matrix:
 tensor([[39.,  9.,  2.,  0.],
        [12., 26., 11.,  1.],
        [ 7.,  8., 28.,  7.],
        [ 0.,  2.,  8., 40.]])
2024-12-02 00:41:18,293 INFO server.py 254:: [Server] Precision=[0.67241377 0.5777778  0.5714286  0.8333333 ],
 Recall=[0.78 0.52 0.56 0.8 ],
 F1-score=[0.72222215 0.5473684  0.5656566  0.81632656],
 my_accuracy=66.50000214576721[%]
2024-12-02 00:41:18,294 INFO _main.py 209:: ########EPOCH 25 ########
2024-12-02 00:41:18,294 INFO _main.py 210:: ###Model distribution###
2024-12-02 00:41:21,029 INFO server.py 1064:: clients' sizes=[1, 2, 1, 0, 0, 0, 2, 2, 0, 1, 0, 1, 2, 2, 2, 2, 1, 1, 2, 0, 1, 1, 1, 1, 1, 0, 1, 1, 1, 1, 2, 0, 2, 0, 1, 2, 1, 0, 2, 0], total=41
2024-12-02 00:41:21,044 INFO server.py 327:: [Server] The aggregation takes 0.258218 seconds.

2024-12-02 00:41:21,046 INFO server.py 211:: [Server] Start testing
2024-12-02 00:41:21,059 INFO server.py 235:: [Server] Test set: Average loss: 0.7219, Accuracy: 136/200 (68.0%)

2024-12-02 00:41:21,060 INFO server.py 238:: [Sever] Confusion matrix:
 tensor([[43.,  6.,  1.,  0.],
        [12., 26., 11.,  1.],
        [ 7.,  9., 24., 10.],
        [ 0.,  2.,  5., 43.]])
2024-12-02 00:41:21,062 INFO server.py 254:: [Server] Precision=[0.6935484  0.60465115 0.58536583 0.7962963 ],
 Recall=[0.86 0.52 0.48 0.86],
 F1-score=[0.7678572 0.5591397 0.5274725 0.8269231],
 my_accuracy=68.00000071525574[%]
2024-12-02 00:41:21,062 INFO _main.py 209:: ########EPOCH 26 ########
2024-12-02 00:41:21,063 INFO _main.py 210:: ###Model distribution###
2024-12-02 00:41:24,051 INFO server.py 1064:: clients' sizes=[1, 2, 1, 0, 0, 0, 2, 2, 0, 1, 0, 1, 2, 2, 2, 2, 1, 1, 2, 0, 1, 1, 1, 1, 1, 0, 1, 1, 1, 1, 2, 0, 2, 0, 1, 2, 1, 0, 2, 0], total=41
2024-12-02 00:41:24,066 INFO server.py 327:: [Server] The aggregation takes 0.264654 seconds.

2024-12-02 00:41:24,067 INFO server.py 211:: [Server] Start testing
2024-12-02 00:41:24,082 INFO server.py 235:: [Server] Test set: Average loss: 0.7051, Accuracy: 136/200 (68.0%)

2024-12-02 00:41:24,083 INFO server.py 238:: [Sever] Confusion matrix:
 tensor([[44.,  6.,  0.,  0.],
        [12., 25., 12.,  1.],
        [ 7., 10., 24.,  9.],
        [ 0.,  2.,  5., 43.]])
2024-12-02 00:41:24,084 INFO server.py 254:: [Server] Precision=[0.6984127  0.5813953  0.58536583 0.8113208 ],
 Recall=[0.88 0.5  0.48 0.86],
 F1-score=[0.778761  0.5376344 0.5274725 0.8349515],
 my_accuracy=68.00000071525574[%]
2024-12-02 00:41:24,085 INFO _main.py 209:: ########EPOCH 27 ########
2024-12-02 00:41:24,085 INFO _main.py 210:: ###Model distribution###
2024-12-02 00:41:26,960 INFO server.py 1064:: clients' sizes=[1, 2, 1, 0, 0, 0, 2, 2, 0, 1, 0, 1, 2, 2, 2, 2, 1, 1, 2, 0, 1, 1, 1, 1, 1, 0, 1, 1, 1, 1, 2, 0, 2, 0, 1, 2, 1, 0, 2, 0], total=41
2024-12-02 00:41:26,983 INFO server.py 327:: [Server] The aggregation takes 0.370514 seconds.

2024-12-02 00:41:26,984 INFO server.py 211:: [Server] Start testing
2024-12-02 00:41:27,010 INFO server.py 235:: [Server] Test set: Average loss: 0.6954, Accuracy: 137/200 (68.5%)

2024-12-02 00:41:27,012 INFO server.py 238:: [Sever] Confusion matrix:
 tensor([[44.,  6.,  0.,  0.],
        [12., 26., 11.,  1.],
        [ 6., 10., 25.,  9.],
        [ 0.,  2.,  6., 42.]])
2024-12-02 00:41:27,013 INFO server.py 254:: [Server] Precision=[0.7096774  0.59090906 0.5952381  0.8076923 ],
 Recall=[0.88 0.52 0.5  0.84],
 F1-score=[0.7857143  0.5531915  0.54347825 0.8235294 ],
 my_accuracy=68.50000023841858[%]
2024-12-02 00:41:27,014 INFO _main.py 209:: ########EPOCH 28 ########
2024-12-02 00:41:27,014 INFO _main.py 210:: ###Model distribution###
2024-12-02 00:41:30,884 INFO server.py 1064:: clients' sizes=[1, 2, 1, 0, 0, 0, 2, 2, 0, 1, 0, 1, 2, 2, 2, 2, 1, 1, 2, 0, 1, 1, 1, 1, 1, 0, 1, 1, 1, 1, 2, 0, 2, 0, 1, 2, 1, 0, 2, 0], total=41
2024-12-02 00:41:30,903 INFO server.py 327:: [Server] The aggregation takes 0.371937 seconds.

2024-12-02 00:41:30,904 INFO server.py 211:: [Server] Start testing
2024-12-02 00:41:30,926 INFO server.py 235:: [Server] Test set: Average loss: 0.6902, Accuracy: 137/200 (68.5%)

2024-12-02 00:41:30,928 INFO server.py 238:: [Sever] Confusion matrix:
 tensor([[44.,  6.,  0.,  0.],
        [12., 25., 12.,  1.],
        [ 6., 10., 25.,  9.],
        [ 0.,  2.,  5., 43.]])
2024-12-02 00:41:30,929 INFO server.py 254:: [Server] Precision=[0.7096774 0.5813953 0.5952381 0.8113208],
 Recall=[0.88 0.5  0.5  0.86],
 F1-score=[0.7857143  0.5376344  0.54347825 0.8349515 ],
 my_accuracy=68.50000023841858[%]
2024-12-02 00:41:30,930 INFO _main.py 209:: ########EPOCH 29 ########
2024-12-02 00:41:30,931 INFO _main.py 210:: ###Model distribution###
2024-12-02 00:41:34,447 INFO server.py 1064:: clients' sizes=[1, 2, 1, 0, 0, 0, 2, 2, 0, 1, 0, 1, 2, 2, 2, 2, 1, 1, 2, 0, 1, 1, 1, 1, 1, 0, 1, 1, 1, 1, 2, 0, 2, 0, 1, 2, 1, 0, 2, 0], total=41
2024-12-02 00:41:34,457 INFO server.py 327:: [Server] The aggregation takes 0.252101 seconds.

2024-12-02 00:41:34,458 INFO server.py 211:: [Server] Start testing
2024-12-02 00:41:34,472 INFO server.py 235:: [Server] Test set: Average loss: 0.6978, Accuracy: 138/200 (69.0%)

2024-12-02 00:41:34,473 INFO server.py 238:: [Sever] Confusion matrix:
 tensor([[46.,  4.,  0.,  0.],
        [13., 24., 12.,  1.],
        [ 7.,  9., 25.,  9.],
        [ 0.,  2.,  5., 43.]])
2024-12-02 00:41:34,474 INFO server.py 254:: [Server] Precision=[0.6969697  0.61538464 0.5952381  0.8113208 ],
 Recall=[0.92 0.48 0.5  0.86],
 F1-score=[0.7931034  0.53932583 0.54347825 0.8349515 ],
 my_accuracy=68.99999976158142[%]
2024-12-02 00:41:34,475 INFO _main.py 209:: ########EPOCH 30 ########
2024-12-02 00:41:34,476 INFO _main.py 210:: ###Model distribution###
2024-12-02 00:41:37,241 INFO server.py 1064:: clients' sizes=[1, 2, 1, 0, 0, 0, 2, 2, 0, 1, 0, 1, 2, 2, 2, 2, 1, 1, 2, 0, 1, 1, 1, 1, 1, 0, 1, 1, 1, 1, 2, 0, 2, 0, 1, 2, 1, 0, 2, 0], total=41
2024-12-02 00:41:37,253 INFO server.py 327:: [Server] The aggregation takes 0.254351 seconds.

2024-12-02 00:41:37,254 INFO server.py 211:: [Server] Start testing
2024-12-02 00:41:37,268 INFO server.py 235:: [Server] Test set: Average loss: 0.6781, Accuracy: 140/200 (70.0%)

2024-12-02 00:41:37,269 INFO server.py 238:: [Sever] Confusion matrix:
 tensor([[44.,  6.,  0.,  0.],
        [12., 25., 12.,  1.],
        [ 6.,  7., 28.,  9.],
        [ 0.,  2.,  5., 43.]])
2024-12-02 00:41:37,271 INFO server.py 254:: [Server] Precision=[0.7096774  0.625      0.62222224 0.8113208 ],
 Recall=[0.88 0.5  0.56 0.86],
 F1-score=[0.7857143 0.5555556 0.5894737 0.8349515],
 my_accuracy=69.9999988079071[%]
2024-12-02 00:41:37,272 INFO _main.py 209:: ########EPOCH 31 ########
2024-12-02 00:41:37,272 INFO _main.py 210:: ###Model distribution###
2024-12-02 00:41:40,120 INFO server.py 1064:: clients' sizes=[1, 2, 1, 0, 0, 0, 2, 2, 0, 1, 0, 1, 2, 2, 2, 2, 1, 1, 2, 0, 1, 1, 1, 1, 1, 0, 1, 1, 1, 1, 2, 0, 2, 0, 1, 2, 1, 0, 2, 0], total=41
2024-12-02 00:41:40,134 INFO server.py 327:: [Server] The aggregation takes 0.255942 seconds.

2024-12-02 00:41:40,136 INFO server.py 211:: [Server] Start testing
2024-12-02 00:41:40,150 INFO server.py 235:: [Server] Test set: Average loss: 0.6688, Accuracy: 142/200 (71.0%)

2024-12-02 00:41:40,151 INFO server.py 238:: [Sever] Confusion matrix:
 tensor([[46.,  4.,  0.,  0.],
        [13., 22., 13.,  2.],
        [ 6.,  4., 31.,  9.],
        [ 0.,  1.,  6., 43.]])
2024-12-02 00:41:40,152 INFO server.py 254:: [Server] Precision=[0.7076923 0.7096774 0.62      0.7962963],
 Recall=[0.92 0.44 0.62 0.86],
 F1-score=[0.8000001 0.5432099 0.62      0.8269231],
 my_accuracy=70.99999785423279[%]
2024-12-02 00:41:40,153 INFO _main.py 209:: ########EPOCH 32 ########
2024-12-02 00:41:40,153 INFO _main.py 210:: ###Model distribution###
2024-12-02 00:41:43,429 INFO server.py 1064:: clients' sizes=[1, 2, 1, 0, 0, 0, 2, 2, 0, 1, 0, 1, 2, 2, 2, 2, 1, 1, 2, 0, 1, 1, 1, 1, 1, 0, 1, 1, 1, 1, 2, 0, 2, 0, 1, 2, 1, 0, 2, 0], total=41
2024-12-02 00:41:43,444 INFO server.py 327:: [Server] The aggregation takes 0.338255 seconds.

2024-12-02 00:41:43,445 INFO server.py 211:: [Server] Start testing
2024-12-02 00:41:43,470 INFO server.py 235:: [Server] Test set: Average loss: 0.6608, Accuracy: 141/200 (70.5%)

2024-12-02 00:41:43,472 INFO server.py 238:: [Sever] Confusion matrix:
 tensor([[46.,  4.,  0.,  0.],
        [13., 22., 14.,  1.],
        [ 6.,  5., 30.,  9.],
        [ 0.,  1.,  6., 43.]])
2024-12-02 00:41:43,473 INFO server.py 254:: [Server] Precision=[0.7076923 0.6875    0.6       0.8113208],
 Recall=[0.92 0.44 0.6  0.86],
 F1-score=[0.8000001  0.53658533 0.6        0.8349515 ],
 my_accuracy=70.49999833106995[%]
2024-12-02 00:41:43,474 INFO _main.py 209:: ########EPOCH 33 ########
2024-12-02 00:41:43,474 INFO _main.py 210:: ###Model distribution###
2024-12-02 00:41:47,480 INFO server.py 1064:: clients' sizes=[1, 2, 1, 0, 0, 0, 2, 2, 0, 1, 0, 1, 2, 2, 2, 2, 1, 1, 2, 0, 1, 1, 1, 1, 1, 0, 1, 1, 1, 1, 2, 0, 2, 0, 1, 2, 1, 0, 2, 0], total=41
2024-12-02 00:41:47,497 INFO server.py 327:: [Server] The aggregation takes 0.363474 seconds.

2024-12-02 00:41:47,499 INFO server.py 211:: [Server] Start testing
2024-12-02 00:41:47,521 INFO server.py 235:: [Server] Test set: Average loss: 0.6715, Accuracy: 142/200 (71.0%)

2024-12-02 00:41:47,523 INFO server.py 238:: [Sever] Confusion matrix:
 tensor([[46.,  4.,  0.,  0.],
        [13., 24., 12.,  1.],
        [ 6.,  7., 29.,  8.],
        [ 0.,  1.,  6., 43.]])
2024-12-02 00:41:47,524 INFO server.py 254:: [Server] Precision=[0.7076923  0.6666667  0.61702126 0.8269231 ],
 Recall=[0.92 0.48 0.58 0.86],
 F1-score=[0.8000001 0.5581395 0.5979381 0.8431373],
 my_accuracy=70.99999785423279[%]
2024-12-02 00:41:47,525 INFO _main.py 209:: ########EPOCH 34 ########
2024-12-02 00:41:47,526 INFO _main.py 210:: ###Model distribution###
2024-12-02 00:41:50,529 INFO server.py 1064:: clients' sizes=[1, 2, 1, 0, 0, 0, 2, 2, 0, 1, 0, 1, 2, 2, 2, 2, 1, 1, 2, 0, 1, 1, 1, 1, 1, 0, 1, 1, 1, 1, 2, 0, 2, 0, 1, 2, 1, 0, 2, 0], total=41
2024-12-02 00:41:50,540 INFO server.py 327:: [Server] The aggregation takes 0.244709 seconds.

2024-12-02 00:41:50,541 INFO server.py 211:: [Server] Start testing
2024-12-02 00:41:50,554 INFO server.py 235:: [Server] Test set: Average loss: 0.6779, Accuracy: 143/200 (71.5%)

2024-12-02 00:41:50,555 INFO server.py 238:: [Sever] Confusion matrix:
 tensor([[47.,  3.,  0.,  0.],
        [13., 25., 11.,  1.],
        [ 7.,  7., 28.,  8.],
        [ 0.,  1.,  6., 43.]])
2024-12-02 00:41:50,557 INFO server.py 254:: [Server] Precision=[0.70149255 0.6944444  0.62222224 0.8269231 ],
 Recall=[0.94 0.5  0.56 0.86],
 F1-score=[0.80341876 0.5813953  0.5894737  0.8431373 ],
 my_accuracy=71.49999737739563[%]
