2024-12-02 00:06:33,496 INFO _main.py 39:: ################################################################
2024-12-02 00:06:33,498 INFO _main.py 41:: #                              batch_size: 64                  #
2024-12-02 00:06:33,501 INFO _main.py 41:: #                         test_batch_size: 32                  #
2024-12-02 00:06:33,502 INFO _main.py 41:: #                                  epochs: 25                  #
2024-12-02 00:06:33,503 INFO _main.py 41:: #                               optimizer: SGD                 #
2024-12-02 00:06:33,504 INFO _main.py 41:: #                                      lr: 0.01                #
2024-12-02 00:06:33,504 INFO _main.py 41:: #                                momentum: 0.9                 #
2024-12-02 00:06:33,504 INFO _main.py 41:: #                            weight_decay: 0.0001              #
2024-12-02 00:06:33,504 INFO _main.py 41:: #                                    seed: 1                   #
2024-12-02 00:06:33,504 INFO _main.py 41:: #                            log_interval: 11                  #
2024-12-02 00:06:33,504 INFO _main.py 41:: #                             num_clients: 40                  #
2024-12-02 00:06:33,505 INFO _main.py 41:: #                           output_folder: experiments         #
2024-12-02 00:06:33,505 INFO _main.py 41:: #                                 dataset: rockburst           #
2024-12-02 00:06:33,505 INFO _main.py 41:: #                             loader_type: dirichlet           #
2024-12-02 00:06:33,506 INFO _main.py 41:: #                             loader_path: ./data/loader.pk    #
2024-12-02 00:06:33,506 INFO _main.py 41:: #                                      AR: my_hog              #
2024-12-02 00:06:33,506 INFO _main.py 41:: #                     n_attacker_backdoor: 0                   #
2024-12-02 00:06:33,506 INFO _main.py 41:: #                        backdoor_trigger: [0, 0, 1, 1]        #
2024-12-02 00:06:33,507 INFO _main.py 41:: #                   n_attacker_omniscient: 0                   #
2024-12-02 00:06:33,507 INFO _main.py 41:: #                        omniscient_scale: 1                   #
2024-12-02 00:06:33,507 INFO _main.py 41:: #                                 attacks: None                #
2024-12-02 00:06:33,507 INFO _main.py 41:: #                      save_model_weights: False               #
2024-12-02 00:06:33,507 INFO _main.py 41:: #                         experiment_name: sExp4Ba_40ep_rockburst_my_hog_40C_5#
2024-12-02 00:06:33,507 INFO _main.py 41:: #                          path_to_aggNet: None                #
2024-12-02 00:06:33,508 INFO _main.py 41:: #                                  device: cpu                 #
2024-12-02 00:06:33,508 INFO _main.py 41:: #                            inner_epochs: 30                  #
2024-12-02 00:06:33,508 INFO _main.py 41:: #                                 verbose: True                #
2024-12-02 00:06:33,508 INFO _main.py 41:: #                         list_unreliable: [2, 18, 20]         #
2024-12-02 00:06:33,508 INFO _main.py 41:: #                     unreliable_fraction: 0.5                 #
2024-12-02 00:06:33,509 INFO _main.py 41:: #                    unreliable_fracTrain: 0.3                 #
2024-12-02 00:06:33,509 INFO _main.py 41:: #                         mean_unreliable: 0.0                 #
2024-12-02 00:06:33,509 INFO _main.py 41:: #                             blur_method: add_noise           #
2024-12-02 00:06:33,509 INFO _main.py 41:: #                      max_std_unreliable: 30.0                #
2024-12-02 00:06:33,509 INFO _main.py 41:: #                     list_uatk_add_noise: [24, 25, 26]        #
2024-12-02 00:06:33,509 INFO _main.py 41:: #                          mean_add_noise: 0.0                 #
2024-12-02 00:06:33,510 INFO _main.py 41:: #                           std_add_noise: 0.01                #
2024-12-02 00:06:33,510 INFO _main.py 41:: #                     list_uatk_flip_sign: [0, 10, 11]         #
2024-12-02 00:06:33,510 INFO _main.py 42:: ################################################################
2024-12-02 00:06:33,510 INFO _main.py 43:: Namespace(batch_size=64, test_batch_size=32, epochs=25, optimizer='SGD', lr=0.01, momentum=0.9, weight_decay=0.0001, seed=1, log_interval=11, num_clients=40, output_folder='experiments', dataset='rockburst', loader_type='dirichlet', loader_path='./data/loader.pk', AR='my_hog', n_attacker_backdoor=0, backdoor_trigger=[0, 0, 1, 1], n_attacker_omniscient=0, omniscient_scale=1, attacks=None, save_model_weights=False, experiment_name='sExp4Ba_40ep_rockburst_my_hog_40C_5', path_to_aggNet=None, device='cpu', inner_epochs=30, verbose=True, list_unreliable=[2, 18, 20], unreliable_fraction=0.5, unreliable_fracTrain=0.3, mean_unreliable=0.0, blur_method='add_noise', max_std_unreliable=30.0, list_uatk_add_noise=[24, 25, 26], mean_add_noise=0.0, std_add_noise=0.01, list_uatk_flip_sign=[0, 10, 11])
2024-12-02 00:06:33,511 INFO _main.py 44:: #####################
2024-12-02 00:06:33,511 INFO _main.py 45:: #####################
2024-12-02 00:06:33,511 INFO _main.py 46:: #####################
2024-12-02 00:06:33,511 INFO _main.py 47:: Aggregation Rule:	my_hog
2024-12-02 00:06:33,511 INFO _main.py 48:: Data distribution:	dirichlet
2024-12-02 00:06:33,511 INFO _main.py 49:: Attacks:	None 
2024-12-02 00:06:33,512 INFO _main.py 50:: #####################
2024-12-02 00:06:33,512 INFO _main.py 51:: #####################
2024-12-02 00:06:33,512 INFO _main.py 52:: #####################
2024-12-02 00:06:35,882 INFO server.py 366:: SET DBSCAN eps=1.3, min_samples=10
2024-12-02 00:06:35,886 INFO _main.py 135:: [1-normal, 0-malicious] label =tensor([0., 1., 1., 1., 1., 1., 1., 1., 1., 1., 0., 0., 1., 1., 1., 1., 1., 1.,
        1., 1., 1., 1., 1., 1., 0., 0., 0., 1., 1., 1., 1., 1., 1., 1., 1., 1.,
        1., 1., 1., 1.])
2024-12-02 00:06:35,898 INFO malicious_clients.py 123:: init ATTACK OMNISCIENT Client 0
2024-12-02 00:06:35,906 INFO malicious_clients.py 18:: init UNRELIABLE Client 2
2024-12-02 00:06:35,970 INFO malicious_clients.py 123:: init ATTACK OMNISCIENT Client 10
2024-12-02 00:06:35,976 INFO malicious_clients.py 123:: init ATTACK OMNISCIENT Client 11
2024-12-02 00:06:36,056 INFO malicious_clients.py 18:: init UNRELIABLE Client 18
2024-12-02 00:06:36,078 INFO malicious_clients.py 18:: init UNRELIABLE Client 20
2024-12-02 00:06:36,121 INFO malicious_clients.py 73:: init ATTACK ADD NOISE TO GRAD Client 24
2024-12-02 00:06:36,128 INFO malicious_clients.py 73:: init ATTACK ADD NOISE TO GRAD Client 25
2024-12-02 00:06:36,134 INFO malicious_clients.py 73:: init ATTACK ADD NOISE TO GRAD Client 26
2024-12-02 00:06:36,228 INFO server.py 211:: [Server] Start testing
2024-12-02 00:06:36,252 INFO server.py 235:: [Server] Test set: Average loss: 1.3864, Accuracy: 50/200 (25.0%)

2024-12-02 00:06:36,254 INFO server.py 238:: [Sever] Confusion matrix:
 tensor([[50.,  0.,  0.,  0.],
        [50.,  0.,  0.,  0.],
        [50.,  0.,  0.,  0.],
        [50.,  0.,  0.,  0.]])
2024-12-02 00:06:36,261 INFO server.py 254:: [Server] Precision=[0.25  nan  nan  nan],
 Recall=[1. 0. 0. 0.],
 F1-score=[0.4 nan nan nan],
 my_accuracy=25.0[%]
2024-12-02 00:06:36,262 INFO _main.py 209:: ########EPOCH 0 ########
2024-12-02 00:06:36,262 INFO _main.py 210:: ###Model distribution###
2024-12-02 00:06:39,087 INFO server.py 1064:: clients' sizes=[1, 2, 1, 0, 0, 0, 2, 2, 0, 1, 0, 1, 2, 2, 2, 2, 1, 1, 2, 0, 1, 1, 1, 1, 1, 0, 1, 1, 1, 1, 2, 0, 2, 0, 1, 2, 1, 0, 2, 0], total=41
2024-12-02 00:06:39,102 INFO server.py 327:: [Server] The aggregation takes 0.264117 seconds.

2024-12-02 00:06:39,103 INFO server.py 211:: [Server] Start testing
2024-12-02 00:06:39,116 INFO server.py 235:: [Server] Test set: Average loss: 1.3313, Accuracy: 71/200 (35.5%)

2024-12-02 00:06:39,117 INFO server.py 238:: [Sever] Confusion matrix:
 tensor([[50.,  0.,  0.,  0.],
        [50.,  0.,  0.,  0.],
        [50.,  0.,  0.,  0.],
        [29.,  0.,  0., 21.]])
2024-12-02 00:06:39,119 INFO server.py 254:: [Server] Precision=[0.2793296       nan       nan 1.       ],
 Recall=[1.   0.   0.   0.42],
 F1-score=[0.43668124        nan        nan 0.5915493 ],
 my_accuracy=35.499998927116394[%]
2024-12-02 00:06:39,119 INFO _main.py 209:: ########EPOCH 1 ########
2024-12-02 00:06:39,120 INFO _main.py 210:: ###Model distribution###
2024-12-02 00:06:41,871 INFO server.py 1064:: clients' sizes=[1, 2, 1, 0, 0, 0, 2, 2, 0, 1, 0, 1, 2, 2, 2, 2, 1, 1, 2, 0, 1, 1, 1, 1, 1, 0, 1, 1, 1, 1, 2, 0, 2, 0, 1, 2, 1, 0, 2, 0], total=41
2024-12-02 00:06:41,881 INFO server.py 327:: [Server] The aggregation takes 0.258253 seconds.

2024-12-02 00:06:41,882 INFO server.py 211:: [Server] Start testing
2024-12-02 00:06:41,896 INFO server.py 235:: [Server] Test set: Average loss: 1.1994, Accuracy: 90/200 (45.0%)

2024-12-02 00:06:41,897 INFO server.py 238:: [Sever] Confusion matrix:
 tensor([[50.,  0.,  0.,  0.],
        [46.,  0.,  1.,  3.],
        [34.,  0.,  6., 10.],
        [ 9.,  0.,  7., 34.]])
2024-12-02 00:06:41,898 INFO server.py 254:: [Server] Precision=[0.35971224        nan 0.42857143 0.7234042 ],
 Recall=[1.   0.   0.12 0.68],
 F1-score=[0.52910054        nan 0.1875     0.7010309 ],
 my_accuracy=44.999998807907104[%]
2024-12-02 00:06:41,899 INFO _main.py 209:: ########EPOCH 2 ########
2024-12-02 00:06:41,899 INFO _main.py 210:: ###Model distribution###
2024-12-02 00:06:44,625 INFO server.py 1064:: clients' sizes=[1, 2, 1, 0, 0, 0, 2, 2, 0, 1, 0, 1, 2, 2, 2, 2, 1, 1, 2, 0, 1, 1, 1, 1, 1, 0, 1, 1, 1, 1, 2, 0, 2, 0, 1, 2, 1, 0, 2, 0], total=41
2024-12-02 00:06:44,642 INFO server.py 327:: [Server] The aggregation takes 0.260590 seconds.

2024-12-02 00:06:44,643 INFO server.py 211:: [Server] Start testing
2024-12-02 00:06:44,662 INFO server.py 235:: [Server] Test set: Average loss: 1.0688, Accuracy: 107/200 (53.5%)

2024-12-02 00:06:44,664 INFO server.py 238:: [Sever] Confusion matrix:
 tensor([[47.,  1.,  2.,  0.],
        [33., 11.,  3.,  3.],
        [18., 10., 13.,  9.],
        [ 6.,  1.,  7., 36.]])
2024-12-02 00:06:44,666 INFO server.py 254:: [Server] Precision=[0.45192307 0.47826087 0.52       0.75      ],
 Recall=[0.94 0.22 0.26 0.72],
 F1-score=[0.61038965 0.30136985 0.34666666 0.7346939 ],
 my_accuracy=53.50000262260437[%]
2024-12-02 00:06:44,666 INFO _main.py 209:: ########EPOCH 3 ########
2024-12-02 00:06:44,667 INFO _main.py 210:: ###Model distribution###
2024-12-02 00:06:47,951 INFO server.py 1064:: clients' sizes=[1, 2, 1, 0, 0, 0, 2, 2, 0, 1, 0, 1, 2, 2, 2, 2, 1, 1, 2, 0, 1, 1, 1, 1, 1, 0, 1, 1, 1, 1, 2, 0, 2, 0, 1, 2, 1, 0, 2, 0], total=41
2024-12-02 00:06:47,966 INFO server.py 327:: [Server] The aggregation takes 0.349995 seconds.

2024-12-02 00:06:47,967 INFO server.py 211:: [Server] Start testing
2024-12-02 00:06:47,988 INFO server.py 235:: [Server] Test set: Average loss: 0.9836, Accuracy: 121/200 (60.5%)

2024-12-02 00:06:47,989 INFO server.py 238:: [Sever] Confusion matrix:
 tensor([[46.,  2.,  2.,  0.],
        [20., 21.,  6.,  3.],
        [13., 14., 15.,  8.],
        [ 0.,  6.,  5., 39.]])
2024-12-02 00:06:47,991 INFO server.py 254:: [Server] Precision=[0.5822785  0.4883721  0.53571427 0.78      ],
 Recall=[0.92 0.42 0.3  0.78],
 F1-score=[0.7131783  0.45161292 0.3846154  0.7799999 ],
 my_accuracy=60.50000190734863[%]
2024-12-02 00:06:47,992 INFO _main.py 209:: ########EPOCH 4 ########
2024-12-02 00:06:47,994 INFO _main.py 210:: ###Model distribution###
2024-12-02 00:06:52,170 INFO server.py 1064:: clients' sizes=[1, 2, 1, 0, 0, 0, 2, 2, 0, 1, 0, 1, 2, 2, 2, 2, 1, 1, 2, 0, 1, 1, 1, 1, 1, 0, 1, 1, 1, 1, 2, 0, 2, 0, 1, 2, 1, 0, 2, 0], total=41
2024-12-02 00:06:52,190 INFO server.py 327:: [Server] The aggregation takes 0.366674 seconds.

2024-12-02 00:06:52,191 INFO server.py 211:: [Server] Start testing
2024-12-02 00:06:52,213 INFO server.py 235:: [Server] Test set: Average loss: 0.9405, Accuracy: 121/200 (60.5%)

2024-12-02 00:06:52,214 INFO server.py 238:: [Sever] Confusion matrix:
 tensor([[41.,  7.,  2.,  0.],
        [18., 23.,  7.,  2.],
        [10., 14., 18.,  8.],
        [ 0.,  6.,  5., 39.]])
2024-12-02 00:06:52,216 INFO server.py 254:: [Server] Precision=[0.5942029  0.46       0.5625     0.79591835],
 Recall=[0.82 0.46 0.36 0.78],
 F1-score=[0.6890756  0.46       0.43902442 0.78787875],
 my_accuracy=60.50000190734863[%]
2024-12-02 00:06:52,217 INFO _main.py 209:: ########EPOCH 5 ########
2024-12-02 00:06:52,218 INFO _main.py 210:: ###Model distribution###
2024-12-02 00:06:55,036 INFO server.py 1064:: clients' sizes=[1, 2, 1, 0, 0, 0, 2, 2, 0, 1, 0, 1, 2, 2, 2, 2, 1, 1, 2, 0, 1, 1, 1, 1, 1, 0, 1, 1, 1, 1, 2, 0, 2, 0, 1, 2, 1, 0, 2, 0], total=41
2024-12-02 00:06:55,050 INFO server.py 327:: [Server] The aggregation takes 0.258665 seconds.

2024-12-02 00:06:55,051 INFO server.py 211:: [Server] Start testing
2024-12-02 00:06:55,064 INFO server.py 235:: [Server] Test set: Average loss: 0.9115, Accuracy: 123/200 (61.5%)

2024-12-02 00:06:55,066 INFO server.py 238:: [Sever] Confusion matrix:
 tensor([[41.,  7.,  2.,  0.],
        [17., 22.,  9.,  2.],
        [ 8., 14., 21.,  7.],
        [ 0.,  6.,  5., 39.]])
2024-12-02 00:06:55,067 INFO server.py 254:: [Server] Precision=[0.6212121 0.4489796 0.5675676 0.8125   ],
 Recall=[0.82 0.44 0.42 0.78],
 F1-score=[0.7068965  0.44444445 0.48275864 0.79591835],
 my_accuracy=61.500000953674316[%]
2024-12-02 00:06:55,068 INFO _main.py 209:: ########EPOCH 6 ########
2024-12-02 00:06:55,069 INFO _main.py 210:: ###Model distribution###
2024-12-02 00:06:57,839 INFO server.py 1064:: clients' sizes=[1, 2, 1, 0, 0, 0, 2, 2, 0, 1, 0, 1, 2, 2, 2, 2, 1, 1, 2, 0, 1, 1, 1, 1, 1, 0, 1, 1, 1, 1, 2, 0, 2, 0, 1, 2, 1, 0, 2, 0], total=41
2024-12-02 00:06:57,850 INFO server.py 327:: [Server] The aggregation takes 0.256485 seconds.

2024-12-02 00:06:57,851 INFO server.py 211:: [Server] Start testing
2024-12-02 00:06:57,864 INFO server.py 235:: [Server] Test set: Average loss: 0.8978, Accuracy: 122/200 (61.0%)

2024-12-02 00:06:57,865 INFO server.py 238:: [Sever] Confusion matrix:
 tensor([[41.,  7.,  2.,  0.],
        [17., 22., 10.,  1.],
        [ 8., 13., 24.,  5.],
        [ 0.,  6.,  9., 35.]])
2024-12-02 00:06:57,867 INFO server.py 254:: [Server] Precision=[0.6212121  0.45833334 0.53333336 0.85365856],
 Recall=[0.82 0.44 0.48 0.7 ],
 F1-score=[0.7068965  0.44897962 0.5052632  0.76923084],
 my_accuracy=61.000001430511475[%]
2024-12-02 00:06:57,867 INFO _main.py 209:: ########EPOCH 7 ########
2024-12-02 00:06:57,868 INFO _main.py 210:: ###Model distribution###
2024-12-02 00:07:00,839 INFO server.py 1064:: clients' sizes=[1, 2, 1, 0, 0, 0, 2, 2, 0, 1, 0, 1, 2, 2, 2, 2, 1, 1, 2, 0, 1, 1, 1, 1, 1, 0, 1, 1, 1, 1, 2, 0, 2, 0, 1, 2, 1, 0, 2, 0], total=41
2024-12-02 00:07:00,852 INFO server.py 327:: [Server] The aggregation takes 0.268943 seconds.

2024-12-02 00:07:00,853 INFO server.py 211:: [Server] Start testing
2024-12-02 00:07:00,866 INFO server.py 235:: [Server] Test set: Average loss: 0.8730, Accuracy: 122/200 (61.0%)

2024-12-02 00:07:00,868 INFO server.py 238:: [Sever] Confusion matrix:
 tensor([[41.,  7.,  2.,  0.],
        [15., 23., 11.,  1.],
        [ 6., 15., 22.,  7.],
        [ 0.,  5.,  9., 36.]])
2024-12-02 00:07:00,869 INFO server.py 254:: [Server] Precision=[0.66129035 0.46       0.5        0.8181818 ],
 Recall=[0.82 0.46 0.44 0.72],
 F1-score=[0.73214287 0.46       0.4680851  0.76595753],
 my_accuracy=61.000001430511475[%]
2024-12-02 00:07:00,870 INFO _main.py 209:: ########EPOCH 8 ########
2024-12-02 00:07:00,870 INFO _main.py 210:: ###Model distribution###
2024-12-02 00:07:04,139 INFO server.py 1064:: clients' sizes=[1, 2, 1, 0, 0, 0, 2, 2, 0, 1, 0, 1, 2, 2, 2, 2, 1, 1, 2, 0, 1, 1, 1, 1, 1, 0, 1, 1, 1, 1, 2, 0, 2, 0, 1, 2, 1, 0, 2, 0], total=41
2024-12-02 00:07:04,154 INFO server.py 327:: [Server] The aggregation takes 0.381779 seconds.

2024-12-02 00:07:04,155 INFO server.py 211:: [Server] Start testing
2024-12-02 00:07:04,174 INFO server.py 235:: [Server] Test set: Average loss: 0.8575, Accuracy: 124/200 (62.0%)

2024-12-02 00:07:04,175 INFO server.py 238:: [Sever] Confusion matrix:
 tensor([[41.,  8.,  1.,  0.],
        [15., 24., 10.,  1.],
        [ 7., 16., 20.,  7.],
        [ 0.,  5.,  6., 39.]])
2024-12-02 00:07:04,177 INFO server.py 254:: [Server] Precision=[0.6507937  0.4528302  0.5405405  0.82978725],
 Recall=[0.82 0.48 0.4  0.78],
 F1-score=[0.7256637  0.4660194  0.45977008 0.8041237 ],
 my_accuracy=62.00000047683716[%]
2024-12-02 00:07:04,177 INFO _main.py 209:: ########EPOCH 9 ########
2024-12-02 00:07:04,178 INFO _main.py 210:: ###Model distribution###
2024-12-02 00:07:08,055 INFO server.py 1064:: clients' sizes=[1, 2, 1, 0, 0, 0, 2, 2, 0, 1, 0, 1, 2, 2, 2, 2, 1, 1, 2, 0, 1, 1, 1, 1, 1, 0, 1, 1, 1, 1, 2, 0, 2, 0, 1, 2, 1, 0, 2, 0], total=41
2024-12-02 00:07:08,065 INFO server.py 327:: [Server] The aggregation takes 0.338921 seconds.

2024-12-02 00:07:08,066 INFO server.py 211:: [Server] Start testing
2024-12-02 00:07:08,081 INFO server.py 235:: [Server] Test set: Average loss: 0.8534, Accuracy: 122/200 (61.0%)

2024-12-02 00:07:08,082 INFO server.py 238:: [Sever] Confusion matrix:
 tensor([[41.,  8.,  1.,  0.],
        [15., 23., 11.,  1.],
        [ 6., 17., 21.,  6.],
        [ 0.,  5.,  8., 37.]])
2024-12-02 00:07:08,084 INFO server.py 254:: [Server] Precision=[0.66129035 0.43396226 0.5121951  0.84090906],
 Recall=[0.82 0.46 0.42 0.74],
 F1-score=[0.73214287 0.44660196 0.46153846 0.78723407],
 my_accuracy=61.000001430511475[%]
2024-12-02 00:07:08,085 INFO _main.py 209:: ########EPOCH 10 ########
2024-12-02 00:07:08,085 INFO _main.py 210:: ###Model distribution###
2024-12-02 00:07:11,063 INFO server.py 1064:: clients' sizes=[1, 2, 1, 0, 0, 0, 2, 2, 0, 1, 0, 1, 2, 2, 2, 2, 1, 1, 2, 0, 1, 1, 1, 1, 1, 0, 1, 1, 1, 1, 2, 0, 2, 0, 1, 2, 1, 0, 2, 0], total=41
2024-12-02 00:07:11,075 INFO server.py 327:: [Server] The aggregation takes 0.264916 seconds.

2024-12-02 00:07:11,076 INFO server.py 211:: [Server] Start testing
2024-12-02 00:07:11,091 INFO server.py 235:: [Server] Test set: Average loss: 0.8386, Accuracy: 122/200 (61.0%)

2024-12-02 00:07:11,092 INFO server.py 238:: [Sever] Confusion matrix:
 tensor([[41.,  7.,  2.,  0.],
        [15., 22., 11.,  2.],
        [ 4., 17., 22.,  7.],
        [ 0.,  5.,  8., 37.]])
2024-12-02 00:07:11,094 INFO server.py 254:: [Server] Precision=[0.68333334 0.43137255 0.5116279  0.8043478 ],
 Recall=[0.82 0.44 0.44 0.74],
 F1-score=[0.7454545  0.43564355 0.47311828 0.7708334 ],
 my_accuracy=61.000001430511475[%]
2024-12-02 00:07:11,095 INFO _main.py 209:: ########EPOCH 11 ########
2024-12-02 00:07:11,095 INFO _main.py 210:: ###Model distribution###
2024-12-02 00:07:13,860 INFO server.py 1064:: clients' sizes=[1, 2, 1, 0, 0, 0, 2, 2, 0, 1, 0, 1, 2, 2, 2, 2, 1, 1, 2, 0, 1, 1, 1, 1, 1, 0, 1, 1, 1, 1, 2, 0, 2, 0, 1, 2, 1, 0, 2, 0], total=41
2024-12-02 00:07:13,874 INFO server.py 327:: [Server] The aggregation takes 0.258230 seconds.

2024-12-02 00:07:13,875 INFO server.py 211:: [Server] Start testing
2024-12-02 00:07:13,888 INFO server.py 235:: [Server] Test set: Average loss: 0.8220, Accuracy: 122/200 (61.0%)

2024-12-02 00:07:13,889 INFO server.py 238:: [Sever] Confusion matrix:
 tensor([[41.,  8.,  1.,  0.],
        [15., 23., 11.,  1.],
        [ 4., 18., 21.,  7.],
        [ 0.,  5.,  8., 37.]])
2024-12-02 00:07:13,891 INFO server.py 254:: [Server] Precision=[0.68333334 0.42592594 0.5121951  0.82222223],
 Recall=[0.82 0.46 0.42 0.74],
 F1-score=[0.7454545  0.4423077  0.46153846 0.77894735],
 my_accuracy=61.000001430511475[%]
2024-12-02 00:07:13,891 INFO _main.py 209:: ########EPOCH 12 ########
2024-12-02 00:07:13,891 INFO _main.py 210:: ###Model distribution###
2024-12-02 00:07:16,687 INFO server.py 1064:: clients' sizes=[1, 2, 1, 0, 0, 0, 2, 2, 0, 1, 0, 1, 2, 2, 2, 2, 1, 1, 2, 0, 1, 1, 1, 1, 1, 0, 1, 1, 1, 1, 2, 0, 2, 0, 1, 2, 1, 0, 2, 0], total=41
2024-12-02 00:07:16,696 INFO server.py 327:: [Server] The aggregation takes 0.252922 seconds.

2024-12-02 00:07:16,697 INFO server.py 211:: [Server] Start testing
2024-12-02 00:07:16,711 INFO server.py 235:: [Server] Test set: Average loss: 0.8109, Accuracy: 124/200 (62.0%)

2024-12-02 00:07:16,712 INFO server.py 238:: [Sever] Confusion matrix:
 tensor([[41.,  7.,  2.,  0.],
        [13., 22., 14.,  1.],
        [ 4., 16., 23.,  7.],
        [ 0.,  5.,  7., 38.]])
2024-12-02 00:07:16,713 INFO server.py 254:: [Server] Precision=[0.70689654 0.44       0.5        0.82608694],
 Recall=[0.82 0.44 0.46 0.76],
 F1-score=[0.7592593  0.44       0.47916666 0.7916667 ],
 my_accuracy=62.00000047683716[%]
2024-12-02 00:07:16,714 INFO _main.py 209:: ########EPOCH 13 ########
2024-12-02 00:07:16,714 INFO _main.py 210:: ###Model distribution###
2024-12-02 00:07:20,310 INFO server.py 1064:: clients' sizes=[1, 2, 1, 0, 0, 0, 2, 2, 0, 1, 0, 1, 2, 2, 2, 2, 1, 1, 2, 0, 1, 1, 1, 1, 1, 0, 1, 1, 1, 1, 2, 0, 2, 0, 1, 2, 1, 0, 2, 0], total=41
2024-12-02 00:07:20,332 INFO server.py 327:: [Server] The aggregation takes 0.362259 seconds.

2024-12-02 00:07:20,334 INFO server.py 211:: [Server] Start testing
2024-12-02 00:07:20,354 INFO server.py 235:: [Server] Test set: Average loss: 0.7985, Accuracy: 124/200 (62.0%)

2024-12-02 00:07:20,355 INFO server.py 238:: [Sever] Confusion matrix:
 tensor([[40.,  8.,  2.,  0.],
        [14., 23., 12.,  1.],
        [ 4., 16., 22.,  8.],
        [ 0.,  4.,  7., 39.]])
2024-12-02 00:07:20,357 INFO server.py 254:: [Server] Precision=[0.6896552 0.4509804 0.5116279 0.8125   ],
 Recall=[0.8  0.46 0.44 0.78],
 F1-score=[0.7407407  0.45544556 0.47311828 0.79591835],
 my_accuracy=62.00000047683716[%]
2024-12-02 00:07:20,357 INFO _main.py 209:: ########EPOCH 14 ########
2024-12-02 00:07:20,358 INFO _main.py 210:: ###Model distribution###
2024-12-02 00:07:24,245 INFO server.py 1064:: clients' sizes=[1, 2, 1, 0, 0, 0, 2, 2, 0, 1, 0, 1, 2, 2, 2, 2, 1, 1, 2, 0, 1, 1, 1, 1, 1, 0, 1, 1, 1, 1, 2, 0, 2, 0, 1, 2, 1, 0, 2, 0], total=41
2024-12-02 00:07:24,257 INFO server.py 327:: [Server] The aggregation takes 0.253117 seconds.

2024-12-02 00:07:24,258 INFO server.py 211:: [Server] Start testing
2024-12-02 00:07:24,271 INFO server.py 235:: [Server] Test set: Average loss: 0.7858, Accuracy: 127/200 (63.5%)

2024-12-02 00:07:24,272 INFO server.py 238:: [Sever] Confusion matrix:
 tensor([[41.,  7.,  2.,  0.],
        [14., 24., 11.,  1.],
        [ 4., 15., 23.,  8.],
        [ 0.,  4.,  7., 39.]])
2024-12-02 00:07:24,274 INFO server.py 254:: [Server] Precision=[0.69491524 0.48       0.53488374 0.8125    ],
 Recall=[0.82 0.48 0.46 0.78],
 F1-score=[0.7522935  0.48       0.49462366 0.79591835],
 my_accuracy=63.499999046325684[%]
2024-12-02 00:07:24,274 INFO _main.py 209:: ########EPOCH 15 ########
2024-12-02 00:07:24,274 INFO _main.py 210:: ###Model distribution###
2024-12-02 00:07:26,987 INFO server.py 1064:: clients' sizes=[1, 2, 1, 0, 0, 0, 2, 2, 0, 1, 0, 1, 2, 2, 2, 2, 1, 1, 2, 0, 1, 1, 1, 1, 1, 0, 1, 1, 1, 1, 2, 0, 2, 0, 1, 2, 1, 0, 2, 0], total=41
2024-12-02 00:07:27,000 INFO server.py 327:: [Server] The aggregation takes 0.262408 seconds.

2024-12-02 00:07:27,001 INFO server.py 211:: [Server] Start testing
2024-12-02 00:07:27,014 INFO server.py 235:: [Server] Test set: Average loss: 0.7791, Accuracy: 128/200 (64.0%)

2024-12-02 00:07:27,016 INFO server.py 238:: [Sever] Confusion matrix:
 tensor([[41.,  7.,  2.,  0.],
        [14., 24., 11.,  1.],
        [ 4., 15., 25.,  6.],
        [ 0.,  4.,  8., 38.]])
2024-12-02 00:07:27,017 INFO server.py 254:: [Server] Precision=[0.69491524 0.48       0.54347825 0.84444445],
 Recall=[0.82 0.48 0.5  0.76],
 F1-score=[0.7522935  0.48       0.5208333  0.79999995],
 my_accuracy=63.999998569488525[%]
2024-12-02 00:07:27,018 INFO _main.py 209:: ########EPOCH 16 ########
2024-12-02 00:07:27,019 INFO _main.py 210:: ###Model distribution###
2024-12-02 00:07:29,884 INFO server.py 1064:: clients' sizes=[1, 2, 1, 0, 0, 0, 2, 2, 0, 1, 0, 1, 2, 2, 2, 2, 1, 1, 2, 0, 1, 1, 1, 1, 1, 0, 1, 1, 1, 1, 2, 0, 2, 0, 1, 2, 1, 0, 2, 0], total=41
2024-12-02 00:07:29,895 INFO server.py 327:: [Server] The aggregation takes 0.259870 seconds.

2024-12-02 00:07:29,897 INFO server.py 211:: [Server] Start testing
2024-12-02 00:07:29,910 INFO server.py 235:: [Server] Test set: Average loss: 0.7695, Accuracy: 126/200 (63.0%)

2024-12-02 00:07:29,912 INFO server.py 238:: [Sever] Confusion matrix:
 tensor([[39.,  9.,  2.,  0.],
        [13., 25., 11.,  1.],
        [ 5., 14., 24.,  7.],
        [ 0.,  4.,  8., 38.]])
2024-12-02 00:07:29,913 INFO server.py 254:: [Server] Precision=[0.68421054 0.48076922 0.53333336 0.82608694],
 Recall=[0.78 0.5  0.48 0.76],
 F1-score=[0.72897196 0.49019608 0.5052632  0.7916667 ],
 my_accuracy=62.99999952316284[%]
2024-12-02 00:07:29,914 INFO _main.py 209:: ########EPOCH 17 ########
2024-12-02 00:07:29,914 INFO _main.py 210:: ###Model distribution###
2024-12-02 00:07:32,696 INFO server.py 1064:: clients' sizes=[1, 2, 1, 0, 0, 0, 2, 2, 0, 1, 0, 1, 2, 2, 2, 2, 1, 1, 2, 0, 1, 1, 1, 1, 1, 0, 1, 1, 1, 1, 2, 0, 2, 0, 1, 2, 1, 0, 2, 0], total=41
2024-12-02 00:07:32,706 INFO server.py 327:: [Server] The aggregation takes 0.257712 seconds.

2024-12-02 00:07:32,707 INFO server.py 211:: [Server] Start testing
2024-12-02 00:07:32,721 INFO server.py 235:: [Server] Test set: Average loss: 0.7517, Accuracy: 127/200 (63.5%)

2024-12-02 00:07:32,723 INFO server.py 238:: [Sever] Confusion matrix:
 tensor([[39.,  9.,  2.,  0.],
        [12., 25., 12.,  1.],
        [ 5., 13., 24.,  8.],
        [ 0.,  3.,  8., 39.]])
2024-12-02 00:07:32,724 INFO server.py 254:: [Server] Precision=[0.6964286 0.5       0.5217391 0.8125   ],
 Recall=[0.78 0.5  0.48 0.78],
 F1-score=[0.7358491  0.5        0.5        0.79591835],
 my_accuracy=63.499999046325684[%]
2024-12-02 00:07:32,724 INFO _main.py 209:: ########EPOCH 18 ########
2024-12-02 00:07:32,725 INFO _main.py 210:: ###Model distribution###
2024-12-02 00:07:36,127 INFO server.py 1064:: clients' sizes=[1, 2, 1, 0, 0, 0, 2, 2, 0, 1, 0, 1, 2, 2, 2, 2, 1, 1, 2, 0, 1, 1, 1, 1, 1, 0, 1, 1, 1, 1, 2, 0, 2, 0, 1, 2, 1, 0, 2, 0], total=41
2024-12-02 00:07:36,147 INFO server.py 327:: [Server] The aggregation takes 0.360671 seconds.

2024-12-02 00:07:36,149 INFO server.py 211:: [Server] Start testing
2024-12-02 00:07:36,182 INFO server.py 235:: [Server] Test set: Average loss: 0.7422, Accuracy: 128/200 (64.0%)

2024-12-02 00:07:36,183 INFO server.py 238:: [Sever] Confusion matrix:
 tensor([[39.,  9.,  2.,  0.],
        [12., 24., 13.,  1.],
        [ 3., 13., 26.,  8.],
        [ 0.,  2.,  9., 39.]])
2024-12-02 00:07:36,185 INFO server.py 254:: [Server] Precision=[0.7222222 0.5       0.52      0.8125   ],
 Recall=[0.78 0.48 0.52 0.78],
 F1-score=[0.74999994 0.4897959  0.52       0.79591835],
 my_accuracy=63.999998569488525[%]
2024-12-02 00:07:36,185 INFO _main.py 209:: ########EPOCH 19 ########
2024-12-02 00:07:36,186 INFO _main.py 210:: ###Model distribution###
2024-12-02 00:07:40,448 INFO server.py 1064:: clients' sizes=[1, 2, 1, 0, 0, 0, 2, 2, 0, 1, 0, 1, 2, 2, 2, 2, 1, 1, 2, 0, 1, 1, 1, 1, 1, 0, 1, 1, 1, 1, 2, 0, 2, 0, 1, 2, 1, 0, 2, 0], total=41
2024-12-02 00:07:40,460 INFO server.py 327:: [Server] The aggregation takes 0.262558 seconds.

2024-12-02 00:07:40,461 INFO server.py 211:: [Server] Start testing
2024-12-02 00:07:40,477 INFO server.py 235:: [Server] Test set: Average loss: 0.7371, Accuracy: 127/200 (63.5%)

2024-12-02 00:07:40,479 INFO server.py 238:: [Sever] Confusion matrix:
 tensor([[39.,  9.,  2.,  0.],
        [12., 24., 13.,  1.],
        [ 6.,  9., 27.,  8.],
        [ 0.,  2., 11., 37.]])
2024-12-02 00:07:40,481 INFO server.py 254:: [Server] Precision=[0.68421054 0.54545456 0.509434   0.8043478 ],
 Recall=[0.78 0.48 0.54 0.74],
 F1-score=[0.72897196 0.5106383  0.5242719  0.7708334 ],
 my_accuracy=63.499999046325684[%]
2024-12-02 00:07:40,482 INFO _main.py 209:: ########EPOCH 20 ########
2024-12-02 00:07:40,483 INFO _main.py 210:: ###Model distribution###
2024-12-02 00:07:43,445 INFO server.py 1064:: clients' sizes=[1, 2, 1, 0, 0, 0, 2, 2, 0, 1, 0, 1, 2, 2, 2, 2, 1, 1, 2, 0, 1, 1, 1, 1, 1, 0, 1, 1, 1, 1, 2, 0, 2, 0, 1, 2, 1, 0, 2, 0], total=41
2024-12-02 00:07:43,456 INFO server.py 327:: [Server] The aggregation takes 0.263112 seconds.

2024-12-02 00:07:43,457 INFO server.py 211:: [Server] Start testing
2024-12-02 00:07:43,471 INFO server.py 235:: [Server] Test set: Average loss: 0.7321, Accuracy: 134/200 (67.0%)

2024-12-02 00:07:43,472 INFO server.py 238:: [Sever] Confusion matrix:
 tensor([[41.,  7.,  2.,  0.],
        [12., 24., 13.,  1.],
        [ 6.,  6., 30.,  8.],
        [ 0.,  2.,  9., 39.]])
2024-12-02 00:07:43,474 INFO server.py 254:: [Server] Precision=[0.69491524 0.61538464 0.5555556  0.8125    ],
 Recall=[0.82 0.48 0.6  0.78],
 F1-score=[0.7522935  0.53932583 0.57692313 0.79591835],
 my_accuracy=67.00000166893005[%]
2024-12-02 00:07:43,474 INFO _main.py 209:: ########EPOCH 21 ########
2024-12-02 00:07:43,474 INFO _main.py 210:: ###Model distribution###
2024-12-02 00:07:46,283 INFO server.py 1064:: clients' sizes=[1, 2, 1, 0, 0, 0, 2, 2, 0, 1, 0, 1, 2, 2, 2, 2, 1, 1, 2, 0, 1, 1, 1, 1, 1, 0, 1, 1, 1, 1, 2, 0, 2, 0, 1, 2, 1, 0, 2, 0], total=41
2024-12-02 00:07:46,295 INFO server.py 327:: [Server] The aggregation takes 0.260050 seconds.

2024-12-02 00:07:46,296 INFO server.py 211:: [Server] Start testing
2024-12-02 00:07:46,309 INFO server.py 235:: [Server] Test set: Average loss: 0.7285, Accuracy: 129/200 (64.5%)

2024-12-02 00:07:46,311 INFO server.py 238:: [Sever] Confusion matrix:
 tensor([[40.,  8.,  2.,  0.],
        [12., 24., 13.,  1.],
        [ 7.,  9., 24., 10.],
        [ 0.,  2.,  7., 41.]])
2024-12-02 00:07:46,312 INFO server.py 254:: [Server] Precision=[0.6779661  0.55813956 0.5217391  0.78846157],
 Recall=[0.8  0.48 0.48 0.82],
 F1-score=[0.73394495 0.516129   0.5        0.8039216 ],
 my_accuracy=64.49999809265137[%]
2024-12-02 00:07:46,313 INFO _main.py 209:: ########EPOCH 22 ########
2024-12-02 00:07:46,313 INFO _main.py 210:: ###Model distribution###
2024-12-02 00:07:49,017 INFO server.py 1064:: clients' sizes=[1, 2, 1, 0, 0, 0, 2, 2, 0, 1, 0, 1, 2, 2, 2, 2, 1, 1, 2, 0, 1, 1, 1, 1, 1, 0, 1, 1, 1, 1, 2, 0, 2, 0, 1, 2, 1, 0, 2, 0], total=41
2024-12-02 00:07:49,027 INFO server.py 327:: [Server] The aggregation takes 0.260587 seconds.

2024-12-02 00:07:49,028 INFO server.py 211:: [Server] Start testing
2024-12-02 00:07:49,046 INFO server.py 235:: [Server] Test set: Average loss: 0.7238, Accuracy: 128/200 (64.0%)

2024-12-02 00:07:49,047 INFO server.py 238:: [Sever] Confusion matrix:
 tensor([[39.,  9.,  2.,  0.],
        [12., 24., 13.,  1.],
        [ 7.,  9., 24., 10.],
        [ 0.,  2.,  7., 41.]])
2024-12-02 00:07:49,049 INFO server.py 254:: [Server] Precision=[0.67241377 0.54545456 0.5217391  0.78846157],
 Recall=[0.78 0.48 0.48 0.82],
 F1-score=[0.72222215 0.5106383  0.5        0.8039216 ],
 my_accuracy=63.999998569488525[%]
2024-12-02 00:07:49,049 INFO _main.py 209:: ########EPOCH 23 ########
2024-12-02 00:07:49,050 INFO _main.py 210:: ###Model distribution###
2024-12-02 00:07:52,810 INFO server.py 1064:: clients' sizes=[1, 2, 1, 0, 0, 0, 2, 2, 0, 1, 0, 1, 2, 2, 2, 2, 1, 1, 2, 0, 1, 1, 1, 1, 1, 0, 1, 1, 1, 1, 2, 0, 2, 0, 1, 2, 1, 0, 2, 0], total=41
2024-12-02 00:07:52,825 INFO server.py 327:: [Server] The aggregation takes 0.350698 seconds.

2024-12-02 00:07:52,826 INFO server.py 211:: [Server] Start testing
2024-12-02 00:07:52,844 INFO server.py 235:: [Server] Test set: Average loss: 0.7240, Accuracy: 131/200 (65.5%)

2024-12-02 00:07:52,846 INFO server.py 238:: [Sever] Confusion matrix:
 tensor([[40.,  8.,  2.,  0.],
        [12., 26., 11.,  1.],
        [ 7., 11., 24.,  8.],
        [ 0.,  2.,  7., 41.]])
2024-12-02 00:07:52,847 INFO server.py 254:: [Server] Precision=[0.6779661  0.5531915  0.54545456 0.82      ],
 Recall=[0.8  0.52 0.48 0.82],
 F1-score=[0.73394495 0.5360825  0.5106383  0.82      ],
 my_accuracy=65.49999713897705[%]
2024-12-02 00:07:52,848 INFO _main.py 209:: ########EPOCH 24 ########
2024-12-02 00:07:52,848 INFO _main.py 210:: ###Model distribution###
2024-12-02 00:07:56,580 INFO server.py 1064:: clients' sizes=[1, 2, 1, 0, 0, 0, 2, 2, 0, 1, 0, 1, 2, 2, 2, 2, 1, 1, 2, 0, 1, 1, 1, 1, 1, 0, 1, 1, 1, 1, 2, 0, 2, 0, 1, 2, 1, 0, 2, 0], total=41
2024-12-02 00:07:56,594 INFO server.py 327:: [Server] The aggregation takes 0.250398 seconds.

2024-12-02 00:07:56,595 INFO server.py 211:: [Server] Start testing
2024-12-02 00:07:56,609 INFO server.py 235:: [Server] Test set: Average loss: 0.7183, Accuracy: 133/200 (66.5%)

2024-12-02 00:07:56,610 INFO server.py 238:: [Sever] Confusion matrix:
 tensor([[39.,  9.,  2.,  0.],
        [12., 26., 11.,  1.],
        [ 7.,  8., 28.,  7.],
        [ 0.,  2.,  8., 40.]])
2024-12-02 00:07:56,611 INFO server.py 254:: [Server] Precision=[0.67241377 0.5777778  0.5714286  0.8333333 ],
 Recall=[0.78 0.52 0.56 0.8 ],
 F1-score=[0.72222215 0.5473684  0.5656566  0.81632656],
 my_accuracy=66.50000214576721[%]
