2024-12-02 01:46:13,382 INFO _main.py 39:: ################################################################
2024-12-02 01:46:13,384 INFO _main.py 41:: #                              batch_size: 64                  #
2024-12-02 01:46:13,386 INFO _main.py 41:: #                         test_batch_size: 32                  #
2024-12-02 01:46:13,388 INFO _main.py 41:: #                                  epochs: 1                   #
2024-12-02 01:46:13,390 INFO _main.py 41:: #                               optimizer: SGD                 #
2024-12-02 01:46:13,390 INFO _main.py 41:: #                                      lr: 0.01                #
2024-12-02 01:46:13,390 INFO _main.py 41:: #                                momentum: 0.9                 #
2024-12-02 01:46:13,391 INFO _main.py 41:: #                            weight_decay: 0.0001              #
2024-12-02 01:46:13,391 INFO _main.py 41:: #                                    seed: 1                   #
2024-12-02 01:46:13,391 INFO _main.py 41:: #                            log_interval: 11                  #
2024-12-02 01:46:13,392 INFO _main.py 41:: #                             num_clients: 40                  #
2024-12-02 01:46:13,392 INFO _main.py 41:: #                           output_folder: experiments         #
2024-12-02 01:46:13,392 INFO _main.py 41:: #                                 dataset: rockburst           #
2024-12-02 01:46:13,392 INFO _main.py 41:: #                             loader_type: dirichlet           #
2024-12-02 01:46:13,393 INFO _main.py 41:: #                             loader_path: ./data/loader.pk    #
2024-12-02 01:46:13,393 INFO _main.py 41:: #                                      AR: my_hog              #
2024-12-02 01:46:13,393 INFO _main.py 41:: #                     n_attacker_backdoor: 0                   #
2024-12-02 01:46:13,393 INFO _main.py 41:: #                        backdoor_trigger: [0, 0, 1, 1]        #
2024-12-02 01:46:13,394 INFO _main.py 41:: #                   n_attacker_omniscient: 0                   #
2024-12-02 01:46:13,394 INFO _main.py 41:: #                        omniscient_scale: 1                   #
2024-12-02 01:46:13,394 INFO _main.py 41:: #                                 attacks: None                #
2024-12-02 01:46:13,395 INFO _main.py 41:: #                      save_model_weights: False               #
2024-12-02 01:46:13,395 INFO _main.py 41:: #                         experiment_name: sExp4Ba_40ep_rockburst_my_hog_40C_5#
2024-12-02 01:46:13,395 INFO _main.py 41:: #                          path_to_aggNet: None                #
2024-12-02 01:46:13,395 INFO _main.py 41:: #                                  device: cpu                 #
2024-12-02 01:46:13,397 INFO _main.py 41:: #                            inner_epochs: 30                  #
2024-12-02 01:46:13,398 INFO _main.py 41:: #                                 verbose: True                #
2024-12-02 01:46:13,398 INFO _main.py 41:: #                         list_unreliable: [2, 18, 20]         #
2024-12-02 01:46:13,398 INFO _main.py 41:: #                     unreliable_fraction: 0.5                 #
2024-12-02 01:46:13,399 INFO _main.py 41:: #                    unreliable_fracTrain: 0.3                 #
2024-12-02 01:46:13,399 INFO _main.py 41:: #                         mean_unreliable: 0.0                 #
2024-12-02 01:46:13,399 INFO _main.py 41:: #                             blur_method: add_noise           #
2024-12-02 01:46:13,399 INFO _main.py 41:: #                      max_std_unreliable: 30.0                #
2024-12-02 01:46:13,400 INFO _main.py 41:: #                     list_uatk_add_noise: [24, 25, 26]        #
2024-12-02 01:46:13,400 INFO _main.py 41:: #                          mean_add_noise: 0.0                 #
2024-12-02 01:46:13,400 INFO _main.py 41:: #                           std_add_noise: 0.01                #
2024-12-02 01:46:13,401 INFO _main.py 41:: #                     list_uatk_flip_sign: [0, 10, 11]         #
2024-12-02 01:46:13,401 INFO _main.py 42:: ################################################################
2024-12-02 01:46:13,401 INFO _main.py 43:: Namespace(batch_size=64, test_batch_size=32, epochs=1, optimizer='SGD', lr=0.01, momentum=0.9, weight_decay=0.0001, seed=1, log_interval=11, num_clients=40, output_folder='experiments', dataset='rockburst', loader_type='dirichlet', loader_path='./data/loader.pk', AR='my_hog', n_attacker_backdoor=0, backdoor_trigger=[0, 0, 1, 1], n_attacker_omniscient=0, omniscient_scale=1, attacks=None, save_model_weights=False, experiment_name='sExp4Ba_40ep_rockburst_my_hog_40C_5', path_to_aggNet=None, device='cpu', inner_epochs=30, verbose=True, list_unreliable=[2, 18, 20], unreliable_fraction=0.5, unreliable_fracTrain=0.3, mean_unreliable=0.0, blur_method='add_noise', max_std_unreliable=30.0, list_uatk_add_noise=[24, 25, 26], mean_add_noise=0.0, std_add_noise=0.01, list_uatk_flip_sign=[0, 10, 11])
2024-12-02 01:46:13,402 INFO _main.py 44:: #####################
2024-12-02 01:46:13,402 INFO _main.py 45:: #####################
2024-12-02 01:46:13,402 INFO _main.py 46:: #####################
2024-12-02 01:46:13,402 INFO _main.py 47:: Aggregation Rule:	my_hog
2024-12-02 01:46:13,403 INFO _main.py 48:: Data distribution:	dirichlet
2024-12-02 01:46:13,403 INFO _main.py 49:: Attacks:	None 
2024-12-02 01:46:13,403 INFO _main.py 50:: #####################
2024-12-02 01:46:13,403 INFO _main.py 51:: #####################
2024-12-02 01:46:13,404 INFO _main.py 52:: #####################
2024-12-02 01:46:15,155 INFO server.py 366:: SET DBSCAN eps=1.3, min_samples=10
2024-12-02 01:46:15,159 INFO _main.py 135:: [1-normal, 0-malicious] label =tensor([0., 1., 1., 1., 1., 1., 1., 1., 1., 1., 0., 0., 1., 1., 1., 1., 1., 1.,
        1., 1., 1., 1., 1., 1., 0., 0., 0., 1., 1., 1., 1., 1., 1., 1., 1., 1.,
        1., 1., 1., 1.])
2024-12-02 01:46:15,164 INFO malicious_clients.py 123:: init ATTACK OMNISCIENT Client 0
2024-12-02 01:46:15,169 INFO malicious_clients.py 18:: init UNRELIABLE Client 2
2024-12-02 01:46:15,198 INFO malicious_clients.py 123:: init ATTACK OMNISCIENT Client 10
2024-12-02 01:46:15,202 INFO malicious_clients.py 123:: init ATTACK OMNISCIENT Client 11
2024-12-02 01:46:15,226 INFO malicious_clients.py 18:: init UNRELIABLE Client 18
2024-12-02 01:46:15,233 INFO malicious_clients.py 18:: init UNRELIABLE Client 20
2024-12-02 01:46:15,252 INFO malicious_clients.py 73:: init ATTACK ADD NOISE TO GRAD Client 24
2024-12-02 01:46:15,256 INFO malicious_clients.py 73:: init ATTACK ADD NOISE TO GRAD Client 25
2024-12-02 01:46:15,260 INFO malicious_clients.py 73:: init ATTACK ADD NOISE TO GRAD Client 26
2024-12-02 01:46:15,308 INFO server.py 211:: [Server] Start testing
2024-12-02 01:46:15,326 INFO server.py 235:: [Server] Test set: Average loss: 1.3864, Accuracy: 50/200 (25.0%)

2024-12-02 01:46:15,327 INFO server.py 238:: [Sever] Confusion matrix:
 tensor([[50.,  0.,  0.,  0.],
        [50.,  0.,  0.,  0.],
        [50.,  0.,  0.,  0.],
        [50.,  0.,  0.,  0.]])
2024-12-02 01:46:15,336 INFO server.py 254:: [Server] Precision=[0.25  nan  nan  nan],
 Recall=[1. 0. 0. 0.],
 F1-score=[0.4 nan nan nan],
 my_accuracy=25.0[%]
2024-12-02 01:46:15,337 INFO _main.py 209:: ########EPOCH 0 ########
2024-12-02 01:46:15,338 INFO _main.py 210:: ###Model distribution###
2024-12-02 01:46:17,932 INFO server.py 817:: flip_sign_id=set()
2024-12-02 01:46:17,933 INFO server.py 818:: additve id={0}
2024-12-02 01:46:17,933 INFO server.py 819:: unreliable id =set()
2024-12-02 01:46:17,935 INFO server.py 817:: flip_sign_id={0}
2024-12-02 01:46:17,935 INFO server.py 818:: additve id={1}
2024-12-02 01:46:17,935 INFO server.py 819:: unreliable id =set()
2024-12-02 01:46:17,937 INFO server.py 817:: flip_sign_id={1}
2024-12-02 01:46:17,937 INFO server.py 818:: additve id=set()
2024-12-02 01:46:17,937 INFO server.py 819:: unreliable id =set()
2024-12-02 01:46:17,939 INFO server.py 817:: flip_sign_id={1}
2024-12-02 01:46:17,940 INFO server.py 818:: additve id=set()
2024-12-02 01:46:17,940 INFO server.py 819:: unreliable id =set()
2024-12-02 01:46:17,942 INFO server.py 817:: flip_sign_id=set()
2024-12-02 01:46:17,943 INFO server.py 818:: additve id=set()
2024-12-02 01:46:17,943 INFO server.py 819:: unreliable id ={1}
2024-12-02 01:46:17,945 INFO server.py 817:: flip_sign_id=set()
2024-12-02 01:46:17,945 INFO server.py 818:: additve id=set()
2024-12-02 01:46:17,945 INFO server.py 819:: unreliable id ={1}
2024-12-02 01:46:17,948 INFO server.py 817:: flip_sign_id=set()
2024-12-02 01:46:17,948 INFO server.py 818:: additve id=set()
2024-12-02 01:46:17,948 INFO server.py 819:: unreliable id ={0, 1, 6}
2024-12-02 01:46:17,951 INFO server.py 817:: flip_sign_id={0}
2024-12-02 01:46:17,951 INFO server.py 818:: additve id={2, 7}
2024-12-02 01:46:17,951 INFO server.py 819:: unreliable id ={0, 1, 6}
2024-12-02 01:46:17,955 INFO server.py 817:: flip_sign_id=set()
2024-12-02 01:46:17,955 INFO server.py 818:: additve id=set()
2024-12-02 01:46:17,956 INFO server.py 819:: unreliable id ={0, 1, 6}
2024-12-02 01:46:17,959 INFO server.py 817:: flip_sign_id={0}
2024-12-02 01:46:17,960 INFO server.py 818:: additve id={1, 2, 6, 7}
2024-12-02 01:46:17,960 INFO server.py 819:: unreliable id ={0, 1, 6}
2024-12-02 01:46:17,964 INFO server.py 817:: flip_sign_id=set()
2024-12-02 01:46:17,965 INFO server.py 818:: additve id=set()
2024-12-02 01:46:17,965 INFO server.py 819:: unreliable id ={0, 1, 6, 9}
2024-12-02 01:46:17,970 INFO server.py 817:: flip_sign_id=set()
2024-12-02 01:46:17,971 INFO server.py 818:: additve id=set()
2024-12-02 01:46:17,971 INFO server.py 819:: unreliable id ={0, 1, 6, 9, 11}
2024-12-02 01:46:17,976 INFO server.py 817:: flip_sign_id=set()
2024-12-02 01:46:17,977 INFO server.py 818:: additve id=set()
2024-12-02 01:46:17,977 INFO server.py 819:: unreliable id ={0, 1, 6, 9, 11}
2024-12-02 01:46:17,983 INFO server.py 817:: flip_sign_id={0, 11}
2024-12-02 01:46:17,984 INFO server.py 818:: additve id={1, 6, 7, 12, 13}
2024-12-02 01:46:17,984 INFO server.py 819:: unreliable id ={0, 1, 6, 9, 11}
2024-12-02 01:46:17,989 INFO server.py 817:: flip_sign_id={0, 11}
2024-12-02 01:46:17,990 INFO server.py 818:: additve id={1, 6, 7, 12, 13, 14}
2024-12-02 01:46:17,990 INFO server.py 819:: unreliable id ={0, 1, 6, 9, 11}
2024-12-02 01:46:17,995 INFO server.py 817:: flip_sign_id={0, 11}
2024-12-02 01:46:17,996 INFO server.py 818:: additve id={1, 6, 7, 9, 12, 13, 14, 15}
2024-12-02 01:46:17,996 INFO server.py 819:: unreliable id ={0, 1, 6, 9, 11}
2024-12-02 01:46:18,001 INFO server.py 817:: flip_sign_id={0, 2, 11}
2024-12-02 01:46:18,002 INFO server.py 818:: additve id={1, 6, 7, 9, 12, 13, 14, 15, 16}
2024-12-02 01:46:18,002 INFO server.py 819:: unreliable id ={0, 1, 6, 9, 11}
2024-12-02 01:46:18,007 INFO server.py 817:: flip_sign_id={0, 11}
2024-12-02 01:46:18,008 INFO server.py 818:: additve id=set()
2024-12-02 01:46:18,008 INFO server.py 819:: unreliable id ={0, 1, 6, 9, 11}
2024-12-02 01:46:18,014 INFO server.py 817:: flip_sign_id={0, 18, 11}
2024-12-02 01:46:18,014 INFO server.py 818:: additve id=set()
2024-12-02 01:46:18,014 INFO server.py 819:: unreliable id ={0, 1, 6, 9, 11}
2024-12-02 01:46:18,021 INFO server.py 817:: flip_sign_id={0, 18, 11}
2024-12-02 01:46:18,021 INFO server.py 818:: additve id=set()
2024-12-02 01:46:18,022 INFO server.py 819:: unreliable id ={0, 1, 6, 9, 11}
2024-12-02 01:46:18,028 INFO server.py 817:: flip_sign_id={0, 11}
2024-12-02 01:46:18,029 INFO server.py 818:: additve id=set()
2024-12-02 01:46:18,029 INFO server.py 819:: unreliable id ={0, 1, 6, 9, 11}
2024-12-02 01:46:18,037 INFO server.py 817:: flip_sign_id={0, 18, 11}
2024-12-02 01:46:18,037 INFO server.py 818:: additve id=set()
2024-12-02 01:46:18,037 INFO server.py 819:: unreliable id ={0, 1, 6, 9, 11}
2024-12-02 01:46:18,045 INFO server.py 817:: flip_sign_id={0, 18, 11}
2024-12-02 01:46:18,045 INFO server.py 818:: additve id=set()
2024-12-02 01:46:18,045 INFO server.py 819:: unreliable id ={0, 1, 6, 9, 11}
2024-12-02 01:46:18,053 INFO server.py 817:: flip_sign_id={0, 18, 11}
2024-12-02 01:46:18,054 INFO server.py 818:: additve id=set()
2024-12-02 01:46:18,054 INFO server.py 819:: unreliable id ={0, 1, 6, 9, 11}
2024-12-02 01:46:18,062 INFO server.py 817:: flip_sign_id={0, 18, 11}
2024-12-02 01:46:18,063 INFO server.py 818:: additve id=set()
2024-12-02 01:46:18,063 INFO server.py 819:: unreliable id ={0, 1, 6, 9, 11}
2024-12-02 01:46:18,073 INFO server.py 817:: flip_sign_id={0, 18, 11}
2024-12-02 01:46:18,073 INFO server.py 818:: additve id=set()
2024-12-02 01:46:18,073 INFO server.py 819:: unreliable id ={0, 1, 6, 9, 11}
2024-12-02 01:46:18,082 INFO server.py 817:: flip_sign_id={0, 18, 11}
2024-12-02 01:46:18,083 INFO server.py 818:: additve id=set()
2024-12-02 01:46:18,083 INFO server.py 819:: unreliable id ={0, 1, 6, 9, 11}
2024-12-02 01:46:18,093 INFO server.py 817:: flip_sign_id={0, 18, 11}
2024-12-02 01:46:18,093 INFO server.py 818:: additve id=set()
2024-12-02 01:46:18,094 INFO server.py 819:: unreliable id ={0, 1, 2, 6, 9, 11, 20, 22, 24, 25, 26}
2024-12-02 01:46:18,103 INFO server.py 817:: flip_sign_id={0, 18, 11}
2024-12-02 01:46:18,103 INFO server.py 818:: additve id=set()
2024-12-02 01:46:18,104 INFO server.py 819:: unreliable id ={0, 1, 2, 6, 9, 11, 20, 22, 24, 25, 26}
2024-12-02 01:46:18,113 INFO server.py 817:: flip_sign_id={0, 18, 2, 11}
2024-12-02 01:46:18,114 INFO server.py 818:: additve id=set()
2024-12-02 01:46:18,114 INFO server.py 819:: unreliable id ={0, 1, 2, 6, 9, 11, 20, 22, 24, 25, 26}
2024-12-02 01:46:18,125 INFO server.py 817:: flip_sign_id={0, 18, 2, 11}
2024-12-02 01:46:18,125 INFO server.py 818:: additve id=set()
2024-12-02 01:46:18,125 INFO server.py 819:: unreliable id ={0, 1, 2, 6, 9, 11, 20, 22, 24, 25, 26}
2024-12-02 01:46:18,136 INFO server.py 817:: flip_sign_id={0, 18, 2, 11}
2024-12-02 01:46:18,136 INFO server.py 818:: additve id=set()
2024-12-02 01:46:18,136 INFO server.py 819:: unreliable id ={0, 1, 2, 6, 9, 11, 20, 22, 24, 25, 26}
2024-12-02 01:46:18,146 INFO server.py 817:: flip_sign_id={0, 18, 2, 11}
2024-12-02 01:46:18,147 INFO server.py 818:: additve id=set()
2024-12-02 01:46:18,147 INFO server.py 819:: unreliable id ={0, 1, 2, 6, 9, 11, 20, 22, 24, 25, 26}
2024-12-02 01:46:18,157 INFO server.py 817:: flip_sign_id={0, 18, 2, 11}
2024-12-02 01:46:18,158 INFO server.py 818:: additve id=set()
2024-12-02 01:46:18,158 INFO server.py 819:: unreliable id ={0, 1, 2, 6, 9, 11, 20, 22, 24, 25, 26}
2024-12-02 01:46:18,168 INFO server.py 817:: flip_sign_id={0, 18, 2, 11}
2024-12-02 01:46:18,169 INFO server.py 818:: additve id=set()
2024-12-02 01:46:18,169 INFO server.py 819:: unreliable id ={0, 1, 2, 6, 9, 11, 20, 22, 24, 25, 26}
2024-12-02 01:46:18,180 INFO server.py 817:: flip_sign_id={0, 18, 2, 11}
2024-12-02 01:46:18,181 INFO server.py 818:: additve id=set()
2024-12-02 01:46:18,181 INFO server.py 819:: unreliable id ={0, 1, 2, 6, 9, 11, 20, 22, 24, 25, 26}
2024-12-02 01:46:18,192 INFO server.py 817:: flip_sign_id={0, 18, 2, 11}
2024-12-02 01:46:18,193 INFO server.py 818:: additve id=set()
2024-12-02 01:46:18,193 INFO server.py 819:: unreliable id ={0, 1, 2, 6, 9, 11, 20, 22, 24, 25, 26}
2024-12-02 01:46:18,205 INFO server.py 817:: flip_sign_id={0, 18, 2, 11}
2024-12-02 01:46:18,205 INFO server.py 818:: additve id=set()
2024-12-02 01:46:18,205 INFO server.py 819:: unreliable id ={0, 1, 2, 6, 9, 11, 20, 22, 24, 25, 26}
2024-12-02 01:46:18,217 INFO server.py 817:: flip_sign_id={0, 18, 2, 11}
2024-12-02 01:46:18,217 INFO server.py 818:: additve id=set()
2024-12-02 01:46:18,218 INFO server.py 819:: unreliable id ={0, 1, 2, 6, 9, 11, 20, 22, 24, 25, 26}
2024-12-02 01:46:18,234 INFO server.py 817:: flip_sign_id={0, 18, 2, 11}
2024-12-02 01:46:18,235 INFO server.py 818:: additve id=set()
2024-12-02 01:46:18,235 INFO server.py 819:: unreliable id ={0, 1, 2, 6, 9, 11, 20, 22, 24, 25, 26}
2024-12-02 01:46:18,236 INFO server.py 1080:: clients' sizes=[1, 2, 1, 0, 0, 0, 2, 2, 0, 1, 0, 1, 2, 2, 2, 2, 1, 1, 2, 0, 1, 1, 1, 1, 1, 0, 1, 1, 1, 1, 2, 0, 2, 0, 1, 2, 1, 0, 2, 0], total=41
2024-12-02 01:46:18,248 INFO server.py 327:: [Server] The aggregation takes 0.316316 seconds.

2024-12-02 01:46:18,249 INFO server.py 211:: [Server] Start testing
2024-12-02 01:46:18,263 INFO server.py 235:: [Server] Test set: Average loss: 1.3313, Accuracy: 71/200 (35.5%)

2024-12-02 01:46:18,264 INFO server.py 238:: [Sever] Confusion matrix:
 tensor([[50.,  0.,  0.,  0.],
        [50.,  0.,  0.,  0.],
        [50.,  0.,  0.,  0.],
        [29.,  0.,  0., 21.]])
2024-12-02 01:46:18,266 INFO server.py 254:: [Server] Precision=[0.2793296       nan       nan 1.       ],
 Recall=[1.   0.   0.   0.42],
 F1-score=[0.43668124        nan        nan 0.5915493 ],
 my_accuracy=35.499998927116394[%]
