2024-12-01 21:24:10,652 INFO _main.py 39:: ################################################################
2024-12-01 21:24:10,654 INFO _main.py 41:: #                              batch_size: 64                  #
2024-12-01 21:24:10,654 INFO _main.py 41:: #                         test_batch_size: 32                  #
2024-12-01 21:24:10,654 INFO _main.py 41:: #                                  epochs: 10                  #
2024-12-01 21:24:10,654 INFO _main.py 41:: #                               optimizer: SGD                 #
2024-12-01 21:24:10,654 INFO _main.py 41:: #                                      lr: 0.01                #
2024-12-01 21:24:10,654 INFO _main.py 41:: #                                momentum: 0.9                 #
2024-12-01 21:24:10,655 INFO _main.py 41:: #                            weight_decay: 0.0001              #
2024-12-01 21:24:10,655 INFO _main.py 41:: #                                    seed: 1                   #
2024-12-01 21:24:10,655 INFO _main.py 41:: #                            log_interval: 11                  #
2024-12-01 21:24:10,655 INFO _main.py 41:: #                             num_clients: 40                  #
2024-12-01 21:24:10,655 INFO _main.py 41:: #                           output_folder: experiments         #
2024-12-01 21:24:10,655 INFO _main.py 41:: #                                 dataset: rockburst           #
2024-12-01 21:24:10,655 INFO _main.py 41:: #                             loader_type: dirichlet           #
2024-12-01 21:24:10,655 INFO _main.py 41:: #                             loader_path: ./data/loader.pk    #
2024-12-01 21:24:10,656 INFO _main.py 41:: #                                      AR: my_hog              #
2024-12-01 21:24:10,656 INFO _main.py 41:: #                     n_attacker_backdoor: 0                   #
2024-12-01 21:24:10,656 INFO _main.py 41:: #                        backdoor_trigger: [0, 0, 1, 1]        #
2024-12-01 21:24:10,656 INFO _main.py 41:: #                   n_attacker_omniscient: 0                   #
2024-12-01 21:24:10,656 INFO _main.py 41:: #                        omniscient_scale: 1                   #
2024-12-01 21:24:10,656 INFO _main.py 41:: #                                 attacks: None                #
2024-12-01 21:24:10,656 INFO _main.py 41:: #                      save_model_weights: False               #
2024-12-01 21:24:10,656 INFO _main.py 41:: #                         experiment_name: sExp4Ba_40ep_rockburst_my_hog_40C_5#
2024-12-01 21:24:10,657 INFO _main.py 41:: #                          path_to_aggNet: None                #
2024-12-01 21:24:10,657 INFO _main.py 41:: #                                  device: cpu                 #
2024-12-01 21:24:10,657 INFO _main.py 41:: #                            inner_epochs: 4                   #
2024-12-01 21:24:10,657 INFO _main.py 41:: #                                 verbose: True                #
2024-12-01 21:24:10,657 INFO _main.py 41:: #                         list_unreliable: [2, 18, 20]         #
2024-12-01 21:24:10,657 INFO _main.py 41:: #                     unreliable_fraction: 0.5                 #
2024-12-01 21:24:10,657 INFO _main.py 41:: #                    unreliable_fracTrain: 0.3                 #
2024-12-01 21:24:10,657 INFO _main.py 41:: #                         mean_unreliable: 0.0                 #
2024-12-01 21:24:10,658 INFO _main.py 41:: #                             blur_method: add_noise           #
2024-12-01 21:24:10,658 INFO _main.py 41:: #                      max_std_unreliable: 30.0                #
2024-12-01 21:24:10,658 INFO _main.py 41:: #                     list_uatk_add_noise: [24, 25, 26]        #
2024-12-01 21:24:10,658 INFO _main.py 41:: #                          mean_add_noise: 0.0                 #
2024-12-01 21:24:10,658 INFO _main.py 41:: #                           std_add_noise: 0.01                #
2024-12-01 21:24:10,658 INFO _main.py 41:: #                     list_uatk_flip_sign: [0, 10, 11]         #
2024-12-01 21:24:10,658 INFO _main.py 42:: ################################################################
2024-12-01 21:24:10,659 INFO _main.py 43:: Namespace(batch_size=64, test_batch_size=32, epochs=10, optimizer='SGD', lr=0.01, momentum=0.9, weight_decay=0.0001, seed=1, log_interval=11, num_clients=40, output_folder='experiments', dataset='rockburst', loader_type='dirichlet', loader_path='./data/loader.pk', AR='my_hog', n_attacker_backdoor=0, backdoor_trigger=[0, 0, 1, 1], n_attacker_omniscient=0, omniscient_scale=1, attacks=None, save_model_weights=False, experiment_name='sExp4Ba_40ep_rockburst_my_hog_40C_5', path_to_aggNet=None, device='cpu', inner_epochs=4, verbose=True, list_unreliable=[2, 18, 20], unreliable_fraction=0.5, unreliable_fracTrain=0.3, mean_unreliable=0.0, blur_method='add_noise', max_std_unreliable=30.0, list_uatk_add_noise=[24, 25, 26], mean_add_noise=0.0, std_add_noise=0.01, list_uatk_flip_sign=[0, 10, 11])
2024-12-01 21:24:10,659 INFO _main.py 44:: #####################
2024-12-01 21:24:10,659 INFO _main.py 45:: #####################
2024-12-01 21:24:10,659 INFO _main.py 46:: #####################
2024-12-01 21:24:10,659 INFO _main.py 47:: Aggregation Rule:	my_hog
2024-12-01 21:24:10,659 INFO _main.py 48:: Data distribution:	dirichlet
2024-12-01 21:24:10,659 INFO _main.py 49:: Attacks:	None 
2024-12-01 21:24:10,660 INFO _main.py 50:: #####################
2024-12-01 21:24:10,660 INFO _main.py 51:: #####################
2024-12-01 21:24:10,660 INFO _main.py 52:: #####################
2024-12-01 21:24:12,957 INFO server.py 366:: SET DBSCAN eps=1.3, min_samples=10
2024-12-01 21:24:12,961 INFO _main.py 135:: [1-normal, 0-malicious] label =tensor([0., 1., 1., 1., 1., 1., 1., 1., 1., 1., 0., 0., 1., 1., 1., 1., 1., 1.,
        1., 1., 1., 1., 1., 1., 0., 0., 0., 1., 1., 1., 1., 1., 1., 1., 1., 1.,
        1., 1., 1., 1.])
2024-12-01 21:24:12,970 INFO malicious_clients.py 123:: init ATTACK OMNISCIENT Client 0
2024-12-01 21:24:12,978 INFO malicious_clients.py 18:: init UNRELIABLE Client 2
2024-12-01 21:24:13,029 INFO malicious_clients.py 123:: init ATTACK OMNISCIENT Client 10
2024-12-01 21:24:13,036 INFO malicious_clients.py 123:: init ATTACK OMNISCIENT Client 11
2024-12-01 21:24:13,074 INFO malicious_clients.py 18:: init UNRELIABLE Client 18
2024-12-01 21:24:13,086 INFO malicious_clients.py 18:: init UNRELIABLE Client 20
2024-12-01 21:24:13,119 INFO malicious_clients.py 73:: init ATTACK ADD NOISE TO GRAD Client 24
2024-12-01 21:24:13,127 INFO malicious_clients.py 73:: init ATTACK ADD NOISE TO GRAD Client 25
2024-12-01 21:24:13,134 INFO malicious_clients.py 73:: init ATTACK ADD NOISE TO GRAD Client 26
2024-12-01 21:24:13,221 INFO server.py 211:: [Server] Start testing
2024-12-01 21:24:13,246 INFO server.py 235:: [Server] Test set: Average loss: 1.3864, Accuracy: 50/200 (25.0%)

2024-12-01 21:24:13,249 INFO server.py 238:: [Sever] Confusion matrix:
 tensor([[50.,  0.,  0.,  0.],
        [50.,  0.,  0.,  0.],
        [50.,  0.,  0.,  0.],
        [50.,  0.,  0.,  0.]])
2024-12-01 21:24:13,256 INFO server.py 254:: [Server] Precision=[0.25  nan  nan  nan],
 Recall=[1. 0. 0. 0.],
 F1-score=[0.4 nan nan nan],
 my_accuracy=25.0[%]
2024-12-01 21:24:13,258 INFO _main.py 209:: ########EPOCH 0 ########
2024-12-01 21:24:13,259 INFO _main.py 210:: ###Model distribution###
2024-12-01 21:24:17,618 INFO server.py 1064:: clients' sizes=[1, 2, 1, 0, 0, 0, 2, 2, 0, 1, 0, 1, 2, 2, 2, 2, 1, 1, 2, 0, 1, 1, 1, 1, 1, 0, 1, 1, 1, 1, 2, 0, 2, 0, 1, 2, 1, 0, 2, 0], total=41
2024-12-01 21:24:17,630 INFO server.py 327:: [Server] The aggregation takes 3.794408 seconds.

2024-12-01 21:24:17,631 INFO server.py 211:: [Server] Start testing
2024-12-01 21:24:17,644 INFO server.py 235:: [Server] Test set: Average loss: 1.3840, Accuracy: 50/200 (25.0%)

2024-12-01 21:24:17,645 INFO server.py 238:: [Sever] Confusion matrix:
 tensor([[50.,  0.,  0.,  0.],
        [50.,  0.,  0.,  0.],
        [50.,  0.,  0.,  0.],
        [50.,  0.,  0.,  0.]])
2024-12-01 21:24:17,647 INFO server.py 254:: [Server] Precision=[0.25  nan  nan  nan],
 Recall=[1. 0. 0. 0.],
 F1-score=[0.4 nan nan nan],
 my_accuracy=25.0[%]
2024-12-01 21:24:17,647 INFO _main.py 209:: ########EPOCH 1 ########
2024-12-01 21:24:17,648 INFO _main.py 210:: ###Model distribution###
2024-12-01 21:24:21,841 INFO server.py 1064:: clients' sizes=[1, 1, 0, 0, 0, 2, 0, 0, 1, 2, 2, 1, 1, 2, 0, 1, 1, 1, 1, 1, 0, 1, 1, 1, 0, 2, 0, 1, 2, 0, 2, 0], total=28
2024-12-01 21:24:21,852 INFO server.py 327:: [Server] The aggregation takes 3.742276 seconds.

2024-12-01 21:24:21,853 INFO server.py 211:: [Server] Start testing
2024-12-01 21:24:21,868 INFO server.py 235:: [Server] Test set: Average loss: 1.3810, Accuracy: 50/200 (25.0%)

2024-12-01 21:24:21,869 INFO server.py 238:: [Sever] Confusion matrix:
 tensor([[50.,  0.,  0.,  0.],
        [50.,  0.,  0.,  0.],
        [50.,  0.,  0.,  0.],
        [50.,  0.,  0.,  0.]])
2024-12-01 21:24:21,872 INFO server.py 254:: [Server] Precision=[0.25  nan  nan  nan],
 Recall=[1. 0. 0. 0.],
 F1-score=[0.4 nan nan nan],
 my_accuracy=25.0[%]
2024-12-01 21:24:21,872 INFO _main.py 209:: ########EPOCH 2 ########
2024-12-01 21:24:21,873 INFO _main.py 210:: ###Model distribution###
2024-12-01 21:24:26,189 INFO server.py 1064:: clients' sizes=[1, 1, 0, 0, 0, 2, 0, 0, 1, 2, 2, 1, 1, 2, 0, 1, 1, 1, 1, 1, 0, 1, 1, 1, 0, 2, 0, 1, 2, 0, 2, 0], total=28
2024-12-01 21:24:26,207 INFO server.py 327:: [Server] The aggregation takes 3.744093 seconds.

2024-12-01 21:24:26,208 INFO server.py 211:: [Server] Start testing
2024-12-01 21:24:26,229 INFO server.py 235:: [Server] Test set: Average loss: 1.3772, Accuracy: 50/200 (25.0%)

2024-12-01 21:24:26,230 INFO server.py 238:: [Sever] Confusion matrix:
 tensor([[50.,  0.,  0.,  0.],
        [50.,  0.,  0.,  0.],
        [50.,  0.,  0.,  0.],
        [50.,  0.,  0.,  0.]])
2024-12-01 21:24:26,232 INFO server.py 254:: [Server] Precision=[0.25  nan  nan  nan],
 Recall=[1. 0. 0. 0.],
 F1-score=[0.4 nan nan nan],
 my_accuracy=25.0[%]
2024-12-01 21:24:26,233 INFO _main.py 209:: ########EPOCH 3 ########
2024-12-01 21:24:26,234 INFO _main.py 210:: ###Model distribution###
2024-12-01 21:24:31,089 INFO server.py 1064:: clients' sizes=[1, 1, 0, 0, 0, 2, 0, 0, 1, 2, 2, 1, 1, 2, 0, 1, 1, 1, 1, 1, 0, 1, 1, 1, 0, 2, 0, 1, 2, 0, 2, 0], total=28
2024-12-01 21:24:31,098 INFO server.py 327:: [Server] The aggregation takes 4.175526 seconds.

2024-12-01 21:24:31,100 INFO server.py 211:: [Server] Start testing
2024-12-01 21:24:31,114 INFO server.py 235:: [Server] Test set: Average loss: 1.3728, Accuracy: 50/200 (25.0%)

2024-12-01 21:24:31,115 INFO server.py 238:: [Sever] Confusion matrix:
 tensor([[50.,  0.,  0.,  0.],
        [50.,  0.,  0.,  0.],
        [50.,  0.,  0.,  0.],
        [50.,  0.,  0.,  0.]])
2024-12-01 21:24:31,117 INFO server.py 254:: [Server] Precision=[0.25  nan  nan  nan],
 Recall=[1. 0. 0. 0.],
 F1-score=[0.4 nan nan nan],
 my_accuracy=25.0[%]
2024-12-01 21:24:31,118 INFO _main.py 209:: ########EPOCH 4 ########
2024-12-01 21:24:31,118 INFO _main.py 210:: ###Model distribution###
2024-12-01 21:24:35,689 INFO server.py 1064:: clients' sizes=[1, 1, 0, 0, 0, 2, 0, 0, 1, 2, 2, 1, 1, 2, 0, 1, 1, 1, 1, 1, 0, 1, 1, 1, 0, 2, 0, 1, 2, 0, 2, 0], total=28
2024-12-01 21:24:35,700 INFO server.py 327:: [Server] The aggregation takes 4.132673 seconds.

2024-12-01 21:24:35,701 INFO server.py 211:: [Server] Start testing
2024-12-01 21:24:35,715 INFO server.py 235:: [Server] Test set: Average loss: 1.3686, Accuracy: 50/200 (25.0%)

2024-12-01 21:24:35,716 INFO server.py 238:: [Sever] Confusion matrix:
 tensor([[50.,  0.,  0.,  0.],
        [50.,  0.,  0.,  0.],
        [50.,  0.,  0.,  0.],
        [50.,  0.,  0.,  0.]])
2024-12-01 21:24:35,718 INFO server.py 254:: [Server] Precision=[0.25  nan  nan  nan],
 Recall=[1. 0. 0. 0.],
 F1-score=[0.4 nan nan nan],
 my_accuracy=25.0[%]
2024-12-01 21:24:35,719 INFO _main.py 209:: ########EPOCH 5 ########
2024-12-01 21:24:35,719 INFO _main.py 210:: ###Model distribution###
2024-12-01 21:24:39,823 INFO server.py 1064:: clients' sizes=[1, 1, 0, 0, 0, 2, 0, 0, 1, 2, 2, 1, 1, 2, 0, 1, 1, 1, 1, 1, 0, 1, 1, 1, 0, 2, 0, 1, 2, 0, 2, 0], total=28
2024-12-01 21:24:39,837 INFO server.py 327:: [Server] The aggregation takes 3.642489 seconds.

2024-12-01 21:24:39,839 INFO server.py 211:: [Server] Start testing
2024-12-01 21:24:39,860 INFO server.py 235:: [Server] Test set: Average loss: 1.3640, Accuracy: 54/200 (27.0%)

2024-12-01 21:24:39,861 INFO server.py 238:: [Sever] Confusion matrix:
 tensor([[50.,  0.,  0.,  0.],
        [50.,  0.,  0.,  0.],
        [50.,  0.,  0.,  0.],
        [46.,  0.,  0.,  4.]])
2024-12-01 21:24:39,863 INFO server.py 254:: [Server] Precision=[0.25510204        nan        nan 1.        ],
 Recall=[1.   0.   0.   0.08],
 F1-score=[0.40650406        nan        nan 0.14814813],
 my_accuracy=27.000001072883606[%]
2024-12-01 21:24:39,863 INFO _main.py 209:: ########EPOCH 6 ########
2024-12-01 21:24:39,864 INFO _main.py 210:: ###Model distribution###
2024-12-01 21:24:44,135 INFO server.py 1064:: clients' sizes=[1, 1, 0, 0, 0, 2, 0, 0, 1, 2, 2, 1, 1, 2, 0, 1, 1, 1, 1, 1, 0, 1, 1, 1, 0, 2, 0, 1, 2, 0, 2, 0], total=28
2024-12-01 21:24:44,146 INFO server.py 327:: [Server] The aggregation takes 3.644772 seconds.

2024-12-01 21:24:44,148 INFO server.py 211:: [Server] Start testing
2024-12-01 21:24:44,161 INFO server.py 235:: [Server] Test set: Average loss: 1.3589, Accuracy: 62/200 (31.0%)

2024-12-01 21:24:44,163 INFO server.py 238:: [Sever] Confusion matrix:
 tensor([[50.,  0.,  0.,  0.],
        [50.,  0.,  0.,  0.],
        [50.,  0.,  0.,  0.],
        [38.,  0.,  0., 12.]])
2024-12-01 21:24:44,164 INFO server.py 254:: [Server] Precision=[0.26595744        nan        nan 1.        ],
 Recall=[1.   0.   0.   0.24],
 F1-score=[0.42016804        nan        nan 0.38709676],
 my_accuracy=31.00000023841858[%]
2024-12-01 21:24:44,165 INFO _main.py 209:: ########EPOCH 7 ########
2024-12-01 21:24:44,165 INFO _main.py 210:: ###Model distribution###
2024-12-01 21:24:48,529 INFO server.py 1064:: clients' sizes=[1, 1, 0, 0, 0, 2, 0, 0, 1, 2, 2, 1, 1, 2, 0, 1, 1, 1, 1, 1, 0, 1, 1, 1, 0, 2, 0, 1, 2, 0, 2, 0], total=28
2024-12-01 21:24:48,541 INFO server.py 327:: [Server] The aggregation takes 3.910004 seconds.

2024-12-01 21:24:48,541 INFO server.py 211:: [Server] Start testing
2024-12-01 21:24:48,556 INFO server.py 235:: [Server] Test set: Average loss: 1.3536, Accuracy: 64/200 (32.0%)

2024-12-01 21:24:48,557 INFO server.py 238:: [Sever] Confusion matrix:
 tensor([[50.,  0.,  0.,  0.],
        [50.,  0.,  0.,  0.],
        [50.,  0.,  0.,  0.],
        [36.,  0.,  0., 14.]])
2024-12-01 21:24:48,558 INFO server.py 254:: [Server] Precision=[0.26881722        nan        nan 1.        ],
 Recall=[1.   0.   0.   0.28],
 F1-score=[0.42372882        nan        nan 0.4375    ],
 my_accuracy=31.999999284744263[%]
2024-12-01 21:24:48,559 INFO _main.py 209:: ########EPOCH 8 ########
2024-12-01 21:24:48,560 INFO _main.py 210:: ###Model distribution###
2024-12-01 21:24:52,528 INFO server.py 1064:: clients' sizes=[1, 1, 0, 0, 0, 2, 0, 0, 1, 2, 2, 1, 1, 2, 0, 1, 1, 1, 1, 1, 0, 1, 1, 1, 0, 2, 0, 1, 2, 0, 2, 0], total=28
2024-12-01 21:24:52,547 INFO server.py 327:: [Server] The aggregation takes 3.569097 seconds.

2024-12-01 21:24:52,548 INFO server.py 211:: [Server] Start testing
2024-12-01 21:24:52,575 INFO server.py 235:: [Server] Test set: Average loss: 1.3480, Accuracy: 65/200 (32.5%)

2024-12-01 21:24:52,576 INFO server.py 238:: [Sever] Confusion matrix:
 tensor([[50.,  0.,  0.,  0.],
        [50.,  0.,  0.,  0.],
        [50.,  0.,  0.,  0.],
        [35.,  0.,  0., 15.]])
2024-12-01 21:24:52,579 INFO server.py 254:: [Server] Precision=[0.27027026        nan        nan 1.        ],
 Recall=[1.  0.  0.  0.3],
 F1-score=[0.42553192        nan        nan 0.4615385 ],
 my_accuracy=32.499998807907104[%]
2024-12-01 21:24:52,580 INFO _main.py 209:: ########EPOCH 9 ########
2024-12-01 21:24:52,583 INFO _main.py 210:: ###Model distribution###
2024-12-01 21:24:56,849 INFO server.py 1064:: clients' sizes=[1, 1, 0, 0, 0, 2, 0, 0, 1, 2, 2, 1, 1, 2, 0, 1, 1, 1, 1, 1, 0, 1, 1, 1, 0, 2, 0, 1, 2, 0, 2, 0], total=28
2024-12-01 21:24:56,858 INFO server.py 327:: [Server] The aggregation takes 3.557997 seconds.

2024-12-01 21:24:56,858 INFO server.py 211:: [Server] Start testing
2024-12-01 21:24:56,872 INFO server.py 235:: [Server] Test set: Average loss: 1.3419, Accuracy: 66/200 (33.0%)

2024-12-01 21:24:56,873 INFO server.py 238:: [Sever] Confusion matrix:
 tensor([[50.,  0.,  0.,  0.],
        [50.,  0.,  0.,  0.],
        [50.,  0.,  0.,  0.],
        [34.,  0.,  0., 16.]])
2024-12-01 21:24:56,875 INFO server.py 254:: [Server] Precision=[0.27173913        nan        nan 1.        ],
 Recall=[1.   0.   0.   0.32],
 F1-score=[0.42735043        nan        nan 0.4848485 ],
 my_accuracy=33.000001311302185[%]
