2024-12-01 23:35:22,886 INFO _main.py 39:: ################################################################
2024-12-01 23:35:22,887 INFO _main.py 41:: #                              batch_size: 64                  #
2024-12-01 23:35:22,890 INFO _main.py 41:: #                         test_batch_size: 32                  #
2024-12-01 23:35:22,891 INFO _main.py 41:: #                                  epochs: 15                  #
2024-12-01 23:35:22,891 INFO _main.py 41:: #                               optimizer: SGD                 #
2024-12-01 23:35:22,891 INFO _main.py 41:: #                                      lr: 0.01                #
2024-12-01 23:35:22,891 INFO _main.py 41:: #                                momentum: 0.9                 #
2024-12-01 23:35:22,891 INFO _main.py 41:: #                            weight_decay: 0.0001              #
2024-12-01 23:35:22,892 INFO _main.py 41:: #                                    seed: 1                   #
2024-12-01 23:35:22,892 INFO _main.py 41:: #                            log_interval: 11                  #
2024-12-01 23:35:22,892 INFO _main.py 41:: #                             num_clients: 40                  #
2024-12-01 23:35:22,892 INFO _main.py 41:: #                           output_folder: experiments         #
2024-12-01 23:35:22,892 INFO _main.py 41:: #                                 dataset: rockburst           #
2024-12-01 23:35:22,892 INFO _main.py 41:: #                             loader_type: dirichlet           #
2024-12-01 23:35:22,893 INFO _main.py 41:: #                             loader_path: ./data/loader.pk    #
2024-12-01 23:35:22,893 INFO _main.py 41:: #                                      AR: my_hog              #
2024-12-01 23:35:22,893 INFO _main.py 41:: #                     n_attacker_backdoor: 0                   #
2024-12-01 23:35:22,893 INFO _main.py 41:: #                        backdoor_trigger: [0, 0, 1, 1]        #
2024-12-01 23:35:22,893 INFO _main.py 41:: #                   n_attacker_omniscient: 0                   #
2024-12-01 23:35:22,893 INFO _main.py 41:: #                        omniscient_scale: 1                   #
2024-12-01 23:35:22,894 INFO _main.py 41:: #                                 attacks: None                #
2024-12-01 23:35:22,894 INFO _main.py 41:: #                      save_model_weights: False               #
2024-12-01 23:35:22,894 INFO _main.py 41:: #                         experiment_name: sExp4Ba_40ep_rockburst_my_hog_40C_5#
2024-12-01 23:35:22,895 INFO _main.py 41:: #                          path_to_aggNet: None                #
2024-12-01 23:35:22,895 INFO _main.py 41:: #                                  device: cpu                 #
2024-12-01 23:35:22,895 INFO _main.py 41:: #                            inner_epochs: 30                  #
2024-12-01 23:35:22,896 INFO _main.py 41:: #                                 verbose: True                #
2024-12-01 23:35:22,896 INFO _main.py 41:: #                         list_unreliable: [2, 18, 20]         #
2024-12-01 23:35:22,896 INFO _main.py 41:: #                     unreliable_fraction: 0.5                 #
2024-12-01 23:35:22,896 INFO _main.py 41:: #                    unreliable_fracTrain: 0.3                 #
2024-12-01 23:35:22,896 INFO _main.py 41:: #                         mean_unreliable: 0.0                 #
2024-12-01 23:35:22,897 INFO _main.py 41:: #                             blur_method: add_noise           #
2024-12-01 23:35:22,897 INFO _main.py 41:: #                      max_std_unreliable: 30.0                #
2024-12-01 23:35:22,897 INFO _main.py 41:: #                     list_uatk_add_noise: [24, 25, 26]        #
2024-12-01 23:35:22,898 INFO _main.py 41:: #                          mean_add_noise: 0.0                 #
2024-12-01 23:35:22,898 INFO _main.py 41:: #                           std_add_noise: 0.01                #
2024-12-01 23:35:22,898 INFO _main.py 41:: #                     list_uatk_flip_sign: [0, 10, 11]         #
2024-12-01 23:35:22,898 INFO _main.py 42:: ################################################################
2024-12-01 23:35:22,899 INFO _main.py 43:: Namespace(batch_size=64, test_batch_size=32, epochs=15, optimizer='SGD', lr=0.01, momentum=0.9, weight_decay=0.0001, seed=1, log_interval=11, num_clients=40, output_folder='experiments', dataset='rockburst', loader_type='dirichlet', loader_path='./data/loader.pk', AR='my_hog', n_attacker_backdoor=0, backdoor_trigger=[0, 0, 1, 1], n_attacker_omniscient=0, omniscient_scale=1, attacks=None, save_model_weights=False, experiment_name='sExp4Ba_40ep_rockburst_my_hog_40C_5', path_to_aggNet=None, device='cpu', inner_epochs=30, verbose=True, list_unreliable=[2, 18, 20], unreliable_fraction=0.5, unreliable_fracTrain=0.3, mean_unreliable=0.0, blur_method='add_noise', max_std_unreliable=30.0, list_uatk_add_noise=[24, 25, 26], mean_add_noise=0.0, std_add_noise=0.01, list_uatk_flip_sign=[0, 10, 11])
2024-12-01 23:35:22,899 INFO _main.py 44:: #####################
2024-12-01 23:35:22,900 INFO _main.py 45:: #####################
2024-12-01 23:35:22,900 INFO _main.py 46:: #####################
2024-12-01 23:35:22,900 INFO _main.py 47:: Aggregation Rule:	my_hog
2024-12-01 23:35:22,901 INFO _main.py 48:: Data distribution:	dirichlet
2024-12-01 23:35:22,901 INFO _main.py 49:: Attacks:	None 
2024-12-01 23:35:22,901 INFO _main.py 50:: #####################
2024-12-01 23:35:22,901 INFO _main.py 51:: #####################
2024-12-01 23:35:22,901 INFO _main.py 52:: #####################
2024-12-01 23:35:24,424 INFO server.py 366:: SET DBSCAN eps=1.3, min_samples=10
2024-12-01 23:35:24,427 INFO _main.py 135:: [1-normal, 0-malicious] label =tensor([0., 1., 1., 1., 1., 1., 1., 1., 1., 1., 0., 0., 1., 1., 1., 1., 1., 1.,
        1., 1., 1., 1., 1., 1., 0., 0., 0., 1., 1., 1., 1., 1., 1., 1., 1., 1.,
        1., 1., 1., 1.])
2024-12-01 23:35:24,433 INFO malicious_clients.py 123:: init ATTACK OMNISCIENT Client 0
2024-12-01 23:35:24,438 INFO malicious_clients.py 18:: init UNRELIABLE Client 2
2024-12-01 23:35:24,483 INFO malicious_clients.py 123:: init ATTACK OMNISCIENT Client 10
2024-12-01 23:35:24,488 INFO malicious_clients.py 123:: init ATTACK OMNISCIENT Client 11
2024-12-01 23:35:24,510 INFO malicious_clients.py 18:: init UNRELIABLE Client 18
2024-12-01 23:35:24,519 INFO malicious_clients.py 18:: init UNRELIABLE Client 20
2024-12-01 23:35:24,537 INFO malicious_clients.py 73:: init ATTACK ADD NOISE TO GRAD Client 24
2024-12-01 23:35:24,541 INFO malicious_clients.py 73:: init ATTACK ADD NOISE TO GRAD Client 25
2024-12-01 23:35:24,545 INFO malicious_clients.py 73:: init ATTACK ADD NOISE TO GRAD Client 26
2024-12-01 23:35:24,599 INFO server.py 211:: [Server] Start testing
2024-12-01 23:35:24,616 INFO server.py 235:: [Server] Test set: Average loss: 1.3864, Accuracy: 50/200 (25.0%)

2024-12-01 23:35:24,617 INFO server.py 238:: [Sever] Confusion matrix:
 tensor([[50.,  0.,  0.,  0.],
        [50.,  0.,  0.,  0.],
        [50.,  0.,  0.,  0.],
        [50.,  0.,  0.,  0.]])
2024-12-01 23:35:24,625 INFO server.py 254:: [Server] Precision=[0.25  nan  nan  nan],
 Recall=[1. 0. 0. 0.],
 F1-score=[0.4 nan nan nan],
 my_accuracy=25.0[%]
2024-12-01 23:35:24,626 INFO _main.py 209:: ########EPOCH 0 ########
2024-12-01 23:35:24,627 INFO _main.py 210:: ###Model distribution###
2024-12-01 23:35:27,476 INFO server.py 1064:: clients' sizes=[1, 2, 1, 0, 0, 0, 2, 2, 0, 1, 0, 1, 2, 2, 2, 2, 1, 1, 2, 0, 1, 1, 1, 1, 1, 0, 1, 1, 1, 1, 2, 0, 2, 0, 1, 2, 1, 0, 2, 0], total=41
2024-12-01 23:35:27,487 INFO server.py 327:: [Server] The aggregation takes 0.264211 seconds.

2024-12-01 23:35:27,488 INFO server.py 211:: [Server] Start testing
2024-12-01 23:35:27,502 INFO server.py 235:: [Server] Test set: Average loss: 1.3313, Accuracy: 71/200 (35.5%)

2024-12-01 23:35:27,503 INFO server.py 238:: [Sever] Confusion matrix:
 tensor([[50.,  0.,  0.,  0.],
        [50.,  0.,  0.,  0.],
        [50.,  0.,  0.,  0.],
        [29.,  0.,  0., 21.]])
2024-12-01 23:35:27,504 INFO server.py 254:: [Server] Precision=[0.2793296       nan       nan 1.       ],
 Recall=[1.   0.   0.   0.42],
 F1-score=[0.43668124        nan        nan 0.5915493 ],
 my_accuracy=35.499998927116394[%]
2024-12-01 23:35:27,505 INFO _main.py 209:: ########EPOCH 1 ########
2024-12-01 23:35:27,506 INFO _main.py 210:: ###Model distribution###
2024-12-01 23:35:30,414 INFO server.py 1064:: clients' sizes=[1, 2, 1, 0, 0, 0, 2, 2, 0, 1, 0, 1, 2, 2, 2, 2, 1, 1, 2, 0, 1, 1, 1, 1, 1, 0, 1, 1, 1, 1, 2, 0, 2, 0, 1, 2, 1, 0, 2, 0], total=41
2024-12-01 23:35:30,431 INFO server.py 327:: [Server] The aggregation takes 0.358373 seconds.

2024-12-01 23:35:30,432 INFO server.py 211:: [Server] Start testing
2024-12-01 23:35:30,451 INFO server.py 235:: [Server] Test set: Average loss: 1.1994, Accuracy: 90/200 (45.0%)

2024-12-01 23:35:30,452 INFO server.py 238:: [Sever] Confusion matrix:
 tensor([[50.,  0.,  0.,  0.],
        [46.,  0.,  1.,  3.],
        [34.,  0.,  6., 10.],
        [ 9.,  0.,  7., 34.]])
2024-12-01 23:35:30,454 INFO server.py 254:: [Server] Precision=[0.35971224        nan 0.42857143 0.7234042 ],
 Recall=[1.   0.   0.12 0.68],
 F1-score=[0.52910054        nan 0.1875     0.7010309 ],
 my_accuracy=44.999998807907104[%]
2024-12-01 23:35:30,454 INFO _main.py 209:: ########EPOCH 2 ########
2024-12-01 23:35:30,455 INFO _main.py 210:: ###Model distribution###
2024-12-01 23:35:34,375 INFO server.py 1064:: clients' sizes=[1, 2, 1, 0, 0, 0, 2, 2, 0, 1, 0, 1, 2, 2, 2, 2, 1, 1, 2, 0, 1, 1, 1, 1, 1, 0, 1, 1, 1, 1, 2, 0, 2, 0, 1, 2, 1, 0, 2, 0], total=41
2024-12-01 23:35:34,391 INFO server.py 327:: [Server] The aggregation takes 0.400081 seconds.

2024-12-01 23:35:34,392 INFO server.py 211:: [Server] Start testing
2024-12-01 23:35:34,428 INFO server.py 235:: [Server] Test set: Average loss: 1.0688, Accuracy: 107/200 (53.5%)

2024-12-01 23:35:34,430 INFO server.py 238:: [Sever] Confusion matrix:
 tensor([[47.,  1.,  2.,  0.],
        [33., 11.,  3.,  3.],
        [18., 10., 13.,  9.],
        [ 6.,  1.,  7., 36.]])
2024-12-01 23:35:34,431 INFO server.py 254:: [Server] Precision=[0.45192307 0.47826087 0.52       0.75      ],
 Recall=[0.94 0.22 0.26 0.72],
 F1-score=[0.61038965 0.30136985 0.34666666 0.7346939 ],
 my_accuracy=53.50000262260437[%]
2024-12-01 23:35:34,432 INFO _main.py 209:: ########EPOCH 3 ########
2024-12-01 23:35:34,433 INFO _main.py 210:: ###Model distribution###
2024-12-01 23:35:37,887 INFO server.py 1064:: clients' sizes=[1, 2, 1, 0, 0, 0, 2, 2, 0, 1, 0, 1, 2, 2, 2, 2, 1, 1, 2, 0, 1, 1, 1, 1, 1, 0, 1, 1, 1, 1, 2, 0, 2, 0, 1, 2, 1, 0, 2, 0], total=41
2024-12-01 23:35:37,897 INFO server.py 327:: [Server] The aggregation takes 0.243912 seconds.

2024-12-01 23:35:37,898 INFO server.py 211:: [Server] Start testing
2024-12-01 23:35:37,912 INFO server.py 235:: [Server] Test set: Average loss: 0.9836, Accuracy: 121/200 (60.5%)

2024-12-01 23:35:37,913 INFO server.py 238:: [Sever] Confusion matrix:
 tensor([[46.,  2.,  2.,  0.],
        [20., 21.,  6.,  3.],
        [13., 14., 15.,  8.],
        [ 0.,  6.,  5., 39.]])
2024-12-01 23:35:37,915 INFO server.py 254:: [Server] Precision=[0.5822785  0.4883721  0.53571427 0.78      ],
 Recall=[0.92 0.42 0.3  0.78],
 F1-score=[0.7131783  0.45161292 0.3846154  0.7799999 ],
 my_accuracy=60.50000190734863[%]
2024-12-01 23:35:37,915 INFO _main.py 209:: ########EPOCH 4 ########
2024-12-01 23:35:37,916 INFO _main.py 210:: ###Model distribution###
2024-12-01 23:35:40,668 INFO server.py 1064:: clients' sizes=[1, 2, 1, 0, 0, 0, 2, 2, 0, 1, 0, 1, 2, 2, 2, 2, 1, 1, 2, 0, 1, 1, 1, 1, 1, 0, 1, 1, 1, 1, 2, 0, 2, 0, 1, 2, 1, 0, 2, 0], total=41
2024-12-01 23:35:40,677 INFO server.py 327:: [Server] The aggregation takes 0.250869 seconds.

2024-12-01 23:35:40,679 INFO server.py 211:: [Server] Start testing
2024-12-01 23:35:40,694 INFO server.py 235:: [Server] Test set: Average loss: 0.9405, Accuracy: 121/200 (60.5%)

2024-12-01 23:35:40,695 INFO server.py 238:: [Sever] Confusion matrix:
 tensor([[41.,  7.,  2.,  0.],
        [18., 23.,  7.,  2.],
        [10., 14., 18.,  8.],
        [ 0.,  6.,  5., 39.]])
2024-12-01 23:35:40,697 INFO server.py 254:: [Server] Precision=[0.5942029  0.46       0.5625     0.79591835],
 Recall=[0.82 0.46 0.36 0.78],
 F1-score=[0.6890756  0.46       0.43902442 0.78787875],
 my_accuracy=60.50000190734863[%]
2024-12-01 23:35:40,697 INFO _main.py 209:: ########EPOCH 5 ########
2024-12-01 23:35:40,698 INFO _main.py 210:: ###Model distribution###
2024-12-01 23:35:43,570 INFO server.py 1064:: clients' sizes=[1, 2, 1, 0, 0, 0, 2, 2, 0, 1, 0, 1, 2, 2, 2, 2, 1, 1, 2, 0, 1, 1, 1, 1, 1, 0, 1, 1, 1, 1, 2, 0, 2, 0, 1, 2, 1, 0, 2, 0], total=41
2024-12-01 23:35:43,580 INFO server.py 327:: [Server] The aggregation takes 0.259366 seconds.

2024-12-01 23:35:43,581 INFO server.py 211:: [Server] Start testing
2024-12-01 23:35:43,596 INFO server.py 235:: [Server] Test set: Average loss: 0.9115, Accuracy: 123/200 (61.5%)

2024-12-01 23:35:43,598 INFO server.py 238:: [Sever] Confusion matrix:
 tensor([[41.,  7.,  2.,  0.],
        [17., 22.,  9.,  2.],
        [ 8., 14., 21.,  7.],
        [ 0.,  6.,  5., 39.]])
2024-12-01 23:35:43,599 INFO server.py 254:: [Server] Precision=[0.6212121 0.4489796 0.5675676 0.8125   ],
 Recall=[0.82 0.44 0.42 0.78],
 F1-score=[0.7068965  0.44444445 0.48275864 0.79591835],
 my_accuracy=61.500000953674316[%]
2024-12-01 23:35:43,600 INFO _main.py 209:: ########EPOCH 6 ########
2024-12-01 23:35:43,600 INFO _main.py 210:: ###Model distribution###
2024-12-01 23:35:46,933 INFO server.py 1064:: clients' sizes=[1, 2, 1, 0, 0, 0, 2, 2, 0, 1, 0, 1, 2, 2, 2, 2, 1, 1, 2, 0, 1, 1, 1, 1, 1, 0, 1, 1, 1, 1, 2, 0, 2, 0, 1, 2, 1, 0, 2, 0], total=41
2024-12-01 23:35:46,948 INFO server.py 327:: [Server] The aggregation takes 0.352545 seconds.

2024-12-01 23:35:46,949 INFO server.py 211:: [Server] Start testing
2024-12-01 23:35:46,968 INFO server.py 235:: [Server] Test set: Average loss: 0.8978, Accuracy: 122/200 (61.0%)

2024-12-01 23:35:46,970 INFO server.py 238:: [Sever] Confusion matrix:
 tensor([[41.,  7.,  2.,  0.],
        [17., 22., 10.,  1.],
        [ 8., 13., 24.,  5.],
        [ 0.,  6.,  9., 35.]])
2024-12-01 23:35:46,971 INFO server.py 254:: [Server] Precision=[0.6212121  0.45833334 0.53333336 0.85365856],
 Recall=[0.82 0.44 0.48 0.7 ],
 F1-score=[0.7068965  0.44897962 0.5052632  0.76923084],
 my_accuracy=61.000001430511475[%]
2024-12-01 23:35:46,972 INFO _main.py 209:: ########EPOCH 7 ########
2024-12-01 23:35:46,973 INFO _main.py 210:: ###Model distribution###
2024-12-01 23:35:51,065 INFO server.py 1064:: clients' sizes=[1, 2, 1, 0, 0, 0, 2, 2, 0, 1, 0, 1, 2, 2, 2, 2, 1, 1, 2, 0, 1, 1, 1, 1, 1, 0, 1, 1, 1, 1, 2, 0, 2, 0, 1, 2, 1, 0, 2, 0], total=41
2024-12-01 23:35:51,081 INFO server.py 327:: [Server] The aggregation takes 0.370547 seconds.

2024-12-01 23:35:51,082 INFO server.py 211:: [Server] Start testing
2024-12-01 23:35:51,105 INFO server.py 235:: [Server] Test set: Average loss: 0.8730, Accuracy: 122/200 (61.0%)

2024-12-01 23:35:51,107 INFO server.py 238:: [Sever] Confusion matrix:
 tensor([[41.,  7.,  2.,  0.],
        [15., 23., 11.,  1.],
        [ 6., 15., 22.,  7.],
        [ 0.,  5.,  9., 36.]])
2024-12-01 23:35:51,109 INFO server.py 254:: [Server] Precision=[0.66129035 0.46       0.5        0.8181818 ],
 Recall=[0.82 0.46 0.44 0.72],
 F1-score=[0.73214287 0.46       0.4680851  0.76595753],
 my_accuracy=61.000001430511475[%]
2024-12-01 23:35:51,109 INFO _main.py 209:: ########EPOCH 8 ########
2024-12-01 23:35:51,110 INFO _main.py 210:: ###Model distribution###
2024-12-01 23:35:54,079 INFO server.py 1064:: clients' sizes=[1, 2, 1, 0, 0, 0, 2, 2, 0, 1, 0, 1, 2, 2, 2, 2, 1, 1, 2, 0, 1, 1, 1, 1, 1, 0, 1, 1, 1, 1, 2, 0, 2, 0, 1, 2, 1, 0, 2, 0], total=41
2024-12-01 23:35:54,089 INFO server.py 327:: [Server] The aggregation takes 0.268393 seconds.

2024-12-01 23:35:54,090 INFO server.py 211:: [Server] Start testing
2024-12-01 23:35:54,110 INFO server.py 235:: [Server] Test set: Average loss: 0.8575, Accuracy: 124/200 (62.0%)

2024-12-01 23:35:54,111 INFO server.py 238:: [Sever] Confusion matrix:
 tensor([[41.,  8.,  1.,  0.],
        [15., 24., 10.,  1.],
        [ 7., 16., 20.,  7.],
        [ 0.,  5.,  6., 39.]])
2024-12-01 23:35:54,113 INFO server.py 254:: [Server] Precision=[0.6507937  0.4528302  0.5405405  0.82978725],
 Recall=[0.82 0.48 0.4  0.78],
 F1-score=[0.7256637  0.4660194  0.45977008 0.8041237 ],
 my_accuracy=62.00000047683716[%]
2024-12-01 23:35:54,114 INFO _main.py 209:: ########EPOCH 9 ########
2024-12-01 23:35:54,114 INFO _main.py 210:: ###Model distribution###
2024-12-01 23:35:57,031 INFO server.py 1064:: clients' sizes=[1, 2, 1, 0, 0, 0, 2, 2, 0, 1, 0, 1, 2, 2, 2, 2, 1, 1, 2, 0, 1, 1, 1, 1, 1, 0, 1, 1, 1, 1, 2, 0, 2, 0, 1, 2, 1, 0, 2, 0], total=41
2024-12-01 23:35:57,043 INFO server.py 327:: [Server] The aggregation takes 0.257811 seconds.

2024-12-01 23:35:57,044 INFO server.py 211:: [Server] Start testing
2024-12-01 23:35:57,061 INFO server.py 235:: [Server] Test set: Average loss: 0.8534, Accuracy: 122/200 (61.0%)

2024-12-01 23:35:57,063 INFO server.py 238:: [Sever] Confusion matrix:
 tensor([[41.,  8.,  1.,  0.],
        [15., 23., 11.,  1.],
        [ 6., 17., 21.,  6.],
        [ 0.,  5.,  8., 37.]])
2024-12-01 23:35:57,064 INFO server.py 254:: [Server] Precision=[0.66129035 0.43396226 0.5121951  0.84090906],
 Recall=[0.82 0.46 0.42 0.74],
 F1-score=[0.73214287 0.44660196 0.46153846 0.78723407],
 my_accuracy=61.000001430511475[%]
2024-12-01 23:35:57,065 INFO _main.py 209:: ########EPOCH 10 ########
2024-12-01 23:35:57,066 INFO _main.py 210:: ###Model distribution###
2024-12-01 23:35:59,840 INFO server.py 1064:: clients' sizes=[1, 2, 1, 0, 0, 0, 2, 2, 0, 1, 0, 1, 2, 2, 2, 2, 1, 1, 2, 0, 1, 1, 1, 1, 1, 0, 1, 1, 1, 1, 2, 0, 2, 0, 1, 2, 1, 0, 2, 0], total=41
2024-12-01 23:35:59,850 INFO server.py 327:: [Server] The aggregation takes 0.250174 seconds.

2024-12-01 23:35:59,851 INFO server.py 211:: [Server] Start testing
2024-12-01 23:35:59,865 INFO server.py 235:: [Server] Test set: Average loss: 0.8386, Accuracy: 122/200 (61.0%)

2024-12-01 23:35:59,866 INFO server.py 238:: [Sever] Confusion matrix:
 tensor([[41.,  7.,  2.,  0.],
        [15., 22., 11.,  2.],
        [ 4., 17., 22.,  7.],
        [ 0.,  5.,  8., 37.]])
2024-12-01 23:35:59,868 INFO server.py 254:: [Server] Precision=[0.68333334 0.43137255 0.5116279  0.8043478 ],
 Recall=[0.82 0.44 0.44 0.74],
 F1-score=[0.7454545  0.43564355 0.47311828 0.7708334 ],
 my_accuracy=61.000001430511475[%]
2024-12-01 23:35:59,868 INFO _main.py 209:: ########EPOCH 11 ########
2024-12-01 23:35:59,869 INFO _main.py 210:: ###Model distribution###
2024-12-01 23:36:03,118 INFO server.py 1064:: clients' sizes=[1, 2, 1, 0, 0, 0, 2, 2, 0, 1, 0, 1, 2, 2, 2, 2, 1, 1, 2, 0, 1, 1, 1, 1, 1, 0, 1, 1, 1, 1, 2, 0, 2, 0, 1, 2, 1, 0, 2, 0], total=41
2024-12-01 23:36:03,134 INFO server.py 327:: [Server] The aggregation takes 0.355674 seconds.

2024-12-01 23:36:03,135 INFO server.py 211:: [Server] Start testing
2024-12-01 23:36:03,157 INFO server.py 235:: [Server] Test set: Average loss: 0.8220, Accuracy: 122/200 (61.0%)

2024-12-01 23:36:03,161 INFO server.py 238:: [Sever] Confusion matrix:
 tensor([[41.,  8.,  1.,  0.],
        [15., 23., 11.,  1.],
        [ 4., 18., 21.,  7.],
        [ 0.,  5.,  8., 37.]])
2024-12-01 23:36:03,164 INFO server.py 254:: [Server] Precision=[0.68333334 0.42592594 0.5121951  0.82222223],
 Recall=[0.82 0.46 0.42 0.74],
 F1-score=[0.7454545  0.4423077  0.46153846 0.77894735],
 my_accuracy=61.000001430511475[%]
2024-12-01 23:36:03,165 INFO _main.py 209:: ########EPOCH 12 ########
2024-12-01 23:36:03,166 INFO _main.py 210:: ###Model distribution###
2024-12-01 23:36:07,266 INFO server.py 1064:: clients' sizes=[1, 2, 1, 0, 0, 0, 2, 2, 0, 1, 0, 1, 2, 2, 2, 2, 1, 1, 2, 0, 1, 1, 1, 1, 1, 0, 1, 1, 1, 1, 2, 0, 2, 0, 1, 2, 1, 0, 2, 0], total=41
2024-12-01 23:36:07,277 INFO server.py 327:: [Server] The aggregation takes 0.318129 seconds.

2024-12-01 23:36:07,278 INFO server.py 211:: [Server] Start testing
2024-12-01 23:36:07,292 INFO server.py 235:: [Server] Test set: Average loss: 0.8109, Accuracy: 124/200 (62.0%)

2024-12-01 23:36:07,294 INFO server.py 238:: [Sever] Confusion matrix:
 tensor([[41.,  7.,  2.,  0.],
        [13., 22., 14.,  1.],
        [ 4., 16., 23.,  7.],
        [ 0.,  5.,  7., 38.]])
2024-12-01 23:36:07,295 INFO server.py 254:: [Server] Precision=[0.70689654 0.44       0.5        0.82608694],
 Recall=[0.82 0.44 0.46 0.76],
 F1-score=[0.7592593  0.44       0.47916666 0.7916667 ],
 my_accuracy=62.00000047683716[%]
2024-12-01 23:36:07,296 INFO _main.py 209:: ########EPOCH 13 ########
2024-12-01 23:36:07,296 INFO _main.py 210:: ###Model distribution###
2024-12-01 23:36:10,099 INFO server.py 1064:: clients' sizes=[1, 2, 1, 0, 0, 0, 2, 2, 0, 1, 0, 1, 2, 2, 2, 2, 1, 1, 2, 0, 1, 1, 1, 1, 1, 0, 1, 1, 1, 1, 2, 0, 2, 0, 1, 2, 1, 0, 2, 0], total=41
2024-12-01 23:36:10,110 INFO server.py 327:: [Server] The aggregation takes 0.257477 seconds.

2024-12-01 23:36:10,111 INFO server.py 211:: [Server] Start testing
2024-12-01 23:36:10,124 INFO server.py 235:: [Server] Test set: Average loss: 0.7985, Accuracy: 124/200 (62.0%)

2024-12-01 23:36:10,126 INFO server.py 238:: [Sever] Confusion matrix:
 tensor([[40.,  8.,  2.,  0.],
        [14., 23., 12.,  1.],
        [ 4., 16., 22.,  8.],
        [ 0.,  4.,  7., 39.]])
2024-12-01 23:36:10,127 INFO server.py 254:: [Server] Precision=[0.6896552 0.4509804 0.5116279 0.8125   ],
 Recall=[0.8  0.46 0.44 0.78],
 F1-score=[0.7407407  0.45544556 0.47311828 0.79591835],
 my_accuracy=62.00000047683716[%]
2024-12-01 23:36:10,128 INFO _main.py 209:: ########EPOCH 14 ########
2024-12-01 23:36:10,128 INFO _main.py 210:: ###Model distribution###
2024-12-01 23:36:12,931 INFO server.py 1064:: clients' sizes=[1, 2, 1, 0, 0, 0, 2, 2, 0, 1, 0, 1, 2, 2, 2, 2, 1, 1, 2, 0, 1, 1, 1, 1, 1, 0, 1, 1, 1, 1, 2, 0, 2, 0, 1, 2, 1, 0, 2, 0], total=41
2024-12-01 23:36:12,941 INFO server.py 327:: [Server] The aggregation takes 0.269937 seconds.

2024-12-01 23:36:12,942 INFO server.py 211:: [Server] Start testing
2024-12-01 23:36:12,956 INFO server.py 235:: [Server] Test set: Average loss: 0.7858, Accuracy: 127/200 (63.5%)

2024-12-01 23:36:12,957 INFO server.py 238:: [Sever] Confusion matrix:
 tensor([[41.,  7.,  2.,  0.],
        [14., 24., 11.,  1.],
        [ 4., 15., 23.,  8.],
        [ 0.,  4.,  7., 39.]])
2024-12-01 23:36:12,959 INFO server.py 254:: [Server] Precision=[0.69491524 0.48       0.53488374 0.8125    ],
 Recall=[0.82 0.48 0.46 0.78],
 F1-score=[0.7522935  0.48       0.49462366 0.79591835],
 my_accuracy=63.499999046325684[%]
