2024-12-03 23:22:44,882 INFO _main.py 39:: ################################################################
2024-12-03 23:22:44,898 INFO _main.py 41:: #                              batch_size: 8                   #
2024-12-03 23:22:44,904 INFO _main.py 41:: #                         test_batch_size: 8                   #
2024-12-03 23:22:44,905 INFO _main.py 41:: #                                  epochs: 10                  #
2024-12-03 23:22:44,905 INFO _main.py 41:: #                               optimizer: SGD                 #
2024-12-03 23:22:44,905 INFO _main.py 41:: #                                      lr: 0.01                #
2024-12-03 23:22:44,905 INFO _main.py 41:: #                                momentum: 0.9                 #
2024-12-03 23:22:44,905 INFO _main.py 41:: #                            weight_decay: 0.0001              #
2024-12-03 23:22:44,905 INFO _main.py 41:: #                                    seed: 1                   #
2024-12-03 23:22:44,905 INFO _main.py 41:: #                            log_interval: 11                  #
2024-12-03 23:22:44,905 INFO _main.py 41:: #                             num_clients: 40                  #
2024-12-03 23:22:44,905 INFO _main.py 41:: #                           output_folder: experiments         #
2024-12-03 23:22:44,905 INFO _main.py 41:: #                                 dataset: cifar               #
2024-12-03 23:22:44,906 INFO _main.py 41:: #                             loader_type: dirichlet           #
2024-12-03 23:22:44,906 INFO _main.py 41:: #                             loader_path: ./data/loader.pk    #
2024-12-03 23:22:44,906 INFO _main.py 41:: #                                      AR: mudhog              #
2024-12-03 23:22:44,906 INFO _main.py 41:: #                     n_attacker_backdoor: 0                   #
2024-12-03 23:22:44,906 INFO _main.py 41:: #                        backdoor_trigger: [0, 0, 1, 1]        #
2024-12-03 23:22:44,906 INFO _main.py 41:: #                   n_attacker_omniscient: 0                   #
2024-12-03 23:22:44,906 INFO _main.py 41:: #                        omniscient_scale: 1                   #
2024-12-03 23:22:44,906 INFO _main.py 41:: #                                 attacks: None                #
2024-12-03 23:22:44,906 INFO _main.py 41:: #                      save_model_weights: False               #
2024-12-03 23:22:44,906 INFO _main.py 41:: #                         experiment_name: sExp4Ba_40ep_cifar_mudhog_40C_5#
2024-12-03 23:22:44,906 INFO _main.py 41:: #                          path_to_aggNet: None                #
2024-12-03 23:22:44,906 INFO _main.py 41:: #                                  device: cuda                #
2024-12-03 23:22:44,906 INFO _main.py 41:: #                            inner_epochs: 4                   #
2024-12-03 23:22:44,907 INFO _main.py 41:: #                                 verbose: True                #
2024-12-03 23:22:44,907 INFO _main.py 41:: #                         list_unreliable: [2, 18, 20]         #
2024-12-03 23:22:44,907 INFO _main.py 41:: #                     unreliable_fraction: 0.5                 #
2024-12-03 23:22:44,907 INFO _main.py 41:: #                    unreliable_fracTrain: 0.3                 #
2024-12-03 23:22:44,907 INFO _main.py 41:: #                         mean_unreliable: 0.0                 #
2024-12-03 23:22:44,907 INFO _main.py 41:: #                             blur_method: add_noise           #
2024-12-03 23:22:44,907 INFO _main.py 41:: #                      max_std_unreliable: 30.0                #
2024-12-03 23:22:44,907 INFO _main.py 41:: #                     list_uatk_add_noise: [24, 25, 26]        #
2024-12-03 23:22:44,907 INFO _main.py 41:: #                          mean_add_noise: 0.0                 #
2024-12-03 23:22:44,907 INFO _main.py 41:: #                           std_add_noise: 0.01                #
2024-12-03 23:22:44,907 INFO _main.py 41:: #                     list_uatk_flip_sign: [0, 10, 11]         #
2024-12-03 23:22:44,907 INFO _main.py 42:: ################################################################
2024-12-03 23:22:44,908 INFO _main.py 43:: Namespace(batch_size=8, test_batch_size=8, epochs=10, optimizer='SGD', lr=0.01, momentum=0.9, weight_decay=0.0001, seed=1, log_interval=11, num_clients=40, output_folder='experiments', dataset='cifar', loader_type='dirichlet', loader_path='./data/loader.pk', AR='mudhog', n_attacker_backdoor=0, backdoor_trigger=[0, 0, 1, 1], n_attacker_omniscient=0, omniscient_scale=1, attacks=None, save_model_weights=False, experiment_name='sExp4Ba_40ep_cifar_mudhog_40C_5', path_to_aggNet=None, device='cuda', inner_epochs=4, verbose=True, list_unreliable=[2, 18, 20], unreliable_fraction=0.5, unreliable_fracTrain=0.3, mean_unreliable=0.0, blur_method='add_noise', max_std_unreliable=30.0, list_uatk_add_noise=[24, 25, 26], mean_add_noise=0.0, std_add_noise=0.01, list_uatk_flip_sign=[0, 10, 11])
2024-12-03 23:22:44,908 INFO _main.py 44:: #####################
2024-12-03 23:22:44,908 INFO _main.py 45:: #####################
2024-12-03 23:22:44,908 INFO _main.py 46:: #####################
2024-12-03 23:22:44,908 INFO _main.py 47:: Aggregation Rule:	mudhog
2024-12-03 23:22:44,908 INFO _main.py 48:: Data distribution:	dirichlet
2024-12-03 23:22:44,908 INFO _main.py 49:: Attacks:	None 
2024-12-03 23:22:44,908 INFO _main.py 50:: #####################
2024-12-03 23:22:44,908 INFO _main.py 51:: #####################
2024-12-03 23:22:44,908 INFO _main.py 52:: #####################
2024-12-03 23:22:49,575 INFO server.py 366:: SET DBSCAN eps=18, min_samples=12
2024-12-03 23:22:49,612 INFO _main.py 135:: [1-normal, 0-malicious] label =tensor([0., 1., 1., 1., 1., 1., 1., 1., 1., 1., 0., 0., 1., 1., 1., 1., 1., 1.,
        1., 1., 1., 1., 1., 1., 0., 0., 0., 1., 1., 1., 1., 1., 1., 1., 1., 1.,
        1., 1., 1., 1.])
2024-12-03 23:22:49,887 INFO malicious_clients.py 123:: init ATTACK OMNISCIENT Client 0
2024-12-03 23:22:50,377 INFO malicious_clients.py 18:: init UNRELIABLE Client 2
2024-12-03 23:22:52,598 INFO malicious_clients.py 123:: init ATTACK OMNISCIENT Client 10
2024-12-03 23:22:52,870 INFO malicious_clients.py 123:: init ATTACK OMNISCIENT Client 11
2024-12-03 23:22:54,727 INFO malicious_clients.py 18:: init UNRELIABLE Client 18
2024-12-03 23:22:55,269 INFO malicious_clients.py 18:: init UNRELIABLE Client 20
2024-12-03 23:22:56,401 INFO malicious_clients.py 73:: init ATTACK ADD NOISE TO GRAD Client 24
2024-12-03 23:22:56,672 INFO malicious_clients.py 73:: init ATTACK ADD NOISE TO GRAD Client 25
2024-12-03 23:22:56,945 INFO malicious_clients.py 73:: init ATTACK ADD NOISE TO GRAD Client 26
2024-12-03 23:23:00,714 INFO server.py 211:: [Server] Start testing
2024-12-03 23:23:09,630 INFO server.py 235:: [Server] Test set: Average loss: 2.3744, Accuracy: 908/10000 (9.08%)

2024-12-03 23:23:09,633 INFO server.py 238:: [Sever] Confusion matrix:
 tensor([[230., 420.,   6.,  74.,   8.,   0.,  33.,   1., 165.,  63.],
        [191., 241.,  34., 128.,  24.,   0.,  65.,   0., 125., 192.],
        [272., 348.,  31.,  40.,  11.,   0.,  29.,  10., 148., 111.],
        [173., 335.,  51.,  75.,  22.,   0.,  40.,   3.,  74., 227.],
        [210., 288.,  11.,  43.,   4.,   0.,  28.,  18., 284., 114.],
        [262., 227., 124.,  57.,  29.,   0.,  32.,   4.,  78., 187.],
        [134., 322.,  21.,  28.,   1.,   0.,  48.,   6., 289., 151.],
        [222., 251.,  50., 115.,  27.,   0.,  23.,  10., 157., 145.],
        [316., 367.,   4., 102.,   9.,   0.,  24.,   1., 104.,  73.],
        [270., 285.,  11.,  92.,  17.,   0.,  28.,   0., 132., 165.]])
2024-12-03 23:23:09,641 INFO server.py 254:: [Server] Precision=[0.1008772  0.07814527 0.09037901 0.0994695  0.02631579        nan
 0.13714285 0.18867925 0.06683805 0.11554622],
 Recall=[0.23  0.241 0.031 0.075 0.004 0.    0.048 0.01  0.104 0.165],
 F1-score=[0.14024392 0.11802156 0.0461653  0.08551882 0.00694444        nan
 0.07111111 0.01899335 0.08137715 0.13591434],
 my_accuracy=9.080000221729279[%]
2024-12-03 23:23:09,642 INFO _main.py 209:: ########EPOCH 0 ########
2024-12-03 23:23:09,643 INFO _main.py 210:: ###Model distribution###
2024-12-03 23:24:19,700 INFO server.py 1080:: clients' sizes=[15, 12, 5, 7, 6, 13, 13, 4, 4, 10, 13, 8, 5, 9, 12, 14, 6, 12, 11, 9, 6, 12, 17, 7, 9, 9, 8, 12, 9, 8, 6, 5, 9, 12, 9, 4, 7, 12, 14, 9], total=372
2024-12-03 23:24:22,723 INFO server.py 327:: [Server] The aggregation takes 5.222552 seconds.

2024-12-03 23:24:22,775 INFO server.py 211:: [Server] Start testing
2024-12-03 23:24:30,503 INFO server.py 235:: [Server] Test set: Average loss: 2.1397, Accuracy: 2387/10000 (23.87%)

2024-12-03 23:24:30,505 INFO server.py 238:: [Sever] Confusion matrix:
 tensor([[516.,   0.,  32.,  28., 183., 106.,  74.,   0.,  61.,   0.],
        [ 73.,   2.,   8.,  64., 282., 404., 124.,   3.,  38.,   2.],
        [121.,   0.,  68.,  41., 403., 278.,  88.,   0.,   1.,   0.],
        [ 15.,   0.,  12.,  36., 273., 539., 120.,   1.,   4.,   0.],
        [ 61.,   0.,  16.,  32., 652., 134.,  98.,   1.,   6.,   0.],
        [ 10.,   0.,   8.,  24., 182., 697.,  78.,   0.,   1.,   0.],
        [ 36.,   0.,  31.,  40., 453., 215., 224.,   0.,   1.,   0.],
        [ 16.,   0.,   5.,  29., 511., 363.,  63.,   8.,   5.,   0.],
        [412.,   0.,  13.,  34., 157., 116.,  87.,   0., 180.,   1.],
        [ 60.,   1.,   9.,  38., 285., 466.,  81.,   1.,  55.,   4.]])
2024-12-03 23:24:30,507 INFO server.py 254:: [Server] Precision=[0.3909091  0.6666667  0.33663365 0.09836066 0.19284235 0.2100663
 0.21600771 0.5714286  0.5113636  0.5714286 ],
 Recall=[0.516 0.002 0.068 0.036 0.652 0.697 0.224 0.008 0.18  0.004],
 F1-score=[0.4448276  0.00398804 0.11314476 0.05270864 0.29764894 0.32283464
 0.21993127 0.01577909 0.2662722  0.00794439],
 my_accuracy=23.87000024318695[%]
2024-12-03 23:24:30,507 INFO _main.py 209:: ########EPOCH 1 ########
2024-12-03 23:24:30,507 INFO _main.py 210:: ###Model distribution###
2024-12-03 23:25:40,878 INFO server.py 1080:: clients' sizes=[15, 12, 5, 7, 6, 13, 13, 4, 4, 10, 13, 8, 5, 9, 12, 14, 6, 12, 11, 9, 6, 12, 17, 7, 9, 9, 8, 12, 9, 8, 6, 5, 9, 12, 9, 4, 7, 12, 14, 9], total=372
2024-12-03 23:25:43,844 INFO server.py 327:: [Server] The aggregation takes 5.354716 seconds.

2024-12-03 23:25:43,897 INFO server.py 211:: [Server] Start testing
2024-12-03 23:25:51,744 INFO server.py 235:: [Server] Test set: Average loss: 2.5665, Accuracy: 2078/10000 (20.78%)

2024-12-03 23:25:51,746 INFO server.py 238:: [Sever] Confusion matrix:
 tensor([[562.,   0., 222.,   5.,  78.,   6.,  11.,   0., 116.,   0.],
        [171.,   0., 306.,  46., 246.,  45., 109.,   1.,  76.,   0.],
        [186.,   0., 551.,  16., 169.,  30.,  43.,   0.,   5.,   0.],
        [ 59.,   0., 406.,  65., 286., 102.,  79.,   0.,   3.,   0.],
        [169.,   0., 471.,  10., 308.,  13.,  19.,   0.,  10.,   0.],
        [ 46.,   0., 334.,  54., 245., 252.,  68.,   0.,   1.,   0.],
        [114.,   0., 611.,  15., 145.,  16.,  98.,   0.,   1.,   0.],
        [ 40.,   0., 281.,  44., 531.,  70.,  23.,   4.,   7.,   0.],
        [500.,   0., 146.,   7.,  81.,   8.,  20.,   0., 238.,   0.],
        [138.,   0., 270.,  45., 313.,  82.,  71.,   0.,  81.,   0.]])
2024-12-03 23:25:51,747 INFO server.py 254:: [Server] Precision=[0.28312343        nan 0.15314063 0.21172638 0.12822647 0.40384614
 0.18114603 0.8        0.44237918        nan],
 Recall=[0.562 0.    0.551 0.065 0.308 0.252 0.098 0.004 0.238 0.   ],
 F1-score=[0.3765494         nan 0.23966943 0.09946442 0.18106996 0.31034485
 0.12719014 0.0079602  0.30949286        nan],
 my_accuracy=20.78000009059906[%]
2024-12-03 23:25:51,748 INFO _main.py 209:: ########EPOCH 2 ########
2024-12-03 23:25:51,748 INFO _main.py 210:: ###Model distribution###
2024-12-03 23:27:03,109 INFO server.py 1080:: clients' sizes=[15, 12, 5, 7, 6, 13, 13, 4, 4, 10, 13, 8, 5, 9, 12, 14, 6, 12, 11, 9, 6, 12, 17, 7, 9, 9, 8, 12, 9, 8, 6, 5, 9, 12, 9, 4, 7, 12, 14, 9], total=372
2024-12-03 23:27:06,561 INFO server.py 327:: [Server] The aggregation takes 5.663792 seconds.

2024-12-03 23:27:06,616 INFO server.py 211:: [Server] Start testing
2024-12-03 23:27:14,659 INFO server.py 235:: [Server] Test set: Average loss: 2.4065, Accuracy: 2624/10000 (26.24%)

2024-12-03 23:27:14,661 INFO server.py 238:: [Sever] Confusion matrix:
 tensor([[416.,   0., 229.,  15., 113.,  12.,   8.,   0., 207.,   0.],
        [ 84.,   0., 246., 105., 223., 121.,  70.,   1., 149.,   1.],
        [ 84.,   0., 527.,  32., 238.,  75.,  38.,   0.,   6.,   0.],
        [ 27.,   0., 270., 107., 339., 200.,  52.,   0.,   5.,   0.],
        [ 48.,   0., 334.,  19., 532.,  31.,  18.,   0.,  18.,   0.],
        [ 21.,   0., 185.,  64., 227., 446.,  54.,   0.,   3.,   0.],
        [ 43.,   0., 459.,  34., 309.,  40., 113.,   0.,   2.,   0.],
        [ 16.,   0., 181.,  62., 571., 149.,   8.,   6.,   7.,   0.],
        [232.,   0., 119.,  14., 117.,  18.,  27.,   0., 473.,   0.],
        [ 43.,   0., 170.,  87., 271., 219.,  51.,   0., 155.,   4.]])
2024-12-03 23:27:14,662 INFO server.py 254:: [Server] Precision=[0.41025642        nan 0.19375    0.19851577 0.18095239 0.3401983
 0.2574032  0.85714287 0.46146342 0.8       ],
 Recall=[0.416 0.    0.527 0.107 0.532 0.446 0.113 0.006 0.473 0.004],
 F1-score=[0.4131083         nan 0.28333333 0.13905133 0.27005076 0.3859801
 0.1570535  0.01191658 0.46716052 0.0079602 ],
 my_accuracy=26.240000128746033[%]
2024-12-03 23:27:14,663 INFO _main.py 209:: ########EPOCH 3 ########
2024-12-03 23:27:14,663 INFO _main.py 210:: ###Model distribution###
2024-12-03 23:29:23,156 INFO server.py 570:: flip_sign_id={0, 2, 10, 11, 18, 20}
2024-12-03 23:29:23,157 INFO server.py 585:: ===========using shortHoGs for detecting UNTARGETED ATTACK====
