2024-12-03 23:35:55,308 INFO _main.py 39:: ################################################################
2024-12-03 23:35:55,309 INFO _main.py 41:: #                              batch_size: 8                   #
2024-12-03 23:35:55,309 INFO _main.py 41:: #                         test_batch_size: 8                   #
2024-12-03 23:35:55,310 INFO _main.py 41:: #                                  epochs: 10                  #
2024-12-03 23:35:55,310 INFO _main.py 41:: #                               optimizer: SGD                 #
2024-12-03 23:35:55,310 INFO _main.py 41:: #                                      lr: 0.01                #
2024-12-03 23:35:55,310 INFO _main.py 41:: #                                momentum: 0.9                 #
2024-12-03 23:35:55,310 INFO _main.py 41:: #                            weight_decay: 0.0001              #
2024-12-03 23:35:55,310 INFO _main.py 41:: #                                    seed: 1                   #
2024-12-03 23:35:55,310 INFO _main.py 41:: #                            log_interval: 11                  #
2024-12-03 23:35:55,310 INFO _main.py 41:: #                             num_clients: 40                  #
2024-12-03 23:35:55,311 INFO _main.py 41:: #                           output_folder: experiments         #
2024-12-03 23:35:55,311 INFO _main.py 41:: #                                 dataset: cifar               #
2024-12-03 23:35:55,311 INFO _main.py 41:: #                             loader_type: dirichlet           #
2024-12-03 23:35:55,311 INFO _main.py 41:: #                             loader_path: ./data/loader.pk    #
2024-12-03 23:35:55,311 INFO _main.py 41:: #                                      AR: mudhog              #
2024-12-03 23:35:55,311 INFO _main.py 41:: #                     n_attacker_backdoor: 0                   #
2024-12-03 23:35:55,311 INFO _main.py 41:: #                        backdoor_trigger: [0, 0, 1, 1]        #
2024-12-03 23:35:55,311 INFO _main.py 41:: #                   n_attacker_omniscient: 0                   #
2024-12-03 23:35:55,311 INFO _main.py 41:: #                        omniscient_scale: 1                   #
2024-12-03 23:35:55,311 INFO _main.py 41:: #                                 attacks: None                #
2024-12-03 23:35:55,311 INFO _main.py 41:: #                      save_model_weights: False               #
2024-12-03 23:35:55,311 INFO _main.py 41:: #                         experiment_name: sExp4Ba_40ep_cifar_mudhog_40C_5#
2024-12-03 23:35:55,312 INFO _main.py 41:: #                          path_to_aggNet: None                #
2024-12-03 23:35:55,312 INFO _main.py 41:: #                                  device: cuda                #
2024-12-03 23:35:55,312 INFO _main.py 41:: #                            inner_epochs: 4                   #
2024-12-03 23:35:55,312 INFO _main.py 41:: #                                 verbose: True                #
2024-12-03 23:35:55,312 INFO _main.py 41:: #                         list_unreliable: [2, 18, 20]         #
2024-12-03 23:35:55,312 INFO _main.py 41:: #                     unreliable_fraction: 0.5                 #
2024-12-03 23:35:55,312 INFO _main.py 41:: #                    unreliable_fracTrain: 0.3                 #
2024-12-03 23:35:55,312 INFO _main.py 41:: #                         mean_unreliable: 0.0                 #
2024-12-03 23:35:55,312 INFO _main.py 41:: #                             blur_method: add_noise           #
2024-12-03 23:35:55,312 INFO _main.py 41:: #                      max_std_unreliable: 30.0                #
2024-12-03 23:35:55,312 INFO _main.py 41:: #                     list_uatk_add_noise: [24, 25, 26]        #
2024-12-03 23:35:55,312 INFO _main.py 41:: #                          mean_add_noise: 0.0                 #
2024-12-03 23:35:55,312 INFO _main.py 41:: #                           std_add_noise: 0.01                #
2024-12-03 23:35:55,313 INFO _main.py 41:: #                     list_uatk_flip_sign: [0, 10, 11]         #
2024-12-03 23:35:55,313 INFO _main.py 42:: ################################################################
2024-12-03 23:35:55,313 INFO _main.py 43:: Namespace(batch_size=8, test_batch_size=8, epochs=10, optimizer='SGD', lr=0.01, momentum=0.9, weight_decay=0.0001, seed=1, log_interval=11, num_clients=40, output_folder='experiments', dataset='cifar', loader_type='dirichlet', loader_path='./data/loader.pk', AR='mudhog', n_attacker_backdoor=0, backdoor_trigger=[0, 0, 1, 1], n_attacker_omniscient=0, omniscient_scale=1, attacks=None, save_model_weights=False, experiment_name='sExp4Ba_40ep_cifar_mudhog_40C_5', path_to_aggNet=None, device='cuda', inner_epochs=4, verbose=True, list_unreliable=[2, 18, 20], unreliable_fraction=0.5, unreliable_fracTrain=0.3, mean_unreliable=0.0, blur_method='add_noise', max_std_unreliable=30.0, list_uatk_add_noise=[24, 25, 26], mean_add_noise=0.0, std_add_noise=0.01, list_uatk_flip_sign=[0, 10, 11])
2024-12-03 23:35:55,313 INFO _main.py 44:: #####################
2024-12-03 23:35:55,313 INFO _main.py 45:: #####################
2024-12-03 23:35:55,313 INFO _main.py 46:: #####################
2024-12-03 23:35:55,313 INFO _main.py 47:: Aggregation Rule:	mudhog
2024-12-03 23:35:55,313 INFO _main.py 48:: Data distribution:	dirichlet
2024-12-03 23:35:55,313 INFO _main.py 49:: Attacks:	None 
2024-12-03 23:35:55,313 INFO _main.py 50:: #####################
2024-12-03 23:35:55,313 INFO _main.py 51:: #####################
2024-12-03 23:35:55,314 INFO _main.py 52:: #####################
2024-12-03 23:35:59,473 INFO server.py 366:: SET DBSCAN eps=18, min_samples=12
2024-12-03 23:35:59,476 INFO _main.py 135:: [1-normal, 0-malicious] label =tensor([0., 1., 1., 1., 1., 1., 1., 1., 1., 1., 0., 0., 1., 1., 1., 1., 1., 1.,
        1., 1., 1., 1., 1., 1., 0., 0., 0., 1., 1., 1., 1., 1., 1., 1., 1., 1.,
        1., 1., 1., 1.])
2024-12-03 23:35:59,743 INFO malicious_clients.py 123:: init ATTACK OMNISCIENT Client 0
2024-12-03 23:36:00,233 INFO malicious_clients.py 18:: init UNRELIABLE Client 2
2024-12-03 23:36:02,478 INFO malicious_clients.py 123:: init ATTACK OMNISCIENT Client 10
2024-12-03 23:36:02,768 INFO malicious_clients.py 123:: init ATTACK OMNISCIENT Client 11
2024-12-03 23:36:04,670 INFO malicious_clients.py 18:: init UNRELIABLE Client 18
2024-12-03 23:36:05,213 INFO malicious_clients.py 18:: init UNRELIABLE Client 20
2024-12-03 23:36:06,358 INFO malicious_clients.py 73:: init ATTACK ADD NOISE TO GRAD Client 24
2024-12-03 23:36:06,631 INFO malicious_clients.py 73:: init ATTACK ADD NOISE TO GRAD Client 25
2024-12-03 23:36:06,903 INFO malicious_clients.py 73:: init ATTACK ADD NOISE TO GRAD Client 26
2024-12-03 23:36:10,588 INFO server.py 211:: [Server] Start testing
2024-12-03 23:36:19,195 INFO server.py 235:: [Server] Test set: Average loss: 2.3744, Accuracy: 908/10000 (9.08%)

2024-12-03 23:36:19,197 INFO server.py 238:: [Sever] Confusion matrix:
 tensor([[230., 420.,   6.,  74.,   8.,   0.,  33.,   1., 165.,  63.],
        [191., 241.,  34., 128.,  24.,   0.,  65.,   0., 125., 192.],
        [272., 348.,  31.,  40.,  11.,   0.,  29.,  10., 148., 111.],
        [173., 335.,  51.,  75.,  22.,   0.,  40.,   3.,  74., 227.],
        [210., 288.,  11.,  43.,   4.,   0.,  28.,  18., 284., 114.],
        [262., 227., 124.,  57.,  29.,   0.,  32.,   4.,  78., 187.],
        [134., 322.,  21.,  28.,   1.,   0.,  48.,   6., 289., 151.],
        [222., 251.,  50., 115.,  27.,   0.,  23.,  10., 157., 145.],
        [316., 367.,   4., 102.,   9.,   0.,  24.,   1., 104.,  73.],
        [270., 285.,  11.,  92.,  17.,   0.,  28.,   0., 132., 165.]])
2024-12-03 23:36:19,202 INFO server.py 254:: [Server] Precision=[0.1008772  0.07814527 0.09037901 0.0994695  0.02631579        nan
 0.13714285 0.18867925 0.06683805 0.11554622],
 Recall=[0.23  0.241 0.031 0.075 0.004 0.    0.048 0.01  0.104 0.165],
 F1-score=[0.14024392 0.11802156 0.0461653  0.08551882 0.00694444        nan
 0.07111111 0.01899335 0.08137715 0.13591434],
 my_accuracy=9.080000221729279[%]
2024-12-03 23:36:19,203 INFO _main.py 209:: ########EPOCH 0 ########
2024-12-03 23:36:19,203 INFO _main.py 210:: ###Model distribution###
2024-12-03 23:39:16,840 INFO server.py 1080:: clients' sizes=[127, 98, 40, 60, 51, 111, 105, 35, 38, 84, 105, 64, 41, 74, 98, 113, 50, 99, 93, 79, 50, 99, 136, 60, 78, 74, 65, 98, 77, 67, 55, 44, 78, 98, 78, 33, 59, 102, 118, 73], total=3107
2024-12-03 23:39:19,807 INFO server.py 327:: [Server] The aggregation takes 5.203465 seconds.

2024-12-03 23:39:19,865 INFO server.py 211:: [Server] Start testing
2024-12-03 23:39:27,793 INFO server.py 235:: [Server] Test set: Average loss: 2.3454, Accuracy: 1000/10000 (10.0%)

2024-12-03 23:39:27,794 INFO server.py 238:: [Sever] Confusion matrix:
 tensor([[1000.,    0.,    0.,    0.,    0.,    0.,    0.,    0.,    0.,    0.],
        [1000.,    0.,    0.,    0.,    0.,    0.,    0.,    0.,    0.,    0.],
        [1000.,    0.,    0.,    0.,    0.,    0.,    0.,    0.,    0.,    0.],
        [1000.,    0.,    0.,    0.,    0.,    0.,    0.,    0.,    0.,    0.],
        [1000.,    0.,    0.,    0.,    0.,    0.,    0.,    0.,    0.,    0.],
        [1000.,    0.,    0.,    0.,    0.,    0.,    0.,    0.,    0.,    0.],
        [1000.,    0.,    0.,    0.,    0.,    0.,    0.,    0.,    0.,    0.],
        [1000.,    0.,    0.,    0.,    0.,    0.,    0.,    0.,    0.,    0.],
        [1000.,    0.,    0.,    0.,    0.,    0.,    0.,    0.,    0.,    0.],
        [1000.,    0.,    0.,    0.,    0.,    0.,    0.,    0.,    0.,    0.]])
2024-12-03 23:39:27,796 INFO server.py 254:: [Server] Precision=[0.1 nan nan nan nan nan nan nan nan nan],
 Recall=[1. 0. 0. 0. 0. 0. 0. 0. 0. 0.],
 F1-score=[0.18181819        nan        nan        nan        nan        nan
        nan        nan        nan        nan],
 my_accuracy=10.000000149011612[%]
2024-12-03 23:39:27,796 INFO _main.py 209:: ########EPOCH 1 ########
2024-12-03 23:39:27,796 INFO _main.py 210:: ###Model distribution###
2024-12-03 23:42:27,418 INFO server.py 1080:: clients' sizes=[127, 98, 40, 60, 51, 111, 105, 35, 38, 84, 105, 64, 41, 74, 98, 113, 50, 99, 93, 79, 50, 99, 136, 60, 78, 74, 65, 98, 77, 67, 55, 44, 78, 98, 78, 33, 59, 102, 118, 73], total=3107
2024-12-03 23:42:30,349 INFO server.py 327:: [Server] The aggregation takes 5.231741 seconds.

2024-12-03 23:42:30,402 INFO server.py 211:: [Server] Start testing
2024-12-03 23:42:38,264 INFO server.py 235:: [Server] Test set: Average loss: 2.3319, Accuracy: 1000/10000 (10.0%)

2024-12-03 23:42:38,265 INFO server.py 238:: [Sever] Confusion matrix:
 tensor([[1000.,    0.,    0.,    0.,    0.,    0.,    0.,    0.,    0.,    0.],
        [1000.,    0.,    0.,    0.,    0.,    0.,    0.,    0.,    0.,    0.],
        [1000.,    0.,    0.,    0.,    0.,    0.,    0.,    0.,    0.,    0.],
        [1000.,    0.,    0.,    0.,    0.,    0.,    0.,    0.,    0.,    0.],
        [1000.,    0.,    0.,    0.,    0.,    0.,    0.,    0.,    0.,    0.],
        [1000.,    0.,    0.,    0.,    0.,    0.,    0.,    0.,    0.,    0.],
        [1000.,    0.,    0.,    0.,    0.,    0.,    0.,    0.,    0.,    0.],
        [1000.,    0.,    0.,    0.,    0.,    0.,    0.,    0.,    0.,    0.],
        [1000.,    0.,    0.,    0.,    0.,    0.,    0.,    0.,    0.,    0.],
        [1000.,    0.,    0.,    0.,    0.,    0.,    0.,    0.,    0.,    0.]])
2024-12-03 23:42:38,267 INFO server.py 254:: [Server] Precision=[0.1 nan nan nan nan nan nan nan nan nan],
 Recall=[1. 0. 0. 0. 0. 0. 0. 0. 0. 0.],
 F1-score=[0.18181819        nan        nan        nan        nan        nan
        nan        nan        nan        nan],
 my_accuracy=10.000000149011612[%]
2024-12-03 23:42:38,267 INFO _main.py 209:: ########EPOCH 2 ########
2024-12-03 23:42:38,268 INFO _main.py 210:: ###Model distribution###
2024-12-03 23:45:39,163 INFO server.py 1080:: clients' sizes=[127, 98, 40, 60, 51, 111, 105, 35, 38, 84, 105, 64, 41, 74, 98, 113, 50, 99, 93, 79, 50, 99, 136, 60, 78, 74, 65, 98, 77, 67, 55, 44, 78, 98, 78, 33, 59, 102, 118, 73], total=3107
2024-12-03 23:45:42,615 INFO server.py 327:: [Server] The aggregation takes 5.729130 seconds.

2024-12-03 23:45:42,672 INFO server.py 211:: [Server] Start testing
2024-12-03 23:45:50,629 INFO server.py 235:: [Server] Test set: Average loss: 2.3175, Accuracy: 1011/10000 (10.11%)

2024-12-03 23:45:50,631 INFO server.py 238:: [Sever] Confusion matrix:
 tensor([[1000.,    0.,    0.,    0.,    0.,    0.,    0.,    0.,    0.,    0.],
        [1000.,    0.,    0.,    0.,    0.,    0.,    0.,    0.,    0.,    0.],
        [ 998.,    0.,    0.,    0.,    0.,    2.,    0.,    0.,    0.,    0.],
        [ 996.,    0.,    0.,    0.,    0.,    4.,    0.,    0.,    0.,    0.],
        [ 998.,    0.,    0.,    0.,    0.,    2.,    0.,    0.,    0.,    0.],
        [ 989.,    0.,    0.,    0.,    0.,   11.,    0.,    0.,    0.,    0.],
        [1000.,    0.,    0.,    0.,    0.,    0.,    0.,    0.,    0.,    0.],
        [ 995.,    0.,    0.,    0.,    0.,    5.,    0.,    0.,    0.,    0.],
        [1000.,    0.,    0.,    0.,    0.,    0.,    0.,    0.,    0.,    0.],
        [1000.,    0.,    0.,    0.,    0.,    0.,    0.,    0.,    0.,    0.]])
2024-12-03 23:45:50,632 INFO server.py 254:: [Server] Precision=[0.10024058        nan        nan        nan        nan 0.45833334
        nan        nan        nan        nan],
 Recall=[1.    0.    0.    0.    0.    0.011 0.    0.    0.    0.   ],
 F1-score=[0.18221575        nan        nan        nan        nan 0.02148438
        nan        nan        nan        nan],
 my_accuracy=10.109999775886536[%]
2024-12-03 23:45:50,633 INFO _main.py 209:: ########EPOCH 3 ########
2024-12-03 23:45:50,633 INFO _main.py 210:: ###Model distribution###
2024-12-03 23:49:48,336 INFO server.py 570:: flip_sign_id={0, 2, 10, 11, 18, 20}
2024-12-03 23:49:48,336 INFO server.py 585:: ===========using shortHoGs for detecting UNTARGETED ATTACK====
