2024-12-03 18:37:31,744 INFO _main.py 39:: ################################################################
2024-12-03 18:37:31,747 INFO _main.py 41:: #                              batch_size: 64                  #
2024-12-03 18:37:31,749 INFO _main.py 41:: #                         test_batch_size: 64                  #
2024-12-03 18:37:31,750 INFO _main.py 41:: #                                  epochs: 10                  #
2024-12-03 18:37:31,750 INFO _main.py 41:: #                               optimizer: SGD                 #
2024-12-03 18:37:31,750 INFO _main.py 41:: #                                      lr: 0.01                #
2024-12-03 18:37:31,750 INFO _main.py 41:: #                                momentum: 0.9                 #
2024-12-03 18:37:31,750 INFO _main.py 41:: #                            weight_decay: 0.0001              #
2024-12-03 18:37:31,750 INFO _main.py 41:: #                                    seed: 1                   #
2024-12-03 18:37:31,750 INFO _main.py 41:: #                            log_interval: 11                  #
2024-12-03 18:37:31,750 INFO _main.py 41:: #                             num_clients: 40                  #
2024-12-03 18:37:31,751 INFO _main.py 41:: #                           output_folder: experiments         #
2024-12-03 18:37:31,751 INFO _main.py 41:: #                                 dataset: cifar               #
2024-12-03 18:37:31,751 INFO _main.py 41:: #                             loader_type: dirichlet           #
2024-12-03 18:37:31,751 INFO _main.py 41:: #                             loader_path: ./data/loader.pk    #
2024-12-03 18:37:31,751 INFO _main.py 41:: #                                      AR: mudhog              #
2024-12-03 18:37:31,751 INFO _main.py 41:: #                     n_attacker_backdoor: 0                   #
2024-12-03 18:37:31,751 INFO _main.py 41:: #                        backdoor_trigger: [0, 0, 1, 1]        #
2024-12-03 18:37:31,751 INFO _main.py 41:: #                   n_attacker_omniscient: 0                   #
2024-12-03 18:37:31,751 INFO _main.py 41:: #                        omniscient_scale: 1                   #
2024-12-03 18:37:31,752 INFO _main.py 41:: #                                 attacks: None                #
2024-12-03 18:37:31,752 INFO _main.py 41:: #                      save_model_weights: False               #
2024-12-03 18:37:31,752 INFO _main.py 41:: #                         experiment_name: sExp4Ba_40ep_cifar_mudhog_40C_5#
2024-12-03 18:37:31,752 INFO _main.py 41:: #                          path_to_aggNet: None                #
2024-12-03 18:37:31,752 INFO _main.py 41:: #                                  device: cuda                #
2024-12-03 18:37:31,752 INFO _main.py 41:: #                            inner_epochs: 4                   #
2024-12-03 18:37:31,752 INFO _main.py 41:: #                                 verbose: True                #
2024-12-03 18:37:31,752 INFO _main.py 41:: #                         list_unreliable: [2, 18, 20]         #
2024-12-03 18:37:31,752 INFO _main.py 41:: #                     unreliable_fraction: 0.5                 #
2024-12-03 18:37:31,752 INFO _main.py 41:: #                    unreliable_fracTrain: 0.3                 #
2024-12-03 18:37:31,753 INFO _main.py 41:: #                         mean_unreliable: 0.0                 #
2024-12-03 18:37:31,753 INFO _main.py 41:: #                             blur_method: add_noise           #
2024-12-03 18:37:31,753 INFO _main.py 41:: #                      max_std_unreliable: 30.0                #
2024-12-03 18:37:31,753 INFO _main.py 41:: #                     list_uatk_add_noise: [24, 25, 26]        #
2024-12-03 18:37:31,753 INFO _main.py 41:: #                          mean_add_noise: 0.0                 #
2024-12-03 18:37:31,753 INFO _main.py 41:: #                           std_add_noise: 0.01                #
2024-12-03 18:37:31,753 INFO _main.py 41:: #                     list_uatk_flip_sign: [0, 10, 11]         #
2024-12-03 18:37:31,753 INFO _main.py 42:: ################################################################
2024-12-03 18:37:31,753 INFO _main.py 43:: Namespace(batch_size=64, test_batch_size=64, epochs=10, optimizer='SGD', lr=0.01, momentum=0.9, weight_decay=0.0001, seed=1, log_interval=11, num_clients=40, output_folder='experiments', dataset='cifar', loader_type='dirichlet', loader_path='./data/loader.pk', AR='mudhog', n_attacker_backdoor=0, backdoor_trigger=[0, 0, 1, 1], n_attacker_omniscient=0, omniscient_scale=1, attacks=None, save_model_weights=False, experiment_name='sExp4Ba_40ep_cifar_mudhog_40C_5', path_to_aggNet=None, device='cuda', inner_epochs=4, verbose=True, list_unreliable=[2, 18, 20], unreliable_fraction=0.5, unreliable_fracTrain=0.3, mean_unreliable=0.0, blur_method='add_noise', max_std_unreliable=30.0, list_uatk_add_noise=[24, 25, 26], mean_add_noise=0.0, std_add_noise=0.01, list_uatk_flip_sign=[0, 10, 11])
2024-12-03 18:37:31,754 INFO _main.py 44:: #####################
2024-12-03 18:37:31,754 INFO _main.py 45:: #####################
2024-12-03 18:37:31,754 INFO _main.py 46:: #####################
2024-12-03 18:37:31,754 INFO _main.py 47:: Aggregation Rule:	mudhog
2024-12-03 18:37:31,754 INFO _main.py 48:: Data distribution:	dirichlet
2024-12-03 18:37:31,754 INFO _main.py 49:: Attacks:	None 
2024-12-03 18:37:31,754 INFO _main.py 50:: #####################
2024-12-03 18:37:31,754 INFO _main.py 51:: #####################
2024-12-03 18:37:31,754 INFO _main.py 52:: #####################
2024-12-03 18:37:36,282 INFO server.py 366:: SET DBSCAN eps=18, min_samples=12
2024-12-03 18:37:36,323 INFO _main.py 135:: [1-normal, 0-malicious] label =tensor([0., 1., 1., 1., 1., 1., 1., 1., 1., 1., 0., 0., 1., 1., 1., 1., 1., 1.,
        1., 1., 1., 1., 1., 1., 0., 0., 0., 1., 1., 1., 1., 1., 1., 1., 1., 1.,
        1., 1., 1., 1.])
2024-12-03 18:37:36,607 INFO malicious_clients.py 123:: init ATTACK OMNISCIENT Client 0
2024-12-03 18:37:37,116 INFO malicious_clients.py 18:: init UNRELIABLE Client 2
2024-12-03 18:37:39,399 INFO malicious_clients.py 123:: init ATTACK OMNISCIENT Client 10
2024-12-03 18:37:39,675 INFO malicious_clients.py 123:: init ATTACK OMNISCIENT Client 11
2024-12-03 18:37:41,523 INFO malicious_clients.py 18:: init UNRELIABLE Client 18
2024-12-03 18:37:42,071 INFO malicious_clients.py 18:: init UNRELIABLE Client 20
2024-12-03 18:37:43,214 INFO malicious_clients.py 73:: init ATTACK ADD NOISE TO GRAD Client 24
2024-12-03 18:37:43,486 INFO malicious_clients.py 73:: init ATTACK ADD NOISE TO GRAD Client 25
2024-12-03 18:37:43,759 INFO malicious_clients.py 73:: init ATTACK ADD NOISE TO GRAD Client 26
2024-12-03 18:37:47,562 INFO server.py 211:: [Server] Start testing
2024-12-03 18:37:52,770 INFO server.py 235:: [Server] Test set: Average loss: 2.3744, Accuracy: 907/10000 (9.07%)

2024-12-03 18:37:52,772 INFO server.py 238:: [Sever] Confusion matrix:
 tensor([[229., 420.,   6.,  74.,   8.,   0.,  33.,   1., 166.,  63.],
        [191., 241.,  34., 128.,  24.,   0.,  65.,   0., 125., 192.],
        [272., 348.,  31.,  40.,  11.,   0.,  29.,  10., 148., 111.],
        [173., 335.,  51.,  75.,  22.,   0.,  40.,   3.,  74., 227.],
        [210., 288.,  11.,  43.,   4.,   0.,  28.,  18., 284., 114.],
        [262., 227., 124.,  57.,  29.,   0.,  32.,   4.,  78., 187.],
        [134., 322.,  21.,  28.,   1.,   0.,  48.,   6., 289., 151.],
        [222., 251.,  50., 115.,  27.,   0.,  23.,  10., 157., 145.],
        [316., 367.,   4., 102.,   9.,   0.,  24.,   1., 104.,  73.],
        [270., 284.,  11.,  92.,  17.,   0.,  28.,   0., 133., 165.]])
2024-12-03 18:37:52,779 INFO server.py 254:: [Server] Precision=[0.10048267 0.07817061 0.09037901 0.0994695  0.02631579        nan
 0.13714285 0.18867925 0.06675225 0.11554622],
 Recall=[0.229 0.241 0.031 0.075 0.004 0.    0.048 0.01  0.104 0.165],
 F1-score=[0.13967672 0.11805046 0.0461653  0.08551882 0.00694444        nan
 0.07111111 0.01899335 0.08131353 0.13591434],
 my_accuracy=9.070000052452087[%]
2024-12-03 18:37:52,780 INFO _main.py 209:: ########EPOCH 0 ########
2024-12-03 18:37:52,781 INFO _main.py 210:: ###Model distribution###
2024-12-03 18:39:01,778 INFO server.py 1080:: clients' sizes=[15, 12, 5, 7, 6, 13, 13, 4, 4, 10, 13, 8, 5, 9, 12, 14, 6, 12, 11, 9, 6, 12, 17, 7, 9, 9, 8, 12, 9, 8, 6, 5, 9, 12, 9, 4, 7, 12, 14, 9], total=372
2024-12-03 18:39:05,161 INFO server.py 327:: [Server] The aggregation takes 5.649396 seconds.

2024-12-03 18:39:05,213 INFO server.py 211:: [Server] Start testing
2024-12-03 18:39:09,071 INFO server.py 235:: [Server] Test set: Average loss: 2.1400, Accuracy: 2470/10000 (24.7%)

2024-12-03 18:39:09,073 INFO server.py 238:: [Sever] Confusion matrix:
 tensor([[550.,   0.,  39.,  25., 135., 108.,  92.,   0.,  51.,   0.],
        [ 81.,   2.,   9.,  46., 262., 397., 163.,   1.,  37.,   2.],
        [128.,   0.,  88.,  32., 341., 277., 134.,   0.,   0.,   0.],
        [ 18.,   0.,  20.,  27., 219., 545., 166.,   1.,   4.,   0.],
        [ 67.,   0.,  26.,  26., 586., 138., 150.,   1.,   6.,   0.],
        [ 14.,   0.,  11.,  18., 144., 685., 127.,   0.,   1.,   0.],
        [ 43.,   0.,  42.,  26., 345., 201., 342.,   0.,   1.,   0.],
        [ 21.,   0.,   7.,  21., 472., 372.,  96.,   7.,   4.,   0.],
        [437.,   0.,  15.,  28., 127., 113., 101.,   0., 179.,   0.],
        [ 67.,   1.,  11.,  32., 264., 455., 107.,   1.,  58.,   4.]])
2024-12-03 18:39:09,074 INFO server.py 254:: [Server] Precision=[0.38569424 0.6666667  0.3283582  0.09608541 0.20241795 0.20814343
 0.23139377 0.6363636  0.52492666 0.6666667 ],
 Recall=[0.55  0.002 0.088 0.027 0.586 0.685 0.342 0.007 0.179 0.004],
 F1-score=[0.45342126 0.00398804 0.13880126 0.04215457 0.30089858 0.3192729
 0.27602905 0.01384768 0.26696494 0.00795229],
 my_accuracy=24.699999392032623[%]
2024-12-03 18:39:09,074 INFO _main.py 209:: ########EPOCH 1 ########
2024-12-03 18:39:09,075 INFO _main.py 210:: ###Model distribution###
2024-12-03 18:40:17,808 INFO server.py 1080:: clients' sizes=[15, 12, 5, 7, 6, 13, 13, 4, 4, 10, 13, 8, 5, 9, 12, 14, 6, 12, 11, 9, 6, 12, 17, 7, 9, 9, 8, 12, 9, 8, 6, 5, 9, 12, 9, 4, 7, 12, 14, 9], total=372
2024-12-03 18:40:20,679 INFO server.py 327:: [Server] The aggregation takes 5.184373 seconds.

2024-12-03 18:40:20,732 INFO server.py 211:: [Server] Start testing
2024-12-03 18:40:24,594 INFO server.py 235:: [Server] Test set: Average loss: 2.5902, Accuracy: 2092/10000 (20.92%)

2024-12-03 18:40:24,596 INFO server.py 238:: [Sever] Confusion matrix:
 tensor([[566.,   0., 273.,   9.,  66.,   8.,  10.,   0.,  68.,   0.],
        [154.,   0., 377.,  60., 186.,  67., 100.,   0.,  56.,   0.],
        [129.,   0., 636.,  22., 130.,  43.,  39.,   0.,   1.,   0.],
        [ 40.,   0., 473.,  78., 214., 119.,  75.,   0.,   1.,   0.],
        [122.,   0., 571.,  11., 249.,  19.,  24.,   0.,   4.,   0.],
        [ 25.,   0., 378.,  57., 186., 293.,  61.,   0.,   0.,   0.],
        [ 76.,   0., 680.,  20., 109.,  19.,  95.,   0.,   1.,   0.],
        [ 29.,   0., 318.,  58., 466.,  95.,  27.,   2.,   5.,   0.],
        [526.,   0., 211.,   7.,  52.,  12.,  19.,   0., 173.,   0.],
        [118.,   0., 348.,  64., 220., 103.,  86.,   0.,  61.,   0.]])
2024-12-03 18:40:24,597 INFO server.py 254:: [Server] Precision=[0.31708685        nan 0.14912075 0.20207255 0.13258786 0.37660667
 0.1772388  1.         0.46756756        nan],
 Recall=[0.566 0.    0.636 0.078 0.249 0.293 0.095 0.002 0.173 0.   ],
 F1-score=[0.4064632         nan 0.24159545 0.11255412 0.17303684 0.3295838
 0.12369792 0.00399202 0.25255474        nan],
 my_accuracy=20.919999480247498[%]
2024-12-03 18:40:24,598 INFO _main.py 209:: ########EPOCH 2 ########
2024-12-03 18:40:24,598 INFO _main.py 210:: ###Model distribution###
2024-12-03 18:41:33,836 INFO server.py 1080:: clients' sizes=[15, 12, 5, 7, 6, 13, 13, 4, 4, 10, 13, 8, 5, 9, 12, 14, 6, 12, 11, 9, 6, 12, 17, 7, 9, 9, 8, 12, 9, 8, 6, 5, 9, 12, 9, 4, 7, 12, 14, 9], total=372
2024-12-03 18:41:36,742 INFO server.py 327:: [Server] The aggregation takes 5.079747 seconds.

2024-12-03 18:41:36,798 INFO server.py 211:: [Server] Start testing
2024-12-03 18:41:40,725 INFO server.py 235:: [Server] Test set: Average loss: 2.4106, Accuracy: 2662/10000 (26.62%)

2024-12-03 18:41:40,727 INFO server.py 238:: [Sever] Confusion matrix:
 tensor([[493.,   0., 212.,  12.,  99.,  17.,   4.,   0., 163.,   0.],
        [ 94.,   1., 222., 104., 224., 164.,  53.,   1., 136.,   1.],
        [119.,   0., 489.,  28., 224., 112.,  21.,   0.,   7.,   0.],
        [ 33.,   0., 249., 109., 306., 266.,  34.,   0.,   3.,   0.],
        [ 81.,   0., 306.,  19., 527.,  38.,  14.,   0.,  15.,   0.],
        [ 23.,   0., 163.,  57., 210., 520.,  24.,   1.,   2.,   0.],
        [ 66.,   0., 451.,  33., 305.,  63.,  81.,   0.,   1.,   0.],
        [ 20.,   0., 155.,  66., 553., 183.,   4.,   9.,  10.,   0.],
        [297.,   0., 114.,  16., 106.,  20.,  17.,   1., 429.,   0.],
        [ 65.,   0., 168.,  73., 261., 261.,  25.,   0., 143.,   4.]])
2024-12-03 18:41:40,728 INFO server.py 254:: [Server] Precision=[0.3818745  1.         0.19335707 0.21083172 0.18721136 0.3163017
 0.29241878 0.75       0.4719472  0.8       ],
 Recall=[0.493 0.001 0.489 0.109 0.527 0.52  0.081 0.009 0.429 0.004],
 F1-score=[0.43037975 0.001998   0.27713233 0.14370467 0.27627787 0.39334342
 0.12685983 0.01778656 0.44944996 0.0079602 ],
 my_accuracy=26.62000060081482[%]
2024-12-03 18:41:40,729 INFO _main.py 209:: ########EPOCH 3 ########
2024-12-03 18:41:40,729 INFO _main.py 210:: ###Model distribution###
2024-12-03 18:43:46,312 INFO server.py 570:: flip_sign_id={0, 2, 10, 11, 18, 20}
2024-12-03 18:43:46,312 INFO server.py 585:: ===========using shortHoGs for detecting UNTARGETED ATTACK====
