2024-12-03 19:13:09,650 INFO _main.py 39:: ################################################################
2024-12-03 19:13:09,651 INFO _main.py 41:: #                              batch_size: 64                  #
2024-12-03 19:13:09,652 INFO _main.py 41:: #                         test_batch_size: 64                  #
2024-12-03 19:13:09,653 INFO _main.py 41:: #                                  epochs: 10                  #
2024-12-03 19:13:09,653 INFO _main.py 41:: #                               optimizer: SGD                 #
2024-12-03 19:13:09,653 INFO _main.py 41:: #                                      lr: 0.01                #
2024-12-03 19:13:09,653 INFO _main.py 41:: #                                momentum: 0.9                 #
2024-12-03 19:13:09,653 INFO _main.py 41:: #                            weight_decay: 0.0001              #
2024-12-03 19:13:09,654 INFO _main.py 41:: #                                    seed: 1                   #
2024-12-03 19:13:09,654 INFO _main.py 41:: #                            log_interval: 11                  #
2024-12-03 19:13:09,654 INFO _main.py 41:: #                             num_clients: 40                  #
2024-12-03 19:13:09,654 INFO _main.py 41:: #                           output_folder: experiments         #
2024-12-03 19:13:09,654 INFO _main.py 41:: #                                 dataset: cifar               #
2024-12-03 19:13:09,654 INFO _main.py 41:: #                             loader_type: dirichlet           #
2024-12-03 19:13:09,654 INFO _main.py 41:: #                             loader_path: ./data/loader.pk    #
2024-12-03 19:13:09,654 INFO _main.py 41:: #                                      AR: mudhog              #
2024-12-03 19:13:09,654 INFO _main.py 41:: #                     n_attacker_backdoor: 0                   #
2024-12-03 19:13:09,654 INFO _main.py 41:: #                        backdoor_trigger: [0, 0, 1, 1]        #
2024-12-03 19:13:09,654 INFO _main.py 41:: #                   n_attacker_omniscient: 0                   #
2024-12-03 19:13:09,654 INFO _main.py 41:: #                        omniscient_scale: 1                   #
2024-12-03 19:13:09,654 INFO _main.py 41:: #                                 attacks: None                #
2024-12-03 19:13:09,655 INFO _main.py 41:: #                      save_model_weights: False               #
2024-12-03 19:13:09,655 INFO _main.py 41:: #                         experiment_name: sExp4Ba_40ep_cifar_mudhog_40C_5#
2024-12-03 19:13:09,655 INFO _main.py 41:: #                          path_to_aggNet: None                #
2024-12-03 19:13:09,655 INFO _main.py 41:: #                                  device: cpu                 #
2024-12-03 19:13:09,655 INFO _main.py 41:: #                            inner_epochs: 4                   #
2024-12-03 19:13:09,655 INFO _main.py 41:: #                                 verbose: True                #
2024-12-03 19:13:09,655 INFO _main.py 41:: #                         list_unreliable: [2, 18, 20]         #
2024-12-03 19:13:09,655 INFO _main.py 41:: #                     unreliable_fraction: 0.5                 #
2024-12-03 19:13:09,655 INFO _main.py 41:: #                    unreliable_fracTrain: 0.3                 #
2024-12-03 19:13:09,656 INFO _main.py 41:: #                         mean_unreliable: 0.0                 #
2024-12-03 19:13:09,656 INFO _main.py 41:: #                             blur_method: add_noise           #
2024-12-03 19:13:09,656 INFO _main.py 41:: #                      max_std_unreliable: 30.0                #
2024-12-03 19:13:09,656 INFO _main.py 41:: #                     list_uatk_add_noise: [24, 25, 26]        #
2024-12-03 19:13:09,656 INFO _main.py 41:: #                          mean_add_noise: 0.0                 #
2024-12-03 19:13:09,656 INFO _main.py 41:: #                           std_add_noise: 0.01                #
2024-12-03 19:13:09,656 INFO _main.py 41:: #                     list_uatk_flip_sign: [0, 10, 11]         #
2024-12-03 19:13:09,656 INFO _main.py 42:: ################################################################
2024-12-03 19:13:09,657 INFO _main.py 43:: Namespace(batch_size=64, test_batch_size=64, epochs=10, optimizer='SGD', lr=0.01, momentum=0.9, weight_decay=0.0001, seed=1, log_interval=11, num_clients=40, output_folder='experiments', dataset='cifar', loader_type='dirichlet', loader_path='./data/loader.pk', AR='mudhog', n_attacker_backdoor=0, backdoor_trigger=[0, 0, 1, 1], n_attacker_omniscient=0, omniscient_scale=1, attacks=None, save_model_weights=False, experiment_name='sExp4Ba_40ep_cifar_mudhog_40C_5', path_to_aggNet=None, device='cpu', inner_epochs=4, verbose=True, list_unreliable=[2, 18, 20], unreliable_fraction=0.5, unreliable_fracTrain=0.3, mean_unreliable=0.0, blur_method='add_noise', max_std_unreliable=30.0, list_uatk_add_noise=[24, 25, 26], mean_add_noise=0.0, std_add_noise=0.01, list_uatk_flip_sign=[0, 10, 11])
2024-12-03 19:13:09,657 INFO _main.py 44:: #####################
2024-12-03 19:13:09,657 INFO _main.py 45:: #####################
2024-12-03 19:13:09,657 INFO _main.py 46:: #####################
2024-12-03 19:13:09,657 INFO _main.py 47:: Aggregation Rule:	mudhog
2024-12-03 19:13:09,657 INFO _main.py 48:: Data distribution:	dirichlet
2024-12-03 19:13:09,657 INFO _main.py 49:: Attacks:	None 
2024-12-03 19:13:09,658 INFO _main.py 50:: #####################
2024-12-03 19:13:09,658 INFO _main.py 51:: #####################
2024-12-03 19:13:09,658 INFO _main.py 52:: #####################
2024-12-03 19:13:13,941 INFO server.py 366:: SET DBSCAN eps=18, min_samples=12
2024-12-03 19:13:13,972 INFO _main.py 135:: [1-normal, 0-malicious] label =tensor([0., 1., 1., 1., 1., 1., 1., 1., 1., 1., 0., 0., 1., 1., 1., 1., 1., 1.,
        1., 1., 1., 1., 1., 1., 0., 0., 0., 1., 1., 1., 1., 1., 1., 1., 1., 1.,
        1., 1., 1., 1.])
2024-12-03 19:13:14,236 INFO malicious_clients.py 123:: init ATTACK OMNISCIENT Client 0
2024-12-03 19:13:14,706 INFO malicious_clients.py 18:: init UNRELIABLE Client 2
2024-12-03 19:13:16,894 INFO malicious_clients.py 123:: init ATTACK OMNISCIENT Client 10
2024-12-03 19:13:17,162 INFO malicious_clients.py 123:: init ATTACK OMNISCIENT Client 11
2024-12-03 19:13:18,985 INFO malicious_clients.py 18:: init UNRELIABLE Client 18
2024-12-03 19:13:19,527 INFO malicious_clients.py 18:: init UNRELIABLE Client 20
2024-12-03 19:13:20,638 INFO malicious_clients.py 73:: init ATTACK ADD NOISE TO GRAD Client 24
2024-12-03 19:13:20,906 INFO malicious_clients.py 73:: init ATTACK ADD NOISE TO GRAD Client 25
2024-12-03 19:13:21,169 INFO malicious_clients.py 73:: init ATTACK ADD NOISE TO GRAD Client 26
2024-12-03 19:13:24,770 INFO server.py 211:: [Server] Start testing
2024-12-03 19:13:33,808 INFO server.py 235:: [Server] Test set: Average loss: 2.3744, Accuracy: 908/10000 (9.08%)

2024-12-03 19:13:33,809 INFO server.py 238:: [Sever] Confusion matrix:
 tensor([[229., 420.,   6.,  74.,   8.,   0.,  33.,   1., 166.,  63.],
        [191., 240.,  33., 128.,  24.,   0.,  66.,   0., 125., 193.],
        [271., 348.,  31.,  41.,  11.,   0.,  29.,  10., 148., 111.],
        [173., 335.,  51.,  75.,  22.,   0.,  39.,   3.,  74., 228.],
        [210., 288.,  11.,  43.,   4.,   0.,  28.,  18., 284., 114.],
        [262., 227., 124.,  57.,  29.,   0.,  32.,   4.,  78., 187.],
        [134., 322.,  21.,  28.,   1.,   0.,  48.,   6., 289., 151.],
        [222., 251.,  50., 116.,  27.,   0.,  23.,  10., 157., 144.],
        [315., 366.,   4., 102.,   9.,   0.,  24.,   1., 106.,  73.],
        [269., 286.,  11.,  92.,  17.,   0.,  28.,   0., 132., 165.]])
2024-12-03 19:13:33,815 INFO server.py 254:: [Server] Precision=[0.10061511 0.07784625 0.09064327 0.09920635 0.02631579        nan
 0.13714285 0.18867925 0.0679923  0.11546536],
 Recall=[0.229 0.24  0.031 0.075 0.004 0.    0.048 0.01  0.106 0.165],
 F1-score=[0.13980463 0.11756062 0.0461997  0.08542142 0.00694444        nan
 0.07111111 0.01899335 0.08284485 0.13585837],
 my_accuracy=9.080000221729279[%]
2024-12-03 19:13:33,815 INFO _main.py 209:: ########EPOCH 0 ########
2024-12-03 19:13:33,816 INFO _main.py 210:: ###Model distribution###
2024-12-03 19:23:33,559 INFO server.py 1080:: clients' sizes=[15, 12, 5, 7, 6, 13, 13, 4, 4, 10, 13, 8, 5, 9, 12, 14, 6, 12, 11, 9, 6, 12, 17, 7, 9, 9, 8, 12, 9, 8, 6, 5, 9, 12, 9, 4, 7, 12, 14, 9], total=372
2024-12-03 19:23:37,754 INFO server.py 327:: [Server] The aggregation takes 6.595697 seconds.

2024-12-03 19:23:37,808 INFO server.py 211:: [Server] Start testing
2024-12-03 19:23:46,676 INFO server.py 235:: [Server] Test set: Average loss: 2.1257, Accuracy: 2451/10000 (24.51%)

2024-12-03 19:23:46,678 INFO server.py 238:: [Sever] Confusion matrix:
 tensor([[534.,   0.,  34.,  23., 162., 102.,  88.,   0.,  57.,   0.],
        [ 76.,   2.,   6.,  42., 271., 414., 144.,   2.,  41.,   2.],
        [135.,   0.,  66.,  38., 366., 272., 122.,   0.,   1.,   0.],
        [ 21.,   0.,  10.,  27., 268., 525., 144.,   2.,   3.,   0.],
        [ 75.,   0.,  12.,  22., 630., 129., 124.,   1.,   7.,   0.],
        [ 12.,   0.,   8.,  14., 181., 680., 103.,   0.,   2.,   0.],
        [ 38.,   0.,  27.,  19., 410., 188., 317.,   0.,   1.,   0.],
        [ 23.,   0.,   5.,  23., 498., 364.,  75.,   9.,   3.,   0.],
        [438.,   0.,  10.,  29., 136., 114.,  94.,   0., 178.,   1.],
        [ 67.,   2.,   8.,  33., 269., 452., 100.,   0.,  61.,   8.]])
2024-12-03 19:23:46,679 INFO server.py 254:: [Server] Precision=[0.37632135 0.5        0.3548387  0.1        0.19743027 0.20987654
 0.24180016 0.64285713 0.50282484 0.72727275],
 Recall=[0.534 0.002 0.066 0.027 0.63  0.68  0.317 0.009 0.178 0.008],
 F1-score=[0.44150472 0.00398406 0.11129848 0.04251968 0.30064422 0.3207547
 0.27434012 0.01775148 0.26292467 0.01582591],
 my_accuracy=24.51000064611435[%]
2024-12-03 19:23:46,680 INFO _main.py 209:: ########EPOCH 1 ########
2024-12-03 19:23:46,680 INFO _main.py 210:: ###Model distribution###
2024-12-03 19:33:35,758 INFO server.py 1080:: clients' sizes=[15, 12, 5, 7, 6, 13, 13, 4, 4, 10, 13, 8, 5, 9, 12, 14, 6, 12, 11, 9, 6, 12, 17, 7, 9, 9, 8, 12, 9, 8, 6, 5, 9, 12, 9, 4, 7, 12, 14, 9], total=372
2024-12-03 19:33:39,145 INFO server.py 327:: [Server] The aggregation takes 5.904630 seconds.

2024-12-03 19:33:39,197 INFO server.py 211:: [Server] Start testing
2024-12-03 19:33:48,273 INFO server.py 235:: [Server] Test set: Average loss: 2.6103, Accuracy: 2095/10000 (20.95%)

2024-12-03 19:33:48,275 INFO server.py 238:: [Sever] Confusion matrix:
 tensor([[566.,   0., 256.,   1.,  75.,   6.,   7.,   0.,  89.,   0.],
        [162.,   0., 363.,  31., 238.,  74.,  79.,   0.,  53.,   0.],
        [123.,   0., 672.,  10., 127.,  42.,  24.,   0.,   2.,   0.],
        [ 49.,   0., 489.,  38., 252., 121.,  49.,   0.,   2.,   0.],
        [119.,   0., 597.,   5., 240.,  15.,  17.,   0.,   7.,   0.],
        [ 32.,   0., 395.,  32., 217., 288.,  36.,   0.,   0.,   0.],
        [ 70.,   0., 705.,  12., 117.,  19.,  76.,   0.,   1.,   0.],
        [ 32.,   0., 347.,  27., 477.,  93.,  13.,   4.,   7.,   0.],
        [514.,   0., 180.,   4.,  70.,  12.,   9.,   0., 211.,   0.],
        [134.,   0., 325.,  25., 282., 123.,  44.,   0.,  67.,   0.]])
2024-12-03 19:33:48,277 INFO server.py 254:: [Server] Precision=[0.31426984        nan 0.15523216 0.2054054  0.11455847 0.3631778
 0.21468927 1.         0.48063782        nan],
 Recall=[0.566 0.    0.672 0.038 0.24  0.288 0.076 0.004 0.211 0.   ],
 F1-score=[0.40414137        nan 0.25220492 0.06413502 0.15508886 0.3212493
 0.11225997 0.00796813 0.2932592         nan],
 my_accuracy=20.94999998807907[%]
2024-12-03 19:33:48,277 INFO _main.py 209:: ########EPOCH 2 ########
2024-12-03 19:33:48,278 INFO _main.py 210:: ###Model distribution###
