2024-12-03 18:28:52,912 INFO _main.py 39:: ################################################################
2024-12-03 18:28:52,913 INFO _main.py 41:: #                              batch_size: 64                  #
2024-12-03 18:28:52,913 INFO _main.py 41:: #                         test_batch_size: 64                  #
2024-12-03 18:28:52,914 INFO _main.py 41:: #                                  epochs: 10                  #
2024-12-03 18:28:52,914 INFO _main.py 41:: #                               optimizer: SGD                 #
2024-12-03 18:28:52,914 INFO _main.py 41:: #                                      lr: 0.01                #
2024-12-03 18:28:52,914 INFO _main.py 41:: #                                momentum: 0.9                 #
2024-12-03 18:28:52,914 INFO _main.py 41:: #                            weight_decay: 0.0001              #
2024-12-03 18:28:52,914 INFO _main.py 41:: #                                    seed: 1                   #
2024-12-03 18:28:52,914 INFO _main.py 41:: #                            log_interval: 11                  #
2024-12-03 18:28:52,915 INFO _main.py 41:: #                             num_clients: 40                  #
2024-12-03 18:28:52,915 INFO _main.py 41:: #                           output_folder: experiments         #
2024-12-03 18:28:52,915 INFO _main.py 41:: #                                 dataset: cifar               #
2024-12-03 18:28:52,915 INFO _main.py 41:: #                             loader_type: dirichlet           #
2024-12-03 18:28:52,915 INFO _main.py 41:: #                             loader_path: ./data/loader.pk    #
2024-12-03 18:28:52,915 INFO _main.py 41:: #                                      AR: mudhog              #
2024-12-03 18:28:52,915 INFO _main.py 41:: #                     n_attacker_backdoor: 0                   #
2024-12-03 18:28:52,915 INFO _main.py 41:: #                        backdoor_trigger: [0, 0, 1, 1]        #
2024-12-03 18:28:52,915 INFO _main.py 41:: #                   n_attacker_omniscient: 0                   #
2024-12-03 18:28:52,915 INFO _main.py 41:: #                        omniscient_scale: 1                   #
2024-12-03 18:28:52,916 INFO _main.py 41:: #                                 attacks: None                #
2024-12-03 18:28:52,916 INFO _main.py 41:: #                      save_model_weights: False               #
2024-12-03 18:28:52,916 INFO _main.py 41:: #                         experiment_name: sExp4Ba_40ep_cifar_mudhog_40C_5#
2024-12-03 18:28:52,916 INFO _main.py 41:: #                          path_to_aggNet: None                #
2024-12-03 18:28:52,916 INFO _main.py 41:: #                                  device: cuda                #
2024-12-03 18:28:52,916 INFO _main.py 41:: #                            inner_epochs: 4                   #
2024-12-03 18:28:52,916 INFO _main.py 41:: #                                 verbose: True                #
2024-12-03 18:28:52,916 INFO _main.py 41:: #                         list_unreliable: [2, 18, 20]         #
2024-12-03 18:28:52,916 INFO _main.py 41:: #                     unreliable_fraction: 0.5                 #
2024-12-03 18:28:52,917 INFO _main.py 41:: #                    unreliable_fracTrain: 0.3                 #
2024-12-03 18:28:52,917 INFO _main.py 41:: #                         mean_unreliable: 0.0                 #
2024-12-03 18:28:52,917 INFO _main.py 41:: #                             blur_method: add_noise           #
2024-12-03 18:28:52,917 INFO _main.py 41:: #                      max_std_unreliable: 30.0                #
2024-12-03 18:28:52,917 INFO _main.py 41:: #                     list_uatk_add_noise: [24, 25, 26]        #
2024-12-03 18:28:52,917 INFO _main.py 41:: #                          mean_add_noise: 0.0                 #
2024-12-03 18:28:52,917 INFO _main.py 41:: #                           std_add_noise: 0.01                #
2024-12-03 18:28:52,917 INFO _main.py 41:: #                     list_uatk_flip_sign: [0, 10, 11]         #
2024-12-03 18:28:52,917 INFO _main.py 42:: ################################################################
2024-12-03 18:28:52,917 INFO _main.py 43:: Namespace(batch_size=64, test_batch_size=64, epochs=10, optimizer='SGD', lr=0.01, momentum=0.9, weight_decay=0.0001, seed=1, log_interval=11, num_clients=40, output_folder='experiments', dataset='cifar', loader_type='dirichlet', loader_path='./data/loader.pk', AR='mudhog', n_attacker_backdoor=0, backdoor_trigger=[0, 0, 1, 1], n_attacker_omniscient=0, omniscient_scale=1, attacks=None, save_model_weights=False, experiment_name='sExp4Ba_40ep_cifar_mudhog_40C_5', path_to_aggNet=None, device='cuda', inner_epochs=4, verbose=True, list_unreliable=[2, 18, 20], unreliable_fraction=0.5, unreliable_fracTrain=0.3, mean_unreliable=0.0, blur_method='add_noise', max_std_unreliable=30.0, list_uatk_add_noise=[24, 25, 26], mean_add_noise=0.0, std_add_noise=0.01, list_uatk_flip_sign=[0, 10, 11])
2024-12-03 18:28:52,918 INFO _main.py 44:: #####################
2024-12-03 18:28:52,918 INFO _main.py 45:: #####################
2024-12-03 18:28:52,918 INFO _main.py 46:: #####################
2024-12-03 18:28:52,918 INFO _main.py 47:: Aggregation Rule:	mudhog
2024-12-03 18:28:52,918 INFO _main.py 48:: Data distribution:	dirichlet
2024-12-03 18:28:52,918 INFO _main.py 49:: Attacks:	None 
2024-12-03 18:28:52,918 INFO _main.py 50:: #####################
2024-12-03 18:28:52,918 INFO _main.py 51:: #####################
2024-12-03 18:28:52,918 INFO _main.py 52:: #####################
2024-12-03 18:28:56,144 INFO server.py 366:: SET DBSCAN eps=18, min_samples=12
2024-12-03 18:28:56,147 INFO _main.py 135:: [1-normal, 0-malicious] label =tensor([0., 1., 1., 1., 1., 1., 1., 1., 1., 1., 0., 0., 1., 1., 1., 1., 1., 1.,
        1., 1., 1., 1., 1., 1., 0., 0., 0., 1., 1., 1., 1., 1., 1., 1., 1., 1.,
        1., 1., 1., 1.])
2024-12-03 18:28:56,408 INFO malicious_clients.py 123:: init ATTACK OMNISCIENT Client 0
2024-12-03 18:28:56,891 INFO malicious_clients.py 18:: init UNRELIABLE Client 2
2024-12-03 18:28:59,084 INFO malicious_clients.py 123:: init ATTACK OMNISCIENT Client 10
2024-12-03 18:28:59,354 INFO malicious_clients.py 123:: init ATTACK OMNISCIENT Client 11
2024-12-03 18:29:01,183 INFO malicious_clients.py 18:: init UNRELIABLE Client 18
2024-12-03 18:29:01,733 INFO malicious_clients.py 18:: init UNRELIABLE Client 20
2024-12-03 18:29:02,938 INFO malicious_clients.py 73:: init ATTACK ADD NOISE TO GRAD Client 24
2024-12-03 18:29:03,226 INFO malicious_clients.py 73:: init ATTACK ADD NOISE TO GRAD Client 25
2024-12-03 18:29:03,510 INFO malicious_clients.py 73:: init ATTACK ADD NOISE TO GRAD Client 26
2024-12-03 18:29:07,174 INFO server.py 211:: [Server] Start testing
2024-12-03 18:29:11,304 INFO server.py 235:: [Server] Test set: Average loss: 2.3744, Accuracy: 907/10000 (9.07%)

2024-12-03 18:29:11,306 INFO server.py 238:: [Sever] Confusion matrix:
 tensor([[229., 420.,   6.,  74.,   8.,   0.,  33.,   1., 166.,  63.],
        [191., 241.,  34., 128.,  24.,   0.,  65.,   0., 125., 192.],
        [272., 348.,  31.,  40.,  11.,   0.,  29.,  10., 148., 111.],
        [173., 335.,  51.,  75.,  22.,   0.,  40.,   3.,  74., 227.],
        [210., 288.,  11.,  43.,   4.,   0.,  28.,  18., 284., 114.],
        [262., 227., 124.,  57.,  29.,   0.,  32.,   4.,  78., 187.],
        [134., 322.,  21.,  28.,   1.,   0.,  48.,   6., 289., 151.],
        [222., 251.,  50., 115.,  27.,   0.,  23.,  10., 157., 145.],
        [316., 367.,   4., 102.,   9.,   0.,  24.,   1., 104.,  73.],
        [270., 284.,  11.,  92.,  17.,   0.,  28.,   0., 133., 165.]])
2024-12-03 18:29:11,311 INFO server.py 254:: [Server] Precision=[0.10048267 0.07817061 0.09037901 0.0994695  0.02631579        nan
 0.13714285 0.18867925 0.06675225 0.11554622],
 Recall=[0.229 0.241 0.031 0.075 0.004 0.    0.048 0.01  0.104 0.165],
 F1-score=[0.13967672 0.11805046 0.0461653  0.08551882 0.00694444        nan
 0.07111111 0.01899335 0.08131353 0.13591434],
 my_accuracy=9.070000052452087[%]
2024-12-03 18:29:11,311 INFO _main.py 209:: ########EPOCH 0 ########
2024-12-03 18:29:11,312 INFO _main.py 210:: ###Model distribution###
2024-12-03 18:30:18,607 INFO server.py 1080:: clients' sizes=[15, 12, 5, 7, 6, 13, 13, 4, 4, 10, 13, 8, 5, 9, 12, 14, 6, 12, 11, 9, 6, 12, 17, 7, 9, 9, 8, 12, 9, 8, 6, 5, 9, 12, 9, 4, 7, 12, 14, 9], total=372
2024-12-03 18:30:21,504 INFO server.py 327:: [Server] The aggregation takes 5.199964 seconds.

2024-12-03 18:30:21,557 INFO server.py 211:: [Server] Start testing
2024-12-03 18:30:25,266 INFO server.py 235:: [Server] Test set: Average loss: 2.1185, Accuracy: 2471/10000 (24.71%)

2024-12-03 18:30:25,267 INFO server.py 238:: [Sever] Confusion matrix:
 tensor([[511.,   0.,  28.,  34., 145., 101., 102.,   0.,  79.,   0.],
        [ 69.,   2.,   6.,  82., 260., 364., 165.,   3.,  46.,   3.],
        [124.,   0.,  72.,  47., 361., 258., 136.,   1.,   1.,   0.],
        [ 15.,   0.,  13.,  45., 242., 520., 158.,   3.,   4.,   0.],
        [ 62.,   0.,  21.,  38., 595., 125., 152.,   1.,   6.,   0.],
        [ 12.,   0.,   7.,  33., 162., 676., 109.,   0.,   1.,   0.],
        [ 36.,   0.,  26.,  43., 377., 188., 329.,   0.,   1.,   0.],
        [ 15.,   0.,   7.,  34., 493., 353.,  86.,   7.,   5.,   0.],
        [380.,   0.,  12.,  35., 126., 103., 116.,   0., 227.,   1.],
        [ 65.,   1.,   7.,  45., 260., 435., 112.,   1.,  67.,   7.]])
2024-12-03 18:30:25,269 INFO server.py 254:: [Server] Precision=[0.39643136 0.6666667  0.36180905 0.10321101 0.19695465 0.21645853
 0.22457337 0.4375     0.5194508  0.6363636 ],
 Recall=[0.511 0.002 0.072 0.045 0.595 0.676 0.329 0.007 0.227 0.007],
 F1-score=[0.44648317 0.00398804 0.12010008 0.0626741  0.29594627 0.32791653
 0.2669371  0.01377953 0.31593597 0.01384768],
 my_accuracy=24.709999561309814[%]
2024-12-03 18:30:25,269 INFO _main.py 209:: ########EPOCH 1 ########
2024-12-03 18:30:25,269 INFO _main.py 210:: ###Model distribution###
2024-12-03 18:31:31,870 INFO server.py 1080:: clients' sizes=[15, 12, 5, 7, 6, 13, 13, 4, 4, 10, 13, 8, 5, 9, 12, 14, 6, 12, 11, 9, 6, 12, 17, 7, 9, 9, 8, 12, 9, 8, 6, 5, 9, 12, 9, 4, 7, 12, 14, 9], total=372
2024-12-03 18:31:34,753 INFO server.py 327:: [Server] The aggregation takes 5.210375 seconds.

2024-12-03 18:31:34,807 INFO server.py 211:: [Server] Start testing
2024-12-03 18:31:38,628 INFO server.py 235:: [Server] Test set: Average loss: 2.5302, Accuracy: 2168/10000 (21.68%)

2024-12-03 18:31:38,630 INFO server.py 238:: [Sever] Confusion matrix:
 tensor([[524.,   0., 251.,   6.,  88.,   4.,   7.,   0., 120.,   0.],
        [142.,   0., 351.,  72., 240.,  47.,  65.,   0.,  83.,   0.],
        [127.,   0., 615.,  16., 176.,  38.,  24.,   0.,   4.,   0.],
        [ 43.,   0., 435.,  68., 289., 119.,  42.,   0.,   4.,   0.],
        [115.,   0., 491.,  13., 332.,  20.,  17.,   0.,  12.,   0.],
        [ 30.,   0., 343.,  69., 234., 292.,  32.,   0.,   0.,   0.],
        [ 75.,   0., 635.,  21., 187.,  16.,  64.,   0.,   2.,   0.],
        [ 27.,   0., 300.,  51., 518.,  75.,  12.,   6.,  11.,   0.],
        [445.,   0., 173.,  10.,  76.,  11.,  18.,   0., 267.,   0.],
        [111.,   0., 291.,  71., 315.,  81.,  37.,   0.,  94.,   0.]])
2024-12-03 18:31:38,632 INFO server.py 254:: [Server] Precision=[0.31970713        nan 0.15830116 0.17128463 0.13523422 0.41536275
 0.20125785 1.         0.44723618        nan],
 Recall=[0.524 0.    0.615 0.068 0.332 0.292 0.064 0.006 0.267 0.   ],
 F1-score=[0.39712012        nan 0.2517912  0.09735147 0.19218525 0.34292424
 0.09711684 0.01192843 0.33437696        nan],
 my_accuracy=21.68000042438507[%]
2024-12-03 18:31:38,632 INFO _main.py 209:: ########EPOCH 2 ########
2024-12-03 18:31:38,633 INFO _main.py 210:: ###Model distribution###
2024-12-03 18:32:45,635 INFO server.py 1080:: clients' sizes=[15, 12, 5, 7, 6, 13, 13, 4, 4, 10, 13, 8, 5, 9, 12, 14, 6, 12, 11, 9, 6, 12, 17, 7, 9, 9, 8, 12, 9, 8, 6, 5, 9, 12, 9, 4, 7, 12, 14, 9], total=372
2024-12-03 18:32:48,529 INFO server.py 327:: [Server] The aggregation takes 5.169194 seconds.

2024-12-03 18:32:48,584 INFO server.py 211:: [Server] Start testing
2024-12-03 18:32:52,392 INFO server.py 235:: [Server] Test set: Average loss: 2.3606, Accuracy: 2688/10000 (26.88%)

2024-12-03 18:32:52,393 INFO server.py 238:: [Sever] Confusion matrix:
 tensor([[526.,   0., 197.,   8.,  90.,  15.,   5.,   0., 159.,   0.],
        [ 94.,   0., 207., 125., 227., 138.,  57.,   1., 150.,   1.],
        [135.,   0., 479.,  28., 229.,  95.,  25.,   0.,   9.,   0.],
        [ 32.,   0., 279.,  98., 314., 232.,  38.,   0.,   7.,   0.],
        [ 90.,   0., 293.,  16., 538.,  34.,  15.,   0.,  14.,   0.],
        [ 25.,   0., 168.,  63., 212., 497.,  32.,   0.,   3.,   0.],
        [ 71.,   0., 421.,  45., 302.,  52., 106.,   0.,   3.,   0.],
        [ 24.,   0., 172.,  71., 538., 174.,   6.,   8.,   7.,   0.],
        [299.,   0., 109.,  17.,  99.,  23.,  20.,   1., 432.,   0.],
        [ 55.,   0., 152.,  84., 249., 254.,  33.,   0., 169.,   4.]])
2024-12-03 18:32:52,395 INFO server.py 254:: [Server] Precision=[0.38934124        nan 0.19337909 0.17657657 0.1922802  0.32826948
 0.31454006 0.8        0.45330536 0.8       ],
 Recall=[0.526 0.    0.479 0.098 0.538 0.497 0.106 0.008 0.432 0.004],
 F1-score=[0.44746917        nan 0.27552488 0.12604502 0.28330702 0.39538586
 0.15856396 0.01584158 0.44239628 0.0079602 ],
 my_accuracy=26.879999041557312[%]
2024-12-03 18:32:52,396 INFO _main.py 209:: ########EPOCH 3 ########
2024-12-03 18:32:52,396 INFO _main.py 210:: ###Model distribution###
2024-12-03 18:34:56,170 INFO server.py 570:: flip_sign_id={0, 2, 10, 11, 18, 20}
2024-12-03 18:34:56,170 INFO server.py 585:: ===========using shortHoGs for detecting UNTARGETED ATTACK====
