2024-12-03 17:57:40,569 INFO _main.py 39:: ################################################################
2024-12-03 17:57:40,570 INFO _main.py 41:: #                              batch_size: 64                  #
2024-12-03 17:57:40,571 INFO _main.py 41:: #                         test_batch_size: 64                  #
2024-12-03 17:57:40,571 INFO _main.py 41:: #                                  epochs: 10                  #
2024-12-03 17:57:40,571 INFO _main.py 41:: #                               optimizer: SGD                 #
2024-12-03 17:57:40,571 INFO _main.py 41:: #                                      lr: 0.01                #
2024-12-03 17:57:40,571 INFO _main.py 41:: #                                momentum: 0.9                 #
2024-12-03 17:57:40,571 INFO _main.py 41:: #                            weight_decay: 0.0001              #
2024-12-03 17:57:40,572 INFO _main.py 41:: #                                    seed: 1                   #
2024-12-03 17:57:40,572 INFO _main.py 41:: #                            log_interval: 11                  #
2024-12-03 17:57:40,572 INFO _main.py 41:: #                             num_clients: 40                  #
2024-12-03 17:57:40,572 INFO _main.py 41:: #                           output_folder: experiments         #
2024-12-03 17:57:40,572 INFO _main.py 41:: #                                 dataset: cifar               #
2024-12-03 17:57:40,572 INFO _main.py 41:: #                             loader_type: dirichlet           #
2024-12-03 17:57:40,572 INFO _main.py 41:: #                             loader_path: ./data/loader.pk    #
2024-12-03 17:57:40,572 INFO _main.py 41:: #                                      AR: mudhog              #
2024-12-03 17:57:40,572 INFO _main.py 41:: #                     n_attacker_backdoor: 0                   #
2024-12-03 17:57:40,572 INFO _main.py 41:: #                        backdoor_trigger: [0, 0, 1, 1]        #
2024-12-03 17:57:40,572 INFO _main.py 41:: #                   n_attacker_omniscient: 0                   #
2024-12-03 17:57:40,572 INFO _main.py 41:: #                        omniscient_scale: 1                   #
2024-12-03 17:57:40,573 INFO _main.py 41:: #                                 attacks: None                #
2024-12-03 17:57:40,573 INFO _main.py 41:: #                      save_model_weights: False               #
2024-12-03 17:57:40,573 INFO _main.py 41:: #                         experiment_name: sExp4Ba_40ep_cifar_mudhog_40C_5#
2024-12-03 17:57:40,573 INFO _main.py 41:: #                          path_to_aggNet: None                #
2024-12-03 17:57:40,573 INFO _main.py 41:: #                                  device: cuda                #
2024-12-03 17:57:40,573 INFO _main.py 41:: #                            inner_epochs: 4                   #
2024-12-03 17:57:40,573 INFO _main.py 41:: #                                 verbose: True                #
2024-12-03 17:57:40,573 INFO _main.py 41:: #                         list_unreliable: [2, 18, 20]         #
2024-12-03 17:57:40,573 INFO _main.py 41:: #                     unreliable_fraction: 0.5                 #
2024-12-03 17:57:40,573 INFO _main.py 41:: #                    unreliable_fracTrain: 0.3                 #
2024-12-03 17:57:40,573 INFO _main.py 41:: #                         mean_unreliable: 0.0                 #
2024-12-03 17:57:40,573 INFO _main.py 41:: #                             blur_method: add_noise           #
2024-12-03 17:57:40,573 INFO _main.py 41:: #                      max_std_unreliable: 30.0                #
2024-12-03 17:57:40,574 INFO _main.py 41:: #                     list_uatk_add_noise: [24, 25, 26]        #
2024-12-03 17:57:40,574 INFO _main.py 41:: #                          mean_add_noise: 0.0                 #
2024-12-03 17:57:40,574 INFO _main.py 41:: #                           std_add_noise: 0.01                #
2024-12-03 17:57:40,574 INFO _main.py 41:: #                     list_uatk_flip_sign: [0, 10, 11]         #
2024-12-03 17:57:40,574 INFO _main.py 42:: ################################################################
2024-12-03 17:57:40,574 INFO _main.py 43:: Namespace(batch_size=64, test_batch_size=64, epochs=10, optimizer='SGD', lr=0.01, momentum=0.9, weight_decay=0.0001, seed=1, log_interval=11, num_clients=40, output_folder='experiments', dataset='cifar', loader_type='dirichlet', loader_path='./data/loader.pk', AR='mudhog', n_attacker_backdoor=0, backdoor_trigger=[0, 0, 1, 1], n_attacker_omniscient=0, omniscient_scale=1, attacks=None, save_model_weights=False, experiment_name='sExp4Ba_40ep_cifar_mudhog_40C_5', path_to_aggNet=None, device='cuda', inner_epochs=4, verbose=True, list_unreliable=[2, 18, 20], unreliable_fraction=0.5, unreliable_fracTrain=0.3, mean_unreliable=0.0, blur_method='add_noise', max_std_unreliable=30.0, list_uatk_add_noise=[24, 25, 26], mean_add_noise=0.0, std_add_noise=0.01, list_uatk_flip_sign=[0, 10, 11])
2024-12-03 17:57:40,574 INFO _main.py 44:: #####################
2024-12-03 17:57:40,574 INFO _main.py 45:: #####################
2024-12-03 17:57:40,574 INFO _main.py 46:: #####################
2024-12-03 17:57:40,574 INFO _main.py 47:: Aggregation Rule:	mudhog
2024-12-03 17:57:40,575 INFO _main.py 48:: Data distribution:	dirichlet
2024-12-03 17:57:40,575 INFO _main.py 49:: Attacks:	None 
2024-12-03 17:57:40,575 INFO _main.py 50:: #####################
2024-12-03 17:57:40,575 INFO _main.py 51:: #####################
2024-12-03 17:57:40,575 INFO _main.py 52:: #####################
2024-12-03 17:57:57,877 INFO server.py 366:: SET DBSCAN eps=18, min_samples=12
2024-12-03 17:57:57,912 INFO _main.py 135:: [1-normal, 0-malicious] label =tensor([0., 1., 1., 1., 1., 1., 1., 1., 1., 1., 0., 0., 1., 1., 1., 1., 1., 1.,
        1., 1., 1., 1., 1., 1., 0., 0., 0., 1., 1., 1., 1., 1., 1., 1., 1., 1.,
        1., 1., 1., 1.])
2024-12-03 17:57:58,193 INFO malicious_clients.py 123:: init ATTACK OMNISCIENT Client 0
2024-12-03 17:57:58,697 INFO malicious_clients.py 18:: init UNRELIABLE Client 2
2024-12-03 17:58:00,928 INFO malicious_clients.py 123:: init ATTACK OMNISCIENT Client 10
2024-12-03 17:58:01,194 INFO malicious_clients.py 123:: init ATTACK OMNISCIENT Client 11
2024-12-03 17:58:03,011 INFO malicious_clients.py 18:: init UNRELIABLE Client 18
2024-12-03 17:58:03,549 INFO malicious_clients.py 18:: init UNRELIABLE Client 20
2024-12-03 17:58:04,805 INFO malicious_clients.py 73:: init ATTACK ADD NOISE TO GRAD Client 24
2024-12-03 17:58:05,071 INFO malicious_clients.py 73:: init ATTACK ADD NOISE TO GRAD Client 25
2024-12-03 17:58:05,341 INFO malicious_clients.py 73:: init ATTACK ADD NOISE TO GRAD Client 26
2024-12-03 17:58:08,825 INFO server.py 211:: [Server] Start testing
2024-12-03 17:58:13,920 INFO server.py 235:: [Server] Test set: Average loss: 2.3744, Accuracy: 907/10000 (9.07%)

2024-12-03 17:58:13,921 INFO server.py 238:: [Sever] Confusion matrix:
 tensor([[229., 420.,   6.,  74.,   8.,   0.,  33.,   1., 166.,  63.],
        [191., 241.,  34., 128.,  24.,   0.,  65.,   0., 125., 192.],
        [272., 348.,  31.,  40.,  11.,   0.,  29.,  10., 148., 111.],
        [173., 335.,  51.,  75.,  22.,   0.,  40.,   3.,  74., 227.],
        [210., 288.,  11.,  43.,   4.,   0.,  28.,  18., 284., 114.],
        [262., 227., 124.,  57.,  29.,   0.,  32.,   4.,  78., 187.],
        [134., 322.,  21.,  28.,   1.,   0.,  48.,   6., 289., 151.],
        [222., 251.,  50., 115.,  27.,   0.,  23.,  10., 157., 145.],
        [316., 367.,   4., 102.,   9.,   0.,  24.,   1., 104.,  73.],
        [270., 284.,  11.,  92.,  17.,   0.,  28.,   0., 133., 165.]])
2024-12-03 17:58:14,555 INFO server.py 254:: [Server] Precision=[0.10048267 0.07817061 0.09037901 0.0994695  0.02631579        nan
 0.13714285 0.18867925 0.06675225 0.11554622],
 Recall=[0.229 0.241 0.031 0.075 0.004 0.    0.048 0.01  0.104 0.165],
 F1-score=[0.13967672 0.11805046 0.0461653  0.08551882 0.00694444        nan
 0.07111111 0.01899335 0.08131353 0.13591434],
 my_accuracy=9.070000052452087[%]
2024-12-03 17:58:14,556 INFO _main.py 209:: ########EPOCH 0 ########
2024-12-03 17:58:14,556 INFO _main.py 210:: ###Model distribution###
2024-12-03 17:59:21,528 INFO server.py 1080:: clients' sizes=[15, 12, 5, 7, 6, 13, 13, 4, 4, 10, 13, 8, 5, 9, 12, 14, 6, 12, 11, 9, 6, 12, 17, 7, 9, 9, 8, 12, 9, 8, 6, 5, 9, 12, 9, 4, 7, 12, 14, 9], total=372
2024-12-03 17:59:24,443 INFO server.py 327:: [Server] The aggregation takes 5.090902 seconds.

2024-12-03 17:59:24,497 INFO server.py 211:: [Server] Start testing
2024-12-03 17:59:28,247 INFO server.py 235:: [Server] Test set: Average loss: 2.1228, Accuracy: 2469/10000 (24.69%)

2024-12-03 17:59:28,249 INFO server.py 238:: [Sever] Confusion matrix:
 tensor([[505.,   0.,  44.,  24., 153., 106.,  98.,   0.,  70.,   0.],
        [ 74.,   2.,  10.,  56., 236., 415., 157.,   2.,  45.,   3.],
        [117.,   0.,  88.,  32., 335., 282., 143.,   1.,   2.,   0.],
        [ 14.,   0.,  22.,  31., 238., 534., 155.,   2.,   4.,   0.],
        [ 56.,   0.,  27.,  26., 596., 131., 154.,   1.,   8.,   1.],
        [ 10.,   0.,  14.,  17., 158., 682., 117.,   0.,   2.,   0.],
        [ 38.,   0.,  42.,  25., 343., 201., 350.,   0.,   1.,   0.],
        [ 15.,   0.,  10.,  26., 473., 380.,  84.,   8.,   4.,   0.],
        [404.,   0.,  13.,  27., 134., 116., 103.,   0., 202.,   1.],
        [ 58.,   4.,  12.,  35., 246., 466., 110.,   0.,  64.,   5.]])
2024-12-03 17:59:28,250 INFO server.py 254:: [Server] Precision=[0.39116964 0.33333334 0.31205675 0.10367893 0.20467032 0.20585573
 0.23793338 0.5714286  0.50248754 0.5       ],
 Recall=[0.505 0.002 0.088 0.031 0.596 0.682 0.35  0.008 0.202 0.005],
 F1-score=[0.44085553 0.00397614 0.1372855  0.04772902 0.30470347 0.3162532
 0.28328612 0.01577909 0.28815976 0.00990099],
 my_accuracy=24.69000071287155[%]
2024-12-03 17:59:28,250 INFO _main.py 209:: ########EPOCH 1 ########
2024-12-03 17:59:28,251 INFO _main.py 210:: ###Model distribution###
