2024-12-03 19:47:32,314 INFO _main.py 39:: ################################################################
2024-12-03 19:47:32,315 INFO _main.py 41:: #                              batch_size: 64                  #
2024-12-03 19:47:32,315 INFO _main.py 41:: #                         test_batch_size: 64                  #
2024-12-03 19:47:32,316 INFO _main.py 41:: #                                  epochs: 10                  #
2024-12-03 19:47:32,316 INFO _main.py 41:: #                               optimizer: SGD                 #
2024-12-03 19:47:32,316 INFO _main.py 41:: #                                      lr: 0.01                #
2024-12-03 19:47:32,316 INFO _main.py 41:: #                                momentum: 0.9                 #
2024-12-03 19:47:32,316 INFO _main.py 41:: #                            weight_decay: 0.0001              #
2024-12-03 19:47:32,317 INFO _main.py 41:: #                                    seed: 1                   #
2024-12-03 19:47:32,317 INFO _main.py 41:: #                            log_interval: 11                  #
2024-12-03 19:47:32,317 INFO _main.py 41:: #                             num_clients: 40                  #
2024-12-03 19:47:32,317 INFO _main.py 41:: #                           output_folder: experiments         #
2024-12-03 19:47:32,317 INFO _main.py 41:: #                                 dataset: cifar               #
2024-12-03 19:47:32,317 INFO _main.py 41:: #                             loader_type: dirichlet           #
2024-12-03 19:47:32,317 INFO _main.py 41:: #                             loader_path: ./data/loader.pk    #
2024-12-03 19:47:32,317 INFO _main.py 41:: #                                      AR: mudhog              #
2024-12-03 19:47:32,317 INFO _main.py 41:: #                     n_attacker_backdoor: 0                   #
2024-12-03 19:47:32,317 INFO _main.py 41:: #                        backdoor_trigger: [0, 0, 1, 1]        #
2024-12-03 19:47:32,317 INFO _main.py 41:: #                   n_attacker_omniscient: 0                   #
2024-12-03 19:47:32,317 INFO _main.py 41:: #                        omniscient_scale: 1                   #
2024-12-03 19:47:32,318 INFO _main.py 41:: #                                 attacks: None                #
2024-12-03 19:47:32,318 INFO _main.py 41:: #                      save_model_weights: False               #
2024-12-03 19:47:32,318 INFO _main.py 41:: #                         experiment_name: sExp4Ba_40ep_cifar_mudhog_40C_5#
2024-12-03 19:47:32,318 INFO _main.py 41:: #                          path_to_aggNet: None                #
2024-12-03 19:47:32,318 INFO _main.py 41:: #                                  device: cuda                #
2024-12-03 19:47:32,318 INFO _main.py 41:: #                            inner_epochs: 4                   #
2024-12-03 19:47:32,319 INFO _main.py 41:: #                                 verbose: True                #
2024-12-03 19:47:32,319 INFO _main.py 41:: #                         list_unreliable: [2, 18, 20]         #
2024-12-03 19:47:32,319 INFO _main.py 41:: #                     unreliable_fraction: 0.5                 #
2024-12-03 19:47:32,319 INFO _main.py 41:: #                    unreliable_fracTrain: 0.3                 #
2024-12-03 19:47:32,319 INFO _main.py 41:: #                         mean_unreliable: 0.0                 #
2024-12-03 19:47:32,319 INFO _main.py 41:: #                             blur_method: add_noise           #
2024-12-03 19:47:32,320 INFO _main.py 41:: #                      max_std_unreliable: 30.0                #
2024-12-03 19:47:32,320 INFO _main.py 41:: #                     list_uatk_add_noise: [24, 25, 26]        #
2024-12-03 19:47:32,320 INFO _main.py 41:: #                          mean_add_noise: 0.0                 #
2024-12-03 19:47:32,320 INFO _main.py 41:: #                           std_add_noise: 0.01                #
2024-12-03 19:47:32,320 INFO _main.py 41:: #                     list_uatk_flip_sign: [0, 10, 11]         #
2024-12-03 19:47:32,320 INFO _main.py 42:: ################################################################
2024-12-03 19:47:32,321 INFO _main.py 43:: Namespace(batch_size=64, test_batch_size=64, epochs=10, optimizer='SGD', lr=0.01, momentum=0.9, weight_decay=0.0001, seed=1, log_interval=11, num_clients=40, output_folder='experiments', dataset='cifar', loader_type='dirichlet', loader_path='./data/loader.pk', AR='mudhog', n_attacker_backdoor=0, backdoor_trigger=[0, 0, 1, 1], n_attacker_omniscient=0, omniscient_scale=1, attacks=None, save_model_weights=False, experiment_name='sExp4Ba_40ep_cifar_mudhog_40C_5', path_to_aggNet=None, device='cuda', inner_epochs=4, verbose=True, list_unreliable=[2, 18, 20], unreliable_fraction=0.5, unreliable_fracTrain=0.3, mean_unreliable=0.0, blur_method='add_noise', max_std_unreliable=30.0, list_uatk_add_noise=[24, 25, 26], mean_add_noise=0.0, std_add_noise=0.01, list_uatk_flip_sign=[0, 10, 11])
2024-12-03 19:47:32,321 INFO _main.py 44:: #####################
2024-12-03 19:47:32,321 INFO _main.py 45:: #####################
2024-12-03 19:47:32,321 INFO _main.py 46:: #####################
2024-12-03 19:47:32,321 INFO _main.py 47:: Aggregation Rule:	mudhog
2024-12-03 19:47:32,321 INFO _main.py 48:: Data distribution:	dirichlet
2024-12-03 19:47:32,322 INFO _main.py 49:: Attacks:	None 
2024-12-03 19:47:32,322 INFO _main.py 50:: #####################
2024-12-03 19:47:32,322 INFO _main.py 51:: #####################
2024-12-03 19:47:32,322 INFO _main.py 52:: #####################
2024-12-03 19:47:50,187 INFO server.py 366:: SET DBSCAN eps=18, min_samples=12
2024-12-03 19:47:50,223 INFO _main.py 135:: [1-normal, 0-malicious] label =tensor([0., 1., 1., 1., 1., 1., 1., 1., 1., 1., 0., 0., 1., 1., 1., 1., 1., 1.,
        1., 1., 1., 1., 1., 1., 0., 0., 0., 1., 1., 1., 1., 1., 1., 1., 1., 1.,
        1., 1., 1., 1.])
2024-12-03 19:47:50,496 INFO malicious_clients.py 123:: init ATTACK OMNISCIENT Client 0
2024-12-03 19:47:50,979 INFO malicious_clients.py 18:: init UNRELIABLE Client 2
2024-12-03 19:47:53,179 INFO malicious_clients.py 123:: init ATTACK OMNISCIENT Client 10
2024-12-03 19:47:53,447 INFO malicious_clients.py 123:: init ATTACK OMNISCIENT Client 11
2024-12-03 19:47:55,418 INFO malicious_clients.py 18:: init UNRELIABLE Client 18
2024-12-03 19:47:55,956 INFO malicious_clients.py 18:: init UNRELIABLE Client 20
2024-12-03 19:47:57,158 INFO malicious_clients.py 73:: init ATTACK ADD NOISE TO GRAD Client 24
2024-12-03 19:47:57,435 INFO malicious_clients.py 73:: init ATTACK ADD NOISE TO GRAD Client 25
2024-12-03 19:47:57,719 INFO malicious_clients.py 73:: init ATTACK ADD NOISE TO GRAD Client 26
2024-12-03 19:48:01,247 INFO server.py 211:: [Server] Start testing
2024-12-03 19:48:06,385 INFO server.py 235:: [Server] Test set: Average loss: 2.3744, Accuracy: 907/10000 (9.07%)

2024-12-03 19:48:06,387 INFO server.py 238:: [Sever] Confusion matrix:
 tensor([[229., 420.,   6.,  74.,   8.,   0.,  33.,   1., 166.,  63.],
        [191., 241.,  34., 128.,  24.,   0.,  65.,   0., 125., 192.],
        [272., 348.,  31.,  40.,  11.,   0.,  29.,  10., 148., 111.],
        [173., 335.,  51.,  75.,  22.,   0.,  40.,   3.,  74., 227.],
        [210., 288.,  11.,  43.,   4.,   0.,  28.,  18., 284., 114.],
        [262., 227., 124.,  57.,  29.,   0.,  32.,   4.,  78., 187.],
        [134., 322.,  21.,  28.,   1.,   0.,  48.,   6., 289., 151.],
        [222., 251.,  50., 115.,  27.,   0.,  23.,  10., 157., 145.],
        [316., 367.,   4., 102.,   9.,   0.,  24.,   1., 104.,  73.],
        [270., 284.,  11.,  92.,  17.,   0.,  28.,   0., 133., 165.]])
2024-12-03 19:48:06,646 INFO server.py 254:: [Server] Precision=[0.10048267 0.07817061 0.09037901 0.0994695  0.02631579        nan
 0.13714285 0.18867925 0.06675225 0.11554622],
 Recall=[0.229 0.241 0.031 0.075 0.004 0.    0.048 0.01  0.104 0.165],
 F1-score=[0.13967672 0.11805046 0.0461653  0.08551882 0.00694444        nan
 0.07111111 0.01899335 0.08131353 0.13591434],
 my_accuracy=9.070000052452087[%]
2024-12-03 19:48:06,647 INFO _main.py 209:: ########EPOCH 0 ########
2024-12-03 19:48:06,648 INFO _main.py 210:: ###Model distribution###
2024-12-03 19:49:14,724 INFO server.py 1080:: clients' sizes=[15, 12, 5, 7, 6, 13, 13, 4, 4, 10, 13, 8, 5, 9, 12, 14, 6, 12, 11, 9, 6, 12, 17, 7, 9, 9, 8, 12, 9, 8, 6, 5, 9, 12, 9, 4, 7, 12, 14, 9], total=372
2024-12-03 19:49:17,613 INFO server.py 327:: [Server] The aggregation takes 5.195096 seconds.

2024-12-03 19:49:17,665 INFO server.py 211:: [Server] Start testing
2024-12-03 19:49:21,382 INFO server.py 235:: [Server] Test set: Average loss: 2.1299, Accuracy: 2431/10000 (24.31%)

2024-12-03 19:49:21,384 INFO server.py 238:: [Sever] Confusion matrix:
 tensor([[512.,   0.,  48.,  23., 163.,  88.,  95.,   0.,  71.,   0.],
        [ 85.,   1.,   9.,  45., 280., 380., 146.,   2.,  49.,   3.],
        [126.,   0.,  87.,  35., 379., 251., 120.,   0.,   2.,   0.],
        [ 17.,   0.,  22.,  30., 278., 491., 157.,   1.,   4.,   0.],
        [ 67.,   0.,  24.,  22., 638., 108., 132.,   1.,   8.,   0.],
        [ 12.,   0.,  13.,  18., 201., 641., 113.,   0.,   2.,   0.],
        [ 41.,   0.,  40.,  16., 423., 175., 304.,   0.,   1.,   0.],
        [ 18.,   0.,   8.,  22., 538., 322.,  80.,   8.,   3.,   1.],
        [428.,   0.,  17.,  22., 131.,  96., 105.,   0., 200.,   1.],
        [ 68.,   3.,  13.,  29., 305., 412.,  98.,   0.,  62.,  10.]])
2024-12-03 19:49:21,385 INFO server.py 254:: [Server] Precision=[0.37263465 0.25       0.30960855 0.11450382 0.191247   0.2162618
 0.22518519 0.6666667  0.49751243 0.6666667 ],
 Recall=[0.512 0.001 0.087 0.03  0.638 0.641 0.304 0.008 0.2   0.01 ],
 F1-score=[0.43133953 0.00199203 0.13583139 0.04754358 0.29428044 0.32341066
 0.2587234  0.01581028 0.2853067  0.01970443],
 my_accuracy=24.310000240802765[%]
2024-12-03 19:49:21,386 INFO _main.py 209:: ########EPOCH 1 ########
2024-12-03 19:49:21,386 INFO _main.py 210:: ###Model distribution###
2024-12-03 19:50:28,965 INFO server.py 1080:: clients' sizes=[15, 12, 5, 7, 6, 13, 13, 4, 4, 10, 13, 8, 5, 9, 12, 14, 6, 12, 11, 9, 6, 12, 17, 7, 9, 9, 8, 12, 9, 8, 6, 5, 9, 12, 9, 4, 7, 12, 14, 9], total=372
2024-12-03 19:50:31,857 INFO server.py 327:: [Server] The aggregation takes 5.224663 seconds.

2024-12-03 19:50:31,911 INFO server.py 211:: [Server] Start testing
2024-12-03 19:50:35,778 INFO server.py 235:: [Server] Test set: Average loss: 2.5733, Accuracy: 2139/10000 (21.39%)

2024-12-03 19:50:35,780 INFO server.py 238:: [Sever] Confusion matrix:
 tensor([[572.,   0., 213.,   7.,  89.,   8.,   9.,   0., 102.,   0.],
        [171.,   0., 300.,  49., 282.,  65.,  77.,   1.,  55.,   0.],
        [145.,   0., 569.,  15., 198.,  38.,  34.,   0.,   1.,   0.],
        [ 45.,   0., 382.,  50., 344., 120.,  57.,   0.,   2.,   0.],
        [121.,   0., 445.,  10., 381.,  14.,  20.,   0.,   9.,   0.],
        [ 34.,   0., 321.,  49., 265., 281.,  50.,   0.,   0.,   0.],
        [ 94.,   0., 581.,  17., 220.,  13.,  75.,   0.,   0.,   0.],
        [ 31.,   0., 278.,  38., 549.,  76.,  17.,   5.,   6.,   0.],
        [517.,   0., 143.,   8.,  98.,   9.,  19.,   0., 206.,   0.],
        [137.,   0., 282.,  49., 308., 102.,  58.,   0.,  64.,   0.]])
2024-12-03 19:50:35,781 INFO server.py 254:: [Server] Precision=[0.30637386        nan 0.16192374 0.17123288 0.13935626 0.38705233
 0.18028846 0.8333333  0.46292135        nan],
 Recall=[0.572 0.    0.569 0.05  0.381 0.281 0.075 0.005 0.206 0.   ],
 F1-score=[0.39902338        nan 0.25210455 0.07739938 0.20407069 0.3256083
 0.1059322  0.00994036 0.2851211         nan],
 my_accuracy=21.389999985694885[%]
2024-12-03 19:50:35,782 INFO _main.py 209:: ########EPOCH 2 ########
2024-12-03 19:50:35,782 INFO _main.py 210:: ###Model distribution###
2024-12-03 19:51:43,576 INFO server.py 1080:: clients' sizes=[15, 12, 5, 7, 6, 13, 13, 4, 4, 10, 13, 8, 5, 9, 12, 14, 6, 12, 11, 9, 6, 12, 17, 7, 9, 9, 8, 12, 9, 8, 6, 5, 9, 12, 9, 4, 7, 12, 14, 9], total=372
2024-12-03 19:51:46,502 INFO server.py 327:: [Server] The aggregation takes 5.160365 seconds.

2024-12-03 19:51:46,557 INFO server.py 211:: [Server] Start testing
2024-12-03 19:51:50,378 INFO server.py 235:: [Server] Test set: Average loss: 2.4704, Accuracy: 2609/10000 (26.09%)

2024-12-03 19:51:50,380 INFO server.py 238:: [Sever] Confusion matrix:
 tensor([[470.,   0., 269.,   6.,  67.,  15.,   4.,   0., 169.,   0.],
        [ 80.,   0., 342.,  72., 182., 163.,  46.,   0., 115.,   0.],
        [ 83.,   0., 640.,  11., 168.,  77.,  14.,   0.,   7.,   0.],
        [ 23.,   0., 405.,  68., 240., 236.,  25.,   0.,   3.,   0.],
        [ 42.,   0., 421.,   7., 468.,  41.,   5.,   0.,  16.,   0.],
        [ 19.,   0., 263.,  37., 174., 483.,  22.,   0.,   2.,   0.],
        [ 39.,   0., 605.,  19., 231.,  47.,  58.,   0.,   1.,   0.],
        [ 16.,   0., 244.,  43., 500., 182.,   3.,   5.,   7.,   0.],
        [278.,   0., 181.,  12.,  72.,  23.,  19.,   0., 415.,   0.],
        [ 53.,   0., 239.,  51., 223., 265.,  26.,   0., 141.,   2.]])
2024-12-03 19:51:50,381 INFO server.py 254:: [Server] Precision=[0.4261106         nan 0.17733444 0.20858896 0.20129032 0.31527415
 0.26126125 1.         0.4737443  1.        ],
 Recall=[0.47  0.    0.64  0.068 0.468 0.483 0.058 0.005 0.415 0.002],
 F1-score=[0.4469805         nan 0.2777175  0.1025641  0.28150377 0.38151658
 0.09492634 0.00995025 0.4424307  0.00399202],
 my_accuracy=26.089999079704285[%]
2024-12-03 19:51:50,381 INFO _main.py 209:: ########EPOCH 3 ########
2024-12-03 19:51:50,382 INFO _main.py 210:: ###Model distribution###
2024-12-03 19:53:55,094 INFO server.py 570:: flip_sign_id={0, 2, 10, 11, 18, 20}
2024-12-03 19:53:55,094 INFO server.py 585:: ===========using shortHoGs for detecting UNTARGETED ATTACK====
