2024-12-03 18:45:50,512 INFO _main.py 39:: ################################################################
2024-12-03 18:45:50,514 INFO _main.py 41:: #                              batch_size: 64                  #
2024-12-03 18:45:50,515 INFO _main.py 41:: #                         test_batch_size: 64                  #
2024-12-03 18:45:50,516 INFO _main.py 41:: #                                  epochs: 10                  #
2024-12-03 18:45:50,516 INFO _main.py 41:: #                               optimizer: SGD                 #
2024-12-03 18:45:50,516 INFO _main.py 41:: #                                      lr: 0.01                #
2024-12-03 18:45:50,516 INFO _main.py 41:: #                                momentum: 0.9                 #
2024-12-03 18:45:50,516 INFO _main.py 41:: #                            weight_decay: 0.0001              #
2024-12-03 18:45:50,516 INFO _main.py 41:: #                                    seed: 1                   #
2024-12-03 18:45:50,516 INFO _main.py 41:: #                            log_interval: 11                  #
2024-12-03 18:45:50,517 INFO _main.py 41:: #                             num_clients: 40                  #
2024-12-03 18:45:50,517 INFO _main.py 41:: #                           output_folder: experiments         #
2024-12-03 18:45:50,517 INFO _main.py 41:: #                                 dataset: cifar               #
2024-12-03 18:45:50,517 INFO _main.py 41:: #                             loader_type: dirichlet           #
2024-12-03 18:45:50,517 INFO _main.py 41:: #                             loader_path: ./data/loader.pk    #
2024-12-03 18:45:50,517 INFO _main.py 41:: #                                      AR: mudhog              #
2024-12-03 18:45:50,517 INFO _main.py 41:: #                     n_attacker_backdoor: 0                   #
2024-12-03 18:45:50,517 INFO _main.py 41:: #                        backdoor_trigger: [0, 0, 1, 1]        #
2024-12-03 18:45:50,517 INFO _main.py 41:: #                   n_attacker_omniscient: 0                   #
2024-12-03 18:45:50,517 INFO _main.py 41:: #                        omniscient_scale: 1                   #
2024-12-03 18:45:50,517 INFO _main.py 41:: #                                 attacks: None                #
2024-12-03 18:45:50,517 INFO _main.py 41:: #                      save_model_weights: False               #
2024-12-03 18:45:50,517 INFO _main.py 41:: #                         experiment_name: sExp4Ba_40ep_cifar_mudhog_40C_5#
2024-12-03 18:45:50,518 INFO _main.py 41:: #                          path_to_aggNet: None                #
2024-12-03 18:45:50,518 INFO _main.py 41:: #                                  device: cuda                #
2024-12-03 18:45:50,518 INFO _main.py 41:: #                            inner_epochs: 4                   #
2024-12-03 18:45:50,518 INFO _main.py 41:: #                                 verbose: True                #
2024-12-03 18:45:50,518 INFO _main.py 41:: #                         list_unreliable: [2, 18, 20]         #
2024-12-03 18:45:50,518 INFO _main.py 41:: #                     unreliable_fraction: 0.5                 #
2024-12-03 18:45:50,518 INFO _main.py 41:: #                    unreliable_fracTrain: 0.3                 #
2024-12-03 18:45:50,518 INFO _main.py 41:: #                         mean_unreliable: 0.0                 #
2024-12-03 18:45:50,518 INFO _main.py 41:: #                             blur_method: add_noise           #
2024-12-03 18:45:50,518 INFO _main.py 41:: #                      max_std_unreliable: 30.0                #
2024-12-03 18:45:50,518 INFO _main.py 41:: #                     list_uatk_add_noise: [24, 25, 26]        #
2024-12-03 18:45:50,518 INFO _main.py 41:: #                          mean_add_noise: 0.0                 #
2024-12-03 18:45:50,518 INFO _main.py 41:: #                           std_add_noise: 0.01                #
2024-12-03 18:45:50,518 INFO _main.py 41:: #                     list_uatk_flip_sign: [0, 10, 11]         #
2024-12-03 18:45:50,519 INFO _main.py 42:: ################################################################
2024-12-03 18:45:50,519 INFO _main.py 43:: Namespace(batch_size=64, test_batch_size=64, epochs=10, optimizer='SGD', lr=0.01, momentum=0.9, weight_decay=0.0001, seed=1, log_interval=11, num_clients=40, output_folder='experiments', dataset='cifar', loader_type='dirichlet', loader_path='./data/loader.pk', AR='mudhog', n_attacker_backdoor=0, backdoor_trigger=[0, 0, 1, 1], n_attacker_omniscient=0, omniscient_scale=1, attacks=None, save_model_weights=False, experiment_name='sExp4Ba_40ep_cifar_mudhog_40C_5', path_to_aggNet=None, device='cuda', inner_epochs=4, verbose=True, list_unreliable=[2, 18, 20], unreliable_fraction=0.5, unreliable_fracTrain=0.3, mean_unreliable=0.0, blur_method='add_noise', max_std_unreliable=30.0, list_uatk_add_noise=[24, 25, 26], mean_add_noise=0.0, std_add_noise=0.01, list_uatk_flip_sign=[0, 10, 11])
2024-12-03 18:45:50,519 INFO _main.py 44:: #####################
2024-12-03 18:45:50,519 INFO _main.py 45:: #####################
2024-12-03 18:45:50,519 INFO _main.py 46:: #####################
2024-12-03 18:45:50,519 INFO _main.py 47:: Aggregation Rule:	mudhog
2024-12-03 18:45:50,519 INFO _main.py 48:: Data distribution:	dirichlet
2024-12-03 18:45:50,519 INFO _main.py 49:: Attacks:	None 
2024-12-03 18:45:50,519 INFO _main.py 50:: #####################
2024-12-03 18:45:50,519 INFO _main.py 51:: #####################
2024-12-03 18:45:50,519 INFO _main.py 52:: #####################
2024-12-03 18:46:15,672 INFO server.py 366:: SET DBSCAN eps=18, min_samples=12
2024-12-03 18:46:15,704 INFO _main.py 135:: [1-normal, 0-malicious] label =tensor([0., 1., 1., 1., 1., 1., 1., 1., 1., 1., 0., 0., 1., 1., 1., 1., 1., 1.,
        1., 1., 1., 1., 1., 1., 0., 0., 0., 1., 1., 1., 1., 1., 1., 1., 1., 1.,
        1., 1., 1., 1.])
2024-12-03 18:46:15,983 INFO malicious_clients.py 123:: init ATTACK OMNISCIENT Client 0
2024-12-03 18:46:16,450 INFO malicious_clients.py 18:: init UNRELIABLE Client 2
2024-12-03 18:46:18,791 INFO malicious_clients.py 123:: init ATTACK OMNISCIENT Client 10
2024-12-03 18:46:19,063 INFO malicious_clients.py 123:: init ATTACK OMNISCIENT Client 11
2024-12-03 18:46:20,960 INFO malicious_clients.py 18:: init UNRELIABLE Client 18
2024-12-03 18:46:21,479 INFO malicious_clients.py 18:: init UNRELIABLE Client 20
2024-12-03 18:46:22,571 INFO malicious_clients.py 73:: init ATTACK ADD NOISE TO GRAD Client 24
2024-12-03 18:46:22,829 INFO malicious_clients.py 73:: init ATTACK ADD NOISE TO GRAD Client 25
2024-12-03 18:46:23,090 INFO malicious_clients.py 73:: init ATTACK ADD NOISE TO GRAD Client 26
2024-12-03 18:46:26,514 INFO server.py 211:: [Server] Start testing
2024-12-03 18:46:31,972 INFO server.py 235:: [Server] Test set: Average loss: 2.3744, Accuracy: 908/10000 (9.08%)

2024-12-03 18:46:31,973 INFO server.py 238:: [Sever] Confusion matrix:
 tensor([[229., 420.,   6.,  74.,   8.,   0.,  33.,   1., 166.,  63.],
        [191., 240.,  33., 128.,  24.,   0.,  66.,   0., 125., 193.],
        [271., 348.,  31.,  41.,  11.,   0.,  29.,  10., 148., 111.],
        [173., 335.,  51.,  75.,  22.,   0.,  39.,   3.,  74., 228.],
        [210., 288.,  11.,  43.,   4.,   0.,  28.,  18., 284., 114.],
        [262., 227., 124.,  57.,  29.,   0.,  32.,   4.,  78., 187.],
        [134., 322.,  21.,  28.,   1.,   0.,  48.,   6., 289., 151.],
        [222., 251.,  50., 116.,  27.,   0.,  23.,  10., 157., 144.],
        [315., 366.,   4., 102.,   9.,   0.,  24.,   1., 106.,  73.],
        [269., 286.,  11.,  92.,  17.,   0.,  28.,   0., 132., 165.]])
2024-12-03 18:46:31,978 INFO server.py 254:: [Server] Precision=[0.10061511 0.07784625 0.09064327 0.09920635 0.02631579        nan
 0.13714285 0.18867925 0.0679923  0.11546536],
 Recall=[0.229 0.24  0.031 0.075 0.004 0.    0.048 0.01  0.106 0.165],
 F1-score=[0.13980463 0.11756062 0.0461997  0.08542142 0.00694444        nan
 0.07111111 0.01899335 0.08284485 0.13585837],
 my_accuracy=9.080000221729279[%]
2024-12-03 18:46:31,978 INFO _main.py 209:: ########EPOCH 0 ########
2024-12-03 18:46:31,979 INFO _main.py 210:: ###Model distribution###
2024-12-03 18:47:37,186 INFO server.py 1080:: clients' sizes=[15, 12, 5, 7, 6, 13, 13, 4, 4, 10, 13, 8, 5, 9, 12, 14, 6, 12, 11, 9, 6, 12, 17, 7, 9, 9, 8, 12, 9, 8, 6, 5, 9, 12, 9, 4, 7, 12, 14, 9], total=372
2024-12-03 18:47:40,792 INFO server.py 327:: [Server] The aggregation takes 5.923554 seconds.

2024-12-03 18:47:40,841 INFO server.py 211:: [Server] Start testing
2024-12-03 18:47:44,864 INFO server.py 235:: [Server] Test set: Average loss: 2.1220, Accuracy: 2439/10000 (24.39%)

2024-12-03 18:47:44,866 INFO server.py 238:: [Sever] Confusion matrix:
 tensor([[502.,   0.,  31.,  20., 192.,  97.,  82.,   0.,  76.,   0.],
        [ 67.,   3.,   7.,  42., 310., 370., 142.,   4.,  53.,   2.],
        [116.,   0.,  70.,  30., 417., 261., 103.,   2.,   1.,   0.],
        [ 16.,   0.,  11.,  26., 285., 515., 139.,   4.,   4.,   0.],
        [ 57.,   0.,  18.,  24., 665., 113., 113.,   1.,   9.,   0.],
        [  9.,   0.,   9.,  20., 211., 656.,  93.,   0.,   2.,   0.],
        [ 40.,   0.,  31.,  14., 454., 185., 275.,   0.,   1.,   0.],
        [ 15.,   0.,   3.,  16., 547., 329.,  72.,  12.,   5.,   1.],
        [383.,   0.,  14.,  23., 157., 105.,  95.,   0., 222.,   1.],
        [ 53.,   3.,   6.,  26., 316., 416., 103.,   2.,  67.,   8.]])
2024-12-03 18:47:44,867 INFO server.py 254:: [Server] Precision=[0.3990461  0.5        0.35       0.10788382 0.1871131  0.21529374
 0.22596548 0.48       0.50454545 0.6666667 ],
 Recall=[0.502 0.003 0.07  0.026 0.665 0.656 0.275 0.012 0.222 0.008],
 F1-score=[0.44464126 0.00596421 0.11666667 0.0419017  0.29205093 0.32419077
 0.248083   0.02341464 0.30833334 0.01581028],
 my_accuracy=24.390000104904175[%]
2024-12-03 18:47:44,868 INFO _main.py 209:: ########EPOCH 1 ########
2024-12-03 18:47:44,868 INFO _main.py 210:: ###Model distribution###
2024-12-03 18:48:49,160 INFO server.py 1080:: clients' sizes=[15, 12, 5, 7, 6, 13, 13, 4, 4, 10, 13, 8, 5, 9, 12, 14, 6, 12, 11, 9, 6, 12, 17, 7, 9, 9, 8, 12, 9, 8, 6, 5, 9, 12, 9, 4, 7, 12, 14, 9], total=372
2024-12-03 18:48:52,846 INFO server.py 327:: [Server] The aggregation takes 6.014772 seconds.

2024-12-03 18:48:52,897 INFO server.py 211:: [Server] Start testing
2024-12-03 18:48:57,046 INFO server.py 235:: [Server] Test set: Average loss: 2.5475, Accuracy: 2133/10000 (21.33%)

2024-12-03 18:48:57,048 INFO server.py 238:: [Sever] Confusion matrix:
 tensor([[538.,   0., 261.,   3.,  82.,   8.,   8.,   0., 100.,   0.],
        [179.,   0., 317.,  41., 247.,  81.,  75.,   0.,  60.,   0.],
        [110.,   0., 618.,  17., 182.,  45.,  26.,   0.,   2.,   0.],
        [ 46.,   0., 425.,  40., 289., 143.,  54.,   0.,   3.,   0.],
        [108.,   0., 519.,   6., 323.,  19.,  20.,   0.,   5.,   0.],
        [ 27.,   0., 346.,  38., 238., 307.,  43.,   0.,   1.,   0.],
        [ 78.,   0., 634.,  12., 160.,  27.,  88.,   0.,   1.,   0.],
        [ 33.,   0., 274.,  34., 542.,  96.,  11.,   6.,   4.,   0.],
        [504.,   0., 168.,   6.,  78.,  11.,  20.,   0., 213.,   0.],
        [135.,   0., 276.,  40., 316., 113.,  59.,   0.,  61.,   0.]])
2024-12-03 18:48:57,049 INFO server.py 254:: [Server] Precision=[0.3060296         nan 0.16102137 0.16877638 0.13146113 0.36117646
 0.21782178 1.         0.47333333        nan],
 Recall=[0.538 0.    0.618 0.04  0.323 0.307 0.088 0.006 0.213 0.   ],
 F1-score=[0.3901378         nan 0.25547746 0.06467259 0.18686722 0.3318919
 0.12535612 0.01192843 0.2937931         nan],
 my_accuracy=21.330000460147858[%]
2024-12-03 18:48:57,049 INFO _main.py 209:: ########EPOCH 2 ########
2024-12-03 18:48:57,049 INFO _main.py 210:: ###Model distribution###
2024-12-03 18:50:00,910 INFO server.py 1080:: clients' sizes=[15, 12, 5, 7, 6, 13, 13, 4, 4, 10, 13, 8, 5, 9, 12, 14, 6, 12, 11, 9, 6, 12, 17, 7, 9, 9, 8, 12, 9, 8, 6, 5, 9, 12, 9, 4, 7, 12, 14, 9], total=372
2024-12-03 18:50:04,532 INFO server.py 327:: [Server] The aggregation takes 5.933548 seconds.

2024-12-03 18:50:04,587 INFO server.py 211:: [Server] Start testing
2024-12-03 18:50:08,621 INFO server.py 235:: [Server] Test set: Average loss: 2.3346, Accuracy: 2698/10000 (26.98%)

2024-12-03 18:50:08,624 INFO server.py 238:: [Sever] Confusion matrix:
 tensor([[462.,   0., 201.,   8.,  71.,  16.,   6.,   0., 236.,   0.],
        [ 80.,   0., 248., 100., 162., 166.,  61.,   1., 181.,   1.],
        [134.,   0., 529.,  20., 191.,  92.,  21.,   0.,  13.,   0.],
        [ 38.,   0., 319., 101., 258., 242.,  31.,   0.,  11.,   0.],
        [105.,   0., 345.,  16., 453.,  45.,  13.,   0.,  23.,   0.],
        [ 26.,   0., 213.,  44., 176., 513.,  24.,   0.,   4.,   0.],
        [ 80.,   0., 483.,  32., 247.,  63.,  92.,   0.,   3.,   0.],
        [ 21.,   0., 205.,  71., 479., 193.,   4.,  14.,  13.,   0.],
        [234.,   0., 120.,  15.,  58.,  22.,  20.,   0., 531.,   0.],
        [ 47.,   0., 170.,  85., 187., 271.,  30.,   0., 207.,   3.]])
2024-12-03 18:50:08,625 INFO server.py 254:: [Server] Precision=[0.3765281         nan 0.18672785 0.20528455 0.19851008 0.31608135
 0.30463576 0.93333334 0.43453357 0.75      ],
 Recall=[0.462 0.    0.529 0.101 0.453 0.513 0.092 0.014 0.531 0.003],
 F1-score=[0.41490793        nan 0.276024   0.13538875 0.27605116 0.39115515
 0.14132103 0.02758621 0.4779478  0.0059761 ],
 my_accuracy=26.980000734329224[%]
2024-12-03 18:50:08,625 INFO _main.py 209:: ########EPOCH 3 ########
2024-12-03 18:50:08,626 INFO _main.py 210:: ###Model distribution###
2024-12-03 18:52:05,621 INFO server.py 570:: flip_sign_id={0, 2, 10, 11, 18, 20}
2024-12-03 18:52:05,622 INFO server.py 585:: ===========using shortHoGs for detecting UNTARGETED ATTACK====
