2024-12-03 19:57:58,243 INFO _main.py 39:: ################################################################
2024-12-03 19:57:58,244 INFO _main.py 41:: #                              batch_size: 32                  #
2024-12-03 19:57:58,245 INFO _main.py 41:: #                         test_batch_size: 32                  #
2024-12-03 19:57:58,246 INFO _main.py 41:: #                                  epochs: 10                  #
2024-12-03 19:57:58,246 INFO _main.py 41:: #                               optimizer: SGD                 #
2024-12-03 19:57:58,246 INFO _main.py 41:: #                                      lr: 0.01                #
2024-12-03 19:57:58,246 INFO _main.py 41:: #                                momentum: 0.9                 #
2024-12-03 19:57:58,246 INFO _main.py 41:: #                            weight_decay: 0.0001              #
2024-12-03 19:57:58,246 INFO _main.py 41:: #                                    seed: 1                   #
2024-12-03 19:57:58,246 INFO _main.py 41:: #                            log_interval: 11                  #
2024-12-03 19:57:58,246 INFO _main.py 41:: #                             num_clients: 40                  #
2024-12-03 19:57:58,246 INFO _main.py 41:: #                           output_folder: experiments         #
2024-12-03 19:57:58,246 INFO _main.py 41:: #                                 dataset: cifar               #
2024-12-03 19:57:58,247 INFO _main.py 41:: #                             loader_type: dirichlet           #
2024-12-03 19:57:58,247 INFO _main.py 41:: #                             loader_path: ./data/loader.pk    #
2024-12-03 19:57:58,247 INFO _main.py 41:: #                                      AR: mudhog              #
2024-12-03 19:57:58,247 INFO _main.py 41:: #                     n_attacker_backdoor: 0                   #
2024-12-03 19:57:58,247 INFO _main.py 41:: #                        backdoor_trigger: [0, 0, 1, 1]        #
2024-12-03 19:57:58,247 INFO _main.py 41:: #                   n_attacker_omniscient: 0                   #
2024-12-03 19:57:58,247 INFO _main.py 41:: #                        omniscient_scale: 1                   #
2024-12-03 19:57:58,247 INFO _main.py 41:: #                                 attacks: None                #
2024-12-03 19:57:58,247 INFO _main.py 41:: #                      save_model_weights: False               #
2024-12-03 19:57:58,247 INFO _main.py 41:: #                         experiment_name: sExp4Ba_40ep_cifar_mudhog_40C_5#
2024-12-03 19:57:58,247 INFO _main.py 41:: #                          path_to_aggNet: None                #
2024-12-03 19:57:58,247 INFO _main.py 41:: #                                  device: cuda                #
2024-12-03 19:57:58,248 INFO _main.py 41:: #                            inner_epochs: 4                   #
2024-12-03 19:57:58,248 INFO _main.py 41:: #                                 verbose: True                #
2024-12-03 19:57:58,248 INFO _main.py 41:: #                         list_unreliable: [2, 18, 20]         #
2024-12-03 19:57:58,248 INFO _main.py 41:: #                     unreliable_fraction: 0.5                 #
2024-12-03 19:57:58,248 INFO _main.py 41:: #                    unreliable_fracTrain: 0.3                 #
2024-12-03 19:57:58,248 INFO _main.py 41:: #                         mean_unreliable: 0.0                 #
2024-12-03 19:57:58,248 INFO _main.py 41:: #                             blur_method: add_noise           #
2024-12-03 19:57:58,248 INFO _main.py 41:: #                      max_std_unreliable: 30.0                #
2024-12-03 19:57:58,248 INFO _main.py 41:: #                     list_uatk_add_noise: [24, 25, 26]        #
2024-12-03 19:57:58,248 INFO _main.py 41:: #                          mean_add_noise: 0.0                 #
2024-12-03 19:57:58,248 INFO _main.py 41:: #                           std_add_noise: 0.01                #
2024-12-03 19:57:58,248 INFO _main.py 41:: #                     list_uatk_flip_sign: [0, 10, 11]         #
2024-12-03 19:57:58,248 INFO _main.py 42:: ################################################################
2024-12-03 19:57:58,249 INFO _main.py 43:: Namespace(batch_size=32, test_batch_size=32, epochs=10, optimizer='SGD', lr=0.01, momentum=0.9, weight_decay=0.0001, seed=1, log_interval=11, num_clients=40, output_folder='experiments', dataset='cifar', loader_type='dirichlet', loader_path='./data/loader.pk', AR='mudhog', n_attacker_backdoor=0, backdoor_trigger=[0, 0, 1, 1], n_attacker_omniscient=0, omniscient_scale=1, attacks=None, save_model_weights=False, experiment_name='sExp4Ba_40ep_cifar_mudhog_40C_5', path_to_aggNet=None, device='cuda', inner_epochs=4, verbose=True, list_unreliable=[2, 18, 20], unreliable_fraction=0.5, unreliable_fracTrain=0.3, mean_unreliable=0.0, blur_method='add_noise', max_std_unreliable=30.0, list_uatk_add_noise=[24, 25, 26], mean_add_noise=0.0, std_add_noise=0.01, list_uatk_flip_sign=[0, 10, 11])
2024-12-03 19:57:58,249 INFO _main.py 44:: #####################
2024-12-03 19:57:58,249 INFO _main.py 45:: #####################
2024-12-03 19:57:58,249 INFO _main.py 46:: #####################
2024-12-03 19:57:58,249 INFO _main.py 47:: Aggregation Rule:	mudhog
2024-12-03 19:57:58,249 INFO _main.py 48:: Data distribution:	dirichlet
2024-12-03 19:57:58,249 INFO _main.py 49:: Attacks:	None 
2024-12-03 19:57:58,249 INFO _main.py 50:: #####################
2024-12-03 19:57:58,249 INFO _main.py 51:: #####################
2024-12-03 19:57:58,249 INFO _main.py 52:: #####################
2024-12-03 19:58:03,141 INFO server.py 366:: SET DBSCAN eps=18, min_samples=12
2024-12-03 19:58:03,181 INFO _main.py 135:: [1-normal, 0-malicious] label =tensor([0., 1., 1., 1., 1., 1., 1., 1., 1., 1., 0., 0., 1., 1., 1., 1., 1., 1.,
        1., 1., 1., 1., 1., 1., 0., 0., 0., 1., 1., 1., 1., 1., 1., 1., 1., 1.,
        1., 1., 1., 1.])
2024-12-03 19:58:03,460 INFO malicious_clients.py 123:: init ATTACK OMNISCIENT Client 0
2024-12-03 19:58:03,954 INFO malicious_clients.py 18:: init UNRELIABLE Client 2
2024-12-03 19:58:06,180 INFO malicious_clients.py 123:: init ATTACK OMNISCIENT Client 10
2024-12-03 19:58:06,455 INFO malicious_clients.py 123:: init ATTACK OMNISCIENT Client 11
2024-12-03 19:58:08,297 INFO malicious_clients.py 18:: init UNRELIABLE Client 18
2024-12-03 19:58:08,842 INFO malicious_clients.py 18:: init UNRELIABLE Client 20
2024-12-03 19:58:09,996 INFO malicious_clients.py 73:: init ATTACK ADD NOISE TO GRAD Client 24
2024-12-03 19:58:10,265 INFO malicious_clients.py 73:: init ATTACK ADD NOISE TO GRAD Client 25
2024-12-03 19:58:10,537 INFO malicious_clients.py 73:: init ATTACK ADD NOISE TO GRAD Client 26
2024-12-03 19:58:14,276 INFO server.py 211:: [Server] Start testing
2024-12-03 19:58:20,053 INFO server.py 235:: [Server] Test set: Average loss: 2.3743, Accuracy: 907/10000 (9.07%)

2024-12-03 19:58:20,055 INFO server.py 238:: [Sever] Confusion matrix:
 tensor([[229., 420.,   6.,  74.,   8.,   0.,  33.,   1., 166.,  63.],
        [191., 240.,  34., 128.,  24.,   0.,  65.,   0., 125., 193.],
        [271., 348.,  31.,  41.,  11.,   0.,  29.,  10., 148., 111.],
        [173., 335.,  51.,  75.,  22.,   0.,  40.,   3.,  74., 227.],
        [211., 287.,  11.,  43.,   4.,   0.,  28.,  18., 284., 114.],
        [262., 227., 124.,  58.,  29.,   0.,  32.,   4.,  78., 186.],
        [135., 321.,  21.,  28.,   1.,   0.,  48.,   6., 289., 151.],
        [222., 250.,  50., 116.,  26.,   0.,  24.,  10., 157., 145.],
        [317., 366.,   4., 102.,   9.,   0.,  24.,   1., 105.,  72.],
        [269., 286.,  11.,  92.,  17.,   0.,  28.,   0., 132., 165.]])
2024-12-03 19:58:20,060 INFO server.py 254:: [Server] Precision=[0.10043859 0.07792208 0.09037901 0.0990753  0.02649007        nan
 0.13675214 0.18867925 0.06739409 0.11562719],
 Recall=[0.229 0.24  0.031 0.075 0.004 0.    0.048 0.01  0.105 0.165],
 F1-score=[0.13963415 0.11764707 0.0461653  0.08537279 0.00695048        nan
 0.07105848 0.01899335 0.08209538 0.13597034],
 my_accuracy=9.070000052452087[%]
2024-12-03 19:58:20,061 INFO _main.py 209:: ########EPOCH 0 ########
2024-12-03 19:58:20,061 INFO _main.py 210:: ###Model distribution###
2024-12-03 19:59:29,971 INFO server.py 1080:: clients' sizes=[15, 12, 5, 7, 6, 13, 13, 4, 4, 10, 13, 8, 5, 9, 12, 14, 6, 12, 11, 9, 6, 12, 17, 7, 9, 9, 8, 12, 9, 8, 6, 5, 9, 12, 9, 4, 7, 12, 14, 9], total=372
2024-12-03 19:59:32,866 INFO server.py 327:: [Server] The aggregation takes 5.084539 seconds.

2024-12-03 19:59:32,918 INFO server.py 211:: [Server] Start testing
2024-12-03 19:59:37,324 INFO server.py 235:: [Server] Test set: Average loss: 2.1405, Accuracy: 2412/10000 (24.12%)

2024-12-03 19:59:37,326 INFO server.py 238:: [Sever] Confusion matrix:
 tensor([[491.,   0.,  35.,  26., 194.,  99.,  89.,   0.,  66.,   0.],
        [ 66.,   2.,   6.,  61., 320., 361., 144.,   1.,  37.,   2.],
        [112.,   0.,  74.,  41., 389., 254., 127.,   2.,   1.,   0.],
        [ 12.,   0.,  14.,  39., 293., 493., 144.,   1.,   4.,   0.],
        [ 55.,   0.,  23.,  27., 662., 105., 119.,   1.,   8.,   0.],
        [ 10.,   0.,   9.,  26., 212., 642.,  99.,   0.,   2.,   0.],
        [ 33.,   0.,  37.,  25., 424., 180., 300.,   0.,   1.,   0.],
        [ 15.,   0.,   6.,  26., 565., 311.,  65.,   8.,   4.,   0.],
        [393.,   0.,  13.,  30., 167., 105., 104.,   0., 187.,   1.],
        [ 51.,   2.,   6.,  31., 346., 404.,  95.,   0.,  58.,   7.]])
2024-12-03 19:59:37,328 INFO server.py 254:: [Server] Precision=[0.39660743 0.5        0.33183858 0.11746988 0.18533035 0.21733244
 0.2332815  0.61538464 0.5081522  0.7       ],
 Recall=[0.491 0.002 0.074 0.039 0.662 0.642 0.3   0.008 0.187 0.007],
 F1-score=[0.4387846  0.00398406 0.1210139  0.05855856 0.2895888  0.32473445
 0.2624672  0.01579467 0.2733918  0.01386139],
 my_accuracy=24.12000000476837[%]
2024-12-03 19:59:37,328 INFO _main.py 209:: ########EPOCH 1 ########
2024-12-03 19:59:37,329 INFO _main.py 210:: ###Model distribution###
2024-12-03 20:00:46,005 INFO server.py 1080:: clients' sizes=[15, 12, 5, 7, 6, 13, 13, 4, 4, 10, 13, 8, 5, 9, 12, 14, 6, 12, 11, 9, 6, 12, 17, 7, 9, 9, 8, 12, 9, 8, 6, 5, 9, 12, 9, 4, 7, 12, 14, 9], total=372
2024-12-03 20:00:48,890 INFO server.py 327:: [Server] The aggregation takes 5.071795 seconds.

2024-12-03 20:00:48,943 INFO server.py 211:: [Server] Start testing
2024-12-03 20:00:53,484 INFO server.py 235:: [Server] Test set: Average loss: 2.5565, Accuracy: 2165/10000 (21.65%)

2024-12-03 20:00:53,486 INFO server.py 238:: [Sever] Confusion matrix:
 tensor([[479.,   0., 230.,   7.,  79.,   6.,   8.,   0., 191.,   0.],
        [157.,   0., 283.,  59., 255.,  61.,  90.,   0.,  95.,   0.],
        [134.,   0., 619.,  16., 156.,  40.,  29.,   0.,   6.,   0.],
        [ 47.,   0., 438.,  51., 273., 130.,  55.,   0.,   6.,   0.],
        [117.,   0., 513.,   9., 307.,  19.,  15.,   0.,  20.,   0.],
        [ 35.,   0., 358.,  47., 231., 288.,  39.,   0.,   2.,   0.],
        [ 79.,   0., 656.,  15., 149.,  18.,  78.,   0.,   5.,   0.],
        [ 32.,   0., 294.,  46., 522.,  81.,  12.,   4.,   9.,   0.],
        [407.,   0., 151.,   7.,  65.,  12.,  19.,   0., 339.,   0.],
        [119.,   0., 287.,  57., 294.,  92.,  53.,   0.,  98.,   0.]])
2024-12-03 20:00:53,487 INFO server.py 254:: [Server] Precision=[0.29825655        nan 0.16166101 0.16242038 0.13170314 0.38554215
 0.1959799  1.         0.4396887         nan],
 Recall=[0.479 0.    0.619 0.051 0.307 0.288 0.078 0.004 0.339 0.   ],
 F1-score=[0.3676132         nan 0.25636777 0.07762557 0.18432905 0.32970807
 0.11158798 0.00796813 0.38283455        nan],
 my_accuracy=21.649999916553497[%]
2024-12-03 20:00:53,488 INFO _main.py 209:: ########EPOCH 2 ########
2024-12-03 20:00:53,488 INFO _main.py 210:: ###Model distribution###
2024-12-03 20:02:03,228 INFO server.py 1080:: clients' sizes=[15, 12, 5, 7, 6, 13, 13, 4, 4, 10, 13, 8, 5, 9, 12, 14, 6, 12, 11, 9, 6, 12, 17, 7, 9, 9, 8, 12, 9, 8, 6, 5, 9, 12, 9, 4, 7, 12, 14, 9], total=372
2024-12-03 20:02:06,379 INFO server.py 327:: [Server] The aggregation takes 5.343483 seconds.

2024-12-03 20:02:06,434 INFO server.py 211:: [Server] Start testing
2024-12-03 20:02:10,984 INFO server.py 235:: [Server] Test set: Average loss: 2.3677, Accuracy: 2641/10000 (26.41%)

2024-12-03 20:02:10,986 INFO server.py 238:: [Sever] Confusion matrix:
 tensor([[442.,   0., 206.,   9.,  85.,  18.,   3.,   0., 237.,   0.],
        [ 72.,   1., 192.,  85., 229., 153.,  51.,   0., 214.,   3.],
        [129.,   0., 528.,  16., 195.,  99.,  21.,   0.,  12.,   0.],
        [ 30.,   0., 310.,  75., 282., 257.,  32.,   0.,  14.,   0.],
        [ 82.,   0., 363.,  13., 460.,  42.,  13.,   0.,  27.,   0.],
        [ 25.,   0., 201.,  37., 190., 518.,  23.,   1.,   5.,   0.],
        [ 57.,   0., 495.,  29., 279.,  60.,  75.,   0.,   5.,   0.],
        [ 22.,   0., 184.,  42., 516., 200.,   4.,  13.,  19.,   0.],
        [241.,   0., 112.,  14.,  73.,  26.,  17.,   0., 517.,   0.],
        [ 48.,   0., 145.,  66., 235., 250.,  21.,   0., 223.,  12.]])
2024-12-03 20:02:10,988 INFO server.py 254:: [Server] Precision=[0.38501742 1.         0.19298245 0.19430052 0.1808176  0.31916204
 0.28846154 0.9285714  0.40612724 0.8       ],
 Recall=[0.442 0.001 0.528 0.075 0.46  0.518 0.075 0.013 0.517 0.012],
 F1-score=[0.4115456  0.001998   0.28265527 0.10822511 0.25959367 0.39496762
 0.11904762 0.02564103 0.4549054  0.02364532],
 my_accuracy=26.409998536109924[%]
2024-12-03 20:02:10,988 INFO _main.py 209:: ########EPOCH 3 ########
2024-12-03 20:02:10,988 INFO _main.py 210:: ###Model distribution###
2024-12-03 20:04:18,435 INFO server.py 570:: flip_sign_id={0, 2, 10, 11, 18, 20}
2024-12-03 20:04:18,435 INFO server.py 585:: ===========using shortHoGs for detecting UNTARGETED ATTACK====
