2024-12-03 23:53:07,626 INFO _main.py 39:: ################################################################
2024-12-03 23:53:07,627 INFO _main.py 41:: #                              batch_size: 8                   #
2024-12-03 23:53:07,629 INFO _main.py 41:: #                         test_batch_size: 8                   #
2024-12-03 23:53:07,629 INFO _main.py 41:: #                                  epochs: 10                  #
2024-12-03 23:53:07,630 INFO _main.py 41:: #                               optimizer: SGD                 #
2024-12-03 23:53:07,630 INFO _main.py 41:: #                                      lr: 0.01                #
2024-12-03 23:53:07,630 INFO _main.py 41:: #                                momentum: 0.9                 #
2024-12-03 23:53:07,630 INFO _main.py 41:: #                            weight_decay: 0.0001              #
2024-12-03 23:53:07,630 INFO _main.py 41:: #                                    seed: 1                   #
2024-12-03 23:53:07,630 INFO _main.py 41:: #                            log_interval: 11                  #
2024-12-03 23:53:07,630 INFO _main.py 41:: #                             num_clients: 40                  #
2024-12-03 23:53:07,630 INFO _main.py 41:: #                           output_folder: experiments         #
2024-12-03 23:53:07,630 INFO _main.py 41:: #                                 dataset: cifar               #
2024-12-03 23:53:07,630 INFO _main.py 41:: #                             loader_type: dirichlet           #
2024-12-03 23:53:07,631 INFO _main.py 41:: #                             loader_path: ./data/loader.pk    #
2024-12-03 23:53:07,631 INFO _main.py 41:: #                                      AR: mudhog              #
2024-12-03 23:53:07,631 INFO _main.py 41:: #                     n_attacker_backdoor: 0                   #
2024-12-03 23:53:07,631 INFO _main.py 41:: #                        backdoor_trigger: [0, 0, 1, 1]        #
2024-12-03 23:53:07,631 INFO _main.py 41:: #                   n_attacker_omniscient: 0                   #
2024-12-03 23:53:07,631 INFO _main.py 41:: #                        omniscient_scale: 1                   #
2024-12-03 23:53:07,631 INFO _main.py 41:: #                                 attacks: None                #
2024-12-03 23:53:07,631 INFO _main.py 41:: #                      save_model_weights: False               #
2024-12-03 23:53:07,631 INFO _main.py 41:: #                         experiment_name: sExp4Ba_40ep_cifar_mudhog_40C_5#
2024-12-03 23:53:07,631 INFO _main.py 41:: #                          path_to_aggNet: None                #
2024-12-03 23:53:07,631 INFO _main.py 41:: #                                  device: cuda                #
2024-12-03 23:53:07,631 INFO _main.py 41:: #                            inner_epochs: 4                   #
2024-12-03 23:53:07,632 INFO _main.py 41:: #                                 verbose: True                #
2024-12-03 23:53:07,632 INFO _main.py 41:: #                         list_unreliable: [2, 18, 20]         #
2024-12-03 23:53:07,632 INFO _main.py 41:: #                     unreliable_fraction: 0.5                 #
2024-12-03 23:53:07,632 INFO _main.py 41:: #                    unreliable_fracTrain: 0.3                 #
2024-12-03 23:53:07,632 INFO _main.py 41:: #                         mean_unreliable: 0.0                 #
2024-12-03 23:53:07,632 INFO _main.py 41:: #                             blur_method: add_noise           #
2024-12-03 23:53:07,632 INFO _main.py 41:: #                      max_std_unreliable: 30.0                #
2024-12-03 23:53:07,632 INFO _main.py 41:: #                     list_uatk_add_noise: [24, 25, 26]        #
2024-12-03 23:53:07,632 INFO _main.py 41:: #                          mean_add_noise: 0.0                 #
2024-12-03 23:53:07,632 INFO _main.py 41:: #                           std_add_noise: 0.01                #
2024-12-03 23:53:07,632 INFO _main.py 41:: #                     list_uatk_flip_sign: [0, 10, 11]         #
2024-12-03 23:53:07,632 INFO _main.py 42:: ################################################################
2024-12-03 23:53:07,633 INFO _main.py 43:: Namespace(batch_size=8, test_batch_size=8, epochs=10, optimizer='SGD', lr=0.01, momentum=0.9, weight_decay=0.0001, seed=1, log_interval=11, num_clients=40, output_folder='experiments', dataset='cifar', loader_type='dirichlet', loader_path='./data/loader.pk', AR='mudhog', n_attacker_backdoor=0, backdoor_trigger=[0, 0, 1, 1], n_attacker_omniscient=0, omniscient_scale=1, attacks=None, save_model_weights=False, experiment_name='sExp4Ba_40ep_cifar_mudhog_40C_5', path_to_aggNet=None, device='cuda', inner_epochs=4, verbose=True, list_unreliable=[2, 18, 20], unreliable_fraction=0.5, unreliable_fracTrain=0.3, mean_unreliable=0.0, blur_method='add_noise', max_std_unreliable=30.0, list_uatk_add_noise=[24, 25, 26], mean_add_noise=0.0, std_add_noise=0.01, list_uatk_flip_sign=[0, 10, 11])
2024-12-03 23:53:07,633 INFO _main.py 44:: #####################
2024-12-03 23:53:07,633 INFO _main.py 45:: #####################
2024-12-03 23:53:07,633 INFO _main.py 46:: #####################
2024-12-03 23:53:07,633 INFO _main.py 47:: Aggregation Rule:	mudhog
2024-12-03 23:53:07,633 INFO _main.py 48:: Data distribution:	dirichlet
2024-12-03 23:53:07,633 INFO _main.py 49:: Attacks:	None 
2024-12-03 23:53:07,633 INFO _main.py 50:: #####################
2024-12-03 23:53:07,633 INFO _main.py 51:: #####################
2024-12-03 23:53:07,633 INFO _main.py 52:: #####################
2024-12-03 23:53:12,244 INFO server.py 366:: SET DBSCAN eps=18, min_samples=12
2024-12-03 23:53:12,280 INFO _main.py 135:: [1-normal, 0-malicious] label =tensor([0., 1., 1., 1., 1., 1., 1., 1., 1., 1., 0., 0., 1., 1., 1., 1., 1., 1.,
        1., 1., 1., 1., 1., 1., 0., 0., 0., 1., 1., 1., 1., 1., 1., 1., 1., 1.,
        1., 1., 1., 1.])
2024-12-03 23:53:12,565 INFO malicious_clients.py 123:: init ATTACK OMNISCIENT Client 0
2024-12-03 23:53:13,073 INFO malicious_clients.py 18:: init UNRELIABLE Client 2
2024-12-03 23:53:15,371 INFO malicious_clients.py 123:: init ATTACK OMNISCIENT Client 10
2024-12-03 23:53:15,644 INFO malicious_clients.py 123:: init ATTACK OMNISCIENT Client 11
2024-12-03 23:53:17,509 INFO malicious_clients.py 18:: init UNRELIABLE Client 18
2024-12-03 23:53:18,068 INFO malicious_clients.py 18:: init UNRELIABLE Client 20
2024-12-03 23:53:19,208 INFO malicious_clients.py 73:: init ATTACK ADD NOISE TO GRAD Client 24
2024-12-03 23:53:19,480 INFO malicious_clients.py 73:: init ATTACK ADD NOISE TO GRAD Client 25
2024-12-03 23:53:19,754 INFO malicious_clients.py 73:: init ATTACK ADD NOISE TO GRAD Client 26
2024-12-03 23:53:23,490 INFO server.py 211:: [Server] Start testing
2024-12-03 23:53:32,409 INFO server.py 235:: [Server] Test set: Average loss: 2.3744, Accuracy: 908/10000 (9.08%)

2024-12-03 23:53:32,411 INFO server.py 238:: [Sever] Confusion matrix:
 tensor([[230., 420.,   6.,  74.,   8.,   0.,  33.,   1., 165.,  63.],
        [191., 241.,  34., 128.,  24.,   0.,  65.,   0., 125., 192.],
        [272., 348.,  31.,  40.,  11.,   0.,  29.,  10., 148., 111.],
        [173., 335.,  51.,  75.,  22.,   0.,  40.,   3.,  74., 227.],
        [210., 288.,  11.,  43.,   4.,   0.,  28.,  18., 284., 114.],
        [262., 227., 124.,  57.,  29.,   0.,  32.,   4.,  78., 187.],
        [134., 322.,  21.,  28.,   1.,   0.,  48.,   6., 289., 151.],
        [222., 251.,  50., 115.,  27.,   0.,  23.,  10., 157., 145.],
        [316., 367.,   4., 102.,   9.,   0.,  24.,   1., 104.,  73.],
        [270., 285.,  11.,  92.,  17.,   0.,  28.,   0., 132., 165.]])
2024-12-03 23:53:32,417 INFO server.py 254:: [Server] Precision=[0.1008772  0.07814527 0.09037901 0.0994695  0.02631579        nan
 0.13714285 0.18867925 0.06683805 0.11554622],
 Recall=[0.23  0.241 0.031 0.075 0.004 0.    0.048 0.01  0.104 0.165],
 F1-score=[0.14024392 0.11802156 0.0461653  0.08551882 0.00694444        nan
 0.07111111 0.01899335 0.08137715 0.13591434],
 my_accuracy=9.080000221729279[%]
2024-12-03 23:53:32,418 INFO _main.py 209:: ########EPOCH 0 ########
2024-12-03 23:53:32,418 INFO _main.py 210:: ###Model distribution###
2024-12-03 23:58:35,909 INFO server.py 1080:: clients' sizes=[255, 196, 80, 121, 102, 223, 210, 70, 77, 168, 210, 129, 82, 149, 197, 227, 100, 199, 187, 159, 101, 199, 272, 120, 156, 148, 131, 197, 154, 135, 110, 88, 157, 197, 156, 67, 118, 204, 237, 147], total=6235
2024-12-03 23:58:38,753 INFO server.py 327:: [Server] The aggregation takes 5.299378 seconds.

2024-12-03 23:58:38,806 INFO server.py 211:: [Server] Start testing
2024-12-03 23:58:46,732 INFO server.py 235:: [Server] Test set: Average loss: 2.3215, Accuracy: 1000/10000 (10.0%)

2024-12-03 23:58:46,734 INFO server.py 238:: [Sever] Confusion matrix:
 tensor([[1000.,    0.,    0.,    0.,    0.,    0.,    0.,    0.,    0.,    0.],
        [1000.,    0.,    0.,    0.,    0.,    0.,    0.,    0.,    0.,    0.],
        [1000.,    0.,    0.,    0.,    0.,    0.,    0.,    0.,    0.,    0.],
        [1000.,    0.,    0.,    0.,    0.,    0.,    0.,    0.,    0.,    0.],
        [1000.,    0.,    0.,    0.,    0.,    0.,    0.,    0.,    0.,    0.],
        [1000.,    0.,    0.,    0.,    0.,    0.,    0.,    0.,    0.,    0.],
        [1000.,    0.,    0.,    0.,    0.,    0.,    0.,    0.,    0.,    0.],
        [1000.,    0.,    0.,    0.,    0.,    0.,    0.,    0.,    0.,    0.],
        [1000.,    0.,    0.,    0.,    0.,    0.,    0.,    0.,    0.,    0.],
        [1000.,    0.,    0.,    0.,    0.,    0.,    0.,    0.,    0.,    0.]])
2024-12-03 23:58:46,735 INFO server.py 254:: [Server] Precision=[0.1 nan nan nan nan nan nan nan nan nan],
 Recall=[1. 0. 0. 0. 0. 0. 0. 0. 0. 0.],
 F1-score=[0.18181819        nan        nan        nan        nan        nan
        nan        nan        nan        nan],
 my_accuracy=10.000000149011612[%]
2024-12-03 23:58:46,736 INFO _main.py 209:: ########EPOCH 1 ########
2024-12-03 23:58:46,736 INFO _main.py 210:: ###Model distribution###
2024-12-04 00:03:51,503 INFO server.py 1080:: clients' sizes=[255, 196, 80, 121, 102, 223, 210, 70, 77, 168, 210, 129, 82, 149, 197, 227, 100, 199, 187, 159, 101, 199, 272, 120, 156, 148, 131, 197, 154, 135, 110, 88, 157, 197, 156, 67, 118, 204, 237, 147], total=6235
2024-12-04 00:03:54,456 INFO server.py 327:: [Server] The aggregation takes 5.157065 seconds.

2024-12-04 00:03:54,510 INFO server.py 211:: [Server] Start testing
2024-12-04 00:04:02,499 INFO server.py 235:: [Server] Test set: Average loss: 2.3231, Accuracy: 1000/10000 (10.0%)

2024-12-04 00:04:02,500 INFO server.py 238:: [Sever] Confusion matrix:
 tensor([[   0.,    0.,    0.,    0.,    0., 1000.,    0.,    0.,    0.,    0.],
        [   0.,    0.,    0.,    0.,    0., 1000.,    0.,    0.,    0.,    0.],
        [   0.,    0.,    0.,    0.,    0., 1000.,    0.,    0.,    0.,    0.],
        [   0.,    0.,    0.,    0.,    0., 1000.,    0.,    0.,    0.,    0.],
        [   0.,    0.,    0.,    0.,    0., 1000.,    0.,    0.,    0.,    0.],
        [   0.,    0.,    0.,    0.,    0., 1000.,    0.,    0.,    0.,    0.],
        [   0.,    0.,    0.,    0.,    0., 1000.,    0.,    0.,    0.,    0.],
        [   0.,    0.,    0.,    0.,    0., 1000.,    0.,    0.,    0.,    0.],
        [   0.,    0.,    0.,    0.,    0., 1000.,    0.,    0.,    0.,    0.],
        [   0.,    0.,    0.,    0.,    0., 1000.,    0.,    0.,    0.,    0.]])
2024-12-04 00:04:02,501 INFO server.py 254:: [Server] Precision=[nan nan nan nan nan 0.1 nan nan nan nan],
 Recall=[0. 0. 0. 0. 0. 1. 0. 0. 0. 0.],
 F1-score=[       nan        nan        nan        nan        nan 0.18181819
        nan        nan        nan        nan],
 my_accuracy=10.000000149011612[%]
2024-12-04 00:04:02,502 INFO _main.py 209:: ########EPOCH 2 ########
2024-12-04 00:04:02,502 INFO _main.py 210:: ###Model distribution###
2024-12-04 00:09:04,554 INFO server.py 1080:: clients' sizes=[255, 196, 80, 121, 102, 223, 210, 70, 77, 168, 210, 129, 82, 149, 197, 227, 100, 199, 187, 159, 101, 199, 272, 120, 156, 148, 131, 197, 154, 135, 110, 88, 157, 197, 156, 67, 118, 204, 237, 147], total=6235
2024-12-04 00:09:07,983 INFO server.py 327:: [Server] The aggregation takes 5.699228 seconds.

2024-12-04 00:09:08,038 INFO server.py 211:: [Server] Start testing
2024-12-04 00:09:15,968 INFO server.py 235:: [Server] Test set: Average loss: 2.3240, Accuracy: 1000/10000 (10.0%)

2024-12-04 00:09:15,970 INFO server.py 238:: [Sever] Confusion matrix:
 tensor([[   0.,    0.,    0.,    0.,    0., 1000.,    0.,    0.,    0.,    0.],
        [   0.,    0.,    0.,    0.,    0., 1000.,    0.,    0.,    0.,    0.],
        [   0.,    0.,    0.,    0.,    0., 1000.,    0.,    0.,    0.,    0.],
        [   0.,    0.,    0.,    0.,    0., 1000.,    0.,    0.,    0.,    0.],
        [   0.,    0.,    0.,    0.,    0., 1000.,    0.,    0.,    0.,    0.],
        [   0.,    0.,    0.,    0.,    0., 1000.,    0.,    0.,    0.,    0.],
        [   0.,    0.,    0.,    0.,    0., 1000.,    0.,    0.,    0.,    0.],
        [   0.,    0.,    0.,    0.,    0., 1000.,    0.,    0.,    0.,    0.],
        [   0.,    0.,    0.,    0.,    0., 1000.,    0.,    0.,    0.,    0.],
        [   0.,    0.,    0.,    0.,    0., 1000.,    0.,    0.,    0.,    0.]])
2024-12-04 00:09:15,971 INFO server.py 254:: [Server] Precision=[nan nan nan nan nan 0.1 nan nan nan nan],
 Recall=[0. 0. 0. 0. 0. 1. 0. 0. 0. 0.],
 F1-score=[       nan        nan        nan        nan        nan 0.18181819
        nan        nan        nan        nan],
 my_accuracy=10.000000149011612[%]
2024-12-04 00:09:15,971 INFO _main.py 209:: ########EPOCH 3 ########
2024-12-04 00:09:15,972 INFO _main.py 210:: ###Model distribution###
2024-12-04 00:15:15,902 INFO server.py 570:: flip_sign_id={0, 2, 8, 10, 11, 18, 20}
2024-12-04 00:15:15,902 INFO server.py 585:: ===========using shortHoGs for detecting UNTARGETED ATTACK====
