2024-12-01 21:22:36,778 INFO _main.py 39:: ################################################################
2024-12-01 21:22:36,780 INFO _main.py 41:: #                              batch_size: 64                  #
2024-12-01 21:22:36,781 INFO _main.py 41:: #                         test_batch_size: 32                  #
2024-12-01 21:22:36,782 INFO _main.py 41:: #                                  epochs: 10                  #
2024-12-01 21:22:36,783 INFO _main.py 41:: #                               optimizer: SGD                 #
2024-12-01 21:22:36,783 INFO _main.py 41:: #                                      lr: 0.01                #
2024-12-01 21:22:36,783 INFO _main.py 41:: #                                momentum: 0.9                 #
2024-12-01 21:22:36,783 INFO _main.py 41:: #                            weight_decay: 0.0001              #
2024-12-01 21:22:36,783 INFO _main.py 41:: #                                    seed: 1                   #
2024-12-01 21:22:36,784 INFO _main.py 41:: #                            log_interval: 11                  #
2024-12-01 21:22:36,784 INFO _main.py 41:: #                             num_clients: 40                  #
2024-12-01 21:22:36,784 INFO _main.py 41:: #                           output_folder: experiments         #
2024-12-01 21:22:36,784 INFO _main.py 41:: #                                 dataset: rockburst           #
2024-12-01 21:22:36,784 INFO _main.py 41:: #                             loader_type: dirichlet           #
2024-12-01 21:22:36,784 INFO _main.py 41:: #                             loader_path: ./data/loader.pk    #
2024-12-01 21:22:36,784 INFO _main.py 41:: #                                      AR: mkrum               #
2024-12-01 21:22:36,785 INFO _main.py 41:: #                     n_attacker_backdoor: 0                   #
2024-12-01 21:22:36,785 INFO _main.py 41:: #                        backdoor_trigger: [0, 0, 1, 1]        #
2024-12-01 21:22:36,785 INFO _main.py 41:: #                   n_attacker_omniscient: 0                   #
2024-12-01 21:22:36,785 INFO _main.py 41:: #                        omniscient_scale: 1                   #
2024-12-01 21:22:36,785 INFO _main.py 41:: #                                 attacks: None                #
2024-12-01 21:22:36,785 INFO _main.py 41:: #                      save_model_weights: False               #
2024-12-01 21:22:36,785 INFO _main.py 41:: #                         experiment_name: sExp4Ba_40ep_rockburst_mkrum_40C_5#
2024-12-01 21:22:36,785 INFO _main.py 41:: #                          path_to_aggNet: None                #
2024-12-01 21:22:36,786 INFO _main.py 41:: #                                  device: cpu                 #
2024-12-01 21:22:36,786 INFO _main.py 41:: #                            inner_epochs: 4                   #
2024-12-01 21:22:36,786 INFO _main.py 41:: #                                 verbose: True                #
2024-12-01 21:22:36,786 INFO _main.py 41:: #                         list_unreliable: [2, 18, 20]         #
2024-12-01 21:22:36,786 INFO _main.py 41:: #                     unreliable_fraction: 0.5                 #
2024-12-01 21:22:36,786 INFO _main.py 41:: #                    unreliable_fracTrain: 0.3                 #
2024-12-01 21:22:36,786 INFO _main.py 41:: #                         mean_unreliable: 0.0                 #
2024-12-01 21:22:36,786 INFO _main.py 41:: #                             blur_method: add_noise           #
2024-12-01 21:22:36,787 INFO _main.py 41:: #                      max_std_unreliable: 30.0                #
2024-12-01 21:22:36,787 INFO _main.py 41:: #                     list_uatk_add_noise: [24, 25, 26]        #
2024-12-01 21:22:36,787 INFO _main.py 41:: #                          mean_add_noise: 0.0                 #
2024-12-01 21:22:36,787 INFO _main.py 41:: #                           std_add_noise: 0.01                #
2024-12-01 21:22:36,787 INFO _main.py 41:: #                     list_uatk_flip_sign: [0, 10, 11]         #
2024-12-01 21:22:36,787 INFO _main.py 42:: ################################################################
2024-12-01 21:22:36,787 INFO _main.py 43:: Namespace(batch_size=64, test_batch_size=32, epochs=10, optimizer='SGD', lr=0.01, momentum=0.9, weight_decay=0.0001, seed=1, log_interval=11, num_clients=40, output_folder='experiments', dataset='rockburst', loader_type='dirichlet', loader_path='./data/loader.pk', AR='mkrum', n_attacker_backdoor=0, backdoor_trigger=[0, 0, 1, 1], n_attacker_omniscient=0, omniscient_scale=1, attacks=None, save_model_weights=False, experiment_name='sExp4Ba_40ep_rockburst_mkrum_40C_5', path_to_aggNet=None, device='cpu', inner_epochs=4, verbose=True, list_unreliable=[2, 18, 20], unreliable_fraction=0.5, unreliable_fracTrain=0.3, mean_unreliable=0.0, blur_method='add_noise', max_std_unreliable=30.0, list_uatk_add_noise=[24, 25, 26], mean_add_noise=0.0, std_add_noise=0.01, list_uatk_flip_sign=[0, 10, 11])
2024-12-01 21:22:36,788 INFO _main.py 44:: #####################
2024-12-01 21:22:36,788 INFO _main.py 45:: #####################
2024-12-01 21:22:36,788 INFO _main.py 46:: #####################
2024-12-01 21:22:36,788 INFO _main.py 47:: Aggregation Rule:	mkrum
2024-12-01 21:22:36,788 INFO _main.py 48:: Data distribution:	dirichlet
2024-12-01 21:22:36,788 INFO _main.py 49:: Attacks:	None 
2024-12-01 21:22:36,788 INFO _main.py 50:: #####################
2024-12-01 21:22:36,789 INFO _main.py 51:: #####################
2024-12-01 21:22:36,789 INFO _main.py 52:: #####################
2024-12-01 21:22:39,029 INFO server.py 366:: SET DBSCAN eps=1.3, min_samples=10
2024-12-01 21:22:39,033 INFO _main.py 135:: [1-normal, 0-malicious] label =tensor([0., 1., 1., 1., 1., 1., 1., 1., 1., 1., 0., 0., 1., 1., 1., 1., 1., 1.,
        1., 1., 1., 1., 1., 1., 0., 0., 0., 1., 1., 1., 1., 1., 1., 1., 1., 1.,
        1., 1., 1., 1.])
2024-12-01 21:22:39,041 INFO malicious_clients.py 123:: init ATTACK OMNISCIENT Client 0
2024-12-01 21:22:39,048 INFO malicious_clients.py 18:: init UNRELIABLE Client 2
2024-12-01 21:22:39,092 INFO malicious_clients.py 123:: init ATTACK OMNISCIENT Client 10
2024-12-01 21:22:39,098 INFO malicious_clients.py 123:: init ATTACK OMNISCIENT Client 11
2024-12-01 21:22:39,128 INFO malicious_clients.py 18:: init UNRELIABLE Client 18
2024-12-01 21:22:39,138 INFO malicious_clients.py 18:: init UNRELIABLE Client 20
2024-12-01 21:22:39,162 INFO malicious_clients.py 73:: init ATTACK ADD NOISE TO GRAD Client 24
2024-12-01 21:22:39,168 INFO malicious_clients.py 73:: init ATTACK ADD NOISE TO GRAD Client 25
2024-12-01 21:22:39,173 INFO malicious_clients.py 73:: init ATTACK ADD NOISE TO GRAD Client 26
2024-12-01 21:22:39,255 INFO server.py 211:: [Server] Start testing
2024-12-01 21:22:39,285 INFO server.py 235:: [Server] Test set: Average loss: 1.3864, Accuracy: 50/200 (25.0%)

2024-12-01 21:22:39,287 INFO server.py 238:: [Sever] Confusion matrix:
 tensor([[50.,  0.,  0.,  0.],
        [50.,  0.,  0.,  0.],
        [50.,  0.,  0.,  0.],
        [50.,  0.,  0.,  0.]])
2024-12-01 21:22:39,297 INFO server.py 254:: [Server] Precision=[0.25  nan  nan  nan],
 Recall=[1. 0. 0. 0.],
 F1-score=[0.4 nan nan nan],
 my_accuracy=25.0[%]
2024-12-01 21:22:39,299 INFO _main.py 209:: ########EPOCH 0 ########
2024-12-01 21:22:39,300 INFO _main.py 210:: ###Model distribution###
2024-12-01 21:22:40,274 INFO server.py 1064:: clients' sizes=[1, 2, 1, 0, 0, 0, 2, 2, 0, 1, 0, 1, 2, 2, 2, 2, 1, 1, 2, 0, 1, 1, 1, 1, 1, 0, 1, 1, 1, 1, 2, 0, 2, 0, 1, 2, 1, 0, 2, 0], total=41
2024-12-01 21:22:40,369 INFO server.py 327:: [Server] The aggregation takes 0.442881 seconds.

2024-12-01 21:22:40,371 INFO server.py 211:: [Server] Start testing
2024-12-01 21:22:40,395 INFO server.py 235:: [Server] Test set: Average loss: 1.3857, Accuracy: 50/200 (25.0%)

2024-12-01 21:22:40,396 INFO server.py 238:: [Sever] Confusion matrix:
 tensor([[50.,  0.,  0.,  0.],
        [50.,  0.,  0.,  0.],
        [50.,  0.,  0.,  0.],
        [50.,  0.,  0.,  0.]])
2024-12-01 21:22:40,398 INFO server.py 254:: [Server] Precision=[0.25  nan  nan  nan],
 Recall=[1. 0. 0. 0.],
 F1-score=[0.4 nan nan nan],
 my_accuracy=25.0[%]
2024-12-01 21:22:40,398 INFO _main.py 209:: ########EPOCH 1 ########
2024-12-01 21:22:40,399 INFO _main.py 210:: ###Model distribution###
2024-12-01 21:22:41,183 INFO server.py 1064:: clients' sizes=[1, 2, 1, 0, 0, 0, 2, 2, 0, 1, 0, 1, 2, 2, 2, 2, 1, 1, 2, 0, 1, 1, 1, 1, 1, 0, 1, 1, 1, 1, 2, 0, 2, 0, 1, 2, 1, 0, 2, 0], total=41
2024-12-01 21:22:41,215 INFO server.py 327:: [Server] The aggregation takes 0.033590 seconds.

2024-12-01 21:22:41,217 INFO server.py 211:: [Server] Start testing
2024-12-01 21:22:41,241 INFO server.py 235:: [Server] Test set: Average loss: 1.3849, Accuracy: 50/200 (25.0%)

2024-12-01 21:22:41,243 INFO server.py 238:: [Sever] Confusion matrix:
 tensor([[50.,  0.,  0.,  0.],
        [50.,  0.,  0.,  0.],
        [50.,  0.,  0.,  0.],
        [50.,  0.,  0.,  0.]])
2024-12-01 21:22:41,245 INFO server.py 254:: [Server] Precision=[0.25  nan  nan  nan],
 Recall=[1. 0. 0. 0.],
 F1-score=[0.4 nan nan nan],
 my_accuracy=25.0[%]
2024-12-01 21:22:41,246 INFO _main.py 209:: ########EPOCH 2 ########
2024-12-01 21:22:41,247 INFO _main.py 210:: ###Model distribution###
2024-12-01 21:22:41,741 INFO server.py 1064:: clients' sizes=[1, 2, 1, 0, 0, 0, 2, 2, 0, 1, 0, 1, 2, 2, 2, 2, 1, 1, 2, 0, 1, 1, 1, 1, 1, 0, 1, 1, 1, 1, 2, 0, 2, 0, 1, 2, 1, 0, 2, 0], total=41
2024-12-01 21:22:41,766 INFO server.py 327:: [Server] The aggregation takes 0.026802 seconds.

2024-12-01 21:22:41,767 INFO server.py 211:: [Server] Start testing
2024-12-01 21:22:41,781 INFO server.py 235:: [Server] Test set: Average loss: 1.3825, Accuracy: 50/200 (25.0%)

2024-12-01 21:22:41,783 INFO server.py 238:: [Sever] Confusion matrix:
 tensor([[50.,  0.,  0.,  0.],
        [50.,  0.,  0.,  0.],
        [50.,  0.,  0.,  0.],
        [50.,  0.,  0.,  0.]])
2024-12-01 21:22:41,784 INFO server.py 254:: [Server] Precision=[0.25  nan  nan  nan],
 Recall=[1. 0. 0. 0.],
 F1-score=[0.4 nan nan nan],
 my_accuracy=25.0[%]
2024-12-01 21:22:41,785 INFO _main.py 209:: ########EPOCH 3 ########
2024-12-01 21:22:41,785 INFO _main.py 210:: ###Model distribution###
2024-12-01 21:22:42,252 INFO server.py 1064:: clients' sizes=[1, 2, 1, 0, 0, 0, 2, 2, 0, 1, 0, 1, 2, 2, 2, 2, 1, 1, 2, 0, 1, 1, 1, 1, 1, 0, 1, 1, 1, 1, 2, 0, 2, 0, 1, 2, 1, 0, 2, 0], total=41
2024-12-01 21:22:42,277 INFO server.py 327:: [Server] The aggregation takes 0.026579 seconds.

2024-12-01 21:22:42,278 INFO server.py 211:: [Server] Start testing
2024-12-01 21:22:42,292 INFO server.py 235:: [Server] Test set: Average loss: 1.3804, Accuracy: 50/200 (25.0%)

2024-12-01 21:22:42,294 INFO server.py 238:: [Sever] Confusion matrix:
 tensor([[50.,  0.,  0.,  0.],
        [50.,  0.,  0.,  0.],
        [50.,  0.,  0.,  0.],
        [50.,  0.,  0.,  0.]])
2024-12-01 21:22:42,295 INFO server.py 254:: [Server] Precision=[0.25  nan  nan  nan],
 Recall=[1. 0. 0. 0.],
 F1-score=[0.4 nan nan nan],
 my_accuracy=25.0[%]
2024-12-01 21:22:42,295 INFO _main.py 209:: ########EPOCH 4 ########
2024-12-01 21:22:42,296 INFO _main.py 210:: ###Model distribution###
2024-12-01 21:22:42,713 INFO server.py 1064:: clients' sizes=[1, 2, 1, 0, 0, 0, 2, 2, 0, 1, 0, 1, 2, 2, 2, 2, 1, 1, 2, 0, 1, 1, 1, 1, 1, 0, 1, 1, 1, 1, 2, 0, 2, 0, 1, 2, 1, 0, 2, 0], total=41
2024-12-01 21:22:42,740 INFO server.py 327:: [Server] The aggregation takes 0.027553 seconds.

2024-12-01 21:22:42,741 INFO server.py 211:: [Server] Start testing
2024-12-01 21:22:42,755 INFO server.py 235:: [Server] Test set: Average loss: 1.3779, Accuracy: 50/200 (25.0%)

2024-12-01 21:22:42,756 INFO server.py 238:: [Sever] Confusion matrix:
 tensor([[50.,  0.,  0.,  0.],
        [50.,  0.,  0.,  0.],
        [50.,  0.,  0.,  0.],
        [50.,  0.,  0.,  0.]])
2024-12-01 21:22:42,758 INFO server.py 254:: [Server] Precision=[0.25  nan  nan  nan],
 Recall=[1. 0. 0. 0.],
 F1-score=[0.4 nan nan nan],
 my_accuracy=25.0[%]
2024-12-01 21:22:42,758 INFO _main.py 209:: ########EPOCH 5 ########
2024-12-01 21:22:42,759 INFO _main.py 210:: ###Model distribution###
2024-12-01 21:22:43,190 INFO server.py 1064:: clients' sizes=[1, 2, 1, 0, 0, 0, 2, 2, 0, 1, 0, 1, 2, 2, 2, 2, 1, 1, 2, 0, 1, 1, 1, 1, 1, 0, 1, 1, 1, 1, 2, 0, 2, 0, 1, 2, 1, 0, 2, 0], total=41
2024-12-01 21:22:43,217 INFO server.py 327:: [Server] The aggregation takes 0.028195 seconds.

2024-12-01 21:22:43,218 INFO server.py 211:: [Server] Start testing
2024-12-01 21:22:43,232 INFO server.py 235:: [Server] Test set: Average loss: 1.3747, Accuracy: 50/200 (25.0%)

2024-12-01 21:22:43,233 INFO server.py 238:: [Sever] Confusion matrix:
 tensor([[50.,  0.,  0.,  0.],
        [50.,  0.,  0.,  0.],
        [50.,  0.,  0.,  0.],
        [50.,  0.,  0.,  0.]])
2024-12-01 21:22:43,234 INFO server.py 254:: [Server] Precision=[0.25  nan  nan  nan],
 Recall=[1. 0. 0. 0.],
 F1-score=[0.4 nan nan nan],
 my_accuracy=25.0[%]
2024-12-01 21:22:43,235 INFO _main.py 209:: ########EPOCH 6 ########
2024-12-01 21:22:43,236 INFO _main.py 210:: ###Model distribution###
2024-12-01 21:22:43,637 INFO server.py 1064:: clients' sizes=[1, 2, 1, 0, 0, 0, 2, 2, 0, 1, 0, 1, 2, 2, 2, 2, 1, 1, 2, 0, 1, 1, 1, 1, 1, 0, 1, 1, 1, 1, 2, 0, 2, 0, 1, 2, 1, 0, 2, 0], total=41
2024-12-01 21:22:43,668 INFO server.py 327:: [Server] The aggregation takes 0.032338 seconds.

2024-12-01 21:22:43,669 INFO server.py 211:: [Server] Start testing
2024-12-01 21:22:43,682 INFO server.py 235:: [Server] Test set: Average loss: 1.3718, Accuracy: 50/200 (25.0%)

2024-12-01 21:22:43,683 INFO server.py 238:: [Sever] Confusion matrix:
 tensor([[50.,  0.,  0.,  0.],
        [50.,  0.,  0.,  0.],
        [50.,  0.,  0.,  0.],
        [50.,  0.,  0.,  0.]])
2024-12-01 21:22:43,685 INFO server.py 254:: [Server] Precision=[0.25  nan  nan  nan],
 Recall=[1. 0. 0. 0.],
 F1-score=[0.4 nan nan nan],
 my_accuracy=25.0[%]
2024-12-01 21:22:43,685 INFO _main.py 209:: ########EPOCH 7 ########
2024-12-01 21:22:43,686 INFO _main.py 210:: ###Model distribution###
2024-12-01 21:22:44,130 INFO server.py 1064:: clients' sizes=[1, 2, 1, 0, 0, 0, 2, 2, 0, 1, 0, 1, 2, 2, 2, 2, 1, 1, 2, 0, 1, 1, 1, 1, 1, 0, 1, 1, 1, 1, 2, 0, 2, 0, 1, 2, 1, 0, 2, 0], total=41
2024-12-01 21:22:44,155 INFO server.py 327:: [Server] The aggregation takes 0.025668 seconds.

2024-12-01 21:22:44,156 INFO server.py 211:: [Server] Start testing
2024-12-01 21:22:44,169 INFO server.py 235:: [Server] Test set: Average loss: 1.3683, Accuracy: 51/200 (25.5%)

2024-12-01 21:22:44,170 INFO server.py 238:: [Sever] Confusion matrix:
 tensor([[50.,  0.,  0.,  0.],
        [50.,  0.,  0.,  0.],
        [50.,  0.,  0.,  0.],
        [49.,  0.,  0.,  1.]])
2024-12-01 21:22:44,171 INFO server.py 254:: [Server] Precision=[0.2512563       nan       nan 1.       ],
 Recall=[1.   0.   0.   0.02],
 F1-score=[0.40160644        nan        nan 0.03921569],
 my_accuracy=25.499999523162842[%]
2024-12-01 21:22:44,172 INFO _main.py 209:: ########EPOCH 8 ########
2024-12-01 21:22:44,172 INFO _main.py 210:: ###Model distribution###
2024-12-01 21:22:44,584 INFO server.py 1064:: clients' sizes=[1, 2, 1, 0, 0, 0, 2, 2, 0, 1, 0, 1, 2, 2, 2, 2, 1, 1, 2, 0, 1, 1, 1, 1, 1, 0, 1, 1, 1, 1, 2, 0, 2, 0, 1, 2, 1, 0, 2, 0], total=41
2024-12-01 21:22:44,609 INFO server.py 327:: [Server] The aggregation takes 0.027019 seconds.

2024-12-01 21:22:44,610 INFO server.py 211:: [Server] Start testing
2024-12-01 21:22:44,623 INFO server.py 235:: [Server] Test set: Average loss: 1.3648, Accuracy: 54/200 (27.0%)

2024-12-01 21:22:44,625 INFO server.py 238:: [Sever] Confusion matrix:
 tensor([[50.,  0.,  0.,  0.],
        [50.,  0.,  0.,  0.],
        [50.,  0.,  0.,  0.],
        [46.,  0.,  0.,  4.]])
2024-12-01 21:22:44,626 INFO server.py 254:: [Server] Precision=[0.25510204        nan        nan 1.        ],
 Recall=[1.   0.   0.   0.08],
 F1-score=[0.40650406        nan        nan 0.14814813],
 my_accuracy=27.000001072883606[%]
2024-12-01 21:22:44,627 INFO _main.py 209:: ########EPOCH 9 ########
2024-12-01 21:22:44,627 INFO _main.py 210:: ###Model distribution###
2024-12-01 21:22:45,071 INFO server.py 1064:: clients' sizes=[1, 2, 1, 0, 0, 0, 2, 2, 0, 1, 0, 1, 2, 2, 2, 2, 1, 1, 2, 0, 1, 1, 1, 1, 1, 0, 1, 1, 1, 1, 2, 0, 2, 0, 1, 2, 1, 0, 2, 0], total=41
2024-12-01 21:22:45,096 INFO server.py 327:: [Server] The aggregation takes 0.026130 seconds.

2024-12-01 21:22:45,097 INFO server.py 211:: [Server] Start testing
2024-12-01 21:22:45,112 INFO server.py 235:: [Server] Test set: Average loss: 1.3601, Accuracy: 63/200 (31.5%)

2024-12-01 21:22:45,115 INFO server.py 238:: [Sever] Confusion matrix:
 tensor([[50.,  0.,  0.,  0.],
        [50.,  0.,  0.,  0.],
        [50.,  0.,  0.,  0.],
        [37.,  0.,  0., 13.]])
2024-12-01 21:22:45,116 INFO server.py 254:: [Server] Precision=[0.26737967        nan        nan 1.        ],
 Recall=[1.   0.   0.   0.26],
 F1-score=[0.42194092        nan        nan 0.4126984 ],
 my_accuracy=31.49999976158142[%]
