2024-12-02 00:50:44,802 INFO _main.py 39:: ################################################################
2024-12-02 00:50:44,804 INFO _main.py 41:: #                              batch_size: 64                  #
2024-12-02 00:50:44,805 INFO _main.py 41:: #                         test_batch_size: 32                  #
2024-12-02 00:50:44,805 INFO _main.py 41:: #                                  epochs: 40                  #
2024-12-02 00:50:44,806 INFO _main.py 41:: #                               optimizer: SGD                 #
2024-12-02 00:50:44,806 INFO _main.py 41:: #                                      lr: 0.01                #
2024-12-02 00:50:44,806 INFO _main.py 41:: #                                momentum: 0.9                 #
2024-12-02 00:50:44,806 INFO _main.py 41:: #                            weight_decay: 0.0001              #
2024-12-02 00:50:44,807 INFO _main.py 41:: #                                    seed: 1                   #
2024-12-02 00:50:44,807 INFO _main.py 41:: #                            log_interval: 11                  #
2024-12-02 00:50:44,807 INFO _main.py 41:: #                             num_clients: 40                  #
2024-12-02 00:50:44,807 INFO _main.py 41:: #                           output_folder: experiments         #
2024-12-02 00:50:44,808 INFO _main.py 41:: #                                 dataset: rockburst           #
2024-12-02 00:50:44,808 INFO _main.py 41:: #                             loader_type: dirichlet           #
2024-12-02 00:50:44,808 INFO _main.py 41:: #                             loader_path: ./data/loader.pk    #
2024-12-02 00:50:44,808 INFO _main.py 41:: #                                      AR: mkrum               #
2024-12-02 00:50:44,808 INFO _main.py 41:: #                     n_attacker_backdoor: 0                   #
2024-12-02 00:50:44,808 INFO _main.py 41:: #                        backdoor_trigger: [0, 0, 1, 1]        #
2024-12-02 00:50:44,809 INFO _main.py 41:: #                   n_attacker_omniscient: 0                   #
2024-12-02 00:50:44,809 INFO _main.py 41:: #                        omniscient_scale: 1                   #
2024-12-02 00:50:44,809 INFO _main.py 41:: #                                 attacks: None                #
2024-12-02 00:50:44,809 INFO _main.py 41:: #                      save_model_weights: False               #
2024-12-02 00:50:44,809 INFO _main.py 41:: #                         experiment_name: sExp4Ba_40ep_rockburst_mkrum_40C_5#
2024-12-02 00:50:44,809 INFO _main.py 41:: #                          path_to_aggNet: None                #
2024-12-02 00:50:44,810 INFO _main.py 41:: #                                  device: cpu                 #
2024-12-02 00:50:44,810 INFO _main.py 41:: #                            inner_epochs: 30                  #
2024-12-02 00:50:44,810 INFO _main.py 41:: #                                 verbose: True                #
2024-12-02 00:50:44,810 INFO _main.py 41:: #                         list_unreliable: [2, 18, 20]         #
2024-12-02 00:50:44,810 INFO _main.py 41:: #                     unreliable_fraction: 0.5                 #
2024-12-02 00:50:44,811 INFO _main.py 41:: #                    unreliable_fracTrain: 0.3                 #
2024-12-02 00:50:44,811 INFO _main.py 41:: #                         mean_unreliable: 0.0                 #
2024-12-02 00:50:44,811 INFO _main.py 41:: #                             blur_method: add_noise           #
2024-12-02 00:50:44,811 INFO _main.py 41:: #                      max_std_unreliable: 30.0                #
2024-12-02 00:50:44,811 INFO _main.py 41:: #                     list_uatk_add_noise: [24, 25, 26]        #
2024-12-02 00:50:44,811 INFO _main.py 41:: #                          mean_add_noise: 0.0                 #
2024-12-02 00:50:44,812 INFO _main.py 41:: #                           std_add_noise: 0.01                #
2024-12-02 00:50:44,812 INFO _main.py 41:: #                     list_uatk_flip_sign: [0, 10, 11]         #
2024-12-02 00:50:44,812 INFO _main.py 42:: ################################################################
2024-12-02 00:50:44,812 INFO _main.py 43:: Namespace(batch_size=64, test_batch_size=32, epochs=40, optimizer='SGD', lr=0.01, momentum=0.9, weight_decay=0.0001, seed=1, log_interval=11, num_clients=40, output_folder='experiments', dataset='rockburst', loader_type='dirichlet', loader_path='./data/loader.pk', AR='mkrum', n_attacker_backdoor=0, backdoor_trigger=[0, 0, 1, 1], n_attacker_omniscient=0, omniscient_scale=1, attacks=None, save_model_weights=False, experiment_name='sExp4Ba_40ep_rockburst_mkrum_40C_5', path_to_aggNet=None, device='cpu', inner_epochs=30, verbose=True, list_unreliable=[2, 18, 20], unreliable_fraction=0.5, unreliable_fracTrain=0.3, mean_unreliable=0.0, blur_method='add_noise', max_std_unreliable=30.0, list_uatk_add_noise=[24, 25, 26], mean_add_noise=0.0, std_add_noise=0.01, list_uatk_flip_sign=[0, 10, 11])
2024-12-02 00:50:44,812 INFO _main.py 44:: #####################
2024-12-02 00:50:44,813 INFO _main.py 45:: #####################
2024-12-02 00:50:44,813 INFO _main.py 46:: #####################
2024-12-02 00:50:44,813 INFO _main.py 47:: Aggregation Rule:	mkrum
2024-12-02 00:50:44,813 INFO _main.py 48:: Data distribution:	dirichlet
2024-12-02 00:50:44,813 INFO _main.py 49:: Attacks:	None 
2024-12-02 00:50:44,813 INFO _main.py 50:: #####################
2024-12-02 00:50:44,814 INFO _main.py 51:: #####################
2024-12-02 00:50:44,814 INFO _main.py 52:: #####################
2024-12-02 00:50:46,354 INFO server.py 366:: SET DBSCAN eps=1.3, min_samples=10
2024-12-02 00:50:46,358 INFO _main.py 135:: [1-normal, 0-malicious] label =tensor([0., 1., 1., 1., 1., 1., 1., 1., 1., 1., 0., 0., 1., 1., 1., 1., 1., 1.,
        1., 1., 1., 1., 1., 1., 0., 0., 0., 1., 1., 1., 1., 1., 1., 1., 1., 1.,
        1., 1., 1., 1.])
2024-12-02 00:50:46,363 INFO malicious_clients.py 123:: init ATTACK OMNISCIENT Client 0
2024-12-02 00:50:46,368 INFO malicious_clients.py 18:: init UNRELIABLE Client 2
2024-12-02 00:50:46,399 INFO malicious_clients.py 123:: init ATTACK OMNISCIENT Client 10
2024-12-02 00:50:46,403 INFO malicious_clients.py 123:: init ATTACK OMNISCIENT Client 11
2024-12-02 00:50:46,424 INFO malicious_clients.py 18:: init UNRELIABLE Client 18
2024-12-02 00:50:46,432 INFO malicious_clients.py 18:: init UNRELIABLE Client 20
2024-12-02 00:50:46,449 INFO malicious_clients.py 73:: init ATTACK ADD NOISE TO GRAD Client 24
2024-12-02 00:50:46,453 INFO malicious_clients.py 73:: init ATTACK ADD NOISE TO GRAD Client 25
2024-12-02 00:50:46,457 INFO malicious_clients.py 73:: init ATTACK ADD NOISE TO GRAD Client 26
2024-12-02 00:50:46,507 INFO server.py 211:: [Server] Start testing
2024-12-02 00:50:46,523 INFO server.py 235:: [Server] Test set: Average loss: 1.3864, Accuracy: 50/200 (25.0%)

2024-12-02 00:50:46,524 INFO server.py 238:: [Sever] Confusion matrix:
 tensor([[50.,  0.,  0.,  0.],
        [50.,  0.,  0.,  0.],
        [50.,  0.,  0.,  0.],
        [50.,  0.,  0.,  0.]])
2024-12-02 00:50:46,530 INFO server.py 254:: [Server] Precision=[0.25  nan  nan  nan],
 Recall=[1. 0. 0. 0.],
 F1-score=[0.4 nan nan nan],
 my_accuracy=25.0[%]
2024-12-02 00:50:46,531 INFO _main.py 209:: ########EPOCH 0 ########
2024-12-02 00:50:46,532 INFO _main.py 210:: ###Model distribution###
2024-12-02 00:50:49,891 INFO server.py 1064:: clients' sizes=[1, 2, 1, 0, 0, 0, 2, 2, 0, 1, 0, 1, 2, 2, 2, 2, 1, 1, 2, 0, 1, 1, 1, 1, 1, 0, 1, 1, 1, 1, 2, 0, 2, 0, 1, 2, 1, 0, 2, 0], total=41
2024-12-02 00:50:49,932 INFO server.py 327:: [Server] The aggregation takes 0.048044 seconds.

2024-12-02 00:50:49,934 INFO server.py 211:: [Server] Start testing
2024-12-02 00:50:49,957 INFO server.py 235:: [Server] Test set: Average loss: 1.3618, Accuracy: 63/200 (31.5%)

2024-12-02 00:50:49,959 INFO server.py 238:: [Sever] Confusion matrix:
 tensor([[50.,  0.,  0.,  0.],
        [50.,  0.,  0.,  0.],
        [50.,  0.,  0.,  0.],
        [37.,  0.,  0., 13.]])
2024-12-02 00:50:49,960 INFO server.py 254:: [Server] Precision=[0.26737967        nan        nan 1.        ],
 Recall=[1.   0.   0.   0.26],
 F1-score=[0.42194092        nan        nan 0.4126984 ],
 my_accuracy=31.49999976158142[%]
2024-12-02 00:50:49,961 INFO _main.py 209:: ########EPOCH 1 ########
2024-12-02 00:50:49,962 INFO _main.py 210:: ###Model distribution###
2024-12-02 00:50:53,561 INFO server.py 1064:: clients' sizes=[1, 2, 1, 0, 0, 0, 2, 2, 0, 1, 0, 1, 2, 2, 2, 2, 1, 1, 2, 0, 1, 1, 1, 1, 1, 0, 1, 1, 1, 1, 2, 0, 2, 0, 1, 2, 1, 0, 2, 0], total=41
2024-12-02 00:50:53,581 INFO server.py 327:: [Server] The aggregation takes 0.021351 seconds.

2024-12-02 00:50:53,582 INFO server.py 211:: [Server] Start testing
2024-12-02 00:50:53,596 INFO server.py 235:: [Server] Test set: Average loss: 1.3251, Accuracy: 77/200 (38.5%)

2024-12-02 00:50:53,597 INFO server.py 238:: [Sever] Confusion matrix:
 tensor([[50.,  0.,  0.,  0.],
        [50.,  0.,  0.,  0.],
        [48.,  0.,  0.,  2.],
        [23.,  0.,  0., 27.]])
2024-12-02 00:50:53,598 INFO server.py 254:: [Server] Precision=[0.29239765        nan        nan 0.9310345 ],
 Recall=[1.   0.   0.   0.54],
 F1-score=[0.4524887         nan        nan 0.68354434],
 my_accuracy=38.499999046325684[%]
2024-12-02 00:50:53,599 INFO _main.py 209:: ########EPOCH 2 ########
2024-12-02 00:50:53,600 INFO _main.py 210:: ###Model distribution###
2024-12-02 00:50:56,325 INFO server.py 1064:: clients' sizes=[1, 2, 1, 0, 0, 0, 2, 2, 0, 1, 0, 1, 2, 2, 2, 2, 1, 1, 2, 0, 1, 1, 1, 1, 1, 0, 1, 1, 1, 1, 2, 0, 2, 0, 1, 2, 1, 0, 2, 0], total=41
2024-12-02 00:50:56,347 INFO server.py 327:: [Server] The aggregation takes 0.022228 seconds.

2024-12-02 00:50:56,348 INFO server.py 211:: [Server] Start testing
2024-12-02 00:50:56,361 INFO server.py 235:: [Server] Test set: Average loss: 1.2746, Accuracy: 80/200 (40.0%)

2024-12-02 00:50:56,362 INFO server.py 238:: [Sever] Confusion matrix:
 tensor([[50.,  0.,  0.,  0.],
        [49.,  0.,  0.,  1.],
        [41.,  0.,  0.,  9.],
        [20.,  0.,  0., 30.]])
2024-12-02 00:50:56,364 INFO server.py 254:: [Server] Precision=[0.3125    nan    nan 0.75  ],
 Recall=[1.  0.  0.  0.6],
 F1-score=[0.47619048        nan        nan 0.6666667 ],
 my_accuracy=40.00000059604645[%]
2024-12-02 00:50:56,364 INFO _main.py 209:: ########EPOCH 3 ########
2024-12-02 00:50:56,364 INFO _main.py 210:: ###Model distribution###
2024-12-02 00:50:58,890 INFO server.py 1064:: clients' sizes=[1, 2, 1, 0, 0, 0, 2, 2, 0, 1, 0, 1, 2, 2, 2, 2, 1, 1, 2, 0, 1, 1, 1, 1, 1, 0, 1, 1, 1, 1, 2, 0, 2, 0, 1, 2, 1, 0, 2, 0], total=41
2024-12-02 00:50:58,912 INFO server.py 327:: [Server] The aggregation takes 0.022317 seconds.

2024-12-02 00:50:58,913 INFO server.py 211:: [Server] Start testing
2024-12-02 00:50:58,928 INFO server.py 235:: [Server] Test set: Average loss: 1.2396, Accuracy: 83/200 (41.5%)

2024-12-02 00:50:58,930 INFO server.py 238:: [Sever] Confusion matrix:
 tensor([[50.,  0.,  0.,  0.],
        [47.,  0.,  0.,  3.],
        [40.,  0.,  0., 10.],
        [17.,  0.,  0., 33.]])
2024-12-02 00:50:58,931 INFO server.py 254:: [Server] Precision=[0.32467532        nan        nan 0.7173913 ],
 Recall=[1.   0.   0.   0.66],
 F1-score=[0.49019608        nan        nan 0.6875    ],
 my_accuracy=41.49999916553497[%]
2024-12-02 00:50:58,932 INFO _main.py 209:: ########EPOCH 4 ########
2024-12-02 00:50:58,932 INFO _main.py 210:: ###Model distribution###
2024-12-02 00:51:01,421 INFO server.py 1064:: clients' sizes=[1, 2, 1, 0, 0, 0, 2, 2, 0, 1, 0, 1, 2, 2, 2, 2, 1, 1, 2, 0, 1, 1, 1, 1, 1, 0, 1, 1, 1, 1, 2, 0, 2, 0, 1, 2, 1, 0, 2, 0], total=41
2024-12-02 00:51:01,442 INFO server.py 327:: [Server] The aggregation takes 0.021651 seconds.

2024-12-02 00:51:01,443 INFO server.py 211:: [Server] Start testing
2024-12-02 00:51:01,456 INFO server.py 235:: [Server] Test set: Average loss: 1.1714, Accuracy: 86/200 (43.0%)

2024-12-02 00:51:01,458 INFO server.py 238:: [Sever] Confusion matrix:
 tensor([[50.,  0.,  0.,  0.],
        [46.,  0.,  0.,  4.],
        [38.,  0.,  0., 12.],
        [14.,  0.,  0., 36.]])
2024-12-02 00:51:01,459 INFO server.py 254:: [Server] Precision=[0.33783785        nan        nan 0.6923077 ],
 Recall=[1.   0.   0.   0.72],
 F1-score=[0.50505054        nan        nan 0.7058824 ],
 my_accuracy=43.00000071525574[%]
2024-12-02 00:51:01,460 INFO _main.py 209:: ########EPOCH 5 ########
2024-12-02 00:51:01,460 INFO _main.py 210:: ###Model distribution###
2024-12-02 00:51:04,652 INFO server.py 1064:: clients' sizes=[1, 2, 1, 0, 0, 0, 2, 2, 0, 1, 0, 1, 2, 2, 2, 2, 1, 1, 2, 0, 1, 1, 1, 1, 1, 0, 1, 1, 1, 1, 2, 0, 2, 0, 1, 2, 1, 0, 2, 0], total=41
2024-12-02 00:51:04,700 INFO server.py 327:: [Server] The aggregation takes 0.049282 seconds.

2024-12-02 00:51:04,701 INFO server.py 211:: [Server] Start testing
2024-12-02 00:51:04,722 INFO server.py 235:: [Server] Test set: Average loss: 1.1359, Accuracy: 86/200 (43.0%)

2024-12-02 00:51:04,723 INFO server.py 238:: [Sever] Confusion matrix:
 tensor([[50.,  0.,  0.,  0.],
        [46.,  0.,  0.,  4.],
        [37.,  0.,  0., 13.],
        [14.,  0.,  0., 36.]])
2024-12-02 00:51:04,725 INFO server.py 254:: [Server] Precision=[0.34013605        nan        nan 0.6792453 ],
 Recall=[1.   0.   0.   0.72],
 F1-score=[0.5076142         nan        nan 0.69902915],
 my_accuracy=43.00000071525574[%]
2024-12-02 00:51:04,726 INFO _main.py 209:: ########EPOCH 6 ########
2024-12-02 00:51:04,727 INFO _main.py 210:: ###Model distribution###
2024-12-02 00:51:08,443 INFO server.py 1064:: clients' sizes=[1, 2, 1, 0, 0, 0, 2, 2, 0, 1, 0, 1, 2, 2, 2, 2, 1, 1, 2, 0, 1, 1, 1, 1, 1, 0, 1, 1, 1, 1, 2, 0, 2, 0, 1, 2, 1, 0, 2, 0], total=41
2024-12-02 00:51:08,476 INFO server.py 327:: [Server] The aggregation takes 0.033728 seconds.

2024-12-02 00:51:08,477 INFO server.py 211:: [Server] Start testing
2024-12-02 00:51:08,497 INFO server.py 235:: [Server] Test set: Average loss: 1.1056, Accuracy: 87/200 (43.5%)

2024-12-02 00:51:08,499 INFO server.py 238:: [Sever] Confusion matrix:
 tensor([[50.,  0.,  0.,  0.],
        [46.,  0.,  0.,  4.],
        [36.,  0.,  0., 14.],
        [11.,  0.,  2., 37.]])
2024-12-02 00:51:08,500 INFO server.py 254:: [Server] Precision=[0.34965035        nan 0.         0.6727273 ],
 Recall=[1.   0.   0.   0.74],
 F1-score=[0.5181347         nan        nan 0.70476186],
 my_accuracy=43.50000023841858[%]
2024-12-02 00:51:08,501 INFO _main.py 209:: ########EPOCH 7 ########
2024-12-02 00:51:08,502 INFO _main.py 210:: ###Model distribution###
2024-12-02 00:51:11,187 INFO server.py 1064:: clients' sizes=[1, 2, 1, 0, 0, 0, 2, 2, 0, 1, 0, 1, 2, 2, 2, 2, 1, 1, 2, 0, 1, 1, 1, 1, 1, 0, 1, 1, 1, 1, 2, 0, 2, 0, 1, 2, 1, 0, 2, 0], total=41
2024-12-02 00:51:11,208 INFO server.py 327:: [Server] The aggregation takes 0.021690 seconds.

2024-12-02 00:51:11,209 INFO server.py 211:: [Server] Start testing
2024-12-02 00:51:11,223 INFO server.py 235:: [Server] Test set: Average loss: 1.0783, Accuracy: 92/200 (46.0%)

2024-12-02 00:51:11,224 INFO server.py 238:: [Sever] Confusion matrix:
 tensor([[50.,  0.,  0.,  0.],
        [44.,  1.,  1.,  4.],
        [30.,  4.,  2., 14.],
        [11.,  0.,  0., 39.]])
2024-12-02 00:51:11,225 INFO server.py 254:: [Server] Precision=[0.37037036 0.2        0.6666667  0.68421054],
 Recall=[1.   0.02 0.04 0.78],
 F1-score=[0.5405405  0.03636364 0.0754717  0.72897196],
 my_accuracy=46.00000083446503[%]
2024-12-02 00:51:11,226 INFO _main.py 209:: ########EPOCH 8 ########
2024-12-02 00:51:11,226 INFO _main.py 210:: ###Model distribution###
2024-12-02 00:51:13,719 INFO server.py 1064:: clients' sizes=[1, 2, 1, 0, 0, 0, 2, 2, 0, 1, 0, 1, 2, 2, 2, 2, 1, 1, 2, 0, 1, 1, 1, 1, 1, 0, 1, 1, 1, 1, 2, 0, 2, 0, 1, 2, 1, 0, 2, 0], total=41
2024-12-02 00:51:13,741 INFO server.py 327:: [Server] The aggregation takes 0.022259 seconds.

2024-12-02 00:51:13,742 INFO server.py 211:: [Server] Start testing
2024-12-02 00:51:13,756 INFO server.py 235:: [Server] Test set: Average loss: 1.0565, Accuracy: 98/200 (49.0%)

2024-12-02 00:51:13,757 INFO server.py 238:: [Sever] Confusion matrix:
 tensor([[47.,  3.,  0.,  0.],
        [35., 10.,  1.,  4.],
        [25., 10.,  2., 13.],
        [ 9.,  2.,  0., 39.]])
2024-12-02 00:51:13,759 INFO server.py 254:: [Server] Precision=[0.4051724 0.4       0.6666667 0.6964286],
 Recall=[0.94 0.2  0.04 0.78],
 F1-score=[0.56626505 0.26666668 0.0754717  0.7358491 ],
 my_accuracy=49.000000953674316[%]
2024-12-02 00:51:13,760 INFO _main.py 209:: ########EPOCH 9 ########
2024-12-02 00:51:13,760 INFO _main.py 210:: ###Model distribution###
2024-12-02 00:51:16,466 INFO server.py 1064:: clients' sizes=[1, 2, 1, 0, 0, 0, 2, 2, 0, 1, 0, 1, 2, 2, 2, 2, 1, 1, 2, 0, 1, 1, 1, 1, 1, 0, 1, 1, 1, 1, 2, 0, 2, 0, 1, 2, 1, 0, 2, 0], total=41
2024-12-02 00:51:16,488 INFO server.py 327:: [Server] The aggregation takes 0.022321 seconds.

2024-12-02 00:51:16,489 INFO server.py 211:: [Server] Start testing
2024-12-02 00:51:16,502 INFO server.py 235:: [Server] Test set: Average loss: 1.0316, Accuracy: 97/200 (48.5%)

2024-12-02 00:51:16,503 INFO server.py 238:: [Sever] Confusion matrix:
 tensor([[47.,  3.,  0.,  0.],
        [35.,  9.,  2.,  4.],
        [24., 11.,  2., 13.],
        [ 9.,  0.,  2., 39.]])
2024-12-02 00:51:16,505 INFO server.py 254:: [Server] Precision=[0.40869564 0.39130434 0.33333334 0.6964286 ],
 Recall=[0.94 0.18 0.04 0.78],
 F1-score=[0.56969696 0.24657537 0.07142857 0.7358491 ],
 my_accuracy=48.500001430511475[%]
2024-12-02 00:51:16,505 INFO _main.py 209:: ########EPOCH 10 ########
2024-12-02 00:51:16,506 INFO _main.py 210:: ###Model distribution###
2024-12-02 00:51:19,064 INFO server.py 1064:: clients' sizes=[1, 2, 1, 0, 0, 0, 2, 2, 0, 1, 0, 1, 2, 2, 2, 2, 1, 1, 2, 0, 1, 1, 1, 1, 1, 0, 1, 1, 1, 1, 2, 0, 2, 0, 1, 2, 1, 0, 2, 0], total=41
2024-12-02 00:51:19,099 INFO server.py 327:: [Server] The aggregation takes 0.036118 seconds.

2024-12-02 00:51:19,100 INFO server.py 211:: [Server] Start testing
2024-12-02 00:51:19,121 INFO server.py 235:: [Server] Test set: Average loss: 1.0196, Accuracy: 100/200 (50.0%)

2024-12-02 00:51:19,122 INFO server.py 238:: [Sever] Confusion matrix:
 tensor([[47.,  3.,  0.,  0.],
        [33., 12.,  1.,  4.],
        [19., 15.,  2., 14.],
        [ 6.,  1.,  4., 39.]])
2024-12-02 00:51:19,124 INFO server.py 254:: [Server] Precision=[0.44761905 0.38709676 0.2857143  0.68421054],
 Recall=[0.94 0.24 0.04 0.78],
 F1-score=[0.60645163 0.29629627 0.07017544 0.72897196],
 my_accuracy=50.0[%]
2024-12-02 00:51:19,125 INFO _main.py 209:: ########EPOCH 11 ########
2024-12-02 00:51:19,126 INFO _main.py 210:: ###Model distribution###
2024-12-02 00:51:22,665 INFO server.py 1064:: clients' sizes=[1, 2, 1, 0, 0, 0, 2, 2, 0, 1, 0, 1, 2, 2, 2, 2, 1, 1, 2, 0, 1, 1, 1, 1, 1, 0, 1, 1, 1, 1, 2, 0, 2, 0, 1, 2, 1, 0, 2, 0], total=41
2024-12-02 00:51:22,700 INFO server.py 327:: [Server] The aggregation takes 0.036097 seconds.

2024-12-02 00:51:22,701 INFO server.py 211:: [Server] Start testing
2024-12-02 00:51:22,720 INFO server.py 235:: [Server] Test set: Average loss: 1.0064, Accuracy: 104/200 (52.0%)

2024-12-02 00:51:22,721 INFO server.py 238:: [Sever] Confusion matrix:
 tensor([[47.,  3.,  0.,  0.],
        [30., 15.,  2.,  3.],
        [18., 15.,  3., 14.],
        [ 6.,  0.,  5., 39.]])
2024-12-02 00:51:22,723 INFO server.py 254:: [Server] Precision=[0.46534654 0.45454547 0.3        0.6964286 ],
 Recall=[0.94 0.3  0.06 0.78],
 F1-score=[0.6225166  0.36144578 0.1        0.7358491 ],
 my_accuracy=51.99999809265137[%]
2024-12-02 00:51:22,723 INFO _main.py 209:: ########EPOCH 12 ########
2024-12-02 00:51:22,724 INFO _main.py 210:: ###Model distribution###
2024-12-02 00:51:26,012 INFO server.py 1064:: clients' sizes=[1, 2, 1, 0, 0, 0, 2, 2, 0, 1, 0, 1, 2, 2, 2, 2, 1, 1, 2, 0, 1, 1, 1, 1, 1, 0, 1, 1, 1, 1, 2, 0, 2, 0, 1, 2, 1, 0, 2, 0], total=41
2024-12-02 00:51:26,034 INFO server.py 327:: [Server] The aggregation takes 0.023433 seconds.

2024-12-02 00:51:26,035 INFO server.py 211:: [Server] Start testing
2024-12-02 00:51:26,051 INFO server.py 235:: [Server] Test set: Average loss: 1.0023, Accuracy: 106/200 (53.0%)

2024-12-02 00:51:26,052 INFO server.py 238:: [Sever] Confusion matrix:
 tensor([[47.,  3.,  0.,  0.],
        [29., 15.,  3.,  3.],
        [18., 14.,  5., 13.],
        [ 5.,  0.,  6., 39.]])
2024-12-02 00:51:26,054 INFO server.py 254:: [Server] Precision=[0.47474748 0.46875    0.35714287 0.7090909 ],
 Recall=[0.94 0.3  0.1  0.78],
 F1-score=[0.6308725  0.36585367 0.15625    0.7428571 ],
 my_accuracy=52.99999713897705[%]
2024-12-02 00:51:26,055 INFO _main.py 209:: ########EPOCH 13 ########
2024-12-02 00:51:26,055 INFO _main.py 210:: ###Model distribution###
2024-12-02 00:51:28,564 INFO server.py 1064:: clients' sizes=[1, 2, 1, 0, 0, 0, 2, 2, 0, 1, 0, 1, 2, 2, 2, 2, 1, 1, 2, 0, 1, 1, 1, 1, 1, 0, 1, 1, 1, 1, 2, 0, 2, 0, 1, 2, 1, 0, 2, 0], total=41
2024-12-02 00:51:28,586 INFO server.py 327:: [Server] The aggregation takes 0.022302 seconds.

2024-12-02 00:51:28,587 INFO server.py 211:: [Server] Start testing
2024-12-02 00:51:28,600 INFO server.py 235:: [Server] Test set: Average loss: 0.9736, Accuracy: 104/200 (52.0%)

2024-12-02 00:51:28,601 INFO server.py 238:: [Sever] Confusion matrix:
 tensor([[44.,  6.,  0.,  0.],
        [26., 16.,  5.,  3.],
        [13., 19.,  5., 13.],
        [ 5.,  0.,  6., 39.]])
2024-12-02 00:51:28,603 INFO server.py 254:: [Server] Precision=[0.5       0.3902439 0.3125    0.7090909],
 Recall=[0.88 0.32 0.1  0.78],
 F1-score=[0.6376812  0.35164833 0.15151516 0.7428571 ],
 my_accuracy=51.99999809265137[%]
2024-12-02 00:51:28,603 INFO _main.py 209:: ########EPOCH 14 ########
2024-12-02 00:51:28,604 INFO _main.py 210:: ###Model distribution###
2024-12-02 00:51:31,085 INFO server.py 1064:: clients' sizes=[1, 2, 1, 0, 0, 0, 2, 2, 0, 1, 0, 1, 2, 2, 2, 2, 1, 1, 2, 0, 1, 1, 1, 1, 1, 0, 1, 1, 1, 1, 2, 0, 2, 0, 1, 2, 1, 0, 2, 0], total=41
2024-12-02 00:51:31,106 INFO server.py 327:: [Server] The aggregation takes 0.022298 seconds.

2024-12-02 00:51:31,107 INFO server.py 211:: [Server] Start testing
2024-12-02 00:51:31,122 INFO server.py 235:: [Server] Test set: Average loss: 0.9575, Accuracy: 105/200 (52.5%)

2024-12-02 00:51:31,123 INFO server.py 238:: [Sever] Confusion matrix:
 tensor([[42.,  8.,  0.,  0.],
        [24., 18.,  5.,  3.],
        [13., 18.,  6., 13.],
        [ 4.,  1.,  6., 39.]])
2024-12-02 00:51:31,124 INFO server.py 254:: [Server] Precision=[0.5060241 0.4       0.3529412 0.7090909],
 Recall=[0.84 0.36 0.12 0.78],
 F1-score=[0.631579   0.3789474  0.17910448 0.7428571 ],
 my_accuracy=52.49999761581421[%]
2024-12-02 00:51:31,125 INFO _main.py 209:: ########EPOCH 15 ########
2024-12-02 00:51:31,126 INFO _main.py 210:: ###Model distribution###
2024-12-02 00:51:33,735 INFO server.py 1064:: clients' sizes=[1, 2, 1, 0, 0, 0, 2, 2, 0, 1, 0, 1, 2, 2, 2, 2, 1, 1, 2, 0, 1, 1, 1, 1, 1, 0, 1, 1, 1, 1, 2, 0, 2, 0, 1, 2, 1, 0, 2, 0], total=41
2024-12-02 00:51:33,756 INFO server.py 327:: [Server] The aggregation takes 0.021919 seconds.

2024-12-02 00:51:33,757 INFO server.py 211:: [Server] Start testing
2024-12-02 00:51:33,771 INFO server.py 235:: [Server] Test set: Average loss: 0.9645, Accuracy: 108/200 (54.0%)

2024-12-02 00:51:33,772 INFO server.py 238:: [Sever] Confusion matrix:
 tensor([[44.,  6.,  0.,  0.],
        [24., 19.,  4.,  3.],
        [14., 18.,  6., 12.],
        [ 5.,  0.,  6., 39.]])
2024-12-02 00:51:33,773 INFO server.py 254:: [Server] Precision=[0.50574714 0.44186047 0.375      0.7222222 ],
 Recall=[0.88 0.38 0.12 0.78],
 F1-score=[0.6423358  0.40860215 0.18181817 0.74999994],
 my_accuracy=54.00000214576721[%]
2024-12-02 00:51:33,774 INFO _main.py 209:: ########EPOCH 16 ########
2024-12-02 00:51:33,774 INFO _main.py 210:: ###Model distribution###
2024-12-02 00:51:37,211 INFO server.py 1064:: clients' sizes=[1, 2, 1, 0, 0, 0, 2, 2, 0, 1, 0, 1, 2, 2, 2, 2, 1, 1, 2, 0, 1, 1, 1, 1, 1, 0, 1, 1, 1, 1, 2, 0, 2, 0, 1, 2, 1, 0, 2, 0], total=41
2024-12-02 00:51:37,244 INFO server.py 327:: [Server] The aggregation takes 0.034009 seconds.

2024-12-02 00:51:37,245 INFO server.py 211:: [Server] Start testing
2024-12-02 00:51:37,266 INFO server.py 235:: [Server] Test set: Average loss: 0.9359, Accuracy: 107/200 (53.5%)

2024-12-02 00:51:37,268 INFO server.py 238:: [Sever] Confusion matrix:
 tensor([[42.,  8.,  0.,  0.],
        [21., 19.,  7.,  3.],
        [12., 19.,  7., 12.],
        [ 4.,  1.,  6., 39.]])
2024-12-02 00:51:37,269 INFO server.py 254:: [Server] Precision=[0.5316456  0.40425533 0.35       0.7222222 ],
 Recall=[0.84 0.38 0.14 0.78],
 F1-score=[0.6511628  0.39175257 0.19999999 0.74999994],
 my_accuracy=53.50000262260437[%]
2024-12-02 00:51:37,270 INFO _main.py 209:: ########EPOCH 17 ########
2024-12-02 00:51:37,271 INFO _main.py 210:: ###Model distribution###
2024-12-02 00:51:40,854 INFO server.py 1064:: clients' sizes=[1, 2, 1, 0, 0, 0, 2, 2, 0, 1, 0, 1, 2, 2, 2, 2, 1, 1, 2, 0, 1, 1, 1, 1, 1, 0, 1, 1, 1, 1, 2, 0, 2, 0, 1, 2, 1, 0, 2, 0], total=41
2024-12-02 00:51:40,875 INFO server.py 327:: [Server] The aggregation takes 0.021900 seconds.

2024-12-02 00:51:40,876 INFO server.py 211:: [Server] Start testing
2024-12-02 00:51:40,889 INFO server.py 235:: [Server] Test set: Average loss: 0.9312, Accuracy: 110/200 (55.0%)

2024-12-02 00:51:40,890 INFO server.py 238:: [Sever] Confusion matrix:
 tensor([[42.,  8.,  0.,  0.],
        [20., 20.,  7.,  3.],
        [13., 17.,  9., 11.],
        [ 4.,  1.,  6., 39.]])
2024-12-02 00:51:40,892 INFO server.py 254:: [Server] Precision=[0.5316456 0.4347826 0.4090909 0.7358491],
 Recall=[0.84 0.4  0.18 0.78],
 F1-score=[0.6511628  0.4166667  0.25       0.75728154],
 my_accuracy=55.000001192092896[%]
2024-12-02 00:51:40,892 INFO _main.py 209:: ########EPOCH 18 ########
2024-12-02 00:51:40,893 INFO _main.py 210:: ###Model distribution###
2024-12-02 00:51:43,397 INFO server.py 1064:: clients' sizes=[1, 2, 1, 0, 0, 0, 2, 2, 0, 1, 0, 1, 2, 2, 2, 2, 1, 1, 2, 0, 1, 1, 1, 1, 1, 0, 1, 1, 1, 1, 2, 0, 2, 0, 1, 2, 1, 0, 2, 0], total=41
2024-12-02 00:51:43,425 INFO server.py 327:: [Server] The aggregation takes 0.029106 seconds.

2024-12-02 00:51:43,426 INFO server.py 211:: [Server] Start testing
2024-12-02 00:51:43,445 INFO server.py 235:: [Server] Test set: Average loss: 0.9226, Accuracy: 116/200 (58.0%)

2024-12-02 00:51:43,446 INFO server.py 238:: [Sever] Confusion matrix:
 tensor([[42.,  8.,  0.,  0.],
        [20., 19.,  8.,  3.],
        [13., 12., 14., 11.],
        [ 4.,  1.,  4., 41.]])
2024-12-02 00:51:43,447 INFO server.py 254:: [Server] Precision=[0.5316456  0.475      0.53846157 0.74545455],
 Recall=[0.84 0.38 0.28 0.82],
 F1-score=[0.6511628  0.42222223 0.36842105 0.78095245],
 my_accuracy=57.999998331069946[%]
2024-12-02 00:51:43,448 INFO _main.py 209:: ########EPOCH 19 ########
2024-12-02 00:51:43,448 INFO _main.py 210:: ###Model distribution###
2024-12-02 00:51:46,139 INFO server.py 1064:: clients' sizes=[1, 2, 1, 0, 0, 0, 2, 2, 0, 1, 0, 1, 2, 2, 2, 2, 1, 1, 2, 0, 1, 1, 1, 1, 1, 0, 1, 1, 1, 1, 2, 0, 2, 0, 1, 2, 1, 0, 2, 0], total=41
2024-12-02 00:51:46,161 INFO server.py 327:: [Server] The aggregation takes 0.022699 seconds.

2024-12-02 00:51:46,162 INFO server.py 211:: [Server] Start testing
2024-12-02 00:51:46,176 INFO server.py 235:: [Server] Test set: Average loss: 0.9330, Accuracy: 116/200 (58.0%)

2024-12-02 00:51:46,177 INFO server.py 238:: [Sever] Confusion matrix:
 tensor([[42.,  8.,  0.,  0.],
        [20., 19.,  8.,  3.],
        [12., 12., 15., 11.],
        [ 4.,  2.,  4., 40.]])
2024-12-02 00:51:46,179 INFO server.py 254:: [Server] Precision=[0.53846157 0.46341464 0.5555556  0.7407407 ],
 Recall=[0.84 0.38 0.3  0.8 ],
 F1-score=[0.65625   0.4175824 0.3896104 0.7692308],
 my_accuracy=57.999998331069946[%]
2024-12-02 00:51:46,179 INFO _main.py 209:: ########EPOCH 20 ########
2024-12-02 00:51:46,180 INFO _main.py 210:: ###Model distribution###
2024-12-02 00:51:48,670 INFO server.py 1064:: clients' sizes=[1, 2, 1, 0, 0, 0, 2, 2, 0, 1, 0, 1, 2, 2, 2, 2, 1, 1, 2, 0, 1, 1, 1, 1, 1, 0, 1, 1, 1, 1, 2, 0, 2, 0, 1, 2, 1, 0, 2, 0], total=41
2024-12-02 00:51:48,692 INFO server.py 327:: [Server] The aggregation takes 0.022667 seconds.

2024-12-02 00:51:48,693 INFO server.py 211:: [Server] Start testing
2024-12-02 00:51:48,706 INFO server.py 235:: [Server] Test set: Average loss: 0.9215, Accuracy: 119/200 (59.5%)

2024-12-02 00:51:48,708 INFO server.py 238:: [Sever] Confusion matrix:
 tensor([[42.,  8.,  0.,  0.],
        [18., 21.,  8.,  3.],
        [11., 13., 15., 11.],
        [ 4.,  1.,  4., 41.]])
2024-12-02 00:51:48,709 INFO server.py 254:: [Server] Precision=[0.56       0.4883721  0.5555556  0.74545455],
 Recall=[0.84 0.42 0.3  0.82],
 F1-score=[0.672      0.45161292 0.3896104  0.78095245],
 my_accuracy=59.50000286102295[%]
2024-12-02 00:51:48,709 INFO _main.py 209:: ########EPOCH 21 ########
2024-12-02 00:51:48,710 INFO _main.py 210:: ###Model distribution###
2024-12-02 00:51:51,577 INFO server.py 1064:: clients' sizes=[1, 2, 1, 0, 0, 0, 2, 2, 0, 1, 0, 1, 2, 2, 2, 2, 1, 1, 2, 0, 1, 1, 1, 1, 1, 0, 1, 1, 1, 1, 2, 0, 2, 0, 1, 2, 1, 0, 2, 0], total=41
2024-12-02 00:51:51,608 INFO server.py 327:: [Server] The aggregation takes 0.032582 seconds.

2024-12-02 00:51:51,609 INFO server.py 211:: [Server] Start testing
2024-12-02 00:51:51,627 INFO server.py 235:: [Server] Test set: Average loss: 0.9417, Accuracy: 120/200 (60.0%)

2024-12-02 00:51:51,629 INFO server.py 238:: [Sever] Confusion matrix:
 tensor([[42.,  8.,  0.,  0.],
        [17., 23.,  7.,  3.],
        [11., 14., 14., 11.],
        [ 4.,  2.,  3., 41.]])
2024-12-02 00:51:51,630 INFO server.py 254:: [Server] Precision=[0.5675676  0.4893617  0.5833333  0.74545455],
 Recall=[0.84 0.46 0.28 0.82],
 F1-score=[0.67741936 0.47422683 0.37837836 0.78095245],
 my_accuracy=60.00000238418579[%]
2024-12-02 00:51:51,631 INFO _main.py 209:: ########EPOCH 22 ########
2024-12-02 00:51:51,632 INFO _main.py 210:: ###Model distribution###
2024-12-02 00:51:55,585 INFO server.py 1064:: clients' sizes=[1, 2, 1, 0, 0, 0, 2, 2, 0, 1, 0, 1, 2, 2, 2, 2, 1, 1, 2, 0, 1, 1, 1, 1, 1, 0, 1, 1, 1, 1, 2, 0, 2, 0, 1, 2, 1, 0, 2, 0], total=41
2024-12-02 00:51:55,618 INFO server.py 327:: [Server] The aggregation takes 0.033240 seconds.

2024-12-02 00:51:55,619 INFO server.py 211:: [Server] Start testing
2024-12-02 00:51:55,640 INFO server.py 235:: [Server] Test set: Average loss: 0.9458, Accuracy: 123/200 (61.5%)

2024-12-02 00:51:55,641 INFO server.py 238:: [Sever] Confusion matrix:
 tensor([[42.,  8.,  0.,  0.],
        [15., 25.,  7.,  3.],
        [11., 13., 15., 11.],
        [ 3.,  3.,  3., 41.]])
2024-12-02 00:51:55,643 INFO server.py 254:: [Server] Precision=[0.5915493  0.5102041  0.6        0.74545455],
 Recall=[0.84 0.5  0.3  0.82],
 F1-score=[0.6942148  0.5050505  0.4        0.78095245],
 my_accuracy=61.500000953674316[%]
2024-12-02 00:51:55,643 INFO _main.py 209:: ########EPOCH 23 ########
2024-12-02 00:51:55,644 INFO _main.py 210:: ###Model distribution###
2024-12-02 00:51:58,513 INFO server.py 1064:: clients' sizes=[1, 2, 1, 0, 0, 0, 2, 2, 0, 1, 0, 1, 2, 2, 2, 2, 1, 1, 2, 0, 1, 1, 1, 1, 1, 0, 1, 1, 1, 1, 2, 0, 2, 0, 1, 2, 1, 0, 2, 0], total=41
2024-12-02 00:51:58,536 INFO server.py 327:: [Server] The aggregation takes 0.023861 seconds.

2024-12-02 00:51:58,537 INFO server.py 211:: [Server] Start testing
2024-12-02 00:51:58,551 INFO server.py 235:: [Server] Test set: Average loss: 0.9937, Accuracy: 121/200 (60.5%)

2024-12-02 00:51:58,552 INFO server.py 238:: [Sever] Confusion matrix:
 tensor([[42.,  8.,  0.,  0.],
        [16., 24.,  7.,  3.],
        [10., 13., 16., 11.],
        [ 4.,  2.,  5., 39.]])
2024-12-02 00:51:58,554 INFO server.py 254:: [Server] Precision=[0.5833333 0.5106383 0.5714286 0.7358491],
 Recall=[0.84 0.48 0.32 0.78],
 F1-score=[0.6885246  0.4948454  0.4102564  0.75728154],
 my_accuracy=60.50000190734863[%]
2024-12-02 00:51:58,555 INFO _main.py 209:: ########EPOCH 24 ########
2024-12-02 00:51:58,555 INFO _main.py 210:: ###Model distribution###
2024-12-02 00:52:01,078 INFO server.py 1064:: clients' sizes=[1, 2, 1, 0, 0, 0, 2, 2, 0, 1, 0, 1, 2, 2, 2, 2, 1, 1, 2, 0, 1, 1, 1, 1, 1, 0, 1, 1, 1, 1, 2, 0, 2, 0, 1, 2, 1, 0, 2, 0], total=41
2024-12-02 00:52:01,100 INFO server.py 327:: [Server] The aggregation takes 0.022160 seconds.

2024-12-02 00:52:01,101 INFO server.py 211:: [Server] Start testing
2024-12-02 00:52:01,114 INFO server.py 235:: [Server] Test set: Average loss: 1.0362, Accuracy: 118/200 (59.0%)

2024-12-02 00:52:01,115 INFO server.py 238:: [Sever] Confusion matrix:
 tensor([[41.,  9.,  0.,  0.],
        [16., 25.,  6.,  3.],
        [11., 15., 13., 11.],
        [ 4.,  2.,  5., 39.]])
2024-12-02 00:52:01,117 INFO server.py 254:: [Server] Precision=[0.5694444  0.49019608 0.5416667  0.7358491 ],
 Recall=[0.82 0.5  0.26 0.78],
 F1-score=[0.6721312  0.49504948 0.35135135 0.75728154],
 my_accuracy=58.99999737739563[%]
2024-12-02 00:52:01,117 INFO _main.py 209:: ########EPOCH 25 ########
2024-12-02 00:52:01,117 INFO _main.py 210:: ###Model distribution###
2024-12-02 00:52:03,666 INFO server.py 1064:: clients' sizes=[1, 2, 1, 0, 0, 0, 2, 2, 0, 1, 0, 1, 2, 2, 2, 2, 1, 1, 2, 0, 1, 1, 1, 1, 1, 0, 1, 1, 1, 1, 2, 0, 2, 0, 1, 2, 1, 0, 2, 0], total=41
2024-12-02 00:52:03,688 INFO server.py 327:: [Server] The aggregation takes 0.023462 seconds.

2024-12-02 00:52:03,689 INFO server.py 211:: [Server] Start testing
2024-12-02 00:52:03,703 INFO server.py 235:: [Server] Test set: Average loss: 1.0884, Accuracy: 116/200 (58.0%)

2024-12-02 00:52:03,704 INFO server.py 238:: [Sever] Confusion matrix:
 tensor([[41.,  9.,  0.,  0.],
        [18., 23.,  6.,  3.],
        [11., 14., 14., 11.],
        [ 4.,  2.,  6., 38.]])
2024-12-02 00:52:03,705 INFO server.py 254:: [Server] Precision=[0.5540541  0.47916666 0.53846157 0.7307692 ],
 Recall=[0.82 0.46 0.28 0.76],
 F1-score=[0.66129035 0.46938774 0.36842105 0.74509805],
 my_accuracy=57.999998331069946[%]
2024-12-02 00:52:03,706 INFO _main.py 209:: ########EPOCH 26 ########
2024-12-02 00:52:03,706 INFO _main.py 210:: ###Model distribution###
2024-12-02 00:52:06,467 INFO server.py 1064:: clients' sizes=[1, 2, 1, 0, 0, 0, 2, 2, 0, 1, 0, 1, 2, 2, 2, 2, 1, 1, 2, 0, 1, 1, 1, 1, 1, 0, 1, 1, 1, 1, 2, 0, 2, 0, 1, 2, 1, 0, 2, 0], total=41
2024-12-02 00:52:06,488 INFO server.py 327:: [Server] The aggregation takes 0.022375 seconds.

2024-12-02 00:52:06,489 INFO server.py 211:: [Server] Start testing
2024-12-02 00:52:06,503 INFO server.py 235:: [Server] Test set: Average loss: 1.0846, Accuracy: 120/200 (60.0%)

2024-12-02 00:52:06,504 INFO server.py 238:: [Sever] Confusion matrix:
 tensor([[41.,  8.,  1.,  0.],
        [16., 25.,  5.,  4.],
        [11., 12., 16., 11.],
        [ 4.,  2.,  6., 38.]])
2024-12-02 00:52:06,506 INFO server.py 254:: [Server] Precision=[0.5694444 0.5319149 0.5714286 0.7169811],
 Recall=[0.82 0.5  0.32 0.76],
 F1-score=[0.6721312 0.5154639 0.4102564 0.7378641],
 my_accuracy=60.00000238418579[%]
2024-12-02 00:52:06,507 INFO _main.py 209:: ########EPOCH 27 ########
2024-12-02 00:52:06,507 INFO _main.py 210:: ###Model distribution###
2024-12-02 00:52:10,214 INFO server.py 1064:: clients' sizes=[1, 2, 1, 0, 0, 0, 2, 2, 0, 1, 0, 1, 2, 2, 2, 2, 1, 1, 2, 0, 1, 1, 1, 1, 1, 0, 1, 1, 1, 1, 2, 0, 2, 0, 1, 2, 1, 0, 2, 0], total=41
2024-12-02 00:52:10,245 INFO server.py 327:: [Server] The aggregation takes 0.032220 seconds.

2024-12-02 00:52:10,246 INFO server.py 211:: [Server] Start testing
2024-12-02 00:52:10,267 INFO server.py 235:: [Server] Test set: Average loss: 1.1375, Accuracy: 119/200 (59.5%)

2024-12-02 00:52:10,269 INFO server.py 238:: [Sever] Confusion matrix:
 tensor([[41.,  8.,  1.,  0.],
        [18., 23.,  6.,  3.],
        [11., 12., 17., 10.],
        [ 4.,  2.,  6., 38.]])
2024-12-02 00:52:10,271 INFO server.py 254:: [Server] Precision=[0.5540541  0.51111114 0.56666666 0.74509805],
 Recall=[0.82 0.46 0.34 0.76],
 F1-score=[0.66129035 0.48421055 0.425      0.75247526],
 my_accuracy=59.50000286102295[%]
2024-12-02 00:52:10,271 INFO _main.py 209:: ########EPOCH 28 ########
2024-12-02 00:52:10,272 INFO _main.py 210:: ###Model distribution###
2024-12-02 00:52:13,461 INFO server.py 1064:: clients' sizes=[1, 2, 1, 0, 0, 0, 2, 2, 0, 1, 0, 1, 2, 2, 2, 2, 1, 1, 2, 0, 1, 1, 1, 1, 1, 0, 1, 1, 1, 1, 2, 0, 2, 0, 1, 2, 1, 0, 2, 0], total=41
2024-12-02 00:52:13,483 INFO server.py 327:: [Server] The aggregation takes 0.023198 seconds.

2024-12-02 00:52:13,484 INFO server.py 211:: [Server] Start testing
2024-12-02 00:52:13,498 INFO server.py 235:: [Server] Test set: Average loss: 1.1423, Accuracy: 120/200 (60.0%)

2024-12-02 00:52:13,499 INFO server.py 238:: [Sever] Confusion matrix:
 tensor([[41.,  8.,  1.,  0.],
        [16., 24.,  6.,  4.],
        [11., 11., 17., 11.],
        [ 4.,  2.,  6., 38.]])
2024-12-02 00:52:13,500 INFO server.py 254:: [Server] Precision=[0.5694444  0.53333336 0.56666666 0.7169811 ],
 Recall=[0.82 0.48 0.34 0.76],
 F1-score=[0.6721312 0.5052632 0.425     0.7378641],
 my_accuracy=60.00000238418579[%]
2024-12-02 00:52:13,501 INFO _main.py 209:: ########EPOCH 29 ########
2024-12-02 00:52:13,501 INFO _main.py 210:: ###Model distribution###
2024-12-02 00:52:16,242 INFO server.py 1064:: clients' sizes=[1, 2, 1, 0, 0, 0, 2, 2, 0, 1, 0, 1, 2, 2, 2, 2, 1, 1, 2, 0, 1, 1, 1, 1, 1, 0, 1, 1, 1, 1, 2, 0, 2, 0, 1, 2, 1, 0, 2, 0], total=41
2024-12-02 00:52:16,265 INFO server.py 327:: [Server] The aggregation takes 0.023484 seconds.

2024-12-02 00:52:16,266 INFO server.py 211:: [Server] Start testing
2024-12-02 00:52:16,280 INFO server.py 235:: [Server] Test set: Average loss: 1.1964, Accuracy: 120/200 (60.0%)

2024-12-02 00:52:16,281 INFO server.py 238:: [Sever] Confusion matrix:
 tensor([[41.,  8.,  1.,  0.],
        [16., 24.,  7.,  3.],
        [11., 11., 17., 11.],
        [ 4.,  2.,  6., 38.]])
2024-12-02 00:52:16,282 INFO server.py 254:: [Server] Precision=[0.5694444  0.53333336 0.5483871  0.7307692 ],
 Recall=[0.82 0.48 0.34 0.76],
 F1-score=[0.6721312  0.5052632  0.4197531  0.74509805],
 my_accuracy=60.00000238418579[%]
2024-12-02 00:52:16,283 INFO _main.py 209:: ########EPOCH 30 ########
2024-12-02 00:52:16,283 INFO _main.py 210:: ###Model distribution###
2024-12-02 00:52:18,799 INFO server.py 1064:: clients' sizes=[1, 2, 1, 0, 0, 0, 2, 2, 0, 1, 0, 1, 2, 2, 2, 2, 1, 1, 2, 0, 1, 1, 1, 1, 1, 0, 1, 1, 1, 1, 2, 0, 2, 0, 1, 2, 1, 0, 2, 0], total=41
2024-12-02 00:52:18,821 INFO server.py 327:: [Server] The aggregation takes 0.022903 seconds.

2024-12-02 00:52:18,822 INFO server.py 211:: [Server] Start testing
2024-12-02 00:52:18,836 INFO server.py 235:: [Server] Test set: Average loss: 1.1994, Accuracy: 118/200 (59.0%)

2024-12-02 00:52:18,838 INFO server.py 238:: [Sever] Confusion matrix:
 tensor([[41.,  8.,  1.,  0.],
        [16., 22.,  9.,  3.],
        [10., 12., 17., 11.],
        [ 4.,  2.,  6., 38.]])
2024-12-02 00:52:18,839 INFO server.py 254:: [Server] Precision=[0.57746476 0.5        0.5151515  0.7307692 ],
 Recall=[0.82 0.44 0.34 0.76],
 F1-score=[0.677686   0.4680851  0.40963852 0.74509805],
 my_accuracy=58.99999737739563[%]
2024-12-02 00:52:18,839 INFO _main.py 209:: ########EPOCH 31 ########
2024-12-02 00:52:18,840 INFO _main.py 210:: ###Model distribution###
2024-12-02 00:52:21,370 INFO server.py 1064:: clients' sizes=[1, 2, 1, 0, 0, 0, 2, 2, 0, 1, 0, 1, 2, 2, 2, 2, 1, 1, 2, 0, 1, 1, 1, 1, 1, 0, 1, 1, 1, 1, 2, 0, 2, 0, 1, 2, 1, 0, 2, 0], total=41
2024-12-02 00:52:21,391 INFO server.py 327:: [Server] The aggregation takes 0.021528 seconds.

2024-12-02 00:52:21,392 INFO server.py 211:: [Server] Start testing
2024-12-02 00:52:21,405 INFO server.py 235:: [Server] Test set: Average loss: 1.2209, Accuracy: 119/200 (59.5%)

2024-12-02 00:52:21,406 INFO server.py 238:: [Sever] Confusion matrix:
 tensor([[40.,  9.,  1.,  0.],
        [15., 23.,  9.,  3.],
        [10., 12., 18., 10.],
        [ 4.,  2.,  6., 38.]])
2024-12-02 00:52:21,408 INFO server.py 254:: [Server] Precision=[0.5797101  0.5        0.5294118  0.74509805],
 Recall=[0.8  0.46 0.36 0.76],
 F1-score=[0.67226887 0.47916666 0.42857143 0.75247526],
 my_accuracy=59.50000286102295[%]
2024-12-02 00:52:21,408 INFO _main.py 209:: ########EPOCH 32 ########
2024-12-02 00:52:21,408 INFO _main.py 210:: ###Model distribution###
2024-12-02 00:52:24,700 INFO server.py 1064:: clients' sizes=[1, 2, 1, 0, 0, 0, 2, 2, 0, 1, 0, 1, 2, 2, 2, 2, 1, 1, 2, 0, 1, 1, 1, 1, 1, 0, 1, 1, 1, 1, 2, 0, 2, 0, 1, 2, 1, 0, 2, 0], total=41
2024-12-02 00:52:24,736 INFO server.py 327:: [Server] The aggregation takes 0.037165 seconds.

2024-12-02 00:52:24,746 INFO server.py 211:: [Server] Start testing
2024-12-02 00:52:24,790 INFO server.py 235:: [Server] Test set: Average loss: 1.2586, Accuracy: 120/200 (60.0%)

2024-12-02 00:52:24,796 INFO server.py 238:: [Sever] Confusion matrix:
 tensor([[41.,  7.,  2.,  0.],
        [15., 22., 10.,  3.],
        [10., 10., 19., 11.],
        [ 4.,  2.,  6., 38.]])
2024-12-02 00:52:24,798 INFO server.py 254:: [Server] Precision=[0.5857143 0.5365854 0.5135135 0.7307692],
 Recall=[0.82 0.44 0.38 0.76],
 F1-score=[0.68333334 0.4835165  0.43678162 0.74509805],
 my_accuracy=60.00000238418579[%]
2024-12-02 00:52:24,801 INFO _main.py 209:: ########EPOCH 33 ########
2024-12-02 00:52:24,802 INFO _main.py 210:: ###Model distribution###
2024-12-02 00:52:28,526 INFO server.py 1064:: clients' sizes=[1, 2, 1, 0, 0, 0, 2, 2, 0, 1, 0, 1, 2, 2, 2, 2, 1, 1, 2, 0, 1, 1, 1, 1, 1, 0, 1, 1, 1, 1, 2, 0, 2, 0, 1, 2, 1, 0, 2, 0], total=41
2024-12-02 00:52:28,554 INFO server.py 327:: [Server] The aggregation takes 0.028923 seconds.

2024-12-02 00:52:28,555 INFO server.py 211:: [Server] Start testing
2024-12-02 00:52:28,573 INFO server.py 235:: [Server] Test set: Average loss: 1.2876, Accuracy: 120/200 (60.0%)

2024-12-02 00:52:28,575 INFO server.py 238:: [Sever] Confusion matrix:
 tensor([[41.,  8.,  1.,  0.],
        [15., 22., 10.,  3.],
        [ 9., 11., 19., 11.],
        [ 4.,  2.,  6., 38.]])
2024-12-02 00:52:28,576 INFO server.py 254:: [Server] Precision=[0.5942029 0.5116279 0.5277778 0.7307692],
 Recall=[0.82 0.44 0.38 0.76],
 F1-score=[0.6890756  0.47311828 0.44186047 0.74509805],
 my_accuracy=60.00000238418579[%]
2024-12-02 00:52:28,576 INFO _main.py 209:: ########EPOCH 34 ########
2024-12-02 00:52:28,577 INFO _main.py 210:: ###Model distribution###
2024-12-02 00:52:31,062 INFO server.py 1064:: clients' sizes=[1, 2, 1, 0, 0, 0, 2, 2, 0, 1, 0, 1, 2, 2, 2, 2, 1, 1, 2, 0, 1, 1, 1, 1, 1, 0, 1, 1, 1, 1, 2, 0, 2, 0, 1, 2, 1, 0, 2, 0], total=41
2024-12-02 00:52:31,085 INFO server.py 327:: [Server] The aggregation takes 0.024027 seconds.

2024-12-02 00:52:31,087 INFO server.py 211:: [Server] Start testing
2024-12-02 00:52:31,101 INFO server.py 235:: [Server] Test set: Average loss: 1.3096, Accuracy: 119/200 (59.5%)

2024-12-02 00:52:31,102 INFO server.py 238:: [Sever] Confusion matrix:
 tensor([[41.,  7.,  2.,  0.],
        [15., 20., 12.,  3.],
        [ 9., 10., 20., 11.],
        [ 4.,  2.,  6., 38.]])
2024-12-02 00:52:31,103 INFO server.py 254:: [Server] Precision=[0.5942029  0.51282054 0.5        0.7307692 ],
 Recall=[0.82 0.4  0.4  0.76],
 F1-score=[0.6890756  0.4494382  0.44444448 0.74509805],
 my_accuracy=59.50000286102295[%]
2024-12-02 00:52:31,104 INFO _main.py 209:: ########EPOCH 35 ########
2024-12-02 00:52:31,105 INFO _main.py 210:: ###Model distribution###
2024-12-02 00:52:33,626 INFO server.py 1064:: clients' sizes=[1, 2, 1, 0, 0, 0, 2, 2, 0, 1, 0, 1, 2, 2, 2, 2, 1, 1, 2, 0, 1, 1, 1, 1, 1, 0, 1, 1, 1, 1, 2, 0, 2, 0, 1, 2, 1, 0, 2, 0], total=41
2024-12-02 00:52:33,647 INFO server.py 327:: [Server] The aggregation takes 0.022083 seconds.

2024-12-02 00:52:33,648 INFO server.py 211:: [Server] Start testing
2024-12-02 00:52:33,662 INFO server.py 235:: [Server] Test set: Average loss: 1.2993, Accuracy: 121/200 (60.5%)

2024-12-02 00:52:33,663 INFO server.py 238:: [Sever] Confusion matrix:
 tensor([[41.,  7.,  2.,  0.],
        [15., 22., 10.,  3.],
        [ 8., 11., 20., 11.],
        [ 3.,  3.,  6., 38.]])
2024-12-02 00:52:33,665 INFO server.py 254:: [Server] Precision=[0.6119403 0.5116279 0.5263158 0.7307692],
 Recall=[0.82 0.44 0.4  0.76],
 F1-score=[0.7008547  0.47311828 0.4545455  0.74509805],
 my_accuracy=60.50000190734863[%]
2024-12-02 00:52:33,665 INFO _main.py 209:: ########EPOCH 36 ########
2024-12-02 00:52:33,666 INFO _main.py 210:: ###Model distribution###
2024-12-02 00:52:36,199 INFO server.py 1064:: clients' sizes=[1, 2, 1, 0, 0, 0, 2, 2, 0, 1, 0, 1, 2, 2, 2, 2, 1, 1, 2, 0, 1, 1, 1, 1, 1, 0, 1, 1, 1, 1, 2, 0, 2, 0, 1, 2, 1, 0, 2, 0], total=41
2024-12-02 00:52:36,221 INFO server.py 327:: [Server] The aggregation takes 0.022237 seconds.

2024-12-02 00:52:36,222 INFO server.py 211:: [Server] Start testing
2024-12-02 00:52:36,236 INFO server.py 235:: [Server] Test set: Average loss: 1.3355, Accuracy: 119/200 (59.5%)

2024-12-02 00:52:36,238 INFO server.py 238:: [Sever] Confusion matrix:
 tensor([[40.,  8.,  2.,  0.],
        [15., 20., 12.,  3.],
        [ 8., 10., 21., 11.],
        [ 3.,  3.,  6., 38.]])
2024-12-02 00:52:36,239 INFO server.py 254:: [Server] Precision=[0.6060606 0.4878049 0.5121951 0.7307692],
 Recall=[0.8  0.4  0.42 0.76],
 F1-score=[0.6896551  0.43956047 0.46153846 0.74509805],
 my_accuracy=59.50000286102295[%]
2024-12-02 00:52:36,240 INFO _main.py 209:: ########EPOCH 37 ########
2024-12-02 00:52:36,240 INFO _main.py 210:: ###Model distribution###
2024-12-02 00:52:39,352 INFO server.py 1064:: clients' sizes=[1, 2, 1, 0, 0, 0, 2, 2, 0, 1, 0, 1, 2, 2, 2, 2, 1, 1, 2, 0, 1, 1, 1, 1, 1, 0, 1, 1, 1, 1, 2, 0, 2, 0, 1, 2, 1, 0, 2, 0], total=41
2024-12-02 00:52:39,383 INFO server.py 327:: [Server] The aggregation takes 0.032271 seconds.

2024-12-02 00:52:39,384 INFO server.py 211:: [Server] Start testing
2024-12-02 00:52:39,406 INFO server.py 235:: [Server] Test set: Average loss: 1.3586, Accuracy: 120/200 (60.0%)

2024-12-02 00:52:39,408 INFO server.py 238:: [Sever] Confusion matrix:
 tensor([[41.,  7.,  2.,  0.],
        [15., 21., 11.,  3.],
        [ 8., 11., 20., 11.],
        [ 4.,  2.,  6., 38.]])
2024-12-02 00:52:39,409 INFO server.py 254:: [Server] Precision=[0.60294116 0.5121951  0.51282054 0.7307692 ],
 Recall=[0.82 0.42 0.4  0.76],
 F1-score=[0.6949152  0.46153846 0.4494382  0.74509805],
 my_accuracy=60.00000238418579[%]
2024-12-02 00:52:39,410 INFO _main.py 209:: ########EPOCH 38 ########
2024-12-02 00:52:39,411 INFO _main.py 210:: ###Model distribution###
2024-12-02 00:52:43,082 INFO server.py 1064:: clients' sizes=[1, 2, 1, 0, 0, 0, 2, 2, 0, 1, 0, 1, 2, 2, 2, 2, 1, 1, 2, 0, 1, 1, 1, 1, 1, 0, 1, 1, 1, 1, 2, 0, 2, 0, 1, 2, 1, 0, 2, 0], total=41
2024-12-02 00:52:43,118 INFO server.py 327:: [Server] The aggregation takes 0.037260 seconds.

2024-12-02 00:52:43,120 INFO server.py 211:: [Server] Start testing
2024-12-02 00:52:43,139 INFO server.py 235:: [Server] Test set: Average loss: 1.3498, Accuracy: 118/200 (59.0%)

2024-12-02 00:52:43,141 INFO server.py 238:: [Sever] Confusion matrix:
 tensor([[41.,  7.,  2.,  0.],
        [15., 20., 12.,  3.],
        [ 8., 11., 19., 12.],
        [ 3.,  3.,  6., 38.]])
2024-12-02 00:52:43,142 INFO server.py 254:: [Server] Precision=[0.6119403 0.4878049 0.4871795 0.7169811],
 Recall=[0.82 0.4  0.38 0.76],
 F1-score=[0.7008547  0.43956047 0.42696625 0.7378641 ],
 my_accuracy=58.99999737739563[%]
2024-12-02 00:52:43,143 INFO _main.py 209:: ########EPOCH 39 ########
2024-12-02 00:52:43,143 INFO _main.py 210:: ###Model distribution###
2024-12-02 00:52:45,882 INFO server.py 1064:: clients' sizes=[1, 2, 1, 0, 0, 0, 2, 2, 0, 1, 0, 1, 2, 2, 2, 2, 1, 1, 2, 0, 1, 1, 1, 1, 1, 0, 1, 1, 1, 1, 2, 0, 2, 0, 1, 2, 1, 0, 2, 0], total=41
2024-12-02 00:52:45,904 INFO server.py 327:: [Server] The aggregation takes 0.022438 seconds.

2024-12-02 00:52:45,905 INFO server.py 211:: [Server] Start testing
2024-12-02 00:52:45,920 INFO server.py 235:: [Server] Test set: Average loss: 1.3299, Accuracy: 120/200 (60.0%)

2024-12-02 00:52:45,921 INFO server.py 238:: [Sever] Confusion matrix:
 tensor([[41.,  7.,  2.,  0.],
        [14., 22., 11.,  3.],
        [ 7., 12., 19., 12.],
        [ 3.,  3.,  6., 38.]])
2024-12-02 00:52:45,923 INFO server.py 254:: [Server] Precision=[0.63076925 0.5        0.5        0.7169811 ],
 Recall=[0.82 0.44 0.38 0.76],
 F1-score=[0.7130436 0.4680851 0.4318182 0.7378641],
 my_accuracy=60.00000238418579[%]
