2024-12-02 00:09:28,170 INFO _main.py 39:: ################################################################
2024-12-02 00:09:28,172 INFO _main.py 41:: #                              batch_size: 64                  #
2024-12-02 00:09:28,173 INFO _main.py 41:: #                         test_batch_size: 32                  #
2024-12-02 00:09:28,175 INFO _main.py 41:: #                                  epochs: 25                  #
2024-12-02 00:09:28,176 INFO _main.py 41:: #                               optimizer: SGD                 #
2024-12-02 00:09:28,176 INFO _main.py 41:: #                                      lr: 0.01                #
2024-12-02 00:09:28,177 INFO _main.py 41:: #                                momentum: 0.9                 #
2024-12-02 00:09:28,177 INFO _main.py 41:: #                            weight_decay: 0.0001              #
2024-12-02 00:09:28,177 INFO _main.py 41:: #                                    seed: 1                   #
2024-12-02 00:09:28,178 INFO _main.py 41:: #                            log_interval: 11                  #
2024-12-02 00:09:28,178 INFO _main.py 41:: #                             num_clients: 40                  #
2024-12-02 00:09:28,179 INFO _main.py 41:: #                           output_folder: experiments         #
2024-12-02 00:09:28,179 INFO _main.py 41:: #                                 dataset: rockburst           #
2024-12-02 00:09:28,179 INFO _main.py 41:: #                             loader_type: dirichlet           #
2024-12-02 00:09:28,180 INFO _main.py 41:: #                             loader_path: ./data/loader.pk    #
2024-12-02 00:09:28,180 INFO _main.py 41:: #                                      AR: mkrum               #
2024-12-02 00:09:28,180 INFO _main.py 41:: #                     n_attacker_backdoor: 0                   #
2024-12-02 00:09:28,180 INFO _main.py 41:: #                        backdoor_trigger: [0, 0, 1, 1]        #
2024-12-02 00:09:28,181 INFO _main.py 41:: #                   n_attacker_omniscient: 0                   #
2024-12-02 00:09:28,181 INFO _main.py 41:: #                        omniscient_scale: 1                   #
2024-12-02 00:09:28,182 INFO _main.py 41:: #                                 attacks: None                #
2024-12-02 00:09:28,182 INFO _main.py 41:: #                      save_model_weights: False               #
2024-12-02 00:09:28,182 INFO _main.py 41:: #                         experiment_name: sExp4Ba_40ep_rockburst_mkrum_40C_5#
2024-12-02 00:09:28,183 INFO _main.py 41:: #                          path_to_aggNet: None                #
2024-12-02 00:09:28,183 INFO _main.py 41:: #                                  device: cpu                 #
2024-12-02 00:09:28,183 INFO _main.py 41:: #                            inner_epochs: 30                  #
2024-12-02 00:09:28,183 INFO _main.py 41:: #                                 verbose: True                #
2024-12-02 00:09:28,184 INFO _main.py 41:: #                         list_unreliable: [2, 18, 20]         #
2024-12-02 00:09:28,184 INFO _main.py 41:: #                     unreliable_fraction: 0.5                 #
2024-12-02 00:09:28,184 INFO _main.py 41:: #                    unreliable_fracTrain: 0.3                 #
2024-12-02 00:09:28,185 INFO _main.py 41:: #                         mean_unreliable: 0.0                 #
2024-12-02 00:09:28,185 INFO _main.py 41:: #                             blur_method: add_noise           #
2024-12-02 00:09:28,186 INFO _main.py 41:: #                      max_std_unreliable: 30.0                #
2024-12-02 00:09:28,186 INFO _main.py 41:: #                     list_uatk_add_noise: [24, 25, 26]        #
2024-12-02 00:09:28,186 INFO _main.py 41:: #                          mean_add_noise: 0.0                 #
2024-12-02 00:09:28,186 INFO _main.py 41:: #                           std_add_noise: 0.01                #
2024-12-02 00:09:28,187 INFO _main.py 41:: #                     list_uatk_flip_sign: [0, 10, 11]         #
2024-12-02 00:09:28,187 INFO _main.py 42:: ################################################################
2024-12-02 00:09:28,187 INFO _main.py 43:: Namespace(batch_size=64, test_batch_size=32, epochs=25, optimizer='SGD', lr=0.01, momentum=0.9, weight_decay=0.0001, seed=1, log_interval=11, num_clients=40, output_folder='experiments', dataset='rockburst', loader_type='dirichlet', loader_path='./data/loader.pk', AR='mkrum', n_attacker_backdoor=0, backdoor_trigger=[0, 0, 1, 1], n_attacker_omniscient=0, omniscient_scale=1, attacks=None, save_model_weights=False, experiment_name='sExp4Ba_40ep_rockburst_mkrum_40C_5', path_to_aggNet=None, device='cpu', inner_epochs=30, verbose=True, list_unreliable=[2, 18, 20], unreliable_fraction=0.5, unreliable_fracTrain=0.3, mean_unreliable=0.0, blur_method='add_noise', max_std_unreliable=30.0, list_uatk_add_noise=[24, 25, 26], mean_add_noise=0.0, std_add_noise=0.01, list_uatk_flip_sign=[0, 10, 11])
2024-12-02 00:09:28,188 INFO _main.py 44:: #####################
2024-12-02 00:09:28,188 INFO _main.py 45:: #####################
2024-12-02 00:09:28,188 INFO _main.py 46:: #####################
2024-12-02 00:09:28,189 INFO _main.py 47:: Aggregation Rule:	mkrum
2024-12-02 00:09:28,189 INFO _main.py 48:: Data distribution:	dirichlet
2024-12-02 00:09:28,189 INFO _main.py 49:: Attacks:	None 
2024-12-02 00:09:28,190 INFO _main.py 50:: #####################
2024-12-02 00:09:28,190 INFO _main.py 51:: #####################
2024-12-02 00:09:28,190 INFO _main.py 52:: #####################
2024-12-02 00:09:29,842 INFO server.py 366:: SET DBSCAN eps=1.3, min_samples=10
2024-12-02 00:09:29,845 INFO _main.py 135:: [1-normal, 0-malicious] label =tensor([0., 1., 1., 1., 1., 1., 1., 1., 1., 1., 0., 0., 1., 1., 1., 1., 1., 1.,
        1., 1., 1., 1., 1., 1., 0., 0., 0., 1., 1., 1., 1., 1., 1., 1., 1., 1.,
        1., 1., 1., 1.])
2024-12-02 00:09:29,851 INFO malicious_clients.py 123:: init ATTACK OMNISCIENT Client 0
2024-12-02 00:09:29,856 INFO malicious_clients.py 18:: init UNRELIABLE Client 2
2024-12-02 00:09:29,891 INFO malicious_clients.py 123:: init ATTACK OMNISCIENT Client 10
2024-12-02 00:09:29,896 INFO malicious_clients.py 123:: init ATTACK OMNISCIENT Client 11
2024-12-02 00:09:29,918 INFO malicious_clients.py 18:: init UNRELIABLE Client 18
2024-12-02 00:09:29,925 INFO malicious_clients.py 18:: init UNRELIABLE Client 20
2024-12-02 00:09:29,943 INFO malicious_clients.py 73:: init ATTACK ADD NOISE TO GRAD Client 24
2024-12-02 00:09:29,947 INFO malicious_clients.py 73:: init ATTACK ADD NOISE TO GRAD Client 25
2024-12-02 00:09:29,951 INFO malicious_clients.py 73:: init ATTACK ADD NOISE TO GRAD Client 26
2024-12-02 00:09:30,003 INFO server.py 211:: [Server] Start testing
2024-12-02 00:09:30,021 INFO server.py 235:: [Server] Test set: Average loss: 1.3864, Accuracy: 50/200 (25.0%)

2024-12-02 00:09:30,022 INFO server.py 238:: [Sever] Confusion matrix:
 tensor([[50.,  0.,  0.,  0.],
        [50.,  0.,  0.,  0.],
        [50.,  0.,  0.,  0.],
        [50.,  0.,  0.,  0.]])
2024-12-02 00:09:30,029 INFO server.py 254:: [Server] Precision=[0.25  nan  nan  nan],
 Recall=[1. 0. 0. 0.],
 F1-score=[0.4 nan nan nan],
 my_accuracy=25.0[%]
2024-12-02 00:09:30,031 INFO _main.py 209:: ########EPOCH 0 ########
2024-12-02 00:09:30,032 INFO _main.py 210:: ###Model distribution###
2024-12-02 00:09:32,908 INFO server.py 1064:: clients' sizes=[1, 2, 1, 0, 0, 0, 2, 2, 0, 1, 0, 1, 2, 2, 2, 2, 1, 1, 2, 0, 1, 1, 1, 1, 1, 0, 1, 1, 1, 1, 2, 0, 2, 0, 1, 2, 1, 0, 2, 0], total=41
2024-12-02 00:09:32,936 INFO server.py 327:: [Server] The aggregation takes 0.038756 seconds.

2024-12-02 00:09:32,937 INFO server.py 211:: [Server] Start testing
2024-12-02 00:09:32,952 INFO server.py 235:: [Server] Test set: Average loss: 1.3618, Accuracy: 63/200 (31.5%)

2024-12-02 00:09:32,953 INFO server.py 238:: [Sever] Confusion matrix:
 tensor([[50.,  0.,  0.,  0.],
        [50.,  0.,  0.,  0.],
        [50.,  0.,  0.,  0.],
        [37.,  0.,  0., 13.]])
2024-12-02 00:09:32,955 INFO server.py 254:: [Server] Precision=[0.26737967        nan        nan 1.        ],
 Recall=[1.   0.   0.   0.26],
 F1-score=[0.42194092        nan        nan 0.4126984 ],
 my_accuracy=31.49999976158142[%]
2024-12-02 00:09:32,956 INFO _main.py 209:: ########EPOCH 1 ########
2024-12-02 00:09:32,956 INFO _main.py 210:: ###Model distribution###
2024-12-02 00:09:35,892 INFO server.py 1064:: clients' sizes=[1, 2, 1, 0, 0, 0, 2, 2, 0, 1, 0, 1, 2, 2, 2, 2, 1, 1, 2, 0, 1, 1, 1, 1, 1, 0, 1, 1, 1, 1, 2, 0, 2, 0, 1, 2, 1, 0, 2, 0], total=41
2024-12-02 00:09:35,918 INFO server.py 327:: [Server] The aggregation takes 0.027456 seconds.

2024-12-02 00:09:35,919 INFO server.py 211:: [Server] Start testing
2024-12-02 00:09:35,935 INFO server.py 235:: [Server] Test set: Average loss: 1.3251, Accuracy: 77/200 (38.5%)

2024-12-02 00:09:35,937 INFO server.py 238:: [Sever] Confusion matrix:
 tensor([[50.,  0.,  0.,  0.],
        [50.,  0.,  0.,  0.],
        [48.,  0.,  0.,  2.],
        [23.,  0.,  0., 27.]])
2024-12-02 00:09:35,940 INFO server.py 254:: [Server] Precision=[0.29239765        nan        nan 0.9310345 ],
 Recall=[1.   0.   0.   0.54],
 F1-score=[0.4524887         nan        nan 0.68354434],
 my_accuracy=38.499999046325684[%]
2024-12-02 00:09:35,941 INFO _main.py 209:: ########EPOCH 2 ########
2024-12-02 00:09:35,941 INFO _main.py 210:: ###Model distribution###
2024-12-02 00:09:39,465 INFO server.py 1064:: clients' sizes=[1, 2, 1, 0, 0, 0, 2, 2, 0, 1, 0, 1, 2, 2, 2, 2, 1, 1, 2, 0, 1, 1, 1, 1, 1, 0, 1, 1, 1, 1, 2, 0, 2, 0, 1, 2, 1, 0, 2, 0], total=41
2024-12-02 00:09:39,502 INFO server.py 327:: [Server] The aggregation takes 0.038396 seconds.

2024-12-02 00:09:39,503 INFO server.py 211:: [Server] Start testing
2024-12-02 00:09:39,523 INFO server.py 235:: [Server] Test set: Average loss: 1.2746, Accuracy: 80/200 (40.0%)

2024-12-02 00:09:39,524 INFO server.py 238:: [Sever] Confusion matrix:
 tensor([[50.,  0.,  0.,  0.],
        [49.,  0.,  0.,  1.],
        [41.,  0.,  0.,  9.],
        [20.,  0.,  0., 30.]])
2024-12-02 00:09:39,526 INFO server.py 254:: [Server] Precision=[0.3125    nan    nan 0.75  ],
 Recall=[1.  0.  0.  0.6],
 F1-score=[0.47619048        nan        nan 0.6666667 ],
 my_accuracy=40.00000059604645[%]
2024-12-02 00:09:39,527 INFO _main.py 209:: ########EPOCH 3 ########
2024-12-02 00:09:39,528 INFO _main.py 210:: ###Model distribution###
2024-12-02 00:09:43,600 INFO server.py 1064:: clients' sizes=[1, 2, 1, 0, 0, 0, 2, 2, 0, 1, 0, 1, 2, 2, 2, 2, 1, 1, 2, 0, 1, 1, 1, 1, 1, 0, 1, 1, 1, 1, 2, 0, 2, 0, 1, 2, 1, 0, 2, 0], total=41
2024-12-02 00:09:43,626 INFO server.py 327:: [Server] The aggregation takes 0.026340 seconds.

2024-12-02 00:09:43,627 INFO server.py 211:: [Server] Start testing
2024-12-02 00:09:43,640 INFO server.py 235:: [Server] Test set: Average loss: 1.2396, Accuracy: 83/200 (41.5%)

2024-12-02 00:09:43,642 INFO server.py 238:: [Sever] Confusion matrix:
 tensor([[50.,  0.,  0.,  0.],
        [47.,  0.,  0.,  3.],
        [40.,  0.,  0., 10.],
        [17.,  0.,  0., 33.]])
2024-12-02 00:09:43,643 INFO server.py 254:: [Server] Precision=[0.32467532        nan        nan 0.7173913 ],
 Recall=[1.   0.   0.   0.66],
 F1-score=[0.49019608        nan        nan 0.6875    ],
 my_accuracy=41.49999916553497[%]
2024-12-02 00:09:43,644 INFO _main.py 209:: ########EPOCH 4 ########
2024-12-02 00:09:43,644 INFO _main.py 210:: ###Model distribution###
2024-12-02 00:09:46,545 INFO server.py 1064:: clients' sizes=[1, 2, 1, 0, 0, 0, 2, 2, 0, 1, 0, 1, 2, 2, 2, 2, 1, 1, 2, 0, 1, 1, 1, 1, 1, 0, 1, 1, 1, 1, 2, 0, 2, 0, 1, 2, 1, 0, 2, 0], total=41
2024-12-02 00:09:46,572 INFO server.py 327:: [Server] The aggregation takes 0.027826 seconds.

2024-12-02 00:09:46,573 INFO server.py 211:: [Server] Start testing
2024-12-02 00:09:46,587 INFO server.py 235:: [Server] Test set: Average loss: 1.1714, Accuracy: 86/200 (43.0%)

2024-12-02 00:09:46,588 INFO server.py 238:: [Sever] Confusion matrix:
 tensor([[50.,  0.,  0.,  0.],
        [46.,  0.,  0.,  4.],
        [38.,  0.,  0., 12.],
        [14.,  0.,  0., 36.]])
2024-12-02 00:09:46,589 INFO server.py 254:: [Server] Precision=[0.33783785        nan        nan 0.6923077 ],
 Recall=[1.   0.   0.   0.72],
 F1-score=[0.50505054        nan        nan 0.7058824 ],
 my_accuracy=43.00000071525574[%]
2024-12-02 00:09:46,590 INFO _main.py 209:: ########EPOCH 5 ########
2024-12-02 00:09:46,591 INFO _main.py 210:: ###Model distribution###
2024-12-02 00:09:49,517 INFO server.py 1064:: clients' sizes=[1, 2, 1, 0, 0, 0, 2, 2, 0, 1, 0, 1, 2, 2, 2, 2, 1, 1, 2, 0, 1, 1, 1, 1, 1, 0, 1, 1, 1, 1, 2, 0, 2, 0, 1, 2, 1, 0, 2, 0], total=41
2024-12-02 00:09:49,559 INFO server.py 327:: [Server] The aggregation takes 0.043256 seconds.

2024-12-02 00:09:49,561 INFO server.py 211:: [Server] Start testing
2024-12-02 00:09:49,577 INFO server.py 235:: [Server] Test set: Average loss: 1.1359, Accuracy: 86/200 (43.0%)

2024-12-02 00:09:49,579 INFO server.py 238:: [Sever] Confusion matrix:
 tensor([[50.,  0.,  0.,  0.],
        [46.,  0.,  0.,  4.],
        [37.,  0.,  0., 13.],
        [14.,  0.,  0., 36.]])
2024-12-02 00:09:49,581 INFO server.py 254:: [Server] Precision=[0.34013605        nan        nan 0.6792453 ],
 Recall=[1.   0.   0.   0.72],
 F1-score=[0.5076142         nan        nan 0.69902915],
 my_accuracy=43.00000071525574[%]
2024-12-02 00:09:49,582 INFO _main.py 209:: ########EPOCH 6 ########
2024-12-02 00:09:49,583 INFO _main.py 210:: ###Model distribution###
2024-12-02 00:09:52,657 INFO server.py 1064:: clients' sizes=[1, 2, 1, 0, 0, 0, 2, 2, 0, 1, 0, 1, 2, 2, 2, 2, 1, 1, 2, 0, 1, 1, 1, 1, 1, 0, 1, 1, 1, 1, 2, 0, 2, 0, 1, 2, 1, 0, 2, 0], total=41
2024-12-02 00:09:52,690 INFO server.py 327:: [Server] The aggregation takes 0.033868 seconds.

2024-12-02 00:09:52,691 INFO server.py 211:: [Server] Start testing
2024-12-02 00:09:52,706 INFO server.py 235:: [Server] Test set: Average loss: 1.1056, Accuracy: 87/200 (43.5%)

2024-12-02 00:09:52,708 INFO server.py 238:: [Sever] Confusion matrix:
 tensor([[50.,  0.,  0.,  0.],
        [46.,  0.,  0.,  4.],
        [36.,  0.,  0., 14.],
        [11.,  0.,  2., 37.]])
2024-12-02 00:09:52,710 INFO server.py 254:: [Server] Precision=[0.34965035        nan 0.         0.6727273 ],
 Recall=[1.   0.   0.   0.74],
 F1-score=[0.5181347         nan        nan 0.70476186],
 my_accuracy=43.50000023841858[%]
2024-12-02 00:09:52,711 INFO _main.py 209:: ########EPOCH 7 ########
2024-12-02 00:09:52,711 INFO _main.py 210:: ###Model distribution###
2024-12-02 00:09:56,907 INFO server.py 1064:: clients' sizes=[1, 2, 1, 0, 0, 0, 2, 2, 0, 1, 0, 1, 2, 2, 2, 2, 1, 1, 2, 0, 1, 1, 1, 1, 1, 0, 1, 1, 1, 1, 2, 0, 2, 0, 1, 2, 1, 0, 2, 0], total=41
2024-12-02 00:09:56,951 INFO server.py 327:: [Server] The aggregation takes 0.046463 seconds.

2024-12-02 00:09:56,952 INFO server.py 211:: [Server] Start testing
2024-12-02 00:09:56,976 INFO server.py 235:: [Server] Test set: Average loss: 1.0783, Accuracy: 92/200 (46.0%)

2024-12-02 00:09:56,977 INFO server.py 238:: [Sever] Confusion matrix:
 tensor([[50.,  0.,  0.,  0.],
        [44.,  1.,  1.,  4.],
        [30.,  4.,  2., 14.],
        [11.,  0.,  0., 39.]])
2024-12-02 00:09:56,979 INFO server.py 254:: [Server] Precision=[0.37037036 0.2        0.6666667  0.68421054],
 Recall=[1.   0.02 0.04 0.78],
 F1-score=[0.5405405  0.03636364 0.0754717  0.72897196],
 my_accuracy=46.00000083446503[%]
2024-12-02 00:09:56,979 INFO _main.py 209:: ########EPOCH 8 ########
2024-12-02 00:09:56,980 INFO _main.py 210:: ###Model distribution###
2024-12-02 00:10:00,763 INFO server.py 1064:: clients' sizes=[1, 2, 1, 0, 0, 0, 2, 2, 0, 1, 0, 1, 2, 2, 2, 2, 1, 1, 2, 0, 1, 1, 1, 1, 1, 0, 1, 1, 1, 1, 2, 0, 2, 0, 1, 2, 1, 0, 2, 0], total=41
2024-12-02 00:10:00,790 INFO server.py 327:: [Server] The aggregation takes 0.028622 seconds.

2024-12-02 00:10:00,792 INFO server.py 211:: [Server] Start testing
2024-12-02 00:10:00,808 INFO server.py 235:: [Server] Test set: Average loss: 1.0565, Accuracy: 98/200 (49.0%)

2024-12-02 00:10:00,809 INFO server.py 238:: [Sever] Confusion matrix:
 tensor([[47.,  3.,  0.,  0.],
        [35., 10.,  1.,  4.],
        [25., 10.,  2., 13.],
        [ 9.,  2.,  0., 39.]])
2024-12-02 00:10:00,811 INFO server.py 254:: [Server] Precision=[0.4051724 0.4       0.6666667 0.6964286],
 Recall=[0.94 0.2  0.04 0.78],
 F1-score=[0.56626505 0.26666668 0.0754717  0.7358491 ],
 my_accuracy=49.000000953674316[%]
2024-12-02 00:10:00,812 INFO _main.py 209:: ########EPOCH 9 ########
2024-12-02 00:10:00,812 INFO _main.py 210:: ###Model distribution###
2024-12-02 00:10:03,788 INFO server.py 1064:: clients' sizes=[1, 2, 1, 0, 0, 0, 2, 2, 0, 1, 0, 1, 2, 2, 2, 2, 1, 1, 2, 0, 1, 1, 1, 1, 1, 0, 1, 1, 1, 1, 2, 0, 2, 0, 1, 2, 1, 0, 2, 0], total=41
2024-12-02 00:10:03,818 INFO server.py 327:: [Server] The aggregation takes 0.030948 seconds.

2024-12-02 00:10:03,819 INFO server.py 211:: [Server] Start testing
2024-12-02 00:10:03,834 INFO server.py 235:: [Server] Test set: Average loss: 1.0316, Accuracy: 97/200 (48.5%)

2024-12-02 00:10:03,835 INFO server.py 238:: [Sever] Confusion matrix:
 tensor([[47.,  3.,  0.,  0.],
        [35.,  9.,  2.,  4.],
        [24., 11.,  2., 13.],
        [ 9.,  0.,  2., 39.]])
2024-12-02 00:10:03,837 INFO server.py 254:: [Server] Precision=[0.40869564 0.39130434 0.33333334 0.6964286 ],
 Recall=[0.94 0.18 0.04 0.78],
 F1-score=[0.56969696 0.24657537 0.07142857 0.7358491 ],
 my_accuracy=48.500001430511475[%]
2024-12-02 00:10:03,838 INFO _main.py 209:: ########EPOCH 10 ########
2024-12-02 00:10:03,838 INFO _main.py 210:: ###Model distribution###
2024-12-02 00:10:06,780 INFO server.py 1064:: clients' sizes=[1, 2, 1, 0, 0, 0, 2, 2, 0, 1, 0, 1, 2, 2, 2, 2, 1, 1, 2, 0, 1, 1, 1, 1, 1, 0, 1, 1, 1, 1, 2, 0, 2, 0, 1, 2, 1, 0, 2, 0], total=41
2024-12-02 00:10:06,805 INFO server.py 327:: [Server] The aggregation takes 0.025849 seconds.

2024-12-02 00:10:06,806 INFO server.py 211:: [Server] Start testing
2024-12-02 00:10:06,820 INFO server.py 235:: [Server] Test set: Average loss: 1.0196, Accuracy: 100/200 (50.0%)

2024-12-02 00:10:06,822 INFO server.py 238:: [Sever] Confusion matrix:
 tensor([[47.,  3.,  0.,  0.],
        [33., 12.,  1.,  4.],
        [19., 15.,  2., 14.],
        [ 6.,  1.,  4., 39.]])
2024-12-02 00:10:06,823 INFO server.py 254:: [Server] Precision=[0.44761905 0.38709676 0.2857143  0.68421054],
 Recall=[0.94 0.24 0.04 0.78],
 F1-score=[0.60645163 0.29629627 0.07017544 0.72897196],
 my_accuracy=50.0[%]
2024-12-02 00:10:06,823 INFO _main.py 209:: ########EPOCH 11 ########
2024-12-02 00:10:06,824 INFO _main.py 210:: ###Model distribution###
2024-12-02 00:10:09,697 INFO server.py 1064:: clients' sizes=[1, 2, 1, 0, 0, 0, 2, 2, 0, 1, 0, 1, 2, 2, 2, 2, 1, 1, 2, 0, 1, 1, 1, 1, 1, 0, 1, 1, 1, 1, 2, 0, 2, 0, 1, 2, 1, 0, 2, 0], total=41
2024-12-02 00:10:09,739 INFO server.py 327:: [Server] The aggregation takes 0.043117 seconds.

2024-12-02 00:10:09,740 INFO server.py 211:: [Server] Start testing
2024-12-02 00:10:09,764 INFO server.py 235:: [Server] Test set: Average loss: 1.0064, Accuracy: 104/200 (52.0%)

2024-12-02 00:10:09,765 INFO server.py 238:: [Sever] Confusion matrix:
 tensor([[47.,  3.,  0.,  0.],
        [30., 15.,  2.,  3.],
        [18., 15.,  3., 14.],
        [ 6.,  0.,  5., 39.]])
2024-12-02 00:10:09,767 INFO server.py 254:: [Server] Precision=[0.46534654 0.45454547 0.3        0.6964286 ],
 Recall=[0.94 0.3  0.06 0.78],
 F1-score=[0.6225166  0.36144578 0.1        0.7358491 ],
 my_accuracy=51.99999809265137[%]
2024-12-02 00:10:09,768 INFO _main.py 209:: ########EPOCH 12 ########
2024-12-02 00:10:09,769 INFO _main.py 210:: ###Model distribution###
2024-12-02 00:10:13,930 INFO server.py 1064:: clients' sizes=[1, 2, 1, 0, 0, 0, 2, 2, 0, 1, 0, 1, 2, 2, 2, 2, 1, 1, 2, 0, 1, 1, 1, 1, 1, 0, 1, 1, 1, 1, 2, 0, 2, 0, 1, 2, 1, 0, 2, 0], total=41
2024-12-02 00:10:13,980 INFO server.py 327:: [Server] The aggregation takes 0.051562 seconds.

2024-12-02 00:10:13,983 INFO server.py 211:: [Server] Start testing
2024-12-02 00:10:14,018 INFO server.py 235:: [Server] Test set: Average loss: 1.0023, Accuracy: 106/200 (53.0%)

2024-12-02 00:10:14,021 INFO server.py 238:: [Sever] Confusion matrix:
 tensor([[47.,  3.,  0.,  0.],
        [29., 15.,  3.,  3.],
        [18., 14.,  5., 13.],
        [ 5.,  0.,  6., 39.]])
2024-12-02 00:10:14,023 INFO server.py 254:: [Server] Precision=[0.47474748 0.46875    0.35714287 0.7090909 ],
 Recall=[0.94 0.3  0.1  0.78],
 F1-score=[0.6308725  0.36585367 0.15625    0.7428571 ],
 my_accuracy=52.99999713897705[%]
2024-12-02 00:10:14,025 INFO _main.py 209:: ########EPOCH 13 ########
2024-12-02 00:10:14,026 INFO _main.py 210:: ###Model distribution###
2024-12-02 00:10:17,235 INFO server.py 1064:: clients' sizes=[1, 2, 1, 0, 0, 0, 2, 2, 0, 1, 0, 1, 2, 2, 2, 2, 1, 1, 2, 0, 1, 1, 1, 1, 1, 0, 1, 1, 1, 1, 2, 0, 2, 0, 1, 2, 1, 0, 2, 0], total=41
2024-12-02 00:10:17,263 INFO server.py 327:: [Server] The aggregation takes 0.029361 seconds.

2024-12-02 00:10:17,264 INFO server.py 211:: [Server] Start testing
2024-12-02 00:10:17,279 INFO server.py 235:: [Server] Test set: Average loss: 0.9736, Accuracy: 104/200 (52.0%)

2024-12-02 00:10:17,280 INFO server.py 238:: [Sever] Confusion matrix:
 tensor([[44.,  6.,  0.,  0.],
        [26., 16.,  5.,  3.],
        [13., 19.,  5., 13.],
        [ 5.,  0.,  6., 39.]])
2024-12-02 00:10:17,282 INFO server.py 254:: [Server] Precision=[0.5       0.3902439 0.3125    0.7090909],
 Recall=[0.88 0.32 0.1  0.78],
 F1-score=[0.6376812  0.35164833 0.15151516 0.7428571 ],
 my_accuracy=51.99999809265137[%]
2024-12-02 00:10:17,282 INFO _main.py 209:: ########EPOCH 14 ########
2024-12-02 00:10:17,283 INFO _main.py 210:: ###Model distribution###
2024-12-02 00:10:19,955 INFO server.py 1064:: clients' sizes=[1, 2, 1, 0, 0, 0, 2, 2, 0, 1, 0, 1, 2, 2, 2, 2, 1, 1, 2, 0, 1, 1, 1, 1, 1, 0, 1, 1, 1, 1, 2, 0, 2, 0, 1, 2, 1, 0, 2, 0], total=41
2024-12-02 00:10:19,982 INFO server.py 327:: [Server] The aggregation takes 0.027730 seconds.

2024-12-02 00:10:19,983 INFO server.py 211:: [Server] Start testing
2024-12-02 00:10:19,997 INFO server.py 235:: [Server] Test set: Average loss: 0.9575, Accuracy: 105/200 (52.5%)

2024-12-02 00:10:19,998 INFO server.py 238:: [Sever] Confusion matrix:
 tensor([[42.,  8.,  0.,  0.],
        [24., 18.,  5.,  3.],
        [13., 18.,  6., 13.],
        [ 4.,  1.,  6., 39.]])
2024-12-02 00:10:20,000 INFO server.py 254:: [Server] Precision=[0.5060241 0.4       0.3529412 0.7090909],
 Recall=[0.84 0.36 0.12 0.78],
 F1-score=[0.631579   0.3789474  0.17910448 0.7428571 ],
 my_accuracy=52.49999761581421[%]
2024-12-02 00:10:20,000 INFO _main.py 209:: ########EPOCH 15 ########
2024-12-02 00:10:20,001 INFO _main.py 210:: ###Model distribution###
2024-12-02 00:10:22,683 INFO server.py 1064:: clients' sizes=[1, 2, 1, 0, 0, 0, 2, 2, 0, 1, 0, 1, 2, 2, 2, 2, 1, 1, 2, 0, 1, 1, 1, 1, 1, 0, 1, 1, 1, 1, 2, 0, 2, 0, 1, 2, 1, 0, 2, 0], total=41
2024-12-02 00:10:22,710 INFO server.py 327:: [Server] The aggregation takes 0.027821 seconds.

2024-12-02 00:10:22,711 INFO server.py 211:: [Server] Start testing
2024-12-02 00:10:22,725 INFO server.py 235:: [Server] Test set: Average loss: 0.9645, Accuracy: 108/200 (54.0%)

2024-12-02 00:10:22,727 INFO server.py 238:: [Sever] Confusion matrix:
 tensor([[44.,  6.,  0.,  0.],
        [24., 19.,  4.,  3.],
        [14., 18.,  6., 12.],
        [ 5.,  0.,  6., 39.]])
2024-12-02 00:10:22,728 INFO server.py 254:: [Server] Precision=[0.50574714 0.44186047 0.375      0.7222222 ],
 Recall=[0.88 0.38 0.12 0.78],
 F1-score=[0.6423358  0.40860215 0.18181817 0.74999994],
 my_accuracy=54.00000214576721[%]
2024-12-02 00:10:22,730 INFO _main.py 209:: ########EPOCH 16 ########
2024-12-02 00:10:22,730 INFO _main.py 210:: ###Model distribution###
2024-12-02 00:10:25,884 INFO server.py 1064:: clients' sizes=[1, 2, 1, 0, 0, 0, 2, 2, 0, 1, 0, 1, 2, 2, 2, 2, 1, 1, 2, 0, 1, 1, 1, 1, 1, 0, 1, 1, 1, 1, 2, 0, 2, 0, 1, 2, 1, 0, 2, 0], total=41
2024-12-02 00:10:25,932 INFO server.py 327:: [Server] The aggregation takes 0.049916 seconds.

2024-12-02 00:10:25,936 INFO server.py 211:: [Server] Start testing
2024-12-02 00:10:25,959 INFO server.py 235:: [Server] Test set: Average loss: 0.9359, Accuracy: 107/200 (53.5%)

2024-12-02 00:10:25,961 INFO server.py 238:: [Sever] Confusion matrix:
 tensor([[42.,  8.,  0.,  0.],
        [21., 19.,  7.,  3.],
        [12., 19.,  7., 12.],
        [ 4.,  1.,  6., 39.]])
2024-12-02 00:10:25,963 INFO server.py 254:: [Server] Precision=[0.5316456  0.40425533 0.35       0.7222222 ],
 Recall=[0.84 0.38 0.14 0.78],
 F1-score=[0.6511628  0.39175257 0.19999999 0.74999994],
 my_accuracy=53.50000262260437[%]
2024-12-02 00:10:25,964 INFO _main.py 209:: ########EPOCH 17 ########
2024-12-02 00:10:25,964 INFO _main.py 210:: ###Model distribution###
2024-12-02 00:10:30,331 INFO server.py 1064:: clients' sizes=[1, 2, 1, 0, 0, 0, 2, 2, 0, 1, 0, 1, 2, 2, 2, 2, 1, 1, 2, 0, 1, 1, 1, 1, 1, 0, 1, 1, 1, 1, 2, 0, 2, 0, 1, 2, 1, 0, 2, 0], total=41
2024-12-02 00:10:30,372 INFO server.py 327:: [Server] The aggregation takes 0.041853 seconds.

2024-12-02 00:10:30,373 INFO server.py 211:: [Server] Start testing
2024-12-02 00:10:30,396 INFO server.py 235:: [Server] Test set: Average loss: 0.9312, Accuracy: 110/200 (55.0%)

2024-12-02 00:10:30,398 INFO server.py 238:: [Sever] Confusion matrix:
 tensor([[42.,  8.,  0.,  0.],
        [20., 20.,  7.,  3.],
        [13., 17.,  9., 11.],
        [ 4.,  1.,  6., 39.]])
2024-12-02 00:10:30,399 INFO server.py 254:: [Server] Precision=[0.5316456 0.4347826 0.4090909 0.7358491],
 Recall=[0.84 0.4  0.18 0.78],
 F1-score=[0.6511628  0.4166667  0.25       0.75728154],
 my_accuracy=55.000001192092896[%]
2024-12-02 00:10:30,400 INFO _main.py 209:: ########EPOCH 18 ########
2024-12-02 00:10:30,401 INFO _main.py 210:: ###Model distribution###
2024-12-02 00:10:33,180 INFO server.py 1064:: clients' sizes=[1, 2, 1, 0, 0, 0, 2, 2, 0, 1, 0, 1, 2, 2, 2, 2, 1, 1, 2, 0, 1, 1, 1, 1, 1, 0, 1, 1, 1, 1, 2, 0, 2, 0, 1, 2, 1, 0, 2, 0], total=41
2024-12-02 00:10:33,205 INFO server.py 327:: [Server] The aggregation takes 0.025894 seconds.

2024-12-02 00:10:33,206 INFO server.py 211:: [Server] Start testing
2024-12-02 00:10:33,220 INFO server.py 235:: [Server] Test set: Average loss: 0.9226, Accuracy: 116/200 (58.0%)

2024-12-02 00:10:33,222 INFO server.py 238:: [Sever] Confusion matrix:
 tensor([[42.,  8.,  0.,  0.],
        [20., 19.,  8.,  3.],
        [13., 12., 14., 11.],
        [ 4.,  1.,  4., 41.]])
2024-12-02 00:10:33,223 INFO server.py 254:: [Server] Precision=[0.5316456  0.475      0.53846157 0.74545455],
 Recall=[0.84 0.38 0.28 0.82],
 F1-score=[0.6511628  0.42222223 0.36842105 0.78095245],
 my_accuracy=57.999998331069946[%]
2024-12-02 00:10:33,224 INFO _main.py 209:: ########EPOCH 19 ########
2024-12-02 00:10:33,224 INFO _main.py 210:: ###Model distribution###
2024-12-02 00:10:35,927 INFO server.py 1064:: clients' sizes=[1, 2, 1, 0, 0, 0, 2, 2, 0, 1, 0, 1, 2, 2, 2, 2, 1, 1, 2, 0, 1, 1, 1, 1, 1, 0, 1, 1, 1, 1, 2, 0, 2, 0, 1, 2, 1, 0, 2, 0], total=41
2024-12-02 00:10:35,952 INFO server.py 327:: [Server] The aggregation takes 0.026014 seconds.

2024-12-02 00:10:35,953 INFO server.py 211:: [Server] Start testing
2024-12-02 00:10:35,969 INFO server.py 235:: [Server] Test set: Average loss: 0.9330, Accuracy: 116/200 (58.0%)

2024-12-02 00:10:35,970 INFO server.py 238:: [Sever] Confusion matrix:
 tensor([[42.,  8.,  0.,  0.],
        [20., 19.,  8.,  3.],
        [12., 12., 15., 11.],
        [ 4.,  2.,  4., 40.]])
2024-12-02 00:10:35,972 INFO server.py 254:: [Server] Precision=[0.53846157 0.46341464 0.5555556  0.7407407 ],
 Recall=[0.84 0.38 0.3  0.8 ],
 F1-score=[0.65625   0.4175824 0.3896104 0.7692308],
 my_accuracy=57.999998331069946[%]
2024-12-02 00:10:35,972 INFO _main.py 209:: ########EPOCH 20 ########
2024-12-02 00:10:35,973 INFO _main.py 210:: ###Model distribution###
2024-12-02 00:10:39,015 INFO server.py 1064:: clients' sizes=[1, 2, 1, 0, 0, 0, 2, 2, 0, 1, 0, 1, 2, 2, 2, 2, 1, 1, 2, 0, 1, 1, 1, 1, 1, 0, 1, 1, 1, 1, 2, 0, 2, 0, 1, 2, 1, 0, 2, 0], total=41
2024-12-02 00:10:39,042 INFO server.py 327:: [Server] The aggregation takes 0.027281 seconds.

2024-12-02 00:10:39,043 INFO server.py 211:: [Server] Start testing
2024-12-02 00:10:39,058 INFO server.py 235:: [Server] Test set: Average loss: 0.9215, Accuracy: 119/200 (59.5%)

2024-12-02 00:10:39,059 INFO server.py 238:: [Sever] Confusion matrix:
 tensor([[42.,  8.,  0.,  0.],
        [18., 21.,  8.,  3.],
        [11., 13., 15., 11.],
        [ 4.,  1.,  4., 41.]])
2024-12-02 00:10:39,061 INFO server.py 254:: [Server] Precision=[0.56       0.4883721  0.5555556  0.74545455],
 Recall=[0.84 0.42 0.3  0.82],
 F1-score=[0.672      0.45161292 0.3896104  0.78095245],
 my_accuracy=59.50000286102295[%]
2024-12-02 00:10:39,061 INFO _main.py 209:: ########EPOCH 21 ########
2024-12-02 00:10:39,062 INFO _main.py 210:: ###Model distribution###
2024-12-02 00:10:42,791 INFO server.py 1064:: clients' sizes=[1, 2, 1, 0, 0, 0, 2, 2, 0, 1, 0, 1, 2, 2, 2, 2, 1, 1, 2, 0, 1, 1, 1, 1, 1, 0, 1, 1, 1, 1, 2, 0, 2, 0, 1, 2, 1, 0, 2, 0], total=41
2024-12-02 00:10:42,837 INFO server.py 327:: [Server] The aggregation takes 0.046971 seconds.

2024-12-02 00:10:42,839 INFO server.py 211:: [Server] Start testing
2024-12-02 00:10:42,860 INFO server.py 235:: [Server] Test set: Average loss: 0.9417, Accuracy: 120/200 (60.0%)

2024-12-02 00:10:42,862 INFO server.py 238:: [Sever] Confusion matrix:
 tensor([[42.,  8.,  0.,  0.],
        [17., 23.,  7.,  3.],
        [11., 14., 14., 11.],
        [ 4.,  2.,  3., 41.]])
2024-12-02 00:10:42,864 INFO server.py 254:: [Server] Precision=[0.5675676  0.4893617  0.5833333  0.74545455],
 Recall=[0.84 0.46 0.28 0.82],
 F1-score=[0.67741936 0.47422683 0.37837836 0.78095245],
 my_accuracy=60.00000238418579[%]
2024-12-02 00:10:42,865 INFO _main.py 209:: ########EPOCH 22 ########
2024-12-02 00:10:42,866 INFO _main.py 210:: ###Model distribution###
2024-12-02 00:10:47,108 INFO server.py 1064:: clients' sizes=[1, 2, 1, 0, 0, 0, 2, 2, 0, 1, 0, 1, 2, 2, 2, 2, 1, 1, 2, 0, 1, 1, 1, 1, 1, 0, 1, 1, 1, 1, 2, 0, 2, 0, 1, 2, 1, 0, 2, 0], total=41
2024-12-02 00:10:47,139 INFO server.py 327:: [Server] The aggregation takes 0.032381 seconds.

2024-12-02 00:10:47,140 INFO server.py 211:: [Server] Start testing
2024-12-02 00:10:47,158 INFO server.py 235:: [Server] Test set: Average loss: 0.9458, Accuracy: 123/200 (61.5%)

2024-12-02 00:10:47,159 INFO server.py 238:: [Sever] Confusion matrix:
 tensor([[42.,  8.,  0.,  0.],
        [15., 25.,  7.,  3.],
        [11., 13., 15., 11.],
        [ 3.,  3.,  3., 41.]])
2024-12-02 00:10:47,161 INFO server.py 254:: [Server] Precision=[0.5915493  0.5102041  0.6        0.74545455],
 Recall=[0.84 0.5  0.3  0.82],
 F1-score=[0.6942148  0.5050505  0.4        0.78095245],
 my_accuracy=61.500000953674316[%]
2024-12-02 00:10:47,161 INFO _main.py 209:: ########EPOCH 23 ########
2024-12-02 00:10:47,162 INFO _main.py 210:: ###Model distribution###
2024-12-02 00:10:50,140 INFO server.py 1064:: clients' sizes=[1, 2, 1, 0, 0, 0, 2, 2, 0, 1, 0, 1, 2, 2, 2, 2, 1, 1, 2, 0, 1, 1, 1, 1, 1, 0, 1, 1, 1, 1, 2, 0, 2, 0, 1, 2, 1, 0, 2, 0], total=41
2024-12-02 00:10:50,166 INFO server.py 327:: [Server] The aggregation takes 0.027184 seconds.

2024-12-02 00:10:50,167 INFO server.py 211:: [Server] Start testing
2024-12-02 00:10:50,182 INFO server.py 235:: [Server] Test set: Average loss: 0.9937, Accuracy: 121/200 (60.5%)

2024-12-02 00:10:50,184 INFO server.py 238:: [Sever] Confusion matrix:
 tensor([[42.,  8.,  0.,  0.],
        [16., 24.,  7.,  3.],
        [10., 13., 16., 11.],
        [ 4.,  2.,  5., 39.]])
2024-12-02 00:10:50,185 INFO server.py 254:: [Server] Precision=[0.5833333 0.5106383 0.5714286 0.7358491],
 Recall=[0.84 0.48 0.32 0.78],
 F1-score=[0.6885246  0.4948454  0.4102564  0.75728154],
 my_accuracy=60.50000190734863[%]
2024-12-02 00:10:50,186 INFO _main.py 209:: ########EPOCH 24 ########
2024-12-02 00:10:50,187 INFO _main.py 210:: ###Model distribution###
2024-12-02 00:10:53,254 INFO server.py 1064:: clients' sizes=[1, 2, 1, 0, 0, 0, 2, 2, 0, 1, 0, 1, 2, 2, 2, 2, 1, 1, 2, 0, 1, 1, 1, 1, 1, 0, 1, 1, 1, 1, 2, 0, 2, 0, 1, 2, 1, 0, 2, 0], total=41
2024-12-02 00:10:53,280 INFO server.py 327:: [Server] The aggregation takes 0.026809 seconds.

2024-12-02 00:10:53,281 INFO server.py 211:: [Server] Start testing
2024-12-02 00:10:53,296 INFO server.py 235:: [Server] Test set: Average loss: 1.0362, Accuracy: 118/200 (59.0%)

2024-12-02 00:10:53,297 INFO server.py 238:: [Sever] Confusion matrix:
 tensor([[41.,  9.,  0.,  0.],
        [16., 25.,  6.,  3.],
        [11., 15., 13., 11.],
        [ 4.,  2.,  5., 39.]])
2024-12-02 00:10:53,299 INFO server.py 254:: [Server] Precision=[0.5694444  0.49019608 0.5416667  0.7358491 ],
 Recall=[0.82 0.5  0.26 0.78],
 F1-score=[0.6721312  0.49504948 0.35135135 0.75728154],
 my_accuracy=58.99999737739563[%]
