2024-12-02 02:35:08,464 INFO _main.py 39:: ################################################################
2024-12-02 02:35:08,466 INFO _main.py 41:: #                              batch_size: 64                  #
2024-12-02 02:35:08,466 INFO _main.py 41:: #                         test_batch_size: 32                  #
2024-12-02 02:35:08,466 INFO _main.py 41:: #                                  epochs: 50                  #
2024-12-02 02:35:08,467 INFO _main.py 41:: #                               optimizer: SGD                 #
2024-12-02 02:35:08,467 INFO _main.py 41:: #                                      lr: 0.01                #
2024-12-02 02:35:08,467 INFO _main.py 41:: #                                momentum: 0.9                 #
2024-12-02 02:35:08,467 INFO _main.py 41:: #                            weight_decay: 0.0001              #
2024-12-02 02:35:08,467 INFO _main.py 41:: #                                    seed: 1                   #
2024-12-02 02:35:08,467 INFO _main.py 41:: #                            log_interval: 11                  #
2024-12-02 02:35:08,468 INFO _main.py 41:: #                             num_clients: 40                  #
2024-12-02 02:35:08,468 INFO _main.py 41:: #                           output_folder: experiments         #
2024-12-02 02:35:08,468 INFO _main.py 41:: #                                 dataset: rockburst           #
2024-12-02 02:35:08,468 INFO _main.py 41:: #                             loader_type: dirichlet           #
2024-12-02 02:35:08,468 INFO _main.py 41:: #                             loader_path: ./data/loader.pk    #
2024-12-02 02:35:08,468 INFO _main.py 41:: #                                      AR: mkrum               #
2024-12-02 02:35:08,468 INFO _main.py 41:: #                     n_attacker_backdoor: 0                   #
2024-12-02 02:35:08,469 INFO _main.py 41:: #                        backdoor_trigger: [0, 0, 1, 1]        #
2024-12-02 02:35:08,469 INFO _main.py 41:: #                   n_attacker_omniscient: 0                   #
2024-12-02 02:35:08,469 INFO _main.py 41:: #                        omniscient_scale: 1                   #
2024-12-02 02:35:08,469 INFO _main.py 41:: #                                 attacks: None                #
2024-12-02 02:35:08,469 INFO _main.py 41:: #                      save_model_weights: False               #
2024-12-02 02:35:08,469 INFO _main.py 41:: #                         experiment_name: sExp4Ba_40ep_rockburst_mkrum_40C_5#
2024-12-02 02:35:08,469 INFO _main.py 41:: #                          path_to_aggNet: None                #
2024-12-02 02:35:08,470 INFO _main.py 41:: #                                  device: cpu                 #
2024-12-02 02:35:08,470 INFO _main.py 41:: #                            inner_epochs: 30                  #
2024-12-02 02:35:08,470 INFO _main.py 41:: #                                 verbose: True                #
2024-12-02 02:35:08,470 INFO _main.py 41:: #                         list_unreliable: [2, 18, 20]         #
2024-12-02 02:35:08,470 INFO _main.py 41:: #                     unreliable_fraction: 0.5                 #
2024-12-02 02:35:08,470 INFO _main.py 41:: #                    unreliable_fracTrain: 0.3                 #
2024-12-02 02:35:08,470 INFO _main.py 41:: #                         mean_unreliable: 0.0                 #
2024-12-02 02:35:08,471 INFO _main.py 41:: #                             blur_method: add_noise           #
2024-12-02 02:35:08,471 INFO _main.py 41:: #                      max_std_unreliable: 30.0                #
2024-12-02 02:35:08,471 INFO _main.py 41:: #                     list_uatk_add_noise: [24, 25, 26]        #
2024-12-02 02:35:08,471 INFO _main.py 41:: #                          mean_add_noise: 0.0                 #
2024-12-02 02:35:08,471 INFO _main.py 41:: #                           std_add_noise: 0.01                #
2024-12-02 02:35:08,471 INFO _main.py 41:: #                     list_uatk_flip_sign: [0, 10, 11]         #
2024-12-02 02:35:08,472 INFO _main.py 42:: ################################################################
2024-12-02 02:35:08,472 INFO _main.py 43:: Namespace(batch_size=64, test_batch_size=32, epochs=50, optimizer='SGD', lr=0.01, momentum=0.9, weight_decay=0.0001, seed=1, log_interval=11, num_clients=40, output_folder='experiments', dataset='rockburst', loader_type='dirichlet', loader_path='./data/loader.pk', AR='mkrum', n_attacker_backdoor=0, backdoor_trigger=[0, 0, 1, 1], n_attacker_omniscient=0, omniscient_scale=1, attacks=None, save_model_weights=False, experiment_name='sExp4Ba_40ep_rockburst_mkrum_40C_5', path_to_aggNet=None, device='cpu', inner_epochs=30, verbose=True, list_unreliable=[2, 18, 20], unreliable_fraction=0.5, unreliable_fracTrain=0.3, mean_unreliable=0.0, blur_method='add_noise', max_std_unreliable=30.0, list_uatk_add_noise=[24, 25, 26], mean_add_noise=0.0, std_add_noise=0.01, list_uatk_flip_sign=[0, 10, 11])
2024-12-02 02:35:08,472 INFO _main.py 44:: #####################
2024-12-02 02:35:08,472 INFO _main.py 45:: #####################
2024-12-02 02:35:08,472 INFO _main.py 46:: #####################
2024-12-02 02:35:08,472 INFO _main.py 47:: Aggregation Rule:	mkrum
2024-12-02 02:35:08,473 INFO _main.py 48:: Data distribution:	dirichlet
2024-12-02 02:35:08,473 INFO _main.py 49:: Attacks:	None 
2024-12-02 02:35:08,473 INFO _main.py 50:: #####################
2024-12-02 02:35:08,473 INFO _main.py 51:: #####################
2024-12-02 02:35:08,473 INFO _main.py 52:: #####################
2024-12-02 02:35:10,403 INFO server.py 366:: SET DBSCAN eps=1.3, min_samples=10
2024-12-02 02:35:10,407 INFO _main.py 135:: [1-normal, 0-malicious] label =tensor([0., 1., 1., 1., 1., 1., 1., 1., 1., 1., 0., 0., 1., 1., 1., 1., 1., 1.,
        1., 1., 1., 1., 1., 1., 0., 0., 0., 1., 1., 1., 1., 1., 1., 1., 1., 1.,
        1., 1., 1., 1.])
2024-12-02 02:35:10,412 INFO malicious_clients.py 123:: init ATTACK OMNISCIENT Client 0
2024-12-02 02:35:10,417 INFO malicious_clients.py 18:: init UNRELIABLE Client 2
2024-12-02 02:35:10,451 INFO malicious_clients.py 123:: init ATTACK OMNISCIENT Client 10
2024-12-02 02:35:10,455 INFO malicious_clients.py 123:: init ATTACK OMNISCIENT Client 11
2024-12-02 02:35:10,478 INFO malicious_clients.py 18:: init UNRELIABLE Client 18
2024-12-02 02:35:10,485 INFO malicious_clients.py 18:: init UNRELIABLE Client 20
2024-12-02 02:35:10,502 INFO malicious_clients.py 73:: init ATTACK ADD NOISE TO GRAD Client 24
2024-12-02 02:35:10,506 INFO malicious_clients.py 73:: init ATTACK ADD NOISE TO GRAD Client 25
2024-12-02 02:35:10,511 INFO malicious_clients.py 73:: init ATTACK ADD NOISE TO GRAD Client 26
2024-12-02 02:35:10,562 INFO server.py 211:: [Server] Start testing
2024-12-02 02:35:10,579 INFO server.py 235:: [Server] Test set: Average loss: 1.3864, Accuracy: 50/200 (25.0%)

2024-12-02 02:35:10,580 INFO server.py 238:: [Sever] Confusion matrix:
 tensor([[50.,  0.,  0.,  0.],
        [50.,  0.,  0.,  0.],
        [50.,  0.,  0.,  0.],
        [50.,  0.,  0.,  0.]])
2024-12-02 02:35:10,588 INFO server.py 254:: [Server] Precision=[0.25  nan  nan  nan],
 Recall=[1. 0. 0. 0.],
 F1-score=[0.4 nan nan nan],
 my_accuracy=25.0[%]
2024-12-02 02:35:10,589 INFO _main.py 209:: ########EPOCH 0 ########
2024-12-02 02:35:10,590 INFO _main.py 210:: ###Model distribution###
2024-12-02 02:35:13,467 INFO server.py 1080:: clients' sizes=[1, 2, 1, 0, 0, 0, 2, 2, 0, 1, 0, 1, 2, 2, 2, 2, 1, 1, 2, 0, 1, 1, 1, 1, 1, 0, 1, 1, 1, 1, 2, 0, 2, 0, 1, 2, 1, 0, 2, 0], total=41
2024-12-02 02:35:13,495 INFO server.py 327:: [Server] The aggregation takes 0.039105 seconds.

2024-12-02 02:35:13,496 INFO server.py 211:: [Server] Start testing
2024-12-02 02:35:13,510 INFO server.py 235:: [Server] Test set: Average loss: 1.3618, Accuracy: 63/200 (31.5%)

2024-12-02 02:35:13,511 INFO server.py 238:: [Sever] Confusion matrix:
 tensor([[50.,  0.,  0.,  0.],
        [50.,  0.,  0.,  0.],
        [50.,  0.,  0.,  0.],
        [37.,  0.,  0., 13.]])
2024-12-02 02:35:13,512 INFO server.py 254:: [Server] Precision=[0.26737967        nan        nan 1.        ],
 Recall=[1.   0.   0.   0.26],
 F1-score=[0.42194092        nan        nan 0.4126984 ],
 my_accuracy=31.49999976158142[%]
2024-12-02 02:35:13,513 INFO _main.py 209:: ########EPOCH 1 ########
2024-12-02 02:35:13,514 INFO _main.py 210:: ###Model distribution###
2024-12-02 02:35:16,482 INFO server.py 1080:: clients' sizes=[1, 2, 1, 0, 0, 0, 2, 2, 0, 1, 0, 1, 2, 2, 2, 2, 1, 1, 2, 0, 1, 1, 1, 1, 1, 0, 1, 1, 1, 1, 2, 0, 2, 0, 1, 2, 1, 0, 2, 0], total=41
2024-12-02 02:35:16,506 INFO server.py 327:: [Server] The aggregation takes 0.024982 seconds.

2024-12-02 02:35:16,507 INFO server.py 211:: [Server] Start testing
2024-12-02 02:35:16,522 INFO server.py 235:: [Server] Test set: Average loss: 1.3251, Accuracy: 77/200 (38.5%)

2024-12-02 02:35:16,523 INFO server.py 238:: [Sever] Confusion matrix:
 tensor([[50.,  0.,  0.,  0.],
        [50.,  0.,  0.,  0.],
        [48.,  0.,  0.,  2.],
        [23.,  0.,  0., 27.]])
2024-12-02 02:35:16,525 INFO server.py 254:: [Server] Precision=[0.29239765        nan        nan 0.9310345 ],
 Recall=[1.   0.   0.   0.54],
 F1-score=[0.4524887         nan        nan 0.68354434],
 my_accuracy=38.499999046325684[%]
2024-12-02 02:35:16,526 INFO _main.py 209:: ########EPOCH 2 ########
2024-12-02 02:35:16,526 INFO _main.py 210:: ###Model distribution###
2024-12-02 02:35:19,108 INFO server.py 1080:: clients' sizes=[1, 2, 1, 0, 0, 0, 2, 2, 0, 1, 0, 1, 2, 2, 2, 2, 1, 1, 2, 0, 1, 1, 1, 1, 1, 0, 1, 1, 1, 1, 2, 0, 2, 0, 1, 2, 1, 0, 2, 0], total=41
2024-12-02 02:35:19,136 INFO server.py 327:: [Server] The aggregation takes 0.029384 seconds.

2024-12-02 02:35:19,137 INFO server.py 211:: [Server] Start testing
2024-12-02 02:35:19,150 INFO server.py 235:: [Server] Test set: Average loss: 1.2746, Accuracy: 80/200 (40.0%)

2024-12-02 02:35:19,152 INFO server.py 238:: [Sever] Confusion matrix:
 tensor([[50.,  0.,  0.,  0.],
        [49.,  0.,  0.,  1.],
        [41.,  0.,  0.,  9.],
        [20.,  0.,  0., 30.]])
2024-12-02 02:35:19,153 INFO server.py 254:: [Server] Precision=[0.3125    nan    nan 0.75  ],
 Recall=[1.  0.  0.  0.6],
 F1-score=[0.47619048        nan        nan 0.6666667 ],
 my_accuracy=40.00000059604645[%]
2024-12-02 02:35:19,154 INFO _main.py 209:: ########EPOCH 3 ########
2024-12-02 02:35:19,154 INFO _main.py 210:: ###Model distribution###
2024-12-02 02:35:22,703 INFO server.py 1080:: clients' sizes=[1, 2, 1, 0, 0, 0, 2, 2, 0, 1, 0, 1, 2, 2, 2, 2, 1, 1, 2, 0, 1, 1, 1, 1, 1, 0, 1, 1, 1, 1, 2, 0, 2, 0, 1, 2, 1, 0, 2, 0], total=41
2024-12-02 02:35:22,756 INFO server.py 327:: [Server] The aggregation takes 0.054027 seconds.

2024-12-02 02:35:22,757 INFO server.py 211:: [Server] Start testing
2024-12-02 02:35:22,783 INFO server.py 235:: [Server] Test set: Average loss: 1.2396, Accuracy: 83/200 (41.5%)

2024-12-02 02:35:22,785 INFO server.py 238:: [Sever] Confusion matrix:
 tensor([[50.,  0.,  0.,  0.],
        [47.,  0.,  0.,  3.],
        [40.,  0.,  0., 10.],
        [17.,  0.,  0., 33.]])
2024-12-02 02:35:22,787 INFO server.py 254:: [Server] Precision=[0.32467532        nan        nan 0.7173913 ],
 Recall=[1.   0.   0.   0.66],
 F1-score=[0.49019608        nan        nan 0.6875    ],
 my_accuracy=41.49999916553497[%]
2024-12-02 02:35:22,787 INFO _main.py 209:: ########EPOCH 4 ########
2024-12-02 02:35:22,788 INFO _main.py 210:: ###Model distribution###
2024-12-02 02:35:27,273 INFO server.py 1080:: clients' sizes=[1, 2, 1, 0, 0, 0, 2, 2, 0, 1, 0, 1, 2, 2, 2, 2, 1, 1, 2, 0, 1, 1, 1, 1, 1, 0, 1, 1, 1, 1, 2, 0, 2, 0, 1, 2, 1, 0, 2, 0], total=41
2024-12-02 02:35:27,300 INFO server.py 327:: [Server] The aggregation takes 0.027431 seconds.

2024-12-02 02:35:27,301 INFO server.py 211:: [Server] Start testing
2024-12-02 02:35:27,316 INFO server.py 235:: [Server] Test set: Average loss: 1.1714, Accuracy: 86/200 (43.0%)

2024-12-02 02:35:27,318 INFO server.py 238:: [Sever] Confusion matrix:
 tensor([[50.,  0.,  0.,  0.],
        [46.,  0.,  0.,  4.],
        [38.,  0.,  0., 12.],
        [14.,  0.,  0., 36.]])
2024-12-02 02:35:27,319 INFO server.py 254:: [Server] Precision=[0.33783785        nan        nan 0.6923077 ],
 Recall=[1.   0.   0.   0.72],
 F1-score=[0.50505054        nan        nan 0.7058824 ],
 my_accuracy=43.00000071525574[%]
2024-12-02 02:35:27,320 INFO _main.py 209:: ########EPOCH 5 ########
2024-12-02 02:35:27,320 INFO _main.py 210:: ###Model distribution###
2024-12-02 02:35:30,070 INFO server.py 1080:: clients' sizes=[1, 2, 1, 0, 0, 0, 2, 2, 0, 1, 0, 1, 2, 2, 2, 2, 1, 1, 2, 0, 1, 1, 1, 1, 1, 0, 1, 1, 1, 1, 2, 0, 2, 0, 1, 2, 1, 0, 2, 0], total=41
2024-12-02 02:35:30,095 INFO server.py 327:: [Server] The aggregation takes 0.026533 seconds.

2024-12-02 02:35:30,096 INFO server.py 211:: [Server] Start testing
2024-12-02 02:35:30,113 INFO server.py 235:: [Server] Test set: Average loss: 1.1359, Accuracy: 86/200 (43.0%)

2024-12-02 02:35:30,114 INFO server.py 238:: [Sever] Confusion matrix:
 tensor([[50.,  0.,  0.,  0.],
        [46.,  0.,  0.,  4.],
        [37.,  0.,  0., 13.],
        [14.,  0.,  0., 36.]])
2024-12-02 02:35:30,116 INFO server.py 254:: [Server] Precision=[0.34013605        nan        nan 0.6792453 ],
 Recall=[1.   0.   0.   0.72],
 F1-score=[0.5076142         nan        nan 0.69902915],
 my_accuracy=43.00000071525574[%]
2024-12-02 02:35:30,117 INFO _main.py 209:: ########EPOCH 6 ########
2024-12-02 02:35:30,117 INFO _main.py 210:: ###Model distribution###
2024-12-02 02:35:32,796 INFO server.py 1080:: clients' sizes=[1, 2, 1, 0, 0, 0, 2, 2, 0, 1, 0, 1, 2, 2, 2, 2, 1, 1, 2, 0, 1, 1, 1, 1, 1, 0, 1, 1, 1, 1, 2, 0, 2, 0, 1, 2, 1, 0, 2, 0], total=41
2024-12-02 02:35:32,842 INFO server.py 327:: [Server] The aggregation takes 0.046418 seconds.

2024-12-02 02:35:32,843 INFO server.py 211:: [Server] Start testing
2024-12-02 02:35:32,864 INFO server.py 235:: [Server] Test set: Average loss: 1.1056, Accuracy: 87/200 (43.5%)

2024-12-02 02:35:32,865 INFO server.py 238:: [Sever] Confusion matrix:
 tensor([[50.,  0.,  0.,  0.],
        [46.,  0.,  0.,  4.],
        [36.,  0.,  0., 14.],
        [11.,  0.,  2., 37.]])
2024-12-02 02:35:32,867 INFO server.py 254:: [Server] Precision=[0.34965035        nan 0.         0.6727273 ],
 Recall=[1.   0.   0.   0.74],
 F1-score=[0.5181347         nan        nan 0.70476186],
 my_accuracy=43.50000023841858[%]
2024-12-02 02:35:32,867 INFO _main.py 209:: ########EPOCH 7 ########
2024-12-02 02:35:32,868 INFO _main.py 210:: ###Model distribution###
2024-12-02 02:35:36,132 INFO server.py 1080:: clients' sizes=[1, 2, 1, 0, 0, 0, 2, 2, 0, 1, 0, 1, 2, 2, 2, 2, 1, 1, 2, 0, 1, 1, 1, 1, 1, 0, 1, 1, 1, 1, 2, 0, 2, 0, 1, 2, 1, 0, 2, 0], total=41
2024-12-02 02:35:36,178 INFO server.py 327:: [Server] The aggregation takes 0.048040 seconds.

2024-12-02 02:35:36,180 INFO server.py 211:: [Server] Start testing
2024-12-02 02:35:36,202 INFO server.py 235:: [Server] Test set: Average loss: 1.0783, Accuracy: 92/200 (46.0%)

2024-12-02 02:35:36,203 INFO server.py 238:: [Sever] Confusion matrix:
 tensor([[50.,  0.,  0.,  0.],
        [44.,  1.,  1.,  4.],
        [30.,  4.,  2., 14.],
        [11.,  0.,  0., 39.]])
2024-12-02 02:35:36,205 INFO server.py 254:: [Server] Precision=[0.37037036 0.2        0.6666667  0.68421054],
 Recall=[1.   0.02 0.04 0.78],
 F1-score=[0.5405405  0.03636364 0.0754717  0.72897196],
 my_accuracy=46.00000083446503[%]
2024-12-02 02:35:36,206 INFO _main.py 209:: ########EPOCH 8 ########
2024-12-02 02:35:36,207 INFO _main.py 210:: ###Model distribution###
2024-12-02 02:35:40,099 INFO server.py 1080:: clients' sizes=[1, 2, 1, 0, 0, 0, 2, 2, 0, 1, 0, 1, 2, 2, 2, 2, 1, 1, 2, 0, 1, 1, 1, 1, 1, 0, 1, 1, 1, 1, 2, 0, 2, 0, 1, 2, 1, 0, 2, 0], total=41
2024-12-02 02:35:40,137 INFO server.py 327:: [Server] The aggregation takes 0.039059 seconds.

2024-12-02 02:35:40,139 INFO server.py 211:: [Server] Start testing
2024-12-02 02:35:40,160 INFO server.py 235:: [Server] Test set: Average loss: 1.0565, Accuracy: 98/200 (49.0%)

2024-12-02 02:35:40,161 INFO server.py 238:: [Sever] Confusion matrix:
 tensor([[47.,  3.,  0.,  0.],
        [35., 10.,  1.,  4.],
        [25., 10.,  2., 13.],
        [ 9.,  2.,  0., 39.]])
2024-12-02 02:35:40,163 INFO server.py 254:: [Server] Precision=[0.4051724 0.4       0.6666667 0.6964286],
 Recall=[0.94 0.2  0.04 0.78],
 F1-score=[0.56626505 0.26666668 0.0754717  0.7358491 ],
 my_accuracy=49.000000953674316[%]
2024-12-02 02:35:40,164 INFO _main.py 209:: ########EPOCH 9 ########
2024-12-02 02:35:40,164 INFO _main.py 210:: ###Model distribution###
2024-12-02 02:35:43,627 INFO server.py 1080:: clients' sizes=[1, 2, 1, 0, 0, 0, 2, 2, 0, 1, 0, 1, 2, 2, 2, 2, 1, 1, 2, 0, 1, 1, 1, 1, 1, 0, 1, 1, 1, 1, 2, 0, 2, 0, 1, 2, 1, 0, 2, 0], total=41
2024-12-02 02:35:43,655 INFO server.py 327:: [Server] The aggregation takes 0.029378 seconds.

2024-12-02 02:35:43,656 INFO server.py 211:: [Server] Start testing
2024-12-02 02:35:43,670 INFO server.py 235:: [Server] Test set: Average loss: 1.0316, Accuracy: 97/200 (48.5%)

2024-12-02 02:35:43,671 INFO server.py 238:: [Sever] Confusion matrix:
 tensor([[47.,  3.,  0.,  0.],
        [35.,  9.,  2.,  4.],
        [24., 11.,  2., 13.],
        [ 9.,  0.,  2., 39.]])
2024-12-02 02:35:43,673 INFO server.py 254:: [Server] Precision=[0.40869564 0.39130434 0.33333334 0.6964286 ],
 Recall=[0.94 0.18 0.04 0.78],
 F1-score=[0.56969696 0.24657537 0.07142857 0.7358491 ],
 my_accuracy=48.500001430511475[%]
2024-12-02 02:35:43,674 INFO _main.py 209:: ########EPOCH 10 ########
2024-12-02 02:35:43,674 INFO _main.py 210:: ###Model distribution###
2024-12-02 02:35:46,769 INFO server.py 1080:: clients' sizes=[1, 2, 1, 0, 0, 0, 2, 2, 0, 1, 0, 1, 2, 2, 2, 2, 1, 1, 2, 0, 1, 1, 1, 1, 1, 0, 1, 1, 1, 1, 2, 0, 2, 0, 1, 2, 1, 0, 2, 0], total=41
2024-12-02 02:35:46,795 INFO server.py 327:: [Server] The aggregation takes 0.027748 seconds.

2024-12-02 02:35:46,797 INFO server.py 211:: [Server] Start testing
2024-12-02 02:35:46,812 INFO server.py 235:: [Server] Test set: Average loss: 1.0196, Accuracy: 100/200 (50.0%)

2024-12-02 02:35:46,813 INFO server.py 238:: [Sever] Confusion matrix:
 tensor([[47.,  3.,  0.,  0.],
        [33., 12.,  1.,  4.],
        [19., 15.,  2., 14.],
        [ 6.,  1.,  4., 39.]])
2024-12-02 02:35:46,815 INFO server.py 254:: [Server] Precision=[0.44761905 0.38709676 0.2857143  0.68421054],
 Recall=[0.94 0.24 0.04 0.78],
 F1-score=[0.60645163 0.29629627 0.07017544 0.72897196],
 my_accuracy=50.0[%]
2024-12-02 02:35:46,815 INFO _main.py 209:: ########EPOCH 11 ########
2024-12-02 02:35:46,816 INFO _main.py 210:: ###Model distribution###
2024-12-02 02:35:49,491 INFO server.py 1080:: clients' sizes=[1, 2, 1, 0, 0, 0, 2, 2, 0, 1, 0, 1, 2, 2, 2, 2, 1, 1, 2, 0, 1, 1, 1, 1, 1, 0, 1, 1, 1, 1, 2, 0, 2, 0, 1, 2, 1, 0, 2, 0], total=41
2024-12-02 02:35:49,516 INFO server.py 327:: [Server] The aggregation takes 0.025765 seconds.

2024-12-02 02:35:49,517 INFO server.py 211:: [Server] Start testing
2024-12-02 02:35:49,532 INFO server.py 235:: [Server] Test set: Average loss: 1.0064, Accuracy: 104/200 (52.0%)

2024-12-02 02:35:49,533 INFO server.py 238:: [Sever] Confusion matrix:
 tensor([[47.,  3.,  0.,  0.],
        [30., 15.,  2.,  3.],
        [18., 15.,  3., 14.],
        [ 6.,  0.,  5., 39.]])
2024-12-02 02:35:49,534 INFO server.py 254:: [Server] Precision=[0.46534654 0.45454547 0.3        0.6964286 ],
 Recall=[0.94 0.3  0.06 0.78],
 F1-score=[0.6225166  0.36144578 0.1        0.7358491 ],
 my_accuracy=51.99999809265137[%]
2024-12-02 02:35:49,535 INFO _main.py 209:: ########EPOCH 12 ########
2024-12-02 02:35:49,535 INFO _main.py 210:: ###Model distribution###
2024-12-02 02:35:52,447 INFO server.py 1080:: clients' sizes=[1, 2, 1, 0, 0, 0, 2, 2, 0, 1, 0, 1, 2, 2, 2, 2, 1, 1, 2, 0, 1, 1, 1, 1, 1, 0, 1, 1, 1, 1, 2, 0, 2, 0, 1, 2, 1, 0, 2, 0], total=41
2024-12-02 02:35:52,484 INFO server.py 327:: [Server] The aggregation takes 0.037974 seconds.

2024-12-02 02:35:52,485 INFO server.py 211:: [Server] Start testing
2024-12-02 02:35:52,506 INFO server.py 235:: [Server] Test set: Average loss: 1.0023, Accuracy: 106/200 (53.0%)

2024-12-02 02:35:52,507 INFO server.py 238:: [Sever] Confusion matrix:
 tensor([[47.,  3.,  0.,  0.],
        [29., 15.,  3.,  3.],
        [18., 14.,  5., 13.],
        [ 5.,  0.,  6., 39.]])
2024-12-02 02:35:52,509 INFO server.py 254:: [Server] Precision=[0.47474748 0.46875    0.35714287 0.7090909 ],
 Recall=[0.94 0.3  0.1  0.78],
 F1-score=[0.6308725  0.36585367 0.15625    0.7428571 ],
 my_accuracy=52.99999713897705[%]
2024-12-02 02:35:52,509 INFO _main.py 209:: ########EPOCH 13 ########
2024-12-02 02:35:52,510 INFO _main.py 210:: ###Model distribution###
2024-12-02 02:35:57,555 INFO server.py 1080:: clients' sizes=[1, 2, 1, 0, 0, 0, 2, 2, 0, 1, 0, 1, 2, 2, 2, 2, 1, 1, 2, 0, 1, 1, 1, 1, 1, 0, 1, 1, 1, 1, 2, 0, 2, 0, 1, 2, 1, 0, 2, 0], total=41
2024-12-02 02:35:57,594 INFO server.py 327:: [Server] The aggregation takes 0.039784 seconds.

2024-12-02 02:35:57,595 INFO server.py 211:: [Server] Start testing
2024-12-02 02:35:57,616 INFO server.py 235:: [Server] Test set: Average loss: 0.9736, Accuracy: 104/200 (52.0%)

2024-12-02 02:35:57,618 INFO server.py 238:: [Sever] Confusion matrix:
 tensor([[44.,  6.,  0.,  0.],
        [26., 16.,  5.,  3.],
        [13., 19.,  5., 13.],
        [ 5.,  0.,  6., 39.]])
2024-12-02 02:35:57,620 INFO server.py 254:: [Server] Precision=[0.5       0.3902439 0.3125    0.7090909],
 Recall=[0.88 0.32 0.1  0.78],
 F1-score=[0.6376812  0.35164833 0.15151516 0.7428571 ],
 my_accuracy=51.99999809265137[%]
2024-12-02 02:35:57,620 INFO _main.py 209:: ########EPOCH 14 ########
2024-12-02 02:35:57,621 INFO _main.py 210:: ###Model distribution###
2024-12-02 02:36:00,597 INFO server.py 1080:: clients' sizes=[1, 2, 1, 0, 0, 0, 2, 2, 0, 1, 0, 1, 2, 2, 2, 2, 1, 1, 2, 0, 1, 1, 1, 1, 1, 0, 1, 1, 1, 1, 2, 0, 2, 0, 1, 2, 1, 0, 2, 0], total=41
2024-12-02 02:36:00,623 INFO server.py 327:: [Server] The aggregation takes 0.027148 seconds.

2024-12-02 02:36:00,624 INFO server.py 211:: [Server] Start testing
2024-12-02 02:36:00,639 INFO server.py 235:: [Server] Test set: Average loss: 0.9575, Accuracy: 105/200 (52.5%)

2024-12-02 02:36:00,640 INFO server.py 238:: [Sever] Confusion matrix:
 tensor([[42.,  8.,  0.,  0.],
        [24., 18.,  5.,  3.],
        [13., 18.,  6., 13.],
        [ 4.,  1.,  6., 39.]])
2024-12-02 02:36:00,642 INFO server.py 254:: [Server] Precision=[0.5060241 0.4       0.3529412 0.7090909],
 Recall=[0.84 0.36 0.12 0.78],
 F1-score=[0.631579   0.3789474  0.17910448 0.7428571 ],
 my_accuracy=52.49999761581421[%]
2024-12-02 02:36:00,642 INFO _main.py 209:: ########EPOCH 15 ########
2024-12-02 02:36:00,643 INFO _main.py 210:: ###Model distribution###
2024-12-02 02:36:03,465 INFO server.py 1080:: clients' sizes=[1, 2, 1, 0, 0, 0, 2, 2, 0, 1, 0, 1, 2, 2, 2, 2, 1, 1, 2, 0, 1, 1, 1, 1, 1, 0, 1, 1, 1, 1, 2, 0, 2, 0, 1, 2, 1, 0, 2, 0], total=41
2024-12-02 02:36:03,491 INFO server.py 327:: [Server] The aggregation takes 0.026493 seconds.

2024-12-02 02:36:03,492 INFO server.py 211:: [Server] Start testing
2024-12-02 02:36:03,507 INFO server.py 235:: [Server] Test set: Average loss: 0.9645, Accuracy: 108/200 (54.0%)

2024-12-02 02:36:03,509 INFO server.py 238:: [Sever] Confusion matrix:
 tensor([[44.,  6.,  0.,  0.],
        [24., 19.,  4.,  3.],
        [14., 18.,  6., 12.],
        [ 5.,  0.,  6., 39.]])
2024-12-02 02:36:03,510 INFO server.py 254:: [Server] Precision=[0.50574714 0.44186047 0.375      0.7222222 ],
 Recall=[0.88 0.38 0.12 0.78],
 F1-score=[0.6423358  0.40860215 0.18181817 0.74999994],
 my_accuracy=54.00000214576721[%]
2024-12-02 02:36:03,511 INFO _main.py 209:: ########EPOCH 16 ########
2024-12-02 02:36:03,511 INFO _main.py 210:: ###Model distribution###
2024-12-02 02:36:06,721 INFO server.py 1080:: clients' sizes=[1, 2, 1, 0, 0, 0, 2, 2, 0, 1, 0, 1, 2, 2, 2, 2, 1, 1, 2, 0, 1, 1, 1, 1, 1, 0, 1, 1, 1, 1, 2, 0, 2, 0, 1, 2, 1, 0, 2, 0], total=41
2024-12-02 02:36:06,747 INFO server.py 327:: [Server] The aggregation takes 0.026218 seconds.

2024-12-02 02:36:06,748 INFO server.py 211:: [Server] Start testing
2024-12-02 02:36:06,762 INFO server.py 235:: [Server] Test set: Average loss: 0.9359, Accuracy: 107/200 (53.5%)

2024-12-02 02:36:06,764 INFO server.py 238:: [Sever] Confusion matrix:
 tensor([[42.,  8.,  0.,  0.],
        [21., 19.,  7.,  3.],
        [12., 19.,  7., 12.],
        [ 4.,  1.,  6., 39.]])
2024-12-02 02:36:06,765 INFO server.py 254:: [Server] Precision=[0.5316456  0.40425533 0.35       0.7222222 ],
 Recall=[0.84 0.38 0.14 0.78],
 F1-score=[0.6511628  0.39175257 0.19999999 0.74999994],
 my_accuracy=53.50000262260437[%]
2024-12-02 02:36:06,766 INFO _main.py 209:: ########EPOCH 17 ########
2024-12-02 02:36:06,766 INFO _main.py 210:: ###Model distribution###
2024-12-02 02:36:09,848 INFO server.py 1080:: clients' sizes=[1, 2, 1, 0, 0, 0, 2, 2, 0, 1, 0, 1, 2, 2, 2, 2, 1, 1, 2, 0, 1, 1, 1, 1, 1, 0, 1, 1, 1, 1, 2, 0, 2, 0, 1, 2, 1, 0, 2, 0], total=41
2024-12-02 02:36:09,886 INFO server.py 327:: [Server] The aggregation takes 0.039771 seconds.

2024-12-02 02:36:09,888 INFO server.py 211:: [Server] Start testing
2024-12-02 02:36:09,909 INFO server.py 235:: [Server] Test set: Average loss: 0.9312, Accuracy: 110/200 (55.0%)

2024-12-02 02:36:09,911 INFO server.py 238:: [Sever] Confusion matrix:
 tensor([[42.,  8.,  0.,  0.],
        [20., 20.,  7.,  3.],
        [13., 17.,  9., 11.],
        [ 4.,  1.,  6., 39.]])
2024-12-02 02:36:09,912 INFO server.py 254:: [Server] Precision=[0.5316456 0.4347826 0.4090909 0.7358491],
 Recall=[0.84 0.4  0.18 0.78],
 F1-score=[0.6511628  0.4166667  0.25       0.75728154],
 my_accuracy=55.000001192092896[%]
2024-12-02 02:36:09,913 INFO _main.py 209:: ########EPOCH 18 ########
2024-12-02 02:36:09,914 INFO _main.py 210:: ###Model distribution###
2024-12-02 02:36:14,099 INFO server.py 1080:: clients' sizes=[1, 2, 1, 0, 0, 0, 2, 2, 0, 1, 0, 1, 2, 2, 2, 2, 1, 1, 2, 0, 1, 1, 1, 1, 1, 0, 1, 1, 1, 1, 2, 0, 2, 0, 1, 2, 1, 0, 2, 0], total=41
2024-12-02 02:36:14,167 INFO server.py 327:: [Server] The aggregation takes 0.068915 seconds.

2024-12-02 02:36:14,169 INFO server.py 211:: [Server] Start testing
2024-12-02 02:36:14,213 INFO server.py 235:: [Server] Test set: Average loss: 0.9226, Accuracy: 116/200 (58.0%)

2024-12-02 02:36:14,217 INFO server.py 238:: [Sever] Confusion matrix:
 tensor([[42.,  8.,  0.,  0.],
        [20., 19.,  8.,  3.],
        [13., 12., 14., 11.],
        [ 4.,  1.,  4., 41.]])
2024-12-02 02:36:14,219 INFO server.py 254:: [Server] Precision=[0.5316456  0.475      0.53846157 0.74545455],
 Recall=[0.84 0.38 0.28 0.82],
 F1-score=[0.6511628  0.42222223 0.36842105 0.78095245],
 my_accuracy=57.999998331069946[%]
2024-12-02 02:36:14,220 INFO _main.py 209:: ########EPOCH 19 ########
2024-12-02 02:36:14,220 INFO _main.py 210:: ###Model distribution###
2024-12-02 02:36:17,567 INFO server.py 1080:: clients' sizes=[1, 2, 1, 0, 0, 0, 2, 2, 0, 1, 0, 1, 2, 2, 2, 2, 1, 1, 2, 0, 1, 1, 1, 1, 1, 0, 1, 1, 1, 1, 2, 0, 2, 0, 1, 2, 1, 0, 2, 0], total=41
2024-12-02 02:36:17,591 INFO server.py 327:: [Server] The aggregation takes 0.025794 seconds.

2024-12-02 02:36:17,592 INFO server.py 211:: [Server] Start testing
2024-12-02 02:36:17,607 INFO server.py 235:: [Server] Test set: Average loss: 0.9330, Accuracy: 116/200 (58.0%)

2024-12-02 02:36:17,608 INFO server.py 238:: [Sever] Confusion matrix:
 tensor([[42.,  8.,  0.,  0.],
        [20., 19.,  8.,  3.],
        [12., 12., 15., 11.],
        [ 4.,  2.,  4., 40.]])
2024-12-02 02:36:17,610 INFO server.py 254:: [Server] Precision=[0.53846157 0.46341464 0.5555556  0.7407407 ],
 Recall=[0.84 0.38 0.3  0.8 ],
 F1-score=[0.65625   0.4175824 0.3896104 0.7692308],
 my_accuracy=57.999998331069946[%]
2024-12-02 02:36:17,610 INFO _main.py 209:: ########EPOCH 20 ########
2024-12-02 02:36:17,611 INFO _main.py 210:: ###Model distribution###
2024-12-02 02:36:20,324 INFO server.py 1080:: clients' sizes=[1, 2, 1, 0, 0, 0, 2, 2, 0, 1, 0, 1, 2, 2, 2, 2, 1, 1, 2, 0, 1, 1, 1, 1, 1, 0, 1, 1, 1, 1, 2, 0, 2, 0, 1, 2, 1, 0, 2, 0], total=41
2024-12-02 02:36:20,348 INFO server.py 327:: [Server] The aggregation takes 0.025428 seconds.

2024-12-02 02:36:20,349 INFO server.py 211:: [Server] Start testing
2024-12-02 02:36:20,363 INFO server.py 235:: [Server] Test set: Average loss: 0.9215, Accuracy: 119/200 (59.5%)

2024-12-02 02:36:20,364 INFO server.py 238:: [Sever] Confusion matrix:
 tensor([[42.,  8.,  0.,  0.],
        [18., 21.,  8.,  3.],
        [11., 13., 15., 11.],
        [ 4.,  1.,  4., 41.]])
2024-12-02 02:36:20,366 INFO server.py 254:: [Server] Precision=[0.56       0.4883721  0.5555556  0.74545455],
 Recall=[0.84 0.42 0.3  0.82],
 F1-score=[0.672      0.45161292 0.3896104  0.78095245],
 my_accuracy=59.50000286102295[%]
2024-12-02 02:36:20,366 INFO _main.py 209:: ########EPOCH 21 ########
2024-12-02 02:36:20,367 INFO _main.py 210:: ###Model distribution###
2024-12-02 02:36:23,041 INFO server.py 1080:: clients' sizes=[1, 2, 1, 0, 0, 0, 2, 2, 0, 1, 0, 1, 2, 2, 2, 2, 1, 1, 2, 0, 1, 1, 1, 1, 1, 0, 1, 1, 1, 1, 2, 0, 2, 0, 1, 2, 1, 0, 2, 0], total=41
2024-12-02 02:36:23,071 INFO server.py 327:: [Server] The aggregation takes 0.031323 seconds.

2024-12-02 02:36:23,072 INFO server.py 211:: [Server] Start testing
2024-12-02 02:36:23,087 INFO server.py 235:: [Server] Test set: Average loss: 0.9417, Accuracy: 120/200 (60.0%)

2024-12-02 02:36:23,089 INFO server.py 238:: [Sever] Confusion matrix:
 tensor([[42.,  8.,  0.,  0.],
        [17., 23.,  7.,  3.],
        [11., 14., 14., 11.],
        [ 4.,  2.,  3., 41.]])
2024-12-02 02:36:23,091 INFO server.py 254:: [Server] Precision=[0.5675676  0.4893617  0.5833333  0.74545455],
 Recall=[0.84 0.46 0.28 0.82],
 F1-score=[0.67741936 0.47422683 0.37837836 0.78095245],
 my_accuracy=60.00000238418579[%]
2024-12-02 02:36:23,092 INFO _main.py 209:: ########EPOCH 22 ########
2024-12-02 02:36:23,092 INFO _main.py 210:: ###Model distribution###
2024-12-02 02:36:27,366 INFO server.py 1080:: clients' sizes=[1, 2, 1, 0, 0, 0, 2, 2, 0, 1, 0, 1, 2, 2, 2, 2, 1, 1, 2, 0, 1, 1, 1, 1, 1, 0, 1, 1, 1, 1, 2, 0, 2, 0, 1, 2, 1, 0, 2, 0], total=41
2024-12-02 02:36:27,403 INFO server.py 327:: [Server] The aggregation takes 0.038503 seconds.

2024-12-02 02:36:27,404 INFO server.py 211:: [Server] Start testing
2024-12-02 02:36:27,426 INFO server.py 235:: [Server] Test set: Average loss: 0.9458, Accuracy: 123/200 (61.5%)

2024-12-02 02:36:27,427 INFO server.py 238:: [Sever] Confusion matrix:
 tensor([[42.,  8.,  0.,  0.],
        [15., 25.,  7.,  3.],
        [11., 13., 15., 11.],
        [ 3.,  3.,  3., 41.]])
2024-12-02 02:36:27,429 INFO server.py 254:: [Server] Precision=[0.5915493  0.5102041  0.6        0.74545455],
 Recall=[0.84 0.5  0.3  0.82],
 F1-score=[0.6942148  0.5050505  0.4        0.78095245],
 my_accuracy=61.500000953674316[%]
2024-12-02 02:36:27,430 INFO _main.py 209:: ########EPOCH 23 ########
2024-12-02 02:36:27,430 INFO _main.py 210:: ###Model distribution###
2024-12-02 02:36:31,259 INFO server.py 1080:: clients' sizes=[1, 2, 1, 0, 0, 0, 2, 2, 0, 1, 0, 1, 2, 2, 2, 2, 1, 1, 2, 0, 1, 1, 1, 1, 1, 0, 1, 1, 1, 1, 2, 0, 2, 0, 1, 2, 1, 0, 2, 0], total=41
2024-12-02 02:36:31,284 INFO server.py 327:: [Server] The aggregation takes 0.025934 seconds.

2024-12-02 02:36:31,285 INFO server.py 211:: [Server] Start testing
2024-12-02 02:36:31,299 INFO server.py 235:: [Server] Test set: Average loss: 0.9937, Accuracy: 121/200 (60.5%)

2024-12-02 02:36:31,301 INFO server.py 238:: [Sever] Confusion matrix:
 tensor([[42.,  8.,  0.,  0.],
        [16., 24.,  7.,  3.],
        [10., 13., 16., 11.],
        [ 4.,  2.,  5., 39.]])
2024-12-02 02:36:31,302 INFO server.py 254:: [Server] Precision=[0.5833333 0.5106383 0.5714286 0.7358491],
 Recall=[0.84 0.48 0.32 0.78],
 F1-score=[0.6885246  0.4948454  0.4102564  0.75728154],
 my_accuracy=60.50000190734863[%]
2024-12-02 02:36:31,303 INFO _main.py 209:: ########EPOCH 24 ########
2024-12-02 02:36:31,303 INFO _main.py 210:: ###Model distribution###
2024-12-02 02:36:34,076 INFO server.py 1080:: clients' sizes=[1, 2, 1, 0, 0, 0, 2, 2, 0, 1, 0, 1, 2, 2, 2, 2, 1, 1, 2, 0, 1, 1, 1, 1, 1, 0, 1, 1, 1, 1, 2, 0, 2, 0, 1, 2, 1, 0, 2, 0], total=41
2024-12-02 02:36:34,101 INFO server.py 327:: [Server] The aggregation takes 0.026321 seconds.

2024-12-02 02:36:34,102 INFO server.py 211:: [Server] Start testing
2024-12-02 02:36:34,117 INFO server.py 235:: [Server] Test set: Average loss: 1.0362, Accuracy: 118/200 (59.0%)

2024-12-02 02:36:34,118 INFO server.py 238:: [Sever] Confusion matrix:
 tensor([[41.,  9.,  0.,  0.],
        [16., 25.,  6.,  3.],
        [11., 15., 13., 11.],
        [ 4.,  2.,  5., 39.]])
2024-12-02 02:36:34,120 INFO server.py 254:: [Server] Precision=[0.5694444  0.49019608 0.5416667  0.7358491 ],
 Recall=[0.82 0.5  0.26 0.78],
 F1-score=[0.6721312  0.49504948 0.35135135 0.75728154],
 my_accuracy=58.99999737739563[%]
2024-12-02 02:36:34,120 INFO _main.py 209:: ########EPOCH 25 ########
2024-12-02 02:36:34,121 INFO _main.py 210:: ###Model distribution###
2024-12-02 02:36:37,428 INFO server.py 1080:: clients' sizes=[1, 2, 1, 0, 0, 0, 2, 2, 0, 1, 0, 1, 2, 2, 2, 2, 1, 1, 2, 0, 1, 1, 1, 1, 1, 0, 1, 1, 1, 1, 2, 0, 2, 0, 1, 2, 1, 0, 2, 0], total=41
2024-12-02 02:36:37,455 INFO server.py 327:: [Server] The aggregation takes 0.028017 seconds.

2024-12-02 02:36:37,456 INFO server.py 211:: [Server] Start testing
2024-12-02 02:36:37,470 INFO server.py 235:: [Server] Test set: Average loss: 1.0884, Accuracy: 116/200 (58.0%)

2024-12-02 02:36:37,471 INFO server.py 238:: [Sever] Confusion matrix:
 tensor([[41.,  9.,  0.,  0.],
        [18., 23.,  6.,  3.],
        [11., 14., 14., 11.],
        [ 4.,  2.,  6., 38.]])
2024-12-02 02:36:37,473 INFO server.py 254:: [Server] Precision=[0.5540541  0.47916666 0.53846157 0.7307692 ],
 Recall=[0.82 0.46 0.28 0.76],
 F1-score=[0.66129035 0.46938774 0.36842105 0.74509805],
 my_accuracy=57.999998331069946[%]
2024-12-02 02:36:37,474 INFO _main.py 209:: ########EPOCH 26 ########
2024-12-02 02:36:37,475 INFO _main.py 210:: ###Model distribution###
2024-12-02 02:36:40,234 INFO server.py 1080:: clients' sizes=[1, 2, 1, 0, 0, 0, 2, 2, 0, 1, 0, 1, 2, 2, 2, 2, 1, 1, 2, 0, 1, 1, 1, 1, 1, 0, 1, 1, 1, 1, 2, 0, 2, 0, 1, 2, 1, 0, 2, 0], total=41
2024-12-02 02:36:40,260 INFO server.py 327:: [Server] The aggregation takes 0.027656 seconds.

2024-12-02 02:36:40,261 INFO server.py 211:: [Server] Start testing
2024-12-02 02:36:40,276 INFO server.py 235:: [Server] Test set: Average loss: 1.0846, Accuracy: 120/200 (60.0%)

2024-12-02 02:36:40,277 INFO server.py 238:: [Sever] Confusion matrix:
 tensor([[41.,  8.,  1.,  0.],
        [16., 25.,  5.,  4.],
        [11., 12., 16., 11.],
        [ 4.,  2.,  6., 38.]])
2024-12-02 02:36:40,278 INFO server.py 254:: [Server] Precision=[0.5694444 0.5319149 0.5714286 0.7169811],
 Recall=[0.82 0.5  0.32 0.76],
 F1-score=[0.6721312 0.5154639 0.4102564 0.7378641],
 my_accuracy=60.00000238418579[%]
2024-12-02 02:36:40,279 INFO _main.py 209:: ########EPOCH 27 ########
2024-12-02 02:36:40,279 INFO _main.py 210:: ###Model distribution###
2024-12-02 02:36:44,087 INFO server.py 1080:: clients' sizes=[1, 2, 1, 0, 0, 0, 2, 2, 0, 1, 0, 1, 2, 2, 2, 2, 1, 1, 2, 0, 1, 1, 1, 1, 1, 0, 1, 1, 1, 1, 2, 0, 2, 0, 1, 2, 1, 0, 2, 0], total=41
2024-12-02 02:36:44,130 INFO server.py 327:: [Server] The aggregation takes 0.044310 seconds.

2024-12-02 02:36:44,131 INFO server.py 211:: [Server] Start testing
2024-12-02 02:36:44,159 INFO server.py 235:: [Server] Test set: Average loss: 1.1375, Accuracy: 119/200 (59.5%)

2024-12-02 02:36:44,161 INFO server.py 238:: [Sever] Confusion matrix:
 tensor([[41.,  8.,  1.,  0.],
        [18., 23.,  6.,  3.],
        [11., 12., 17., 10.],
        [ 4.,  2.,  6., 38.]])
2024-12-02 02:36:44,163 INFO server.py 254:: [Server] Precision=[0.5540541  0.51111114 0.56666666 0.74509805],
 Recall=[0.82 0.46 0.34 0.76],
 F1-score=[0.66129035 0.48421055 0.425      0.75247526],
 my_accuracy=59.50000286102295[%]
2024-12-02 02:36:44,163 INFO _main.py 209:: ########EPOCH 28 ########
2024-12-02 02:36:44,164 INFO _main.py 210:: ###Model distribution###
2024-12-02 02:36:48,467 INFO server.py 1080:: clients' sizes=[1, 2, 1, 0, 0, 0, 2, 2, 0, 1, 0, 1, 2, 2, 2, 2, 1, 1, 2, 0, 1, 1, 1, 1, 1, 0, 1, 1, 1, 1, 2, 0, 2, 0, 1, 2, 1, 0, 2, 0], total=41
2024-12-02 02:36:48,491 INFO server.py 327:: [Server] The aggregation takes 0.025261 seconds.

2024-12-02 02:36:48,492 INFO server.py 211:: [Server] Start testing
2024-12-02 02:36:48,506 INFO server.py 235:: [Server] Test set: Average loss: 1.1423, Accuracy: 120/200 (60.0%)

2024-12-02 02:36:48,507 INFO server.py 238:: [Sever] Confusion matrix:
 tensor([[41.,  8.,  1.,  0.],
        [16., 24.,  6.,  4.],
        [11., 11., 17., 11.],
        [ 4.,  2.,  6., 38.]])
2024-12-02 02:36:48,509 INFO server.py 254:: [Server] Precision=[0.5694444  0.53333336 0.56666666 0.7169811 ],
 Recall=[0.82 0.48 0.34 0.76],
 F1-score=[0.6721312 0.5052632 0.425     0.7378641],
 my_accuracy=60.00000238418579[%]
2024-12-02 02:36:48,510 INFO _main.py 209:: ########EPOCH 29 ########
2024-12-02 02:36:48,510 INFO _main.py 210:: ###Model distribution###
2024-12-02 02:36:51,214 INFO server.py 1080:: clients' sizes=[1, 2, 1, 0, 0, 0, 2, 2, 0, 1, 0, 1, 2, 2, 2, 2, 1, 1, 2, 0, 1, 1, 1, 1, 1, 0, 1, 1, 1, 1, 2, 0, 2, 0, 1, 2, 1, 0, 2, 0], total=41
2024-12-02 02:36:51,240 INFO server.py 327:: [Server] The aggregation takes 0.026478 seconds.

2024-12-02 02:36:51,241 INFO server.py 211:: [Server] Start testing
2024-12-02 02:36:51,256 INFO server.py 235:: [Server] Test set: Average loss: 1.1964, Accuracy: 120/200 (60.0%)

2024-12-02 02:36:51,258 INFO server.py 238:: [Sever] Confusion matrix:
 tensor([[41.,  8.,  1.,  0.],
        [16., 24.,  7.,  3.],
        [11., 11., 17., 11.],
        [ 4.,  2.,  6., 38.]])
2024-12-02 02:36:51,259 INFO server.py 254:: [Server] Precision=[0.5694444  0.53333336 0.5483871  0.7307692 ],
 Recall=[0.82 0.48 0.34 0.76],
 F1-score=[0.6721312  0.5052632  0.4197531  0.74509805],
 my_accuracy=60.00000238418579[%]
2024-12-02 02:36:51,260 INFO _main.py 209:: ########EPOCH 30 ########
2024-12-02 02:36:51,260 INFO _main.py 210:: ###Model distribution###
2024-12-02 02:36:53,989 INFO server.py 1080:: clients' sizes=[1, 2, 1, 0, 0, 0, 2, 2, 0, 1, 0, 1, 2, 2, 2, 2, 1, 1, 2, 0, 1, 1, 1, 1, 1, 0, 1, 1, 1, 1, 2, 0, 2, 0, 1, 2, 1, 0, 2, 0], total=41
2024-12-02 02:36:54,014 INFO server.py 327:: [Server] The aggregation takes 0.026012 seconds.

2024-12-02 02:36:54,015 INFO server.py 211:: [Server] Start testing
2024-12-02 02:36:54,029 INFO server.py 235:: [Server] Test set: Average loss: 1.1994, Accuracy: 118/200 (59.0%)

2024-12-02 02:36:54,031 INFO server.py 238:: [Sever] Confusion matrix:
 tensor([[41.,  8.,  1.,  0.],
        [16., 22.,  9.,  3.],
        [10., 12., 17., 11.],
        [ 4.,  2.,  6., 38.]])
2024-12-02 02:36:54,033 INFO server.py 254:: [Server] Precision=[0.57746476 0.5        0.5151515  0.7307692 ],
 Recall=[0.82 0.44 0.34 0.76],
 F1-score=[0.677686   0.4680851  0.40963852 0.74509805],
 my_accuracy=58.99999737739563[%]
2024-12-02 02:36:54,034 INFO _main.py 209:: ########EPOCH 31 ########
2024-12-02 02:36:54,035 INFO _main.py 210:: ###Model distribution###
2024-12-02 02:36:57,395 INFO server.py 1080:: clients' sizes=[1, 2, 1, 0, 0, 0, 2, 2, 0, 1, 0, 1, 2, 2, 2, 2, 1, 1, 2, 0, 1, 1, 1, 1, 1, 0, 1, 1, 1, 1, 2, 0, 2, 0, 1, 2, 1, 0, 2, 0], total=41
2024-12-02 02:36:57,435 INFO server.py 327:: [Server] The aggregation takes 0.041058 seconds.

2024-12-02 02:36:57,436 INFO server.py 211:: [Server] Start testing
2024-12-02 02:36:57,456 INFO server.py 235:: [Server] Test set: Average loss: 1.2209, Accuracy: 119/200 (59.5%)

2024-12-02 02:36:57,457 INFO server.py 238:: [Sever] Confusion matrix:
 tensor([[40.,  9.,  1.,  0.],
        [15., 23.,  9.,  3.],
        [10., 12., 18., 10.],
        [ 4.,  2.,  6., 38.]])
2024-12-02 02:36:57,459 INFO server.py 254:: [Server] Precision=[0.5797101  0.5        0.5294118  0.74509805],
 Recall=[0.8  0.46 0.36 0.76],
 F1-score=[0.67226887 0.47916666 0.42857143 0.75247526],
 my_accuracy=59.50000286102295[%]
2024-12-02 02:36:57,459 INFO _main.py 209:: ########EPOCH 32 ########
2024-12-02 02:36:57,460 INFO _main.py 210:: ###Model distribution###
2024-12-02 02:37:02,767 INFO server.py 1080:: clients' sizes=[1, 2, 1, 0, 0, 0, 2, 2, 0, 1, 0, 1, 2, 2, 2, 2, 1, 1, 2, 0, 1, 1, 1, 1, 1, 0, 1, 1, 1, 1, 2, 0, 2, 0, 1, 2, 1, 0, 2, 0], total=41
2024-12-02 02:37:02,813 INFO server.py 327:: [Server] The aggregation takes 0.046665 seconds.

2024-12-02 02:37:02,814 INFO server.py 211:: [Server] Start testing
2024-12-02 02:37:02,847 INFO server.py 235:: [Server] Test set: Average loss: 1.2586, Accuracy: 120/200 (60.0%)

2024-12-02 02:37:02,851 INFO server.py 238:: [Sever] Confusion matrix:
 tensor([[41.,  7.,  2.,  0.],
        [15., 22., 10.,  3.],
        [10., 10., 19., 11.],
        [ 4.,  2.,  6., 38.]])
2024-12-02 02:37:02,853 INFO server.py 254:: [Server] Precision=[0.5857143 0.5365854 0.5135135 0.7307692],
 Recall=[0.82 0.44 0.38 0.76],
 F1-score=[0.68333334 0.4835165  0.43678162 0.74509805],
 my_accuracy=60.00000238418579[%]
2024-12-02 02:37:02,856 INFO _main.py 209:: ########EPOCH 33 ########
2024-12-02 02:37:02,857 INFO _main.py 210:: ###Model distribution###
2024-12-02 02:37:08,416 INFO server.py 1080:: clients' sizes=[1, 2, 1, 0, 0, 0, 2, 2, 0, 1, 0, 1, 2, 2, 2, 2, 1, 1, 2, 0, 1, 1, 1, 1, 1, 0, 1, 1, 1, 1, 2, 0, 2, 0, 1, 2, 1, 0, 2, 0], total=41
2024-12-02 02:37:08,450 INFO server.py 327:: [Server] The aggregation takes 0.035297 seconds.

2024-12-02 02:37:08,451 INFO server.py 211:: [Server] Start testing
2024-12-02 02:37:08,467 INFO server.py 235:: [Server] Test set: Average loss: 1.2876, Accuracy: 120/200 (60.0%)

2024-12-02 02:37:08,469 INFO server.py 238:: [Sever] Confusion matrix:
 tensor([[41.,  8.,  1.,  0.],
        [15., 22., 10.,  3.],
        [ 9., 11., 19., 11.],
        [ 4.,  2.,  6., 38.]])
2024-12-02 02:37:08,470 INFO server.py 254:: [Server] Precision=[0.5942029 0.5116279 0.5277778 0.7307692],
 Recall=[0.82 0.44 0.38 0.76],
 F1-score=[0.6890756  0.47311828 0.44186047 0.74509805],
 my_accuracy=60.00000238418579[%]
2024-12-02 02:37:08,471 INFO _main.py 209:: ########EPOCH 34 ########
2024-12-02 02:37:08,471 INFO _main.py 210:: ###Model distribution###
2024-12-02 02:37:12,172 INFO server.py 1080:: clients' sizes=[1, 2, 1, 0, 0, 0, 2, 2, 0, 1, 0, 1, 2, 2, 2, 2, 1, 1, 2, 0, 1, 1, 1, 1, 1, 0, 1, 1, 1, 1, 2, 0, 2, 0, 1, 2, 1, 0, 2, 0], total=41
2024-12-02 02:37:12,210 INFO server.py 327:: [Server] The aggregation takes 0.039579 seconds.

2024-12-02 02:37:12,211 INFO server.py 211:: [Server] Start testing
2024-12-02 02:37:12,235 INFO server.py 235:: [Server] Test set: Average loss: 1.3096, Accuracy: 119/200 (59.5%)

2024-12-02 02:37:12,236 INFO server.py 238:: [Sever] Confusion matrix:
 tensor([[41.,  7.,  2.,  0.],
        [15., 20., 12.,  3.],
        [ 9., 10., 20., 11.],
        [ 4.,  2.,  6., 38.]])
2024-12-02 02:37:12,237 INFO server.py 254:: [Server] Precision=[0.5942029  0.51282054 0.5        0.7307692 ],
 Recall=[0.82 0.4  0.4  0.76],
 F1-score=[0.6890756  0.4494382  0.44444448 0.74509805],
 my_accuracy=59.50000286102295[%]
2024-12-02 02:37:12,238 INFO _main.py 209:: ########EPOCH 35 ########
2024-12-02 02:37:12,238 INFO _main.py 210:: ###Model distribution###
2024-12-02 02:37:16,899 INFO server.py 1080:: clients' sizes=[1, 2, 1, 0, 0, 0, 2, 2, 0, 1, 0, 1, 2, 2, 2, 2, 1, 1, 2, 0, 1, 1, 1, 1, 1, 0, 1, 1, 1, 1, 2, 0, 2, 0, 1, 2, 1, 0, 2, 0], total=41
2024-12-02 02:37:16,927 INFO server.py 327:: [Server] The aggregation takes 0.028530 seconds.

2024-12-02 02:37:16,929 INFO server.py 211:: [Server] Start testing
2024-12-02 02:37:16,950 INFO server.py 235:: [Server] Test set: Average loss: 1.2993, Accuracy: 121/200 (60.5%)

2024-12-02 02:37:16,951 INFO server.py 238:: [Sever] Confusion matrix:
 tensor([[41.,  7.,  2.,  0.],
        [15., 22., 10.,  3.],
        [ 8., 11., 20., 11.],
        [ 3.,  3.,  6., 38.]])
2024-12-02 02:37:16,954 INFO server.py 254:: [Server] Precision=[0.6119403 0.5116279 0.5263158 0.7307692],
 Recall=[0.82 0.44 0.4  0.76],
 F1-score=[0.7008547  0.47311828 0.4545455  0.74509805],
 my_accuracy=60.50000190734863[%]
2024-12-02 02:37:16,955 INFO _main.py 209:: ########EPOCH 36 ########
2024-12-02 02:37:16,956 INFO _main.py 210:: ###Model distribution###
2024-12-02 02:37:21,376 INFO server.py 1080:: clients' sizes=[1, 2, 1, 0, 0, 0, 2, 2, 0, 1, 0, 1, 2, 2, 2, 2, 1, 1, 2, 0, 1, 1, 1, 1, 1, 0, 1, 1, 1, 1, 2, 0, 2, 0, 1, 2, 1, 0, 2, 0], total=41
2024-12-02 02:37:21,417 INFO server.py 327:: [Server] The aggregation takes 0.041738 seconds.

2024-12-02 02:37:21,418 INFO server.py 211:: [Server] Start testing
2024-12-02 02:37:21,445 INFO server.py 235:: [Server] Test set: Average loss: 1.3355, Accuracy: 119/200 (59.5%)

2024-12-02 02:37:21,448 INFO server.py 238:: [Sever] Confusion matrix:
 tensor([[40.,  8.,  2.,  0.],
        [15., 20., 12.,  3.],
        [ 8., 10., 21., 11.],
        [ 3.,  3.,  6., 38.]])
2024-12-02 02:37:21,450 INFO server.py 254:: [Server] Precision=[0.6060606 0.4878049 0.5121951 0.7307692],
 Recall=[0.8  0.4  0.42 0.76],
 F1-score=[0.6896551  0.43956047 0.46153846 0.74509805],
 my_accuracy=59.50000286102295[%]
2024-12-02 02:37:21,451 INFO _main.py 209:: ########EPOCH 37 ########
2024-12-02 02:37:21,451 INFO _main.py 210:: ###Model distribution###
2024-12-02 02:37:26,933 INFO server.py 1080:: clients' sizes=[1, 2, 1, 0, 0, 0, 2, 2, 0, 1, 0, 1, 2, 2, 2, 2, 1, 1, 2, 0, 1, 1, 1, 1, 1, 0, 1, 1, 1, 1, 2, 0, 2, 0, 1, 2, 1, 0, 2, 0], total=41
2024-12-02 02:37:27,017 INFO server.py 327:: [Server] The aggregation takes 0.086579 seconds.

2024-12-02 02:37:27,022 INFO server.py 211:: [Server] Start testing
2024-12-02 02:37:27,070 INFO server.py 235:: [Server] Test set: Average loss: 1.3586, Accuracy: 120/200 (60.0%)

2024-12-02 02:37:27,073 INFO server.py 238:: [Sever] Confusion matrix:
 tensor([[41.,  7.,  2.,  0.],
        [15., 21., 11.,  3.],
        [ 8., 11., 20., 11.],
        [ 4.,  2.,  6., 38.]])
2024-12-02 02:37:27,076 INFO server.py 254:: [Server] Precision=[0.60294116 0.5121951  0.51282054 0.7307692 ],
 Recall=[0.82 0.42 0.4  0.76],
 F1-score=[0.6949152  0.46153846 0.4494382  0.74509805],
 my_accuracy=60.00000238418579[%]
2024-12-02 02:37:27,078 INFO _main.py 209:: ########EPOCH 38 ########
2024-12-02 02:37:27,079 INFO _main.py 210:: ###Model distribution###
2024-12-02 02:37:31,330 INFO server.py 1080:: clients' sizes=[1, 2, 1, 0, 0, 0, 2, 2, 0, 1, 0, 1, 2, 2, 2, 2, 1, 1, 2, 0, 1, 1, 1, 1, 1, 0, 1, 1, 1, 1, 2, 0, 2, 0, 1, 2, 1, 0, 2, 0], total=41
2024-12-02 02:37:31,364 INFO server.py 327:: [Server] The aggregation takes 0.035572 seconds.

2024-12-02 02:37:31,365 INFO server.py 211:: [Server] Start testing
2024-12-02 02:37:31,383 INFO server.py 235:: [Server] Test set: Average loss: 1.3498, Accuracy: 118/200 (59.0%)

2024-12-02 02:37:31,384 INFO server.py 238:: [Sever] Confusion matrix:
 tensor([[41.,  7.,  2.,  0.],
        [15., 20., 12.,  3.],
        [ 8., 11., 19., 12.],
        [ 3.,  3.,  6., 38.]])
2024-12-02 02:37:31,386 INFO server.py 254:: [Server] Precision=[0.6119403 0.4878049 0.4871795 0.7169811],
 Recall=[0.82 0.4  0.38 0.76],
 F1-score=[0.7008547  0.43956047 0.42696625 0.7378641 ],
 my_accuracy=58.99999737739563[%]
2024-12-02 02:37:31,386 INFO _main.py 209:: ########EPOCH 39 ########
2024-12-02 02:37:31,386 INFO _main.py 210:: ###Model distribution###
2024-12-02 02:37:35,398 INFO server.py 1080:: clients' sizes=[1, 2, 1, 0, 0, 0, 2, 2, 0, 1, 0, 1, 2, 2, 2, 2, 1, 1, 2, 0, 1, 1, 1, 1, 1, 0, 1, 1, 1, 1, 2, 0, 2, 0, 1, 2, 1, 0, 2, 0], total=41
2024-12-02 02:37:35,449 INFO server.py 327:: [Server] The aggregation takes 0.052215 seconds.

2024-12-02 02:37:35,455 INFO server.py 211:: [Server] Start testing
2024-12-02 02:37:35,504 INFO server.py 235:: [Server] Test set: Average loss: 1.3299, Accuracy: 120/200 (60.0%)

2024-12-02 02:37:35,510 INFO server.py 238:: [Sever] Confusion matrix:
 tensor([[41.,  7.,  2.,  0.],
        [14., 22., 11.,  3.],
        [ 7., 12., 19., 12.],
        [ 3.,  3.,  6., 38.]])
2024-12-02 02:37:35,514 INFO server.py 254:: [Server] Precision=[0.63076925 0.5        0.5        0.7169811 ],
 Recall=[0.82 0.44 0.38 0.76],
 F1-score=[0.7130436 0.4680851 0.4318182 0.7378641],
 my_accuracy=60.00000238418579[%]
2024-12-02 02:37:35,516 INFO _main.py 209:: ########EPOCH 40 ########
2024-12-02 02:37:35,517 INFO _main.py 210:: ###Model distribution###
2024-12-02 02:37:40,219 INFO server.py 1080:: clients' sizes=[1, 2, 1, 0, 0, 0, 2, 2, 0, 1, 0, 1, 2, 2, 2, 2, 1, 1, 2, 0, 1, 1, 1, 1, 1, 0, 1, 1, 1, 1, 2, 0, 2, 0, 1, 2, 1, 0, 2, 0], total=41
2024-12-02 02:37:40,261 INFO server.py 327:: [Server] The aggregation takes 0.043781 seconds.

2024-12-02 02:37:40,262 INFO server.py 211:: [Server] Start testing
2024-12-02 02:37:40,283 INFO server.py 235:: [Server] Test set: Average loss: 1.3644, Accuracy: 121/200 (60.5%)

2024-12-02 02:37:40,285 INFO server.py 238:: [Sever] Confusion matrix:
 tensor([[41.,  7.,  2.,  0.],
        [14., 23., 10.,  3.],
        [ 7., 12., 19., 12.],
        [ 3.,  3.,  6., 38.]])
2024-12-02 02:37:40,287 INFO server.py 254:: [Server] Precision=[0.63076925 0.51111114 0.5135135  0.7169811 ],
 Recall=[0.82 0.46 0.38 0.76],
 F1-score=[0.7130436  0.48421055 0.43678162 0.7378641 ],
 my_accuracy=60.50000190734863[%]
2024-12-02 02:37:40,287 INFO _main.py 209:: ########EPOCH 41 ########
2024-12-02 02:37:40,289 INFO _main.py 210:: ###Model distribution###
2024-12-02 02:37:45,219 INFO server.py 1080:: clients' sizes=[1, 2, 1, 0, 0, 0, 2, 2, 0, 1, 0, 1, 2, 2, 2, 2, 1, 1, 2, 0, 1, 1, 1, 1, 1, 0, 1, 1, 1, 1, 2, 0, 2, 0, 1, 2, 1, 0, 2, 0], total=41
2024-12-02 02:37:45,270 INFO server.py 327:: [Server] The aggregation takes 0.051719 seconds.

2024-12-02 02:37:45,273 INFO server.py 211:: [Server] Start testing
2024-12-02 02:37:45,305 INFO server.py 235:: [Server] Test set: Average loss: 1.3664, Accuracy: 122/200 (61.0%)

2024-12-02 02:37:45,308 INFO server.py 238:: [Sever] Confusion matrix:
 tensor([[40.,  8.,  2.,  0.],
        [14., 23., 10.,  3.],
        [ 7., 11., 21., 11.],
        [ 3.,  3.,  6., 38.]])
2024-12-02 02:37:45,311 INFO server.py 254:: [Server] Precision=[0.625      0.51111114 0.53846157 0.7307692 ],
 Recall=[0.8  0.46 0.42 0.76],
 F1-score=[0.7017544  0.48421055 0.47191012 0.74509805],
 my_accuracy=61.000001430511475[%]
2024-12-02 02:37:45,312 INFO _main.py 209:: ########EPOCH 42 ########
2024-12-02 02:37:45,313 INFO _main.py 210:: ###Model distribution###
2024-12-02 02:37:50,789 INFO server.py 1080:: clients' sizes=[1, 2, 1, 0, 0, 0, 2, 2, 0, 1, 0, 1, 2, 2, 2, 2, 1, 1, 2, 0, 1, 1, 1, 1, 1, 0, 1, 1, 1, 1, 2, 0, 2, 0, 1, 2, 1, 0, 2, 0], total=41
2024-12-02 02:37:50,819 INFO server.py 327:: [Server] The aggregation takes 0.030944 seconds.

2024-12-02 02:37:50,820 INFO server.py 211:: [Server] Start testing
2024-12-02 02:37:50,837 INFO server.py 235:: [Server] Test set: Average loss: 1.3504, Accuracy: 119/200 (59.5%)

2024-12-02 02:37:50,839 INFO server.py 238:: [Sever] Confusion matrix:
 tensor([[37., 11.,  2.,  0.],
        [13., 24., 10.,  3.],
        [ 7., 12., 20., 11.],
        [ 2.,  4.,  6., 38.]])
2024-12-02 02:37:50,840 INFO server.py 254:: [Server] Precision=[0.62711865 0.47058824 0.5263158  0.7307692 ],
 Recall=[0.74 0.48 0.4  0.76],
 F1-score=[0.6788991  0.47524753 0.4545455  0.74509805],
 my_accuracy=59.50000286102295[%]
2024-12-02 02:37:50,841 INFO _main.py 209:: ########EPOCH 43 ########
2024-12-02 02:37:50,842 INFO _main.py 210:: ###Model distribution###
2024-12-02 02:37:54,765 INFO server.py 1080:: clients' sizes=[1, 2, 1, 0, 0, 0, 2, 2, 0, 1, 0, 1, 2, 2, 2, 2, 1, 1, 2, 0, 1, 1, 1, 1, 1, 0, 1, 1, 1, 1, 2, 0, 2, 0, 1, 2, 1, 0, 2, 0], total=41
2024-12-02 02:37:54,793 INFO server.py 327:: [Server] The aggregation takes 0.028091 seconds.

2024-12-02 02:37:54,794 INFO server.py 211:: [Server] Start testing
2024-12-02 02:37:54,810 INFO server.py 235:: [Server] Test set: Average loss: 1.3820, Accuracy: 122/200 (61.0%)

2024-12-02 02:37:54,812 INFO server.py 238:: [Sever] Confusion matrix:
 tensor([[41.,  7.,  2.,  0.],
        [14., 23., 10.,  3.],
        [ 7., 12., 20., 11.],
        [ 3.,  3.,  6., 38.]])
2024-12-02 02:37:54,814 INFO server.py 254:: [Server] Precision=[0.63076925 0.51111114 0.5263158  0.7307692 ],
 Recall=[0.82 0.46 0.4  0.76],
 F1-score=[0.7130436  0.48421055 0.4545455  0.74509805],
 my_accuracy=61.000001430511475[%]
2024-12-02 02:37:54,815 INFO _main.py 209:: ########EPOCH 44 ########
2024-12-02 02:37:54,816 INFO _main.py 210:: ###Model distribution###
2024-12-02 02:37:59,435 INFO server.py 1080:: clients' sizes=[1, 2, 1, 0, 0, 0, 2, 2, 0, 1, 0, 1, 2, 2, 2, 2, 1, 1, 2, 0, 1, 1, 1, 1, 1, 0, 1, 1, 1, 1, 2, 0, 2, 0, 1, 2, 1, 0, 2, 0], total=41
2024-12-02 02:37:59,465 INFO server.py 327:: [Server] The aggregation takes 0.030777 seconds.

2024-12-02 02:37:59,471 INFO server.py 211:: [Server] Start testing
2024-12-02 02:37:59,498 INFO server.py 235:: [Server] Test set: Average loss: 1.3703, Accuracy: 120/200 (60.0%)

2024-12-02 02:37:59,502 INFO server.py 238:: [Sever] Confusion matrix:
 tensor([[37., 11.,  2.,  0.],
        [12., 26.,  9.,  3.],
        [ 7., 12., 19., 12.],
        [ 2.,  4.,  6., 38.]])
2024-12-02 02:37:59,504 INFO server.py 254:: [Server] Precision=[0.63793105 0.49056605 0.5277778  0.7169811 ],
 Recall=[0.74 0.52 0.38 0.76],
 F1-score=[0.6851852  0.5048543  0.44186047 0.7378641 ],
 my_accuracy=60.00000238418579[%]
2024-12-02 02:37:59,504 INFO _main.py 209:: ########EPOCH 45 ########
2024-12-02 02:37:59,505 INFO _main.py 210:: ###Model distribution###
2024-12-02 02:38:04,119 INFO server.py 1080:: clients' sizes=[1, 2, 1, 0, 0, 0, 2, 2, 0, 1, 0, 1, 2, 2, 2, 2, 1, 1, 2, 0, 1, 1, 1, 1, 1, 0, 1, 1, 1, 1, 2, 0, 2, 0, 1, 2, 1, 0, 2, 0], total=41
2024-12-02 02:38:04,159 INFO server.py 327:: [Server] The aggregation takes 0.040729 seconds.

2024-12-02 02:38:04,162 INFO server.py 211:: [Server] Start testing
2024-12-02 02:38:04,186 INFO server.py 235:: [Server] Test set: Average loss: 1.3610, Accuracy: 120/200 (60.0%)

2024-12-02 02:38:04,188 INFO server.py 238:: [Sever] Confusion matrix:
 tensor([[37., 11.,  2.,  0.],
        [12., 25., 10.,  3.],
        [ 6., 13., 20., 11.],
        [ 0.,  6.,  6., 38.]])
2024-12-02 02:38:04,189 INFO server.py 254:: [Server] Precision=[0.6727273  0.45454547 0.5263158  0.7307692 ],
 Recall=[0.74 0.5  0.4  0.76],
 F1-score=[0.70476186 0.47619048 0.4545455  0.74509805],
 my_accuracy=60.00000238418579[%]
2024-12-02 02:38:04,190 INFO _main.py 209:: ########EPOCH 46 ########
2024-12-02 02:38:04,191 INFO _main.py 210:: ###Model distribution###
2024-12-02 02:38:10,011 INFO server.py 1080:: clients' sizes=[1, 2, 1, 0, 0, 0, 2, 2, 0, 1, 0, 1, 2, 2, 2, 2, 1, 1, 2, 0, 1, 1, 1, 1, 1, 0, 1, 1, 1, 1, 2, 0, 2, 0, 1, 2, 1, 0, 2, 0], total=41
2024-12-02 02:38:10,058 INFO server.py 327:: [Server] The aggregation takes 0.050637 seconds.

2024-12-02 02:38:10,059 INFO server.py 211:: [Server] Start testing
2024-12-02 02:38:10,089 INFO server.py 235:: [Server] Test set: Average loss: 1.3572, Accuracy: 121/200 (60.5%)

2024-12-02 02:38:10,091 INFO server.py 238:: [Sever] Confusion matrix:
 tensor([[37., 11.,  2.,  0.],
        [12., 26.,  9.,  3.],
        [ 6., 13., 20., 11.],
        [ 0.,  6.,  6., 38.]])
2024-12-02 02:38:10,093 INFO server.py 254:: [Server] Precision=[0.6727273 0.4642857 0.5405405 0.7307692],
 Recall=[0.74 0.52 0.4  0.76],
 F1-score=[0.70476186 0.49056602 0.45977008 0.74509805],
 my_accuracy=60.50000190734863[%]
2024-12-02 02:38:10,095 INFO _main.py 209:: ########EPOCH 47 ########
2024-12-02 02:38:10,096 INFO _main.py 210:: ###Model distribution###
2024-12-02 02:38:13,848 INFO server.py 1080:: clients' sizes=[1, 2, 1, 0, 0, 0, 2, 2, 0, 1, 0, 1, 2, 2, 2, 2, 1, 1, 2, 0, 1, 1, 1, 1, 1, 0, 1, 1, 1, 1, 2, 0, 2, 0, 1, 2, 1, 0, 2, 0], total=41
2024-12-02 02:38:13,904 INFO server.py 327:: [Server] The aggregation takes 0.056310 seconds.

2024-12-02 02:38:13,907 INFO server.py 211:: [Server] Start testing
2024-12-02 02:38:13,925 INFO server.py 235:: [Server] Test set: Average loss: 1.3563, Accuracy: 120/200 (60.0%)

2024-12-02 02:38:13,926 INFO server.py 238:: [Sever] Confusion matrix:
 tensor([[37., 11.,  2.,  0.],
        [12., 26.,  9.,  3.],
        [ 5., 14., 19., 12.],
        [ 0.,  6.,  6., 38.]])
2024-12-02 02:38:13,927 INFO server.py 254:: [Server] Precision=[0.6851852  0.45614034 0.5277778  0.7169811 ],
 Recall=[0.74 0.52 0.38 0.76],
 F1-score=[0.71153843 0.48598132 0.44186047 0.7378641 ],
 my_accuracy=60.00000238418579[%]
2024-12-02 02:38:13,928 INFO _main.py 209:: ########EPOCH 48 ########
2024-12-02 02:38:13,929 INFO _main.py 210:: ###Model distribution###
2024-12-02 02:38:18,603 INFO server.py 1080:: clients' sizes=[1, 2, 1, 0, 0, 0, 2, 2, 0, 1, 0, 1, 2, 2, 2, 2, 1, 1, 2, 0, 1, 1, 1, 1, 1, 0, 1, 1, 1, 1, 2, 0, 2, 0, 1, 2, 1, 0, 2, 0], total=41
2024-12-02 02:38:18,641 INFO server.py 327:: [Server] The aggregation takes 0.038785 seconds.

2024-12-02 02:38:18,646 INFO server.py 211:: [Server] Start testing
2024-12-02 02:38:18,662 INFO server.py 235:: [Server] Test set: Average loss: 1.3527, Accuracy: 121/200 (60.5%)

2024-12-02 02:38:18,663 INFO server.py 238:: [Sever] Confusion matrix:
 tensor([[37., 11.,  2.,  0.],
        [12., 26.,  9.,  3.],
        [ 6., 13., 20., 11.],
        [ 0.,  6.,  6., 38.]])
2024-12-02 02:38:18,665 INFO server.py 254:: [Server] Precision=[0.6727273 0.4642857 0.5405405 0.7307692],
 Recall=[0.74 0.52 0.4  0.76],
 F1-score=[0.70476186 0.49056602 0.45977008 0.74509805],
 my_accuracy=60.50000190734863[%]
2024-12-02 02:38:18,666 INFO _main.py 209:: ########EPOCH 49 ########
2024-12-02 02:38:18,667 INFO _main.py 210:: ###Model distribution###
2024-12-02 02:38:22,844 INFO server.py 1080:: clients' sizes=[1, 2, 1, 0, 0, 0, 2, 2, 0, 1, 0, 1, 2, 2, 2, 2, 1, 1, 2, 0, 1, 1, 1, 1, 1, 0, 1, 1, 1, 1, 2, 0, 2, 0, 1, 2, 1, 0, 2, 0], total=41
2024-12-02 02:38:22,893 INFO server.py 327:: [Server] The aggregation takes 0.050427 seconds.

2024-12-02 02:38:22,895 INFO server.py 211:: [Server] Start testing
2024-12-02 02:38:22,919 INFO server.py 235:: [Server] Test set: Average loss: 1.3604, Accuracy: 122/200 (61.0%)

2024-12-02 02:38:22,924 INFO server.py 238:: [Sever] Confusion matrix:
 tensor([[37., 11.,  2.,  0.],
        [12., 27.,  8.,  3.],
        [ 6., 13., 20., 11.],
        [ 0.,  6.,  6., 38.]])
2024-12-02 02:38:22,928 INFO server.py 254:: [Server] Precision=[0.6727273  0.47368422 0.5555556  0.7307692 ],
 Recall=[0.74 0.54 0.4  0.76],
 F1-score=[0.70476186 0.5046729  0.46511632 0.74509805],
 my_accuracy=61.000001430511475[%]
