2024-12-02 00:17:43,279 INFO _main.py 39:: ################################################################
2024-12-02 00:17:43,281 INFO _main.py 41:: #                              batch_size: 64                  #
2024-12-02 00:17:43,282 INFO _main.py 41:: #                         test_batch_size: 32                  #
2024-12-02 00:17:43,282 INFO _main.py 41:: #                                  epochs: 30                  #
2024-12-02 00:17:43,283 INFO _main.py 41:: #                               optimizer: SGD                 #
2024-12-02 00:17:43,283 INFO _main.py 41:: #                                      lr: 0.01                #
2024-12-02 00:17:43,283 INFO _main.py 41:: #                                momentum: 0.9                 #
2024-12-02 00:17:43,283 INFO _main.py 41:: #                            weight_decay: 0.0001              #
2024-12-02 00:17:43,283 INFO _main.py 41:: #                                    seed: 1                   #
2024-12-02 00:17:43,284 INFO _main.py 41:: #                            log_interval: 11                  #
2024-12-02 00:17:43,284 INFO _main.py 41:: #                             num_clients: 40                  #
2024-12-02 00:17:43,284 INFO _main.py 41:: #                           output_folder: experiments         #
2024-12-02 00:17:43,284 INFO _main.py 41:: #                                 dataset: rockburst           #
2024-12-02 00:17:43,284 INFO _main.py 41:: #                             loader_type: dirichlet           #
2024-12-02 00:17:43,284 INFO _main.py 41:: #                             loader_path: ./data/loader.pk    #
2024-12-02 00:17:43,285 INFO _main.py 41:: #                                      AR: mkrum               #
2024-12-02 00:17:43,285 INFO _main.py 41:: #                     n_attacker_backdoor: 0                   #
2024-12-02 00:17:43,285 INFO _main.py 41:: #                        backdoor_trigger: [0, 0, 1, 1]        #
2024-12-02 00:17:43,285 INFO _main.py 41:: #                   n_attacker_omniscient: 0                   #
2024-12-02 00:17:43,285 INFO _main.py 41:: #                        omniscient_scale: 1                   #
2024-12-02 00:17:43,285 INFO _main.py 41:: #                                 attacks: None                #
2024-12-02 00:17:43,286 INFO _main.py 41:: #                      save_model_weights: False               #
2024-12-02 00:17:43,286 INFO _main.py 41:: #                         experiment_name: sExp4Ba_40ep_rockburst_mkrum_40C_5#
2024-12-02 00:17:43,286 INFO _main.py 41:: #                          path_to_aggNet: None                #
2024-12-02 00:17:43,286 INFO _main.py 41:: #                                  device: cpu                 #
2024-12-02 00:17:43,286 INFO _main.py 41:: #                            inner_epochs: 30                  #
2024-12-02 00:17:43,287 INFO _main.py 41:: #                                 verbose: True                #
2024-12-02 00:17:43,287 INFO _main.py 41:: #                         list_unreliable: [2, 18, 20]         #
2024-12-02 00:17:43,287 INFO _main.py 41:: #                     unreliable_fraction: 0.5                 #
2024-12-02 00:17:43,287 INFO _main.py 41:: #                    unreliable_fracTrain: 0.3                 #
2024-12-02 00:17:43,287 INFO _main.py 41:: #                         mean_unreliable: 0.0                 #
2024-12-02 00:17:43,288 INFO _main.py 41:: #                             blur_method: add_noise           #
2024-12-02 00:17:43,288 INFO _main.py 41:: #                      max_std_unreliable: 30.0                #
2024-12-02 00:17:43,288 INFO _main.py 41:: #                     list_uatk_add_noise: [24, 25, 26]        #
2024-12-02 00:17:43,288 INFO _main.py 41:: #                          mean_add_noise: 0.0                 #
2024-12-02 00:17:43,288 INFO _main.py 41:: #                           std_add_noise: 0.01                #
2024-12-02 00:17:43,288 INFO _main.py 41:: #                     list_uatk_flip_sign: [0, 10, 11]         #
2024-12-02 00:17:43,289 INFO _main.py 42:: ################################################################
2024-12-02 00:17:43,289 INFO _main.py 43:: Namespace(batch_size=64, test_batch_size=32, epochs=30, optimizer='SGD', lr=0.01, momentum=0.9, weight_decay=0.0001, seed=1, log_interval=11, num_clients=40, output_folder='experiments', dataset='rockburst', loader_type='dirichlet', loader_path='./data/loader.pk', AR='mkrum', n_attacker_backdoor=0, backdoor_trigger=[0, 0, 1, 1], n_attacker_omniscient=0, omniscient_scale=1, attacks=None, save_model_weights=False, experiment_name='sExp4Ba_40ep_rockburst_mkrum_40C_5', path_to_aggNet=None, device='cpu', inner_epochs=30, verbose=True, list_unreliable=[2, 18, 20], unreliable_fraction=0.5, unreliable_fracTrain=0.3, mean_unreliable=0.0, blur_method='add_noise', max_std_unreliable=30.0, list_uatk_add_noise=[24, 25, 26], mean_add_noise=0.0, std_add_noise=0.01, list_uatk_flip_sign=[0, 10, 11])
2024-12-02 00:17:43,289 INFO _main.py 44:: #####################
2024-12-02 00:17:43,290 INFO _main.py 45:: #####################
2024-12-02 00:17:43,290 INFO _main.py 46:: #####################
2024-12-02 00:17:43,290 INFO _main.py 47:: Aggregation Rule:	mkrum
2024-12-02 00:17:43,290 INFO _main.py 48:: Data distribution:	dirichlet
2024-12-02 00:17:43,291 INFO _main.py 49:: Attacks:	None 
2024-12-02 00:17:43,291 INFO _main.py 50:: #####################
2024-12-02 00:17:43,291 INFO _main.py 51:: #####################
2024-12-02 00:17:43,291 INFO _main.py 52:: #####################
2024-12-02 00:17:45,146 INFO server.py 366:: SET DBSCAN eps=1.3, min_samples=10
2024-12-02 00:17:45,149 INFO _main.py 135:: [1-normal, 0-malicious] label =tensor([0., 1., 1., 1., 1., 1., 1., 1., 1., 1., 0., 0., 1., 1., 1., 1., 1., 1.,
        1., 1., 1., 1., 1., 1., 0., 0., 0., 1., 1., 1., 1., 1., 1., 1., 1., 1.,
        1., 1., 1., 1.])
2024-12-02 00:17:45,156 INFO malicious_clients.py 123:: init ATTACK OMNISCIENT Client 0
2024-12-02 00:17:45,163 INFO malicious_clients.py 18:: init UNRELIABLE Client 2
2024-12-02 00:17:45,204 INFO malicious_clients.py 123:: init ATTACK OMNISCIENT Client 10
2024-12-02 00:17:45,209 INFO malicious_clients.py 123:: init ATTACK OMNISCIENT Client 11
2024-12-02 00:17:45,242 INFO malicious_clients.py 18:: init UNRELIABLE Client 18
2024-12-02 00:17:45,256 INFO malicious_clients.py 18:: init UNRELIABLE Client 20
2024-12-02 00:17:45,279 INFO malicious_clients.py 73:: init ATTACK ADD NOISE TO GRAD Client 24
2024-12-02 00:17:45,286 INFO malicious_clients.py 73:: init ATTACK ADD NOISE TO GRAD Client 25
2024-12-02 00:17:45,292 INFO malicious_clients.py 73:: init ATTACK ADD NOISE TO GRAD Client 26
2024-12-02 00:17:45,380 INFO server.py 211:: [Server] Start testing
2024-12-02 00:17:45,404 INFO server.py 235:: [Server] Test set: Average loss: 1.3864, Accuracy: 50/200 (25.0%)

2024-12-02 00:17:45,406 INFO server.py 238:: [Sever] Confusion matrix:
 tensor([[50.,  0.,  0.,  0.],
        [50.,  0.,  0.,  0.],
        [50.,  0.,  0.,  0.],
        [50.,  0.,  0.,  0.]])
2024-12-02 00:17:45,416 INFO server.py 254:: [Server] Precision=[0.25  nan  nan  nan],
 Recall=[1. 0. 0. 0.],
 F1-score=[0.4 nan nan nan],
 my_accuracy=25.0[%]
2024-12-02 00:17:45,417 INFO _main.py 209:: ########EPOCH 0 ########
2024-12-02 00:17:45,418 INFO _main.py 210:: ###Model distribution###
2024-12-02 00:17:49,406 INFO server.py 1064:: clients' sizes=[1, 2, 1, 0, 0, 0, 2, 2, 0, 1, 0, 1, 2, 2, 2, 2, 1, 1, 2, 0, 1, 1, 1, 1, 1, 0, 1, 1, 1, 1, 2, 0, 2, 0, 1, 2, 1, 0, 2, 0], total=41
2024-12-02 00:17:49,448 INFO server.py 327:: [Server] The aggregation takes 0.051625 seconds.

2024-12-02 00:17:49,450 INFO server.py 211:: [Server] Start testing
2024-12-02 00:17:49,472 INFO server.py 235:: [Server] Test set: Average loss: 1.3618, Accuracy: 63/200 (31.5%)

2024-12-02 00:17:49,473 INFO server.py 238:: [Sever] Confusion matrix:
 tensor([[50.,  0.,  0.,  0.],
        [50.,  0.,  0.,  0.],
        [50.,  0.,  0.,  0.],
        [37.,  0.,  0., 13.]])
2024-12-02 00:17:49,475 INFO server.py 254:: [Server] Precision=[0.26737967        nan        nan 1.        ],
 Recall=[1.   0.   0.   0.26],
 F1-score=[0.42194092        nan        nan 0.4126984 ],
 my_accuracy=31.49999976158142[%]
2024-12-02 00:17:49,476 INFO _main.py 209:: ########EPOCH 1 ########
2024-12-02 00:17:49,477 INFO _main.py 210:: ###Model distribution###
2024-12-02 00:17:52,102 INFO server.py 1064:: clients' sizes=[1, 2, 1, 0, 0, 0, 2, 2, 0, 1, 0, 1, 2, 2, 2, 2, 1, 1, 2, 0, 1, 1, 1, 1, 1, 0, 1, 1, 1, 1, 2, 0, 2, 0, 1, 2, 1, 0, 2, 0], total=41
2024-12-02 00:17:52,124 INFO server.py 327:: [Server] The aggregation takes 0.023519 seconds.

2024-12-02 00:17:52,125 INFO server.py 211:: [Server] Start testing
2024-12-02 00:17:52,144 INFO server.py 235:: [Server] Test set: Average loss: 1.3251, Accuracy: 77/200 (38.5%)

2024-12-02 00:17:52,145 INFO server.py 238:: [Sever] Confusion matrix:
 tensor([[50.,  0.,  0.,  0.],
        [50.,  0.,  0.,  0.],
        [48.,  0.,  0.,  2.],
        [23.,  0.,  0., 27.]])
2024-12-02 00:17:52,147 INFO server.py 254:: [Server] Precision=[0.29239765        nan        nan 0.9310345 ],
 Recall=[1.   0.   0.   0.54],
 F1-score=[0.4524887         nan        nan 0.68354434],
 my_accuracy=38.499999046325684[%]
2024-12-02 00:17:52,147 INFO _main.py 209:: ########EPOCH 2 ########
2024-12-02 00:17:52,148 INFO _main.py 210:: ###Model distribution###
2024-12-02 00:17:54,664 INFO server.py 1064:: clients' sizes=[1, 2, 1, 0, 0, 0, 2, 2, 0, 1, 0, 1, 2, 2, 2, 2, 1, 1, 2, 0, 1, 1, 1, 1, 1, 0, 1, 1, 1, 1, 2, 0, 2, 0, 1, 2, 1, 0, 2, 0], total=41
2024-12-02 00:17:54,691 INFO server.py 327:: [Server] The aggregation takes 0.027326 seconds.

2024-12-02 00:17:54,692 INFO server.py 211:: [Server] Start testing
2024-12-02 00:17:54,705 INFO server.py 235:: [Server] Test set: Average loss: 1.2746, Accuracy: 80/200 (40.0%)

2024-12-02 00:17:54,707 INFO server.py 238:: [Sever] Confusion matrix:
 tensor([[50.,  0.,  0.,  0.],
        [49.,  0.,  0.,  1.],
        [41.,  0.,  0.,  9.],
        [20.,  0.,  0., 30.]])
2024-12-02 00:17:54,708 INFO server.py 254:: [Server] Precision=[0.3125    nan    nan 0.75  ],
 Recall=[1.  0.  0.  0.6],
 F1-score=[0.47619048        nan        nan 0.6666667 ],
 my_accuracy=40.00000059604645[%]
2024-12-02 00:17:54,709 INFO _main.py 209:: ########EPOCH 3 ########
2024-12-02 00:17:54,709 INFO _main.py 210:: ###Model distribution###
2024-12-02 00:17:57,433 INFO server.py 1064:: clients' sizes=[1, 2, 1, 0, 0, 0, 2, 2, 0, 1, 0, 1, 2, 2, 2, 2, 1, 1, 2, 0, 1, 1, 1, 1, 1, 0, 1, 1, 1, 1, 2, 0, 2, 0, 1, 2, 1, 0, 2, 0], total=41
2024-12-02 00:17:57,459 INFO server.py 327:: [Server] The aggregation takes 0.026899 seconds.

2024-12-02 00:17:57,460 INFO server.py 211:: [Server] Start testing
2024-12-02 00:17:57,474 INFO server.py 235:: [Server] Test set: Average loss: 1.2396, Accuracy: 83/200 (41.5%)

2024-12-02 00:17:57,475 INFO server.py 238:: [Sever] Confusion matrix:
 tensor([[50.,  0.,  0.,  0.],
        [47.,  0.,  0.,  3.],
        [40.,  0.,  0., 10.],
        [17.,  0.,  0., 33.]])
2024-12-02 00:17:57,477 INFO server.py 254:: [Server] Precision=[0.32467532        nan        nan 0.7173913 ],
 Recall=[1.   0.   0.   0.66],
 F1-score=[0.49019608        nan        nan 0.6875    ],
 my_accuracy=41.49999916553497[%]
2024-12-02 00:17:57,477 INFO _main.py 209:: ########EPOCH 4 ########
2024-12-02 00:17:57,478 INFO _main.py 210:: ###Model distribution###
2024-12-02 00:17:59,970 INFO server.py 1064:: clients' sizes=[1, 2, 1, 0, 0, 0, 2, 2, 0, 1, 0, 1, 2, 2, 2, 2, 1, 1, 2, 0, 1, 1, 1, 1, 1, 0, 1, 1, 1, 1, 2, 0, 2, 0, 1, 2, 1, 0, 2, 0], total=41
2024-12-02 00:18:00,006 INFO server.py 327:: [Server] The aggregation takes 0.038031 seconds.

2024-12-02 00:18:00,007 INFO server.py 211:: [Server] Start testing
2024-12-02 00:18:00,030 INFO server.py 235:: [Server] Test set: Average loss: 1.1714, Accuracy: 86/200 (43.0%)

2024-12-02 00:18:00,031 INFO server.py 238:: [Sever] Confusion matrix:
 tensor([[50.,  0.,  0.,  0.],
        [46.,  0.,  0.,  4.],
        [38.,  0.,  0., 12.],
        [14.,  0.,  0., 36.]])
2024-12-02 00:18:00,033 INFO server.py 254:: [Server] Precision=[0.33783785        nan        nan 0.6923077 ],
 Recall=[1.   0.   0.   0.72],
 F1-score=[0.50505054        nan        nan 0.7058824 ],
 my_accuracy=43.00000071525574[%]
2024-12-02 00:18:00,034 INFO _main.py 209:: ########EPOCH 5 ########
2024-12-02 00:18:00,034 INFO _main.py 210:: ###Model distribution###
2024-12-02 00:18:03,666 INFO server.py 1064:: clients' sizes=[1, 2, 1, 0, 0, 0, 2, 2, 0, 1, 0, 1, 2, 2, 2, 2, 1, 1, 2, 0, 1, 1, 1, 1, 1, 0, 1, 1, 1, 1, 2, 0, 2, 0, 1, 2, 1, 0, 2, 0], total=41
2024-12-02 00:18:03,702 INFO server.py 327:: [Server] The aggregation takes 0.037636 seconds.

2024-12-02 00:18:03,703 INFO server.py 211:: [Server] Start testing
2024-12-02 00:18:03,723 INFO server.py 235:: [Server] Test set: Average loss: 1.1359, Accuracy: 86/200 (43.0%)

2024-12-02 00:18:03,724 INFO server.py 238:: [Sever] Confusion matrix:
 tensor([[50.,  0.,  0.,  0.],
        [46.,  0.,  0.,  4.],
        [37.,  0.,  0., 13.],
        [14.,  0.,  0., 36.]])
2024-12-02 00:18:03,726 INFO server.py 254:: [Server] Precision=[0.34013605        nan        nan 0.6792453 ],
 Recall=[1.   0.   0.   0.72],
 F1-score=[0.5076142         nan        nan 0.69902915],
 my_accuracy=43.00000071525574[%]
2024-12-02 00:18:03,727 INFO _main.py 209:: ########EPOCH 6 ########
2024-12-02 00:18:03,728 INFO _main.py 210:: ###Model distribution###
2024-12-02 00:18:07,108 INFO server.py 1064:: clients' sizes=[1, 2, 1, 0, 0, 0, 2, 2, 0, 1, 0, 1, 2, 2, 2, 2, 1, 1, 2, 0, 1, 1, 1, 1, 1, 0, 1, 1, 1, 1, 2, 0, 2, 0, 1, 2, 1, 0, 2, 0], total=41
2024-12-02 00:18:07,138 INFO server.py 327:: [Server] The aggregation takes 0.030846 seconds.

2024-12-02 00:18:07,139 INFO server.py 211:: [Server] Start testing
2024-12-02 00:18:07,154 INFO server.py 235:: [Server] Test set: Average loss: 1.1056, Accuracy: 87/200 (43.5%)

2024-12-02 00:18:07,155 INFO server.py 238:: [Sever] Confusion matrix:
 tensor([[50.,  0.,  0.,  0.],
        [46.,  0.,  0.,  4.],
        [36.,  0.,  0., 14.],
        [11.,  0.,  2., 37.]])
2024-12-02 00:18:07,157 INFO server.py 254:: [Server] Precision=[0.34965035        nan 0.         0.6727273 ],
 Recall=[1.   0.   0.   0.74],
 F1-score=[0.5181347         nan        nan 0.70476186],
 my_accuracy=43.50000023841858[%]
2024-12-02 00:18:07,157 INFO _main.py 209:: ########EPOCH 7 ########
2024-12-02 00:18:07,158 INFO _main.py 210:: ###Model distribution###
2024-12-02 00:18:09,667 INFO server.py 1064:: clients' sizes=[1, 2, 1, 0, 0, 0, 2, 2, 0, 1, 0, 1, 2, 2, 2, 2, 1, 1, 2, 0, 1, 1, 1, 1, 1, 0, 1, 1, 1, 1, 2, 0, 2, 0, 1, 2, 1, 0, 2, 0], total=41
2024-12-02 00:18:09,692 INFO server.py 327:: [Server] The aggregation takes 0.026224 seconds.

2024-12-02 00:18:09,693 INFO server.py 211:: [Server] Start testing
2024-12-02 00:18:09,707 INFO server.py 235:: [Server] Test set: Average loss: 1.0783, Accuracy: 92/200 (46.0%)

2024-12-02 00:18:09,708 INFO server.py 238:: [Sever] Confusion matrix:
 tensor([[50.,  0.,  0.,  0.],
        [44.,  1.,  1.,  4.],
        [30.,  4.,  2., 14.],
        [11.,  0.,  0., 39.]])
2024-12-02 00:18:09,709 INFO server.py 254:: [Server] Precision=[0.37037036 0.2        0.6666667  0.68421054],
 Recall=[1.   0.02 0.04 0.78],
 F1-score=[0.5405405  0.03636364 0.0754717  0.72897196],
 my_accuracy=46.00000083446503[%]
2024-12-02 00:18:09,710 INFO _main.py 209:: ########EPOCH 8 ########
2024-12-02 00:18:09,710 INFO _main.py 210:: ###Model distribution###
2024-12-02 00:18:12,240 INFO server.py 1064:: clients' sizes=[1, 2, 1, 0, 0, 0, 2, 2, 0, 1, 0, 1, 2, 2, 2, 2, 1, 1, 2, 0, 1, 1, 1, 1, 1, 0, 1, 1, 1, 1, 2, 0, 2, 0, 1, 2, 1, 0, 2, 0], total=41
2024-12-02 00:18:12,266 INFO server.py 327:: [Server] The aggregation takes 0.026609 seconds.

2024-12-02 00:18:12,267 INFO server.py 211:: [Server] Start testing
2024-12-02 00:18:12,281 INFO server.py 235:: [Server] Test set: Average loss: 1.0565, Accuracy: 98/200 (49.0%)

2024-12-02 00:18:12,282 INFO server.py 238:: [Sever] Confusion matrix:
 tensor([[47.,  3.,  0.,  0.],
        [35., 10.,  1.,  4.],
        [25., 10.,  2., 13.],
        [ 9.,  2.,  0., 39.]])
2024-12-02 00:18:12,283 INFO server.py 254:: [Server] Precision=[0.4051724 0.4       0.6666667 0.6964286],
 Recall=[0.94 0.2  0.04 0.78],
 F1-score=[0.56626505 0.26666668 0.0754717  0.7358491 ],
 my_accuracy=49.000000953674316[%]
2024-12-02 00:18:12,284 INFO _main.py 209:: ########EPOCH 9 ########
2024-12-02 00:18:12,285 INFO _main.py 210:: ###Model distribution###
2024-12-02 00:18:14,815 INFO server.py 1064:: clients' sizes=[1, 2, 1, 0, 0, 0, 2, 2, 0, 1, 0, 1, 2, 2, 2, 2, 1, 1, 2, 0, 1, 1, 1, 1, 1, 0, 1, 1, 1, 1, 2, 0, 2, 0, 1, 2, 1, 0, 2, 0], total=41
2024-12-02 00:18:14,839 INFO server.py 327:: [Server] The aggregation takes 0.024790 seconds.

2024-12-02 00:18:14,840 INFO server.py 211:: [Server] Start testing
2024-12-02 00:18:14,853 INFO server.py 235:: [Server] Test set: Average loss: 1.0316, Accuracy: 97/200 (48.5%)

2024-12-02 00:18:14,854 INFO server.py 238:: [Sever] Confusion matrix:
 tensor([[47.,  3.,  0.,  0.],
        [35.,  9.,  2.,  4.],
        [24., 11.,  2., 13.],
        [ 9.,  0.,  2., 39.]])
2024-12-02 00:18:14,856 INFO server.py 254:: [Server] Precision=[0.40869564 0.39130434 0.33333334 0.6964286 ],
 Recall=[0.94 0.18 0.04 0.78],
 F1-score=[0.56969696 0.24657537 0.07142857 0.7358491 ],
 my_accuracy=48.500001430511475[%]
2024-12-02 00:18:14,857 INFO _main.py 209:: ########EPOCH 10 ########
2024-12-02 00:18:14,857 INFO _main.py 210:: ###Model distribution###
2024-12-02 00:18:18,436 INFO server.py 1064:: clients' sizes=[1, 2, 1, 0, 0, 0, 2, 2, 0, 1, 0, 1, 2, 2, 2, 2, 1, 1, 2, 0, 1, 1, 1, 1, 1, 0, 1, 1, 1, 1, 2, 0, 2, 0, 1, 2, 1, 0, 2, 0], total=41
2024-12-02 00:18:18,471 INFO server.py 327:: [Server] The aggregation takes 0.036176 seconds.

2024-12-02 00:18:18,472 INFO server.py 211:: [Server] Start testing
2024-12-02 00:18:18,490 INFO server.py 235:: [Server] Test set: Average loss: 1.0196, Accuracy: 100/200 (50.0%)

2024-12-02 00:18:18,491 INFO server.py 238:: [Sever] Confusion matrix:
 tensor([[47.,  3.,  0.,  0.],
        [33., 12.,  1.,  4.],
        [19., 15.,  2., 14.],
        [ 6.,  1.,  4., 39.]])
2024-12-02 00:18:18,493 INFO server.py 254:: [Server] Precision=[0.44761905 0.38709676 0.2857143  0.68421054],
 Recall=[0.94 0.24 0.04 0.78],
 F1-score=[0.60645163 0.29629627 0.07017544 0.72897196],
 my_accuracy=50.0[%]
2024-12-02 00:18:18,493 INFO _main.py 209:: ########EPOCH 11 ########
2024-12-02 00:18:18,494 INFO _main.py 210:: ###Model distribution###
2024-12-02 00:18:22,065 INFO server.py 1064:: clients' sizes=[1, 2, 1, 0, 0, 0, 2, 2, 0, 1, 0, 1, 2, 2, 2, 2, 1, 1, 2, 0, 1, 1, 1, 1, 1, 0, 1, 1, 1, 1, 2, 0, 2, 0, 1, 2, 1, 0, 2, 0], total=41
2024-12-02 00:18:22,090 INFO server.py 327:: [Server] The aggregation takes 0.026011 seconds.

2024-12-02 00:18:22,091 INFO server.py 211:: [Server] Start testing
2024-12-02 00:18:22,105 INFO server.py 235:: [Server] Test set: Average loss: 1.0064, Accuracy: 104/200 (52.0%)

2024-12-02 00:18:22,107 INFO server.py 238:: [Sever] Confusion matrix:
 tensor([[47.,  3.,  0.,  0.],
        [30., 15.,  2.,  3.],
        [18., 15.,  3., 14.],
        [ 6.,  0.,  5., 39.]])
2024-12-02 00:18:22,108 INFO server.py 254:: [Server] Precision=[0.46534654 0.45454547 0.3        0.6964286 ],
 Recall=[0.94 0.3  0.06 0.78],
 F1-score=[0.6225166  0.36144578 0.1        0.7358491 ],
 my_accuracy=51.99999809265137[%]
2024-12-02 00:18:22,109 INFO _main.py 209:: ########EPOCH 12 ########
2024-12-02 00:18:22,109 INFO _main.py 210:: ###Model distribution###
2024-12-02 00:18:24,670 INFO server.py 1064:: clients' sizes=[1, 2, 1, 0, 0, 0, 2, 2, 0, 1, 0, 1, 2, 2, 2, 2, 1, 1, 2, 0, 1, 1, 1, 1, 1, 0, 1, 1, 1, 1, 2, 0, 2, 0, 1, 2, 1, 0, 2, 0], total=41
2024-12-02 00:18:24,695 INFO server.py 327:: [Server] The aggregation takes 0.025998 seconds.

2024-12-02 00:18:24,696 INFO server.py 211:: [Server] Start testing
2024-12-02 00:18:24,710 INFO server.py 235:: [Server] Test set: Average loss: 1.0023, Accuracy: 106/200 (53.0%)

2024-12-02 00:18:24,711 INFO server.py 238:: [Sever] Confusion matrix:
 tensor([[47.,  3.,  0.,  0.],
        [29., 15.,  3.,  3.],
        [18., 14.,  5., 13.],
        [ 5.,  0.,  6., 39.]])
2024-12-02 00:18:24,712 INFO server.py 254:: [Server] Precision=[0.47474748 0.46875    0.35714287 0.7090909 ],
 Recall=[0.94 0.3  0.1  0.78],
 F1-score=[0.6308725  0.36585367 0.15625    0.7428571 ],
 my_accuracy=52.99999713897705[%]
2024-12-02 00:18:24,713 INFO _main.py 209:: ########EPOCH 13 ########
2024-12-02 00:18:24,713 INFO _main.py 210:: ###Model distribution###
2024-12-02 00:18:27,423 INFO server.py 1064:: clients' sizes=[1, 2, 1, 0, 0, 0, 2, 2, 0, 1, 0, 1, 2, 2, 2, 2, 1, 1, 2, 0, 1, 1, 1, 1, 1, 0, 1, 1, 1, 1, 2, 0, 2, 0, 1, 2, 1, 0, 2, 0], total=41
2024-12-02 00:18:27,448 INFO server.py 327:: [Server] The aggregation takes 0.026263 seconds.

2024-12-02 00:18:27,449 INFO server.py 211:: [Server] Start testing
2024-12-02 00:18:27,464 INFO server.py 235:: [Server] Test set: Average loss: 0.9736, Accuracy: 104/200 (52.0%)

2024-12-02 00:18:27,465 INFO server.py 238:: [Sever] Confusion matrix:
 tensor([[44.,  6.,  0.,  0.],
        [26., 16.,  5.,  3.],
        [13., 19.,  5., 13.],
        [ 5.,  0.,  6., 39.]])
2024-12-02 00:18:27,467 INFO server.py 254:: [Server] Precision=[0.5       0.3902439 0.3125    0.7090909],
 Recall=[0.88 0.32 0.1  0.78],
 F1-score=[0.6376812  0.35164833 0.15151516 0.7428571 ],
 my_accuracy=51.99999809265137[%]
2024-12-02 00:18:27,467 INFO _main.py 209:: ########EPOCH 14 ########
2024-12-02 00:18:27,468 INFO _main.py 210:: ###Model distribution###
2024-12-02 00:18:29,978 INFO server.py 1064:: clients' sizes=[1, 2, 1, 0, 0, 0, 2, 2, 0, 1, 0, 1, 2, 2, 2, 2, 1, 1, 2, 0, 1, 1, 1, 1, 1, 0, 1, 1, 1, 1, 2, 0, 2, 0, 1, 2, 1, 0, 2, 0], total=41
2024-12-02 00:18:30,003 INFO server.py 327:: [Server] The aggregation takes 0.025977 seconds.

2024-12-02 00:18:30,004 INFO server.py 211:: [Server] Start testing
2024-12-02 00:18:30,018 INFO server.py 235:: [Server] Test set: Average loss: 0.9575, Accuracy: 105/200 (52.5%)

2024-12-02 00:18:30,020 INFO server.py 238:: [Sever] Confusion matrix:
 tensor([[42.,  8.,  0.,  0.],
        [24., 18.,  5.,  3.],
        [13., 18.,  6., 13.],
        [ 4.,  1.,  6., 39.]])
2024-12-02 00:18:30,021 INFO server.py 254:: [Server] Precision=[0.5060241 0.4       0.3529412 0.7090909],
 Recall=[0.84 0.36 0.12 0.78],
 F1-score=[0.631579   0.3789474  0.17910448 0.7428571 ],
 my_accuracy=52.49999761581421[%]
2024-12-02 00:18:30,022 INFO _main.py 209:: ########EPOCH 15 ########
2024-12-02 00:18:30,022 INFO _main.py 210:: ###Model distribution###
2024-12-02 00:18:32,990 INFO server.py 1064:: clients' sizes=[1, 2, 1, 0, 0, 0, 2, 2, 0, 1, 0, 1, 2, 2, 2, 2, 1, 1, 2, 0, 1, 1, 1, 1, 1, 0, 1, 1, 1, 1, 2, 0, 2, 0, 1, 2, 1, 0, 2, 0], total=41
2024-12-02 00:18:33,026 INFO server.py 327:: [Server] The aggregation takes 0.037129 seconds.

2024-12-02 00:18:33,027 INFO server.py 211:: [Server] Start testing
2024-12-02 00:18:33,050 INFO server.py 235:: [Server] Test set: Average loss: 0.9645, Accuracy: 108/200 (54.0%)

2024-12-02 00:18:33,052 INFO server.py 238:: [Sever] Confusion matrix:
 tensor([[44.,  6.,  0.,  0.],
        [24., 19.,  4.,  3.],
        [14., 18.,  6., 12.],
        [ 5.,  0.,  6., 39.]])
2024-12-02 00:18:33,054 INFO server.py 254:: [Server] Precision=[0.50574714 0.44186047 0.375      0.7222222 ],
 Recall=[0.88 0.38 0.12 0.78],
 F1-score=[0.6423358  0.40860215 0.18181817 0.74999994],
 my_accuracy=54.00000214576721[%]
2024-12-02 00:18:33,055 INFO _main.py 209:: ########EPOCH 16 ########
2024-12-02 00:18:33,055 INFO _main.py 210:: ###Model distribution###
2024-12-02 00:18:36,876 INFO server.py 1064:: clients' sizes=[1, 2, 1, 0, 0, 0, 2, 2, 0, 1, 0, 1, 2, 2, 2, 2, 1, 1, 2, 0, 1, 1, 1, 1, 1, 0, 1, 1, 1, 1, 2, 0, 2, 0, 1, 2, 1, 0, 2, 0], total=41
2024-12-02 00:18:36,913 INFO server.py 327:: [Server] The aggregation takes 0.038827 seconds.

2024-12-02 00:18:36,915 INFO server.py 211:: [Server] Start testing
2024-12-02 00:18:36,939 INFO server.py 235:: [Server] Test set: Average loss: 0.9359, Accuracy: 107/200 (53.5%)

2024-12-02 00:18:36,943 INFO server.py 238:: [Sever] Confusion matrix:
 tensor([[42.,  8.,  0.,  0.],
        [21., 19.,  7.,  3.],
        [12., 19.,  7., 12.],
        [ 4.,  1.,  6., 39.]])
2024-12-02 00:18:36,946 INFO server.py 254:: [Server] Precision=[0.5316456  0.40425533 0.35       0.7222222 ],
 Recall=[0.84 0.38 0.14 0.78],
 F1-score=[0.6511628  0.39175257 0.19999999 0.74999994],
 my_accuracy=53.50000262260437[%]
2024-12-02 00:18:36,948 INFO _main.py 209:: ########EPOCH 17 ########
2024-12-02 00:18:36,949 INFO _main.py 210:: ###Model distribution###
2024-12-02 00:18:39,825 INFO server.py 1064:: clients' sizes=[1, 2, 1, 0, 0, 0, 2, 2, 0, 1, 0, 1, 2, 2, 2, 2, 1, 1, 2, 0, 1, 1, 1, 1, 1, 0, 1, 1, 1, 1, 2, 0, 2, 0, 1, 2, 1, 0, 2, 0], total=41
2024-12-02 00:18:39,850 INFO server.py 327:: [Server] The aggregation takes 0.025626 seconds.

2024-12-02 00:18:39,851 INFO server.py 211:: [Server] Start testing
2024-12-02 00:18:39,866 INFO server.py 235:: [Server] Test set: Average loss: 0.9312, Accuracy: 110/200 (55.0%)

2024-12-02 00:18:39,867 INFO server.py 238:: [Sever] Confusion matrix:
 tensor([[42.,  8.,  0.,  0.],
        [20., 20.,  7.,  3.],
        [13., 17.,  9., 11.],
        [ 4.,  1.,  6., 39.]])
2024-12-02 00:18:39,868 INFO server.py 254:: [Server] Precision=[0.5316456 0.4347826 0.4090909 0.7358491],
 Recall=[0.84 0.4  0.18 0.78],
 F1-score=[0.6511628  0.4166667  0.25       0.75728154],
 my_accuracy=55.000001192092896[%]
2024-12-02 00:18:39,869 INFO _main.py 209:: ########EPOCH 18 ########
2024-12-02 00:18:39,869 INFO _main.py 210:: ###Model distribution###
2024-12-02 00:18:42,452 INFO server.py 1064:: clients' sizes=[1, 2, 1, 0, 0, 0, 2, 2, 0, 1, 0, 1, 2, 2, 2, 2, 1, 1, 2, 0, 1, 1, 1, 1, 1, 0, 1, 1, 1, 1, 2, 0, 2, 0, 1, 2, 1, 0, 2, 0], total=41
2024-12-02 00:18:42,478 INFO server.py 327:: [Server] The aggregation takes 0.026325 seconds.

2024-12-02 00:18:42,479 INFO server.py 211:: [Server] Start testing
2024-12-02 00:18:42,492 INFO server.py 235:: [Server] Test set: Average loss: 0.9226, Accuracy: 116/200 (58.0%)

2024-12-02 00:18:42,493 INFO server.py 238:: [Sever] Confusion matrix:
 tensor([[42.,  8.,  0.,  0.],
        [20., 19.,  8.,  3.],
        [13., 12., 14., 11.],
        [ 4.,  1.,  4., 41.]])
2024-12-02 00:18:42,495 INFO server.py 254:: [Server] Precision=[0.5316456  0.475      0.53846157 0.74545455],
 Recall=[0.84 0.38 0.28 0.82],
 F1-score=[0.6511628  0.42222223 0.36842105 0.78095245],
 my_accuracy=57.999998331069946[%]
2024-12-02 00:18:42,495 INFO _main.py 209:: ########EPOCH 19 ########
2024-12-02 00:18:42,496 INFO _main.py 210:: ###Model distribution###
2024-12-02 00:18:45,037 INFO server.py 1064:: clients' sizes=[1, 2, 1, 0, 0, 0, 2, 2, 0, 1, 0, 1, 2, 2, 2, 2, 1, 1, 2, 0, 1, 1, 1, 1, 1, 0, 1, 1, 1, 1, 2, 0, 2, 0, 1, 2, 1, 0, 2, 0], total=41
2024-12-02 00:18:45,063 INFO server.py 327:: [Server] The aggregation takes 0.027054 seconds.

2024-12-02 00:18:45,064 INFO server.py 211:: [Server] Start testing
2024-12-02 00:18:45,078 INFO server.py 235:: [Server] Test set: Average loss: 0.9330, Accuracy: 116/200 (58.0%)

2024-12-02 00:18:45,080 INFO server.py 238:: [Sever] Confusion matrix:
 tensor([[42.,  8.,  0.,  0.],
        [20., 19.,  8.,  3.],
        [12., 12., 15., 11.],
        [ 4.,  2.,  4., 40.]])
2024-12-02 00:18:45,081 INFO server.py 254:: [Server] Precision=[0.53846157 0.46341464 0.5555556  0.7407407 ],
 Recall=[0.84 0.38 0.3  0.8 ],
 F1-score=[0.65625   0.4175824 0.3896104 0.7692308],
 my_accuracy=57.999998331069946[%]
2024-12-02 00:18:45,082 INFO _main.py 209:: ########EPOCH 20 ########
2024-12-02 00:18:45,082 INFO _main.py 210:: ###Model distribution###
2024-12-02 00:18:47,938 INFO server.py 1064:: clients' sizes=[1, 2, 1, 0, 0, 0, 2, 2, 0, 1, 0, 1, 2, 2, 2, 2, 1, 1, 2, 0, 1, 1, 1, 1, 1, 0, 1, 1, 1, 1, 2, 0, 2, 0, 1, 2, 1, 0, 2, 0], total=41
2024-12-02 00:18:47,980 INFO server.py 327:: [Server] The aggregation takes 0.042537 seconds.

2024-12-02 00:18:47,981 INFO server.py 211:: [Server] Start testing
2024-12-02 00:18:48,003 INFO server.py 235:: [Server] Test set: Average loss: 0.9215, Accuracy: 119/200 (59.5%)

2024-12-02 00:18:48,004 INFO server.py 238:: [Sever] Confusion matrix:
 tensor([[42.,  8.,  0.,  0.],
        [18., 21.,  8.,  3.],
        [11., 13., 15., 11.],
        [ 4.,  1.,  4., 41.]])
2024-12-02 00:18:48,006 INFO server.py 254:: [Server] Precision=[0.56       0.4883721  0.5555556  0.74545455],
 Recall=[0.84 0.42 0.3  0.82],
 F1-score=[0.672      0.45161292 0.3896104  0.78095245],
 my_accuracy=59.50000286102295[%]
2024-12-02 00:18:48,006 INFO _main.py 209:: ########EPOCH 21 ########
2024-12-02 00:18:48,007 INFO _main.py 210:: ###Model distribution###
2024-12-02 00:18:51,563 INFO server.py 1064:: clients' sizes=[1, 2, 1, 0, 0, 0, 2, 2, 0, 1, 0, 1, 2, 2, 2, 2, 1, 1, 2, 0, 1, 1, 1, 1, 1, 0, 1, 1, 1, 1, 2, 0, 2, 0, 1, 2, 1, 0, 2, 0], total=41
2024-12-02 00:18:51,600 INFO server.py 327:: [Server] The aggregation takes 0.038111 seconds.

2024-12-02 00:18:51,601 INFO server.py 211:: [Server] Start testing
2024-12-02 00:18:51,621 INFO server.py 235:: [Server] Test set: Average loss: 0.9417, Accuracy: 120/200 (60.0%)

2024-12-02 00:18:51,622 INFO server.py 238:: [Sever] Confusion matrix:
 tensor([[42.,  8.,  0.,  0.],
        [17., 23.,  7.,  3.],
        [11., 14., 14., 11.],
        [ 4.,  2.,  3., 41.]])
2024-12-02 00:18:51,624 INFO server.py 254:: [Server] Precision=[0.5675676  0.4893617  0.5833333  0.74545455],
 Recall=[0.84 0.46 0.28 0.82],
 F1-score=[0.67741936 0.47422683 0.37837836 0.78095245],
 my_accuracy=60.00000238418579[%]
2024-12-02 00:18:51,624 INFO _main.py 209:: ########EPOCH 22 ########
2024-12-02 00:18:51,625 INFO _main.py 210:: ###Model distribution###
2024-12-02 00:18:54,728 INFO server.py 1064:: clients' sizes=[1, 2, 1, 0, 0, 0, 2, 2, 0, 1, 0, 1, 2, 2, 2, 2, 1, 1, 2, 0, 1, 1, 1, 1, 1, 0, 1, 1, 1, 1, 2, 0, 2, 0, 1, 2, 1, 0, 2, 0], total=41
2024-12-02 00:18:54,753 INFO server.py 327:: [Server] The aggregation takes 0.025349 seconds.

2024-12-02 00:18:54,754 INFO server.py 211:: [Server] Start testing
2024-12-02 00:18:54,768 INFO server.py 235:: [Server] Test set: Average loss: 0.9458, Accuracy: 123/200 (61.5%)

2024-12-02 00:18:54,770 INFO server.py 238:: [Sever] Confusion matrix:
 tensor([[42.,  8.,  0.,  0.],
        [15., 25.,  7.,  3.],
        [11., 13., 15., 11.],
        [ 3.,  3.,  3., 41.]])
2024-12-02 00:18:54,771 INFO server.py 254:: [Server] Precision=[0.5915493  0.5102041  0.6        0.74545455],
 Recall=[0.84 0.5  0.3  0.82],
 F1-score=[0.6942148  0.5050505  0.4        0.78095245],
 my_accuracy=61.500000953674316[%]
2024-12-02 00:18:54,772 INFO _main.py 209:: ########EPOCH 23 ########
2024-12-02 00:18:54,772 INFO _main.py 210:: ###Model distribution###
2024-12-02 00:18:57,478 INFO server.py 1064:: clients' sizes=[1, 2, 1, 0, 0, 0, 2, 2, 0, 1, 0, 1, 2, 2, 2, 2, 1, 1, 2, 0, 1, 1, 1, 1, 1, 0, 1, 1, 1, 1, 2, 0, 2, 0, 1, 2, 1, 0, 2, 0], total=41
2024-12-02 00:18:57,503 INFO server.py 327:: [Server] The aggregation takes 0.025681 seconds.

2024-12-02 00:18:57,504 INFO server.py 211:: [Server] Start testing
2024-12-02 00:18:57,517 INFO server.py 235:: [Server] Test set: Average loss: 0.9937, Accuracy: 121/200 (60.5%)

2024-12-02 00:18:57,518 INFO server.py 238:: [Sever] Confusion matrix:
 tensor([[42.,  8.,  0.,  0.],
        [16., 24.,  7.,  3.],
        [10., 13., 16., 11.],
        [ 4.,  2.,  5., 39.]])
2024-12-02 00:18:57,520 INFO server.py 254:: [Server] Precision=[0.5833333 0.5106383 0.5714286 0.7358491],
 Recall=[0.84 0.48 0.32 0.78],
 F1-score=[0.6885246  0.4948454  0.4102564  0.75728154],
 my_accuracy=60.50000190734863[%]
2024-12-02 00:18:57,520 INFO _main.py 209:: ########EPOCH 24 ########
2024-12-02 00:18:57,521 INFO _main.py 210:: ###Model distribution###
2024-12-02 00:19:00,088 INFO server.py 1064:: clients' sizes=[1, 2, 1, 0, 0, 0, 2, 2, 0, 1, 0, 1, 2, 2, 2, 2, 1, 1, 2, 0, 1, 1, 1, 1, 1, 0, 1, 1, 1, 1, 2, 0, 2, 0, 1, 2, 1, 0, 2, 0], total=41
2024-12-02 00:19:00,113 INFO server.py 327:: [Server] The aggregation takes 0.025509 seconds.

2024-12-02 00:19:00,114 INFO server.py 211:: [Server] Start testing
2024-12-02 00:19:00,128 INFO server.py 235:: [Server] Test set: Average loss: 1.0362, Accuracy: 118/200 (59.0%)

2024-12-02 00:19:00,129 INFO server.py 238:: [Sever] Confusion matrix:
 tensor([[41.,  9.,  0.,  0.],
        [16., 25.,  6.,  3.],
        [11., 15., 13., 11.],
        [ 4.,  2.,  5., 39.]])
2024-12-02 00:19:00,130 INFO server.py 254:: [Server] Precision=[0.5694444  0.49019608 0.5416667  0.7358491 ],
 Recall=[0.82 0.5  0.26 0.78],
 F1-score=[0.6721312  0.49504948 0.35135135 0.75728154],
 my_accuracy=58.99999737739563[%]
2024-12-02 00:19:00,131 INFO _main.py 209:: ########EPOCH 25 ########
2024-12-02 00:19:00,132 INFO _main.py 210:: ###Model distribution###
2024-12-02 00:19:02,617 INFO server.py 1064:: clients' sizes=[1, 2, 1, 0, 0, 0, 2, 2, 0, 1, 0, 1, 2, 2, 2, 2, 1, 1, 2, 0, 1, 1, 1, 1, 1, 0, 1, 1, 1, 1, 2, 0, 2, 0, 1, 2, 1, 0, 2, 0], total=41
2024-12-02 00:19:02,642 INFO server.py 327:: [Server] The aggregation takes 0.025670 seconds.

2024-12-02 00:19:02,643 INFO server.py 211:: [Server] Start testing
2024-12-02 00:19:02,657 INFO server.py 235:: [Server] Test set: Average loss: 1.0884, Accuracy: 116/200 (58.0%)

2024-12-02 00:19:02,659 INFO server.py 238:: [Sever] Confusion matrix:
 tensor([[41.,  9.,  0.,  0.],
        [18., 23.,  6.,  3.],
        [11., 14., 14., 11.],
        [ 4.,  2.,  6., 38.]])
2024-12-02 00:19:02,660 INFO server.py 254:: [Server] Precision=[0.5540541  0.47916666 0.53846157 0.7307692 ],
 Recall=[0.82 0.46 0.28 0.76],
 F1-score=[0.66129035 0.46938774 0.36842105 0.74509805],
 my_accuracy=57.999998331069946[%]
2024-12-02 00:19:02,661 INFO _main.py 209:: ########EPOCH 26 ########
2024-12-02 00:19:02,661 INFO _main.py 210:: ###Model distribution###
2024-12-02 00:19:05,981 INFO server.py 1064:: clients' sizes=[1, 2, 1, 0, 0, 0, 2, 2, 0, 1, 0, 1, 2, 2, 2, 2, 1, 1, 2, 0, 1, 1, 1, 1, 1, 0, 1, 1, 1, 1, 2, 0, 2, 0, 1, 2, 1, 0, 2, 0], total=41
2024-12-02 00:19:06,017 INFO server.py 327:: [Server] The aggregation takes 0.037118 seconds.

2024-12-02 00:19:06,018 INFO server.py 211:: [Server] Start testing
2024-12-02 00:19:06,038 INFO server.py 235:: [Server] Test set: Average loss: 1.0846, Accuracy: 120/200 (60.0%)

2024-12-02 00:19:06,039 INFO server.py 238:: [Sever] Confusion matrix:
 tensor([[41.,  8.,  1.,  0.],
        [16., 25.,  5.,  4.],
        [11., 12., 16., 11.],
        [ 4.,  2.,  6., 38.]])
2024-12-02 00:19:06,041 INFO server.py 254:: [Server] Precision=[0.5694444 0.5319149 0.5714286 0.7169811],
 Recall=[0.82 0.5  0.32 0.76],
 F1-score=[0.6721312 0.5154639 0.4102564 0.7378641],
 my_accuracy=60.00000238418579[%]
2024-12-02 00:19:06,041 INFO _main.py 209:: ########EPOCH 27 ########
2024-12-02 00:19:06,042 INFO _main.py 210:: ###Model distribution###
2024-12-02 00:19:09,527 INFO server.py 1064:: clients' sizes=[1, 2, 1, 0, 0, 0, 2, 2, 0, 1, 0, 1, 2, 2, 2, 2, 1, 1, 2, 0, 1, 1, 1, 1, 1, 0, 1, 1, 1, 1, 2, 0, 2, 0, 1, 2, 1, 0, 2, 0], total=41
2024-12-02 00:19:09,552 INFO server.py 327:: [Server] The aggregation takes 0.025591 seconds.

2024-12-02 00:19:09,553 INFO server.py 211:: [Server] Start testing
2024-12-02 00:19:09,566 INFO server.py 235:: [Server] Test set: Average loss: 1.1375, Accuracy: 119/200 (59.5%)

2024-12-02 00:19:09,567 INFO server.py 238:: [Sever] Confusion matrix:
 tensor([[41.,  8.,  1.,  0.],
        [18., 23.,  6.,  3.],
        [11., 12., 17., 10.],
        [ 4.,  2.,  6., 38.]])
2024-12-02 00:19:09,569 INFO server.py 254:: [Server] Precision=[0.5540541  0.51111114 0.56666666 0.74509805],
 Recall=[0.82 0.46 0.34 0.76],
 F1-score=[0.66129035 0.48421055 0.425      0.75247526],
 my_accuracy=59.50000286102295[%]
2024-12-02 00:19:09,569 INFO _main.py 209:: ########EPOCH 28 ########
2024-12-02 00:19:09,570 INFO _main.py 210:: ###Model distribution###
2024-12-02 00:19:12,084 INFO server.py 1064:: clients' sizes=[1, 2, 1, 0, 0, 0, 2, 2, 0, 1, 0, 1, 2, 2, 2, 2, 1, 1, 2, 0, 1, 1, 1, 1, 1, 0, 1, 1, 1, 1, 2, 0, 2, 0, 1, 2, 1, 0, 2, 0], total=41
2024-12-02 00:19:12,108 INFO server.py 327:: [Server] The aggregation takes 0.024949 seconds.

2024-12-02 00:19:12,109 INFO server.py 211:: [Server] Start testing
2024-12-02 00:19:12,122 INFO server.py 235:: [Server] Test set: Average loss: 1.1423, Accuracy: 120/200 (60.0%)

2024-12-02 00:19:12,124 INFO server.py 238:: [Sever] Confusion matrix:
 tensor([[41.,  8.,  1.,  0.],
        [16., 24.,  6.,  4.],
        [11., 11., 17., 11.],
        [ 4.,  2.,  6., 38.]])
2024-12-02 00:19:12,126 INFO server.py 254:: [Server] Precision=[0.5694444  0.53333336 0.56666666 0.7169811 ],
 Recall=[0.82 0.48 0.34 0.76],
 F1-score=[0.6721312 0.5052632 0.425     0.7378641],
 my_accuracy=60.00000238418579[%]
2024-12-02 00:19:12,126 INFO _main.py 209:: ########EPOCH 29 ########
2024-12-02 00:19:12,127 INFO _main.py 210:: ###Model distribution###
2024-12-02 00:19:14,647 INFO server.py 1064:: clients' sizes=[1, 2, 1, 0, 0, 0, 2, 2, 0, 1, 0, 1, 2, 2, 2, 2, 1, 1, 2, 0, 1, 1, 1, 1, 1, 0, 1, 1, 1, 1, 2, 0, 2, 0, 1, 2, 1, 0, 2, 0], total=41
2024-12-02 00:19:14,673 INFO server.py 327:: [Server] The aggregation takes 0.026928 seconds.

2024-12-02 00:19:14,674 INFO server.py 211:: [Server] Start testing
2024-12-02 00:19:14,690 INFO server.py 235:: [Server] Test set: Average loss: 1.1964, Accuracy: 120/200 (60.0%)

2024-12-02 00:19:14,692 INFO server.py 238:: [Sever] Confusion matrix:
 tensor([[41.,  8.,  1.,  0.],
        [16., 24.,  7.,  3.],
        [11., 11., 17., 11.],
        [ 4.,  2.,  6., 38.]])
2024-12-02 00:19:14,693 INFO server.py 254:: [Server] Precision=[0.5694444  0.53333336 0.5483871  0.7307692 ],
 Recall=[0.82 0.48 0.34 0.76],
 F1-score=[0.6721312  0.5052632  0.4197531  0.74509805],
 my_accuracy=60.00000238418579[%]
