2024-12-02 02:02:19,486 INFO _main.py 39:: ################################################################
2024-12-02 02:02:19,488 INFO _main.py 41:: #                              batch_size: 64                  #
2024-12-02 02:02:19,489 INFO _main.py 41:: #                         test_batch_size: 32                  #
2024-12-02 02:02:19,491 INFO _main.py 41:: #                                  epochs: 15                  #
2024-12-02 02:02:19,492 INFO _main.py 41:: #                               optimizer: SGD                 #
2024-12-02 02:02:19,492 INFO _main.py 41:: #                                      lr: 0.01                #
2024-12-02 02:02:19,492 INFO _main.py 41:: #                                momentum: 0.9                 #
2024-12-02 02:02:19,492 INFO _main.py 41:: #                            weight_decay: 0.0001              #
2024-12-02 02:02:19,493 INFO _main.py 41:: #                                    seed: 1                   #
2024-12-02 02:02:19,493 INFO _main.py 41:: #                            log_interval: 11                  #
2024-12-02 02:02:19,493 INFO _main.py 41:: #                             num_clients: 40                  #
2024-12-02 02:02:19,493 INFO _main.py 41:: #                           output_folder: experiments         #
2024-12-02 02:02:19,493 INFO _main.py 41:: #                                 dataset: rockburst           #
2024-12-02 02:02:19,494 INFO _main.py 41:: #                             loader_type: dirichlet           #
2024-12-02 02:02:19,494 INFO _main.py 41:: #                             loader_path: ./data/loader.pk    #
2024-12-02 02:02:19,494 INFO _main.py 41:: #                                      AR: mkrum               #
2024-12-02 02:02:19,494 INFO _main.py 41:: #                     n_attacker_backdoor: 0                   #
2024-12-02 02:02:19,494 INFO _main.py 41:: #                        backdoor_trigger: [0, 0, 1, 1]        #
2024-12-02 02:02:19,494 INFO _main.py 41:: #                   n_attacker_omniscient: 0                   #
2024-12-02 02:02:19,495 INFO _main.py 41:: #                        omniscient_scale: 1                   #
2024-12-02 02:02:19,496 INFO _main.py 41:: #                                 attacks: None                #
2024-12-02 02:02:19,496 INFO _main.py 41:: #                      save_model_weights: False               #
2024-12-02 02:02:19,496 INFO _main.py 41:: #                         experiment_name: sExp4Ba_40ep_rockburst_mkrum_40C_5#
2024-12-02 02:02:19,497 INFO _main.py 41:: #                          path_to_aggNet: None                #
2024-12-02 02:02:19,497 INFO _main.py 41:: #                                  device: cpu                 #
2024-12-02 02:02:19,497 INFO _main.py 41:: #                            inner_epochs: 30                  #
2024-12-02 02:02:19,497 INFO _main.py 41:: #                                 verbose: True                #
2024-12-02 02:02:19,498 INFO _main.py 41:: #                         list_unreliable: [2, 18, 20]         #
2024-12-02 02:02:19,498 INFO _main.py 41:: #                     unreliable_fraction: 0.5                 #
2024-12-02 02:02:19,498 INFO _main.py 41:: #                    unreliable_fracTrain: 0.3                 #
2024-12-02 02:02:19,498 INFO _main.py 41:: #                         mean_unreliable: 0.0                 #
2024-12-02 02:02:19,498 INFO _main.py 41:: #                             blur_method: add_noise           #
2024-12-02 02:02:19,499 INFO _main.py 41:: #                      max_std_unreliable: 30.0                #
2024-12-02 02:02:19,499 INFO _main.py 41:: #                     list_uatk_add_noise: [24, 25, 26]        #
2024-12-02 02:02:19,499 INFO _main.py 41:: #                          mean_add_noise: 0.0                 #
2024-12-02 02:02:19,499 INFO _main.py 41:: #                           std_add_noise: 0.01                #
2024-12-02 02:02:19,499 INFO _main.py 41:: #                     list_uatk_flip_sign: [0, 10, 11]         #
2024-12-02 02:02:19,500 INFO _main.py 42:: ################################################################
2024-12-02 02:02:19,500 INFO _main.py 43:: Namespace(batch_size=64, test_batch_size=32, epochs=15, optimizer='SGD', lr=0.01, momentum=0.9, weight_decay=0.0001, seed=1, log_interval=11, num_clients=40, output_folder='experiments', dataset='rockburst', loader_type='dirichlet', loader_path='./data/loader.pk', AR='mkrum', n_attacker_backdoor=0, backdoor_trigger=[0, 0, 1, 1], n_attacker_omniscient=0, omniscient_scale=1, attacks=None, save_model_weights=False, experiment_name='sExp4Ba_40ep_rockburst_mkrum_40C_5', path_to_aggNet=None, device='cpu', inner_epochs=30, verbose=True, list_unreliable=[2, 18, 20], unreliable_fraction=0.5, unreliable_fracTrain=0.3, mean_unreliable=0.0, blur_method='add_noise', max_std_unreliable=30.0, list_uatk_add_noise=[24, 25, 26], mean_add_noise=0.0, std_add_noise=0.01, list_uatk_flip_sign=[0, 10, 11])
2024-12-02 02:02:19,500 INFO _main.py 44:: #####################
2024-12-02 02:02:19,500 INFO _main.py 45:: #####################
2024-12-02 02:02:19,501 INFO _main.py 46:: #####################
2024-12-02 02:02:19,501 INFO _main.py 47:: Aggregation Rule:	mkrum
2024-12-02 02:02:19,501 INFO _main.py 48:: Data distribution:	dirichlet
2024-12-02 02:02:19,501 INFO _main.py 49:: Attacks:	None 
2024-12-02 02:02:19,501 INFO _main.py 50:: #####################
2024-12-02 02:02:19,502 INFO _main.py 51:: #####################
2024-12-02 02:02:19,502 INFO _main.py 52:: #####################
2024-12-02 02:02:21,668 INFO server.py 366:: SET DBSCAN eps=1.3, min_samples=10
2024-12-02 02:02:21,671 INFO _main.py 135:: [1-normal, 0-malicious] label =tensor([0., 1., 1., 1., 1., 1., 1., 1., 1., 1., 0., 0., 1., 1., 1., 1., 1., 1.,
        1., 1., 1., 1., 1., 1., 0., 0., 0., 1., 1., 1., 1., 1., 1., 1., 1., 1.,
        1., 1., 1., 1.])
2024-12-02 02:02:21,677 INFO malicious_clients.py 123:: init ATTACK OMNISCIENT Client 0
2024-12-02 02:02:21,682 INFO malicious_clients.py 18:: init UNRELIABLE Client 2
2024-12-02 02:02:21,714 INFO malicious_clients.py 123:: init ATTACK OMNISCIENT Client 10
2024-12-02 02:02:21,718 INFO malicious_clients.py 123:: init ATTACK OMNISCIENT Client 11
2024-12-02 02:02:21,740 INFO malicious_clients.py 18:: init UNRELIABLE Client 18
2024-12-02 02:02:21,749 INFO malicious_clients.py 18:: init UNRELIABLE Client 20
2024-12-02 02:02:21,769 INFO malicious_clients.py 73:: init ATTACK ADD NOISE TO GRAD Client 24
2024-12-02 02:02:21,775 INFO malicious_clients.py 73:: init ATTACK ADD NOISE TO GRAD Client 25
2024-12-02 02:02:21,779 INFO malicious_clients.py 73:: init ATTACK ADD NOISE TO GRAD Client 26
2024-12-02 02:02:21,829 INFO server.py 211:: [Server] Start testing
2024-12-02 02:02:21,847 INFO server.py 235:: [Server] Test set: Average loss: 1.3864, Accuracy: 50/200 (25.0%)

2024-12-02 02:02:21,848 INFO server.py 238:: [Sever] Confusion matrix:
 tensor([[50.,  0.,  0.,  0.],
        [50.,  0.,  0.,  0.],
        [50.,  0.,  0.,  0.],
        [50.,  0.,  0.,  0.]])
2024-12-02 02:02:21,857 INFO server.py 254:: [Server] Precision=[0.25  nan  nan  nan],
 Recall=[1. 0. 0. 0.],
 F1-score=[0.4 nan nan nan],
 my_accuracy=25.0[%]
2024-12-02 02:02:21,859 INFO _main.py 209:: ########EPOCH 0 ########
2024-12-02 02:02:21,859 INFO _main.py 210:: ###Model distribution###
2024-12-02 02:02:24,514 INFO server.py 1080:: clients' sizes=[1, 2, 1, 0, 0, 0, 2, 2, 0, 1, 0, 1, 2, 2, 2, 2, 1, 1, 2, 0, 1, 1, 1, 1, 1, 0, 1, 1, 1, 1, 2, 0, 2, 0, 1, 2, 1, 0, 2, 0], total=41
2024-12-02 02:02:24,541 INFO server.py 327:: [Server] The aggregation takes 0.037289 seconds.

2024-12-02 02:02:24,542 INFO server.py 211:: [Server] Start testing
2024-12-02 02:02:24,556 INFO server.py 235:: [Server] Test set: Average loss: 1.3618, Accuracy: 63/200 (31.5%)

2024-12-02 02:02:24,557 INFO server.py 238:: [Sever] Confusion matrix:
 tensor([[50.,  0.,  0.,  0.],
        [50.,  0.,  0.,  0.],
        [50.,  0.,  0.,  0.],
        [37.,  0.,  0., 13.]])
2024-12-02 02:02:24,559 INFO server.py 254:: [Server] Precision=[0.26737967        nan        nan 1.        ],
 Recall=[1.   0.   0.   0.26],
 F1-score=[0.42194092        nan        nan 0.4126984 ],
 my_accuracy=31.49999976158142[%]
2024-12-02 02:02:24,559 INFO _main.py 209:: ########EPOCH 1 ########
2024-12-02 02:02:24,560 INFO _main.py 210:: ###Model distribution###
2024-12-02 02:02:27,330 INFO server.py 1080:: clients' sizes=[1, 2, 1, 0, 0, 0, 2, 2, 0, 1, 0, 1, 2, 2, 2, 2, 1, 1, 2, 0, 1, 1, 1, 1, 1, 0, 1, 1, 1, 1, 2, 0, 2, 0, 1, 2, 1, 0, 2, 0], total=41
2024-12-02 02:02:27,350 INFO server.py 327:: [Server] The aggregation takes 0.021358 seconds.

2024-12-02 02:02:27,352 INFO server.py 211:: [Server] Start testing
2024-12-02 02:02:27,367 INFO server.py 235:: [Server] Test set: Average loss: 1.3251, Accuracy: 77/200 (38.5%)

2024-12-02 02:02:27,368 INFO server.py 238:: [Sever] Confusion matrix:
 tensor([[50.,  0.,  0.,  0.],
        [50.,  0.,  0.,  0.],
        [48.,  0.,  0.,  2.],
        [23.,  0.,  0., 27.]])
2024-12-02 02:02:27,369 INFO server.py 254:: [Server] Precision=[0.29239765        nan        nan 0.9310345 ],
 Recall=[1.   0.   0.   0.54],
 F1-score=[0.4524887         nan        nan 0.68354434],
 my_accuracy=38.499999046325684[%]
2024-12-02 02:02:27,370 INFO _main.py 209:: ########EPOCH 2 ########
2024-12-02 02:02:27,370 INFO _main.py 210:: ###Model distribution###
2024-12-02 02:02:30,418 INFO server.py 1080:: clients' sizes=[1, 2, 1, 0, 0, 0, 2, 2, 0, 1, 0, 1, 2, 2, 2, 2, 1, 1, 2, 0, 1, 1, 1, 1, 1, 0, 1, 1, 1, 1, 2, 0, 2, 0, 1, 2, 1, 0, 2, 0], total=41
2024-12-02 02:02:30,453 INFO server.py 327:: [Server] The aggregation takes 0.036102 seconds.

2024-12-02 02:02:30,454 INFO server.py 211:: [Server] Start testing
2024-12-02 02:02:30,469 INFO server.py 235:: [Server] Test set: Average loss: 1.2746, Accuracy: 80/200 (40.0%)

2024-12-02 02:02:30,470 INFO server.py 238:: [Sever] Confusion matrix:
 tensor([[50.,  0.,  0.,  0.],
        [49.,  0.,  0.,  1.],
        [41.,  0.,  0.,  9.],
        [20.,  0.,  0., 30.]])
2024-12-02 02:02:30,472 INFO server.py 254:: [Server] Precision=[0.3125    nan    nan 0.75  ],
 Recall=[1.  0.  0.  0.6],
 F1-score=[0.47619048        nan        nan 0.6666667 ],
 my_accuracy=40.00000059604645[%]
2024-12-02 02:02:30,472 INFO _main.py 209:: ########EPOCH 3 ########
2024-12-02 02:02:30,473 INFO _main.py 210:: ###Model distribution###
2024-12-02 02:02:33,831 INFO server.py 1080:: clients' sizes=[1, 2, 1, 0, 0, 0, 2, 2, 0, 1, 0, 1, 2, 2, 2, 2, 1, 1, 2, 0, 1, 1, 1, 1, 1, 0, 1, 1, 1, 1, 2, 0, 2, 0, 1, 2, 1, 0, 2, 0], total=41
2024-12-02 02:02:33,864 INFO server.py 327:: [Server] The aggregation takes 0.033702 seconds.

2024-12-02 02:02:33,865 INFO server.py 211:: [Server] Start testing
2024-12-02 02:02:33,884 INFO server.py 235:: [Server] Test set: Average loss: 1.2396, Accuracy: 83/200 (41.5%)

2024-12-02 02:02:33,885 INFO server.py 238:: [Sever] Confusion matrix:
 tensor([[50.,  0.,  0.,  0.],
        [47.,  0.,  0.,  3.],
        [40.,  0.,  0., 10.],
        [17.,  0.,  0., 33.]])
2024-12-02 02:02:33,887 INFO server.py 254:: [Server] Precision=[0.32467532        nan        nan 0.7173913 ],
 Recall=[1.   0.   0.   0.66],
 F1-score=[0.49019608        nan        nan 0.6875    ],
 my_accuracy=41.49999916553497[%]
2024-12-02 02:02:33,887 INFO _main.py 209:: ########EPOCH 4 ########
2024-12-02 02:02:33,888 INFO _main.py 210:: ###Model distribution###
2024-12-02 02:02:37,907 INFO server.py 1080:: clients' sizes=[1, 2, 1, 0, 0, 0, 2, 2, 0, 1, 0, 1, 2, 2, 2, 2, 1, 1, 2, 0, 1, 1, 1, 1, 1, 0, 1, 1, 1, 1, 2, 0, 2, 0, 1, 2, 1, 0, 2, 0], total=41
2024-12-02 02:02:37,950 INFO server.py 327:: [Server] The aggregation takes 0.044326 seconds.

2024-12-02 02:02:37,951 INFO server.py 211:: [Server] Start testing
2024-12-02 02:02:37,975 INFO server.py 235:: [Server] Test set: Average loss: 1.1714, Accuracy: 86/200 (43.0%)

2024-12-02 02:02:37,977 INFO server.py 238:: [Sever] Confusion matrix:
 tensor([[50.,  0.,  0.,  0.],
        [46.,  0.,  0.,  4.],
        [38.,  0.,  0., 12.],
        [14.,  0.,  0., 36.]])
2024-12-02 02:02:37,979 INFO server.py 254:: [Server] Precision=[0.33783785        nan        nan 0.6923077 ],
 Recall=[1.   0.   0.   0.72],
 F1-score=[0.50505054        nan        nan 0.7058824 ],
 my_accuracy=43.00000071525574[%]
2024-12-02 02:02:37,980 INFO _main.py 209:: ########EPOCH 5 ########
2024-12-02 02:02:37,981 INFO _main.py 210:: ###Model distribution###
2024-12-02 02:02:40,943 INFO server.py 1080:: clients' sizes=[1, 2, 1, 0, 0, 0, 2, 2, 0, 1, 0, 1, 2, 2, 2, 2, 1, 1, 2, 0, 1, 1, 1, 1, 1, 0, 1, 1, 1, 1, 2, 0, 2, 0, 1, 2, 1, 0, 2, 0], total=41
2024-12-02 02:02:40,965 INFO server.py 327:: [Server] The aggregation takes 0.023311 seconds.

2024-12-02 02:02:40,966 INFO server.py 211:: [Server] Start testing
2024-12-02 02:02:40,980 INFO server.py 235:: [Server] Test set: Average loss: 1.1359, Accuracy: 86/200 (43.0%)

2024-12-02 02:02:40,981 INFO server.py 238:: [Sever] Confusion matrix:
 tensor([[50.,  0.,  0.,  0.],
        [46.,  0.,  0.,  4.],
        [37.,  0.,  0., 13.],
        [14.,  0.,  0., 36.]])
2024-12-02 02:02:40,984 INFO server.py 254:: [Server] Precision=[0.34013605        nan        nan 0.6792453 ],
 Recall=[1.   0.   0.   0.72],
 F1-score=[0.5076142         nan        nan 0.69902915],
 my_accuracy=43.00000071525574[%]
2024-12-02 02:02:40,984 INFO _main.py 209:: ########EPOCH 6 ########
2024-12-02 02:02:40,985 INFO _main.py 210:: ###Model distribution###
2024-12-02 02:02:43,609 INFO server.py 1080:: clients' sizes=[1, 2, 1, 0, 0, 0, 2, 2, 0, 1, 0, 1, 2, 2, 2, 2, 1, 1, 2, 0, 1, 1, 1, 1, 1, 0, 1, 1, 1, 1, 2, 0, 2, 0, 1, 2, 1, 0, 2, 0], total=41
2024-12-02 02:02:43,630 INFO server.py 327:: [Server] The aggregation takes 0.021710 seconds.

2024-12-02 02:02:43,631 INFO server.py 211:: [Server] Start testing
2024-12-02 02:02:43,644 INFO server.py 235:: [Server] Test set: Average loss: 1.1056, Accuracy: 87/200 (43.5%)

2024-12-02 02:02:43,645 INFO server.py 238:: [Sever] Confusion matrix:
 tensor([[50.,  0.,  0.,  0.],
        [46.,  0.,  0.,  4.],
        [36.,  0.,  0., 14.],
        [11.,  0.,  2., 37.]])
2024-12-02 02:02:43,647 INFO server.py 254:: [Server] Precision=[0.34965035        nan 0.         0.6727273 ],
 Recall=[1.   0.   0.   0.74],
 F1-score=[0.5181347         nan        nan 0.70476186],
 my_accuracy=43.50000023841858[%]
2024-12-02 02:02:43,647 INFO _main.py 209:: ########EPOCH 7 ########
2024-12-02 02:02:43,648 INFO _main.py 210:: ###Model distribution###
2024-12-02 02:02:46,234 INFO server.py 1080:: clients' sizes=[1, 2, 1, 0, 0, 0, 2, 2, 0, 1, 0, 1, 2, 2, 2, 2, 1, 1, 2, 0, 1, 1, 1, 1, 1, 0, 1, 1, 1, 1, 2, 0, 2, 0, 1, 2, 1, 0, 2, 0], total=41
2024-12-02 02:02:46,257 INFO server.py 327:: [Server] The aggregation takes 0.023759 seconds.

2024-12-02 02:02:46,258 INFO server.py 211:: [Server] Start testing
2024-12-02 02:02:46,271 INFO server.py 235:: [Server] Test set: Average loss: 1.0783, Accuracy: 92/200 (46.0%)

2024-12-02 02:02:46,273 INFO server.py 238:: [Sever] Confusion matrix:
 tensor([[50.,  0.,  0.,  0.],
        [44.,  1.,  1.,  4.],
        [30.,  4.,  2., 14.],
        [11.,  0.,  0., 39.]])
2024-12-02 02:02:46,274 INFO server.py 254:: [Server] Precision=[0.37037036 0.2        0.6666667  0.68421054],
 Recall=[1.   0.02 0.04 0.78],
 F1-score=[0.5405405  0.03636364 0.0754717  0.72897196],
 my_accuracy=46.00000083446503[%]
2024-12-02 02:02:46,275 INFO _main.py 209:: ########EPOCH 8 ########
2024-12-02 02:02:46,275 INFO _main.py 210:: ###Model distribution###
2024-12-02 02:02:50,506 INFO server.py 1080:: clients' sizes=[1, 2, 1, 0, 0, 0, 2, 2, 0, 1, 0, 1, 2, 2, 2, 2, 1, 1, 2, 0, 1, 1, 1, 1, 1, 0, 1, 1, 1, 1, 2, 0, 2, 0, 1, 2, 1, 0, 2, 0], total=41
2024-12-02 02:02:50,537 INFO server.py 327:: [Server] The aggregation takes 0.031777 seconds.

2024-12-02 02:02:50,538 INFO server.py 211:: [Server] Start testing
2024-12-02 02:02:50,556 INFO server.py 235:: [Server] Test set: Average loss: 1.0565, Accuracy: 98/200 (49.0%)

2024-12-02 02:02:50,558 INFO server.py 238:: [Sever] Confusion matrix:
 tensor([[47.,  3.,  0.,  0.],
        [35., 10.,  1.,  4.],
        [25., 10.,  2., 13.],
        [ 9.,  2.,  0., 39.]])
2024-12-02 02:02:50,559 INFO server.py 254:: [Server] Precision=[0.4051724 0.4       0.6666667 0.6964286],
 Recall=[0.94 0.2  0.04 0.78],
 F1-score=[0.56626505 0.26666668 0.0754717  0.7358491 ],
 my_accuracy=49.000000953674316[%]
2024-12-02 02:02:50,560 INFO _main.py 209:: ########EPOCH 9 ########
2024-12-02 02:02:50,561 INFO _main.py 210:: ###Model distribution###
2024-12-02 02:02:54,277 INFO server.py 1080:: clients' sizes=[1, 2, 1, 0, 0, 0, 2, 2, 0, 1, 0, 1, 2, 2, 2, 2, 1, 1, 2, 0, 1, 1, 1, 1, 1, 0, 1, 1, 1, 1, 2, 0, 2, 0, 1, 2, 1, 0, 2, 0], total=41
2024-12-02 02:02:54,301 INFO server.py 327:: [Server] The aggregation takes 0.025304 seconds.

2024-12-02 02:02:54,302 INFO server.py 211:: [Server] Start testing
2024-12-02 02:02:54,317 INFO server.py 235:: [Server] Test set: Average loss: 1.0316, Accuracy: 97/200 (48.5%)

2024-12-02 02:02:54,318 INFO server.py 238:: [Sever] Confusion matrix:
 tensor([[47.,  3.,  0.,  0.],
        [35.,  9.,  2.,  4.],
        [24., 11.,  2., 13.],
        [ 9.,  0.,  2., 39.]])
2024-12-02 02:02:54,320 INFO server.py 254:: [Server] Precision=[0.40869564 0.39130434 0.33333334 0.6964286 ],
 Recall=[0.94 0.18 0.04 0.78],
 F1-score=[0.56969696 0.24657537 0.07142857 0.7358491 ],
 my_accuracy=48.500001430511475[%]
2024-12-02 02:02:54,320 INFO _main.py 209:: ########EPOCH 10 ########
2024-12-02 02:02:54,321 INFO _main.py 210:: ###Model distribution###
2024-12-02 02:02:56,977 INFO server.py 1080:: clients' sizes=[1, 2, 1, 0, 0, 0, 2, 2, 0, 1, 0, 1, 2, 2, 2, 2, 1, 1, 2, 0, 1, 1, 1, 1, 1, 0, 1, 1, 1, 1, 2, 0, 2, 0, 1, 2, 1, 0, 2, 0], total=41
2024-12-02 02:02:57,011 INFO server.py 327:: [Server] The aggregation takes 0.035683 seconds.

2024-12-02 02:02:57,013 INFO server.py 211:: [Server] Start testing
2024-12-02 02:02:57,041 INFO server.py 235:: [Server] Test set: Average loss: 1.0196, Accuracy: 100/200 (50.0%)

2024-12-02 02:02:57,043 INFO server.py 238:: [Sever] Confusion matrix:
 tensor([[47.,  3.,  0.,  0.],
        [33., 12.,  1.,  4.],
        [19., 15.,  2., 14.],
        [ 6.,  1.,  4., 39.]])
2024-12-02 02:02:57,045 INFO server.py 254:: [Server] Precision=[0.44761905 0.38709676 0.2857143  0.68421054],
 Recall=[0.94 0.24 0.04 0.78],
 F1-score=[0.60645163 0.29629627 0.07017544 0.72897196],
 my_accuracy=50.0[%]
2024-12-02 02:02:57,047 INFO _main.py 209:: ########EPOCH 11 ########
2024-12-02 02:02:57,049 INFO _main.py 210:: ###Model distribution###
2024-12-02 02:03:00,222 INFO server.py 1080:: clients' sizes=[1, 2, 1, 0, 0, 0, 2, 2, 0, 1, 0, 1, 2, 2, 2, 2, 1, 1, 2, 0, 1, 1, 1, 1, 1, 0, 1, 1, 1, 1, 2, 0, 2, 0, 1, 2, 1, 0, 2, 0], total=41
2024-12-02 02:03:00,243 INFO server.py 327:: [Server] The aggregation takes 0.022373 seconds.

2024-12-02 02:03:00,244 INFO server.py 211:: [Server] Start testing
2024-12-02 02:03:00,260 INFO server.py 235:: [Server] Test set: Average loss: 1.0064, Accuracy: 104/200 (52.0%)

2024-12-02 02:03:00,262 INFO server.py 238:: [Sever] Confusion matrix:
 tensor([[47.,  3.,  0.,  0.],
        [30., 15.,  2.,  3.],
        [18., 15.,  3., 14.],
        [ 6.,  0.,  5., 39.]])
2024-12-02 02:03:00,263 INFO server.py 254:: [Server] Precision=[0.46534654 0.45454547 0.3        0.6964286 ],
 Recall=[0.94 0.3  0.06 0.78],
 F1-score=[0.6225166  0.36144578 0.1        0.7358491 ],
 my_accuracy=51.99999809265137[%]
2024-12-02 02:03:00,264 INFO _main.py 209:: ########EPOCH 12 ########
2024-12-02 02:03:00,264 INFO _main.py 210:: ###Model distribution###
2024-12-02 02:03:02,878 INFO server.py 1080:: clients' sizes=[1, 2, 1, 0, 0, 0, 2, 2, 0, 1, 0, 1, 2, 2, 2, 2, 1, 1, 2, 0, 1, 1, 1, 1, 1, 0, 1, 1, 1, 1, 2, 0, 2, 0, 1, 2, 1, 0, 2, 0], total=41
2024-12-02 02:03:02,901 INFO server.py 327:: [Server] The aggregation takes 0.023941 seconds.

2024-12-02 02:03:02,902 INFO server.py 211:: [Server] Start testing
2024-12-02 02:03:02,917 INFO server.py 235:: [Server] Test set: Average loss: 1.0023, Accuracy: 106/200 (53.0%)

2024-12-02 02:03:02,918 INFO server.py 238:: [Sever] Confusion matrix:
 tensor([[47.,  3.,  0.,  0.],
        [29., 15.,  3.,  3.],
        [18., 14.,  5., 13.],
        [ 5.,  0.,  6., 39.]])
2024-12-02 02:03:02,919 INFO server.py 254:: [Server] Precision=[0.47474748 0.46875    0.35714287 0.7090909 ],
 Recall=[0.94 0.3  0.1  0.78],
 F1-score=[0.6308725  0.36585367 0.15625    0.7428571 ],
 my_accuracy=52.99999713897705[%]
2024-12-02 02:03:02,920 INFO _main.py 209:: ########EPOCH 13 ########
2024-12-02 02:03:02,920 INFO _main.py 210:: ###Model distribution###
2024-12-02 02:03:06,470 INFO server.py 1080:: clients' sizes=[1, 2, 1, 0, 0, 0, 2, 2, 0, 1, 0, 1, 2, 2, 2, 2, 1, 1, 2, 0, 1, 1, 1, 1, 1, 0, 1, 1, 1, 1, 2, 0, 2, 0, 1, 2, 1, 0, 2, 0], total=41
2024-12-02 02:03:06,501 INFO server.py 327:: [Server] The aggregation takes 0.032017 seconds.

2024-12-02 02:03:06,502 INFO server.py 211:: [Server] Start testing
2024-12-02 02:03:06,521 INFO server.py 235:: [Server] Test set: Average loss: 0.9736, Accuracy: 104/200 (52.0%)

2024-12-02 02:03:06,522 INFO server.py 238:: [Sever] Confusion matrix:
 tensor([[44.,  6.,  0.,  0.],
        [26., 16.,  5.,  3.],
        [13., 19.,  5., 13.],
        [ 5.,  0.,  6., 39.]])
2024-12-02 02:03:06,524 INFO server.py 254:: [Server] Precision=[0.5       0.3902439 0.3125    0.7090909],
 Recall=[0.88 0.32 0.1  0.78],
 F1-score=[0.6376812  0.35164833 0.15151516 0.7428571 ],
 my_accuracy=51.99999809265137[%]
2024-12-02 02:03:06,524 INFO _main.py 209:: ########EPOCH 14 ########
2024-12-02 02:03:06,525 INFO _main.py 210:: ###Model distribution###
2024-12-02 02:03:10,852 INFO server.py 1080:: clients' sizes=[1, 2, 1, 0, 0, 0, 2, 2, 0, 1, 0, 1, 2, 2, 2, 2, 1, 1, 2, 0, 1, 1, 1, 1, 1, 0, 1, 1, 1, 1, 2, 0, 2, 0, 1, 2, 1, 0, 2, 0], total=41
2024-12-02 02:03:10,875 INFO server.py 327:: [Server] The aggregation takes 0.024277 seconds.

2024-12-02 02:03:10,876 INFO server.py 211:: [Server] Start testing
2024-12-02 02:03:10,890 INFO server.py 235:: [Server] Test set: Average loss: 0.9575, Accuracy: 105/200 (52.5%)

2024-12-02 02:03:10,891 INFO server.py 238:: [Sever] Confusion matrix:
 tensor([[42.,  8.,  0.,  0.],
        [24., 18.,  5.,  3.],
        [13., 18.,  6., 13.],
        [ 4.,  1.,  6., 39.]])
2024-12-02 02:03:10,893 INFO server.py 254:: [Server] Precision=[0.5060241 0.4       0.3529412 0.7090909],
 Recall=[0.84 0.36 0.12 0.78],
 F1-score=[0.631579   0.3789474  0.17910448 0.7428571 ],
 my_accuracy=52.49999761581421[%]
