2024-12-02 01:59:18,483 INFO _main.py 39:: ################################################################
2024-12-02 01:59:18,484 INFO _main.py 41:: #                              batch_size: 64                  #
2024-12-02 01:59:18,485 INFO _main.py 41:: #                         test_batch_size: 32                  #
2024-12-02 01:59:18,485 INFO _main.py 41:: #                                  epochs: 5                   #
2024-12-02 01:59:18,485 INFO _main.py 41:: #                               optimizer: SGD                 #
2024-12-02 01:59:18,485 INFO _main.py 41:: #                                      lr: 0.01                #
2024-12-02 01:59:18,485 INFO _main.py 41:: #                                momentum: 0.9                 #
2024-12-02 01:59:18,485 INFO _main.py 41:: #                            weight_decay: 0.0001              #
2024-12-02 01:59:18,486 INFO _main.py 41:: #                                    seed: 1                   #
2024-12-02 01:59:18,486 INFO _main.py 41:: #                            log_interval: 11                  #
2024-12-02 01:59:18,486 INFO _main.py 41:: #                             num_clients: 40                  #
2024-12-02 01:59:18,486 INFO _main.py 41:: #                           output_folder: experiments         #
2024-12-02 01:59:18,486 INFO _main.py 41:: #                                 dataset: rockburst           #
2024-12-02 01:59:18,486 INFO _main.py 41:: #                             loader_type: dirichlet           #
2024-12-02 01:59:18,486 INFO _main.py 41:: #                             loader_path: ./data/loader.pk    #
2024-12-02 01:59:18,487 INFO _main.py 41:: #                                      AR: mkrum               #
2024-12-02 01:59:18,487 INFO _main.py 41:: #                     n_attacker_backdoor: 0                   #
2024-12-02 01:59:18,487 INFO _main.py 41:: #                        backdoor_trigger: [0, 0, 1, 1]        #
2024-12-02 01:59:18,487 INFO _main.py 41:: #                   n_attacker_omniscient: 0                   #
2024-12-02 01:59:18,487 INFO _main.py 41:: #                        omniscient_scale: 1                   #
2024-12-02 01:59:18,487 INFO _main.py 41:: #                                 attacks: None                #
2024-12-02 01:59:18,487 INFO _main.py 41:: #                      save_model_weights: False               #
2024-12-02 01:59:18,487 INFO _main.py 41:: #                         experiment_name: sExp4Ba_40ep_rockburst_mkrum_40C_5#
2024-12-02 01:59:18,488 INFO _main.py 41:: #                          path_to_aggNet: None                #
2024-12-02 01:59:18,488 INFO _main.py 41:: #                                  device: cpu                 #
2024-12-02 01:59:18,488 INFO _main.py 41:: #                            inner_epochs: 30                  #
2024-12-02 01:59:18,488 INFO _main.py 41:: #                                 verbose: True                #
2024-12-02 01:59:18,488 INFO _main.py 41:: #                         list_unreliable: [2, 18, 20]         #
2024-12-02 01:59:18,488 INFO _main.py 41:: #                     unreliable_fraction: 0.5                 #
2024-12-02 01:59:18,488 INFO _main.py 41:: #                    unreliable_fracTrain: 0.3                 #
2024-12-02 01:59:18,489 INFO _main.py 41:: #                         mean_unreliable: 0.0                 #
2024-12-02 01:59:18,489 INFO _main.py 41:: #                             blur_method: add_noise           #
2024-12-02 01:59:18,489 INFO _main.py 41:: #                      max_std_unreliable: 30.0                #
2024-12-02 01:59:18,489 INFO _main.py 41:: #                     list_uatk_add_noise: [24, 25, 26]        #
2024-12-02 01:59:18,489 INFO _main.py 41:: #                          mean_add_noise: 0.0                 #
2024-12-02 01:59:18,489 INFO _main.py 41:: #                           std_add_noise: 0.01                #
2024-12-02 01:59:18,489 INFO _main.py 41:: #                     list_uatk_flip_sign: [0, 10, 11]         #
2024-12-02 01:59:18,489 INFO _main.py 42:: ################################################################
2024-12-02 01:59:18,490 INFO _main.py 43:: Namespace(batch_size=64, test_batch_size=32, epochs=5, optimizer='SGD', lr=0.01, momentum=0.9, weight_decay=0.0001, seed=1, log_interval=11, num_clients=40, output_folder='experiments', dataset='rockburst', loader_type='dirichlet', loader_path='./data/loader.pk', AR='mkrum', n_attacker_backdoor=0, backdoor_trigger=[0, 0, 1, 1], n_attacker_omniscient=0, omniscient_scale=1, attacks=None, save_model_weights=False, experiment_name='sExp4Ba_40ep_rockburst_mkrum_40C_5', path_to_aggNet=None, device='cpu', inner_epochs=30, verbose=True, list_unreliable=[2, 18, 20], unreliable_fraction=0.5, unreliable_fracTrain=0.3, mean_unreliable=0.0, blur_method='add_noise', max_std_unreliable=30.0, list_uatk_add_noise=[24, 25, 26], mean_add_noise=0.0, std_add_noise=0.01, list_uatk_flip_sign=[0, 10, 11])
2024-12-02 01:59:18,490 INFO _main.py 44:: #####################
2024-12-02 01:59:18,490 INFO _main.py 45:: #####################
2024-12-02 01:59:18,490 INFO _main.py 46:: #####################
2024-12-02 01:59:18,490 INFO _main.py 47:: Aggregation Rule:	mkrum
2024-12-02 01:59:18,490 INFO _main.py 48:: Data distribution:	dirichlet
2024-12-02 01:59:18,492 INFO _main.py 49:: Attacks:	None 
2024-12-02 01:59:18,492 INFO _main.py 50:: #####################
2024-12-02 01:59:18,492 INFO _main.py 51:: #####################
2024-12-02 01:59:18,492 INFO _main.py 52:: #####################
2024-12-02 01:59:20,644 INFO server.py 366:: SET DBSCAN eps=1.3, min_samples=10
2024-12-02 01:59:20,648 INFO _main.py 135:: [1-normal, 0-malicious] label =tensor([0., 1., 1., 1., 1., 1., 1., 1., 1., 1., 0., 0., 1., 1., 1., 1., 1., 1.,
        1., 1., 1., 1., 1., 1., 0., 0., 0., 1., 1., 1., 1., 1., 1., 1., 1., 1.,
        1., 1., 1., 1.])
2024-12-02 01:59:20,655 INFO malicious_clients.py 123:: init ATTACK OMNISCIENT Client 0
2024-12-02 01:59:20,661 INFO malicious_clients.py 18:: init UNRELIABLE Client 2
2024-12-02 01:59:20,707 INFO malicious_clients.py 123:: init ATTACK OMNISCIENT Client 10
2024-12-02 01:59:20,712 INFO malicious_clients.py 123:: init ATTACK OMNISCIENT Client 11
2024-12-02 01:59:20,743 INFO malicious_clients.py 18:: init UNRELIABLE Client 18
2024-12-02 01:59:20,752 INFO malicious_clients.py 18:: init UNRELIABLE Client 20
2024-12-02 01:59:20,777 INFO malicious_clients.py 73:: init ATTACK ADD NOISE TO GRAD Client 24
2024-12-02 01:59:20,782 INFO malicious_clients.py 73:: init ATTACK ADD NOISE TO GRAD Client 25
2024-12-02 01:59:20,787 INFO malicious_clients.py 73:: init ATTACK ADD NOISE TO GRAD Client 26
2024-12-02 01:59:20,862 INFO server.py 211:: [Server] Start testing
2024-12-02 01:59:20,886 INFO server.py 235:: [Server] Test set: Average loss: 1.3864, Accuracy: 50/200 (25.0%)

2024-12-02 01:59:20,887 INFO server.py 238:: [Sever] Confusion matrix:
 tensor([[50.,  0.,  0.,  0.],
        [50.,  0.,  0.,  0.],
        [50.,  0.,  0.,  0.],
        [50.,  0.,  0.,  0.]])
2024-12-02 01:59:20,898 INFO server.py 254:: [Server] Precision=[0.25  nan  nan  nan],
 Recall=[1. 0. 0. 0.],
 F1-score=[0.4 nan nan nan],
 my_accuracy=25.0[%]
2024-12-02 01:59:20,900 INFO _main.py 209:: ########EPOCH 0 ########
2024-12-02 01:59:20,900 INFO _main.py 210:: ###Model distribution###
2024-12-02 01:59:24,422 INFO server.py 1080:: clients' sizes=[1, 2, 1, 0, 0, 0, 2, 2, 0, 1, 0, 1, 2, 2, 2, 2, 1, 1, 2, 0, 1, 1, 1, 1, 1, 0, 1, 1, 1, 1, 2, 0, 2, 0, 1, 2, 1, 0, 2, 0], total=41
2024-12-02 01:59:24,454 INFO server.py 327:: [Server] The aggregation takes 0.042278 seconds.

2024-12-02 01:59:24,455 INFO server.py 211:: [Server] Start testing
2024-12-02 01:59:24,470 INFO server.py 235:: [Server] Test set: Average loss: 1.3618, Accuracy: 63/200 (31.5%)

2024-12-02 01:59:24,472 INFO server.py 238:: [Sever] Confusion matrix:
 tensor([[50.,  0.,  0.,  0.],
        [50.,  0.,  0.,  0.],
        [50.,  0.,  0.,  0.],
        [37.,  0.,  0., 13.]])
2024-12-02 01:59:24,473 INFO server.py 254:: [Server] Precision=[0.26737967        nan        nan 1.        ],
 Recall=[1.   0.   0.   0.26],
 F1-score=[0.42194092        nan        nan 0.4126984 ],
 my_accuracy=31.49999976158142[%]
2024-12-02 01:59:24,474 INFO _main.py 209:: ########EPOCH 1 ########
2024-12-02 01:59:24,475 INFO _main.py 210:: ###Model distribution###
2024-12-02 01:59:26,979 INFO server.py 1080:: clients' sizes=[1, 2, 1, 0, 0, 0, 2, 2, 0, 1, 0, 1, 2, 2, 2, 2, 1, 1, 2, 0, 1, 1, 1, 1, 1, 0, 1, 1, 1, 1, 2, 0, 2, 0, 1, 2, 1, 0, 2, 0], total=41
2024-12-02 01:59:27,002 INFO server.py 327:: [Server] The aggregation takes 0.023938 seconds.

2024-12-02 01:59:27,003 INFO server.py 211:: [Server] Start testing
2024-12-02 01:59:27,017 INFO server.py 235:: [Server] Test set: Average loss: 1.3251, Accuracy: 77/200 (38.5%)

2024-12-02 01:59:27,018 INFO server.py 238:: [Sever] Confusion matrix:
 tensor([[50.,  0.,  0.,  0.],
        [50.,  0.,  0.,  0.],
        [48.,  0.,  0.,  2.],
        [23.,  0.,  0., 27.]])
2024-12-02 01:59:27,019 INFO server.py 254:: [Server] Precision=[0.29239765        nan        nan 0.9310345 ],
 Recall=[1.   0.   0.   0.54],
 F1-score=[0.4524887         nan        nan 0.68354434],
 my_accuracy=38.499999046325684[%]
2024-12-02 01:59:27,020 INFO _main.py 209:: ########EPOCH 2 ########
2024-12-02 01:59:27,020 INFO _main.py 210:: ###Model distribution###
2024-12-02 01:59:29,524 INFO server.py 1080:: clients' sizes=[1, 2, 1, 0, 0, 0, 2, 2, 0, 1, 0, 1, 2, 2, 2, 2, 1, 1, 2, 0, 1, 1, 1, 1, 1, 0, 1, 1, 1, 1, 2, 0, 2, 0, 1, 2, 1, 0, 2, 0], total=41
2024-12-02 01:59:29,549 INFO server.py 327:: [Server] The aggregation takes 0.026632 seconds.

2024-12-02 01:59:29,550 INFO server.py 211:: [Server] Start testing
2024-12-02 01:59:29,565 INFO server.py 235:: [Server] Test set: Average loss: 1.2746, Accuracy: 80/200 (40.0%)

2024-12-02 01:59:29,566 INFO server.py 238:: [Sever] Confusion matrix:
 tensor([[50.,  0.,  0.,  0.],
        [49.,  0.,  0.,  1.],
        [41.,  0.,  0.,  9.],
        [20.,  0.,  0., 30.]])
2024-12-02 01:59:29,568 INFO server.py 254:: [Server] Precision=[0.3125    nan    nan 0.75  ],
 Recall=[1.  0.  0.  0.6],
 F1-score=[0.47619048        nan        nan 0.6666667 ],
 my_accuracy=40.00000059604645[%]
2024-12-02 01:59:29,568 INFO _main.py 209:: ########EPOCH 3 ########
2024-12-02 01:59:29,569 INFO _main.py 210:: ###Model distribution###
2024-12-02 01:59:32,159 INFO server.py 1080:: clients' sizes=[1, 2, 1, 0, 0, 0, 2, 2, 0, 1, 0, 1, 2, 2, 2, 2, 1, 1, 2, 0, 1, 1, 1, 1, 1, 0, 1, 1, 1, 1, 2, 0, 2, 0, 1, 2, 1, 0, 2, 0], total=41
2024-12-02 01:59:32,183 INFO server.py 327:: [Server] The aggregation takes 0.024710 seconds.

2024-12-02 01:59:32,184 INFO server.py 211:: [Server] Start testing
2024-12-02 01:59:32,198 INFO server.py 235:: [Server] Test set: Average loss: 1.2396, Accuracy: 83/200 (41.5%)

2024-12-02 01:59:32,200 INFO server.py 238:: [Sever] Confusion matrix:
 tensor([[50.,  0.,  0.,  0.],
        [47.,  0.,  0.,  3.],
        [40.,  0.,  0., 10.],
        [17.,  0.,  0., 33.]])
2024-12-02 01:59:32,201 INFO server.py 254:: [Server] Precision=[0.32467532        nan        nan 0.7173913 ],
 Recall=[1.   0.   0.   0.66],
 F1-score=[0.49019608        nan        nan 0.6875    ],
 my_accuracy=41.49999916553497[%]
2024-12-02 01:59:32,202 INFO _main.py 209:: ########EPOCH 4 ########
2024-12-02 01:59:32,202 INFO _main.py 210:: ###Model distribution###
2024-12-02 01:59:35,305 INFO server.py 1080:: clients' sizes=[1, 2, 1, 0, 0, 0, 2, 2, 0, 1, 0, 1, 2, 2, 2, 2, 1, 1, 2, 0, 1, 1, 1, 1, 1, 0, 1, 1, 1, 1, 2, 0, 2, 0, 1, 2, 1, 0, 2, 0], total=41
2024-12-02 01:59:35,339 INFO server.py 327:: [Server] The aggregation takes 0.034976 seconds.

2024-12-02 01:59:35,341 INFO server.py 211:: [Server] Start testing
2024-12-02 01:59:35,359 INFO server.py 235:: [Server] Test set: Average loss: 1.1714, Accuracy: 86/200 (43.0%)

2024-12-02 01:59:35,360 INFO server.py 238:: [Sever] Confusion matrix:
 tensor([[50.,  0.,  0.,  0.],
        [46.,  0.,  0.,  4.],
        [38.,  0.,  0., 12.],
        [14.,  0.,  0., 36.]])
2024-12-02 01:59:35,362 INFO server.py 254:: [Server] Precision=[0.33783785        nan        nan 0.6923077 ],
 Recall=[1.   0.   0.   0.72],
 F1-score=[0.50505054        nan        nan 0.7058824 ],
 my_accuracy=43.00000071525574[%]
