2024-12-02 02:00:35,094 INFO _main.py 39:: ################################################################
2024-12-02 02:00:35,095 INFO _main.py 41:: #                              batch_size: 64                  #
2024-12-02 02:00:35,096 INFO _main.py 41:: #                         test_batch_size: 32                  #
2024-12-02 02:00:35,097 INFO _main.py 41:: #                                  epochs: 10                  #
2024-12-02 02:00:35,098 INFO _main.py 41:: #                               optimizer: SGD                 #
2024-12-02 02:00:35,098 INFO _main.py 41:: #                                      lr: 0.01                #
2024-12-02 02:00:35,098 INFO _main.py 41:: #                                momentum: 0.9                 #
2024-12-02 02:00:35,098 INFO _main.py 41:: #                            weight_decay: 0.0001              #
2024-12-02 02:00:35,099 INFO _main.py 41:: #                                    seed: 1                   #
2024-12-02 02:00:35,099 INFO _main.py 41:: #                            log_interval: 11                  #
2024-12-02 02:00:35,099 INFO _main.py 41:: #                             num_clients: 40                  #
2024-12-02 02:00:35,099 INFO _main.py 41:: #                           output_folder: experiments         #
2024-12-02 02:00:35,099 INFO _main.py 41:: #                                 dataset: rockburst           #
2024-12-02 02:00:35,099 INFO _main.py 41:: #                             loader_type: dirichlet           #
2024-12-02 02:00:35,100 INFO _main.py 41:: #                             loader_path: ./data/loader.pk    #
2024-12-02 02:00:35,100 INFO _main.py 41:: #                                      AR: mkrum               #
2024-12-02 02:00:35,100 INFO _main.py 41:: #                     n_attacker_backdoor: 0                   #
2024-12-02 02:00:35,100 INFO _main.py 41:: #                        backdoor_trigger: [0, 0, 1, 1]        #
2024-12-02 02:00:35,100 INFO _main.py 41:: #                   n_attacker_omniscient: 0                   #
2024-12-02 02:00:35,100 INFO _main.py 41:: #                        omniscient_scale: 1                   #
2024-12-02 02:00:35,101 INFO _main.py 41:: #                                 attacks: None                #
2024-12-02 02:00:35,101 INFO _main.py 41:: #                      save_model_weights: False               #
2024-12-02 02:00:35,101 INFO _main.py 41:: #                         experiment_name: sExp4Ba_40ep_rockburst_mkrum_40C_5#
2024-12-02 02:00:35,101 INFO _main.py 41:: #                          path_to_aggNet: None                #
2024-12-02 02:00:35,101 INFO _main.py 41:: #                                  device: cpu                 #
2024-12-02 02:00:35,102 INFO _main.py 41:: #                            inner_epochs: 30                  #
2024-12-02 02:00:35,102 INFO _main.py 41:: #                                 verbose: True                #
2024-12-02 02:00:35,102 INFO _main.py 41:: #                         list_unreliable: [2, 18, 20]         #
2024-12-02 02:00:35,102 INFO _main.py 41:: #                     unreliable_fraction: 0.5                 #
2024-12-02 02:00:35,102 INFO _main.py 41:: #                    unreliable_fracTrain: 0.3                 #
2024-12-02 02:00:35,102 INFO _main.py 41:: #                         mean_unreliable: 0.0                 #
2024-12-02 02:00:35,103 INFO _main.py 41:: #                             blur_method: add_noise           #
2024-12-02 02:00:35,103 INFO _main.py 41:: #                      max_std_unreliable: 30.0                #
2024-12-02 02:00:35,103 INFO _main.py 41:: #                     list_uatk_add_noise: [24, 25, 26]        #
2024-12-02 02:00:35,104 INFO _main.py 41:: #                          mean_add_noise: 0.0                 #
2024-12-02 02:00:35,104 INFO _main.py 41:: #                           std_add_noise: 0.01                #
2024-12-02 02:00:35,104 INFO _main.py 41:: #                     list_uatk_flip_sign: [0, 10, 11]         #
2024-12-02 02:00:35,105 INFO _main.py 42:: ################################################################
2024-12-02 02:00:35,105 INFO _main.py 43:: Namespace(batch_size=64, test_batch_size=32, epochs=10, optimizer='SGD', lr=0.01, momentum=0.9, weight_decay=0.0001, seed=1, log_interval=11, num_clients=40, output_folder='experiments', dataset='rockburst', loader_type='dirichlet', loader_path='./data/loader.pk', AR='mkrum', n_attacker_backdoor=0, backdoor_trigger=[0, 0, 1, 1], n_attacker_omniscient=0, omniscient_scale=1, attacks=None, save_model_weights=False, experiment_name='sExp4Ba_40ep_rockburst_mkrum_40C_5', path_to_aggNet=None, device='cpu', inner_epochs=30, verbose=True, list_unreliable=[2, 18, 20], unreliable_fraction=0.5, unreliable_fracTrain=0.3, mean_unreliable=0.0, blur_method='add_noise', max_std_unreliable=30.0, list_uatk_add_noise=[24, 25, 26], mean_add_noise=0.0, std_add_noise=0.01, list_uatk_flip_sign=[0, 10, 11])
2024-12-02 02:00:35,106 INFO _main.py 44:: #####################
2024-12-02 02:00:35,106 INFO _main.py 45:: #####################
2024-12-02 02:00:35,106 INFO _main.py 46:: #####################
2024-12-02 02:00:35,107 INFO _main.py 47:: Aggregation Rule:	mkrum
2024-12-02 02:00:35,107 INFO _main.py 48:: Data distribution:	dirichlet
2024-12-02 02:00:35,107 INFO _main.py 49:: Attacks:	None 
2024-12-02 02:00:35,107 INFO _main.py 50:: #####################
2024-12-02 02:00:35,107 INFO _main.py 51:: #####################
2024-12-02 02:00:35,108 INFO _main.py 52:: #####################
2024-12-02 02:00:36,712 INFO server.py 366:: SET DBSCAN eps=1.3, min_samples=10
2024-12-02 02:00:36,716 INFO _main.py 135:: [1-normal, 0-malicious] label =tensor([0., 1., 1., 1., 1., 1., 1., 1., 1., 1., 0., 0., 1., 1., 1., 1., 1., 1.,
        1., 1., 1., 1., 1., 1., 0., 0., 0., 1., 1., 1., 1., 1., 1., 1., 1., 1.,
        1., 1., 1., 1.])
2024-12-02 02:00:36,721 INFO malicious_clients.py 123:: init ATTACK OMNISCIENT Client 0
2024-12-02 02:00:36,726 INFO malicious_clients.py 18:: init UNRELIABLE Client 2
2024-12-02 02:00:36,759 INFO malicious_clients.py 123:: init ATTACK OMNISCIENT Client 10
2024-12-02 02:00:36,763 INFO malicious_clients.py 123:: init ATTACK OMNISCIENT Client 11
2024-12-02 02:00:36,787 INFO malicious_clients.py 18:: init UNRELIABLE Client 18
2024-12-02 02:00:36,794 INFO malicious_clients.py 18:: init UNRELIABLE Client 20
2024-12-02 02:00:36,811 INFO malicious_clients.py 73:: init ATTACK ADD NOISE TO GRAD Client 24
2024-12-02 02:00:36,815 INFO malicious_clients.py 73:: init ATTACK ADD NOISE TO GRAD Client 25
2024-12-02 02:00:36,819 INFO malicious_clients.py 73:: init ATTACK ADD NOISE TO GRAD Client 26
2024-12-02 02:00:36,871 INFO server.py 211:: [Server] Start testing
2024-12-02 02:00:36,890 INFO server.py 235:: [Server] Test set: Average loss: 1.3864, Accuracy: 50/200 (25.0%)

2024-12-02 02:00:36,891 INFO server.py 238:: [Sever] Confusion matrix:
 tensor([[50.,  0.,  0.,  0.],
        [50.,  0.,  0.,  0.],
        [50.,  0.,  0.,  0.],
        [50.,  0.,  0.,  0.]])
2024-12-02 02:00:36,902 INFO server.py 254:: [Server] Precision=[0.25  nan  nan  nan],
 Recall=[1. 0. 0. 0.],
 F1-score=[0.4 nan nan nan],
 my_accuracy=25.0[%]
2024-12-02 02:00:36,903 INFO _main.py 209:: ########EPOCH 0 ########
2024-12-02 02:00:36,905 INFO _main.py 210:: ###Model distribution###
2024-12-02 02:00:39,841 INFO server.py 1080:: clients' sizes=[1, 2, 1, 0, 0, 0, 2, 2, 0, 1, 0, 1, 2, 2, 2, 2, 1, 1, 2, 0, 1, 1, 1, 1, 1, 0, 1, 1, 1, 1, 2, 0, 2, 0, 1, 2, 1, 0, 2, 0], total=41
2024-12-02 02:00:39,883 INFO server.py 327:: [Server] The aggregation takes 0.050142 seconds.

2024-12-02 02:00:39,884 INFO server.py 211:: [Server] Start testing
2024-12-02 02:00:39,904 INFO server.py 235:: [Server] Test set: Average loss: 1.3618, Accuracy: 63/200 (31.5%)

2024-12-02 02:00:39,906 INFO server.py 238:: [Sever] Confusion matrix:
 tensor([[50.,  0.,  0.,  0.],
        [50.,  0.,  0.,  0.],
        [50.,  0.,  0.,  0.],
        [37.,  0.,  0., 13.]])
2024-12-02 02:00:39,907 INFO server.py 254:: [Server] Precision=[0.26737967        nan        nan 1.        ],
 Recall=[1.   0.   0.   0.26],
 F1-score=[0.42194092        nan        nan 0.4126984 ],
 my_accuracy=31.49999976158142[%]
2024-12-02 02:00:39,908 INFO _main.py 209:: ########EPOCH 1 ########
2024-12-02 02:00:39,909 INFO _main.py 210:: ###Model distribution###
2024-12-02 02:00:44,092 INFO server.py 1080:: clients' sizes=[1, 2, 1, 0, 0, 0, 2, 2, 0, 1, 0, 1, 2, 2, 2, 2, 1, 1, 2, 0, 1, 1, 1, 1, 1, 0, 1, 1, 1, 1, 2, 0, 2, 0, 1, 2, 1, 0, 2, 0], total=41
2024-12-02 02:00:44,145 INFO server.py 327:: [Server] The aggregation takes 0.054741 seconds.

2024-12-02 02:00:44,146 INFO server.py 211:: [Server] Start testing
2024-12-02 02:00:44,193 INFO server.py 235:: [Server] Test set: Average loss: 1.3251, Accuracy: 77/200 (38.5%)

2024-12-02 02:00:44,195 INFO server.py 238:: [Sever] Confusion matrix:
 tensor([[50.,  0.,  0.,  0.],
        [50.,  0.,  0.,  0.],
        [48.,  0.,  0.,  2.],
        [23.,  0.,  0., 27.]])
2024-12-02 02:00:44,197 INFO server.py 254:: [Server] Precision=[0.29239765        nan        nan 0.9310345 ],
 Recall=[1.   0.   0.   0.54],
 F1-score=[0.4524887         nan        nan 0.68354434],
 my_accuracy=38.499999046325684[%]
2024-12-02 02:00:44,198 INFO _main.py 209:: ########EPOCH 2 ########
2024-12-02 02:00:44,199 INFO _main.py 210:: ###Model distribution###
2024-12-02 02:00:47,619 INFO server.py 1080:: clients' sizes=[1, 2, 1, 0, 0, 0, 2, 2, 0, 1, 0, 1, 2, 2, 2, 2, 1, 1, 2, 0, 1, 1, 1, 1, 1, 0, 1, 1, 1, 1, 2, 0, 2, 0, 1, 2, 1, 0, 2, 0], total=41
2024-12-02 02:00:47,646 INFO server.py 327:: [Server] The aggregation takes 0.027539 seconds.

2024-12-02 02:00:47,648 INFO server.py 211:: [Server] Start testing
2024-12-02 02:00:47,663 INFO server.py 235:: [Server] Test set: Average loss: 1.2746, Accuracy: 80/200 (40.0%)

2024-12-02 02:00:47,665 INFO server.py 238:: [Sever] Confusion matrix:
 tensor([[50.,  0.,  0.,  0.],
        [49.,  0.,  0.,  1.],
        [41.,  0.,  0.,  9.],
        [20.,  0.,  0., 30.]])
2024-12-02 02:00:47,666 INFO server.py 254:: [Server] Precision=[0.3125    nan    nan 0.75  ],
 Recall=[1.  0.  0.  0.6],
 F1-score=[0.47619048        nan        nan 0.6666667 ],
 my_accuracy=40.00000059604645[%]
2024-12-02 02:00:47,667 INFO _main.py 209:: ########EPOCH 3 ########
2024-12-02 02:00:47,668 INFO _main.py 210:: ###Model distribution###
2024-12-02 02:00:50,322 INFO server.py 1080:: clients' sizes=[1, 2, 1, 0, 0, 0, 2, 2, 0, 1, 0, 1, 2, 2, 2, 2, 1, 1, 2, 0, 1, 1, 1, 1, 1, 0, 1, 1, 1, 1, 2, 0, 2, 0, 1, 2, 1, 0, 2, 0], total=41
2024-12-02 02:00:50,347 INFO server.py 327:: [Server] The aggregation takes 0.025978 seconds.

2024-12-02 02:00:50,348 INFO server.py 211:: [Server] Start testing
2024-12-02 02:00:50,362 INFO server.py 235:: [Server] Test set: Average loss: 1.2396, Accuracy: 83/200 (41.5%)

2024-12-02 02:00:50,363 INFO server.py 238:: [Sever] Confusion matrix:
 tensor([[50.,  0.,  0.,  0.],
        [47.,  0.,  0.,  3.],
        [40.,  0.,  0., 10.],
        [17.,  0.,  0., 33.]])
2024-12-02 02:00:50,364 INFO server.py 254:: [Server] Precision=[0.32467532        nan        nan 0.7173913 ],
 Recall=[1.   0.   0.   0.66],
 F1-score=[0.49019608        nan        nan 0.6875    ],
 my_accuracy=41.49999916553497[%]
2024-12-02 02:00:50,365 INFO _main.py 209:: ########EPOCH 4 ########
2024-12-02 02:00:50,365 INFO _main.py 210:: ###Model distribution###
2024-12-02 02:00:52,978 INFO server.py 1080:: clients' sizes=[1, 2, 1, 0, 0, 0, 2, 2, 0, 1, 0, 1, 2, 2, 2, 2, 1, 1, 2, 0, 1, 1, 1, 1, 1, 0, 1, 1, 1, 1, 2, 0, 2, 0, 1, 2, 1, 0, 2, 0], total=41
2024-12-02 02:00:53,002 INFO server.py 327:: [Server] The aggregation takes 0.025513 seconds.

2024-12-02 02:00:53,003 INFO server.py 211:: [Server] Start testing
2024-12-02 02:00:53,018 INFO server.py 235:: [Server] Test set: Average loss: 1.1714, Accuracy: 86/200 (43.0%)

2024-12-02 02:00:53,019 INFO server.py 238:: [Sever] Confusion matrix:
 tensor([[50.,  0.,  0.,  0.],
        [46.,  0.,  0.,  4.],
        [38.,  0.,  0., 12.],
        [14.,  0.,  0., 36.]])
2024-12-02 02:00:53,020 INFO server.py 254:: [Server] Precision=[0.33783785        nan        nan 0.6923077 ],
 Recall=[1.   0.   0.   0.72],
 F1-score=[0.50505054        nan        nan 0.7058824 ],
 my_accuracy=43.00000071525574[%]
2024-12-02 02:00:53,021 INFO _main.py 209:: ########EPOCH 5 ########
2024-12-02 02:00:53,021 INFO _main.py 210:: ###Model distribution###
2024-12-02 02:00:56,699 INFO server.py 1080:: clients' sizes=[1, 2, 1, 0, 0, 0, 2, 2, 0, 1, 0, 1, 2, 2, 2, 2, 1, 1, 2, 0, 1, 1, 1, 1, 1, 0, 1, 1, 1, 1, 2, 0, 2, 0, 1, 2, 1, 0, 2, 0], total=41
2024-12-02 02:00:56,734 INFO server.py 327:: [Server] The aggregation takes 0.036316 seconds.

2024-12-02 02:00:56,735 INFO server.py 211:: [Server] Start testing
2024-12-02 02:00:56,754 INFO server.py 235:: [Server] Test set: Average loss: 1.1359, Accuracy: 86/200 (43.0%)

2024-12-02 02:00:56,756 INFO server.py 238:: [Sever] Confusion matrix:
 tensor([[50.,  0.,  0.,  0.],
        [46.,  0.,  0.,  4.],
        [37.,  0.,  0., 13.],
        [14.,  0.,  0., 36.]])
2024-12-02 02:00:56,757 INFO server.py 254:: [Server] Precision=[0.34013605        nan        nan 0.6792453 ],
 Recall=[1.   0.   0.   0.72],
 F1-score=[0.5076142         nan        nan 0.69902915],
 my_accuracy=43.00000071525574[%]
2024-12-02 02:00:56,758 INFO _main.py 209:: ########EPOCH 6 ########
2024-12-02 02:00:56,758 INFO _main.py 210:: ###Model distribution###
2024-12-02 02:01:00,615 INFO server.py 1080:: clients' sizes=[1, 2, 1, 0, 0, 0, 2, 2, 0, 1, 0, 1, 2, 2, 2, 2, 1, 1, 2, 0, 1, 1, 1, 1, 1, 0, 1, 1, 1, 1, 2, 0, 2, 0, 1, 2, 1, 0, 2, 0], total=41
2024-12-02 02:01:00,653 INFO server.py 327:: [Server] The aggregation takes 0.040222 seconds.

2024-12-02 02:01:00,655 INFO server.py 211:: [Server] Start testing
2024-12-02 02:01:00,680 INFO server.py 235:: [Server] Test set: Average loss: 1.1056, Accuracy: 87/200 (43.5%)

2024-12-02 02:01:00,681 INFO server.py 238:: [Sever] Confusion matrix:
 tensor([[50.,  0.,  0.,  0.],
        [46.,  0.,  0.,  4.],
        [36.,  0.,  0., 14.],
        [11.,  0.,  2., 37.]])
2024-12-02 02:01:00,683 INFO server.py 254:: [Server] Precision=[0.34965035        nan 0.         0.6727273 ],
 Recall=[1.   0.   0.   0.74],
 F1-score=[0.5181347         nan        nan 0.70476186],
 my_accuracy=43.50000023841858[%]
2024-12-02 02:01:00,683 INFO _main.py 209:: ########EPOCH 7 ########
2024-12-02 02:01:00,684 INFO _main.py 210:: ###Model distribution###
2024-12-02 02:01:03,526 INFO server.py 1080:: clients' sizes=[1, 2, 1, 0, 0, 0, 2, 2, 0, 1, 0, 1, 2, 2, 2, 2, 1, 1, 2, 0, 1, 1, 1, 1, 1, 0, 1, 1, 1, 1, 2, 0, 2, 0, 1, 2, 1, 0, 2, 0], total=41
2024-12-02 02:01:03,551 INFO server.py 327:: [Server] The aggregation takes 0.025374 seconds.

2024-12-02 02:01:03,552 INFO server.py 211:: [Server] Start testing
2024-12-02 02:01:03,566 INFO server.py 235:: [Server] Test set: Average loss: 1.0783, Accuracy: 92/200 (46.0%)

2024-12-02 02:01:03,567 INFO server.py 238:: [Sever] Confusion matrix:
 tensor([[50.,  0.,  0.,  0.],
        [44.,  1.,  1.,  4.],
        [30.,  4.,  2., 14.],
        [11.,  0.,  0., 39.]])
2024-12-02 02:01:03,569 INFO server.py 254:: [Server] Precision=[0.37037036 0.2        0.6666667  0.68421054],
 Recall=[1.   0.02 0.04 0.78],
 F1-score=[0.5405405  0.03636364 0.0754717  0.72897196],
 my_accuracy=46.00000083446503[%]
2024-12-02 02:01:03,569 INFO _main.py 209:: ########EPOCH 8 ########
2024-12-02 02:01:03,569 INFO _main.py 210:: ###Model distribution###
2024-12-02 02:01:06,415 INFO server.py 1080:: clients' sizes=[1, 2, 1, 0, 0, 0, 2, 2, 0, 1, 0, 1, 2, 2, 2, 2, 1, 1, 2, 0, 1, 1, 1, 1, 1, 0, 1, 1, 1, 1, 2, 0, 2, 0, 1, 2, 1, 0, 2, 0], total=41
2024-12-02 02:01:06,446 INFO server.py 327:: [Server] The aggregation takes 0.031659 seconds.

2024-12-02 02:01:06,447 INFO server.py 211:: [Server] Start testing
2024-12-02 02:01:06,473 INFO server.py 235:: [Server] Test set: Average loss: 1.0565, Accuracy: 98/200 (49.0%)

2024-12-02 02:01:06,475 INFO server.py 238:: [Sever] Confusion matrix:
 tensor([[47.,  3.,  0.,  0.],
        [35., 10.,  1.,  4.],
        [25., 10.,  2., 13.],
        [ 9.,  2.,  0., 39.]])
2024-12-02 02:01:06,477 INFO server.py 254:: [Server] Precision=[0.4051724 0.4       0.6666667 0.6964286],
 Recall=[0.94 0.2  0.04 0.78],
 F1-score=[0.56626505 0.26666668 0.0754717  0.7358491 ],
 my_accuracy=49.000000953674316[%]
2024-12-02 02:01:06,478 INFO _main.py 209:: ########EPOCH 9 ########
2024-12-02 02:01:06,479 INFO _main.py 210:: ###Model distribution###
2024-12-02 02:01:09,416 INFO server.py 1080:: clients' sizes=[1, 2, 1, 0, 0, 0, 2, 2, 0, 1, 0, 1, 2, 2, 2, 2, 1, 1, 2, 0, 1, 1, 1, 1, 1, 0, 1, 1, 1, 1, 2, 0, 2, 0, 1, 2, 1, 0, 2, 0], total=41
2024-12-02 02:01:09,441 INFO server.py 327:: [Server] The aggregation takes 0.026098 seconds.

2024-12-02 02:01:09,442 INFO server.py 211:: [Server] Start testing
2024-12-02 02:01:09,457 INFO server.py 235:: [Server] Test set: Average loss: 1.0316, Accuracy: 97/200 (48.5%)

2024-12-02 02:01:09,459 INFO server.py 238:: [Sever] Confusion matrix:
 tensor([[47.,  3.,  0.,  0.],
        [35.,  9.,  2.,  4.],
        [24., 11.,  2., 13.],
        [ 9.,  0.,  2., 39.]])
2024-12-02 02:01:09,460 INFO server.py 254:: [Server] Precision=[0.40869564 0.39130434 0.33333334 0.6964286 ],
 Recall=[0.94 0.18 0.04 0.78],
 F1-score=[0.56969696 0.24657537 0.07142857 0.7358491 ],
 my_accuracy=48.500001430511475[%]
