2024-12-02 00:32:20,534 INFO _main.py 39:: ################################################################
2024-12-02 00:32:20,535 INFO _main.py 41:: #                              batch_size: 64                  #
2024-12-02 00:32:20,536 INFO _main.py 41:: #                         test_batch_size: 32                  #
2024-12-02 00:32:20,536 INFO _main.py 41:: #                                  epochs: 35                  #
2024-12-02 00:32:20,536 INFO _main.py 41:: #                               optimizer: SGD                 #
2024-12-02 00:32:20,536 INFO _main.py 41:: #                                      lr: 0.01                #
2024-12-02 00:32:20,537 INFO _main.py 41:: #                                momentum: 0.9                 #
2024-12-02 00:32:20,537 INFO _main.py 41:: #                            weight_decay: 0.0001              #
2024-12-02 00:32:20,538 INFO _main.py 41:: #                                    seed: 1                   #
2024-12-02 00:32:20,538 INFO _main.py 41:: #                            log_interval: 11                  #
2024-12-02 00:32:20,538 INFO _main.py 41:: #                             num_clients: 40                  #
2024-12-02 00:32:20,538 INFO _main.py 41:: #                           output_folder: experiments         #
2024-12-02 00:32:20,539 INFO _main.py 41:: #                                 dataset: rockburst           #
2024-12-02 00:32:20,539 INFO _main.py 41:: #                             loader_type: dirichlet           #
2024-12-02 00:32:20,540 INFO _main.py 41:: #                             loader_path: ./data/loader.pk    #
2024-12-02 00:32:20,540 INFO _main.py 41:: #                                      AR: mkrum               #
2024-12-02 00:32:20,540 INFO _main.py 41:: #                     n_attacker_backdoor: 0                   #
2024-12-02 00:32:20,540 INFO _main.py 41:: #                        backdoor_trigger: [0, 0, 1, 1]        #
2024-12-02 00:32:20,541 INFO _main.py 41:: #                   n_attacker_omniscient: 0                   #
2024-12-02 00:32:20,541 INFO _main.py 41:: #                        omniscient_scale: 1                   #
2024-12-02 00:32:20,541 INFO _main.py 41:: #                                 attacks: None                #
2024-12-02 00:32:20,541 INFO _main.py 41:: #                      save_model_weights: False               #
2024-12-02 00:32:20,542 INFO _main.py 41:: #                         experiment_name: sExp4Ba_40ep_rockburst_mkrum_40C_5#
2024-12-02 00:32:20,542 INFO _main.py 41:: #                          path_to_aggNet: None                #
2024-12-02 00:32:20,542 INFO _main.py 41:: #                                  device: cpu                 #
2024-12-02 00:32:20,543 INFO _main.py 41:: #                            inner_epochs: 30                  #
2024-12-02 00:32:20,543 INFO _main.py 41:: #                                 verbose: True                #
2024-12-02 00:32:20,543 INFO _main.py 41:: #                         list_unreliable: [2, 18, 20]         #
2024-12-02 00:32:20,543 INFO _main.py 41:: #                     unreliable_fraction: 0.5                 #
2024-12-02 00:32:20,544 INFO _main.py 41:: #                    unreliable_fracTrain: 0.3                 #
2024-12-02 00:32:20,544 INFO _main.py 41:: #                         mean_unreliable: 0.0                 #
2024-12-02 00:32:20,544 INFO _main.py 41:: #                             blur_method: add_noise           #
2024-12-02 00:32:20,544 INFO _main.py 41:: #                      max_std_unreliable: 30.0                #
2024-12-02 00:32:20,544 INFO _main.py 41:: #                     list_uatk_add_noise: [24, 25, 26]        #
2024-12-02 00:32:20,545 INFO _main.py 41:: #                          mean_add_noise: 0.0                 #
2024-12-02 00:32:20,545 INFO _main.py 41:: #                           std_add_noise: 0.01                #
2024-12-02 00:32:20,545 INFO _main.py 41:: #                     list_uatk_flip_sign: [0, 10, 11]         #
2024-12-02 00:32:20,545 INFO _main.py 42:: ################################################################
2024-12-02 00:32:20,545 INFO _main.py 43:: Namespace(batch_size=64, test_batch_size=32, epochs=35, optimizer='SGD', lr=0.01, momentum=0.9, weight_decay=0.0001, seed=1, log_interval=11, num_clients=40, output_folder='experiments', dataset='rockburst', loader_type='dirichlet', loader_path='./data/loader.pk', AR='mkrum', n_attacker_backdoor=0, backdoor_trigger=[0, 0, 1, 1], n_attacker_omniscient=0, omniscient_scale=1, attacks=None, save_model_weights=False, experiment_name='sExp4Ba_40ep_rockburst_mkrum_40C_5', path_to_aggNet=None, device='cpu', inner_epochs=30, verbose=True, list_unreliable=[2, 18, 20], unreliable_fraction=0.5, unreliable_fracTrain=0.3, mean_unreliable=0.0, blur_method='add_noise', max_std_unreliable=30.0, list_uatk_add_noise=[24, 25, 26], mean_add_noise=0.0, std_add_noise=0.01, list_uatk_flip_sign=[0, 10, 11])
2024-12-02 00:32:20,546 INFO _main.py 44:: #####################
2024-12-02 00:32:20,546 INFO _main.py 45:: #####################
2024-12-02 00:32:20,547 INFO _main.py 46:: #####################
2024-12-02 00:32:20,547 INFO _main.py 47:: Aggregation Rule:	mkrum
2024-12-02 00:32:20,548 INFO _main.py 48:: Data distribution:	dirichlet
2024-12-02 00:32:20,548 INFO _main.py 49:: Attacks:	None 
2024-12-02 00:32:20,548 INFO _main.py 50:: #####################
2024-12-02 00:32:20,548 INFO _main.py 51:: #####################
2024-12-02 00:32:20,549 INFO _main.py 52:: #####################
2024-12-02 00:32:22,335 INFO server.py 366:: SET DBSCAN eps=1.3, min_samples=10
2024-12-02 00:32:22,339 INFO _main.py 135:: [1-normal, 0-malicious] label =tensor([0., 1., 1., 1., 1., 1., 1., 1., 1., 1., 0., 0., 1., 1., 1., 1., 1., 1.,
        1., 1., 1., 1., 1., 1., 0., 0., 0., 1., 1., 1., 1., 1., 1., 1., 1., 1.,
        1., 1., 1., 1.])
2024-12-02 00:32:22,345 INFO malicious_clients.py 123:: init ATTACK OMNISCIENT Client 0
2024-12-02 00:32:22,350 INFO malicious_clients.py 18:: init UNRELIABLE Client 2
2024-12-02 00:32:22,381 INFO malicious_clients.py 123:: init ATTACK OMNISCIENT Client 10
2024-12-02 00:32:22,385 INFO malicious_clients.py 123:: init ATTACK OMNISCIENT Client 11
2024-12-02 00:32:22,407 INFO malicious_clients.py 18:: init UNRELIABLE Client 18
2024-12-02 00:32:22,414 INFO malicious_clients.py 18:: init UNRELIABLE Client 20
2024-12-02 00:32:22,433 INFO malicious_clients.py 73:: init ATTACK ADD NOISE TO GRAD Client 24
2024-12-02 00:32:22,437 INFO malicious_clients.py 73:: init ATTACK ADD NOISE TO GRAD Client 25
2024-12-02 00:32:22,441 INFO malicious_clients.py 73:: init ATTACK ADD NOISE TO GRAD Client 26
2024-12-02 00:32:22,495 INFO server.py 211:: [Server] Start testing
2024-12-02 00:32:22,512 INFO server.py 235:: [Server] Test set: Average loss: 1.3864, Accuracy: 50/200 (25.0%)

2024-12-02 00:32:22,513 INFO server.py 238:: [Sever] Confusion matrix:
 tensor([[50.,  0.,  0.,  0.],
        [50.,  0.,  0.,  0.],
        [50.,  0.,  0.,  0.],
        [50.,  0.,  0.,  0.]])
2024-12-02 00:32:22,520 INFO server.py 254:: [Server] Precision=[0.25  nan  nan  nan],
 Recall=[1. 0. 0. 0.],
 F1-score=[0.4 nan nan nan],
 my_accuracy=25.0[%]
2024-12-02 00:32:22,522 INFO _main.py 209:: ########EPOCH 0 ########
2024-12-02 00:32:22,522 INFO _main.py 210:: ###Model distribution###
2024-12-02 00:32:26,008 INFO server.py 1064:: clients' sizes=[1, 2, 1, 0, 0, 0, 2, 2, 0, 1, 0, 1, 2, 2, 2, 2, 1, 1, 2, 0, 1, 1, 1, 1, 1, 0, 1, 1, 1, 1, 2, 0, 2, 0, 1, 2, 1, 0, 2, 0], total=41
2024-12-02 00:32:26,049 INFO server.py 327:: [Server] The aggregation takes 0.048740 seconds.

2024-12-02 00:32:26,050 INFO server.py 211:: [Server] Start testing
2024-12-02 00:32:26,070 INFO server.py 235:: [Server] Test set: Average loss: 1.3618, Accuracy: 63/200 (31.5%)

2024-12-02 00:32:26,071 INFO server.py 238:: [Sever] Confusion matrix:
 tensor([[50.,  0.,  0.,  0.],
        [50.,  0.,  0.,  0.],
        [50.,  0.,  0.,  0.],
        [37.,  0.,  0., 13.]])
2024-12-02 00:32:26,073 INFO server.py 254:: [Server] Precision=[0.26737967        nan        nan 1.        ],
 Recall=[1.   0.   0.   0.26],
 F1-score=[0.42194092        nan        nan 0.4126984 ],
 my_accuracy=31.49999976158142[%]
2024-12-02 00:32:26,074 INFO _main.py 209:: ########EPOCH 1 ########
2024-12-02 00:32:26,075 INFO _main.py 210:: ###Model distribution###
2024-12-02 00:32:29,664 INFO server.py 1064:: clients' sizes=[1, 2, 1, 0, 0, 0, 2, 2, 0, 1, 0, 1, 2, 2, 2, 2, 1, 1, 2, 0, 1, 1, 1, 1, 1, 0, 1, 1, 1, 1, 2, 0, 2, 0, 1, 2, 1, 0, 2, 0], total=41
2024-12-02 00:32:29,685 INFO server.py 327:: [Server] The aggregation takes 0.022039 seconds.

2024-12-02 00:32:29,687 INFO server.py 211:: [Server] Start testing
2024-12-02 00:32:29,700 INFO server.py 235:: [Server] Test set: Average loss: 1.3251, Accuracy: 77/200 (38.5%)

2024-12-02 00:32:29,702 INFO server.py 238:: [Sever] Confusion matrix:
 tensor([[50.,  0.,  0.,  0.],
        [50.,  0.,  0.,  0.],
        [48.,  0.,  0.,  2.],
        [23.,  0.,  0., 27.]])
2024-12-02 00:32:29,703 INFO server.py 254:: [Server] Precision=[0.29239765        nan        nan 0.9310345 ],
 Recall=[1.   0.   0.   0.54],
 F1-score=[0.4524887         nan        nan 0.68354434],
 my_accuracy=38.499999046325684[%]
2024-12-02 00:32:29,704 INFO _main.py 209:: ########EPOCH 2 ########
2024-12-02 00:32:29,704 INFO _main.py 210:: ###Model distribution###
2024-12-02 00:32:32,611 INFO server.py 1064:: clients' sizes=[1, 2, 1, 0, 0, 0, 2, 2, 0, 1, 0, 1, 2, 2, 2, 2, 1, 1, 2, 0, 1, 1, 1, 1, 1, 0, 1, 1, 1, 1, 2, 0, 2, 0, 1, 2, 1, 0, 2, 0], total=41
2024-12-02 00:32:32,635 INFO server.py 327:: [Server] The aggregation takes 0.024602 seconds.

2024-12-02 00:32:32,636 INFO server.py 211:: [Server] Start testing
2024-12-02 00:32:32,650 INFO server.py 235:: [Server] Test set: Average loss: 1.2746, Accuracy: 80/200 (40.0%)

2024-12-02 00:32:32,651 INFO server.py 238:: [Sever] Confusion matrix:
 tensor([[50.,  0.,  0.,  0.],
        [49.,  0.,  0.,  1.],
        [41.,  0.,  0.,  9.],
        [20.,  0.,  0., 30.]])
2024-12-02 00:32:32,653 INFO server.py 254:: [Server] Precision=[0.3125    nan    nan 0.75  ],
 Recall=[1.  0.  0.  0.6],
 F1-score=[0.47619048        nan        nan 0.6666667 ],
 my_accuracy=40.00000059604645[%]
2024-12-02 00:32:32,653 INFO _main.py 209:: ########EPOCH 3 ########
2024-12-02 00:32:32,654 INFO _main.py 210:: ###Model distribution###
2024-12-02 00:32:36,290 INFO server.py 1064:: clients' sizes=[1, 2, 1, 0, 0, 0, 2, 2, 0, 1, 0, 1, 2, 2, 2, 2, 1, 1, 2, 0, 1, 1, 1, 1, 1, 0, 1, 1, 1, 1, 2, 0, 2, 0, 1, 2, 1, 0, 2, 0], total=41
2024-12-02 00:32:36,313 INFO server.py 327:: [Server] The aggregation takes 0.023856 seconds.

2024-12-02 00:32:36,314 INFO server.py 211:: [Server] Start testing
2024-12-02 00:32:36,329 INFO server.py 235:: [Server] Test set: Average loss: 1.2396, Accuracy: 83/200 (41.5%)

2024-12-02 00:32:36,331 INFO server.py 238:: [Sever] Confusion matrix:
 tensor([[50.,  0.,  0.,  0.],
        [47.,  0.,  0.,  3.],
        [40.,  0.,  0., 10.],
        [17.,  0.,  0., 33.]])
2024-12-02 00:32:36,333 INFO server.py 254:: [Server] Precision=[0.32467532        nan        nan 0.7173913 ],
 Recall=[1.   0.   0.   0.66],
 F1-score=[0.49019608        nan        nan 0.6875    ],
 my_accuracy=41.49999916553497[%]
2024-12-02 00:32:36,334 INFO _main.py 209:: ########EPOCH 4 ########
2024-12-02 00:32:36,334 INFO _main.py 210:: ###Model distribution###
2024-12-02 00:32:39,094 INFO server.py 1064:: clients' sizes=[1, 2, 1, 0, 0, 0, 2, 2, 0, 1, 0, 1, 2, 2, 2, 2, 1, 1, 2, 0, 1, 1, 1, 1, 1, 0, 1, 1, 1, 1, 2, 0, 2, 0, 1, 2, 1, 0, 2, 0], total=41
2024-12-02 00:32:39,126 INFO server.py 327:: [Server] The aggregation takes 0.033290 seconds.

2024-12-02 00:32:39,127 INFO server.py 211:: [Server] Start testing
2024-12-02 00:32:39,152 INFO server.py 235:: [Server] Test set: Average loss: 1.1714, Accuracy: 86/200 (43.0%)

2024-12-02 00:32:39,154 INFO server.py 238:: [Sever] Confusion matrix:
 tensor([[50.,  0.,  0.,  0.],
        [46.,  0.,  0.,  4.],
        [38.,  0.,  0., 12.],
        [14.,  0.,  0., 36.]])
2024-12-02 00:32:39,156 INFO server.py 254:: [Server] Precision=[0.33783785        nan        nan 0.6923077 ],
 Recall=[1.   0.   0.   0.72],
 F1-score=[0.50505054        nan        nan 0.7058824 ],
 my_accuracy=43.00000071525574[%]
2024-12-02 00:32:39,156 INFO _main.py 209:: ########EPOCH 5 ########
2024-12-02 00:32:39,157 INFO _main.py 210:: ###Model distribution###
2024-12-02 00:32:43,276 INFO server.py 1064:: clients' sizes=[1, 2, 1, 0, 0, 0, 2, 2, 0, 1, 0, 1, 2, 2, 2, 2, 1, 1, 2, 0, 1, 1, 1, 1, 1, 0, 1, 1, 1, 1, 2, 0, 2, 0, 1, 2, 1, 0, 2, 0], total=41
2024-12-02 00:32:43,310 INFO server.py 327:: [Server] The aggregation takes 0.034756 seconds.

2024-12-02 00:32:43,311 INFO server.py 211:: [Server] Start testing
2024-12-02 00:32:43,334 INFO server.py 235:: [Server] Test set: Average loss: 1.1359, Accuracy: 86/200 (43.0%)

2024-12-02 00:32:43,335 INFO server.py 238:: [Sever] Confusion matrix:
 tensor([[50.,  0.,  0.,  0.],
        [46.,  0.,  0.,  4.],
        [37.,  0.,  0., 13.],
        [14.,  0.,  0., 36.]])
2024-12-02 00:32:43,337 INFO server.py 254:: [Server] Precision=[0.34013605        nan        nan 0.6792453 ],
 Recall=[1.   0.   0.   0.72],
 F1-score=[0.5076142         nan        nan 0.69902915],
 my_accuracy=43.00000071525574[%]
2024-12-02 00:32:43,338 INFO _main.py 209:: ########EPOCH 6 ########
2024-12-02 00:32:43,338 INFO _main.py 210:: ###Model distribution###
2024-12-02 00:32:46,576 INFO server.py 1064:: clients' sizes=[1, 2, 1, 0, 0, 0, 2, 2, 0, 1, 0, 1, 2, 2, 2, 2, 1, 1, 2, 0, 1, 1, 1, 1, 1, 0, 1, 1, 1, 1, 2, 0, 2, 0, 1, 2, 1, 0, 2, 0], total=41
2024-12-02 00:32:46,598 INFO server.py 327:: [Server] The aggregation takes 0.022416 seconds.

2024-12-02 00:32:46,599 INFO server.py 211:: [Server] Start testing
2024-12-02 00:32:46,613 INFO server.py 235:: [Server] Test set: Average loss: 1.1056, Accuracy: 87/200 (43.5%)

2024-12-02 00:32:46,614 INFO server.py 238:: [Sever] Confusion matrix:
 tensor([[50.,  0.,  0.,  0.],
        [46.,  0.,  0.,  4.],
        [36.,  0.,  0., 14.],
        [11.,  0.,  2., 37.]])
2024-12-02 00:32:46,616 INFO server.py 254:: [Server] Precision=[0.34965035        nan 0.         0.6727273 ],
 Recall=[1.   0.   0.   0.74],
 F1-score=[0.5181347         nan        nan 0.70476186],
 my_accuracy=43.50000023841858[%]
2024-12-02 00:32:46,616 INFO _main.py 209:: ########EPOCH 7 ########
2024-12-02 00:32:46,617 INFO _main.py 210:: ###Model distribution###
2024-12-02 00:32:49,334 INFO server.py 1064:: clients' sizes=[1, 2, 1, 0, 0, 0, 2, 2, 0, 1, 0, 1, 2, 2, 2, 2, 1, 1, 2, 0, 1, 1, 1, 1, 1, 0, 1, 1, 1, 1, 2, 0, 2, 0, 1, 2, 1, 0, 2, 0], total=41
2024-12-02 00:32:49,356 INFO server.py 327:: [Server] The aggregation takes 0.023014 seconds.

2024-12-02 00:32:49,357 INFO server.py 211:: [Server] Start testing
2024-12-02 00:32:49,373 INFO server.py 235:: [Server] Test set: Average loss: 1.0783, Accuracy: 92/200 (46.0%)

2024-12-02 00:32:49,375 INFO server.py 238:: [Sever] Confusion matrix:
 tensor([[50.,  0.,  0.,  0.],
        [44.,  1.,  1.,  4.],
        [30.,  4.,  2., 14.],
        [11.,  0.,  0., 39.]])
2024-12-02 00:32:49,376 INFO server.py 254:: [Server] Precision=[0.37037036 0.2        0.6666667  0.68421054],
 Recall=[1.   0.02 0.04 0.78],
 F1-score=[0.5405405  0.03636364 0.0754717  0.72897196],
 my_accuracy=46.00000083446503[%]
2024-12-02 00:32:49,377 INFO _main.py 209:: ########EPOCH 8 ########
2024-12-02 00:32:49,378 INFO _main.py 210:: ###Model distribution###
2024-12-02 00:32:52,384 INFO server.py 1064:: clients' sizes=[1, 2, 1, 0, 0, 0, 2, 2, 0, 1, 0, 1, 2, 2, 2, 2, 1, 1, 2, 0, 1, 1, 1, 1, 1, 0, 1, 1, 1, 1, 2, 0, 2, 0, 1, 2, 1, 0, 2, 0], total=41
2024-12-02 00:32:52,409 INFO server.py 327:: [Server] The aggregation takes 0.026225 seconds.

2024-12-02 00:32:52,411 INFO server.py 211:: [Server] Start testing
2024-12-02 00:32:52,435 INFO server.py 235:: [Server] Test set: Average loss: 1.0565, Accuracy: 98/200 (49.0%)

2024-12-02 00:32:52,437 INFO server.py 238:: [Sever] Confusion matrix:
 tensor([[47.,  3.,  0.,  0.],
        [35., 10.,  1.,  4.],
        [25., 10.,  2., 13.],
        [ 9.,  2.,  0., 39.]])
2024-12-02 00:32:52,439 INFO server.py 254:: [Server] Precision=[0.4051724 0.4       0.6666667 0.6964286],
 Recall=[0.94 0.2  0.04 0.78],
 F1-score=[0.56626505 0.26666668 0.0754717  0.7358491 ],
 my_accuracy=49.000000953674316[%]
2024-12-02 00:32:52,439 INFO _main.py 209:: ########EPOCH 9 ########
2024-12-02 00:32:52,440 INFO _main.py 210:: ###Model distribution###
2024-12-02 00:32:55,502 INFO server.py 1064:: clients' sizes=[1, 2, 1, 0, 0, 0, 2, 2, 0, 1, 0, 1, 2, 2, 2, 2, 1, 1, 2, 0, 1, 1, 1, 1, 1, 0, 1, 1, 1, 1, 2, 0, 2, 0, 1, 2, 1, 0, 2, 0], total=41
2024-12-02 00:32:55,539 INFO server.py 327:: [Server] The aggregation takes 0.038236 seconds.

2024-12-02 00:32:55,540 INFO server.py 211:: [Server] Start testing
2024-12-02 00:32:55,562 INFO server.py 235:: [Server] Test set: Average loss: 1.0316, Accuracy: 97/200 (48.5%)

2024-12-02 00:32:55,564 INFO server.py 238:: [Sever] Confusion matrix:
 tensor([[47.,  3.,  0.,  0.],
        [35.,  9.,  2.,  4.],
        [24., 11.,  2., 13.],
        [ 9.,  0.,  2., 39.]])
2024-12-02 00:32:55,566 INFO server.py 254:: [Server] Precision=[0.40869564 0.39130434 0.33333334 0.6964286 ],
 Recall=[0.94 0.18 0.04 0.78],
 F1-score=[0.56969696 0.24657537 0.07142857 0.7358491 ],
 my_accuracy=48.500001430511475[%]
2024-12-02 00:32:55,566 INFO _main.py 209:: ########EPOCH 10 ########
2024-12-02 00:32:55,572 INFO _main.py 210:: ###Model distribution###
2024-12-02 00:32:59,694 INFO server.py 1064:: clients' sizes=[1, 2, 1, 0, 0, 0, 2, 2, 0, 1, 0, 1, 2, 2, 2, 2, 1, 1, 2, 0, 1, 1, 1, 1, 1, 0, 1, 1, 1, 1, 2, 0, 2, 0, 1, 2, 1, 0, 2, 0], total=41
2024-12-02 00:32:59,729 INFO server.py 327:: [Server] The aggregation takes 0.035962 seconds.

2024-12-02 00:32:59,730 INFO server.py 211:: [Server] Start testing
2024-12-02 00:32:59,752 INFO server.py 235:: [Server] Test set: Average loss: 1.0196, Accuracy: 100/200 (50.0%)

2024-12-02 00:32:59,753 INFO server.py 238:: [Sever] Confusion matrix:
 tensor([[47.,  3.,  0.,  0.],
        [33., 12.,  1.,  4.],
        [19., 15.,  2., 14.],
        [ 6.,  1.,  4., 39.]])
2024-12-02 00:32:59,755 INFO server.py 254:: [Server] Precision=[0.44761905 0.38709676 0.2857143  0.68421054],
 Recall=[0.94 0.24 0.04 0.78],
 F1-score=[0.60645163 0.29629627 0.07017544 0.72897196],
 my_accuracy=50.0[%]
2024-12-02 00:32:59,756 INFO _main.py 209:: ########EPOCH 11 ########
2024-12-02 00:32:59,757 INFO _main.py 210:: ###Model distribution###
2024-12-02 00:33:02,835 INFO server.py 1064:: clients' sizes=[1, 2, 1, 0, 0, 0, 2, 2, 0, 1, 0, 1, 2, 2, 2, 2, 1, 1, 2, 0, 1, 1, 1, 1, 1, 0, 1, 1, 1, 1, 2, 0, 2, 0, 1, 2, 1, 0, 2, 0], total=41
2024-12-02 00:33:02,860 INFO server.py 327:: [Server] The aggregation takes 0.026409 seconds.

2024-12-02 00:33:02,861 INFO server.py 211:: [Server] Start testing
2024-12-02 00:33:02,876 INFO server.py 235:: [Server] Test set: Average loss: 1.0064, Accuracy: 104/200 (52.0%)

2024-12-02 00:33:02,877 INFO server.py 238:: [Sever] Confusion matrix:
 tensor([[47.,  3.,  0.,  0.],
        [30., 15.,  2.,  3.],
        [18., 15.,  3., 14.],
        [ 6.,  0.,  5., 39.]])
2024-12-02 00:33:02,879 INFO server.py 254:: [Server] Precision=[0.46534654 0.45454547 0.3        0.6964286 ],
 Recall=[0.94 0.3  0.06 0.78],
 F1-score=[0.6225166  0.36144578 0.1        0.7358491 ],
 my_accuracy=51.99999809265137[%]
2024-12-02 00:33:02,879 INFO _main.py 209:: ########EPOCH 12 ########
2024-12-02 00:33:02,880 INFO _main.py 210:: ###Model distribution###
2024-12-02 00:33:05,565 INFO server.py 1064:: clients' sizes=[1, 2, 1, 0, 0, 0, 2, 2, 0, 1, 0, 1, 2, 2, 2, 2, 1, 1, 2, 0, 1, 1, 1, 1, 1, 0, 1, 1, 1, 1, 2, 0, 2, 0, 1, 2, 1, 0, 2, 0], total=41
2024-12-02 00:33:05,587 INFO server.py 327:: [Server] The aggregation takes 0.022511 seconds.

2024-12-02 00:33:05,588 INFO server.py 211:: [Server] Start testing
2024-12-02 00:33:05,602 INFO server.py 235:: [Server] Test set: Average loss: 1.0023, Accuracy: 106/200 (53.0%)

2024-12-02 00:33:05,604 INFO server.py 238:: [Sever] Confusion matrix:
 tensor([[47.,  3.,  0.,  0.],
        [29., 15.,  3.,  3.],
        [18., 14.,  5., 13.],
        [ 5.,  0.,  6., 39.]])
2024-12-02 00:33:05,605 INFO server.py 254:: [Server] Precision=[0.47474748 0.46875    0.35714287 0.7090909 ],
 Recall=[0.94 0.3  0.1  0.78],
 F1-score=[0.6308725  0.36585367 0.15625    0.7428571 ],
 my_accuracy=52.99999713897705[%]
2024-12-02 00:33:05,606 INFO _main.py 209:: ########EPOCH 13 ########
2024-12-02 00:33:05,606 INFO _main.py 210:: ###Model distribution###
2024-12-02 00:33:08,288 INFO server.py 1064:: clients' sizes=[1, 2, 1, 0, 0, 0, 2, 2, 0, 1, 0, 1, 2, 2, 2, 2, 1, 1, 2, 0, 1, 1, 1, 1, 1, 0, 1, 1, 1, 1, 2, 0, 2, 0, 1, 2, 1, 0, 2, 0], total=41
2024-12-02 00:33:08,310 INFO server.py 327:: [Server] The aggregation takes 0.023019 seconds.

2024-12-02 00:33:08,311 INFO server.py 211:: [Server] Start testing
2024-12-02 00:33:08,325 INFO server.py 235:: [Server] Test set: Average loss: 0.9736, Accuracy: 104/200 (52.0%)

2024-12-02 00:33:08,326 INFO server.py 238:: [Sever] Confusion matrix:
 tensor([[44.,  6.,  0.,  0.],
        [26., 16.,  5.,  3.],
        [13., 19.,  5., 13.],
        [ 5.,  0.,  6., 39.]])
2024-12-02 00:33:08,328 INFO server.py 254:: [Server] Precision=[0.5       0.3902439 0.3125    0.7090909],
 Recall=[0.88 0.32 0.1  0.78],
 F1-score=[0.6376812  0.35164833 0.15151516 0.7428571 ],
 my_accuracy=51.99999809265137[%]
2024-12-02 00:33:08,328 INFO _main.py 209:: ########EPOCH 14 ########
2024-12-02 00:33:08,329 INFO _main.py 210:: ###Model distribution###
2024-12-02 00:33:11,317 INFO server.py 1064:: clients' sizes=[1, 2, 1, 0, 0, 0, 2, 2, 0, 1, 0, 1, 2, 2, 2, 2, 1, 1, 2, 0, 1, 1, 1, 1, 1, 0, 1, 1, 1, 1, 2, 0, 2, 0, 1, 2, 1, 0, 2, 0], total=41
2024-12-02 00:33:11,350 INFO server.py 327:: [Server] The aggregation takes 0.034433 seconds.

2024-12-02 00:33:11,351 INFO server.py 211:: [Server] Start testing
2024-12-02 00:33:11,372 INFO server.py 235:: [Server] Test set: Average loss: 0.9575, Accuracy: 105/200 (52.5%)

2024-12-02 00:33:11,373 INFO server.py 238:: [Sever] Confusion matrix:
 tensor([[42.,  8.,  0.,  0.],
        [24., 18.,  5.,  3.],
        [13., 18.,  6., 13.],
        [ 4.,  1.,  6., 39.]])
2024-12-02 00:33:11,375 INFO server.py 254:: [Server] Precision=[0.5060241 0.4       0.3529412 0.7090909],
 Recall=[0.84 0.36 0.12 0.78],
 F1-score=[0.631579   0.3789474  0.17910448 0.7428571 ],
 my_accuracy=52.49999761581421[%]
2024-12-02 00:33:11,375 INFO _main.py 209:: ########EPOCH 15 ########
2024-12-02 00:33:11,376 INFO _main.py 210:: ###Model distribution###
2024-12-02 00:33:15,742 INFO server.py 1064:: clients' sizes=[1, 2, 1, 0, 0, 0, 2, 2, 0, 1, 0, 1, 2, 2, 2, 2, 1, 1, 2, 0, 1, 1, 1, 1, 1, 0, 1, 1, 1, 1, 2, 0, 2, 0, 1, 2, 1, 0, 2, 0], total=41
2024-12-02 00:33:15,776 INFO server.py 327:: [Server] The aggregation takes 0.035746 seconds.

2024-12-02 00:33:15,777 INFO server.py 211:: [Server] Start testing
2024-12-02 00:33:15,801 INFO server.py 235:: [Server] Test set: Average loss: 0.9645, Accuracy: 108/200 (54.0%)

2024-12-02 00:33:15,803 INFO server.py 238:: [Sever] Confusion matrix:
 tensor([[44.,  6.,  0.,  0.],
        [24., 19.,  4.,  3.],
        [14., 18.,  6., 12.],
        [ 5.,  0.,  6., 39.]])
2024-12-02 00:33:15,804 INFO server.py 254:: [Server] Precision=[0.50574714 0.44186047 0.375      0.7222222 ],
 Recall=[0.88 0.38 0.12 0.78],
 F1-score=[0.6423358  0.40860215 0.18181817 0.74999994],
 my_accuracy=54.00000214576721[%]
2024-12-02 00:33:15,805 INFO _main.py 209:: ########EPOCH 16 ########
2024-12-02 00:33:15,806 INFO _main.py 210:: ###Model distribution###
2024-12-02 00:33:18,700 INFO server.py 1064:: clients' sizes=[1, 2, 1, 0, 0, 0, 2, 2, 0, 1, 0, 1, 2, 2, 2, 2, 1, 1, 2, 0, 1, 1, 1, 1, 1, 0, 1, 1, 1, 1, 2, 0, 2, 0, 1, 2, 1, 0, 2, 0], total=41
2024-12-02 00:33:18,723 INFO server.py 327:: [Server] The aggregation takes 0.023852 seconds.

2024-12-02 00:33:18,724 INFO server.py 211:: [Server] Start testing
2024-12-02 00:33:18,741 INFO server.py 235:: [Server] Test set: Average loss: 0.9359, Accuracy: 107/200 (53.5%)

2024-12-02 00:33:18,742 INFO server.py 238:: [Sever] Confusion matrix:
 tensor([[42.,  8.,  0.,  0.],
        [21., 19.,  7.,  3.],
        [12., 19.,  7., 12.],
        [ 4.,  1.,  6., 39.]])
2024-12-02 00:33:18,743 INFO server.py 254:: [Server] Precision=[0.5316456  0.40425533 0.35       0.7222222 ],
 Recall=[0.84 0.38 0.14 0.78],
 F1-score=[0.6511628  0.39175257 0.19999999 0.74999994],
 my_accuracy=53.50000262260437[%]
2024-12-02 00:33:18,744 INFO _main.py 209:: ########EPOCH 17 ########
2024-12-02 00:33:18,745 INFO _main.py 210:: ###Model distribution###
2024-12-02 00:33:21,538 INFO server.py 1064:: clients' sizes=[1, 2, 1, 0, 0, 0, 2, 2, 0, 1, 0, 1, 2, 2, 2, 2, 1, 1, 2, 0, 1, 1, 1, 1, 1, 0, 1, 1, 1, 1, 2, 0, 2, 0, 1, 2, 1, 0, 2, 0], total=41
2024-12-02 00:33:21,560 INFO server.py 327:: [Server] The aggregation takes 0.022654 seconds.

2024-12-02 00:33:21,561 INFO server.py 211:: [Server] Start testing
2024-12-02 00:33:21,575 INFO server.py 235:: [Server] Test set: Average loss: 0.9312, Accuracy: 110/200 (55.0%)

2024-12-02 00:33:21,576 INFO server.py 238:: [Sever] Confusion matrix:
 tensor([[42.,  8.,  0.,  0.],
        [20., 20.,  7.,  3.],
        [13., 17.,  9., 11.],
        [ 4.,  1.,  6., 39.]])
2024-12-02 00:33:21,577 INFO server.py 254:: [Server] Precision=[0.5316456 0.4347826 0.4090909 0.7358491],
 Recall=[0.84 0.4  0.18 0.78],
 F1-score=[0.6511628  0.4166667  0.25       0.75728154],
 my_accuracy=55.000001192092896[%]
2024-12-02 00:33:21,578 INFO _main.py 209:: ########EPOCH 18 ########
2024-12-02 00:33:21,578 INFO _main.py 210:: ###Model distribution###
2024-12-02 00:33:24,430 INFO server.py 1064:: clients' sizes=[1, 2, 1, 0, 0, 0, 2, 2, 0, 1, 0, 1, 2, 2, 2, 2, 1, 1, 2, 0, 1, 1, 1, 1, 1, 0, 1, 1, 1, 1, 2, 0, 2, 0, 1, 2, 1, 0, 2, 0], total=41
2024-12-02 00:33:24,453 INFO server.py 327:: [Server] The aggregation takes 0.023175 seconds.

2024-12-02 00:33:24,454 INFO server.py 211:: [Server] Start testing
2024-12-02 00:33:24,468 INFO server.py 235:: [Server] Test set: Average loss: 0.9226, Accuracy: 116/200 (58.0%)

2024-12-02 00:33:24,470 INFO server.py 238:: [Sever] Confusion matrix:
 tensor([[42.,  8.,  0.,  0.],
        [20., 19.,  8.,  3.],
        [13., 12., 14., 11.],
        [ 4.,  1.,  4., 41.]])
2024-12-02 00:33:24,471 INFO server.py 254:: [Server] Precision=[0.5316456  0.475      0.53846157 0.74545455],
 Recall=[0.84 0.38 0.28 0.82],
 F1-score=[0.6511628  0.42222223 0.36842105 0.78095245],
 my_accuracy=57.999998331069946[%]
2024-12-02 00:33:24,472 INFO _main.py 209:: ########EPOCH 19 ########
2024-12-02 00:33:24,472 INFO _main.py 210:: ###Model distribution###
2024-12-02 00:33:27,478 INFO server.py 1064:: clients' sizes=[1, 2, 1, 0, 0, 0, 2, 2, 0, 1, 0, 1, 2, 2, 2, 2, 1, 1, 2, 0, 1, 1, 1, 1, 1, 0, 1, 1, 1, 1, 2, 0, 2, 0, 1, 2, 1, 0, 2, 0], total=41
2024-12-02 00:33:27,509 INFO server.py 327:: [Server] The aggregation takes 0.032455 seconds.

2024-12-02 00:33:27,510 INFO server.py 211:: [Server] Start testing
2024-12-02 00:33:27,528 INFO server.py 235:: [Server] Test set: Average loss: 0.9330, Accuracy: 116/200 (58.0%)

2024-12-02 00:33:27,530 INFO server.py 238:: [Sever] Confusion matrix:
 tensor([[42.,  8.,  0.,  0.],
        [20., 19.,  8.,  3.],
        [12., 12., 15., 11.],
        [ 4.,  2.,  4., 40.]])
2024-12-02 00:33:27,531 INFO server.py 254:: [Server] Precision=[0.53846157 0.46341464 0.5555556  0.7407407 ],
 Recall=[0.84 0.38 0.3  0.8 ],
 F1-score=[0.65625   0.4175824 0.3896104 0.7692308],
 my_accuracy=57.999998331069946[%]
2024-12-02 00:33:27,532 INFO _main.py 209:: ########EPOCH 20 ########
2024-12-02 00:33:27,533 INFO _main.py 210:: ###Model distribution###
2024-12-02 00:33:31,311 INFO server.py 1064:: clients' sizes=[1, 2, 1, 0, 0, 0, 2, 2, 0, 1, 0, 1, 2, 2, 2, 2, 1, 1, 2, 0, 1, 1, 1, 1, 1, 0, 1, 1, 1, 1, 2, 0, 2, 0, 1, 2, 1, 0, 2, 0], total=41
2024-12-02 00:33:31,346 INFO server.py 327:: [Server] The aggregation takes 0.035933 seconds.

2024-12-02 00:33:31,347 INFO server.py 211:: [Server] Start testing
2024-12-02 00:33:31,369 INFO server.py 235:: [Server] Test set: Average loss: 0.9215, Accuracy: 119/200 (59.5%)

2024-12-02 00:33:31,370 INFO server.py 238:: [Sever] Confusion matrix:
 tensor([[42.,  8.,  0.,  0.],
        [18., 21.,  8.,  3.],
        [11., 13., 15., 11.],
        [ 4.,  1.,  4., 41.]])
2024-12-02 00:33:31,372 INFO server.py 254:: [Server] Precision=[0.56       0.4883721  0.5555556  0.74545455],
 Recall=[0.84 0.42 0.3  0.82],
 F1-score=[0.672      0.45161292 0.3896104  0.78095245],
 my_accuracy=59.50000286102295[%]
2024-12-02 00:33:31,373 INFO _main.py 209:: ########EPOCH 21 ########
2024-12-02 00:33:31,374 INFO _main.py 210:: ###Model distribution###
2024-12-02 00:33:34,322 INFO server.py 1064:: clients' sizes=[1, 2, 1, 0, 0, 0, 2, 2, 0, 1, 0, 1, 2, 2, 2, 2, 1, 1, 2, 0, 1, 1, 1, 1, 1, 0, 1, 1, 1, 1, 2, 0, 2, 0, 1, 2, 1, 0, 2, 0], total=41
2024-12-02 00:33:34,342 INFO server.py 327:: [Server] The aggregation takes 0.021815 seconds.

2024-12-02 00:33:34,343 INFO server.py 211:: [Server] Start testing
2024-12-02 00:33:34,357 INFO server.py 235:: [Server] Test set: Average loss: 0.9417, Accuracy: 120/200 (60.0%)

2024-12-02 00:33:34,359 INFO server.py 238:: [Sever] Confusion matrix:
 tensor([[42.,  8.,  0.,  0.],
        [17., 23.,  7.,  3.],
        [11., 14., 14., 11.],
        [ 4.,  2.,  3., 41.]])
2024-12-02 00:33:34,360 INFO server.py 254:: [Server] Precision=[0.5675676  0.4893617  0.5833333  0.74545455],
 Recall=[0.84 0.46 0.28 0.82],
 F1-score=[0.67741936 0.47422683 0.37837836 0.78095245],
 my_accuracy=60.00000238418579[%]
2024-12-02 00:33:34,361 INFO _main.py 209:: ########EPOCH 22 ########
2024-12-02 00:33:34,361 INFO _main.py 210:: ###Model distribution###
2024-12-02 00:33:36,963 INFO server.py 1064:: clients' sizes=[1, 2, 1, 0, 0, 0, 2, 2, 0, 1, 0, 1, 2, 2, 2, 2, 1, 1, 2, 0, 1, 1, 1, 1, 1, 0, 1, 1, 1, 1, 2, 0, 2, 0, 1, 2, 1, 0, 2, 0], total=41
2024-12-02 00:33:36,985 INFO server.py 327:: [Server] The aggregation takes 0.022129 seconds.

2024-12-02 00:33:36,986 INFO server.py 211:: [Server] Start testing
2024-12-02 00:33:37,004 INFO server.py 235:: [Server] Test set: Average loss: 0.9458, Accuracy: 123/200 (61.5%)

2024-12-02 00:33:37,005 INFO server.py 238:: [Sever] Confusion matrix:
 tensor([[42.,  8.,  0.,  0.],
        [15., 25.,  7.,  3.],
        [11., 13., 15., 11.],
        [ 3.,  3.,  3., 41.]])
2024-12-02 00:33:37,006 INFO server.py 254:: [Server] Precision=[0.5915493  0.5102041  0.6        0.74545455],
 Recall=[0.84 0.5  0.3  0.82],
 F1-score=[0.6942148  0.5050505  0.4        0.78095245],
 my_accuracy=61.500000953674316[%]
2024-12-02 00:33:37,007 INFO _main.py 209:: ########EPOCH 23 ########
2024-12-02 00:33:37,007 INFO _main.py 210:: ###Model distribution###
2024-12-02 00:33:39,622 INFO server.py 1064:: clients' sizes=[1, 2, 1, 0, 0, 0, 2, 2, 0, 1, 0, 1, 2, 2, 2, 2, 1, 1, 2, 0, 1, 1, 1, 1, 1, 0, 1, 1, 1, 1, 2, 0, 2, 0, 1, 2, 1, 0, 2, 0], total=41
2024-12-02 00:33:39,643 INFO server.py 327:: [Server] The aggregation takes 0.022485 seconds.

2024-12-02 00:33:39,644 INFO server.py 211:: [Server] Start testing
2024-12-02 00:33:39,658 INFO server.py 235:: [Server] Test set: Average loss: 0.9937, Accuracy: 121/200 (60.5%)

2024-12-02 00:33:39,659 INFO server.py 238:: [Sever] Confusion matrix:
 tensor([[42.,  8.,  0.,  0.],
        [16., 24.,  7.,  3.],
        [10., 13., 16., 11.],
        [ 4.,  2.,  5., 39.]])
2024-12-02 00:33:39,661 INFO server.py 254:: [Server] Precision=[0.5833333 0.5106383 0.5714286 0.7358491],
 Recall=[0.84 0.48 0.32 0.78],
 F1-score=[0.6885246  0.4948454  0.4102564  0.75728154],
 my_accuracy=60.50000190734863[%]
2024-12-02 00:33:39,662 INFO _main.py 209:: ########EPOCH 24 ########
2024-12-02 00:33:39,662 INFO _main.py 210:: ###Model distribution###
2024-12-02 00:33:42,810 INFO server.py 1064:: clients' sizes=[1, 2, 1, 0, 0, 0, 2, 2, 0, 1, 0, 1, 2, 2, 2, 2, 1, 1, 2, 0, 1, 1, 1, 1, 1, 0, 1, 1, 1, 1, 2, 0, 2, 0, 1, 2, 1, 0, 2, 0], total=41
2024-12-02 00:33:42,855 INFO server.py 327:: [Server] The aggregation takes 0.045442 seconds.

2024-12-02 00:33:42,858 INFO server.py 211:: [Server] Start testing
2024-12-02 00:33:42,906 INFO server.py 235:: [Server] Test set: Average loss: 1.0362, Accuracy: 118/200 (59.0%)

2024-12-02 00:33:42,909 INFO server.py 238:: [Sever] Confusion matrix:
 tensor([[41.,  9.,  0.,  0.],
        [16., 25.,  6.,  3.],
        [11., 15., 13., 11.],
        [ 4.,  2.,  5., 39.]])
2024-12-02 00:33:42,912 INFO server.py 254:: [Server] Precision=[0.5694444  0.49019608 0.5416667  0.7358491 ],
 Recall=[0.82 0.5  0.26 0.78],
 F1-score=[0.6721312  0.49504948 0.35135135 0.75728154],
 my_accuracy=58.99999737739563[%]
2024-12-02 00:33:42,914 INFO _main.py 209:: ########EPOCH 25 ########
2024-12-02 00:33:42,915 INFO _main.py 210:: ###Model distribution###
2024-12-02 00:33:46,783 INFO server.py 1064:: clients' sizes=[1, 2, 1, 0, 0, 0, 2, 2, 0, 1, 0, 1, 2, 2, 2, 2, 1, 1, 2, 0, 1, 1, 1, 1, 1, 0, 1, 1, 1, 1, 2, 0, 2, 0, 1, 2, 1, 0, 2, 0], total=41
2024-12-02 00:33:46,818 INFO server.py 327:: [Server] The aggregation takes 0.036396 seconds.

2024-12-02 00:33:46,819 INFO server.py 211:: [Server] Start testing
2024-12-02 00:33:46,840 INFO server.py 235:: [Server] Test set: Average loss: 1.0884, Accuracy: 116/200 (58.0%)

2024-12-02 00:33:46,841 INFO server.py 238:: [Sever] Confusion matrix:
 tensor([[41.,  9.,  0.,  0.],
        [18., 23.,  6.,  3.],
        [11., 14., 14., 11.],
        [ 4.,  2.,  6., 38.]])
2024-12-02 00:33:46,843 INFO server.py 254:: [Server] Precision=[0.5540541  0.47916666 0.53846157 0.7307692 ],
 Recall=[0.82 0.46 0.28 0.76],
 F1-score=[0.66129035 0.46938774 0.36842105 0.74509805],
 my_accuracy=57.999998331069946[%]
2024-12-02 00:33:46,843 INFO _main.py 209:: ########EPOCH 26 ########
2024-12-02 00:33:46,844 INFO _main.py 210:: ###Model distribution###
2024-12-02 00:33:49,622 INFO server.py 1064:: clients' sizes=[1, 2, 1, 0, 0, 0, 2, 2, 0, 1, 0, 1, 2, 2, 2, 2, 1, 1, 2, 0, 1, 1, 1, 1, 1, 0, 1, 1, 1, 1, 2, 0, 2, 0, 1, 2, 1, 0, 2, 0], total=41
2024-12-02 00:33:49,643 INFO server.py 327:: [Server] The aggregation takes 0.021765 seconds.

2024-12-02 00:33:49,644 INFO server.py 211:: [Server] Start testing
2024-12-02 00:33:49,658 INFO server.py 235:: [Server] Test set: Average loss: 1.0846, Accuracy: 120/200 (60.0%)

2024-12-02 00:33:49,659 INFO server.py 238:: [Sever] Confusion matrix:
 tensor([[41.,  8.,  1.,  0.],
        [16., 25.,  5.,  4.],
        [11., 12., 16., 11.],
        [ 4.,  2.,  6., 38.]])
2024-12-02 00:33:49,660 INFO server.py 254:: [Server] Precision=[0.5694444 0.5319149 0.5714286 0.7169811],
 Recall=[0.82 0.5  0.32 0.76],
 F1-score=[0.6721312 0.5154639 0.4102564 0.7378641],
 my_accuracy=60.00000238418579[%]
2024-12-02 00:33:49,661 INFO _main.py 209:: ########EPOCH 27 ########
2024-12-02 00:33:49,661 INFO _main.py 210:: ###Model distribution###
2024-12-02 00:33:52,395 INFO server.py 1064:: clients' sizes=[1, 2, 1, 0, 0, 0, 2, 2, 0, 1, 0, 1, 2, 2, 2, 2, 1, 1, 2, 0, 1, 1, 1, 1, 1, 0, 1, 1, 1, 1, 2, 0, 2, 0, 1, 2, 1, 0, 2, 0], total=41
2024-12-02 00:33:52,419 INFO server.py 327:: [Server] The aggregation takes 0.025220 seconds.

2024-12-02 00:33:52,420 INFO server.py 211:: [Server] Start testing
2024-12-02 00:33:52,434 INFO server.py 235:: [Server] Test set: Average loss: 1.1375, Accuracy: 119/200 (59.5%)

2024-12-02 00:33:52,436 INFO server.py 238:: [Sever] Confusion matrix:
 tensor([[41.,  8.,  1.,  0.],
        [18., 23.,  6.,  3.],
        [11., 12., 17., 10.],
        [ 4.,  2.,  6., 38.]])
2024-12-02 00:33:52,437 INFO server.py 254:: [Server] Precision=[0.5540541  0.51111114 0.56666666 0.74509805],
 Recall=[0.82 0.46 0.34 0.76],
 F1-score=[0.66129035 0.48421055 0.425      0.75247526],
 my_accuracy=59.50000286102295[%]
2024-12-02 00:33:52,437 INFO _main.py 209:: ########EPOCH 28 ########
2024-12-02 00:33:52,438 INFO _main.py 210:: ###Model distribution###
2024-12-02 00:33:55,193 INFO server.py 1064:: clients' sizes=[1, 2, 1, 0, 0, 0, 2, 2, 0, 1, 0, 1, 2, 2, 2, 2, 1, 1, 2, 0, 1, 1, 1, 1, 1, 0, 1, 1, 1, 1, 2, 0, 2, 0, 1, 2, 1, 0, 2, 0], total=41
2024-12-02 00:33:55,215 INFO server.py 327:: [Server] The aggregation takes 0.023050 seconds.

2024-12-02 00:33:55,217 INFO server.py 211:: [Server] Start testing
2024-12-02 00:33:55,230 INFO server.py 235:: [Server] Test set: Average loss: 1.1423, Accuracy: 120/200 (60.0%)

2024-12-02 00:33:55,232 INFO server.py 238:: [Sever] Confusion matrix:
 tensor([[41.,  8.,  1.,  0.],
        [16., 24.,  6.,  4.],
        [11., 11., 17., 11.],
        [ 4.,  2.,  6., 38.]])
2024-12-02 00:33:55,233 INFO server.py 254:: [Server] Precision=[0.5694444  0.53333336 0.56666666 0.7169811 ],
 Recall=[0.82 0.48 0.34 0.76],
 F1-score=[0.6721312 0.5052632 0.425     0.7378641],
 my_accuracy=60.00000238418579[%]
2024-12-02 00:33:55,234 INFO _main.py 209:: ########EPOCH 29 ########
2024-12-02 00:33:55,234 INFO _main.py 210:: ###Model distribution###
2024-12-02 00:33:58,096 INFO server.py 1064:: clients' sizes=[1, 2, 1, 0, 0, 0, 2, 2, 0, 1, 0, 1, 2, 2, 2, 2, 1, 1, 2, 0, 1, 1, 1, 1, 1, 0, 1, 1, 1, 1, 2, 0, 2, 0, 1, 2, 1, 0, 2, 0], total=41
2024-12-02 00:33:58,128 INFO server.py 327:: [Server] The aggregation takes 0.033103 seconds.

2024-12-02 00:33:58,130 INFO server.py 211:: [Server] Start testing
2024-12-02 00:33:58,148 INFO server.py 235:: [Server] Test set: Average loss: 1.1964, Accuracy: 120/200 (60.0%)

2024-12-02 00:33:58,150 INFO server.py 238:: [Sever] Confusion matrix:
 tensor([[41.,  8.,  1.,  0.],
        [16., 24.,  7.,  3.],
        [11., 11., 17., 11.],
        [ 4.,  2.,  6., 38.]])
2024-12-02 00:33:58,151 INFO server.py 254:: [Server] Precision=[0.5694444  0.53333336 0.5483871  0.7307692 ],
 Recall=[0.82 0.48 0.34 0.76],
 F1-score=[0.6721312  0.5052632  0.4197531  0.74509805],
 my_accuracy=60.00000238418579[%]
2024-12-02 00:33:58,152 INFO _main.py 209:: ########EPOCH 30 ########
2024-12-02 00:33:58,153 INFO _main.py 210:: ###Model distribution###
2024-12-02 00:34:01,870 INFO server.py 1064:: clients' sizes=[1, 2, 1, 0, 0, 0, 2, 2, 0, 1, 0, 1, 2, 2, 2, 2, 1, 1, 2, 0, 1, 1, 1, 1, 1, 0, 1, 1, 1, 1, 2, 0, 2, 0, 1, 2, 1, 0, 2, 0], total=41
2024-12-02 00:34:01,903 INFO server.py 327:: [Server] The aggregation takes 0.033882 seconds.

2024-12-02 00:34:01,904 INFO server.py 211:: [Server] Start testing
2024-12-02 00:34:01,927 INFO server.py 235:: [Server] Test set: Average loss: 1.1994, Accuracy: 118/200 (59.0%)

2024-12-02 00:34:01,931 INFO server.py 238:: [Sever] Confusion matrix:
 tensor([[41.,  8.,  1.,  0.],
        [16., 22.,  9.,  3.],
        [10., 12., 17., 11.],
        [ 4.,  2.,  6., 38.]])
2024-12-02 00:34:01,932 INFO server.py 254:: [Server] Precision=[0.57746476 0.5        0.5151515  0.7307692 ],
 Recall=[0.82 0.44 0.34 0.76],
 F1-score=[0.677686   0.4680851  0.40963852 0.74509805],
 my_accuracy=58.99999737739563[%]
2024-12-02 00:34:01,933 INFO _main.py 209:: ########EPOCH 31 ########
2024-12-02 00:34:01,934 INFO _main.py 210:: ###Model distribution###
2024-12-02 00:34:05,062 INFO server.py 1064:: clients' sizes=[1, 2, 1, 0, 0, 0, 2, 2, 0, 1, 0, 1, 2, 2, 2, 2, 1, 1, 2, 0, 1, 1, 1, 1, 1, 0, 1, 1, 1, 1, 2, 0, 2, 0, 1, 2, 1, 0, 2, 0], total=41
2024-12-02 00:34:05,084 INFO server.py 327:: [Server] The aggregation takes 0.022016 seconds.

2024-12-02 00:34:05,085 INFO server.py 211:: [Server] Start testing
2024-12-02 00:34:05,101 INFO server.py 235:: [Server] Test set: Average loss: 1.2209, Accuracy: 119/200 (59.5%)

2024-12-02 00:34:05,102 INFO server.py 238:: [Sever] Confusion matrix:
 tensor([[40.,  9.,  1.,  0.],
        [15., 23.,  9.,  3.],
        [10., 12., 18., 10.],
        [ 4.,  2.,  6., 38.]])
2024-12-02 00:34:05,104 INFO server.py 254:: [Server] Precision=[0.5797101  0.5        0.5294118  0.74509805],
 Recall=[0.8  0.46 0.36 0.76],
 F1-score=[0.67226887 0.47916666 0.42857143 0.75247526],
 my_accuracy=59.50000286102295[%]
2024-12-02 00:34:05,105 INFO _main.py 209:: ########EPOCH 32 ########
2024-12-02 00:34:05,105 INFO _main.py 210:: ###Model distribution###
2024-12-02 00:34:07,690 INFO server.py 1064:: clients' sizes=[1, 2, 1, 0, 0, 0, 2, 2, 0, 1, 0, 1, 2, 2, 2, 2, 1, 1, 2, 0, 1, 1, 1, 1, 1, 0, 1, 1, 1, 1, 2, 0, 2, 0, 1, 2, 1, 0, 2, 0], total=41
2024-12-02 00:34:07,711 INFO server.py 327:: [Server] The aggregation takes 0.021878 seconds.

2024-12-02 00:34:07,712 INFO server.py 211:: [Server] Start testing
2024-12-02 00:34:07,725 INFO server.py 235:: [Server] Test set: Average loss: 1.2586, Accuracy: 120/200 (60.0%)

2024-12-02 00:34:07,727 INFO server.py 238:: [Sever] Confusion matrix:
 tensor([[41.,  7.,  2.,  0.],
        [15., 22., 10.,  3.],
        [10., 10., 19., 11.],
        [ 4.,  2.,  6., 38.]])
2024-12-02 00:34:07,728 INFO server.py 254:: [Server] Precision=[0.5857143 0.5365854 0.5135135 0.7307692],
 Recall=[0.82 0.44 0.38 0.76],
 F1-score=[0.68333334 0.4835165  0.43678162 0.74509805],
 my_accuracy=60.00000238418579[%]
2024-12-02 00:34:07,729 INFO _main.py 209:: ########EPOCH 33 ########
2024-12-02 00:34:07,729 INFO _main.py 210:: ###Model distribution###
2024-12-02 00:34:10,243 INFO server.py 1064:: clients' sizes=[1, 2, 1, 0, 0, 0, 2, 2, 0, 1, 0, 1, 2, 2, 2, 2, 1, 1, 2, 0, 1, 1, 1, 1, 1, 0, 1, 1, 1, 1, 2, 0, 2, 0, 1, 2, 1, 0, 2, 0], total=41
2024-12-02 00:34:10,267 INFO server.py 327:: [Server] The aggregation takes 0.024805 seconds.

2024-12-02 00:34:10,268 INFO server.py 211:: [Server] Start testing
2024-12-02 00:34:10,282 INFO server.py 235:: [Server] Test set: Average loss: 1.2876, Accuracy: 120/200 (60.0%)

2024-12-02 00:34:10,283 INFO server.py 238:: [Sever] Confusion matrix:
 tensor([[41.,  8.,  1.,  0.],
        [15., 22., 10.,  3.],
        [ 9., 11., 19., 11.],
        [ 4.,  2.,  6., 38.]])
2024-12-02 00:34:10,284 INFO server.py 254:: [Server] Precision=[0.5942029 0.5116279 0.5277778 0.7307692],
 Recall=[0.82 0.44 0.38 0.76],
 F1-score=[0.6890756  0.47311828 0.44186047 0.74509805],
 my_accuracy=60.00000238418579[%]
2024-12-02 00:34:10,285 INFO _main.py 209:: ########EPOCH 34 ########
2024-12-02 00:34:10,285 INFO _main.py 210:: ###Model distribution###
2024-12-02 00:34:12,987 INFO server.py 1064:: clients' sizes=[1, 2, 1, 0, 0, 0, 2, 2, 0, 1, 0, 1, 2, 2, 2, 2, 1, 1, 2, 0, 1, 1, 1, 1, 1, 0, 1, 1, 1, 1, 2, 0, 2, 0, 1, 2, 1, 0, 2, 0], total=41
2024-12-02 00:34:13,028 INFO server.py 327:: [Server] The aggregation takes 0.042033 seconds.

2024-12-02 00:34:13,032 INFO server.py 211:: [Server] Start testing
2024-12-02 00:34:13,072 INFO server.py 235:: [Server] Test set: Average loss: 1.3096, Accuracy: 119/200 (59.5%)

2024-12-02 00:34:13,077 INFO server.py 238:: [Sever] Confusion matrix:
 tensor([[41.,  7.,  2.,  0.],
        [15., 20., 12.,  3.],
        [ 9., 10., 20., 11.],
        [ 4.,  2.,  6., 38.]])
2024-12-02 00:34:13,079 INFO server.py 254:: [Server] Precision=[0.5942029  0.51282054 0.5        0.7307692 ],
 Recall=[0.82 0.4  0.4  0.76],
 F1-score=[0.6890756  0.4494382  0.44444448 0.74509805],
 my_accuracy=59.50000286102295[%]
