2024-12-02 02:03:52,311 INFO _main.py 39:: ################################################################
2024-12-02 02:03:52,312 INFO _main.py 41:: #                              batch_size: 64                  #
2024-12-02 02:03:52,313 INFO _main.py 41:: #                         test_batch_size: 32                  #
2024-12-02 02:03:52,313 INFO _main.py 41:: #                                  epochs: 20                  #
2024-12-02 02:03:52,313 INFO _main.py 41:: #                               optimizer: SGD                 #
2024-12-02 02:03:52,314 INFO _main.py 41:: #                                      lr: 0.01                #
2024-12-02 02:03:52,314 INFO _main.py 41:: #                                momentum: 0.9                 #
2024-12-02 02:03:52,314 INFO _main.py 41:: #                            weight_decay: 0.0001              #
2024-12-02 02:03:52,315 INFO _main.py 41:: #                                    seed: 1                   #
2024-12-02 02:03:52,315 INFO _main.py 41:: #                            log_interval: 11                  #
2024-12-02 02:03:52,315 INFO _main.py 41:: #                             num_clients: 40                  #
2024-12-02 02:03:52,315 INFO _main.py 41:: #                           output_folder: experiments         #
2024-12-02 02:03:52,315 INFO _main.py 41:: #                                 dataset: rockburst           #
2024-12-02 02:03:52,316 INFO _main.py 41:: #                             loader_type: dirichlet           #
2024-12-02 02:03:52,316 INFO _main.py 41:: #                             loader_path: ./data/loader.pk    #
2024-12-02 02:03:52,316 INFO _main.py 41:: #                                      AR: mkrum               #
2024-12-02 02:03:52,316 INFO _main.py 41:: #                     n_attacker_backdoor: 0                   #
2024-12-02 02:03:52,316 INFO _main.py 41:: #                        backdoor_trigger: [0, 0, 1, 1]        #
2024-12-02 02:03:52,317 INFO _main.py 41:: #                   n_attacker_omniscient: 0                   #
2024-12-02 02:03:52,317 INFO _main.py 41:: #                        omniscient_scale: 1                   #
2024-12-02 02:03:52,317 INFO _main.py 41:: #                                 attacks: None                #
2024-12-02 02:03:52,317 INFO _main.py 41:: #                      save_model_weights: False               #
2024-12-02 02:03:52,318 INFO _main.py 41:: #                         experiment_name: sExp4Ba_40ep_rockburst_mkrum_40C_5#
2024-12-02 02:03:52,318 INFO _main.py 41:: #                          path_to_aggNet: None                #
2024-12-02 02:03:52,318 INFO _main.py 41:: #                                  device: cpu                 #
2024-12-02 02:03:52,319 INFO _main.py 41:: #                            inner_epochs: 30                  #
2024-12-02 02:03:52,319 INFO _main.py 41:: #                                 verbose: True                #
2024-12-02 02:03:52,319 INFO _main.py 41:: #                         list_unreliable: [2, 18, 20]         #
2024-12-02 02:03:52,319 INFO _main.py 41:: #                     unreliable_fraction: 0.5                 #
2024-12-02 02:03:52,320 INFO _main.py 41:: #                    unreliable_fracTrain: 0.3                 #
2024-12-02 02:03:52,320 INFO _main.py 41:: #                         mean_unreliable: 0.0                 #
2024-12-02 02:03:52,320 INFO _main.py 41:: #                             blur_method: add_noise           #
2024-12-02 02:03:52,320 INFO _main.py 41:: #                      max_std_unreliable: 30.0                #
2024-12-02 02:03:52,321 INFO _main.py 41:: #                     list_uatk_add_noise: [24, 25, 26]        #
2024-12-02 02:03:52,321 INFO _main.py 41:: #                          mean_add_noise: 0.0                 #
2024-12-02 02:03:52,321 INFO _main.py 41:: #                           std_add_noise: 0.01                #
2024-12-02 02:03:52,321 INFO _main.py 41:: #                     list_uatk_flip_sign: [0, 10, 11]         #
2024-12-02 02:03:52,322 INFO _main.py 42:: ################################################################
2024-12-02 02:03:52,322 INFO _main.py 43:: Namespace(batch_size=64, test_batch_size=32, epochs=20, optimizer='SGD', lr=0.01, momentum=0.9, weight_decay=0.0001, seed=1, log_interval=11, num_clients=40, output_folder='experiments', dataset='rockburst', loader_type='dirichlet', loader_path='./data/loader.pk', AR='mkrum', n_attacker_backdoor=0, backdoor_trigger=[0, 0, 1, 1], n_attacker_omniscient=0, omniscient_scale=1, attacks=None, save_model_weights=False, experiment_name='sExp4Ba_40ep_rockburst_mkrum_40C_5', path_to_aggNet=None, device='cpu', inner_epochs=30, verbose=True, list_unreliable=[2, 18, 20], unreliable_fraction=0.5, unreliable_fracTrain=0.3, mean_unreliable=0.0, blur_method='add_noise', max_std_unreliable=30.0, list_uatk_add_noise=[24, 25, 26], mean_add_noise=0.0, std_add_noise=0.01, list_uatk_flip_sign=[0, 10, 11])
2024-12-02 02:03:52,322 INFO _main.py 44:: #####################
2024-12-02 02:03:52,322 INFO _main.py 45:: #####################
2024-12-02 02:03:52,323 INFO _main.py 46:: #####################
2024-12-02 02:03:52,323 INFO _main.py 47:: Aggregation Rule:	mkrum
2024-12-02 02:03:52,323 INFO _main.py 48:: Data distribution:	dirichlet
2024-12-02 02:03:52,323 INFO _main.py 49:: Attacks:	None 
2024-12-02 02:03:52,324 INFO _main.py 50:: #####################
2024-12-02 02:03:52,324 INFO _main.py 51:: #####################
2024-12-02 02:03:52,324 INFO _main.py 52:: #####################
2024-12-02 02:03:53,869 INFO server.py 366:: SET DBSCAN eps=1.3, min_samples=10
2024-12-02 02:03:53,872 INFO _main.py 135:: [1-normal, 0-malicious] label =tensor([0., 1., 1., 1., 1., 1., 1., 1., 1., 1., 0., 0., 1., 1., 1., 1., 1., 1.,
        1., 1., 1., 1., 1., 1., 0., 0., 0., 1., 1., 1., 1., 1., 1., 1., 1., 1.,
        1., 1., 1., 1.])
2024-12-02 02:03:53,877 INFO malicious_clients.py 123:: init ATTACK OMNISCIENT Client 0
2024-12-02 02:03:53,882 INFO malicious_clients.py 18:: init UNRELIABLE Client 2
2024-12-02 02:03:53,913 INFO malicious_clients.py 123:: init ATTACK OMNISCIENT Client 10
2024-12-02 02:03:53,917 INFO malicious_clients.py 123:: init ATTACK OMNISCIENT Client 11
2024-12-02 02:03:53,938 INFO malicious_clients.py 18:: init UNRELIABLE Client 18
2024-12-02 02:03:53,945 INFO malicious_clients.py 18:: init UNRELIABLE Client 20
2024-12-02 02:03:53,961 INFO malicious_clients.py 73:: init ATTACK ADD NOISE TO GRAD Client 24
2024-12-02 02:03:53,966 INFO malicious_clients.py 73:: init ATTACK ADD NOISE TO GRAD Client 25
2024-12-02 02:03:53,970 INFO malicious_clients.py 73:: init ATTACK ADD NOISE TO GRAD Client 26
2024-12-02 02:03:54,020 INFO server.py 211:: [Server] Start testing
2024-12-02 02:03:54,038 INFO server.py 235:: [Server] Test set: Average loss: 1.3864, Accuracy: 50/200 (25.0%)

2024-12-02 02:03:54,039 INFO server.py 238:: [Sever] Confusion matrix:
 tensor([[50.,  0.,  0.,  0.],
        [50.,  0.,  0.,  0.],
        [50.,  0.,  0.,  0.],
        [50.,  0.,  0.,  0.]])
2024-12-02 02:03:54,047 INFO server.py 254:: [Server] Precision=[0.25  nan  nan  nan],
 Recall=[1. 0. 0. 0.],
 F1-score=[0.4 nan nan nan],
 my_accuracy=25.0[%]
2024-12-02 02:03:54,049 INFO _main.py 209:: ########EPOCH 0 ########
2024-12-02 02:03:54,049 INFO _main.py 210:: ###Model distribution###
2024-12-02 02:03:56,612 INFO server.py 1080:: clients' sizes=[1, 2, 1, 0, 0, 0, 2, 2, 0, 1, 0, 1, 2, 2, 2, 2, 1, 1, 2, 0, 1, 1, 1, 1, 1, 0, 1, 1, 1, 1, 2, 0, 2, 0, 1, 2, 1, 0, 2, 0], total=41
2024-12-02 02:03:56,639 INFO server.py 327:: [Server] The aggregation takes 0.038288 seconds.

2024-12-02 02:03:56,640 INFO server.py 211:: [Server] Start testing
2024-12-02 02:03:56,654 INFO server.py 235:: [Server] Test set: Average loss: 1.3618, Accuracy: 63/200 (31.5%)

2024-12-02 02:03:56,655 INFO server.py 238:: [Sever] Confusion matrix:
 tensor([[50.,  0.,  0.,  0.],
        [50.,  0.,  0.,  0.],
        [50.,  0.,  0.,  0.],
        [37.,  0.,  0., 13.]])
2024-12-02 02:03:56,656 INFO server.py 254:: [Server] Precision=[0.26737967        nan        nan 1.        ],
 Recall=[1.   0.   0.   0.26],
 F1-score=[0.42194092        nan        nan 0.4126984 ],
 my_accuracy=31.49999976158142[%]
2024-12-02 02:03:56,657 INFO _main.py 209:: ########EPOCH 1 ########
2024-12-02 02:03:56,658 INFO _main.py 210:: ###Model distribution###
2024-12-02 02:03:59,729 INFO server.py 1080:: clients' sizes=[1, 2, 1, 0, 0, 0, 2, 2, 0, 1, 0, 1, 2, 2, 2, 2, 1, 1, 2, 0, 1, 1, 1, 1, 1, 0, 1, 1, 1, 1, 2, 0, 2, 0, 1, 2, 1, 0, 2, 0], total=41
2024-12-02 02:03:59,750 INFO server.py 327:: [Server] The aggregation takes 0.021185 seconds.

2024-12-02 02:03:59,750 INFO server.py 211:: [Server] Start testing
2024-12-02 02:03:59,764 INFO server.py 235:: [Server] Test set: Average loss: 1.3251, Accuracy: 77/200 (38.5%)

2024-12-02 02:03:59,765 INFO server.py 238:: [Sever] Confusion matrix:
 tensor([[50.,  0.,  0.,  0.],
        [50.,  0.,  0.,  0.],
        [48.,  0.,  0.,  2.],
        [23.,  0.,  0., 27.]])
2024-12-02 02:03:59,767 INFO server.py 254:: [Server] Precision=[0.29239765        nan        nan 0.9310345 ],
 Recall=[1.   0.   0.   0.54],
 F1-score=[0.4524887         nan        nan 0.68354434],
 my_accuracy=38.499999046325684[%]
2024-12-02 02:03:59,767 INFO _main.py 209:: ########EPOCH 2 ########
2024-12-02 02:03:59,768 INFO _main.py 210:: ###Model distribution###
2024-12-02 02:04:02,644 INFO server.py 1080:: clients' sizes=[1, 2, 1, 0, 0, 0, 2, 2, 0, 1, 0, 1, 2, 2, 2, 2, 1, 1, 2, 0, 1, 1, 1, 1, 1, 0, 1, 1, 1, 1, 2, 0, 2, 0, 1, 2, 1, 0, 2, 0], total=41
2024-12-02 02:04:02,678 INFO server.py 327:: [Server] The aggregation takes 0.034442 seconds.

2024-12-02 02:04:02,679 INFO server.py 211:: [Server] Start testing
2024-12-02 02:04:02,698 INFO server.py 235:: [Server] Test set: Average loss: 1.2746, Accuracy: 80/200 (40.0%)

2024-12-02 02:04:02,699 INFO server.py 238:: [Sever] Confusion matrix:
 tensor([[50.,  0.,  0.,  0.],
        [49.,  0.,  0.,  1.],
        [41.,  0.,  0.,  9.],
        [20.,  0.,  0., 30.]])
2024-12-02 02:04:02,701 INFO server.py 254:: [Server] Precision=[0.3125    nan    nan 0.75  ],
 Recall=[1.  0.  0.  0.6],
 F1-score=[0.47619048        nan        nan 0.6666667 ],
 my_accuracy=40.00000059604645[%]
2024-12-02 02:04:02,702 INFO _main.py 209:: ########EPOCH 3 ########
2024-12-02 02:04:02,703 INFO _main.py 210:: ###Model distribution###
2024-12-02 02:04:06,462 INFO server.py 1080:: clients' sizes=[1, 2, 1, 0, 0, 0, 2, 2, 0, 1, 0, 1, 2, 2, 2, 2, 1, 1, 2, 0, 1, 1, 1, 1, 1, 0, 1, 1, 1, 1, 2, 0, 2, 0, 1, 2, 1, 0, 2, 0], total=41
2024-12-02 02:04:06,504 INFO server.py 327:: [Server] The aggregation takes 0.042570 seconds.

2024-12-02 02:04:06,505 INFO server.py 211:: [Server] Start testing
2024-12-02 02:04:06,532 INFO server.py 235:: [Server] Test set: Average loss: 1.2396, Accuracy: 83/200 (41.5%)

2024-12-02 02:04:06,536 INFO server.py 238:: [Sever] Confusion matrix:
 tensor([[50.,  0.,  0.,  0.],
        [47.,  0.,  0.,  3.],
        [40.,  0.,  0., 10.],
        [17.,  0.,  0., 33.]])
2024-12-02 02:04:06,539 INFO server.py 254:: [Server] Precision=[0.32467532        nan        nan 0.7173913 ],
 Recall=[1.   0.   0.   0.66],
 F1-score=[0.49019608        nan        nan 0.6875    ],
 my_accuracy=41.49999916553497[%]
2024-12-02 02:04:06,539 INFO _main.py 209:: ########EPOCH 4 ########
2024-12-02 02:04:06,540 INFO _main.py 210:: ###Model distribution###
2024-12-02 02:04:09,886 INFO server.py 1080:: clients' sizes=[1, 2, 1, 0, 0, 0, 2, 2, 0, 1, 0, 1, 2, 2, 2, 2, 1, 1, 2, 0, 1, 1, 1, 1, 1, 0, 1, 1, 1, 1, 2, 0, 2, 0, 1, 2, 1, 0, 2, 0], total=41
2024-12-02 02:04:09,908 INFO server.py 327:: [Server] The aggregation takes 0.024562 seconds.

2024-12-02 02:04:09,909 INFO server.py 211:: [Server] Start testing
2024-12-02 02:04:09,923 INFO server.py 235:: [Server] Test set: Average loss: 1.1714, Accuracy: 86/200 (43.0%)

2024-12-02 02:04:09,924 INFO server.py 238:: [Sever] Confusion matrix:
 tensor([[50.,  0.,  0.,  0.],
        [46.,  0.,  0.,  4.],
        [38.,  0.,  0., 12.],
        [14.,  0.,  0., 36.]])
2024-12-02 02:04:09,926 INFO server.py 254:: [Server] Precision=[0.33783785        nan        nan 0.6923077 ],
 Recall=[1.   0.   0.   0.72],
 F1-score=[0.50505054        nan        nan 0.7058824 ],
 my_accuracy=43.00000071525574[%]
2024-12-02 02:04:09,926 INFO _main.py 209:: ########EPOCH 5 ########
2024-12-02 02:04:09,927 INFO _main.py 210:: ###Model distribution###
2024-12-02 02:04:12,482 INFO server.py 1080:: clients' sizes=[1, 2, 1, 0, 0, 0, 2, 2, 0, 1, 0, 1, 2, 2, 2, 2, 1, 1, 2, 0, 1, 1, 1, 1, 1, 0, 1, 1, 1, 1, 2, 0, 2, 0, 1, 2, 1, 0, 2, 0], total=41
2024-12-02 02:04:12,506 INFO server.py 327:: [Server] The aggregation takes 0.025139 seconds.

2024-12-02 02:04:12,507 INFO server.py 211:: [Server] Start testing
2024-12-02 02:04:12,521 INFO server.py 235:: [Server] Test set: Average loss: 1.1359, Accuracy: 86/200 (43.0%)

2024-12-02 02:04:12,522 INFO server.py 238:: [Sever] Confusion matrix:
 tensor([[50.,  0.,  0.,  0.],
        [46.,  0.,  0.,  4.],
        [37.,  0.,  0., 13.],
        [14.,  0.,  0., 36.]])
2024-12-02 02:04:12,523 INFO server.py 254:: [Server] Precision=[0.34013605        nan        nan 0.6792453 ],
 Recall=[1.   0.   0.   0.72],
 F1-score=[0.5076142         nan        nan 0.69902915],
 my_accuracy=43.00000071525574[%]
2024-12-02 02:04:12,524 INFO _main.py 209:: ########EPOCH 6 ########
2024-12-02 02:04:12,524 INFO _main.py 210:: ###Model distribution###
2024-12-02 02:04:15,065 INFO server.py 1080:: clients' sizes=[1, 2, 1, 0, 0, 0, 2, 2, 0, 1, 0, 1, 2, 2, 2, 2, 1, 1, 2, 0, 1, 1, 1, 1, 1, 0, 1, 1, 1, 1, 2, 0, 2, 0, 1, 2, 1, 0, 2, 0], total=41
2024-12-02 02:04:15,086 INFO server.py 327:: [Server] The aggregation takes 0.022265 seconds.

2024-12-02 02:04:15,087 INFO server.py 211:: [Server] Start testing
2024-12-02 02:04:15,102 INFO server.py 235:: [Server] Test set: Average loss: 1.1056, Accuracy: 87/200 (43.5%)

2024-12-02 02:04:15,104 INFO server.py 238:: [Sever] Confusion matrix:
 tensor([[50.,  0.,  0.,  0.],
        [46.,  0.,  0.,  4.],
        [36.,  0.,  0., 14.],
        [11.,  0.,  2., 37.]])
2024-12-02 02:04:15,105 INFO server.py 254:: [Server] Precision=[0.34965035        nan 0.         0.6727273 ],
 Recall=[1.   0.   0.   0.74],
 F1-score=[0.5181347         nan        nan 0.70476186],
 my_accuracy=43.50000023841858[%]
2024-12-02 02:04:15,106 INFO _main.py 209:: ########EPOCH 7 ########
2024-12-02 02:04:15,107 INFO _main.py 210:: ###Model distribution###
2024-12-02 02:04:18,012 INFO server.py 1080:: clients' sizes=[1, 2, 1, 0, 0, 0, 2, 2, 0, 1, 0, 1, 2, 2, 2, 2, 1, 1, 2, 0, 1, 1, 1, 1, 1, 0, 1, 1, 1, 1, 2, 0, 2, 0, 1, 2, 1, 0, 2, 0], total=41
2024-12-02 02:04:18,044 INFO server.py 327:: [Server] The aggregation takes 0.035253 seconds.

2024-12-02 02:04:18,046 INFO server.py 211:: [Server] Start testing
2024-12-02 02:04:18,070 INFO server.py 235:: [Server] Test set: Average loss: 1.0783, Accuracy: 92/200 (46.0%)

2024-12-02 02:04:18,077 INFO server.py 238:: [Sever] Confusion matrix:
 tensor([[50.,  0.,  0.,  0.],
        [44.,  1.,  1.,  4.],
        [30.,  4.,  2., 14.],
        [11.,  0.,  0., 39.]])
2024-12-02 02:04:18,080 INFO server.py 254:: [Server] Precision=[0.37037036 0.2        0.6666667  0.68421054],
 Recall=[1.   0.02 0.04 0.78],
 F1-score=[0.5405405  0.03636364 0.0754717  0.72897196],
 my_accuracy=46.00000083446503[%]
2024-12-02 02:04:18,082 INFO _main.py 209:: ########EPOCH 8 ########
2024-12-02 02:04:18,082 INFO _main.py 210:: ###Model distribution###
2024-12-02 02:04:22,670 INFO server.py 1080:: clients' sizes=[1, 2, 1, 0, 0, 0, 2, 2, 0, 1, 0, 1, 2, 2, 2, 2, 1, 1, 2, 0, 1, 1, 1, 1, 1, 0, 1, 1, 1, 1, 2, 0, 2, 0, 1, 2, 1, 0, 2, 0], total=41
2024-12-02 02:04:22,705 INFO server.py 327:: [Server] The aggregation takes 0.036908 seconds.

2024-12-02 02:04:22,707 INFO server.py 211:: [Server] Start testing
2024-12-02 02:04:22,727 INFO server.py 235:: [Server] Test set: Average loss: 1.0565, Accuracy: 98/200 (49.0%)

2024-12-02 02:04:22,729 INFO server.py 238:: [Sever] Confusion matrix:
 tensor([[47.,  3.,  0.,  0.],
        [35., 10.,  1.,  4.],
        [25., 10.,  2., 13.],
        [ 9.,  2.,  0., 39.]])
2024-12-02 02:04:22,730 INFO server.py 254:: [Server] Precision=[0.4051724 0.4       0.6666667 0.6964286],
 Recall=[0.94 0.2  0.04 0.78],
 F1-score=[0.56626505 0.26666668 0.0754717  0.7358491 ],
 my_accuracy=49.000000953674316[%]
2024-12-02 02:04:22,731 INFO _main.py 209:: ########EPOCH 9 ########
2024-12-02 02:04:22,732 INFO _main.py 210:: ###Model distribution###
2024-12-02 02:04:25,468 INFO server.py 1080:: clients' sizes=[1, 2, 1, 0, 0, 0, 2, 2, 0, 1, 0, 1, 2, 2, 2, 2, 1, 1, 2, 0, 1, 1, 1, 1, 1, 0, 1, 1, 1, 1, 2, 0, 2, 0, 1, 2, 1, 0, 2, 0], total=41
2024-12-02 02:04:25,489 INFO server.py 327:: [Server] The aggregation takes 0.021783 seconds.

2024-12-02 02:04:25,490 INFO server.py 211:: [Server] Start testing
2024-12-02 02:04:25,503 INFO server.py 235:: [Server] Test set: Average loss: 1.0316, Accuracy: 97/200 (48.5%)

2024-12-02 02:04:25,504 INFO server.py 238:: [Sever] Confusion matrix:
 tensor([[47.,  3.,  0.,  0.],
        [35.,  9.,  2.,  4.],
        [24., 11.,  2., 13.],
        [ 9.,  0.,  2., 39.]])
2024-12-02 02:04:25,506 INFO server.py 254:: [Server] Precision=[0.40869564 0.39130434 0.33333334 0.6964286 ],
 Recall=[0.94 0.18 0.04 0.78],
 F1-score=[0.56969696 0.24657537 0.07142857 0.7358491 ],
 my_accuracy=48.500001430511475[%]
2024-12-02 02:04:25,506 INFO _main.py 209:: ########EPOCH 10 ########
2024-12-02 02:04:25,507 INFO _main.py 210:: ###Model distribution###
2024-12-02 02:04:28,043 INFO server.py 1080:: clients' sizes=[1, 2, 1, 0, 0, 0, 2, 2, 0, 1, 0, 1, 2, 2, 2, 2, 1, 1, 2, 0, 1, 1, 1, 1, 1, 0, 1, 1, 1, 1, 2, 0, 2, 0, 1, 2, 1, 0, 2, 0], total=41
2024-12-02 02:04:28,064 INFO server.py 327:: [Server] The aggregation takes 0.022495 seconds.

2024-12-02 02:04:28,065 INFO server.py 211:: [Server] Start testing
2024-12-02 02:04:28,082 INFO server.py 235:: [Server] Test set: Average loss: 1.0196, Accuracy: 100/200 (50.0%)

2024-12-02 02:04:28,084 INFO server.py 238:: [Sever] Confusion matrix:
 tensor([[47.,  3.,  0.,  0.],
        [33., 12.,  1.,  4.],
        [19., 15.,  2., 14.],
        [ 6.,  1.,  4., 39.]])
2024-12-02 02:04:28,087 INFO server.py 254:: [Server] Precision=[0.44761905 0.38709676 0.2857143  0.68421054],
 Recall=[0.94 0.24 0.04 0.78],
 F1-score=[0.60645163 0.29629627 0.07017544 0.72897196],
 my_accuracy=50.0[%]
2024-12-02 02:04:28,088 INFO _main.py 209:: ########EPOCH 11 ########
2024-12-02 02:04:28,088 INFO _main.py 210:: ###Model distribution###
2024-12-02 02:04:31,214 INFO server.py 1080:: clients' sizes=[1, 2, 1, 0, 0, 0, 2, 2, 0, 1, 0, 1, 2, 2, 2, 2, 1, 1, 2, 0, 1, 1, 1, 1, 1, 0, 1, 1, 1, 1, 2, 0, 2, 0, 1, 2, 1, 0, 2, 0], total=41
2024-12-02 02:04:31,236 INFO server.py 327:: [Server] The aggregation takes 0.022452 seconds.

2024-12-02 02:04:31,237 INFO server.py 211:: [Server] Start testing
2024-12-02 02:04:31,253 INFO server.py 235:: [Server] Test set: Average loss: 1.0064, Accuracy: 104/200 (52.0%)

2024-12-02 02:04:31,254 INFO server.py 238:: [Sever] Confusion matrix:
 tensor([[47.,  3.,  0.,  0.],
        [30., 15.,  2.,  3.],
        [18., 15.,  3., 14.],
        [ 6.,  0.,  5., 39.]])
2024-12-02 02:04:31,255 INFO server.py 254:: [Server] Precision=[0.46534654 0.45454547 0.3        0.6964286 ],
 Recall=[0.94 0.3  0.06 0.78],
 F1-score=[0.6225166  0.36144578 0.1        0.7358491 ],
 my_accuracy=51.99999809265137[%]
2024-12-02 02:04:31,256 INFO _main.py 209:: ########EPOCH 12 ########
2024-12-02 02:04:31,256 INFO _main.py 210:: ###Model distribution###
2024-12-02 02:04:33,993 INFO server.py 1080:: clients' sizes=[1, 2, 1, 0, 0, 0, 2, 2, 0, 1, 0, 1, 2, 2, 2, 2, 1, 1, 2, 0, 1, 1, 1, 1, 1, 0, 1, 1, 1, 1, 2, 0, 2, 0, 1, 2, 1, 0, 2, 0], total=41
2024-12-02 02:04:34,025 INFO server.py 327:: [Server] The aggregation takes 0.032578 seconds.

2024-12-02 02:04:34,026 INFO server.py 211:: [Server] Start testing
2024-12-02 02:04:34,046 INFO server.py 235:: [Server] Test set: Average loss: 1.0023, Accuracy: 106/200 (53.0%)

2024-12-02 02:04:34,048 INFO server.py 238:: [Sever] Confusion matrix:
 tensor([[47.,  3.,  0.,  0.],
        [29., 15.,  3.,  3.],
        [18., 14.,  5., 13.],
        [ 5.,  0.,  6., 39.]])
2024-12-02 02:04:34,050 INFO server.py 254:: [Server] Precision=[0.47474748 0.46875    0.35714287 0.7090909 ],
 Recall=[0.94 0.3  0.1  0.78],
 F1-score=[0.6308725  0.36585367 0.15625    0.7428571 ],
 my_accuracy=52.99999713897705[%]
2024-12-02 02:04:34,051 INFO _main.py 209:: ########EPOCH 13 ########
2024-12-02 02:04:34,052 INFO _main.py 210:: ###Model distribution###
2024-12-02 02:04:37,702 INFO server.py 1080:: clients' sizes=[1, 2, 1, 0, 0, 0, 2, 2, 0, 1, 0, 1, 2, 2, 2, 2, 1, 1, 2, 0, 1, 1, 1, 1, 1, 0, 1, 1, 1, 1, 2, 0, 2, 0, 1, 2, 1, 0, 2, 0], total=41
2024-12-02 02:04:37,737 INFO server.py 327:: [Server] The aggregation takes 0.036231 seconds.

2024-12-02 02:04:37,738 INFO server.py 211:: [Server] Start testing
2024-12-02 02:04:37,760 INFO server.py 235:: [Server] Test set: Average loss: 0.9736, Accuracy: 104/200 (52.0%)

2024-12-02 02:04:37,761 INFO server.py 238:: [Sever] Confusion matrix:
 tensor([[44.,  6.,  0.,  0.],
        [26., 16.,  5.,  3.],
        [13., 19.,  5., 13.],
        [ 5.,  0.,  6., 39.]])
2024-12-02 02:04:37,764 INFO server.py 254:: [Server] Precision=[0.5       0.3902439 0.3125    0.7090909],
 Recall=[0.88 0.32 0.1  0.78],
 F1-score=[0.6376812  0.35164833 0.15151516 0.7428571 ],
 my_accuracy=51.99999809265137[%]
2024-12-02 02:04:37,765 INFO _main.py 209:: ########EPOCH 14 ########
2024-12-02 02:04:37,765 INFO _main.py 210:: ###Model distribution###
2024-12-02 02:04:41,532 INFO server.py 1080:: clients' sizes=[1, 2, 1, 0, 0, 0, 2, 2, 0, 1, 0, 1, 2, 2, 2, 2, 1, 1, 2, 0, 1, 1, 1, 1, 1, 0, 1, 1, 1, 1, 2, 0, 2, 0, 1, 2, 1, 0, 2, 0], total=41
2024-12-02 02:04:41,553 INFO server.py 327:: [Server] The aggregation takes 0.022067 seconds.

2024-12-02 02:04:41,554 INFO server.py 211:: [Server] Start testing
2024-12-02 02:04:41,568 INFO server.py 235:: [Server] Test set: Average loss: 0.9575, Accuracy: 105/200 (52.5%)

2024-12-02 02:04:41,569 INFO server.py 238:: [Sever] Confusion matrix:
 tensor([[42.,  8.,  0.,  0.],
        [24., 18.,  5.,  3.],
        [13., 18.,  6., 13.],
        [ 4.,  1.,  6., 39.]])
2024-12-02 02:04:41,571 INFO server.py 254:: [Server] Precision=[0.5060241 0.4       0.3529412 0.7090909],
 Recall=[0.84 0.36 0.12 0.78],
 F1-score=[0.631579   0.3789474  0.17910448 0.7428571 ],
 my_accuracy=52.49999761581421[%]
2024-12-02 02:04:41,572 INFO _main.py 209:: ########EPOCH 15 ########
2024-12-02 02:04:41,572 INFO _main.py 210:: ###Model distribution###
2024-12-02 02:04:44,163 INFO server.py 1080:: clients' sizes=[1, 2, 1, 0, 0, 0, 2, 2, 0, 1, 0, 1, 2, 2, 2, 2, 1, 1, 2, 0, 1, 1, 1, 1, 1, 0, 1, 1, 1, 1, 2, 0, 2, 0, 1, 2, 1, 0, 2, 0], total=41
2024-12-02 02:04:44,184 INFO server.py 327:: [Server] The aggregation takes 0.021736 seconds.

2024-12-02 02:04:44,185 INFO server.py 211:: [Server] Start testing
2024-12-02 02:04:44,199 INFO server.py 235:: [Server] Test set: Average loss: 0.9645, Accuracy: 108/200 (54.0%)

2024-12-02 02:04:44,200 INFO server.py 238:: [Sever] Confusion matrix:
 tensor([[44.,  6.,  0.,  0.],
        [24., 19.,  4.,  3.],
        [14., 18.,  6., 12.],
        [ 5.,  0.,  6., 39.]])
2024-12-02 02:04:44,202 INFO server.py 254:: [Server] Precision=[0.50574714 0.44186047 0.375      0.7222222 ],
 Recall=[0.88 0.38 0.12 0.78],
 F1-score=[0.6423358  0.40860215 0.18181817 0.74999994],
 my_accuracy=54.00000214576721[%]
2024-12-02 02:04:44,203 INFO _main.py 209:: ########EPOCH 16 ########
2024-12-02 02:04:44,203 INFO _main.py 210:: ###Model distribution###
2024-12-02 02:04:46,782 INFO server.py 1080:: clients' sizes=[1, 2, 1, 0, 0, 0, 2, 2, 0, 1, 0, 1, 2, 2, 2, 2, 1, 1, 2, 0, 1, 1, 1, 1, 1, 0, 1, 1, 1, 1, 2, 0, 2, 0, 1, 2, 1, 0, 2, 0], total=41
2024-12-02 02:04:46,803 INFO server.py 327:: [Server] The aggregation takes 0.021335 seconds.

2024-12-02 02:04:46,804 INFO server.py 211:: [Server] Start testing
2024-12-02 02:04:46,818 INFO server.py 235:: [Server] Test set: Average loss: 0.9359, Accuracy: 107/200 (53.5%)

2024-12-02 02:04:46,819 INFO server.py 238:: [Sever] Confusion matrix:
 tensor([[42.,  8.,  0.,  0.],
        [21., 19.,  7.,  3.],
        [12., 19.,  7., 12.],
        [ 4.,  1.,  6., 39.]])
2024-12-02 02:04:46,820 INFO server.py 254:: [Server] Precision=[0.5316456  0.40425533 0.35       0.7222222 ],
 Recall=[0.84 0.38 0.14 0.78],
 F1-score=[0.6511628  0.39175257 0.19999999 0.74999994],
 my_accuracy=53.50000262260437[%]
2024-12-02 02:04:46,821 INFO _main.py 209:: ########EPOCH 17 ########
2024-12-02 02:04:46,821 INFO _main.py 210:: ###Model distribution###
2024-12-02 02:04:49,899 INFO server.py 1080:: clients' sizes=[1, 2, 1, 0, 0, 0, 2, 2, 0, 1, 0, 1, 2, 2, 2, 2, 1, 1, 2, 0, 1, 1, 1, 1, 1, 0, 1, 1, 1, 1, 2, 0, 2, 0, 1, 2, 1, 0, 2, 0], total=41
2024-12-02 02:04:49,962 INFO server.py 327:: [Server] The aggregation takes 0.063925 seconds.

2024-12-02 02:04:49,968 INFO server.py 211:: [Server] Start testing
2024-12-02 02:04:50,017 INFO server.py 235:: [Server] Test set: Average loss: 0.9312, Accuracy: 110/200 (55.0%)

2024-12-02 02:04:50,018 INFO server.py 238:: [Sever] Confusion matrix:
 tensor([[42.,  8.,  0.,  0.],
        [20., 20.,  7.,  3.],
        [13., 17.,  9., 11.],
        [ 4.,  1.,  6., 39.]])
2024-12-02 02:04:50,023 INFO server.py 254:: [Server] Precision=[0.5316456 0.4347826 0.4090909 0.7358491],
 Recall=[0.84 0.4  0.18 0.78],
 F1-score=[0.6511628  0.4166667  0.25       0.75728154],
 my_accuracy=55.000001192092896[%]
2024-12-02 02:04:50,024 INFO _main.py 209:: ########EPOCH 18 ########
2024-12-02 02:04:50,024 INFO _main.py 210:: ###Model distribution###
2024-12-02 02:04:53,766 INFO server.py 1080:: clients' sizes=[1, 2, 1, 0, 0, 0, 2, 2, 0, 1, 0, 1, 2, 2, 2, 2, 1, 1, 2, 0, 1, 1, 1, 1, 1, 0, 1, 1, 1, 1, 2, 0, 2, 0, 1, 2, 1, 0, 2, 0], total=41
2024-12-02 02:04:53,798 INFO server.py 327:: [Server] The aggregation takes 0.033485 seconds.

2024-12-02 02:04:53,799 INFO server.py 211:: [Server] Start testing
2024-12-02 02:04:53,820 INFO server.py 235:: [Server] Test set: Average loss: 0.9226, Accuracy: 116/200 (58.0%)

2024-12-02 02:04:53,822 INFO server.py 238:: [Sever] Confusion matrix:
 tensor([[42.,  8.,  0.,  0.],
        [20., 19.,  8.,  3.],
        [13., 12., 14., 11.],
        [ 4.,  1.,  4., 41.]])
2024-12-02 02:04:53,824 INFO server.py 254:: [Server] Precision=[0.5316456  0.475      0.53846157 0.74545455],
 Recall=[0.84 0.38 0.28 0.82],
 F1-score=[0.6511628  0.42222223 0.36842105 0.78095245],
 my_accuracy=57.999998331069946[%]
2024-12-02 02:04:53,824 INFO _main.py 209:: ########EPOCH 19 ########
2024-12-02 02:04:53,825 INFO _main.py 210:: ###Model distribution###
2024-12-02 02:04:56,827 INFO server.py 1080:: clients' sizes=[1, 2, 1, 0, 0, 0, 2, 2, 0, 1, 0, 1, 2, 2, 2, 2, 1, 1, 2, 0, 1, 1, 1, 1, 1, 0, 1, 1, 1, 1, 2, 0, 2, 0, 1, 2, 1, 0, 2, 0], total=41
2024-12-02 02:04:56,847 INFO server.py 327:: [Server] The aggregation takes 0.021093 seconds.

2024-12-02 02:04:56,848 INFO server.py 211:: [Server] Start testing
2024-12-02 02:04:56,862 INFO server.py 235:: [Server] Test set: Average loss: 0.9330, Accuracy: 116/200 (58.0%)

2024-12-02 02:04:56,863 INFO server.py 238:: [Sever] Confusion matrix:
 tensor([[42.,  8.,  0.,  0.],
        [20., 19.,  8.,  3.],
        [12., 12., 15., 11.],
        [ 4.,  2.,  4., 40.]])
2024-12-02 02:04:56,864 INFO server.py 254:: [Server] Precision=[0.53846157 0.46341464 0.5555556  0.7407407 ],
 Recall=[0.84 0.38 0.3  0.8 ],
 F1-score=[0.65625   0.4175824 0.3896104 0.7692308],
 my_accuracy=57.999998331069946[%]
