2024-12-02 00:22:09,311 INFO _main.py 39:: ################################################################
2024-12-02 00:22:09,314 INFO _main.py 41:: #                              batch_size: 64                  #
2024-12-02 00:22:09,316 INFO _main.py 41:: #                         test_batch_size: 32                  #
2024-12-02 00:22:09,317 INFO _main.py 41:: #                                  epochs: 30                  #
2024-12-02 00:22:09,317 INFO _main.py 41:: #                               optimizer: SGD                 #
2024-12-02 00:22:09,318 INFO _main.py 41:: #                                      lr: 0.01                #
2024-12-02 00:22:09,318 INFO _main.py 41:: #                                momentum: 0.9                 #
2024-12-02 00:22:09,318 INFO _main.py 41:: #                            weight_decay: 0.0001              #
2024-12-02 00:22:09,318 INFO _main.py 41:: #                                    seed: 1                   #
2024-12-02 00:22:09,318 INFO _main.py 41:: #                            log_interval: 11                  #
2024-12-02 00:22:09,319 INFO _main.py 41:: #                             num_clients: 40                  #
2024-12-02 00:22:09,319 INFO _main.py 41:: #                           output_folder: experiments         #
2024-12-02 00:22:09,319 INFO _main.py 41:: #                                 dataset: rockburst           #
2024-12-02 00:22:09,319 INFO _main.py 41:: #                             loader_type: dirichlet           #
2024-12-02 00:22:09,319 INFO _main.py 41:: #                             loader_path: ./data/loader.pk    #
2024-12-02 00:22:09,320 INFO _main.py 41:: #                                      AR: foolsgold           #
2024-12-02 00:22:09,320 INFO _main.py 41:: #                     n_attacker_backdoor: 0                   #
2024-12-02 00:22:09,320 INFO _main.py 41:: #                        backdoor_trigger: [0, 0, 1, 1]        #
2024-12-02 00:22:09,320 INFO _main.py 41:: #                   n_attacker_omniscient: 0                   #
2024-12-02 00:22:09,321 INFO _main.py 41:: #                        omniscient_scale: 1                   #
2024-12-02 00:22:09,321 INFO _main.py 41:: #                                 attacks: None                #
2024-12-02 00:22:09,321 INFO _main.py 41:: #                      save_model_weights: False               #
2024-12-02 00:22:09,321 INFO _main.py 41:: #                         experiment_name: sExp4Ba_40ep_rockburst_foolsgold_40C_5#
2024-12-02 00:22:09,322 INFO _main.py 41:: #                          path_to_aggNet: None                #
2024-12-02 00:22:09,322 INFO _main.py 41:: #                                  device: cpu                 #
2024-12-02 00:22:09,322 INFO _main.py 41:: #                            inner_epochs: 30                  #
2024-12-02 00:22:09,322 INFO _main.py 41:: #                                 verbose: True                #
2024-12-02 00:22:09,323 INFO _main.py 41:: #                         list_unreliable: [2, 18, 20]         #
2024-12-02 00:22:09,323 INFO _main.py 41:: #                     unreliable_fraction: 0.5                 #
2024-12-02 00:22:09,323 INFO _main.py 41:: #                    unreliable_fracTrain: 0.3                 #
2024-12-02 00:22:09,323 INFO _main.py 41:: #                         mean_unreliable: 0.0                 #
2024-12-02 00:22:09,324 INFO _main.py 41:: #                             blur_method: add_noise           #
2024-12-02 00:22:09,324 INFO _main.py 41:: #                      max_std_unreliable: 30.0                #
2024-12-02 00:22:09,324 INFO _main.py 41:: #                     list_uatk_add_noise: [24, 25, 26]        #
2024-12-02 00:22:09,324 INFO _main.py 41:: #                          mean_add_noise: 0.0                 #
2024-12-02 00:22:09,325 INFO _main.py 41:: #                           std_add_noise: 0.01                #
2024-12-02 00:22:09,325 INFO _main.py 41:: #                     list_uatk_flip_sign: [0, 10, 11]         #
2024-12-02 00:22:09,325 INFO _main.py 42:: ################################################################
2024-12-02 00:22:09,325 INFO _main.py 43:: Namespace(batch_size=64, test_batch_size=32, epochs=30, optimizer='SGD', lr=0.01, momentum=0.9, weight_decay=0.0001, seed=1, log_interval=11, num_clients=40, output_folder='experiments', dataset='rockburst', loader_type='dirichlet', loader_path='./data/loader.pk', AR='foolsgold', n_attacker_backdoor=0, backdoor_trigger=[0, 0, 1, 1], n_attacker_omniscient=0, omniscient_scale=1, attacks=None, save_model_weights=False, experiment_name='sExp4Ba_40ep_rockburst_foolsgold_40C_5', path_to_aggNet=None, device='cpu', inner_epochs=30, verbose=True, list_unreliable=[2, 18, 20], unreliable_fraction=0.5, unreliable_fracTrain=0.3, mean_unreliable=0.0, blur_method='add_noise', max_std_unreliable=30.0, list_uatk_add_noise=[24, 25, 26], mean_add_noise=0.0, std_add_noise=0.01, list_uatk_flip_sign=[0, 10, 11])
2024-12-02 00:22:09,326 INFO _main.py 44:: #####################
2024-12-02 00:22:09,326 INFO _main.py 45:: #####################
2024-12-02 00:22:09,326 INFO _main.py 46:: #####################
2024-12-02 00:22:09,327 INFO _main.py 47:: Aggregation Rule:	foolsgold
2024-12-02 00:22:09,327 INFO _main.py 48:: Data distribution:	dirichlet
2024-12-02 00:22:09,327 INFO _main.py 49:: Attacks:	None 
2024-12-02 00:22:09,327 INFO _main.py 50:: #####################
2024-12-02 00:22:09,327 INFO _main.py 51:: #####################
2024-12-02 00:22:09,328 INFO _main.py 52:: #####################
2024-12-02 00:22:11,017 INFO server.py 366:: SET DBSCAN eps=1.3, min_samples=10
2024-12-02 00:22:11,021 INFO _main.py 135:: [1-normal, 0-malicious] label =tensor([0., 1., 1., 1., 1., 1., 1., 1., 1., 1., 0., 0., 1., 1., 1., 1., 1., 1.,
        1., 1., 1., 1., 1., 1., 0., 0., 0., 1., 1., 1., 1., 1., 1., 1., 1., 1.,
        1., 1., 1., 1.])
2024-12-02 00:22:11,028 INFO malicious_clients.py 123:: init ATTACK OMNISCIENT Client 0
2024-12-02 00:22:11,035 INFO malicious_clients.py 18:: init UNRELIABLE Client 2
2024-12-02 00:22:11,080 INFO malicious_clients.py 123:: init ATTACK OMNISCIENT Client 10
2024-12-02 00:22:11,086 INFO malicious_clients.py 123:: init ATTACK OMNISCIENT Client 11
2024-12-02 00:22:11,118 INFO malicious_clients.py 18:: init UNRELIABLE Client 18
2024-12-02 00:22:11,132 INFO malicious_clients.py 18:: init UNRELIABLE Client 20
2024-12-02 00:22:11,163 INFO malicious_clients.py 73:: init ATTACK ADD NOISE TO GRAD Client 24
2024-12-02 00:22:11,169 INFO malicious_clients.py 73:: init ATTACK ADD NOISE TO GRAD Client 25
2024-12-02 00:22:11,175 INFO malicious_clients.py 73:: init ATTACK ADD NOISE TO GRAD Client 26
2024-12-02 00:22:11,256 INFO server.py 211:: [Server] Start testing
2024-12-02 00:22:11,279 INFO server.py 235:: [Server] Test set: Average loss: 1.3864, Accuracy: 50/200 (25.0%)

2024-12-02 00:22:11,281 INFO server.py 238:: [Sever] Confusion matrix:
 tensor([[50.,  0.,  0.,  0.],
        [50.,  0.,  0.,  0.],
        [50.,  0.,  0.,  0.],
        [50.,  0.,  0.,  0.]])
2024-12-02 00:22:11,288 INFO server.py 254:: [Server] Precision=[0.25  nan  nan  nan],
 Recall=[1. 0. 0. 0.],
 F1-score=[0.4 nan nan nan],
 my_accuracy=25.0[%]
2024-12-02 00:22:11,289 INFO _main.py 209:: ########EPOCH 0 ########
2024-12-02 00:22:11,289 INFO _main.py 210:: ###Model distribution###
2024-12-02 00:22:15,081 INFO server.py 1064:: clients' sizes=[1, 2, 1, 0, 0, 0, 2, 2, 0, 1, 0, 1, 2, 2, 2, 2, 1, 1, 2, 0, 1, 1, 1, 1, 1, 0, 1, 1, 1, 1, 2, 0, 2, 0, 1, 2, 1, 0, 2, 0], total=41
2024-12-02 00:22:15,117 INFO server.py 327:: [Server] The aggregation takes 0.046596 seconds.

2024-12-02 00:22:15,119 INFO server.py 211:: [Server] Start testing
2024-12-02 00:22:15,147 INFO server.py 235:: [Server] Test set: Average loss: 1.3819, Accuracy: 50/200 (25.0%)

2024-12-02 00:22:15,149 INFO server.py 238:: [Sever] Confusion matrix:
 tensor([[50.,  0.,  0.,  0.],
        [50.,  0.,  0.,  0.],
        [50.,  0.,  0.,  0.],
        [50.,  0.,  0.,  0.]])
2024-12-02 00:22:15,153 INFO server.py 254:: [Server] Precision=[0.25  nan  nan  nan],
 Recall=[1. 0. 0. 0.],
 F1-score=[0.4 nan nan nan],
 my_accuracy=25.0[%]
2024-12-02 00:22:15,154 INFO _main.py 209:: ########EPOCH 1 ########
2024-12-02 00:22:15,155 INFO _main.py 210:: ###Model distribution###
2024-12-02 00:22:18,218 INFO server.py 1064:: clients' sizes=[1, 2, 1, 0, 0, 0, 2, 2, 0, 1, 0, 1, 2, 2, 2, 2, 1, 1, 2, 0, 1, 1, 1, 1, 1, 0, 1, 1, 1, 1, 2, 0, 2, 0, 1, 2, 1, 0, 2, 0], total=41
2024-12-02 00:22:18,240 INFO server.py 327:: [Server] The aggregation takes 0.023115 seconds.

2024-12-02 00:22:18,243 INFO server.py 211:: [Server] Start testing
2024-12-02 00:22:18,263 INFO server.py 235:: [Server] Test set: Average loss: 1.3768, Accuracy: 50/200 (25.0%)

2024-12-02 00:22:18,264 INFO server.py 238:: [Sever] Confusion matrix:
 tensor([[50.,  0.,  0.,  0.],
        [50.,  0.,  0.,  0.],
        [50.,  0.,  0.,  0.],
        [50.,  0.,  0.,  0.]])
2024-12-02 00:22:18,266 INFO server.py 254:: [Server] Precision=[0.25  nan  nan  nan],
 Recall=[1. 0. 0. 0.],
 F1-score=[0.4 nan nan nan],
 my_accuracy=25.0[%]
2024-12-02 00:22:18,266 INFO _main.py 209:: ########EPOCH 2 ########
2024-12-02 00:22:18,267 INFO _main.py 210:: ###Model distribution###
2024-12-02 00:22:20,881 INFO server.py 1064:: clients' sizes=[1, 2, 1, 0, 0, 0, 2, 2, 0, 1, 0, 1, 2, 2, 2, 2, 1, 1, 2, 0, 1, 1, 1, 1, 1, 0, 1, 1, 1, 1, 2, 0, 2, 0, 1, 2, 1, 0, 2, 0], total=41
2024-12-02 00:22:20,905 INFO server.py 327:: [Server] The aggregation takes 0.024861 seconds.

2024-12-02 00:22:20,908 INFO server.py 211:: [Server] Start testing
2024-12-02 00:22:20,927 INFO server.py 235:: [Server] Test set: Average loss: 1.3728, Accuracy: 50/200 (25.0%)

2024-12-02 00:22:20,929 INFO server.py 238:: [Sever] Confusion matrix:
 tensor([[50.,  0.,  0.,  0.],
        [50.,  0.,  0.,  0.],
        [50.,  0.,  0.,  0.],
        [50.,  0.,  0.,  0.]])
2024-12-02 00:22:20,930 INFO server.py 254:: [Server] Precision=[0.25  nan  nan  nan],
 Recall=[1. 0. 0. 0.],
 F1-score=[0.4 nan nan nan],
 my_accuracy=25.0[%]
2024-12-02 00:22:20,931 INFO _main.py 209:: ########EPOCH 3 ########
2024-12-02 00:22:20,931 INFO _main.py 210:: ###Model distribution###
2024-12-02 00:22:23,503 INFO server.py 1064:: clients' sizes=[1, 2, 1, 0, 0, 0, 2, 2, 0, 1, 0, 1, 2, 2, 2, 2, 1, 1, 2, 0, 1, 1, 1, 1, 1, 0, 1, 1, 1, 1, 2, 0, 2, 0, 1, 2, 1, 0, 2, 0], total=41
2024-12-02 00:22:23,526 INFO server.py 327:: [Server] The aggregation takes 0.023858 seconds.

2024-12-02 00:22:23,528 INFO server.py 211:: [Server] Start testing
2024-12-02 00:22:23,548 INFO server.py 235:: [Server] Test set: Average loss: 1.3680, Accuracy: 50/200 (25.0%)

2024-12-02 00:22:23,550 INFO server.py 238:: [Sever] Confusion matrix:
 tensor([[50.,  0.,  0.,  0.],
        [50.,  0.,  0.,  0.],
        [50.,  0.,  0.,  0.],
        [50.,  0.,  0.,  0.]])
2024-12-02 00:22:23,552 INFO server.py 254:: [Server] Precision=[0.25  nan  nan  nan],
 Recall=[1. 0. 0. 0.],
 F1-score=[0.4 nan nan nan],
 my_accuracy=25.0[%]
2024-12-02 00:22:23,552 INFO _main.py 209:: ########EPOCH 4 ########
2024-12-02 00:22:23,553 INFO _main.py 210:: ###Model distribution###
2024-12-02 00:22:26,164 INFO server.py 1064:: clients' sizes=[1, 2, 1, 0, 0, 0, 2, 2, 0, 1, 0, 1, 2, 2, 2, 2, 1, 1, 2, 0, 1, 1, 1, 1, 1, 0, 1, 1, 1, 1, 2, 0, 2, 0, 1, 2, 1, 0, 2, 0], total=41
2024-12-02 00:22:26,204 INFO server.py 327:: [Server] The aggregation takes 0.040704 seconds.

2024-12-02 00:22:26,207 INFO server.py 211:: [Server] Start testing
2024-12-02 00:22:26,227 INFO server.py 235:: [Server] Test set: Average loss: 1.3633, Accuracy: 50/200 (25.0%)

2024-12-02 00:22:26,228 INFO server.py 238:: [Sever] Confusion matrix:
 tensor([[50.,  0.,  0.,  0.],
        [50.,  0.,  0.,  0.],
        [50.,  0.,  0.,  0.],
        [50.,  0.,  0.,  0.]])
2024-12-02 00:22:26,230 INFO server.py 254:: [Server] Precision=[0.25  nan  nan  nan],
 Recall=[1. 0. 0. 0.],
 F1-score=[0.4 nan nan nan],
 my_accuracy=25.0[%]
2024-12-02 00:22:26,231 INFO _main.py 209:: ########EPOCH 5 ########
2024-12-02 00:22:26,232 INFO _main.py 210:: ###Model distribution###
2024-12-02 00:22:30,157 INFO server.py 1064:: clients' sizes=[1, 2, 1, 0, 0, 0, 2, 2, 0, 1, 0, 1, 2, 2, 2, 2, 1, 1, 2, 0, 1, 1, 1, 1, 1, 0, 1, 1, 1, 1, 2, 0, 2, 0, 1, 2, 1, 0, 2, 0], total=41
2024-12-02 00:22:30,189 INFO server.py 327:: [Server] The aggregation takes 0.033411 seconds.

2024-12-02 00:22:30,192 INFO server.py 211:: [Server] Start testing
2024-12-02 00:22:30,215 INFO server.py 235:: [Server] Test set: Average loss: 1.3603, Accuracy: 56/200 (28.0%)

2024-12-02 00:22:30,216 INFO server.py 238:: [Sever] Confusion matrix:
 tensor([[50.,  0.,  0.,  0.],
        [50.,  0.,  0.,  0.],
        [44.,  0.,  6.,  0.],
        [50.,  0.,  0.,  0.]])
2024-12-02 00:22:30,219 INFO server.py 254:: [Server] Precision=[0.25773194        nan 1.                nan],
 Recall=[1.   0.   0.12 0.  ],
 F1-score=[0.40983605        nan 0.2142857         nan],
 my_accuracy=28.00000011920929[%]
2024-12-02 00:22:30,219 INFO _main.py 209:: ########EPOCH 6 ########
2024-12-02 00:22:30,220 INFO _main.py 210:: ###Model distribution###
2024-12-02 00:22:33,415 INFO server.py 1064:: clients' sizes=[1, 2, 1, 0, 0, 0, 2, 2, 0, 1, 0, 1, 2, 2, 2, 2, 1, 1, 2, 0, 1, 1, 1, 1, 1, 0, 1, 1, 1, 1, 2, 0, 2, 0, 1, 2, 1, 0, 2, 0], total=41
2024-12-02 00:22:33,439 INFO server.py 327:: [Server] The aggregation takes 0.024588 seconds.

2024-12-02 00:22:33,441 INFO server.py 211:: [Server] Start testing
2024-12-02 00:22:33,462 INFO server.py 235:: [Server] Test set: Average loss: 1.3551, Accuracy: 56/200 (28.0%)

2024-12-02 00:22:33,463 INFO server.py 238:: [Sever] Confusion matrix:
 tensor([[50.,  0.,  0.,  0.],
        [50.,  0.,  0.,  0.],
        [44.,  0.,  6.,  0.],
        [50.,  0.,  0.,  0.]])
2024-12-02 00:22:33,465 INFO server.py 254:: [Server] Precision=[0.25773194        nan 1.                nan],
 Recall=[1.   0.   0.12 0.  ],
 F1-score=[0.40983605        nan 0.2142857         nan],
 my_accuracy=28.00000011920929[%]
2024-12-02 00:22:33,465 INFO _main.py 209:: ########EPOCH 7 ########
2024-12-02 00:22:33,466 INFO _main.py 210:: ###Model distribution###
2024-12-02 00:22:36,046 INFO server.py 1064:: clients' sizes=[1, 2, 1, 0, 0, 0, 2, 2, 0, 1, 0, 1, 2, 2, 2, 2, 1, 1, 2, 0, 1, 1, 1, 1, 1, 0, 1, 1, 1, 1, 2, 0, 2, 0, 1, 2, 1, 0, 2, 0], total=41
2024-12-02 00:22:36,070 INFO server.py 327:: [Server] The aggregation takes 0.024854 seconds.

2024-12-02 00:22:36,072 INFO server.py 211:: [Server] Start testing
2024-12-02 00:22:36,093 INFO server.py 235:: [Server] Test set: Average loss: 1.3491, Accuracy: 57/200 (28.5%)

2024-12-02 00:22:36,094 INFO server.py 238:: [Sever] Confusion matrix:
 tensor([[50.,  0.,  0.,  0.],
        [50.,  0.,  0.,  0.],
        [43.,  0.,  7.,  0.],
        [48.,  0.,  2.,  0.]])
2024-12-02 00:22:36,096 INFO server.py 254:: [Server] Precision=[0.2617801       nan 0.7777778       nan],
 Recall=[1.   0.   0.14 0.  ],
 F1-score=[0.41493776        nan 0.23728815        nan],
 my_accuracy=28.49999964237213[%]
2024-12-02 00:22:36,097 INFO _main.py 209:: ########EPOCH 8 ########
2024-12-02 00:22:36,098 INFO _main.py 210:: ###Model distribution###
2024-12-02 00:22:38,879 INFO server.py 1064:: clients' sizes=[1, 2, 1, 0, 0, 0, 2, 2, 0, 1, 0, 1, 2, 2, 2, 2, 1, 1, 2, 0, 1, 1, 1, 1, 1, 0, 1, 1, 1, 1, 2, 0, 2, 0, 1, 2, 1, 0, 2, 0], total=41
2024-12-02 00:22:38,903 INFO server.py 327:: [Server] The aggregation takes 0.024553 seconds.

2024-12-02 00:22:38,907 INFO server.py 211:: [Server] Start testing
2024-12-02 00:22:38,926 INFO server.py 235:: [Server] Test set: Average loss: 1.3417, Accuracy: 55/200 (27.5%)

2024-12-02 00:22:38,928 INFO server.py 238:: [Sever] Confusion matrix:
 tensor([[48.,  0.,  2.,  0.],
        [50.,  0.,  0.,  0.],
        [43.,  0.,  7.,  0.],
        [48.,  0.,  2.,  0.]])
2024-12-02 00:22:38,929 INFO server.py 254:: [Server] Precision=[0.25396827        nan 0.6363636         nan],
 Recall=[0.96 0.   0.14 0.  ],
 F1-score=[0.40167364        nan 0.22950819        nan],
 my_accuracy=27.500000596046448[%]
2024-12-02 00:22:38,930 INFO _main.py 209:: ########EPOCH 9 ########
2024-12-02 00:22:38,931 INFO _main.py 210:: ###Model distribution###
2024-12-02 00:22:41,504 INFO server.py 1064:: clients' sizes=[1, 2, 1, 0, 0, 0, 2, 2, 0, 1, 0, 1, 2, 2, 2, 2, 1, 1, 2, 0, 1, 1, 1, 1, 1, 0, 1, 1, 1, 1, 2, 0, 2, 0, 1, 2, 1, 0, 2, 0], total=41
2024-12-02 00:22:41,527 INFO server.py 327:: [Server] The aggregation takes 0.023933 seconds.

2024-12-02 00:22:41,530 INFO server.py 211:: [Server] Start testing
2024-12-02 00:22:41,550 INFO server.py 235:: [Server] Test set: Average loss: 1.3369, Accuracy: 55/200 (27.5%)

2024-12-02 00:22:41,551 INFO server.py 238:: [Sever] Confusion matrix:
 tensor([[48.,  0.,  2.,  0.],
        [49.,  0.,  1.,  0.],
        [43.,  0.,  7.,  0.],
        [47.,  0.,  3.,  0.]])
2024-12-02 00:22:41,553 INFO server.py 254:: [Server] Precision=[0.25668448        nan 0.53846157        nan],
 Recall=[0.96 0.   0.14 0.  ],
 F1-score=[0.40506327        nan 0.22222222        nan],
 my_accuracy=27.500000596046448[%]
2024-12-02 00:22:41,554 INFO _main.py 209:: ########EPOCH 10 ########
2024-12-02 00:22:41,554 INFO _main.py 210:: ###Model distribution###
2024-12-02 00:22:45,125 INFO server.py 1064:: clients' sizes=[1, 2, 1, 0, 0, 0, 2, 2, 0, 1, 0, 1, 2, 2, 2, 2, 1, 1, 2, 0, 1, 1, 1, 1, 1, 0, 1, 1, 1, 1, 2, 0, 2, 0, 1, 2, 1, 0, 2, 0], total=41
2024-12-02 00:22:45,169 INFO server.py 327:: [Server] The aggregation takes 0.045777 seconds.

2024-12-02 00:22:45,173 INFO server.py 211:: [Server] Start testing
2024-12-02 00:22:45,196 INFO server.py 235:: [Server] Test set: Average loss: 1.3333, Accuracy: 57/200 (28.5%)

2024-12-02 00:22:45,197 INFO server.py 238:: [Sever] Confusion matrix:
 tensor([[48.,  0.,  2.,  0.],
        [48.,  0.,  2.,  0.],
        [41.,  0.,  9.,  0.],
        [45.,  0.,  5.,  0.]])
2024-12-02 00:22:45,199 INFO server.py 254:: [Server] Precision=[0.26373628        nan 0.5               nan],
 Recall=[0.96 0.   0.18 0.  ],
 F1-score=[0.41379312        nan 0.2647059         nan],
 my_accuracy=28.49999964237213[%]
2024-12-02 00:22:45,200 INFO _main.py 209:: ########EPOCH 11 ########
2024-12-02 00:22:45,200 INFO _main.py 210:: ###Model distribution###
2024-12-02 00:22:48,827 INFO server.py 1064:: clients' sizes=[1, 2, 1, 0, 0, 0, 2, 2, 0, 1, 0, 1, 2, 2, 2, 2, 1, 1, 2, 0, 1, 1, 1, 1, 1, 0, 1, 1, 1, 1, 2, 0, 2, 0, 1, 2, 1, 0, 2, 0], total=41
2024-12-02 00:22:48,852 INFO server.py 327:: [Server] The aggregation takes 0.025689 seconds.

2024-12-02 00:22:48,855 INFO server.py 211:: [Server] Start testing
2024-12-02 00:22:48,874 INFO server.py 235:: [Server] Test set: Average loss: 1.3259, Accuracy: 59/200 (29.5%)

2024-12-02 00:22:48,876 INFO server.py 238:: [Sever] Confusion matrix:
 tensor([[48.,  0.,  2.,  0.],
        [47.,  0.,  3.,  0.],
        [39.,  0., 11.,  0.],
        [45.,  0.,  5.,  0.]])
2024-12-02 00:22:48,879 INFO server.py 254:: [Server] Precision=[0.26815644        nan 0.52380955        nan],
 Recall=[0.96 0.   0.22 0.  ],
 F1-score=[0.41921395        nan 0.30985916        nan],
 my_accuracy=29.499998688697815[%]
2024-12-02 00:22:48,879 INFO _main.py 209:: ########EPOCH 12 ########
2024-12-02 00:22:48,880 INFO _main.py 210:: ###Model distribution###
2024-12-02 00:22:51,514 INFO server.py 1064:: clients' sizes=[1, 2, 1, 0, 0, 0, 2, 2, 0, 1, 0, 1, 2, 2, 2, 2, 1, 1, 2, 0, 1, 1, 1, 1, 1, 0, 1, 1, 1, 1, 2, 0, 2, 0, 1, 2, 1, 0, 2, 0], total=41
2024-12-02 00:22:51,537 INFO server.py 327:: [Server] The aggregation takes 0.024289 seconds.

2024-12-02 00:22:51,540 INFO server.py 211:: [Server] Start testing
2024-12-02 00:22:51,559 INFO server.py 235:: [Server] Test set: Average loss: 1.3203, Accuracy: 63/200 (31.5%)

2024-12-02 00:22:51,561 INFO server.py 238:: [Sever] Confusion matrix:
 tensor([[48.,  0.,  2.,  0.],
        [44.,  0.,  6.,  0.],
        [35.,  0., 15.,  0.],
        [41.,  0.,  9.,  0.]])
2024-12-02 00:22:51,563 INFO server.py 254:: [Server] Precision=[0.2857143       nan 0.46875         nan],
 Recall=[0.96 0.   0.3  0.  ],
 F1-score=[0.44036698        nan 0.36585367        nan],
 my_accuracy=31.49999976158142[%]
2024-12-02 00:22:51,563 INFO _main.py 209:: ########EPOCH 13 ########
2024-12-02 00:22:51,563 INFO _main.py 210:: ###Model distribution###
2024-12-02 00:22:54,118 INFO server.py 1064:: clients' sizes=[1, 2, 1, 0, 0, 0, 2, 2, 0, 1, 0, 1, 2, 2, 2, 2, 1, 1, 2, 0, 1, 1, 1, 1, 1, 0, 1, 1, 1, 1, 2, 0, 2, 0, 1, 2, 1, 0, 2, 0], total=41
2024-12-02 00:22:54,141 INFO server.py 327:: [Server] The aggregation takes 0.023505 seconds.

2024-12-02 00:22:54,143 INFO server.py 211:: [Server] Start testing
2024-12-02 00:22:54,162 INFO server.py 235:: [Server] Test set: Average loss: 1.3130, Accuracy: 64/200 (32.0%)

2024-12-02 00:22:54,163 INFO server.py 238:: [Sever] Confusion matrix:
 tensor([[48.,  0.,  2.,  0.],
        [41.,  0.,  9.,  0.],
        [34.,  0., 16.,  0.],
        [38.,  0., 12.,  0.]])
2024-12-02 00:22:54,165 INFO server.py 254:: [Server] Precision=[0.29813665        nan 0.41025642        nan],
 Recall=[0.96 0.   0.32 0.  ],
 F1-score=[0.45497632        nan 0.35955054        nan],
 my_accuracy=31.999999284744263[%]
2024-12-02 00:22:54,166 INFO _main.py 209:: ########EPOCH 14 ########
2024-12-02 00:22:54,166 INFO _main.py 210:: ###Model distribution###
2024-12-02 00:22:56,757 INFO server.py 1064:: clients' sizes=[1, 2, 1, 0, 0, 0, 2, 2, 0, 1, 0, 1, 2, 2, 2, 2, 1, 1, 2, 0, 1, 1, 1, 1, 1, 0, 1, 1, 1, 1, 2, 0, 2, 0, 1, 2, 1, 0, 2, 0], total=41
2024-12-02 00:22:56,782 INFO server.py 327:: [Server] The aggregation takes 0.024998 seconds.

2024-12-02 00:22:56,784 INFO server.py 211:: [Server] Start testing
2024-12-02 00:22:56,804 INFO server.py 235:: [Server] Test set: Average loss: 1.3049, Accuracy: 65/200 (32.5%)

2024-12-02 00:22:56,805 INFO server.py 238:: [Sever] Confusion matrix:
 tensor([[47.,  0.,  3.,  0.],
        [41.,  0.,  9.,  0.],
        [32.,  0., 18.,  0.],
        [36.,  0., 14.,  0.]])
2024-12-02 00:22:56,807 INFO server.py 254:: [Server] Precision=[0.30128205        nan 0.4090909         nan],
 Recall=[0.94 0.   0.36 0.  ],
 F1-score=[0.4563107         nan 0.38297877        nan],
 my_accuracy=32.499998807907104[%]
2024-12-02 00:22:56,807 INFO _main.py 209:: ########EPOCH 15 ########
2024-12-02 00:22:56,808 INFO _main.py 210:: ###Model distribution###
2024-12-02 00:23:00,330 INFO server.py 1064:: clients' sizes=[1, 2, 1, 0, 0, 0, 2, 2, 0, 1, 0, 1, 2, 2, 2, 2, 1, 1, 2, 0, 1, 1, 1, 1, 1, 0, 1, 1, 1, 1, 2, 0, 2, 0, 1, 2, 1, 0, 2, 0], total=41
2024-12-02 00:23:00,370 INFO server.py 327:: [Server] The aggregation takes 0.040942 seconds.

2024-12-02 00:23:00,375 INFO server.py 211:: [Server] Start testing
2024-12-02 00:23:00,416 INFO server.py 235:: [Server] Test set: Average loss: 1.3015, Accuracy: 63/200 (31.5%)

2024-12-02 00:23:00,420 INFO server.py 238:: [Sever] Confusion matrix:
 tensor([[46.,  0.,  4.,  0.],
        [41.,  0.,  9.,  0.],
        [33.,  0., 17.,  0.],
        [37.,  0., 13.,  0.]])
2024-12-02 00:23:00,423 INFO server.py 254:: [Server] Precision=[0.29299363        nan 0.39534885        nan],
 Recall=[0.92 0.   0.34 0.  ],
 F1-score=[0.44444445        nan 0.3655914         nan],
 my_accuracy=31.49999976158142[%]
2024-12-02 00:23:00,425 INFO _main.py 209:: ########EPOCH 16 ########
2024-12-02 00:23:00,426 INFO _main.py 210:: ###Model distribution###
2024-12-02 00:23:03,984 INFO server.py 1064:: clients' sizes=[1, 2, 1, 0, 0, 0, 2, 2, 0, 1, 0, 1, 2, 2, 2, 2, 1, 1, 2, 0, 1, 1, 1, 1, 1, 0, 1, 1, 1, 1, 2, 0, 2, 0, 1, 2, 1, 0, 2, 0], total=41
2024-12-02 00:23:04,008 INFO server.py 327:: [Server] The aggregation takes 0.024447 seconds.

2024-12-02 00:23:04,010 INFO server.py 211:: [Server] Start testing
2024-12-02 00:23:04,030 INFO server.py 235:: [Server] Test set: Average loss: 1.2952, Accuracy: 63/200 (31.5%)

2024-12-02 00:23:04,032 INFO server.py 238:: [Sever] Confusion matrix:
 tensor([[45.,  0.,  5.,  0.],
        [38.,  0., 12.,  0.],
        [32.,  0., 18.,  0.],
        [33.,  0., 17.,  0.]])
2024-12-02 00:23:04,034 INFO server.py 254:: [Server] Precision=[0.30405405        nan 0.34615386        nan],
 Recall=[0.9  0.   0.36 0.  ],
 F1-score=[0.45454547        nan 0.3529412         nan],
 my_accuracy=31.49999976158142[%]
2024-12-02 00:23:04,034 INFO _main.py 209:: ########EPOCH 17 ########
2024-12-02 00:23:04,035 INFO _main.py 210:: ###Model distribution###
2024-12-02 00:23:06,620 INFO server.py 1064:: clients' sizes=[1, 2, 1, 0, 0, 0, 2, 2, 0, 1, 0, 1, 2, 2, 2, 2, 1, 1, 2, 0, 1, 1, 1, 1, 1, 0, 1, 1, 1, 1, 2, 0, 2, 0, 1, 2, 1, 0, 2, 0], total=41
2024-12-02 00:23:06,643 INFO server.py 327:: [Server] The aggregation takes 0.023415 seconds.

2024-12-02 00:23:06,645 INFO server.py 211:: [Server] Start testing
2024-12-02 00:23:06,664 INFO server.py 235:: [Server] Test set: Average loss: 1.2909, Accuracy: 62/200 (31.0%)

2024-12-02 00:23:06,666 INFO server.py 238:: [Sever] Confusion matrix:
 tensor([[44.,  0.,  6.,  0.],
        [38.,  0., 12.,  0.],
        [32.,  0., 18.,  0.],
        [32.,  0., 18.,  0.]])
2024-12-02 00:23:06,667 INFO server.py 254:: [Server] Precision=[0.30136988        nan 0.33333334        nan],
 Recall=[0.88 0.   0.36 0.  ],
 F1-score=[0.44897962        nan 0.34615383        nan],
 my_accuracy=31.00000023841858[%]
2024-12-02 00:23:06,668 INFO _main.py 209:: ########EPOCH 18 ########
2024-12-02 00:23:06,669 INFO _main.py 210:: ###Model distribution###
2024-12-02 00:23:09,429 INFO server.py 1064:: clients' sizes=[1, 2, 1, 0, 0, 0, 2, 2, 0, 1, 0, 1, 2, 2, 2, 2, 1, 1, 2, 0, 1, 1, 1, 1, 1, 0, 1, 1, 1, 1, 2, 0, 2, 0, 1, 2, 1, 0, 2, 0], total=41
2024-12-02 00:23:09,452 INFO server.py 327:: [Server] The aggregation takes 0.024672 seconds.

2024-12-02 00:23:09,455 INFO server.py 211:: [Server] Start testing
2024-12-02 00:23:09,475 INFO server.py 235:: [Server] Test set: Average loss: 1.2864, Accuracy: 62/200 (31.0%)

2024-12-02 00:23:09,476 INFO server.py 238:: [Sever] Confusion matrix:
 tensor([[44.,  0.,  6.,  0.],
        [38.,  0., 12.,  0.],
        [32.,  0., 18.,  0.],
        [33.,  0., 17.,  0.]])
2024-12-02 00:23:09,478 INFO server.py 254:: [Server] Precision=[0.2993197         nan 0.33962265        nan],
 Recall=[0.88 0.   0.36 0.  ],
 F1-score=[0.4467005         nan 0.34951457        nan],
 my_accuracy=31.00000023841858[%]
2024-12-02 00:23:09,478 INFO _main.py 209:: ########EPOCH 19 ########
2024-12-02 00:23:09,479 INFO _main.py 210:: ###Model distribution###
2024-12-02 00:23:12,076 INFO server.py 1064:: clients' sizes=[1, 2, 1, 0, 0, 0, 2, 2, 0, 1, 0, 1, 2, 2, 2, 2, 1, 1, 2, 0, 1, 1, 1, 1, 1, 0, 1, 1, 1, 1, 2, 0, 2, 0, 1, 2, 1, 0, 2, 0], total=41
2024-12-02 00:23:12,100 INFO server.py 327:: [Server] The aggregation takes 0.024810 seconds.

2024-12-02 00:23:12,102 INFO server.py 211:: [Server] Start testing
2024-12-02 00:23:12,121 INFO server.py 235:: [Server] Test set: Average loss: 1.2814, Accuracy: 63/200 (31.5%)

2024-12-02 00:23:12,123 INFO server.py 238:: [Sever] Confusion matrix:
 tensor([[44.,  0.,  6.,  0.],
        [38.,  0., 12.,  0.],
        [32.,  0., 18.,  0.],
        [30.,  0., 19.,  1.]])
2024-12-02 00:23:12,124 INFO server.py 254:: [Server] Precision=[0.30555555        nan 0.3272727  1.        ],
 Recall=[0.88 0.   0.36 0.02],
 F1-score=[0.45360824        nan 0.34285715 0.03921569],
 my_accuracy=31.49999976158142[%]
2024-12-02 00:23:12,125 INFO _main.py 209:: ########EPOCH 20 ########
2024-12-02 00:23:12,126 INFO _main.py 210:: ###Model distribution###
2024-12-02 00:23:15,233 INFO server.py 1064:: clients' sizes=[1, 2, 1, 0, 0, 0, 2, 2, 0, 1, 0, 1, 2, 2, 2, 2, 1, 1, 2, 0, 1, 1, 1, 1, 1, 0, 1, 1, 1, 1, 2, 0, 2, 0, 1, 2, 1, 0, 2, 0], total=41
2024-12-02 00:23:15,270 INFO server.py 327:: [Server] The aggregation takes 0.038660 seconds.

2024-12-02 00:23:15,273 INFO server.py 211:: [Server] Start testing
2024-12-02 00:23:15,301 INFO server.py 235:: [Server] Test set: Average loss: 1.2670, Accuracy: 78/200 (39.0%)

2024-12-02 00:23:15,305 INFO server.py 238:: [Sever] Confusion matrix:
 tensor([[44.,  0.,  6.,  0.],
        [36.,  0., 13.,  1.],
        [30.,  0., 19.,  1.],
        [17.,  0., 18., 15.]])
2024-12-02 00:23:15,309 INFO server.py 254:: [Server] Precision=[0.3464567         nan 0.3392857  0.88235295],
 Recall=[0.88 0.   0.38 0.3 ],
 F1-score=[0.4971752         nan 0.35849056 0.44776118],
 my_accuracy=38.999998569488525[%]
2024-12-02 00:23:15,310 INFO _main.py 209:: ########EPOCH 21 ########
2024-12-02 00:23:15,311 INFO _main.py 210:: ###Model distribution###
2024-12-02 00:23:19,367 INFO server.py 1064:: clients' sizes=[1, 2, 1, 0, 0, 0, 2, 2, 0, 1, 0, 1, 2, 2, 2, 2, 1, 1, 2, 0, 1, 1, 1, 1, 1, 0, 1, 1, 1, 1, 2, 0, 2, 0, 1, 2, 1, 0, 2, 0], total=41
2024-12-02 00:23:19,410 INFO server.py 327:: [Server] The aggregation takes 0.044313 seconds.

2024-12-02 00:23:19,415 INFO server.py 211:: [Server] Start testing
2024-12-02 00:23:19,463 INFO server.py 235:: [Server] Test set: Average loss: 1.2560, Accuracy: 88/200 (44.0%)

2024-12-02 00:23:19,464 INFO server.py 238:: [Sever] Confusion matrix:
 tensor([[44.,  0.,  6.,  0.],
        [36.,  0., 12.,  2.],
        [27.,  0., 22.,  1.],
        [11.,  0., 17., 22.]])
2024-12-02 00:23:19,466 INFO server.py 254:: [Server] Precision=[0.37288135        nan 0.3859649  0.88      ],
 Recall=[0.88 0.   0.44 0.44],
 F1-score=[0.52380955        nan 0.41121492 0.5866667 ],
 my_accuracy=43.99999976158142[%]
2024-12-02 00:23:19,467 INFO _main.py 209:: ########EPOCH 22 ########
2024-12-02 00:23:19,468 INFO _main.py 210:: ###Model distribution###
2024-12-02 00:23:22,018 INFO server.py 1064:: clients' sizes=[1, 2, 1, 0, 0, 0, 2, 2, 0, 1, 0, 1, 2, 2, 2, 2, 1, 1, 2, 0, 1, 1, 1, 1, 1, 0, 1, 1, 1, 1, 2, 0, 2, 0, 1, 2, 1, 0, 2, 0], total=41
2024-12-02 00:23:22,043 INFO server.py 327:: [Server] The aggregation takes 0.025453 seconds.

2024-12-02 00:23:22,045 INFO server.py 211:: [Server] Start testing
2024-12-02 00:23:22,065 INFO server.py 235:: [Server] Test set: Average loss: 1.2425, Accuracy: 92/200 (46.0%)

2024-12-02 00:23:22,066 INFO server.py 238:: [Sever] Confusion matrix:
 tensor([[44.,  0.,  6.,  0.],
        [35.,  0., 13.,  2.],
        [24.,  0., 23.,  3.],
        [ 9.,  0., 16., 25.]])
2024-12-02 00:23:22,068 INFO server.py 254:: [Server] Precision=[0.39285713        nan 0.39655173 0.8333333 ],
 Recall=[0.88 0.   0.46 0.5 ],
 F1-score=[0.54320985        nan 0.4259259  0.625     ],
 my_accuracy=46.00000083446503[%]
2024-12-02 00:23:22,069 INFO _main.py 209:: ########EPOCH 23 ########
2024-12-02 00:23:22,069 INFO _main.py 210:: ###Model distribution###
2024-12-02 00:23:24,653 INFO server.py 1064:: clients' sizes=[1, 2, 1, 0, 0, 0, 2, 2, 0, 1, 0, 1, 2, 2, 2, 2, 1, 1, 2, 0, 1, 1, 1, 1, 1, 0, 1, 1, 1, 1, 2, 0, 2, 0, 1, 2, 1, 0, 2, 0], total=41
2024-12-02 00:23:24,677 INFO server.py 327:: [Server] The aggregation takes 0.024709 seconds.

2024-12-02 00:23:24,679 INFO server.py 211:: [Server] Start testing
2024-12-02 00:23:24,699 INFO server.py 235:: [Server] Test set: Average loss: 1.2329, Accuracy: 94/200 (47.0%)

2024-12-02 00:23:24,701 INFO server.py 238:: [Sever] Confusion matrix:
 tensor([[44.,  0.,  6.,  0.],
        [34.,  0., 14.,  2.],
        [23.,  0., 22.,  5.],
        [ 7.,  0., 15., 28.]])
2024-12-02 00:23:24,702 INFO server.py 254:: [Server] Precision=[0.4074074       nan 0.3859649 0.8      ],
 Recall=[0.88 0.   0.44 0.56],
 F1-score=[0.556962          nan 0.41121492 0.65882355],
 my_accuracy=46.99999988079071[%]
2024-12-02 00:23:24,703 INFO _main.py 209:: ########EPOCH 24 ########
2024-12-02 00:23:24,703 INFO _main.py 210:: ###Model distribution###
2024-12-02 00:23:27,266 INFO server.py 1064:: clients' sizes=[1, 2, 1, 0, 0, 0, 2, 2, 0, 1, 0, 1, 2, 2, 2, 2, 1, 1, 2, 0, 1, 1, 1, 1, 1, 0, 1, 1, 1, 1, 2, 0, 2, 0, 1, 2, 1, 0, 2, 0], total=41
2024-12-02 00:23:27,289 INFO server.py 327:: [Server] The aggregation takes 0.023460 seconds.

2024-12-02 00:23:27,291 INFO server.py 211:: [Server] Start testing
2024-12-02 00:23:27,311 INFO server.py 235:: [Server] Test set: Average loss: 1.2307, Accuracy: 93/200 (46.5%)

2024-12-02 00:23:27,312 INFO server.py 238:: [Sever] Confusion matrix:
 tensor([[44.,  0.,  6.,  0.],
        [35.,  0., 13.,  2.],
        [23.,  0., 21.,  6.],
        [ 7.,  0., 15., 28.]])
2024-12-02 00:23:27,314 INFO server.py 254:: [Server] Precision=[0.40366971        nan 0.38181818 0.7777778 ],
 Recall=[0.88 0.   0.42 0.56],
 F1-score=[0.5534591       nan 0.4       0.6511628],
 my_accuracy=46.50000035762787[%]
2024-12-02 00:23:27,314 INFO _main.py 209:: ########EPOCH 25 ########
2024-12-02 00:23:27,315 INFO _main.py 210:: ###Model distribution###
2024-12-02 00:23:30,261 INFO server.py 1064:: clients' sizes=[1, 2, 1, 0, 0, 0, 2, 2, 0, 1, 0, 1, 2, 2, 2, 2, 1, 1, 2, 0, 1, 1, 1, 1, 1, 0, 1, 1, 1, 1, 2, 0, 2, 0, 1, 2, 1, 0, 2, 0], total=41
2024-12-02 00:23:30,296 INFO server.py 327:: [Server] The aggregation takes 0.036817 seconds.

2024-12-02 00:23:30,299 INFO server.py 211:: [Server] Start testing
2024-12-02 00:23:30,338 INFO server.py 235:: [Server] Test set: Average loss: 1.2140, Accuracy: 95/200 (47.5%)

2024-12-02 00:23:30,339 INFO server.py 238:: [Sever] Confusion matrix:
 tensor([[44.,  0.,  6.,  0.],
        [34.,  0., 14.,  2.],
        [21.,  0., 23.,  6.],
        [ 7.,  0., 15., 28.]])
2024-12-02 00:23:30,341 INFO server.py 254:: [Server] Precision=[0.41509435        nan 0.39655173 0.7777778 ],
 Recall=[0.88 0.   0.46 0.56],
 F1-score=[0.56410253        nan 0.4259259  0.6511628 ],
 my_accuracy=47.49999940395355[%]
2024-12-02 00:23:30,341 INFO _main.py 209:: ########EPOCH 26 ########
2024-12-02 00:23:30,342 INFO _main.py 210:: ###Model distribution###
2024-12-02 00:23:34,221 INFO server.py 1064:: clients' sizes=[1, 2, 1, 0, 0, 0, 2, 2, 0, 1, 0, 1, 2, 2, 2, 2, 1, 1, 2, 0, 1, 1, 1, 1, 1, 0, 1, 1, 1, 1, 2, 0, 2, 0, 1, 2, 1, 0, 2, 0], total=41
2024-12-02 00:23:34,268 INFO server.py 327:: [Server] The aggregation takes 0.047558 seconds.

2024-12-02 00:23:34,273 INFO server.py 211:: [Server] Start testing
2024-12-02 00:23:34,321 INFO server.py 235:: [Server] Test set: Average loss: 1.2128, Accuracy: 97/200 (48.5%)

2024-12-02 00:23:34,323 INFO server.py 238:: [Sever] Confusion matrix:
 tensor([[44.,  0.,  6.,  0.],
        [31.,  0., 17.,  2.],
        [18.,  0., 25.,  7.],
        [ 7.,  0., 15., 28.]])
2024-12-02 00:23:34,326 INFO server.py 254:: [Server] Precision=[0.44            nan 0.3968254 0.7567568],
 Recall=[0.88 0.   0.5  0.56],
 F1-score=[0.5866667         nan 0.44247785 0.6436782 ],
 my_accuracy=48.500001430511475[%]
2024-12-02 00:23:34,328 INFO _main.py 209:: ########EPOCH 27 ########
2024-12-02 00:23:34,329 INFO _main.py 210:: ###Model distribution###
2024-12-02 00:23:37,111 INFO server.py 1064:: clients' sizes=[1, 2, 1, 0, 0, 0, 2, 2, 0, 1, 0, 1, 2, 2, 2, 2, 1, 1, 2, 0, 1, 1, 1, 1, 1, 0, 1, 1, 1, 1, 2, 0, 2, 0, 1, 2, 1, 0, 2, 0], total=41
2024-12-02 00:23:37,133 INFO server.py 327:: [Server] The aggregation takes 0.023293 seconds.

2024-12-02 00:23:37,136 INFO server.py 211:: [Server] Start testing
2024-12-02 00:23:37,155 INFO server.py 235:: [Server] Test set: Average loss: 1.2074, Accuracy: 99/200 (49.5%)

2024-12-02 00:23:37,156 INFO server.py 238:: [Sever] Confusion matrix:
 tensor([[44.,  0.,  6.,  0.],
        [31.,  0., 17.,  2.],
        [18.,  0., 24.,  8.],
        [ 7.,  0., 12., 31.]])
2024-12-02 00:23:37,158 INFO server.py 254:: [Server] Precision=[0.44              nan 0.40677965 0.75609756],
 Recall=[0.88 0.   0.48 0.62],
 F1-score=[0.5866667         nan 0.44036692 0.6813187 ],
 my_accuracy=49.50000047683716[%]
2024-12-02 00:23:37,158 INFO _main.py 209:: ########EPOCH 28 ########
2024-12-02 00:23:37,159 INFO _main.py 210:: ###Model distribution###
2024-12-02 00:23:39,952 INFO server.py 1064:: clients' sizes=[1, 2, 1, 0, 0, 0, 2, 2, 0, 1, 0, 1, 2, 2, 2, 2, 1, 1, 2, 0, 1, 1, 1, 1, 1, 0, 1, 1, 1, 1, 2, 0, 2, 0, 1, 2, 1, 0, 2, 0], total=41
2024-12-02 00:23:39,975 INFO server.py 327:: [Server] The aggregation takes 0.024110 seconds.

2024-12-02 00:23:39,978 INFO server.py 211:: [Server] Start testing
2024-12-02 00:23:39,997 INFO server.py 235:: [Server] Test set: Average loss: 1.1939, Accuracy: 99/200 (49.5%)

2024-12-02 00:23:39,998 INFO server.py 238:: [Sever] Confusion matrix:
 tensor([[44.,  0.,  6.,  0.],
        [31.,  0., 17.,  2.],
        [17.,  0., 24.,  9.],
        [ 7.,  0., 12., 31.]])
2024-12-02 00:23:40,000 INFO server.py 254:: [Server] Precision=[0.44444445        nan 0.40677965 0.7380952 ],
 Recall=[0.88 0.   0.48 0.62],
 F1-score=[0.590604          nan 0.44036692 0.67391306],
 my_accuracy=49.50000047683716[%]
2024-12-02 00:23:40,001 INFO _main.py 209:: ########EPOCH 29 ########
2024-12-02 00:23:40,001 INFO _main.py 210:: ###Model distribution###
2024-12-02 00:23:42,605 INFO server.py 1064:: clients' sizes=[1, 2, 1, 0, 0, 0, 2, 2, 0, 1, 0, 1, 2, 2, 2, 2, 1, 1, 2, 0, 1, 1, 1, 1, 1, 0, 1, 1, 1, 1, 2, 0, 2, 0, 1, 2, 1, 0, 2, 0], total=41
2024-12-02 00:23:42,628 INFO server.py 327:: [Server] The aggregation takes 0.023538 seconds.

2024-12-02 00:23:42,630 INFO server.py 211:: [Server] Start testing
2024-12-02 00:23:42,649 INFO server.py 235:: [Server] Test set: Average loss: 1.1831, Accuracy: 100/200 (50.0%)

2024-12-02 00:23:42,651 INFO server.py 238:: [Sever] Confusion matrix:
 tensor([[44.,  0.,  6.,  0.],
        [29.,  0., 19.,  2.],
        [17.,  0., 24.,  9.],
        [ 6.,  0., 12., 32.]])
2024-12-02 00:23:42,652 INFO server.py 254:: [Server] Precision=[0.45833334        nan 0.39344263 0.74418604],
 Recall=[0.88 0.   0.48 0.64],
 F1-score=[0.6027397         nan 0.4324324  0.68817204],
 my_accuracy=50.0[%]
