2024-12-02 00:57:08,398 INFO _main.py 39:: ################################################################
2024-12-02 00:57:08,399 INFO _main.py 41:: #                              batch_size: 64                  #
2024-12-02 00:57:08,400 INFO _main.py 41:: #                         test_batch_size: 32                  #
2024-12-02 00:57:08,402 INFO _main.py 41:: #                                  epochs: 40                  #
2024-12-02 00:57:08,403 INFO _main.py 41:: #                               optimizer: SGD                 #
2024-12-02 00:57:08,403 INFO _main.py 41:: #                                      lr: 0.01                #
2024-12-02 00:57:08,403 INFO _main.py 41:: #                                momentum: 0.9                 #
2024-12-02 00:57:08,403 INFO _main.py 41:: #                            weight_decay: 0.0001              #
2024-12-02 00:57:08,403 INFO _main.py 41:: #                                    seed: 1                   #
2024-12-02 00:57:08,404 INFO _main.py 41:: #                            log_interval: 11                  #
2024-12-02 00:57:08,404 INFO _main.py 41:: #                             num_clients: 40                  #
2024-12-02 00:57:08,404 INFO _main.py 41:: #                           output_folder: experiments         #
2024-12-02 00:57:08,404 INFO _main.py 41:: #                                 dataset: rockburst           #
2024-12-02 00:57:08,404 INFO _main.py 41:: #                             loader_type: dirichlet           #
2024-12-02 00:57:08,404 INFO _main.py 41:: #                             loader_path: ./data/loader.pk    #
2024-12-02 00:57:08,404 INFO _main.py 41:: #                                      AR: foolsgold           #
2024-12-02 00:57:08,404 INFO _main.py 41:: #                     n_attacker_backdoor: 0                   #
2024-12-02 00:57:08,405 INFO _main.py 41:: #                        backdoor_trigger: [0, 0, 1, 1]        #
2024-12-02 00:57:08,405 INFO _main.py 41:: #                   n_attacker_omniscient: 0                   #
2024-12-02 00:57:08,405 INFO _main.py 41:: #                        omniscient_scale: 1                   #
2024-12-02 00:57:08,405 INFO _main.py 41:: #                                 attacks: None                #
2024-12-02 00:57:08,406 INFO _main.py 41:: #                      save_model_weights: False               #
2024-12-02 00:57:08,406 INFO _main.py 41:: #                         experiment_name: sExp4Ba_40ep_rockburst_foolsgold_40C_5#
2024-12-02 00:57:08,406 INFO _main.py 41:: #                          path_to_aggNet: None                #
2024-12-02 00:57:08,406 INFO _main.py 41:: #                                  device: cpu                 #
2024-12-02 00:57:08,406 INFO _main.py 41:: #                            inner_epochs: 30                  #
2024-12-02 00:57:08,406 INFO _main.py 41:: #                                 verbose: True                #
2024-12-02 00:57:08,407 INFO _main.py 41:: #                         list_unreliable: [2, 18, 20]         #
2024-12-02 00:57:08,407 INFO _main.py 41:: #                     unreliable_fraction: 0.5                 #
2024-12-02 00:57:08,407 INFO _main.py 41:: #                    unreliable_fracTrain: 0.3                 #
2024-12-02 00:57:08,407 INFO _main.py 41:: #                         mean_unreliable: 0.0                 #
2024-12-02 00:57:08,407 INFO _main.py 41:: #                             blur_method: add_noise           #
2024-12-02 00:57:08,408 INFO _main.py 41:: #                      max_std_unreliable: 30.0                #
2024-12-02 00:57:08,408 INFO _main.py 41:: #                     list_uatk_add_noise: [24, 25, 26]        #
2024-12-02 00:57:08,408 INFO _main.py 41:: #                          mean_add_noise: 0.0                 #
2024-12-02 00:57:08,408 INFO _main.py 41:: #                           std_add_noise: 0.01                #
2024-12-02 00:57:08,408 INFO _main.py 41:: #                     list_uatk_flip_sign: [0, 10, 11]         #
2024-12-02 00:57:08,408 INFO _main.py 42:: ################################################################
2024-12-02 00:57:08,409 INFO _main.py 43:: Namespace(batch_size=64, test_batch_size=32, epochs=40, optimizer='SGD', lr=0.01, momentum=0.9, weight_decay=0.0001, seed=1, log_interval=11, num_clients=40, output_folder='experiments', dataset='rockburst', loader_type='dirichlet', loader_path='./data/loader.pk', AR='foolsgold', n_attacker_backdoor=0, backdoor_trigger=[0, 0, 1, 1], n_attacker_omniscient=0, omniscient_scale=1, attacks=None, save_model_weights=False, experiment_name='sExp4Ba_40ep_rockburst_foolsgold_40C_5', path_to_aggNet=None, device='cpu', inner_epochs=30, verbose=True, list_unreliable=[2, 18, 20], unreliable_fraction=0.5, unreliable_fracTrain=0.3, mean_unreliable=0.0, blur_method='add_noise', max_std_unreliable=30.0, list_uatk_add_noise=[24, 25, 26], mean_add_noise=0.0, std_add_noise=0.01, list_uatk_flip_sign=[0, 10, 11])
2024-12-02 00:57:08,409 INFO _main.py 44:: #####################
2024-12-02 00:57:08,409 INFO _main.py 45:: #####################
2024-12-02 00:57:08,409 INFO _main.py 46:: #####################
2024-12-02 00:57:08,409 INFO _main.py 47:: Aggregation Rule:	foolsgold
2024-12-02 00:57:08,410 INFO _main.py 48:: Data distribution:	dirichlet
2024-12-02 00:57:08,410 INFO _main.py 49:: Attacks:	None 
2024-12-02 00:57:08,410 INFO _main.py 50:: #####################
2024-12-02 00:57:08,410 INFO _main.py 51:: #####################
2024-12-02 00:57:08,410 INFO _main.py 52:: #####################
2024-12-02 00:57:10,528 INFO server.py 366:: SET DBSCAN eps=1.3, min_samples=10
2024-12-02 00:57:10,532 INFO _main.py 135:: [1-normal, 0-malicious] label =tensor([0., 1., 1., 1., 1., 1., 1., 1., 1., 1., 0., 0., 1., 1., 1., 1., 1., 1.,
        1., 1., 1., 1., 1., 1., 0., 0., 0., 1., 1., 1., 1., 1., 1., 1., 1., 1.,
        1., 1., 1., 1.])
2024-12-02 00:57:10,540 INFO malicious_clients.py 123:: init ATTACK OMNISCIENT Client 0
2024-12-02 00:57:10,546 INFO malicious_clients.py 18:: init UNRELIABLE Client 2
2024-12-02 00:57:10,592 INFO malicious_clients.py 123:: init ATTACK OMNISCIENT Client 10
2024-12-02 00:57:10,597 INFO malicious_clients.py 123:: init ATTACK OMNISCIENT Client 11
2024-12-02 00:57:10,627 INFO malicious_clients.py 18:: init UNRELIABLE Client 18
2024-12-02 00:57:10,637 INFO malicious_clients.py 18:: init UNRELIABLE Client 20
2024-12-02 00:57:10,660 INFO malicious_clients.py 73:: init ATTACK ADD NOISE TO GRAD Client 24
2024-12-02 00:57:10,665 INFO malicious_clients.py 73:: init ATTACK ADD NOISE TO GRAD Client 25
2024-12-02 00:57:10,670 INFO malicious_clients.py 73:: init ATTACK ADD NOISE TO GRAD Client 26
2024-12-02 00:57:10,744 INFO server.py 211:: [Server] Start testing
2024-12-02 00:57:10,765 INFO server.py 235:: [Server] Test set: Average loss: 1.3864, Accuracy: 50/200 (25.0%)

2024-12-02 00:57:10,766 INFO server.py 238:: [Sever] Confusion matrix:
 tensor([[50.,  0.,  0.,  0.],
        [50.,  0.,  0.,  0.],
        [50.,  0.,  0.,  0.],
        [50.,  0.,  0.,  0.]])
2024-12-02 00:57:10,772 INFO server.py 254:: [Server] Precision=[0.25  nan  nan  nan],
 Recall=[1. 0. 0. 0.],
 F1-score=[0.4 nan nan nan],
 my_accuracy=25.0[%]
2024-12-02 00:57:10,773 INFO _main.py 209:: ########EPOCH 0 ########
2024-12-02 00:57:10,774 INFO _main.py 210:: ###Model distribution###
2024-12-02 00:57:14,344 INFO server.py 1064:: clients' sizes=[1, 2, 1, 0, 0, 0, 2, 2, 0, 1, 0, 1, 2, 2, 2, 2, 1, 1, 2, 0, 1, 1, 1, 1, 1, 0, 1, 1, 1, 1, 2, 0, 2, 0, 1, 2, 1, 0, 2, 0], total=41
2024-12-02 00:57:14,371 INFO server.py 327:: [Server] The aggregation takes 0.036616 seconds.

2024-12-02 00:57:14,372 INFO server.py 211:: [Server] Start testing
2024-12-02 00:57:14,392 INFO server.py 235:: [Server] Test set: Average loss: 1.3819, Accuracy: 50/200 (25.0%)

2024-12-02 00:57:14,393 INFO server.py 238:: [Sever] Confusion matrix:
 tensor([[50.,  0.,  0.,  0.],
        [50.,  0.,  0.,  0.],
        [50.,  0.,  0.,  0.],
        [50.,  0.,  0.,  0.]])
2024-12-02 00:57:14,395 INFO server.py 254:: [Server] Precision=[0.25  nan  nan  nan],
 Recall=[1. 0. 0. 0.],
 F1-score=[0.4 nan nan nan],
 my_accuracy=25.0[%]
2024-12-02 00:57:14,396 INFO _main.py 209:: ########EPOCH 1 ########
2024-12-02 00:57:14,397 INFO _main.py 210:: ###Model distribution###
2024-12-02 00:57:16,936 INFO server.py 1064:: clients' sizes=[1, 2, 1, 0, 0, 0, 2, 2, 0, 1, 0, 1, 2, 2, 2, 2, 1, 1, 2, 0, 1, 1, 1, 1, 1, 0, 1, 1, 1, 1, 2, 0, 2, 0, 1, 2, 1, 0, 2, 0], total=41
2024-12-02 00:57:16,959 INFO server.py 327:: [Server] The aggregation takes 0.023863 seconds.

2024-12-02 00:57:16,961 INFO server.py 211:: [Server] Start testing
2024-12-02 00:57:16,980 INFO server.py 235:: [Server] Test set: Average loss: 1.3768, Accuracy: 50/200 (25.0%)

2024-12-02 00:57:16,981 INFO server.py 238:: [Sever] Confusion matrix:
 tensor([[50.,  0.,  0.,  0.],
        [50.,  0.,  0.,  0.],
        [50.,  0.,  0.,  0.],
        [50.,  0.,  0.,  0.]])
2024-12-02 00:57:16,983 INFO server.py 254:: [Server] Precision=[0.25  nan  nan  nan],
 Recall=[1. 0. 0. 0.],
 F1-score=[0.4 nan nan nan],
 my_accuracy=25.0[%]
2024-12-02 00:57:16,983 INFO _main.py 209:: ########EPOCH 2 ########
2024-12-02 00:57:16,984 INFO _main.py 210:: ###Model distribution###
2024-12-02 00:57:19,483 INFO server.py 1064:: clients' sizes=[1, 2, 1, 0, 0, 0, 2, 2, 0, 1, 0, 1, 2, 2, 2, 2, 1, 1, 2, 0, 1, 1, 1, 1, 1, 0, 1, 1, 1, 1, 2, 0, 2, 0, 1, 2, 1, 0, 2, 0], total=41
2024-12-02 00:57:19,507 INFO server.py 327:: [Server] The aggregation takes 0.024086 seconds.

2024-12-02 00:57:19,509 INFO server.py 211:: [Server] Start testing
2024-12-02 00:57:19,529 INFO server.py 235:: [Server] Test set: Average loss: 1.3728, Accuracy: 50/200 (25.0%)

2024-12-02 00:57:19,530 INFO server.py 238:: [Sever] Confusion matrix:
 tensor([[50.,  0.,  0.,  0.],
        [50.,  0.,  0.,  0.],
        [50.,  0.,  0.,  0.],
        [50.,  0.,  0.,  0.]])
2024-12-02 00:57:19,532 INFO server.py 254:: [Server] Precision=[0.25  nan  nan  nan],
 Recall=[1. 0. 0. 0.],
 F1-score=[0.4 nan nan nan],
 my_accuracy=25.0[%]
2024-12-02 00:57:19,532 INFO _main.py 209:: ########EPOCH 3 ########
2024-12-02 00:57:19,533 INFO _main.py 210:: ###Model distribution###
2024-12-02 00:57:22,101 INFO server.py 1064:: clients' sizes=[1, 2, 1, 0, 0, 0, 2, 2, 0, 1, 0, 1, 2, 2, 2, 2, 1, 1, 2, 0, 1, 1, 1, 1, 1, 0, 1, 1, 1, 1, 2, 0, 2, 0, 1, 2, 1, 0, 2, 0], total=41
2024-12-02 00:57:22,124 INFO server.py 327:: [Server] The aggregation takes 0.023672 seconds.

2024-12-02 00:57:22,127 INFO server.py 211:: [Server] Start testing
2024-12-02 00:57:22,146 INFO server.py 235:: [Server] Test set: Average loss: 1.3680, Accuracy: 50/200 (25.0%)

2024-12-02 00:57:22,147 INFO server.py 238:: [Sever] Confusion matrix:
 tensor([[50.,  0.,  0.,  0.],
        [50.,  0.,  0.,  0.],
        [50.,  0.,  0.,  0.],
        [50.,  0.,  0.,  0.]])
2024-12-02 00:57:22,149 INFO server.py 254:: [Server] Precision=[0.25  nan  nan  nan],
 Recall=[1. 0. 0. 0.],
 F1-score=[0.4 nan nan nan],
 my_accuracy=25.0[%]
2024-12-02 00:57:22,150 INFO _main.py 209:: ########EPOCH 4 ########
2024-12-02 00:57:22,151 INFO _main.py 210:: ###Model distribution###
2024-12-02 00:57:25,137 INFO server.py 1064:: clients' sizes=[1, 2, 1, 0, 0, 0, 2, 2, 0, 1, 0, 1, 2, 2, 2, 2, 1, 1, 2, 0, 1, 1, 1, 1, 1, 0, 1, 1, 1, 1, 2, 0, 2, 0, 1, 2, 1, 0, 2, 0], total=41
2024-12-02 00:57:25,181 INFO server.py 327:: [Server] The aggregation takes 0.044474 seconds.

2024-12-02 00:57:25,183 INFO server.py 211:: [Server] Start testing
2024-12-02 00:57:25,233 INFO server.py 235:: [Server] Test set: Average loss: 1.3633, Accuracy: 50/200 (25.0%)

2024-12-02 00:57:25,240 INFO server.py 238:: [Sever] Confusion matrix:
 tensor([[50.,  0.,  0.,  0.],
        [50.,  0.,  0.,  0.],
        [50.,  0.,  0.,  0.],
        [50.,  0.,  0.,  0.]])
2024-12-02 00:57:25,242 INFO server.py 254:: [Server] Precision=[0.25  nan  nan  nan],
 Recall=[1. 0. 0. 0.],
 F1-score=[0.4 nan nan nan],
 my_accuracy=25.0[%]
2024-12-02 00:57:25,242 INFO _main.py 209:: ########EPOCH 5 ########
2024-12-02 00:57:25,243 INFO _main.py 210:: ###Model distribution###
2024-12-02 00:57:28,932 INFO server.py 1064:: clients' sizes=[1, 2, 1, 0, 0, 0, 2, 2, 0, 1, 0, 1, 2, 2, 2, 2, 1, 1, 2, 0, 1, 1, 1, 1, 1, 0, 1, 1, 1, 1, 2, 0, 2, 0, 1, 2, 1, 0, 2, 0], total=41
2024-12-02 00:57:28,976 INFO server.py 327:: [Server] The aggregation takes 0.044866 seconds.

2024-12-02 00:57:28,979 INFO server.py 211:: [Server] Start testing
2024-12-02 00:57:29,026 INFO server.py 235:: [Server] Test set: Average loss: 1.3603, Accuracy: 56/200 (28.0%)

2024-12-02 00:57:29,034 INFO server.py 238:: [Sever] Confusion matrix:
 tensor([[50.,  0.,  0.,  0.],
        [50.,  0.,  0.,  0.],
        [44.,  0.,  6.,  0.],
        [50.,  0.,  0.,  0.]])
2024-12-02 00:57:29,041 INFO server.py 254:: [Server] Precision=[0.25773194        nan 1.                nan],
 Recall=[1.   0.   0.12 0.  ],
 F1-score=[0.40983605        nan 0.2142857         nan],
 my_accuracy=28.00000011920929[%]
2024-12-02 00:57:29,042 INFO _main.py 209:: ########EPOCH 6 ########
2024-12-02 00:57:29,044 INFO _main.py 210:: ###Model distribution###
2024-12-02 00:57:31,702 INFO server.py 1064:: clients' sizes=[1, 2, 1, 0, 0, 0, 2, 2, 0, 1, 0, 1, 2, 2, 2, 2, 1, 1, 2, 0, 1, 1, 1, 1, 1, 0, 1, 1, 1, 1, 2, 0, 2, 0, 1, 2, 1, 0, 2, 0], total=41
2024-12-02 00:57:31,726 INFO server.py 327:: [Server] The aggregation takes 0.024469 seconds.

2024-12-02 00:57:31,728 INFO server.py 211:: [Server] Start testing
2024-12-02 00:57:31,748 INFO server.py 235:: [Server] Test set: Average loss: 1.3551, Accuracy: 56/200 (28.0%)

2024-12-02 00:57:31,749 INFO server.py 238:: [Sever] Confusion matrix:
 tensor([[50.,  0.,  0.,  0.],
        [50.,  0.,  0.,  0.],
        [44.,  0.,  6.,  0.],
        [50.,  0.,  0.,  0.]])
2024-12-02 00:57:31,751 INFO server.py 254:: [Server] Precision=[0.25773194        nan 1.                nan],
 Recall=[1.   0.   0.12 0.  ],
 F1-score=[0.40983605        nan 0.2142857         nan],
 my_accuracy=28.00000011920929[%]
2024-12-02 00:57:31,752 INFO _main.py 209:: ########EPOCH 7 ########
2024-12-02 00:57:31,752 INFO _main.py 210:: ###Model distribution###
2024-12-02 00:57:34,258 INFO server.py 1064:: clients' sizes=[1, 2, 1, 0, 0, 0, 2, 2, 0, 1, 0, 1, 2, 2, 2, 2, 1, 1, 2, 0, 1, 1, 1, 1, 1, 0, 1, 1, 1, 1, 2, 0, 2, 0, 1, 2, 1, 0, 2, 0], total=41
2024-12-02 00:57:34,280 INFO server.py 327:: [Server] The aggregation takes 0.023480 seconds.

2024-12-02 00:57:34,283 INFO server.py 211:: [Server] Start testing
2024-12-02 00:57:34,301 INFO server.py 235:: [Server] Test set: Average loss: 1.3491, Accuracy: 57/200 (28.5%)

2024-12-02 00:57:34,302 INFO server.py 238:: [Sever] Confusion matrix:
 tensor([[50.,  0.,  0.,  0.],
        [50.,  0.,  0.,  0.],
        [43.,  0.,  7.,  0.],
        [48.,  0.,  2.,  0.]])
2024-12-02 00:57:34,304 INFO server.py 254:: [Server] Precision=[0.2617801       nan 0.7777778       nan],
 Recall=[1.   0.   0.14 0.  ],
 F1-score=[0.41493776        nan 0.23728815        nan],
 my_accuracy=28.49999964237213[%]
2024-12-02 00:57:34,305 INFO _main.py 209:: ########EPOCH 8 ########
2024-12-02 00:57:34,305 INFO _main.py 210:: ###Model distribution###
2024-12-02 00:57:36,843 INFO server.py 1064:: clients' sizes=[1, 2, 1, 0, 0, 0, 2, 2, 0, 1, 0, 1, 2, 2, 2, 2, 1, 1, 2, 0, 1, 1, 1, 1, 1, 0, 1, 1, 1, 1, 2, 0, 2, 0, 1, 2, 1, 0, 2, 0], total=41
2024-12-02 00:57:36,867 INFO server.py 327:: [Server] The aggregation takes 0.024189 seconds.

2024-12-02 00:57:36,869 INFO server.py 211:: [Server] Start testing
2024-12-02 00:57:36,888 INFO server.py 235:: [Server] Test set: Average loss: 1.3417, Accuracy: 55/200 (27.5%)

2024-12-02 00:57:36,889 INFO server.py 238:: [Sever] Confusion matrix:
 tensor([[48.,  0.,  2.,  0.],
        [50.,  0.,  0.,  0.],
        [43.,  0.,  7.,  0.],
        [48.,  0.,  2.,  0.]])
2024-12-02 00:57:36,891 INFO server.py 254:: [Server] Precision=[0.25396827        nan 0.6363636         nan],
 Recall=[0.96 0.   0.14 0.  ],
 F1-score=[0.40167364        nan 0.22950819        nan],
 my_accuracy=27.500000596046448[%]
2024-12-02 00:57:36,892 INFO _main.py 209:: ########EPOCH 9 ########
2024-12-02 00:57:36,893 INFO _main.py 210:: ###Model distribution###
2024-12-02 00:57:39,390 INFO server.py 1064:: clients' sizes=[1, 2, 1, 0, 0, 0, 2, 2, 0, 1, 0, 1, 2, 2, 2, 2, 1, 1, 2, 0, 1, 1, 1, 1, 1, 0, 1, 1, 1, 1, 2, 0, 2, 0, 1, 2, 1, 0, 2, 0], total=41
2024-12-02 00:57:39,413 INFO server.py 327:: [Server] The aggregation takes 0.023695 seconds.

2024-12-02 00:57:39,415 INFO server.py 211:: [Server] Start testing
2024-12-02 00:57:39,435 INFO server.py 235:: [Server] Test set: Average loss: 1.3369, Accuracy: 55/200 (27.5%)

2024-12-02 00:57:39,436 INFO server.py 238:: [Sever] Confusion matrix:
 tensor([[48.,  0.,  2.,  0.],
        [49.,  0.,  1.,  0.],
        [43.,  0.,  7.,  0.],
        [47.,  0.,  3.,  0.]])
2024-12-02 00:57:39,438 INFO server.py 254:: [Server] Precision=[0.25668448        nan 0.53846157        nan],
 Recall=[0.96 0.   0.14 0.  ],
 F1-score=[0.40506327        nan 0.22222222        nan],
 my_accuracy=27.500000596046448[%]
2024-12-02 00:57:39,438 INFO _main.py 209:: ########EPOCH 10 ########
2024-12-02 00:57:39,439 INFO _main.py 210:: ###Model distribution###
2024-12-02 00:57:43,010 INFO server.py 1064:: clients' sizes=[1, 2, 1, 0, 0, 0, 2, 2, 0, 1, 0, 1, 2, 2, 2, 2, 1, 1, 2, 0, 1, 1, 1, 1, 1, 0, 1, 1, 1, 1, 2, 0, 2, 0, 1, 2, 1, 0, 2, 0], total=41
2024-12-02 00:57:43,052 INFO server.py 327:: [Server] The aggregation takes 0.043762 seconds.

2024-12-02 00:57:43,057 INFO server.py 211:: [Server] Start testing
2024-12-02 00:57:43,090 INFO server.py 235:: [Server] Test set: Average loss: 1.3333, Accuracy: 57/200 (28.5%)

2024-12-02 00:57:43,094 INFO server.py 238:: [Sever] Confusion matrix:
 tensor([[48.,  0.,  2.,  0.],
        [48.,  0.,  2.,  0.],
        [41.,  0.,  9.,  0.],
        [45.,  0.,  5.,  0.]])
2024-12-02 00:57:43,096 INFO server.py 254:: [Server] Precision=[0.26373628        nan 0.5               nan],
 Recall=[0.96 0.   0.18 0.  ],
 F1-score=[0.41379312        nan 0.2647059         nan],
 my_accuracy=28.49999964237213[%]
2024-12-02 00:57:43,096 INFO _main.py 209:: ########EPOCH 11 ########
2024-12-02 00:57:43,097 INFO _main.py 210:: ###Model distribution###
2024-12-02 00:57:46,294 INFO server.py 1064:: clients' sizes=[1, 2, 1, 0, 0, 0, 2, 2, 0, 1, 0, 1, 2, 2, 2, 2, 1, 1, 2, 0, 1, 1, 1, 1, 1, 0, 1, 1, 1, 1, 2, 0, 2, 0, 1, 2, 1, 0, 2, 0], total=41
2024-12-02 00:57:46,319 INFO server.py 327:: [Server] The aggregation takes 0.025661 seconds.

2024-12-02 00:57:46,321 INFO server.py 211:: [Server] Start testing
2024-12-02 00:57:46,340 INFO server.py 235:: [Server] Test set: Average loss: 1.3259, Accuracy: 59/200 (29.5%)

2024-12-02 00:57:46,342 INFO server.py 238:: [Sever] Confusion matrix:
 tensor([[48.,  0.,  2.,  0.],
        [47.,  0.,  3.,  0.],
        [39.,  0., 11.,  0.],
        [45.,  0.,  5.,  0.]])
2024-12-02 00:57:46,344 INFO server.py 254:: [Server] Precision=[0.26815644        nan 0.52380955        nan],
 Recall=[0.96 0.   0.22 0.  ],
 F1-score=[0.41921395        nan 0.30985916        nan],
 my_accuracy=29.499998688697815[%]
2024-12-02 00:57:46,344 INFO _main.py 209:: ########EPOCH 12 ########
2024-12-02 00:57:46,345 INFO _main.py 210:: ###Model distribution###
2024-12-02 00:57:48,892 INFO server.py 1064:: clients' sizes=[1, 2, 1, 0, 0, 0, 2, 2, 0, 1, 0, 1, 2, 2, 2, 2, 1, 1, 2, 0, 1, 1, 1, 1, 1, 0, 1, 1, 1, 1, 2, 0, 2, 0, 1, 2, 1, 0, 2, 0], total=41
2024-12-02 00:57:48,917 INFO server.py 327:: [Server] The aggregation takes 0.025826 seconds.

2024-12-02 00:57:48,920 INFO server.py 211:: [Server] Start testing
2024-12-02 00:57:48,940 INFO server.py 235:: [Server] Test set: Average loss: 1.3203, Accuracy: 63/200 (31.5%)

2024-12-02 00:57:48,941 INFO server.py 238:: [Sever] Confusion matrix:
 tensor([[48.,  0.,  2.,  0.],
        [44.,  0.,  6.,  0.],
        [35.,  0., 15.,  0.],
        [41.,  0.,  9.,  0.]])
2024-12-02 00:57:48,943 INFO server.py 254:: [Server] Precision=[0.2857143       nan 0.46875         nan],
 Recall=[0.96 0.   0.3  0.  ],
 F1-score=[0.44036698        nan 0.36585367        nan],
 my_accuracy=31.49999976158142[%]
2024-12-02 00:57:48,944 INFO _main.py 209:: ########EPOCH 13 ########
2024-12-02 00:57:48,944 INFO _main.py 210:: ###Model distribution###
2024-12-02 00:57:51,470 INFO server.py 1064:: clients' sizes=[1, 2, 1, 0, 0, 0, 2, 2, 0, 1, 0, 1, 2, 2, 2, 2, 1, 1, 2, 0, 1, 1, 1, 1, 1, 0, 1, 1, 1, 1, 2, 0, 2, 0, 1, 2, 1, 0, 2, 0], total=41
2024-12-02 00:57:51,493 INFO server.py 327:: [Server] The aggregation takes 0.024058 seconds.

2024-12-02 00:57:51,495 INFO server.py 211:: [Server] Start testing
2024-12-02 00:57:51,514 INFO server.py 235:: [Server] Test set: Average loss: 1.3130, Accuracy: 64/200 (32.0%)

2024-12-02 00:57:51,516 INFO server.py 238:: [Sever] Confusion matrix:
 tensor([[48.,  0.,  2.,  0.],
        [41.,  0.,  9.,  0.],
        [34.,  0., 16.,  0.],
        [38.,  0., 12.,  0.]])
2024-12-02 00:57:51,517 INFO server.py 254:: [Server] Precision=[0.29813665        nan 0.41025642        nan],
 Recall=[0.96 0.   0.32 0.  ],
 F1-score=[0.45497632        nan 0.35955054        nan],
 my_accuracy=31.999999284744263[%]
2024-12-02 00:57:51,518 INFO _main.py 209:: ########EPOCH 14 ########
2024-12-02 00:57:51,519 INFO _main.py 210:: ###Model distribution###
2024-12-02 00:57:53,998 INFO server.py 1064:: clients' sizes=[1, 2, 1, 0, 0, 0, 2, 2, 0, 1, 0, 1, 2, 2, 2, 2, 1, 1, 2, 0, 1, 1, 1, 1, 1, 0, 1, 1, 1, 1, 2, 0, 2, 0, 1, 2, 1, 0, 2, 0], total=41
2024-12-02 00:57:54,021 INFO server.py 327:: [Server] The aggregation takes 0.023430 seconds.

2024-12-02 00:57:54,023 INFO server.py 211:: [Server] Start testing
2024-12-02 00:57:54,042 INFO server.py 235:: [Server] Test set: Average loss: 1.3049, Accuracy: 65/200 (32.5%)

2024-12-02 00:57:54,044 INFO server.py 238:: [Sever] Confusion matrix:
 tensor([[47.,  0.,  3.,  0.],
        [41.,  0.,  9.,  0.],
        [32.,  0., 18.,  0.],
        [36.,  0., 14.,  0.]])
2024-12-02 00:57:54,045 INFO server.py 254:: [Server] Precision=[0.30128205        nan 0.4090909         nan],
 Recall=[0.94 0.   0.36 0.  ],
 F1-score=[0.4563107         nan 0.38297877        nan],
 my_accuracy=32.499998807907104[%]
2024-12-02 00:57:54,046 INFO _main.py 209:: ########EPOCH 15 ########
2024-12-02 00:57:54,047 INFO _main.py 210:: ###Model distribution###
2024-12-02 00:57:57,299 INFO server.py 1064:: clients' sizes=[1, 2, 1, 0, 0, 0, 2, 2, 0, 1, 0, 1, 2, 2, 2, 2, 1, 1, 2, 0, 1, 1, 1, 1, 1, 0, 1, 1, 1, 1, 2, 0, 2, 0, 1, 2, 1, 0, 2, 0], total=41
2024-12-02 00:57:57,338 INFO server.py 327:: [Server] The aggregation takes 0.040498 seconds.

2024-12-02 00:57:57,347 INFO server.py 211:: [Server] Start testing
2024-12-02 00:57:57,390 INFO server.py 235:: [Server] Test set: Average loss: 1.3015, Accuracy: 63/200 (31.5%)

2024-12-02 00:57:57,393 INFO server.py 238:: [Sever] Confusion matrix:
 tensor([[46.,  0.,  4.,  0.],
        [41.,  0.,  9.,  0.],
        [33.,  0., 17.,  0.],
        [37.,  0., 13.,  0.]])
2024-12-02 00:57:57,397 INFO server.py 254:: [Server] Precision=[0.29299363        nan 0.39534885        nan],
 Recall=[0.92 0.   0.34 0.  ],
 F1-score=[0.44444445        nan 0.3655914         nan],
 my_accuracy=31.49999976158142[%]
2024-12-02 00:57:57,398 INFO _main.py 209:: ########EPOCH 16 ########
2024-12-02 00:57:57,399 INFO _main.py 210:: ###Model distribution###
2024-12-02 00:58:00,965 INFO server.py 1064:: clients' sizes=[1, 2, 1, 0, 0, 0, 2, 2, 0, 1, 0, 1, 2, 2, 2, 2, 1, 1, 2, 0, 1, 1, 1, 1, 1, 0, 1, 1, 1, 1, 2, 0, 2, 0, 1, 2, 1, 0, 2, 0], total=41
2024-12-02 00:58:00,988 INFO server.py 327:: [Server] The aggregation takes 0.023557 seconds.

2024-12-02 00:58:00,990 INFO server.py 211:: [Server] Start testing
2024-12-02 00:58:01,010 INFO server.py 235:: [Server] Test set: Average loss: 1.2952, Accuracy: 63/200 (31.5%)

2024-12-02 00:58:01,011 INFO server.py 238:: [Sever] Confusion matrix:
 tensor([[45.,  0.,  5.,  0.],
        [38.,  0., 12.,  0.],
        [32.,  0., 18.,  0.],
        [33.,  0., 17.,  0.]])
2024-12-02 00:58:01,013 INFO server.py 254:: [Server] Precision=[0.30405405        nan 0.34615386        nan],
 Recall=[0.9  0.   0.36 0.  ],
 F1-score=[0.45454547        nan 0.3529412         nan],
 my_accuracy=31.49999976158142[%]
2024-12-02 00:58:01,013 INFO _main.py 209:: ########EPOCH 17 ########
2024-12-02 00:58:01,014 INFO _main.py 210:: ###Model distribution###
2024-12-02 00:58:03,523 INFO server.py 1064:: clients' sizes=[1, 2, 1, 0, 0, 0, 2, 2, 0, 1, 0, 1, 2, 2, 2, 2, 1, 1, 2, 0, 1, 1, 1, 1, 1, 0, 1, 1, 1, 1, 2, 0, 2, 0, 1, 2, 1, 0, 2, 0], total=41
2024-12-02 00:58:03,546 INFO server.py 327:: [Server] The aggregation takes 0.023380 seconds.

2024-12-02 00:58:03,548 INFO server.py 211:: [Server] Start testing
2024-12-02 00:58:03,567 INFO server.py 235:: [Server] Test set: Average loss: 1.2909, Accuracy: 62/200 (31.0%)

2024-12-02 00:58:03,568 INFO server.py 238:: [Sever] Confusion matrix:
 tensor([[44.,  0.,  6.,  0.],
        [38.,  0., 12.,  0.],
        [32.,  0., 18.,  0.],
        [32.,  0., 18.,  0.]])
2024-12-02 00:58:03,575 INFO server.py 254:: [Server] Precision=[0.30136988        nan 0.33333334        nan],
 Recall=[0.88 0.   0.36 0.  ],
 F1-score=[0.44897962        nan 0.34615383        nan],
 my_accuracy=31.00000023841858[%]
2024-12-02 00:58:03,576 INFO _main.py 209:: ########EPOCH 18 ########
2024-12-02 00:58:03,577 INFO _main.py 210:: ###Model distribution###
2024-12-02 00:58:06,092 INFO server.py 1064:: clients' sizes=[1, 2, 1, 0, 0, 0, 2, 2, 0, 1, 0, 1, 2, 2, 2, 2, 1, 1, 2, 0, 1, 1, 1, 1, 1, 0, 1, 1, 1, 1, 2, 0, 2, 0, 1, 2, 1, 0, 2, 0], total=41
2024-12-02 00:58:06,124 INFO server.py 327:: [Server] The aggregation takes 0.032963 seconds.

2024-12-02 00:58:06,127 INFO server.py 211:: [Server] Start testing
2024-12-02 00:58:06,147 INFO server.py 235:: [Server] Test set: Average loss: 1.2864, Accuracy: 62/200 (31.0%)

2024-12-02 00:58:06,149 INFO server.py 238:: [Sever] Confusion matrix:
 tensor([[44.,  0.,  6.,  0.],
        [38.,  0., 12.,  0.],
        [32.,  0., 18.,  0.],
        [33.,  0., 17.,  0.]])
2024-12-02 00:58:06,151 INFO server.py 254:: [Server] Precision=[0.2993197         nan 0.33962265        nan],
 Recall=[0.88 0.   0.36 0.  ],
 F1-score=[0.4467005         nan 0.34951457        nan],
 my_accuracy=31.00000023841858[%]
2024-12-02 00:58:06,151 INFO _main.py 209:: ########EPOCH 19 ########
2024-12-02 00:58:06,152 INFO _main.py 210:: ###Model distribution###
2024-12-02 00:58:08,691 INFO server.py 1064:: clients' sizes=[1, 2, 1, 0, 0, 0, 2, 2, 0, 1, 0, 1, 2, 2, 2, 2, 1, 1, 2, 0, 1, 1, 1, 1, 1, 0, 1, 1, 1, 1, 2, 0, 2, 0, 1, 2, 1, 0, 2, 0], total=41
2024-12-02 00:58:08,715 INFO server.py 327:: [Server] The aggregation takes 0.024462 seconds.

2024-12-02 00:58:08,717 INFO server.py 211:: [Server] Start testing
2024-12-02 00:58:08,736 INFO server.py 235:: [Server] Test set: Average loss: 1.2814, Accuracy: 63/200 (31.5%)

2024-12-02 00:58:08,737 INFO server.py 238:: [Sever] Confusion matrix:
 tensor([[44.,  0.,  6.,  0.],
        [38.,  0., 12.,  0.],
        [32.,  0., 18.,  0.],
        [30.,  0., 19.,  1.]])
2024-12-02 00:58:08,739 INFO server.py 254:: [Server] Precision=[0.30555555        nan 0.3272727  1.        ],
 Recall=[0.88 0.   0.36 0.02],
 F1-score=[0.45360824        nan 0.34285715 0.03921569],
 my_accuracy=31.49999976158142[%]
2024-12-02 00:58:08,740 INFO _main.py 209:: ########EPOCH 20 ########
2024-12-02 00:58:08,740 INFO _main.py 210:: ###Model distribution###
2024-12-02 00:58:11,653 INFO server.py 1064:: clients' sizes=[1, 2, 1, 0, 0, 0, 2, 2, 0, 1, 0, 1, 2, 2, 2, 2, 1, 1, 2, 0, 1, 1, 1, 1, 1, 0, 1, 1, 1, 1, 2, 0, 2, 0, 1, 2, 1, 0, 2, 0], total=41
2024-12-02 00:58:11,693 INFO server.py 327:: [Server] The aggregation takes 0.041259 seconds.

2024-12-02 00:58:11,699 INFO server.py 211:: [Server] Start testing
2024-12-02 00:58:11,743 INFO server.py 235:: [Server] Test set: Average loss: 1.2670, Accuracy: 78/200 (39.0%)

2024-12-02 00:58:11,745 INFO server.py 238:: [Sever] Confusion matrix:
 tensor([[44.,  0.,  6.,  0.],
        [36.,  0., 13.,  1.],
        [30.,  0., 19.,  1.],
        [17.,  0., 18., 15.]])
2024-12-02 00:58:11,749 INFO server.py 254:: [Server] Precision=[0.3464567         nan 0.3392857  0.88235295],
 Recall=[0.88 0.   0.38 0.3 ],
 F1-score=[0.4971752         nan 0.35849056 0.44776118],
 my_accuracy=38.999998569488525[%]
2024-12-02 00:58:11,751 INFO _main.py 209:: ########EPOCH 21 ########
2024-12-02 00:58:11,752 INFO _main.py 210:: ###Model distribution###
2024-12-02 00:58:15,423 INFO server.py 1064:: clients' sizes=[1, 2, 1, 0, 0, 0, 2, 2, 0, 1, 0, 1, 2, 2, 2, 2, 1, 1, 2, 0, 1, 1, 1, 1, 1, 0, 1, 1, 1, 1, 2, 0, 2, 0, 1, 2, 1, 0, 2, 0], total=41
2024-12-02 00:58:15,464 INFO server.py 327:: [Server] The aggregation takes 0.042914 seconds.

2024-12-02 00:58:15,474 INFO server.py 211:: [Server] Start testing
2024-12-02 00:58:15,515 INFO server.py 235:: [Server] Test set: Average loss: 1.2560, Accuracy: 88/200 (44.0%)

2024-12-02 00:58:15,521 INFO server.py 238:: [Sever] Confusion matrix:
 tensor([[44.,  0.,  6.,  0.],
        [36.,  0., 12.,  2.],
        [27.,  0., 22.,  1.],
        [11.,  0., 17., 22.]])
2024-12-02 00:58:15,525 INFO server.py 254:: [Server] Precision=[0.37288135        nan 0.3859649  0.88      ],
 Recall=[0.88 0.   0.44 0.44],
 F1-score=[0.52380955        nan 0.41121492 0.5866667 ],
 my_accuracy=43.99999976158142[%]
2024-12-02 00:58:15,527 INFO _main.py 209:: ########EPOCH 22 ########
2024-12-02 00:58:15,528 INFO _main.py 210:: ###Model distribution###
2024-12-02 00:58:18,195 INFO server.py 1064:: clients' sizes=[1, 2, 1, 0, 0, 0, 2, 2, 0, 1, 0, 1, 2, 2, 2, 2, 1, 1, 2, 0, 1, 1, 1, 1, 1, 0, 1, 1, 1, 1, 2, 0, 2, 0, 1, 2, 1, 0, 2, 0], total=41
2024-12-02 00:58:18,218 INFO server.py 327:: [Server] The aggregation takes 0.023836 seconds.

2024-12-02 00:58:18,220 INFO server.py 211:: [Server] Start testing
2024-12-02 00:58:18,240 INFO server.py 235:: [Server] Test set: Average loss: 1.2425, Accuracy: 92/200 (46.0%)

2024-12-02 00:58:18,241 INFO server.py 238:: [Sever] Confusion matrix:
 tensor([[44.,  0.,  6.,  0.],
        [35.,  0., 13.,  2.],
        [24.,  0., 23.,  3.],
        [ 9.,  0., 16., 25.]])
2024-12-02 00:58:18,243 INFO server.py 254:: [Server] Precision=[0.39285713        nan 0.39655173 0.8333333 ],
 Recall=[0.88 0.   0.46 0.5 ],
 F1-score=[0.54320985        nan 0.4259259  0.625     ],
 my_accuracy=46.00000083446503[%]
2024-12-02 00:58:18,243 INFO _main.py 209:: ########EPOCH 23 ########
2024-12-02 00:58:18,244 INFO _main.py 210:: ###Model distribution###
2024-12-02 00:58:20,760 INFO server.py 1064:: clients' sizes=[1, 2, 1, 0, 0, 0, 2, 2, 0, 1, 0, 1, 2, 2, 2, 2, 1, 1, 2, 0, 1, 1, 1, 1, 1, 0, 1, 1, 1, 1, 2, 0, 2, 0, 1, 2, 1, 0, 2, 0], total=41
2024-12-02 00:58:20,797 INFO server.py 327:: [Server] The aggregation takes 0.038516 seconds.

2024-12-02 00:58:20,800 INFO server.py 211:: [Server] Start testing
2024-12-02 00:58:20,819 INFO server.py 235:: [Server] Test set: Average loss: 1.2329, Accuracy: 94/200 (47.0%)

2024-12-02 00:58:20,821 INFO server.py 238:: [Sever] Confusion matrix:
 tensor([[44.,  0.,  6.,  0.],
        [34.,  0., 14.,  2.],
        [23.,  0., 22.,  5.],
        [ 7.,  0., 15., 28.]])
2024-12-02 00:58:20,822 INFO server.py 254:: [Server] Precision=[0.4074074       nan 0.3859649 0.8      ],
 Recall=[0.88 0.   0.44 0.56],
 F1-score=[0.556962          nan 0.41121492 0.65882355],
 my_accuracy=46.99999988079071[%]
2024-12-02 00:58:20,823 INFO _main.py 209:: ########EPOCH 24 ########
2024-12-02 00:58:20,824 INFO _main.py 210:: ###Model distribution###
2024-12-02 00:58:23,359 INFO server.py 1064:: clients' sizes=[1, 2, 1, 0, 0, 0, 2, 2, 0, 1, 0, 1, 2, 2, 2, 2, 1, 1, 2, 0, 1, 1, 1, 1, 1, 0, 1, 1, 1, 1, 2, 0, 2, 0, 1, 2, 1, 0, 2, 0], total=41
2024-12-02 00:58:23,382 INFO server.py 327:: [Server] The aggregation takes 0.023532 seconds.

2024-12-02 00:58:23,384 INFO server.py 211:: [Server] Start testing
2024-12-02 00:58:23,403 INFO server.py 235:: [Server] Test set: Average loss: 1.2307, Accuracy: 93/200 (46.5%)

2024-12-02 00:58:23,404 INFO server.py 238:: [Sever] Confusion matrix:
 tensor([[44.,  0.,  6.,  0.],
        [35.,  0., 13.,  2.],
        [23.,  0., 21.,  6.],
        [ 7.,  0., 15., 28.]])
2024-12-02 00:58:23,406 INFO server.py 254:: [Server] Precision=[0.40366971        nan 0.38181818 0.7777778 ],
 Recall=[0.88 0.   0.42 0.56],
 F1-score=[0.5534591       nan 0.4       0.6511628],
 my_accuracy=46.50000035762787[%]
2024-12-02 00:58:23,406 INFO _main.py 209:: ########EPOCH 25 ########
2024-12-02 00:58:23,407 INFO _main.py 210:: ###Model distribution###
2024-12-02 00:58:26,171 INFO server.py 1064:: clients' sizes=[1, 2, 1, 0, 0, 0, 2, 2, 0, 1, 0, 1, 2, 2, 2, 2, 1, 1, 2, 0, 1, 1, 1, 1, 1, 0, 1, 1, 1, 1, 2, 0, 2, 0, 1, 2, 1, 0, 2, 0], total=41
2024-12-02 00:58:26,209 INFO server.py 327:: [Server] The aggregation takes 0.040150 seconds.

2024-12-02 00:58:26,218 INFO server.py 211:: [Server] Start testing
2024-12-02 00:58:26,245 INFO server.py 235:: [Server] Test set: Average loss: 1.2140, Accuracy: 95/200 (47.5%)

2024-12-02 00:58:26,254 INFO server.py 238:: [Sever] Confusion matrix:
 tensor([[44.,  0.,  6.,  0.],
        [34.,  0., 14.,  2.],
        [21.,  0., 23.,  6.],
        [ 7.,  0., 15., 28.]])
2024-12-02 00:58:26,258 INFO server.py 254:: [Server] Precision=[0.41509435        nan 0.39655173 0.7777778 ],
 Recall=[0.88 0.   0.46 0.56],
 F1-score=[0.56410253        nan 0.4259259  0.6511628 ],
 my_accuracy=47.49999940395355[%]
2024-12-02 00:58:26,258 INFO _main.py 209:: ########EPOCH 26 ########
2024-12-02 00:58:26,260 INFO _main.py 210:: ###Model distribution###
2024-12-02 00:58:29,872 INFO server.py 1064:: clients' sizes=[1, 2, 1, 0, 0, 0, 2, 2, 0, 1, 0, 1, 2, 2, 2, 2, 1, 1, 2, 0, 1, 1, 1, 1, 1, 0, 1, 1, 1, 1, 2, 0, 2, 0, 1, 2, 1, 0, 2, 0], total=41
2024-12-02 00:58:29,911 INFO server.py 327:: [Server] The aggregation takes 0.040535 seconds.

2024-12-02 00:58:29,919 INFO server.py 211:: [Server] Start testing
2024-12-02 00:58:29,968 INFO server.py 235:: [Server] Test set: Average loss: 1.2128, Accuracy: 97/200 (48.5%)

2024-12-02 00:58:29,972 INFO server.py 238:: [Sever] Confusion matrix:
 tensor([[44.,  0.,  6.,  0.],
        [31.,  0., 17.,  2.],
        [18.,  0., 25.,  7.],
        [ 7.,  0., 15., 28.]])
2024-12-02 00:58:29,976 INFO server.py 254:: [Server] Precision=[0.44            nan 0.3968254 0.7567568],
 Recall=[0.88 0.   0.5  0.56],
 F1-score=[0.5866667         nan 0.44247785 0.6436782 ],
 my_accuracy=48.500001430511475[%]
2024-12-02 00:58:29,980 INFO _main.py 209:: ########EPOCH 27 ########
2024-12-02 00:58:29,984 INFO _main.py 210:: ###Model distribution###
2024-12-02 00:58:33,089 INFO server.py 1064:: clients' sizes=[1, 2, 1, 0, 0, 0, 2, 2, 0, 1, 0, 1, 2, 2, 2, 2, 1, 1, 2, 0, 1, 1, 1, 1, 1, 0, 1, 1, 1, 1, 2, 0, 2, 0, 1, 2, 1, 0, 2, 0], total=41
2024-12-02 00:58:33,113 INFO server.py 327:: [Server] The aggregation takes 0.025099 seconds.

2024-12-02 00:58:33,115 INFO server.py 211:: [Server] Start testing
2024-12-02 00:58:33,134 INFO server.py 235:: [Server] Test set: Average loss: 1.2074, Accuracy: 99/200 (49.5%)

2024-12-02 00:58:33,136 INFO server.py 238:: [Sever] Confusion matrix:
 tensor([[44.,  0.,  6.,  0.],
        [31.,  0., 17.,  2.],
        [18.,  0., 24.,  8.],
        [ 7.,  0., 12., 31.]])
2024-12-02 00:58:33,137 INFO server.py 254:: [Server] Precision=[0.44              nan 0.40677965 0.75609756],
 Recall=[0.88 0.   0.48 0.62],
 F1-score=[0.5866667         nan 0.44036692 0.6813187 ],
 my_accuracy=49.50000047683716[%]
2024-12-02 00:58:33,138 INFO _main.py 209:: ########EPOCH 28 ########
2024-12-02 00:58:33,139 INFO _main.py 210:: ###Model distribution###
2024-12-02 00:58:35,830 INFO server.py 1064:: clients' sizes=[1, 2, 1, 0, 0, 0, 2, 2, 0, 1, 0, 1, 2, 2, 2, 2, 1, 1, 2, 0, 1, 1, 1, 1, 1, 0, 1, 1, 1, 1, 2, 0, 2, 0, 1, 2, 1, 0, 2, 0], total=41
2024-12-02 00:58:35,855 INFO server.py 327:: [Server] The aggregation takes 0.026290 seconds.

2024-12-02 00:58:35,857 INFO server.py 211:: [Server] Start testing
2024-12-02 00:58:35,877 INFO server.py 235:: [Server] Test set: Average loss: 1.1939, Accuracy: 99/200 (49.5%)

2024-12-02 00:58:35,879 INFO server.py 238:: [Sever] Confusion matrix:
 tensor([[44.,  0.,  6.,  0.],
        [31.,  0., 17.,  2.],
        [17.,  0., 24.,  9.],
        [ 7.,  0., 12., 31.]])
2024-12-02 00:58:35,881 INFO server.py 254:: [Server] Precision=[0.44444445        nan 0.40677965 0.7380952 ],
 Recall=[0.88 0.   0.48 0.62],
 F1-score=[0.590604          nan 0.44036692 0.67391306],
 my_accuracy=49.50000047683716[%]
2024-12-02 00:58:35,881 INFO _main.py 209:: ########EPOCH 29 ########
2024-12-02 00:58:35,882 INFO _main.py 210:: ###Model distribution###
2024-12-02 00:58:38,464 INFO server.py 1064:: clients' sizes=[1, 2, 1, 0, 0, 0, 2, 2, 0, 1, 0, 1, 2, 2, 2, 2, 1, 1, 2, 0, 1, 1, 1, 1, 1, 0, 1, 1, 1, 1, 2, 0, 2, 0, 1, 2, 1, 0, 2, 0], total=41
2024-12-02 00:58:38,487 INFO server.py 327:: [Server] The aggregation takes 0.023741 seconds.

2024-12-02 00:58:38,489 INFO server.py 211:: [Server] Start testing
2024-12-02 00:58:38,508 INFO server.py 235:: [Server] Test set: Average loss: 1.1831, Accuracy: 100/200 (50.0%)

2024-12-02 00:58:38,510 INFO server.py 238:: [Sever] Confusion matrix:
 tensor([[44.,  0.,  6.,  0.],
        [29.,  0., 19.,  2.],
        [17.,  0., 24.,  9.],
        [ 6.,  0., 12., 32.]])
2024-12-02 00:58:38,511 INFO server.py 254:: [Server] Precision=[0.45833334        nan 0.39344263 0.74418604],
 Recall=[0.88 0.   0.48 0.64],
 F1-score=[0.6027397         nan 0.4324324  0.68817204],
 my_accuracy=50.0[%]
2024-12-02 00:58:38,512 INFO _main.py 209:: ########EPOCH 30 ########
2024-12-02 00:58:38,512 INFO _main.py 210:: ###Model distribution###
2024-12-02 00:58:41,071 INFO server.py 1064:: clients' sizes=[1, 2, 1, 0, 0, 0, 2, 2, 0, 1, 0, 1, 2, 2, 2, 2, 1, 1, 2, 0, 1, 1, 1, 1, 1, 0, 1, 1, 1, 1, 2, 0, 2, 0, 1, 2, 1, 0, 2, 0], total=41
2024-12-02 00:58:41,095 INFO server.py 327:: [Server] The aggregation takes 0.024668 seconds.

2024-12-02 00:58:41,097 INFO server.py 211:: [Server] Start testing
2024-12-02 00:58:41,117 INFO server.py 235:: [Server] Test set: Average loss: 1.1723, Accuracy: 99/200 (49.5%)

2024-12-02 00:58:41,120 INFO server.py 238:: [Sever] Confusion matrix:
 tensor([[43.,  0.,  7.,  0.],
        [27.,  0., 21.,  2.],
        [17.,  0., 24.,  9.],
        [ 6.,  0., 12., 32.]])
2024-12-02 00:58:41,122 INFO server.py 254:: [Server] Precision=[0.4623656         nan 0.375      0.74418604],
 Recall=[0.86 0.   0.48 0.64],
 F1-score=[0.6013986         nan 0.4210526  0.68817204],
 my_accuracy=49.50000047683716[%]
2024-12-02 00:58:41,123 INFO _main.py 209:: ########EPOCH 31 ########
2024-12-02 00:58:41,123 INFO _main.py 210:: ###Model distribution###
2024-12-02 00:58:44,549 INFO server.py 1064:: clients' sizes=[1, 2, 1, 0, 0, 0, 2, 2, 0, 1, 0, 1, 2, 2, 2, 2, 1, 1, 2, 0, 1, 1, 1, 1, 1, 0, 1, 1, 1, 1, 2, 0, 2, 0, 1, 2, 1, 0, 2, 0], total=41
2024-12-02 00:58:44,592 INFO server.py 327:: [Server] The aggregation takes 0.043591 seconds.

2024-12-02 00:58:44,598 INFO server.py 211:: [Server] Start testing
2024-12-02 00:58:44,637 INFO server.py 235:: [Server] Test set: Average loss: 1.1559, Accuracy: 99/200 (49.5%)

2024-12-02 00:58:44,643 INFO server.py 238:: [Sever] Confusion matrix:
 tensor([[43.,  0.,  7.,  0.],
        [26.,  0., 21.,  3.],
        [15.,  0., 24., 11.],
        [ 6.,  0., 12., 32.]])
2024-12-02 00:58:44,648 INFO server.py 254:: [Server] Precision=[0.47777778        nan 0.375      0.6956522 ],
 Recall=[0.86 0.   0.48 0.64],
 F1-score=[0.6142857       nan 0.4210526 0.6666667],
 my_accuracy=49.50000047683716[%]
2024-12-02 00:58:44,650 INFO _main.py 209:: ########EPOCH 32 ########
2024-12-02 00:58:44,651 INFO _main.py 210:: ###Model distribution###
2024-12-02 00:58:48,324 INFO server.py 1064:: clients' sizes=[1, 2, 1, 0, 0, 0, 2, 2, 0, 1, 0, 1, 2, 2, 2, 2, 1, 1, 2, 0, 1, 1, 1, 1, 1, 0, 1, 1, 1, 1, 2, 0, 2, 0, 1, 2, 1, 0, 2, 0], total=41
2024-12-02 00:58:48,347 INFO server.py 327:: [Server] The aggregation takes 0.024103 seconds.

2024-12-02 00:58:48,350 INFO server.py 211:: [Server] Start testing
2024-12-02 00:58:48,369 INFO server.py 235:: [Server] Test set: Average loss: 1.1498, Accuracy: 102/200 (51.0%)

2024-12-02 00:58:48,370 INFO server.py 238:: [Sever] Confusion matrix:
 tensor([[43.,  0.,  7.,  0.],
        [24.,  0., 19.,  7.],
        [10.,  0., 25., 15.],
        [ 6.,  0., 10., 34.]])
2024-12-02 00:58:48,372 INFO server.py 254:: [Server] Precision=[0.5180723         nan 0.40983605 0.60714287],
 Recall=[0.86 0.   0.5  0.68],
 F1-score=[0.6466166         nan 0.45045045 0.6415094 ],
 my_accuracy=50.999999046325684[%]
2024-12-02 00:58:48,373 INFO _main.py 209:: ########EPOCH 33 ########
2024-12-02 00:58:48,374 INFO _main.py 210:: ###Model distribution###
2024-12-02 00:58:50,892 INFO server.py 1064:: clients' sizes=[1, 2, 1, 0, 0, 0, 2, 2, 0, 1, 0, 1, 2, 2, 2, 2, 1, 1, 2, 0, 1, 1, 1, 1, 1, 0, 1, 1, 1, 1, 2, 0, 2, 0, 1, 2, 1, 0, 2, 0], total=41
2024-12-02 00:58:50,915 INFO server.py 327:: [Server] The aggregation takes 0.024261 seconds.

2024-12-02 00:58:50,917 INFO server.py 211:: [Server] Start testing
2024-12-02 00:58:50,936 INFO server.py 235:: [Server] Test set: Average loss: 1.1189, Accuracy: 103/200 (51.5%)

2024-12-02 00:58:50,937 INFO server.py 238:: [Sever] Confusion matrix:
 tensor([[43.,  0.,  7.,  0.],
        [24.,  0., 19.,  7.],
        [10.,  0., 25., 15.],
        [ 6.,  0.,  9., 35.]])
2024-12-02 00:58:50,939 INFO server.py 254:: [Server] Precision=[0.5180723         nan 0.41666666 0.61403507],
 Recall=[0.86 0.   0.5  0.7 ],
 F1-score=[0.6466166         nan 0.45454547 0.65420556],
 my_accuracy=51.499998569488525[%]
2024-12-02 00:58:50,939 INFO _main.py 209:: ########EPOCH 34 ########
2024-12-02 00:58:50,940 INFO _main.py 210:: ###Model distribution###
2024-12-02 00:58:53,481 INFO server.py 1064:: clients' sizes=[1, 2, 1, 0, 0, 0, 2, 2, 0, 1, 0, 1, 2, 2, 2, 2, 1, 1, 2, 0, 1, 1, 1, 1, 1, 0, 1, 1, 1, 1, 2, 0, 2, 0, 1, 2, 1, 0, 2, 0], total=41
2024-12-02 00:58:53,504 INFO server.py 327:: [Server] The aggregation takes 0.023618 seconds.

2024-12-02 00:58:53,506 INFO server.py 211:: [Server] Start testing
2024-12-02 00:58:53,525 INFO server.py 235:: [Server] Test set: Average loss: 1.0704, Accuracy: 105/200 (52.5%)

2024-12-02 00:58:53,526 INFO server.py 238:: [Sever] Confusion matrix:
 tensor([[45.,  0.,  5.,  0.],
        [27.,  0., 17.,  6.],
        [11.,  0., 24., 15.],
        [ 6.,  0.,  8., 36.]])
2024-12-02 00:58:53,528 INFO server.py 254:: [Server] Precision=[0.505618          nan 0.44444445 0.6315789 ],
 Recall=[0.9  0.   0.48 0.72],
 F1-score=[0.647482          nan 0.46153843 0.67289716],
 my_accuracy=52.49999761581421[%]
2024-12-02 00:58:53,528 INFO _main.py 209:: ########EPOCH 35 ########
2024-12-02 00:58:53,529 INFO _main.py 210:: ###Model distribution###
2024-12-02 00:58:56,297 INFO server.py 1064:: clients' sizes=[1, 2, 1, 0, 0, 0, 2, 2, 0, 1, 0, 1, 2, 2, 2, 2, 1, 1, 2, 0, 1, 1, 1, 1, 1, 0, 1, 1, 1, 1, 2, 0, 2, 0, 1, 2, 1, 0, 2, 0], total=41
2024-12-02 00:58:56,321 INFO server.py 327:: [Server] The aggregation takes 0.024071 seconds.

2024-12-02 00:58:56,323 INFO server.py 211:: [Server] Start testing
2024-12-02 00:58:56,342 INFO server.py 235:: [Server] Test set: Average loss: 1.0144, Accuracy: 112/200 (56.0%)

2024-12-02 00:58:56,343 INFO server.py 238:: [Sever] Confusion matrix:
 tensor([[45.,  0.,  5.,  0.],
        [23.,  6., 15.,  6.],
        [11.,  0., 25., 14.],
        [ 5.,  1.,  8., 36.]])
2024-12-02 00:58:56,345 INFO server.py 254:: [Server] Precision=[0.53571427 0.85714287 0.4716981  0.64285713],
 Recall=[0.9  0.12 0.5  0.72],
 F1-score=[0.67164177 0.21052632 0.4854369  0.67924535],
 my_accuracy=56.00000023841858[%]
2024-12-02 00:58:56,346 INFO _main.py 209:: ########EPOCH 36 ########
2024-12-02 00:58:56,346 INFO _main.py 210:: ###Model distribution###
2024-12-02 00:58:59,496 INFO server.py 1064:: clients' sizes=[1, 2, 1, 0, 0, 0, 2, 2, 0, 1, 0, 1, 2, 2, 2, 2, 1, 1, 2, 0, 1, 1, 1, 1, 1, 0, 1, 1, 1, 1, 2, 0, 2, 0, 1, 2, 1, 0, 2, 0], total=41
2024-12-02 00:58:59,540 INFO server.py 327:: [Server] The aggregation takes 0.044641 seconds.

2024-12-02 00:58:59,543 INFO server.py 211:: [Server] Start testing
2024-12-02 00:58:59,585 INFO server.py 235:: [Server] Test set: Average loss: 0.9487, Accuracy: 115/200 (57.5%)

2024-12-02 00:58:59,589 INFO server.py 238:: [Sever] Confusion matrix:
 tensor([[45.,  1.,  4.,  0.],
        [23.,  9., 13.,  5.],
        [ 9.,  2., 25., 14.],
        [ 4.,  2.,  8., 36.]])
2024-12-02 00:58:59,593 INFO server.py 254:: [Server] Precision=[0.5555556  0.64285713 0.5        0.6545454 ],
 Recall=[0.9  0.18 0.5  0.72],
 F1-score=[0.6870229 0.28125   0.5       0.6857143],
 my_accuracy=57.499998807907104[%]
2024-12-02 00:58:59,594 INFO _main.py 209:: ########EPOCH 37 ########
2024-12-02 00:58:59,596 INFO _main.py 210:: ###Model distribution###
2024-12-02 00:59:03,262 INFO server.py 1064:: clients' sizes=[1, 2, 1, 0, 0, 0, 2, 2, 0, 1, 0, 1, 2, 2, 2, 2, 1, 1, 2, 0, 1, 1, 1, 1, 1, 0, 1, 1, 1, 1, 2, 0, 2, 0, 1, 2, 1, 0, 2, 0], total=41
2024-12-02 00:59:03,287 INFO server.py 327:: [Server] The aggregation takes 0.025429 seconds.

2024-12-02 00:59:03,289 INFO server.py 211:: [Server] Start testing
2024-12-02 00:59:03,309 INFO server.py 235:: [Server] Test set: Average loss: 0.9086, Accuracy: 122/200 (61.0%)

2024-12-02 00:59:03,311 INFO server.py 238:: [Sever] Confusion matrix:
 tensor([[45.,  3.,  2.,  0.],
        [18., 18., 11.,  3.],
        [ 8.,  5., 23., 14.],
        [ 2.,  3.,  9., 36.]])
2024-12-02 00:59:03,312 INFO server.py 254:: [Server] Precision=[0.6164383  0.62068963 0.51111114 0.6792453 ],
 Recall=[0.9  0.36 0.46 0.72],
 F1-score=[0.73170733 0.4556962  0.48421055 0.69902915],
 my_accuracy=61.000001430511475[%]
2024-12-02 00:59:03,313 INFO _main.py 209:: ########EPOCH 38 ########
2024-12-02 00:59:03,314 INFO _main.py 210:: ###Model distribution###
2024-12-02 00:59:05,936 INFO server.py 1064:: clients' sizes=[1, 2, 1, 0, 0, 0, 2, 2, 0, 1, 0, 1, 2, 2, 2, 2, 1, 1, 2, 0, 1, 1, 1, 1, 1, 0, 1, 1, 1, 1, 2, 0, 2, 0, 1, 2, 1, 0, 2, 0], total=41
2024-12-02 00:59:05,972 INFO server.py 327:: [Server] The aggregation takes 0.036824 seconds.

2024-12-02 00:59:05,975 INFO server.py 211:: [Server] Start testing
2024-12-02 00:59:06,032 INFO server.py 235:: [Server] Test set: Average loss: 0.8802, Accuracy: 119/200 (59.5%)

2024-12-02 00:59:06,034 INFO server.py 238:: [Sever] Confusion matrix:
 tensor([[44.,  4.,  2.,  0.],
        [17., 18., 12.,  3.],
        [ 7.,  9., 21., 13.],
        [ 1.,  4.,  9., 36.]])
2024-12-02 00:59:06,036 INFO server.py 254:: [Server] Precision=[0.6376812  0.51428574 0.47727272 0.6923077 ],
 Recall=[0.88 0.36 0.42 0.72],
 F1-score=[0.7394958  0.42352942 0.4468085  0.7058824 ],
 my_accuracy=59.50000286102295[%]
2024-12-02 00:59:06,038 INFO _main.py 209:: ########EPOCH 39 ########
2024-12-02 00:59:06,039 INFO _main.py 210:: ###Model distribution###
2024-12-02 00:59:08,567 INFO server.py 1064:: clients' sizes=[1, 2, 1, 0, 0, 0, 2, 2, 0, 1, 0, 1, 2, 2, 2, 2, 1, 1, 2, 0, 1, 1, 1, 1, 1, 0, 1, 1, 1, 1, 2, 0, 2, 0, 1, 2, 1, 0, 2, 0], total=41
2024-12-02 00:59:08,591 INFO server.py 327:: [Server] The aggregation takes 0.024387 seconds.

2024-12-02 00:59:08,593 INFO server.py 211:: [Server] Start testing
2024-12-02 00:59:08,612 INFO server.py 235:: [Server] Test set: Average loss: 0.8569, Accuracy: 122/200 (61.0%)

2024-12-02 00:59:08,614 INFO server.py 238:: [Sever] Confusion matrix:
 tensor([[44.,  4.,  2.,  0.],
        [17., 18., 12.,  3.],
        [ 6.,  8., 24., 12.],
        [ 0.,  5.,  9., 36.]])
2024-12-02 00:59:08,615 INFO server.py 254:: [Server] Precision=[0.6567164  0.51428574 0.5106383  0.7058824 ],
 Recall=[0.88 0.36 0.48 0.72],
 F1-score=[0.7521367  0.42352942 0.4948454  0.7128714 ],
 my_accuracy=61.000001430511475[%]
