2024-12-01 23:34:00,530 INFO _main.py 39:: ################################################################
2024-12-01 23:34:00,532 INFO _main.py 41:: #                              batch_size: 64                  #
2024-12-01 23:34:00,532 INFO _main.py 41:: #                         test_batch_size: 32                  #
2024-12-01 23:34:00,532 INFO _main.py 41:: #                                  epochs: 15                  #
2024-12-01 23:34:00,532 INFO _main.py 41:: #                               optimizer: SGD                 #
2024-12-01 23:34:00,532 INFO _main.py 41:: #                                      lr: 0.01                #
2024-12-01 23:34:00,533 INFO _main.py 41:: #                                momentum: 0.9                 #
2024-12-01 23:34:00,533 INFO _main.py 41:: #                            weight_decay: 0.0001              #
2024-12-01 23:34:00,533 INFO _main.py 41:: #                                    seed: 1                   #
2024-12-01 23:34:00,533 INFO _main.py 41:: #                            log_interval: 11                  #
2024-12-01 23:34:00,533 INFO _main.py 41:: #                             num_clients: 40                  #
2024-12-01 23:34:00,534 INFO _main.py 41:: #                           output_folder: experiments         #
2024-12-01 23:34:00,534 INFO _main.py 41:: #                                 dataset: rockburst           #
2024-12-01 23:34:00,535 INFO _main.py 41:: #                             loader_type: dirichlet           #
2024-12-01 23:34:00,535 INFO _main.py 41:: #                             loader_path: ./data/loader.pk    #
2024-12-01 23:34:00,535 INFO _main.py 41:: #                                      AR: foolsgold           #
2024-12-01 23:34:00,535 INFO _main.py 41:: #                     n_attacker_backdoor: 0                   #
2024-12-01 23:34:00,536 INFO _main.py 41:: #                        backdoor_trigger: [0, 0, 1, 1]        #
2024-12-01 23:34:00,536 INFO _main.py 41:: #                   n_attacker_omniscient: 0                   #
2024-12-01 23:34:00,537 INFO _main.py 41:: #                        omniscient_scale: 1                   #
2024-12-01 23:34:00,537 INFO _main.py 41:: #                                 attacks: None                #
2024-12-01 23:34:00,537 INFO _main.py 41:: #                      save_model_weights: False               #
2024-12-01 23:34:00,537 INFO _main.py 41:: #                         experiment_name: sExp4Ba_40ep_rockburst_foolsgold_40C_5#
2024-12-01 23:34:00,537 INFO _main.py 41:: #                          path_to_aggNet: None                #
2024-12-01 23:34:00,538 INFO _main.py 41:: #                                  device: cpu                 #
2024-12-01 23:34:00,538 INFO _main.py 41:: #                            inner_epochs: 30                  #
2024-12-01 23:34:00,538 INFO _main.py 41:: #                                 verbose: True                #
2024-12-01 23:34:00,539 INFO _main.py 41:: #                         list_unreliable: [2, 18, 20]         #
2024-12-01 23:34:00,539 INFO _main.py 41:: #                     unreliable_fraction: 0.5                 #
2024-12-01 23:34:00,539 INFO _main.py 41:: #                    unreliable_fracTrain: 0.3                 #
2024-12-01 23:34:00,540 INFO _main.py 41:: #                         mean_unreliable: 0.0                 #
2024-12-01 23:34:00,540 INFO _main.py 41:: #                             blur_method: add_noise           #
2024-12-01 23:34:00,540 INFO _main.py 41:: #                      max_std_unreliable: 30.0                #
2024-12-01 23:34:00,541 INFO _main.py 41:: #                     list_uatk_add_noise: [24, 25, 26]        #
2024-12-01 23:34:00,541 INFO _main.py 41:: #                          mean_add_noise: 0.0                 #
2024-12-01 23:34:00,541 INFO _main.py 41:: #                           std_add_noise: 0.01                #
2024-12-01 23:34:00,542 INFO _main.py 41:: #                     list_uatk_flip_sign: [0, 10, 11]         #
2024-12-01 23:34:00,542 INFO _main.py 42:: ################################################################
2024-12-01 23:34:00,542 INFO _main.py 43:: Namespace(batch_size=64, test_batch_size=32, epochs=15, optimizer='SGD', lr=0.01, momentum=0.9, weight_decay=0.0001, seed=1, log_interval=11, num_clients=40, output_folder='experiments', dataset='rockburst', loader_type='dirichlet', loader_path='./data/loader.pk', AR='foolsgold', n_attacker_backdoor=0, backdoor_trigger=[0, 0, 1, 1], n_attacker_omniscient=0, omniscient_scale=1, attacks=None, save_model_weights=False, experiment_name='sExp4Ba_40ep_rockburst_foolsgold_40C_5', path_to_aggNet=None, device='cpu', inner_epochs=30, verbose=True, list_unreliable=[2, 18, 20], unreliable_fraction=0.5, unreliable_fracTrain=0.3, mean_unreliable=0.0, blur_method='add_noise', max_std_unreliable=30.0, list_uatk_add_noise=[24, 25, 26], mean_add_noise=0.0, std_add_noise=0.01, list_uatk_flip_sign=[0, 10, 11])
2024-12-01 23:34:00,542 INFO _main.py 44:: #####################
2024-12-01 23:34:00,543 INFO _main.py 45:: #####################
2024-12-01 23:34:00,543 INFO _main.py 46:: #####################
2024-12-01 23:34:00,543 INFO _main.py 47:: Aggregation Rule:	foolsgold
2024-12-01 23:34:00,543 INFO _main.py 48:: Data distribution:	dirichlet
2024-12-01 23:34:00,544 INFO _main.py 49:: Attacks:	None 
2024-12-01 23:34:00,544 INFO _main.py 50:: #####################
2024-12-01 23:34:00,544 INFO _main.py 51:: #####################
2024-12-01 23:34:00,544 INFO _main.py 52:: #####################
2024-12-01 23:34:02,128 INFO server.py 366:: SET DBSCAN eps=1.3, min_samples=10
2024-12-01 23:34:02,131 INFO _main.py 135:: [1-normal, 0-malicious] label =tensor([0., 1., 1., 1., 1., 1., 1., 1., 1., 1., 0., 0., 1., 1., 1., 1., 1., 1.,
        1., 1., 1., 1., 1., 1., 0., 0., 0., 1., 1., 1., 1., 1., 1., 1., 1., 1.,
        1., 1., 1., 1.])
2024-12-01 23:34:02,137 INFO malicious_clients.py 123:: init ATTACK OMNISCIENT Client 0
2024-12-01 23:34:02,141 INFO malicious_clients.py 18:: init UNRELIABLE Client 2
2024-12-01 23:34:02,171 INFO malicious_clients.py 123:: init ATTACK OMNISCIENT Client 10
2024-12-01 23:34:02,175 INFO malicious_clients.py 123:: init ATTACK OMNISCIENT Client 11
2024-12-01 23:34:02,197 INFO malicious_clients.py 18:: init UNRELIABLE Client 18
2024-12-01 23:34:02,205 INFO malicious_clients.py 18:: init UNRELIABLE Client 20
2024-12-01 23:34:02,222 INFO malicious_clients.py 73:: init ATTACK ADD NOISE TO GRAD Client 24
2024-12-01 23:34:02,227 INFO malicious_clients.py 73:: init ATTACK ADD NOISE TO GRAD Client 25
2024-12-01 23:34:02,231 INFO malicious_clients.py 73:: init ATTACK ADD NOISE TO GRAD Client 26
2024-12-01 23:34:02,286 INFO server.py 211:: [Server] Start testing
2024-12-01 23:34:02,305 INFO server.py 235:: [Server] Test set: Average loss: 1.3864, Accuracy: 50/200 (25.0%)

2024-12-01 23:34:02,306 INFO server.py 238:: [Sever] Confusion matrix:
 tensor([[50.,  0.,  0.,  0.],
        [50.,  0.,  0.,  0.],
        [50.,  0.,  0.,  0.],
        [50.,  0.,  0.,  0.]])
2024-12-01 23:34:02,315 INFO server.py 254:: [Server] Precision=[0.25  nan  nan  nan],
 Recall=[1. 0. 0. 0.],
 F1-score=[0.4 nan nan nan],
 my_accuracy=25.0[%]
2024-12-01 23:34:02,316 INFO _main.py 209:: ########EPOCH 0 ########
2024-12-01 23:34:02,317 INFO _main.py 210:: ###Model distribution###
2024-12-01 23:34:05,539 INFO server.py 1064:: clients' sizes=[1, 2, 1, 0, 0, 0, 2, 2, 0, 1, 0, 1, 2, 2, 2, 2, 1, 1, 2, 0, 1, 1, 1, 1, 1, 0, 1, 1, 1, 1, 2, 0, 2, 0, 1, 2, 1, 0, 2, 0], total=41
2024-12-01 23:34:05,580 INFO server.py 327:: [Server] The aggregation takes 0.052667 seconds.

2024-12-01 23:34:05,581 INFO server.py 211:: [Server] Start testing
2024-12-01 23:34:05,608 INFO server.py 235:: [Server] Test set: Average loss: 1.3819, Accuracy: 50/200 (25.0%)

2024-12-01 23:34:05,614 INFO server.py 238:: [Sever] Confusion matrix:
 tensor([[50.,  0.,  0.,  0.],
        [50.,  0.,  0.,  0.],
        [50.,  0.,  0.,  0.],
        [50.,  0.,  0.,  0.]])
2024-12-01 23:34:05,618 INFO server.py 254:: [Server] Precision=[0.25  nan  nan  nan],
 Recall=[1. 0. 0. 0.],
 F1-score=[0.4 nan nan nan],
 my_accuracy=25.0[%]
2024-12-01 23:34:05,619 INFO _main.py 209:: ########EPOCH 1 ########
2024-12-01 23:34:05,629 INFO _main.py 210:: ###Model distribution###
2024-12-01 23:34:09,748 INFO server.py 1064:: clients' sizes=[1, 2, 1, 0, 0, 0, 2, 2, 0, 1, 0, 1, 2, 2, 2, 2, 1, 1, 2, 0, 1, 1, 1, 1, 1, 0, 1, 1, 1, 1, 2, 0, 2, 0, 1, 2, 1, 0, 2, 0], total=41
2024-12-01 23:34:09,771 INFO server.py 327:: [Server] The aggregation takes 0.024028 seconds.

2024-12-01 23:34:09,773 INFO server.py 211:: [Server] Start testing
2024-12-01 23:34:09,792 INFO server.py 235:: [Server] Test set: Average loss: 1.3768, Accuracy: 50/200 (25.0%)

2024-12-01 23:34:09,793 INFO server.py 238:: [Sever] Confusion matrix:
 tensor([[50.,  0.,  0.,  0.],
        [50.,  0.,  0.,  0.],
        [50.,  0.,  0.,  0.],
        [50.,  0.,  0.,  0.]])
2024-12-01 23:34:09,795 INFO server.py 254:: [Server] Precision=[0.25  nan  nan  nan],
 Recall=[1. 0. 0. 0.],
 F1-score=[0.4 nan nan nan],
 my_accuracy=25.0[%]
2024-12-01 23:34:09,795 INFO _main.py 209:: ########EPOCH 2 ########
2024-12-01 23:34:09,796 INFO _main.py 210:: ###Model distribution###
2024-12-01 23:34:12,443 INFO server.py 1064:: clients' sizes=[1, 2, 1, 0, 0, 0, 2, 2, 0, 1, 0, 1, 2, 2, 2, 2, 1, 1, 2, 0, 1, 1, 1, 1, 1, 0, 1, 1, 1, 1, 2, 0, 2, 0, 1, 2, 1, 0, 2, 0], total=41
2024-12-01 23:34:12,467 INFO server.py 327:: [Server] The aggregation takes 0.025609 seconds.

2024-12-01 23:34:12,470 INFO server.py 211:: [Server] Start testing
2024-12-01 23:34:12,490 INFO server.py 235:: [Server] Test set: Average loss: 1.3728, Accuracy: 50/200 (25.0%)

2024-12-01 23:34:12,491 INFO server.py 238:: [Sever] Confusion matrix:
 tensor([[50.,  0.,  0.,  0.],
        [50.,  0.,  0.,  0.],
        [50.,  0.,  0.,  0.],
        [50.,  0.,  0.,  0.]])
2024-12-01 23:34:12,493 INFO server.py 254:: [Server] Precision=[0.25  nan  nan  nan],
 Recall=[1. 0. 0. 0.],
 F1-score=[0.4 nan nan nan],
 my_accuracy=25.0[%]
2024-12-01 23:34:12,493 INFO _main.py 209:: ########EPOCH 3 ########
2024-12-01 23:34:12,494 INFO _main.py 210:: ###Model distribution###
2024-12-01 23:34:15,171 INFO server.py 1064:: clients' sizes=[1, 2, 1, 0, 0, 0, 2, 2, 0, 1, 0, 1, 2, 2, 2, 2, 1, 1, 2, 0, 1, 1, 1, 1, 1, 0, 1, 1, 1, 1, 2, 0, 2, 0, 1, 2, 1, 0, 2, 0], total=41
2024-12-01 23:34:15,195 INFO server.py 327:: [Server] The aggregation takes 0.024312 seconds.

2024-12-01 23:34:15,197 INFO server.py 211:: [Server] Start testing
2024-12-01 23:34:15,216 INFO server.py 235:: [Server] Test set: Average loss: 1.3680, Accuracy: 50/200 (25.0%)

2024-12-01 23:34:15,218 INFO server.py 238:: [Sever] Confusion matrix:
 tensor([[50.,  0.,  0.,  0.],
        [50.,  0.,  0.,  0.],
        [50.,  0.,  0.,  0.],
        [50.,  0.,  0.,  0.]])
2024-12-01 23:34:15,219 INFO server.py 254:: [Server] Precision=[0.25  nan  nan  nan],
 Recall=[1. 0. 0. 0.],
 F1-score=[0.4 nan nan nan],
 my_accuracy=25.0[%]
2024-12-01 23:34:15,220 INFO _main.py 209:: ########EPOCH 4 ########
2024-12-01 23:34:15,220 INFO _main.py 210:: ###Model distribution###
2024-12-01 23:34:17,758 INFO server.py 1064:: clients' sizes=[1, 2, 1, 0, 0, 0, 2, 2, 0, 1, 0, 1, 2, 2, 2, 2, 1, 1, 2, 0, 1, 1, 1, 1, 1, 0, 1, 1, 1, 1, 2, 0, 2, 0, 1, 2, 1, 0, 2, 0], total=41
2024-12-01 23:34:17,781 INFO server.py 327:: [Server] The aggregation takes 0.023862 seconds.

2024-12-01 23:34:17,783 INFO server.py 211:: [Server] Start testing
2024-12-01 23:34:17,804 INFO server.py 235:: [Server] Test set: Average loss: 1.3633, Accuracy: 50/200 (25.0%)

2024-12-01 23:34:17,805 INFO server.py 238:: [Sever] Confusion matrix:
 tensor([[50.,  0.,  0.,  0.],
        [50.,  0.,  0.,  0.],
        [50.,  0.,  0.,  0.],
        [50.,  0.,  0.,  0.]])
2024-12-01 23:34:17,812 INFO server.py 254:: [Server] Precision=[0.25  nan  nan  nan],
 Recall=[1. 0. 0. 0.],
 F1-score=[0.4 nan nan nan],
 my_accuracy=25.0[%]
2024-12-01 23:34:17,816 INFO _main.py 209:: ########EPOCH 5 ########
2024-12-01 23:34:17,820 INFO _main.py 210:: ###Model distribution###
2024-12-01 23:34:20,983 INFO server.py 1064:: clients' sizes=[1, 2, 1, 0, 0, 0, 2, 2, 0, 1, 0, 1, 2, 2, 2, 2, 1, 1, 2, 0, 1, 1, 1, 1, 1, 0, 1, 1, 1, 1, 2, 0, 2, 0, 1, 2, 1, 0, 2, 0], total=41
2024-12-01 23:34:21,024 INFO server.py 327:: [Server] The aggregation takes 0.042324 seconds.

2024-12-01 23:34:21,031 INFO server.py 211:: [Server] Start testing
2024-12-01 23:34:21,077 INFO server.py 235:: [Server] Test set: Average loss: 1.3603, Accuracy: 56/200 (28.0%)

2024-12-01 23:34:21,079 INFO server.py 238:: [Sever] Confusion matrix:
 tensor([[50.,  0.,  0.,  0.],
        [50.,  0.,  0.,  0.],
        [44.,  0.,  6.,  0.],
        [50.,  0.,  0.,  0.]])
2024-12-01 23:34:21,080 INFO server.py 254:: [Server] Precision=[0.25773194        nan 1.                nan],
 Recall=[1.   0.   0.12 0.  ],
 F1-score=[0.40983605        nan 0.2142857         nan],
 my_accuracy=28.00000011920929[%]
2024-12-01 23:34:21,090 INFO _main.py 209:: ########EPOCH 6 ########
2024-12-01 23:34:21,091 INFO _main.py 210:: ###Model distribution###
2024-12-01 23:34:24,873 INFO server.py 1064:: clients' sizes=[1, 2, 1, 0, 0, 0, 2, 2, 0, 1, 0, 1, 2, 2, 2, 2, 1, 1, 2, 0, 1, 1, 1, 1, 1, 0, 1, 1, 1, 1, 2, 0, 2, 0, 1, 2, 1, 0, 2, 0], total=41
2024-12-01 23:34:24,908 INFO server.py 327:: [Server] The aggregation takes 0.036255 seconds.

2024-12-01 23:34:24,912 INFO server.py 211:: [Server] Start testing
2024-12-01 23:34:24,939 INFO server.py 235:: [Server] Test set: Average loss: 1.3551, Accuracy: 56/200 (28.0%)

2024-12-01 23:34:24,941 INFO server.py 238:: [Sever] Confusion matrix:
 tensor([[50.,  0.,  0.,  0.],
        [50.,  0.,  0.,  0.],
        [44.,  0.,  6.,  0.],
        [50.,  0.,  0.,  0.]])
2024-12-01 23:34:24,946 INFO server.py 254:: [Server] Precision=[0.25773194        nan 1.                nan],
 Recall=[1.   0.   0.12 0.  ],
 F1-score=[0.40983605        nan 0.2142857         nan],
 my_accuracy=28.00000011920929[%]
2024-12-01 23:34:24,946 INFO _main.py 209:: ########EPOCH 7 ########
2024-12-01 23:34:24,948 INFO _main.py 210:: ###Model distribution###
2024-12-01 23:34:27,661 INFO server.py 1064:: clients' sizes=[1, 2, 1, 0, 0, 0, 2, 2, 0, 1, 0, 1, 2, 2, 2, 2, 1, 1, 2, 0, 1, 1, 1, 1, 1, 0, 1, 1, 1, 1, 2, 0, 2, 0, 1, 2, 1, 0, 2, 0], total=41
2024-12-01 23:34:27,693 INFO server.py 327:: [Server] The aggregation takes 0.032769 seconds.

2024-12-01 23:34:27,695 INFO server.py 211:: [Server] Start testing
2024-12-01 23:34:27,721 INFO server.py 235:: [Server] Test set: Average loss: 1.3491, Accuracy: 57/200 (28.5%)

2024-12-01 23:34:27,722 INFO server.py 238:: [Sever] Confusion matrix:
 tensor([[50.,  0.,  0.,  0.],
        [50.,  0.,  0.,  0.],
        [43.,  0.,  7.,  0.],
        [48.,  0.,  2.,  0.]])
2024-12-01 23:34:27,723 INFO server.py 254:: [Server] Precision=[0.2617801       nan 0.7777778       nan],
 Recall=[1.   0.   0.14 0.  ],
 F1-score=[0.41493776        nan 0.23728815        nan],
 my_accuracy=28.49999964237213[%]
2024-12-01 23:34:27,724 INFO _main.py 209:: ########EPOCH 8 ########
2024-12-01 23:34:27,725 INFO _main.py 210:: ###Model distribution###
2024-12-01 23:34:30,460 INFO server.py 1064:: clients' sizes=[1, 2, 1, 0, 0, 0, 2, 2, 0, 1, 0, 1, 2, 2, 2, 2, 1, 1, 2, 0, 1, 1, 1, 1, 1, 0, 1, 1, 1, 1, 2, 0, 2, 0, 1, 2, 1, 0, 2, 0], total=41
2024-12-01 23:34:30,484 INFO server.py 327:: [Server] The aggregation takes 0.024997 seconds.

2024-12-01 23:34:30,486 INFO server.py 211:: [Server] Start testing
2024-12-01 23:34:30,506 INFO server.py 235:: [Server] Test set: Average loss: 1.3417, Accuracy: 55/200 (27.5%)

2024-12-01 23:34:30,507 INFO server.py 238:: [Sever] Confusion matrix:
 tensor([[48.,  0.,  2.,  0.],
        [50.,  0.,  0.,  0.],
        [43.,  0.,  7.,  0.],
        [48.,  0.,  2.,  0.]])
2024-12-01 23:34:30,509 INFO server.py 254:: [Server] Precision=[0.25396827        nan 0.6363636         nan],
 Recall=[0.96 0.   0.14 0.  ],
 F1-score=[0.40167364        nan 0.22950819        nan],
 my_accuracy=27.500000596046448[%]
2024-12-01 23:34:30,509 INFO _main.py 209:: ########EPOCH 9 ########
2024-12-01 23:34:30,510 INFO _main.py 210:: ###Model distribution###
2024-12-01 23:34:33,100 INFO server.py 1064:: clients' sizes=[1, 2, 1, 0, 0, 0, 2, 2, 0, 1, 0, 1, 2, 2, 2, 2, 1, 1, 2, 0, 1, 1, 1, 1, 1, 0, 1, 1, 1, 1, 2, 0, 2, 0, 1, 2, 1, 0, 2, 0], total=41
2024-12-01 23:34:33,123 INFO server.py 327:: [Server] The aggregation takes 0.023920 seconds.

2024-12-01 23:34:33,126 INFO server.py 211:: [Server] Start testing
2024-12-01 23:34:33,145 INFO server.py 235:: [Server] Test set: Average loss: 1.3369, Accuracy: 55/200 (27.5%)

2024-12-01 23:34:33,146 INFO server.py 238:: [Sever] Confusion matrix:
 tensor([[48.,  0.,  2.,  0.],
        [49.,  0.,  1.,  0.],
        [43.,  0.,  7.,  0.],
        [47.,  0.,  3.,  0.]])
2024-12-01 23:34:33,148 INFO server.py 254:: [Server] Precision=[0.25668448        nan 0.53846157        nan],
 Recall=[0.96 0.   0.14 0.  ],
 F1-score=[0.40506327        nan 0.22222222        nan],
 my_accuracy=27.500000596046448[%]
2024-12-01 23:34:33,149 INFO _main.py 209:: ########EPOCH 10 ########
2024-12-01 23:34:33,150 INFO _main.py 210:: ###Model distribution###
2024-12-01 23:34:35,923 INFO server.py 1064:: clients' sizes=[1, 2, 1, 0, 0, 0, 2, 2, 0, 1, 0, 1, 2, 2, 2, 2, 1, 1, 2, 0, 1, 1, 1, 1, 1, 0, 1, 1, 1, 1, 2, 0, 2, 0, 1, 2, 1, 0, 2, 0], total=41
2024-12-01 23:34:35,959 INFO server.py 327:: [Server] The aggregation takes 0.037972 seconds.

2024-12-01 23:34:35,962 INFO server.py 211:: [Server] Start testing
2024-12-01 23:34:35,982 INFO server.py 235:: [Server] Test set: Average loss: 1.3333, Accuracy: 57/200 (28.5%)

2024-12-01 23:34:35,983 INFO server.py 238:: [Sever] Confusion matrix:
 tensor([[48.,  0.,  2.,  0.],
        [48.,  0.,  2.,  0.],
        [41.,  0.,  9.,  0.],
        [45.,  0.,  5.,  0.]])
2024-12-01 23:34:35,985 INFO server.py 254:: [Server] Precision=[0.26373628        nan 0.5               nan],
 Recall=[0.96 0.   0.18 0.  ],
 F1-score=[0.41379312        nan 0.2647059         nan],
 my_accuracy=28.49999964237213[%]
2024-12-01 23:34:35,986 INFO _main.py 209:: ########EPOCH 11 ########
2024-12-01 23:34:35,986 INFO _main.py 210:: ###Model distribution###
2024-12-01 23:34:39,988 INFO server.py 1064:: clients' sizes=[1, 2, 1, 0, 0, 0, 2, 2, 0, 1, 0, 1, 2, 2, 2, 2, 1, 1, 2, 0, 1, 1, 1, 1, 1, 0, 1, 1, 1, 1, 2, 0, 2, 0, 1, 2, 1, 0, 2, 0], total=41
2024-12-01 23:34:40,031 INFO server.py 327:: [Server] The aggregation takes 0.044095 seconds.

2024-12-01 23:34:40,039 INFO server.py 211:: [Server] Start testing
2024-12-01 23:34:40,086 INFO server.py 235:: [Server] Test set: Average loss: 1.3259, Accuracy: 59/200 (29.5%)

2024-12-01 23:34:40,092 INFO server.py 238:: [Sever] Confusion matrix:
 tensor([[48.,  0.,  2.,  0.],
        [47.,  0.,  3.,  0.],
        [39.,  0., 11.,  0.],
        [45.,  0.,  5.,  0.]])
2024-12-01 23:34:40,094 INFO server.py 254:: [Server] Precision=[0.26815644        nan 0.52380955        nan],
 Recall=[0.96 0.   0.22 0.  ],
 F1-score=[0.41921395        nan 0.30985916        nan],
 my_accuracy=29.499998688697815[%]
2024-12-01 23:34:40,096 INFO _main.py 209:: ########EPOCH 12 ########
2024-12-01 23:34:40,097 INFO _main.py 210:: ###Model distribution###
2024-12-01 23:34:43,038 INFO server.py 1064:: clients' sizes=[1, 2, 1, 0, 0, 0, 2, 2, 0, 1, 0, 1, 2, 2, 2, 2, 1, 1, 2, 0, 1, 1, 1, 1, 1, 0, 1, 1, 1, 1, 2, 0, 2, 0, 1, 2, 1, 0, 2, 0], total=41
2024-12-01 23:34:43,062 INFO server.py 327:: [Server] The aggregation takes 0.024026 seconds.

2024-12-01 23:34:43,064 INFO server.py 211:: [Server] Start testing
2024-12-01 23:34:43,084 INFO server.py 235:: [Server] Test set: Average loss: 1.3203, Accuracy: 63/200 (31.5%)

2024-12-01 23:34:43,085 INFO server.py 238:: [Sever] Confusion matrix:
 tensor([[48.,  0.,  2.,  0.],
        [44.,  0.,  6.,  0.],
        [35.,  0., 15.,  0.],
        [41.,  0.,  9.,  0.]])
2024-12-01 23:34:43,087 INFO server.py 254:: [Server] Precision=[0.2857143       nan 0.46875         nan],
 Recall=[0.96 0.   0.3  0.  ],
 F1-score=[0.44036698        nan 0.36585367        nan],
 my_accuracy=31.49999976158142[%]
2024-12-01 23:34:43,087 INFO _main.py 209:: ########EPOCH 13 ########
2024-12-01 23:34:43,088 INFO _main.py 210:: ###Model distribution###
2024-12-01 23:34:45,649 INFO server.py 1064:: clients' sizes=[1, 2, 1, 0, 0, 0, 2, 2, 0, 1, 0, 1, 2, 2, 2, 2, 1, 1, 2, 0, 1, 1, 1, 1, 1, 0, 1, 1, 1, 1, 2, 0, 2, 0, 1, 2, 1, 0, 2, 0], total=41
2024-12-01 23:34:45,672 INFO server.py 327:: [Server] The aggregation takes 0.023324 seconds.

2024-12-01 23:34:45,674 INFO server.py 211:: [Server] Start testing
2024-12-01 23:34:45,694 INFO server.py 235:: [Server] Test set: Average loss: 1.3130, Accuracy: 64/200 (32.0%)

2024-12-01 23:34:45,695 INFO server.py 238:: [Sever] Confusion matrix:
 tensor([[48.,  0.,  2.,  0.],
        [41.,  0.,  9.,  0.],
        [34.,  0., 16.,  0.],
        [38.,  0., 12.,  0.]])
2024-12-01 23:34:45,696 INFO server.py 254:: [Server] Precision=[0.29813665        nan 0.41025642        nan],
 Recall=[0.96 0.   0.32 0.  ],
 F1-score=[0.45497632        nan 0.35955054        nan],
 my_accuracy=31.999999284744263[%]
2024-12-01 23:34:45,697 INFO _main.py 209:: ########EPOCH 14 ########
2024-12-01 23:34:45,698 INFO _main.py 210:: ###Model distribution###
2024-12-01 23:34:48,182 INFO server.py 1064:: clients' sizes=[1, 2, 1, 0, 0, 0, 2, 2, 0, 1, 0, 1, 2, 2, 2, 2, 1, 1, 2, 0, 1, 1, 1, 1, 1, 0, 1, 1, 1, 1, 2, 0, 2, 0, 1, 2, 1, 0, 2, 0], total=41
2024-12-01 23:34:48,205 INFO server.py 327:: [Server] The aggregation takes 0.024015 seconds.

2024-12-01 23:34:48,207 INFO server.py 211:: [Server] Start testing
2024-12-01 23:34:48,227 INFO server.py 235:: [Server] Test set: Average loss: 1.3049, Accuracy: 65/200 (32.5%)

2024-12-01 23:34:48,231 INFO server.py 238:: [Sever] Confusion matrix:
 tensor([[47.,  0.,  3.,  0.],
        [41.,  0.,  9.,  0.],
        [32.,  0., 18.,  0.],
        [36.,  0., 14.,  0.]])
2024-12-01 23:34:48,233 INFO server.py 254:: [Server] Precision=[0.30128205        nan 0.4090909         nan],
 Recall=[0.94 0.   0.36 0.  ],
 F1-score=[0.4563107         nan 0.38297877        nan],
 my_accuracy=32.499998807907104[%]
