2024-12-02 00:37:12,326 INFO _main.py 39:: ################################################################
2024-12-02 00:37:12,327 INFO _main.py 41:: #                              batch_size: 64                  #
2024-12-02 00:37:12,327 INFO _main.py 41:: #                         test_batch_size: 32                  #
2024-12-02 00:37:12,328 INFO _main.py 41:: #                                  epochs: 35                  #
2024-12-02 00:37:12,328 INFO _main.py 41:: #                               optimizer: SGD                 #
2024-12-02 00:37:12,328 INFO _main.py 41:: #                                      lr: 0.01                #
2024-12-02 00:37:12,328 INFO _main.py 41:: #                                momentum: 0.9                 #
2024-12-02 00:37:12,328 INFO _main.py 41:: #                            weight_decay: 0.0001              #
2024-12-02 00:37:12,329 INFO _main.py 41:: #                                    seed: 1                   #
2024-12-02 00:37:12,329 INFO _main.py 41:: #                            log_interval: 11                  #
2024-12-02 00:37:12,329 INFO _main.py 41:: #                             num_clients: 40                  #
2024-12-02 00:37:12,329 INFO _main.py 41:: #                           output_folder: experiments         #
2024-12-02 00:37:12,329 INFO _main.py 41:: #                                 dataset: rockburst           #
2024-12-02 00:37:12,330 INFO _main.py 41:: #                             loader_type: dirichlet           #
2024-12-02 00:37:12,330 INFO _main.py 41:: #                             loader_path: ./data/loader.pk    #
2024-12-02 00:37:12,330 INFO _main.py 41:: #                                      AR: foolsgold           #
2024-12-02 00:37:12,330 INFO _main.py 41:: #                     n_attacker_backdoor: 0                   #
2024-12-02 00:37:12,330 INFO _main.py 41:: #                        backdoor_trigger: [0, 0, 1, 1]        #
2024-12-02 00:37:12,330 INFO _main.py 41:: #                   n_attacker_omniscient: 0                   #
2024-12-02 00:37:12,331 INFO _main.py 41:: #                        omniscient_scale: 1                   #
2024-12-02 00:37:12,331 INFO _main.py 41:: #                                 attacks: None                #
2024-12-02 00:37:12,333 INFO _main.py 41:: #                      save_model_weights: False               #
2024-12-02 00:37:12,334 INFO _main.py 41:: #                         experiment_name: sExp4Ba_40ep_rockburst_foolsgold_40C_5#
2024-12-02 00:37:12,334 INFO _main.py 41:: #                          path_to_aggNet: None                #
2024-12-02 00:37:12,334 INFO _main.py 41:: #                                  device: cpu                 #
2024-12-02 00:37:12,334 INFO _main.py 41:: #                            inner_epochs: 30                  #
2024-12-02 00:37:12,334 INFO _main.py 41:: #                                 verbose: True                #
2024-12-02 00:37:12,335 INFO _main.py 41:: #                         list_unreliable: [2, 18, 20]         #
2024-12-02 00:37:12,335 INFO _main.py 41:: #                     unreliable_fraction: 0.5                 #
2024-12-02 00:37:12,335 INFO _main.py 41:: #                    unreliable_fracTrain: 0.3                 #
2024-12-02 00:37:12,335 INFO _main.py 41:: #                         mean_unreliable: 0.0                 #
2024-12-02 00:37:12,335 INFO _main.py 41:: #                             blur_method: add_noise           #
2024-12-02 00:37:12,335 INFO _main.py 41:: #                      max_std_unreliable: 30.0                #
2024-12-02 00:37:12,336 INFO _main.py 41:: #                     list_uatk_add_noise: [24, 25, 26]        #
2024-12-02 00:37:12,336 INFO _main.py 41:: #                          mean_add_noise: 0.0                 #
2024-12-02 00:37:12,336 INFO _main.py 41:: #                           std_add_noise: 0.01                #
2024-12-02 00:37:12,336 INFO _main.py 41:: #                     list_uatk_flip_sign: [0, 10, 11]         #
2024-12-02 00:37:12,336 INFO _main.py 42:: ################################################################
2024-12-02 00:37:12,337 INFO _main.py 43:: Namespace(batch_size=64, test_batch_size=32, epochs=35, optimizer='SGD', lr=0.01, momentum=0.9, weight_decay=0.0001, seed=1, log_interval=11, num_clients=40, output_folder='experiments', dataset='rockburst', loader_type='dirichlet', loader_path='./data/loader.pk', AR='foolsgold', n_attacker_backdoor=0, backdoor_trigger=[0, 0, 1, 1], n_attacker_omniscient=0, omniscient_scale=1, attacks=None, save_model_weights=False, experiment_name='sExp4Ba_40ep_rockburst_foolsgold_40C_5', path_to_aggNet=None, device='cpu', inner_epochs=30, verbose=True, list_unreliable=[2, 18, 20], unreliable_fraction=0.5, unreliable_fracTrain=0.3, mean_unreliable=0.0, blur_method='add_noise', max_std_unreliable=30.0, list_uatk_add_noise=[24, 25, 26], mean_add_noise=0.0, std_add_noise=0.01, list_uatk_flip_sign=[0, 10, 11])
2024-12-02 00:37:12,337 INFO _main.py 44:: #####################
2024-12-02 00:37:12,337 INFO _main.py 45:: #####################
2024-12-02 00:37:12,337 INFO _main.py 46:: #####################
2024-12-02 00:37:12,338 INFO _main.py 47:: Aggregation Rule:	foolsgold
2024-12-02 00:37:12,338 INFO _main.py 48:: Data distribution:	dirichlet
2024-12-02 00:37:12,338 INFO _main.py 49:: Attacks:	None 
2024-12-02 00:37:12,339 INFO _main.py 50:: #####################
2024-12-02 00:37:12,339 INFO _main.py 51:: #####################
2024-12-02 00:37:12,339 INFO _main.py 52:: #####################
2024-12-02 00:37:14,688 INFO server.py 366:: SET DBSCAN eps=1.3, min_samples=10
2024-12-02 00:37:14,692 INFO _main.py 135:: [1-normal, 0-malicious] label =tensor([0., 1., 1., 1., 1., 1., 1., 1., 1., 1., 0., 0., 1., 1., 1., 1., 1., 1.,
        1., 1., 1., 1., 1., 1., 0., 0., 0., 1., 1., 1., 1., 1., 1., 1., 1., 1.,
        1., 1., 1., 1.])
2024-12-02 00:37:14,701 INFO malicious_clients.py 123:: init ATTACK OMNISCIENT Client 0
2024-12-02 00:37:14,708 INFO malicious_clients.py 18:: init UNRELIABLE Client 2
2024-12-02 00:37:14,771 INFO malicious_clients.py 123:: init ATTACK OMNISCIENT Client 10
2024-12-02 00:37:14,778 INFO malicious_clients.py 123:: init ATTACK OMNISCIENT Client 11
2024-12-02 00:37:14,829 INFO malicious_clients.py 18:: init UNRELIABLE Client 18
2024-12-02 00:37:14,845 INFO malicious_clients.py 18:: init UNRELIABLE Client 20
2024-12-02 00:37:14,882 INFO malicious_clients.py 73:: init ATTACK ADD NOISE TO GRAD Client 24
2024-12-02 00:37:14,889 INFO malicious_clients.py 73:: init ATTACK ADD NOISE TO GRAD Client 25
2024-12-02 00:37:14,897 INFO malicious_clients.py 73:: init ATTACK ADD NOISE TO GRAD Client 26
2024-12-02 00:37:14,978 INFO server.py 211:: [Server] Start testing
2024-12-02 00:37:14,997 INFO server.py 235:: [Server] Test set: Average loss: 1.3864, Accuracy: 50/200 (25.0%)

2024-12-02 00:37:14,999 INFO server.py 238:: [Sever] Confusion matrix:
 tensor([[50.,  0.,  0.,  0.],
        [50.,  0.,  0.,  0.],
        [50.,  0.,  0.,  0.],
        [50.,  0.,  0.,  0.]])
2024-12-02 00:37:15,006 INFO server.py 254:: [Server] Precision=[0.25  nan  nan  nan],
 Recall=[1. 0. 0. 0.],
 F1-score=[0.4 nan nan nan],
 my_accuracy=25.0[%]
2024-12-02 00:37:15,008 INFO _main.py 209:: ########EPOCH 0 ########
2024-12-02 00:37:15,008 INFO _main.py 210:: ###Model distribution###
2024-12-02 00:37:17,673 INFO server.py 1064:: clients' sizes=[1, 2, 1, 0, 0, 0, 2, 2, 0, 1, 0, 1, 2, 2, 2, 2, 1, 1, 2, 0, 1, 1, 1, 1, 1, 0, 1, 1, 1, 1, 2, 0, 2, 0, 1, 2, 1, 0, 2, 0], total=41
2024-12-02 00:37:17,702 INFO server.py 327:: [Server] The aggregation takes 0.040840 seconds.

2024-12-02 00:37:17,704 INFO server.py 211:: [Server] Start testing
2024-12-02 00:37:17,725 INFO server.py 235:: [Server] Test set: Average loss: 1.3819, Accuracy: 50/200 (25.0%)

2024-12-02 00:37:17,726 INFO server.py 238:: [Sever] Confusion matrix:
 tensor([[50.,  0.,  0.,  0.],
        [50.,  0.,  0.,  0.],
        [50.,  0.,  0.,  0.],
        [50.,  0.,  0.,  0.]])
2024-12-02 00:37:17,728 INFO server.py 254:: [Server] Precision=[0.25  nan  nan  nan],
 Recall=[1. 0. 0. 0.],
 F1-score=[0.4 nan nan nan],
 my_accuracy=25.0[%]
2024-12-02 00:37:17,728 INFO _main.py 209:: ########EPOCH 1 ########
2024-12-02 00:37:17,729 INFO _main.py 210:: ###Model distribution###
2024-12-02 00:37:20,293 INFO server.py 1064:: clients' sizes=[1, 2, 1, 0, 0, 0, 2, 2, 0, 1, 0, 1, 2, 2, 2, 2, 1, 1, 2, 0, 1, 1, 1, 1, 1, 0, 1, 1, 1, 1, 2, 0, 2, 0, 1, 2, 1, 0, 2, 0], total=41
2024-12-02 00:37:20,316 INFO server.py 327:: [Server] The aggregation takes 0.023493 seconds.

2024-12-02 00:37:20,318 INFO server.py 211:: [Server] Start testing
2024-12-02 00:37:20,337 INFO server.py 235:: [Server] Test set: Average loss: 1.3768, Accuracy: 50/200 (25.0%)

2024-12-02 00:37:20,338 INFO server.py 238:: [Sever] Confusion matrix:
 tensor([[50.,  0.,  0.,  0.],
        [50.,  0.,  0.,  0.],
        [50.,  0.,  0.,  0.],
        [50.,  0.,  0.,  0.]])
2024-12-02 00:37:20,340 INFO server.py 254:: [Server] Precision=[0.25  nan  nan  nan],
 Recall=[1. 0. 0. 0.],
 F1-score=[0.4 nan nan nan],
 my_accuracy=25.0[%]
2024-12-02 00:37:20,341 INFO _main.py 209:: ########EPOCH 2 ########
2024-12-02 00:37:20,341 INFO _main.py 210:: ###Model distribution###
2024-12-02 00:37:22,949 INFO server.py 1064:: clients' sizes=[1, 2, 1, 0, 0, 0, 2, 2, 0, 1, 0, 1, 2, 2, 2, 2, 1, 1, 2, 0, 1, 1, 1, 1, 1, 0, 1, 1, 1, 1, 2, 0, 2, 0, 1, 2, 1, 0, 2, 0], total=41
2024-12-02 00:37:22,973 INFO server.py 327:: [Server] The aggregation takes 0.024795 seconds.

2024-12-02 00:37:22,976 INFO server.py 211:: [Server] Start testing
2024-12-02 00:37:22,999 INFO server.py 235:: [Server] Test set: Average loss: 1.3728, Accuracy: 50/200 (25.0%)

2024-12-02 00:37:23,002 INFO server.py 238:: [Sever] Confusion matrix:
 tensor([[50.,  0.,  0.,  0.],
        [50.,  0.,  0.,  0.],
        [50.,  0.,  0.,  0.],
        [50.,  0.,  0.,  0.]])
2024-12-02 00:37:23,005 INFO server.py 254:: [Server] Precision=[0.25  nan  nan  nan],
 Recall=[1. 0. 0. 0.],
 F1-score=[0.4 nan nan nan],
 my_accuracy=25.0[%]
2024-12-02 00:37:23,005 INFO _main.py 209:: ########EPOCH 3 ########
2024-12-02 00:37:23,007 INFO _main.py 210:: ###Model distribution###
2024-12-02 00:37:26,378 INFO server.py 1064:: clients' sizes=[1, 2, 1, 0, 0, 0, 2, 2, 0, 1, 0, 1, 2, 2, 2, 2, 1, 1, 2, 0, 1, 1, 1, 1, 1, 0, 1, 1, 1, 1, 2, 0, 2, 0, 1, 2, 1, 0, 2, 0], total=41
2024-12-02 00:37:26,412 INFO server.py 327:: [Server] The aggregation takes 0.035285 seconds.

2024-12-02 00:37:26,415 INFO server.py 211:: [Server] Start testing
2024-12-02 00:37:26,436 INFO server.py 235:: [Server] Test set: Average loss: 1.3680, Accuracy: 50/200 (25.0%)

2024-12-02 00:37:26,437 INFO server.py 238:: [Sever] Confusion matrix:
 tensor([[50.,  0.,  0.,  0.],
        [50.,  0.,  0.,  0.],
        [50.,  0.,  0.,  0.],
        [50.,  0.,  0.,  0.]])
2024-12-02 00:37:26,440 INFO server.py 254:: [Server] Precision=[0.25  nan  nan  nan],
 Recall=[1. 0. 0. 0.],
 F1-score=[0.4 nan nan nan],
 my_accuracy=25.0[%]
2024-12-02 00:37:26,441 INFO _main.py 209:: ########EPOCH 4 ########
2024-12-02 00:37:26,441 INFO _main.py 210:: ###Model distribution###
2024-12-02 00:37:30,269 INFO server.py 1064:: clients' sizes=[1, 2, 1, 0, 0, 0, 2, 2, 0, 1, 0, 1, 2, 2, 2, 2, 1, 1, 2, 0, 1, 1, 1, 1, 1, 0, 1, 1, 1, 1, 2, 0, 2, 0, 1, 2, 1, 0, 2, 0], total=41
2024-12-02 00:37:30,302 INFO server.py 327:: [Server] The aggregation takes 0.034246 seconds.

2024-12-02 00:37:30,304 INFO server.py 211:: [Server] Start testing
2024-12-02 00:37:30,329 INFO server.py 235:: [Server] Test set: Average loss: 1.3633, Accuracy: 50/200 (25.0%)

2024-12-02 00:37:30,331 INFO server.py 238:: [Sever] Confusion matrix:
 tensor([[50.,  0.,  0.,  0.],
        [50.,  0.,  0.,  0.],
        [50.,  0.,  0.,  0.],
        [50.,  0.,  0.,  0.]])
2024-12-02 00:37:30,333 INFO server.py 254:: [Server] Precision=[0.25  nan  nan  nan],
 Recall=[1. 0. 0. 0.],
 F1-score=[0.4 nan nan nan],
 my_accuracy=25.0[%]
2024-12-02 00:37:30,334 INFO _main.py 209:: ########EPOCH 5 ########
2024-12-02 00:37:30,335 INFO _main.py 210:: ###Model distribution###
2024-12-02 00:37:33,113 INFO server.py 1064:: clients' sizes=[1, 2, 1, 0, 0, 0, 2, 2, 0, 1, 0, 1, 2, 2, 2, 2, 1, 1, 2, 0, 1, 1, 1, 1, 1, 0, 1, 1, 1, 1, 2, 0, 2, 0, 1, 2, 1, 0, 2, 0], total=41
2024-12-02 00:37:33,144 INFO server.py 327:: [Server] The aggregation takes 0.032323 seconds.

2024-12-02 00:37:33,146 INFO server.py 211:: [Server] Start testing
2024-12-02 00:37:33,165 INFO server.py 235:: [Server] Test set: Average loss: 1.3603, Accuracy: 56/200 (28.0%)

2024-12-02 00:37:33,167 INFO server.py 238:: [Sever] Confusion matrix:
 tensor([[50.,  0.,  0.,  0.],
        [50.,  0.,  0.,  0.],
        [44.,  0.,  6.,  0.],
        [50.,  0.,  0.,  0.]])
2024-12-02 00:37:33,168 INFO server.py 254:: [Server] Precision=[0.25773194        nan 1.                nan],
 Recall=[1.   0.   0.12 0.  ],
 F1-score=[0.40983605        nan 0.2142857         nan],
 my_accuracy=28.00000011920929[%]
2024-12-02 00:37:33,169 INFO _main.py 209:: ########EPOCH 6 ########
2024-12-02 00:37:33,170 INFO _main.py 210:: ###Model distribution###
2024-12-02 00:37:35,952 INFO server.py 1064:: clients' sizes=[1, 2, 1, 0, 0, 0, 2, 2, 0, 1, 0, 1, 2, 2, 2, 2, 1, 1, 2, 0, 1, 1, 1, 1, 1, 0, 1, 1, 1, 1, 2, 0, 2, 0, 1, 2, 1, 0, 2, 0], total=41
2024-12-02 00:37:35,975 INFO server.py 327:: [Server] The aggregation takes 0.024074 seconds.

2024-12-02 00:37:35,978 INFO server.py 211:: [Server] Start testing
2024-12-02 00:37:35,997 INFO server.py 235:: [Server] Test set: Average loss: 1.3551, Accuracy: 56/200 (28.0%)

2024-12-02 00:37:35,998 INFO server.py 238:: [Sever] Confusion matrix:
 tensor([[50.,  0.,  0.,  0.],
        [50.,  0.,  0.,  0.],
        [44.,  0.,  6.,  0.],
        [50.,  0.,  0.,  0.]])
2024-12-02 00:37:35,999 INFO server.py 254:: [Server] Precision=[0.25773194        nan 1.                nan],
 Recall=[1.   0.   0.12 0.  ],
 F1-score=[0.40983605        nan 0.2142857         nan],
 my_accuracy=28.00000011920929[%]
2024-12-02 00:37:36,000 INFO _main.py 209:: ########EPOCH 7 ########
2024-12-02 00:37:36,001 INFO _main.py 210:: ###Model distribution###
2024-12-02 00:37:38,645 INFO server.py 1064:: clients' sizes=[1, 2, 1, 0, 0, 0, 2, 2, 0, 1, 0, 1, 2, 2, 2, 2, 1, 1, 2, 0, 1, 1, 1, 1, 1, 0, 1, 1, 1, 1, 2, 0, 2, 0, 1, 2, 1, 0, 2, 0], total=41
2024-12-02 00:37:38,669 INFO server.py 327:: [Server] The aggregation takes 0.024770 seconds.

2024-12-02 00:37:38,670 INFO server.py 211:: [Server] Start testing
2024-12-02 00:37:38,690 INFO server.py 235:: [Server] Test set: Average loss: 1.3491, Accuracy: 57/200 (28.5%)

2024-12-02 00:37:38,691 INFO server.py 238:: [Sever] Confusion matrix:
 tensor([[50.,  0.,  0.,  0.],
        [50.,  0.,  0.,  0.],
        [43.,  0.,  7.,  0.],
        [48.,  0.,  2.,  0.]])
2024-12-02 00:37:38,693 INFO server.py 254:: [Server] Precision=[0.2617801       nan 0.7777778       nan],
 Recall=[1.   0.   0.14 0.  ],
 F1-score=[0.41493776        nan 0.23728815        nan],
 my_accuracy=28.49999964237213[%]
2024-12-02 00:37:38,693 INFO _main.py 209:: ########EPOCH 8 ########
2024-12-02 00:37:38,694 INFO _main.py 210:: ###Model distribution###
2024-12-02 00:37:41,618 INFO server.py 1064:: clients' sizes=[1, 2, 1, 0, 0, 0, 2, 2, 0, 1, 0, 1, 2, 2, 2, 2, 1, 1, 2, 0, 1, 1, 1, 1, 1, 0, 1, 1, 1, 1, 2, 0, 2, 0, 1, 2, 1, 0, 2, 0], total=41
2024-12-02 00:37:41,661 INFO server.py 327:: [Server] The aggregation takes 0.043385 seconds.

2024-12-02 00:37:41,668 INFO server.py 211:: [Server] Start testing
2024-12-02 00:37:41,710 INFO server.py 235:: [Server] Test set: Average loss: 1.3417, Accuracy: 55/200 (27.5%)

2024-12-02 00:37:41,713 INFO server.py 238:: [Sever] Confusion matrix:
 tensor([[48.,  0.,  2.,  0.],
        [50.,  0.,  0.,  0.],
        [43.,  0.,  7.,  0.],
        [48.,  0.,  2.,  0.]])
2024-12-02 00:37:41,717 INFO server.py 254:: [Server] Precision=[0.25396827        nan 0.6363636         nan],
 Recall=[0.96 0.   0.14 0.  ],
 F1-score=[0.40167364        nan 0.22950819        nan],
 my_accuracy=27.500000596046448[%]
2024-12-02 00:37:41,718 INFO _main.py 209:: ########EPOCH 9 ########
2024-12-02 00:37:41,720 INFO _main.py 210:: ###Model distribution###
2024-12-02 00:37:45,386 INFO server.py 1064:: clients' sizes=[1, 2, 1, 0, 0, 0, 2, 2, 0, 1, 0, 1, 2, 2, 2, 2, 1, 1, 2, 0, 1, 1, 1, 1, 1, 0, 1, 1, 1, 1, 2, 0, 2, 0, 1, 2, 1, 0, 2, 0], total=41
2024-12-02 00:37:45,431 INFO server.py 327:: [Server] The aggregation takes 0.046184 seconds.

2024-12-02 00:37:45,437 INFO server.py 211:: [Server] Start testing
2024-12-02 00:37:45,480 INFO server.py 235:: [Server] Test set: Average loss: 1.3369, Accuracy: 55/200 (27.5%)

2024-12-02 00:37:45,486 INFO server.py 238:: [Sever] Confusion matrix:
 tensor([[48.,  0.,  2.,  0.],
        [49.,  0.,  1.,  0.],
        [43.,  0.,  7.,  0.],
        [47.,  0.,  3.,  0.]])
2024-12-02 00:37:45,490 INFO server.py 254:: [Server] Precision=[0.25668448        nan 0.53846157        nan],
 Recall=[0.96 0.   0.14 0.  ],
 F1-score=[0.40506327        nan 0.22222222        nan],
 my_accuracy=27.500000596046448[%]
2024-12-02 00:37:45,492 INFO _main.py 209:: ########EPOCH 10 ########
2024-12-02 00:37:45,493 INFO _main.py 210:: ###Model distribution###
2024-12-02 00:37:48,402 INFO server.py 1064:: clients' sizes=[1, 2, 1, 0, 0, 0, 2, 2, 0, 1, 0, 1, 2, 2, 2, 2, 1, 1, 2, 0, 1, 1, 1, 1, 1, 0, 1, 1, 1, 1, 2, 0, 2, 0, 1, 2, 1, 0, 2, 0], total=41
2024-12-02 00:37:48,425 INFO server.py 327:: [Server] The aggregation takes 0.024053 seconds.

2024-12-02 00:37:48,428 INFO server.py 211:: [Server] Start testing
2024-12-02 00:37:48,449 INFO server.py 235:: [Server] Test set: Average loss: 1.3333, Accuracy: 57/200 (28.5%)

2024-12-02 00:37:48,450 INFO server.py 238:: [Sever] Confusion matrix:
 tensor([[48.,  0.,  2.,  0.],
        [48.,  0.,  2.,  0.],
        [41.,  0.,  9.,  0.],
        [45.,  0.,  5.,  0.]])
2024-12-02 00:37:48,452 INFO server.py 254:: [Server] Precision=[0.26373628        nan 0.5               nan],
 Recall=[0.96 0.   0.18 0.  ],
 F1-score=[0.41379312        nan 0.2647059         nan],
 my_accuracy=28.49999964237213[%]
2024-12-02 00:37:48,452 INFO _main.py 209:: ########EPOCH 11 ########
2024-12-02 00:37:48,453 INFO _main.py 210:: ###Model distribution###
2024-12-02 00:37:51,211 INFO server.py 1064:: clients' sizes=[1, 2, 1, 0, 0, 0, 2, 2, 0, 1, 0, 1, 2, 2, 2, 2, 1, 1, 2, 0, 1, 1, 1, 1, 1, 0, 1, 1, 1, 1, 2, 0, 2, 0, 1, 2, 1, 0, 2, 0], total=41
2024-12-02 00:37:51,236 INFO server.py 327:: [Server] The aggregation takes 0.026135 seconds.

2024-12-02 00:37:51,239 INFO server.py 211:: [Server] Start testing
2024-12-02 00:37:51,259 INFO server.py 235:: [Server] Test set: Average loss: 1.3259, Accuracy: 59/200 (29.5%)

2024-12-02 00:37:51,260 INFO server.py 238:: [Sever] Confusion matrix:
 tensor([[48.,  0.,  2.,  0.],
        [47.,  0.,  3.,  0.],
        [39.,  0., 11.,  0.],
        [45.,  0.,  5.,  0.]])
2024-12-02 00:37:51,262 INFO server.py 254:: [Server] Precision=[0.26815644        nan 0.52380955        nan],
 Recall=[0.96 0.   0.22 0.  ],
 F1-score=[0.41921395        nan 0.30985916        nan],
 my_accuracy=29.499998688697815[%]
2024-12-02 00:37:51,262 INFO _main.py 209:: ########EPOCH 12 ########
2024-12-02 00:37:51,263 INFO _main.py 210:: ###Model distribution###
2024-12-02 00:37:53,864 INFO server.py 1064:: clients' sizes=[1, 2, 1, 0, 0, 0, 2, 2, 0, 1, 0, 1, 2, 2, 2, 2, 1, 1, 2, 0, 1, 1, 1, 1, 1, 0, 1, 1, 1, 1, 2, 0, 2, 0, 1, 2, 1, 0, 2, 0], total=41
2024-12-02 00:37:53,887 INFO server.py 327:: [Server] The aggregation takes 0.023825 seconds.

2024-12-02 00:37:53,889 INFO server.py 211:: [Server] Start testing
2024-12-02 00:37:53,910 INFO server.py 235:: [Server] Test set: Average loss: 1.3203, Accuracy: 63/200 (31.5%)

2024-12-02 00:37:53,911 INFO server.py 238:: [Sever] Confusion matrix:
 tensor([[48.,  0.,  2.,  0.],
        [44.,  0.,  6.,  0.],
        [35.,  0., 15.,  0.],
        [41.,  0.,  9.,  0.]])
2024-12-02 00:37:53,913 INFO server.py 254:: [Server] Precision=[0.2857143       nan 0.46875         nan],
 Recall=[0.96 0.   0.3  0.  ],
 F1-score=[0.44036698        nan 0.36585367        nan],
 my_accuracy=31.49999976158142[%]
2024-12-02 00:37:53,914 INFO _main.py 209:: ########EPOCH 13 ########
2024-12-02 00:37:53,914 INFO _main.py 210:: ###Model distribution###
2024-12-02 00:37:56,559 INFO server.py 1064:: clients' sizes=[1, 2, 1, 0, 0, 0, 2, 2, 0, 1, 0, 1, 2, 2, 2, 2, 1, 1, 2, 0, 1, 1, 1, 1, 1, 0, 1, 1, 1, 1, 2, 0, 2, 0, 1, 2, 1, 0, 2, 0], total=41
2024-12-02 00:37:56,593 INFO server.py 327:: [Server] The aggregation takes 0.034709 seconds.

2024-12-02 00:37:56,595 INFO server.py 211:: [Server] Start testing
2024-12-02 00:37:56,617 INFO server.py 235:: [Server] Test set: Average loss: 1.3130, Accuracy: 64/200 (32.0%)

2024-12-02 00:37:56,623 INFO server.py 238:: [Sever] Confusion matrix:
 tensor([[48.,  0.,  2.,  0.],
        [41.,  0.,  9.,  0.],
        [34.,  0., 16.,  0.],
        [38.,  0., 12.,  0.]])
2024-12-02 00:37:56,628 INFO server.py 254:: [Server] Precision=[0.29813665        nan 0.41025642        nan],
 Recall=[0.96 0.   0.32 0.  ],
 F1-score=[0.45497632        nan 0.35955054        nan],
 my_accuracy=31.999999284744263[%]
2024-12-02 00:37:56,629 INFO _main.py 209:: ########EPOCH 14 ########
2024-12-02 00:37:56,630 INFO _main.py 210:: ###Model distribution###
2024-12-02 00:38:00,555 INFO server.py 1064:: clients' sizes=[1, 2, 1, 0, 0, 0, 2, 2, 0, 1, 0, 1, 2, 2, 2, 2, 1, 1, 2, 0, 1, 1, 1, 1, 1, 0, 1, 1, 1, 1, 2, 0, 2, 0, 1, 2, 1, 0, 2, 0], total=41
2024-12-02 00:38:00,595 INFO server.py 327:: [Server] The aggregation takes 0.041306 seconds.

2024-12-02 00:38:00,601 INFO server.py 211:: [Server] Start testing
2024-12-02 00:38:00,639 INFO server.py 235:: [Server] Test set: Average loss: 1.3049, Accuracy: 65/200 (32.5%)

2024-12-02 00:38:00,649 INFO server.py 238:: [Sever] Confusion matrix:
 tensor([[47.,  0.,  3.,  0.],
        [41.,  0.,  9.,  0.],
        [32.,  0., 18.,  0.],
        [36.,  0., 14.,  0.]])
2024-12-02 00:38:00,656 INFO server.py 254:: [Server] Precision=[0.30128205        nan 0.4090909         nan],
 Recall=[0.94 0.   0.36 0.  ],
 F1-score=[0.4563107         nan 0.38297877        nan],
 my_accuracy=32.499998807907104[%]
2024-12-02 00:38:00,662 INFO _main.py 209:: ########EPOCH 15 ########
2024-12-02 00:38:00,663 INFO _main.py 210:: ###Model distribution###
2024-12-02 00:38:03,839 INFO server.py 1064:: clients' sizes=[1, 2, 1, 0, 0, 0, 2, 2, 0, 1, 0, 1, 2, 2, 2, 2, 1, 1, 2, 0, 1, 1, 1, 1, 1, 0, 1, 1, 1, 1, 2, 0, 2, 0, 1, 2, 1, 0, 2, 0], total=41
2024-12-02 00:38:03,862 INFO server.py 327:: [Server] The aggregation takes 0.024204 seconds.

2024-12-02 00:38:03,864 INFO server.py 211:: [Server] Start testing
2024-12-02 00:38:03,884 INFO server.py 235:: [Server] Test set: Average loss: 1.3015, Accuracy: 63/200 (31.5%)

2024-12-02 00:38:03,888 INFO server.py 238:: [Sever] Confusion matrix:
 tensor([[46.,  0.,  4.,  0.],
        [41.,  0.,  9.,  0.],
        [33.,  0., 17.,  0.],
        [37.,  0., 13.,  0.]])
2024-12-02 00:38:03,890 INFO server.py 254:: [Server] Precision=[0.29299363        nan 0.39534885        nan],
 Recall=[0.92 0.   0.34 0.  ],
 F1-score=[0.44444445        nan 0.3655914         nan],
 my_accuracy=31.49999976158142[%]
2024-12-02 00:38:03,891 INFO _main.py 209:: ########EPOCH 16 ########
2024-12-02 00:38:03,892 INFO _main.py 210:: ###Model distribution###
2024-12-02 00:38:06,429 INFO server.py 1064:: clients' sizes=[1, 2, 1, 0, 0, 0, 2, 2, 0, 1, 0, 1, 2, 2, 2, 2, 1, 1, 2, 0, 1, 1, 1, 1, 1, 0, 1, 1, 1, 1, 2, 0, 2, 0, 1, 2, 1, 0, 2, 0], total=41
2024-12-02 00:38:06,454 INFO server.py 327:: [Server] The aggregation takes 0.025643 seconds.

2024-12-02 00:38:06,456 INFO server.py 211:: [Server] Start testing
2024-12-02 00:38:06,483 INFO server.py 235:: [Server] Test set: Average loss: 1.2952, Accuracy: 63/200 (31.5%)

2024-12-02 00:38:06,485 INFO server.py 238:: [Sever] Confusion matrix:
 tensor([[45.,  0.,  5.,  0.],
        [38.,  0., 12.,  0.],
        [32.,  0., 18.,  0.],
        [33.,  0., 17.,  0.]])
2024-12-02 00:38:06,486 INFO server.py 254:: [Server] Precision=[0.30405405        nan 0.34615386        nan],
 Recall=[0.9  0.   0.36 0.  ],
 F1-score=[0.45454547        nan 0.3529412         nan],
 my_accuracy=31.49999976158142[%]
2024-12-02 00:38:06,487 INFO _main.py 209:: ########EPOCH 17 ########
2024-12-02 00:38:06,488 INFO _main.py 210:: ###Model distribution###
2024-12-02 00:38:09,054 INFO server.py 1064:: clients' sizes=[1, 2, 1, 0, 0, 0, 2, 2, 0, 1, 0, 1, 2, 2, 2, 2, 1, 1, 2, 0, 1, 1, 1, 1, 1, 0, 1, 1, 1, 1, 2, 0, 2, 0, 1, 2, 1, 0, 2, 0], total=41
2024-12-02 00:38:09,086 INFO server.py 327:: [Server] The aggregation takes 0.032335 seconds.

2024-12-02 00:38:09,088 INFO server.py 211:: [Server] Start testing
2024-12-02 00:38:09,108 INFO server.py 235:: [Server] Test set: Average loss: 1.2909, Accuracy: 62/200 (31.0%)

2024-12-02 00:38:09,109 INFO server.py 238:: [Sever] Confusion matrix:
 tensor([[44.,  0.,  6.,  0.],
        [38.,  0., 12.,  0.],
        [32.,  0., 18.,  0.],
        [32.,  0., 18.,  0.]])
2024-12-02 00:38:09,111 INFO server.py 254:: [Server] Precision=[0.30136988        nan 0.33333334        nan],
 Recall=[0.88 0.   0.36 0.  ],
 F1-score=[0.44897962        nan 0.34615383        nan],
 my_accuracy=31.00000023841858[%]
2024-12-02 00:38:09,111 INFO _main.py 209:: ########EPOCH 18 ########
2024-12-02 00:38:09,112 INFO _main.py 210:: ###Model distribution###
2024-12-02 00:38:11,893 INFO server.py 1064:: clients' sizes=[1, 2, 1, 0, 0, 0, 2, 2, 0, 1, 0, 1, 2, 2, 2, 2, 1, 1, 2, 0, 1, 1, 1, 1, 1, 0, 1, 1, 1, 1, 2, 0, 2, 0, 1, 2, 1, 0, 2, 0], total=41
2024-12-02 00:38:11,918 INFO server.py 327:: [Server] The aggregation takes 0.025808 seconds.

2024-12-02 00:38:11,921 INFO server.py 211:: [Server] Start testing
2024-12-02 00:38:11,941 INFO server.py 235:: [Server] Test set: Average loss: 1.2864, Accuracy: 62/200 (31.0%)

2024-12-02 00:38:11,943 INFO server.py 238:: [Sever] Confusion matrix:
 tensor([[44.,  0.,  6.,  0.],
        [38.,  0., 12.,  0.],
        [32.,  0., 18.,  0.],
        [33.,  0., 17.,  0.]])
2024-12-02 00:38:11,944 INFO server.py 254:: [Server] Precision=[0.2993197         nan 0.33962265        nan],
 Recall=[0.88 0.   0.36 0.  ],
 F1-score=[0.4467005         nan 0.34951457        nan],
 my_accuracy=31.00000023841858[%]
2024-12-02 00:38:11,945 INFO _main.py 209:: ########EPOCH 19 ########
2024-12-02 00:38:11,946 INFO _main.py 210:: ###Model distribution###
2024-12-02 00:38:15,513 INFO server.py 1064:: clients' sizes=[1, 2, 1, 0, 0, 0, 2, 2, 0, 1, 0, 1, 2, 2, 2, 2, 1, 1, 2, 0, 1, 1, 1, 1, 1, 0, 1, 1, 1, 1, 2, 0, 2, 0, 1, 2, 1, 0, 2, 0], total=41
2024-12-02 00:38:15,558 INFO server.py 327:: [Server] The aggregation takes 0.046051 seconds.

2024-12-02 00:38:15,561 INFO server.py 211:: [Server] Start testing
2024-12-02 00:38:15,609 INFO server.py 235:: [Server] Test set: Average loss: 1.2814, Accuracy: 63/200 (31.5%)

2024-12-02 00:38:15,616 INFO server.py 238:: [Sever] Confusion matrix:
 tensor([[44.,  0.,  6.,  0.],
        [38.,  0., 12.,  0.],
        [32.,  0., 18.,  0.],
        [30.,  0., 19.,  1.]])
2024-12-02 00:38:15,620 INFO server.py 254:: [Server] Precision=[0.30555555        nan 0.3272727  1.        ],
 Recall=[0.88 0.   0.36 0.02],
 F1-score=[0.45360824        nan 0.34285715 0.03921569],
 my_accuracy=31.49999976158142[%]
2024-12-02 00:38:15,621 INFO _main.py 209:: ########EPOCH 20 ########
2024-12-02 00:38:15,622 INFO _main.py 210:: ###Model distribution###
2024-12-02 00:38:19,059 INFO server.py 1064:: clients' sizes=[1, 2, 1, 0, 0, 0, 2, 2, 0, 1, 0, 1, 2, 2, 2, 2, 1, 1, 2, 0, 1, 1, 1, 1, 1, 0, 1, 1, 1, 1, 2, 0, 2, 0, 1, 2, 1, 0, 2, 0], total=41
2024-12-02 00:38:19,083 INFO server.py 327:: [Server] The aggregation takes 0.025098 seconds.

2024-12-02 00:38:19,085 INFO server.py 211:: [Server] Start testing
2024-12-02 00:38:19,104 INFO server.py 235:: [Server] Test set: Average loss: 1.2670, Accuracy: 78/200 (39.0%)

2024-12-02 00:38:19,106 INFO server.py 238:: [Sever] Confusion matrix:
 tensor([[44.,  0.,  6.,  0.],
        [36.,  0., 13.,  1.],
        [30.,  0., 19.,  1.],
        [17.,  0., 18., 15.]])
2024-12-02 00:38:19,107 INFO server.py 254:: [Server] Precision=[0.3464567         nan 0.3392857  0.88235295],
 Recall=[0.88 0.   0.38 0.3 ],
 F1-score=[0.4971752         nan 0.35849056 0.44776118],
 my_accuracy=38.999998569488525[%]
2024-12-02 00:38:19,108 INFO _main.py 209:: ########EPOCH 21 ########
2024-12-02 00:38:19,109 INFO _main.py 210:: ###Model distribution###
2024-12-02 00:38:21,849 INFO server.py 1064:: clients' sizes=[1, 2, 1, 0, 0, 0, 2, 2, 0, 1, 0, 1, 2, 2, 2, 2, 1, 1, 2, 0, 1, 1, 1, 1, 1, 0, 1, 1, 1, 1, 2, 0, 2, 0, 1, 2, 1, 0, 2, 0], total=41
2024-12-02 00:38:21,874 INFO server.py 327:: [Server] The aggregation takes 0.025738 seconds.

2024-12-02 00:38:21,876 INFO server.py 211:: [Server] Start testing
2024-12-02 00:38:21,896 INFO server.py 235:: [Server] Test set: Average loss: 1.2560, Accuracy: 88/200 (44.0%)

2024-12-02 00:38:21,898 INFO server.py 238:: [Sever] Confusion matrix:
 tensor([[44.,  0.,  6.,  0.],
        [36.,  0., 12.,  2.],
        [27.,  0., 22.,  1.],
        [11.,  0., 17., 22.]])
2024-12-02 00:38:21,900 INFO server.py 254:: [Server] Precision=[0.37288135        nan 0.3859649  0.88      ],
 Recall=[0.88 0.   0.44 0.44],
 F1-score=[0.52380955        nan 0.41121492 0.5866667 ],
 my_accuracy=43.99999976158142[%]
2024-12-02 00:38:21,900 INFO _main.py 209:: ########EPOCH 22 ########
2024-12-02 00:38:21,901 INFO _main.py 210:: ###Model distribution###
2024-12-02 00:38:24,582 INFO server.py 1064:: clients' sizes=[1, 2, 1, 0, 0, 0, 2, 2, 0, 1, 0, 1, 2, 2, 2, 2, 1, 1, 2, 0, 1, 1, 1, 1, 1, 0, 1, 1, 1, 1, 2, 0, 2, 0, 1, 2, 1, 0, 2, 0], total=41
2024-12-02 00:38:24,607 INFO server.py 327:: [Server] The aggregation takes 0.025423 seconds.

2024-12-02 00:38:24,609 INFO server.py 211:: [Server] Start testing
2024-12-02 00:38:24,630 INFO server.py 235:: [Server] Test set: Average loss: 1.2425, Accuracy: 92/200 (46.0%)

2024-12-02 00:38:24,632 INFO server.py 238:: [Sever] Confusion matrix:
 tensor([[44.,  0.,  6.,  0.],
        [35.,  0., 13.,  2.],
        [24.,  0., 23.,  3.],
        [ 9.,  0., 16., 25.]])
2024-12-02 00:38:24,634 INFO server.py 254:: [Server] Precision=[0.39285713        nan 0.39655173 0.8333333 ],
 Recall=[0.88 0.   0.46 0.5 ],
 F1-score=[0.54320985        nan 0.4259259  0.625     ],
 my_accuracy=46.00000083446503[%]
2024-12-02 00:38:24,635 INFO _main.py 209:: ########EPOCH 23 ########
2024-12-02 00:38:24,635 INFO _main.py 210:: ###Model distribution###
2024-12-02 00:38:27,240 INFO server.py 1064:: clients' sizes=[1, 2, 1, 0, 0, 0, 2, 2, 0, 1, 0, 1, 2, 2, 2, 2, 1, 1, 2, 0, 1, 1, 1, 1, 1, 0, 1, 1, 1, 1, 2, 0, 2, 0, 1, 2, 1, 0, 2, 0], total=41
2024-12-02 00:38:27,265 INFO server.py 327:: [Server] The aggregation takes 0.025618 seconds.

2024-12-02 00:38:27,267 INFO server.py 211:: [Server] Start testing
2024-12-02 00:38:27,287 INFO server.py 235:: [Server] Test set: Average loss: 1.2329, Accuracy: 94/200 (47.0%)

2024-12-02 00:38:27,288 INFO server.py 238:: [Sever] Confusion matrix:
 tensor([[44.,  0.,  6.,  0.],
        [34.,  0., 14.,  2.],
        [23.,  0., 22.,  5.],
        [ 7.,  0., 15., 28.]])
2024-12-02 00:38:27,290 INFO server.py 254:: [Server] Precision=[0.4074074       nan 0.3859649 0.8      ],
 Recall=[0.88 0.   0.44 0.56],
 F1-score=[0.556962          nan 0.41121492 0.65882355],
 my_accuracy=46.99999988079071[%]
2024-12-02 00:38:27,290 INFO _main.py 209:: ########EPOCH 24 ########
2024-12-02 00:38:27,291 INFO _main.py 210:: ###Model distribution###
2024-12-02 00:38:30,943 INFO server.py 1064:: clients' sizes=[1, 2, 1, 0, 0, 0, 2, 2, 0, 1, 0, 1, 2, 2, 2, 2, 1, 1, 2, 0, 1, 1, 1, 1, 1, 0, 1, 1, 1, 1, 2, 0, 2, 0, 1, 2, 1, 0, 2, 0], total=41
2024-12-02 00:38:30,977 INFO server.py 327:: [Server] The aggregation takes 0.035609 seconds.

2024-12-02 00:38:30,980 INFO server.py 211:: [Server] Start testing
2024-12-02 00:38:31,020 INFO server.py 235:: [Server] Test set: Average loss: 1.2307, Accuracy: 93/200 (46.5%)

2024-12-02 00:38:31,027 INFO server.py 238:: [Sever] Confusion matrix:
 tensor([[44.,  0.,  6.,  0.],
        [35.,  0., 13.,  2.],
        [23.,  0., 21.,  6.],
        [ 7.,  0., 15., 28.]])
2024-12-02 00:38:31,031 INFO server.py 254:: [Server] Precision=[0.40366971        nan 0.38181818 0.7777778 ],
 Recall=[0.88 0.   0.42 0.56],
 F1-score=[0.5534591       nan 0.4       0.6511628],
 my_accuracy=46.50000035762787[%]
2024-12-02 00:38:31,033 INFO _main.py 209:: ########EPOCH 25 ########
2024-12-02 00:38:31,034 INFO _main.py 210:: ###Model distribution###
2024-12-02 00:38:34,517 INFO server.py 1064:: clients' sizes=[1, 2, 1, 0, 0, 0, 2, 2, 0, 1, 0, 1, 2, 2, 2, 2, 1, 1, 2, 0, 1, 1, 1, 1, 1, 0, 1, 1, 1, 1, 2, 0, 2, 0, 1, 2, 1, 0, 2, 0], total=41
2024-12-02 00:38:34,542 INFO server.py 327:: [Server] The aggregation takes 0.025044 seconds.

2024-12-02 00:38:34,544 INFO server.py 211:: [Server] Start testing
2024-12-02 00:38:34,564 INFO server.py 235:: [Server] Test set: Average loss: 1.2140, Accuracy: 95/200 (47.5%)

2024-12-02 00:38:34,566 INFO server.py 238:: [Sever] Confusion matrix:
 tensor([[44.,  0.,  6.,  0.],
        [34.,  0., 14.,  2.],
        [21.,  0., 23.,  6.],
        [ 7.,  0., 15., 28.]])
2024-12-02 00:38:34,568 INFO server.py 254:: [Server] Precision=[0.41509435        nan 0.39655173 0.7777778 ],
 Recall=[0.88 0.   0.46 0.56],
 F1-score=[0.56410253        nan 0.4259259  0.6511628 ],
 my_accuracy=47.49999940395355[%]
2024-12-02 00:38:34,568 INFO _main.py 209:: ########EPOCH 26 ########
2024-12-02 00:38:34,569 INFO _main.py 210:: ###Model distribution###
2024-12-02 00:38:37,232 INFO server.py 1064:: clients' sizes=[1, 2, 1, 0, 0, 0, 2, 2, 0, 1, 0, 1, 2, 2, 2, 2, 1, 1, 2, 0, 1, 1, 1, 1, 1, 0, 1, 1, 1, 1, 2, 0, 2, 0, 1, 2, 1, 0, 2, 0], total=41
2024-12-02 00:38:37,259 INFO server.py 327:: [Server] The aggregation takes 0.027470 seconds.

2024-12-02 00:38:37,261 INFO server.py 211:: [Server] Start testing
2024-12-02 00:38:37,281 INFO server.py 235:: [Server] Test set: Average loss: 1.2128, Accuracy: 97/200 (48.5%)

2024-12-02 00:38:37,282 INFO server.py 238:: [Sever] Confusion matrix:
 tensor([[44.,  0.,  6.,  0.],
        [31.,  0., 17.,  2.],
        [18.,  0., 25.,  7.],
        [ 7.,  0., 15., 28.]])
2024-12-02 00:38:37,284 INFO server.py 254:: [Server] Precision=[0.44            nan 0.3968254 0.7567568],
 Recall=[0.88 0.   0.5  0.56],
 F1-score=[0.5866667         nan 0.44247785 0.6436782 ],
 my_accuracy=48.500001430511475[%]
2024-12-02 00:38:37,285 INFO _main.py 209:: ########EPOCH 27 ########
2024-12-02 00:38:37,285 INFO _main.py 210:: ###Model distribution###
2024-12-02 00:38:39,926 INFO server.py 1064:: clients' sizes=[1, 2, 1, 0, 0, 0, 2, 2, 0, 1, 0, 1, 2, 2, 2, 2, 1, 1, 2, 0, 1, 1, 1, 1, 1, 0, 1, 1, 1, 1, 2, 0, 2, 0, 1, 2, 1, 0, 2, 0], total=41
2024-12-02 00:38:39,949 INFO server.py 327:: [Server] The aggregation takes 0.023601 seconds.

2024-12-02 00:38:39,952 INFO server.py 211:: [Server] Start testing
2024-12-02 00:38:39,981 INFO server.py 235:: [Server] Test set: Average loss: 1.2074, Accuracy: 99/200 (49.5%)

2024-12-02 00:38:39,982 INFO server.py 238:: [Sever] Confusion matrix:
 tensor([[44.,  0.,  6.,  0.],
        [31.,  0., 17.,  2.],
        [18.,  0., 24.,  8.],
        [ 7.,  0., 12., 31.]])
2024-12-02 00:38:39,984 INFO server.py 254:: [Server] Precision=[0.44              nan 0.40677965 0.75609756],
 Recall=[0.88 0.   0.48 0.62],
 F1-score=[0.5866667         nan 0.44036692 0.6813187 ],
 my_accuracy=49.50000047683716[%]
2024-12-02 00:38:39,985 INFO _main.py 209:: ########EPOCH 28 ########
2024-12-02 00:38:39,985 INFO _main.py 210:: ###Model distribution###
2024-12-02 00:38:42,705 INFO server.py 1064:: clients' sizes=[1, 2, 1, 0, 0, 0, 2, 2, 0, 1, 0, 1, 2, 2, 2, 2, 1, 1, 2, 0, 1, 1, 1, 1, 1, 0, 1, 1, 1, 1, 2, 0, 2, 0, 1, 2, 1, 0, 2, 0], total=41
2024-12-02 00:38:42,728 INFO server.py 327:: [Server] The aggregation takes 0.023667 seconds.

2024-12-02 00:38:42,729 INFO server.py 211:: [Server] Start testing
2024-12-02 00:38:42,748 INFO server.py 235:: [Server] Test set: Average loss: 1.1939, Accuracy: 99/200 (49.5%)

2024-12-02 00:38:42,750 INFO server.py 238:: [Sever] Confusion matrix:
 tensor([[44.,  0.,  6.,  0.],
        [31.,  0., 17.,  2.],
        [17.,  0., 24.,  9.],
        [ 7.,  0., 12., 31.]])
2024-12-02 00:38:42,752 INFO server.py 254:: [Server] Precision=[0.44444445        nan 0.40677965 0.7380952 ],
 Recall=[0.88 0.   0.48 0.62],
 F1-score=[0.590604          nan 0.44036692 0.67391306],
 my_accuracy=49.50000047683716[%]
2024-12-02 00:38:42,752 INFO _main.py 209:: ########EPOCH 29 ########
2024-12-02 00:38:42,753 INFO _main.py 210:: ###Model distribution###
2024-12-02 00:38:46,108 INFO server.py 1064:: clients' sizes=[1, 2, 1, 0, 0, 0, 2, 2, 0, 1, 0, 1, 2, 2, 2, 2, 1, 1, 2, 0, 1, 1, 1, 1, 1, 0, 1, 1, 1, 1, 2, 0, 2, 0, 1, 2, 1, 0, 2, 0], total=41
2024-12-02 00:38:46,144 INFO server.py 327:: [Server] The aggregation takes 0.037533 seconds.

2024-12-02 00:38:46,149 INFO server.py 211:: [Server] Start testing
2024-12-02 00:38:46,189 INFO server.py 235:: [Server] Test set: Average loss: 1.1831, Accuracy: 100/200 (50.0%)

2024-12-02 00:38:46,193 INFO server.py 238:: [Sever] Confusion matrix:
 tensor([[44.,  0.,  6.,  0.],
        [29.,  0., 19.,  2.],
        [17.,  0., 24.,  9.],
        [ 6.,  0., 12., 32.]])
2024-12-02 00:38:46,197 INFO server.py 254:: [Server] Precision=[0.45833334        nan 0.39344263 0.74418604],
 Recall=[0.88 0.   0.48 0.64],
 F1-score=[0.6027397         nan 0.4324324  0.68817204],
 my_accuracy=50.0[%]
2024-12-02 00:38:46,198 INFO _main.py 209:: ########EPOCH 30 ########
2024-12-02 00:38:46,200 INFO _main.py 210:: ###Model distribution###
2024-12-02 00:38:49,660 INFO server.py 1064:: clients' sizes=[1, 2, 1, 0, 0, 0, 2, 2, 0, 1, 0, 1, 2, 2, 2, 2, 1, 1, 2, 0, 1, 1, 1, 1, 1, 0, 1, 1, 1, 1, 2, 0, 2, 0, 1, 2, 1, 0, 2, 0], total=41
2024-12-02 00:38:49,685 INFO server.py 327:: [Server] The aggregation takes 0.026579 seconds.

2024-12-02 00:38:49,687 INFO server.py 211:: [Server] Start testing
2024-12-02 00:38:49,733 INFO server.py 235:: [Server] Test set: Average loss: 1.1723, Accuracy: 99/200 (49.5%)

2024-12-02 00:38:49,735 INFO server.py 238:: [Sever] Confusion matrix:
 tensor([[43.,  0.,  7.,  0.],
        [27.,  0., 21.,  2.],
        [17.,  0., 24.,  9.],
        [ 6.,  0., 12., 32.]])
2024-12-02 00:38:49,740 INFO server.py 254:: [Server] Precision=[0.4623656         nan 0.375      0.74418604],
 Recall=[0.86 0.   0.48 0.64],
 F1-score=[0.6013986         nan 0.4210526  0.68817204],
 my_accuracy=49.50000047683716[%]
2024-12-02 00:38:49,742 INFO _main.py 209:: ########EPOCH 31 ########
2024-12-02 00:38:49,743 INFO _main.py 210:: ###Model distribution###
2024-12-02 00:38:52,496 INFO server.py 1064:: clients' sizes=[1, 2, 1, 0, 0, 0, 2, 2, 0, 1, 0, 1, 2, 2, 2, 2, 1, 1, 2, 0, 1, 1, 1, 1, 1, 0, 1, 1, 1, 1, 2, 0, 2, 0, 1, 2, 1, 0, 2, 0], total=41
2024-12-02 00:38:52,516 INFO server.py 327:: [Server] The aggregation takes 0.020677 seconds.

2024-12-02 00:38:52,518 INFO server.py 211:: [Server] Start testing
2024-12-02 00:38:52,538 INFO server.py 235:: [Server] Test set: Average loss: 1.1559, Accuracy: 99/200 (49.5%)

2024-12-02 00:38:52,540 INFO server.py 238:: [Sever] Confusion matrix:
 tensor([[43.,  0.,  7.,  0.],
        [26.,  0., 21.,  3.],
        [15.,  0., 24., 11.],
        [ 6.,  0., 12., 32.]])
2024-12-02 00:38:52,541 INFO server.py 254:: [Server] Precision=[0.47777778        nan 0.375      0.6956522 ],
 Recall=[0.86 0.   0.48 0.64],
 F1-score=[0.6142857       nan 0.4210526 0.6666667],
 my_accuracy=49.50000047683716[%]
2024-12-02 00:38:52,542 INFO _main.py 209:: ########EPOCH 32 ########
2024-12-02 00:38:52,543 INFO _main.py 210:: ###Model distribution###
2024-12-02 00:38:55,221 INFO server.py 1064:: clients' sizes=[1, 2, 1, 0, 0, 0, 2, 2, 0, 1, 0, 1, 2, 2, 2, 2, 1, 1, 2, 0, 1, 1, 1, 1, 1, 0, 1, 1, 1, 1, 2, 0, 2, 0, 1, 2, 1, 0, 2, 0], total=41
2024-12-02 00:38:55,244 INFO server.py 327:: [Server] The aggregation takes 0.024225 seconds.

2024-12-02 00:38:55,247 INFO server.py 211:: [Server] Start testing
2024-12-02 00:38:55,268 INFO server.py 235:: [Server] Test set: Average loss: 1.1498, Accuracy: 102/200 (51.0%)

2024-12-02 00:38:55,269 INFO server.py 238:: [Sever] Confusion matrix:
 tensor([[43.,  0.,  7.,  0.],
        [24.,  0., 19.,  7.],
        [10.,  0., 25., 15.],
        [ 6.,  0., 10., 34.]])
2024-12-02 00:38:55,271 INFO server.py 254:: [Server] Precision=[0.5180723         nan 0.40983605 0.60714287],
 Recall=[0.86 0.   0.5  0.68],
 F1-score=[0.6466166         nan 0.45045045 0.6415094 ],
 my_accuracy=50.999999046325684[%]
2024-12-02 00:38:55,272 INFO _main.py 209:: ########EPOCH 33 ########
2024-12-02 00:38:55,272 INFO _main.py 210:: ###Model distribution###
2024-12-02 00:38:57,802 INFO server.py 1064:: clients' sizes=[1, 2, 1, 0, 0, 0, 2, 2, 0, 1, 0, 1, 2, 2, 2, 2, 1, 1, 2, 0, 1, 1, 1, 1, 1, 0, 1, 1, 1, 1, 2, 0, 2, 0, 1, 2, 1, 0, 2, 0], total=41
2024-12-02 00:38:57,825 INFO server.py 327:: [Server] The aggregation takes 0.023823 seconds.

2024-12-02 00:38:57,828 INFO server.py 211:: [Server] Start testing
2024-12-02 00:38:57,848 INFO server.py 235:: [Server] Test set: Average loss: 1.1189, Accuracy: 103/200 (51.5%)

2024-12-02 00:38:57,849 INFO server.py 238:: [Sever] Confusion matrix:
 tensor([[43.,  0.,  7.,  0.],
        [24.,  0., 19.,  7.],
        [10.,  0., 25., 15.],
        [ 6.,  0.,  9., 35.]])
2024-12-02 00:38:57,851 INFO server.py 254:: [Server] Precision=[0.5180723         nan 0.41666666 0.61403507],
 Recall=[0.86 0.   0.5  0.7 ],
 F1-score=[0.6466166         nan 0.45454547 0.65420556],
 my_accuracy=51.499998569488525[%]
2024-12-02 00:38:57,852 INFO _main.py 209:: ########EPOCH 34 ########
2024-12-02 00:38:57,852 INFO _main.py 210:: ###Model distribution###
2024-12-02 00:39:01,373 INFO server.py 1064:: clients' sizes=[1, 2, 1, 0, 0, 0, 2, 2, 0, 1, 0, 1, 2, 2, 2, 2, 1, 1, 2, 0, 1, 1, 1, 1, 1, 0, 1, 1, 1, 1, 2, 0, 2, 0, 1, 2, 1, 0, 2, 0], total=41
2024-12-02 00:39:01,416 INFO server.py 327:: [Server] The aggregation takes 0.044288 seconds.

2024-12-02 00:39:01,421 INFO server.py 211:: [Server] Start testing
2024-12-02 00:39:01,463 INFO server.py 235:: [Server] Test set: Average loss: 1.0704, Accuracy: 105/200 (52.5%)

2024-12-02 00:39:01,468 INFO server.py 238:: [Sever] Confusion matrix:
 tensor([[45.,  0.,  5.,  0.],
        [27.,  0., 17.,  6.],
        [11.,  0., 24., 15.],
        [ 6.,  0.,  8., 36.]])
2024-12-02 00:39:01,473 INFO server.py 254:: [Server] Precision=[0.505618          nan 0.44444445 0.6315789 ],
 Recall=[0.9  0.   0.48 0.72],
 F1-score=[0.647482          nan 0.46153843 0.67289716],
 my_accuracy=52.49999761581421[%]
