2024-12-01 23:15:47,244 INFO _main.py 39:: ################################################################
2024-12-01 23:15:47,246 INFO _main.py 41:: #                              batch_size: 64                  #
2024-12-01 23:15:47,247 INFO _main.py 41:: #                         test_batch_size: 32                  #
2024-12-01 23:15:47,249 INFO _main.py 41:: #                                  epochs: 5                   #
2024-12-01 23:15:47,250 INFO _main.py 41:: #                               optimizer: SGD                 #
2024-12-01 23:15:47,250 INFO _main.py 41:: #                                      lr: 0.01                #
2024-12-01 23:15:47,250 INFO _main.py 41:: #                                momentum: 0.9                 #
2024-12-01 23:15:47,251 INFO _main.py 41:: #                            weight_decay: 0.0001              #
2024-12-01 23:15:47,251 INFO _main.py 41:: #                                    seed: 1                   #
2024-12-01 23:15:47,251 INFO _main.py 41:: #                            log_interval: 11                  #
2024-12-01 23:15:47,251 INFO _main.py 41:: #                             num_clients: 40                  #
2024-12-01 23:15:47,251 INFO _main.py 41:: #                           output_folder: experiments         #
2024-12-01 23:15:47,251 INFO _main.py 41:: #                                 dataset: rockburst           #
2024-12-01 23:15:47,252 INFO _main.py 41:: #                             loader_type: dirichlet           #
2024-12-01 23:15:47,252 INFO _main.py 41:: #                             loader_path: ./data/loader.pk    #
2024-12-01 23:15:47,252 INFO _main.py 41:: #                                      AR: foolsgold           #
2024-12-01 23:15:47,252 INFO _main.py 41:: #                     n_attacker_backdoor: 0                   #
2024-12-01 23:15:47,252 INFO _main.py 41:: #                        backdoor_trigger: [0, 0, 1, 1]        #
2024-12-01 23:15:47,252 INFO _main.py 41:: #                   n_attacker_omniscient: 0                   #
2024-12-01 23:15:47,253 INFO _main.py 41:: #                        omniscient_scale: 1                   #
2024-12-01 23:15:47,253 INFO _main.py 41:: #                                 attacks: None                #
2024-12-01 23:15:47,253 INFO _main.py 41:: #                      save_model_weights: False               #
2024-12-01 23:15:47,253 INFO _main.py 41:: #                         experiment_name: sExp4Ba_40ep_rockburst_foolsgold_40C_5#
2024-12-01 23:15:47,253 INFO _main.py 41:: #                          path_to_aggNet: None                #
2024-12-01 23:15:47,253 INFO _main.py 41:: #                                  device: cpu                 #
2024-12-01 23:15:47,253 INFO _main.py 41:: #                            inner_epochs: 20                  #
2024-12-01 23:15:47,254 INFO _main.py 41:: #                                 verbose: True                #
2024-12-01 23:15:47,254 INFO _main.py 41:: #                         list_unreliable: [2, 18, 20]         #
2024-12-01 23:15:47,254 INFO _main.py 41:: #                     unreliable_fraction: 0.5                 #
2024-12-01 23:15:47,254 INFO _main.py 41:: #                    unreliable_fracTrain: 0.3                 #
2024-12-01 23:15:47,254 INFO _main.py 41:: #                         mean_unreliable: 0.0                 #
2024-12-01 23:15:47,254 INFO _main.py 41:: #                             blur_method: add_noise           #
2024-12-01 23:15:47,255 INFO _main.py 41:: #                      max_std_unreliable: 30.0                #
2024-12-01 23:15:47,255 INFO _main.py 41:: #                     list_uatk_add_noise: [24, 25, 26]        #
2024-12-01 23:15:47,255 INFO _main.py 41:: #                          mean_add_noise: 0.0                 #
2024-12-01 23:15:47,255 INFO _main.py 41:: #                           std_add_noise: 0.01                #
2024-12-01 23:15:47,255 INFO _main.py 41:: #                     list_uatk_flip_sign: [0, 10, 11]         #
2024-12-01 23:15:47,255 INFO _main.py 42:: ################################################################
2024-12-01 23:15:47,256 INFO _main.py 43:: Namespace(batch_size=64, test_batch_size=32, epochs=5, optimizer='SGD', lr=0.01, momentum=0.9, weight_decay=0.0001, seed=1, log_interval=11, num_clients=40, output_folder='experiments', dataset='rockburst', loader_type='dirichlet', loader_path='./data/loader.pk', AR='foolsgold', n_attacker_backdoor=0, backdoor_trigger=[0, 0, 1, 1], n_attacker_omniscient=0, omniscient_scale=1, attacks=None, save_model_weights=False, experiment_name='sExp4Ba_40ep_rockburst_foolsgold_40C_5', path_to_aggNet=None, device='cpu', inner_epochs=20, verbose=True, list_unreliable=[2, 18, 20], unreliable_fraction=0.5, unreliable_fracTrain=0.3, mean_unreliable=0.0, blur_method='add_noise', max_std_unreliable=30.0, list_uatk_add_noise=[24, 25, 26], mean_add_noise=0.0, std_add_noise=0.01, list_uatk_flip_sign=[0, 10, 11])
2024-12-01 23:15:47,257 INFO _main.py 44:: #####################
2024-12-01 23:15:47,258 INFO _main.py 45:: #####################
2024-12-01 23:15:47,258 INFO _main.py 46:: #####################
2024-12-01 23:15:47,258 INFO _main.py 47:: Aggregation Rule:	foolsgold
2024-12-01 23:15:47,258 INFO _main.py 48:: Data distribution:	dirichlet
2024-12-01 23:15:47,258 INFO _main.py 49:: Attacks:	None 
2024-12-01 23:15:47,258 INFO _main.py 50:: #####################
2024-12-01 23:15:47,258 INFO _main.py 51:: #####################
2024-12-01 23:15:47,259 INFO _main.py 52:: #####################
2024-12-01 23:15:49,337 INFO server.py 366:: SET DBSCAN eps=1.3, min_samples=10
2024-12-01 23:15:49,340 INFO _main.py 135:: [1-normal, 0-malicious] label =tensor([0., 1., 1., 1., 1., 1., 1., 1., 1., 1., 0., 0., 1., 1., 1., 1., 1., 1.,
        1., 1., 1., 1., 1., 1., 0., 0., 0., 1., 1., 1., 1., 1., 1., 1., 1., 1.,
        1., 1., 1., 1.])
2024-12-01 23:15:49,346 INFO malicious_clients.py 123:: init ATTACK OMNISCIENT Client 0
2024-12-01 23:15:49,350 INFO malicious_clients.py 18:: init UNRELIABLE Client 2
2024-12-01 23:15:49,381 INFO malicious_clients.py 123:: init ATTACK OMNISCIENT Client 10
2024-12-01 23:15:49,384 INFO malicious_clients.py 123:: init ATTACK OMNISCIENT Client 11
2024-12-01 23:15:49,406 INFO malicious_clients.py 18:: init UNRELIABLE Client 18
2024-12-01 23:15:49,413 INFO malicious_clients.py 18:: init UNRELIABLE Client 20
2024-12-01 23:15:49,430 INFO malicious_clients.py 73:: init ATTACK ADD NOISE TO GRAD Client 24
2024-12-01 23:15:49,433 INFO malicious_clients.py 73:: init ATTACK ADD NOISE TO GRAD Client 25
2024-12-01 23:15:49,437 INFO malicious_clients.py 73:: init ATTACK ADD NOISE TO GRAD Client 26
2024-12-01 23:15:49,487 INFO server.py 211:: [Server] Start testing
2024-12-01 23:15:49,505 INFO server.py 235:: [Server] Test set: Average loss: 1.3864, Accuracy: 50/200 (25.0%)

2024-12-01 23:15:49,506 INFO server.py 238:: [Sever] Confusion matrix:
 tensor([[50.,  0.,  0.,  0.],
        [50.,  0.,  0.,  0.],
        [50.,  0.,  0.,  0.],
        [50.,  0.,  0.,  0.]])
2024-12-01 23:15:49,512 INFO server.py 254:: [Server] Precision=[0.25  nan  nan  nan],
 Recall=[1. 0. 0. 0.],
 F1-score=[0.4 nan nan nan],
 my_accuracy=25.0[%]
2024-12-01 23:15:49,513 INFO _main.py 209:: ########EPOCH 0 ########
2024-12-01 23:15:49,514 INFO _main.py 210:: ###Model distribution###
2024-12-01 23:15:51,845 INFO server.py 1064:: clients' sizes=[1, 2, 1, 0, 0, 0, 2, 2, 0, 1, 0, 1, 2, 2, 2, 2, 1, 1, 2, 0, 1, 1, 1, 1, 1, 0, 1, 1, 1, 1, 2, 0, 2, 0, 1, 2, 1, 0, 2, 0], total=41
2024-12-01 23:15:51,923 INFO server.py 327:: [Server] The aggregation takes 0.489705 seconds.

2024-12-01 23:15:51,924 INFO server.py 211:: [Server] Start testing
2024-12-01 23:15:51,946 INFO server.py 235:: [Server] Test set: Average loss: 1.3821, Accuracy: 50/200 (25.0%)

2024-12-01 23:15:51,947 INFO server.py 238:: [Sever] Confusion matrix:
 tensor([[50.,  0.,  0.,  0.],
        [50.,  0.,  0.,  0.],
        [50.,  0.,  0.,  0.],
        [50.,  0.,  0.,  0.]])
2024-12-01 23:15:51,949 INFO server.py 254:: [Server] Precision=[0.25  nan  nan  nan],
 Recall=[1. 0. 0. 0.],
 F1-score=[0.4 nan nan nan],
 my_accuracy=25.0[%]
2024-12-01 23:15:51,949 INFO _main.py 209:: ########EPOCH 1 ########
2024-12-01 23:15:51,950 INFO _main.py 210:: ###Model distribution###
2024-12-01 23:15:53,729 INFO server.py 1064:: clients' sizes=[1, 2, 1, 0, 0, 0, 2, 2, 0, 1, 0, 1, 2, 2, 2, 2, 1, 1, 2, 0, 1, 1, 1, 1, 1, 0, 1, 1, 1, 1, 2, 0, 2, 0, 1, 2, 1, 0, 2, 0], total=41
2024-12-01 23:15:53,752 INFO server.py 327:: [Server] The aggregation takes 0.024073 seconds.

2024-12-01 23:15:53,754 INFO server.py 211:: [Server] Start testing
2024-12-01 23:15:53,773 INFO server.py 235:: [Server] Test set: Average loss: 1.3786, Accuracy: 50/200 (25.0%)

2024-12-01 23:15:53,774 INFO server.py 238:: [Sever] Confusion matrix:
 tensor([[50.,  0.,  0.,  0.],
        [50.,  0.,  0.,  0.],
        [50.,  0.,  0.,  0.],
        [50.,  0.,  0.,  0.]])
2024-12-01 23:15:53,776 INFO server.py 254:: [Server] Precision=[0.25  nan  nan  nan],
 Recall=[1. 0. 0. 0.],
 F1-score=[0.4 nan nan nan],
 my_accuracy=25.0[%]
2024-12-01 23:15:53,777 INFO _main.py 209:: ########EPOCH 2 ########
2024-12-01 23:15:53,777 INFO _main.py 210:: ###Model distribution###
2024-12-01 23:15:55,538 INFO server.py 1064:: clients' sizes=[1, 2, 1, 0, 0, 0, 2, 2, 0, 1, 0, 1, 2, 2, 2, 2, 1, 1, 2, 0, 1, 1, 1, 1, 1, 0, 1, 1, 1, 1, 2, 0, 2, 0, 1, 2, 1, 0, 2, 0], total=41
2024-12-01 23:15:55,561 INFO server.py 327:: [Server] The aggregation takes 0.024644 seconds.

2024-12-01 23:15:55,564 INFO server.py 211:: [Server] Start testing
2024-12-01 23:15:55,582 INFO server.py 235:: [Server] Test set: Average loss: 1.3776, Accuracy: 50/200 (25.0%)

2024-12-01 23:15:55,584 INFO server.py 238:: [Sever] Confusion matrix:
 tensor([[50.,  0.,  0.,  0.],
        [50.,  0.,  0.,  0.],
        [50.,  0.,  0.,  0.],
        [50.,  0.,  0.,  0.]])
2024-12-01 23:15:55,586 INFO server.py 254:: [Server] Precision=[0.25  nan  nan  nan],
 Recall=[1. 0. 0. 0.],
 F1-score=[0.4 nan nan nan],
 my_accuracy=25.0[%]
2024-12-01 23:15:55,586 INFO _main.py 209:: ########EPOCH 3 ########
2024-12-01 23:15:55,587 INFO _main.py 210:: ###Model distribution###
2024-12-01 23:15:57,352 INFO server.py 1064:: clients' sizes=[1, 2, 1, 0, 0, 0, 2, 2, 0, 1, 0, 1, 2, 2, 2, 2, 1, 1, 2, 0, 1, 1, 1, 1, 1, 0, 1, 1, 1, 1, 2, 0, 2, 0, 1, 2, 1, 0, 2, 0], total=41
2024-12-01 23:15:57,377 INFO server.py 327:: [Server] The aggregation takes 0.026163 seconds.

2024-12-01 23:15:57,379 INFO server.py 211:: [Server] Start testing
2024-12-01 23:15:57,403 INFO server.py 235:: [Server] Test set: Average loss: 1.3766, Accuracy: 50/200 (25.0%)

2024-12-01 23:15:57,404 INFO server.py 238:: [Sever] Confusion matrix:
 tensor([[50.,  0.,  0.,  0.],
        [50.,  0.,  0.,  0.],
        [50.,  0.,  0.,  0.],
        [50.,  0.,  0.,  0.]])
2024-12-01 23:15:57,406 INFO server.py 254:: [Server] Precision=[0.25  nan  nan  nan],
 Recall=[1. 0. 0. 0.],
 F1-score=[0.4 nan nan nan],
 my_accuracy=25.0[%]
2024-12-01 23:15:57,406 INFO _main.py 209:: ########EPOCH 4 ########
2024-12-01 23:15:57,407 INFO _main.py 210:: ###Model distribution###
2024-12-01 23:15:59,354 INFO server.py 1064:: clients' sizes=[1, 2, 1, 0, 0, 0, 2, 2, 0, 1, 0, 1, 2, 2, 2, 2, 1, 1, 2, 0, 1, 1, 1, 1, 1, 0, 1, 1, 1, 1, 2, 0, 2, 0, 1, 2, 1, 0, 2, 0], total=41
2024-12-01 23:15:59,388 INFO server.py 327:: [Server] The aggregation takes 0.036412 seconds.

2024-12-01 23:15:59,391 INFO server.py 211:: [Server] Start testing
2024-12-01 23:15:59,415 INFO server.py 235:: [Server] Test set: Average loss: 1.3749, Accuracy: 50/200 (25.0%)

2024-12-01 23:15:59,416 INFO server.py 238:: [Sever] Confusion matrix:
 tensor([[50.,  0.,  0.,  0.],
        [50.,  0.,  0.,  0.],
        [50.,  0.,  0.,  0.],
        [50.,  0.,  0.,  0.]])
2024-12-01 23:15:59,418 INFO server.py 254:: [Server] Precision=[0.25  nan  nan  nan],
 Recall=[1. 0. 0. 0.],
 F1-score=[0.4 nan nan nan],
 my_accuracy=25.0[%]
