2024-12-01 23:23:11,441 INFO _main.py 39:: ################################################################
2024-12-01 23:23:11,443 INFO _main.py 41:: #                              batch_size: 64                  #
2024-12-01 23:23:11,444 INFO _main.py 41:: #                         test_batch_size: 32                  #
2024-12-01 23:23:11,446 INFO _main.py 41:: #                                  epochs: 10                  #
2024-12-01 23:23:11,447 INFO _main.py 41:: #                               optimizer: SGD                 #
2024-12-01 23:23:11,448 INFO _main.py 41:: #                                      lr: 0.01                #
2024-12-01 23:23:11,448 INFO _main.py 41:: #                                momentum: 0.9                 #
2024-12-01 23:23:11,449 INFO _main.py 41:: #                            weight_decay: 0.0001              #
2024-12-01 23:23:11,449 INFO _main.py 41:: #                                    seed: 1                   #
2024-12-01 23:23:11,449 INFO _main.py 41:: #                            log_interval: 11                  #
2024-12-01 23:23:11,450 INFO _main.py 41:: #                             num_clients: 40                  #
2024-12-01 23:23:11,450 INFO _main.py 41:: #                           output_folder: experiments         #
2024-12-01 23:23:11,450 INFO _main.py 41:: #                                 dataset: rockburst           #
2024-12-01 23:23:11,450 INFO _main.py 41:: #                             loader_type: dirichlet           #
2024-12-01 23:23:11,451 INFO _main.py 41:: #                             loader_path: ./data/loader.pk    #
2024-12-01 23:23:11,451 INFO _main.py 41:: #                                      AR: foolsgold           #
2024-12-01 23:23:11,451 INFO _main.py 41:: #                     n_attacker_backdoor: 0                   #
2024-12-01 23:23:11,452 INFO _main.py 41:: #                        backdoor_trigger: [0, 0, 1, 1]        #
2024-12-01 23:23:11,452 INFO _main.py 41:: #                   n_attacker_omniscient: 0                   #
2024-12-01 23:23:11,452 INFO _main.py 41:: #                        omniscient_scale: 1                   #
2024-12-01 23:23:11,453 INFO _main.py 41:: #                                 attacks: None                #
2024-12-01 23:23:11,453 INFO _main.py 41:: #                      save_model_weights: False               #
2024-12-01 23:23:11,453 INFO _main.py 41:: #                         experiment_name: sExp4Ba_40ep_rockburst_foolsgold_40C_5#
2024-12-01 23:23:11,454 INFO _main.py 41:: #                          path_to_aggNet: None                #
2024-12-01 23:23:11,454 INFO _main.py 41:: #                                  device: cpu                 #
2024-12-01 23:23:11,454 INFO _main.py 41:: #                            inner_epochs: 20                  #
2024-12-01 23:23:11,454 INFO _main.py 41:: #                                 verbose: True                #
2024-12-01 23:23:11,455 INFO _main.py 41:: #                         list_unreliable: [2, 18, 20]         #
2024-12-01 23:23:11,455 INFO _main.py 41:: #                     unreliable_fraction: 0.5                 #
2024-12-01 23:23:11,455 INFO _main.py 41:: #                    unreliable_fracTrain: 0.3                 #
2024-12-01 23:23:11,455 INFO _main.py 41:: #                         mean_unreliable: 0.0                 #
2024-12-01 23:23:11,456 INFO _main.py 41:: #                             blur_method: add_noise           #
2024-12-01 23:23:11,456 INFO _main.py 41:: #                      max_std_unreliable: 30.0                #
2024-12-01 23:23:11,457 INFO _main.py 41:: #                     list_uatk_add_noise: [24, 25, 26]        #
2024-12-01 23:23:11,457 INFO _main.py 41:: #                          mean_add_noise: 0.0                 #
2024-12-01 23:23:11,457 INFO _main.py 41:: #                           std_add_noise: 0.01                #
2024-12-01 23:23:11,458 INFO _main.py 41:: #                     list_uatk_flip_sign: [0, 10, 11]         #
2024-12-01 23:23:11,458 INFO _main.py 42:: ################################################################
2024-12-01 23:23:11,458 INFO _main.py 43:: Namespace(batch_size=64, test_batch_size=32, epochs=10, optimizer='SGD', lr=0.01, momentum=0.9, weight_decay=0.0001, seed=1, log_interval=11, num_clients=40, output_folder='experiments', dataset='rockburst', loader_type='dirichlet', loader_path='./data/loader.pk', AR='foolsgold', n_attacker_backdoor=0, backdoor_trigger=[0, 0, 1, 1], n_attacker_omniscient=0, omniscient_scale=1, attacks=None, save_model_weights=False, experiment_name='sExp4Ba_40ep_rockburst_foolsgold_40C_5', path_to_aggNet=None, device='cpu', inner_epochs=20, verbose=True, list_unreliable=[2, 18, 20], unreliable_fraction=0.5, unreliable_fracTrain=0.3, mean_unreliable=0.0, blur_method='add_noise', max_std_unreliable=30.0, list_uatk_add_noise=[24, 25, 26], mean_add_noise=0.0, std_add_noise=0.01, list_uatk_flip_sign=[0, 10, 11])
2024-12-01 23:23:11,459 INFO _main.py 44:: #####################
2024-12-01 23:23:11,459 INFO _main.py 45:: #####################
2024-12-01 23:23:11,459 INFO _main.py 46:: #####################
2024-12-01 23:23:11,460 INFO _main.py 47:: Aggregation Rule:	foolsgold
2024-12-01 23:23:11,460 INFO _main.py 48:: Data distribution:	dirichlet
2024-12-01 23:23:11,460 INFO _main.py 49:: Attacks:	None 
2024-12-01 23:23:11,460 INFO _main.py 50:: #####################
2024-12-01 23:23:11,460 INFO _main.py 51:: #####################
2024-12-01 23:23:11,460 INFO _main.py 52:: #####################
2024-12-01 23:23:13,618 INFO server.py 366:: SET DBSCAN eps=1.3, min_samples=10
2024-12-01 23:23:13,622 INFO _main.py 135:: [1-normal, 0-malicious] label =tensor([0., 1., 1., 1., 1., 1., 1., 1., 1., 1., 0., 0., 1., 1., 1., 1., 1., 1.,
        1., 1., 1., 1., 1., 1., 0., 0., 0., 1., 1., 1., 1., 1., 1., 1., 1., 1.,
        1., 1., 1., 1.])
2024-12-01 23:23:13,629 INFO malicious_clients.py 123:: init ATTACK OMNISCIENT Client 0
2024-12-01 23:23:13,635 INFO malicious_clients.py 18:: init UNRELIABLE Client 2
2024-12-01 23:23:13,679 INFO malicious_clients.py 123:: init ATTACK OMNISCIENT Client 10
2024-12-01 23:23:13,685 INFO malicious_clients.py 123:: init ATTACK OMNISCIENT Client 11
2024-12-01 23:23:13,718 INFO malicious_clients.py 18:: init UNRELIABLE Client 18
2024-12-01 23:23:13,729 INFO malicious_clients.py 18:: init UNRELIABLE Client 20
2024-12-01 23:23:13,753 INFO malicious_clients.py 73:: init ATTACK ADD NOISE TO GRAD Client 24
2024-12-01 23:23:13,758 INFO malicious_clients.py 73:: init ATTACK ADD NOISE TO GRAD Client 25
2024-12-01 23:23:13,766 INFO malicious_clients.py 73:: init ATTACK ADD NOISE TO GRAD Client 26
2024-12-01 23:23:13,844 INFO server.py 211:: [Server] Start testing
2024-12-01 23:23:13,866 INFO server.py 235:: [Server] Test set: Average loss: 1.3864, Accuracy: 50/200 (25.0%)

2024-12-01 23:23:13,867 INFO server.py 238:: [Sever] Confusion matrix:
 tensor([[50.,  0.,  0.,  0.],
        [50.,  0.,  0.,  0.],
        [50.,  0.,  0.,  0.],
        [50.,  0.,  0.,  0.]])
2024-12-01 23:23:13,874 INFO server.py 254:: [Server] Precision=[0.25  nan  nan  nan],
 Recall=[1. 0. 0. 0.],
 F1-score=[0.4 nan nan nan],
 my_accuracy=25.0[%]
2024-12-01 23:23:13,875 INFO _main.py 209:: ########EPOCH 0 ########
2024-12-01 23:23:13,876 INFO _main.py 210:: ###Model distribution###
2024-12-01 23:23:16,542 INFO server.py 1064:: clients' sizes=[1, 2, 1, 0, 0, 0, 2, 2, 0, 1, 0, 1, 2, 2, 2, 2, 1, 1, 2, 0, 1, 1, 1, 1, 1, 0, 1, 1, 1, 1, 2, 0, 2, 0, 1, 2, 1, 0, 2, 0], total=41
2024-12-01 23:23:16,581 INFO server.py 327:: [Server] The aggregation takes 0.048966 seconds.

2024-12-01 23:23:16,583 INFO server.py 211:: [Server] Start testing
2024-12-01 23:23:16,603 INFO server.py 235:: [Server] Test set: Average loss: 1.3821, Accuracy: 50/200 (25.0%)

2024-12-01 23:23:16,604 INFO server.py 238:: [Sever] Confusion matrix:
 tensor([[50.,  0.,  0.,  0.],
        [50.,  0.,  0.,  0.],
        [50.,  0.,  0.,  0.],
        [50.,  0.,  0.,  0.]])
2024-12-01 23:23:16,606 INFO server.py 254:: [Server] Precision=[0.25  nan  nan  nan],
 Recall=[1. 0. 0. 0.],
 F1-score=[0.4 nan nan nan],
 my_accuracy=25.0[%]
2024-12-01 23:23:16,607 INFO _main.py 209:: ########EPOCH 1 ########
2024-12-01 23:23:16,608 INFO _main.py 210:: ###Model distribution###
2024-12-01 23:23:18,768 INFO server.py 1064:: clients' sizes=[1, 2, 1, 0, 0, 0, 2, 2, 0, 1, 0, 1, 2, 2, 2, 2, 1, 1, 2, 0, 1, 1, 1, 1, 1, 0, 1, 1, 1, 1, 2, 0, 2, 0, 1, 2, 1, 0, 2, 0], total=41
2024-12-01 23:23:18,791 INFO server.py 327:: [Server] The aggregation takes 0.024795 seconds.

2024-12-01 23:23:18,794 INFO server.py 211:: [Server] Start testing
2024-12-01 23:23:18,813 INFO server.py 235:: [Server] Test set: Average loss: 1.3786, Accuracy: 50/200 (25.0%)

2024-12-01 23:23:18,815 INFO server.py 238:: [Sever] Confusion matrix:
 tensor([[50.,  0.,  0.,  0.],
        [50.,  0.,  0.,  0.],
        [50.,  0.,  0.,  0.],
        [50.,  0.,  0.,  0.]])
2024-12-01 23:23:18,817 INFO server.py 254:: [Server] Precision=[0.25  nan  nan  nan],
 Recall=[1. 0. 0. 0.],
 F1-score=[0.4 nan nan nan],
 my_accuracy=25.0[%]
2024-12-01 23:23:18,817 INFO _main.py 209:: ########EPOCH 2 ########
2024-12-01 23:23:18,818 INFO _main.py 210:: ###Model distribution###
2024-12-01 23:23:20,657 INFO server.py 1064:: clients' sizes=[1, 2, 1, 0, 0, 0, 2, 2, 0, 1, 0, 1, 2, 2, 2, 2, 1, 1, 2, 0, 1, 1, 1, 1, 1, 0, 1, 1, 1, 1, 2, 0, 2, 0, 1, 2, 1, 0, 2, 0], total=41
2024-12-01 23:23:20,681 INFO server.py 327:: [Server] The aggregation takes 0.025687 seconds.

2024-12-01 23:23:20,683 INFO server.py 211:: [Server] Start testing
2024-12-01 23:23:20,705 INFO server.py 235:: [Server] Test set: Average loss: 1.3776, Accuracy: 50/200 (25.0%)

2024-12-01 23:23:20,707 INFO server.py 238:: [Sever] Confusion matrix:
 tensor([[50.,  0.,  0.,  0.],
        [50.,  0.,  0.,  0.],
        [50.,  0.,  0.,  0.],
        [50.,  0.,  0.,  0.]])
2024-12-01 23:23:20,708 INFO server.py 254:: [Server] Precision=[0.25  nan  nan  nan],
 Recall=[1. 0. 0. 0.],
 F1-score=[0.4 nan nan nan],
 my_accuracy=25.0[%]
2024-12-01 23:23:20,709 INFO _main.py 209:: ########EPOCH 3 ########
2024-12-01 23:23:20,710 INFO _main.py 210:: ###Model distribution###
2024-12-01 23:23:22,605 INFO server.py 1064:: clients' sizes=[1, 2, 1, 0, 0, 0, 2, 2, 0, 1, 0, 1, 2, 2, 2, 2, 1, 1, 2, 0, 1, 1, 1, 1, 1, 0, 1, 1, 1, 1, 2, 0, 2, 0, 1, 2, 1, 0, 2, 0], total=41
2024-12-01 23:23:22,630 INFO server.py 327:: [Server] The aggregation takes 0.026412 seconds.

2024-12-01 23:23:22,633 INFO server.py 211:: [Server] Start testing
2024-12-01 23:23:22,652 INFO server.py 235:: [Server] Test set: Average loss: 1.3766, Accuracy: 50/200 (25.0%)

2024-12-01 23:23:22,653 INFO server.py 238:: [Sever] Confusion matrix:
 tensor([[50.,  0.,  0.,  0.],
        [50.,  0.,  0.,  0.],
        [50.,  0.,  0.,  0.],
        [50.,  0.,  0.,  0.]])
2024-12-01 23:23:22,655 INFO server.py 254:: [Server] Precision=[0.25  nan  nan  nan],
 Recall=[1. 0. 0. 0.],
 F1-score=[0.4 nan nan nan],
 my_accuracy=25.0[%]
2024-12-01 23:23:22,656 INFO _main.py 209:: ########EPOCH 4 ########
2024-12-01 23:23:22,656 INFO _main.py 210:: ###Model distribution###
2024-12-01 23:23:24,535 INFO server.py 1064:: clients' sizes=[1, 2, 1, 0, 0, 0, 2, 2, 0, 1, 0, 1, 2, 2, 2, 2, 1, 1, 2, 0, 1, 1, 1, 1, 1, 0, 1, 1, 1, 1, 2, 0, 2, 0, 1, 2, 1, 0, 2, 0], total=41
2024-12-01 23:23:24,558 INFO server.py 327:: [Server] The aggregation takes 0.024687 seconds.

2024-12-01 23:23:24,563 INFO server.py 211:: [Server] Start testing
2024-12-01 23:23:24,599 INFO server.py 235:: [Server] Test set: Average loss: 1.3749, Accuracy: 50/200 (25.0%)

2024-12-01 23:23:24,601 INFO server.py 238:: [Sever] Confusion matrix:
 tensor([[50.,  0.,  0.,  0.],
        [50.,  0.,  0.,  0.],
        [50.,  0.,  0.,  0.],
        [50.,  0.,  0.,  0.]])
2024-12-01 23:23:24,603 INFO server.py 254:: [Server] Precision=[0.25  nan  nan  nan],
 Recall=[1. 0. 0. 0.],
 F1-score=[0.4 nan nan nan],
 my_accuracy=25.0[%]
2024-12-01 23:23:24,604 INFO _main.py 209:: ########EPOCH 5 ########
2024-12-01 23:23:24,605 INFO _main.py 210:: ###Model distribution###
2024-12-01 23:23:26,519 INFO server.py 1064:: clients' sizes=[1, 2, 1, 0, 0, 0, 2, 2, 0, 1, 0, 1, 2, 2, 2, 2, 1, 1, 2, 0, 1, 1, 1, 1, 1, 0, 1, 1, 1, 1, 2, 0, 2, 0, 1, 2, 1, 0, 2, 0], total=41
2024-12-01 23:23:26,545 INFO server.py 327:: [Server] The aggregation takes 0.026960 seconds.

2024-12-01 23:23:26,548 INFO server.py 211:: [Server] Start testing
2024-12-01 23:23:26,568 INFO server.py 235:: [Server] Test set: Average loss: 1.3731, Accuracy: 50/200 (25.0%)

2024-12-01 23:23:26,570 INFO server.py 238:: [Sever] Confusion matrix:
 tensor([[50.,  0.,  0.,  0.],
        [50.,  0.,  0.,  0.],
        [50.,  0.,  0.,  0.],
        [50.,  0.,  0.,  0.]])
2024-12-01 23:23:26,572 INFO server.py 254:: [Server] Precision=[0.25  nan  nan  nan],
 Recall=[1. 0. 0. 0.],
 F1-score=[0.4 nan nan nan],
 my_accuracy=25.0[%]
2024-12-01 23:23:26,572 INFO _main.py 209:: ########EPOCH 6 ########
2024-12-01 23:23:26,573 INFO _main.py 210:: ###Model distribution###
2024-12-01 23:23:29,366 INFO server.py 1064:: clients' sizes=[1, 2, 1, 0, 0, 0, 2, 2, 0, 1, 0, 1, 2, 2, 2, 2, 1, 1, 2, 0, 1, 1, 1, 1, 1, 0, 1, 1, 1, 1, 2, 0, 2, 0, 1, 2, 1, 0, 2, 0], total=41
2024-12-01 23:23:29,409 INFO server.py 327:: [Server] The aggregation takes 0.045123 seconds.

2024-12-01 23:23:29,417 INFO server.py 211:: [Server] Start testing
2024-12-01 23:23:29,462 INFO server.py 235:: [Server] Test set: Average loss: 1.3713, Accuracy: 50/200 (25.0%)

2024-12-01 23:23:29,467 INFO server.py 238:: [Sever] Confusion matrix:
 tensor([[50.,  0.,  0.,  0.],
        [50.,  0.,  0.,  0.],
        [50.,  0.,  0.,  0.],
        [50.,  0.,  0.,  0.]])
2024-12-01 23:23:29,471 INFO server.py 254:: [Server] Precision=[0.25  nan  nan  nan],
 Recall=[1. 0. 0. 0.],
 F1-score=[0.4 nan nan nan],
 my_accuracy=25.0[%]
2024-12-01 23:23:29,473 INFO _main.py 209:: ########EPOCH 7 ########
2024-12-01 23:23:29,474 INFO _main.py 210:: ###Model distribution###
2024-12-01 23:23:32,488 INFO server.py 1064:: clients' sizes=[1, 2, 1, 0, 0, 0, 2, 2, 0, 1, 0, 1, 2, 2, 2, 2, 1, 1, 2, 0, 1, 1, 1, 1, 1, 0, 1, 1, 1, 1, 2, 0, 2, 0, 1, 2, 1, 0, 2, 0], total=41
2024-12-01 23:23:32,530 INFO server.py 327:: [Server] The aggregation takes 0.043522 seconds.

2024-12-01 23:23:32,540 INFO server.py 211:: [Server] Start testing
2024-12-01 23:23:32,587 INFO server.py 235:: [Server] Test set: Average loss: 1.3706, Accuracy: 50/200 (25.0%)

2024-12-01 23:23:32,591 INFO server.py 238:: [Sever] Confusion matrix:
 tensor([[50.,  0.,  0.,  0.],
        [50.,  0.,  0.,  0.],
        [50.,  0.,  0.,  0.],
        [50.,  0.,  0.,  0.]])
2024-12-01 23:23:32,595 INFO server.py 254:: [Server] Precision=[0.25  nan  nan  nan],
 Recall=[1. 0. 0. 0.],
 F1-score=[0.4 nan nan nan],
 my_accuracy=25.0[%]
2024-12-01 23:23:32,597 INFO _main.py 209:: ########EPOCH 8 ########
2024-12-01 23:23:32,598 INFO _main.py 210:: ###Model distribution###
2024-12-01 23:23:34,908 INFO server.py 1064:: clients' sizes=[1, 2, 1, 0, 0, 0, 2, 2, 0, 1, 0, 1, 2, 2, 2, 2, 1, 1, 2, 0, 1, 1, 1, 1, 1, 0, 1, 1, 1, 1, 2, 0, 2, 0, 1, 2, 1, 0, 2, 0], total=41
2024-12-01 23:23:34,933 INFO server.py 327:: [Server] The aggregation takes 0.026819 seconds.

2024-12-01 23:23:34,936 INFO server.py 211:: [Server] Start testing
2024-12-01 23:23:34,957 INFO server.py 235:: [Server] Test set: Average loss: 1.3682, Accuracy: 50/200 (25.0%)

2024-12-01 23:23:34,961 INFO server.py 238:: [Sever] Confusion matrix:
 tensor([[50.,  0.,  0.,  0.],
        [50.,  0.,  0.,  0.],
        [50.,  0.,  0.,  0.],
        [50.,  0.,  0.,  0.]])
2024-12-01 23:23:34,968 INFO server.py 254:: [Server] Precision=[0.25  nan  nan  nan],
 Recall=[1. 0. 0. 0.],
 F1-score=[0.4 nan nan nan],
 my_accuracy=25.0[%]
2024-12-01 23:23:34,969 INFO _main.py 209:: ########EPOCH 9 ########
2024-12-01 23:23:34,970 INFO _main.py 210:: ###Model distribution###
2024-12-01 23:23:37,012 INFO server.py 1064:: clients' sizes=[1, 2, 1, 0, 0, 0, 2, 2, 0, 1, 0, 1, 2, 2, 2, 2, 1, 1, 2, 0, 1, 1, 1, 1, 1, 0, 1, 1, 1, 1, 2, 0, 2, 0, 1, 2, 1, 0, 2, 0], total=41
2024-12-01 23:23:37,053 INFO server.py 327:: [Server] The aggregation takes 0.042271 seconds.

2024-12-01 23:23:37,058 INFO server.py 211:: [Server] Start testing
2024-12-01 23:23:37,111 INFO server.py 235:: [Server] Test set: Average loss: 1.3658, Accuracy: 53/200 (26.5%)

2024-12-01 23:23:37,115 INFO server.py 238:: [Sever] Confusion matrix:
 tensor([[50.,  0.,  0.,  0.],
        [50.,  0.,  0.,  0.],
        [47.,  0.,  3.,  0.],
        [50.,  0.,  0.,  0.]])
2024-12-01 23:23:37,121 INFO server.py 254:: [Server] Precision=[0.2538071       nan 1.              nan],
 Recall=[1.   0.   0.06 0.  ],
 F1-score=[0.4048583         nan 0.11320755        nan],
 my_accuracy=26.499998569488525[%]
