2024-12-02 00:04:19,441 INFO _main.py 39:: ################################################################
2024-12-02 00:04:19,442 INFO _main.py 41:: #                              batch_size: 64                  #
2024-12-02 00:04:19,443 INFO _main.py 41:: #                         test_batch_size: 32                  #
2024-12-02 00:04:19,443 INFO _main.py 41:: #                                  epochs: 25                  #
2024-12-02 00:04:19,443 INFO _main.py 41:: #                               optimizer: SGD                 #
2024-12-02 00:04:19,443 INFO _main.py 41:: #                                      lr: 0.01                #
2024-12-02 00:04:19,443 INFO _main.py 41:: #                                momentum: 0.9                 #
2024-12-02 00:04:19,444 INFO _main.py 41:: #                            weight_decay: 0.0001              #
2024-12-02 00:04:19,444 INFO _main.py 41:: #                                    seed: 1                   #
2024-12-02 00:04:19,444 INFO _main.py 41:: #                            log_interval: 11                  #
2024-12-02 00:04:19,445 INFO _main.py 41:: #                             num_clients: 40                  #
2024-12-02 00:04:19,445 INFO _main.py 41:: #                           output_folder: experiments         #
2024-12-02 00:04:19,445 INFO _main.py 41:: #                                 dataset: rockburst           #
2024-12-02 00:04:19,445 INFO _main.py 41:: #                             loader_type: dirichlet           #
2024-12-02 00:04:19,446 INFO _main.py 41:: #                             loader_path: ./data/loader.pk    #
2024-12-02 00:04:19,446 INFO _main.py 41:: #                                      AR: foolsgold           #
2024-12-02 00:04:19,446 INFO _main.py 41:: #                     n_attacker_backdoor: 0                   #
2024-12-02 00:04:19,447 INFO _main.py 41:: #                        backdoor_trigger: [0, 0, 1, 1]        #
2024-12-02 00:04:19,447 INFO _main.py 41:: #                   n_attacker_omniscient: 0                   #
2024-12-02 00:04:19,447 INFO _main.py 41:: #                        omniscient_scale: 1                   #
2024-12-02 00:04:19,448 INFO _main.py 41:: #                                 attacks: None                #
2024-12-02 00:04:19,448 INFO _main.py 41:: #                      save_model_weights: False               #
2024-12-02 00:04:19,448 INFO _main.py 41:: #                         experiment_name: sExp4Ba_40ep_rockburst_foolsgold_40C_5#
2024-12-02 00:04:19,448 INFO _main.py 41:: #                          path_to_aggNet: None                #
2024-12-02 00:04:19,448 INFO _main.py 41:: #                                  device: cpu                 #
2024-12-02 00:04:19,448 INFO _main.py 41:: #                            inner_epochs: 30                  #
2024-12-02 00:04:19,449 INFO _main.py 41:: #                                 verbose: True                #
2024-12-02 00:04:19,449 INFO _main.py 41:: #                         list_unreliable: [2, 18, 20]         #
2024-12-02 00:04:19,449 INFO _main.py 41:: #                     unreliable_fraction: 0.5                 #
2024-12-02 00:04:19,450 INFO _main.py 41:: #                    unreliable_fracTrain: 0.3                 #
2024-12-02 00:04:19,450 INFO _main.py 41:: #                         mean_unreliable: 0.0                 #
2024-12-02 00:04:19,450 INFO _main.py 41:: #                             blur_method: add_noise           #
2024-12-02 00:04:19,450 INFO _main.py 41:: #                      max_std_unreliable: 30.0                #
2024-12-02 00:04:19,451 INFO _main.py 41:: #                     list_uatk_add_noise: [24, 25, 26]        #
2024-12-02 00:04:19,451 INFO _main.py 41:: #                          mean_add_noise: 0.0                 #
2024-12-02 00:04:19,451 INFO _main.py 41:: #                           std_add_noise: 0.01                #
2024-12-02 00:04:19,451 INFO _main.py 41:: #                     list_uatk_flip_sign: [0, 10, 11]         #
2024-12-02 00:04:19,451 INFO _main.py 42:: ################################################################
2024-12-02 00:04:19,451 INFO _main.py 43:: Namespace(batch_size=64, test_batch_size=32, epochs=25, optimizer='SGD', lr=0.01, momentum=0.9, weight_decay=0.0001, seed=1, log_interval=11, num_clients=40, output_folder='experiments', dataset='rockburst', loader_type='dirichlet', loader_path='./data/loader.pk', AR='foolsgold', n_attacker_backdoor=0, backdoor_trigger=[0, 0, 1, 1], n_attacker_omniscient=0, omniscient_scale=1, attacks=None, save_model_weights=False, experiment_name='sExp4Ba_40ep_rockburst_foolsgold_40C_5', path_to_aggNet=None, device='cpu', inner_epochs=30, verbose=True, list_unreliable=[2, 18, 20], unreliable_fraction=0.5, unreliable_fracTrain=0.3, mean_unreliable=0.0, blur_method='add_noise', max_std_unreliable=30.0, list_uatk_add_noise=[24, 25, 26], mean_add_noise=0.0, std_add_noise=0.01, list_uatk_flip_sign=[0, 10, 11])
2024-12-02 00:04:19,452 INFO _main.py 44:: #####################
2024-12-02 00:04:19,452 INFO _main.py 45:: #####################
2024-12-02 00:04:19,453 INFO _main.py 46:: #####################
2024-12-02 00:04:19,453 INFO _main.py 47:: Aggregation Rule:	foolsgold
2024-12-02 00:04:19,453 INFO _main.py 48:: Data distribution:	dirichlet
2024-12-02 00:04:19,453 INFO _main.py 49:: Attacks:	None 
2024-12-02 00:04:19,453 INFO _main.py 50:: #####################
2024-12-02 00:04:19,454 INFO _main.py 51:: #####################
2024-12-02 00:04:19,454 INFO _main.py 52:: #####################
2024-12-02 00:04:21,166 INFO server.py 366:: SET DBSCAN eps=1.3, min_samples=10
2024-12-02 00:04:21,169 INFO _main.py 135:: [1-normal, 0-malicious] label =tensor([0., 1., 1., 1., 1., 1., 1., 1., 1., 1., 0., 0., 1., 1., 1., 1., 1., 1.,
        1., 1., 1., 1., 1., 1., 0., 0., 0., 1., 1., 1., 1., 1., 1., 1., 1., 1.,
        1., 1., 1., 1.])
2024-12-02 00:04:21,177 INFO malicious_clients.py 123:: init ATTACK OMNISCIENT Client 0
2024-12-02 00:04:21,183 INFO malicious_clients.py 18:: init UNRELIABLE Client 2
2024-12-02 00:04:21,228 INFO malicious_clients.py 123:: init ATTACK OMNISCIENT Client 10
2024-12-02 00:04:21,233 INFO malicious_clients.py 123:: init ATTACK OMNISCIENT Client 11
2024-12-02 00:04:21,265 INFO malicious_clients.py 18:: init UNRELIABLE Client 18
2024-12-02 00:04:21,276 INFO malicious_clients.py 18:: init UNRELIABLE Client 20
2024-12-02 00:04:21,300 INFO malicious_clients.py 73:: init ATTACK ADD NOISE TO GRAD Client 24
2024-12-02 00:04:21,306 INFO malicious_clients.py 73:: init ATTACK ADD NOISE TO GRAD Client 25
2024-12-02 00:04:21,312 INFO malicious_clients.py 73:: init ATTACK ADD NOISE TO GRAD Client 26
2024-12-02 00:04:21,388 INFO server.py 211:: [Server] Start testing
2024-12-02 00:04:21,411 INFO server.py 235:: [Server] Test set: Average loss: 1.3864, Accuracy: 50/200 (25.0%)

2024-12-02 00:04:21,412 INFO server.py 238:: [Sever] Confusion matrix:
 tensor([[50.,  0.,  0.,  0.],
        [50.,  0.,  0.,  0.],
        [50.,  0.,  0.,  0.],
        [50.,  0.,  0.,  0.]])
2024-12-02 00:04:21,421 INFO server.py 254:: [Server] Precision=[0.25  nan  nan  nan],
 Recall=[1. 0. 0. 0.],
 F1-score=[0.4 nan nan nan],
 my_accuracy=25.0[%]
2024-12-02 00:04:21,424 INFO _main.py 209:: ########EPOCH 0 ########
2024-12-02 00:04:21,425 INFO _main.py 210:: ###Model distribution###
2024-12-02 00:04:25,280 INFO server.py 1064:: clients' sizes=[1, 2, 1, 0, 0, 0, 2, 2, 0, 1, 0, 1, 2, 2, 2, 2, 1, 1, 2, 0, 1, 1, 1, 1, 1, 0, 1, 1, 1, 1, 2, 0, 2, 0, 1, 2, 1, 0, 2, 0], total=41
2024-12-02 00:04:25,326 INFO server.py 327:: [Server] The aggregation takes 0.056169 seconds.

2024-12-02 00:04:25,332 INFO server.py 211:: [Server] Start testing
2024-12-02 00:04:25,378 INFO server.py 235:: [Server] Test set: Average loss: 1.3819, Accuracy: 50/200 (25.0%)

2024-12-02 00:04:25,383 INFO server.py 238:: [Sever] Confusion matrix:
 tensor([[50.,  0.,  0.,  0.],
        [50.,  0.,  0.,  0.],
        [50.,  0.,  0.,  0.],
        [50.,  0.,  0.,  0.]])
2024-12-02 00:04:25,387 INFO server.py 254:: [Server] Precision=[0.25  nan  nan  nan],
 Recall=[1. 0. 0. 0.],
 F1-score=[0.4 nan nan nan],
 my_accuracy=25.0[%]
2024-12-02 00:04:25,389 INFO _main.py 209:: ########EPOCH 1 ########
2024-12-02 00:04:25,390 INFO _main.py 210:: ###Model distribution###
2024-12-02 00:04:28,281 INFO server.py 1064:: clients' sizes=[1, 2, 1, 0, 0, 0, 2, 2, 0, 1, 0, 1, 2, 2, 2, 2, 1, 1, 2, 0, 1, 1, 1, 1, 1, 0, 1, 1, 1, 1, 2, 0, 2, 0, 1, 2, 1, 0, 2, 0], total=41
2024-12-02 00:04:28,304 INFO server.py 327:: [Server] The aggregation takes 0.023444 seconds.

2024-12-02 00:04:28,306 INFO server.py 211:: [Server] Start testing
2024-12-02 00:04:28,326 INFO server.py 235:: [Server] Test set: Average loss: 1.3768, Accuracy: 50/200 (25.0%)

2024-12-02 00:04:28,327 INFO server.py 238:: [Sever] Confusion matrix:
 tensor([[50.,  0.,  0.,  0.],
        [50.,  0.,  0.,  0.],
        [50.,  0.,  0.,  0.],
        [50.,  0.,  0.,  0.]])
2024-12-02 00:04:28,329 INFO server.py 254:: [Server] Precision=[0.25  nan  nan  nan],
 Recall=[1. 0. 0. 0.],
 F1-score=[0.4 nan nan nan],
 my_accuracy=25.0[%]
2024-12-02 00:04:28,329 INFO _main.py 209:: ########EPOCH 2 ########
2024-12-02 00:04:28,330 INFO _main.py 210:: ###Model distribution###
2024-12-02 00:04:30,809 INFO server.py 1064:: clients' sizes=[1, 2, 1, 0, 0, 0, 2, 2, 0, 1, 0, 1, 2, 2, 2, 2, 1, 1, 2, 0, 1, 1, 1, 1, 1, 0, 1, 1, 1, 1, 2, 0, 2, 0, 1, 2, 1, 0, 2, 0], total=41
2024-12-02 00:04:30,831 INFO server.py 327:: [Server] The aggregation takes 0.023458 seconds.

2024-12-02 00:04:30,834 INFO server.py 211:: [Server] Start testing
2024-12-02 00:04:30,852 INFO server.py 235:: [Server] Test set: Average loss: 1.3728, Accuracy: 50/200 (25.0%)

2024-12-02 00:04:30,854 INFO server.py 238:: [Sever] Confusion matrix:
 tensor([[50.,  0.,  0.,  0.],
        [50.,  0.,  0.,  0.],
        [50.,  0.,  0.,  0.],
        [50.,  0.,  0.,  0.]])
2024-12-02 00:04:30,855 INFO server.py 254:: [Server] Precision=[0.25  nan  nan  nan],
 Recall=[1. 0. 0. 0.],
 F1-score=[0.4 nan nan nan],
 my_accuracy=25.0[%]
2024-12-02 00:04:30,856 INFO _main.py 209:: ########EPOCH 3 ########
2024-12-02 00:04:30,857 INFO _main.py 210:: ###Model distribution###
2024-12-02 00:04:33,400 INFO server.py 1064:: clients' sizes=[1, 2, 1, 0, 0, 0, 2, 2, 0, 1, 0, 1, 2, 2, 2, 2, 1, 1, 2, 0, 1, 1, 1, 1, 1, 0, 1, 1, 1, 1, 2, 0, 2, 0, 1, 2, 1, 0, 2, 0], total=41
2024-12-02 00:04:33,423 INFO server.py 327:: [Server] The aggregation takes 0.023760 seconds.

2024-12-02 00:04:33,425 INFO server.py 211:: [Server] Start testing
2024-12-02 00:04:33,444 INFO server.py 235:: [Server] Test set: Average loss: 1.3680, Accuracy: 50/200 (25.0%)

2024-12-02 00:04:33,446 INFO server.py 238:: [Sever] Confusion matrix:
 tensor([[50.,  0.,  0.,  0.],
        [50.,  0.,  0.,  0.],
        [50.,  0.,  0.,  0.],
        [50.,  0.,  0.,  0.]])
2024-12-02 00:04:33,447 INFO server.py 254:: [Server] Precision=[0.25  nan  nan  nan],
 Recall=[1. 0. 0. 0.],
 F1-score=[0.4 nan nan nan],
 my_accuracy=25.0[%]
2024-12-02 00:04:33,448 INFO _main.py 209:: ########EPOCH 4 ########
2024-12-02 00:04:33,449 INFO _main.py 210:: ###Model distribution###
2024-12-02 00:04:36,140 INFO server.py 1064:: clients' sizes=[1, 2, 1, 0, 0, 0, 2, 2, 0, 1, 0, 1, 2, 2, 2, 2, 1, 1, 2, 0, 1, 1, 1, 1, 1, 0, 1, 1, 1, 1, 2, 0, 2, 0, 1, 2, 1, 0, 2, 0], total=41
2024-12-02 00:04:36,164 INFO server.py 327:: [Server] The aggregation takes 0.024943 seconds.

2024-12-02 00:04:36,166 INFO server.py 211:: [Server] Start testing
2024-12-02 00:04:36,187 INFO server.py 235:: [Server] Test set: Average loss: 1.3633, Accuracy: 50/200 (25.0%)

2024-12-02 00:04:36,189 INFO server.py 238:: [Sever] Confusion matrix:
 tensor([[50.,  0.,  0.,  0.],
        [50.,  0.,  0.,  0.],
        [50.,  0.,  0.,  0.],
        [50.,  0.,  0.,  0.]])
2024-12-02 00:04:36,190 INFO server.py 254:: [Server] Precision=[0.25  nan  nan  nan],
 Recall=[1. 0. 0. 0.],
 F1-score=[0.4 nan nan nan],
 my_accuracy=25.0[%]
2024-12-02 00:04:36,191 INFO _main.py 209:: ########EPOCH 5 ########
2024-12-02 00:04:36,192 INFO _main.py 210:: ###Model distribution###
2024-12-02 00:04:39,618 INFO server.py 1064:: clients' sizes=[1, 2, 1, 0, 0, 0, 2, 2, 0, 1, 0, 1, 2, 2, 2, 2, 1, 1, 2, 0, 1, 1, 1, 1, 1, 0, 1, 1, 1, 1, 2, 0, 2, 0, 1, 2, 1, 0, 2, 0], total=41
2024-12-02 00:04:39,653 INFO server.py 327:: [Server] The aggregation takes 0.036157 seconds.

2024-12-02 00:04:39,655 INFO server.py 211:: [Server] Start testing
2024-12-02 00:04:39,681 INFO server.py 235:: [Server] Test set: Average loss: 1.3603, Accuracy: 56/200 (28.0%)

2024-12-02 00:04:39,682 INFO server.py 238:: [Sever] Confusion matrix:
 tensor([[50.,  0.,  0.,  0.],
        [50.,  0.,  0.,  0.],
        [44.,  0.,  6.,  0.],
        [50.,  0.,  0.,  0.]])
2024-12-02 00:04:39,687 INFO server.py 254:: [Server] Precision=[0.25773194        nan 1.                nan],
 Recall=[1.   0.   0.12 0.  ],
 F1-score=[0.40983605        nan 0.2142857         nan],
 my_accuracy=28.00000011920929[%]
2024-12-02 00:04:39,688 INFO _main.py 209:: ########EPOCH 6 ########
2024-12-02 00:04:39,689 INFO _main.py 210:: ###Model distribution###
2024-12-02 00:04:43,123 INFO server.py 1064:: clients' sizes=[1, 2, 1, 0, 0, 0, 2, 2, 0, 1, 0, 1, 2, 2, 2, 2, 1, 1, 2, 0, 1, 1, 1, 1, 1, 0, 1, 1, 1, 1, 2, 0, 2, 0, 1, 2, 1, 0, 2, 0], total=41
2024-12-02 00:04:43,148 INFO server.py 327:: [Server] The aggregation takes 0.025379 seconds.

2024-12-02 00:04:43,150 INFO server.py 211:: [Server] Start testing
2024-12-02 00:04:43,170 INFO server.py 235:: [Server] Test set: Average loss: 1.3551, Accuracy: 56/200 (28.0%)

2024-12-02 00:04:43,171 INFO server.py 238:: [Sever] Confusion matrix:
 tensor([[50.,  0.,  0.,  0.],
        [50.,  0.,  0.,  0.],
        [44.,  0.,  6.,  0.],
        [50.,  0.,  0.,  0.]])
2024-12-02 00:04:43,173 INFO server.py 254:: [Server] Precision=[0.25773194        nan 1.                nan],
 Recall=[1.   0.   0.12 0.  ],
 F1-score=[0.40983605        nan 0.2142857         nan],
 my_accuracy=28.00000011920929[%]
2024-12-02 00:04:43,174 INFO _main.py 209:: ########EPOCH 7 ########
2024-12-02 00:04:43,174 INFO _main.py 210:: ###Model distribution###
2024-12-02 00:04:45,972 INFO server.py 1064:: clients' sizes=[1, 2, 1, 0, 0, 0, 2, 2, 0, 1, 0, 1, 2, 2, 2, 2, 1, 1, 2, 0, 1, 1, 1, 1, 1, 0, 1, 1, 1, 1, 2, 0, 2, 0, 1, 2, 1, 0, 2, 0], total=41
2024-12-02 00:04:45,995 INFO server.py 327:: [Server] The aggregation takes 0.024219 seconds.

2024-12-02 00:04:45,997 INFO server.py 211:: [Server] Start testing
2024-12-02 00:04:46,017 INFO server.py 235:: [Server] Test set: Average loss: 1.3491, Accuracy: 57/200 (28.5%)

2024-12-02 00:04:46,018 INFO server.py 238:: [Sever] Confusion matrix:
 tensor([[50.,  0.,  0.,  0.],
        [50.,  0.,  0.,  0.],
        [43.,  0.,  7.,  0.],
        [48.,  0.,  2.,  0.]])
2024-12-02 00:04:46,020 INFO server.py 254:: [Server] Precision=[0.2617801       nan 0.7777778       nan],
 Recall=[1.   0.   0.14 0.  ],
 F1-score=[0.41493776        nan 0.23728815        nan],
 my_accuracy=28.49999964237213[%]
2024-12-02 00:04:46,020 INFO _main.py 209:: ########EPOCH 8 ########
2024-12-02 00:04:46,021 INFO _main.py 210:: ###Model distribution###
2024-12-02 00:04:48,529 INFO server.py 1064:: clients' sizes=[1, 2, 1, 0, 0, 0, 2, 2, 0, 1, 0, 1, 2, 2, 2, 2, 1, 1, 2, 0, 1, 1, 1, 1, 1, 0, 1, 1, 1, 1, 2, 0, 2, 0, 1, 2, 1, 0, 2, 0], total=41
2024-12-02 00:04:48,552 INFO server.py 327:: [Server] The aggregation takes 0.024218 seconds.

2024-12-02 00:04:48,555 INFO server.py 211:: [Server] Start testing
2024-12-02 00:04:48,574 INFO server.py 235:: [Server] Test set: Average loss: 1.3417, Accuracy: 55/200 (27.5%)

2024-12-02 00:04:48,576 INFO server.py 238:: [Sever] Confusion matrix:
 tensor([[48.,  0.,  2.,  0.],
        [50.,  0.,  0.,  0.],
        [43.,  0.,  7.,  0.],
        [48.,  0.,  2.,  0.]])
2024-12-02 00:04:48,577 INFO server.py 254:: [Server] Precision=[0.25396827        nan 0.6363636         nan],
 Recall=[0.96 0.   0.14 0.  ],
 F1-score=[0.40167364        nan 0.22950819        nan],
 my_accuracy=27.500000596046448[%]
2024-12-02 00:04:48,578 INFO _main.py 209:: ########EPOCH 9 ########
2024-12-02 00:04:48,579 INFO _main.py 210:: ###Model distribution###
2024-12-02 00:04:51,094 INFO server.py 1064:: clients' sizes=[1, 2, 1, 0, 0, 0, 2, 2, 0, 1, 0, 1, 2, 2, 2, 2, 1, 1, 2, 0, 1, 1, 1, 1, 1, 0, 1, 1, 1, 1, 2, 0, 2, 0, 1, 2, 1, 0, 2, 0], total=41
2024-12-02 00:04:51,118 INFO server.py 327:: [Server] The aggregation takes 0.024705 seconds.

2024-12-02 00:04:51,120 INFO server.py 211:: [Server] Start testing
2024-12-02 00:04:51,141 INFO server.py 235:: [Server] Test set: Average loss: 1.3369, Accuracy: 55/200 (27.5%)

2024-12-02 00:04:51,142 INFO server.py 238:: [Sever] Confusion matrix:
 tensor([[48.,  0.,  2.,  0.],
        [49.,  0.,  1.,  0.],
        [43.,  0.,  7.,  0.],
        [47.,  0.,  3.,  0.]])
2024-12-02 00:04:51,144 INFO server.py 254:: [Server] Precision=[0.25668448        nan 0.53846157        nan],
 Recall=[0.96 0.   0.14 0.  ],
 F1-score=[0.40506327        nan 0.22222222        nan],
 my_accuracy=27.500000596046448[%]
2024-12-02 00:04:51,144 INFO _main.py 209:: ########EPOCH 10 ########
2024-12-02 00:04:51,145 INFO _main.py 210:: ###Model distribution###
2024-12-02 00:04:54,352 INFO server.py 1064:: clients' sizes=[1, 2, 1, 0, 0, 0, 2, 2, 0, 1, 0, 1, 2, 2, 2, 2, 1, 1, 2, 0, 1, 1, 1, 1, 1, 0, 1, 1, 1, 1, 2, 0, 2, 0, 1, 2, 1, 0, 2, 0], total=41
2024-12-02 00:04:54,394 INFO server.py 327:: [Server] The aggregation takes 0.043477 seconds.

2024-12-02 00:04:54,401 INFO server.py 211:: [Server] Start testing
2024-12-02 00:04:54,449 INFO server.py 235:: [Server] Test set: Average loss: 1.3333, Accuracy: 57/200 (28.5%)

2024-12-02 00:04:54,457 INFO server.py 238:: [Sever] Confusion matrix:
 tensor([[48.,  0.,  2.,  0.],
        [48.,  0.,  2.,  0.],
        [41.,  0.,  9.,  0.],
        [45.,  0.,  5.,  0.]])
2024-12-02 00:04:54,461 INFO server.py 254:: [Server] Precision=[0.26373628        nan 0.5               nan],
 Recall=[0.96 0.   0.18 0.  ],
 F1-score=[0.41379312        nan 0.2647059         nan],
 my_accuracy=28.49999964237213[%]
2024-12-02 00:04:54,463 INFO _main.py 209:: ########EPOCH 11 ########
2024-12-02 00:04:54,464 INFO _main.py 210:: ###Model distribution###
2024-12-02 00:04:58,281 INFO server.py 1064:: clients' sizes=[1, 2, 1, 0, 0, 0, 2, 2, 0, 1, 0, 1, 2, 2, 2, 2, 1, 1, 2, 0, 1, 1, 1, 1, 1, 0, 1, 1, 1, 1, 2, 0, 2, 0, 1, 2, 1, 0, 2, 0], total=41
2024-12-02 00:04:58,305 INFO server.py 327:: [Server] The aggregation takes 0.024744 seconds.

2024-12-02 00:04:58,308 INFO server.py 211:: [Server] Start testing
2024-12-02 00:04:58,327 INFO server.py 235:: [Server] Test set: Average loss: 1.3259, Accuracy: 59/200 (29.5%)

2024-12-02 00:04:58,328 INFO server.py 238:: [Sever] Confusion matrix:
 tensor([[48.,  0.,  2.,  0.],
        [47.,  0.,  3.,  0.],
        [39.,  0., 11.,  0.],
        [45.,  0.,  5.,  0.]])
2024-12-02 00:04:58,330 INFO server.py 254:: [Server] Precision=[0.26815644        nan 0.52380955        nan],
 Recall=[0.96 0.   0.22 0.  ],
 F1-score=[0.41921395        nan 0.30985916        nan],
 my_accuracy=29.499998688697815[%]
2024-12-02 00:04:58,330 INFO _main.py 209:: ########EPOCH 12 ########
2024-12-02 00:04:58,331 INFO _main.py 210:: ###Model distribution###
2024-12-02 00:05:00,868 INFO server.py 1064:: clients' sizes=[1, 2, 1, 0, 0, 0, 2, 2, 0, 1, 0, 1, 2, 2, 2, 2, 1, 1, 2, 0, 1, 1, 1, 1, 1, 0, 1, 1, 1, 1, 2, 0, 2, 0, 1, 2, 1, 0, 2, 0], total=41
2024-12-02 00:05:00,891 INFO server.py 327:: [Server] The aggregation takes 0.023617 seconds.

2024-12-02 00:05:00,893 INFO server.py 211:: [Server] Start testing
2024-12-02 00:05:00,912 INFO server.py 235:: [Server] Test set: Average loss: 1.3203, Accuracy: 63/200 (31.5%)

2024-12-02 00:05:00,913 INFO server.py 238:: [Sever] Confusion matrix:
 tensor([[48.,  0.,  2.,  0.],
        [44.,  0.,  6.,  0.],
        [35.,  0., 15.,  0.],
        [41.,  0.,  9.,  0.]])
2024-12-02 00:05:00,915 INFO server.py 254:: [Server] Precision=[0.2857143       nan 0.46875         nan],
 Recall=[0.96 0.   0.3  0.  ],
 F1-score=[0.44036698        nan 0.36585367        nan],
 my_accuracy=31.49999976158142[%]
2024-12-02 00:05:00,915 INFO _main.py 209:: ########EPOCH 13 ########
2024-12-02 00:05:00,916 INFO _main.py 210:: ###Model distribution###
2024-12-02 00:05:03,412 INFO server.py 1064:: clients' sizes=[1, 2, 1, 0, 0, 0, 2, 2, 0, 1, 0, 1, 2, 2, 2, 2, 1, 1, 2, 0, 1, 1, 1, 1, 1, 0, 1, 1, 1, 1, 2, 0, 2, 0, 1, 2, 1, 0, 2, 0], total=41
2024-12-02 00:05:03,436 INFO server.py 327:: [Server] The aggregation takes 0.025664 seconds.

2024-12-02 00:05:03,439 INFO server.py 211:: [Server] Start testing
2024-12-02 00:05:03,459 INFO server.py 235:: [Server] Test set: Average loss: 1.3130, Accuracy: 64/200 (32.0%)

2024-12-02 00:05:03,460 INFO server.py 238:: [Sever] Confusion matrix:
 tensor([[48.,  0.,  2.,  0.],
        [41.,  0.,  9.,  0.],
        [34.,  0., 16.,  0.],
        [38.,  0., 12.,  0.]])
2024-12-02 00:05:03,462 INFO server.py 254:: [Server] Precision=[0.29813665        nan 0.41025642        nan],
 Recall=[0.96 0.   0.32 0.  ],
 F1-score=[0.45497632        nan 0.35955054        nan],
 my_accuracy=31.999999284744263[%]
2024-12-02 00:05:03,462 INFO _main.py 209:: ########EPOCH 14 ########
2024-12-02 00:05:03,463 INFO _main.py 210:: ###Model distribution###
2024-12-02 00:05:06,155 INFO server.py 1064:: clients' sizes=[1, 2, 1, 0, 0, 0, 2, 2, 0, 1, 0, 1, 2, 2, 2, 2, 1, 1, 2, 0, 1, 1, 1, 1, 1, 0, 1, 1, 1, 1, 2, 0, 2, 0, 1, 2, 1, 0, 2, 0], total=41
2024-12-02 00:05:06,178 INFO server.py 327:: [Server] The aggregation takes 0.024903 seconds.

2024-12-02 00:05:06,181 INFO server.py 211:: [Server] Start testing
2024-12-02 00:05:06,201 INFO server.py 235:: [Server] Test set: Average loss: 1.3049, Accuracy: 65/200 (32.5%)

2024-12-02 00:05:06,203 INFO server.py 238:: [Sever] Confusion matrix:
 tensor([[47.,  0.,  3.,  0.],
        [41.,  0.,  9.,  0.],
        [32.,  0., 18.,  0.],
        [36.,  0., 14.,  0.]])
2024-12-02 00:05:06,205 INFO server.py 254:: [Server] Precision=[0.30128205        nan 0.4090909         nan],
 Recall=[0.94 0.   0.36 0.  ],
 F1-score=[0.4563107         nan 0.38297877        nan],
 my_accuracy=32.499998807907104[%]
2024-12-02 00:05:06,205 INFO _main.py 209:: ########EPOCH 15 ########
2024-12-02 00:05:06,206 INFO _main.py 210:: ###Model distribution###
2024-12-02 00:05:09,009 INFO server.py 1064:: clients' sizes=[1, 2, 1, 0, 0, 0, 2, 2, 0, 1, 0, 1, 2, 2, 2, 2, 1, 1, 2, 0, 1, 1, 1, 1, 1, 0, 1, 1, 1, 1, 2, 0, 2, 0, 1, 2, 1, 0, 2, 0], total=41
2024-12-02 00:05:09,056 INFO server.py 327:: [Server] The aggregation takes 0.043579 seconds.

2024-12-02 00:05:09,061 INFO server.py 211:: [Server] Start testing
2024-12-02 00:05:09,104 INFO server.py 235:: [Server] Test set: Average loss: 1.3015, Accuracy: 63/200 (31.5%)

2024-12-02 00:05:09,105 INFO server.py 238:: [Sever] Confusion matrix:
 tensor([[46.,  0.,  4.,  0.],
        [41.,  0.,  9.,  0.],
        [33.,  0., 17.,  0.],
        [37.,  0., 13.,  0.]])
2024-12-02 00:05:09,107 INFO server.py 254:: [Server] Precision=[0.29299363        nan 0.39534885        nan],
 Recall=[0.92 0.   0.34 0.  ],
 F1-score=[0.44444445        nan 0.3655914         nan],
 my_accuracy=31.49999976158142[%]
2024-12-02 00:05:09,108 INFO _main.py 209:: ########EPOCH 16 ########
2024-12-02 00:05:09,109 INFO _main.py 210:: ###Model distribution###
2024-12-02 00:05:12,734 INFO server.py 1064:: clients' sizes=[1, 2, 1, 0, 0, 0, 2, 2, 0, 1, 0, 1, 2, 2, 2, 2, 1, 1, 2, 0, 1, 1, 1, 1, 1, 0, 1, 1, 1, 1, 2, 0, 2, 0, 1, 2, 1, 0, 2, 0], total=41
2024-12-02 00:05:12,765 INFO server.py 327:: [Server] The aggregation takes 0.032247 seconds.

2024-12-02 00:05:12,767 INFO server.py 211:: [Server] Start testing
2024-12-02 00:05:12,792 INFO server.py 235:: [Server] Test set: Average loss: 1.2952, Accuracy: 63/200 (31.5%)

2024-12-02 00:05:12,797 INFO server.py 238:: [Sever] Confusion matrix:
 tensor([[45.,  0.,  5.,  0.],
        [38.,  0., 12.,  0.],
        [32.,  0., 18.,  0.],
        [33.,  0., 17.,  0.]])
2024-12-02 00:05:12,801 INFO server.py 254:: [Server] Precision=[0.30405405        nan 0.34615386        nan],
 Recall=[0.9  0.   0.36 0.  ],
 F1-score=[0.45454547        nan 0.3529412         nan],
 my_accuracy=31.49999976158142[%]
2024-12-02 00:05:12,803 INFO _main.py 209:: ########EPOCH 17 ########
2024-12-02 00:05:12,804 INFO _main.py 210:: ###Model distribution###
2024-12-02 00:05:15,991 INFO server.py 1064:: clients' sizes=[1, 2, 1, 0, 0, 0, 2, 2, 0, 1, 0, 1, 2, 2, 2, 2, 1, 1, 2, 0, 1, 1, 1, 1, 1, 0, 1, 1, 1, 1, 2, 0, 2, 0, 1, 2, 1, 0, 2, 0], total=41
2024-12-02 00:05:16,014 INFO server.py 327:: [Server] The aggregation takes 0.023964 seconds.

2024-12-02 00:05:16,016 INFO server.py 211:: [Server] Start testing
2024-12-02 00:05:16,036 INFO server.py 235:: [Server] Test set: Average loss: 1.2909, Accuracy: 62/200 (31.0%)

2024-12-02 00:05:16,037 INFO server.py 238:: [Sever] Confusion matrix:
 tensor([[44.,  0.,  6.,  0.],
        [38.,  0., 12.,  0.],
        [32.,  0., 18.,  0.],
        [32.,  0., 18.,  0.]])
2024-12-02 00:05:16,039 INFO server.py 254:: [Server] Precision=[0.30136988        nan 0.33333334        nan],
 Recall=[0.88 0.   0.36 0.  ],
 F1-score=[0.44897962        nan 0.34615383        nan],
 my_accuracy=31.00000023841858[%]
2024-12-02 00:05:16,039 INFO _main.py 209:: ########EPOCH 18 ########
2024-12-02 00:05:16,040 INFO _main.py 210:: ###Model distribution###
2024-12-02 00:05:18,603 INFO server.py 1064:: clients' sizes=[1, 2, 1, 0, 0, 0, 2, 2, 0, 1, 0, 1, 2, 2, 2, 2, 1, 1, 2, 0, 1, 1, 1, 1, 1, 0, 1, 1, 1, 1, 2, 0, 2, 0, 1, 2, 1, 0, 2, 0], total=41
2024-12-02 00:05:18,627 INFO server.py 327:: [Server] The aggregation takes 0.024336 seconds.

2024-12-02 00:05:18,629 INFO server.py 211:: [Server] Start testing
2024-12-02 00:05:18,649 INFO server.py 235:: [Server] Test set: Average loss: 1.2864, Accuracy: 62/200 (31.0%)

2024-12-02 00:05:18,650 INFO server.py 238:: [Sever] Confusion matrix:
 tensor([[44.,  0.,  6.,  0.],
        [38.,  0., 12.,  0.],
        [32.,  0., 18.,  0.],
        [33.,  0., 17.,  0.]])
2024-12-02 00:05:18,652 INFO server.py 254:: [Server] Precision=[0.2993197         nan 0.33962265        nan],
 Recall=[0.88 0.   0.36 0.  ],
 F1-score=[0.4467005         nan 0.34951457        nan],
 my_accuracy=31.00000023841858[%]
2024-12-02 00:05:18,652 INFO _main.py 209:: ########EPOCH 19 ########
2024-12-02 00:05:18,653 INFO _main.py 210:: ###Model distribution###
2024-12-02 00:05:21,266 INFO server.py 1064:: clients' sizes=[1, 2, 1, 0, 0, 0, 2, 2, 0, 1, 0, 1, 2, 2, 2, 2, 1, 1, 2, 0, 1, 1, 1, 1, 1, 0, 1, 1, 1, 1, 2, 0, 2, 0, 1, 2, 1, 0, 2, 0], total=41
2024-12-02 00:05:21,289 INFO server.py 327:: [Server] The aggregation takes 0.024247 seconds.

2024-12-02 00:05:21,291 INFO server.py 211:: [Server] Start testing
2024-12-02 00:05:21,311 INFO server.py 235:: [Server] Test set: Average loss: 1.2814, Accuracy: 63/200 (31.5%)

2024-12-02 00:05:21,313 INFO server.py 238:: [Sever] Confusion matrix:
 tensor([[44.,  0.,  6.,  0.],
        [38.,  0., 12.,  0.],
        [32.,  0., 18.,  0.],
        [30.,  0., 19.,  1.]])
2024-12-02 00:05:21,314 INFO server.py 254:: [Server] Precision=[0.30555555        nan 0.3272727  1.        ],
 Recall=[0.88 0.   0.36 0.02],
 F1-score=[0.45360824        nan 0.34285715 0.03921569],
 my_accuracy=31.49999976158142[%]
2024-12-02 00:05:21,315 INFO _main.py 209:: ########EPOCH 20 ########
2024-12-02 00:05:21,316 INFO _main.py 210:: ###Model distribution###
2024-12-02 00:05:23,908 INFO server.py 1064:: clients' sizes=[1, 2, 1, 0, 0, 0, 2, 2, 0, 1, 0, 1, 2, 2, 2, 2, 1, 1, 2, 0, 1, 1, 1, 1, 1, 0, 1, 1, 1, 1, 2, 0, 2, 0, 1, 2, 1, 0, 2, 0], total=41
2024-12-02 00:05:23,946 INFO server.py 327:: [Server] The aggregation takes 0.039009 seconds.

2024-12-02 00:05:23,951 INFO server.py 211:: [Server] Start testing
2024-12-02 00:05:23,985 INFO server.py 235:: [Server] Test set: Average loss: 1.2670, Accuracy: 78/200 (39.0%)

2024-12-02 00:05:23,991 INFO server.py 238:: [Sever] Confusion matrix:
 tensor([[44.,  0.,  6.,  0.],
        [36.,  0., 13.,  1.],
        [30.,  0., 19.,  1.],
        [17.,  0., 18., 15.]])
2024-12-02 00:05:23,994 INFO server.py 254:: [Server] Precision=[0.3464567         nan 0.3392857  0.88235295],
 Recall=[0.88 0.   0.38 0.3 ],
 F1-score=[0.4971752         nan 0.35849056 0.44776118],
 my_accuracy=38.999998569488525[%]
2024-12-02 00:05:23,996 INFO _main.py 209:: ########EPOCH 21 ########
2024-12-02 00:05:23,997 INFO _main.py 210:: ###Model distribution###
2024-12-02 00:05:27,783 INFO server.py 1064:: clients' sizes=[1, 2, 1, 0, 0, 0, 2, 2, 0, 1, 0, 1, 2, 2, 2, 2, 1, 1, 2, 0, 1, 1, 1, 1, 1, 0, 1, 1, 1, 1, 2, 0, 2, 0, 1, 2, 1, 0, 2, 0], total=41
2024-12-02 00:05:27,816 INFO server.py 327:: [Server] The aggregation takes 0.033876 seconds.

2024-12-02 00:05:27,818 INFO server.py 211:: [Server] Start testing
2024-12-02 00:05:27,844 INFO server.py 235:: [Server] Test set: Average loss: 1.2560, Accuracy: 88/200 (44.0%)

2024-12-02 00:05:27,846 INFO server.py 238:: [Sever] Confusion matrix:
 tensor([[44.,  0.,  6.,  0.],
        [36.,  0., 12.,  2.],
        [27.,  0., 22.,  1.],
        [11.,  0., 17., 22.]])
2024-12-02 00:05:27,852 INFO server.py 254:: [Server] Precision=[0.37288135        nan 0.3859649  0.88      ],
 Recall=[0.88 0.   0.44 0.44],
 F1-score=[0.52380955        nan 0.41121492 0.5866667 ],
 my_accuracy=43.99999976158142[%]
2024-12-02 00:05:27,854 INFO _main.py 209:: ########EPOCH 22 ########
2024-12-02 00:05:27,855 INFO _main.py 210:: ###Model distribution###
2024-12-02 00:05:31,103 INFO server.py 1064:: clients' sizes=[1, 2, 1, 0, 0, 0, 2, 2, 0, 1, 0, 1, 2, 2, 2, 2, 1, 1, 2, 0, 1, 1, 1, 1, 1, 0, 1, 1, 1, 1, 2, 0, 2, 0, 1, 2, 1, 0, 2, 0], total=41
2024-12-02 00:05:31,127 INFO server.py 327:: [Server] The aggregation takes 0.024381 seconds.

2024-12-02 00:05:31,129 INFO server.py 211:: [Server] Start testing
2024-12-02 00:05:31,148 INFO server.py 235:: [Server] Test set: Average loss: 1.2425, Accuracy: 92/200 (46.0%)

2024-12-02 00:05:31,149 INFO server.py 238:: [Sever] Confusion matrix:
 tensor([[44.,  0.,  6.,  0.],
        [35.,  0., 13.,  2.],
        [24.,  0., 23.,  3.],
        [ 9.,  0., 16., 25.]])
2024-12-02 00:05:31,151 INFO server.py 254:: [Server] Precision=[0.39285713        nan 0.39655173 0.8333333 ],
 Recall=[0.88 0.   0.46 0.5 ],
 F1-score=[0.54320985        nan 0.4259259  0.625     ],
 my_accuracy=46.00000083446503[%]
2024-12-02 00:05:31,151 INFO _main.py 209:: ########EPOCH 23 ########
2024-12-02 00:05:31,152 INFO _main.py 210:: ###Model distribution###
2024-12-02 00:05:33,701 INFO server.py 1064:: clients' sizes=[1, 2, 1, 0, 0, 0, 2, 2, 0, 1, 0, 1, 2, 2, 2, 2, 1, 1, 2, 0, 1, 1, 1, 1, 1, 0, 1, 1, 1, 1, 2, 0, 2, 0, 1, 2, 1, 0, 2, 0], total=41
2024-12-02 00:05:33,724 INFO server.py 327:: [Server] The aggregation takes 0.024008 seconds.

2024-12-02 00:05:33,727 INFO server.py 211:: [Server] Start testing
2024-12-02 00:05:33,746 INFO server.py 235:: [Server] Test set: Average loss: 1.2329, Accuracy: 94/200 (47.0%)

2024-12-02 00:05:33,747 INFO server.py 238:: [Sever] Confusion matrix:
 tensor([[44.,  0.,  6.,  0.],
        [34.,  0., 14.,  2.],
        [23.,  0., 22.,  5.],
        [ 7.,  0., 15., 28.]])
2024-12-02 00:05:33,749 INFO server.py 254:: [Server] Precision=[0.4074074       nan 0.3859649 0.8      ],
 Recall=[0.88 0.   0.44 0.56],
 F1-score=[0.556962          nan 0.41121492 0.65882355],
 my_accuracy=46.99999988079071[%]
2024-12-02 00:05:33,749 INFO _main.py 209:: ########EPOCH 24 ########
2024-12-02 00:05:33,750 INFO _main.py 210:: ###Model distribution###
2024-12-02 00:05:36,502 INFO server.py 1064:: clients' sizes=[1, 2, 1, 0, 0, 0, 2, 2, 0, 1, 0, 1, 2, 2, 2, 2, 1, 1, 2, 0, 1, 1, 1, 1, 1, 0, 1, 1, 1, 1, 2, 0, 2, 0, 1, 2, 1, 0, 2, 0], total=41
2024-12-02 00:05:36,525 INFO server.py 327:: [Server] The aggregation takes 0.024502 seconds.

2024-12-02 00:05:36,528 INFO server.py 211:: [Server] Start testing
2024-12-02 00:05:36,547 INFO server.py 235:: [Server] Test set: Average loss: 1.2307, Accuracy: 93/200 (46.5%)

2024-12-02 00:05:36,548 INFO server.py 238:: [Sever] Confusion matrix:
 tensor([[44.,  0.,  6.,  0.],
        [35.,  0., 13.,  2.],
        [23.,  0., 21.,  6.],
        [ 7.,  0., 15., 28.]])
2024-12-02 00:05:36,550 INFO server.py 254:: [Server] Precision=[0.40366971        nan 0.38181818 0.7777778 ],
 Recall=[0.88 0.   0.42 0.56],
 F1-score=[0.5534591       nan 0.4       0.6511628],
 my_accuracy=46.50000035762787[%]
