2024-11-26 17:44:26,671 INFO _main.py 39:: ################################################################
2024-11-26 17:44:26,673 INFO _main.py 41:: #                              batch_size: 64                  #
2024-11-26 17:44:26,674 INFO _main.py 41:: #                         test_batch_size: 64                  #
2024-11-26 17:44:26,676 INFO _main.py 41:: #                                  epochs: 20                  #
2024-11-26 17:44:26,677 INFO _main.py 41:: #                               optimizer: SGD                 #
2024-11-26 17:44:26,678 INFO _main.py 41:: #                                      lr: 0.01                #
2024-11-26 17:44:26,678 INFO _main.py 41:: #                                momentum: 0.9                 #
2024-11-26 17:44:26,678 INFO _main.py 41:: #                            weight_decay: 0.0001              #
2024-11-26 17:44:26,678 INFO _main.py 41:: #                                    seed: 1                   #
2024-11-26 17:44:26,678 INFO _main.py 41:: #                            log_interval: 11                  #
2024-11-26 17:44:26,679 INFO _main.py 41:: #                             num_clients: 40                  #
2024-11-26 17:44:26,679 INFO _main.py 41:: #                           output_folder: experiments         #
2024-11-26 17:44:26,679 INFO _main.py 41:: #                                 dataset: rockburst           #
2024-11-26 17:44:26,679 INFO _main.py 41:: #                             loader_type: dirichlet           #
2024-11-26 17:44:26,679 INFO _main.py 41:: #                             loader_path: ./data/loader.pk    #
2024-11-26 17:44:26,680 INFO _main.py 41:: #                                      AR: fedavg              #
2024-11-26 17:44:26,680 INFO _main.py 41:: #                     n_attacker_backdoor: 0                   #
2024-11-26 17:44:26,680 INFO _main.py 41:: #                        backdoor_trigger: [0, 0, 1, 1]        #
2024-11-26 17:44:26,680 INFO _main.py 41:: #                   n_attacker_omniscient: 0                   #
2024-11-26 17:44:26,680 INFO _main.py 41:: #                        omniscient_scale: 1                   #
2024-11-26 17:44:26,681 INFO _main.py 41:: #                                 attacks: None                #
2024-11-26 17:44:26,681 INFO _main.py 41:: #                      save_model_weights: False               #
2024-11-26 17:44:26,681 INFO _main.py 41:: #                         experiment_name: sExp4Ba_40ep_rockburst_fedavg_40C_5#
2024-11-26 17:44:26,681 INFO _main.py 41:: #                          path_to_aggNet: None                #
2024-11-26 17:44:26,681 INFO _main.py 41:: #                                  device: cpu                 #
2024-11-26 17:44:26,682 INFO _main.py 41:: #                            inner_epochs: 4                   #
2024-11-26 17:44:26,682 INFO _main.py 41:: #                                 verbose: True                #
2024-11-26 17:44:26,682 INFO _main.py 41:: #                         list_unreliable: [2, 18, 20]         #
2024-11-26 17:44:26,682 INFO _main.py 41:: #                     unreliable_fraction: 0.5                 #
2024-11-26 17:44:26,682 INFO _main.py 41:: #                    unreliable_fracTrain: 0.3                 #
2024-11-26 17:44:26,683 INFO _main.py 41:: #                         mean_unreliable: 0.0                 #
2024-11-26 17:44:26,683 INFO _main.py 41:: #                             blur_method: add_noise           #
2024-11-26 17:44:26,683 INFO _main.py 41:: #                      max_std_unreliable: 30.0                #
2024-11-26 17:44:26,683 INFO _main.py 41:: #                     list_uatk_add_noise: [24, 25, 26]        #
2024-11-26 17:44:26,684 INFO _main.py 41:: #                          mean_add_noise: 0.0                 #
2024-11-26 17:44:26,684 INFO _main.py 41:: #                           std_add_noise: 0.01                #
2024-11-26 17:44:26,684 INFO _main.py 41:: #                     list_uatk_flip_sign: [0, 10, 11]         #
2024-11-26 17:44:26,684 INFO _main.py 42:: ################################################################
2024-11-26 17:44:26,684 INFO _main.py 43:: Namespace(batch_size=64, test_batch_size=64, epochs=20, optimizer='SGD', lr=0.01, momentum=0.9, weight_decay=0.0001, seed=1, log_interval=11, num_clients=40, output_folder='experiments', dataset='rockburst', loader_type='dirichlet', loader_path='./data/loader.pk', AR='fedavg', n_attacker_backdoor=0, backdoor_trigger=[0, 0, 1, 1], n_attacker_omniscient=0, omniscient_scale=1, attacks=None, save_model_weights=False, experiment_name='sExp4Ba_40ep_rockburst_fedavg_40C_5', path_to_aggNet=None, device='cpu', inner_epochs=4, verbose=True, list_unreliable=[2, 18, 20], unreliable_fraction=0.5, unreliable_fracTrain=0.3, mean_unreliable=0.0, blur_method='add_noise', max_std_unreliable=30.0, list_uatk_add_noise=[24, 25, 26], mean_add_noise=0.0, std_add_noise=0.01, list_uatk_flip_sign=[0, 10, 11])
2024-11-26 17:44:26,685 INFO _main.py 44:: #####################
2024-11-26 17:44:26,685 INFO _main.py 45:: #####################
2024-11-26 17:44:26,685 INFO _main.py 46:: #####################
2024-11-26 17:44:26,685 INFO _main.py 47:: Aggregation Rule:	fedavg
2024-11-26 17:44:26,685 INFO _main.py 48:: Data distribution:	dirichlet
2024-11-26 17:44:26,686 INFO _main.py 49:: Attacks:	None 
2024-11-26 17:44:26,686 INFO _main.py 50:: #####################
2024-11-26 17:44:26,686 INFO _main.py 51:: #####################
2024-11-26 17:44:26,686 INFO _main.py 52:: #####################
2024-11-26 17:44:28,186 INFO server.py 341:: SET DBSCAN eps=1.3, min_samples=10
2024-11-26 17:44:28,190 INFO _main.py 134:: [1-normal, 0-malicious] label =tensor([0., 1., 1., 1., 1., 1., 1., 1., 1., 1., 0., 0., 1., 1., 1., 1., 1., 1.,
        1., 1., 1., 1., 1., 1., 0., 0., 0., 1., 1., 1., 1., 1., 1., 1., 1., 1.,
        1., 1., 1., 1.])
2024-11-26 17:44:28,195 INFO malicious_clients.py 101:: init ATTACK OMNISCIENT Client 0
2024-11-26 17:44:28,199 INFO malicious_clients.py 18:: init UNRELIABLE Client 2
2024-11-26 17:44:28,226 INFO malicious_clients.py 101:: init ATTACK OMNISCIENT Client 10
2024-11-26 17:44:28,229 INFO malicious_clients.py 101:: init ATTACK OMNISCIENT Client 11
2024-11-26 17:44:28,247 INFO malicious_clients.py 18:: init UNRELIABLE Client 18
2024-11-26 17:44:28,253 INFO malicious_clients.py 18:: init UNRELIABLE Client 20
2024-11-26 17:44:28,266 INFO malicious_clients.py 73:: init ATTACK ADD NOISE TO GRAD Client 24
2024-11-26 17:44:28,269 INFO malicious_clients.py 73:: init ATTACK ADD NOISE TO GRAD Client 25
2024-11-26 17:44:28,272 INFO malicious_clients.py 73:: init ATTACK ADD NOISE TO GRAD Client 26
2024-11-26 17:44:28,313 INFO server.py 186:: [Server] Start testing
2024-11-26 17:44:28,328 INFO server.py 210:: [Server] Test set: Average loss: 1.3864, Accuracy: 50/200 (25.0%)

2024-11-26 17:44:28,329 INFO server.py 213:: [Sever] Confusion matrix:
 tensor([[50.,  0.,  0.,  0.],
        [50.,  0.,  0.,  0.],
        [50.,  0.,  0.,  0.],
        [50.,  0.,  0.,  0.]])
2024-11-26 17:44:28,336 INFO server.py 229:: [Server] Precision=[0.25  nan  nan  nan],
 Recall=[1. 0. 0. 0.],
 F1-score=[0.4 nan nan nan],
 my_accuracy=25.0[%]
2024-11-26 17:44:28,337 INFO _main.py 208:: ########EPOCH 0 ########
2024-11-26 17:44:28,338 INFO _main.py 209:: ###Model distribution###
2024-11-26 17:44:29,043 INFO server.py 955:: clients' sizes=[1, 2, 1, 0, 0, 0, 2, 2, 0, 1, 0, 1, 2, 2, 2, 2, 1, 1, 2, 0, 1, 1, 1, 1, 1, 0, 1, 1, 1, 1, 2, 0, 2, 0, 1, 2, 1, 0, 2, 0], total=41
2024-11-26 17:44:29,055 INFO server.py 302:: [Server] The aggregation takes 0.330033 seconds.

2024-11-26 17:44:29,056 INFO server.py 186:: [Server] Start testing
2024-11-26 17:44:29,068 INFO server.py 210:: [Server] Test set: Average loss: 1.3840, Accuracy: 50/200 (25.0%)

2024-11-26 17:44:29,069 INFO server.py 213:: [Sever] Confusion matrix:
 tensor([[50.,  0.,  0.,  0.],
        [50.,  0.,  0.,  0.],
        [50.,  0.,  0.,  0.],
        [50.,  0.,  0.,  0.]])
2024-11-26 17:44:29,070 INFO server.py 229:: [Server] Precision=[0.25  nan  nan  nan],
 Recall=[1. 0. 0. 0.],
 F1-score=[0.4 nan nan nan],
 my_accuracy=25.0[%]
2024-11-26 17:44:29,071 INFO _main.py 208:: ########EPOCH 1 ########
2024-11-26 17:44:29,071 INFO _main.py 209:: ###Model distribution###
2024-11-26 17:44:29,757 INFO server.py 955:: clients' sizes=[1, 2, 1, 0, 0, 0, 2, 2, 0, 1, 0, 1, 2, 2, 2, 2, 1, 1, 2, 0, 1, 1, 1, 1, 1, 0, 1, 1, 1, 1, 2, 0, 2, 0, 1, 2, 1, 0, 2, 0], total=41
2024-11-26 17:44:29,775 INFO server.py 302:: [Server] The aggregation takes 0.308930 seconds.

2024-11-26 17:44:29,776 INFO server.py 186:: [Server] Start testing
2024-11-26 17:44:29,788 INFO server.py 210:: [Server] Test set: Average loss: 1.3795, Accuracy: 50/200 (25.0%)

2024-11-26 17:44:29,789 INFO server.py 213:: [Sever] Confusion matrix:
 tensor([[50.,  0.,  0.,  0.],
        [50.,  0.,  0.,  0.],
        [50.,  0.,  0.,  0.],
        [50.,  0.,  0.,  0.]])
2024-11-26 17:44:29,791 INFO server.py 229:: [Server] Precision=[0.25  nan  nan  nan],
 Recall=[1. 0. 0. 0.],
 F1-score=[0.4 nan nan nan],
 my_accuracy=25.0[%]
2024-11-26 17:44:29,791 INFO _main.py 208:: ########EPOCH 2 ########
2024-11-26 17:44:29,792 INFO _main.py 209:: ###Model distribution###
2024-11-26 17:44:30,481 INFO server.py 955:: clients' sizes=[1, 2, 1, 0, 0, 0, 2, 2, 0, 1, 0, 1, 2, 2, 2, 2, 1, 1, 2, 0, 1, 1, 1, 1, 1, 0, 1, 1, 1, 1, 2, 0, 2, 0, 1, 2, 1, 0, 2, 0], total=41
2024-11-26 17:44:30,496 INFO server.py 302:: [Server] The aggregation takes 0.288253 seconds.

2024-11-26 17:44:30,497 INFO server.py 186:: [Server] Start testing
2024-11-26 17:44:30,509 INFO server.py 210:: [Server] Test set: Average loss: 1.3739, Accuracy: 50/200 (25.0%)

2024-11-26 17:44:30,510 INFO server.py 213:: [Sever] Confusion matrix:
 tensor([[50.,  0.,  0.,  0.],
        [50.,  0.,  0.,  0.],
        [50.,  0.,  0.,  0.],
        [50.,  0.,  0.,  0.]])
2024-11-26 17:44:30,511 INFO server.py 229:: [Server] Precision=[0.25  nan  nan  nan],
 Recall=[1. 0. 0. 0.],
 F1-score=[0.4 nan nan nan],
 my_accuracy=25.0[%]
2024-11-26 17:44:30,512 INFO _main.py 208:: ########EPOCH 3 ########
2024-11-26 17:44:30,512 INFO _main.py 209:: ###Model distribution###
2024-11-26 17:44:31,277 INFO server.py 955:: clients' sizes=[1, 2, 1, 0, 0, 0, 2, 2, 0, 1, 0, 1, 2, 2, 2, 2, 1, 1, 2, 0, 1, 1, 1, 1, 1, 0, 1, 1, 1, 1, 2, 0, 2, 0, 1, 2, 1, 0, 2, 0], total=41
2024-11-26 17:44:31,286 INFO server.py 302:: [Server] The aggregation takes 0.327085 seconds.

2024-11-26 17:44:31,287 INFO server.py 186:: [Server] Start testing
2024-11-26 17:44:31,299 INFO server.py 210:: [Server] Test set: Average loss: 1.3674, Accuracy: 52/200 (26.0%)

2024-11-26 17:44:31,300 INFO server.py 213:: [Sever] Confusion matrix:
 tensor([[50.,  0.,  0.,  0.],
        [50.,  0.,  0.,  0.],
        [50.,  0.,  0.,  0.],
        [48.,  0.,  0.,  2.]])
2024-11-26 17:44:31,302 INFO server.py 229:: [Server] Precision=[0.25252524        nan        nan 1.        ],
 Recall=[1.   0.   0.   0.04],
 F1-score=[0.4032258         nan        nan 0.07692308],
 my_accuracy=25.999999046325684[%]
2024-11-26 17:44:31,302 INFO _main.py 208:: ########EPOCH 4 ########
2024-11-26 17:44:31,303 INFO _main.py 209:: ###Model distribution###
2024-11-26 17:44:31,995 INFO server.py 955:: clients' sizes=[1, 2, 1, 0, 0, 0, 2, 2, 0, 1, 0, 1, 2, 2, 2, 2, 1, 1, 2, 0, 1, 1, 1, 1, 1, 0, 1, 1, 1, 1, 2, 0, 2, 0, 1, 2, 1, 0, 2, 0], total=41
2024-11-26 17:44:32,006 INFO server.py 302:: [Server] The aggregation takes 0.265540 seconds.

2024-11-26 17:44:32,007 INFO server.py 186:: [Server] Start testing
2024-11-26 17:44:32,019 INFO server.py 210:: [Server] Test set: Average loss: 1.3603, Accuracy: 63/200 (31.5%)

2024-11-26 17:44:32,020 INFO server.py 213:: [Sever] Confusion matrix:
 tensor([[50.,  0.,  0.,  0.],
        [50.,  0.,  0.,  0.],
        [50.,  0.,  0.,  0.],
        [37.,  0.,  0., 13.]])
2024-11-26 17:44:32,021 INFO server.py 229:: [Server] Precision=[0.26737967        nan        nan 1.        ],
 Recall=[1.   0.   0.   0.26],
 F1-score=[0.42194092        nan        nan 0.4126984 ],
 my_accuracy=31.49999976158142[%]
2024-11-26 17:44:32,022 INFO _main.py 208:: ########EPOCH 5 ########
2024-11-26 17:44:32,022 INFO _main.py 209:: ###Model distribution###
2024-11-26 17:44:32,693 INFO server.py 955:: clients' sizes=[1, 2, 1, 0, 0, 0, 2, 2, 0, 1, 0, 1, 2, 2, 2, 2, 1, 1, 2, 0, 1, 1, 1, 1, 1, 0, 1, 1, 1, 1, 2, 0, 2, 0, 1, 2, 1, 0, 2, 0], total=41
2024-11-26 17:44:32,704 INFO server.py 302:: [Server] The aggregation takes 0.265019 seconds.

2024-11-26 17:44:32,705 INFO server.py 186:: [Server] Start testing
2024-11-26 17:44:32,724 INFO server.py 210:: [Server] Test set: Average loss: 1.3525, Accuracy: 65/200 (32.5%)

2024-11-26 17:44:32,725 INFO server.py 213:: [Sever] Confusion matrix:
 tensor([[50.,  0.,  0.,  0.],
        [50.,  0.,  0.,  0.],
        [50.,  0.,  0.,  0.],
        [35.,  0.,  0., 15.]])
2024-11-26 17:44:32,727 INFO server.py 229:: [Server] Precision=[0.27027026        nan        nan 1.        ],
 Recall=[1.  0.  0.  0.3],
 F1-score=[0.42553192        nan        nan 0.4615385 ],
 my_accuracy=32.499998807907104[%]
2024-11-26 17:44:32,727 INFO _main.py 208:: ########EPOCH 6 ########
2024-11-26 17:44:32,728 INFO _main.py 209:: ###Model distribution###
2024-11-26 17:44:33,524 INFO server.py 955:: clients' sizes=[1, 2, 1, 0, 0, 0, 2, 2, 0, 1, 0, 1, 2, 2, 2, 2, 1, 1, 2, 0, 1, 1, 1, 1, 1, 0, 1, 1, 1, 1, 2, 0, 2, 0, 1, 2, 1, 0, 2, 0], total=41
2024-11-26 17:44:33,538 INFO server.py 302:: [Server] The aggregation takes 0.341575 seconds.

2024-11-26 17:44:33,541 INFO server.py 186:: [Server] Start testing
2024-11-26 17:44:33,559 INFO server.py 210:: [Server] Test set: Average loss: 1.3448, Accuracy: 68/200 (34.0%)

2024-11-26 17:44:33,560 INFO server.py 213:: [Sever] Confusion matrix:
 tensor([[50.,  0.,  0.,  0.],
        [50.,  0.,  0.,  0.],
        [50.,  0.,  0.,  0.],
        [32.,  0.,  0., 18.]])
2024-11-26 17:44:33,561 INFO server.py 229:: [Server] Precision=[0.2747253       nan       nan 1.       ],
 Recall=[1.   0.   0.   0.36],
 F1-score=[0.43103448        nan        nan 0.5294118 ],
 my_accuracy=34.00000035762787[%]
2024-11-26 17:44:33,562 INFO _main.py 208:: ########EPOCH 7 ########
2024-11-26 17:44:33,563 INFO _main.py 209:: ###Model distribution###
2024-11-26 17:44:34,438 INFO server.py 955:: clients' sizes=[1, 2, 1, 0, 0, 0, 2, 2, 0, 1, 0, 1, 2, 2, 2, 2, 1, 1, 2, 0, 1, 1, 1, 1, 1, 0, 1, 1, 1, 1, 2, 0, 2, 0, 1, 2, 1, 0, 2, 0], total=41
2024-11-26 17:44:34,454 INFO server.py 302:: [Server] The aggregation takes 0.299871 seconds.

2024-11-26 17:44:34,455 INFO server.py 186:: [Server] Start testing
2024-11-26 17:44:34,475 INFO server.py 210:: [Server] Test set: Average loss: 1.3351, Accuracy: 73/200 (36.5%)

2024-11-26 17:44:34,477 INFO server.py 213:: [Sever] Confusion matrix:
 tensor([[50.,  0.,  0.,  0.],
        [50.,  0.,  0.,  0.],
        [50.,  0.,  0.,  0.],
        [27.,  0.,  0., 23.]])
2024-11-26 17:44:34,478 INFO server.py 229:: [Server] Precision=[0.28248587        nan        nan 1.        ],
 Recall=[1.   0.   0.   0.46],
 F1-score=[0.44052863        nan        nan 0.63013697],
 my_accuracy=36.500000953674316[%]
2024-11-26 17:44:34,479 INFO _main.py 208:: ########EPOCH 8 ########
2024-11-26 17:44:34,480 INFO _main.py 209:: ###Model distribution###
2024-11-26 17:44:35,377 INFO server.py 955:: clients' sizes=[1, 2, 1, 0, 0, 0, 2, 2, 0, 1, 0, 1, 2, 2, 2, 2, 1, 1, 2, 0, 1, 1, 1, 1, 1, 0, 1, 1, 1, 1, 2, 0, 2, 0, 1, 2, 1, 0, 2, 0], total=41
2024-11-26 17:44:35,395 INFO server.py 302:: [Server] The aggregation takes 0.317579 seconds.

2024-11-26 17:44:35,396 INFO server.py 186:: [Server] Start testing
2024-11-26 17:44:35,413 INFO server.py 210:: [Server] Test set: Average loss: 1.3237, Accuracy: 77/200 (38.5%)

2024-11-26 17:44:35,414 INFO server.py 213:: [Sever] Confusion matrix:
 tensor([[50.,  0.,  0.,  0.],
        [50.,  0.,  0.,  0.],
        [48.,  0.,  0.,  2.],
        [23.,  0.,  0., 27.]])
2024-11-26 17:44:35,416 INFO server.py 229:: [Server] Precision=[0.29239765        nan        nan 0.9310345 ],
 Recall=[1.   0.   0.   0.54],
 F1-score=[0.4524887         nan        nan 0.68354434],
 my_accuracy=38.499999046325684[%]
2024-11-26 17:44:35,417 INFO _main.py 208:: ########EPOCH 9 ########
2024-11-26 17:44:35,417 INFO _main.py 209:: ###Model distribution###
2024-11-26 17:44:36,386 INFO server.py 955:: clients' sizes=[1, 2, 1, 0, 0, 0, 2, 2, 0, 1, 0, 1, 2, 2, 2, 2, 1, 1, 2, 0, 1, 1, 1, 1, 1, 0, 1, 1, 1, 1, 2, 0, 2, 0, 1, 2, 1, 0, 2, 0], total=41
2024-11-26 17:44:36,410 INFO server.py 302:: [Server] The aggregation takes 0.368578 seconds.

2024-11-26 17:44:36,411 INFO server.py 186:: [Server] Start testing
2024-11-26 17:44:36,437 INFO server.py 210:: [Server] Test set: Average loss: 1.3114, Accuracy: 80/200 (40.0%)

2024-11-26 17:44:36,440 INFO server.py 213:: [Sever] Confusion matrix:
 tensor([[50.,  0.,  0.,  0.],
        [48.,  0.,  0.,  2.],
        [47.,  0.,  0.,  3.],
        [20.,  0.,  0., 30.]])
2024-11-26 17:44:36,443 INFO server.py 229:: [Server] Precision=[0.3030303         nan        nan 0.85714287],
 Recall=[1.  0.  0.  0.6],
 F1-score=[0.46511632        nan        nan 0.70588243],
 my_accuracy=40.00000059604645[%]
2024-11-26 17:44:36,444 INFO _main.py 208:: ########EPOCH 10 ########
2024-11-26 17:44:36,445 INFO _main.py 209:: ###Model distribution###
2024-11-26 17:44:37,480 INFO server.py 955:: clients' sizes=[1, 2, 1, 0, 0, 0, 2, 2, 0, 1, 0, 1, 2, 2, 2, 2, 1, 1, 2, 0, 1, 1, 1, 1, 1, 0, 1, 1, 1, 1, 2, 0, 2, 0, 1, 2, 1, 0, 2, 0], total=41
2024-11-26 17:44:37,496 INFO server.py 302:: [Server] The aggregation takes 0.328642 seconds.

2024-11-26 17:44:37,497 INFO server.py 186:: [Server] Start testing
2024-11-26 17:44:37,518 INFO server.py 210:: [Server] Test set: Average loss: 1.2973, Accuracy: 80/200 (40.0%)

2024-11-26 17:44:37,519 INFO server.py 213:: [Sever] Confusion matrix:
 tensor([[50.,  0.,  0.,  0.],
        [47.,  0.,  0.,  3.],
        [45.,  0.,  0.,  5.],
        [20.,  0.,  0., 30.]])
2024-11-26 17:44:37,521 INFO server.py 229:: [Server] Precision=[0.30864197        nan        nan 0.7894737 ],
 Recall=[1.  0.  0.  0.6],
 F1-score=[0.47169814        nan        nan 0.68181825],
 my_accuracy=40.00000059604645[%]
2024-11-26 17:44:37,522 INFO _main.py 208:: ########EPOCH 11 ########
2024-11-26 17:44:37,523 INFO _main.py 209:: ###Model distribution###
2024-11-26 17:44:38,397 INFO server.py 955:: clients' sizes=[1, 2, 1, 0, 0, 0, 2, 2, 0, 1, 0, 1, 2, 2, 2, 2, 1, 1, 2, 0, 1, 1, 1, 1, 1, 0, 1, 1, 1, 1, 2, 0, 2, 0, 1, 2, 1, 0, 2, 0], total=41
2024-11-26 17:44:38,407 INFO server.py 302:: [Server] The aggregation takes 0.259548 seconds.

2024-11-26 17:44:38,408 INFO server.py 186:: [Server] Start testing
2024-11-26 17:44:38,420 INFO server.py 210:: [Server] Test set: Average loss: 1.2831, Accuracy: 80/200 (40.0%)

2024-11-26 17:44:38,422 INFO server.py 213:: [Sever] Confusion matrix:
 tensor([[50.,  0.,  0.,  0.],
        [47.,  0.,  0.,  3.],
        [43.,  0.,  0.,  7.],
        [20.,  0.,  0., 30.]])
2024-11-26 17:44:38,424 INFO server.py 229:: [Server] Precision=[0.3125    nan    nan 0.75  ],
 Recall=[1.  0.  0.  0.6],
 F1-score=[0.47619048        nan        nan 0.6666667 ],
 my_accuracy=40.00000059604645[%]
2024-11-26 17:44:38,424 INFO _main.py 208:: ########EPOCH 12 ########
2024-11-26 17:44:38,425 INFO _main.py 209:: ###Model distribution###
2024-11-26 17:44:39,089 INFO server.py 955:: clients' sizes=[1, 2, 1, 0, 0, 0, 2, 2, 0, 1, 0, 1, 2, 2, 2, 2, 1, 1, 2, 0, 1, 1, 1, 1, 1, 0, 1, 1, 1, 1, 2, 0, 2, 0, 1, 2, 1, 0, 2, 0], total=41
2024-11-26 17:44:39,098 INFO server.py 302:: [Server] The aggregation takes 0.256353 seconds.

2024-11-26 17:44:39,099 INFO server.py 186:: [Server] Start testing
2024-11-26 17:44:39,115 INFO server.py 210:: [Server] Test set: Average loss: 1.2656, Accuracy: 82/200 (41.0%)

2024-11-26 17:44:39,116 INFO server.py 213:: [Sever] Confusion matrix:
 tensor([[50.,  0.,  0.,  0.],
        [47.,  0.,  0.,  3.],
        [39.,  0.,  0., 11.],
        [18.,  0.,  0., 32.]])
2024-11-26 17:44:39,118 INFO server.py 229:: [Server] Precision=[0.32467532        nan        nan 0.6956522 ],
 Recall=[1.   0.   0.   0.64],
 F1-score=[0.49019608        nan        nan 0.6666667 ],
 my_accuracy=40.99999964237213[%]
2024-11-26 17:44:39,119 INFO _main.py 208:: ########EPOCH 13 ########
2024-11-26 17:44:39,119 INFO _main.py 209:: ###Model distribution###
2024-11-26 17:44:39,796 INFO server.py 955:: clients' sizes=[1, 2, 1, 0, 0, 0, 2, 2, 0, 1, 0, 1, 2, 2, 2, 2, 1, 1, 2, 0, 1, 1, 1, 1, 1, 0, 1, 1, 1, 1, 2, 0, 2, 0, 1, 2, 1, 0, 2, 0], total=41
2024-11-26 17:44:39,811 INFO server.py 302:: [Server] The aggregation takes 0.280498 seconds.

2024-11-26 17:44:39,813 INFO server.py 186:: [Server] Start testing
2024-11-26 17:44:39,828 INFO server.py 210:: [Server] Test set: Average loss: 1.2484, Accuracy: 85/200 (42.5%)

2024-11-26 17:44:39,829 INFO server.py 213:: [Sever] Confusion matrix:
 tensor([[50.,  0.,  0.,  0.],
        [47.,  0.,  0.,  3.],
        [38.,  0.,  0., 12.],
        [13.,  0.,  2., 35.]])
2024-11-26 17:44:39,831 INFO server.py 229:: [Server] Precision=[0.33783785        nan 0.         0.7       ],
 Recall=[1.  0.  0.  0.7],
 F1-score=[0.50505054        nan        nan 0.7       ],
 my_accuracy=42.500001192092896[%]
2024-11-26 17:44:39,831 INFO _main.py 208:: ########EPOCH 14 ########
2024-11-26 17:44:39,832 INFO _main.py 209:: ###Model distribution###
2024-11-26 17:44:40,515 INFO server.py 955:: clients' sizes=[1, 2, 1, 0, 0, 0, 2, 2, 0, 1, 0, 1, 2, 2, 2, 2, 1, 1, 2, 0, 1, 1, 1, 1, 1, 0, 1, 1, 1, 1, 2, 0, 2, 0, 1, 2, 1, 0, 2, 0], total=41
2024-11-26 17:44:40,525 INFO server.py 302:: [Server] The aggregation takes 0.280348 seconds.

2024-11-26 17:44:40,526 INFO server.py 186:: [Server] Start testing
2024-11-26 17:44:40,538 INFO server.py 210:: [Server] Test set: Average loss: 1.2292, Accuracy: 86/200 (43.0%)

2024-11-26 17:44:40,539 INFO server.py 213:: [Sever] Confusion matrix:
 tensor([[50.,  0.,  0.,  0.],
        [47.,  0.,  0.,  3.],
        [38.,  0.,  0., 12.],
        [11.,  0.,  3., 36.]])
2024-11-26 17:44:40,541 INFO server.py 229:: [Server] Precision=[0.34246576        nan 0.         0.7058824 ],
 Recall=[1.   0.   0.   0.72],
 F1-score=[0.5102041       nan       nan 0.7128714],
 my_accuracy=43.00000071525574[%]
2024-11-26 17:44:40,542 INFO _main.py 208:: ########EPOCH 15 ########
2024-11-26 17:44:40,542 INFO _main.py 209:: ###Model distribution###
2024-11-26 17:44:41,234 INFO server.py 955:: clients' sizes=[1, 2, 1, 0, 0, 0, 2, 2, 0, 1, 0, 1, 2, 2, 2, 2, 1, 1, 2, 0, 1, 1, 1, 1, 1, 0, 1, 1, 1, 1, 2, 0, 2, 0, 1, 2, 1, 0, 2, 0], total=41
2024-11-26 17:44:41,243 INFO server.py 302:: [Server] The aggregation takes 0.263731 seconds.

2024-11-26 17:44:41,244 INFO server.py 186:: [Server] Start testing
2024-11-26 17:44:41,256 INFO server.py 210:: [Server] Test set: Average loss: 1.2082, Accuracy: 89/200 (44.5%)

2024-11-26 17:44:41,257 INFO server.py 213:: [Sever] Confusion matrix:
 tensor([[50.,  0.,  0.,  0.],
        [46.,  0.,  1.,  3.],
        [35.,  0.,  3., 12.],
        [ 9.,  0.,  5., 36.]])
2024-11-26 17:44:41,258 INFO server.py 229:: [Server] Precision=[0.35714287        nan 0.33333334 0.7058824 ],
 Recall=[1.   0.   0.06 0.72],
 F1-score=[0.52631575        nan 0.10169491 0.7128714 ],
 my_accuracy=44.49999928474426[%]
2024-11-26 17:44:41,259 INFO _main.py 208:: ########EPOCH 16 ########
2024-11-26 17:44:41,259 INFO _main.py 209:: ###Model distribution###
2024-11-26 17:44:42,043 INFO server.py 955:: clients' sizes=[1, 2, 1, 0, 0, 0, 2, 2, 0, 1, 0, 1, 2, 2, 2, 2, 1, 1, 2, 0, 1, 1, 1, 1, 1, 0, 1, 1, 1, 1, 2, 0, 2, 0, 1, 2, 1, 0, 2, 0], total=41
2024-11-26 17:44:42,052 INFO server.py 302:: [Server] The aggregation takes 0.312569 seconds.

2024-11-26 17:44:42,053 INFO server.py 186:: [Server] Start testing
2024-11-26 17:44:42,065 INFO server.py 210:: [Server] Test set: Average loss: 1.1900, Accuracy: 89/200 (44.5%)

2024-11-26 17:44:42,066 INFO server.py 213:: [Sever] Confusion matrix:
 tensor([[50.,  0.,  0.,  0.],
        [46.,  0.,  1.,  3.],
        [35.,  0.,  3., 12.],
        [ 9.,  0.,  5., 36.]])
2024-11-26 17:44:42,068 INFO server.py 229:: [Server] Precision=[0.35714287        nan 0.33333334 0.7058824 ],
 Recall=[1.   0.   0.06 0.72],
 F1-score=[0.52631575        nan 0.10169491 0.7128714 ],
 my_accuracy=44.49999928474426[%]
2024-11-26 17:44:42,068 INFO _main.py 208:: ########EPOCH 17 ########
2024-11-26 17:44:42,069 INFO _main.py 209:: ###Model distribution###
2024-11-26 17:44:42,747 INFO server.py 955:: clients' sizes=[1, 2, 1, 0, 0, 0, 2, 2, 0, 1, 0, 1, 2, 2, 2, 2, 1, 1, 2, 0, 1, 1, 1, 1, 1, 0, 1, 1, 1, 1, 2, 0, 2, 0, 1, 2, 1, 0, 2, 0], total=41
2024-11-26 17:44:42,757 INFO server.py 302:: [Server] The aggregation takes 0.269255 seconds.

2024-11-26 17:44:42,758 INFO server.py 186:: [Server] Start testing
2024-11-26 17:44:42,771 INFO server.py 210:: [Server] Test set: Average loss: 1.1718, Accuracy: 89/200 (44.5%)

2024-11-26 17:44:42,772 INFO server.py 213:: [Sever] Confusion matrix:
 tensor([[50.,  0.,  0.,  0.],
        [46.,  0.,  1.,  3.],
        [35.,  0.,  3., 12.],
        [ 9.,  0.,  5., 36.]])
2024-11-26 17:44:42,774 INFO server.py 229:: [Server] Precision=[0.35714287        nan 0.33333334 0.7058824 ],
 Recall=[1.   0.   0.06 0.72],
 F1-score=[0.52631575        nan 0.10169491 0.7128714 ],
 my_accuracy=44.49999928474426[%]
2024-11-26 17:44:42,774 INFO _main.py 208:: ########EPOCH 18 ########
2024-11-26 17:44:42,775 INFO _main.py 209:: ###Model distribution###
2024-11-26 17:44:43,566 INFO server.py 955:: clients' sizes=[1, 2, 1, 0, 0, 0, 2, 2, 0, 1, 0, 1, 2, 2, 2, 2, 1, 1, 2, 0, 1, 1, 1, 1, 1, 0, 1, 1, 1, 1, 2, 0, 2, 0, 1, 2, 1, 0, 2, 0], total=41
2024-11-26 17:44:43,577 INFO server.py 302:: [Server] The aggregation takes 0.319369 seconds.

2024-11-26 17:44:43,578 INFO server.py 186:: [Server] Start testing
2024-11-26 17:44:43,590 INFO server.py 210:: [Server] Test set: Average loss: 1.1580, Accuracy: 89/200 (44.5%)

2024-11-26 17:44:43,591 INFO server.py 213:: [Sever] Confusion matrix:
 tensor([[50.,  0.,  0.,  0.],
        [46.,  0.,  1.,  3.],
        [35.,  0.,  3., 12.],
        [ 9.,  0.,  5., 36.]])
2024-11-26 17:44:43,593 INFO server.py 229:: [Server] Precision=[0.35714287        nan 0.33333334 0.7058824 ],
 Recall=[1.   0.   0.06 0.72],
 F1-score=[0.52631575        nan 0.10169491 0.7128714 ],
 my_accuracy=44.49999928474426[%]
2024-11-26 17:44:43,593 INFO _main.py 208:: ########EPOCH 19 ########
2024-11-26 17:44:43,594 INFO _main.py 209:: ###Model distribution###
2024-11-26 17:44:44,267 INFO server.py 955:: clients' sizes=[1, 2, 1, 0, 0, 0, 2, 2, 0, 1, 0, 1, 2, 2, 2, 2, 1, 1, 2, 0, 1, 1, 1, 1, 1, 0, 1, 1, 1, 1, 2, 0, 2, 0, 1, 2, 1, 0, 2, 0], total=41
2024-11-26 17:44:44,284 INFO server.py 302:: [Server] The aggregation takes 0.267162 seconds.

2024-11-26 17:44:44,285 INFO server.py 186:: [Server] Start testing
2024-11-26 17:44:44,304 INFO server.py 210:: [Server] Test set: Average loss: 1.1452, Accuracy: 89/200 (44.5%)

2024-11-26 17:44:44,305 INFO server.py 213:: [Sever] Confusion matrix:
 tensor([[50.,  0.,  0.,  0.],
        [46.,  0.,  1.,  3.],
        [34.,  1.,  3., 12.],
        [ 9.,  0.,  5., 36.]])
2024-11-26 17:44:44,307 INFO server.py 229:: [Server] Precision=[0.35971224 0.         0.33333334 0.7058824 ],
 Recall=[1.   0.   0.06 0.72],
 F1-score=[0.52910054        nan 0.10169491 0.7128714 ],
 my_accuracy=44.49999928474426[%]
