2024-12-01 23:59:04,771 INFO _main.py 39:: ################################################################
2024-12-01 23:59:04,773 INFO _main.py 41:: #                              batch_size: 64                  #
2024-12-01 23:59:04,774 INFO _main.py 41:: #                         test_batch_size: 32                  #
2024-12-01 23:59:04,775 INFO _main.py 41:: #                                  epochs: 25                  #
2024-12-01 23:59:04,776 INFO _main.py 41:: #                               optimizer: SGD                 #
2024-12-01 23:59:04,776 INFO _main.py 41:: #                                      lr: 0.01                #
2024-12-01 23:59:04,776 INFO _main.py 41:: #                                momentum: 0.9                 #
2024-12-01 23:59:04,776 INFO _main.py 41:: #                            weight_decay: 0.0001              #
2024-12-01 23:59:04,776 INFO _main.py 41:: #                                    seed: 1                   #
2024-12-01 23:59:04,776 INFO _main.py 41:: #                            log_interval: 11                  #
2024-12-01 23:59:04,777 INFO _main.py 41:: #                             num_clients: 40                  #
2024-12-01 23:59:04,777 INFO _main.py 41:: #                           output_folder: experiments         #
2024-12-01 23:59:04,777 INFO _main.py 41:: #                                 dataset: rockburst           #
2024-12-01 23:59:04,777 INFO _main.py 41:: #                             loader_type: dirichlet           #
2024-12-01 23:59:04,777 INFO _main.py 41:: #                             loader_path: ./data/loader.pk    #
2024-12-01 23:59:04,777 INFO _main.py 41:: #                                      AR: fedavg              #
2024-12-01 23:59:04,778 INFO _main.py 41:: #                     n_attacker_backdoor: 0                   #
2024-12-01 23:59:04,778 INFO _main.py 41:: #                        backdoor_trigger: [0, 0, 1, 1]        #
2024-12-01 23:59:04,778 INFO _main.py 41:: #                   n_attacker_omniscient: 0                   #
2024-12-01 23:59:04,778 INFO _main.py 41:: #                        omniscient_scale: 1                   #
2024-12-01 23:59:04,778 INFO _main.py 41:: #                                 attacks: None                #
2024-12-01 23:59:04,778 INFO _main.py 41:: #                      save_model_weights: False               #
2024-12-01 23:59:04,778 INFO _main.py 41:: #                         experiment_name: sExp4Ba_40ep_rockburst_fedavg_40C_5#
2024-12-01 23:59:04,779 INFO _main.py 41:: #                          path_to_aggNet: None                #
2024-12-01 23:59:04,779 INFO _main.py 41:: #                                  device: cpu                 #
2024-12-01 23:59:04,779 INFO _main.py 41:: #                            inner_epochs: 30                  #
2024-12-01 23:59:04,779 INFO _main.py 41:: #                                 verbose: True                #
2024-12-01 23:59:04,779 INFO _main.py 41:: #                         list_unreliable: [2, 18, 20]         #
2024-12-01 23:59:04,779 INFO _main.py 41:: #                     unreliable_fraction: 0.5                 #
2024-12-01 23:59:04,780 INFO _main.py 41:: #                    unreliable_fracTrain: 0.3                 #
2024-12-01 23:59:04,780 INFO _main.py 41:: #                         mean_unreliable: 0.0                 #
2024-12-01 23:59:04,780 INFO _main.py 41:: #                             blur_method: add_noise           #
2024-12-01 23:59:04,780 INFO _main.py 41:: #                      max_std_unreliable: 30.0                #
2024-12-01 23:59:04,780 INFO _main.py 41:: #                     list_uatk_add_noise: [24, 25, 26]        #
2024-12-01 23:59:04,780 INFO _main.py 41:: #                          mean_add_noise: 0.0                 #
2024-12-01 23:59:04,781 INFO _main.py 41:: #                           std_add_noise: 0.01                #
2024-12-01 23:59:04,781 INFO _main.py 41:: #                     list_uatk_flip_sign: [0, 10, 11]         #
2024-12-01 23:59:04,781 INFO _main.py 42:: ################################################################
2024-12-01 23:59:04,781 INFO _main.py 43:: Namespace(batch_size=64, test_batch_size=32, epochs=25, optimizer='SGD', lr=0.01, momentum=0.9, weight_decay=0.0001, seed=1, log_interval=11, num_clients=40, output_folder='experiments', dataset='rockburst', loader_type='dirichlet', loader_path='./data/loader.pk', AR='fedavg', n_attacker_backdoor=0, backdoor_trigger=[0, 0, 1, 1], n_attacker_omniscient=0, omniscient_scale=1, attacks=None, save_model_weights=False, experiment_name='sExp4Ba_40ep_rockburst_fedavg_40C_5', path_to_aggNet=None, device='cpu', inner_epochs=30, verbose=True, list_unreliable=[2, 18, 20], unreliable_fraction=0.5, unreliable_fracTrain=0.3, mean_unreliable=0.0, blur_method='add_noise', max_std_unreliable=30.0, list_uatk_add_noise=[24, 25, 26], mean_add_noise=0.0, std_add_noise=0.01, list_uatk_flip_sign=[0, 10, 11])
2024-12-01 23:59:04,781 INFO _main.py 44:: #####################
2024-12-01 23:59:04,782 INFO _main.py 45:: #####################
2024-12-01 23:59:04,782 INFO _main.py 46:: #####################
2024-12-01 23:59:04,782 INFO _main.py 47:: Aggregation Rule:	fedavg
2024-12-01 23:59:04,782 INFO _main.py 48:: Data distribution:	dirichlet
2024-12-01 23:59:04,782 INFO _main.py 49:: Attacks:	None 
2024-12-01 23:59:04,782 INFO _main.py 50:: #####################
2024-12-01 23:59:04,783 INFO _main.py 51:: #####################
2024-12-01 23:59:04,783 INFO _main.py 52:: #####################
2024-12-01 23:59:06,301 INFO server.py 366:: SET DBSCAN eps=1.3, min_samples=10
2024-12-01 23:59:06,304 INFO _main.py 135:: [1-normal, 0-malicious] label =tensor([0., 1., 1., 1., 1., 1., 1., 1., 1., 1., 0., 0., 1., 1., 1., 1., 1., 1.,
        1., 1., 1., 1., 1., 1., 0., 0., 0., 1., 1., 1., 1., 1., 1., 1., 1., 1.,
        1., 1., 1., 1.])
2024-12-01 23:59:06,313 INFO malicious_clients.py 123:: init ATTACK OMNISCIENT Client 0
2024-12-01 23:59:06,318 INFO malicious_clients.py 18:: init UNRELIABLE Client 2
2024-12-01 23:59:06,348 INFO malicious_clients.py 123:: init ATTACK OMNISCIENT Client 10
2024-12-01 23:59:06,353 INFO malicious_clients.py 123:: init ATTACK OMNISCIENT Client 11
2024-12-01 23:59:06,374 INFO malicious_clients.py 18:: init UNRELIABLE Client 18
2024-12-01 23:59:06,381 INFO malicious_clients.py 18:: init UNRELIABLE Client 20
2024-12-01 23:59:06,398 INFO malicious_clients.py 73:: init ATTACK ADD NOISE TO GRAD Client 24
2024-12-01 23:59:06,402 INFO malicious_clients.py 73:: init ATTACK ADD NOISE TO GRAD Client 25
2024-12-01 23:59:06,406 INFO malicious_clients.py 73:: init ATTACK ADD NOISE TO GRAD Client 26
2024-12-01 23:59:06,454 INFO server.py 211:: [Server] Start testing
2024-12-01 23:59:06,477 INFO server.py 235:: [Server] Test set: Average loss: 1.3864, Accuracy: 50/200 (25.0%)

2024-12-01 23:59:06,478 INFO server.py 238:: [Sever] Confusion matrix:
 tensor([[50.,  0.,  0.,  0.],
        [50.,  0.,  0.,  0.],
        [50.,  0.,  0.,  0.],
        [50.,  0.,  0.,  0.]])
2024-12-01 23:59:06,503 INFO server.py 254:: [Server] Precision=[0.25  nan  nan  nan],
 Recall=[1. 0. 0. 0.],
 F1-score=[0.4 nan nan nan],
 my_accuracy=25.0[%]
2024-12-01 23:59:06,504 INFO _main.py 209:: ########EPOCH 0 ########
2024-12-01 23:59:06,505 INFO _main.py 210:: ###Model distribution###
2024-12-01 23:59:09,109 INFO server.py 1064:: clients' sizes=[1, 2, 1, 0, 0, 0, 2, 2, 0, 1, 0, 1, 2, 2, 2, 2, 1, 1, 2, 0, 1, 1, 1, 1, 1, 0, 1, 1, 1, 1, 2, 0, 2, 0, 1, 2, 1, 0, 2, 0], total=41
2024-12-01 23:59:09,129 INFO server.py 327:: [Server] The aggregation takes 0.021982 seconds.

2024-12-01 23:59:09,130 INFO server.py 211:: [Server] Start testing
2024-12-01 23:59:09,145 INFO server.py 235:: [Server] Test set: Average loss: 1.3313, Accuracy: 71/200 (35.5%)

2024-12-01 23:59:09,146 INFO server.py 238:: [Sever] Confusion matrix:
 tensor([[50.,  0.,  0.,  0.],
        [50.,  0.,  0.,  0.],
        [50.,  0.,  0.,  0.],
        [29.,  0.,  0., 21.]])
2024-12-01 23:59:09,147 INFO server.py 254:: [Server] Precision=[0.2793296       nan       nan 1.       ],
 Recall=[1.   0.   0.   0.42],
 F1-score=[0.43668124        nan        nan 0.5915493 ],
 my_accuracy=35.499998927116394[%]
2024-12-01 23:59:09,148 INFO _main.py 209:: ########EPOCH 1 ########
2024-12-01 23:59:09,149 INFO _main.py 210:: ###Model distribution###
2024-12-01 23:59:12,618 INFO server.py 1064:: clients' sizes=[1, 2, 1, 0, 0, 0, 2, 2, 0, 1, 0, 1, 2, 2, 2, 2, 1, 1, 2, 0, 1, 1, 1, 1, 1, 0, 1, 1, 1, 1, 2, 0, 2, 0, 1, 2, 1, 0, 2, 0], total=41
2024-12-01 23:59:12,636 INFO server.py 327:: [Server] The aggregation takes 0.019224 seconds.

2024-12-01 23:59:12,637 INFO server.py 211:: [Server] Start testing
2024-12-01 23:59:12,658 INFO server.py 235:: [Server] Test set: Average loss: 1.1994, Accuracy: 90/200 (45.0%)

2024-12-01 23:59:12,660 INFO server.py 238:: [Sever] Confusion matrix:
 tensor([[50.,  0.,  0.,  0.],
        [46.,  0.,  1.,  3.],
        [34.,  0.,  6., 10.],
        [ 9.,  0.,  7., 34.]])
2024-12-01 23:59:12,661 INFO server.py 254:: [Server] Precision=[0.35971224        nan 0.42857143 0.7234042 ],
 Recall=[1.   0.   0.12 0.68],
 F1-score=[0.52910054        nan 0.1875     0.7010309 ],
 my_accuracy=44.999998807907104[%]
2024-12-01 23:59:12,662 INFO _main.py 209:: ########EPOCH 2 ########
2024-12-01 23:59:12,663 INFO _main.py 210:: ###Model distribution###
2024-12-01 23:59:15,992 INFO server.py 1064:: clients' sizes=[1, 2, 1, 0, 0, 0, 2, 2, 0, 1, 0, 1, 2, 2, 2, 2, 1, 1, 2, 0, 1, 1, 1, 1, 1, 0, 1, 1, 1, 1, 2, 0, 2, 0, 1, 2, 1, 0, 2, 0], total=41
2024-12-01 23:59:16,003 INFO server.py 327:: [Server] The aggregation takes 0.011253 seconds.

2024-12-01 23:59:16,004 INFO server.py 211:: [Server] Start testing
2024-12-01 23:59:16,017 INFO server.py 235:: [Server] Test set: Average loss: 1.0688, Accuracy: 107/200 (53.5%)

2024-12-01 23:59:16,018 INFO server.py 238:: [Sever] Confusion matrix:
 tensor([[47.,  1.,  2.,  0.],
        [33., 11.,  3.,  3.],
        [18., 10., 13.,  9.],
        [ 6.,  1.,  7., 36.]])
2024-12-01 23:59:16,020 INFO server.py 254:: [Server] Precision=[0.45192307 0.47826087 0.52       0.75      ],
 Recall=[0.94 0.22 0.26 0.72],
 F1-score=[0.61038965 0.30136985 0.34666666 0.7346939 ],
 my_accuracy=53.50000262260437[%]
2024-12-01 23:59:16,020 INFO _main.py 209:: ########EPOCH 3 ########
2024-12-01 23:59:16,021 INFO _main.py 210:: ###Model distribution###
2024-12-01 23:59:18,543 INFO server.py 1064:: clients' sizes=[1, 2, 1, 0, 0, 0, 2, 2, 0, 1, 0, 1, 2, 2, 2, 2, 1, 1, 2, 0, 1, 1, 1, 1, 1, 0, 1, 1, 1, 1, 2, 0, 2, 0, 1, 2, 1, 0, 2, 0], total=41
2024-12-01 23:59:18,553 INFO server.py 327:: [Server] The aggregation takes 0.010390 seconds.

2024-12-01 23:59:18,554 INFO server.py 211:: [Server] Start testing
2024-12-01 23:59:18,568 INFO server.py 235:: [Server] Test set: Average loss: 0.9836, Accuracy: 121/200 (60.5%)

2024-12-01 23:59:18,569 INFO server.py 238:: [Sever] Confusion matrix:
 tensor([[46.,  2.,  2.,  0.],
        [20., 21.,  6.,  3.],
        [13., 14., 15.,  8.],
        [ 0.,  6.,  5., 39.]])
2024-12-01 23:59:18,570 INFO server.py 254:: [Server] Precision=[0.5822785  0.4883721  0.53571427 0.78      ],
 Recall=[0.92 0.42 0.3  0.78],
 F1-score=[0.7131783  0.45161292 0.3846154  0.7799999 ],
 my_accuracy=60.50000190734863[%]
2024-12-01 23:59:18,571 INFO _main.py 209:: ########EPOCH 4 ########
2024-12-01 23:59:18,571 INFO _main.py 210:: ###Model distribution###
2024-12-01 23:59:21,208 INFO server.py 1064:: clients' sizes=[1, 2, 1, 0, 0, 0, 2, 2, 0, 1, 0, 1, 2, 2, 2, 2, 1, 1, 2, 0, 1, 1, 1, 1, 1, 0, 1, 1, 1, 1, 2, 0, 2, 0, 1, 2, 1, 0, 2, 0], total=41
2024-12-01 23:59:21,218 INFO server.py 327:: [Server] The aggregation takes 0.010525 seconds.

2024-12-01 23:59:21,219 INFO server.py 211:: [Server] Start testing
2024-12-01 23:59:21,235 INFO server.py 235:: [Server] Test set: Average loss: 0.9405, Accuracy: 121/200 (60.5%)

2024-12-01 23:59:21,236 INFO server.py 238:: [Sever] Confusion matrix:
 tensor([[41.,  7.,  2.,  0.],
        [18., 23.,  7.,  2.],
        [10., 14., 18.,  8.],
        [ 0.,  6.,  5., 39.]])
2024-12-01 23:59:21,238 INFO server.py 254:: [Server] Precision=[0.5942029  0.46       0.5625     0.79591835],
 Recall=[0.82 0.46 0.36 0.78],
 F1-score=[0.6890756  0.46       0.43902442 0.78787875],
 my_accuracy=60.50000190734863[%]
2024-12-01 23:59:21,238 INFO _main.py 209:: ########EPOCH 5 ########
2024-12-01 23:59:21,238 INFO _main.py 210:: ###Model distribution###
2024-12-01 23:59:23,757 INFO server.py 1064:: clients' sizes=[1, 2, 1, 0, 0, 0, 2, 2, 0, 1, 0, 1, 2, 2, 2, 2, 1, 1, 2, 0, 1, 1, 1, 1, 1, 0, 1, 1, 1, 1, 2, 0, 2, 0, 1, 2, 1, 0, 2, 0], total=41
2024-12-01 23:59:23,768 INFO server.py 327:: [Server] The aggregation takes 0.011602 seconds.

2024-12-01 23:59:23,769 INFO server.py 211:: [Server] Start testing
2024-12-01 23:59:23,783 INFO server.py 235:: [Server] Test set: Average loss: 0.9115, Accuracy: 123/200 (61.5%)

2024-12-01 23:59:23,784 INFO server.py 238:: [Sever] Confusion matrix:
 tensor([[41.,  7.,  2.,  0.],
        [17., 22.,  9.,  2.],
        [ 8., 14., 21.,  7.],
        [ 0.,  6.,  5., 39.]])
2024-12-01 23:59:23,786 INFO server.py 254:: [Server] Precision=[0.6212121 0.4489796 0.5675676 0.8125   ],
 Recall=[0.82 0.44 0.42 0.78],
 F1-score=[0.7068965  0.44444445 0.48275864 0.79591835],
 my_accuracy=61.500000953674316[%]
2024-12-01 23:59:23,786 INFO _main.py 209:: ########EPOCH 6 ########
2024-12-01 23:59:23,787 INFO _main.py 210:: ###Model distribution###
2024-12-01 23:59:26,821 INFO server.py 1064:: clients' sizes=[1, 2, 1, 0, 0, 0, 2, 2, 0, 1, 0, 1, 2, 2, 2, 2, 1, 1, 2, 0, 1, 1, 1, 1, 1, 0, 1, 1, 1, 1, 2, 0, 2, 0, 1, 2, 1, 0, 2, 0], total=41
2024-12-01 23:59:26,836 INFO server.py 327:: [Server] The aggregation takes 0.015976 seconds.

2024-12-01 23:59:26,837 INFO server.py 211:: [Server] Start testing
2024-12-01 23:59:26,856 INFO server.py 235:: [Server] Test set: Average loss: 0.8978, Accuracy: 122/200 (61.0%)

2024-12-01 23:59:26,857 INFO server.py 238:: [Sever] Confusion matrix:
 tensor([[41.,  7.,  2.,  0.],
        [17., 22., 10.,  1.],
        [ 8., 13., 24.,  5.],
        [ 0.,  6.,  9., 35.]])
2024-12-01 23:59:26,861 INFO server.py 254:: [Server] Precision=[0.6212121  0.45833334 0.53333336 0.85365856],
 Recall=[0.82 0.44 0.48 0.7 ],
 F1-score=[0.7068965  0.44897962 0.5052632  0.76923084],
 my_accuracy=61.000001430511475[%]
2024-12-01 23:59:26,862 INFO _main.py 209:: ########EPOCH 7 ########
2024-12-01 23:59:26,862 INFO _main.py 210:: ###Model distribution###
2024-12-01 23:59:30,677 INFO server.py 1064:: clients' sizes=[1, 2, 1, 0, 0, 0, 2, 2, 0, 1, 0, 1, 2, 2, 2, 2, 1, 1, 2, 0, 1, 1, 1, 1, 1, 0, 1, 1, 1, 1, 2, 0, 2, 0, 1, 2, 1, 0, 2, 0], total=41
2024-12-01 23:59:30,693 INFO server.py 327:: [Server] The aggregation takes 0.017176 seconds.

2024-12-01 23:59:30,694 INFO server.py 211:: [Server] Start testing
2024-12-01 23:59:30,714 INFO server.py 235:: [Server] Test set: Average loss: 0.8730, Accuracy: 122/200 (61.0%)

2024-12-01 23:59:30,715 INFO server.py 238:: [Sever] Confusion matrix:
 tensor([[41.,  7.,  2.,  0.],
        [15., 23., 11.,  1.],
        [ 6., 15., 22.,  7.],
        [ 0.,  5.,  9., 36.]])
2024-12-01 23:59:30,717 INFO server.py 254:: [Server] Precision=[0.66129035 0.46       0.5        0.8181818 ],
 Recall=[0.82 0.46 0.44 0.72],
 F1-score=[0.73214287 0.46       0.4680851  0.76595753],
 my_accuracy=61.000001430511475[%]
2024-12-01 23:59:30,717 INFO _main.py 209:: ########EPOCH 8 ########
2024-12-01 23:59:30,718 INFO _main.py 210:: ###Model distribution###
2024-12-01 23:59:33,269 INFO server.py 1064:: clients' sizes=[1, 2, 1, 0, 0, 0, 2, 2, 0, 1, 0, 1, 2, 2, 2, 2, 1, 1, 2, 0, 1, 1, 1, 1, 1, 0, 1, 1, 1, 1, 2, 0, 2, 0, 1, 2, 1, 0, 2, 0], total=41
2024-12-01 23:59:33,278 INFO server.py 327:: [Server] The aggregation takes 0.010394 seconds.

2024-12-01 23:59:33,279 INFO server.py 211:: [Server] Start testing
2024-12-01 23:59:33,293 INFO server.py 235:: [Server] Test set: Average loss: 0.8575, Accuracy: 124/200 (62.0%)

2024-12-01 23:59:33,295 INFO server.py 238:: [Sever] Confusion matrix:
 tensor([[41.,  8.,  1.,  0.],
        [15., 24., 10.,  1.],
        [ 7., 16., 20.,  7.],
        [ 0.,  5.,  6., 39.]])
2024-12-01 23:59:33,300 INFO server.py 254:: [Server] Precision=[0.6507937  0.4528302  0.5405405  0.82978725],
 Recall=[0.82 0.48 0.4  0.78],
 F1-score=[0.7256637  0.4660194  0.45977008 0.8041237 ],
 my_accuracy=62.00000047683716[%]
2024-12-01 23:59:33,301 INFO _main.py 209:: ########EPOCH 9 ########
2024-12-01 23:59:33,302 INFO _main.py 210:: ###Model distribution###
2024-12-01 23:59:35,851 INFO server.py 1064:: clients' sizes=[1, 2, 1, 0, 0, 0, 2, 2, 0, 1, 0, 1, 2, 2, 2, 2, 1, 1, 2, 0, 1, 1, 1, 1, 1, 0, 1, 1, 1, 1, 2, 0, 2, 0, 1, 2, 1, 0, 2, 0], total=41
2024-12-01 23:59:35,860 INFO server.py 327:: [Server] The aggregation takes 0.010188 seconds.

2024-12-01 23:59:35,861 INFO server.py 211:: [Server] Start testing
2024-12-01 23:59:35,875 INFO server.py 235:: [Server] Test set: Average loss: 0.8534, Accuracy: 122/200 (61.0%)

2024-12-01 23:59:35,877 INFO server.py 238:: [Sever] Confusion matrix:
 tensor([[41.,  8.,  1.,  0.],
        [15., 23., 11.,  1.],
        [ 6., 17., 21.,  6.],
        [ 0.,  5.,  8., 37.]])
2024-12-01 23:59:35,878 INFO server.py 254:: [Server] Precision=[0.66129035 0.43396226 0.5121951  0.84090906],
 Recall=[0.82 0.46 0.42 0.74],
 F1-score=[0.73214287 0.44660196 0.46153846 0.78723407],
 my_accuracy=61.000001430511475[%]
2024-12-01 23:59:35,879 INFO _main.py 209:: ########EPOCH 10 ########
2024-12-01 23:59:35,879 INFO _main.py 210:: ###Model distribution###
2024-12-01 23:59:38,417 INFO server.py 1064:: clients' sizes=[1, 2, 1, 0, 0, 0, 2, 2, 0, 1, 0, 1, 2, 2, 2, 2, 1, 1, 2, 0, 1, 1, 1, 1, 1, 0, 1, 1, 1, 1, 2, 0, 2, 0, 1, 2, 1, 0, 2, 0], total=41
2024-12-01 23:59:38,426 INFO server.py 327:: [Server] The aggregation takes 0.010512 seconds.

2024-12-01 23:59:38,428 INFO server.py 211:: [Server] Start testing
2024-12-01 23:59:38,441 INFO server.py 235:: [Server] Test set: Average loss: 0.8386, Accuracy: 122/200 (61.0%)

2024-12-01 23:59:38,443 INFO server.py 238:: [Sever] Confusion matrix:
 tensor([[41.,  7.,  2.,  0.],
        [15., 22., 11.,  2.],
        [ 4., 17., 22.,  7.],
        [ 0.,  5.,  8., 37.]])
2024-12-01 23:59:38,444 INFO server.py 254:: [Server] Precision=[0.68333334 0.43137255 0.5116279  0.8043478 ],
 Recall=[0.82 0.44 0.44 0.74],
 F1-score=[0.7454545  0.43564355 0.47311828 0.7708334 ],
 my_accuracy=61.000001430511475[%]
2024-12-01 23:59:38,445 INFO _main.py 209:: ########EPOCH 11 ########
2024-12-01 23:59:38,445 INFO _main.py 210:: ###Model distribution###
2024-12-01 23:59:41,536 INFO server.py 1064:: clients' sizes=[1, 2, 1, 0, 0, 0, 2, 2, 0, 1, 0, 1, 2, 2, 2, 2, 1, 1, 2, 0, 1, 1, 1, 1, 1, 0, 1, 1, 1, 1, 2, 0, 2, 0, 1, 2, 1, 0, 2, 0], total=41
2024-12-01 23:59:41,552 INFO server.py 327:: [Server] The aggregation takes 0.016531 seconds.

2024-12-01 23:59:41,553 INFO server.py 211:: [Server] Start testing
2024-12-01 23:59:41,572 INFO server.py 235:: [Server] Test set: Average loss: 0.8220, Accuracy: 122/200 (61.0%)

2024-12-01 23:59:41,573 INFO server.py 238:: [Sever] Confusion matrix:
 tensor([[41.,  8.,  1.,  0.],
        [15., 23., 11.,  1.],
        [ 4., 18., 21.,  7.],
        [ 0.,  5.,  8., 37.]])
2024-12-01 23:59:41,575 INFO server.py 254:: [Server] Precision=[0.68333334 0.42592594 0.5121951  0.82222223],
 Recall=[0.82 0.46 0.42 0.74],
 F1-score=[0.7454545  0.4423077  0.46153846 0.77894735],
 my_accuracy=61.000001430511475[%]
2024-12-01 23:59:41,576 INFO _main.py 209:: ########EPOCH 12 ########
2024-12-01 23:59:41,576 INFO _main.py 210:: ###Model distribution###
2024-12-01 23:59:45,320 INFO server.py 1064:: clients' sizes=[1, 2, 1, 0, 0, 0, 2, 2, 0, 1, 0, 1, 2, 2, 2, 2, 1, 1, 2, 0, 1, 1, 1, 1, 1, 0, 1, 1, 1, 1, 2, 0, 2, 0, 1, 2, 1, 0, 2, 0], total=41
2024-12-01 23:59:45,335 INFO server.py 327:: [Server] The aggregation takes 0.016538 seconds.

2024-12-01 23:59:45,336 INFO server.py 211:: [Server] Start testing
2024-12-01 23:59:45,357 INFO server.py 235:: [Server] Test set: Average loss: 0.8109, Accuracy: 124/200 (62.0%)

2024-12-01 23:59:45,359 INFO server.py 238:: [Sever] Confusion matrix:
 tensor([[41.,  7.,  2.,  0.],
        [13., 22., 14.,  1.],
        [ 4., 16., 23.,  7.],
        [ 0.,  5.,  7., 38.]])
2024-12-01 23:59:45,361 INFO server.py 254:: [Server] Precision=[0.70689654 0.44       0.5        0.82608694],
 Recall=[0.82 0.44 0.46 0.76],
 F1-score=[0.7592593  0.44       0.47916666 0.7916667 ],
 my_accuracy=62.00000047683716[%]
2024-12-01 23:59:45,362 INFO _main.py 209:: ########EPOCH 13 ########
2024-12-01 23:59:45,362 INFO _main.py 210:: ###Model distribution###
2024-12-01 23:59:48,261 INFO server.py 1064:: clients' sizes=[1, 2, 1, 0, 0, 0, 2, 2, 0, 1, 0, 1, 2, 2, 2, 2, 1, 1, 2, 0, 1, 1, 1, 1, 1, 0, 1, 1, 1, 1, 2, 0, 2, 0, 1, 2, 1, 0, 2, 0], total=41
2024-12-01 23:59:48,271 INFO server.py 327:: [Server] The aggregation takes 0.010962 seconds.

2024-12-01 23:59:48,272 INFO server.py 211:: [Server] Start testing
2024-12-01 23:59:48,286 INFO server.py 235:: [Server] Test set: Average loss: 0.7985, Accuracy: 124/200 (62.0%)

2024-12-01 23:59:48,287 INFO server.py 238:: [Sever] Confusion matrix:
 tensor([[40.,  8.,  2.,  0.],
        [14., 23., 12.,  1.],
        [ 4., 16., 22.,  8.],
        [ 0.,  4.,  7., 39.]])
2024-12-01 23:59:48,288 INFO server.py 254:: [Server] Precision=[0.6896552 0.4509804 0.5116279 0.8125   ],
 Recall=[0.8  0.46 0.44 0.78],
 F1-score=[0.7407407  0.45544556 0.47311828 0.79591835],
 my_accuracy=62.00000047683716[%]
2024-12-01 23:59:48,289 INFO _main.py 209:: ########EPOCH 14 ########
2024-12-01 23:59:48,289 INFO _main.py 210:: ###Model distribution###
2024-12-01 23:59:50,943 INFO server.py 1064:: clients' sizes=[1, 2, 1, 0, 0, 0, 2, 2, 0, 1, 0, 1, 2, 2, 2, 2, 1, 1, 2, 0, 1, 1, 1, 1, 1, 0, 1, 1, 1, 1, 2, 0, 2, 0, 1, 2, 1, 0, 2, 0], total=41
2024-12-01 23:59:50,953 INFO server.py 327:: [Server] The aggregation takes 0.010644 seconds.

2024-12-01 23:59:50,954 INFO server.py 211:: [Server] Start testing
2024-12-01 23:59:50,967 INFO server.py 235:: [Server] Test set: Average loss: 0.7858, Accuracy: 127/200 (63.5%)

2024-12-01 23:59:50,969 INFO server.py 238:: [Sever] Confusion matrix:
 tensor([[41.,  7.,  2.,  0.],
        [14., 24., 11.,  1.],
        [ 4., 15., 23.,  8.],
        [ 0.,  4.,  7., 39.]])
2024-12-01 23:59:50,970 INFO server.py 254:: [Server] Precision=[0.69491524 0.48       0.53488374 0.8125    ],
 Recall=[0.82 0.48 0.46 0.78],
 F1-score=[0.7522935  0.48       0.49462366 0.79591835],
 my_accuracy=63.499999046325684[%]
2024-12-01 23:59:50,971 INFO _main.py 209:: ########EPOCH 15 ########
2024-12-01 23:59:50,971 INFO _main.py 210:: ###Model distribution###
2024-12-01 23:59:53,509 INFO server.py 1064:: clients' sizes=[1, 2, 1, 0, 0, 0, 2, 2, 0, 1, 0, 1, 2, 2, 2, 2, 1, 1, 2, 0, 1, 1, 1, 1, 1, 0, 1, 1, 1, 1, 2, 0, 2, 0, 1, 2, 1, 0, 2, 0], total=41
2024-12-01 23:59:53,518 INFO server.py 327:: [Server] The aggregation takes 0.010348 seconds.

2024-12-01 23:59:53,519 INFO server.py 211:: [Server] Start testing
2024-12-01 23:59:53,533 INFO server.py 235:: [Server] Test set: Average loss: 0.7791, Accuracy: 128/200 (64.0%)

2024-12-01 23:59:53,534 INFO server.py 238:: [Sever] Confusion matrix:
 tensor([[41.,  7.,  2.,  0.],
        [14., 24., 11.,  1.],
        [ 4., 15., 25.,  6.],
        [ 0.,  4.,  8., 38.]])
2024-12-01 23:59:53,536 INFO server.py 254:: [Server] Precision=[0.69491524 0.48       0.54347825 0.84444445],
 Recall=[0.82 0.48 0.5  0.76],
 F1-score=[0.7522935  0.48       0.5208333  0.79999995],
 my_accuracy=63.999998569488525[%]
2024-12-01 23:59:53,536 INFO _main.py 209:: ########EPOCH 16 ########
2024-12-01 23:59:53,537 INFO _main.py 210:: ###Model distribution###
2024-12-01 23:59:56,062 INFO server.py 1064:: clients' sizes=[1, 2, 1, 0, 0, 0, 2, 2, 0, 1, 0, 1, 2, 2, 2, 2, 1, 1, 2, 0, 1, 1, 1, 1, 1, 0, 1, 1, 1, 1, 2, 0, 2, 0, 1, 2, 1, 0, 2, 0], total=41
2024-12-01 23:59:56,078 INFO server.py 327:: [Server] The aggregation takes 0.017091 seconds.

2024-12-01 23:59:56,079 INFO server.py 211:: [Server] Start testing
2024-12-01 23:59:56,095 INFO server.py 235:: [Server] Test set: Average loss: 0.7695, Accuracy: 126/200 (63.0%)

2024-12-01 23:59:56,097 INFO server.py 238:: [Sever] Confusion matrix:
 tensor([[39.,  9.,  2.,  0.],
        [13., 25., 11.,  1.],
        [ 5., 14., 24.,  7.],
        [ 0.,  4.,  8., 38.]])
2024-12-01 23:59:56,098 INFO server.py 254:: [Server] Precision=[0.68421054 0.48076922 0.53333336 0.82608694],
 Recall=[0.78 0.5  0.48 0.76],
 F1-score=[0.72897196 0.49019608 0.5052632  0.7916667 ],
 my_accuracy=62.99999952316284[%]
2024-12-01 23:59:56,099 INFO _main.py 209:: ########EPOCH 17 ########
2024-12-01 23:59:56,099 INFO _main.py 210:: ###Model distribution###
2024-12-01 23:59:59,498 INFO server.py 1064:: clients' sizes=[1, 2, 1, 0, 0, 0, 2, 2, 0, 1, 0, 1, 2, 2, 2, 2, 1, 1, 2, 0, 1, 1, 1, 1, 1, 0, 1, 1, 1, 1, 2, 0, 2, 0, 1, 2, 1, 0, 2, 0], total=41
2024-12-01 23:59:59,514 INFO server.py 327:: [Server] The aggregation takes 0.018172 seconds.

2024-12-01 23:59:59,515 INFO server.py 211:: [Server] Start testing
2024-12-01 23:59:59,539 INFO server.py 235:: [Server] Test set: Average loss: 0.7517, Accuracy: 127/200 (63.5%)

2024-12-01 23:59:59,542 INFO server.py 238:: [Sever] Confusion matrix:
 tensor([[39.,  9.,  2.,  0.],
        [12., 25., 12.,  1.],
        [ 5., 13., 24.,  8.],
        [ 0.,  3.,  8., 39.]])
2024-12-01 23:59:59,544 INFO server.py 254:: [Server] Precision=[0.6964286 0.5       0.5217391 0.8125   ],
 Recall=[0.78 0.5  0.48 0.78],
 F1-score=[0.7358491  0.5        0.5        0.79591835],
 my_accuracy=63.499999046325684[%]
2024-12-01 23:59:59,545 INFO _main.py 209:: ########EPOCH 18 ########
2024-12-01 23:59:59,546 INFO _main.py 210:: ###Model distribution###
2024-12-02 00:00:03,213 INFO server.py 1064:: clients' sizes=[1, 2, 1, 0, 0, 0, 2, 2, 0, 1, 0, 1, 2, 2, 2, 2, 1, 1, 2, 0, 1, 1, 1, 1, 1, 0, 1, 1, 1, 1, 2, 0, 2, 0, 1, 2, 1, 0, 2, 0], total=41
2024-12-02 00:00:03,223 INFO server.py 327:: [Server] The aggregation takes 0.010881 seconds.

2024-12-02 00:00:03,224 INFO server.py 211:: [Server] Start testing
2024-12-02 00:00:03,238 INFO server.py 235:: [Server] Test set: Average loss: 0.7422, Accuracy: 128/200 (64.0%)

2024-12-02 00:00:03,239 INFO server.py 238:: [Sever] Confusion matrix:
 tensor([[39.,  9.,  2.,  0.],
        [12., 24., 13.,  1.],
        [ 3., 13., 26.,  8.],
        [ 0.,  2.,  9., 39.]])
2024-12-02 00:00:03,241 INFO server.py 254:: [Server] Precision=[0.7222222 0.5       0.52      0.8125   ],
 Recall=[0.78 0.48 0.52 0.78],
 F1-score=[0.74999994 0.4897959  0.52       0.79591835],
 my_accuracy=63.999998569488525[%]
2024-12-02 00:00:03,242 INFO _main.py 209:: ########EPOCH 19 ########
2024-12-02 00:00:03,243 INFO _main.py 210:: ###Model distribution###
2024-12-02 00:00:05,995 INFO server.py 1064:: clients' sizes=[1, 2, 1, 0, 0, 0, 2, 2, 0, 1, 0, 1, 2, 2, 2, 2, 1, 1, 2, 0, 1, 1, 1, 1, 1, 0, 1, 1, 1, 1, 2, 0, 2, 0, 1, 2, 1, 0, 2, 0], total=41
2024-12-02 00:00:06,005 INFO server.py 327:: [Server] The aggregation takes 0.010817 seconds.

2024-12-02 00:00:06,006 INFO server.py 211:: [Server] Start testing
2024-12-02 00:00:06,020 INFO server.py 235:: [Server] Test set: Average loss: 0.7371, Accuracy: 127/200 (63.5%)

2024-12-02 00:00:06,021 INFO server.py 238:: [Sever] Confusion matrix:
 tensor([[39.,  9.,  2.,  0.],
        [12., 24., 13.,  1.],
        [ 6.,  9., 27.,  8.],
        [ 0.,  2., 11., 37.]])
2024-12-02 00:00:06,023 INFO server.py 254:: [Server] Precision=[0.68421054 0.54545456 0.509434   0.8043478 ],
 Recall=[0.78 0.48 0.54 0.74],
 F1-score=[0.72897196 0.5106383  0.5242719  0.7708334 ],
 my_accuracy=63.499999046325684[%]
2024-12-02 00:00:06,023 INFO _main.py 209:: ########EPOCH 20 ########
2024-12-02 00:00:06,024 INFO _main.py 210:: ###Model distribution###
2024-12-02 00:00:08,742 INFO server.py 1064:: clients' sizes=[1, 2, 1, 0, 0, 0, 2, 2, 0, 1, 0, 1, 2, 2, 2, 2, 1, 1, 2, 0, 1, 1, 1, 1, 1, 0, 1, 1, 1, 1, 2, 0, 2, 0, 1, 2, 1, 0, 2, 0], total=41
2024-12-02 00:00:08,752 INFO server.py 327:: [Server] The aggregation takes 0.010973 seconds.

2024-12-02 00:00:08,753 INFO server.py 211:: [Server] Start testing
2024-12-02 00:00:08,767 INFO server.py 235:: [Server] Test set: Average loss: 0.7321, Accuracy: 134/200 (67.0%)

2024-12-02 00:00:08,768 INFO server.py 238:: [Sever] Confusion matrix:
 tensor([[41.,  7.,  2.,  0.],
        [12., 24., 13.,  1.],
        [ 6.,  6., 30.,  8.],
        [ 0.,  2.,  9., 39.]])
2024-12-02 00:00:08,769 INFO server.py 254:: [Server] Precision=[0.69491524 0.61538464 0.5555556  0.8125    ],
 Recall=[0.82 0.48 0.6  0.78],
 F1-score=[0.7522935  0.53932583 0.57692313 0.79591835],
 my_accuracy=67.00000166893005[%]
2024-12-02 00:00:08,770 INFO _main.py 209:: ########EPOCH 21 ########
2024-12-02 00:00:08,770 INFO _main.py 210:: ###Model distribution###
2024-12-02 00:00:11,562 INFO server.py 1064:: clients' sizes=[1, 2, 1, 0, 0, 0, 2, 2, 0, 1, 0, 1, 2, 2, 2, 2, 1, 1, 2, 0, 1, 1, 1, 1, 1, 0, 1, 1, 1, 1, 2, 0, 2, 0, 1, 2, 1, 0, 2, 0], total=41
2024-12-02 00:00:11,572 INFO server.py 327:: [Server] The aggregation takes 0.010776 seconds.

2024-12-02 00:00:11,573 INFO server.py 211:: [Server] Start testing
2024-12-02 00:00:11,586 INFO server.py 235:: [Server] Test set: Average loss: 0.7285, Accuracy: 129/200 (64.5%)

2024-12-02 00:00:11,588 INFO server.py 238:: [Sever] Confusion matrix:
 tensor([[40.,  8.,  2.,  0.],
        [12., 24., 13.,  1.],
        [ 7.,  9., 24., 10.],
        [ 0.,  2.,  7., 41.]])
2024-12-02 00:00:11,589 INFO server.py 254:: [Server] Precision=[0.6779661  0.55813956 0.5217391  0.78846157],
 Recall=[0.8  0.48 0.48 0.82],
 F1-score=[0.73394495 0.516129   0.5        0.8039216 ],
 my_accuracy=64.49999809265137[%]
2024-12-02 00:00:11,590 INFO _main.py 209:: ########EPOCH 22 ########
2024-12-02 00:00:11,591 INFO _main.py 210:: ###Model distribution###
2024-12-02 00:00:15,119 INFO server.py 1064:: clients' sizes=[1, 2, 1, 0, 0, 0, 2, 2, 0, 1, 0, 1, 2, 2, 2, 2, 1, 1, 2, 0, 1, 1, 1, 1, 1, 0, 1, 1, 1, 1, 2, 0, 2, 0, 1, 2, 1, 0, 2, 0], total=41
2024-12-02 00:00:15,134 INFO server.py 327:: [Server] The aggregation takes 0.016280 seconds.

2024-12-02 00:00:15,135 INFO server.py 211:: [Server] Start testing
2024-12-02 00:00:15,154 INFO server.py 235:: [Server] Test set: Average loss: 0.7238, Accuracy: 128/200 (64.0%)

2024-12-02 00:00:15,155 INFO server.py 238:: [Sever] Confusion matrix:
 tensor([[39.,  9.,  2.,  0.],
        [12., 24., 13.,  1.],
        [ 7.,  9., 24., 10.],
        [ 0.,  2.,  7., 41.]])
2024-12-02 00:00:15,156 INFO server.py 254:: [Server] Precision=[0.67241377 0.54545456 0.5217391  0.78846157],
 Recall=[0.78 0.48 0.48 0.82],
 F1-score=[0.72222215 0.5106383  0.5        0.8039216 ],
 my_accuracy=63.999998569488525[%]
2024-12-02 00:00:15,157 INFO _main.py 209:: ########EPOCH 23 ########
2024-12-02 00:00:15,158 INFO _main.py 210:: ###Model distribution###
2024-12-02 00:00:18,665 INFO server.py 1064:: clients' sizes=[1, 2, 1, 0, 0, 0, 2, 2, 0, 1, 0, 1, 2, 2, 2, 2, 1, 1, 2, 0, 1, 1, 1, 1, 1, 0, 1, 1, 1, 1, 2, 0, 2, 0, 1, 2, 1, 0, 2, 0], total=41
2024-12-02 00:00:18,675 INFO server.py 327:: [Server] The aggregation takes 0.010538 seconds.

2024-12-02 00:00:18,676 INFO server.py 211:: [Server] Start testing
2024-12-02 00:00:18,690 INFO server.py 235:: [Server] Test set: Average loss: 0.7240, Accuracy: 131/200 (65.5%)

2024-12-02 00:00:18,691 INFO server.py 238:: [Sever] Confusion matrix:
 tensor([[40.,  8.,  2.,  0.],
        [12., 26., 11.,  1.],
        [ 7., 11., 24.,  8.],
        [ 0.,  2.,  7., 41.]])
2024-12-02 00:00:18,693 INFO server.py 254:: [Server] Precision=[0.6779661  0.5531915  0.54545456 0.82      ],
 Recall=[0.8  0.52 0.48 0.82],
 F1-score=[0.73394495 0.5360825  0.5106383  0.82      ],
 my_accuracy=65.49999713897705[%]
2024-12-02 00:00:18,693 INFO _main.py 209:: ########EPOCH 24 ########
2024-12-02 00:00:18,694 INFO _main.py 210:: ###Model distribution###
2024-12-02 00:00:21,424 INFO server.py 1064:: clients' sizes=[1, 2, 1, 0, 0, 0, 2, 2, 0, 1, 0, 1, 2, 2, 2, 2, 1, 1, 2, 0, 1, 1, 1, 1, 1, 0, 1, 1, 1, 1, 2, 0, 2, 0, 1, 2, 1, 0, 2, 0], total=41
2024-12-02 00:00:21,434 INFO server.py 327:: [Server] The aggregation takes 0.010863 seconds.

2024-12-02 00:00:21,435 INFO server.py 211:: [Server] Start testing
2024-12-02 00:00:21,449 INFO server.py 235:: [Server] Test set: Average loss: 0.7183, Accuracy: 133/200 (66.5%)

2024-12-02 00:00:21,450 INFO server.py 238:: [Sever] Confusion matrix:
 tensor([[39.,  9.,  2.,  0.],
        [12., 26., 11.,  1.],
        [ 7.,  8., 28.,  7.],
        [ 0.,  2.,  8., 40.]])
2024-12-02 00:00:21,451 INFO server.py 254:: [Server] Precision=[0.67241377 0.5777778  0.5714286  0.8333333 ],
 Recall=[0.78 0.52 0.56 0.8 ],
 F1-score=[0.72222215 0.5473684  0.5656566  0.81632656],
 my_accuracy=66.50000214576721[%]
