2024-11-26 17:49:56,868 INFO _main.py 39:: ################################################################
2024-11-26 17:49:56,870 INFO _main.py 41:: #                              batch_size: 64                  #
2024-11-26 17:49:56,871 INFO _main.py 41:: #                         test_batch_size: 64                  #
2024-11-26 17:49:56,871 INFO _main.py 41:: #                                  epochs: 40                  #
2024-11-26 17:49:56,871 INFO _main.py 41:: #                               optimizer: SGD                 #
2024-11-26 17:49:56,871 INFO _main.py 41:: #                                      lr: 0.01                #
2024-11-26 17:49:56,872 INFO _main.py 41:: #                                momentum: 0.9                 #
2024-11-26 17:49:56,872 INFO _main.py 41:: #                            weight_decay: 0.0001              #
2024-11-26 17:49:56,872 INFO _main.py 41:: #                                    seed: 1                   #
2024-11-26 17:49:56,872 INFO _main.py 41:: #                            log_interval: 11                  #
2024-11-26 17:49:56,872 INFO _main.py 41:: #                             num_clients: 40                  #
2024-11-26 17:49:56,872 INFO _main.py 41:: #                           output_folder: experiments         #
2024-11-26 17:49:56,873 INFO _main.py 41:: #                                 dataset: rockburst           #
2024-11-26 17:49:56,873 INFO _main.py 41:: #                             loader_type: dirichlet           #
2024-11-26 17:49:56,873 INFO _main.py 41:: #                             loader_path: ./data/loader.pk    #
2024-11-26 17:49:56,873 INFO _main.py 41:: #                                      AR: fedavg              #
2024-11-26 17:49:56,873 INFO _main.py 41:: #                     n_attacker_backdoor: 0                   #
2024-11-26 17:49:56,874 INFO _main.py 41:: #                        backdoor_trigger: [0, 0, 1, 1]        #
2024-11-26 17:49:56,874 INFO _main.py 41:: #                   n_attacker_omniscient: 0                   #
2024-11-26 17:49:56,874 INFO _main.py 41:: #                        omniscient_scale: 1                   #
2024-11-26 17:49:56,874 INFO _main.py 41:: #                                 attacks: None                #
2024-11-26 17:49:56,874 INFO _main.py 41:: #                      save_model_weights: False               #
2024-11-26 17:49:56,874 INFO _main.py 41:: #                         experiment_name: sExp4Ba_40ep_rockburst_fedavg_40C_5#
2024-11-26 17:49:56,875 INFO _main.py 41:: #                          path_to_aggNet: None                #
2024-11-26 17:49:56,875 INFO _main.py 41:: #                                  device: cpu                 #
2024-11-26 17:49:56,875 INFO _main.py 41:: #                            inner_epochs: 4                   #
2024-11-26 17:49:56,875 INFO _main.py 41:: #                                 verbose: True                #
2024-11-26 17:49:56,875 INFO _main.py 41:: #                         list_unreliable: [2, 18, 20]         #
2024-11-26 17:49:56,876 INFO _main.py 41:: #                     unreliable_fraction: 0.5                 #
2024-11-26 17:49:56,876 INFO _main.py 41:: #                    unreliable_fracTrain: 0.3                 #
2024-11-26 17:49:56,876 INFO _main.py 41:: #                         mean_unreliable: 0.0                 #
2024-11-26 17:49:56,876 INFO _main.py 41:: #                             blur_method: add_noise           #
2024-11-26 17:49:56,876 INFO _main.py 41:: #                      max_std_unreliable: 30.0                #
2024-11-26 17:49:56,876 INFO _main.py 41:: #                     list_uatk_add_noise: [24, 25, 26]        #
2024-11-26 17:49:56,877 INFO _main.py 41:: #                          mean_add_noise: 0.0                 #
2024-11-26 17:49:56,877 INFO _main.py 41:: #                           std_add_noise: 0.01                #
2024-11-26 17:49:56,877 INFO _main.py 41:: #                     list_uatk_flip_sign: [0, 10, 11]         #
2024-11-26 17:49:56,877 INFO _main.py 42:: ################################################################
2024-11-26 17:49:56,877 INFO _main.py 43:: Namespace(batch_size=64, test_batch_size=64, epochs=40, optimizer='SGD', lr=0.01, momentum=0.9, weight_decay=0.0001, seed=1, log_interval=11, num_clients=40, output_folder='experiments', dataset='rockburst', loader_type='dirichlet', loader_path='./data/loader.pk', AR='fedavg', n_attacker_backdoor=0, backdoor_trigger=[0, 0, 1, 1], n_attacker_omniscient=0, omniscient_scale=1, attacks=None, save_model_weights=False, experiment_name='sExp4Ba_40ep_rockburst_fedavg_40C_5', path_to_aggNet=None, device='cpu', inner_epochs=4, verbose=True, list_unreliable=[2, 18, 20], unreliable_fraction=0.5, unreliable_fracTrain=0.3, mean_unreliable=0.0, blur_method='add_noise', max_std_unreliable=30.0, list_uatk_add_noise=[24, 25, 26], mean_add_noise=0.0, std_add_noise=0.01, list_uatk_flip_sign=[0, 10, 11])
2024-11-26 17:49:56,878 INFO _main.py 44:: #####################
2024-11-26 17:49:56,878 INFO _main.py 45:: #####################
2024-11-26 17:49:56,878 INFO _main.py 46:: #####################
2024-11-26 17:49:56,878 INFO _main.py 47:: Aggregation Rule:	fedavg
2024-11-26 17:49:56,878 INFO _main.py 48:: Data distribution:	dirichlet
2024-11-26 17:49:56,879 INFO _main.py 49:: Attacks:	None 
2024-11-26 17:49:56,879 INFO _main.py 50:: #####################
2024-11-26 17:49:56,879 INFO _main.py 51:: #####################
2024-11-26 17:49:56,879 INFO _main.py 52:: #####################
2024-11-26 17:49:58,525 INFO server.py 341:: SET DBSCAN eps=1.3, min_samples=10
2024-11-26 17:49:58,528 INFO _main.py 134:: [1-normal, 0-malicious] label =tensor([0., 1., 1., 1., 1., 1., 1., 1., 1., 1., 0., 0., 1., 1., 1., 1., 1., 1.,
        1., 1., 1., 1., 1., 1., 0., 0., 0., 1., 1., 1., 1., 1., 1., 1., 1., 1.,
        1., 1., 1., 1.])
2024-11-26 17:49:58,533 INFO malicious_clients.py 101:: init ATTACK OMNISCIENT Client 0
2024-11-26 17:49:58,537 INFO malicious_clients.py 18:: init UNRELIABLE Client 2
2024-11-26 17:49:58,563 INFO malicious_clients.py 101:: init ATTACK OMNISCIENT Client 10
2024-11-26 17:49:58,566 INFO malicious_clients.py 101:: init ATTACK OMNISCIENT Client 11
2024-11-26 17:49:58,585 INFO malicious_clients.py 18:: init UNRELIABLE Client 18
2024-11-26 17:49:58,591 INFO malicious_clients.py 18:: init UNRELIABLE Client 20
2024-11-26 17:49:58,607 INFO malicious_clients.py 73:: init ATTACK ADD NOISE TO GRAD Client 24
2024-11-26 17:49:58,611 INFO malicious_clients.py 73:: init ATTACK ADD NOISE TO GRAD Client 25
2024-11-26 17:49:58,614 INFO malicious_clients.py 73:: init ATTACK ADD NOISE TO GRAD Client 26
2024-11-26 17:49:58,657 INFO server.py 186:: [Server] Start testing
2024-11-26 17:49:58,672 INFO server.py 210:: [Server] Test set: Average loss: 1.3864, Accuracy: 50/200 (25.0%)

2024-11-26 17:49:58,673 INFO server.py 213:: [Sever] Confusion matrix:
 tensor([[50.,  0.,  0.,  0.],
        [50.,  0.,  0.,  0.],
        [50.,  0.,  0.,  0.],
        [50.,  0.,  0.,  0.]])
2024-11-26 17:49:58,679 INFO server.py 229:: [Server] Precision=[0.25  nan  nan  nan],
 Recall=[1. 0. 0. 0.],
 F1-score=[0.4 nan nan nan],
 my_accuracy=25.0[%]
2024-11-26 17:49:58,681 INFO _main.py 208:: ########EPOCH 0 ########
2024-11-26 17:49:58,681 INFO _main.py 209:: ###Model distribution###
2024-11-26 17:49:59,386 INFO server.py 955:: clients' sizes=[1, 2, 1, 0, 0, 0, 2, 2, 0, 1, 0, 1, 2, 2, 2, 2, 1, 1, 2, 0, 1, 1, 1, 1, 1, 0, 1, 1, 1, 1, 2, 0, 2, 0, 1, 2, 1, 0, 2, 0], total=41
2024-11-26 17:49:59,405 INFO server.py 302:: [Server] The aggregation takes 0.323489 seconds.

2024-11-26 17:49:59,406 INFO server.py 186:: [Server] Start testing
2024-11-26 17:49:59,418 INFO server.py 210:: [Server] Test set: Average loss: 1.3840, Accuracy: 50/200 (25.0%)

2024-11-26 17:49:59,419 INFO server.py 213:: [Sever] Confusion matrix:
 tensor([[50.,  0.,  0.,  0.],
        [50.,  0.,  0.,  0.],
        [50.,  0.,  0.,  0.],
        [50.,  0.,  0.,  0.]])
2024-11-26 17:49:59,421 INFO server.py 229:: [Server] Precision=[0.25  nan  nan  nan],
 Recall=[1. 0. 0. 0.],
 F1-score=[0.4 nan nan nan],
 my_accuracy=25.0[%]
2024-11-26 17:49:59,422 INFO _main.py 208:: ########EPOCH 1 ########
2024-11-26 17:49:59,422 INFO _main.py 209:: ###Model distribution###
2024-11-26 17:50:00,090 INFO server.py 955:: clients' sizes=[1, 2, 1, 0, 0, 0, 2, 2, 0, 1, 0, 1, 2, 2, 2, 2, 1, 1, 2, 0, 1, 1, 1, 1, 1, 0, 1, 1, 1, 1, 2, 0, 2, 0, 1, 2, 1, 0, 2, 0], total=41
2024-11-26 17:50:00,101 INFO server.py 302:: [Server] The aggregation takes 0.282791 seconds.

2024-11-26 17:50:00,102 INFO server.py 186:: [Server] Start testing
2024-11-26 17:50:00,113 INFO server.py 210:: [Server] Test set: Average loss: 1.3795, Accuracy: 50/200 (25.0%)

2024-11-26 17:50:00,115 INFO server.py 213:: [Sever] Confusion matrix:
 tensor([[50.,  0.,  0.,  0.],
        [50.,  0.,  0.,  0.],
        [50.,  0.,  0.,  0.],
        [50.,  0.,  0.,  0.]])
2024-11-26 17:50:00,116 INFO server.py 229:: [Server] Precision=[0.25  nan  nan  nan],
 Recall=[1. 0. 0. 0.],
 F1-score=[0.4 nan nan nan],
 my_accuracy=25.0[%]
2024-11-26 17:50:00,117 INFO _main.py 208:: ########EPOCH 2 ########
2024-11-26 17:50:00,117 INFO _main.py 209:: ###Model distribution###
2024-11-26 17:50:00,810 INFO server.py 955:: clients' sizes=[1, 2, 1, 0, 0, 0, 2, 2, 0, 1, 0, 1, 2, 2, 2, 2, 1, 1, 2, 0, 1, 1, 1, 1, 1, 0, 1, 1, 1, 1, 2, 0, 2, 0, 1, 2, 1, 0, 2, 0], total=41
2024-11-26 17:50:00,819 INFO server.py 302:: [Server] The aggregation takes 0.292375 seconds.

2024-11-26 17:50:00,820 INFO server.py 186:: [Server] Start testing
2024-11-26 17:50:00,832 INFO server.py 210:: [Server] Test set: Average loss: 1.3739, Accuracy: 50/200 (25.0%)

2024-11-26 17:50:00,834 INFO server.py 213:: [Sever] Confusion matrix:
 tensor([[50.,  0.,  0.,  0.],
        [50.,  0.,  0.,  0.],
        [50.,  0.,  0.,  0.],
        [50.,  0.,  0.,  0.]])
2024-11-26 17:50:00,835 INFO server.py 229:: [Server] Precision=[0.25  nan  nan  nan],
 Recall=[1. 0. 0. 0.],
 F1-score=[0.4 nan nan nan],
 my_accuracy=25.0[%]
2024-11-26 17:50:00,836 INFO _main.py 208:: ########EPOCH 3 ########
2024-11-26 17:50:00,836 INFO _main.py 209:: ###Model distribution###
2024-11-26 17:50:01,521 INFO server.py 955:: clients' sizes=[1, 2, 1, 0, 0, 0, 2, 2, 0, 1, 0, 1, 2, 2, 2, 2, 1, 1, 2, 0, 1, 1, 1, 1, 1, 0, 1, 1, 1, 1, 2, 0, 2, 0, 1, 2, 1, 0, 2, 0], total=41
2024-11-26 17:50:01,531 INFO server.py 302:: [Server] The aggregation takes 0.247281 seconds.

2024-11-26 17:50:01,532 INFO server.py 186:: [Server] Start testing
2024-11-26 17:50:01,544 INFO server.py 210:: [Server] Test set: Average loss: 1.3674, Accuracy: 52/200 (26.0%)

2024-11-26 17:50:01,545 INFO server.py 213:: [Sever] Confusion matrix:
 tensor([[50.,  0.,  0.,  0.],
        [50.,  0.,  0.,  0.],
        [50.,  0.,  0.,  0.],
        [48.,  0.,  0.,  2.]])
2024-11-26 17:50:01,546 INFO server.py 229:: [Server] Precision=[0.25252524        nan        nan 1.        ],
 Recall=[1.   0.   0.   0.04],
 F1-score=[0.4032258         nan        nan 0.07692308],
 my_accuracy=25.999999046325684[%]
2024-11-26 17:50:01,547 INFO _main.py 208:: ########EPOCH 4 ########
2024-11-26 17:50:01,547 INFO _main.py 209:: ###Model distribution###
2024-11-26 17:50:02,232 INFO server.py 955:: clients' sizes=[1, 2, 1, 0, 0, 0, 2, 2, 0, 1, 0, 1, 2, 2, 2, 2, 1, 1, 2, 0, 1, 1, 1, 1, 1, 0, 1, 1, 1, 1, 2, 0, 2, 0, 1, 2, 1, 0, 2, 0], total=41
2024-11-26 17:50:02,245 INFO server.py 302:: [Server] The aggregation takes 0.264911 seconds.

2024-11-26 17:50:02,246 INFO server.py 186:: [Server] Start testing
2024-11-26 17:50:02,257 INFO server.py 210:: [Server] Test set: Average loss: 1.3603, Accuracy: 63/200 (31.5%)

2024-11-26 17:50:02,258 INFO server.py 213:: [Sever] Confusion matrix:
 tensor([[50.,  0.,  0.,  0.],
        [50.,  0.,  0.,  0.],
        [50.,  0.,  0.,  0.],
        [37.,  0.,  0., 13.]])
2024-11-26 17:50:02,260 INFO server.py 229:: [Server] Precision=[0.26737967        nan        nan 1.        ],
 Recall=[1.   0.   0.   0.26],
 F1-score=[0.42194092        nan        nan 0.4126984 ],
 my_accuracy=31.49999976158142[%]
2024-11-26 17:50:02,260 INFO _main.py 208:: ########EPOCH 5 ########
2024-11-26 17:50:02,260 INFO _main.py 209:: ###Model distribution###
2024-11-26 17:50:02,925 INFO server.py 955:: clients' sizes=[1, 2, 1, 0, 0, 0, 2, 2, 0, 1, 0, 1, 2, 2, 2, 2, 1, 1, 2, 0, 1, 1, 1, 1, 1, 0, 1, 1, 1, 1, 2, 0, 2, 0, 1, 2, 1, 0, 2, 0], total=41
2024-11-26 17:50:02,935 INFO server.py 302:: [Server] The aggregation takes 0.256898 seconds.

2024-11-26 17:50:02,936 INFO server.py 186:: [Server] Start testing
2024-11-26 17:50:02,948 INFO server.py 210:: [Server] Test set: Average loss: 1.3525, Accuracy: 65/200 (32.5%)

2024-11-26 17:50:02,949 INFO server.py 213:: [Sever] Confusion matrix:
 tensor([[50.,  0.,  0.,  0.],
        [50.,  0.,  0.,  0.],
        [50.,  0.,  0.,  0.],
        [35.,  0.,  0., 15.]])
2024-11-26 17:50:02,950 INFO server.py 229:: [Server] Precision=[0.27027026        nan        nan 1.        ],
 Recall=[1.  0.  0.  0.3],
 F1-score=[0.42553192        nan        nan 0.4615385 ],
 my_accuracy=32.499998807907104[%]
2024-11-26 17:50:02,951 INFO _main.py 208:: ########EPOCH 6 ########
2024-11-26 17:50:02,951 INFO _main.py 209:: ###Model distribution###
2024-11-26 17:50:03,665 INFO server.py 955:: clients' sizes=[1, 2, 1, 0, 0, 0, 2, 2, 0, 1, 0, 1, 2, 2, 2, 2, 1, 1, 2, 0, 1, 1, 1, 1, 1, 0, 1, 1, 1, 1, 2, 0, 2, 0, 1, 2, 1, 0, 2, 0], total=41
2024-11-26 17:50:03,687 INFO server.py 302:: [Server] The aggregation takes 0.296105 seconds.

2024-11-26 17:50:03,689 INFO server.py 186:: [Server] Start testing
2024-11-26 17:50:03,707 INFO server.py 210:: [Server] Test set: Average loss: 1.3448, Accuracy: 68/200 (34.0%)

2024-11-26 17:50:03,709 INFO server.py 213:: [Sever] Confusion matrix:
 tensor([[50.,  0.,  0.,  0.],
        [50.,  0.,  0.,  0.],
        [50.,  0.,  0.,  0.],
        [32.,  0.,  0., 18.]])
2024-11-26 17:50:03,711 INFO server.py 229:: [Server] Precision=[0.2747253       nan       nan 1.       ],
 Recall=[1.   0.   0.   0.36],
 F1-score=[0.43103448        nan        nan 0.5294118 ],
 my_accuracy=34.00000035762787[%]
2024-11-26 17:50:03,712 INFO _main.py 208:: ########EPOCH 7 ########
2024-11-26 17:50:03,712 INFO _main.py 209:: ###Model distribution###
2024-11-26 17:50:04,574 INFO server.py 955:: clients' sizes=[1, 2, 1, 0, 0, 0, 2, 2, 0, 1, 0, 1, 2, 2, 2, 2, 1, 1, 2, 0, 1, 1, 1, 1, 1, 0, 1, 1, 1, 1, 2, 0, 2, 0, 1, 2, 1, 0, 2, 0], total=41
2024-11-26 17:50:04,591 INFO server.py 302:: [Server] The aggregation takes 0.277879 seconds.

2024-11-26 17:50:04,592 INFO server.py 186:: [Server] Start testing
2024-11-26 17:50:04,608 INFO server.py 210:: [Server] Test set: Average loss: 1.3351, Accuracy: 73/200 (36.5%)

2024-11-26 17:50:04,609 INFO server.py 213:: [Sever] Confusion matrix:
 tensor([[50.,  0.,  0.,  0.],
        [50.,  0.,  0.,  0.],
        [50.,  0.,  0.,  0.],
        [27.,  0.,  0., 23.]])
2024-11-26 17:50:04,611 INFO server.py 229:: [Server] Precision=[0.28248587        nan        nan 1.        ],
 Recall=[1.   0.   0.   0.46],
 F1-score=[0.44052863        nan        nan 0.63013697],
 my_accuracy=36.500000953674316[%]
2024-11-26 17:50:04,611 INFO _main.py 208:: ########EPOCH 8 ########
2024-11-26 17:50:04,612 INFO _main.py 209:: ###Model distribution###
2024-11-26 17:50:05,471 INFO server.py 955:: clients' sizes=[1, 2, 1, 0, 0, 0, 2, 2, 0, 1, 0, 1, 2, 2, 2, 2, 1, 1, 2, 0, 1, 1, 1, 1, 1, 0, 1, 1, 1, 1, 2, 0, 2, 0, 1, 2, 1, 0, 2, 0], total=41
2024-11-26 17:50:05,487 INFO server.py 302:: [Server] The aggregation takes 0.286425 seconds.

2024-11-26 17:50:05,488 INFO server.py 186:: [Server] Start testing
2024-11-26 17:50:05,506 INFO server.py 210:: [Server] Test set: Average loss: 1.3237, Accuracy: 77/200 (38.5%)

2024-11-26 17:50:05,507 INFO server.py 213:: [Sever] Confusion matrix:
 tensor([[50.,  0.,  0.,  0.],
        [50.,  0.,  0.,  0.],
        [48.,  0.,  0.,  2.],
        [23.,  0.,  0., 27.]])
2024-11-26 17:50:05,509 INFO server.py 229:: [Server] Precision=[0.29239765        nan        nan 0.9310345 ],
 Recall=[1.   0.   0.   0.54],
 F1-score=[0.4524887         nan        nan 0.68354434],
 my_accuracy=38.499999046325684[%]
2024-11-26 17:50:05,509 INFO _main.py 208:: ########EPOCH 9 ########
2024-11-26 17:50:05,510 INFO _main.py 209:: ###Model distribution###
2024-11-26 17:50:06,396 INFO server.py 955:: clients' sizes=[1, 2, 1, 0, 0, 0, 2, 2, 0, 1, 0, 1, 2, 2, 2, 2, 1, 1, 2, 0, 1, 1, 1, 1, 1, 0, 1, 1, 1, 1, 2, 0, 2, 0, 1, 2, 1, 0, 2, 0], total=41
2024-11-26 17:50:06,411 INFO server.py 302:: [Server] The aggregation takes 0.341400 seconds.

2024-11-26 17:50:06,413 INFO server.py 186:: [Server] Start testing
2024-11-26 17:50:06,434 INFO server.py 210:: [Server] Test set: Average loss: 1.3114, Accuracy: 80/200 (40.0%)

2024-11-26 17:50:06,436 INFO server.py 213:: [Sever] Confusion matrix:
 tensor([[50.,  0.,  0.,  0.],
        [48.,  0.,  0.,  2.],
        [47.,  0.,  0.,  3.],
        [20.,  0.,  0., 30.]])
2024-11-26 17:50:06,438 INFO server.py 229:: [Server] Precision=[0.3030303         nan        nan 0.85714287],
 Recall=[1.  0.  0.  0.6],
 F1-score=[0.46511632        nan        nan 0.70588243],
 my_accuracy=40.00000059604645[%]
2024-11-26 17:50:06,438 INFO _main.py 208:: ########EPOCH 10 ########
2024-11-26 17:50:06,439 INFO _main.py 209:: ###Model distribution###
2024-11-26 17:50:07,419 INFO server.py 955:: clients' sizes=[1, 2, 1, 0, 0, 0, 2, 2, 0, 1, 0, 1, 2, 2, 2, 2, 1, 1, 2, 0, 1, 1, 1, 1, 1, 0, 1, 1, 1, 1, 2, 0, 2, 0, 1, 2, 1, 0, 2, 0], total=41
2024-11-26 17:50:07,436 INFO server.py 302:: [Server] The aggregation takes 0.340453 seconds.

2024-11-26 17:50:07,438 INFO server.py 186:: [Server] Start testing
2024-11-26 17:50:07,465 INFO server.py 210:: [Server] Test set: Average loss: 1.2973, Accuracy: 80/200 (40.0%)

2024-11-26 17:50:07,466 INFO server.py 213:: [Sever] Confusion matrix:
 tensor([[50.,  0.,  0.,  0.],
        [47.,  0.,  0.,  3.],
        [45.,  0.,  0.,  5.],
        [20.,  0.,  0., 30.]])
2024-11-26 17:50:07,468 INFO server.py 229:: [Server] Precision=[0.30864197        nan        nan 0.7894737 ],
 Recall=[1.  0.  0.  0.6],
 F1-score=[0.47169814        nan        nan 0.68181825],
 my_accuracy=40.00000059604645[%]
2024-11-26 17:50:07,469 INFO _main.py 208:: ########EPOCH 11 ########
2024-11-26 17:50:07,470 INFO _main.py 209:: ###Model distribution###
2024-11-26 17:50:08,533 INFO server.py 955:: clients' sizes=[1, 2, 1, 0, 0, 0, 2, 2, 0, 1, 0, 1, 2, 2, 2, 2, 1, 1, 2, 0, 1, 1, 1, 1, 1, 0, 1, 1, 1, 1, 2, 0, 2, 0, 1, 2, 1, 0, 2, 0], total=41
2024-11-26 17:50:08,554 INFO server.py 302:: [Server] The aggregation takes 0.319916 seconds.

2024-11-26 17:50:08,555 INFO server.py 186:: [Server] Start testing
2024-11-26 17:50:08,580 INFO server.py 210:: [Server] Test set: Average loss: 1.2831, Accuracy: 80/200 (40.0%)

2024-11-26 17:50:08,584 INFO server.py 213:: [Sever] Confusion matrix:
 tensor([[50.,  0.,  0.,  0.],
        [47.,  0.,  0.,  3.],
        [43.,  0.,  0.,  7.],
        [20.,  0.,  0., 30.]])
2024-11-26 17:50:08,590 INFO server.py 229:: [Server] Precision=[0.3125    nan    nan 0.75  ],
 Recall=[1.  0.  0.  0.6],
 F1-score=[0.47619048        nan        nan 0.6666667 ],
 my_accuracy=40.00000059604645[%]
2024-11-26 17:50:08,591 INFO _main.py 208:: ########EPOCH 12 ########
2024-11-26 17:50:08,592 INFO _main.py 209:: ###Model distribution###
2024-11-26 17:50:09,529 INFO server.py 955:: clients' sizes=[1, 2, 1, 0, 0, 0, 2, 2, 0, 1, 0, 1, 2, 2, 2, 2, 1, 1, 2, 0, 1, 1, 1, 1, 1, 0, 1, 1, 1, 1, 2, 0, 2, 0, 1, 2, 1, 0, 2, 0], total=41
2024-11-26 17:50:09,539 INFO server.py 302:: [Server] The aggregation takes 0.288849 seconds.

2024-11-26 17:50:09,540 INFO server.py 186:: [Server] Start testing
2024-11-26 17:50:09,551 INFO server.py 210:: [Server] Test set: Average loss: 1.2656, Accuracy: 82/200 (41.0%)

2024-11-26 17:50:09,552 INFO server.py 213:: [Sever] Confusion matrix:
 tensor([[50.,  0.,  0.,  0.],
        [47.,  0.,  0.,  3.],
        [39.,  0.,  0., 11.],
        [18.,  0.,  0., 32.]])
2024-11-26 17:50:09,554 INFO server.py 229:: [Server] Precision=[0.32467532        nan        nan 0.6956522 ],
 Recall=[1.   0.   0.   0.64],
 F1-score=[0.49019608        nan        nan 0.6666667 ],
 my_accuracy=40.99999964237213[%]
2024-11-26 17:50:09,554 INFO _main.py 208:: ########EPOCH 13 ########
2024-11-26 17:50:09,555 INFO _main.py 209:: ###Model distribution###
2024-11-26 17:50:10,240 INFO server.py 955:: clients' sizes=[1, 2, 1, 0, 0, 0, 2, 2, 0, 1, 0, 1, 2, 2, 2, 2, 1, 1, 2, 0, 1, 1, 1, 1, 1, 0, 1, 1, 1, 1, 2, 0, 2, 0, 1, 2, 1, 0, 2, 0], total=41
2024-11-26 17:50:10,249 INFO server.py 302:: [Server] The aggregation takes 0.279439 seconds.

2024-11-26 17:50:10,250 INFO server.py 186:: [Server] Start testing
2024-11-26 17:50:10,262 INFO server.py 210:: [Server] Test set: Average loss: 1.2484, Accuracy: 85/200 (42.5%)

2024-11-26 17:50:10,263 INFO server.py 213:: [Sever] Confusion matrix:
 tensor([[50.,  0.,  0.,  0.],
        [47.,  0.,  0.,  3.],
        [38.,  0.,  0., 12.],
        [13.,  0.,  2., 35.]])
2024-11-26 17:50:10,265 INFO server.py 229:: [Server] Precision=[0.33783785        nan 0.         0.7       ],
 Recall=[1.  0.  0.  0.7],
 F1-score=[0.50505054        nan        nan 0.7       ],
 my_accuracy=42.500001192092896[%]
2024-11-26 17:50:10,265 INFO _main.py 208:: ########EPOCH 14 ########
2024-11-26 17:50:10,265 INFO _main.py 209:: ###Model distribution###
2024-11-26 17:50:10,954 INFO server.py 955:: clients' sizes=[1, 2, 1, 0, 0, 0, 2, 2, 0, 1, 0, 1, 2, 2, 2, 2, 1, 1, 2, 0, 1, 1, 1, 1, 1, 0, 1, 1, 1, 1, 2, 0, 2, 0, 1, 2, 1, 0, 2, 0], total=41
2024-11-26 17:50:10,965 INFO server.py 302:: [Server] The aggregation takes 0.270248 seconds.

2024-11-26 17:50:10,966 INFO server.py 186:: [Server] Start testing
2024-11-26 17:50:10,977 INFO server.py 210:: [Server] Test set: Average loss: 1.2292, Accuracy: 86/200 (43.0%)

2024-11-26 17:50:10,978 INFO server.py 213:: [Sever] Confusion matrix:
 tensor([[50.,  0.,  0.,  0.],
        [47.,  0.,  0.,  3.],
        [38.,  0.,  0., 12.],
        [11.,  0.,  3., 36.]])
2024-11-26 17:50:10,980 INFO server.py 229:: [Server] Precision=[0.34246576        nan 0.         0.7058824 ],
 Recall=[1.   0.   0.   0.72],
 F1-score=[0.5102041       nan       nan 0.7128714],
 my_accuracy=43.00000071525574[%]
2024-11-26 17:50:10,980 INFO _main.py 208:: ########EPOCH 15 ########
2024-11-26 17:50:10,981 INFO _main.py 209:: ###Model distribution###
2024-11-26 17:50:11,666 INFO server.py 955:: clients' sizes=[1, 2, 1, 0, 0, 0, 2, 2, 0, 1, 0, 1, 2, 2, 2, 2, 1, 1, 2, 0, 1, 1, 1, 1, 1, 0, 1, 1, 1, 1, 2, 0, 2, 0, 1, 2, 1, 0, 2, 0], total=41
2024-11-26 17:50:11,675 INFO server.py 302:: [Server] The aggregation takes 0.288108 seconds.

2024-11-26 17:50:11,676 INFO server.py 186:: [Server] Start testing
2024-11-26 17:50:11,688 INFO server.py 210:: [Server] Test set: Average loss: 1.2082, Accuracy: 89/200 (44.5%)

2024-11-26 17:50:11,689 INFO server.py 213:: [Sever] Confusion matrix:
 tensor([[50.,  0.,  0.,  0.],
        [46.,  0.,  1.,  3.],
        [35.,  0.,  3., 12.],
        [ 9.,  0.,  5., 36.]])
2024-11-26 17:50:11,691 INFO server.py 229:: [Server] Precision=[0.35714287        nan 0.33333334 0.7058824 ],
 Recall=[1.   0.   0.06 0.72],
 F1-score=[0.52631575        nan 0.10169491 0.7128714 ],
 my_accuracy=44.49999928474426[%]
2024-11-26 17:50:11,691 INFO _main.py 208:: ########EPOCH 16 ########
2024-11-26 17:50:11,692 INFO _main.py 209:: ###Model distribution###
2024-11-26 17:50:12,384 INFO server.py 955:: clients' sizes=[1, 2, 1, 0, 0, 0, 2, 2, 0, 1, 0, 1, 2, 2, 2, 2, 1, 1, 2, 0, 1, 1, 1, 1, 1, 0, 1, 1, 1, 1, 2, 0, 2, 0, 1, 2, 1, 0, 2, 0], total=41
2024-11-26 17:50:12,395 INFO server.py 302:: [Server] The aggregation takes 0.291459 seconds.

2024-11-26 17:50:12,396 INFO server.py 186:: [Server] Start testing
2024-11-26 17:50:12,407 INFO server.py 210:: [Server] Test set: Average loss: 1.1900, Accuracy: 89/200 (44.5%)

2024-11-26 17:50:12,409 INFO server.py 213:: [Sever] Confusion matrix:
 tensor([[50.,  0.,  0.,  0.],
        [46.,  0.,  1.,  3.],
        [35.,  0.,  3., 12.],
        [ 9.,  0.,  5., 36.]])
2024-11-26 17:50:12,410 INFO server.py 229:: [Server] Precision=[0.35714287        nan 0.33333334 0.7058824 ],
 Recall=[1.   0.   0.06 0.72],
 F1-score=[0.52631575        nan 0.10169491 0.7128714 ],
 my_accuracy=44.49999928474426[%]
2024-11-26 17:50:12,411 INFO _main.py 208:: ########EPOCH 17 ########
2024-11-26 17:50:12,411 INFO _main.py 209:: ###Model distribution###
2024-11-26 17:50:13,106 INFO server.py 955:: clients' sizes=[1, 2, 1, 0, 0, 0, 2, 2, 0, 1, 0, 1, 2, 2, 2, 2, 1, 1, 2, 0, 1, 1, 1, 1, 1, 0, 1, 1, 1, 1, 2, 0, 2, 0, 1, 2, 1, 0, 2, 0], total=41
2024-11-26 17:50:13,117 INFO server.py 302:: [Server] The aggregation takes 0.276043 seconds.

2024-11-26 17:50:13,118 INFO server.py 186:: [Server] Start testing
2024-11-26 17:50:13,130 INFO server.py 210:: [Server] Test set: Average loss: 1.1718, Accuracy: 89/200 (44.5%)

2024-11-26 17:50:13,131 INFO server.py 213:: [Sever] Confusion matrix:
 tensor([[50.,  0.,  0.,  0.],
        [46.,  0.,  1.,  3.],
        [35.,  0.,  3., 12.],
        [ 9.,  0.,  5., 36.]])
2024-11-26 17:50:13,133 INFO server.py 229:: [Server] Precision=[0.35714287        nan 0.33333334 0.7058824 ],
 Recall=[1.   0.   0.06 0.72],
 F1-score=[0.52631575        nan 0.10169491 0.7128714 ],
 my_accuracy=44.49999928474426[%]
2024-11-26 17:50:13,133 INFO _main.py 208:: ########EPOCH 18 ########
2024-11-26 17:50:13,134 INFO _main.py 209:: ###Model distribution###
2024-11-26 17:50:13,823 INFO server.py 955:: clients' sizes=[1, 2, 1, 0, 0, 0, 2, 2, 0, 1, 0, 1, 2, 2, 2, 2, 1, 1, 2, 0, 1, 1, 1, 1, 1, 0, 1, 1, 1, 1, 2, 0, 2, 0, 1, 2, 1, 0, 2, 0], total=41
2024-11-26 17:50:13,833 INFO server.py 302:: [Server] The aggregation takes 0.254399 seconds.

2024-11-26 17:50:13,834 INFO server.py 186:: [Server] Start testing
2024-11-26 17:50:13,845 INFO server.py 210:: [Server] Test set: Average loss: 1.1580, Accuracy: 89/200 (44.5%)

2024-11-26 17:50:13,846 INFO server.py 213:: [Sever] Confusion matrix:
 tensor([[50.,  0.,  0.,  0.],
        [46.,  0.,  1.,  3.],
        [35.,  0.,  3., 12.],
        [ 9.,  0.,  5., 36.]])
2024-11-26 17:50:13,848 INFO server.py 229:: [Server] Precision=[0.35714287        nan 0.33333334 0.7058824 ],
 Recall=[1.   0.   0.06 0.72],
 F1-score=[0.52631575        nan 0.10169491 0.7128714 ],
 my_accuracy=44.49999928474426[%]
2024-11-26 17:50:13,849 INFO _main.py 208:: ########EPOCH 19 ########
2024-11-26 17:50:13,849 INFO _main.py 209:: ###Model distribution###
2024-11-26 17:50:14,519 INFO server.py 955:: clients' sizes=[1, 2, 1, 0, 0, 0, 2, 2, 0, 1, 0, 1, 2, 2, 2, 2, 1, 1, 2, 0, 1, 1, 1, 1, 1, 0, 1, 1, 1, 1, 2, 0, 2, 0, 1, 2, 1, 0, 2, 0], total=41
2024-11-26 17:50:14,529 INFO server.py 302:: [Server] The aggregation takes 0.264565 seconds.

2024-11-26 17:50:14,530 INFO server.py 186:: [Server] Start testing
2024-11-26 17:50:14,542 INFO server.py 210:: [Server] Test set: Average loss: 1.1452, Accuracy: 89/200 (44.5%)

2024-11-26 17:50:14,543 INFO server.py 213:: [Sever] Confusion matrix:
 tensor([[50.,  0.,  0.,  0.],
        [46.,  0.,  1.,  3.],
        [34.,  1.,  3., 12.],
        [ 9.,  0.,  5., 36.]])
2024-11-26 17:50:14,545 INFO server.py 229:: [Server] Precision=[0.35971224 0.         0.33333334 0.7058824 ],
 Recall=[1.   0.   0.06 0.72],
 F1-score=[0.52910054        nan 0.10169491 0.7128714 ],
 my_accuracy=44.49999928474426[%]
2024-11-26 17:50:14,545 INFO _main.py 208:: ########EPOCH 20 ########
2024-11-26 17:50:14,546 INFO _main.py 209:: ###Model distribution###
2024-11-26 17:50:15,245 INFO server.py 955:: clients' sizes=[1, 2, 1, 0, 0, 0, 2, 2, 0, 1, 0, 1, 2, 2, 2, 2, 1, 1, 2, 0, 1, 1, 1, 1, 1, 0, 1, 1, 1, 1, 2, 0, 2, 0, 1, 2, 1, 0, 2, 0], total=41
2024-11-26 17:50:15,260 INFO server.py 302:: [Server] The aggregation takes 0.309213 seconds.

2024-11-26 17:50:15,261 INFO server.py 186:: [Server] Start testing
2024-11-26 17:50:15,273 INFO server.py 210:: [Server] Test set: Average loss: 1.1325, Accuracy: 89/200 (44.5%)

2024-11-26 17:50:15,274 INFO server.py 213:: [Sever] Confusion matrix:
 tensor([[50.,  0.,  0.,  0.],
        [46.,  0.,  1.,  3.],
        [34.,  2.,  3., 11.],
        [ 9.,  0.,  5., 36.]])
2024-11-26 17:50:15,276 INFO server.py 229:: [Server] Precision=[0.35971224 0.         0.33333334 0.72      ],
 Recall=[1.   0.   0.06 0.72],
 F1-score=[0.52910054        nan 0.10169491 0.71999997],
 my_accuracy=44.49999928474426[%]
2024-11-26 17:50:15,277 INFO _main.py 208:: ########EPOCH 21 ########
2024-11-26 17:50:15,277 INFO _main.py 209:: ###Model distribution###
2024-11-26 17:50:15,962 INFO server.py 955:: clients' sizes=[1, 2, 1, 0, 0, 0, 2, 2, 0, 1, 0, 1, 2, 2, 2, 2, 1, 1, 2, 0, 1, 1, 1, 1, 1, 0, 1, 1, 1, 1, 2, 0, 2, 0, 1, 2, 1, 0, 2, 0], total=41
2024-11-26 17:50:15,975 INFO server.py 302:: [Server] The aggregation takes 0.274527 seconds.

2024-11-26 17:50:15,976 INFO server.py 186:: [Server] Start testing
2024-11-26 17:50:15,988 INFO server.py 210:: [Server] Test set: Average loss: 1.1174, Accuracy: 91/200 (45.5%)

2024-11-26 17:50:15,990 INFO server.py 213:: [Sever] Confusion matrix:
 tensor([[49.,  1.,  0.,  0.],
        [44.,  1.,  2.,  3.],
        [31.,  4.,  5., 10.],
        [ 9.,  0.,  5., 36.]])
2024-11-26 17:50:15,991 INFO server.py 229:: [Server] Precision=[0.36842105 0.16666667 0.41666666 0.7346939 ],
 Recall=[0.98 0.02 0.1  0.72],
 F1-score=[0.5355191  0.03571429 0.16129033 0.72727275],
 my_accuracy=45.500001311302185[%]
2024-11-26 17:50:15,992 INFO _main.py 208:: ########EPOCH 22 ########
2024-11-26 17:50:15,992 INFO _main.py 209:: ###Model distribution###
2024-11-26 17:50:16,677 INFO server.py 955:: clients' sizes=[1, 2, 1, 0, 0, 0, 2, 2, 0, 1, 0, 1, 2, 2, 2, 2, 1, 1, 2, 0, 1, 1, 1, 1, 1, 0, 1, 1, 1, 1, 2, 0, 2, 0, 1, 2, 1, 0, 2, 0], total=41
2024-11-26 17:50:16,686 INFO server.py 302:: [Server] The aggregation takes 0.255445 seconds.

2024-11-26 17:50:16,687 INFO server.py 186:: [Server] Start testing
2024-11-26 17:50:16,699 INFO server.py 210:: [Server] Test set: Average loss: 1.1035, Accuracy: 95/200 (47.5%)

2024-11-26 17:50:16,701 INFO server.py 213:: [Sever] Confusion matrix:
 tensor([[47.,  2.,  1.,  0.],
        [40.,  4.,  3.,  3.],
        [28.,  4.,  8., 10.],
        [ 9.,  0.,  5., 36.]])
2024-11-26 17:50:16,702 INFO server.py 229:: [Server] Precision=[0.37903225 0.4        0.47058824 0.7346939 ],
 Recall=[0.94 0.08 0.16 0.72],
 F1-score=[0.5402299  0.13333334 0.23880596 0.72727275],
 my_accuracy=47.49999940395355[%]
2024-11-26 17:50:16,703 INFO _main.py 208:: ########EPOCH 23 ########
2024-11-26 17:50:16,703 INFO _main.py 209:: ###Model distribution###
2024-11-26 17:50:17,388 INFO server.py 955:: clients' sizes=[1, 2, 1, 0, 0, 0, 2, 2, 0, 1, 0, 1, 2, 2, 2, 2, 1, 1, 2, 0, 1, 1, 1, 1, 1, 0, 1, 1, 1, 1, 2, 0, 2, 0, 1, 2, 1, 0, 2, 0], total=41
2024-11-26 17:50:17,402 INFO server.py 302:: [Server] The aggregation takes 0.286730 seconds.

2024-11-26 17:50:17,403 INFO server.py 186:: [Server] Start testing
2024-11-26 17:50:17,414 INFO server.py 210:: [Server] Test set: Average loss: 1.0902, Accuracy: 103/200 (51.5%)

2024-11-26 17:50:17,416 INFO server.py 213:: [Sever] Confusion matrix:
 tensor([[47.,  1.,  2.,  0.],
        [36.,  8.,  3.,  3.],
        [25.,  4., 12.,  9.],
        [ 8.,  0.,  6., 36.]])
2024-11-26 17:50:17,417 INFO server.py 229:: [Server] Precision=[0.4051724  0.61538464 0.5217391  0.75      ],
 Recall=[0.94 0.16 0.24 0.72],
 F1-score=[0.56626505 0.25396824 0.32876712 0.7346939 ],
 my_accuracy=51.499998569488525[%]
2024-11-26 17:50:17,418 INFO _main.py 208:: ########EPOCH 24 ########
2024-11-26 17:50:17,418 INFO _main.py 209:: ###Model distribution###
2024-11-26 17:50:18,286 INFO server.py 955:: clients' sizes=[1, 2, 1, 0, 0, 0, 2, 2, 0, 1, 0, 1, 2, 2, 2, 2, 1, 1, 2, 0, 1, 1, 1, 1, 1, 0, 1, 1, 1, 1, 2, 0, 2, 0, 1, 2, 1, 0, 2, 0], total=41
2024-11-26 17:50:18,312 INFO server.py 302:: [Server] The aggregation takes 0.408011 seconds.

2024-11-26 17:50:18,315 INFO server.py 186:: [Server] Start testing
2024-11-26 17:50:18,345 INFO server.py 210:: [Server] Test set: Average loss: 1.0776, Accuracy: 106/200 (53.0%)

2024-11-26 17:50:18,346 INFO server.py 213:: [Sever] Confusion matrix:
 tensor([[47.,  1.,  2.,  0.],
        [35.,  9.,  3.,  3.],
        [20.,  8., 14.,  8.],
        [ 7.,  1.,  6., 36.]])
2024-11-26 17:50:18,348 INFO server.py 229:: [Server] Precision=[0.43119267 0.47368422 0.56       0.7659575 ],
 Recall=[0.94 0.18 0.28 0.72],
 F1-score=[0.5911949  0.26086956 0.37333333 0.7422681 ],
 my_accuracy=52.99999713897705[%]
2024-11-26 17:50:18,350 INFO _main.py 208:: ########EPOCH 25 ########
2024-11-26 17:50:18,352 INFO _main.py 209:: ###Model distribution###
2024-11-26 17:50:19,207 INFO server.py 955:: clients' sizes=[1, 2, 1, 0, 0, 0, 2, 2, 0, 1, 0, 1, 2, 2, 2, 2, 1, 1, 2, 0, 1, 1, 1, 1, 1, 0, 1, 1, 1, 1, 2, 0, 2, 0, 1, 2, 1, 0, 2, 0], total=41
2024-11-26 17:50:19,222 INFO server.py 302:: [Server] The aggregation takes 0.289391 seconds.

2024-11-26 17:50:19,224 INFO server.py 186:: [Server] Start testing
2024-11-26 17:50:19,242 INFO server.py 210:: [Server] Test set: Average loss: 1.0728, Accuracy: 112/200 (56.0%)

2024-11-26 17:50:19,244 INFO server.py 213:: [Sever] Confusion matrix:
 tensor([[47.,  1.,  2.,  0.],
        [31., 13.,  3.,  3.],
        [19.,  8., 16.,  7.],
        [ 7.,  1.,  6., 36.]])
2024-11-26 17:50:19,245 INFO server.py 229:: [Server] Precision=[0.45192307 0.5652174  0.5925926  0.7826087 ],
 Recall=[0.94 0.26 0.32 0.72],
 F1-score=[0.61038965 0.3561644  0.41558442 0.75      ],
 my_accuracy=56.00000023841858[%]
2024-11-26 17:50:19,246 INFO _main.py 208:: ########EPOCH 26 ########
2024-11-26 17:50:19,247 INFO _main.py 209:: ###Model distribution###
2024-11-26 17:50:20,152 INFO server.py 955:: clients' sizes=[1, 2, 1, 0, 0, 0, 2, 2, 0, 1, 0, 1, 2, 2, 2, 2, 1, 1, 2, 0, 1, 1, 1, 1, 1, 0, 1, 1, 1, 1, 2, 0, 2, 0, 1, 2, 1, 0, 2, 0], total=41
2024-11-26 17:50:20,166 INFO server.py 302:: [Server] The aggregation takes 0.289242 seconds.

2024-11-26 17:50:20,167 INFO server.py 186:: [Server] Start testing
2024-11-26 17:50:20,183 INFO server.py 210:: [Server] Test set: Average loss: 1.0675, Accuracy: 115/200 (57.5%)

2024-11-26 17:50:20,185 INFO server.py 213:: [Sever] Confusion matrix:
 tensor([[47.,  1.,  2.,  0.],
        [26., 15.,  6.,  3.],
        [19.,  7., 17.,  7.],
        [ 6.,  2.,  6., 36.]])
2024-11-26 17:50:20,186 INFO server.py 229:: [Server] Precision=[0.47959185 0.6        0.5483871  0.7826087 ],
 Recall=[0.94 0.3  0.34 0.72],
 F1-score=[0.6351351 0.4       0.4197531 0.75     ],
 my_accuracy=57.499998807907104[%]
2024-11-26 17:50:20,187 INFO _main.py 208:: ########EPOCH 27 ########
2024-11-26 17:50:20,187 INFO _main.py 209:: ###Model distribution###
2024-11-26 17:50:21,118 INFO server.py 955:: clients' sizes=[1, 2, 1, 0, 0, 0, 2, 2, 0, 1, 0, 1, 2, 2, 2, 2, 1, 1, 2, 0, 1, 1, 1, 1, 1, 0, 1, 1, 1, 1, 2, 0, 2, 0, 1, 2, 1, 0, 2, 0], total=41
2024-11-26 17:50:21,134 INFO server.py 302:: [Server] The aggregation takes 0.346090 seconds.

2024-11-26 17:50:21,136 INFO server.py 186:: [Server] Start testing
2024-11-26 17:50:21,154 INFO server.py 210:: [Server] Test set: Average loss: 1.0555, Accuracy: 118/200 (59.0%)

2024-11-26 17:50:21,156 INFO server.py 213:: [Sever] Confusion matrix:
 tensor([[47.,  1.,  2.,  0.],
        [24., 16.,  7.,  3.],
        [19.,  4., 19.,  8.],
        [ 4.,  2.,  8., 36.]])
2024-11-26 17:50:21,158 INFO server.py 229:: [Server] Precision=[0.5       0.6956522 0.5277778 0.7659575],
 Recall=[0.94 0.32 0.38 0.72],
 F1-score=[0.65277773 0.43835616 0.44186047 0.7422681 ],
 my_accuracy=58.99999737739563[%]
2024-11-26 17:50:21,159 INFO _main.py 208:: ########EPOCH 28 ########
2024-11-26 17:50:21,159 INFO _main.py 209:: ###Model distribution###
2024-11-26 17:50:21,969 INFO server.py 955:: clients' sizes=[1, 2, 1, 0, 0, 0, 2, 2, 0, 1, 0, 1, 2, 2, 2, 2, 1, 1, 2, 0, 1, 1, 1, 1, 1, 0, 1, 1, 1, 1, 2, 0, 2, 0, 1, 2, 1, 0, 2, 0], total=41
2024-11-26 17:50:21,983 INFO server.py 302:: [Server] The aggregation takes 0.279068 seconds.

2024-11-26 17:50:21,984 INFO server.py 186:: [Server] Start testing
2024-11-26 17:50:22,005 INFO server.py 210:: [Server] Test set: Average loss: 1.0514, Accuracy: 120/200 (60.0%)

2024-11-26 17:50:22,007 INFO server.py 213:: [Sever] Confusion matrix:
 tensor([[47.,  1.,  2.,  0.],
        [20., 16., 11.,  3.],
        [16.,  5., 21.,  8.],
        [ 3.,  2.,  9., 36.]])
2024-11-26 17:50:22,008 INFO server.py 229:: [Server] Precision=[0.54651165 0.6666667  0.4883721  0.7659575 ],
 Recall=[0.94 0.32 0.42 0.72],
 F1-score=[0.6911764  0.43243244 0.45161292 0.7422681 ],
 my_accuracy=60.00000238418579[%]
2024-11-26 17:50:22,009 INFO _main.py 208:: ########EPOCH 29 ########
2024-11-26 17:50:22,010 INFO _main.py 209:: ###Model distribution###
2024-11-26 17:50:22,957 INFO server.py 955:: clients' sizes=[1, 2, 1, 0, 0, 0, 2, 2, 0, 1, 0, 1, 2, 2, 2, 2, 1, 1, 2, 0, 1, 1, 1, 1, 1, 0, 1, 1, 1, 1, 2, 0, 2, 0, 1, 2, 1, 0, 2, 0], total=41
2024-11-26 17:50:22,972 INFO server.py 302:: [Server] The aggregation takes 0.294921 seconds.

2024-11-26 17:50:22,974 INFO server.py 186:: [Server] Start testing
2024-11-26 17:50:22,992 INFO server.py 210:: [Server] Test set: Average loss: 1.0359, Accuracy: 122/200 (61.0%)

2024-11-26 17:50:22,993 INFO server.py 213:: [Sever] Confusion matrix:
 tensor([[45.,  3.,  2.,  0.],
        [20., 16., 11.,  3.],
        [15.,  2., 24.,  9.],
        [ 1.,  4.,  8., 37.]])
2024-11-26 17:50:22,995 INFO server.py 229:: [Server] Precision=[0.5555556  0.64       0.53333336 0.75510204],
 Recall=[0.9  0.32 0.48 0.74],
 F1-score=[0.6870229  0.42666668 0.5052632  0.7474748 ],
 my_accuracy=61.000001430511475[%]
2024-11-26 17:50:22,995 INFO _main.py 208:: ########EPOCH 30 ########
2024-11-26 17:50:22,996 INFO _main.py 209:: ###Model distribution###
2024-11-26 17:50:23,971 INFO server.py 955:: clients' sizes=[1, 2, 1, 0, 0, 0, 2, 2, 0, 1, 0, 1, 2, 2, 2, 2, 1, 1, 2, 0, 1, 1, 1, 1, 1, 0, 1, 1, 1, 1, 2, 0, 2, 0, 1, 2, 1, 0, 2, 0], total=41
2024-11-26 17:50:23,986 INFO server.py 302:: [Server] The aggregation takes 0.353503 seconds.

2024-11-26 17:50:23,987 INFO server.py 186:: [Server] Start testing
2024-11-26 17:50:24,006 INFO server.py 210:: [Server] Test set: Average loss: 1.0249, Accuracy: 120/200 (60.0%)

2024-11-26 17:50:24,008 INFO server.py 213:: [Sever] Confusion matrix:
 tensor([[43.,  5.,  2.,  0.],
        [20., 16., 11.,  3.],
        [13.,  5., 23.,  9.],
        [ 0.,  5.,  7., 38.]])
2024-11-26 17:50:24,010 INFO server.py 229:: [Server] Precision=[0.56578946 0.516129   0.53488374 0.76      ],
 Recall=[0.86 0.32 0.46 0.76],
 F1-score=[0.6825397  0.39506173 0.49462366 0.76      ],
 my_accuracy=60.00000238418579[%]
2024-11-26 17:50:24,010 INFO _main.py 208:: ########EPOCH 31 ########
2024-11-26 17:50:24,011 INFO _main.py 209:: ###Model distribution###
2024-11-26 17:50:24,789 INFO server.py 955:: clients' sizes=[1, 2, 1, 0, 0, 0, 2, 2, 0, 1, 0, 1, 2, 2, 2, 2, 1, 1, 2, 0, 1, 1, 1, 1, 1, 0, 1, 1, 1, 1, 2, 0, 2, 0, 1, 2, 1, 0, 2, 0], total=41
2024-11-26 17:50:24,802 INFO server.py 302:: [Server] The aggregation takes 0.309091 seconds.

2024-11-26 17:50:24,803 INFO server.py 186:: [Server] Start testing
2024-11-26 17:50:24,815 INFO server.py 210:: [Server] Test set: Average loss: 1.0159, Accuracy: 116/200 (58.0%)

2024-11-26 17:50:24,816 INFO server.py 213:: [Sever] Confusion matrix:
 tensor([[41.,  7.,  2.,  0.],
        [20., 16., 11.,  3.],
        [12.,  7., 20., 11.],
        [ 0.,  5.,  6., 39.]])
2024-11-26 17:50:24,818 INFO server.py 229:: [Server] Precision=[0.56164384 0.45714286 0.51282054 0.7358491 ],
 Recall=[0.82 0.32 0.4  0.78],
 F1-score=[0.6666667  0.37647057 0.4494382  0.75728154],
 my_accuracy=57.999998331069946[%]
2024-11-26 17:50:24,818 INFO _main.py 208:: ########EPOCH 32 ########
2024-11-26 17:50:24,819 INFO _main.py 209:: ###Model distribution###
2024-11-26 17:50:25,502 INFO server.py 955:: clients' sizes=[1, 2, 1, 0, 0, 0, 2, 2, 0, 1, 0, 1, 2, 2, 2, 2, 1, 1, 2, 0, 1, 1, 1, 1, 1, 0, 1, 1, 1, 1, 2, 0, 2, 0, 1, 2, 1, 0, 2, 0], total=41
2024-11-26 17:50:25,511 INFO server.py 302:: [Server] The aggregation takes 0.257114 seconds.

2024-11-26 17:50:25,513 INFO server.py 186:: [Server] Start testing
2024-11-26 17:50:25,527 INFO server.py 210:: [Server] Test set: Average loss: 1.0051, Accuracy: 116/200 (58.0%)

2024-11-26 17:50:25,528 INFO server.py 213:: [Sever] Confusion matrix:
 tensor([[41.,  7.,  2.,  0.],
        [20., 17., 10.,  3.],
        [11.,  9., 19., 11.],
        [ 0.,  5.,  6., 39.]])
2024-11-26 17:50:25,530 INFO server.py 229:: [Server] Precision=[0.5694444 0.4473684 0.5135135 0.7358491],
 Recall=[0.82 0.34 0.38 0.78],
 F1-score=[0.6721312  0.38636363 0.43678162 0.75728154],
 my_accuracy=57.999998331069946[%]
2024-11-26 17:50:25,530 INFO _main.py 208:: ########EPOCH 33 ########
2024-11-26 17:50:25,531 INFO _main.py 209:: ###Model distribution###
2024-11-26 17:50:26,210 INFO server.py 955:: clients' sizes=[1, 2, 1, 0, 0, 0, 2, 2, 0, 1, 0, 1, 2, 2, 2, 2, 1, 1, 2, 0, 1, 1, 1, 1, 1, 0, 1, 1, 1, 1, 2, 0, 2, 0, 1, 2, 1, 0, 2, 0], total=41
2024-11-26 17:50:26,225 INFO server.py 302:: [Server] The aggregation takes 0.279869 seconds.

2024-11-26 17:50:26,226 INFO server.py 186:: [Server] Start testing
2024-11-26 17:50:26,242 INFO server.py 210:: [Server] Test set: Average loss: 0.9967, Accuracy: 116/200 (58.0%)

2024-11-26 17:50:26,243 INFO server.py 213:: [Sever] Confusion matrix:
 tensor([[41.,  7.,  2.,  0.],
        [20., 20.,  7.,  3.],
        [12., 11., 16., 11.],
        [ 0.,  6.,  5., 39.]])
2024-11-26 17:50:26,244 INFO server.py 229:: [Server] Precision=[0.56164384 0.45454547 0.53333336 0.7358491 ],
 Recall=[0.82 0.4  0.32 0.78],
 F1-score=[0.6666667  0.42553192 0.39999998 0.75728154],
 my_accuracy=57.999998331069946[%]
2024-11-26 17:50:26,245 INFO _main.py 208:: ########EPOCH 34 ########
2024-11-26 17:50:26,246 INFO _main.py 209:: ###Model distribution###
2024-11-26 17:50:26,926 INFO server.py 955:: clients' sizes=[1, 2, 1, 0, 0, 0, 2, 2, 0, 1, 0, 1, 2, 2, 2, 2, 1, 1, 2, 0, 1, 1, 1, 1, 1, 0, 1, 1, 1, 1, 2, 0, 2, 0, 1, 2, 1, 0, 2, 0], total=41
2024-11-26 17:50:26,941 INFO server.py 302:: [Server] The aggregation takes 0.284224 seconds.

2024-11-26 17:50:26,942 INFO server.py 186:: [Server] Start testing
2024-11-26 17:50:26,954 INFO server.py 210:: [Server] Test set: Average loss: 0.9963, Accuracy: 115/200 (57.5%)

2024-11-26 17:50:26,955 INFO server.py 213:: [Sever] Confusion matrix:
 tensor([[41.,  7.,  2.,  0.],
        [20., 20.,  7.,  3.],
        [13., 12., 15., 10.],
        [ 0.,  6.,  5., 39.]])
2024-11-26 17:50:26,957 INFO server.py 229:: [Server] Precision=[0.5540541  0.44444445 0.51724136 0.75      ],
 Recall=[0.82 0.4  0.3  0.78],
 F1-score=[0.66129035 0.42105263 0.37974682 0.7647059 ],
 my_accuracy=57.499998807907104[%]
2024-11-26 17:50:26,957 INFO _main.py 208:: ########EPOCH 35 ########
2024-11-26 17:50:26,958 INFO _main.py 209:: ###Model distribution###
2024-11-26 17:50:27,725 INFO server.py 955:: clients' sizes=[1, 2, 1, 0, 0, 0, 2, 2, 0, 1, 0, 1, 2, 2, 2, 2, 1, 1, 2, 0, 1, 1, 1, 1, 1, 0, 1, 1, 1, 1, 2, 0, 2, 0, 1, 2, 1, 0, 2, 0], total=41
2024-11-26 17:50:27,735 INFO server.py 302:: [Server] The aggregation takes 0.325942 seconds.

2024-11-26 17:50:27,736 INFO server.py 186:: [Server] Start testing
2024-11-26 17:50:27,748 INFO server.py 210:: [Server] Test set: Average loss: 0.9871, Accuracy: 119/200 (59.5%)

2024-11-26 17:50:27,749 INFO server.py 213:: [Sever] Confusion matrix:
 tensor([[41.,  7.,  2.,  0.],
        [20., 20.,  7.,  3.],
        [11., 11., 19.,  9.],
        [ 0.,  6.,  5., 39.]])
2024-11-26 17:50:27,751 INFO server.py 229:: [Server] Precision=[0.5694444  0.45454547 0.57575756 0.7647059 ],
 Recall=[0.82 0.4  0.38 0.78],
 F1-score=[0.6721312  0.42553192 0.4578313  0.77227724],
 my_accuracy=59.50000286102295[%]
2024-11-26 17:50:27,751 INFO _main.py 208:: ########EPOCH 36 ########
2024-11-26 17:50:27,752 INFO _main.py 209:: ###Model distribution###
2024-11-26 17:50:28,551 INFO server.py 955:: clients' sizes=[1, 2, 1, 0, 0, 0, 2, 2, 0, 1, 0, 1, 2, 2, 2, 2, 1, 1, 2, 0, 1, 1, 1, 1, 1, 0, 1, 1, 1, 1, 2, 0, 2, 0, 1, 2, 1, 0, 2, 0], total=41
2024-11-26 17:50:28,561 INFO server.py 302:: [Server] The aggregation takes 0.298241 seconds.

2024-11-26 17:50:28,562 INFO server.py 186:: [Server] Start testing
2024-11-26 17:50:28,574 INFO server.py 210:: [Server] Test set: Average loss: 0.9796, Accuracy: 119/200 (59.5%)

2024-11-26 17:50:28,576 INFO server.py 213:: [Sever] Confusion matrix:
 tensor([[43.,  5.,  2.,  0.],
        [20., 20.,  7.,  3.],
        [13.,  9., 17., 11.],
        [ 1.,  5.,  5., 39.]])
2024-11-26 17:50:28,577 INFO server.py 229:: [Server] Precision=[0.5584416  0.51282054 0.5483871  0.7358491 ],
 Recall=[0.86 0.4  0.34 0.78],
 F1-score=[0.6771654  0.4494382  0.4197531  0.75728154],
 my_accuracy=59.50000286102295[%]
2024-11-26 17:50:28,578 INFO _main.py 208:: ########EPOCH 37 ########
2024-11-26 17:50:28,578 INFO _main.py 209:: ###Model distribution###
2024-11-26 17:50:29,349 INFO server.py 955:: clients' sizes=[1, 2, 1, 0, 0, 0, 2, 2, 0, 1, 0, 1, 2, 2, 2, 2, 1, 1, 2, 0, 1, 1, 1, 1, 1, 0, 1, 1, 1, 1, 2, 0, 2, 0, 1, 2, 1, 0, 2, 0], total=41
2024-11-26 17:50:29,360 INFO server.py 302:: [Server] The aggregation takes 0.301496 seconds.

2024-11-26 17:50:29,361 INFO server.py 186:: [Server] Start testing
2024-11-26 17:50:29,378 INFO server.py 210:: [Server] Test set: Average loss: 0.9751, Accuracy: 119/200 (59.5%)

2024-11-26 17:50:29,381 INFO server.py 213:: [Sever] Confusion matrix:
 tensor([[43.,  5.,  2.,  0.],
        [20., 19.,  8.,  3.],
        [12.,  9., 18., 11.],
        [ 1.,  5.,  5., 39.]])
2024-11-26 17:50:29,382 INFO server.py 229:: [Server] Precision=[0.56578946 0.5        0.54545456 0.7358491 ],
 Recall=[0.86 0.38 0.36 0.78],
 F1-score=[0.6825397  0.4318182  0.43373495 0.75728154],
 my_accuracy=59.50000286102295[%]
2024-11-26 17:50:29,383 INFO _main.py 208:: ########EPOCH 38 ########
2024-11-26 17:50:29,384 INFO _main.py 209:: ###Model distribution###
2024-11-26 17:50:30,058 INFO server.py 955:: clients' sizes=[1, 2, 1, 0, 0, 0, 2, 2, 0, 1, 0, 1, 2, 2, 2, 2, 1, 1, 2, 0, 1, 1, 1, 1, 1, 0, 1, 1, 1, 1, 2, 0, 2, 0, 1, 2, 1, 0, 2, 0], total=41
2024-11-26 17:50:30,067 INFO server.py 302:: [Server] The aggregation takes 0.254049 seconds.

2024-11-26 17:50:30,068 INFO server.py 186:: [Server] Start testing
2024-11-26 17:50:30,081 INFO server.py 210:: [Server] Test set: Average loss: 0.9763, Accuracy: 115/200 (57.5%)

2024-11-26 17:50:30,082 INFO server.py 213:: [Sever] Confusion matrix:
 tensor([[41.,  7.,  2.,  0.],
        [20., 20.,  7.,  3.],
        [12., 12., 15., 11.],
        [ 1.,  5.,  5., 39.]])
2024-11-26 17:50:30,084 INFO server.py 229:: [Server] Precision=[0.5540541  0.45454547 0.51724136 0.7358491 ],
 Recall=[0.82 0.4  0.3  0.78],
 F1-score=[0.66129035 0.42553192 0.37974682 0.75728154],
 my_accuracy=57.499998807907104[%]
2024-11-26 17:50:30,084 INFO _main.py 208:: ########EPOCH 39 ########
2024-11-26 17:50:30,084 INFO _main.py 209:: ###Model distribution###
2024-11-26 17:50:30,777 INFO server.py 955:: clients' sizes=[1, 2, 1, 0, 0, 0, 2, 2, 0, 1, 0, 1, 2, 2, 2, 2, 1, 1, 2, 0, 1, 1, 1, 1, 1, 0, 1, 1, 1, 1, 2, 0, 2, 0, 1, 2, 1, 0, 2, 0], total=41
2024-11-26 17:50:30,793 INFO server.py 302:: [Server] The aggregation takes 0.278081 seconds.

2024-11-26 17:50:30,794 INFO server.py 186:: [Server] Start testing
2024-11-26 17:50:30,806 INFO server.py 210:: [Server] Test set: Average loss: 0.9694, Accuracy: 114/200 (57.0%)

2024-11-26 17:50:30,807 INFO server.py 213:: [Sever] Confusion matrix:
 tensor([[41.,  7.,  2.,  0.],
        [20., 17., 10.,  3.],
        [11., 11., 17., 11.],
        [ 0.,  6.,  5., 39.]])
2024-11-26 17:50:30,809 INFO server.py 229:: [Server] Precision=[0.5694444  0.41463414 0.5        0.7358491 ],
 Recall=[0.82 0.34 0.34 0.78],
 F1-score=[0.6721312  0.37362638 0.40476188 0.75728154],
 my_accuracy=56.99999928474426[%]
