2024-12-01 21:21:31,454 INFO _main.py 39:: ################################################################
2024-12-01 21:21:31,456 INFO _main.py 41:: #                              batch_size: 64                  #
2024-12-01 21:21:31,457 INFO _main.py 41:: #                         test_batch_size: 32                  #
2024-12-01 21:21:31,458 INFO _main.py 41:: #                                  epochs: 10                  #
2024-12-01 21:21:31,459 INFO _main.py 41:: #                               optimizer: SGD                 #
2024-12-01 21:21:31,460 INFO _main.py 41:: #                                      lr: 0.01                #
2024-12-01 21:21:31,460 INFO _main.py 41:: #                                momentum: 0.9                 #
2024-12-01 21:21:31,460 INFO _main.py 41:: #                            weight_decay: 0.0001              #
2024-12-01 21:21:31,460 INFO _main.py 41:: #                                    seed: 1                   #
2024-12-01 21:21:31,460 INFO _main.py 41:: #                            log_interval: 11                  #
2024-12-01 21:21:31,460 INFO _main.py 41:: #                             num_clients: 40                  #
2024-12-01 21:21:31,460 INFO _main.py 41:: #                           output_folder: experiments         #
2024-12-01 21:21:31,461 INFO _main.py 41:: #                                 dataset: rockburst           #
2024-12-01 21:21:31,461 INFO _main.py 41:: #                             loader_type: dirichlet           #
2024-12-01 21:21:31,461 INFO _main.py 41:: #                             loader_path: ./data/loader.pk    #
2024-12-01 21:21:31,461 INFO _main.py 41:: #                                      AR: fedavg              #
2024-12-01 21:21:31,461 INFO _main.py 41:: #                     n_attacker_backdoor: 0                   #
2024-12-01 21:21:31,461 INFO _main.py 41:: #                        backdoor_trigger: [0, 0, 1, 1]        #
2024-12-01 21:21:31,461 INFO _main.py 41:: #                   n_attacker_omniscient: 0                   #
2024-12-01 21:21:31,461 INFO _main.py 41:: #                        omniscient_scale: 1                   #
2024-12-01 21:21:31,462 INFO _main.py 41:: #                                 attacks: None                #
2024-12-01 21:21:31,462 INFO _main.py 41:: #                      save_model_weights: False               #
2024-12-01 21:21:31,462 INFO _main.py 41:: #                         experiment_name: sExp4Ba_40ep_rockburst_fedavg_40C_5#
2024-12-01 21:21:31,462 INFO _main.py 41:: #                          path_to_aggNet: None                #
2024-12-01 21:21:31,462 INFO _main.py 41:: #                                  device: cpu                 #
2024-12-01 21:21:31,462 INFO _main.py 41:: #                            inner_epochs: 4                   #
2024-12-01 21:21:31,462 INFO _main.py 41:: #                                 verbose: True                #
2024-12-01 21:21:31,463 INFO _main.py 41:: #                         list_unreliable: [2, 18, 20]         #
2024-12-01 21:21:31,463 INFO _main.py 41:: #                     unreliable_fraction: 0.5                 #
2024-12-01 21:21:31,463 INFO _main.py 41:: #                    unreliable_fracTrain: 0.3                 #
2024-12-01 21:21:31,463 INFO _main.py 41:: #                         mean_unreliable: 0.0                 #
2024-12-01 21:21:31,463 INFO _main.py 41:: #                             blur_method: add_noise           #
2024-12-01 21:21:31,463 INFO _main.py 41:: #                      max_std_unreliable: 30.0                #
2024-12-01 21:21:31,463 INFO _main.py 41:: #                     list_uatk_add_noise: [24, 25, 26]        #
2024-12-01 21:21:31,464 INFO _main.py 41:: #                          mean_add_noise: 0.0                 #
2024-12-01 21:21:31,464 INFO _main.py 41:: #                           std_add_noise: 0.01                #
2024-12-01 21:21:31,464 INFO _main.py 41:: #                     list_uatk_flip_sign: [0, 10, 11]         #
2024-12-01 21:21:31,464 INFO _main.py 42:: ################################################################
2024-12-01 21:21:31,464 INFO _main.py 43:: Namespace(batch_size=64, test_batch_size=32, epochs=10, optimizer='SGD', lr=0.01, momentum=0.9, weight_decay=0.0001, seed=1, log_interval=11, num_clients=40, output_folder='experiments', dataset='rockburst', loader_type='dirichlet', loader_path='./data/loader.pk', AR='fedavg', n_attacker_backdoor=0, backdoor_trigger=[0, 0, 1, 1], n_attacker_omniscient=0, omniscient_scale=1, attacks=None, save_model_weights=False, experiment_name='sExp4Ba_40ep_rockburst_fedavg_40C_5', path_to_aggNet=None, device='cpu', inner_epochs=4, verbose=True, list_unreliable=[2, 18, 20], unreliable_fraction=0.5, unreliable_fracTrain=0.3, mean_unreliable=0.0, blur_method='add_noise', max_std_unreliable=30.0, list_uatk_add_noise=[24, 25, 26], mean_add_noise=0.0, std_add_noise=0.01, list_uatk_flip_sign=[0, 10, 11])
2024-12-01 21:21:31,464 INFO _main.py 44:: #####################
2024-12-01 21:21:31,465 INFO _main.py 45:: #####################
2024-12-01 21:21:31,465 INFO _main.py 46:: #####################
2024-12-01 21:21:31,465 INFO _main.py 47:: Aggregation Rule:	fedavg
2024-12-01 21:21:31,465 INFO _main.py 48:: Data distribution:	dirichlet
2024-12-01 21:21:31,465 INFO _main.py 49:: Attacks:	None 
2024-12-01 21:21:31,465 INFO _main.py 50:: #####################
2024-12-01 21:21:31,465 INFO _main.py 51:: #####################
2024-12-01 21:21:31,465 INFO _main.py 52:: #####################
2024-12-01 21:21:33,665 INFO server.py 366:: SET DBSCAN eps=1.3, min_samples=10
2024-12-01 21:21:33,669 INFO _main.py 135:: [1-normal, 0-malicious] label =tensor([0., 1., 1., 1., 1., 1., 1., 1., 1., 1., 0., 0., 1., 1., 1., 1., 1., 1.,
        1., 1., 1., 1., 1., 1., 0., 0., 0., 1., 1., 1., 1., 1., 1., 1., 1., 1.,
        1., 1., 1., 1.])
2024-12-01 21:21:33,677 INFO malicious_clients.py 123:: init ATTACK OMNISCIENT Client 0
2024-12-01 21:21:33,684 INFO malicious_clients.py 18:: init UNRELIABLE Client 2
2024-12-01 21:21:33,733 INFO malicious_clients.py 123:: init ATTACK OMNISCIENT Client 10
2024-12-01 21:21:33,739 INFO malicious_clients.py 123:: init ATTACK OMNISCIENT Client 11
2024-12-01 21:21:33,772 INFO malicious_clients.py 18:: init UNRELIABLE Client 18
2024-12-01 21:21:33,783 INFO malicious_clients.py 18:: init UNRELIABLE Client 20
2024-12-01 21:21:33,809 INFO malicious_clients.py 73:: init ATTACK ADD NOISE TO GRAD Client 24
2024-12-01 21:21:33,814 INFO malicious_clients.py 73:: init ATTACK ADD NOISE TO GRAD Client 25
2024-12-01 21:21:33,824 INFO malicious_clients.py 73:: init ATTACK ADD NOISE TO GRAD Client 26
2024-12-01 21:21:33,905 INFO server.py 211:: [Server] Start testing
2024-12-01 21:21:33,929 INFO server.py 235:: [Server] Test set: Average loss: 1.3864, Accuracy: 50/200 (25.0%)

2024-12-01 21:21:33,930 INFO server.py 238:: [Sever] Confusion matrix:
 tensor([[50.,  0.,  0.,  0.],
        [50.,  0.,  0.,  0.],
        [50.,  0.,  0.,  0.],
        [50.,  0.,  0.,  0.]])
2024-12-01 21:21:33,937 INFO server.py 254:: [Server] Precision=[0.25  nan  nan  nan],
 Recall=[1. 0. 0. 0.],
 F1-score=[0.4 nan nan nan],
 my_accuracy=25.0[%]
2024-12-01 21:21:33,939 INFO _main.py 209:: ########EPOCH 0 ########
2024-12-01 21:21:33,939 INFO _main.py 210:: ###Model distribution###
2024-12-01 21:21:34,599 INFO server.py 1064:: clients' sizes=[1, 2, 1, 0, 0, 0, 2, 2, 0, 1, 0, 1, 2, 2, 2, 2, 1, 1, 2, 0, 1, 1, 1, 1, 1, 0, 1, 1, 1, 1, 2, 0, 2, 0, 1, 2, 1, 0, 2, 0], total=41
2024-12-01 21:21:34,626 INFO server.py 327:: [Server] The aggregation takes 0.028627 seconds.

2024-12-01 21:21:34,627 INFO server.py 211:: [Server] Start testing
2024-12-01 21:21:34,650 INFO server.py 235:: [Server] Test set: Average loss: 1.3840, Accuracy: 50/200 (25.0%)

2024-12-01 21:21:34,651 INFO server.py 238:: [Sever] Confusion matrix:
 tensor([[50.,  0.,  0.,  0.],
        [50.,  0.,  0.,  0.],
        [50.,  0.,  0.,  0.],
        [50.,  0.,  0.,  0.]])
2024-12-01 21:21:34,653 INFO server.py 254:: [Server] Precision=[0.25  nan  nan  nan],
 Recall=[1. 0. 0. 0.],
 F1-score=[0.4 nan nan nan],
 my_accuracy=25.0[%]
2024-12-01 21:21:34,654 INFO _main.py 209:: ########EPOCH 1 ########
2024-12-01 21:21:34,655 INFO _main.py 210:: ###Model distribution###
2024-12-01 21:21:35,244 INFO server.py 1064:: clients' sizes=[1, 2, 1, 0, 0, 0, 2, 2, 0, 1, 0, 1, 2, 2, 2, 2, 1, 1, 2, 0, 1, 1, 1, 1, 1, 0, 1, 1, 1, 1, 2, 0, 2, 0, 1, 2, 1, 0, 2, 0], total=41
2024-12-01 21:21:35,260 INFO server.py 327:: [Server] The aggregation takes 0.018527 seconds.

2024-12-01 21:21:35,261 INFO server.py 211:: [Server] Start testing
2024-12-01 21:21:35,275 INFO server.py 235:: [Server] Test set: Average loss: 1.3793, Accuracy: 50/200 (25.0%)

2024-12-01 21:21:35,277 INFO server.py 238:: [Sever] Confusion matrix:
 tensor([[50.,  0.,  0.,  0.],
        [50.,  0.,  0.,  0.],
        [50.,  0.,  0.,  0.],
        [50.,  0.,  0.,  0.]])
2024-12-01 21:21:35,278 INFO server.py 254:: [Server] Precision=[0.25  nan  nan  nan],
 Recall=[1. 0. 0. 0.],
 F1-score=[0.4 nan nan nan],
 my_accuracy=25.0[%]
2024-12-01 21:21:35,279 INFO _main.py 209:: ########EPOCH 2 ########
2024-12-01 21:21:35,279 INFO _main.py 210:: ###Model distribution###
2024-12-01 21:21:35,726 INFO server.py 1064:: clients' sizes=[1, 2, 1, 0, 0, 0, 2, 2, 0, 1, 0, 1, 2, 2, 2, 2, 1, 1, 2, 0, 1, 1, 1, 1, 1, 0, 1, 1, 1, 1, 2, 0, 2, 0, 1, 2, 1, 0, 2, 0], total=41
2024-12-01 21:21:35,738 INFO server.py 327:: [Server] The aggregation takes 0.013544 seconds.

2024-12-01 21:21:35,740 INFO server.py 211:: [Server] Start testing
2024-12-01 21:21:35,756 INFO server.py 235:: [Server] Test set: Average loss: 1.3737, Accuracy: 50/200 (25.0%)

2024-12-01 21:21:35,757 INFO server.py 238:: [Sever] Confusion matrix:
 tensor([[50.,  0.,  0.,  0.],
        [50.,  0.,  0.,  0.],
        [50.,  0.,  0.,  0.],
        [50.,  0.,  0.,  0.]])
2024-12-01 21:21:35,759 INFO server.py 254:: [Server] Precision=[0.25  nan  nan  nan],
 Recall=[1. 0. 0. 0.],
 F1-score=[0.4 nan nan nan],
 my_accuracy=25.0[%]
2024-12-01 21:21:35,760 INFO _main.py 209:: ########EPOCH 3 ########
2024-12-01 21:21:35,760 INFO _main.py 210:: ###Model distribution###
2024-12-01 21:21:36,214 INFO server.py 1064:: clients' sizes=[1, 2, 1, 0, 0, 0, 2, 2, 0, 1, 0, 1, 2, 2, 2, 2, 1, 1, 2, 0, 1, 1, 1, 1, 1, 0, 1, 1, 1, 1, 2, 0, 2, 0, 1, 2, 1, 0, 2, 0], total=41
2024-12-01 21:21:36,228 INFO server.py 327:: [Server] The aggregation takes 0.015138 seconds.

2024-12-01 21:21:36,229 INFO server.py 211:: [Server] Start testing
2024-12-01 21:21:36,244 INFO server.py 235:: [Server] Test set: Average loss: 1.3671, Accuracy: 53/200 (26.5%)

2024-12-01 21:21:36,245 INFO server.py 238:: [Sever] Confusion matrix:
 tensor([[50.,  0.,  0.,  0.],
        [50.,  0.,  0.,  0.],
        [50.,  0.,  0.,  0.],
        [47.,  0.,  0.,  3.]])
2024-12-01 21:21:36,247 INFO server.py 254:: [Server] Precision=[0.2538071       nan       nan 1.       ],
 Recall=[1.   0.   0.   0.06],
 F1-score=[0.4048583         nan        nan 0.11320755],
 my_accuracy=26.499998569488525[%]
2024-12-01 21:21:36,248 INFO _main.py 209:: ########EPOCH 4 ########
2024-12-01 21:21:36,249 INFO _main.py 210:: ###Model distribution###
2024-12-01 21:21:36,704 INFO server.py 1064:: clients' sizes=[1, 2, 1, 0, 0, 0, 2, 2, 0, 1, 0, 1, 2, 2, 2, 2, 1, 1, 2, 0, 1, 1, 1, 1, 1, 0, 1, 1, 1, 1, 2, 0, 2, 0, 1, 2, 1, 0, 2, 0], total=41
2024-12-01 21:21:36,714 INFO server.py 327:: [Server] The aggregation takes 0.010511 seconds.

2024-12-01 21:21:36,715 INFO server.py 211:: [Server] Start testing
2024-12-01 21:21:36,728 INFO server.py 235:: [Server] Test set: Average loss: 1.3601, Accuracy: 63/200 (31.5%)

2024-12-01 21:21:36,729 INFO server.py 238:: [Sever] Confusion matrix:
 tensor([[50.,  0.,  0.,  0.],
        [50.,  0.,  0.,  0.],
        [50.,  0.,  0.,  0.],
        [37.,  0.,  0., 13.]])
2024-12-01 21:21:36,731 INFO server.py 254:: [Server] Precision=[0.26737967        nan        nan 1.        ],
 Recall=[1.   0.   0.   0.26],
 F1-score=[0.42194092        nan        nan 0.4126984 ],
 my_accuracy=31.49999976158142[%]
2024-12-01 21:21:36,731 INFO _main.py 209:: ########EPOCH 5 ########
2024-12-01 21:21:36,732 INFO _main.py 210:: ###Model distribution###
2024-12-01 21:21:37,173 INFO server.py 1064:: clients' sizes=[1, 2, 1, 0, 0, 0, 2, 2, 0, 1, 0, 1, 2, 2, 2, 2, 1, 1, 2, 0, 1, 1, 1, 1, 1, 0, 1, 1, 1, 1, 2, 0, 2, 0, 1, 2, 1, 0, 2, 0], total=41
2024-12-01 21:21:37,183 INFO server.py 327:: [Server] The aggregation takes 0.011504 seconds.

2024-12-01 21:21:37,184 INFO server.py 211:: [Server] Start testing
2024-12-01 21:21:37,198 INFO server.py 235:: [Server] Test set: Average loss: 1.3521, Accuracy: 66/200 (33.0%)

2024-12-01 21:21:37,200 INFO server.py 238:: [Sever] Confusion matrix:
 tensor([[50.,  0.,  0.,  0.],
        [50.,  0.,  0.,  0.],
        [50.,  0.,  0.,  0.],
        [34.,  0.,  0., 16.]])
2024-12-01 21:21:37,201 INFO server.py 254:: [Server] Precision=[0.27173913        nan        nan 1.        ],
 Recall=[1.   0.   0.   0.32],
 F1-score=[0.42735043        nan        nan 0.4848485 ],
 my_accuracy=33.000001311302185[%]
2024-12-01 21:21:37,202 INFO _main.py 209:: ########EPOCH 6 ########
2024-12-01 21:21:37,203 INFO _main.py 210:: ###Model distribution###
2024-12-01 21:21:37,641 INFO server.py 1064:: clients' sizes=[1, 2, 1, 0, 0, 0, 2, 2, 0, 1, 0, 1, 2, 2, 2, 2, 1, 1, 2, 0, 1, 1, 1, 1, 1, 0, 1, 1, 1, 1, 2, 0, 2, 0, 1, 2, 1, 0, 2, 0], total=41
2024-12-01 21:21:37,650 INFO server.py 327:: [Server] The aggregation takes 0.010382 seconds.

2024-12-01 21:21:37,651 INFO server.py 211:: [Server] Start testing
2024-12-01 21:21:37,665 INFO server.py 235:: [Server] Test set: Average loss: 1.3427, Accuracy: 70/200 (35.0%)

2024-12-01 21:21:37,666 INFO server.py 238:: [Sever] Confusion matrix:
 tensor([[50.,  0.,  0.,  0.],
        [50.,  0.,  0.,  0.],
        [50.,  0.,  0.,  0.],
        [30.,  0.,  0., 20.]])
2024-12-01 21:21:37,667 INFO server.py 254:: [Server] Precision=[0.2777778       nan       nan 1.       ],
 Recall=[1.  0.  0.  0.4],
 F1-score=[0.43478262        nan        nan 0.5714286 ],
 my_accuracy=34.99999940395355[%]
2024-12-01 21:21:37,668 INFO _main.py 209:: ########EPOCH 7 ########
2024-12-01 21:21:37,668 INFO _main.py 210:: ###Model distribution###
2024-12-01 21:21:38,113 INFO server.py 1064:: clients' sizes=[1, 2, 1, 0, 0, 0, 2, 2, 0, 1, 0, 1, 2, 2, 2, 2, 1, 1, 2, 0, 1, 1, 1, 1, 1, 0, 1, 1, 1, 1, 2, 0, 2, 0, 1, 2, 1, 0, 2, 0], total=41
2024-12-01 21:21:38,123 INFO server.py 327:: [Server] The aggregation takes 0.010810 seconds.

2024-12-01 21:21:38,124 INFO server.py 211:: [Server] Start testing
2024-12-01 21:21:38,137 INFO server.py 235:: [Server] Test set: Average loss: 1.3320, Accuracy: 75/200 (37.5%)

2024-12-01 21:21:38,138 INFO server.py 238:: [Sever] Confusion matrix:
 tensor([[50.,  0.,  0.,  0.],
        [50.,  0.,  0.,  0.],
        [48.,  0.,  0.,  2.],
        [25.,  0.,  0., 25.]])
2024-12-01 21:21:38,140 INFO server.py 254:: [Server] Precision=[0.28901735        nan        nan 0.9259259 ],
 Recall=[1.  0.  0.  0.5],
 F1-score=[0.4484305         nan        nan 0.64935064],
 my_accuracy=37.5[%]
2024-12-01 21:21:38,140 INFO _main.py 209:: ########EPOCH 8 ########
2024-12-01 21:21:38,141 INFO _main.py 210:: ###Model distribution###
2024-12-01 21:21:38,624 INFO server.py 1064:: clients' sizes=[1, 2, 1, 0, 0, 0, 2, 2, 0, 1, 0, 1, 2, 2, 2, 2, 1, 1, 2, 0, 1, 1, 1, 1, 1, 0, 1, 1, 1, 1, 2, 0, 2, 0, 1, 2, 1, 0, 2, 0], total=41
2024-12-01 21:21:38,635 INFO server.py 327:: [Server] The aggregation takes 0.011622 seconds.

2024-12-01 21:21:38,636 INFO server.py 211:: [Server] Start testing
2024-12-01 21:21:38,650 INFO server.py 235:: [Server] Test set: Average loss: 1.3205, Accuracy: 80/200 (40.0%)

2024-12-01 21:21:38,651 INFO server.py 238:: [Sever] Confusion matrix:
 tensor([[50.,  0.,  0.,  0.],
        [50.,  0.,  0.,  0.],
        [48.,  0.,  0.,  2.],
        [20.,  0.,  0., 30.]])
2024-12-01 21:21:38,653 INFO server.py 254:: [Server] Precision=[0.29761904        nan        nan 0.9375    ],
 Recall=[1.  0.  0.  0.6],
 F1-score=[0.45871556        nan        nan 0.73170733],
 my_accuracy=40.00000059604645[%]
2024-12-01 21:21:38,654 INFO _main.py 209:: ########EPOCH 9 ########
2024-12-01 21:21:38,655 INFO _main.py 210:: ###Model distribution###
2024-12-01 21:21:39,086 INFO server.py 1064:: clients' sizes=[1, 2, 1, 0, 0, 0, 2, 2, 0, 1, 0, 1, 2, 2, 2, 2, 1, 1, 2, 0, 1, 1, 1, 1, 1, 0, 1, 1, 1, 1, 2, 0, 2, 0, 1, 2, 1, 0, 2, 0], total=41
2024-12-01 21:21:39,096 INFO server.py 327:: [Server] The aggregation takes 0.010913 seconds.

2024-12-01 21:21:39,097 INFO server.py 211:: [Server] Start testing
2024-12-01 21:21:39,111 INFO server.py 235:: [Server] Test set: Average loss: 1.3071, Accuracy: 80/200 (40.0%)

2024-12-01 21:21:39,112 INFO server.py 238:: [Sever] Confusion matrix:
 tensor([[50.,  0.,  0.,  0.],
        [47.,  0.,  0.,  3.],
        [45.,  0.,  0.,  5.],
        [20.,  0.,  0., 30.]])
2024-12-01 21:21:39,114 INFO server.py 254:: [Server] Precision=[0.30864197        nan        nan 0.7894737 ],
 Recall=[1.  0.  0.  0.6],
 F1-score=[0.47169814        nan        nan 0.68181825],
 my_accuracy=40.00000059604645[%]
