2024-12-01 23:13:26,084 INFO _main.py 39:: ################################################################
2024-12-01 23:13:26,105 INFO _main.py 41:: #                              batch_size: 64                  #
2024-12-01 23:13:26,109 INFO _main.py 41:: #                         test_batch_size: 32                  #
2024-12-01 23:13:26,111 INFO _main.py 41:: #                                  epochs: 5                   #
2024-12-01 23:13:26,112 INFO _main.py 41:: #                               optimizer: SGD                 #
2024-12-01 23:13:26,112 INFO _main.py 41:: #                                      lr: 0.01                #
2024-12-01 23:13:26,113 INFO _main.py 41:: #                                momentum: 0.9                 #
2024-12-01 23:13:26,113 INFO _main.py 41:: #                            weight_decay: 0.0001              #
2024-12-01 23:13:26,114 INFO _main.py 41:: #                                    seed: 1                   #
2024-12-01 23:13:26,114 INFO _main.py 41:: #                            log_interval: 11                  #
2024-12-01 23:13:26,114 INFO _main.py 41:: #                             num_clients: 40                  #
2024-12-01 23:13:26,114 INFO _main.py 41:: #                           output_folder: experiments         #
2024-12-01 23:13:26,114 INFO _main.py 41:: #                                 dataset: rockburst           #
2024-12-01 23:13:26,114 INFO _main.py 41:: #                             loader_type: dirichlet           #
2024-12-01 23:13:26,115 INFO _main.py 41:: #                             loader_path: ./data/loader.pk    #
2024-12-01 23:13:26,115 INFO _main.py 41:: #                                      AR: fedavg              #
2024-12-01 23:13:26,115 INFO _main.py 41:: #                     n_attacker_backdoor: 0                   #
2024-12-01 23:13:26,116 INFO _main.py 41:: #                        backdoor_trigger: [0, 0, 1, 1]        #
2024-12-01 23:13:26,116 INFO _main.py 41:: #                   n_attacker_omniscient: 0                   #
2024-12-01 23:13:26,116 INFO _main.py 41:: #                        omniscient_scale: 1                   #
2024-12-01 23:13:26,117 INFO _main.py 41:: #                                 attacks: None                #
2024-12-01 23:13:26,117 INFO _main.py 41:: #                      save_model_weights: False               #
2024-12-01 23:13:26,117 INFO _main.py 41:: #                         experiment_name: sExp4Ba_40ep_rockburst_fedavg_40C_5#
2024-12-01 23:13:26,117 INFO _main.py 41:: #                          path_to_aggNet: None                #
2024-12-01 23:13:26,118 INFO _main.py 41:: #                                  device: cpu                 #
2024-12-01 23:13:26,118 INFO _main.py 41:: #                            inner_epochs: 20                  #
2024-12-01 23:13:26,118 INFO _main.py 41:: #                                 verbose: True                #
2024-12-01 23:13:26,118 INFO _main.py 41:: #                         list_unreliable: [2, 18, 20]         #
2024-12-01 23:13:26,119 INFO _main.py 41:: #                     unreliable_fraction: 0.5                 #
2024-12-01 23:13:26,119 INFO _main.py 41:: #                    unreliable_fracTrain: 0.3                 #
2024-12-01 23:13:26,119 INFO _main.py 41:: #                         mean_unreliable: 0.0                 #
2024-12-01 23:13:26,119 INFO _main.py 41:: #                             blur_method: add_noise           #
2024-12-01 23:13:26,119 INFO _main.py 41:: #                      max_std_unreliable: 30.0                #
2024-12-01 23:13:26,119 INFO _main.py 41:: #                     list_uatk_add_noise: [24, 25, 26]        #
2024-12-01 23:13:26,120 INFO _main.py 41:: #                          mean_add_noise: 0.0                 #
2024-12-01 23:13:26,120 INFO _main.py 41:: #                           std_add_noise: 0.01                #
2024-12-01 23:13:26,120 INFO _main.py 41:: #                     list_uatk_flip_sign: [0, 10, 11]         #
2024-12-01 23:13:26,120 INFO _main.py 42:: ################################################################
2024-12-01 23:13:26,120 INFO _main.py 43:: Namespace(batch_size=64, test_batch_size=32, epochs=5, optimizer='SGD', lr=0.01, momentum=0.9, weight_decay=0.0001, seed=1, log_interval=11, num_clients=40, output_folder='experiments', dataset='rockburst', loader_type='dirichlet', loader_path='./data/loader.pk', AR='fedavg', n_attacker_backdoor=0, backdoor_trigger=[0, 0, 1, 1], n_attacker_omniscient=0, omniscient_scale=1, attacks=None, save_model_weights=False, experiment_name='sExp4Ba_40ep_rockburst_fedavg_40C_5', path_to_aggNet=None, device='cpu', inner_epochs=20, verbose=True, list_unreliable=[2, 18, 20], unreliable_fraction=0.5, unreliable_fracTrain=0.3, mean_unreliable=0.0, blur_method='add_noise', max_std_unreliable=30.0, list_uatk_add_noise=[24, 25, 26], mean_add_noise=0.0, std_add_noise=0.01, list_uatk_flip_sign=[0, 10, 11])
2024-12-01 23:13:26,121 INFO _main.py 44:: #####################
2024-12-01 23:13:26,121 INFO _main.py 45:: #####################
2024-12-01 23:13:26,121 INFO _main.py 46:: #####################
2024-12-01 23:13:26,121 INFO _main.py 47:: Aggregation Rule:	fedavg
2024-12-01 23:13:26,121 INFO _main.py 48:: Data distribution:	dirichlet
2024-12-01 23:13:26,122 INFO _main.py 49:: Attacks:	None 
2024-12-01 23:13:26,122 INFO _main.py 50:: #####################
2024-12-01 23:13:26,122 INFO _main.py 51:: #####################
2024-12-01 23:13:26,122 INFO _main.py 52:: #####################
2024-12-01 23:13:27,651 INFO server.py 366:: SET DBSCAN eps=1.3, min_samples=10
2024-12-01 23:13:27,654 INFO _main.py 135:: [1-normal, 0-malicious] label =tensor([0., 1., 1., 1., 1., 1., 1., 1., 1., 1., 0., 0., 1., 1., 1., 1., 1., 1.,
        1., 1., 1., 1., 1., 1., 0., 0., 0., 1., 1., 1., 1., 1., 1., 1., 1., 1.,
        1., 1., 1., 1.])
2024-12-01 23:13:27,660 INFO malicious_clients.py 123:: init ATTACK OMNISCIENT Client 0
2024-12-01 23:13:27,664 INFO malicious_clients.py 18:: init UNRELIABLE Client 2
2024-12-01 23:13:27,695 INFO malicious_clients.py 123:: init ATTACK OMNISCIENT Client 10
2024-12-01 23:13:27,699 INFO malicious_clients.py 123:: init ATTACK OMNISCIENT Client 11
2024-12-01 23:13:27,721 INFO malicious_clients.py 18:: init UNRELIABLE Client 18
2024-12-01 23:13:27,728 INFO malicious_clients.py 18:: init UNRELIABLE Client 20
2024-12-01 23:13:27,744 INFO malicious_clients.py 73:: init ATTACK ADD NOISE TO GRAD Client 24
2024-12-01 23:13:27,748 INFO malicious_clients.py 73:: init ATTACK ADD NOISE TO GRAD Client 25
2024-12-01 23:13:27,752 INFO malicious_clients.py 73:: init ATTACK ADD NOISE TO GRAD Client 26
2024-12-01 23:13:27,801 INFO server.py 211:: [Server] Start testing
2024-12-01 23:13:27,820 INFO server.py 235:: [Server] Test set: Average loss: 1.3864, Accuracy: 50/200 (25.0%)

2024-12-01 23:13:27,821 INFO server.py 238:: [Sever] Confusion matrix:
 tensor([[50.,  0.,  0.,  0.],
        [50.,  0.,  0.,  0.],
        [50.,  0.,  0.,  0.],
        [50.,  0.,  0.,  0.]])
2024-12-01 23:13:27,828 INFO server.py 254:: [Server] Precision=[0.25  nan  nan  nan],
 Recall=[1. 0. 0. 0.],
 F1-score=[0.4 nan nan nan],
 my_accuracy=25.0[%]
2024-12-01 23:13:27,829 INFO _main.py 209:: ########EPOCH 0 ########
2024-12-01 23:13:27,830 INFO _main.py 210:: ###Model distribution###
2024-12-01 23:13:29,558 INFO server.py 1064:: clients' sizes=[1, 2, 1, 0, 0, 0, 2, 2, 0, 1, 0, 1, 2, 2, 2, 2, 1, 1, 2, 0, 1, 1, 1, 1, 1, 0, 1, 1, 1, 1, 2, 0, 2, 0, 1, 2, 1, 0, 2, 0], total=41
2024-12-01 23:13:29,571 INFO server.py 327:: [Server] The aggregation takes 0.014334 seconds.

2024-12-01 23:13:29,572 INFO server.py 211:: [Server] Start testing
2024-12-01 23:13:29,585 INFO server.py 235:: [Server] Test set: Average loss: 1.3586, Accuracy: 63/200 (31.5%)

2024-12-01 23:13:29,587 INFO server.py 238:: [Sever] Confusion matrix:
 tensor([[50.,  0.,  0.,  0.],
        [50.,  0.,  0.,  0.],
        [50.,  0.,  0.,  0.],
        [37.,  0.,  0., 13.]])
2024-12-01 23:13:29,588 INFO server.py 254:: [Server] Precision=[0.26737967        nan        nan 1.        ],
 Recall=[1.   0.   0.   0.26],
 F1-score=[0.42194092        nan        nan 0.4126984 ],
 my_accuracy=31.49999976158142[%]
2024-12-01 23:13:29,589 INFO _main.py 209:: ########EPOCH 1 ########
2024-12-01 23:13:29,590 INFO _main.py 210:: ###Model distribution###
2024-12-01 23:13:31,935 INFO server.py 1064:: clients' sizes=[1, 2, 1, 0, 0, 0, 2, 2, 0, 1, 0, 1, 2, 2, 2, 2, 1, 1, 2, 0, 1, 1, 1, 1, 1, 0, 1, 1, 1, 1, 2, 0, 2, 0, 1, 2, 1, 0, 2, 0], total=41
2024-12-01 23:13:31,953 INFO server.py 327:: [Server] The aggregation takes 0.019768 seconds.

2024-12-01 23:13:31,954 INFO server.py 211:: [Server] Start testing
2024-12-01 23:13:31,973 INFO server.py 235:: [Server] Test set: Average loss: 1.2927, Accuracy: 80/200 (40.0%)

2024-12-01 23:13:31,975 INFO server.py 238:: [Sever] Confusion matrix:
 tensor([[50.,  0.,  0.,  0.],
        [48.,  0.,  0.,  2.],
        [47.,  0.,  0.,  3.],
        [20.,  0.,  0., 30.]])
2024-12-01 23:13:31,976 INFO server.py 254:: [Server] Precision=[0.3030303         nan        nan 0.85714287],
 Recall=[1.  0.  0.  0.6],
 F1-score=[0.46511632        nan        nan 0.70588243],
 my_accuracy=40.00000059604645[%]
2024-12-01 23:13:31,977 INFO _main.py 209:: ########EPOCH 2 ########
2024-12-01 23:13:31,978 INFO _main.py 210:: ###Model distribution###
2024-12-01 23:13:34,641 INFO server.py 1064:: clients' sizes=[1, 2, 1, 0, 0, 0, 2, 2, 0, 1, 0, 1, 2, 2, 2, 2, 1, 1, 2, 0, 1, 1, 1, 1, 1, 0, 1, 1, 1, 1, 2, 0, 2, 0, 1, 2, 1, 0, 2, 0], total=41
2024-12-01 23:13:34,660 INFO server.py 327:: [Server] The aggregation takes 0.019819 seconds.

2024-12-01 23:13:34,661 INFO server.py 211:: [Server] Start testing
2024-12-01 23:13:34,684 INFO server.py 235:: [Server] Test set: Average loss: 1.1963, Accuracy: 89/200 (44.5%)

2024-12-01 23:13:34,687 INFO server.py 238:: [Sever] Confusion matrix:
 tensor([[50.,  0.,  0.,  0.],
        [46.,  0.,  1.,  3.],
        [34.,  0.,  4., 12.],
        [ 9.,  0.,  6., 35.]])
2024-12-01 23:13:34,688 INFO server.py 254:: [Server] Precision=[0.35971224        nan 0.36363637 0.7       ],
 Recall=[1.   0.   0.08 0.7 ],
 F1-score=[0.52910054        nan 0.13114755 0.7       ],
 my_accuracy=44.49999928474426[%]
2024-12-01 23:13:34,689 INFO _main.py 209:: ########EPOCH 3 ########
2024-12-01 23:13:34,690 INFO _main.py 210:: ###Model distribution###
2024-12-01 23:13:36,950 INFO server.py 1064:: clients' sizes=[1, 2, 1, 0, 0, 0, 2, 2, 0, 1, 0, 1, 2, 2, 2, 2, 1, 1, 2, 0, 1, 1, 1, 1, 1, 0, 1, 1, 1, 1, 2, 0, 2, 0, 1, 2, 1, 0, 2, 0], total=41
2024-12-01 23:13:36,960 INFO server.py 327:: [Server] The aggregation takes 0.011359 seconds.

2024-12-01 23:13:36,961 INFO server.py 211:: [Server] Start testing
2024-12-01 23:13:36,976 INFO server.py 235:: [Server] Test set: Average loss: 1.1059, Accuracy: 100/200 (50.0%)

2024-12-01 23:13:36,977 INFO server.py 238:: [Sever] Confusion matrix:
 tensor([[47.,  1.,  2.,  0.],
        [37.,  7.,  3.,  3.],
        [24.,  5., 10., 11.],
        [ 8.,  0.,  6., 36.]])
2024-12-01 23:13:36,979 INFO server.py 254:: [Server] Precision=[0.4051724  0.53846157 0.47619048 0.72      ],
 Recall=[0.94 0.14 0.2  0.72],
 F1-score=[0.56626505 0.22222222 0.28169015 0.71999997],
 my_accuracy=50.0[%]
2024-12-01 23:13:36,979 INFO _main.py 209:: ########EPOCH 4 ########
2024-12-01 23:13:36,980 INFO _main.py 210:: ###Model distribution###
2024-12-01 23:13:38,717 INFO server.py 1064:: clients' sizes=[1, 2, 1, 0, 0, 0, 2, 2, 0, 1, 0, 1, 2, 2, 2, 2, 1, 1, 2, 0, 1, 1, 1, 1, 1, 0, 1, 1, 1, 1, 2, 0, 2, 0, 1, 2, 1, 0, 2, 0], total=41
2024-12-01 23:13:38,727 INFO server.py 327:: [Server] The aggregation takes 0.011214 seconds.

2024-12-01 23:13:38,728 INFO server.py 211:: [Server] Start testing
2024-12-01 23:13:38,742 INFO server.py 235:: [Server] Test set: Average loss: 1.0325, Accuracy: 113/200 (56.5%)

2024-12-01 23:13:38,743 INFO server.py 238:: [Sever] Confusion matrix:
 tensor([[47.,  1.,  2.,  0.],
        [27., 17.,  3.,  3.],
        [18.,  9., 13., 10.],
        [ 3.,  3.,  8., 36.]])
2024-12-01 23:13:38,744 INFO server.py 254:: [Server] Precision=[0.49473685 0.56666666 0.5        0.7346939 ],
 Recall=[0.94 0.34 0.26 0.72],
 F1-score=[0.64827585 0.425      0.34210527 0.72727275],
 my_accuracy=56.49999976158142[%]
